13414 1444991999.071825 -0.049439 0.010986 -10.008569
13415 1444991999.081924 -0.049439 0.010986 -10.008569
13416 1444991999.086440 0.038452 0.010986 -10.008569
13417 1444991999.103612 -0.049439 0.010986 -10.008569
13418 1444991999.112878 -0.049439 0.010986 -9.920679
13419 1444991999.117772 0.038452 0.010986 -10.008569
13420 1444991999.130354 -0.049439 0.010986 -10.008569
13421 1444991999.140138 -0.049439 0.010986 -10.008569
13422 1444991999.153393 -0.049439 0.010986 -9.920679
13423 1444991999.163415 -0.049439 0.010986 -10.008569
13424 1444991999.169990 0.038452 0.010986 -10.008569
13425 1444991999.180221 0.038452 0.010986 -10.008569
13426 1444991999.190441 0.038452 0.010986 -10.008569
13427 1444991999.200886 -0.049439 0.010986 -10.008569
13428 1444991999.210015 -0.049439 0.010986 -10.008569
13429 1444991999.220837 -0.049439 0.010986 -9.920679
13430 1444991999.230916 0.038452 0.010986 -10.008569
13431 1444991999.240838 0.038452 0.010986 -9.920679
13432 1444991999.252040 0.038452 0.010986 -10.008569
13433 1444991999.262304 0.038452 0.010986 -10.008569
13434 1444991999.272388 0.038452 0.010986 -10.008569
13435 1444991999.282682 -0.049439 0.010986 -10.008569
13436 1444991999.292792 -0.049439 0.010986 -10.008569
13437 1444991999.302855 -0.049439 0.010986 -10.008569
13438 1444991999.312935 -0.049439 0.010986 -10.008569
13439 1444991999.323163 -0.049439 0.010986 -10.008569
13440 1444991999.333156 -0.049439 0.010986 -10.008569
13441 1444991999.343311 -0.049439 0.010986 -10.008569
13442 1444991999.353318 -0.049439 0.010986 -10.008569
13443 1444991999.363419 -0.049439 0.010986 -10.008569
13444 1444991999.373543 -0.049439 0.010986 -10.008569
13445 1444991999.386061 -0.049439 0.010986 -10.008569
13446 1444991999.394805 -0.049439 0.010986 -10.008569
13447 1444991999.404877 -0.049439 0.010986 -10.008569
13448 1444991999.415069 -0.049439 0.010986 -10.008569
13449 1444991999.425198 -0.049439 0.010986 -10.008569
13450 1444991999.435707 0.038452 0.010986 -10.008569
13451 1444991999.445317 -0.049439 0.010986 -10.008569
13452 1444991999.455415 -0.049439 0.010986 -10.008569
13453 1444991999.465496 -0.049439 0.010986 -10.008569
13454 1444991999.475439 -0.049439 0.010986 -10.008569
13455 1444991999.485455 0.038452 0.010986 -10.008569
13456 1444991999.495641 -0.049439 0.010986 -10.008569
13457 1444991999.505767 -0.049439 0.010986 -9.920679
13458 1444991999.516136 -0.049439 0.010986 -10.008569
13459 1444991999.526174 -0.049439 0.010986 -10.008569
13460 1444991999.536311 0.038452 0.010986 -10.008569
13461 1444991999.546167 -0.049439 0.010986 -10.008569
13462 1444991999.556733 0.038452 0.010986 -10.008569
13463 1444991999.566665 -0.049439 0.010986 -10.008569
13464 1444991999.577491 -0.049439 0.010986 -10.008569
13465 1444991999.587689 -0.049439 0.010986 -10.008569
13466 1444991999.597945 0.038452 0.010986 -10.008569
13467 1444991999.607919 -0.049439 0.010986 -10.008569
13468 1444991999.618088 -0.049439 0.010986 -10.008569
13469 1444991999.628214 -0.049439 0.010986 -10.008569
13470 1444991999.638659 -0.049439 0.010986 -10.008569
13471 1444991999.648738 -0.049439 0.010986 -10.008569
13472 1444991999.658852 -0.049439 0.010986 -10.008569
13473 1444991999.660525 0.038452 0.010986 -10.008569
13474 1444991999.670594 -0.049439 0.010986 -10.008569
13475 1444991999.681559 -0.049439 0.010986 -10.008569
13476 1444991999.695332 -0.049439 0.010986 -10.008569
13477 1444991999.705533 -0.049439 0.010986 -10.008569
13478 1444991999.715644 -0.049439 0.010986 -10.008569
13479 1444991999.725607 0.038452 0.010986 -10.008569
13480 1444991999.735498 -0.049439 0.010986 -10.008569
13481 1444991999.744806 -0.049439 0.010986 -10.008569
13482 1444991999.756824 -0.049439 0.010986 -10.008569
13483 1444991999.767052 0.038452 0.010986 -10.008569
13484 1444991999.776674 0.038452 0.010986 -10.008569
13485 1444991999.785360 0.038452 0.010986 -10.008569
13486 1444991999.797097 -0.049439 0.010986 -10.008569
13487 1444991999.807597 0.038452 0.010986 -10.008569
13488 1444991999.817577 -0.049439 0.010986 -10.008569
13489 1444991999.827426 0.038452 0.010986 -10.008569
13490 1444991999.835466 -0.049439 0.010986 -10.008569
13491 1444991999.847653 0.038452 0.010986 -10.008569
13492 1444991999.854782 0.038452 0.010986 -9.920679
13493 1444991999.865402 -0.049439 0.010986 -10.008569
13494 1444991999.874910 0.038452 0.010986 -10.008569
13495 1444991999.885311 -0.049439 0.010986 -10.008569
13496 1444991999.895128 0.038452 0.010986 -10.008569
13497 1444991999.910242 0.038452 0.010986 -10.008569
13498 1444991999.920272 -0.049439 0.010986 -10.008569
13499 1444991999.930445 0.038452 0.010986 -10.008569
13500 1444991999.936235 0.038452 0.010986 -10.008569
13501 1444991999.945461 0.038452 0.010986 -10.008569
13502 1444991999.956057 0.038452 0.010986 -10.008569
13503 1444991999.966056 -0.049439 0.010986 -10.008569
13504 1444991999.976219 -0.049439 0.010986 -10.008569
13505 1444991999.986254 0.038452 0.010986 -10.008569
13506 1444991999.996054 0.038452 0.010986 -10.008569
13507 1444992000.006348 -0.049439 0.010986 -10.008569
13508 1444992000.016415 -0.049439 0.010986 -10.008569
13509 1444992000.026527 0.038452 0.010986 -10.008569
13510 1444992000.036959 -0.049439 0.010986 -10.008569
13511 1444992000.046879 -0.049439 0.010986 -10.008569
13512 1444992000.056887 0.038452 0.010986 -10.008569
13513 1444992000.066984 0.038452 -0.076904 -10.008569
13514 1444992000.076981 0.038452 0.010986 -10.008569
13515 1444992000.086039 0.038452 0.010986 -10.008569
13516 1444992000.097271 0.038452 -0.076904 -10.008569
13517 1444992000.107543 -0.049439 0.010986 -10.008569
13518 1444992000.117627 0.038452 0.010986 -10.008569
13519 1444992000.127899 -0.049439 0.010986 -10.008569
13520 1444992000.137842 -0.049439 0.010986 -10.008569
13521 1444992000.145119 -0.049439 0.010986 -10.008569
13522 1444992000.155037 -0.049439 0.010986 -10.008569
13523 1444992000.164955 0.038452 0.010986 -10.008569
13524 1444992000.178359 -0.049439 -0.076904 -10.008569
13525 1444992000.185053 -0.049439 0.010986 -10.008569
13526 1444992000.195361 0.038452 -0.076904 -10.008569
13527 1444992000.205092 -0.049439 -0.076904 -10.008569
13528 1444992000.214909 -0.049439 -0.076904 -10.008569
13529 1444992000.225057 -0.049439 -0.076904 -10.008569
13530 1444992000.236517 -0.049439 -0.076904 -10.008569
13531 1444992000.246494 -0.049439 0.010986 -10.008569
13532 1444992000.256398 -0.049439 -0.076904 -10.008569
13533 1444992000.269844 -0.049439 0.010986 -10.008569
13534 1444992000.279992 -0.049439 0.010986 -10.008569
13535 1444992000.289952 -0.049439 0.010986 -10.008569
13536 1444992000.300288 -0.049439 -0.076904 -10.008569
13537 1444992000.310535 -0.049439 0.010986 -10.008569
13538 1444992000.320964 -0.049439 0.010986 -10.008569
13539 1444992000.331368 -0.049439 0.010986 -10.008569
13540 1444992000.340942 0.038452 0.010986 -10.008569
13541 1444992000.351106 0.038452 0.010986 -10.008569
13542 1444992000.361344 -0.049439 0.010986 -10.008569
13543 1444992000.371148 -0.049439 0.010986 -10.008569
13544 1444992000.381502 -0.049439 -0.076904 -10.008569
13545 1444992000.391657 -0.049439 -0.076904 -10.008569
13546 1444992000.401852 -0.049439 0.010986 -10.008569
13547 1444992000.411966 -0.049439 0.010986 -10.008569
13548 1444992000.422885 -0.049439 0.010986 -10.008569
13549 1444992000.433228 -0.049439 0.010986 -10.008569
13550 1444992000.443327 -0.049439 0.010986 -10.008569
13551 1444992000.453387 -0.049439 -0.076904 -10.008569
13552 1444992000.463504 -0.049439 0.010986 -10.008569
13553 1444992000.473683 -0.049439 0.010986 -10.008569
13554 1444992000.480178 -0.049439 -0.076904 -10.008569
13555 1444992000.490489 -0.049439 -0.076904 -10.008569
13556 1444992000.500063 -0.049439 -0.076904 -10.008569
13557 1444992000.509904 -0.049439 -0.076904 -10.008569
13558 1444992000.520069 -0.049439 0.010986 -10.008569
13559 1444992000.530788 0.038452 -0.076904 -10.008569
13560 1444992000.540798 0.038452 -0.076904 -10.008569
13561 1444992000.550362 -0.049439 -0.076904 -10.008569
13562 1444992000.560271 -0.049439 -0.076904 -10.008569
13563 1444992000.570483 0.038452 -0.076904 -10.008569
13564 1444992000.580789 -0.049439 0.010986 -10.008569
13565 1444992000.590866 0.038452 0.010986 -10.008569
13566 1444992000.601070 -0.049439 0.010986 -10.008569
13567 1444992000.611196 -0.049439 0.010986 -10.008569
13568 1444992000.621261 -0.049439 0.010986 -10.008569
13569 1444992000.631364 -0.049439 -0.076904 -10.008569
13570 1444992000.641142 -0.049439 -0.076904 -10.008569
13571 1444992000.651492 -0.049439 0.010986 -10.008569
13572 1444992000.661605 -0.049439 0.010986 -10.008569
13573 1444992000.671834 -0.049439 0.010986 -10.008569
13574 1444992000.681906 -0.049439 -0.076904 -10.008569
13575 1444992000.690184 -0.049439 -0.076904 -10.008569
13576 1444992000.701930 -0.049439 -0.076904 -10.008569
13577 1444992000.710147 -0.049439 -0.076904 -10.008569
13578 1444992000.722408 -0.049439 -0.076904 -10.008569
13579 1444992000.730721 -0.049439 -0.076904 -10.008569
13580 1444992000.740980 -0.049439 0.010986 -10.008569
13581 1444992000.750150 -0.049439 0.010986 -10.008569
13582 1444992000.760481 0.038452 -0.076904 -10.008569
13583 1444992000.770682 -0.049439 -0.076904 -10.008569
13584 1444992000.785233 -0.049439 0.010986 -10.008569
13585 1444992000.795215 -0.049439 -0.076904 -10.008569
13586 1444992000.805082 -0.049439 0.010986 -10.008569
13587 1444992000.815005 -0.049439 0.010986 -10.008569
13588 1444992000.825111 -0.049439 -0.076904 -10.008569
13589 1444992000.835238 -0.049439 -0.076904 -10.008569
13590 1444992000.845797 -0.049439 0.010986 -10.008569
13591 1444992000.856052 -0.049439 -0.076904 -10.008569
13592 1444992000.866220 -0.049439 0.010986 -10.008569
13593 1444992000.876293 0.038452 -0.076904 -10.008569
13594 1444992000.886312 -0.049439 0.010986 -10.008569
13595 1444992000.896413 -0.049439 0.010986 -10.008569
13596 1444992000.906716 -0.049439 -0.076904 -10.008569
13597 1444992000.916648 -0.049439 0.010986 -10.008569
13598 1444992000.926825 -0.049439 -0.076904 -10.008569
13599 1444992000.937093 -0.049439 -0.076904 -10.008569
13600 1444992000.943069 -0.049439 0.010986 -10.008569
13601 1444992000.952950 -0.049439 0.010986 -10.008569
13602 1444992000.962978 -0.049439 0.010986 -10.008569
13603 1444992000.973100 -0.049439 -0.076904 -10.008569
13604 1444992000.983314 -0.049439 -0.076904 -10.008569
13605 1444992000.989829 -0.049439 0.010986 -10.008569
13606 1444992001.003416 -0.049439 -0.076904 -10.008569
13607 1444992001.009799 -0.049439 0.010986 -10.008569
13608 1444992001.019848 -0.049439 -0.076904 -10.008569
13609 1444992001.031382 -0.049439 0.010986 -10.008569
13610 1444992001.040522 0.038452 -0.076904 -10.008569
13611 1444992001.055311 -0.049439 -0.076904 -10.008569
13612 1444992001.065590 -0.049439 -0.076904 -10.008569
13613 1444992001.075251 -0.049439 -0.076904 -10.008569
13614 1444992001.085421 -0.049439 -0.076904 -10.008569
13615 1444992001.095053 -0.049439 -0.076904 -10.008569
13616 1444992001.105689 -0.049439 0.010986 -10.008569
13617 1444992001.115885 -0.049439 0.010986 -10.008569
13618 1444992001.125873 -0.049439 -0.076904 -10.008569
13619 1444992001.136710 -0.049439 -0.076904 -10.008569
13620 1444992001.146367 -0.049439 0.010986 -10.008569
13621 1444992001.156648 -0.049439 0.010986 -10.008569
13622 1444992001.166802 -0.049439 -0.076904 -10.008569
13623 1444992001.176592 -0.049439 0.010986 -10.008569
13624 1444992001.186440 -0.049439 0.010986 -10.008569
13625 1444992001.194858 -0.049439 0.010986 -10.008569
13626 1444992001.206711 -0.049439 -0.076904 -10.008569
13627 1444992001.217013 -0.049439 0.010986 -10.008569
13628 1444992001.227209 -0.049439 -0.076904 -10.008569
13629 1444992001.235137 -0.049439 -0.076904 -10.008569
13630 1444992001.245074 0.038452 0.010986 -10.008569
13631 1444992001.254881 -0.049439 -0.076904 -10.008569
13632 1444992001.265071 -0.049439 0.010986 -10.008569
13633 1444992001.275071 -0.049439 -0.076904 -10.008569
13634 1444992001.285889 -0.049439 -0.076904 -10.008569
13635 1444992001.295221 -0.049439 -0.076904 -10.008569
13636 1444992001.305387 -0.049439 0.010986 -10.008569
13637 1444992001.315609 0.038452 -0.076904 -10.008569
13638 1444992001.325826 -0.049439 0.010986 -10.008569
13639 1444992001.336023 -0.049439 -0.076904 -10.008569
13640 1444992001.345842 -0.049439 -0.076904 -10.008569
13641 1444992001.355973 0.038452 0.010986 -10.008569
13642 1444992001.366104 -0.049439 0.010986 -10.008569
13643 1444992001.376047 -0.049439 0.010986 -10.008569
13644 1444992001.386190 -0.049439 -0.076904 -10.008569
13645 1444992001.396132 -0.049439 0.010986 -10.008569
13646 1444992001.406520 -0.049439 0.010986 -10.008569
13647 1444992001.416624 -0.049439 -0.076904 -10.008569
13648 1444992001.426799 -0.049439 -0.076904 -10.008569
13649 1444992001.434828 0.038452 0.010986 -10.008569
13650 1444992001.446915 -0.049439 0.010986 -10.008569
13651 1444992001.457040 0.038452 0.010986 -10.008569
13652 1444992001.467367 -0.049439 -0.076904 -10.008569
13653 1444992001.477410 -0.049439 -0.076904 -10.008569
13654 1444992001.485118 -0.049439 -0.076904 -10.008569
13655 1444992001.495022 -0.049439 0.010986 -10.008569
13656 1444992001.504801 0.038452 0.010986 -10.008569
13657 1444992001.518031 0.038452 0.010986 -10.008569
13658 1444992001.530442 -0.049439 -0.076904 -10.008569
13659 1444992001.540324 -0.049439 0.010986 -10.008569
13660 1444992001.545045 -0.049439 -0.076904 -10.008569
13661 1444992001.555240 -0.049439 0.010986 -10.008569
13662 1444992001.564927 0.038452 0.010986 -10.008569
13663 1444992001.580254 -0.049439 -0.076904 -10.008569
13664 1444992001.590313 -0.049439 -0.076904 -10.008569
13665 1444992001.600378 -0.049439 0.010986 -10.008569
13666 1444992001.610122 -0.049439 -0.076904 -10.008569
13667 1444992001.620130 -0.049439 0.010986 -10.008569
13668 1444992001.630759 0.038452 0.010986 -10.008569
13669 1444992001.640900 0.038452 0.010986 -10.008569
13670 1444992001.651062 -0.049439 0.010986 -10.008569
13671 1444992001.661444 0.038452 0.010986 -10.008569
13672 1444992001.671582 -0.049439 -0.076904 -10.008569
13673 1444992001.681887 0.038452 0.010986 -10.008569
13674 1444992001.691681 -0.049439 0.010986 -10.008569
13675 1444992001.701913 0.038452 -0.076904 -10.008569
13676 1444992001.711846 -0.049439 0.010986 -10.008569
13677 1444992001.721892 -0.049439 -0.076904 -10.008569
13678 1444992001.731918 -0.049439 0.010986 -10.008569
13679 1444992001.741995 -0.049439 -0.076904 -10.008569
13680 1444992001.752262 -0.049439 0.010986 -10.008569
13681 1444992001.762383 0.038452 0.010986 -10.008569
13682 1444992001.772341 -0.049439 -0.076904 -10.008569
13683 1444992001.782671 -0.049439 -0.076904 -10.008569
13684 1444992001.792631 -0.049439 -0.076904 -10.008569
13685 1444992001.802726 -0.049439 -0.076904 -10.008569
13686 1444992001.812920 -0.049439 0.010986 -10.008569
13687 1444992001.823058 -0.049439 -0.076904 -10.008569
13688 1444992001.833223 -0.049439 -0.076904 -10.008569
13689 1444992001.843358 -0.049439 0.010986 -10.008569
13690 1444992001.853415 -0.049439 0.010986 -10.008569
13691 1444992001.859763 0.038452 0.010986 -10.008569
13692 1444992001.869790 -0.049439 -0.076904 -10.008569
13693 1444992001.880536 -0.049439 -0.076904 -10.008569
13694 1444992001.890226 -0.049439 0.010986 -10.008569
13695 1444992001.900039 -0.049439 0.010986 -10.008569
13696 1444992001.909971 -0.049439 -0.076904 -10.008569
13697 1444992001.920134 -0.049439 -0.076904 -10.008569
13698 1444992001.930257 0.038452 -0.076904 -10.008569
13699 1444992001.940224 0.038452 0.010986 -10.008569
13700 1444992001.950357 -0.049439 -0.076904 -10.008569
13701 1444992001.960552 -0.049439 -0.076904 -10.008569
13702 1444992001.970314 -0.049439 0.010986 -10.008569
13703 1444992001.981112 -0.049439 0.010986 -10.008569
13704 1444992001.990916 0.038452 0.010986 -10.008569
13705 1444992002.001073 -0.049439 0.010986 -10.008569
13706 1444992002.011363 -0.049439 -0.076904 -10.008569
13707 1444992002.021314 0.038452 -0.076904 -10.008569
13708 1444992002.031728 -0.049439 0.010986 -10.008569
13709 1444992002.041994 0.038452 0.010986 -10.008569
13710 1444992002.051988 -0.049439 -0.076904 -10.008569
13711 1444992002.062384 -0.049439 0.010986 -10.008569
13712 1444992002.072564 -0.049439 0.010986 -10.008569
13713 1444992002.084909 -0.049439 0.010986 -10.008569
13714 1444992002.089965 0.038452 0.010986 -10.008569
13715 1444992002.100067 -0.049439 -0.076904 -10.008569
13716 1444992002.114724 0.038452 0.010986 -10.008569
13717 1444992002.124995 -0.049439 0.010986 -9.920679
13718 1444992002.135090 0.038452 0.010986 -10.008569
13719 1444992002.144916 -0.049439 0.010986 -10.008569
13720 1444992002.155307 0.038452 0.010986 -9.920679
13721 1444992002.165138 0.038452 0.010986 -9.920679
13722 1444992002.175127 0.038452 0.010986 -9.920679
13723 1444992002.185533 0.038452 0.010986 -9.920679
13724 1444992002.195311 0.038452 0.010986 -9.920679
13725 1444992002.205757 0.038452 0.010986 -9.920679
13726 1444992002.215730 0.038452 0.010986 -9.920679
13727 1444992002.226084 0.038452 0.010986 -9.920679
13728 1444992002.236388 0.038452 0.010986 -9.920679
13729 1444992002.246419 0.038452 0.010986 -9.920679
13730 1444992002.256454 0.038452 0.010986 -9.920679
13731 1444992002.261941 0.038452 0.010986 -9.920679
13732 1444992002.272063 0.038452 0.010986 -9.920679
13733 1444992002.282326 0.038452 0.010986 -9.920679
13734 1444992002.290026 0.038452 0.098877 -9.920679
13735 1444992002.301989 0.038452 0.098877 -9.832788
13736 1444992002.312053 0.038452 0.098877 -9.832788
13737 1444992002.322107 0.038452 0.098877 -9.832788
13738 1444992002.329736 0.038452 0.098877 -9.744897
13739 1444992002.340664 0.038452 0.098877 -9.744897
13740 1444992002.352765 0.038452 0.010986 -9.657006
13741 1444992002.359748 0.038452 0.098877 -9.569115
13742 1444992002.372921 0.038452 0.098877 -9.569115
13743 1444992002.380475 0.038452 0.098877 -9.481224
13744 1444992002.391367 0.038452 0.098877 -9.393333
13745 1444992002.400510 0.038452 0.098877 -9.305443
13746 1444992002.410700 0.038452 0.098877 -9.305443
13747 1444992002.420853 0.038452 0.098877 -9.217552
13748 1444992002.432213 0.038452 0.098877 -9.129661
13749 1444992002.441408 0.038452 0.098877 -9.129661
13750 1444992002.455371 0.038452 0.098877 -8.953879
13751 1444992002.465721 0.038452 0.098877 -8.953879
13752 1444992002.476284 0.038452 0.098877 -8.865988
13753 1444992002.486421 0.038452 0.098877 -8.778098
13754 1444992002.496278 0.038452 0.098877 -8.778098
13755 1444992002.506685 0.038452 0.098877 -8.690207
13756 1444992002.516849 0.038452 0.010986 -8.690207
13757 1444992002.527511 0.038452 0.098877 -8.690207
13758 1444992002.537216 0.038452 0.010986 -8.602316
13759 1444992002.547206 0.038452 0.010986 -8.514425
13760 1444992002.557330 0.038452 0.010986 -8.514425
13761 1444992002.567403 0.038452 0.010986 -8.426534
13762 1444992002.577412 0.038452 0.010986 -8.426534
13763 1444992002.587503 0.038452 0.010986 -8.338643
13764 1444992002.597689 0.038452 0.010986 -8.250753
13765 1444992002.607717 0.038452 0.010986 -8.250753
13766 1444992002.617842 0.038452 0.010986 -8.162862
13767 1444992002.627953 0.038452 0.010986 -8.162862
13768 1444992002.635117 0.038452 0.010986 -8.162862
13769 1444992002.648273 0.038452 0.010986 -8.074971
13770 1444992002.658378 0.038452 0.010986 -8.074971
13771 1444992002.668634 0.038452 0.010986 -7.98708
13772 1444992002.678786 -0.049439 0.010986 -7.98708
13773 1444992002.685161 -0.049439 0.010986 -7.98708
13774 1444992002.695098 -0.049439 0.010986 -7.899189
13775 1444992002.704845 0.038452 0.010986 -7.811298
13776 1444992002.715682 -0.049439 0.010986 -7.811298
13777 1444992002.725148 0.038452 -0.076904 -7.723408
13778 1444992002.735610 -0.049439 0.010986 -7.723408
13779 1444992002.745259 -0.049439 0.010986 -7.723408
13780 1444992002.755854 -0.049439 -0.076904 -7.635517
13781 1444992002.765862 -0.049439 -0.076904 -7.547626
13782 1444992002.775896 -0.049439 0.010986 -7.459735
13783 1444992002.785237 -0.049439 0.010986 -7.459735
13784 1444992002.794853 -0.049439 0.010986 -7.371844
13785 1444992002.805898 -0.049439 0.010986 -7.371844
13786 1444992002.816282 -0.049439 0.010986 -7.283953
13787 1444992002.825965 -0.049439 -0.076904 -7.196062
13788 1444992002.836532 0.038452 -0.076904 -7.108172
13789 1444992002.846374 0.038452 0.010986 -7.108172
13790 1444992002.856597 0.038452 0.010986 -7.020281
13791 1444992002.866688 0.038452 0.010986 -6.93239
13792 1444992002.876954 -0.049439 0.010986 -6.93239
13793 1444992002.886916 0.038452 0.010986 -6.844499
13794 1444992002.897093 0.038452 0.010986 -6.844499
13795 1444992002.907615 0.038452 0.010986 -6.756608
13796 1444992002.917739 0.038452 0.010986 -6.668717
13797 1444992002.930245 0.038452 0.010986 -6.580827
13798 1444992002.940106 0.038452 0.010986 -6.405045
13799 1444992002.950256 0.038452 0.010986 -6.405045
13800 1444992002.960226 0.038452 0.010986 -6.317154
13801 1444992002.970268 0.038452 0.010986 -6.229263
13802 1444992002.980838 0.038452 0.010986 -6.229263
13803 1444992002.990898 0.038452 0.010986 -6.141372
13804 1444992003.001253 0.038452 0.010986 -6.053482
13805 1444992003.011312 0.038452 0.010986 -5.965591
13806 1444992003.021405 0.038452 0.010986 -5.965591
13807 1444992003.031557 0.038452 0.010986 -5.8777
13808 1444992003.041641 0.038452 0.010986 -5.789809
13809 1444992003.046555 0.038452 0.010986 -5.701918
13810 1444992003.056859 0.038452 0.010986 -5.614027
13811 1444992003.066780 0.038452 0.010986 -5.526137
13812 1444992003.076941 0.038452 0.010986 -5.438246
13813 1444992003.086298 0.038452 0.010986 -5.350355
13814 1444992003.094850 0.038452 0.010986 -5.262464
13815 1444992003.104904 0.038452 0.010986 -5.174573
13816 1444992003.117719 0.038452 0.010986 -5.086682
13817 1444992003.127796 0.038452 0.010986 -4.998792
13818 1444992003.136427 -0.049439 0.010986 -4.910901
13819 1444992003.145356 -0.049439 0.010986 -4.735119
13820 1444992003.155066 -0.049439 0.010986 -4.641735
13821 1444992003.165092 0.038452 0.010986 -4.553844
13822 1444992003.174912 0.038452 0.010986 -4.465953
13823 1444992003.185410 -0.049439 0.010986 -4.378062
13824 1444992003.195187 0.038452 0.010986 -4.290172
13825 1444992003.209983 -0.049439 0.010986 -4.11439
13826 1444992003.219934 -0.049439 0.010986 -4.026499
13827 1444992003.231149 -0.049439 0.010986 -3.850717
13828 1444992003.240928 -0.049439 0.010986 -3.762827
13829 1444992003.250722 0.038452 0.010986 -3.674936
13830 1444992003.260333 0.038452 0.010986 -3.587045
13831 1444992003.270278 -0.049439 -0.076904 -3.411263
13832 1444992003.280586 -0.049439 0.010986 -3.323372
13833 1444992003.290472 -0.049439 0.010986 -3.147591
13834 1444992003.301612 0.038452 0.010986 -3.0597
13835 1444992003.311590 0.038452 0.010986 -2.971809
13836 1444992003.321718 0.038452 0.010986 -2.883918
13837 1444992003.332009 0.038452 0.010986 -2.708136
13838 1444992003.342002 0.038452 0.010986 -2.620246
13839 1444992003.352044 0.038452 0.010986 -2.444464
13840 1444992003.362124 0.038452 0.010986 -2.444464
13841 1444992003.372359 0.038452 0.010986 -2.268682
13842 1444992003.382701 0.038452 0.010986 -2.180791
13843 1444992003.392727 0.038452 0.010986 -2.00501
13844 1444992003.402818 0.038452 0.010986 -1.917119
13845 1444992003.412941 0.038452 0.010986 -1.829228
13846 1444992003.423167 0.038452 0.010986 -1.741337
13847 1444992003.433486 0.038452 0.010986 -1.653446
13848 1444992003.440178 -0.049439 0.010986 -1.477665
13849 1444992003.449766 0.038452 0.010986 -1.389774
13850 1444992003.459843 0.038452 0.010986 -1.301883
13851 1444992003.469830 0.038452 0.010986 -1.213992
13852 1444992003.480656 0.038452 0.010986 -1.038211
13853 1444992003.490712 -0.049439 0.010986 -0.95032
13854 1444992003.500174 0.038452 -0.076904 -0.862429
13855 1444992003.510135 -0.049439 0.010986 -0.686647
13856 1444992003.520300 -0.049439 0.010986 -0.598756
13857 1444992003.531067 -0.049439 0.010986 -0.510866
13858 1444992003.539849 -0.049439 -0.076904 -0.422975
13859 1444992003.550524 0.038452 0.010986 -0.247193
13860 1444992003.560658 0.038452 0.010986 -0.159302
13861 1444992003.570998 -0.049439 0.010986 -0.071411
13862 1444992003.581254 -0.049439 0.010986 0.01648
13863 1444992003.591126 -0.049439 0.010986 0.192261
13864 1444992003.601453 0.038452 0.010986 0.280152
13865 1444992003.611546 0.038452 0.010986 0.368043
13866 1444992003.621867 0.038452 0.010986 0.543825
13867 1444992003.632025 0.038452 0.010986 0.631715
13868 1444992003.642065 0.038452 0.010986 0.719606
13869 1444992003.652241 0.038452 0.010986 0.895388
13870 1444992003.662338 0.038452 0.010986 1.07117
13871 1444992003.672397 0.038452 0.010986 1.15906
13872 1444992003.684983 -0.049439 0.010986 1.334842
13873 1444992003.694953 0.038452 0.010986 1.422733
13874 1444992003.705034 0.038452 0.010986 1.598515
13875 1444992003.714976 0.038452 0.010986 1.686405
13876 1444992003.724974 0.038452 0.010986 1.862187
13877 1444992003.735473 0.038452 0.010986 1.950078
13878 1444992003.745258 -0.049439 0.010986 2.12586
13879 1444992003.755307 0.038452 0.010986 2.301641
13880 1444992003.765100 0.038452 0.010986 2.389532
13881 1444992003.775474 0.038452 0.010986 2.565314
13882 1444992003.785541 0.038452 0.010986 2.741096
13883 1444992003.795462 -0.049439 0.010986 2.828986
13884 1444992003.805667 0.038452 0.010986 3.004768
13885 1444992003.815775 -0.049439 -0.076904 3.092659
13886 1444992003.825927 -0.049439 0.010986 3.268441
13887 1444992003.836243 -0.049439 0.010986 3.356331
13888 1444992003.845822 -0.049439 -0.076904 3.532113
13889 1444992003.856156 0.038452 -0.076904 3.707895
13890 1444992003.866256 0.038452 0.010986 3.883676
13891 1444992003.876308 -0.049439 0.010986 4.059458
13892 1444992003.886390 -0.049439 0.010986 4.147349
13893 1444992003.896418 -0.049439 0.010986 4.323131
13894 1444992003.906814 0.038452 0.010986 4.498912
13895 1444992003.916906 0.038452 0.010986 4.674694
13896 1444992003.926791 0.038452 0.010986 4.850476
13897 1444992003.937301 0.038452 0.010986 4.938367
13898 1444992003.947426 0.038452 0.010986 5.114148
13899 1444992003.957601 0.038452 0.010986 5.28993
13900 1444992003.967760 0.038452 0.010986 5.465712
13901 1444992003.977870 0.038452 0.010986 5.641493
13902 1444992003.988033 0.038452 0.010986 5.729384
13903 1444992003.993211 0.038452 0.010986 5.817275
13904 1444992004.003393 -0.049439 0.010986 5.993057
13905 1444992004.013401 -0.049439 0.010986 6.168838
13906 1444992004.019809 -0.049439 -0.076904 6.256729
13907 1444992004.031078 0.038452 0.010986 6.432511
13908 1444992004.041425 0.038452 0.010986 6.608293
13909 1444992004.054722 -0.049439 0.010986 6.871965
13910 1444992004.064754 -0.049439 -0.076904 6.959856
13911 1444992004.074904 0.038452 -0.076904 7.135638
13912 1444992004.084981 -0.049439 -0.076904 7.311419
13913 1444992004.094733 -0.049439 0.010986 7.487201
13914 1444992004.105223 -0.049439 0.010986 7.575092
13915 1444992004.116125 -0.049439 0.010986 7.750873
13916 1444992004.125876 -0.049439 0.010986 7.926655
13917 1444992004.136369 0.038452 0.010986 8.014546
13918 1444992004.147617 -0.049439 0.010986 8.190328
13919 1444992004.157316 0.038452 0.010986 8.366109
13920 1444992004.167467 0.038452 0.010986 8.541891
13921 1444992004.177812 -0.049439 0.010986 8.629782
13922 1444992004.185151 -0.049439 0.010986 8.805563
13923 1444992004.197637 0.038452 0.010986 8.893454
13924 1444992004.208046 0.038452 0.010986 9.069236
13925 1444992004.217915 -0.049439 0.010986 9.245018
13926 1444992004.228132 -0.049439 0.010986 9.332909
13927 1444992004.235117 -0.049439 0.010986 9.50869
13928 1444992004.244878 -0.049439 0.010986 9.684472
13929 1444992004.254980 -0.049439 0.010986 9.860254
13930 1444992004.265054 -0.049439 -0.076904 9.948144
13931 1444992004.279699 -0.049439 0.010986 10.211817
13932 1444992004.289868 -0.049439 0.010986 10.387599
13933 1444992004.299801 -0.049439 -0.076904 10.56338
13934 1444992004.305329 -0.049439 0.010986 10.56338
13935 1444992004.315349 -0.049439 0.010986 10.739162
13936 1444992004.325539 -0.049439 0.010986 10.914944
13937 1444992004.336404 0.038452 0.010986 11.090725
13938 1444992004.345746 -0.049439 0.010986 11.178616
13939 1444992004.355922 -0.049439 0.010986 11.354398
13940 1444992004.365986 -0.049439 0.010986 11.53018
13941 1444992004.376276 0.038452 0.010986 11.705961
13942 1444992004.385831 0.038452 0.010986 11.881743
13943 1444992004.395769 0.038452 0.010986 12.057525
13944 1444992004.406595 -0.049439 0.010986 12.233306
13945 1444992004.416601 -0.049439 0.010986 12.409088
13946 1444992004.426620 0.038452 0.010986 12.496979
13947 1444992004.436744 0.038452 0.010986 12.67276
13948 1444992004.446649 -0.049439 0.010986 12.848542
13949 1444992004.456907 0.038452 0.010986 13.024324
13950 1444992004.466923 -0.049439 0.010986 13.200105
13951 1444992004.477016 -0.049439 0.010986 13.375887
13952 1444992004.486321 -0.049439 0.010986 13.551669
13953 1444992004.495024 -0.049439 0.010986 13.727451
13954 1444992004.504800 -0.049439 -0.076904 13.815341
13955 1444992004.519704 -0.049439 -0.076904 14.166905
13956 1444992004.530522 -0.049439 0.010986 14.342686
13957 1444992004.540937 0.038452 0.010986 14.518468
13958 1444992004.550517 0.038452 0.010986 14.606359
13959 1444992004.560680 0.038452 0.010986 14.782141
13960 1444992004.570719 0.038452 0.010986 14.957922
13961 1444992004.580766 -0.049439 0.010986 15.133704
13962 1444992004.590598 -0.049439 0.010986 15.309486
13963 1444992004.600631 0.038452 0.010986 15.573158
13964 1444992004.611031 -0.049439 0.010986 15.661049
13965 1444992004.621078 -0.049439 0.010986 15.836831
13966 1444992004.631344 -0.049439 0.010986 16.012612
13967 1444992004.641126 -0.049439 0.010986 16.188394
13968 1444992004.651303 0.038452 0.010986 16.364176
13969 1444992004.661259 -0.049439 0.010986 16.539957
13970 1444992004.671590 0.038452 0.010986 16.715739
13971 1444992004.681802 -0.049439 0.010986 16.891521
13972 1444992004.691848 -0.049439 0.010986 17.067302
13973 1444992004.701935 -0.049439 0.010986 17.243084
13974 1444992004.712060 0.038452 0.010986 17.418866
13975 1444992004.722236 0.038452 -0.076904 17.506757
13976 1444992004.732517 -0.049439 -0.076904 17.682538
13977 1444992004.742505 -0.049439 0.010986 17.863813
13978 1444992004.752765 -0.049439 -0.076904 18.039595
13979 1444992004.762754 0.038452 0.010986 18.215377
13980 1444992004.772842 -0.049439 0.010986 18.391158
13981 1444992004.782993 0.038452 0.010986 18.479049
13982 1444992004.789849 -0.049439 0.010986 18.654831
13983 1444992004.794998 0.038452 0.010986 18.742722
13984 1444992004.804931 -0.049439 0.010986 18.918503
13985 1444992004.814807 -0.049439 0.010986 19.094285
13986 1444992004.829871 0.038452 0.010986 19.357957
13987 1444992004.836926 -0.049439 0.010986 19.357957
13988 1444992004.849912 0.038452 0.010986 19.62163
13989 1444992004.860076 -0.049439 0.010986 19.797412
13990 1444992004.870005 0.038452 0.010986 19.973193
13991 1444992004.880503 -0.049439 0.010986 20.061084
13992 1444992004.890282 0.038452 0.010986 20.236866
13993 1444992004.900468 0.038452 0.010986 20.500538
13994 1444992004.910667 0.038452 0.010986 20.588429
13995 1444992004.920791 -0.049439 0.010986 20.764211
13996 1444992004.931210 0.038452 0.010986 20.939993
13997 1444992004.941334 0.038452 -0.076904 21.115774
13998 1444992004.951154 0.038452 0.010986 21.203665
13999 1444992004.961422 0.038452 0.010986 21.379447
14000 1444992004.971989 0.038452 -0.076904 21.555228
14001 1444992004.982260 0.038452 -0.076904 21.73101
14002 1444992004.993221 0.038452 0.010986 21.818901
14003 1444992005.002698 -0.049439 0.010986 21.994683
14004 1444992005.012922 0.038452 0.010986 22.170464
14005 1444992005.023060 0.038452 0.010986 22.434137
14006 1444992005.033460 0.038452 0.010986 22.522028
14007 1444992005.043404 0.038452 0.010986 22.697809
14008 1444992005.053501 0.038452 0.010986 22.873591
14009 1444992005.059725 0.038452 0.010986 23.049373
14010 1444992005.073587 -0.049439 0.010986 23.137264
14011 1444992005.084818 0.038452 0.010986 23.400936
14012 1444992005.091259 0.038452 0.010986 23.488827
14013 1444992005.100850 0.038452 0.010986 23.664609
14014 1444992005.114837 0.038452 0.010986 23.84039
14015 1444992005.125132 0.038452 0.010986 24.104063
14016 1444992005.135184 0.038452 -0.076904 24.191954
14017 1444992005.145383 0.038452 0.010986 24.367735
14018 1444992005.150934 0.038452 -0.076904 24.455626
14019 1444992005.161474 0.038452 -0.076904 24.631408
14020 1444992005.170951 0.038452 0.010986 24.807189
14021 1444992005.180983 0.038452 -0.076904 24.89508
14022 1444992005.191037 0.038452 -0.076904 25.070862
14023 1444992005.201524 0.038452 0.010986 25.246644
14024 1444992005.211427 0.038452 0.010986 25.422425
14025 1444992005.221476 0.038452 0.010986 25.510316
14026 1444992005.231997 -0.049439 0.010986 25.686098
14027 1444992005.242053 0.038452 0.010986 25.86188
14028 1444992005.252094 0.038452 0.010986 26.037661
14029 1444992005.262232 0.038452 0.010986 26.125552
14030 1444992005.272370 0.038452 0.010986 26.301334
14031 1444992005.282532 0.038452 0.010986 26.477115
14032 1444992005.292123 0.038452 0.010986 26.652897
14033 1444992005.302806 0.038452 0.010986 26.740788
14034 1444992005.312753 -0.049439 0.010986 26.91657
14035 1444992005.322803 0.038452 0.010986 27.092351
14036 1444992005.330309 0.038452 0.010986 27.268133
14037 1444992005.339957 0.038452 0.010986 27.356024
14038 1444992005.349668 -0.049439 0.010986 27.531805
14039 1444992005.360225 -0.049439 0.010986 27.707587
14040 1444992005.369919 0.038452 0.010986 27.883369
14041 1444992005.380580 0.038452 0.010986 27.97126
14042 1444992005.390786 0.038452 0.010986 28.147041
14043 1444992005.404840 0.038452 0.010986 28.322823
14044 1444992005.415873 0.038452 0.010986 28.498605
14045 1444992005.425523 0.038452 -0.076904 28.674386
14046 1444992005.436440 0.038452 0.010986 28.762277
14047 1444992005.445876 -0.049439 0.010986 28.938059
14048 1444992005.456573 0.038452 0.010986 29.113841
14049 1444992005.466503 -0.049439 0.010986 29.201731
14050 1444992005.476267 0.038452 0.010986 29.377513
14051 1444992005.486979 -0.049439 0.010986 29.553295
14052 1444992005.496704 0.038452 -0.076904 29.641186
14053 1444992005.506736 -0.049439 0.010986 29.816967
14054 1444992005.516907 -0.049439 0.010986 29.904858
14055 1444992005.526876 0.038452 -0.076904 30.08064
14056 1444992005.537005 0.038452 0.010986 30.168531
14057 1444992005.547056 0.038452 0.010986 30.344312
14058 1444992005.557077 0.038452 0.010986 30.520094
14059 1444992005.567237 -0.049439 0.010986 30.607985
14060 1444992005.577264 -0.049439 0.010986 30.783767
14061 1444992005.587474 -0.049439 0.010986 30.871657
14062 1444992005.597437 -0.049439 0.010986 31.047439
14063 1444992005.607753 -0.049439 0.010986 31.13533
14064 1444992005.617761 0.038452 0.010986 31.223221
14065 1444992005.627834 -0.049439 0.010986 31.399002
14066 1444992005.635994 0.038452 -0.076904 31.574784
14067 1444992005.648284 0.038452 -0.076904 31.662675
14068 1444992005.658390 -0.049439 -0.076904 31.750566
14069 1444992005.668503 -0.049439 0.010986 31.926347
14070 1444992005.678617 -0.049439 -0.076904 32.014238
14071 1444992005.685934 -0.049439 0.010986 32.19002
14072 1444992005.695598 -0.049439 0.010986 32.277911
14073 1444992005.704991 -0.049439 0.010986 32.365802
14074 1444992005.714897 -0.049439 -0.076904 32.541583
14075 1444992005.724987 -0.049439 0.010986 32.717365
14076 1444992005.735049 0.038452 0.010986 32.805256
14077 1444992005.744877 0.038452 0.010986 32.893147
14078 1444992005.755423 0.038452 0.010986 33.068928
14079 1444992005.766103 0.038452 0.010986 33.156819
14080 1444992005.775705 0.038452 0.010986 33.332601
14081 1444992005.785470 0.038452 0.010986 33.420492
14082 1444992005.795438 -0.049439 0.010986 33.596273
14083 1444992005.806682 0.038452 0.010986 33.684164
14084 1444992005.816497 0.038452 0.010986 33.772055
14085 1444992005.826472 -0.049439 0.010986 33.947837
14086 1444992005.836931 0.038452 0.010986 34.035728
14087 1444992005.846864 -0.049439 0.010986 34.211509
14088 1444992005.856692 -0.049439 0.010986 34.2994
14089 1444992005.866925 -0.049439 0.010986 34.387291
14090 1444992005.876939 0.038452 0.010986 34.563073
14091 1444992005.887033 0.038452 0.010986 34.650964
14092 1444992005.897051 0.038452 0.010986 34.826745
14093 1444992005.907248 0.038452 0.010986 34.914636
14094 1444992005.917447 -0.049439 -0.076904 35.002527
14095 1444992005.930156 0.038452 0.010986 35.178309
14096 1444992005.940603 0.038452 0.010986 35.35409
14097 1444992005.950105 0.038452 0.010986 35.441981
14098 1444992005.960069 0.038452 -0.076904 35.529872
14099 1444992005.970108 0.038452 -0.076904 35.617763
14100 1444992005.980640 -0.049439 0.010986 35.705654
14101 1444992005.990829 -0.049439 0.010986 35.793544
14102 1444992006.000529 -0.049439 0.010986 35.969326
14103 1444992006.010587 -0.049439 0.010986 36.057217
14104 1444992006.020584 -0.049439 0.010986 36.057217
14105 1444992006.030959 -0.049439 0.010986 36.232999
14106 1444992006.041065 0.038452 0.010986 36.320889
14107 1444992006.050592 0.038452 0.010986 36.40878
14108 1444992006.060695 0.038452 0.010986 36.584562
14109 1444992006.070864 0.038452 0.010986 36.672453
14110 1444992006.081093 0.038452 0.010986 36.760344
14111 1444992006.091094 0.038452 0.010986 36.848234
14112 1444992006.101118 0.038452 0.010986 36.936125
14113 1444992006.111216 -0.049439 0.010986 37.024016
14114 1444992006.121324 0.038452 0.010986 37.111907
14115 1444992006.126825 0.038452 0.010986 37.199798
14116 1444992006.134714 -0.049439 0.010986 37.287689
14117 1444992006.147009 0.038452 0.010986 37.37558
14118 1444992006.156981 0.038452 0.010986 37.46347
14119 1444992006.172085 0.038452 0.010986 37.551361
14120 1444992006.182261 -0.049439 0.010986 37.727143
14121 1444992006.187410 -0.049439 0.010986 37.727143
14122 1444992006.195292 0.038452 0.010986 37.815034
14123 1444992006.207525 0.038452 0.010986 37.902925
14124 1444992006.217556 0.038452 0.010986 37.990815
14125 1444992006.227642 0.038452 -0.076904 38.078706
14126 1444992006.234764 0.038452 0.010986 38.166597
14127 1444992006.248357 0.038452 0.010986 38.254488
14128 1444992006.259814 0.038452 0.010986 38.43027
14129 1444992006.269831 -0.049439 0.010986 38.51816
14130 1444992006.280143 0.038452 -0.076904 38.51816
14131 1444992006.291447 0.038452 0.010986 38.606051
14132 1444992006.300110 0.038452 0.010986 38.693942
14133 1444992006.310255 -0.049439 0.010986 38.781833
14134 1444992006.320035 0.038452 -0.076904 38.869724
14135 1444992006.330640 -0.049439 -0.076904 38.957615
14136 1444992006.340698 0.038452 0.010986 39.045505
14137 1444992006.350758 -0.049439 0.010986 39.133396
14138 1444992006.361217 0.038452 0.010986 39.133396
14139 1444992006.371895 0.038452 0.010986 39.221287
14140 1444992006.382325 0.038452 0.010986 39.309178
14141 1444992006.392275 0.038452 0.010986 39.397069
14142 1444992006.402273 0.038452 0.010986 39.397069
14143 1444992006.411934 0.038452 0.010986 39.48496
14144 1444992006.422458 0.038452 0.010986 39.572851
14145 1444992006.433029 0.038452 0.010986 39.660741
14146 1444992006.443382 0.038452 0.010986 39.748632
14147 1444992006.453012 0.038452 0.010986 39.836523
14148 1444992006.463085 0.038452 0.010986 39.836523
14149 1444992006.473639 0.038452 0.010986 39.924414
14150 1444992006.479753 0.038452 0.010986 40.012305
14151 1444992006.490182 0.038452 0.010986 40.012305
14152 1444992006.499871 0.038452 0.010986 40.100196
14153 1444992006.509986 0.038452 0.010986 40.188086
14154 1444992006.520125 -0.049439 0.010986 40.275977
14155 1444992006.530769 0.038452 0.010986 40.369361
14156 1444992006.541211 0.038452 0.010986 40.369361
14157 1444992006.550947 0.038452 -0.076904 40.457252
14158 1444992006.560953 0.038452 0.010986 40.457252
14159 1444992006.570902 0.038452 0.010986 40.545143
14160 1444992006.581445 0.038452 0.010986 40.633034
14161 1444992006.592021 0.038452 0.010986 40.633034
14162 1444992006.601717 0.038452 0.010986 40.720925
14163 1444992006.611546 0.038452 0.010986 40.808815
14164 1444992006.622580 0.038452 0.010986 40.896706
14165 1444992006.634960 0.038452 0.010986 40.896706
14166 1444992006.644854 0.038452 0.010986 40.984597
14167 1444992006.653284 0.038452 0.010986 40.984597
14168 1444992006.663237 0.038452 0.010986 41.072488
14169 1444992006.673369 0.038452 0.010986 41.072488
14170 1444992006.684736 0.038452 0.010986 41.160379
14171 1444992006.695094 0.038452 0.010986 41.24827
14172 1444992006.704870 0.038452 0.010986 41.24827
14173 1444992006.714792 0.038452 0.010986 41.33616
14174 1444992006.725261 0.038452 0.010986 41.424051
14175 1444992006.730195 0.038452 0.010986 41.424051
14176 1444992006.745300 0.038452 -0.076904 41.511942
14177 1444992006.755501 0.038452 0.010986 41.511942
14178 1444992006.765645 0.038452 0.010986 41.599833
14179 1444992006.775798 0.038452 0.010986 41.599833
14180 1444992006.781031 0.038452 -0.076904 41.599833
14181 1444992006.795955 0.038452 -0.076904 41.687724
14182 1444992006.801043 0.038452 0.010986 41.687724
14183 1444992006.816059 0.038452 0.010986 41.775615
14184 1444992006.826166 0.038452 0.010986 41.775615
14185 1444992006.831740 0.038452 -0.076904 41.775615
14186 1444992006.844781 0.038452 -0.076904 41.863506
14187 1444992006.851637 0.038452 -0.076904 41.863506
14188 1444992006.861696 0.038452 -0.076904 41.951396
14189 1444992006.871877 0.038452 0.010986 41.951396
14190 1444992006.882056 0.038452 0.010986 42.039287
14191 1444992006.892018 0.038452 0.010986 42.039287
14192 1444992006.902080 0.038452 -0.076904 42.127178
14193 1444992006.912328 0.038452 0.010986 42.127178
14194 1444992006.922482 0.038452 0.010986 42.215069
14195 1444992006.932693 0.038452 -0.076904 42.215069
14196 1444992006.942836 0.038452 -0.076904 42.215069
14197 1444992006.952902 0.038452 -0.076904 42.30296
14198 1444992006.962924 0.038452 -0.076904 42.30296
14199 1444992006.973049 0.038452 0.010986 42.30296
14200 1444992006.985532 0.038452 -0.076904 42.30296
14201 1444992006.995058 0.038452 0.010986 42.30296
14202 1444992007.003417 0.038452 0.010986 42.390851
14203 1444992007.015256 0.038452 0.010986 42.390851
14204 1444992007.025492 0.038452 0.010986 42.390851
14205 1444992007.036029 0.038452 -0.076904 42.390851
14206 1444992007.045536 0.038452 -0.076904 42.478741
14207 1444992007.054841 0.038452 0.010986 42.478741
14208 1444992007.064794 0.038452 0.010986 42.478741
14209 1444992007.075073 0.038452 0.010986 42.478741
14210 1444992007.086002 0.038452 0.010986 42.478741
14211 1444992007.095980 0.038452 0.010986 42.566632
14212 1444992007.106202 0.038452 0.010986 42.566632
14213 1444992007.116228 0.038452 0.010986 42.566632
14214 1444992007.126379 0.038452 0.010986 42.566632
14215 1444992007.137563 0.038452 0.010986 42.654523
14216 1444992007.146850 0.038452 0.010986 42.654523
14217 1444992007.157574 0.038452 0.010986 42.654523
14218 1444992007.167512 0.038452 0.010986 42.654523
14219 1444992007.177430 0.038452 0.010986 42.654523
14220 1444992007.187696 0.038452 0.010986 42.654523
14221 1444992007.197892 0.038452 0.010986 42.654523
14222 1444992007.207939 0.038452 0.010986 42.654523
14223 1444992007.218075 0.038452 -0.076904 42.742414
14224 1444992007.228609 0.038452 0.010986 42.742414
14225 1444992007.234771 0.038452 0.010986 42.742414
14226 1444992007.244674 0.038452 0.010986 42.742414
14227 1444992007.254684 0.038452 0.010986 42.742414
14228 1444992007.264688 0.038452 -0.076904 42.742414
14229 1444992007.274823 0.038452 0.010986 42.742414
14230 1444992007.285188 0.038452 0.010986 42.830305
14231 1444992007.295048 0.038452 0.010986 42.830305
14232 1444992007.305209 0.038452 0.010986 42.830305
14233 1444992007.315444 0.038452 0.010986 42.830305
14234 1444992007.325486 0.038452 0.010986 42.830305
14235 1444992007.336445 0.038452 0.010986 42.830305
14236 1444992007.346073 0.038452 0.010986 42.830305
14237 1444992007.355932 0.038452 0.010986 42.830305
14238 1444992007.366001 0.038452 0.010986 42.918196
14239 1444992007.376340 0.038452 0.010986 42.918196
14240 1444992007.386333 0.038452 0.010986 42.918196
14241 1444992007.396105 0.038452 0.010986 42.918196
14242 1444992007.406378 0.038452 0.010986 42.918196
14243 1444992007.416465 0.038452 0.010986 42.918196
14244 1444992007.426508 0.038452 0.010986 42.918196
14245 1444992007.436615 0.038452 0.010986 42.918196
14246 1444992007.446727 0.038452 0.010986 42.918196
14247 1444992007.456902 0.038452 0.010986 42.918196
14248 1444992007.466916 0.038452 0.010986 42.918196
14249 1444992007.477029 0.038452 0.010986 42.918196
14250 1444992007.487230 0.038452 0.010986 42.918196
14251 1444992007.498248 0.038452 0.010986 42.918196
14252 1444992007.508463 0.038452 0.010986 42.918196
14253 1444992007.518540 0.038452 0.010986 42.918196
14254 1444992007.530903 0.038452 0.010986 42.918196
14255 1444992007.539239 0.038452 0.010986 42.918196
14256 1444992007.550786 0.038452 0.010986 42.918196
14257 1444992007.560058 0.038452 0.010986 42.918196
14258 1444992007.570944 0.038452 0.010986 42.918196
14259 1444992007.581191 0.038452 0.010986 42.918196
14260 1444992007.591480 0.038452 0.010986 42.918196
14261 1444992007.601255 0.038452 0.010986 42.918196
14262 1444992007.611665 0.038452 0.010986 42.918196
14263 1444992007.621595 0.038452 0.010986 42.918196
14264 1444992007.631900 0.038452 0.010986 42.918196
14265 1444992007.642020 0.038452 0.010986 42.918196
14266 1444992007.652053 0.038452 0.010986 42.918196
14267 1444992007.662117 0.038452 0.010986 42.918196
14268 1444992007.672228 0.038452 0.010986 42.918196
14269 1444992007.682513 0.038452 0.010986 42.918196
14270 1444992007.692680 0.038452 0.010986 42.918196
14271 1444992007.702623 0.038452 0.010986 42.918196
14272 1444992007.712698 0.038452 0.010986 42.918196
14273 1444992007.722856 0.038452 0.010986 42.918196
14274 1444992007.732897 0.038452 0.010986 42.918196
14275 1444992007.734943 0.038452 0.010986 42.918196
14276 1444992007.750357 0.038452 0.010986 42.918196
14277 1444992007.758049 0.038452 0.010986 42.918196
14278 1444992007.768357 0.038452 0.010986 42.918196
14279 1444992007.775309 0.038452 0.010986 42.918196
14280 1444992007.786077 0.038452 0.010986 42.918196
14281 1444992007.795786 0.038452 0.010986 42.918196
14282 1444992007.805496 0.038452 0.010986 42.918196
14283 1444992007.820020 0.038452 0.010986 42.918196
14284 1444992007.830644 0.038452 0.010986 42.918196
14285 1444992007.840576 0.038452 0.010986 42.918196
14286 1444992007.850391 0.038452 0.010986 42.830305
14287 1444992007.860761 0.038452 0.010986 42.830305
14288 1444992007.870851 0.038452 0.010986 42.742414
14289 1444992007.881089 0.038452 0.010986 42.742414
14290 1444992007.891442 0.038452 0.010986 42.566632
14291 1444992007.901278 0.038452 0.010986 42.478741
14292 1444992007.911836 0.038452 0.010986 42.30296
14293 1444992007.921514 0.038452 0.010986 42.127178
14294 1444992007.932233 0.038452 0.010986 42.039287
14295 1444992007.942415 0.038452 0.010986 41.775615
14296 1444992007.952249 0.038452 0.010986 41.599833
14297 1444992007.962240 0.038452 0.010986 41.33616
14298 1444992007.972523 -0.049439 0.010986 41.072488
14299 1444992007.982687 0.038452 0.010986 40.720925
14300 1444992007.992423 0.038452 0.010986 40.457252
14301 1444992008.002478 0.038452 0.010986 40.100196
14302 1444992008.012497 0.038452 0.010986 39.748632
14303 1444992008.022687 0.038452 0.010986 39.309178
14304 1444992008.034793 -0.049439 0.010986 38.606051
14305 1444992008.043033 0.038452 0.010986 38.43027
14306 1444992008.053111 -0.049439 0.010986 37.902925
14307 1444992008.063128 -0.049439 0.010986 37.37558
14308 1444992008.069722 -0.049439 0.010986 36.760344
14309 1444992008.085076 -0.049439 0.010986 35.969326
14310 1444992008.094911 0.038452 0.010986 35.266199
14311 1444992008.104824 -0.049439 0.010986 34.650964
14312 1444992008.114992 0.038452 0.010986 33.947837
14313 1444992008.124959 -0.049439 0.010986 33.24471
14314 1444992008.130397 0.038452 0.010986 32.893147
14315 1444992008.140195 0.038452 0.010986 32.19002
14316 1444992008.155514 -0.049439 0.010986 31.047439
14317 1444992008.165848 0.038452 0.010986 30.168531
14318 1444992008.175862 0.038452 -0.076904 29.377513
14319 1444992008.180771 -0.049439 0.010986 29.02595
14320 1444992008.195981 0.038452 0.010986 27.707587
14321 1444992008.206057 0.038452 -0.076904 26.828679
14322 1444992008.216170 -0.049439 0.010986 25.94977
14323 1444992008.226216 -0.049439 0.010986 25.070862
14324 1444992008.236376 -0.049439 0.010986 24.191954
14325 1444992008.246454 -0.049439 0.010986 23.313045
14326 1444992008.256709 -0.049439 0.010986 22.434137
14327 1444992008.266692 -0.049439 0.010986 21.467338
14328 1444992008.276858 -0.049439 -0.076904 20.588429
14329 1444992008.281702 -0.049439 -0.076904 20.148975
14330 1444992008.297057 -0.049439 -0.076904 18.742722
14331 1444992008.301854 -0.049439 -0.076904 18.303267
14332 1444992008.317950 -0.049439 0.010986 16.891521
14333 1444992008.322910 -0.049439 -0.076904 16.452067
14334 1444992008.335002 -0.049439 0.010986 15.133704
14335 1444992008.344948 -0.049439 0.010986 14.254796
14336 1444992008.354729 -0.049439 -0.076904 13.287996
14337 1444992008.363660 -0.049439 0.010986 12.760651
14338 1444992008.374951 -0.049439 -0.076904 11.442289
14339 1444992008.385656 -0.049439 -0.076904 10.475489
14340 1444992008.395578 -0.049439 -0.076904 9.596581
14341 1444992008.405540 -0.049439 0.010986 8.629782
14342 1444992008.415663 0.038452 -0.076904 7.750873
14343 1444992008.425738 0.038452 -0.076904 6.871965
14344 1444992008.435897 0.038452 0.010986 5.993057
14345 1444992008.445860 0.038452 0.010986 5.114148
14346 1444992008.455965 -0.049439 -0.076904 4.323131
14347 1444992008.466034 0.038452 -0.076904 3.532113
14348 1444992008.476162 0.038452 -0.076904 2.741096
14349 1444992008.486416 -0.049439 0.010986 1.950078
14350 1444992008.496861 0.038452 0.010986 1.246951
14351 1444992008.507051 -0.049439 -0.076904 0.543825
14352 1444992008.517099 -0.049439 -0.076904 -0.071411
14353 1444992008.527161 -0.049439 0.010986 -0.686647
14354 1444992008.537483 0.038452 0.010986 -1.301883
14355 1444992008.547492 -0.049439 0.010986 -1.917119
14356 1444992008.557754 -0.049439 -0.076904 -2.444464
14357 1444992008.568079 -0.049439 -0.076904 -3.0597
14358 1444992008.578204 -0.049439 -0.076904 -3.587045
14359 1444992008.588381 -0.049439 -0.076904 -4.11439
14360 1444992008.599947 0.038452 0.010986 -4.910901
14361 1444992008.608442 0.038452 -0.076904 -5.174573
14362 1444992008.619854 0.038452 0.010986 -5.789809
14363 1444992008.629851 0.038452 0.010986 -6.229263
14364 1444992008.640331 0.038452 0.010986 -6.668717
14365 1444992008.650302 0.038452 0.010986 -7.020281
14366 1444992008.654728 0.038452 0.010986 -7.196062
14367 1444992008.664679 0.038452 0.010986 -7.547626
14368 1444992008.674826 0.038452 0.010986 -7.899189
14369 1444992008.684991 0.038452 0.098877 -8.074971
14370 1444992008.700778 0.038452 0.098877 -8.514425
14371 1444992008.710797 0.038452 0.098877 -8.690207
14372 1444992008.720903 0.038452 0.098877 -8.953879
14373 1444992008.726845 0.038452 0.098877 -9.04177
14374 1444992008.736863 0.038452 0.098877 -9.217552
14375 1444992008.746817 0.038452 0.098877 -9.393333
14376 1444992008.756793 0.038452 0.098877 -9.569115
14377 1444992008.766756 0.038452 0.010986 -9.744897
14378 1444992008.777272 0.038452 0.098877 -9.920679
14379 1444992008.787215 0.038452 0.010986 -10.008569
14380 1444992008.797503 0.038452 0.010986 -10.184351
14381 1444992008.807553 0.038452 0.010986 -10.272242
14382 1444992008.817581 0.038452 0.010986 -10.448024
14383 1444992008.827740 0.038452 0.010986 -10.535914
14384 1444992008.834770 0.038452 0.010986 -10.711696
14385 1444992008.848012 0.038452 0.010986 -10.799587
14386 1444992008.858162 0.038452 0.010986 -10.887478
14387 1444992008.868277 0.038452 0.010986 -10.975369
14388 1444992008.878312 0.038452 0.010986 -11.063259
14389 1444992008.889917 0.038452 0.010986 -11.15115
14390 1444992008.894780 0.038452 0.010986 -11.15115
14391 1444992008.909686 0.038452 0.010986 -11.15115
14392 1444992008.920280 0.038452 0.010986 -11.15115
14393 1444992008.930459 0.038452 0.010986 -11.15115
14394 1444992008.940556 0.038452 0.010986 -11.15115
14395 1444992008.950133 0.038452 0.010986 -11.15115
14396 1444992008.960378 0.038452 0.010986 -11.15115
14397 1444992008.970506 0.038452 0.010986 -11.15115
14398 1444992008.981152 0.038452 0.010986 -11.15115
14399 1444992008.991047 0.038452 0.010986 -11.15115
14400 1444992009.001029 0.038452 0.010986 -11.15115
14401 1444992009.011245 0.038452 0.010986 -11.15115
14402 1444992009.021220 0.038452 0.010986 -11.15115
14403 1444992009.032698 0.038452 0.010986 -11.15115
14404 1444992009.042663 0.038452 0.010986 -11.063259
14405 1444992009.051825 0.038452 0.010986 -11.063259
14406 1444992009.061799 0.038452 0.010986 -11.063259
14407 1444992009.071969 0.038452 0.010986 -11.063259
14408 1444992009.082660 0.038452 0.010986 -10.975369
14409 1444992009.092714 0.038452 0.010986 -10.975369
14410 1444992009.103025 0.038452 0.010986 -10.887478
14411 1444992009.112755 0.038452 0.010986 -10.887478
14412 1444992009.122653 0.038452 0.010986 -10.799587
14413 1444992009.133198 0.038452 -0.076904 -10.799587
14414 1444992009.143938 0.038452 0.010986 -10.711696
14415 1444992009.149680 0.038452 0.010986 -10.623805
14416 1444992009.163877 0.038452 0.010986 -10.623805
14417 1444992009.174007 0.038452 0.010986 -10.535914
14418 1444992009.180338 0.038452 0.010986 -10.535914
14419 1444992009.190314 0.038452 0.010986 -10.448024
14420 1444992009.200354 0.038452 0.010986 -10.360133
14421 1444992009.210339 0.038452 0.010986 -10.360133
14422 1444992009.220483 -0.049439 0.010986 -10.272242
14423 1444992009.230713 0.038452 0.010986 -10.184351
14424 1444992009.240118 0.038452 0.010986 -10.184351
14425 1444992009.250526 0.038452 -0.076904 -10.09646
14426 1444992009.261113 -0.049439 -0.076904 -10.09646
14427 1444992009.271127 0.038452 -0.076904 -10.09646
14428 1444992009.281739 -0.049439 -0.076904 -10.008569
14429 1444992009.291551 -0.049439 -0.076904 -10.008569
14430 1444992009.301405 -0.049439 -0.076904 -10.008569
14431 1444992009.311509 -0.049439 -0.076904 -10.008569
14432 1444992009.321564 -0.049439 -0.076904 -10.008569
14433 1444992009.331912 -0.049439 -0.076904 -10.008569
14434 1444992009.342729 -0.049439 -0.076904 -10.008569
14435 1444992009.352491 -0.049439 -0.076904 -10.008569
14436 1444992009.362635 -0.049439 -0.076904 -9.920679
14437 1444992009.372860 -0.049439 -0.076904 -10.008569
14438 1444992009.383159 -0.049439 -0.076904 -10.008569
14439 1444992009.394747 -0.049439 -0.076904 -10.008569
14440 1444992009.404774 -0.049439 -0.076904 -10.008569
14441 1444992009.413310 0.038452 -0.076904 -10.008569
14442 1444992009.424964 -0.049439 -0.076904 -10.008569
14443 1444992009.433871 -0.049439 -0.076904 -10.008569
14444 1444992009.445776 -0.049439 -0.076904 -10.008569
14445 1444992009.455030 -0.049439 -0.076904 -10.008569
14446 1444992009.465398 -0.049439 -0.076904 -10.008569
14447 1444992009.475969 -0.049439 -0.076904 -9.920679
14448 1444992009.479915 -0.049439 -0.076904 -9.920679
14449 1444992009.495908 -0.049439 -0.076904 -9.920679
14450 1444992009.506187 -0.049439 0.010986 -9.744897
14451 1444992009.510146 -0.049439 -0.076904 -9.744897
14452 1444992009.525842 -0.049439 -0.076904 -9.569115
14453 1444992009.530642 -0.049439 -0.076904 -9.481224
14454 1444992009.546251 -0.049439 -0.076904 -9.217552
14455 1444992009.556387 -0.049439 0.010986 -9.129661
14456 1444992009.566498 -0.049439 -0.076904 -8.953879
14457 1444992009.576701 -0.049439 0.010986 -8.865988
14458 1444992009.584767 -0.049439 0.010986 -8.865988
14459 1444992009.592145 -0.049439 0.010986 -8.865988
14460 1444992009.602137 -0.049439 0.010986 -8.865988
14461 1444992009.612354 -0.049439 0.010986 -8.865988
14462 1444992009.622453 -0.049439 0.010986 -8.953879
14463 1444992009.632733 -0.049439 0.010986 -9.04177
14464 1444992009.644822 -0.049439 0.010986 -9.129661
14465 1444992009.652749 -0.049439 0.098877 -9.217552
14466 1444992009.662827 0.038452 0.098877 -9.305443
14467 1444992009.672884 0.038452 0.098877 -9.393333
14468 1444992009.686319 -0.049439 0.098877 -9.569115
14469 1444992009.695490 0.038452 0.098877 -9.657006
14470 1444992009.704736 -0.049439 0.098877 -9.744897
14471 1444992009.714697 0.038452 0.010986 -9.832788
14472 1444992009.725070 0.038452 0.098877 -10.008569
14473 1444992009.735815 0.038452 0.098877 -10.09646
14474 1444992009.745378 0.038452 0.098877 -10.184351
14475 1444992009.755381 0.038452 0.098877 -10.360133
14476 1444992009.765401 0.038452 0.098877 -10.448024
14477 1444992009.775497 -0.049439 0.098877 -10.535914
14478 1444992009.785990 0.038452 0.010986 -10.535914
14479 1444992009.795957 -0.049439 0.010986 -10.623805
14480 1444992009.805995 0.038452 0.010986 -10.711696
14481 1444992009.816239 0.038452 0.010986 -10.799587
14482 1444992009.826013 -0.049439 0.098877 -10.799587
14483 1444992009.836311 0.038452 0.098877 -10.887478
14484 1444992009.846235 0.038452 0.010986 -10.887478
14485 1444992009.856398 0.038452 0.098877 -10.887478
14486 1444992009.866837 0.038452 0.098877 -10.975369
14487 1444992009.876915 0.038452 0.010986 -10.975369
14488 1444992009.886973 0.038452 0.010986 -10.975369
14489 1444992009.898351 0.038452 0.098877 -10.975369
14490 1444992009.907919 0.038452 0.010986 -10.975369
14491 1444992009.917976 0.038452 0.010986 -10.975369
14492 1444992009.927864 0.038452 0.010986 -10.975369
14493 1444992009.938914 0.038452 0.010986 -10.887478
14494 1444992009.945227 0.038452 0.010986 -10.975369
14495 1444992009.955505 0.038452 0.098877 -10.887478
14496 1444992009.965357 0.038452 0.010986 -10.887478
14497 1444992009.975385 0.038452 0.098877 -10.799587
14498 1444992009.985802 0.038452 0.098877 -10.799587
14499 1444992009.994896 0.038452 0.098877 -10.799587
14500 1444992010.005404 0.038452 0.010986 -10.711696
14501 1444992010.015641 0.038452 0.010986 -10.623805
14502 1444992010.025742 -0.049439 0.010986 -10.623805
14503 1444992010.036222 -0.049439 0.010986 -10.535914
14504 1444992010.045888 -0.049439 0.010986 -10.535914
14505 1444992010.055811 -0.049439 0.010986 -10.448024
14506 1444992010.066300 -0.049439 0.010986 -10.360133
14507 1444992010.076125 -0.049439 0.010986 -10.272242
14508 1444992010.086443 -0.049439 0.010986 -10.184351
14509 1444992010.096458 -0.049439 0.010986 -10.184351
14510 1444992010.106734 -0.049439 0.010986 -10.09646
14511 1444992010.116689 -0.049439 0.010986 -10.09646
14512 1444992010.126990 -0.049439 0.010986 -10.008569
14513 1444992010.137154 -0.049439 0.010986 -10.008569
14514 1444992010.147057 -0.049439 0.010986 -10.008569
14515 1444992010.157622 -0.049439 0.010986 -10.008569
14516 1444992010.167930 -0.049439 0.010986 -10.008569
14517 1444992010.177753 -0.049439 0.010986 -10.008569
14518 1444992010.184772 -0.049439 0.010986 -10.008569
14519 1444992010.194721 -0.049439 0.010986 -10.008569
14520 1444992010.208247 -0.049439 0.010986 -10.008569
14521 1444992010.219967 -0.049439 0.010986 -10.008569
14522 1444992010.230547 -0.049439 0.010986 -10.008569
14523 1444992010.240831 -0.049439 0.010986 -10.008569
14524 1444992010.250722 -0.049439 0.010986 -10.008569
14525 1444992010.260777 -0.049439 0.010986 -10.008569
14526 1444992010.271073 -0.049439 0.010986 -10.008569
14527 1444992010.275114 -0.049439 0.010986 -10.008569
14528 1444992010.285074 -0.049439 0.010986 -10.008569
14529 1444992010.301379 -0.049439 0.010986 -10.008569
14530 1444992010.311494 -0.049439 0.010986 -10.008569
14531 1444992010.321624 -0.049439 0.010986 -10.008569
14532 1444992010.331857 -0.049439 0.010986 -10.008569
14533 1444992010.341839 -0.049439 0.010986 -10.008569
14534 1444992010.351905 -0.049439 0.010986 -10.008569
14535 1444992010.362003 -0.049439 0.010986 -10.008569
14536 1444992010.372270 -0.049439 0.010986 -10.008569
14537 1444992010.382428 -0.049439 0.010986 -10.008569
14538 1444992010.392418 -0.049439 0.010986 -10.008569
14539 1444992010.397481 -0.049439 0.010986 -10.008569
14540 1444992010.412643 -0.049439 0.010986 -10.008569
14541 1444992010.419722 -0.049439 0.010986 -10.008569
14542 1444992010.427865 -0.049439 0.010986 -10.008569
14543 1444992010.435437 -0.049439 0.010986 -10.09646
14544 1444992010.445139 -0.049439 0.010986 -10.09646
14545 1444992010.454692 -0.049439 0.010986 -10.008569
14546 1444992010.464710 -0.049439 0.010986 -10.09646
14547 1444992010.479832 -0.049439 -0.076904 -10.09646
14548 1444992010.489757 -0.049439 -0.076904 -10.09646
14549 1444992010.499807 -0.049439 -0.076904 -10.09646
14550 1444992010.509678 -0.049439 -0.076904 -10.09646
14551 1444992010.520217 -0.049439 -0.076904 -10.184351
14552 1444992010.530879 -0.049439 -0.076904 -10.184351
14553 1444992010.541055 -0.049439 -0.076904 -10.184351
14554 1444992010.550927 -0.049439 -0.076904 -10.184351
14555 1444992010.561038 -0.049439 -0.076904 -10.184351
14556 1444992010.571241 -0.049439 -0.076904 -10.184351
14557 1444992010.581408 -0.049439 0.010986 -10.184351
14558 1444992010.592348 -0.049439 0.010986 -10.272242
14559 1444992010.601350 -0.049439 0.010986 -10.272242
14560 1444992010.611439 -0.049439 -0.076904 -10.272242
14561 1444992010.621459 -0.049439 -0.076904 -10.360133
14562 1444992010.633150 -0.049439 -0.076904 -10.360133
14563 1444992010.643236 -0.049439 -0.076904 -10.360133
14564 1444992010.651947 -0.049439 -0.076904 -10.360133
14565 1444992010.661947 -0.049439 -0.076904 -10.360133
14566 1444992010.672064 -0.049439 -0.076904 -10.448024
14567 1444992010.682117 -0.049439 -0.076904 -10.360133
14568 1444992010.692208 -0.049439 -0.076904 -10.448024
14569 1444992010.702346 -0.049439 0.010986 -10.448024
14570 1444992010.712397 -0.049439 -0.076904 -10.448024
14571 1444992010.722529 -0.049439 0.010986 -10.448024
14572 1444992010.732700 -0.049439 -0.076904 -10.448024
14573 1444992010.743425 -0.049439 -0.076904 -10.448024
14574 1444992010.753454 -0.049439 -0.076904 -10.448024
14575 1444992010.763881 -0.049439 -0.076904 -10.448024
14576 1444992010.774701 -0.049439 -0.076904 -10.448024
14577 1444992010.785055 -0.049439 -0.076904 -10.448024
14578 1444992010.794859 -0.049439 -0.076904 -10.448024
14579 1444992010.804836 -0.049439 -0.076904 -10.448024
14580 1444992010.814893 -0.049439 -0.076904 -10.448024
14581 1444992010.825168 -0.049439 0.010986 -10.448024
14582 1444992010.834877 -0.049439 -0.076904 -10.448024
14583 1444992010.845401 -0.049439 -0.076904 -10.448024
14584 1444992010.855665 -0.049439 -0.076904 -10.448024
14585 1444992010.861330 -0.049439 -0.076904 -10.448024
14586 1444992010.871195 -0.049439 0.010986 -10.448024
14587 1444992010.881802 -0.049439 -0.076904 -10.448024
14588 1444992010.891354 -0.049439 -0.076904 -10.448024
14589 1444992010.901436 -0.049439 -0.076904 -10.448024
14590 1444992010.911591 -0.049439 -0.076904 -10.448024
14591 1444992010.922058 -0.049439 -0.076904 -10.448024
14592 1444992010.932184 -0.049439 -0.076904 -10.448024
14593 1444992010.942448 -0.049439 -0.076904 -10.448024
14594 1444992010.952389 -0.049439 -0.076904 -10.448024
14595 1444992010.962562 -0.049439 -0.076904 -10.448024
14596 1444992010.972733 -0.049439 -0.076904 -10.448024
14597 1444992010.985160 -0.049439 -0.076904 -10.448024
14598 1444992010.992858 -0.049439 0.010986 -10.448024
14599 1444992011.002995 -0.049439 -0.076904 -10.448024
14600 1444992011.013013 -0.049439 -0.076904 -10.448024
14601 1444992011.023084 -0.049439 0.010986 -10.448024
14602 1444992011.035317 -0.049439 -0.076904 -10.448024
14603 1444992011.045465 -0.049439 -0.076904 -10.448024
14604 1444992011.055494 -0.049439 -0.076904 -10.448024
14605 1444992011.065988 -0.049439 0.010986 -10.448024
14606 1444992011.075827 -0.049439 -0.076904 -10.448024
14607 1444992011.086758 -0.049439 -0.076904 -10.448024
14608 1444992011.095500 -0.049439 -0.076904 -10.448024
14609 1444992011.105357 -0.049439 -0.076904 -10.448024
14610 1444992011.115516 -0.049439 -0.076904 -10.448024
14611 1444992011.125810 -0.049439 -0.076904 -10.448024
14612 1444992011.135994 -0.049439 -0.076904 -10.448024
14613 1444992011.146427 -0.049439 -0.076904 -10.448024
14614 1444992011.156525 -0.049439 -0.076904 -10.448024
14615 1444992011.166719 -0.049439 -0.076904 -10.448024
14616 1444992011.175969 -0.049439 0.010986 -10.448024
14617 1444992011.187208 -0.049439 -0.076904 -10.448024
14618 1444992011.197012 -0.049439 -0.076904 -10.448024
14619 1444992011.206953 -0.049439 -0.076904 -10.448024
14620 1444992011.217031 -0.049439 0.010986 -10.448024
14621 1444992011.227147 -0.049439 -0.076904 -10.448024
14622 1444992011.237340 -0.049439 -0.076904 -10.448024
14623 1444992011.247419 -0.049439 -0.076904 -10.448024
14624 1444992011.257533 -0.049439 0.010986 -10.448024
14625 1444992011.267656 -0.049439 -0.076904 -10.448024
14626 1444992011.277859 -0.049439 0.010986 -10.448024
14627 1444992011.285749 -0.049439 0.010986 -10.448024
14628 1444992011.295041 -0.049439 0.010986 -10.448024
14629 1444992011.308479 -0.049439 0.010986 -10.360133
14630 1444992011.314682 -0.049439 0.010986 -10.448024
14631 1444992011.324737 -0.049439 0.010986 -10.360133
14632 1444992011.335743 -0.049439 0.010986 -10.360133
14633 1444992011.345079 -0.049439 0.010986 -10.360133
14634 1444992011.355235 -0.049439 0.010986 -10.360133
14635 1444992011.365345 -0.049439 0.098877 -10.360133
14636 1444992011.375467 -0.049439 0.098877 -10.360133
14637 1444992011.385744 0.038452 0.098877 -10.360133
14638 1444992011.395793 0.038452 0.098877 -10.360133
14639 1444992011.406471 0.038452 0.098877 -10.272242
14640 1444992011.416314 0.038452 0.098877 -10.272242
14641 1444992011.426446 0.038452 0.098877 -10.272242
14642 1444992011.436909 0.038452 0.098877 -10.272242
14643 1444992011.446732 0.038452 0.098877 -10.272242
14644 1444992011.456824 0.038452 0.098877 -10.272242
14645 1444992011.466815 0.038452 0.098877 -10.272242
14646 1444992011.476995 0.038452 0.098877 -10.272242
14647 1444992011.487354 0.038452 0.098877 -10.272242
14648 1444992011.497115 0.038452 0.098877 -10.272242
14649 1444992011.507196 0.038452 0.098877 -10.272242
14650 1444992011.517306 0.038452 0.098877 -10.272242
14651 1444992011.527587 0.038452 0.098877 -10.272242
14652 1444992011.540044 0.038452 0.098877 -10.272242
14653 1444992011.548660 0.038452 0.098877 -10.272242
14654 1444992011.559824 0.038452 0.098877 -10.272242
14655 1444992011.569690 0.038452 0.098877 -10.272242
14656 1444992011.580032 0.038452 0.098877 -10.272242
14657 1444992011.589713 0.038452 0.098877 -10.272242
14658 1444992011.599824 0.038452 0.098877 -10.272242
14659 1444992011.609927 0.038452 0.098877 -10.272242
14660 1444992011.619959 0.038452 0.098877 -10.272242
14661 1444992011.630347 0.038452 0.098877 -10.272242
14662 1444992011.640333 0.038452 0.098877 -10.272242
14663 1444992011.650463 0.038452 0.098877 -10.272242
14664 1444992011.660634 0.038452 0.098877 -10.272242
14665 1444992011.670653 0.038452 0.098877 -10.272242
14666 1444992011.680972 0.038452 0.098877 -10.272242
14667 1444992011.690902 -0.049439 0.098877 -10.272242
14668 1444992011.701159 0.038452 0.098877 -10.272242
14669 1444992011.711321 0.038452 0.098877 -10.272242
14670 1444992011.721347 -0.049439 0.098877 -10.272242
14671 1444992011.731606 0.038452 0.098877 -10.272242
14672 1444992011.736469 0.038452 0.098877 -10.272242
14673 1444992011.751740 0.038452 0.098877 -10.272242
14674 1444992011.761826 0.038452 0.098877 -10.272242
14675 1444992011.766975 0.038452 0.098877 -10.272242
14676 1444992011.777021 0.038452 0.098877 -10.272242
14677 1444992011.790662 0.038452 0.098877 -10.272242
14678 1444992011.797316 0.038452 0.098877 -10.272242
14679 1444992011.807396 0.038452 0.098877 -10.272242
14680 1444992011.817458 0.038452 0.098877 -10.272242
14681 1444992011.827521 0.038452 0.098877 -10.272242
14682 1444992011.835260 0.038452 0.098877 -10.272242
14683 1444992011.845248 0.038452 0.098877 -10.272242
14684 1444992011.857927 0.038452 0.098877 -10.272242
14685 1444992011.868393 0.038452 0.098877 -10.272242
14686 1444992011.878421 0.038452 0.098877 -10.272242
14687 1444992011.890078 0.038452 0.098877 -10.272242
14688 1444992011.894674 0.038452 0.098877 -10.272242
14689 1444992011.910071 0.038452 0.098877 -10.272242
14690 1444992011.920330 0.038452 0.098877 -10.272242
14691 1444992011.931850 -0.049439 0.098877 -10.272242
14692 1444992011.942078 -0.049439 0.098877 -10.272242
14693 1444992011.950362 0.038452 0.098877 -10.360133
14694 1444992011.961985 0.038452 0.098877 -10.272242
14695 1444992011.971828 0.038452 0.098877 -10.272242
14696 1444992011.982387 0.038452 0.098877 -10.272242
14697 1444992011.993441 0.038452 0.098877 -10.272242
14698 1444992012.002419 0.038452 0.098877 -10.272242
14699 1444992012.012656 -0.049439 0.098877 -10.272242
14700 1444992012.022528 0.038452 0.098877 -10.272242
14701 1444992012.032909 0.038452 0.098877 -10.272242
14702 1444992012.042840 0.038452 0.098877 -10.272242
14703 1444992012.052645 0.038452 0.098877 -10.272242
14704 1444992012.062605 0.038452 0.098877 -10.272242
14705 1444992012.072854 0.038452 0.098877 -10.272242
14706 1444992012.083225 0.038452 0.098877 -10.272242
14707 1444992012.093294 0.038452 0.098877 -10.272242
14708 1444992012.103465 0.038452 0.098877 -10.272242
14709 1444992012.113522 0.038452 0.098877 -10.272242
14710 1444992012.123626 0.038452 0.098877 -10.272242
14711 1444992012.133801 0.038452 0.098877 -10.272242
14712 1444992012.139994 0.038452 0.098877 -10.272242
14713 1444992012.154044 0.038452 0.098877 -10.272242
14714 1444992012.160113 0.038452 0.098877 -10.272242
14715 1444992012.170206 0.038452 0.098877 -10.272242
14716 1444992012.180524 0.038452 0.098877 -10.272242
14717 1444992012.190363 0.038452 0.098877 -10.272242
14718 1444992012.200373 0.038452 0.098877 -10.272242
14719 1444992012.210470 0.038452 0.098877 -10.272242
14720 1444992012.220734 0.038452 0.098877 -10.272242
14721 1444992012.231251 -0.049439 0.098877 -10.272242
14722 1444992012.241333 0.038452 0.098877 -10.272242
14723 1444992012.251197 -0.049439 0.010986 -10.272242
14724 1444992012.261575 -0.049439 0.098877 -10.272242
14725 1444992012.272291 0.038452 0.098877 -10.272242
14726 1444992012.284854 -0.049439 0.010986 -10.272242
14727 1444992012.294851 -0.049439 0.098877 -10.272242
14728 1444992012.302331 -0.049439 0.010986 -10.272242
14729 1444992012.312522 -0.049439 0.098877 -10.272242
14730 1444992012.322744 -0.049439 0.010986 -10.272242
14731 1444992012.335209 -0.049439 0.010986 -10.272242
14732 1444992012.345229 -0.049439 0.010986 -10.272242
14733 1444992012.354902 -0.049439 0.010986 -10.272242
14734 1444992012.364737 -0.049439 0.010986 -10.272242
14735 1444992012.373196 -0.049439 0.010986 -10.272242
14736 1444992012.385374 -0.049439 0.010986 -10.272242
14737 1444992012.395307 -0.049439 0.010986 -10.272242
14738 1444992012.405035 -0.049439 0.010986 -10.272242
14739 1444992012.414887 -0.049439 0.010986 -10.272242
14740 1444992012.424902 -0.049439 0.010986 -10.272242
14741 1444992012.436084 -0.049439 0.010986 -10.184351
14742 1444992012.445936 -0.049439 0.010986 -10.184351
14743 1444992012.455719 -0.049439 0.010986 -10.184351
14744 1444992012.465663 -0.049439 0.010986 -10.184351
14745 1444992012.475894 -0.049439 0.010986 -10.272242
14746 1444992012.486045 -0.049439 0.010986 -10.272242
14747 1444992012.495960 -0.049439 0.010986 -10.272242
14748 1444992012.506032 -0.049439 -0.076904 -10.272242
14749 1444992012.516096 -0.049439 0.010986 -10.272242
14750 1444992012.526469 -0.049439 0.010986 -10.272242
14751 1444992012.536540 -0.049439 0.010986 -10.272242
14752 1444992012.546555 -0.049439 0.010986 -10.272242
14753 1444992012.556845 -0.049439 0.010986 -10.272242
14754 1444992012.566960 -0.049439 0.010986 -10.272242
14755 1444992012.577129 -0.049439 -0.076904 -10.272242
14756 1444992012.582301 -0.049439 -0.076904 -10.272242
14757 1444992012.592313 -0.049439 -0.076904 -10.272242
14758 1444992012.602491 -0.049439 -0.076904 -10.272242
14759 1444992012.617597 -0.049439 0.010986 -10.272242
14760 1444992012.622668 -0.049439 0.010986 -10.272242
14761 1444992012.636514 -0.049439 -0.076904 -10.272242
14762 1444992012.646114 -0.049439 0.010986 -10.272242
14763 1444992012.654858 -0.049439 -0.076904 -10.272242
14764 1444992012.663164 -0.049439 -0.076904 -10.272242
14765 1444992012.673229 -0.049439 -0.076904 -10.272242
14766 1444992012.685069 -0.049439 -0.076904 -10.272242
14767 1444992012.695171 -0.049439 -0.076904 -10.272242
14768 1444992012.704971 -0.049439 0.010986 -10.272242
14769 1444992012.715082 -0.049439 -0.076904 -10.272242
14770 1444992012.724822 -0.049439 -0.076904 -10.272242
14771 1444992012.736762 -0.049439 -0.076904 -10.272242
14772 1444992012.745609 -0.049439 -0.076904 -10.272242
14773 1444992012.756634 -0.049439 -0.076904 -10.272242
14774 1444992012.765732 -0.049439 0.010986 -10.272242
14775 1444992012.775800 -0.049439 -0.076904 -10.272242
14776 1444992012.787220 -0.049439 -0.076904 -10.272242
14777 1444992012.796545 -0.049439 -0.076904 -10.272242
14778 1444992012.805939 -0.049439 -0.076904 -10.272242
14779 1444992012.816419 -0.049439 -0.076904 -10.272242
14780 1444992012.826034 -0.049439 -0.076904 -10.272242
14781 1444992012.836344 -0.049439 -0.076904 -10.272242
14782 1444992012.846778 -0.049439 -0.076904 -10.272242
14783 1444992012.856439 -0.049439 0.010986 -10.272242
14784 1444992012.866927 -0.049439 -0.076904 -10.272242
14785 1444992012.877513 -0.049439 -0.076904 -10.272242
14786 1444992012.887640 -0.049439 -0.076904 -10.272242
14787 1444992012.897317 -0.049439 -0.076904 -10.272242
14788 1444992012.907557 -0.049439 0.010986 -10.272242
14789 1444992012.917512 -0.049439 0.010986 -10.272242
14790 1444992012.928888 -0.049439 -0.076904 -10.272242
14791 1444992012.935712 -0.049439 -0.076904 -10.272242
14792 1444992012.945427 -0.049439 -0.076904 -10.272242
14793 1444992012.955132 -0.049439 -0.076904 -10.272242
14794 1444992012.969653 -0.049439 -0.076904 -10.272242
14795 1444992012.979958 -0.049439 0.010986 -10.272242
14796 1444992012.990015 -0.049439 -0.076904 -10.272242
14797 1444992012.999929 -0.049439 -0.076904 -10.272242
14798 1444992013.010114 -0.049439 -0.076904 -10.272242
14799 1444992013.020212 -0.049439 -0.076904 -10.272242
14800 1444992013.025494 -0.049439 0.010986 -10.272242
14801 1444992013.036320 -0.049439 -0.076904 -10.272242
14802 1444992013.045880 -0.049439 -0.076904 -10.272242
14803 1444992013.056114 -0.049439 -0.076904 -10.272242
14804 1444992013.066111 -0.049439 -0.076904 -10.272242
14805 1444992013.076216 -0.049439 -0.076904 -10.272242
14806 1444992013.090748 -0.049439 -0.076904 -10.272242
14807 1444992013.096480 -0.049439 -0.076904 -10.272242
14808 1444992013.106404 -0.049439 0.010986 -10.272242
14809 1444992013.116400 -0.049439 -0.076904 -10.272242
14810 1444992013.126516 -0.049439 -0.076904 -10.272242
14811 1444992013.136922 -0.049439 0.010986 -10.272242
14812 1444992013.146701 -0.049439 -0.076904 -10.272242
14813 1444992013.157122 -0.049439 -0.076904 -10.272242
14814 1444992013.167222 -0.049439 0.010986 -10.272242
14815 1444992013.177664 -0.049439 -0.076904 -10.272242
14816 1444992013.190493 -0.049439 -0.076904 -10.272242
14817 1444992013.199903 -0.049439 -0.076904 -10.272242
14818 1444992013.209792 -0.049439 -0.076904 -10.272242
14819 1444992013.219894 -0.049439 -0.076904 -10.272242
14820 1444992013.228249 -0.049439 -0.076904 -10.272242
14821 1444992013.240880 -0.049439 -0.076904 -10.272242
14822 1444992013.250024 -0.049439 0.010986 -10.272242
14823 1444992013.260013 -0.049439 -0.076904 -10.272242
14824 1444992013.270154 -0.049439 -0.076904 -10.272242
14825 1444992013.280099 -0.049439 0.010986 -10.272242
14826 1444992013.290397 -0.049439 -0.076904 -10.272242
14827 1444992013.300282 -0.049439 -0.076904 -10.272242
14828 1444992013.310820 -0.049439 -0.076904 -10.272242
14829 1444992013.321132 -0.049439 -0.076904 -10.272242
14830 1444992013.331720 -0.049439 -0.076904 -10.272242
14831 1444992013.341710 -0.049439 -0.076904 -10.272242
14832 1444992013.351625 -0.049439 -0.076904 -10.272242
14833 1444992013.361625 -0.049439 -0.076904 -10.272242
14834 1444992013.372050 -0.049439 -0.076904 -10.272242
14835 1444992013.381694 -0.049439 -0.076904 -10.272242
14836 1444992013.391569 -0.049439 -0.076904 -10.272242
14837 1444992013.402051 -0.049439 -0.076904 -10.272242
14838 1444992013.411873 -0.049439 -0.076904 -10.272242
14839 1444992013.422343 -0.049439 -0.076904 -10.272242
14840 1444992013.432520 -0.049439 -0.076904 -10.272242
14841 1444992013.442507 -0.049439 -0.076904 -10.272242
14842 1444992013.452512 -0.049439 -0.076904 -10.272242
14843 1444992013.462661 -0.049439 -0.076904 -10.272242
14844 1444992013.472784 -0.049439 -0.076904 -10.272242
14845 1444992013.482958 -0.049439 -0.076904 -10.272242
14846 1444992013.493007 -0.049439 -0.076904 -10.272242
14847 1444992013.503152 -0.049439 0.010986 -10.272242
14848 1444992013.513350 -0.049439 -0.076904 -10.272242
14849 1444992013.519781 -0.049439 0.010986 -10.272242
14850 1444992013.533540 -0.049439 -0.076904 -10.272242
14851 1444992013.543687 -0.049439 -0.076904 -10.272242
14852 1444992013.545067 -0.049439 0.010986 -10.272242
14853 1444992013.555116 -0.049439 -0.076904 -10.272242
14854 1444992013.569956 -0.049439 -0.076904 -10.272242
14855 1444992013.580781 -0.049439 -0.076904 -10.272242
14856 1444992013.591110 -0.049439 0.010986 -10.272242
14857 1444992013.600783 -0.049439 -0.076904 -10.272242
14858 1444992013.611029 -0.049439 0.010986 -10.272242
14859 1444992013.621211 -0.049439 0.010986 -10.272242
14860 1444992013.631392 -0.049439 -0.076904 -10.272242
14861 1444992013.641760 -0.049439 0.010986 -10.272242
14862 1444992013.652438 -0.049439 -0.076904 -10.272242
14863 1444992013.662080 -0.049439 -0.076904 -10.272242
14864 1444992013.671679 -0.049439 -0.076904 -10.272242
14865 1444992013.682502 -0.049439 0.010986 -10.272242
14866 1444992013.692546 -0.049439 -0.076904 -10.272242
14867 1444992013.702755 -0.049439 -0.076904 -10.272242
14868 1444992013.712727 -0.049439 -0.076904 -10.272242
14869 1444992013.723203 -0.049439 0.010986 -10.272242
14870 1444992013.734886 -0.049439 -0.076904 -10.272242
14871 1444992013.744892 -0.049439 -0.076904 -10.272242
14872 1444992013.754796 -0.049439 0.010986 -10.272242
14873 1444992013.764910 -0.049439 -0.076904 -10.272242
14874 1444992013.774829 -0.049439 0.010986 -10.272242
14875 1444992013.780149 -0.049439 -0.076904 -10.272242
14876 1444992013.790001 -0.049439 0.010986 -10.272242
14877 1444992013.800203 -0.049439 -0.076904 -10.272242
14878 1444992013.810316 -0.049439 -0.076904 -10.272242
14879 1444992013.820394 -0.049439 -0.076904 -10.272242
14880 1444992013.830747 -0.049439 -0.076904 -10.272242
14881 1444992013.840907 -0.049439 0.010986 -10.272242
14882 1444992013.850798 -0.049439 -0.076904 -10.272242
14883 1444992013.860927 -0.049439 0.010986 -10.272242
14884 1444992013.871063 -0.049439 -0.076904 -10.272242
14885 1444992013.881352 -0.049439 -0.076904 -10.272242
14886 1444992013.891620 -0.049439 -0.076904 -10.272242
14887 1444992013.901833 -0.049439 -0.076904 -10.272242
14888 1444992013.911731 -0.049439 -0.076904 -10.272242
14889 1444992013.921783 -0.049439 -0.076904 -10.272242
14890 1444992013.935071 -0.049439 0.010986 -10.272242
14891 1444992013.942663 -0.049439 0.010986 -10.272242
14892 1444992013.952456 -0.049439 -0.076904 -10.272242
