12187 1444828376.265875 4.471436 -49.684296 -129.912506 -1.075745 1.333008 -0.420532
12188 1444828376.277279 4.430786 -49.638672 -130.074829 -1.081238 1.333923 -0.425415
12189 1444828376.287355 4.390137 -49.593048 -129.966614 -1.07666 1.33667 -0.430908
12190 1444828376.297448 4.512085 -49.775543 -130.183044 -1.07666 1.335754 -0.426636
12191 1444828376.307537 4.471436 -49.638672 -130.074829 -1.072998 1.343994 -0.428467
12192 1444828376.317604 4.593384 -49.729919 -130.020721 -1.07666 1.337585 -0.415039
12193 1444828376.327679 4.390137 -49.958038 -130.29126 -1.083069 1.345825 -0.419922
12194 1444828376.337765 4.471436 -49.775543 -130.074829 -1.07666 1.338501 -0.404663
12195 1444828376.347814 4.349487 -49.821167 -130.183044 -1.0849 1.333923 -0.39978
12196 1444828376.357869 4.471436 -49.775543 -130.128937 -1.086731 1.329346 -0.394287
12197 1444828376.368008 4.471436 -49.775543 -130.020721 -1.087646 1.319275 -0.396729
12198 1444828376.378233 4.430786 -49.729919 -129.912506 -1.095886 1.315613 -0.389404
12199 1444828376.388357 4.390137 -49.866791 -130.074829 -1.099548 1.315613 -0.393677
12200 1444828376.398412 4.430786 -49.729919 -130.020721 -1.091309 1.312866 -0.386963
12201 1444828376.408472 4.268188 -49.729919 -129.912506 -1.095886 1.315613 -0.391235
12202 1444828376.418529 4.471436 -49.684296 -130.020721 -1.088562 1.312866 -0.386963
12203 1444828376.428586 4.308838 -49.866791 -130.128937 -1.088562 1.326599 -0.401001
12204 1444828376.438642 4.634033 -49.593048 -130.183044 -1.083984 1.331177 -0.39856
12205 1444828376.448700 4.430786 -49.866791 -129.966614 -1.085815 1.343079 -0.41748
12206 1444828376.458757 4.308838 -49.821167 -130.128937 -1.083069 1.342163 -0.41687
12207 1444828376.468812 4.512085 -49.593048 -130.020721 -1.075745 1.343079 -0.414429
12208 1444828376.478881 4.390137 -49.821167 -129.858398 -1.07666 1.339417 -0.423584
12209 1444828376.488937 4.471436 -49.638672 -129.858398 -1.072998 1.339417 -0.422974
12210 1444828376.499041 4.512085 -49.684296 -130.020721 -1.077576 1.334839 -0.422363
12211 1444828376.509066 4.390137 -49.729919 -129.912506 -1.082153 1.332092 -0.432739
12212 1444828376.519123 4.268188 -49.729919 -129.912506 -1.083984 1.334839 -0.426636
12213 1444828376.529180 4.390137 -49.547424 -129.804291 -1.086731 1.333008 -0.411987
12214 1444828376.539236 4.512085 -49.684296 -130.020721 -1.0849 1.331177 -0.41626
12215 1444828376.549292 4.471436 -49.638672 -129.912506 -1.088562 1.331177 -0.404663
12216 1444828376.559354 4.430786 -49.821167 -129.912506 -1.089478 1.330261 -0.396729
12217 1444828376.569410 4.390137 -49.729919 -129.912506 -1.088562 1.339417 -0.39856
12218 1444828376.579474 4.349487 -49.866791 -129.912506 -1.094055 1.332092 -0.390625
12219 1444828376.589533 4.471436 -49.729919 -129.804291 -1.09314 1.329346 -0.394287
12220 1444828376.599605 4.430786 -49.729919 -129.750183 -1.09314 1.322937 -0.386963
12221 1444828376.609663 4.430786 -49.775543 -129.750183 -1.094971 1.322937 -0.386353
12222 1444828376.619738 4.349487 -49.684296 -129.912506 -1.092224 1.317444 -0.385742
12223 1444828376.629803 4.390137 -49.684296 -129.804291 -1.092224 1.318359 -0.391235
12224 1444828376.639860 4.349487 -49.775543 -129.966614 -1.09314 1.325684 -0.407104
12225 1444828376.649917 4.349487 -49.775543 -130.020721 -1.086731 1.331177 -0.410156
12226 1444828376.659980 4.390137 -49.684296 -129.912506 -1.080322 1.334839 -0.410767
12227 1444828376.670036 4.430786 -49.775543 -130.020721 -1.079407 1.340332 -0.413208
12228 1444828376.680100 4.512085 -49.821167 -129.858398 -1.081238 1.341248 -0.413208
12229 1444828376.690157 4.268188 -49.775543 -130.237152 -1.072083 1.348572 -0.429077
12230 1444828376.700268 4.674683 -49.684296 -130.020721 -1.07666 1.333923 -0.418091
12231 1444828376.710273 4.390137 -49.821167 -130.453583 -1.079407 1.349487 -0.422363
12232 1444828376.720290 4.430786 -49.684296 -129.858398 -1.074829 1.339417 -0.419312
12233 1444828376.730357 4.390137 -49.775543 -130.074829 -1.0849 1.331177 -0.41748
12234 1444828376.740412 4.430786 -49.775543 -129.966614 -1.0849 1.333008 -0.407715
12235 1444828376.750484 4.349487 -49.729919 -130.074829 -1.081238 1.331177 -0.418091
12236 1444828376.760553 4.349487 -49.775543 -129.804291 -1.092224 1.325684 -0.402222
12237 1444828376.770615 4.471436 -49.684296 -130.020721 -1.087646 1.323853 -0.391846
12238 1444828376.780737 4.512085 -49.729919 -129.912506 -1.091309 1.324768 -0.396729
12239 1444828376.790882 4.268188 -49.821167 -130.020721 -1.089478 1.333923 -0.395508
12240 1444828376.800975 4.430786 -49.684296 -129.858398 -1.090393 1.329346 -0.392456
12241 1444828376.811035 4.390137 -49.684296 -130.020721 -1.090393 1.333008 -0.396118
12242 1444828376.821114 4.390137 -49.866791 -130.128937 -1.086731 1.330261 -0.387573
12243 1444828376.831170 4.390137 -49.684296 -130.020721 -1.089478 1.326599 -0.39856
12244 1444828376.841243 4.308838 -49.638672 -129.858398 -1.082153 1.330261 -0.404053
12245 1444828376.851278 4.308838 -49.729919 -129.804291 -1.09314 1.334839 -0.405884
12246 1444828376.861367 4.349487 -49.821167 -129.858398 -1.092224 1.334839 -0.418701
12247 1444828376.871484 4.390137 -49.593048 -129.804291 -1.080322 1.330261 -0.415039
12248 1444828376.881546 4.390137 -49.866791 -130.074829 -1.092224 1.335754 -0.41626
12249 1444828376.891642 4.471436 -49.593048 -129.966614 -1.079407 1.335754 -0.413818
12250 1444828376.901778 4.390137 -49.821167 -130.128937 -1.078491 1.33667 -0.422974
12251 1444828376.911823 4.308838 -49.821167 -130.020721 -1.080322 1.338501 -0.420532
12252 1444828376.921984 4.552734 -49.593048 -130.020721 -1.077576 1.333923 -0.410156
12253 1444828376.932099 4.430786 -49.821167 -129.696075 -1.083984 1.338501 -0.409546
12254 1444828376.942201 4.349487 -49.866791 -130.074829 -1.085815 1.345825 -0.41687
12255 1444828376.952270 4.552734 -49.684296 -129.912506 -1.087646 1.330261 -0.39978
12256 1444828376.962373 4.430786 -49.638672 -130.020721 -1.085815 1.325684 -0.407104
12257 1444828376.972648 4.430786 -49.775543 -129.804291 -1.090393 1.327515 -0.404663
12258 1444828376.982608 4.430786 -49.684296 -129.966614 -1.091309 1.32019 -0.394897
12259 1444828376.992773 4.471436 -49.638672 -129.912506 -1.086731 1.322021 -0.397339
12260 1444828377.002831 4.471436 -49.638672 -130.183044 -1.092224 1.322937 -0.39917
12261 1444828377.012913 4.512085 -49.638672 -129.804291 -1.091309 1.325684 -0.395508
12262 1444828377.022977 4.430786 -49.821167 -130.128937 -1.087646 1.327515 -0.397339
12263 1444828377.033113 4.390137 -49.821167 -129.912506 -1.079407 1.324768 -0.402222
12264 1444828377.043232 4.512085 -49.729919 -129.858398 -1.089478 1.334839 -0.405884
12265 1444828377.053291 4.430786 -49.866791 -130.183044 -1.0849 1.334839 -0.405273
12266 1444828377.063392 4.430786 -49.821167 -129.966614 -1.083984 1.331177 -0.405273
12267 1444828377.073486 4.552734 -49.638672 -130.29126 -1.07666 1.330261 -0.405273
12268 1444828377.083563 4.430786 -49.729919 -130.020721 -1.081238 1.330261 -0.412598
12269 1444828377.093685 4.430786 -49.638672 -130.020721 -1.080322 1.334839 -0.412598
12270 1444828377.103824 4.430786 -49.729919 -130.020721 -1.0849 1.334839 -0.424805
12271 1444828377.113925 4.430786 -49.593048 -130.020721 -1.087646 1.335754 -0.426025
12272 1444828377.124482 4.512085 -49.729919 -129.804291 -1.089478 1.338501 -0.424194
12273 1444828377.134619 4.512085 -49.729919 -130.128937 -1.086731 1.333923 -0.413818
12274 1444828377.144776 4.471436 -49.775543 -129.966614 -1.079407 1.334839 -0.409546
12275 1444828377.154834 4.430786 -49.593048 -130.183044 -1.06842 1.334839 -0.401001
12276 1444828377.164917 4.390137 -49.821167 -129.750183 -1.080322 1.333008 -0.403442
12277 1444828377.175172 4.349487 -49.866791 -130.128937 -1.077576 1.326599 -0.393066
12278 1444828377.185258 4.430786 -49.775543 -129.696075 -1.091309 1.323853 -0.393677
12279 1444828377.195436 4.349487 -49.775543 -129.750183 -1.098633 1.324768 -0.389404
12280 1444828377.205562 4.430786 -49.729919 -129.750183 -1.102295 1.321106 -0.394287
12281 1444828377.215612 4.390137 -49.593048 -129.912506 -1.105042 1.32019 -0.388184
12282 1444828377.225822 4.390137 -49.638672 -129.750183 -1.105042 1.319275 -0.383301
12283 1444828377.235982 4.552734 -49.638672 -129.804291 -1.102295 1.319275 -0.393677
12284 1444828377.246136 4.390137 -49.729919 -129.966614 -1.091309 1.322021 -0.407104
12285 1444828377.256298 4.471436 -49.775543 -129.804291 -1.090393 1.32843 -0.400391
12286 1444828377.266424 4.512085 -49.729919 -129.966614 -1.07666 1.327515 -0.402222
12287 1444828377.276573 4.430786 -49.729919 -129.912506 -1.06842 1.331177 -0.413208
12288 1444828377.286675 4.552734 -49.775543 -130.074829 -1.074829 1.334839 -0.413818
12289 1444828377.296822 4.430786 -49.866791 -130.074829 -1.069336 1.339417 -0.421753
12290 1444828377.306912 4.349487 -49.729919 -130.183044 -1.072083 1.338501 -0.426025
12291 1444828377.317045 4.349487 -49.729919 -129.912506 -1.079407 1.338501 -0.419922
12292 1444828377.327121 4.430786 -49.684296 -130.128937 -1.077576 1.340332 -0.427246
12293 1444828377.337290 4.593384 -49.593048 -130.074829 -1.092224 1.335754 -0.421143
12294 1444828377.347349 4.471436 -49.729919 -130.237152 -1.091309 1.333008 -0.411987
12295 1444828377.357422 4.471436 -49.729919 -129.858398 -1.089478 1.335754 -0.424805
12296 1444828377.367534 4.390137 -49.775543 -129.912506 -1.083069 1.333923 -0.415649
12297 1444828377.377742 4.471436 -49.775543 -129.912506 -1.083984 1.32843 -0.396729
12298 1444828377.387857 4.390137 -49.775543 -130.020721 -1.081238 1.332092 -0.397949
12299 1444828377.398042 4.390137 -49.821167 -129.966614 -1.080322 1.323853 -0.384521
12300 1444828377.408071 4.471436 -49.729919 -129.858398 -1.080322 1.32019 -0.383911
12301 1444828377.418141 4.349487 -49.775543 -130.074829 -1.082153 1.325684 -0.386963
12302 1444828377.428244 4.390137 -49.729919 -129.804291 -1.091309 1.317444 -0.38147
12303 1444828377.438310 4.308838 -49.821167 -129.533752 -1.106873 1.318359 -0.385132
12304 1444828377.448394 4.308838 -49.638672 -129.425537 -1.104126 1.314697 -0.384521
12305 1444828377.458453 4.390137 -49.638672 -129.58786 -1.136169 1.304626 -0.380249
12306 1444828377.468510 4.390137 -49.684296 -129.696075 -1.122437 1.309204 -0.38147
12307 1444828377.478608 4.390137 -49.729919 -129.641968 -1.092224 1.324768 -0.393677
12308 1444828377.488664 4.390137 -49.775543 -129.58786 -1.101379 1.32843 -0.394897
12309 1444828377.499106 4.593384 -49.638672 -129.804291 -1.083069 1.325684 -0.407715
12310 1444828377.509160 4.471436 -49.775543 -129.912506 -1.091309 1.343079 -0.419922
12311 1444828377.519229 4.674683 -49.729919 -130.074829 -1.06842 1.358643 -0.422974
12312 1444828377.529296 4.512085 -49.638672 -130.128937 -1.044617 1.384277 -0.443726
12313 1444828377.539357 4.552734 -49.684296 -130.074829 -1.066589 1.370544 -0.452881
12314 1444828377.549436 4.512085 -49.593048 -130.128937 -1.063843 1.355896 -0.464478
12315 1444828377.559536 4.552734 -49.638672 -130.453583 -1.062012 1.348572 -0.45105
12316 1444828377.569590 4.471436 -49.638672 -130.50769 -1.060181 1.34491 -0.447388
12317 1444828377.579672 4.390137 -49.729919 -130.399475 -1.064758 1.329346 -0.440674
12318 1444828377.589714 4.430786 -49.684296 -130.128937 -1.082153 1.317444 -0.427856
12319 1444828377.599791 4.390137 -49.821167 -130.561798 -1.075745 1.306458 -0.413818
12320 1444828377.609867 4.349487 -49.958038 -130.183044 -1.075745 1.326599 -0.393066
12321 1444828377.619944 4.390137 -49.821167 -130.399475 -1.083984 1.334839 -0.369263
12322 1444828377.630003 4.430786 -49.958038 -130.074829 -1.085815 1.339417 -0.373535
12323 1444828377.640063 4.430786 -49.958038 -130.237152 -1.095886 1.335754 -0.36499
12324 1444828377.650126 4.634033 -49.866791 -130.128937 -1.090393 1.323853 -0.350952
12325 1444828377.660183 4.430786 -49.775543 -130.453583 -1.09314 1.338501 -0.357666
12326 1444828377.670267 4.430786 -49.684296 -129.912506 -1.107788 1.319275 -0.362549
12327 1444828377.680323 4.349487 -49.775543 -129.804291 -1.105042 1.307373 -0.379028
12328 1444828377.690380 4.390137 -49.593048 -129.750183 -1.098633 1.298218 -0.389404
12329 1444828377.700438 4.349487 -49.638672 -129.750183 -1.090393 1.31012 -0.408325
12330 1444828377.710496 4.390137 -49.775543 -129.858398 -1.091309 1.326599 -0.415649
12331 1444828377.720553 4.512085 -49.729919 -129.696075 -1.095886 1.327515 -0.425415
12332 1444828377.730606 4.552734 -49.593048 -129.750183 -1.078491 1.350403 -0.430908
12333 1444828377.740662 4.552734 -49.593048 -129.804291 -1.071167 1.37146 -0.444336
12334 1444828377.750722 4.552734 -49.638672 -129.804291 -1.069336 1.375122 -0.445557
12335 1444828377.760780 4.552734 -49.593048 -129.696075 -1.072998 1.378784 -0.446777
12336 1444828377.770857 4.593384 -49.501801 -129.750183 -1.07666 1.365051 -0.443726
12337 1444828377.780900 4.593384 -49.638672 -129.858398 -1.071167 1.346741 -0.430908
12338 1444828377.790946 4.430786 -49.547424 -129.804291 -1.0849 1.333008 -0.427246
12339 1444828377.800986 4.308838 -49.866791 -129.804291 -1.102295 1.322021 -0.419312
12340 1444828377.811140 4.308838 -49.684296 -129.804291 -1.100464 1.317444 -0.402832
12341 1444828377.821198 4.308838 -49.775543 -129.750183 -1.10321 1.312866 -0.389404
12342 1444828377.831280 4.308838 -49.821167 -130.183044 -1.105957 1.314697 -0.386963
12343 1444828377.841368 4.349487 -49.775543 -129.966614 -1.098633 1.32019 -0.374756
12344 1444828377.851440 4.512085 -49.866791 -130.074829 -1.092224 1.322937 -0.368652
12345 1444828377.861497 4.308838 -49.866791 -130.29126 -1.085815 1.33667 -0.373535
12346 1444828377.871558 4.512085 -49.729919 -130.29126 -1.080322 1.332092 -0.370483
12347 1444828377.881618 4.512085 -49.912415 -130.345367 -1.094055 1.322937 -0.365601
12348 1444828377.891679 4.471436 -49.866791 -130.345367 -1.072998 1.325684 -0.391235
12349 1444828377.901761 4.430786 -49.775543 -130.29126 -1.07666 1.327515 -0.391846
12350 1444828377.911816 4.593384 -49.729919 -130.399475 -1.088562 1.327515 -0.406494
12351 1444828377.921873 4.349487 -49.821167 -130.183044 -1.07666 1.324768 -0.426636
12352 1444828377.931949 4.308838 -49.638672 -130.237152 -1.083069 1.333008 -0.432129
12353 1444828377.942006 4.471436 -49.593048 -130.128937 -1.066589 1.339417 -0.438843
12354 1444828377.952162 4.552734 -49.638672 -130.183044 -1.062927 1.353149 -0.445557
12355 1444828377.962240 4.471436 -49.684296 -130.399475 -1.062012 1.362305 -0.454102
12356 1444828377.972307 4.430786 -49.775543 -130.345367 -1.046448 1.366882 -0.459595
12357 1444828377.982363 4.512085 -49.821167 -130.128937 -1.046448 1.36322 -0.444946
12358 1444828377.992438 4.512085 -49.729919 -130.29126 -1.06842 1.348572 -0.436401
12359 1444828378.002499 4.471436 -49.775543 -130.020721 -1.088562 1.338501 -0.422974
12360 1444828378.012556 4.430786 -49.684296 -129.750183 -1.087646 1.330261 -0.402832
12361 1444828378.022612 4.268188 -49.775543 -129.641968 -1.10321 1.324768 -0.393066
12362 1444828378.032673 4.430786 -49.775543 -129.371429 -1.115112 1.307373 -0.380249
12363 1444828378.042804 4.349487 -49.547424 -129.263214 -1.118774 1.292725 -0.367432
12364 1444828378.052931 4.308838 -49.684296 -129.58786 -1.128845 1.292725 -0.357666
12365 1444828378.062993 4.349487 -49.866791 -129.425537 -1.117859 1.309204 -0.360107
12366 1444828378.073054 4.471436 -49.638672 -129.425537 -1.105957 1.309204 -0.356445
12367 1444828378.083111 4.430786 -49.821167 -129.425537 -1.116943 1.322937 -0.367432
12368 1444828378.093192 4.471436 -49.775543 -129.479645 -1.114197 1.324768 -0.372314
12369 1444828378.103248 4.512085 -49.729919 -129.912506 -1.094055 1.33667 -0.38147
12370 1444828378.113329 4.349487 -49.729919 -129.966614 -1.079407 1.341248 -0.409546
12371 1444828378.123430 4.552734 -49.729919 -129.804291 -1.082153 1.323853 -0.419922
12372 1444828378.133488 4.471436 -49.684296 -130.237152 -1.06842 1.323853 -0.43457
12373 1444828378.143624 4.471436 -49.684296 -130.020721 -1.06842 1.323853 -0.443115
12374 1444828378.153725 4.512085 -49.638672 -130.074829 -1.059265 1.339417 -0.447388
12375 1444828378.163888 4.593384 -49.775543 -130.237152 -1.062012 1.342163 -0.455322
12376 1444828378.173947 4.512085 -49.547424 -130.399475 -1.065674 1.352234 -0.460815
12377 1444828378.184039 4.634033 -49.593048 -130.50769 -1.062927 1.352234 -0.458984
12378 1444828378.194140 4.430786 -49.912415 -130.615906 -1.045532 1.377869 -0.466309
12379 1444828378.204258 4.512085 -49.638672 -130.670013 -1.017151 1.376953 -0.446167
12380 1444828378.214266 4.430786 -49.866791 -130.561798 -1.055603 1.364136 -0.436401
12381 1444828378.224330 4.390137 -49.912415 -130.345367 -1.07666 1.332092 -0.403442
12382 1444828378.234439 4.430786 -49.866791 -130.50769 -1.081238 1.321106 -0.385742
12383 1444828378.244556 4.268188 -49.912415 -130.020721 -1.091309 1.31012 -0.370483
12384 1444828378.254735 4.227539 -49.866791 -129.912506 -1.096802 1.292725 -0.354004
12385 1444828378.264828 4.471436 -49.775543 -129.58786 -1.127014 1.262512 -0.344238
12386 1444828378.274892 4.349487 -49.775543 -130.128937 -1.122437 1.263428 -0.331421
12387 1444828378.284961 4.471436 -49.775543 -129.696075 -1.105957 1.279907 -0.332031
12388 1444828378.295069 4.390137 -49.775543 -129.58786 -1.116028 1.316528 -0.349731
12389 1444828378.305203 4.308838 -49.729919 -129.479645 -1.110535 1.333923 -0.367432
12390 1444828378.315279 4.471436 -49.775543 -129.317322 -1.117859 1.348572 -0.385742
12391 1444828378.325358 4.471436 -49.775543 -129.479645 -1.104126 1.351318 -0.396729
12392 1444828378.335491 4.471436 -49.547424 -129.317322 -1.0849 1.353149 -0.424805
12393 1444828378.345600 4.430786 -49.547424 -129.425537 -1.083069 1.343994 -0.445557
12394 1444828378.355654 4.512085 -49.593048 -129.533752 -1.071167 1.32843 -0.45166
12395 1444828378.365740 4.390137 -49.638672 -129.58786 -1.070251 1.315613 -0.454102
12396 1444828378.375853 4.390137 -49.547424 -129.696075 -1.059265 1.322021 -0.454712
12397 1444828378.386107 4.471436 -49.501801 -129.58786 -1.072998 1.34491 -0.464478
12398 1444828378.396238 4.552734 -49.547424 -129.696075 -1.077576 1.349487 -0.463867
12399 1444828378.406368 4.471436 -49.638672 -129.912506 -1.069336 1.354065 -0.45105
12400 1444828378.416620 4.552734 -49.729919 -129.804291 -1.086731 1.365051 -0.438232
12401 1444828378.426725 4.390137 -49.775543 -129.912506 -1.081238 1.365967 -0.415649
12402 1444828378.436850 4.430786 -49.821167 -129.858398 -1.085815 1.356812 -0.392456
12403 1444828378.446917 4.390137 -49.912415 -130.020721 -1.090393 1.331177 -0.379028
12404 1444828378.456979 4.349487 -49.821167 -130.183044 -1.082153 1.313782 -0.357666
12405 1444828378.467180 4.430786 -49.958038 -130.345367 -1.089478 1.297302 -0.350342
12406 1444828378.477261 4.349487 -49.912415 -130.237152 -1.098633 1.278992 -0.34668
12407 1444828378.487281 4.268188 -49.912415 -130.29126 -1.102295 1.277161 -0.350952
12408 1444828378.497349 4.308838 -49.866791 -130.128937 -1.105957 1.283569 -0.352173
12409 1444828378.507443 4.430786 -49.729919 -130.237152 -1.094971 1.300049 -0.36377
12410 1444828378.517605 4.390137 -49.775543 -130.128937 -1.091309 1.324768 -0.383301
12411 1444828378.527681 4.471436 -49.775543 -130.128937 -1.094971 1.343079 -0.391235
12412 1444828378.537761 4.674683 -49.775543 -130.29126 -1.079407 1.345825 -0.404663
12413 1444828378.547859 4.552734 -49.775543 -130.453583 -1.061096 1.356812 -0.429688
12414 1444828378.557981 4.552734 -49.775543 -130.183044 -1.061096 1.352234 -0.43457
12415 1444828378.568108 4.512085 -49.684296 -129.858398 -1.057434 1.353149 -0.447388
12416 1444828378.578357 4.390137 -49.729919 -129.912506 -1.055603 1.357727 -0.45105
12417 1444828378.588480 4.512085 -49.684296 -129.912506 -1.060181 1.350403 -0.459595
12418 1444828378.598564 4.308838 -49.729919 -129.804291 -1.063843 1.352234 -0.465088
12419 1444828378.608732 4.471436 -49.593048 -129.750183 -1.077576 1.346741 -0.453491
12420 1444828378.618893 4.349487 -49.729919 -129.425537 -1.083069 1.337585 -0.447998
12421 1444828378.628982 4.512085 -49.684296 -129.533752 -1.098633 1.33667 -0.429077
12422 1444828378.639106 4.430786 -49.684296 -129.533752 -1.10321 1.331177 -0.402222
12423 1444828378.649227 4.349487 -49.684296 -129.263214 -1.107788 1.332092 -0.396118
12424 1444828378.659285 4.349487 -49.775543 -129.479645 -1.107788 1.323853 -0.374146
12425 1444828378.669478 4.390137 -49.684296 -129.696075 -1.104126 1.313782 -0.358887
12426 1444828378.679601 4.349487 -49.775543 -129.479645 -1.11145 1.31012 -0.345459
12427 1444828378.689733 4.349487 -49.821167 -129.641968 -1.106873 1.307373 -0.350952
12428 1444828378.699858 4.308838 -49.821167 -129.750183 -1.109619 1.304626 -0.350952
12429 1444828378.709915 4.390137 -49.866791 -129.858398 -1.104126 1.312866 -0.36377
12430 1444828378.719987 4.512085 -49.729919 -129.966614 -1.098633 1.309204 -0.373535
12431 1444828378.730103 4.471436 -49.684296 -129.966614 -1.096802 1.319275 -0.393677
12432 1444828378.740224 4.430786 -49.684296 -130.128937 -1.087646 1.324768 -0.407104
12433 1444828378.750288 4.430786 -49.729919 -130.074829 -1.07666 1.324768 -0.420532
12434 1444828378.760353 4.512085 -49.638672 -130.183044 -1.062927 1.333923 -0.436401
12435 1444828378.770489 4.390137 -49.775543 -130.399475 -1.057434 1.348572 -0.442505
12436 1444828378.780617 4.552734 -49.684296 -130.453583 -1.051941 1.355896 -0.444946
12437 1444828378.790783 4.512085 -49.775543 -130.724121 -1.043701 1.358643 -0.458984
12438 1444828378.800865 4.430786 -49.821167 -130.561798 -1.051025 1.360474 -0.449219
12439 1444828378.810985 4.552734 -49.729919 -130.615906 -1.049194 1.365051 -0.446777
12440 1444828378.821101 4.471436 -49.775543 -130.345367 -1.056519 1.350403 -0.444946
12441 1444828378.831172 4.634033 -49.638672 -130.399475 -1.05835 1.346741 -0.438843
12442 1444828378.841262 4.390137 -49.821167 -130.020721 -1.078491 1.332092 -0.415039
12443 1444828378.851323 4.471436 -49.775543 -130.237152 -1.082153 1.324768 -0.408325
12444 1444828378.861371 4.390137 -49.729919 -130.128937 -1.098633 1.312866 -0.39917
12445 1444828378.871429 4.349487 -49.775543 -130.020721 -1.097717 1.309204 -0.376587
12446 1444828378.881492 4.471436 -49.821167 -129.641968 -1.10321 1.30188 -0.365601
12447 1444828378.891549 4.390137 -49.729919 -129.912506 -1.105042 1.304626 -0.370483
12448 1444828378.901630 4.430786 -49.775543 -129.641968 -1.112366 1.309204 -0.355835
12449 1444828378.911689 4.471436 -49.684296 -129.804291 -1.101379 1.32019 -0.362549
12450 1444828378.921754 4.430786 -49.729919 -129.58786 -1.10321 1.333008 -0.371704
12451 1444828378.931785 4.430786 -49.684296 -129.58786 -1.102295 1.327515 -0.376587
12452 1444828378.941814 4.308838 -49.821167 -129.641968 -1.098633 1.331177 -0.402832
12453 1444828378.951871 4.308838 -49.821167 -129.750183 -1.096802 1.333008 -0.39856
12454 1444828378.961928 4.349487 -49.638672 -129.641968 -1.081238 1.32843 -0.422974
12455 1444828378.971962 4.430786 -49.593048 -129.696075 -1.082153 1.331177 -0.427856
12456 1444828378.982016 4.390137 -49.547424 -129.912506 -1.079407 1.337585 -0.441284
12457 1444828378.992073 4.390137 -49.593048 -129.750183 -1.070251 1.343079 -0.440063
12458 1444828379.002129 4.390137 -49.821167 -130.237152 -1.07666 1.353149 -0.455322
12459 1444828379.012185 4.430786 -49.638672 -129.912506 -1.066589 1.352234 -0.443115
12460 1444828379.022241 4.349487 -49.866791 -130.237152 -1.073914 1.364136 -0.441895
12461 1444828379.032296 4.634033 -49.821167 -130.29126 -1.064758 1.348572 -0.426636
12462 1444828379.042368 4.430786 -49.821167 -130.561798 -1.063843 1.352234 -0.422974
12463 1444828379.052423 4.512085 -49.775543 -130.50769 -1.072998 1.332092 -0.408936
12464 1444828379.062479 4.512085 -49.775543 -130.29126 -1.080322 1.330261 -0.395508
12465 1444828379.072535 4.471436 -49.821167 -130.345367 -1.086731 1.318359 -0.387573
12466 1444828379.082590 4.471436 -49.775543 -130.345367 -1.085815 1.31012 -0.379028
12467 1444828379.092646 4.349487 -49.684296 -130.29126 -1.092224 1.308289 -0.38147
12468 1444828379.102710 4.390137 -49.821167 -130.29126 -1.100464 1.304626 -0.374756
12469 1444828379.112767 4.430786 -49.821167 -129.966614 -1.102295 1.31012 -0.370483
12470 1444828379.122849 4.471436 -49.821167 -130.453583 -1.096802 1.311951 -0.377197
12471 1444828379.132904 4.390137 -49.775543 -130.074829 -1.088562 1.321106 -0.372925
12472 1444828379.142959 4.430786 -49.775543 -129.966614 -1.089478 1.329346 -0.385742
12473 1444828379.153015 4.390137 -49.729919 -130.020721 -1.082153 1.331177 -0.395508
12474 1444828379.163071 4.471436 -49.638672 -130.020721 -1.079407 1.332092 -0.404053
12475 1444828379.173161 4.430786 -49.684296 -130.074829 -1.072083 1.334839 -0.420532
12476 1444828379.183216 4.349487 -49.593048 -130.020721 -1.072998 1.34491 -0.427246
12477 1444828379.193271 4.268188 -49.729919 -129.912506 -1.075745 1.346741 -0.443115
12478 1444828379.203328 4.471436 -49.638672 -129.696075 -1.073914 1.343994 -0.442505
12479 1444828379.213384 4.471436 -49.638672 -130.074829 -1.073914 1.338501 -0.441284
12480 1444828379.223439 4.349487 -49.593048 -129.696075 -1.081238 1.343079 -0.437012
12481 1444828379.233496 4.349487 -49.684296 -130.020721 -1.079407 1.346741 -0.440063
12482 1444828379.243558 4.593384 -49.547424 -129.966614 -1.081238 1.339417 -0.426636
12483 1444828379.253599 4.634033 -49.547424 -130.020721 -1.081238 1.334839 -0.413208
12484 1444828379.263669 4.471436 -49.775543 -129.696075 -1.086731 1.331177 -0.401611
12485 1444828379.273741 4.390137 -49.866791 -129.804291 -1.098633 1.329346 -0.387573
12486 1444828379.283797 4.471436 -49.775543 -129.750183 -1.094971 1.32843 -0.375977
12487 1444828379.293854 4.430786 -49.775543 -129.912506 -1.091309 1.317444 -0.368652
12488 1444828379.303911 4.349487 -49.821167 -129.58786 -1.102295 1.319275 -0.38147
12489 1444828379.313975 4.430786 -49.729919 -129.58786 -1.098633 1.306458 -0.367432
12490 1444828379.324050 4.430786 -49.775543 -129.804291 -1.105042 1.315613 -0.378418
12491 1444828379.334109 4.308838 -49.912415 -129.912506 -1.099548 1.315613 -0.383911
12492 1444828379.344189 4.430786 -49.821167 -130.183044 -1.090393 1.322021 -0.390015
12493 1444828379.354264 4.471436 -49.684296 -130.020721 -1.094971 1.323853 -0.392456
12494 1444828379.364355 4.471436 -49.729919 -130.183044 -1.07666 1.330261 -0.405273
12495 1444828379.374485 4.552734 -49.593048 -130.29126 -1.06842 1.333008 -0.418701
12496 1444828379.384680 4.471436 -49.866791 -130.237152 -1.067505 1.340332 -0.423584
12497 1444828379.394775 4.634033 -49.684296 -130.183044 -1.064758 1.34491 -0.429077
12498 1444828379.404854 4.512085 -49.821167 -130.237152 -1.062927 1.345825 -0.437012
12499 1444828379.414979 4.634033 -49.638672 -130.183044 -1.055603 1.340332 -0.432129
12500 1444828379.425191 4.471436 -49.729919 -129.912506 -1.06842 1.339417 -0.430908
12501 1444828379.435290 4.390137 -49.684296 -130.29126 -1.066589 1.346741 -0.438843
12502 1444828379.445373 4.349487 -49.821167 -130.074829 -1.075745 1.337585 -0.426025
12503 1444828379.455450 4.634033 -49.729919 -130.020721 -1.079407 1.329346 -0.419312
12504 1444828379.465688 4.430786 -49.638672 -129.858398 -1.087646 1.333923 -0.41748
12505 1444828379.475926 4.268188 -49.775543 -129.966614 -1.09314 1.332092 -0.405273
12506 1444828379.486065 4.430786 -49.775543 -129.912506 -1.09314 1.326599 -0.389404
12507 1444828379.496234 4.390137 -49.775543 -129.750183 -1.096802 1.318359 -0.380859
12508 1444828379.506364 4.349487 -49.775543 -129.696075 -1.096802 1.319275 -0.38147
12509 1444828379.516491 4.430786 -49.775543 -129.696075 -1.097717 1.312866 -0.372314
12510 1444828379.526549 4.390137 -49.729919 -129.804291 -1.095886 1.319275 -0.378418
12511 1444828379.536617 4.430786 -49.866791 -129.58786 -1.105042 1.314697 -0.371704
12512 1444828379.546675 4.471436 -49.684296 -129.750183 -1.099548 1.32019 -0.393066
12513 1444828379.556766 4.227539 -49.866791 -129.696075 -1.10321 1.327515 -0.403442
12514 1444828379.566993 4.512085 -49.547424 -129.533752 -1.098633 1.324768 -0.394897
12515 1444828379.577118 4.390137 -49.775543 -129.804291 -1.090393 1.333923 -0.421753
12516 1444828379.587252 4.349487 -49.729919 -129.641968 -1.087646 1.332092 -0.403442
12517 1444828379.597365 4.471436 -49.593048 -130.074829 -1.07666 1.337585 -0.426636
12518 1444828379.607559 4.512085 -49.638672 -129.966614 -1.072083 1.335754 -0.425415
12519 1444828379.617617 4.552734 -49.638672 -130.183044 -1.066589 1.341248 -0.429077
12520 1444828379.627725 4.512085 -49.729919 -130.020721 -1.067505 1.337585 -0.429077
12521 1444828379.637813 4.512085 -49.638672 -130.399475 -1.063843 1.346741 -0.43335
12522 1444828379.647837 4.634033 -49.638672 -130.128937 -1.073914 1.339417 -0.420532
12523 1444828379.658101 4.430786 -49.775543 -130.128937 -1.075745 1.338501 -0.420532
12524 1444828379.668160 4.512085 -49.729919 -130.128937 -1.083069 1.329346 -0.412598
12525 1444828379.678238 4.430786 -49.638672 -130.29126 -1.085815 1.33667 -0.39978
12526 1444828379.688366 4.512085 -49.684296 -130.183044 -1.086731 1.316528 -0.394897
12527 1444828379.698487 4.471436 -49.866791 -130.020721 -1.089478 1.32019 -0.390625
12528 1444828379.708628 4.308838 -49.775543 -130.128937 -1.094971 1.321106 -0.385742
12529 1444828379.718732 4.471436 -49.775543 -130.29126 -1.091309 1.314697 -0.375366
12530 1444828379.728853 4.512085 -49.866791 -130.128937 -1.087646 1.316528 -0.383911
12531 1444828379.738979 4.512085 -49.729919 -130.128937 -1.083984 1.316528 -0.374146
12532 1444828379.749333 4.471436 -49.729919 -129.966614 -1.09314 1.322937 -0.379639
12533 1444828379.759530 4.349487 -49.684296 -130.020721 -1.085815 1.324768 -0.386353
12534 1444828379.769709 4.349487 -49.866791 -130.020721 -1.090393 1.330261 -0.404053
12535 1444828379.779810 4.552734 -49.684296 -129.966614 -1.080322 1.329346 -0.404053
12536 1444828379.789948 4.471436 -49.775543 -129.966614 -1.082153 1.334839 -0.419312
12537 1444828379.800090 4.471436 -49.729919 -130.074829 -1.088562 1.334839 -0.41687
12538 1444828379.810235 4.430786 -49.775543 -130.020721 -1.080322 1.335754 -0.429077
12539 1444828379.820288 4.430786 -49.729919 -129.804291 -1.085815 1.339417 -0.431519
12540 1444828379.830429 4.512085 -49.638672 -130.128937 -1.078491 1.339417 -0.429688
12541 1444828379.840577 4.512085 -49.775543 -129.696075 -1.081238 1.338501 -0.429688
12542 1444828379.850708 4.593384 -49.547424 -129.912506 -1.074829 1.332092 -0.418701
12543 1444828379.860820 4.308838 -49.866791 -129.750183 -1.082153 1.341248 -0.420532
12544 1444828379.870983 4.471436 -49.775543 -130.074829 -1.087646 1.340332 -0.404663
12545 1444828379.881055 4.390137 -49.638672 -129.696075 -1.085815 1.329346 -0.401001
12546 1444828379.891239 4.390137 -49.729919 -129.804291 -1.088562 1.331177 -0.393066
12547 1444828379.901368 4.471436 -49.593048 -129.858398 -1.094971 1.322937 -0.383301
12548 1444828379.911425 4.430786 -49.866791 -129.966614 -1.096802 1.32019 -0.396729
12549 1444828379.921543 4.471436 -49.821167 -129.858398 -1.095886 1.317444 -0.38269
12550 1444828379.931619 4.593384 -49.638672 -130.020721 -1.09314 1.312866 -0.384521
12551 1444828379.941798 4.390137 -49.821167 -130.020721 -1.097717 1.318359 -0.391235
12552 1444828379.951913 4.512085 -49.638672 -130.183044 -1.088562 1.32019 -0.391846
12553 1444828379.961986 4.512085 -49.821167 -130.020721 -1.088562 1.321106 -0.389404
12554 1444828379.972052 4.390137 -49.866791 -130.237152 -1.083069 1.326599 -0.403442
12555 1444828379.982136 4.512085 -49.821167 -129.912506 -1.083069 1.330261 -0.400391
12556 1444828379.992216 4.430786 -49.729919 -130.399475 -1.077576 1.334839 -0.41626
12557 1444828380.002299 4.390137 -49.866791 -129.966614 -1.077576 1.343079 -0.424805
12558 1444828380.012512 4.471436 -49.729919 -130.183044 -1.072083 1.343079 -0.421143
12559 1444828380.022630 4.552734 -49.638672 -129.966614 -1.078491 1.335754 -0.426025
12560 1444828380.033478 4.430786 -49.821167 -130.237152 -1.07666 1.339417 -0.427246
12561 1444828380.043543 4.390137 -49.821167 -130.183044 -1.072083 1.340332 -0.430298
12562 1444828380.053622 4.593384 -49.547424 -130.128937 -1.077576 1.342163 -0.419922
12563 1444828380.063696 4.430786 -49.638672 -129.750183 -1.080322 1.337585 -0.418701
12564 1444828380.073774 4.308838 -49.775543 -129.858398 -1.082153 1.33667 -0.411377
12565 1444828380.083836 4.390137 -49.638672 -129.858398 -1.078491 1.330261 -0.411377
12566 1444828380.093908 4.593384 -49.775543 -129.966614 -1.090393 1.325684 -0.403442
12567 1444828380.103992 4.471436 -49.684296 -129.750183 -1.091309 1.322937 -0.390625
12568 1444828380.114076 4.390137 -49.775543 -129.912506 -1.095886 1.32843 -0.395508
12569 1444828380.124172 4.390137 -49.684296 -129.804291 -1.094055 1.322021 -0.386963
12570 1444828380.134416 4.471436 -49.684296 -129.533752 -1.096802 1.322021 -0.388184
12571 1444828380.144473 4.349487 -49.684296 -129.966614 -1.094971 1.326599 -0.393677
12572 1444828380.154926 4.390137 -49.821167 -129.696075 -1.098633 1.327515 -0.390625
12573 1444828380.165154 4.430786 -49.684296 -129.966614 -1.094971 1.322021 -0.391846
12574 1444828380.175391 4.512085 -49.821167 -129.858398 -1.089478 1.326599 -0.395508
12575 1444828380.185476 4.390137 -49.775543 -129.804291 -1.091309 1.322021 -0.402222
12576 1444828380.195536 4.268188 -49.866791 -129.696075 -1.095886 1.330261 -0.412598
12577 1444828380.205614 4.512085 -49.775543 -129.912506 -1.080322 1.326599 -0.402222
12578 1444828380.215700 4.471436 -49.775543 -129.912506 -1.081238 1.334839 -0.414429
12579 1444828380.225789 4.430786 -49.684296 -130.074829 -1.071167 1.333008 -0.41687
12580 1444828380.235886 4.552734 -49.638672 -129.804291 -1.072083 1.341248 -0.418701
12581 1444828380.245987 4.349487 -49.729919 -130.128937 -1.073914 1.342163 -0.427856
12582 1444828380.256072 4.512085 -49.684296 -130.183044 -1.073914 1.339417 -0.418091
12583 1444828380.266141 4.390137 -49.866791 -130.183044 -1.083069 1.339417 -0.427856
12584 1444828380.276194 4.552734 -49.821167 -129.966614 -1.074829 1.325684 -0.413208
12585 1444828380.286276 4.349487 -49.729919 -130.128937 -1.081238 1.337585 -0.41687
12586 1444828380.296416 4.512085 -49.638672 -130.128937 -1.077576 1.32843 -0.404053
12587 1444828380.306534 4.430786 -49.866791 -130.074829 -1.083984 1.322021 -0.393677
12588 1444828380.316686 4.471436 -49.821167 -130.237152 -1.086731 1.322937 -0.391846
12589 1444828380.326743 4.349487 -49.821167 -130.074829 -1.086731 1.318359 -0.388794
12590 1444828380.336820 4.430786 -49.775543 -129.966614 -1.091309 1.32019 -0.391235
12591 1444828380.346878 4.430786 -49.775543 -129.858398 -1.089478 1.326599 -0.392456
12592 1444828380.356920 4.390137 -49.912415 -129.912506 -1.094971 1.323853 -0.389404
12593 1444828380.367017 4.390137 -49.729919 -130.128937 -1.088562 1.323853 -0.391235
12594 1444828380.377059 4.390137 -49.684296 -129.696075 -1.090393 1.324768 -0.395508
12595 1444828380.387119 4.390137 -49.638672 -129.58786 -1.091309 1.329346 -0.39978
12596 1444828380.397175 4.552734 -49.638672 -129.912506 -1.089478 1.326599 -0.400391
12597 1444828380.407277 4.430786 -49.866791 -129.750183 -1.090393 1.329346 -0.414429
12598 1444828380.417481 4.512085 -49.729919 -129.641968 -1.090393 1.333923 -0.405884
12599 1444828380.427553 4.349487 -49.821167 -129.804291 -1.081238 1.339417 -0.422363
12600 1444828380.437614 4.390137 -49.729919 -129.641968 -1.083069 1.331177 -0.413818
12601 1444828380.447691 4.430786 -49.729919 -129.804291 -1.075745 1.331177 -0.415649
12602 1444828380.457774 4.349487 -49.866791 -129.750183 -1.082153 1.333008 -0.410156
12603 1444828380.467816 4.308838 -49.821167 -129.750183 -1.083984 1.32843 -0.410156
12604 1444828380.477887 4.349487 -49.775543 -129.533752 -1.082153 1.322937 -0.404053
12605 1444828380.487983 4.430786 -49.684296 -129.479645 -1.120605 1.304626 -0.379639
12606 1444828380.498066 4.430786 -49.775543 -129.479645 -1.129761 1.313782 -0.385742
12607 1444828380.508124 4.349487 -49.775543 -129.750183 -1.082153 1.32843 -0.386963
12608 1444828380.518180 4.552734 -49.638672 -129.479645 -1.088562 1.324768 -0.38269
12609 1444828380.528245 4.471436 -49.775543 -129.641968 -1.090393 1.317444 -0.39917
12610 1444828380.538301 4.430786 -49.729919 -129.858398 -1.094971 1.323853 -0.392456
12611 1444828380.548364 4.430786 -49.866791 -130.183044 -1.086731 1.34491 -0.397339
12612 1444828380.558424 4.552734 -49.593048 -130.183044 -1.066589 1.351318 -0.407715
12613 1444828380.568480 4.512085 -49.547424 -130.020721 -1.077576 1.353149 -0.424194
12614 1444828380.578538 4.430786 -49.729919 -130.128937 -1.085815 1.337585 -0.428467
12615 1444828380.588612 4.471436 -49.775543 -130.561798 -1.062927 1.327515 -0.426025
12616 1444828380.598670 4.430786 -49.775543 -130.50769 -1.05835 1.331177 -0.421753
12617 1444828380.608733 4.390137 -49.821167 -130.561798 -1.055603 1.319275 -0.421753
12618 1444828380.618793 4.430786 -49.684296 -130.50769 -1.066589 1.315613 -0.429077
12619 1444828380.628854 4.471436 -49.866791 -130.128937 -1.069336 1.321106 -0.41687
12620 1444828380.638916 4.512085 -49.684296 -130.345367 -1.065674 1.343079 -0.408325
12621 1444828380.648986 4.471436 -49.729919 -129.912506 -1.089478 1.357727 -0.404053
12622 1444828380.659052 4.552734 -49.684296 -130.345367 -1.085815 1.353149 -0.401001
12623 1444828380.669117 4.552734 -49.729919 -130.074829 -1.089478 1.340332 -0.392456
12624 1444828380.679173 4.512085 -49.775543 -130.453583 -1.075745 1.326599 -0.386353
12625 1444828380.689245 4.349487 -49.866791 -129.858398 -1.087646 1.316528 -0.38269
12626 1444828380.699299 4.512085 -49.821167 -129.696075 -1.105042 1.30188 -0.377197
12627 1444828380.709381 4.268188 -49.775543 -129.58786 -1.101379 1.30188 -0.388794
12628 1444828380.719460 4.349487 -49.729919 -129.533752 -1.094971 1.302795 -0.380249
12629 1444828380.729516 4.268188 -49.775543 -129.533752 -1.097717 1.306458 -0.384521
12630 1444828380.739580 4.512085 -49.638672 -129.641968 -1.098633 1.316528 -0.388794
12631 1444828380.749678 4.471436 -49.547424 -129.58786 -1.097717 1.339417 -0.407715
12632 1444828380.759750 4.390137 -49.821167 -129.58786 -1.092224 1.350403 -0.408325
12633 1444828380.769792 4.552734 -49.638672 -129.533752 -1.083069 1.360474 -0.409546
12634 1444828380.779869 4.512085 -49.547424 -129.804291 -1.088562 1.365967 -0.419922
12635 1444828380.789931 4.593384 -49.684296 -129.479645 -1.089478 1.350403 -0.424194
12636 1444828380.800042 4.512085 -49.775543 -129.750183 -1.090393 1.339417 -0.420532
12637 1444828380.810141 4.349487 -49.593048 -129.750183 -1.075745 1.331177 -0.426025
12638 1444828380.820248 4.471436 -49.729919 -129.966614 -1.075745 1.315613 -0.426025
12639 1444828380.830299 4.471436 -49.729919 -129.750183 -1.085815 1.32019 -0.411987
12640 1444828380.840392 4.512085 -49.638672 -129.858398 -1.078491 1.322937 -0.415649
12641 1444828380.850481 4.430786 -49.866791 -130.074829 -1.086731 1.333923 -0.407104
12642 1444828380.860537 4.390137 -49.684296 -130.020721 -1.0849 1.341248 -0.410156
12643 1444828380.870607 4.349487 -49.729919 -130.074829 -1.087646 1.345825 -0.410156
12644 1444828380.880644 4.471436 -49.866791 -130.399475 -1.083984 1.338501 -0.388184
12645 1444828380.890733 4.390137 -49.684296 -130.345367 -1.077576 1.333923 -0.388184
12646 1444828380.900837 4.755981 -49.638672 -130.345367 -1.087646 1.325684 -0.372925
12647 1444828380.910894 4.430786 -49.866791 -130.399475 -1.078491 1.322937 -0.390015
12648 1444828380.920975 4.552734 -49.821167 -130.020721 -1.081238 1.325684 -0.383911
12649 1444828380.931111 4.430786 -49.821167 -130.237152 -1.083069 1.321106 -0.388794
12650 1444828380.941357 4.512085 -49.684296 -130.128937 -1.072998 1.311035 -0.394287
12651 1444828380.951422 4.390137 -49.866791 -130.453583 -1.083984 1.318359 -0.39856
12652 1444828380.961525 4.349487 -49.775543 -130.074829 -1.087646 1.326599 -0.407715
12653 1444828380.971607 4.512085 -49.638672 -130.128937 -1.080322 1.334839 -0.41748
12654 1444828380.981671 4.512085 -49.638672 -130.020721 -1.082153 1.334839 -0.414429
12655 1444828380.991785 4.390137 -49.775543 -130.020721 -1.073914 1.346741 -0.418091
12656 1444828381.001851 4.471436 -49.775543 -129.912506 -1.082153 1.341248 -0.422363
12657 1444828381.011910 4.471436 -49.684296 -130.128937 -1.088562 1.337585 -0.421753
12658 1444828381.021983 4.430786 -49.866791 -129.912506 -1.079407 1.352234 -0.421753
12659 1444828381.032043 4.674683 -49.638672 -130.074829 -1.056519 1.354065 -0.429077
12660 1444828381.042105 4.512085 -49.775543 -129.804291 -1.06842 1.346741 -0.431519
12661 1444828381.052197 4.471436 -49.729919 -129.696075 -1.079407 1.337585 -0.422974
12662 1444828381.062296 4.349487 -49.593048 -129.804291 -1.089478 1.330261 -0.401611
12663 1444828381.072361 4.308838 -49.729919 -129.58786 -1.104126 1.32843 -0.409546
12664 1444828381.082449 4.308838 -49.547424 -129.533752 -1.0849 1.321106 -0.390015
12665 1444828381.092505 4.14624 -49.729919 -129.263214 -1.106873 1.311035 -0.388794
12666 1444828381.102575 4.430786 -49.547424 -129.263214 -1.110535 1.290894 -0.369263
12667 1444828381.112662 4.349487 -49.821167 -129.425537 -1.110535 1.296387 -0.362549
12668 1444828381.122742 4.390137 -49.775543 -129.912506 -1.101379 1.307373 -0.356445
12669 1444828381.132810 4.471436 -49.729919 -129.533752 -1.094971 1.327515 -0.36377
12670 1444828381.142882 4.471436 -49.638672 -129.533752 -1.102295 1.333008 -0.375977
12671 1444828381.152940 4.674683 -49.821167 -129.533752 -1.10321 1.333923 -0.384521
12672 1444828381.163047 4.552734 -49.775543 -129.912506 -1.088562 1.34491 -0.39856
12673 1444828381.173194 4.593384 -49.729919 -130.128937 -1.085815 1.353149 -0.424805
12674 1444828381.183358 4.390137 -49.866791 -130.128937 -1.069336 1.349487 -0.443726
12675 1444828381.193410 4.308838 -49.775543 -130.020721 -1.040039 1.343994 -0.452881
12676 1444828381.203534 4.430786 -49.775543 -130.074829 -1.049194 1.323853 -0.450439
12677 1444828381.213586 4.308838 -49.958038 -130.020721 -1.061096 1.319275 -0.449829
12678 1444828381.223640 4.390137 -49.501801 -130.345367 -1.070251 1.32019 -0.432739
12679 1444828381.233696 4.390137 -49.729919 -129.966614 -1.079407 1.329346 -0.438232
12680 1444828381.243803 4.390137 -49.638672 -129.966614 -1.064758 1.335754 -0.421143
12681 1444828381.253916 4.430786 -49.729919 -129.696075 -1.088562 1.332092 -0.408936
12682 1444828381.263977 4.308838 -49.912415 -129.966614 -1.09314 1.324768 -0.394897
12683 1444828381.274070 4.471436 -49.775543 -130.020721 -1.090393 1.335754 -0.361938
12684 1444828381.284131 4.430786 -50.003662 -129.966614 -1.087646 1.337585 -0.366211
12685 1444828381.294189 4.390137 -49.866791 -129.696075 -1.090393 1.330261 -0.372314
12686 1444828381.304277 4.512085 -49.684296 -129.479645 -1.109619 1.322021 -0.362549
12687 1444828381.314333 4.268188 -49.775543 -129.371429 -1.113281 1.313782 -0.369263
12688 1444828381.324424 4.308838 -49.729919 -129.479645 -1.116943 1.300964 -0.367432
12689 1444828381.334480 4.390137 -49.684296 -129.58786 -1.11145 1.300964 -0.383911
12690 1444828381.344568 4.349487 -49.775543 -129.425537 -1.105042 1.29364 -0.39856
12691 1444828381.354626 4.390137 -49.456177 -129.425537 -1.094971 1.294556 -0.405884
12692 1444828381.364683 4.349487 -49.684296 -129.58786 -1.081238 1.318359 -0.407715
12693 1444828381.374752 4.552734 -49.638672 -129.912506 -1.077576 1.330261 -0.411987
12694 1444828381.384826 4.471436 -49.775543 -129.804291 -1.079407 1.355896 -0.437012
12695 1444828381.394886 4.512085 -49.638672 -129.912506 -1.072998 1.364136 -0.430298
12696 1444828381.404948 4.593384 -49.729919 -129.966614 -1.072083 1.365051 -0.441284
12697 1444828381.415004 4.552734 -49.638672 -130.183044 -1.064758 1.36322 -0.444336
12698 1444828381.425064 4.430786 -49.775543 -129.858398 -1.071167 1.362305 -0.428467
12699 1444828381.435120 4.471436 -49.638672 -130.020721 -1.072083 1.340332 -0.426636
12700 1444828381.445177 4.390137 -49.593048 -129.858398 -1.074829 1.329346 -0.426636
12701 1444828381.455236 4.430786 -49.729919 -129.858398 -1.071167 1.314697 -0.41687
12702 1444828381.465293 4.227539 -49.912415 -130.020721 -1.089478 1.294556 -0.396118
12703 1444828381.475369 4.227539 -49.821167 -130.020721 -1.09314 1.305542 -0.38208
12704 1444828381.485425 4.430786 -49.684296 -130.29126 -1.087646 1.305542 -0.377197
12705 1444828381.495481 4.430786 -49.821167 -130.074829 -1.088562 1.321106 -0.368652
12706 1444828381.505559 4.430786 -49.729919 -130.074829 -1.0849 1.329346 -0.371094
12707 1444828381.515627 4.308838 -49.958038 -129.966614 -1.097717 1.341248 -0.369873
12708 1444828381.525683 4.471436 -49.912415 -130.237152 -1.090393 1.347656 -0.375977
12709 1444828381.535742 4.349487 -49.912415 -130.183044 -1.088562 1.333923 -0.384521
12710 1444828381.545806 4.512085 -49.775543 -130.074829 -1.082153 1.323853 -0.383911
12711 1444828381.555851 4.512085 -49.775543 -130.020721 -1.083069 1.313782 -0.397949
12712 1444828381.565907 4.430786 -49.684296 -129.966614 -1.087646 1.318359 -0.409546
12713 1444828381.575977 4.552734 -49.593048 -129.750183 -1.080322 1.316528 -0.41687
12714 1444828381.586024 4.390137 -49.638672 -129.912506 -1.074829 1.319275 -0.431519
12715 1444828381.596096 4.430786 -49.684296 -129.641968 -1.079407 1.32843 -0.432739
12716 1444828381.606157 4.349487 -49.684296 -129.804291 -1.07666 1.342163 -0.441284
12717 1444828381.616197 4.471436 -49.501801 -129.750183 -1.072998 1.355896 -0.440063
12718 1444828381.626271 4.471436 -49.821167 -129.804291 -1.07666 1.356812 -0.430908
12719 1444828381.636331 4.512085 -49.684296 -129.58786 -1.077576 1.359558 -0.427246
12720 1444828381.646391 4.471436 -49.684296 -129.696075 -1.085815 1.357727 -0.421143
12721 1444828381.656447 4.308838 -49.821167 -129.750183 -1.0849 1.349487 -0.41687
12722 1444828381.666504 4.430786 -49.593048 -129.858398 -1.083984 1.331177 -0.405884
12723 1444828381.676563 4.308838 -49.821167 -129.533752 -1.098633 1.32019 -0.386353
12724 1444828381.686639 4.512085 -49.593048 -129.858398 -1.095886 1.312866 -0.384521
12725 1444828381.696710 4.268188 -49.821167 -129.533752 -1.106873 1.302795 -0.378418
12726 1444828381.706787 4.308838 -49.729919 -129.641968 -1.101379 1.309204 -0.372314
12727 1444828381.716877 4.349487 -49.729919 -129.641968 -1.105042 1.309204 -0.380249
12728 1444828381.726937 4.430786 -49.775543 -129.750183 -1.101379 1.316528 -0.376587
12729 1444828381.737109 4.430786 -49.866791 -129.858398 -1.099548 1.325684 -0.384521
12730 1444828381.747197 4.430786 -49.638672 -130.074829 -1.082153 1.327515 -0.388184
12731 1444828381.757276 4.430786 -49.866791 -130.128937 -1.080322 1.334839 -0.385742
12732 1444828381.767362 4.471436 -49.775543 -130.128937 -1.075745 1.346741 -0.407104
12733 1444828381.777485 4.430786 -49.775543 -130.29126 -1.075745 1.339417 -0.411377
12734 1444828381.787931 4.390137 -49.821167 -130.128937 -1.075745 1.345825 -0.415649
12735 1444828381.798054 4.430786 -49.684296 -130.128937 -1.070251 1.342163 -0.424194
12736 1444828381.808190 4.390137 -49.684296 -130.29126 -1.071167 1.335754 -0.432129
12737 1444828381.818278 4.390137 -49.593048 -130.345367 -1.067505 1.332092 -0.430908
12738 1444828381.828362 4.634033 -49.501801 -130.074829 -1.065674 1.32843 -0.430298
12739 1444828381.838433 4.227539 -49.912415 -130.020721 -1.074829 1.333923 -0.437622
12740 1444828381.848547 4.552734 -49.547424 -129.912506 -1.069336 1.333923 -0.422974
12741 1444828381.858615 4.430786 -49.866791 -130.074829 -1.083069 1.337585 -0.425415
12742 1444828381.868683 4.430786 -49.729919 -129.912506 -1.078491 1.34491 -0.404053
12743 1444828381.878869 4.430786 -49.821167 -130.074829 -1.080322 1.331177 -0.400391
12744 1444828381.888983 4.349487 -49.866791 -129.804291 -1.092224 1.333923 -0.385742
12745 1444828381.899065 4.471436 -49.684296 -129.912506 -1.092224 1.324768 -0.380859
12746 1444828381.909378 4.471436 -49.729919 -129.696075 -1.106873 1.315613 -0.377197
12747 1444828381.919491 4.268188 -49.912415 -129.750183 -1.108704 1.321106 -0.38147
12748 1444828381.929859 4.471436 -49.684296 -129.641968 -1.110535 1.307373 -0.366211
12749 1444828381.939926 4.430786 -49.593048 -129.641968 -1.10321 1.303711 -0.375977
12750 1444828381.950094 4.308838 -49.547424 -129.696075 -1.095886 1.308289 -0.389404
12751 1444828381.960185 4.308838 -49.775543 -129.533752 -1.097717 1.316528 -0.392456
12752 1444828381.970302 4.471436 -49.547424 -129.912506 -1.081238 1.322937 -0.408325
12753 1444828381.980518 4.471436 -49.684296 -129.696075 -1.086731 1.342163 -0.419312
12754 1444828381.990692 4.430786 -49.729919 -129.912506 -1.083069 1.342163 -0.422974
12755 1444828382.000770 4.512085 -49.729919 -129.966614 -1.078491 1.347656 -0.425415
12756 1444828382.010910 4.471436 -49.684296 -130.020721 -1.074829 1.347656 -0.428467
12757 1444828382.020963 4.512085 -49.684296 -130.183044 -1.067505 1.343079 -0.432739
12758 1444828382.031073 4.471436 -49.775543 -129.966614 -1.075745 1.338501 -0.430908
12759 1444828382.041188 4.512085 -49.638672 -130.183044 -1.074829 1.330261 -0.426025
12760 1444828382.051302 4.552734 -49.729919 -130.29126 -1.074829 1.32843 -0.419312
12761 1444828382.061377 4.471436 -49.821167 -130.074829 -1.079407 1.322021 -0.41626
12762 1444828382.071476 4.512085 -49.638672 -130.29126 -1.07666 1.32019 -0.418701
12763 1444828382.081533 4.512085 -49.821167 -129.804291 -1.086731 1.317444 -0.404663
12764 1444828382.091695 4.430786 -49.821167 -130.345367 -1.083984 1.323853 -0.397949
12765 1444828382.101814 4.390137 -49.729919 -129.966614 -1.086731 1.321106 -0.386963
12766 1444828382.111877 4.430786 -49.729919 -130.074829 -1.085815 1.326599 -0.386353
12767 1444828382.121941 4.430786 -49.821167 -129.912506 -1.091309 1.327515 -0.38208
12768 1444828382.132080 4.390137 -49.821167 -130.128937 -1.091309 1.32843 -0.379028
12769 1444828382.142202 4.430786 -49.821167 -130.128937 -1.089478 1.321106 -0.385742
12770 1444828382.152307 4.430786 -49.866791 -130.074829 -1.094971 1.315613 -0.384521
12771 1444828382.162423 4.552734 -49.684296 -129.966614 -1.089478 1.311951 -0.395508
12772 1444828382.172549 4.512085 -49.729919 -130.183044 -1.09314 1.316528 -0.407715
12773 1444828382.182674 4.390137 -49.729919 -129.858398 -1.087646 1.321106 -0.405273
12774 1444828382.192779 4.430786 -49.593048 -129.804291 -1.0849 1.323853 -0.410156
12775 1444828382.202845 4.552734 -49.501801 -130.020721 -1.078491 1.330261 -0.418701
12776 1444828382.212946 4.430786 -49.638672 -129.912506 -1.077576 1.339417 -0.426636
12777 1444828382.223070 4.471436 -49.638672 -130.020721 -1.075745 1.343994 -0.426025
12778 1444828382.233195 4.430786 -49.775543 -129.750183 -1.081238 1.348572 -0.430908
12779 1444828382.243290 4.471436 -49.684296 -130.020721 -1.079407 1.345825 -0.423584
12780 1444828382.253518 4.593384 -49.547424 -129.696075 -1.075745 1.340332 -0.408936
12781 1444828382.263664 4.512085 -49.684296 -130.020721 -1.079407 1.340332 -0.426636
12782 1444828382.273789 4.390137 -49.729919 -129.966614 -1.082153 1.330261 -0.404663
12783 1444828382.283959 4.471436 -49.684296 -129.966614 -1.090393 1.332092 -0.411377
12784 1444828382.294085 4.390137 -49.684296 -129.750183 -1.095886 1.324768 -0.400391
12785 1444828382.304199 4.390137 -49.821167 -129.912506 -1.094055 1.324768 -0.391235
12786 1444828382.314358 4.390137 -49.866791 -129.858398 -1.095886 1.314697 -0.391846
12787 1444828382.324444 4.268188 -49.593048 -130.128937 -1.088562 1.324768 -0.390625
12788 1444828382.334627 4.390137 -49.821167 -130.183044 -1.09314 1.323853 -0.383911
12789 1444828382.344697 4.390137 -49.866791 -130.020721 -1.090393 1.32019 -0.389404
12790 1444828382.354802 4.552734 -49.684296 -130.074829 -1.083984 1.326599 -0.386353
12791 1444828382.364942 4.430786 -49.821167 -130.237152 -1.086731 1.333008 -0.389404
12792 1444828382.375254 4.634033 -49.684296 -130.29126 -1.079407 1.322937 -0.39978
12793 1444828382.385301 4.308838 -49.866791 -130.29126 -1.080322 1.337585 -0.415039
12794 1444828382.395427 4.349487 -49.821167 -130.183044 -1.083069 1.334839 -0.411987
12795 1444828382.405619 4.593384 -49.684296 -129.966614 -1.078491 1.330261 -0.41748
12796 1444828382.415680 4.430786 -49.775543 -130.020721 -1.082153 1.332092 -0.421143
12797 1444828382.425945 4.471436 -49.638672 -130.453583 -1.067505 1.333923 -0.425415
12798 1444828382.436030 4.471436 -49.729919 -130.183044 -1.072998 1.333923 -0.424194
12799 1444828382.446113 4.512085 -49.638672 -130.020721 -1.073914 1.335754 -0.418701
12800 1444828382.456175 4.430786 -49.684296 -130.29126 -1.07666 1.340332 -0.43335
12801 1444828382.466276 4.471436 -49.866791 -129.966614 -1.087646 1.335754 -0.405884
12802 1444828382.476383 4.430786 -49.775543 -129.912506 -1.079407 1.340332 -0.410767
12803 1444828382.486519 4.471436 -49.638672 -129.750183 -1.085815 1.333923 -0.403442
12804 1444828382.496662 4.268188 -49.821167 -130.020721 -1.094055 1.335754 -0.396729
12805 1444828382.506733 4.512085 -49.593048 -129.750183 -1.086731 1.322937 -0.394897
12806 1444828382.516831 4.349487 -49.775543 -129.966614 -1.095886 1.314697 -0.379639
12807 1444828382.526961 4.430786 -49.638672 -129.804291 -1.094055 1.319275 -0.383301
12808 1444828382.537075 4.390137 -49.775543 -129.858398 -1.095886 1.322021 -0.403442
12809 1444828382.547166 4.390137 -49.729919 -129.912506 -1.098633 1.322937 -0.390015
12810 1444828382.557307 4.471436 -49.775543 -129.912506 -1.097717 1.32019 -0.39917
12811 1444828382.567382 4.390137 -49.821167 -129.966614 -1.092224 1.32019 -0.397339
12812 1444828382.577455 4.390137 -49.775543 -130.074829 -1.091309 1.321106 -0.396729
12813 1444828382.587526 4.308838 -49.958038 -130.183044 -1.089478 1.333008 -0.406494
12814 1444828382.597639 4.471436 -49.729919 -129.912506 -1.080322 1.32843 -0.408325
12815 1444828382.607773 4.512085 -49.684296 -129.966614 -1.083984 1.334839 -0.408936
12816 1444828382.617891 4.552734 -49.547424 -130.183044 -1.073914 1.334839 -0.419312
12817 1444828382.627976 4.471436 -49.729919 -129.966614 -1.07666 1.340332 -0.425415
12818 1444828382.638102 4.552734 -49.593048 -130.183044 -1.074829 1.331177 -0.419922
12819 1444828382.648229 4.471436 -49.821167 -129.912506 -1.083069 1.332092 -0.421753
12820 1444828382.658286 4.390137 -49.638672 -130.020721 -1.075745 1.33667 -0.427246
12821 1444828382.668477 4.430786 -49.821167 -130.399475 -1.079407 1.331177 -0.422363
12822 1444828382.678652 4.471436 -49.684296 -130.020721 -1.079407 1.326599 -0.403442
12823 1444828382.688769 4.512085 -49.821167 -130.074829 -1.081238 1.333008 -0.413208
12824 1444828382.698915 4.430786 -49.821167 -130.399475 -1.083984 1.329346 -0.408325
12825 1444828382.708983 4.349487 -49.821167 -130.183044 -1.083984 1.331177 -0.410156
12826 1444828382.719068 4.268188 -49.866791 -129.966614 -1.091309 1.329346 -0.402832
12827 1444828382.729236 4.390137 -49.638672 -129.858398 -1.090393 1.322021 -0.388184
12828 1444828382.739324 4.593384 -49.821167 -130.074829 -1.094055 1.323853 -0.391235
12829 1444828382.749475 4.390137 -49.729919 -130.074829 -1.090393 1.318359 -0.394897
12830 1444828382.759592 4.349487 -49.866791 -129.966614 -1.09314 1.324768 -0.393677
12831 1444828382.769663 4.471436 -49.593048 -130.128937 -1.085815 1.319275 -0.397339
12832 1444828382.779733 4.308838 -49.821167 -130.020721 -1.092224 1.32843 -0.410767
12833 1444828382.789871 4.634033 -49.684296 -129.966614 -1.083984 1.32019 -0.405884
12834 1444828382.799935 4.268188 -49.729919 -129.696075 -1.089478 1.333008 -0.407104
12835 1444828382.810002 4.512085 -49.593048 -129.858398 -1.088562 1.330261 -0.406494
12836 1444828382.820050 4.430786 -49.729919 -130.074829 -1.083984 1.335754 -0.414429
12837 1444828382.830123 4.268188 -49.729919 -130.128937 -1.075745 1.337585 -0.41687
12838 1444828382.840169 4.512085 -49.729919 -129.858398 -1.083069 1.338501 -0.413208
12839 1444828382.850242 4.390137 -49.775543 -129.804291 -1.083069 1.339417 -0.423584
12840 1444828382.860297 4.430786 -49.684296 -129.750183 -1.083984 1.337585 -0.41687
12841 1444828382.870355 4.390137 -49.638672 -130.29126 -1.080322 1.33667 -0.41687
12842 1444828382.880411 4.308838 -49.729919 -130.020721 -1.081238 1.332092 -0.423584
12843 1444828382.890488 4.308838 -49.729919 -129.912506 -1.090393 1.330261 -0.407715
12844 1444828382.900532 4.349487 -49.729919 -129.912506 -1.087646 1.327515 -0.405884
12845 1444828382.910589 4.390137 -49.638672 -129.912506 -1.083984 1.323853 -0.404663
12846 1444828382.920647 4.430786 -49.638672 -129.804291 -1.0849 1.331177 -0.401611
12847 1444828382.930704 4.349487 -49.912415 -130.020721 -1.096802 1.323853 -0.390015
12848 1444828382.940761 4.593384 -49.684296 -130.237152 -1.0849 1.325684 -0.394287
12849 1444828382.950828 4.390137 -49.684296 -130.074829 -1.088562 1.324768 -0.389404
12850 1444828382.960881 4.512085 -49.821167 -130.020721 -1.094055 1.319275 -0.388794
12851 1444828382.970923 4.471436 -49.821167 -130.074829 -1.086731 1.327515 -0.402222
12852 1444828382.980960 4.430786 -49.866791 -130.020721 -1.085815 1.324768 -0.39917
12853 1444828382.991019 4.430786 -49.775543 -129.912506 -1.083069 1.331177 -0.400391
12854 1444828383.001085 4.512085 -49.593048 -130.128937 -1.079407 1.330261 -0.410767
12855 1444828383.011140 4.593384 -49.729919 -129.966614 -1.0849 1.326599 -0.403442
12856 1444828383.021190 4.471436 -49.638672 -130.128937 -1.078491 1.327515 -0.413818
12857 1444828383.031253 4.430786 -49.775543 -130.020721 -1.080322 1.335754 -0.413208
12858 1444828383.041308 4.349487 -49.775543 -130.237152 -1.075745 1.33667 -0.422974
12859 1444828383.051385 4.593384 -49.684296 -129.804291 -1.083984 1.335754 -0.415649
12860 1444828383.061438 4.552734 -49.821167 -130.183044 -1.072998 1.335754 -0.422363
12861 1444828383.071572 4.430786 -49.912415 -129.966614 -1.083069 1.337585 -0.420532
12862 1444828383.081623 4.390137 -49.501801 -130.020721 -1.083069 1.337585 -0.411377
12863 1444828383.091693 4.268188 -49.821167 -129.966614 -1.083069 1.330261 -0.411377
12864 1444828383.101754 4.512085 -49.638672 -129.912506 -1.088562 1.325684 -0.392456
12865 1444828383.111812 4.390137 -49.729919 -129.966614 -1.090393 1.322021 -0.404663
12866 1444828383.121851 4.430786 -49.729919 -129.750183 -1.094971 1.327515 -0.396118
12867 1444828383.131898 4.471436 -49.821167 -129.804291 -1.089478 1.32019 -0.400391
12868 1444828383.141953 4.512085 -49.775543 -129.912506 -1.091309 1.324768 -0.393066
12869 1444828383.152021 4.390137 -49.638672 -130.29126 -1.089478 1.326599 -0.395508
12870 1444828383.162077 4.471436 -49.821167 -129.966614 -1.092224 1.323853 -0.390625
12871 1444828383.172116 4.552734 -49.729919 -129.858398 -1.090393 1.319275 -0.400391
12872 1444828383.182171 4.390137 -49.729919 -129.966614 -1.090393 1.332092 -0.396729
12873 1444828383.192229 4.471436 -49.684296 -130.020721 -1.085815 1.329346 -0.404663
12874 1444828383.202294 4.308838 -49.821167 -129.912506 -1.091309 1.329346 -0.39856
12875 1444828383.212319 4.634033 -49.638672 -130.074829 -1.07666 1.32843 -0.401611
12876 1444828383.222366 4.390137 -49.821167 -129.912506 -1.082153 1.32843 -0.408325
12877 1444828383.232424 4.552734 -49.593048 -130.074829 -1.073914 1.327515 -0.411987
12878 1444828383.242487 4.227539 -49.866791 -129.804291 -1.080322 1.339417 -0.415039
12879 1444828383.252568 4.471436 -49.638672 -130.020721 -1.080322 1.329346 -0.415039
12880 1444828383.262625 4.512085 -49.775543 -130.020721 -1.079407 1.334839 -0.411987
12881 1444828383.272675 4.593384 -49.729919 -130.183044 -1.073914 1.329346 -0.413208
12882 1444828383.282749 4.471436 -49.638672 -129.966614 -1.075745 1.33667 -0.418091
12883 1444828383.292809 4.471436 -49.821167 -130.183044 -1.083984 1.32843 -0.408936
12884 1444828383.302894 4.430786 -49.729919 -130.128937 -1.083069 1.334839 -0.408325
12885 1444828383.312935 4.430786 -49.729919 -130.237152 -1.082153 1.333923 -0.407104
12886 1444828383.323004 4.430786 -49.684296 -130.074829 -1.087646 1.333923 -0.395508
12887 1444828383.333063 4.430786 -49.593048 -129.966614 -1.083984 1.32843 -0.39978
12888 1444828383.343089 4.430786 -49.821167 -130.020721 -1.092224 1.319275 -0.39978
12889 1444828383.353154 4.593384 -49.593048 -130.128937 -1.089478 1.321106 -0.391846
12890 1444828383.363208 4.471436 -49.775543 -130.074829 -1.088562 1.322937 -0.402832
12891 1444828383.373275 4.268188 -49.729919 -129.804291 -1.09314 1.325684 -0.396118
12892 1444828383.383367 4.430786 -49.729919 -130.128937 -1.086731 1.321106 -0.403442
12893 1444828383.393451 4.552734 -49.729919 -130.128937 -1.088562 1.322021 -0.397949
12894 1444828383.403596 4.268188 -49.729919 -129.912506 -1.085815 1.333923 -0.408936
12895 1444828383.413726 4.430786 -49.729919 -129.858398 -1.083069 1.333923 -0.408325
12896 1444828383.423802 4.512085 -49.729919 -130.074829 -1.081238 1.334839 -0.407715
12897 1444828383.433863 4.512085 -49.684296 -129.696075 -1.089478 1.329346 -0.404663
12898 1444828383.443953 4.512085 -49.729919 -130.074829 -1.078491 1.331177 -0.41626
12899 1444828383.454083 4.349487 -49.775543 -129.966614 -1.087646 1.333008 -0.413208
12900 1444828383.464239 4.390137 -49.638672 -129.912506 -1.074829 1.327515 -0.412598
12901 1444828383.474585 4.471436 -49.729919 -130.020721 -1.082153 1.329346 -0.402832
12902 1444828383.484648 4.390137 -49.638672 -129.804291 -1.0849 1.329346 -0.410767
12903 1444828383.494705 4.512085 -49.593048 -130.074829 -1.078491 1.324768 -0.412598
12904 1444828383.504769 4.512085 -49.729919 -129.912506 -1.0849 1.326599 -0.409546
12905 1444828383.514859 4.430786 -49.775543 -130.128937 -1.087646 1.331177 -0.411377
12906 1444828383.524942 4.552734 -49.729919 -129.966614 -1.083069 1.326599 -0.397949
12907 1444828383.535054 4.308838 -49.821167 -129.858398 -1.090393 1.327515 -0.393677
12908 1444828383.545196 4.390137 -49.684296 -129.966614 -1.083069 1.323853 -0.39856
12909 1444828383.555281 4.512085 -49.638672 -129.804291 -1.083984 1.326599 -0.393066
12910 1444828383.565352 4.471436 -49.775543 -130.183044 -1.089478 1.321106 -0.396118
12911 1444828383.575588 4.308838 -49.775543 -129.912506 -1.085815 1.316528 -0.400391
12912 1444828383.585697 4.471436 -49.775543 -129.858398 -1.09314 1.322021 -0.396729
12913 1444828383.595785 4.552734 -49.729919 -129.912506 -1.086731 1.321106 -0.401611
12914 1444828383.605904 4.430786 -49.684296 -130.020721 -1.081238 1.324768 -0.413208
12915 1444828383.616017 4.471436 -49.775543 -129.966614 -1.086731 1.32843 -0.406494
12916 1444828383.626129 4.430786 -49.638672 -130.128937 -1.081238 1.327515 -0.403442
12917 1444828383.636273 4.430786 -49.912415 -129.966614 -1.083069 1.333923 -0.415039
12918 1444828383.646328 4.430786 -49.547424 -130.020721 -1.074829 1.326599 -0.413818
12919 1444828383.656429 4.349487 -49.821167 -129.966614 -1.088562 1.337585 -0.406494
12920 1444828383.666519 4.512085 -49.638672 -130.237152 -1.078491 1.33667 -0.418091
12921 1444828383.676666 4.512085 -49.684296 -130.183044 -1.079407 1.332092 -0.411377
12922 1444828383.686731 4.349487 -49.775543 -130.128937 -1.080322 1.334839 -0.411377
12923 1444828383.696866 4.430786 -49.775543 -130.183044 -1.083984 1.332092 -0.407104
12924 1444828383.707004 4.390137 -49.638672 -129.912506 -1.089478 1.334839 -0.402832
12925 1444828383.717132 4.308838 -49.775543 -130.237152 -1.085815 1.327515 -0.408936
12926 1444828383.727190 4.349487 -49.684296 -129.858398 -1.085815 1.327515 -0.39856
12927 1444828383.737278 4.308838 -49.775543 -129.696075 -1.094055 1.322021 -0.391235
12928 1444828383.747352 4.430786 -49.729919 -129.858398 -1.116028 1.307373 -0.383301
12929 1444828383.757408 4.593384 -49.775543 -129.912506 -1.121521 1.305542 -0.375977
12930 1444828383.767512 4.390137 -49.775543 -129.750183 -1.091309 1.327515 -0.385132
12931 1444828383.777579 4.349487 -49.775543 -129.912506 -1.07666 1.334839 -0.392456
12932 1444828383.787620 4.512085 -49.684296 -129.858398 -1.0849 1.329346 -0.401001
12933 1444828383.797662 4.512085 -49.547424 -130.183044 -1.085815 1.331177 -0.409546
12934 1444828383.807740 4.471436 -49.912415 -130.183044 -1.083069 1.345825 -0.413818
12935 1444828383.817781 4.552734 -49.638672 -130.345367 -1.063843 1.357727 -0.419922
12936 1444828383.827838 4.430786 -49.501801 -130.020721 -1.070251 1.354065 -0.437622
12937 1444828383.837894 4.471436 -49.638672 -130.074829 -1.082153 1.33667 -0.440674
12938 1444828383.847950 4.390137 -49.821167 -130.29126 -1.069336 1.326599 -0.43335
12939 1444828383.858007 4.471436 -49.821167 -130.345367 -1.065674 1.322021 -0.426025
12940 1444828383.868066 4.308838 -49.912415 -130.453583 -1.069336 1.323853 -0.41748
12941 1444828383.878123 4.512085 -49.729919 -130.183044 -1.072083 1.318359 -0.418701
12942 1444828383.888181 4.390137 -49.684296 -130.453583 -1.074829 1.323853 -0.407715
12943 1444828383.898236 4.593384 -49.775543 -130.020721 -1.077576 1.335754 -0.396118
12944 1444828383.908299 4.390137 -49.866791 -130.29126 -1.088562 1.350403 -0.396118
12945 1444828383.918349 4.512085 -49.684296 -129.966614 -1.102295 1.353149 -0.391235
12946 1444828383.928404 4.430786 -49.684296 -130.237152 -1.09314 1.337585 -0.389404
12947 1444828383.938459 4.430786 -49.775543 -130.128937 -1.091309 1.332092 -0.397339
12948 1444828383.948547 4.430786 -49.775543 -130.128937 -1.092224 1.315613 -0.379639
12949 1444828383.958615 4.390137 -49.684296 -129.912506 -1.094971 1.312866 -0.38269
12950 1444828383.968671 4.349487 -49.684296 -129.804291 -1.098633 1.303711 -0.386353
12951 1444828383.978731 4.349487 -49.729919 -129.858398 -1.092224 1.305542 -0.39856
12952 1444828383.988788 4.18689 -49.775543 -129.912506 -1.087646 1.308289 -0.397949
12953 1444828383.998823 4.349487 -49.684296 -129.750183 -1.094971 1.322937 -0.405884
12954 1444828384.008876 4.471436 -49.547424 -129.696075 -1.085815 1.338501 -0.408325
12955 1444828384.018933 4.512085 -49.729919 -129.858398 -1.089478 1.35498 -0.419312
12956 1444828384.028989 4.552734 -49.593048 -129.966614 -1.078491 1.356812 -0.418701
12957 1444828384.039044 4.430786 -49.775543 -129.804291 -1.080322 1.369629 -0.439453
12958 1444828384.049105 4.349487 -49.912415 -129.912506 -1.085815 1.351318 -0.432739
12959 1444828384.059161 4.471436 -49.593048 -130.074829 -1.080322 1.335754 -0.419312
12960 1444828384.069234 4.390137 -49.912415 -130.237152 -1.081238 1.322937 -0.422363
12961 1444828384.079283 4.308838 -49.729919 -129.966614 -1.078491 1.31012 -0.408936
12962 1444828384.089339 4.430786 -49.729919 -129.750183 -1.085815 1.318359 -0.411377
12963 1444828384.099394 4.471436 -49.729919 -129.966614 -1.088562 1.314697 -0.401001
12964 1444828384.109422 4.512085 -49.729919 -130.128937 -1.089478 1.322021 -0.394287
12965 1444828384.119473 4.390137 -49.821167 -130.074829 -1.090393 1.331177 -0.397949
12966 1444828384.129529 4.390137 -49.821167 -129.966614 -1.09314 1.339417 -0.391235
12967 1444828384.139554 4.430786 -49.821167 -130.128937 -1.087646 1.339417 -0.380249
12968 1444828384.149608 4.349487 -49.958038 -130.237152 -1.094971 1.332092 -0.38208
12969 1444828384.159665 4.552734 -49.729919 -130.128937 -1.081238 1.324768 -0.379028
12970 1444828384.169730 4.430786 -49.775543 -130.074829 -1.089478 1.32019 -0.384521
12971 1444828384.179787 4.430786 -49.729919 -130.237152 -1.083984 1.324768 -0.401001
12972 1444828384.189798 4.430786 -49.912415 -129.966614 -1.079407 1.319275 -0.396118
12973 1444828384.199858 4.593384 -49.684296 -130.237152 -1.083069 1.321106 -0.401611
12974 1444828384.209945 4.390137 -49.775543 -130.020721 -1.083984 1.319275 -0.409546
12975 1444828384.220000 4.349487 -49.593048 -130.183044 -1.070251 1.326599 -0.419922
12976 1444828384.230069 4.349487 -49.775543 -130.183044 -1.073914 1.341248 -0.422974
12977 1444828384.240124 4.593384 -49.593048 -130.074829 -1.07666 1.340332 -0.419312
12978 1444828384.250180 4.349487 -49.912415 -130.074829 -1.083984 1.347656 -0.43396
12979 1444828384.260237 4.390137 -49.729919 -130.29126 -1.072998 1.347656 -0.419922
12980 1444828384.270293 4.593384 -49.729919 -129.912506 -1.078491 1.347656 -0.418091
12981 1444828384.280349 4.349487 -49.866791 -130.128937 -1.085815 1.342163 -0.41687
12982 1444828384.290478 4.430786 -49.638672 -129.750183 -1.077576 1.329346 -0.409546
12983 1444828384.300558 4.552734 -49.638672 -129.750183 -1.086731 1.32843 -0.408936
12984 1444828384.310727 4.390137 -49.638672 -129.858398 -1.094055 1.325684 -0.39978
12985 1444828384.320933 4.390137 -49.775543 -130.128937 -1.100464 1.326599 -0.408936
12986 1444828384.331114 4.471436 -49.638672 -129.858398 -1.102295 1.316528 -0.391846
12987 1444828384.341235 4.430786 -49.593048 -129.750183 -1.094971 1.311035 -0.384521
12988 1444828384.351328 4.471436 -49.821167 -129.858398 -1.097717 1.316528 -0.390625
12989 1444828384.361409 4.390137 -49.775543 -129.966614 -1.095886 1.318359 -0.38208
12990 1444828384.371493 4.430786 -49.684296 -129.966614 -1.099548 1.319275 -0.386963
12991 1444828384.381603 4.349487 -49.775543 -129.696075 -1.094971 1.332092 -0.394287
12992 1444828384.391913 4.552734 -49.638672 -130.183044 -1.082153 1.327515 -0.395508
12993 1444828384.402024 4.471436 -49.775543 -130.074829 -1.088562 1.335754 -0.39856
12994 1444828384.412166 4.390137 -49.821167 -129.966614 -1.083984 1.333008 -0.411987
12995 1444828384.422421 4.552734 -49.593048 -129.858398 -1.081238 1.337585 -0.408936
12996 1444828384.432488 4.471436 -49.775543 -130.345367 -1.074829 1.324768 -0.411377
12997 1444828384.442545 4.552734 -49.547424 -130.074829 -1.069336 1.324768 -0.418701
12998 1444828384.452636 4.430786 -49.729919 -130.074829 -1.07666 1.324768 -0.421143
12999 1444828384.462811 4.390137 -49.775543 -130.183044 -1.082153 1.333008 -0.41748
13000 1444828384.472871 4.512085 -49.638672 -130.29126 -1.074829 1.329346 -0.41626
13001 1444828384.482959 4.430786 -49.729919 -130.29126 -1.075745 1.334839 -0.415039
13002 1444828384.493041 4.593384 -49.593048 -130.074829 -1.07666 1.329346 -0.413208
13003 1444828384.503100 4.471436 -49.775543 -129.966614 -1.088562 1.340332 -0.413208
13004 1444828384.513158 4.471436 -49.775543 -130.399475 -1.081238 1.337585 -0.401611
13005 1444828384.523227 4.471436 -49.593048 -130.074829 -1.080322 1.33667 -0.395508
13006 1444828384.533368 4.471436 -49.821167 -129.966614 -1.090393 1.325684 -0.394897
13007 1444828384.543425 4.390137 -49.684296 -130.020721 -1.090393 1.324768 -0.39856
13008 1444828384.553520 4.390137 -49.729919 -129.750183 -1.094055 1.325684 -0.385742
13009 1444828384.563577 4.471436 -49.729919 -130.128937 -1.088562 1.314697 -0.391235
13010 1444828384.573673 4.430786 -49.821167 -129.750183 -1.104126 1.314697 -0.394287
13011 1444828384.583729 4.308838 -49.729919 -129.966614 -1.102295 1.319275 -0.396729
13012 1444828384.593785 4.349487 -49.729919 -129.804291 -1.089478 1.327515 -0.396118
13013 1444828384.603859 4.349487 -49.684296 -129.804291 -1.09314 1.330261 -0.402832
13014 1444828384.613915 4.430786 -49.866791 -129.750183 -1.098633 1.332092 -0.39917
13015 1444828384.623980 4.430786 -49.684296 -130.074829 -1.091309 1.334839 -0.404663
13016 1444828384.634065 4.471436 -49.547424 -129.696075 -1.085815 1.341248 -0.413818
13017 1444828384.644127 4.390137 -49.866791 -129.804291 -1.083984 1.339417 -0.413818
13018 1444828384.654184 4.227539 -49.775543 -129.804291 -1.09314 1.338501 -0.418701
13019 1444828384.664239 4.512085 -49.638672 -129.912506 -1.081238 1.337585 -0.413818
13020 1444828384.674296 4.349487 -49.684296 -129.804291 -1.0849 1.333008 -0.411987
13021 1444828384.684356 4.390137 -49.684296 -129.858398 -1.078491 1.333923 -0.411987
13022 1444828384.694527 4.471436 -49.547424 -129.966614 -1.082153 1.334839 -0.41748
13023 1444828384.704553 4.430786 -49.866791 -129.912506 -1.096802 1.333008 -0.414429
13024 1444828384.714621 4.430786 -49.729919 -130.020721 -1.089478 1.327515 -0.406494
13025 1444828384.724679 4.390137 -49.729919 -129.966614 -1.090393 1.329346 -0.403442
13026 1444828384.734737 4.390137 -49.775543 -130.074829 -1.089478 1.333008 -0.410156
13027 1444828384.744794 4.430786 -49.684296 -130.183044 -1.089478 1.334839 -0.39856
13028 1444828384.754857 4.512085 -49.684296 -130.020721 -1.078491 1.32843 -0.397949
13029 1444828384.764916 4.308838 -49.775543 -130.345367 -1.086731 1.330261 -0.391235
13030 1444828384.774981 4.471436 -49.729919 -130.020721 -1.088562 1.327515 -0.39856
13031 1444828384.785037 4.390137 -49.866791 -130.183044 -1.087646 1.324768 -0.392456
13032 1444828384.795108 4.471436 -49.729919 -130.074829 -1.0849 1.327515 -0.393066
13033 1444828384.805174 4.471436 -49.775543 -130.183044 -1.088562 1.324768 -0.396729
13034 1444828384.815234 4.512085 -49.684296 -130.128937 -1.091309 1.327515 -0.401001
13035 1444828384.825290 4.471436 -49.684296 -130.020721 -1.085815 1.329346 -0.407715
13036 1444828384.835356 4.349487 -49.821167 -130.074829 -1.079407 1.32843 -0.415039
13037 1444828384.845423 4.430786 -49.593048 -130.128937 -1.075745 1.334839 -0.412598
13038 1444828384.855479 4.390137 -49.684296 -130.128937 -1.082153 1.334839 -0.422363
13039 1444828384.865536 4.390137 -49.821167 -130.074829 -1.086731 1.340332 -0.411987
13040 1444828384.875602 4.349487 -49.684296 -130.020721 -1.077576 1.338501 -0.424194
13041 1444828384.885665 4.512085 -49.501801 -129.966614 -1.083069 1.338501 -0.414429
13042 1444828384.895729 4.430786 -49.729919 -129.912506 -1.083984 1.329346 -0.408936
13043 1444828384.905786 4.552734 -49.775543 -129.858398 -1.09314 1.330261 -0.414429
13044 1444828384.915854 4.430786 -49.821167 -129.858398 -1.092224 1.333008 -0.401611
13045 1444828384.925934 4.552734 -49.593048 -129.696075 -1.086731 1.322937 -0.394897
13046 1444828384.935990 4.471436 -49.729919 -129.750183 -1.095886 1.324768 -0.406494
13047 1444828384.946052 4.512085 -49.638672 -129.804291 -1.094055 1.321106 -0.39917
13048 1444828384.956121 4.512085 -49.912415 -129.912506 -1.092224 1.325684 -0.403442
13049 1444828384.966179 4.390137 -49.729919 -129.966614 -1.096802 1.322021 -0.388794
13050 1444828384.976234 4.512085 -49.821167 -129.696075 -1.09314 1.329346 -0.39978
13051 1444828384.986300 4.390137 -49.729919 -129.966614 -1.083984 1.331177 -0.400391
13052 1444828384.996493 4.349487 -49.821167 -129.912506 -1.085815 1.331177 -0.394287
13053 1444828385.006656 4.512085 -49.775543 -129.966614 -1.088562 1.327515 -0.402832
13054 1444828385.016649 4.390137 -49.684296 -130.074829 -1.089478 1.326599 -0.406494
13055 1444828385.026748 4.349487 -49.866791 -130.128937 -1.088562 1.334839 -0.41748
13056 1444828385.036804 4.349487 -49.821167 -130.183044 -1.087646 1.322021 -0.400391
13057 1444828385.046866 4.471436 -49.775543 -130.074829 -1.0849 1.330261 -0.410767
13058 1444828385.056924 4.430786 -49.775543 -130.074829 -1.0849 1.333923 -0.419922
13059 1444828385.066982 4.390137 -49.821167 -130.29126 -1.078491 1.345825 -0.424805
13060 1444828385.077054 4.471436 -49.866791 -130.453583 -1.044617 1.358643 -0.422974
13061 1444828385.087115 4.430786 -49.638672 -130.29126 -1.039124 1.345825 -0.426636
13062 1444828385.097179 4.349487 -49.821167 -130.345367 -1.094971 1.331177 -0.427246
13063 1444828385.107278 4.471436 -49.638672 -130.29126 -1.094055 1.33667 -0.41748
13064 1444828385.117333 4.349487 -49.775543 -130.020721 -1.080322 1.341248 -0.406494
13065 1444828385.127389 4.390137 -49.775543 -129.858398 -1.07666 1.329346 -0.39917
13066 1444828385.137445 4.390137 -49.684296 -129.425537 -1.09314 1.30188 -0.397339
13067 1444828385.147525 4.227539 -49.821167 -129.696075 -1.123352 1.2854 -0.38208
13068 1444828385.157584 4.349487 -49.775543 -129.858398 -1.094055 1.302795 -0.36377
13069 1444828385.167657 4.268188 -49.729919 -129.966614 -1.083069 1.326599 -0.366211
13070 1444828385.177742 4.268188 -49.729919 -129.58786 -1.108704 1.334839 -0.388794
13071 1444828385.187798 4.552734 -49.593048 -129.154999 -1.121521 1.332092 -0.387573
13072 1444828385.197855 4.471436 -49.547424 -129.371429 -1.116028 1.343079 -0.384521
13073 1444828385.207959 4.512085 -49.729919 -129.966614 -1.099548 1.354065 -0.386963
13074 1444828385.218018 4.430786 -49.593048 -129.696075 -1.097717 1.338501 -0.41626
13075 1444828385.228034 4.390137 -49.593048 -129.533752 -1.096802 1.323853 -0.410156
13076 1444828385.238090 4.308838 -49.593048 -129.858398 -1.085815 1.309204 -0.421143
13077 1444828385.248183 4.512085 -49.684296 -129.804291 -1.072083 1.303711 -0.415039
13078 1444828385.258288 4.430786 -49.638672 -129.858398 -1.073914 1.327515 -0.428467
13079 1444828385.268358 4.552734 -49.684296 -130.020721 -1.092224 1.326599 -0.43396
13080 1444828385.278451 4.552734 -49.729919 -130.29126 -1.080322 1.337585 -0.430908
13081 1444828385.288507 4.471436 -49.821167 -130.237152 -1.069336 1.348572 -0.429077
13082 1444828385.298582 4.430786 -49.638672 -130.29126 -1.069336 1.358643 -0.426025
13083 1444828385.308607 4.552734 -49.593048 -130.020721 -1.083984 1.359558 -0.411377
13084 1444828385.318617 4.512085 -49.821167 -130.399475 -1.0849 1.350403 -0.415649
13085 1444828385.328785 4.430786 -49.912415 -130.128937 -1.082153 1.333923 -0.402222
13086 1444828385.338865 4.430786 -49.821167 -130.50769 -1.074829 1.323853 -0.39856
13087 1444828385.349017 4.349487 -49.775543 -130.128937 -1.078491 1.305542 -0.390625
13088 1444828385.359277 4.268188 -49.958038 -130.128937 -1.099548 1.295471 -0.379639
13089 1444828385.369373 4.390137 -49.729919 -130.074829 -1.09314 1.290894 -0.386963
13090 1444828385.379455 4.349487 -49.958038 -130.128937 -1.085815 1.305542 -0.391235
13091 1444828385.389584 4.512085 -49.729919 -130.128937 -1.085815 1.308289 -0.377808
13092 1444828385.399657 4.390137 -49.775543 -130.020721 -1.095886 1.333008 -0.393677
13093 1444828385.409854 4.390137 -49.729919 -130.074829 -1.095886 1.349487 -0.401001
13094 1444828385.420017 4.552734 -49.638672 -130.128937 -1.092224 1.334839 -0.396118
13095 1444828385.430106 4.552734 -49.638672 -130.074829 -1.079407 1.341248 -0.404663
13096 1444828385.440203 4.349487 -49.866791 -130.128937 -1.085815 1.34491 -0.422974
13097 1444828385.450326 4.390137 -49.775543 -130.074829 -1.082153 1.331177 -0.420532
13098 1444828385.460414 4.471436 -49.638672 -129.696075 -1.077576 1.324768 -0.415649
13099 1444828385.470541 4.390137 -49.684296 -129.912506 -1.07666 1.327515 -0.427856
13100 1444828385.480682 4.430786 -49.638672 -129.696075 -1.080322 1.323853 -0.421143
13101 1444828385.490889 4.430786 -49.593048 -129.696075 -1.085815 1.329346 -0.421143
13102 1444828385.500966 4.430786 -49.638672 -129.696075 -1.087646 1.335754 -0.430908
13103 1444828385.511025 4.430786 -49.547424 -130.020721 -1.094971 1.33667 -0.418701
13104 1444828385.521206 4.430786 -49.684296 -129.804291 -1.095886 1.339417 -0.419312
13105 1444828385.531284 4.471436 -49.593048 -129.641968 -1.092224 1.338501 -0.409546
13106 1444828385.541412 4.430786 -49.866791 -129.641968 -1.096802 1.332092 -0.394287
13107 1444828385.551478 4.349487 -49.821167 -129.750183 -1.090393 1.329346 -0.392456
13108 1444828385.561558 4.471436 -49.866791 -129.966614 -1.10321 1.315613 -0.379639
13109 1444828385.571643 4.308838 -49.729919 -129.912506 -1.097717 1.323853 -0.384521
13110 1444828385.581704 4.390137 -49.821167 -129.966614 -1.094971 1.317444 -0.386353
13111 1444828385.591773 4.430786 -49.638672 -129.966614 -1.091309 1.307373 -0.379028
13112 1444828385.601866 4.390137 -49.821167 -130.020721 -1.095886 1.319275 -0.386353
13113 1444828385.611943 4.430786 -49.547424 -130.237152 -1.088562 1.32019 -0.391846
13114 1444828385.622012 4.268188 -49.912415 -130.074829 -1.088562 1.330261 -0.403442
13115 1444828385.632068 4.471436 -49.638672 -130.345367 -1.077576 1.323853 -0.408325
13116 1444828385.642104 4.471436 -49.729919 -130.453583 -1.083069 1.329346 -0.408936
13117 1444828385.652168 4.471436 -49.729919 -130.399475 -1.078491 1.332092 -0.41626
13118 1444828385.662289 4.512085 -49.912415 -130.237152 -1.082153 1.340332 -0.422974
13119 1444828385.672354 4.552734 -49.593048 -130.237152 -1.066589 1.343079 -0.425415
13120 1444828385.682423 4.512085 -49.729919 -130.074829 -1.070251 1.348572 -0.422363
13121 1444828385.692498 4.512085 -49.729919 -130.237152 -1.077576 1.342163 -0.423584
13122 1444828385.702557 4.390137 -49.684296 -130.183044 -1.072998 1.34491 -0.43335
13123 1444828385.712613 4.390137 -49.912415 -130.074829 -1.081238 1.33667 -0.425415
13124 1444828385.722734 4.430786 -49.638672 -130.183044 -1.081238 1.330261 -0.41687
13125 1444828385.732797 4.471436 -49.638672 -130.020721 -1.092224 1.322021 -0.407715
13126 1444828385.742850 4.390137 -49.684296 -129.966614 -1.090393 1.321106 -0.410156
13127 1444828385.752911 4.430786 -49.775543 -129.804291 -1.090393 1.322021 -0.390015
13128 1444828385.762981 4.552734 -49.684296 -130.020721 -1.092224 1.321106 -0.39978
13129 1444828385.773040 4.390137 -49.729919 -129.858398 -1.102295 1.327515 -0.394287
13130 1444828385.783119 4.471436 -49.821167 -130.020721 -1.097717 1.324768 -0.390625
13131 1444828385.793174 4.390137 -49.821167 -129.912506 -1.101379 1.322937 -0.389404
13132 1444828385.803231 4.512085 -49.638672 -129.858398 -1.094971 1.330261 -0.383301
13133 1444828385.813266 4.349487 -49.775543 -129.858398 -1.096802 1.324768 -0.390625
13134 1444828385.823323 4.593384 -49.593048 -129.912506 -1.092224 1.322937 -0.393066
13135 1444828385.833380 4.349487 -49.912415 -129.966614 -1.096802 1.316528 -0.401001
13136 1444828385.843436 4.512085 -49.547424 -129.804291 -1.087646 1.313782 -0.402832
13137 1444828385.853506 4.390137 -49.729919 -129.966614 -1.088562 1.327515 -0.411377
13138 1444828385.863607 4.512085 -49.638672 -130.020721 -1.081238 1.325684 -0.41687
13139 1444828385.873648 4.471436 -49.729919 -130.237152 -1.089478 1.333008 -0.420532
13140 1444828385.883706 4.390137 -49.729919 -130.29126 -1.082153 1.342163 -0.423584
13141 1444828385.893768 4.634033 -49.638672 -130.020721 -1.080322 1.342163 -0.424194
13142 1444828385.903853 4.471436 -49.638672 -130.020721 -1.075745 1.343079 -0.423584
13143 1444828385.913893 4.430786 -49.775543 -130.183044 -1.073914 1.343079 -0.418701
13144 1444828385.923949 4.471436 -49.729919 -130.128937 -1.078491 1.330261 -0.418701
13145 1444828385.934007 4.512085 -49.638672 -130.50769 -1.075745 1.333923 -0.407715
13146 1444828385.944123 4.430786 -49.729919 -130.183044 -1.081238 1.324768 -0.401001
13147 1444828385.954179 4.471436 -49.729919 -130.345367 -1.088562 1.32019 -0.404663
13148 1444828385.964242 4.552734 -49.729919 -130.29126 -1.092224 1.319275 -0.387573
13149 1444828385.974334 4.268188 -49.729919 -130.183044 -1.092224 1.316528 -0.390015
13150 1444828385.984363 4.430786 -49.729919 -129.966614 -1.09314 1.321106 -0.390625
13151 1444828385.994419 4.430786 -49.775543 -130.183044 -1.097717 1.322021 -0.390015
13152 1444828386.004517 4.552734 -49.547424 -130.074829 -1.089478 1.32019 -0.389404
13153 1444828386.014589 4.308838 -49.775543 -130.074829 -1.09314 1.333008 -0.407104
13154 1444828386.024675 4.390137 -49.866791 -130.020721 -1.092224 1.32843 -0.394287
13155 1444828386.034740 4.390137 -49.775543 -130.128937 -1.086731 1.325684 -0.404053
13156 1444828386.044798 4.390137 -49.729919 -129.804291 -1.081238 1.327515 -0.405273
13157 1444828386.054866 4.512085 -49.638672 -130.074829 -1.082153 1.324768 -0.407715
13158 1444828386.064978 4.512085 -49.593048 -129.804291 -1.087646 1.322021 -0.404053
13159 1444828386.075023 4.552734 -49.684296 -130.128937 -1.087646 1.333008 -0.425415
13160 1444828386.085134 4.349487 -49.821167 -129.966614 -1.091309 1.337585 -0.427246
13161 1444828386.095286 4.471436 -49.547424 -129.966614 -1.0849 1.331177 -0.413818
13162 1444828386.105353 4.390137 -49.729919 -130.020721 -1.088562 1.335754 -0.424194
13163 1444828386.115420 4.390137 -49.729919 -130.020721 -1.092224 1.33667 -0.411987
13164 1444828386.125519 4.349487 -49.775543 -129.858398 -1.083984 1.341248 -0.420532
13165 1444828386.135701 4.552734 -49.547424 -129.966614 -1.083984 1.333008 -0.39917
13166 1444828386.145765 4.512085 -49.684296 -130.074829 -1.085815 1.335754 -0.414429
13167 1444828386.155856 4.593384 -49.684296 -130.074829 -1.090393 1.323853 -0.397339
13168 1444828386.165944 4.349487 -49.866791 -129.858398 -1.101379 1.32843 -0.401611
13169 1444828386.176019 4.430786 -49.684296 -130.237152 -1.0849 1.316528 -0.391235
13170 1444828386.186142 4.471436 -49.729919 -130.020721 -1.095886 1.319275 -0.394287
13171 1444828386.196228 4.430786 -49.638672 -130.29126 -1.086731 1.313782 -0.395508
13172 1444828386.206288 4.349487 -49.866791 -129.858398 -1.094055 1.319275 -0.391235
13173 1444828386.216393 4.430786 -49.821167 -130.128937 -1.095886 1.319275 -0.394897
13174 1444828386.226576 4.390137 -49.593048 -130.128937 -1.089478 1.325684 -0.39917
13175 1444828386.236752 4.512085 -49.684296 -130.074829 -1.092224 1.327515 -0.396729
13176 1444828386.246811 4.349487 -49.821167 -130.183044 -1.089478 1.325684 -0.402832
13177 1444828386.256930 4.512085 -49.501801 -130.183044 -1.078491 1.329346 -0.407104
13178 1444828386.267008 4.430786 -49.775543 -130.237152 -1.087646 1.334839 -0.414429
13179 1444828386.277136 4.390137 -49.684296 -130.128937 -1.080322 1.334839 -0.411987
13180 1444828386.287194 4.471436 -49.729919 -130.183044 -1.083069 1.335754 -0.418701
13181 1444828386.297269 4.430786 -49.729919 -130.074829 -1.078491 1.333923 -0.421143
13182 1444828386.307367 4.552734 -49.638672 -130.128937 -1.077576 1.330261 -0.413818
13183 1444828386.317453 4.430786 -49.547424 -129.804291 -1.083069 1.333923 -0.419922
13184 1444828386.327590 4.512085 -49.547424 -130.074829 -1.083069 1.327515 -0.411987
13185 1444828386.337759 4.512085 -49.684296 -129.912506 -1.088562 1.325684 -0.404053
13186 1444828386.347878 4.430786 -49.775543 -130.020721 -1.089478 1.335754 -0.412598
13187 1444828386.357961 4.471436 -49.684296 -129.858398 -1.095886 1.324768 -0.397949
13188 1444828386.368032 4.471436 -49.547424 -129.804291 -1.096802 1.326599 -0.394897
13189 1444828386.378144 4.471436 -49.638672 -129.750183 -1.091309 1.331177 -0.397949
13190 1444828386.388209 4.349487 -50.003662 -130.074829 -1.104126 1.322937 -0.390625
13191 1444828386.398297 4.593384 -49.638672 -129.912506 -1.092224 1.329346 -0.396729
13192 1444828386.408426 4.390137 -49.821167 -129.966614 -1.096802 1.32019 -0.393677
13193 1444828386.418570 4.430786 -49.729919 -129.912506 -1.097717 1.321106 -0.394287
13194 1444828386.428771 4.430786 -49.821167 -129.750183 -1.097717 1.323853 -0.400391
13195 1444828386.438953 4.390137 -49.684296 -130.020721 -1.090393 1.326599 -0.405884
13196 1444828386.449017 4.430786 -49.638672 -129.912506 -1.090393 1.327515 -0.402832
13197 1444828386.459141 4.512085 -49.547424 -130.183044 -1.083069 1.326599 -0.409546
13198 1444828386.469204 4.552734 -49.638672 -129.750183 -1.088562 1.326599 -0.405273
13199 1444828386.479276 4.430786 -49.729919 -130.128937 -1.082153 1.333008 -0.418701
13200 1444828386.489404 4.471436 -49.593048 -129.912506 -1.078491 1.343079 -0.41687
13201 1444828386.499490 4.268188 -49.775543 -130.237152 -1.0849 1.335754 -0.418091
13202 1444828386.509676 4.471436 -49.684296 -130.128937 -1.081238 1.326599 -0.410767
13203 1444828386.519864 4.349487 -49.684296 -130.237152 -1.082153 1.339417 -0.422363
13204 1444828386.529987 4.430786 -49.547424 -130.074829 -1.085815 1.333008 -0.410767
13205 1444828386.540082 4.390137 -49.775543 -130.020721 -1.085815 1.334839 -0.405884
13206 1444828386.550164 4.471436 -49.821167 -130.128937 -1.088562 1.322021 -0.400391
13207 1444828386.560399 4.430786 -49.638672 -130.020721 -1.083984 1.325684 -0.402832
13208 1444828386.570482 4.349487 -49.729919 -129.912506 -1.090393 1.326599 -0.404053
13209 1444828386.580581 4.471436 -49.684296 -130.183044 -1.090393 1.316528 -0.397949
13210 1444828386.590676 4.390137 -49.684296 -129.804291 -1.092224 1.324768 -0.397949
13211 1444828386.600782 4.552734 -49.684296 -130.183044 -1.091309 1.321106 -0.391846
