7331 1444991608.076377 12.052031 4.630749 0.032959 -10.014063 -5.53163 -5.119641
7332 1444991608.086617 12.052031 4.630749 0.032959 -10.014063 -5.53163 -5.119641
7333 1444991608.096730 11.964141 4.630749 -0.054932 -10.014063 -5.53163 -5.119641
7334 1444991608.107411 11.964141 4.630749 0.032959 -10.014063 -5.53163 -5.119641
7335 1444991608.116952 12.052031 4.630749 -0.054932 -10.014063 -5.53163 -5.119641
7336 1444991608.127121 11.964141 4.630749 0.032959 -10.014063 -5.53163 -5.119641
7337 1444991608.137213 11.964141 4.630749 0.032959 -10.014063 -5.53163 -5.119641
7338 1444991608.147341 12.052031 4.630749 -0.054932 -10.014063 -5.53163 -5.119641
7339 1444991608.156725 12.052031 4.630749 0.032959 -10.014063 -5.53163 -5.119641
7340 1444991608.167593 12.052031 4.630749 -0.054932 -10.014063 -5.53163 -5.119641
7341 1444991608.175885 12.052031 4.630749 -0.054932 -9.926172 -5.53163 -5.119641
7342 1444991608.187848 12.052031 4.630749 -0.054932 -10.014063 -5.53163 -5.119641
7343 1444991608.198163 11.964141 4.630749 0.032959 -10.014063 -5.53163 -5.119641
7344 1444991608.207218 11.964141 4.630749 -0.054932 -10.014063 -5.53163 -5.119641
7345 1444991608.217116 11.964141 4.630749 0.032959 -10.014063 -5.53163 -5.119641
7346 1444991608.228765 11.964141 4.630749 0.032959 -10.014063 -5.53163 -5.119641
7347 1444991608.238870 11.964141 4.630749 0.032959 -9.926172 -5.53163 -5.119641
7348 1444991608.249773 12.052031 4.630749 0.032959 -10.014063 -5.53163 -5.119641
7349 1444991608.257011 11.964141 4.630749 0.032959 -10.014063 -5.53163 -5.119641
7350 1444991608.266048 11.964141 4.630749 -0.054932 -10.014063 -5.53163 -5.119641
7351 1444991608.279888 12.052031 4.630749 0.032959 -10.014063 -5.53163 -5.119641
7352 1444991608.289895 11.964141 4.630749 0.032959 -10.014063 -5.53163 -5.119641
7353 1444991608.299000 11.964141 4.630749 0.032959 -9.926172 -5.53163 -5.119641
7354 1444991608.309306 12.052031 4.630749 -0.054932 -10.014063 -5.53163 -5.119641
7355 1444991608.319343 11.964141 4.630749 0.032959 -10.014063 -5.53163 -5.119641
7356 1444991608.329221 12.052031 4.630749 0.032959 -10.014063 -5.53163 -5.119641
7357 1444991608.339368 11.964141 4.630749 0.032959 -10.014063 -5.53163 -5.119641
7358 1444991608.349329 12.052031 4.630749 0.032959 -10.014063 -5.53163 -5.119641
7359 1444991608.359823 12.052031 4.630749 -0.054932 -9.926172 -5.53163 -5.119641
7360 1444991608.369741 12.052031 4.630749 -0.054932 -10.014063 -5.53163 -5.119641
7361 1444991608.377088 12.052031 4.630749 0.032959 -10.014063 -5.53163 -5.119641
7362 1444991608.386610 12.052031 4.630749 -0.054932 -10.014063 -5.53163 -5.119641
7363 1444991608.396537 12.052031 4.630749 -0.054932 -10.014063 -5.53163 -5.119641
7364 1444991608.407996 12.052031 4.630749 -0.054932 -9.926172 -5.53163 -5.119641
7365 1444991608.417664 11.964141 4.630749 0.032959 -9.926172 -5.53163 -5.119641
7366 1444991608.427092 11.964141 4.630749 0.032959 -10.014063 -5.53163 -5.119641
7367 1444991608.437136 12.052031 4.630749 -0.054932 -10.014063 -5.53163 -5.119641
7368 1444991608.447762 12.052031 4.630749 0.032959 -10.014063 -5.53163 -5.119641
7369 1444991608.457747 11.964141 4.630749 0.032959 -10.014063 -5.53163 -5.119641
7370 1444991608.467982 12.052031 4.630749 0.032959 -10.014063 -5.53163 -5.119641
7371 1444991608.478118 11.964141 4.630749 -0.054932 -10.014063 -5.53163 -5.119641
7372 1444991608.488368 12.052031 4.630749 0.032959 -10.014063 -5.53163 -5.119641
7373 1444991608.498345 11.964141 4.630749 0.032959 -10.014063 -5.53163 -5.119641
7374 1444991608.505955 12.052031 4.630749 0.032959 -10.014063 -5.53163 -5.119641
7375 1444991608.516624 12.052031 4.630749 -0.054932 -10.014063 -5.53163 -5.119641
7376 1444991608.529950 11.964141 4.630749 0.032959 -9.926172 -5.53163 -5.119641
7377 1444991608.539808 12.052031 4.630749 0.032959 -10.014063 -5.53163 -5.119641
7378 1444991608.549935 12.052031 4.630749 -0.054932 -9.926172 -5.53163 -5.119641
7379 1444991608.556901 11.964141 4.630749 0.032959 -9.926172 -5.53163 -5.119641
7380 1444991608.566915 12.052031 4.630749 0.032959 -10.014063 -5.53163 -5.119641
7381 1444991608.579231 12.052031 4.630749 0.032959 -10.014063 -5.53163 -5.119641
7382 1444991608.588962 12.052031 4.630749 -0.054932 -10.014063 -5.53163 -5.119641
7383 1444991608.599082 11.964141 4.630749 0.032959 -10.014063 -5.53163 -5.119641
7384 1444991608.609845 12.052031 4.630749 0.032959 -9.926172 -5.53163 -5.119641
7385 1444991608.619857 11.964141 4.630749 0.032959 -9.926172 -5.53163 -5.119641
7386 1444991608.631330 11.964141 4.630749 0.032959 -10.014063 -5.53163 -5.119641
7387 1444991608.641499 11.964141 4.630749 0.032959 -10.014063 -5.53163 -5.119641
7388 1444991608.651715 11.964141 4.630749 -0.054932 -10.014063 -5.53163 -5.119641
7389 1444991608.661707 11.964141 4.630749 -0.054932 -10.014063 -5.53163 -5.119641
7390 1444991608.671917 11.964141 4.630749 0.032959 -10.014063 -5.53163 -5.119641
7391 1444991608.682197 11.964141 4.630749 0.032959 -10.014063 -5.53163 -5.119641
7392 1444991608.692249 12.052031 4.630749 0.032959 -10.014063 -5.53163 -5.119641
7393 1444991608.702166 11.964141 4.630749 -0.054932 -10.014063 -5.53163 -5.119641
7394 1444991608.711081 11.964141 4.630749 -0.054932 -10.014063 -5.53163 -5.119641
7395 1444991608.722213 11.964141 4.630749 -0.054932 -10.014063 -5.53163 -5.119641
7396 1444991608.730907 12.052031 4.630749 0.032959 -9.926172 -5.53163 -5.119641
7397 1444991608.742451 11.964141 4.630749 -0.054932 -10.014063 -5.53163 -5.119641
7398 1444991608.752625 11.964141 4.630749 0.032959 -10.014063 -5.53163 -5.119641
7399 1444991608.761283 12.052031 4.630749 0.032959 -10.014063 -5.53163 -5.119641
7400 1444991608.771006 12.052031 4.630749 0.032959 -10.014063 -5.53163 -5.119641
7401 1444991608.783037 12.052031 4.630749 0.032959 -10.014063 -5.53163 -5.119641
7402 1444991608.791180 12.052031 4.630749 0.032959 -10.014063 -5.53163 -5.119641
7403 1444991608.801195 11.964141 4.630749 0.032959 -10.014063 -5.53163 -5.119641
7404 1444991608.811331 11.964141 4.630749 0.032959 -10.014063 -5.53163 -5.119641
7405 1444991608.821405 11.964141 4.630749 0.032959 -9.926172 -5.53163 -5.119641
7406 1444991608.830359 12.052031 4.630749 -0.054932 -10.014063 -5.53163 -5.119641
7407 1444991608.839917 11.964141 4.630749 -0.054932 -10.014063 -5.53163 -5.119641
7408 1444991608.849815 12.052031 4.630749 -0.054932 -9.926172 -5.53163 -5.119641
7409 1444991608.861115 11.964141 4.630749 0.032959 -10.014063 -5.53163 -5.119641
7410 1444991608.870529 12.052031 4.630749 0.032959 -9.926172 -5.53163 -5.119641
7411 1444991608.880172 11.964141 4.630749 -0.054932 -10.014063 -5.53163 -5.119641
7412 1444991608.891139 11.964141 4.630749 0.032959 -10.014063 -5.53163 -5.119641
7413 1444991608.900604 12.052031 4.630749 -0.054932 -10.014063 -5.53163 -5.119641
7414 1444991608.911381 11.964141 4.630749 0.032959 -10.014063 -5.53163 -5.119641
7415 1444991608.921162 12.052031 4.630749 0.032959 -10.014063 -5.53163 -5.119641
7416 1444991608.931433 12.052031 4.630749 0.032959 -10.014063 -5.53163 -5.119641
7417 1444991608.941474 11.964141 4.630749 0.032959 -10.014063 -5.53163 -5.119641
7418 1444991608.951581 12.052031 4.630749 -0.054932 -10.014063 -5.53163 -5.119641
7419 1444991608.961673 11.964141 4.630749 0.032959 -10.014063 -5.53163 -5.119641
7420 1444991608.971739 11.964141 4.630749 -0.054932 -9.926172 -5.53163 -5.119641
7421 1444991608.981897 11.964141 4.630749 0.032959 -10.014063 -5.53163 -5.119641
7422 1444991608.992225 11.964141 4.630749 0.032959 -9.926172 -5.53163 -5.119641
7423 1444991609.002344 11.964141 4.630749 0.032959 -9.926172 -5.53163 -5.119641
7424 1444991609.012603 11.964141 4.630749 0.032959 -9.926172 -5.53163 -5.119641
7425 1444991609.022539 12.052031 4.630749 0.032959 -10.014063 -5.53163 -5.119641
7426 1444991609.032595 12.052031 4.630749 0.032959 -10.014063 -5.53163 -5.119641
7427 1444991609.042648 11.964141 4.630749 -0.054932 -10.014063 -5.53163 -5.119641
7428 1444991609.053158 11.964141 4.630749 0.032959 -9.926172 -5.53163 -5.119641
7429 1444991609.063115 12.052031 4.630749 -0.054932 -10.014063 -5.53163 -5.119641
7430 1444991609.072899 12.052031 4.630749 -0.054932 -10.014063 -5.53163 -5.119641
7431 1444991609.083200 11.964141 4.630749 -0.054932 -10.014063 -5.53163 -5.119641
7432 1444991609.093014 11.964141 4.630749 0.032959 -9.926172 -5.53163 -5.119641
7433 1444991609.101130 12.052031 4.630749 -0.054932 -10.014063 -5.53163 -5.119641
7434 1444991609.111236 11.964141 4.630749 -0.054932 -10.014063 -5.53163 -5.119641
7435 1444991609.121337 11.964141 4.630749 -0.054932 -10.014063 -5.53163 -5.119641
7436 1444991609.131515 12.052031 4.630749 0.032959 -10.014063 -5.53163 -5.119641
7437 1444991609.141464 11.964141 4.630749 0.032959 -10.014063 -5.53163 -5.119641
7438 1444991609.151630 12.052031 4.630749 -0.054932 -10.014063 -5.53163 -5.119641
7439 1444991609.161487 11.964141 4.630749 0.032959 -9.926172 -5.53163 -5.119641
7440 1444991609.172086 11.964141 4.630749 0.032959 -10.014063 -5.53163 -5.119641
7441 1444991609.181727 11.964141 4.630749 0.032959 -10.014063 -5.53163 -5.119641
7442 1444991609.194860 11.964141 4.630749 -0.054932 -9.926172 -5.53163 -5.119641
7443 1444991609.205047 11.964141 4.630749 -0.054932 -9.926172 -5.53163 -5.119641
7444 1444991609.215322 12.052031 4.630749 0.032959 -10.014063 -5.53163 -5.119641
7445 1444991609.225280 11.964141 4.630749 0.032959 -10.014063 -5.53163 -5.119641
7446 1444991609.234096 11.964141 4.630749 0.032959 -10.014063 -5.53163 -5.119641
7447 1444991609.245403 11.964141 4.630749 0.032959 -9.926172 -5.53163 -5.119641
7448 1444991609.255562 12.052031 4.630749 0.032959 -9.926172 -5.53163 -5.119641
7449 1444991609.264594 11.964141 4.630749 0.032959 -9.926172 -5.53163 -5.119641
7450 1444991609.274310 11.964141 4.630749 0.032959 -10.014063 -5.53163 -5.119641
7451 1444991609.284479 11.964141 4.630749 0.032959 -10.014063 -5.53163 -5.119641
7452 1444991609.294437 11.964141 4.630749 -0.054932 -10.014063 -5.53163 -5.119641
7453 1444991609.304610 11.964141 4.630749 -0.054932 -10.014063 -5.53163 -5.119641
7454 1444991609.314651 11.964141 4.630749 0.032959 -10.014063 -5.53163 -5.119641
7455 1444991609.326241 11.964141 4.630749 -0.054932 -10.014063 -5.53163 -5.119641
7456 1444991609.336406 11.964141 4.630749 -0.054932 -9.926172 -5.53163 -5.119641
7457 1444991609.346458 11.964141 4.630749 0.032959 -10.014063 -5.53163 -5.119641
7458 1444991609.356115 11.964141 4.630749 -0.054932 -10.014063 -5.53163 -5.119641
7459 1444991609.365868 11.964141 4.630749 0.032959 -10.014063 -5.53163 -5.119641
7460 1444991609.375814 12.052031 4.630749 -0.054932 -10.014063 -5.53163 -5.119641
7461 1444991609.385883 12.052031 4.630749 -0.054932 -10.014063 -5.53163 -5.119641
7462 1444991609.396032 11.964141 4.630749 -0.054932 -10.014063 -5.53163 -5.119641
7463 1444991609.406536 11.964141 4.630749 -0.054932 -10.014063 -5.53163 -5.119641
7464 1444991609.416579 11.964141 4.630749 0.032959 -10.014063 -5.53163 -5.119641
7465 1444991609.423383 11.964141 4.630749 -0.054932 -10.014063 -5.53163 -5.119641
7466 1444991609.433203 11.964141 4.630749 0.032959 -10.014063 -5.53163 -5.119641
7467 1444991609.443295 12.052031 4.630749 0.032959 -10.014063 -5.53163 -5.119641
7468 1444991609.456739 12.052031 4.630749 0.032959 -10.014063 -5.53163 -5.119641
7469 1444991609.466764 11.964141 4.630749 -0.054932 -10.014063 -5.53163 -5.119641
7470 1444991609.474797 11.964141 4.630749 0.032959 -10.014063 -5.53163 -5.119641
7471 1444991609.485083 11.964141 4.630749 -0.054932 -10.014063 -5.53163 -5.119641
7472 1444991609.495638 11.964141 4.630749 -0.054932 -10.014063 -5.53163 -5.119641
7473 1444991609.507091 11.964141 4.630749 0.032959 -10.014063 -5.53163 -5.119641
7474 1444991609.515520 11.964141 4.630749 0.032959 -10.014063 -5.53163 -5.119641
7475 1444991609.525106 11.964141 4.630749 0.032959 -10.014063 -5.53163 -5.119641
7476 1444991609.535443 11.964141 4.630749 0.032959 -10.014063 -5.53163 -5.119641
7477 1444991609.545479 11.964141 4.630749 -0.054932 -10.014063 -5.53163 -5.119641
7478 1444991609.557194 11.964141 4.630749 -0.054932 -10.014063 -5.53163 -5.119641
7479 1444991609.566583 11.964141 4.630749 -0.054932 -10.014063 -5.53163 -5.119641
7480 1444991609.576469 11.964141 4.630749 -0.054932 -9.926172 -5.53163 -5.119641
7481 1444991609.586528 12.052031 4.630749 0.032959 -10.014063 -5.53163 -5.119641
7482 1444991609.596558 12.052031 4.630749 -0.054932 -10.014063 -5.53163 -5.119641
7483 1444991609.606983 11.964141 4.630749 0.032959 -10.014063 -5.53163 -5.119641
7484 1444991609.616874 12.052031 4.630749 0.032959 -10.014063 -5.53163 -5.119641
7485 1444991609.626910 11.964141 4.630749 0.032959 -10.014063 -5.53163 -5.119641
7486 1444991609.637055 12.052031 4.630749 0.032959 -10.014063 -5.53163 -5.119641
7487 1444991609.647081 12.052031 4.630749 0.032959 -10.014063 -5.53163 -5.119641
7488 1444991609.657804 11.964141 4.630749 0.032959 -9.926172 -5.53163 -5.119641
7489 1444991609.667749 12.052031 4.630749 0.032959 -10.014063 -5.53163 -5.119641
7490 1444991609.677792 11.964141 4.630749 -0.054932 -10.014063 -5.53163 -5.119641
7491 1444991609.687564 11.964141 4.630749 0.032959 -10.014063 -5.53163 -5.119641
7492 1444991609.697482 11.964141 4.630749 -0.054932 -10.014063 -5.53163 -5.119641
7493 1444991609.707928 11.964141 4.630749 0.032959 -10.014063 -5.53163 -5.119641
7494 1444991609.717729 11.964141 4.630749 0.032959 -10.014063 -5.53163 -5.119641
7495 1444991609.727829 11.964141 4.630749 -0.054932 -10.014063 -5.53163 -5.119641
7496 1444991609.737981 11.964141 4.630749 -0.054932 -10.014063 -5.53163 -5.119641
7497 1444991609.748297 12.052031 4.630749 0.032959 -10.014063 -5.53163 -5.119641
7498 1444991609.758311 11.964141 4.630749 -0.054932 -10.014063 -5.53163 -5.119641
7499 1444991609.768360 12.052031 4.630749 -0.054932 -10.014063 -5.53163 -5.119641
7500 1444991609.778499 11.964141 4.630749 0.032959 -10.014063 -5.53163 -5.119641
7501 1444991609.788642 11.964141 4.630749 0.032959 -10.014063 -5.53163 -5.119641
7502 1444991609.798766 11.964141 4.630749 0.032959 -10.014063 -5.53163 -5.119641
7503 1444991609.806458 11.964141 4.630749 0.032959 -10.014063 -5.53163 -5.119641
7504 1444991609.816581 11.964141 4.630749 0.032959 -10.014063 -5.53163 -5.119641
7505 1444991609.826464 12.052031 4.630749 0.032959 -10.014063 -5.53163 -5.119641
7506 1444991609.836673 12.052031 4.630749 -0.054932 -10.014063 -5.53163 -5.119641
7507 1444991609.846854 11.964141 4.630749 -0.054932 -10.014063 -5.53163 -5.119641
7508 1444991609.857753 11.964141 4.630749 -0.054932 -10.014063 -5.53163 -5.119641
7509 1444991609.866455 12.052031 4.630749 0.032959 -10.014063 -5.53163 -5.119641
7510 1444991609.877062 11.964141 4.630749 0.032959 -10.014063 -5.53163 -5.119641
7511 1444991609.887123 11.964141 4.630749 -0.054932 -10.014063 -5.53163 -5.119641
7512 1444991609.897232 12.052031 4.630749 0.032959 -10.014063 -5.53163 -5.119641
7513 1444991609.906280 12.052031 4.630749 -0.054932 -10.014063 -5.53163 -5.119641
7514 1444991609.917493 12.052031 4.630749 -0.054932 -10.014063 -5.53163 -5.119641
7515 1444991609.927539 11.964141 4.630749 0.032959 -10.014063 -5.53163 -5.119641
7516 1444991609.936210 12.052031 4.630749 0.032959 -10.014063 -5.53163 -5.119641
7517 1444991609.946698 11.964141 4.630749 -0.054932 -10.014063 -5.53163 -5.119641
7518 1444991609.957145 11.964141 4.630749 0.032959 -10.014063 -5.53163 -5.119641
7519 1444991609.966883 11.964141 4.630749 0.032959 -9.926172 -5.53163 -5.119641
7520 1444991609.976812 12.052031 4.630749 0.032959 -10.014063 -5.53163 -5.119641
7521 1444991609.986937 11.964141 4.630749 -0.054932 -10.014063 -5.53163 -5.119641
7522 1444991609.996977 11.964141 4.630749 -0.054932 -10.014063 -5.53163 -5.119641
7523 1444991610.007310 11.964141 4.630749 -0.054932 -10.014063 -5.53163 -5.119641
7524 1444991610.018008 11.964141 4.630749 0.032959 -10.014063 -5.53163 -5.119641
7525 1444991610.028172 12.052031 4.630749 0.032959 -10.014063 -5.53163 -5.119641
7526 1444991610.037479 12.052031 4.630749 -0.054932 -10.014063 -5.53163 -5.119641
7527 1444991610.047693 12.052031 4.630749 0.032959 -10.014063 -5.53163 -5.119641
7528 1444991610.057722 11.964141 4.630749 0.032959 -10.014063 -5.53163 -5.119641
7529 1444991610.067891 12.052031 4.630749 0.032959 -10.014063 -5.53163 -5.119641
7530 1444991610.078057 12.052031 4.630749 0.032959 -10.014063 -5.53163 -5.119641
7531 1444991610.088665 11.964141 4.630749 -0.054932 -10.014063 -5.53163 -5.119641
7532 1444991610.099894 11.964141 4.630749 -0.054932 -9.926172 -5.53163 -5.119641
7533 1444991610.109953 12.052031 4.630749 0.032959 -10.014063 -5.53163 -5.119641
7534 1444991610.120073 11.964141 4.630749 -0.054932 -10.014063 -5.53163 -5.119641
7535 1444991610.130167 12.052031 4.630749 -0.054932 -10.014063 -5.53163 -5.119641
7536 1444991610.140223 11.964141 4.630749 -0.054932 -10.014063 -5.53163 -5.119641
7537 1444991610.150354 11.964141 4.630749 0.032959 -10.014063 -5.53163 -5.119641
7538 1444991610.159374 11.964141 4.630749 0.032959 -10.014063 -5.53163 -5.119641
7539 1444991610.169121 11.964141 4.630749 0.032959 -10.014063 -5.53163 -5.119641
7540 1444991610.180431 11.964141 4.630749 0.032959 -10.014063 -5.53163 -5.119641
7541 1444991610.190645 12.052031 4.630749 0.032959 -10.014063 -5.53163 -5.119641
7542 1444991610.199320 11.964141 4.630749 0.032959 -10.014063 -5.53163 -5.119641
7543 1444991610.211242 12.052031 4.630749 0.032959 -10.014063 -5.53163 -5.119641
7544 1444991610.221257 12.052031 4.630749 -0.054932 -10.014063 -5.53163 -5.119641
7545 1444991610.231593 11.964141 4.630749 0.032959 -9.926172 -5.53163 -5.119641
7546 1444991610.241646 12.052031 4.630749 -0.054932 -10.014063 -5.53163 -5.119641
7547 1444991610.251766 11.964141 4.630749 -0.054932 -10.014063 -5.53163 -5.119641
7548 1444991610.261810 11.964141 4.630749 0.032959 -10.014063 -5.53163 -5.119641
7549 1444991610.271952 11.964141 4.630749 -0.054932 -10.014063 -5.53163 -5.119641
7550 1444991610.281955 11.964141 4.630749 -0.054932 -10.014063 -5.53163 -5.119641
7551 1444991610.292475 11.964141 4.630749 0.032959 -10.014063 -5.53163 -5.119641
7552 1444991610.302451 12.052031 4.630749 0.032959 -9.926172 -5.53163 -5.119641
7553 1444991610.311128 11.964141 4.630749 0.032959 -9.926172 -5.53163 -5.119641
7554 1444991610.322655 12.052031 4.630749 -0.054932 -10.014063 -5.53163 -5.119641
7555 1444991610.332796 11.964141 4.630749 0.032959 -9.926172 -5.53163 -5.119641
7556 1444991610.342736 11.964141 4.630749 0.032959 -10.014063 -5.53163 -5.119641
7557 1444991610.351206 11.964141 4.630749 0.032959 -10.014063 -5.53163 -5.119641
7558 1444991610.361275 11.964141 4.630749 0.032959 -9.926172 -5.53163 -5.119641
7559 1444991610.373065 12.052031 4.630749 -0.054932 -9.926172 -5.53163 -5.119641
7560 1444991610.383198 12.052031 4.630749 0.032959 -9.926172 -5.53163 -5.119641
7561 1444991610.393277 11.964141 4.630749 -0.054932 -9.926172 -5.53163 -5.119641
7562 1444991610.401740 11.964141 4.630749 0.032959 -10.014063 -5.53163 -5.119641
7563 1444991610.411712 11.964141 4.630749 -0.054932 -9.926172 -5.53163 -5.119641
7564 1444991610.421918 11.964141 4.630749 0.032959 -10.014063 -5.53163 -5.119641
7565 1444991610.431934 11.964141 4.630749 0.032959 -10.014063 -5.53163 -5.119641
7566 1444991610.442081 11.964141 4.630749 0.032959 -10.014063 -5.53163 -5.119641
7567 1444991610.452225 12.052031 4.630749 -0.054932 -10.014063 -5.53163 -5.119641
7568 1444991610.459838 11.964141 4.630749 -0.054932 -10.014063 -5.53163 -5.119641
7569 1444991610.472492 11.964141 4.630749 0.032959 -10.014063 -5.53163 -5.119641
7570 1444991610.481507 11.964141 4.630749 0.032959 -9.926172 -5.53163 -5.119641
7571 1444991610.489868 11.964141 4.630749 -0.054932 -10.014063 -5.53163 -5.119641
7572 1444991610.499932 11.964141 4.630749 0.032959 -10.014063 -5.53163 -5.119641
7573 1444991610.511172 11.964141 4.630749 0.032959 -10.014063 -5.53163 -5.119641
7574 1444991610.520472 12.052031 4.630749 0.032959 -10.014063 -5.53163 -5.119641
7575 1444991610.530507 12.052031 4.630749 0.032959 -10.014063 -5.53163 -5.119641
7576 1444991610.541236 11.964141 4.630749 -0.054932 -10.014063 -5.53163 -5.119641
7577 1444991610.551332 12.052031 4.630749 0.032959 -9.926172 -5.53163 -5.119641
7578 1444991610.562061 11.964141 4.630749 0.032959 -10.014063 -5.53163 -5.119641
7579 1444991610.571833 12.052031 4.630749 -0.054932 -10.014063 -5.53163 -5.119641
7580 1444991610.582004 11.964141 4.630749 0.032959 -10.014063 -5.53163 -5.119641
7581 1444991610.592153 12.052031 4.630749 -0.054932 -10.014063 -5.53163 -5.119641
7582 1444991610.602208 12.052031 4.630749 -0.054932 -10.014063 -5.53163 -5.119641
7583 1444991610.612500 11.964141 4.630749 0.032959 -10.014063 -5.53163 -5.119641
7584 1444991610.622287 11.964141 4.630749 0.032959 -10.014063 -5.53163 -5.119641
7585 1444991610.632319 11.964141 4.630749 0.032959 -10.014063 -5.53163 -5.119641
7586 1444991610.642508 12.052031 4.630749 -0.054932 -10.014063 -5.53163 -5.119641
7587 1444991610.652798 12.052031 4.630749 0.032959 -10.014063 -5.53163 -5.119641
7588 1444991610.664607 12.052031 4.630749 0.032959 -9.926172 -5.53163 -5.119641
7589 1444991610.673070 11.964141 4.630749 0.032959 -10.014063 -5.53163 -5.119641
7590 1444991610.683192 11.964141 4.630749 -0.054932 -10.014063 -5.53163 -5.119641
7591 1444991610.693246 12.052031 4.630749 -0.054932 -10.014063 -5.53163 -5.119641
7592 1444991610.704834 12.052031 4.630749 0.032959 -10.014063 -5.53163 -5.119641
7593 1444991610.714701 11.964141 4.630749 0.032959 -9.926172 -5.53163 -5.119641
7594 1444991610.723553 12.052031 4.630749 -0.054932 -10.014063 -5.53163 -5.119641
7595 1444991610.731231 11.964141 4.630749 0.032959 -10.014063 -5.53163 -5.119641
7596 1444991610.744546 12.052031 4.630749 -0.054932 -10.014063 -5.53163 -5.119641
7597 1444991610.755485 11.964141 4.630749 -0.054932 -10.014063 -5.53163 -5.119641
7598 1444991610.765542 11.964141 4.630749 0.032959 -10.014063 -5.53163 -5.119641
7599 1444991610.775365 12.052031 4.630749 0.032959 -9.926172 -5.53163 -5.119641
7600 1444991610.785351 11.964141 4.630749 -0.054932 -10.014063 -5.53163 -5.119641
7601 1444991610.795418 12.052031 4.630749 -0.054932 -9.926172 -5.53163 -5.119641
7602 1444991610.801785 11.964141 4.630749 0.032959 -10.014063 -5.53163 -5.119641
7603 1444991610.811861 11.964141 4.630749 0.032959 -10.014063 -5.53163 -5.119641
7604 1444991610.826173 11.964141 4.630749 -0.054932 -9.926172 -5.53163 -5.119641
7605 1444991610.835826 12.052031 4.630749 0.032959 -10.014063 -5.53163 -5.119641
7606 1444991610.846333 12.052031 4.630749 0.032959 -10.014063 -5.53163 -5.119641
7607 1444991610.856245 11.964141 4.630749 -0.054932 -10.014063 -5.53163 -5.119641
7608 1444991610.864902 11.964141 4.630749 0.032959 -10.014063 -5.53163 -5.119641
7609 1444991610.876706 12.052031 4.630749 -0.054932 -10.014063 -5.53163 -5.119641
7610 1444991610.886872 11.964141 4.630749 0.032959 -10.014063 -5.53163 -5.119641
7611 1444991610.896884 11.964141 4.630749 -0.054932 -10.014063 -5.53163 -5.119641
7612 1444991610.905364 11.964141 4.630749 0.032959 -10.014063 -5.53163 -5.119641
7613 1444991610.915441 12.052031 4.630749 -0.054932 -10.014063 -5.53163 -5.119641
7614 1444991610.925465 11.964141 4.630749 0.032959 -10.014063 -5.53163 -5.119641
7615 1444991610.935500 11.964141 4.630749 0.032959 -10.014063 -5.53163 -5.119641
7616 1444991610.945674 11.964141 4.630749 -0.054932 -10.014063 -5.53163 -5.119641
7617 1444991610.955710 12.052031 4.630749 0.032959 -9.926172 -5.53163 -5.119641
7618 1444991610.965774 12.052031 4.630749 0.032959 -9.926172 -5.53163 -5.119641
7619 1444991610.977475 12.052031 4.630749 -0.054932 -10.014063 -5.53163 -5.119641
7620 1444991610.986077 11.964141 4.630749 0.032959 -10.014063 -5.53163 -5.119641
7621 1444991610.996163 11.964141 4.630749 0.032959 -10.014063 -5.53163 -5.119641
7622 1444991611.006155 12.052031 4.630749 0.032959 -10.014063 -5.53163 -5.119641
7623 1444991611.016339 11.964141 4.630749 0.032959 -10.014063 -5.53163 -5.119641
7624 1444991611.024549 12.052031 4.630749 0.032959 -10.014063 -5.53163 -5.119641
7625 1444991611.034687 11.964141 4.630749 0.032959 -9.926172 -5.53163 -5.119641
7626 1444991611.043673 11.964141 4.630749 0.032959 -10.014063 -5.53163 -5.119641
7627 1444991611.056239 12.052031 4.630749 0.032959 -9.926172 -5.53163 -5.119641
7628 1444991611.065440 12.052031 4.630749 -0.054932 -10.014063 -5.53163 -5.119641
7629 1444991611.075120 11.964141 4.630749 0.032959 -10.014063 -5.53163 -5.119641
7630 1444991611.085410 11.964141 4.630749 -0.054932 -9.926172 -5.53163 -5.119641
7631 1444991611.095362 11.964141 4.630749 0.032959 -10.014063 -5.53163 -5.119641
7632 1444991611.106361 11.964141 4.630749 0.032959 -10.014063 -5.53163 -5.119641
7633 1444991611.116188 11.964141 4.630749 0.032959 -10.014063 -5.53163 -5.119641
7634 1444991611.125591 12.052031 4.630749 -0.054932 -9.926172 -5.53163 -5.119641
7635 1444991611.136165 11.964141 4.630749 0.032959 -10.014063 -5.53163 -5.119641
7636 1444991611.145817 11.964141 4.630749 -0.054932 -10.014063 -5.53163 -5.119641
7637 1444991611.156418 12.052031 4.630749 -0.054932 -10.014063 -5.53163 -5.119641
7638 1444991611.166509 11.964141 4.630749 0.032959 -10.014063 -5.53163 -5.119641
7639 1444991611.176458 11.964141 4.630749 0.032959 -10.014063 -5.53163 -5.119641
7640 1444991611.186573 11.964141 4.630749 -0.054932 -10.014063 -5.53163 -5.119641
7641 1444991611.196773 11.964141 4.630749 0.032959 -10.014063 -5.53163 -5.119641
7642 1444991611.207215 11.964141 4.630749 -0.054932 -9.926172 -5.53163 -5.119641
7643 1444991611.217083 12.052031 4.630749 -0.054932 -10.014063 -5.53163 -5.119641
7644 1444991611.227145 12.052031 4.630749 -0.054932 -10.014063 -5.53163 -5.119641
7645 1444991611.237254 11.964141 4.630749 0.032959 -10.014063 -5.53163 -5.119641
7646 1444991611.247672 11.964141 4.630749 0.032959 -10.014063 -5.53163 -5.119641
7647 1444991611.258047 11.964141 4.630749 0.032959 -10.014063 -5.53163 -5.119641
7648 1444991611.267974 11.964141 4.630749 -0.054932 -9.926172 -5.53163 -5.119641
7649 1444991611.278428 11.964141 4.630749 -0.054932 -10.014063 -5.53163 -5.119641
7650 1444991611.288396 12.052031 4.630749 0.032959 -10.014063 -5.53163 -5.119641
7651 1444991611.298490 12.052031 4.630749 0.032959 -10.014063 -5.53163 -5.119641
7652 1444991611.308533 11.964141 4.630749 -0.054932 -10.014063 -5.53163 -5.119641
7653 1444991611.318701 11.964141 4.630749 -0.054932 -10.014063 -5.53163 -5.119641
7654 1444991611.328814 12.052031 4.630749 0.032959 -9.926172 -5.53163 -5.119641
7655 1444991611.339711 11.964141 4.630749 0.032959 -10.014063 -5.53163 -5.119641
7656 1444991611.349745 11.964141 4.630749 -0.054932 -10.014063 -5.53163 -5.119641
7657 1444991611.356581 11.964141 4.630749 0.032959 -9.926172 -5.53163 -5.119641
7658 1444991611.369751 11.964141 4.630749 -0.054932 -9.926172 -5.53163 -5.119641
7659 1444991611.376530 11.964141 4.630749 0.032959 -9.926172 -5.53163 -5.119641
7660 1444991611.390174 12.052031 4.630749 0.032959 -10.014063 -5.53163 -5.119641
7661 1444991611.396928 11.964141 4.630749 -0.054932 -10.014063 -5.53163 -5.119641
7662 1444991611.407037 12.052031 4.630749 0.032959 -9.926172 -5.53163 -5.119641
7663 1444991611.416843 12.052031 4.630749 0.032959 -10.014063 -5.53163 -5.119641
7664 1444991611.427085 12.052031 4.630749 0.032959 -10.014063 -5.53163 -5.119641
7665 1444991611.437355 12.052031 4.630749 0.032959 -10.014063 -5.53163 -5.119641
7666 1444991611.447519 11.964141 4.630749 0.032959 -10.014063 -5.53163 -5.119641
7667 1444991611.456911 11.964141 4.630749 0.032959 -10.014063 -5.53163 -5.119641
7668 1444991611.466878 12.052031 4.630749 0.032959 -10.014063 -5.53163 -5.119641
7669 1444991611.476919 11.964141 4.630749 0.032959 -10.014063 -5.53163 -5.119641
7670 1444991611.486892 11.964141 4.630749 -0.054932 -10.014063 -5.53163 -5.119641
7671 1444991611.497109 11.964141 4.630749 -0.054932 -10.014063 -5.53163 -5.119641
7672 1444991611.507679 11.964141 4.630749 -0.054932 -9.926172 -5.53163 -5.119641
7673 1444991611.517127 11.964141 4.630749 0.032959 -9.926172 -5.53163 -5.119641
7674 1444991611.527460 11.964141 4.630749 0.032959 -9.926172 -5.53163 -5.119641
7675 1444991611.537525 12.052031 4.630749 -0.054932 -10.014063 -5.53163 -5.119641
7676 1444991611.548185 11.964141 4.630749 0.032959 -9.926172 -5.53163 -5.119641
7677 1444991611.559868 11.964141 4.630749 -0.054932 -10.014063 -5.53163 -5.119641
7678 1444991611.568638 11.964141 4.630749 0.032959 -10.014063 -5.53163 -5.119641
7679 1444991611.578269 11.964141 4.630749 0.032959 -10.014063 -5.53163 -5.119641
7680 1444991611.588518 11.964141 4.630749 0.032959 -10.014063 -5.53163 -5.119641
7681 1444991611.598686 11.964141 4.630749 -0.054932 -10.014063 -5.53163 -5.119641
7682 1444991611.606265 11.964141 4.630749 0.032959 -10.014063 -5.53163 -5.119641
7683 1444991611.616337 12.052031 4.630749 0.032959 -10.014063 -5.53163 -5.119641
7684 1444991611.626322 11.964141 4.630749 -0.054932 -10.014063 -5.53163 -5.119641
7685 1444991611.636400 11.964141 4.630749 -0.054932 -10.014063 -5.53163 -5.119641
7686 1444991611.649894 11.964141 4.630749 0.032959 -10.014063 -5.53163 -5.119641
7687 1444991611.659824 12.052031 4.630749 0.032959 -9.926172 -5.53163 -5.119641
7688 1444991611.669815 11.964141 4.630749 0.032959 -10.014063 -5.53163 -5.119641
7689 1444991611.680175 12.052031 4.630749 -0.054932 -10.014063 -5.53163 -5.119641
7690 1444991611.690315 11.964141 4.630749 0.032959 -10.014063 -5.53163 -5.119641
7691 1444991611.701109 11.964141 4.630749 -0.054932 -10.014063 -5.53163 -5.119641
7692 1444991611.711043 11.964141 4.630749 0.032959 -10.014063 -5.53163 -5.119641
7693 1444991611.719464 12.052031 4.630749 -0.054932 -10.014063 -5.53163 -5.119641
7694 1444991611.731753 12.052031 4.630749 -0.054932 -10.014063 -5.53163 -5.119641
7695 1444991611.741556 11.964141 4.630749 0.032959 -9.926172 -5.53163 -5.119641
7696 1444991611.751529 11.964141 4.630749 0.032959 -10.014063 -5.53163 -5.119641
7697 1444991611.762002 11.964141 4.630749 0.032959 -10.014063 -5.53163 -5.119641
7698 1444991611.771806 12.052031 4.630749 -0.054932 -9.926172 -5.53163 -5.119641
7699 1444991611.781965 12.052031 4.630749 -0.054932 -9.926172 -5.53163 -5.119641
7700 1444991611.792006 11.964141 4.630749 0.032959 -10.014063 -5.53163 -5.119641
7701 1444991611.802100 11.964141 4.630749 -0.054932 -10.014063 -5.53163 -5.119641
7702 1444991611.812436 12.052031 4.630749 -0.054932 -10.014063 -5.53163 -5.119641
7703 1444991611.822444 11.964141 4.630749 0.032959 -10.014063 -5.53163 -5.119641
7704 1444991611.832666 12.052031 4.630749 0.032959 -10.014063 -5.53163 -5.119641
7705 1444991611.842896 11.964141 4.630749 -0.054932 -10.014063 -5.53163 -5.119641
7706 1444991611.853346 11.964141 4.630749 0.032959 -10.014063 -5.53163 -5.119641
7707 1444991611.861588 12.052031 4.630749 0.032959 -10.014063 -5.53163 -5.119641
7708 1444991611.873149 11.964141 4.630749 0.032959 -10.014063 -5.53163 -5.119641
7709 1444991611.883162 11.964141 4.630749 -0.054932 -10.014063 -5.53163 -5.119641
7710 1444991611.893594 11.964141 4.630749 0.032959 -10.014063 -5.53163 -5.119641
7711 1444991611.903598 12.052031 4.630749 -0.054932 -10.014063 -5.53163 -5.119641
7712 1444991611.913417 11.964141 4.630749 0.032959 -10.014063 -5.53163 -5.119641
7713 1444991611.923706 11.964141 4.630749 0.032959 -10.014063 -5.53163 -5.119641
7714 1444991611.933756 12.052031 4.630749 -0.054932 -10.014063 -5.53163 -5.119641
7715 1444991611.943778 12.052031 4.630749 -0.054932 -10.014063 -5.53163 -5.119641
7716 1444991611.954002 12.052031 4.630749 -0.054932 -10.014063 -5.53163 -5.119641
7717 1444991611.961984 11.964141 4.630749 0.032959 -10.014063 -5.53163 -5.119641
7718 1444991611.971963 12.052031 4.630749 0.032959 -10.014063 -5.53163 -5.119641
7719 1444991611.979977 11.964141 4.630749 0.032959 -10.014063 -5.53163 -5.119641
7720 1444991611.989943 12.052031 4.630749 -0.054932 -10.014063 -5.53163 -5.119641
7721 1444991612.001464 11.964141 4.630749 0.032959 -10.014063 -5.53163 -5.119641
7722 1444991612.011045 12.052031 4.630749 -0.054932 -10.014063 -5.53163 -5.119641
7723 1444991612.021283 11.964141 4.630749 -0.054932 -10.014063 -5.53163 -5.119641
7724 1444991612.031279 11.964141 4.630749 0.032959 -10.014063 -5.53163 -5.119641
7725 1444991612.041585 12.052031 4.630749 -0.054932 -10.014063 -5.53163 -5.119641
7726 1444991612.051957 11.964141 4.630749 0.032959 -10.014063 -5.53163 -5.119641
7727 1444991612.062086 12.052031 4.630749 -0.054932 -10.014063 -5.53163 -5.119641
7728 1444991612.071993 11.964141 4.630749 -0.054932 -10.014063 -5.53163 -5.119641
7729 1444991612.082088 12.052031 4.630749 -0.054932 -10.014063 -5.53163 -5.119641
7730 1444991612.092157 11.964141 4.630749 0.032959 -10.014063 -5.53163 -5.119641
7731 1444991612.102265 12.052031 4.630749 0.032959 -10.014063 -5.53163 -5.119641
7732 1444991612.112469 11.964141 4.630749 0.032959 -10.014063 -5.53163 -5.119641
7733 1444991612.122619 12.052031 4.630749 -0.054932 -10.014063 -5.53163 -5.119641
7734 1444991612.132619 12.052031 4.630749 0.032959 -10.014063 -5.53163 -5.119641
7735 1444991612.142846 11.964141 4.630749 -0.054932 -10.014063 -5.53163 -5.119641
7736 1444991612.153893 11.964141 4.630749 -0.054932 -9.926172 -5.53163 -5.119641
7737 1444991612.164897 12.052031 4.630749 -0.054932 -10.014063 -5.53163 -5.119641
7738 1444991612.173568 12.052031 4.630749 0.032959 -10.014063 -5.53163 -5.119641
7739 1444991612.183669 11.964141 4.630749 0.032959 -10.014063 -5.53163 -5.119641
7740 1444991612.193905 12.052031 4.630749 0.032959 -9.926172 -5.53163 -5.119641
7741 1444991612.201580 11.964141 4.630749 -0.054932 -10.014063 -5.53163 -5.119641
7742 1444991612.214565 12.052031 4.630749 -0.054932 -10.014063 -5.53163 -5.119641
7743 1444991612.225196 12.052031 4.630749 0.032959 -10.014063 -5.53163 -5.119641
7744 1444991612.235428 12.052031 4.630749 -0.054932 -9.926172 -5.53163 -5.119641
7745 1444991612.245444 11.964141 4.630749 0.032959 -10.014063 -5.53163 -5.119641
7746 1444991612.251754 11.964141 4.630749 0.032959 -10.014063 -5.53163 -5.119641
7747 1444991612.265497 11.964141 4.630749 0.032959 -10.014063 -5.53163 -5.119641
7748 1444991612.275571 11.964141 4.630749 -0.054932 -10.014063 -5.53163 -5.119641
7749 1444991612.285510 11.964141 4.630749 -0.054932 -10.014063 -5.53163 -5.119641
7750 1444991612.296017 11.964141 4.630749 0.032959 -10.014063 -5.53163 -5.119641
7751 1444991612.302167 12.052031 4.630749 -0.054932 -10.014063 -5.53163 -5.119641
7752 1444991612.312265 11.964141 4.630749 -0.054932 -10.014063 -5.53163 -5.119641
7753 1444991612.326166 11.964141 4.630749 -0.054932 -10.014063 -5.53163 -5.119641
7754 1444991612.336214 11.964141 4.630749 0.032959 -10.014063 -5.53163 -5.119641
7755 1444991612.344759 12.052031 4.630749 0.032959 -10.014063 -5.53163 -5.119641
7756 1444991612.351244 12.052031 4.630749 0.032959 -10.014063 -5.53163 -5.119641
7757 1444991612.365072 12.052031 4.630749 -0.054932 -9.926172 -5.53163 -5.119641
7758 1444991612.375177 11.964141 4.630749 -0.054932 -10.014063 -5.53163 -5.119641
7759 1444991612.385174 11.964141 4.630749 0.032959 -10.014063 -5.53163 -5.119641
7760 1444991612.393564 12.052031 4.630749 -0.054932 -10.014063 -5.53163 -5.119641
7761 1444991612.401893 11.964141 4.630749 -0.054932 -10.014063 -5.53163 -5.119641
7762 1444991612.411969 12.052031 4.630749 0.032959 -10.014063 -5.53163 -5.119641
7763 1444991612.425640 11.964141 4.630749 -0.054932 -10.014063 -5.53163 -5.119641
7764 1444991612.435713 12.052031 4.630749 0.032959 -10.014063 -5.53163 -5.119641
7765 1444991612.445855 11.964141 4.630749 -0.054932 -9.926172 -5.53163 -5.119641
7766 1444991612.454808 12.052031 4.630749 -0.054932 -9.926172 -5.53163 -5.119641
7767 1444991612.463469 11.964141 4.630749 0.032959 -9.926172 -5.53163 -5.119641
7768 1444991612.474020 12.052031 4.630749 0.032959 -10.014063 -5.53163 -5.119641
7769 1444991612.483602 11.964141 4.630749 -0.054932 -9.926172 -5.53163 -5.119641
7770 1444991612.494918 11.964141 4.630749 0.032959 -9.926172 -5.53163 -5.119641
7771 1444991612.505090 12.052031 4.630749 0.032959 -10.014063 -5.53163 -5.119641
7772 1444991612.515970 12.052031 4.630749 0.032959 -10.014063 -5.53163 -5.119641
7773 1444991612.525257 11.964141 4.630749 0.032959 -10.014063 -5.53163 -5.119641
7774 1444991612.536088 11.964141 4.630749 0.032959 -10.014063 -5.53163 -5.119641
7775 1444991612.546101 11.964141 4.630749 -0.054932 -10.014063 -5.53163 -5.119641
7776 1444991612.556555 12.052031 4.630749 0.032959 -10.014063 -5.53163 -5.119641
7777 1444991612.566532 11.964141 4.630749 0.032959 -10.014063 -5.53163 -5.119641
7778 1444991612.576430 11.964141 4.630749 0.032959 -10.014063 -5.53163 -5.119641
7779 1444991612.586436 12.052031 4.630749 0.032959 -10.014063 -5.53163 -5.119641
7780 1444991612.596505 11.964141 4.630749 0.032959 -10.014063 -5.53163 -5.119641
7781 1444991612.606994 12.052031 4.630749 0.032959 -10.014063 -5.53163 -5.119641
7782 1444991612.617024 12.052031 4.630749 0.032959 -10.014063 -5.53163 -5.119641
7783 1444991612.626837 11.964141 4.630749 -0.054932 -10.014063 -5.53163 -5.119641
7784 1444991612.636925 12.052031 4.630749 0.032959 -10.014063 -5.53163 -5.119641
7785 1444991612.647126 11.964141 4.630749 0.032959 -10.014063 -5.53163 -5.119641
7786 1444991612.657725 11.964141 4.630749 -0.054932 -10.014063 -5.53163 -5.119641
7787 1444991612.667652 12.052031 4.630749 0.032959 -10.014063 -5.53163 -5.119641
7788 1444991612.677661 11.964141 4.630749 0.032959 -10.014063 -5.53163 -5.119641
7789 1444991612.687763 12.052031 4.630749 0.032959 -10.014063 -5.53163 -5.119641
7790 1444991612.697780 11.964141 4.630749 0.032959 -10.014063 -5.53163 -5.119641
7791 1444991612.708103 12.052031 4.630749 -0.054932 -9.926172 -5.53163 -5.119641
7792 1444991612.718176 11.964141 4.630749 -0.054932 -10.014063 -5.53163 -5.119641
7793 1444991612.726695 11.964141 4.630749 0.032959 -10.014063 -5.53163 -5.119641
7794 1444991612.738310 11.964141 4.630749 0.032959 -10.014063 -5.53163 -5.119641
7795 1444991612.748478 11.964141 4.630749 -0.054932 -10.014063 -5.53163 -5.119641
7796 1444991612.758635 12.052031 4.630749 0.032959 -10.014063 -5.53163 -5.119641
7797 1444991612.768100 11.964141 4.630749 0.032959 -9.926172 -5.53163 -5.119641
7798 1444991612.779256 11.964141 4.630749 0.032959 -10.014063 -5.53163 -5.119641
7799 1444991612.789383 12.052031 4.630749 -0.054932 -10.014063 -5.53163 -5.119641
7800 1444991612.796513 12.052031 4.630749 -0.054932 -10.014063 -5.53163 -5.119641
7801 1444991612.806680 12.052031 4.630749 0.032959 -9.926172 -5.53163 -5.119641
7802 1444991612.816803 12.052031 4.630749 0.032959 -10.014063 -5.53163 -5.119641
7803 1444991612.825879 12.052031 4.630749 0.032959 -10.014063 -5.53163 -5.119641
7804 1444991612.839230 11.964141 4.630749 0.032959 -9.926172 -5.53163 -5.119641
7805 1444991612.849417 12.052031 4.630749 0.032959 -10.014063 -5.53163 -5.119641
7806 1444991612.856823 12.052031 4.630749 -0.054932 -10.014063 -5.53163 -5.119641
7807 1444991612.866234 11.964141 4.630749 -0.054932 -9.926172 -5.53163 -5.119641
7808 1444991612.876812 11.964141 4.630749 0.032959 -10.014063 -5.53163 -5.119641
7809 1444991612.886308 11.964141 4.630749 -0.054932 -9.926172 -5.53163 -5.119641
7810 1444991612.896403 11.964141 4.630749 0.032959 -9.926172 -5.53163 -5.119641
7811 1444991612.907079 12.052031 4.630749 -0.054932 -10.014063 -5.53163 -5.119641
7812 1444991612.917422 12.052031 4.630749 0.032959 -10.014063 -5.53163 -5.119641
7813 1444991612.927002 11.964141 4.630749 0.032959 -10.014063 -5.53163 -5.119641
7814 1444991612.937369 11.964141 4.630749 -0.054932 -9.926172 -5.53163 -5.119641
7815 1444991612.947560 11.964141 4.630749 0.032959 -10.014063 -5.53163 -5.119641
7816 1444991612.957771 11.964141 4.630749 0.032959 -10.014063 -5.53163 -5.119641
7817 1444991612.967756 12.052031 4.630749 0.032959 -10.014063 -5.53163 -5.119641
7818 1444991612.977906 11.964141 4.630749 0.032959 -9.926172 -5.53163 -5.119641
7819 1444991612.987966 12.052031 4.630749 -0.054932 -10.014063 -5.53163 -5.119641
7820 1444991612.998288 12.052031 4.630749 -0.054932 -10.014063 -5.53163 -5.119641
7821 1444991613.006091 12.052031 4.630749 -0.054932 -10.014063 -5.53163 -5.119641
7822 1444991613.018538 12.052031 4.630749 0.032959 -10.014063 -5.53163 -5.119641
7823 1444991613.028671 12.052031 4.630749 0.032959 -10.014063 -5.53163 -5.119641
7824 1444991613.038795 12.052031 4.630749 0.032959 -10.014063 -5.53163 -5.119641
7825 1444991613.048865 11.964141 4.630749 -0.054932 -10.014063 -5.53163 -5.119641
7826 1444991613.059835 11.964141 4.630749 -0.054932 -10.014063 -5.53163 -5.119641
7827 1444991613.069798 12.052031 4.630749 -0.054932 -10.014063 -5.53163 -5.119641
7828 1444991613.079858 12.052031 4.630749 0.032959 -10.014063 -5.53163 -5.119641
7829 1444991613.089866 12.052031 4.630749 0.032959 -10.014063 -5.53163 -5.119641
7830 1444991613.100319 12.052031 4.630749 0.032959 -10.014063 -5.53163 -5.119641
7831 1444991613.110937 12.052031 4.630749 0.032959 -10.014063 -5.53163 -5.119641
7832 1444991613.120214 12.052031 4.630749 0.032959 -10.014063 -5.53163 -5.119641
7833 1444991613.130843 11.964141 4.630749 0.032959 -10.014063 -5.53163 -5.119641
7834 1444991613.140419 11.964141 4.630749 -0.054932 -10.014063 -5.53163 -5.119641
7835 1444991613.151073 12.052031 4.630749 -0.054932 -10.014063 -5.53163 -5.119641
7836 1444991613.162214 11.964141 4.630749 0.032959 -10.014063 -5.53163 -5.119641
7837 1444991613.171807 11.964141 4.630749 0.032959 -10.014063 -5.53163 -5.119641
7838 1444991613.181667 12.052031 4.630749 0.032959 -9.926172 -5.53163 -5.119641
7839 1444991613.192019 12.052031 4.630749 -0.054932 -10.014063 -5.53163 -5.119641
7840 1444991613.201715 11.964141 4.630749 0.032959 -10.014063 -5.53163 -5.119641
7841 1444991613.210855 11.964141 4.630749 -0.054932 -10.014063 -5.53163 -5.119641
7842 1444991613.222268 11.964141 4.630749 0.032959 -10.014063 -5.53163 -5.119641
7843 1444991613.232146 11.964141 4.630749 0.032959 -10.014063 -5.53163 -5.119641
7844 1444991613.242376 12.052031 4.630749 0.032959 -10.014063 -5.53163 -5.119641
7845 1444991613.252558 11.964141 4.630749 0.032959 -10.014063 -5.53163 -5.119641
7846 1444991613.261269 12.052031 4.630749 -0.054932 -10.014063 -5.53163 -5.119641
7847 1444991613.272859 11.964141 4.630749 -0.054932 -10.014063 -5.53163 -5.119641
7848 1444991613.282812 11.964141 4.630749 -0.054932 -10.014063 -5.53163 -5.119641
7849 1444991613.292933 11.964141 4.630749 0.032959 -10.014063 -5.53163 -5.119641
7850 1444991613.301345 12.052031 4.630749 -0.054932 -10.014063 -5.53163 -5.119641
7851 1444991613.311052 11.964141 4.630749 0.032959 -10.014063 -5.53163 -5.119641
7852 1444991613.323344 11.964141 4.630749 0.032959 -10.014063 -5.53163 -5.119641
7853 1444991613.333354 11.964141 4.630749 0.032959 -10.014063 -5.53163 -5.119641
7854 1444991613.341985 12.052031 4.630749 -0.054932 -9.926172 -5.53163 -5.119641
7855 1444991613.346210 12.052031 4.630749 0.032959 -10.014063 -5.53163 -5.119641
7856 1444991613.356892 11.964141 4.630749 -0.054932 -10.014063 -5.53163 -5.119641
7857 1444991613.368946 12.052031 4.630749 0.032959 -10.014063 -5.53163 -5.119641
7858 1444991613.379380 11.964141 4.630749 0.032959 -10.014063 -5.53163 -5.119641
7859 1444991613.389508 11.964141 4.630749 -0.054932 -10.014063 -5.53163 -5.119641
7860 1444991613.401145 12.052031 4.630749 0.032959 -10.014063 -5.53163 -5.119641
7861 1444991613.411290 12.052031 4.630749 0.032959 -10.014063 -5.53163 -5.119641
7862 1444991613.421224 11.964141 4.630749 0.032959 -10.014063 -5.53163 -5.119641
7863 1444991613.431394 11.964141 4.630749 0.032959 -9.926172 -5.53163 -5.119641
7864 1444991613.441540 12.052031 4.630749 0.032959 -10.014063 -5.53163 -5.119641
7865 1444991613.451628 11.964141 4.630749 0.032959 -10.014063 -5.53163 -5.119641
7866 1444991613.461807 12.052031 4.630749 0.032959 -10.014063 -5.53163 -5.119641
7867 1444991613.471868 12.052031 4.630749 -0.054932 -10.014063 -5.53163 -5.119641
7868 1444991613.481966 11.964141 4.630749 0.032959 -10.014063 -5.53163 -5.119641
7869 1444991613.492358 11.964141 4.630749 -0.054932 -10.014063 -5.53163 -5.119641
7870 1444991613.502451 12.052031 4.630749 -0.054932 -10.014063 -5.53163 -5.119641
7871 1444991613.512733 12.052031 4.630749 -0.054932 -10.014063 -5.53163 -5.119641
7872 1444991613.522863 11.964141 4.630749 0.032959 -10.014063 -5.53163 -5.119641
7873 1444991613.533055 12.052031 4.630749 0.032959 -10.014063 -5.53163 -5.119641
7874 1444991613.543149 11.964141 4.630749 -0.054932 -10.014063 -5.53163 -5.119641
7875 1444991613.553504 11.964141 4.630749 -0.054932 -10.014063 -5.53163 -5.119641
7876 1444991613.564095 11.964141 4.630749 0.032959 -10.014063 -5.53163 -5.119641
7877 1444991613.573718 11.964141 4.630749 0.032959 -10.014063 -5.53163 -5.119641
7878 1444991613.583841 11.964141 4.630749 -0.054932 -10.014063 -5.53163 -5.119641
7879 1444991613.593929 11.964141 4.630749 -0.054932 -9.926172 -5.53163 -5.119641
7880 1444991613.604164 11.964141 4.630749 -0.054932 -10.014063 -5.53163 -5.119641
7881 1444991613.614262 11.964141 4.630749 -0.054932 -10.014063 -5.53163 -5.119641
7882 1444991613.624979 11.964141 4.630749 -0.054932 -10.014063 -5.53163 -5.119641
7883 1444991613.634926 11.964141 4.630749 -0.054932 -9.926172 -5.53163 -5.119641
7884 1444991613.645007 12.052031 4.630749 0.032959 -10.014063 -5.53163 -5.119641
7885 1444991613.651885 11.964141 4.630749 0.032959 -10.014063 -5.53163 -5.119641
7886 1444991613.661926 11.964141 4.630749 0.032959 -10.014063 -5.53163 -5.119641
7887 1444991613.671715 12.052031 4.630749 0.032959 -10.014063 -5.53163 -5.119641
7888 1444991613.685419 11.964141 4.630749 0.032959 -10.014063 -5.53163 -5.119641
7889 1444991613.695445 11.964141 4.630749 -0.054932 -10.014063 -5.53163 -5.119641
7890 1444991613.702161 12.052031 4.630749 0.032959 -10.014063 -5.53163 -5.119641
7891 1444991613.712248 11.964141 4.630749 0.032959 -10.014063 -5.53163 -5.119641
7892 1444991613.721310 12.052031 4.630749 0.032959 -10.014063 -5.53163 -5.119641
7893 1444991613.731331 11.964141 4.630749 0.032959 -10.014063 -5.53163 -5.119641
7894 1444991613.741353 11.964141 4.630749 0.032959 -10.014063 -5.53163 -5.119641
7895 1444991613.751622 11.964141 4.630749 0.032959 -10.014063 -5.53163 -5.119641
7896 1444991613.762094 11.964141 4.630749 -0.054932 -10.014063 -5.53163 -5.119641
7897 1444991613.773399 11.964141 4.630749 -0.054932 -10.014063 -5.53163 -5.119641
7898 1444991613.782132 12.052031 4.630749 0.032959 -10.014063 -5.53163 -5.119641
7899 1444991613.792252 12.052031 4.630749 0.032959 -10.014063 -5.53163 -5.119641
7900 1444991613.803432 12.052031 4.630749 -0.054932 -10.014063 -5.53163 -5.119641
7901 1444991613.812838 12.052031 4.630749 0.032959 -10.014063 -5.53163 -5.119641
7902 1444991613.823627 11.964141 4.630749 0.032959 -10.014063 -5.53163 -5.119641
7903 1444991613.832669 11.964141 4.630749 -0.054932 -10.014063 -5.53163 -5.119641
7904 1444991613.843325 12.052031 4.630749 0.032959 -10.014063 -5.53163 -5.119641
7905 1444991613.853864 11.964141 4.630749 -0.054932 -10.014063 -5.53163 -5.119641
7906 1444991613.861779 12.052031 4.630749 0.032959 -10.014063 -5.53163 -5.119641
7907 1444991613.871584 11.964141 4.630749 0.032959 -10.014063 -5.53163 -5.119641
7908 1444991613.881701 11.964141 4.630749 0.032959 -10.014063 -5.53163 -5.119641
7909 1444991613.894720 11.964141 4.630749 0.032959 -10.014063 -5.53163 -5.119641
7910 1444991613.905440 12.052031 4.630749 0.032959 -10.014063 -5.53163 -5.119641
7911 1444991613.916298 12.052031 4.630749 -0.054932 -10.014063 -5.53163 -5.119641
7912 1444991613.925694 11.964141 4.630749 0.032959 -10.014063 -5.53163 -5.119641
7913 1444991613.935683 11.964141 4.630749 0.032959 -9.926172 -5.53163 -5.119641
7914 1444991613.946241 12.052031 4.630749 -0.054932 -10.014063 -5.53163 -5.119641
7915 1444991613.956723 12.052031 4.630749 -0.054932 -10.014063 -5.53163 -5.119641
7916 1444991613.966652 12.052031 4.630749 0.032959 -10.014063 -5.53163 -5.119641
7917 1444991613.976633 11.964141 4.630749 -0.054932 -10.014063 -5.53163 -5.119641
7918 1444991613.986662 11.964141 4.630749 -0.054932 -10.014063 -5.53163 -5.119641
7919 1444991613.996815 11.964141 4.630749 -0.054932 -10.014063 -5.53163 -5.119641
7920 1444991614.007373 12.052031 4.630749 0.032959 -10.014063 -5.53163 -5.119641
7921 1444991614.017297 11.964141 4.630749 -0.054932 -9.926172 -5.53163 -5.119641
7922 1444991614.027224 11.964141 4.630749 0.032959 -10.014063 -5.53163 -5.119641
7923 1444991614.037360 11.964141 4.630749 0.032959 -10.014063 -5.53163 -5.119641
7924 1444991614.047500 12.052031 4.630749 -0.054932 -10.014063 -5.53163 -5.119641
7925 1444991614.057670 11.964141 4.630749 -0.054932 -9.926172 -5.53163 -5.119641
7926 1444991614.067712 12.052031 4.630749 0.032959 -9.926172 -5.53163 -5.119641
7927 1444991614.077745 11.964141 4.630749 -0.054932 -10.014063 -5.53163 -5.119641
7928 1444991614.087903 11.964141 4.630749 0.032959 -10.014063 -5.53163 -5.119641
7929 1444991614.097954 12.052031 4.630749 0.032959 -10.014063 -5.53163 -5.119641
7930 1444991614.108194 12.052031 4.630749 -0.054932 -10.014063 -5.53163 -5.119641
7931 1444991614.118144 11.964141 4.630749 -0.054932 -10.014063 -5.53163 -5.119641
7932 1444991614.128354 11.964141 4.630749 0.032959 -10.014063 -5.53163 -5.119641
7933 1444991614.138399 12.052031 4.630749 -0.054932 -10.014063 -5.53163 -5.119641
7934 1444991614.148461 11.964141 4.630749 0.032959 -10.014063 -5.53163 -5.119641
7935 1444991614.156119 11.964141 4.630749 -0.054932 -9.926172 -5.53163 -5.119641
7936 1444991614.166179 11.964141 4.630749 0.032959 -10.014063 -5.53163 -5.119641
7937 1444991614.176786 11.964141 4.630749 0.032959 -10.014063 -5.53163 -5.119641
7938 1444991614.186280 11.964141 4.630749 -0.054932 -10.014063 -5.53163 -5.119641
7939 1444991614.196566 11.964141 4.630749 0.032959 -10.014063 -5.53163 -5.119641
7940 1444991614.206597 11.964141 4.630749 -0.054932 -10.014063 -5.53163 -5.119641
7941 1444991614.216715 11.964141 4.630749 0.032959 -9.926172 -5.53163 -5.119641
7942 1444991614.227034 11.964141 4.630749 0.032959 -10.014063 -5.53163 -5.119641
7943 1444991614.236153 11.964141 4.630749 0.032959 -10.014063 -5.53163 -5.119641
7944 1444991614.247235 11.964141 4.630749 0.032959 -10.014063 -5.53163 -5.119641
7945 1444991614.256743 11.964141 4.630749 0.032959 -9.926172 -5.53163 -5.119641
7946 1444991614.266548 11.964141 4.630749 0.032959 -9.926172 -5.53163 -5.119641
7947 1444991614.276479 11.964141 4.630749 0.032959 -10.014063 -5.53163 -5.119641
7948 1444991614.286541 12.052031 4.630749 -0.054932 -10.014063 -5.53163 -5.119641
7949 1444991614.296691 11.964141 4.630749 0.032959 -10.014063 -5.53163 -5.119641
7950 1444991614.306936 11.964141 4.630749 -0.054932 -10.014063 -5.53163 -5.119641
7951 1444991614.316835 12.052031 4.630749 0.032959 -10.014063 -5.53163 -5.119641
7952 1444991614.326973 11.964141 4.630749 0.032959 -10.014063 -5.53163 -5.119641
7953 1444991614.337270 11.964141 4.630749 0.032959 -10.014063 -5.53163 -5.119641
7954 1444991614.347332 12.052031 4.630749 0.032959 -10.014063 -5.53163 -5.119641
7955 1444991614.357447 12.052031 4.630749 -0.054932 -10.014063 -5.53163 -5.119641
7956 1444991614.367648 11.964141 4.630749 -0.054932 -9.926172 -5.53163 -5.119641
7957 1444991614.377712 12.052031 4.630749 -0.054932 -10.014063 -5.53163 -5.119641
7958 1444991614.387827 11.964141 4.630749 -0.054932 -10.014063 -5.53163 -5.119641
7959 1444991614.397945 11.964141 4.630749 -0.054932 -10.014063 -5.53163 -5.119641
7960 1444991614.408083 12.052031 4.630749 -0.054932 -9.926172 -5.53163 -5.119641
7961 1444991614.418193 12.052031 4.630749 -0.054932 -10.014063 -5.53163 -5.119641
7962 1444991614.428364 11.964141 4.630749 -0.054932 -9.926172 -5.53163 -5.119641
7963 1444991614.438490 11.964141 4.630749 -0.054932 -10.014063 -5.53163 -5.119641
7964 1444991614.448705 11.964141 4.630749 -0.054932 -10.014063 -5.53163 -5.119641
7965 1444991614.459772 11.964141 4.630749 -0.054932 -10.014063 -5.53163 -5.119641
7966 1444991614.469806 12.052031 4.630749 0.032959 -10.014063 -5.53163 -5.119641
7967 1444991614.479983 11.964141 4.630749 -0.054932 -10.014063 -5.53163 -5.119641
7968 1444991614.489996 12.052031 4.630749 0.032959 -10.014063 -5.53163 -5.119641
7969 1444991614.500026 11.964141 4.630749 0.032959 -10.014063 -5.53163 -5.119641
7970 1444991614.510258 12.052031 4.630749 0.032959 -10.014063 -5.53163 -5.119641
7971 1444991614.520336 11.964141 4.630749 0.032959 -10.014063 -5.53163 -5.119641
7972 1444991614.530479 12.052031 4.630749 0.032959 -10.014063 -5.53163 -5.119641
7973 1444991614.540483 11.964141 4.630749 -0.054932 -10.014063 -5.53163 -5.119641
7974 1444991614.550610 12.052031 4.630749 0.032959 -10.014063 -5.53163 -5.119641
7975 1444991614.561158 11.964141 4.630749 0.032959 -10.014063 -5.53163 -5.119641
7976 1444991614.570806 11.964141 4.630749 -0.054932 -10.014063 -5.53163 -5.119641
7977 1444991614.581147 12.052031 4.630749 0.032959 -10.014063 -5.53163 -5.119641
7978 1444991614.589739 12.052031 4.630749 -0.054932 -10.014063 -5.53163 -5.119641
7979 1444991614.601507 12.052031 4.630749 0.032959 -10.014063 -5.53163 -5.119641
7980 1444991614.611861 12.052031 4.630749 -0.054932 -10.014063 -5.53163 -5.119641
7981 1444991614.621593 11.964141 4.630749 0.032959 -10.014063 -5.53163 -5.119641
7982 1444991614.631768 12.052031 4.630749 -0.054932 -10.014063 -5.53163 -5.119641
7983 1444991614.642004 11.964141 4.630749 0.032959 -10.014063 -5.53163 -5.119641
7984 1444991614.652040 12.052031 4.630749 -0.054932 -10.014063 -5.53163 -5.119641
7985 1444991614.662085 11.964141 4.630749 -0.054932 -10.014063 -5.53163 -5.119641
7986 1444991614.672106 12.052031 4.630749 0.032959 -10.014063 -5.53163 -5.119641
7987 1444991614.682535 12.052031 4.630749 0.032959 -9.926172 -5.53163 -5.119641
7988 1444991614.692515 12.052031 4.630749 0.032959 -10.014063 -5.53163 -5.119641
7989 1444991614.701106 11.964141 4.630749 0.032959 -10.014063 -5.53163 -5.119641
7990 1444991614.711410 11.964141 4.630749 0.032959 -10.014063 -5.53163 -5.119641
7991 1444991614.721229 11.964141 4.630749 0.032959 -9.926172 -5.53163 -5.119641
7992 1444991614.731085 12.052031 4.630749 -0.054932 -10.014063 -5.53163 -5.119641
7993 1444991614.743127 11.964141 4.630749 -0.054932 -10.014063 -5.53163 -5.119641
7994 1444991614.751861 11.964141 4.630749 0.032959 -10.014063 -5.53163 -5.119641
7995 1444991614.756434 11.964141 4.630749 -0.054932 -9.926172 -5.53163 -5.119641
7996 1444991614.771399 11.964141 4.630749 0.032959 -9.926172 -5.53163 -5.119641
7997 1444991614.780088 12.052031 4.630749 -0.054932 -10.014063 -5.53163 -5.119641
7998 1444991614.790246 12.052031 4.630749 0.032959 -10.014063 -5.53163 -5.119641
7999 1444991614.800399 12.052031 4.630749 0.032959 -10.014063 -5.53163 -5.119641
8000 1444991614.809540 12.052031 4.630749 -0.054932 -9.926172 -5.53163 -5.119641
8001 1444991614.819612 12.052031 4.630749 0.032959 -10.014063 -5.53163 -5.119641
8002 1444991614.829617 11.964141 4.630749 0.032959 -10.014063 -5.53163 -5.119641
8003 1444991614.839664 12.052031 4.630749 0.032959 -10.014063 -5.53163 -5.119641
8004 1444991614.851399 12.052031 4.630749 0.032959 -9.926172 -5.53163 -5.119641
8005 1444991614.861601 11.964141 4.630749 -0.054932 -10.014063 -5.53163 -5.119641
8006 1444991614.871859 11.964141 4.630749 -0.054932 -10.014063 -5.53163 -5.119641
8007 1444991614.882198 11.964141 4.630749 -0.054932 -9.926172 -5.53163 -5.119641
8008 1444991614.892261 11.964141 4.630749 -0.054932 -10.014063 -5.53163 -5.119641
8009 1444991614.902411 11.964141 4.630749 -0.054932 -10.014063 -5.53163 -5.119641
8010 1444991614.912706 11.964141 4.630749 0.032959 -9.926172 -5.53163 -5.119641
8011 1444991614.922701 11.964141 4.630749 0.032959 -10.014063 -5.53163 -5.119641
8012 1444991614.932703 11.964141 4.630749 -0.054932 -10.014063 -5.53163 -5.119641
8013 1444991614.942917 11.964141 4.630749 -0.054932 -10.014063 -5.53163 -5.119641
8014 1444991614.953156 11.964141 4.630749 0.032959 -10.014063 -5.53163 -5.119641
8015 1444991614.963232 11.964141 4.630749 0.032959 -10.014063 -5.53163 -5.119641
8016 1444991614.973427 11.964141 4.630749 0.032959 -10.014063 -5.53163 -5.119641
8017 1444991614.983493 11.964141 4.630749 0.032959 -10.014063 -5.53163 -5.119641
8018 1444991614.993542 11.964141 4.630749 0.032959 -10.014063 -5.53163 -5.119641
8019 1444991615.004803 12.052031 4.630749 -0.054932 -10.014063 -5.53163 -5.119641
8020 1444991615.014966 12.052031 4.630749 0.032959 -10.014063 -5.53163 -5.119641
8021 1444991615.023943 12.052031 4.630749 0.032959 -10.014063 -5.53163 -5.119641
8022 1444991615.031305 11.964141 4.630749 0.032959 -10.014063 -5.53163 -5.119641
8023 1444991615.041422 11.964141 4.630749 -0.054932 -10.014063 -5.53163 -5.119641
8024 1444991615.055188 12.052031 4.630749 0.032959 -10.014063 -5.53163 -5.119641
8025 1444991615.065163 11.964141 4.630749 0.032959 -9.926172 -5.53163 -5.119641
8026 1444991615.075055 11.964141 4.630749 0.032959 -10.014063 -5.53163 -5.119641
8027 1444991615.085186 11.964141 4.630749 -0.054932 -10.014063 -5.53163 -5.119641
8028 1444991615.094961 12.052031 4.630749 0.032959 -10.014063 -5.53163 -5.119641
8029 1444991615.104140 11.964141 4.630749 -0.054932 -9.926172 -5.53163 -5.119641
8030 1444991615.114508 12.052031 4.630749 0.032959 -10.014063 -5.53163 -5.119641
8031 1444991615.125670 11.964141 4.630749 0.032959 -10.014063 -5.53163 -5.119641
8032 1444991615.132393 11.964141 4.630749 0.032959 -10.014063 -5.53163 -5.119641
8033 1444991615.144703 12.052031 4.630749 0.032959 -10.014063 -5.53163 -5.119641
8034 1444991615.151263 12.052031 4.630749 0.032959 -10.014063 -5.53163 -5.119641
8035 1444991615.164861 11.964141 4.630749 -0.054932 -9.926172 -5.53163 -5.119641
8036 1444991615.171819 11.964141 4.630749 0.032959 -10.014063 -5.53163 -5.119641
8037 1444991615.184840 12.052031 4.630749 0.032959 -10.014063 -5.53163 -5.119641
8038 1444991615.195067 12.052031 4.630749 -0.054932 -10.014063 -5.53163 -5.119641
8039 1444991615.205398 11.964141 4.630749 0.032959 -10.014063 -5.53163 -5.119641
8040 1444991615.213140 12.052031 4.630749 0.032959 -10.014063 -5.53163 -5.119641
8041 1444991615.222493 11.964141 4.630749 -0.054932 -10.014063 -5.53163 -5.119641
8042 1444991615.232616 12.052031 4.630749 0.032959 -10.014063 -5.53163 -5.119641
8043 1444991615.242796 12.052031 4.630749 0.032959 -10.014063 -5.53163 -5.119641
8044 1444991615.253073 12.052031 4.630749 0.032959 -10.014063 -5.53163 -5.119641
8045 1444991615.261235 12.052031 4.630749 0.032959 -9.926172 -5.53163 -5.119641
8046 1444991615.271078 12.052031 4.630749 -0.054932 -10.014063 -5.53163 -5.119641
8047 1444991615.281207 11.964141 4.630749 -0.054932 -10.014063 -5.53163 -5.119641
8048 1444991615.291478 12.052031 4.630749 -0.054932 -10.014063 -5.53163 -5.119641
8049 1444991615.304989 12.052031 4.630749 -0.054932 -10.014063 -5.53163 -5.119641
8050 1444991615.315371 12.052031 4.630749 0.032959 -10.014063 -5.53163 -5.119641
