30803 1445961730.472741 0.038452 -0.076904 -10.008569
30804 1445961730.482841 -0.049439 0.010986 -10.008569
30805 1445961730.487988 0.038452 0.010986 -10.008569
30806 1445961730.502828 0.038452 0.010986 -10.008569
30807 1445961730.513188 0.038452 0.010986 -10.008569
30808 1445961730.522891 0.038452 0.010986 -10.008569
30809 1445961730.532991 0.038452 0.010986 -10.008569
30810 1445961730.543013 -0.049439 -0.076904 -10.008569
30811 1445961730.553025 0.038452 0.010986 -10.008569
30812 1445961730.563212 0.038452 0.010986 -10.008569
30813 1445961730.573045 -0.049439 0.010986 -10.008569
30814 1445961730.583187 -0.049439 0.010986 -10.008569
30815 1445961730.593097 0.038452 0.010986 -10.008569
30816 1445961730.603136 0.038452 0.010986 -9.920679
30817 1445961730.613329 0.038452 0.010986 -10.008569
30818 1445961730.623230 0.038452 0.010986 -10.008569
30819 1445961730.633235 -0.049439 -0.076904 -10.008569
30820 1445961730.643257 0.038452 0.010986 -10.008569
30821 1445961730.653267 0.038452 0.010986 -10.008569
30822 1445961730.663557 0.038452 0.010986 -9.920679
30823 1445961730.673328 0.038452 0.010986 -10.008569
30824 1445961730.683328 -0.049439 0.010986 -10.008569
30825 1445961730.693316 -0.049439 0.010986 -10.008569
30826 1445961730.703338 0.038452 0.010986 -10.008569
30827 1445961730.713527 0.038452 0.010986 -10.008569
30828 1445961730.723352 -0.049439 0.010986 -10.008569
30829 1445961730.733404 0.038452 0.010986 -9.920679
30830 1445961730.743445 0.038452 -0.076904 -10.008569
30831 1445961730.753478 0.038452 -0.076904 -9.920679
30832 1445961730.763693 0.038452 0.010986 -10.008569
30833 1445961730.773545 0.038452 -0.076904 -10.008569
30834 1445961730.783554 -0.049439 0.010986 -10.008569
30835 1445961730.793551 0.038452 0.010986 -10.008569
30836 1445961730.803535 0.038452 0.010986 -10.008569
30837 1445961730.813760 0.038452 0.010986 -10.008569
30838 1445961730.823581 -0.049439 0.010986 -10.008569
30839 1445961730.833633 -0.049439 0.010986 -10.008569
30840 1445961730.843629 -0.049439 0.010986 -10.008569
30841 1445961730.853650 0.038452 0.010986 -10.008569
30842 1445961730.863816 0.038452 0.010986 -10.008569
30843 1445961730.873733 0.038452 0.010986 -9.920679
30844 1445961730.883738 0.038452 0.010986 -9.920679
30845 1445961730.893711 0.038452 0.010986 -10.008569
30846 1445961730.903869 0.038452 0.010986 -10.008569
30847 1445961730.914003 0.038452 0.010986 -10.008569
30848 1445961730.923811 -0.049439 0.010986 -10.008569
30849 1445961730.933803 0.038452 0.010986 -10.008569
30850 1445961730.943952 0.038452 0.010986 -10.008569
30851 1445961730.953864 0.038452 0.010986 -10.008569
30852 1445961730.964154 0.038452 0.010986 -9.920679
30853 1445961730.973993 0.038452 0.010986 -10.008569
30854 1445961730.984034 0.038452 0.010986 -9.920679
30855 1445961730.994077 0.038452 -0.076904 -10.008569
30856 1445961731.004075 0.038452 0.010986 -10.008569
30857 1445961731.014146 0.038452 -0.076904 -10.008569
30858 1445961731.024113 0.038452 0.010986 -10.008569
30859 1445961731.034136 0.038452 0.010986 -10.008569
30860 1445961731.044187 -0.049439 0.010986 -9.920679
30861 1445961731.054141 0.038452 0.010986 -10.008569
30862 1445961731.064288 -0.049439 0.010986 -10.008569
30863 1445961731.074166 -0.049439 0.010986 -10.008569
30864 1445961731.084239 0.038452 0.010986 -9.920679
30865 1445961731.094290 -0.049439 0.010986 -10.008569
30866 1445961731.104300 0.038452 0.010986 -10.008569
30867 1445961731.114466 0.038452 0.010986 -10.008569
30868 1445961731.124351 0.038452 0.010986 -10.008569
30869 1445961731.134377 0.038452 0.010986 -10.008569
30870 1445961731.144378 0.038452 0.010986 -9.920679
30871 1445961731.154329 0.038452 0.010986 -9.920679
30872 1445961731.164560 0.038452 0.010986 -10.008569
30873 1445961731.174377 0.038452 0.010986 -10.008569
30874 1445961731.184484 -0.049439 0.010986 -10.008569
30875 1445961731.194481 0.038452 0.010986 -9.920679
30876 1445961731.204603 0.038452 0.010986 -10.008569
30877 1445961731.214670 0.038452 0.010986 -10.008569
30878 1445961731.224501 0.038452 0.010986 -10.008569
30879 1445961731.234704 0.038452 0.010986 -9.920679
30880 1445961731.244664 -0.049439 0.010986 -10.008569
30881 1445961731.254725 0.038452 0.010986 -9.920679
30882 1445961731.264753 0.038452 0.010986 -10.008569
30883 1445961731.274700 0.038452 0.010986 -9.920679
30884 1445961731.284749 -0.049439 0.010986 -10.008569
30885 1445961731.294762 0.038452 0.010986 -10.008569
30886 1445961731.304808 0.038452 0.010986 -10.008569
30887 1445961731.314895 0.038452 0.010986 -10.008569
30888 1445961731.324877 -0.049439 -0.076904 -10.008569
30889 1445961731.334850 0.038452 0.010986 -9.920679
30890 1445961731.344873 0.038452 0.010986 -10.008569
30891 1445961731.354855 -0.049439 0.010986 -10.008569
30892 1445961731.364974 0.038452 0.010986 -10.008569
30893 1445961731.374883 0.038452 0.010986 -10.008569
30894 1445961731.385011 0.038452 0.010986 -10.008569
30895 1445961731.395193 0.038452 0.010986 -10.008569
30896 1445961731.405104 0.038452 0.010986 -9.920679
30897 1445961731.415319 0.038452 0.010986 -10.008569
30898 1445961731.424983 0.038452 0.010986 -10.008569
30899 1445961731.435032 0.038452 0.010986 -10.008569
30900 1445961731.445035 0.038452 0.010986 -10.008569
30901 1445961731.455036 0.038452 0.010986 -9.920679
30902 1445961731.465118 0.038452 0.010986 -10.008569
30903 1445961731.475121 0.038452 0.010986 -10.008569
30904 1445961731.485153 -0.049439 0.010986 -10.008569
30905 1445961731.495168 0.038452 0.010986 -9.920679
30906 1445961731.505259 0.038452 0.010986 -9.920679
30907 1445961731.515232 0.038452 0.010986 -9.920679
30908 1445961731.525205 0.038452 0.010986 -9.920679
30909 1445961731.535227 -0.049439 0.010986 -10.008569
30910 1445961731.545329 0.038452 0.010986 -10.008569
30911 1445961731.555436 -0.049439 0.010986 -10.008569
30912 1445961731.565389 0.038452 0.010986 -10.008569
30913 1445961731.575364 0.038452 0.010986 -9.920679
30914 1445961731.585408 0.038452 0.010986 -10.008569
30915 1445961731.595413 0.038452 0.010986 -10.008569
30916 1445961731.605495 0.038452 0.010986 -10.008569
30917 1445961731.615497 -0.049439 0.010986 -10.008569
30918 1445961731.625483 0.038452 0.010986 -9.920679
30919 1445961731.635524 0.038452 0.010986 -9.920679
30920 1445961731.645568 0.038452 -0.076904 -10.008569
30921 1445961731.655665 -0.049439 0.010986 -10.008569
30922 1445961731.665592 0.038452 0.010986 -10.008569
30923 1445961731.675631 0.038452 0.010986 -9.920679
30924 1445961731.685592 0.038452 0.010986 -10.008569
30925 1445961731.695618 0.038452 0.010986 -10.008569
30926 1445961731.705714 0.038452 0.010986 -10.008569
30927 1445961731.715718 0.038452 0.010986 -10.008569
30928 1445961731.725694 0.038452 0.010986 -10.008569
30929 1445961731.735736 0.038452 0.010986 -10.008569
30930 1445961731.745765 0.038452 0.010986 -10.008569
30931 1445961731.755955 0.038452 0.010986 -10.008569
30932 1445961731.765845 0.038452 0.010986 -10.008569
30933 1445961731.775842 0.038452 0.010986 -10.008569
30934 1445961731.785852 0.038452 0.010986 -10.008569
30935 1445961731.795871 0.038452 0.010986 -10.008569
30936 1445961731.805954 0.038452 0.010986 -10.008569
30937 1445961731.816029 0.038452 0.010986 -10.008569
30938 1445961731.825985 0.038452 0.010986 -10.008569
30939 1445961731.836008 0.038452 0.010986 -10.008569
30940 1445961731.846033 0.038452 -0.076904 -9.920679
30941 1445961731.861267 0.038452 0.010986 -10.008569
30942 1445961731.871087 0.038452 0.010986 -10.008569
30943 1445961731.881169 -0.049439 0.010986 -9.920679
30944 1445961731.891136 0.038452 0.010986 -9.920679
30945 1445961731.901181 -0.049439 0.010986 -10.008569
30946 1445961731.911152 -0.049439 0.010986 -10.008569
30947 1445961731.921245 0.038452 0.010986 -10.008569
30948 1445961731.931319 0.038452 0.010986 -9.920679
30949 1445961731.941378 0.038452 0.010986 -10.008569
30950 1445961731.951328 -0.049439 0.010986 -10.008569
30951 1445961731.961262 0.038452 0.010986 -10.008569
30952 1445961731.971297 0.038452 0.010986 -10.008569
30953 1445961731.981377 0.038452 0.010986 -10.008569
30954 1445961731.991402 0.038452 0.010986 -10.008569
30955 1445961732.001455 0.038452 0.010986 -10.008569
30956 1445961732.012613 0.038452 0.010986 -10.008569
30957 1445961732.021409 -0.049439 0.010986 -9.920679
30958 1445961732.031435 0.038452 0.010986 -10.008569
30959 1445961732.041471 0.038452 0.010986 -10.008569
30960 1445961732.051473 0.038452 0.010986 -10.008569
30961 1445961732.061520 0.038452 0.010986 -10.008569
30962 1445961732.071548 0.038452 0.010986 -10.008569
30963 1445961732.081559 -0.049439 0.010986 -10.008569
30964 1445961732.091609 0.038452 0.010986 -10.008569
30965 1445961732.101612 0.038452 0.010986 -10.008569
30966 1445961732.112644 0.038452 0.010986 -10.008569
30967 1445961732.121648 0.038452 0.010986 -10.008569
30968 1445961732.131681 0.038452 0.010986 -10.008569
30969 1445961732.141690 0.038452 0.010986 -10.008569
30970 1445961732.151729 -0.049439 -0.076904 -10.008569
30971 1445961732.162838 0.038452 0.010986 -10.008569
30972 1445961732.167657 0.038452 0.010986 -10.008569
30973 1445961732.182651 0.038452 0.010986 -10.008569
30974 1445961732.192692 0.038452 0.010986 -9.920679
30975 1445961732.202680 0.038452 0.010986 -10.008569
30976 1445961732.212893 -0.049439 0.010986 -10.008569
30977 1445961732.222676 0.038452 0.010986 -10.008569
30978 1445961732.232741 0.038452 0.010986 -10.008569
30979 1445961732.242737 0.038452 0.010986 -10.008569
30980 1445961732.252802 -0.049439 0.010986 -10.008569
30981 1445961732.263053 0.038452 0.010986 -10.008569
30982 1445961732.272736 0.038452 0.010986 -10.008569
30983 1445961732.282833 0.038452 0.010986 -10.008569
30984 1445961732.292821 0.038452 0.010986 -10.008569
30985 1445961732.302943 0.038452 0.010986 -10.008569
30986 1445961732.313102 0.038452 0.010986 -10.008569
30987 1445961732.322836 0.038452 -0.076904 -10.008569
30988 1445961732.333013 0.038452 0.010986 -10.008569
30989 1445961732.342993 0.038452 0.010986 -10.008569
30990 1445961732.353076 0.038452 0.010986 -10.008569
30991 1445961732.363310 -0.049439 0.010986 -10.008569
30992 1445961732.373060 -0.049439 0.010986 -10.008569
30993 1445961732.383209 0.038452 0.010986 -10.008569
30994 1445961732.393206 -0.049439 0.010986 -10.008569
30995 1445961732.403016 0.038452 0.010986 -10.008569
30996 1445961732.413354 0.038452 0.010986 -10.008569
30997 1445961732.423096 0.038452 0.010986 -10.008569
30998 1445961732.433229 0.038452 0.010986 -10.008569
30999 1445961732.443230 0.038452 0.010986 -10.008569
31000 1445961732.453200 0.038452 0.010986 -10.008569
31001 1445961732.463464 0.038452 0.010986 -10.008569
31002 1445961732.473168 0.038452 0.010986 -10.008569
31003 1445961732.483320 0.038452 0.010986 -10.008569
31004 1445961732.493362 0.038452 0.010986 -10.008569
31005 1445961732.503427 -0.049439 0.010986 -10.008569
31006 1445961732.513594 0.038452 0.010986 -10.008569
31007 1445961732.523386 0.038452 0.010986 -10.008569
31008 1445961732.533384 -0.049439 -0.076904 -10.008569
31009 1445961732.543446 -0.049439 0.010986 -10.008569
31010 1445961732.553402 0.038452 0.010986 -10.008569
31011 1445961732.563564 0.038452 0.010986 -10.008569
31012 1445961732.573558 -0.049439 0.010986 -10.008569
31013 1445961732.583635 -0.049439 0.010986 -10.008569
31014 1445961732.593628 0.038452 0.010986 -9.920679
31015 1445961732.603659 0.038452 0.010986 -9.920679
31016 1445961732.613728 -0.049439 0.010986 -10.008569
31017 1445961732.623671 -0.049439 0.010986 -10.008569
31018 1445961732.633663 0.038452 0.010986 -10.008569
31019 1445961732.643737 -0.049439 0.010986 -10.008569
31020 1445961732.653751 0.038452 0.010986 -10.008569
31021 1445961732.663948 0.038452 0.010986 -10.008569
31022 1445961732.673715 -0.049439 0.010986 -10.008569
31023 1445961732.683709 -0.049439 0.010986 -10.008569
31024 1445961732.693890 0.038452 0.010986 -10.008569
31025 1445961732.703904 0.038452 0.010986 -9.920679
31026 1445961732.714063 0.038452 0.010986 -10.008569
31027 1445961732.723733 0.038452 0.010986 -10.008569
31028 1445961732.733815 0.038452 0.010986 -10.008569
31029 1445961732.743884 0.038452 0.010986 -10.008569
31030 1445961732.753928 0.038452 0.010986 -9.920679
31031 1445961732.764139 -0.049439 0.010986 -10.008569
31032 1445961732.773960 0.038452 0.010986 -10.008569
31033 1445961732.784212 0.038452 0.010986 -10.008569
31034 1445961732.793978 0.038452 0.010986 -10.008569
31035 1445961732.804022 0.038452 0.010986 -10.008569
31036 1445961732.814044 0.038452 0.010986 -10.008569
31037 1445961732.824020 0.038452 0.010986 -10.008569
31038 1445961732.834036 0.038452 0.010986 -10.008569
31039 1445961732.844073 0.038452 0.010986 -10.008569
31040 1445961732.854085 0.038452 0.010986 -10.008569
31041 1445961732.864163 0.038452 0.010986 -10.008569
31042 1445961732.874112 0.038452 0.010986 -10.008569
31043 1445961732.884179 0.038452 0.010986 -9.920679
31044 1445961732.894179 0.038452 0.010986 -10.008569
31045 1445961732.904257 0.038452 0.010986 -10.008569
31046 1445961732.914281 0.038452 0.010986 -10.008569
31047 1445961732.924184 0.038452 0.010986 -10.008569
31048 1445961732.934289 0.038452 0.010986 -10.008569
31049 1445961732.944294 0.038452 0.010986 -10.008569
31050 1445961732.954324 0.038452 0.010986 -10.008569
31051 1445961732.964402 0.038452 0.010986 -10.008569
31052 1445961732.974332 0.038452 0.010986 -10.008569
31053 1445961732.984372 0.038452 0.010986 -10.008569
31054 1445961732.994375 -0.049439 0.010986 -10.008569
31055 1445961733.004411 0.038452 -0.076904 -10.008569
31056 1445961733.014486 0.038452 0.010986 -9.920679
31057 1445961733.024460 0.038452 0.010986 -10.008569
31058 1445961733.034501 0.038452 0.010986 -10.008569
31059 1445961733.044538 0.038452 0.010986 -9.920679
31060 1445961733.054543 -0.049439 0.010986 -10.008569
31061 1445961733.064607 -0.049439 0.010986 -10.008569
31062 1445961733.074602 0.038452 0.010986 -10.008569
31063 1445961733.084632 -0.049439 0.010986 -10.008569
31064 1445961733.094710 0.038452 0.010986 -10.008569
31065 1445961733.104739 -0.049439 0.010986 -10.008569
31066 1445961733.114818 0.038452 0.010986 -10.008569
31067 1445961733.124768 0.038452 0.010986 -10.008569
31068 1445961733.134800 0.038452 0.010986 -10.008569
31069 1445961733.144802 0.038452 0.010986 -10.008569
31070 1445961733.154914 0.038452 0.010986 -10.008569
31071 1445961733.164975 0.038452 0.010986 -10.008569
31072 1445961733.174941 0.038452 -0.076904 -10.008569
31073 1445961733.185001 0.038452 0.010986 -10.008569
31074 1445961733.194971 0.038452 0.010986 -10.008569
31075 1445961733.204978 -0.049439 0.010986 -10.008569
31076 1445961733.220290 0.038452 0.010986 -10.008569
31077 1445961733.230235 0.038452 0.010986 -10.008569
31078 1445961733.240253 0.038452 0.010986 -10.008569
31079 1445961733.250201 0.038452 0.010986 -10.008569
31080 1445961733.260351 0.038452 0.010986 -10.008569
31081 1445961733.270416 0.038452 0.010986 -10.008569
31082 1445961733.280302 0.038452 0.010986 -10.008569
31083 1445961733.290319 0.038452 0.010986 -10.008569
31084 1445961733.300385 -0.049439 0.010986 -10.008569
31085 1445961733.310591 0.038452 -0.076904 -10.008569
31086 1445961733.320475 0.038452 0.010986 -10.008569
31087 1445961733.330429 0.038452 0.010986 -10.008569
31088 1445961733.340522 0.038452 0.010986 -9.920679
31089 1445961733.350470 0.038452 0.010986 -10.008569
31090 1445961733.360667 0.038452 0.010986 -10.008569
31091 1445961733.370662 0.038452 0.010986 -10.008569
31092 1445961733.380578 0.038452 0.010986 -10.008569
31093 1445961733.390622 0.038452 0.010986 -9.920679
31094 1445961733.400599 0.038452 0.010986 -10.008569
31095 1445961733.410758 0.038452 0.010986 -10.008569
31096 1445961733.420653 -0.049439 0.010986 -10.008569
31097 1445961733.430635 -0.049439 -0.076904 -10.008569
31098 1445961733.440649 0.038452 0.010986 -10.008569
31099 1445961733.450707 0.038452 0.010986 -10.008569
31100 1445961733.460760 -0.049439 0.010986 -10.008569
31101 1445961733.470710 0.038452 0.010986 -10.008569
31102 1445961733.480778 0.038452 0.010986 -10.008569
31103 1445961733.490768 0.038452 -0.076904 -10.008569
31104 1445961733.500745 0.038452 0.010986 -10.008569
31105 1445961733.510774 0.038452 0.010986 -10.008569
31106 1445961733.520816 0.038452 -0.076904 -10.008569
31107 1445961733.530914 0.038452 0.010986 -9.920679
31108 1445961733.540986 -0.049439 0.010986 -10.008569
31109 1445961733.550965 0.038452 0.010986 -10.008569
31110 1445961733.560968 0.038452 0.010986 -10.008569
31111 1445961733.570966 0.038452 0.010986 -10.008569
31112 1445961733.581079 0.038452 0.010986 -10.008569
31113 1445961733.591091 0.038452 0.010986 -9.920679
31114 1445961733.601071 0.038452 0.010986 -10.008569
31115 1445961733.611086 -0.049439 0.010986 -9.920679
31116 1445961733.621073 0.038452 0.010986 -10.008569
31117 1445961733.631112 0.038452 0.010986 -10.008569
31118 1445961733.641108 -0.049439 0.010986 -10.008569
31119 1445961733.651147 -0.049439 0.010986 -10.008569
31120 1445961733.661149 0.038452 0.010986 -10.008569
31121 1445961733.671141 0.038452 0.010986 -9.920679
31122 1445961733.681268 0.038452 0.010986 -10.008569
31123 1445961733.691274 -0.049439 0.010986 -10.008569
31124 1445961733.701325 0.038452 0.010986 -10.008569
31125 1445961733.711305 0.038452 0.010986 -10.008569
31126 1445961733.721272 0.038452 0.010986 -10.008569
31127 1445961733.731415 -0.049439 0.010986 -10.008569
31128 1445961733.741480 0.038452 0.010986 -10.008569
31129 1445961733.751458 -0.049439 0.010986 -10.008569
31130 1445961733.761438 0.038452 -0.076904 -10.008569
31131 1445961733.771453 0.038452 0.010986 -10.008569
31132 1445961733.781476 0.038452 0.010986 -10.008569
31133 1445961733.791572 0.038452 0.010986 -10.008569
31134 1445961733.801605 0.038452 0.010986 -10.008569
31135 1445961733.811473 0.038452 0.010986 -10.008569
31136 1445961733.821575 -0.049439 0.010986 -10.008569
31137 1445961733.831657 0.038452 0.010986 -10.008569
31138 1445961733.841640 0.038452 0.010986 -10.008569
31139 1445961733.851678 -0.049439 0.010986 -10.008569
31140 1445961733.861634 -0.049439 0.010986 -9.920679
31141 1445961733.871627 0.038452 0.010986 -10.008569
31142 1445961733.881737 0.038452 0.010986 -10.008569
31143 1445961733.891748 0.038452 0.010986 -10.008569
31144 1445961733.901772 0.038452 0.010986 -10.008569
31145 1445961733.911705 0.038452 0.010986 -10.008569
31146 1445961733.921728 0.038452 0.010986 -10.008569
31147 1445961733.931889 0.038452 0.010986 -10.008569
31148 1445961733.941878 -0.049439 0.010986 -10.008569
31149 1445961733.951901 -0.049439 0.010986 -10.008569
31150 1445961733.962960 0.038452 0.010986 -10.008569
31151 1445961733.971921 -0.049439 0.010986 -9.920679
31152 1445961733.981919 -0.049439 0.010986 -9.920679
31153 1445961733.991918 -0.049439 0.010986 -10.008569
31154 1445961734.001939 -0.049439 0.010986 -9.920679
31155 1445961734.012959 -0.049439 0.010986 -10.008569
31156 1445961734.017994 -0.049439 -0.076904 -10.008569
31157 1445961734.032004 -0.049439 0.010986 -9.920679
31158 1445961734.042023 -0.049439 0.010986 -10.008569
31159 1445961734.052091 0.038452 0.010986 -9.920679
31160 1445961734.063054 0.038452 0.010986 -10.008569
31161 1445961734.068041 -0.049439 0.010986 -9.920679
31162 1445961734.077998 0.038452 0.010986 -10.008569
31163 1445961734.088057 -0.049439 0.010986 -10.008569
31164 1445961734.097998 0.038452 0.010986 -9.920679
31165 1445961734.113165 -0.049439 0.010986 -10.008569
31166 1445961734.122969 -0.049439 0.010986 -9.920679
31167 1445961734.132874 -0.049439 0.010986 -10.008569
31168 1445961734.138035 -0.049439 0.010986 -10.008569
31169 1445961734.152884 -0.049439 0.010986 -10.008569
31170 1445961734.163191 -0.049439 0.010986 -10.008569
31171 1445961734.172930 -0.049439 0.010986 -10.008569
31172 1445961734.183042 0.038452 0.010986 -10.008569
31173 1445961734.193022 0.038452 0.010986 -10.008569
31174 1445961734.203082 0.038452 0.010986 -10.008569
31175 1445961734.213221 0.038452 0.010986 -10.008569
31176 1445961734.223090 -0.049439 0.010986 -10.008569
31177 1445961734.233185 -0.049439 0.010986 -10.008569
31178 1445961734.243181 -0.049439 0.010986 -10.008569
31179 1445961734.253195 -0.049439 0.010986 -9.920679
31180 1445961734.263328 -0.049439 0.010986 -10.008569
31181 1445961734.273177 -0.049439 0.010986 -10.008569
31182 1445961734.283299 -0.049439 0.010986 -10.008569
31183 1445961734.293273 -0.049439 0.010986 -10.008569
31184 1445961734.303295 -0.049439 -0.076904 -10.008569
31185 1445961734.313316 -0.049439 -0.076904 -10.008569
31186 1445961734.323374 -0.049439 0.010986 -9.920679
31187 1445961734.333429 -0.049439 0.010986 -9.920679
31188 1445961734.343414 0.038452 0.010986 -9.920679
31189 1445961734.353474 0.038452 0.010986 -10.008569
31190 1445961734.363516 -0.049439 0.010986 -10.008569
31191 1445961734.373383 -0.049439 0.010986 -10.008569
31192 1445961734.383523 -0.049439 0.010986 -10.008569
31193 1445961734.393538 -0.049439 0.010986 -10.008569
31194 1445961734.403532 -0.049439 -0.076904 -10.008569
31195 1445961734.413652 -0.049439 0.010986 -9.920679
31196 1445961734.423463 0.038452 0.010986 -10.008569
31197 1445961734.433618 0.038452 0.010986 -10.008569
31198 1445961734.443541 -0.049439 0.010986 -9.920679
31199 1445961734.453655 -0.049439 0.010986 -9.920679
31200 1445961734.463717 -0.049439 0.010986 -9.920679
31201 1445961734.473574 -0.049439 0.010986 -9.920679
31202 1445961734.483634 0.038452 0.010986 -9.920679
31203 1445961734.493649 -0.049439 0.010986 -10.008569
31204 1445961734.503627 -0.049439 0.010986 -10.008569
31205 1445961734.513763 0.038452 0.010986 -9.920679
31206 1445961734.523704 0.038452 0.010986 -10.008569
31207 1445961734.533789 0.038452 -0.076904 -10.008569
31208 1445961734.543787 0.038452 -0.076904 -10.008569
31209 1445961734.553787 -0.049439 0.010986 -9.920679
31210 1445961734.563922 -0.049439 0.010986 -9.920679
31211 1445961734.573785 -0.049439 0.010986 -10.008569
31212 1445961734.583987 -0.049439 0.010986 -9.920679
31213 1445961734.593914 -0.049439 -0.076904 -10.008569
31214 1445961734.603953 -0.049439 0.010986 -10.008569
31215 1445961734.617531 0.038452 0.010986 -9.920679
31216 1445961734.629139 -0.049439 -0.076904 -10.008569
31217 1445961734.639182 0.038452 -0.076904 -10.008569
31218 1445961734.649162 0.038452 -0.076904 -10.008569
31219 1445961734.654016 -0.049439 0.010986 -10.008569
31220 1445961734.669363 0.038452 0.010986 -10.008569
31221 1445961734.679288 -0.049439 0.010986 -10.008569
31222 1445961734.689297 0.038452 0.010986 -9.920679
31223 1445961734.699266 0.038452 0.010986 -9.920679
31224 1445961734.709486 0.038452 0.010986 -10.008569
31225 1445961734.719503 -0.049439 0.010986 -10.008569
31226 1445961734.729516 -0.049439 0.010986 -9.920679
31227 1445961734.739458 -0.049439 0.010986 -10.008569
31228 1445961734.749446 -0.049439 0.010986 -10.008569
31229 1445961734.759553 -0.049439 -0.076904 -10.008569
31230 1445961734.769564 -0.049439 0.010986 -10.008569
31231 1445961734.779506 -0.049439 0.010986 -10.008569
31232 1445961734.789451 -0.049439 0.010986 -10.008569
31233 1445961734.799480 -0.049439 0.010986 -10.008569
31234 1445961734.809604 -0.049439 0.010986 -10.008569
31235 1445961734.819710 0.038452 0.010986 -10.008569
31236 1445961734.829596 -0.049439 0.010986 -10.008569
31237 1445961734.839579 -0.049439 -0.076904 -10.008569
31238 1445961734.849683 0.038452 0.010986 -10.008569
31239 1445961734.859900 -0.049439 0.010986 -10.008569
31240 1445961734.869644 -0.049439 0.010986 -10.008569
31241 1445961734.879671 -0.049439 -0.076904 -10.008569
31242 1445961734.889776 -0.049439 -0.076904 -10.008569
31243 1445961734.899785 -0.049439 -0.076904 -10.008569
31244 1445961734.909879 -0.049439 0.010986 -10.008569
31245 1445961734.919873 -0.049439 0.010986 -10.008569
31246 1445961734.929719 -0.049439 0.010986 -10.008569
31247 1445961734.939749 -0.049439 0.010986 -10.008569
31248 1445961734.949728 -0.049439 0.010986 -10.008569
31249 1445961734.960020 -0.049439 -0.076904 -10.008569
31250 1445961734.969955 -0.049439 0.010986 -10.008569
31251 1445961734.979911 -0.049439 0.010986 -10.008569
31252 1445961734.989877 -0.049439 0.010986 -10.008569
31253 1445961734.999953 -0.049439 0.010986 -10.008569
31254 1445961735.010213 -0.049439 0.010986 -10.008569
31255 1445961735.020235 -0.049439 0.010986 -10.008569
31256 1445961735.030008 -0.049439 0.010986 -10.008569
31257 1445961735.040095 -0.049439 0.010986 -10.008569
31258 1445961735.050083 -0.049439 0.010986 -10.008569
31259 1445961735.060354 -0.049439 0.010986 -10.008569
31260 1445961735.070256 -0.049439 0.010986 -10.008569
31261 1445961735.080131 -0.049439 0.010986 -10.008569
31262 1445961735.090187 -0.049439 0.010986 -10.008569
31263 1445961735.100190 -0.049439 0.010986 -10.008569
31264 1445961735.110414 -0.049439 0.010986 -10.008569
31265 1445961735.120436 -0.049439 0.010986 -10.008569
31266 1445961735.130363 -0.049439 0.010986 -10.008569
31267 1445961735.140401 -0.049439 0.010986 -10.008569
31268 1445961735.150383 -0.049439 0.010986 -10.008569
31269 1445961735.160481 -0.049439 0.010986 -10.008569
31270 1445961735.170464 -0.049439 0.010986 -10.008569
31271 1445961735.180478 -0.049439 0.010986 -10.008569
31272 1445961735.190459 -0.049439 0.010986 -10.008569
31273 1445961735.200471 -0.049439 0.010986 -10.008569
31274 1445961735.210572 -0.049439 0.010986 -10.008569
31275 1445961735.220576 -0.049439 0.010986 -10.008569
31276 1445961735.230502 -0.049439 0.010986 -10.008569
31277 1445961735.240546 -0.049439 0.010986 -10.008569
31278 1445961735.250535 0.038452 0.010986 -10.008569
31279 1445961735.260700 -0.049439 0.010986 -10.008569
31280 1445961735.270607 -0.049439 0.010986 -10.008569
31281 1445961735.280594 -0.049439 0.010986 -10.008569
31282 1445961735.290611 -0.049439 -0.076904 -10.008569
31283 1445961735.300631 -0.049439 0.010986 -10.008569
31284 1445961735.310854 0.038452 0.010986 -10.008569
31285 1445961735.320602 -0.049439 0.010986 -10.008569
31286 1445961735.330672 -0.049439 0.010986 -10.008569
31287 1445961735.340716 -0.049439 0.010986 -10.008569
31288 1445961735.350735 -0.049439 0.010986 -10.008569
31289 1445961735.360852 -0.049439 0.010986 -10.008569
31290 1445961735.370734 -0.049439 0.010986 -10.008569
31291 1445961735.380851 -0.049439 0.010986 -10.008569
31292 1445961735.390862 -0.049439 0.010986 -10.008569
31293 1445961735.400855 -0.049439 0.010986 -10.008569
31294 1445961735.410969 -0.049439 0.010986 -10.008569
31295 1445961735.420879 -0.049439 0.010986 -10.008569
31296 1445961735.430971 -0.049439 0.010986 -10.008569
31297 1445961735.440993 -0.049439 0.010986 -10.008569
31298 1445961735.450988 -0.049439 0.010986 -10.008569
31299 1445961735.461044 -0.049439 0.010986 -10.008569
31300 1445961735.470961 -0.049439 -0.076904 -10.008569
31301 1445961735.481107 -0.049439 0.010986 -10.008569
31302 1445961735.491075 -0.049439 -0.076904 -10.008569
31303 1445961735.501110 -0.049439 0.010986 -10.008569
31304 1445961735.511056 -0.049439 0.010986 -10.008569
31305 1445961735.521033 -0.049439 -0.076904 -10.008569
31306 1445961735.531156 -0.049439 -0.076904 -10.008569
31307 1445961735.541215 -0.049439 0.010986 -10.008569
31308 1445961735.551229 -0.049439 0.010986 -10.008569
31309 1445961735.561167 -0.049439 0.010986 -10.008569
31310 1445961735.571207 -0.049439 -0.076904 -10.008569
31311 1445961735.581237 -0.049439 -0.076904 -10.008569
31312 1445961735.591281 -0.049439 -0.076904 -10.008569
31313 1445961735.601286 -0.049439 0.010986 -10.008569
31314 1445961735.611251 -0.049439 -0.076904 -10.008569
31315 1445961735.621315 -0.049439 -0.076904 -10.008569
31316 1445961735.631366 -0.049439 0.010986 -10.008569
31317 1445961735.641386 -0.049439 0.010986 -10.008569
31318 1445961735.651428 -0.049439 -0.076904 -10.008569
31319 1445961735.661461 -0.049439 0.010986 -10.008569
31320 1445961735.671448 -0.049439 -0.076904 -10.008569
31321 1445961735.681508 -0.049439 -0.076904 -10.008569
31322 1445961735.691528 -0.049439 -0.076904 -10.008569
31323 1445961735.701547 -0.049439 -0.076904 -10.008569
31324 1445961735.711542 -0.049439 -0.076904 -10.008569
31325 1445961735.721559 -0.049439 -0.076904 -10.008569
31326 1445961735.731622 -0.049439 0.010986 -10.008569
31327 1445961735.741607 -0.049439 0.010986 -10.008569
31328 1445961735.751640 -0.049439 -0.076904 -10.008569
31329 1445961735.761683 -0.049439 -0.076904 -10.008569
31330 1445961735.767993 -0.049439 -0.076904 -10.008569
31331 1445961735.781712 -0.049439 -0.076904 -10.008569
31332 1445961735.791838 -0.049439 0.010986 -10.008569
31333 1445961735.801766 -0.049439 0.010986 -10.008569
31334 1445961735.807961 -0.049439 0.010986 -10.008569
31335 1445961735.821814 -0.049439 0.010986 -10.008569
31336 1445961735.831863 -0.049439 0.010986 -10.008569
31337 1445961735.841865 -0.049439 -0.076904 -10.008569
31338 1445961735.856935 -0.049439 0.010986 -10.008569
31339 1445961735.866969 -0.049439 0.010986 -10.008569
31340 1445961735.876971 -0.049439 0.010986 -10.008569
31341 1445961735.886995 -0.049439 0.010986 -10.008569
31342 1445961735.897001 -0.049439 0.010986 -10.008569
31343 1445961735.907111 -0.049439 0.010986 -10.008569
31344 1445961735.912958 -0.049439 0.010986 -10.008569
31345 1445961735.927170 -0.049439 0.010986 -10.008569
31346 1445961735.937173 -0.049439 0.010986 -10.008569
31347 1445961735.947206 -0.049439 -0.076904 -10.008569
31348 1445961735.957238 -0.049439 0.010986 -10.008569
31349 1445961735.968167 -0.049439 0.010986 -10.008569
31350 1445961735.978100 -0.049439 0.010986 -10.008569
31351 1445961735.988007 -0.049439 0.010986 -10.008569
31352 1445961735.998064 -0.049439 0.010986 -10.008569
31353 1445961736.008331 -0.049439 0.010986 -10.008569
31354 1445961736.018313 -0.049439 0.010986 -10.008569
31355 1445961736.028131 -0.049439 0.010986 -10.008569
31356 1445961736.038167 -0.049439 0.010986 -10.008569
31357 1445961736.048165 -0.049439 -0.076904 -10.008569
31358 1445961736.058322 -0.049439 0.010986 -10.008569
31359 1445961736.068415 -0.049439 -0.076904 -10.008569
31360 1445961736.078196 -0.049439 0.010986 -10.008569
31361 1445961736.088190 -0.049439 0.010986 -10.008569
31362 1445961736.098264 -0.049439 0.010986 -10.008569
31363 1445961736.108573 -0.049439 -0.076904 -10.008569
31364 1445961736.118522 -0.049439 0.010986 -10.09646
31365 1445961736.128381 -0.049439 0.010986 -10.008569
31366 1445961736.138370 -0.049439 0.010986 -10.008569
31367 1445961736.148425 -0.049439 0.010986 -10.008569
31368 1445961736.158702 -0.049439 0.010986 -10.008569
31369 1445961736.168663 -0.049439 0.010986 -10.008569
31370 1445961736.178441 -0.049439 0.010986 -10.008569
31371 1445961736.188490 -0.049439 0.010986 -10.008569
31372 1445961736.198378 -0.049439 0.010986 -10.008569
31373 1445961736.208832 -0.049439 0.010986 -10.008569
31374 1445961736.218809 -0.049439 0.010986 -10.008569
31375 1445961736.228582 -0.049439 0.010986 -10.008569
31376 1445961736.238637 -0.049439 0.010986 -10.09646
31377 1445961736.248700 -0.049439 0.010986 -10.09646
31378 1445961736.258980 -0.049439 0.010986 -10.09646
31379 1445961736.268930 -0.049439 0.010986 -10.09646
31380 1445961736.278657 -0.049439 0.010986 -10.09646
31381 1445961736.288703 -0.049439 0.010986 -10.008569
31382 1445961736.298714 -0.049439 0.010986 -10.008569
31383 1445961736.308969 -0.049439 0.010986 -10.008569
31384 1445961736.318888 -0.049439 0.010986 -10.008569
31385 1445961736.328753 -0.049439 0.010986 -10.008569
31386 1445961736.338793 -0.049439 0.010986 -10.008569
31387 1445961736.348866 -0.049439 0.010986 -10.008569
31388 1445961736.359123 -0.049439 0.010986 -10.008569
31389 1445961736.369079 -0.049439 0.010986 -10.008569
31390 1445961736.378956 -0.049439 0.010986 -10.09646
31391 1445961736.389042 -0.049439 0.010986 -10.09646
31392 1445961736.398979 -0.049439 0.010986 -10.09646
31393 1445961736.409174 -0.049439 0.010986 -10.09646
31394 1445961736.419213 -0.049439 0.010986 -10.008569
31395 1445961736.429062 -0.049439 0.010986 -10.008569
31396 1445961736.439079 -0.049439 0.010986 -10.008569
31397 1445961736.449141 -0.049439 0.010986 -10.09646
31398 1445961736.459315 0.038452 0.010986 -10.008569
31399 1445961736.469337 -0.049439 0.010986 -10.008569
31400 1445961736.479180 -0.049439 0.010986 -10.09646
31401 1445961736.489262 -0.049439 0.010986 -10.09646
31402 1445961736.499300 -0.049439 0.010986 -10.09646
31403 1445961736.509524 -0.049439 -0.076904 -10.09646
31404 1445961736.519492 -0.049439 0.010986 -10.09646
31405 1445961736.529312 -0.049439 0.010986 -10.09646
31406 1445961736.539367 0.038452 0.010986 -10.09646
31407 1445961736.549380 -0.049439 0.010986 -10.09646
31408 1445961736.559590 -0.049439 0.010986 -10.09646
31409 1445961736.569737 -0.049439 0.010986 -10.008569
31410 1445961736.579466 -0.049439 0.010986 -10.008569
31411 1445961736.589524 -0.049439 0.010986 -10.008569
31412 1445961736.599482 -0.049439 0.010986 -10.09646
31413 1445961736.609661 0.038452 0.010986 -10.008569
31414 1445961736.619590 -0.049439 0.010986 -10.09646
31415 1445961736.629516 -0.049439 0.010986 -10.09646
31416 1445961736.639490 -0.049439 0.010986 -10.09646
31417 1445961736.649814 0.038452 0.010986 -10.09646
31418 1445961736.659806 -0.049439 0.010986 -10.008569
31419 1445961736.669644 -0.049439 0.010986 -10.008569
31420 1445961736.679586 0.038452 0.010986 -10.008569
31421 1445961736.689648 0.038452 0.010986 -10.008569
31422 1445961736.699657 -0.049439 0.010986 -10.008569
31423 1445961736.709815 0.038452 0.010986 -10.09646
31424 1445961736.719684 0.038452 0.010986 -10.008569
31425 1445961736.729738 0.038452 0.010986 -10.008569
31426 1445961736.739711 -0.049439 0.010986 -10.09646
31427 1445961736.749763 0.038452 0.010986 -10.09646
31428 1445961736.759985 0.038452 0.010986 -10.008569
31429 1445961736.769785 0.038452 0.010986 -10.008569
31430 1445961736.779869 -0.049439 0.010986 -10.008569
31431 1445961736.789918 -0.049439 0.010986 -10.09646
31432 1445961736.799942 -0.049439 0.010986 -10.008569
31433 1445961736.810062 0.038452 0.010986 -10.008569
31434 1445961736.820030 -0.049439 0.010986 -10.008569
31435 1445961736.829982 0.038452 0.010986 -10.008569
31436 1445961736.839997 0.038452 0.010986 -10.008569
31437 1445961736.849985 0.038452 0.010986 -10.09646
31438 1445961736.860234 0.038452 0.010986 -10.008569
31439 1445961736.870027 0.038452 0.010986 -10.008569
31440 1445961736.880114 0.038452 0.010986 -10.09646
31441 1445961736.890116 0.038452 0.010986 -10.09646
31442 1445961736.900149 0.038452 0.010986 -10.008569
31443 1445961736.910384 0.038452 0.010986 -10.008569
31444 1445961736.920239 0.038452 0.010986 -10.09646
31445 1445961736.930215 0.038452 0.010986 -10.008569
31446 1445961736.940197 -0.049439 0.010986 -10.008569
31447 1445961736.950212 0.038452 0.010986 -10.008569
31448 1445961736.960389 0.038452 0.010986 -10.008569
31449 1445961736.970320 0.038452 0.010986 -10.008569
31450 1445961736.980336 0.038452 0.010986 -10.008569
31451 1445961736.990309 0.038452 0.010986 -10.008569
31452 1445961737.000327 0.038452 0.010986 -10.008569
31453 1445961737.010466 0.038452 0.010986 -10.008569
31454 1445961737.020380 0.038452 0.010986 -10.008569
31455 1445961737.030432 -0.049439 0.010986 -10.008569
31456 1445961737.040430 -0.049439 0.010986 -10.008569
31457 1445961737.050453 0.038452 0.010986 -10.008569
31458 1445961737.060589 0.038452 0.010986 -10.008569
31459 1445961737.070503 0.038452 0.010986 -10.008569
31460 1445961737.080589 0.038452 0.010986 -10.008569
31461 1445961737.090569 0.038452 0.010986 -10.008569
31462 1445961737.100623 0.038452 0.010986 -10.09646
31463 1445961737.110722 0.038452 0.010986 -10.09646
31464 1445961737.120644 0.038452 0.010986 -10.008569
31465 1445961737.130650 0.038452 0.010986 -10.008569
31466 1445961737.140742 0.038452 0.010986 -10.008569
31467 1445961737.150731 -0.049439 0.010986 -10.008569
31468 1445961737.165877 0.038452 0.010986 -10.008569
31469 1445961737.175908 -0.049439 -0.076904 -10.008569
31470 1445961737.185911 0.038452 0.010986 -10.008569
31471 1445961737.196004 0.038452 0.010986 -10.008569
31472 1445961737.205924 0.038452 0.010986 -10.008569
31473 1445961737.216096 0.038452 -0.076904 -10.008569
31474 1445961737.225988 0.038452 0.010986 -10.008569
31475 1445961737.236006 0.038452 0.010986 -10.008569
31476 1445961737.245987 0.038452 0.010986 -10.008569
31477 1445961737.256094 0.038452 0.010986 -10.008569
31478 1445961737.266087 0.038452 0.010986 -10.008569
31479 1445961737.276168 0.038452 0.010986 -10.008569
31480 1445961737.286112 0.038452 0.010986 -10.008569
31481 1445961737.296135 0.038452 0.010986 -10.09646
31482 1445961737.306206 0.038452 0.010986 -10.008569
31483 1445961737.316222 0.038452 0.010986 -10.09646
31484 1445961737.326226 0.038452 0.010986 -10.09646
31485 1445961737.336243 0.038452 0.010986 -10.09646
31486 1445961737.346262 0.038452 0.010986 -10.09646
31487 1445961737.356374 0.038452 0.010986 -10.09646
31488 1445961737.366293 0.038452 0.010986 -10.008569
31489 1445961737.376318 0.038452 0.010986 -10.09646
31490 1445961737.386309 0.126343 0.010986 -10.09646
31491 1445961737.396330 0.038452 0.010986 -10.09646
31492 1445961737.406427 0.038452 0.010986 -10.008569
31493 1445961737.416506 0.038452 0.010986 -10.09646
31494 1445961737.426510 0.126343 0.010986 -10.09646
31495 1445961737.436523 0.038452 0.098877 -10.09646
31496 1445961737.446523 0.126343 0.010986 -10.09646
31497 1445961737.456633 0.126343 0.098877 -10.09646
31498 1445961737.466600 0.126343 0.098877 -10.09646
31499 1445961737.476577 0.126343 0.098877 -10.09646
31500 1445961737.486613 0.126343 0.010986 -10.09646
31501 1445961737.496632 0.126343 0.098877 -10.09646
31502 1445961737.506753 0.038452 0.098877 -10.09646
31503 1445961737.516675 0.038452 0.010986 -10.09646
31504 1445961737.526730 0.038452 0.098877 -10.09646
31505 1445961737.536688 0.038452 0.098877 -10.09646
31506 1445961737.546761 0.126343 0.010986 -10.09646
31507 1445961737.557942 0.126343 0.098877 -10.09646
31508 1445961737.566748 0.126343 0.010986 -10.09646
31509 1445961737.576826 0.126343 0.010986 -10.09646
31510 1445961737.586868 0.126343 0.098877 -10.09646
31511 1445961737.596875 0.126343 0.098877 -10.09646
31512 1445961737.608097 0.126343 0.098877 -10.09646
31513 1445961737.618037 0.126343 0.098877 -10.09646
31514 1445961737.626909 0.126343 0.098877 -10.09646
31515 1445961737.637807 0.126343 0.010986 -10.09646
31516 1445961737.647853 0.126343 0.010986 -10.09646
31517 1445961737.657963 0.126343 0.010986 -10.09646
31518 1445961737.668005 0.126343 0.010986 -10.008569
31519 1445961737.677016 0.038452 0.010986 -10.09646
31520 1445961737.687827 0.126343 0.010986 -10.09646
31521 1445961737.697840 0.126343 0.010986 -10.09646
31522 1445961737.708232 0.126343 0.010986 -10.09646
31523 1445961737.718061 0.126343 -0.076904 -10.09646
31524 1445961737.727853 0.126343 -0.076904 -10.09646
31525 1445961737.737991 0.126343 -0.076904 -10.09646
31526 1445961737.747979 0.038452 -0.076904 -10.184351
31527 1445961737.758196 0.038452 -0.076904 -10.184351
31528 1445961737.768233 0.038452 -0.076904 -10.272242
31529 1445961737.778003 0.038452 -0.076904 -10.272242
31530 1445961737.788116 0.038452 -0.076904 -10.272242
31531 1445961737.798099 0.038452 -0.076904 -10.360133
31532 1445961737.808465 0.038452 -0.076904 -10.360133
31533 1445961737.818344 0.038452 -0.076904 -10.360133
31534 1445961737.828111 0.038452 -0.076904 -10.360133
31535 1445961737.838210 0.038452 -0.076904 -10.272242
31536 1445961737.848177 0.038452 -0.076904 -10.272242
31537 1445961737.858567 0.038452 -0.076904 -10.272242
31538 1445961737.868386 0.038452 -0.076904 -10.272242
31539 1445961737.878201 0.038452 -0.076904 -10.272242
31540 1445961737.888272 0.126343 -0.076904 -10.272242
31541 1445961737.898205 0.126343 -0.076904 -10.272242
31542 1445961737.908464 0.126343 0.010986 -10.272242
31543 1445961737.918464 0.126343 0.010986 -10.272242
31544 1445961737.928389 0.214234 0.010986 -10.272242
31545 1445961737.938320 0.214234 0.010986 -10.272242
31546 1445961737.948311 0.214234 0.098877 -10.272242
31547 1445961737.958688 0.214234 0.098877 -10.272242
31548 1445961737.968597 0.214234 0.098877 -10.184351
31549 1445961737.978489 0.214234 0.186768 -10.184351
31550 1445961737.988478 0.214234 0.186768 -10.184351
31551 1445961737.998482 0.302125 0.186768 -10.184351
31552 1445961738.008554 0.214234 0.186768 -10.184351
31553 1445961738.018582 0.302125 0.186768 -10.09646
31554 1445961738.028575 0.214234 0.186768 -10.09646
31555 1445961738.038547 0.214234 0.186768 -10.09646
31556 1445961738.048538 0.214234 0.186768 -10.09646
31557 1445961738.058718 0.214234 0.186768 -10.09646
31558 1445961738.068573 0.214234 0.098877 -10.09646
31559 1445961738.078581 0.126343 0.098877 -10.008569
31560 1445961738.088582 0.214234 0.098877 -10.008569
31561 1445961738.098643 0.126343 0.098877 -10.008569
31562 1445961738.108803 0.126343 0.098877 -10.008569
31563 1445961738.118909 0.038452 0.010986 -10.008569
31564 1445961738.128759 0.038452 0.010986 -10.008569
31565 1445961738.138808 0.038452 0.010986 -10.008569
31566 1445961738.148772 0.038452 0.010986 -9.920679
31567 1445961738.158970 0.038452 0.010986 -9.920679
31568 1445961738.168686 0.038452 0.010986 -9.920679
31569 1445961738.178812 0.038452 0.010986 -9.920679
31570 1445961738.188859 0.038452 0.010986 -9.920679
31571 1445961738.198927 0.038452 0.010986 -9.920679
31572 1445961738.209068 0.038452 0.010986 -9.920679
31573 1445961738.219031 0.038452 0.010986 -9.920679
31574 1445961738.229005 0.038452 0.010986 -9.920679
31575 1445961738.238998 0.038452 0.010986 -9.920679
31576 1445961738.249013 0.126343 0.010986 -9.920679
31577 1445961738.259281 0.126343 0.010986 -9.920679
31578 1445961738.269073 0.126343 0.010986 -9.920679
31579 1445961738.279063 0.126343 0.010986 -9.920679
31580 1445961738.289083 0.126343 0.010986 -9.920679
31581 1445961738.299085 0.126343 0.010986 -9.920679
31582 1445961738.309389 0.126343 0.010986 -9.920679
31583 1445961738.319319 0.126343 0.010986 -9.920679
31584 1445961738.329273 0.038452 0.010986 -9.920679
31585 1445961738.339292 0.038452 0.010986 -9.920679
31586 1445961738.349250 0.038452 0.010986 -9.920679
31587 1445961738.359442 0.038452 0.010986 -9.920679
31588 1445961738.369320 -0.049439 0.010986 -9.920679
31589 1445961738.379409 0.038452 0.010986 -9.920679
31590 1445961738.389410 -0.049439 0.010986 -9.920679
31591 1445961738.399445 -0.049439 0.010986 -9.920679
31592 1445961738.409607 -0.049439 0.010986 -9.920679
31593 1445961738.419538 -0.049439 0.010986 -9.920679
31594 1445961738.429459 -0.049439 0.010986 -9.920679
31595 1445961738.439493 -0.049439 0.010986 -9.920679
31596 1445961738.449478 0.038452 0.010986 -9.920679
31597 1445961738.459628 0.038452 0.010986 -9.920679
31598 1445961738.469698 0.038452 0.010986 -9.920679
31599 1445961738.479580 0.038452 0.010986 -9.920679
31600 1445961738.489623 0.038452 0.010986 -9.920679
31601 1445961738.499631 0.038452 0.010986 -9.920679
31602 1445961738.514926 0.038452 0.010986 -9.920679
31603 1445961738.524782 0.038452 0.010986 -9.920679
31604 1445961738.534847 0.038452 0.010986 -9.920679
31605 1445961738.544881 0.038452 0.010986 -9.920679
31606 1445961738.554893 0.038452 0.010986 -9.920679
31607 1445961738.565050 0.038452 0.010986 -9.920679
31608 1445961738.574887 0.038452 0.010986 -9.920679
31609 1445961738.584970 0.038452 0.010986 -9.920679
31610 1445961738.594870 0.038452 0.010986 -9.920679
31611 1445961738.604980 -0.049439 0.010986 -9.920679
31612 1445961738.615084 -0.049439 0.010986 -9.920679
31613 1445961738.624952 -0.049439 0.010986 -9.920679
31614 1445961738.635080 -0.049439 0.010986 -9.920679
31615 1445961738.645062 0.038452 0.010986 -9.920679
31616 1445961738.655091 -0.049439 0.010986 -9.920679
31617 1445961738.665094 -0.049439 0.010986 -9.920679
31618 1445961738.675102 -0.049439 0.010986 -9.920679
31619 1445961738.685162 -0.049439 0.010986 -9.920679
31620 1445961738.695246 0.038452 0.010986 -9.920679
31621 1445961738.705246 0.038452 0.010986 -9.920679
31622 1445961738.715286 0.038452 0.010986 -9.920679
31623 1445961738.725271 0.038452 0.010986 -9.920679
31624 1445961738.735409 0.038452 0.010986 -9.920679
31625 1445961738.745380 0.038452 0.010986 -9.920679
31626 1445961738.755377 0.038452 0.010986 -9.920679
31627 1445961738.765477 0.038452 0.010986 -9.920679
31628 1445961738.775423 0.038452 0.010986 -9.920679
31629 1445961738.785455 0.038452 0.010986 -9.920679
31630 1445961738.795476 0.038452 0.010986 -9.920679
31631 1445961738.805432 0.038452 0.010986 -9.920679
31632 1445961738.815593 0.038452 0.010986 -9.920679
31633 1445961738.825444 0.038452 0.010986 -9.920679
31634 1445961738.835543 -0.049439 0.010986 -9.920679
31635 1445961738.845502 -0.049439 0.010986 -9.920679
31636 1445961738.855612 -0.049439 0.010986 -9.920679
31637 1445961738.865726 -0.049439 0.010986 -9.920679
31638 1445961738.875594 0.038452 0.010986 -9.920679
31639 1445961738.885586 -0.049439 0.010986 -9.920679
31640 1445961738.895677 0.038452 0.010986 -9.920679
31641 1445961738.905751 -0.049439 0.010986 -9.920679
31642 1445961738.915861 0.038452 0.010986 -9.920679
31643 1445961738.925718 -0.049439 0.010986 -9.920679
31644 1445961738.935793 0.038452 0.010986 -9.920679
31645 1445961738.945789 0.038452 0.010986 -9.920679
31646 1445961738.955891 0.038452 0.010986 -9.920679
31647 1445961738.965882 0.038452 0.010986 -9.920679
31648 1445961738.975799 0.038452 0.010986 -9.920679
31649 1445961738.985786 0.038452 0.010986 -9.920679
31650 1445961738.995909 0.038452 0.010986 -9.920679
31651 1445961739.006034 0.038452 0.010986 -9.920679
31652 1445961739.016071 0.038452 0.010986 -9.920679
31653 1445961739.025947 -0.049439 0.010986 -9.920679
31654 1445961739.036027 -0.049439 0.010986 -9.920679
31655 1445961739.046017 0.038452 0.010986 -9.920679
31656 1445961739.056040 0.038452 0.010986 -9.920679
31657 1445961739.066017 -0.049439 0.010986 -9.920679
31658 1445961739.076061 0.038452 0.010986 -9.920679
31659 1445961739.086043 0.038452 0.010986 -9.920679
31660 1445961739.096117 -0.049439 0.010986 -9.920679
31661 1445961739.106250 0.038452 0.010986 -9.920679
31662 1445961739.116207 0.038452 0.010986 -9.920679
31663 1445961739.126251 -0.049439 0.010986 -9.920679
31664 1445961739.136226 0.038452 0.010986 -9.920679
31665 1445961739.146229 0.038452 0.010986 -10.008569
31666 1445961739.156391 -0.049439 0.010986 -9.920679
31667 1445961739.166351 0.038452 0.010986 -9.920679
31668 1445961739.176310 0.038452 0.010986 -9.920679
31669 1445961739.186312 -0.049439 0.010986 -9.920679
31670 1445961739.196405 0.038452 0.010986 -9.920679
31671 1445961739.206480 -0.049439 0.010986 -10.008569
31672 1445961739.217729 0.038452 0.010986 -10.008569
31673 1445961739.226421 -0.049439 0.010986 -10.008569
31674 1445961739.236419 -0.049439 -0.076904 -10.008569
31675 1445961739.246439 -0.049439 0.010986 -10.008569
31676 1445961739.256516 -0.049439 0.010986 -10.008569
31677 1445961739.266489 -0.049439 -0.076904 -10.008569
31678 1445961739.276554 -0.049439 -0.076904 -10.008569
31679 1445961739.286585 -0.049439 -0.076904 -10.008569
31680 1445961739.296561 -0.049439 -0.076904 -10.008569
31681 1445961739.306665 -0.049439 -0.076904 -10.008569
31682 1445961739.317773 -0.049439 0.010986 -10.008569
31683 1445961739.326708 -0.049439 0.010986 -10.008569
31684 1445961739.336692 0.038452 -0.076904 -10.008569
31685 1445961739.346715 -0.049439 -0.076904 -10.008569
31686 1445961739.357759 -0.049439 -0.076904 -10.008569
31687 1445961739.367880 -0.049439 0.010986 -10.008569
31688 1445961739.376783 -0.049439 -0.076904 -10.008569
31689 1445961739.386810 -0.049439 0.010986 -10.008569
31690 1445961739.396842 0.038452 -0.076904 -10.008569
31691 1445961739.407936 0.038452 -0.076904 -10.008569
31692 1445961739.412880 -0.049439 -0.076904 -10.008569
31693 1445961739.422782 -0.049439 -0.076904 -10.008569
31694 1445961739.432922 -0.049439 0.010986 -10.008569
31695 1445961739.442924 -0.049439 0.010986 -10.008569
31696 1445961739.458055 -0.049439 -0.076904 -10.008569
31697 1445961739.467980 -0.049439 -0.076904 -10.008569
31698 1445961739.477758 -0.049439 0.010986 -10.008569
31699 1445961739.487726 -0.049439 -0.076904 -10.008569
31700 1445961739.497774 -0.049439 -0.076904 -10.008569
31701 1445961739.508083 -0.049439 -0.076904 -10.008569
31702 1445961739.518051 -0.049439 -0.076904 -10.008569
31703 1445961739.527907 -0.049439 -0.076904 -10.008569
31704 1445961739.537924 -0.049439 -0.076904 -10.008569
31705 1445961739.547895 -0.049439 0.010986 -10.008569
31706 1445961739.558194 -0.049439 0.010986 -10.008569
31707 1445961739.568186 -0.049439 -0.076904 -10.008569
31708 1445961739.578004 -0.049439 -0.076904 -10.008569
31709 1445961739.588081 -0.049439 0.010986 -10.008569
31710 1445961739.598083 -0.049439 0.010986 -10.008569
31711 1445961739.608386 -0.049439 -0.076904 -10.008569
31712 1445961739.618211 -0.049439 -0.076904 -10.008569
31713 1445961739.628200 -0.049439 -0.076904 -10.008569
31714 1445961739.638215 -0.049439 -0.076904 -10.008569
31715 1445961739.648173 -0.049439 -0.076904 -10.008569
31716 1445961739.658416 -0.049439 -0.076904 -10.008569
31717 1445961739.668267 -0.049439 -0.076904 -10.008569
31718 1445961739.678218 -0.049439 -0.076904 -10.008569
31719 1445961739.688290 -0.049439 0.010986 -10.008569
31720 1445961739.698245 -0.049439 0.010986 -10.008569
31721 1445961739.708586 -0.049439 -0.076904 -10.008569
31722 1445961739.718418 0.038452 0.010986 -10.008569
31723 1445961739.728411 -0.049439 0.010986 -10.008569
31724 1445961739.738451 -0.049439 0.010986 -10.008569
31725 1445961739.748504 -0.049439 0.010986 -10.008569
31726 1445961739.758611 -0.049439 -0.076904 -10.008569
31727 1445961739.768579 -0.049439 0.010986 -10.008569
31728 1445961739.778476 -0.049439 0.010986 -10.008569
31729 1445961739.788542 -0.049439 -0.076904 -10.008569
31730 1445961739.798568 -0.049439 -0.076904 -10.008569
31731 1445961739.813890 -0.049439 0.010986 -10.008569
31732 1445961739.823595 -0.049439 0.010986 -10.008569
31733 1445961739.833600 -0.049439 -0.076904 -10.008569
31734 1445961739.843679 -0.049439 -0.076904 -10.008569
31735 1445961739.853753 -0.049439 -0.076904 -10.008569
31736 1445961739.863946 -0.049439 -0.076904 -10.008569
31737 1445961739.873767 -0.049439 -0.076904 -10.008569
31738 1445961739.883797 -0.049439 -0.076904 -10.008569
31739 1445961739.893867 -0.049439 -0.076904 -10.008569
31740 1445961739.903870 -0.049439 -0.076904 -10.008569
31741 1445961739.914105 -0.049439 0.010986 -10.008569
31742 1445961739.923886 -0.049439 0.010986 -10.008569
31743 1445961739.933951 -0.049439 -0.076904 -10.008569
31744 1445961739.943977 -0.049439 0.010986 -10.008569
31745 1445961739.953944 -0.049439 -0.076904 -10.008569
31746 1445961739.964224 -0.049439 -0.076904 -10.008569
31747 1445961739.974013 -0.049439 -0.076904 -10.008569
31748 1445961739.984063 -0.049439 -0.076904 -10.008569
31749 1445961739.994077 -0.049439 0.010986 -10.008569
31750 1445961740.004148 -0.049439 0.010986 -10.008569
31751 1445961740.014359 -0.049439 -0.076904 -10.008569
31752 1445961740.024190 -0.049439 -0.076904 -10.008569
31753 1445961740.034207 -0.049439 0.010986 -10.008569
31754 1445961740.044340 -0.049439 -0.076904 -10.008569
31755 1445961740.054280 -0.049439 -0.076904 -10.008569
31756 1445961740.064407 -0.049439 -0.076904 -10.008569
31757 1445961740.074279 -0.049439 -0.076904 -10.008569
31758 1445961740.084414 -0.049439 -0.076904 -10.008569
31759 1445961740.094292 -0.049439 -0.076904 -10.008569
31760 1445961740.104452 -0.049439 -0.076904 -10.008569
31761 1445961740.114408 -0.049439 -0.076904 -10.008569
31762 1445961740.124333 0.038452 -0.076904 -10.008569
31763 1445961740.134457 -0.049439 0.010986 -10.008569
31764 1445961740.144516 -0.049439 -0.076904 -10.008569
31765 1445961740.154446 -0.049439 -0.076904 -10.008569
31766 1445961740.164596 -0.049439 -0.076904 -10.008569
31767 1445961740.174444 0.038452 -0.076904 -10.008569
31768 1445961740.184539 -0.049439 0.010986 -10.008569
31769 1445961740.194572 -0.049439 0.010986 -10.008569
31770 1445961740.204573 0.038452 0.010986 -10.008569
31771 1445961740.214758 -0.049439 0.010986 -10.008569
31772 1445961740.224601 0.038452 0.010986 -10.008569
31773 1445961740.234656 -0.049439 0.010986 -10.008569
31774 1445961740.244645 -0.049439 -0.076904 -10.008569
31775 1445961740.254750 -0.049439 0.010986 -10.008569
31776 1445961740.264802 -0.049439 -0.076904 -10.008569
31777 1445961740.274741 0.038452 -0.076904 -10.008569
31778 1445961740.284751 -0.049439 0.010986 -10.008569
31779 1445961740.294814 -0.049439 0.010986 -10.008569
31780 1445961740.304865 0.038452 0.010986 -10.008569
31781 1445961740.314912 -0.049439 0.010986 -10.008569
31782 1445961740.324801 -0.049439 0.010986 -10.008569
31783 1445961740.334853 -0.049439 0.010986 -10.008569
31784 1445961740.344934 -0.049439 0.010986 -10.008569
31785 1445961740.354933 -0.049439 -0.076904 -10.008569
31786 1445961740.364992 -0.049439 0.010986 -10.008569
31787 1445961740.374996 -0.049439 0.010986 -10.008569
31788 1445961740.385013 0.038452 -0.076904 -10.008569
31789 1445961740.395014 0.038452 0.010986 -10.008569
31790 1445961740.405033 -0.049439 0.010986 -10.008569
31791 1445961740.415078 0.038452 0.010986 -10.008569
31792 1445961740.425021 -0.049439 0.010986 -10.008569
31793 1445961740.435121 -0.049439 0.010986 -10.008569
31794 1445961740.445103 -0.049439 0.010986 -10.008569
31795 1445961740.455145 0.038452 0.010986 -10.008569
31796 1445961740.465155 -0.049439 -0.076904 -10.008569
31797 1445961740.475128 -0.049439 0.010986 -10.008569
31798 1445961740.485278 -0.049439 0.010986 -10.008569
31799 1445961740.495248 0.038452 0.010986 -10.008569
31800 1445961740.505272 -0.049439 0.010986 -10.008569
31801 1445961740.515385 -0.049439 0.010986 -10.008569
31802 1445961740.525258 -0.049439 0.010986 -10.008569
31803 1445961740.535264 -0.049439 -0.076904 -10.008569
31804 1445961740.545327 -0.049439 0.010986 -10.008569
31805 1445961740.555375 -0.049439 0.010986 -10.008569
31806 1445961740.565517 -0.049439 0.010986 -10.008569
31807 1445961740.575421 -0.049439 0.010986 -10.008569
31808 1445961740.585416 -0.049439 0.010986 -10.008569
31809 1445961740.595414 -0.049439 0.010986 -10.008569
31810 1445961740.605434 -0.049439 0.010986 -10.008569
31811 1445961740.615504 0.038452 0.010986 -10.008569
31812 1445961740.625485 -0.049439 0.010986 -10.008569
31813 1445961740.635545 -0.049439 0.010986 -10.008569
31814 1445961740.645563 -0.049439 0.010986 -10.008569
31815 1445961740.655614 -0.049439 -0.076904 -10.008569
31816 1445961740.665646 -0.049439 0.010986 -10.008569
31817 1445961740.675614 0.038452 0.010986 -10.008569
31818 1445961740.685647 -0.049439 -0.076904 -10.008569
31819 1445961740.695743 -0.049439 0.010986 -10.008569
31820 1445961740.705701 0.038452 -0.076904 -10.008569
31821 1445961740.715770 -0.049439 0.010986 -10.008569
31822 1445961740.725726 -0.049439 -0.076904 -10.008569
31823 1445961740.735689 0.038452 0.010986 -10.008569
31824 1445961740.745780 0.038452 0.010986 -10.008569
31825 1445961740.755917 -0.049439 -0.076904 -10.008569
31826 1445961740.765841 0.038452 0.010986 -10.008569
31827 1445961740.775915 -0.049439 0.010986 -10.008569
31828 1445961740.785915 -0.049439 -0.076904 -10.008569
31829 1445961740.795912 -0.049439 0.010986 -10.008569
31830 1445961740.805935 -0.049439 0.010986 -10.008569
31831 1445961740.815985 0.038452 0.010986 -10.008569
31832 1445961740.825976 0.038452 -0.076904 -10.008569
31833 1445961740.836045 -0.049439 0.010986 -10.008569
31834 1445961740.846058 0.038452 0.010986 -10.008569
31835 1445961740.856067 -0.049439 0.010986 -10.008569
31836 1445961740.866103 -0.049439 0.010986 -10.008569
31837 1445961740.876122 -0.049439 0.010986 -10.008569
31838 1445961740.886123 -0.049439 0.010986 -10.008569
31839 1445961740.896161 0.038452 -0.076904 -10.008569
31840 1445961740.906235 0.038452 0.010986 -10.008569
31841 1445961740.916227 -0.049439 -0.076904 -10.008569
31842 1445961740.926249 -0.049439 0.010986 -10.008569
31843 1445961740.936286 -0.049439 0.010986 -10.008569
31844 1445961740.946306 0.038452 0.010986 -10.008569
31845 1445961740.956390 -0.049439 0.010986 -10.008569
31846 1445961740.966383 -0.049439 0.010986 -10.008569
31847 1445961740.976359 -0.049439 0.010986 -10.008569
31848 1445961740.986417 -0.049439 0.010986 -10.008569
31849 1445961740.996434 -0.049439 0.010986 -10.008569
31850 1445961741.006475 -0.049439 0.010986 -10.008569
31851 1445961741.012722 -0.049439 0.010986 -10.008569
31852 1445961741.026481 0.038452 0.010986 -10.008569
31853 1445961741.036510 -0.049439 0.010986 -10.008569
31854 1445961741.046534 -0.049439 0.010986 -10.008569
31855 1445961741.056643 0.038452 0.010986 -10.008569
31856 1445961741.062722 -0.049439 0.010986 -10.008569
31857 1445961741.076655 -0.049439 0.010986 -10.008569
31858 1445961741.086603 0.038452 0.010986 -10.008569
31859 1445961741.096680 0.038452 0.010986 -10.008569
31860 1445961741.111712 -0.049439 0.010986 -10.008569
31861 1445961741.121789 -0.049439 0.010986 -10.008569
31862 1445961741.131835 0.038452 0.010986 -10.008569
31863 1445961741.141821 -0.049439 0.010986 -10.008569
31864 1445961741.151823 0.038452 0.010986 -10.008569
31865 1445961741.161828 -0.049439 0.010986 -10.008569
31866 1445961741.167733 -0.049439 -0.076904 -10.008569
31867 1445961741.181873 -0.049439 0.010986 -10.008569
31868 1445961741.191893 0.038452 0.010986 -10.008569
31869 1445961741.201913 -0.049439 0.010986 -10.008569
31870 1445961741.207658 -0.049439 -0.076904 -10.008569
31871 1445961741.222784 -0.049439 0.010986 -10.008569
31872 1445961741.232822 -0.049439 0.010986 -10.008569
31873 1445961741.242839 -0.049439 0.010986 -10.008569
31874 1445961741.252864 -0.049439 0.010986 -10.008569
31875 1445961741.263140 -0.049439 0.010986 -10.008569
31876 1445961741.272906 -0.049439 0.010986 -10.008569
31877 1445961741.283085 -0.049439 -0.076904 -10.008569
31878 1445961741.293053 -0.049439 0.010986 -10.008569
31879 1445961741.303041 -0.049439 0.010986 -10.008569
31880 1445961741.313233 0.038452 0.010986 -10.008569
31881 1445961741.323014 0.038452 0.010986 -10.008569
31882 1445961741.333103 -0.049439 0.010986 -10.008569
31883 1445961741.343070 0.038452 0.010986 -10.008569
31884 1445961741.353178 -0.049439 0.010986 -10.008569
31885 1445961741.363370 -0.049439 0.010986 -10.008569
31886 1445961741.373157 0.038452 -0.076904 -10.008569
31887 1445961741.383171 -0.049439 0.010986 -10.008569
31888 1445961741.393152 0.038452 0.010986 -10.008569
31889 1445961741.403187 -0.049439 0.010986 -10.008569
31890 1445961741.413313 -0.049439 0.010986 -10.008569
31891 1445961741.423177 -0.049439 0.010986 -10.008569
31892 1445961741.433294 0.038452 0.010986 -10.008569
31893 1445961741.443313 -0.049439 0.010986 -10.008569
31894 1445961741.453444 -0.049439 -0.076904 -10.008569
31895 1445961741.463482 0.038452 -0.076904 -10.008569
31896 1445961741.473331 0.038452 0.010986 -10.008569
31897 1445961741.483501 0.038452 0.010986 -10.008569
31898 1445961741.493464 0.038452 0.010986 -10.008569
31899 1445961741.503478 0.038452 0.010986 -10.008569
31900 1445961741.513608 -0.049439 0.010986 -10.008569
31901 1445961741.523386 0.038452 0.010986 -10.008569
31902 1445961741.533542 -0.049439 0.010986 -10.008569
31903 1445961741.543517 -0.049439 -0.076904 -10.008569
31904 1445961741.553594 0.038452 0.010986 -10.008569
31905 1445961741.563825 -0.049439 -0.076904 -10.008569
31906 1445961741.573470 -0.049439 0.010986 -10.008569
31907 1445961741.583596 -0.049439 0.010986 -10.008569
31908 1445961741.593587 0.038452 0.010986 -10.008569
31909 1445961741.603510 0.038452 0.010986 -10.008569
31910 1445961741.613706 0.038452 0.010986 -10.008569
31911 1445961741.623528 -0.049439 -0.076904 -10.008569
31912 1445961741.633660 -0.049439 0.010986 -10.008569
31913 1445961741.643579 -0.049439 0.010986 -10.008569
31914 1445961741.653609 -0.049439 0.010986 -10.008569
31915 1445961741.663917 -0.049439 0.010986 -10.008569
31916 1445961741.673676 -0.049439 0.010986 -10.008569
31917 1445961741.683789 0.038452 0.010986 -10.008569
31918 1445961741.693737 0.038452 0.010986 -10.008569
31919 1445961741.703773 -0.049439 0.010986 -10.008569
31920 1445961741.714005 0.038452 0.010986 -10.008569
31921 1445961741.723843 -0.049439 0.010986 -10.008569
31922 1445961741.733838 -0.049439 0.010986 -10.008569
31923 1445961741.743927 0.038452 0.010986 -10.008569
31924 1445961741.753959 -0.049439 0.010986 -10.008569
31925 1445961741.764128 0.038452 0.010986 -10.008569
31926 1445961741.773910 -0.049439 0.010986 -10.008569
31927 1445961741.784025 0.038452 0.010986 -10.008569
31928 1445961741.793986 -0.049439 -0.076904 -10.008569
31929 1445961741.804024 0.038452 0.010986 -10.008569
31930 1445961741.814189 0.038452 0.010986 -10.008569
31931 1445961741.824043 -0.049439 0.010986 -10.008569
31932 1445961741.834097 0.038452 0.010986 -10.008569
31933 1445961741.844035 0.038452 -0.076904 -10.008569
31934 1445961741.854101 -0.049439 0.010986 -10.008569
31935 1445961741.864223 -0.049439 0.010986 -10.008569
31936 1445961741.874031 0.038452 -0.076904 -10.008569
31937 1445961741.884166 -0.049439 0.010986 -10.008569
31938 1445961741.894192 0.038452 0.010986 -10.008569
31939 1445961741.904172 -0.049439 0.010986 -10.008569
31940 1445961741.914226 0.038452 -0.076904 -10.008569
31941 1445961741.924363 0.038452 0.010986 -10.008569
31942 1445961741.934182 -0.049439 0.010986 -10.008569
31943 1445961741.944175 0.038452 -0.076904 -10.008569
31944 1445961741.954245 -0.049439 0.010986 -10.008569
31945 1445961741.964302 -0.049439 0.010986 -10.008569
31946 1445961741.974225 0.038452 0.010986 -10.008569
31947 1445961741.984269 0.038452 0.010986 -10.008569
31948 1445961741.994260 0.038452 0.010986 -10.008569
31949 1445961742.004301 0.038452 0.010986 -10.008569
31950 1445961742.014377 0.038452 0.010986 -10.008569
31951 1445961742.024349 -0.049439 0.010986 -10.008569
31952 1445961742.034391 0.038452 0.010986 -10.008569
31953 1445961742.044409 -0.049439 0.010986 -10.008569
31954 1445961742.054441 0.038452 -0.076904 -10.008569
31955 1445961742.064629 0.038452 0.010986 -10.008569
31956 1445961742.074485 -0.049439 0.010986 -10.008569
31957 1445961742.084521 0.038452 0.010986 -10.008569
31958 1445961742.094588 0.038452 0.010986 -10.008569
31959 1445961742.104558 -0.049439 0.010986 -10.008569
31960 1445961742.114679 -0.049439 0.010986 -10.008569
31961 1445961742.124565 -0.049439 0.010986 -10.008569
31962 1445961742.134651 -0.049439 0.010986 -10.008569
31963 1445961742.144658 0.038452 0.010986 -10.008569
31964 1445961742.154725 0.038452 0.010986 -10.008569
31965 1445961742.164700 0.038452 0.010986 -10.008569
31966 1445961742.174668 0.038452 0.010986 -10.008569
31967 1445961742.184777 0.038452 0.010986 -10.008569
31968 1445961742.194799 0.038452 0.010986 -10.008569
31969 1445961742.204816 0.038452 0.010986 -10.008569
31970 1445961742.214801 0.038452 0.010986 -10.008569
31971 1445961742.224752 0.038452 0.010986 -10.008569
31972 1445961742.234845 0.038452 0.010986 -10.008569
31973 1445961742.244911 0.038452 0.010986 -10.008569
31974 1445961742.254974 0.038452 0.010986 -10.008569
31975 1445961742.264994 0.038452 0.010986 -10.008569
31976 1445961742.274899 0.038452 -0.076904 -10.008569
31977 1445961742.284967 0.038452 0.010986 -10.008569
31978 1445961742.295003 -0.049439 0.010986 -10.008569
31979 1445961742.304982 0.038452 -0.076904 -10.008569
31980 1445961742.315114 0.038452 0.010986 -10.008569
31981 1445961742.325067 -0.049439 0.010986 -10.008569
31982 1445961742.335110 -0.049439 0.010986 -10.008569
31983 1445961742.345117 0.038452 0.010986 -10.008569
31984 1445961742.355146 -0.049439 0.010986 -10.008569
31985 1445961742.365196 0.038452 0.010986 -10.008569
31986 1445961742.375137 0.038452 0.010986 -10.008569
31987 1445961742.385175 0.038452 0.010986 -10.008569
31988 1445961742.395208 0.038452 0.010986 -10.008569
31989 1445961742.405228 0.038452 0.010986 -10.008569
31990 1445961742.415351 0.038452 0.010986 -10.008569
31991 1445961742.425278 -0.049439 0.010986 -10.008569
31992 1445961742.435325 0.038452 0.010986 -10.008569
31993 1445961742.445319 0.038452 -0.076904 -10.008569
31994 1445961742.455378 0.038452 0.010986 -10.008569
31995 1445961742.465511 0.038452 0.010986 -10.008569
31996 1445961742.480527 0.038452 -0.076904 -10.008569
31997 1445961742.490498 -0.049439 0.010986 -10.008569
31998 1445961742.500530 0.038452 -0.076904 -10.008569
31999 1445961742.508972 0.038452 0.010986 -10.008569
32000 1445961742.520721 0.038452 0.010986 -10.008569
32001 1445961742.530653 0.038452 0.010986 -10.008569
32002 1445961742.540708 0.038452 0.010986 -10.008569
32003 1445961742.550659 0.038452 0.010986 -10.008569
32004 1445961742.560851 0.038452 0.010986 -10.008569
32005 1445961742.570811 0.038452 0.010986 -10.008569
32006 1445961742.580815 0.038452 0.010986 -10.008569
32007 1445961742.590781 0.038452 0.010986 -10.008569
32008 1445961742.600794 0.038452 0.010986 -10.008569
32009 1445961742.610965 -0.049439 0.010986 -10.008569
32010 1445961742.620992 0.038452 0.010986 -10.008569
32011 1445961742.630919 0.038452 0.010986 -10.008569
32012 1445961742.640933 0.038452 0.010986 -10.008569
32013 1445961742.650933 -0.049439 0.010986 -10.008569
32014 1445961742.660987 -0.049439 0.010986 -10.008569
32015 1445961742.671082 0.038452 0.010986 -10.008569
32016 1445961742.681107 0.038452 0.010986 -10.008569
32017 1445961742.691081 -0.049439 0.010986 -10.008569
32018 1445961742.701085 0.038452 0.010986 -10.008569
32019 1445961742.711220 0.038452 0.010986 -10.008569
32020 1445961742.721152 -0.049439 0.010986 -10.008569
32021 1445961742.731292 -0.049439 0.010986 -10.008569
32022 1445961742.741171 0.038452 0.010986 -10.008569
32023 1445961742.751139 0.038452 0.010986 -10.008569
32024 1445961742.761187 0.038452 0.010986 -10.008569
32025 1445961742.771260 0.038452 0.010986 -10.008569
32026 1445961742.781280 0.038452 0.010986 -10.008569
32027 1445961742.791262 0.038452 0.010986 -10.008569
32028 1445961742.801309 0.038452 0.010986 -10.008569
32029 1445961742.811460 0.038452 0.010986 -10.008569
32030 1445961742.821324 0.038452 0.010986 -10.008569
32031 1445961742.831408 0.038452 0.010986 -10.008569
32032 1445961742.841440 0.038452 0.010986 -10.008569
32033 1445961742.851476 0.038452 0.010986 -10.008569
32034 1445961742.861401 0.038452 0.010986 -10.008569
32035 1445961742.871425 -0.049439 0.010986 -10.008569
32036 1445961742.881454 -0.049439 0.010986 -10.008569
32037 1445961742.891495 -0.049439 0.010986 -10.008569
32038 1445961742.901531 -0.049439 0.010986 -10.008569
32039 1445961742.911515 -0.049439 0.010986 -10.008569
32040 1445961742.921587 -0.049439 0.010986 -10.008569
32041 1445961742.931615 0.038452 0.010986 -10.008569
32042 1445961742.941595 0.038452 0.010986 -10.008569
32043 1445961742.951666 0.038452 0.010986 -10.008569
32044 1445961742.962749 -0.049439 0.010986 -10.008569
32045 1445961742.971668 0.038452 -0.076904 -10.008569
32046 1445961742.981696 -0.049439 0.010986 -10.008569
32047 1445961742.991720 0.038452 -0.076904 -10.008569
32048 1445961743.001748 0.038452 0.010986 -10.008569
32049 1445961743.012782 -0.049439 0.010986 -10.008569
32050 1445961743.021764 0.038452 -0.076904 -10.008569
32051 1445961743.032687 0.038452 0.010986 -10.008569
32052 1445961743.042692 -0.049439 0.010986 -10.008569
32053 1445961743.052737 0.038452 0.010986 -10.008569
32054 1445961743.062794 0.038452 0.010986 -10.008569
32055 1445961743.067846 -0.049439 0.010986 -10.008569
32056 1445961743.082729 0.038452 0.010986 -10.008569
32057 1445961743.092749 0.038452 0.010986 -10.008569
32058 1445961743.102876 0.038452 0.010986 -10.008569
32059 1445961743.113032 0.038452 0.010986 -10.008569
32060 1445961743.122753 0.038452 0.010986 -10.008569
32061 1445961743.132826 -0.049439 0.010986 -10.008569
32062 1445961743.143105 0.038452 0.010986 -10.008569
32063 1445961743.152828 0.038452 0.010986 -10.008569
32064 1445961743.163177 0.038452 0.010986 -10.008569
32065 1445961743.172927 0.038452 0.010986 -10.008569
32066 1445961743.182958 0.038452 0.010986 -10.008569
32067 1445961743.193146 0.038452 0.010986 -10.008569
32068 1445961743.203038 0.038452 0.010986 -10.008569
32069 1445961743.213255 0.038452 0.010986 -10.008569
32070 1445961743.222967 0.038452 0.010986 -10.008569
32071 1445961743.233063 0.038452 0.010986 -10.008569
32072 1445961743.243070 -0.049439 0.010986 -10.008569
32073 1445961743.253040 0.038452 0.010986 -10.008569
32074 1445961743.263215 -0.049439 0.010986 -10.008569
32075 1445961743.272926 0.038452 -0.076904 -10.008569
32076 1445961743.283138 -0.049439 0.010986 -10.008569
32077 1445961743.293106 -0.049439 0.010986 -10.008569
32078 1445961743.303117 0.038452 0.010986 -10.008569
32079 1445961743.313238 -0.049439 0.010986 -10.008569
32080 1445961743.323021 -0.049439 0.010986 -10.008569
32081 1445961743.333143 0.038452 0.010986 -10.008569
32082 1445961743.343167 0.038452 0.010986 -10.008569
32083 1445961743.353194 0.038452 0.010986 -10.008569
32084 1445961743.363259 0.038452 0.010986 -10.008569
32085 1445961743.373143 0.038452 0.010986 -10.008569
32086 1445961743.383199 0.038452 0.010986 -10.008569
32087 1445961743.393222 0.038452 0.010986 -10.008569
32088 1445961743.403248 -0.049439 0.010986 -10.008569
32089 1445961743.413333 -0.049439 0.010986 -10.008569
32090 1445961743.423319 0.038452 0.010986 -10.008569
32091 1445961743.433412 0.038452 0.010986 -10.008569
32092 1445961743.443392 0.038452 0.010986 -10.008569
32093 1445961743.453402 0.038452 0.010986 -10.008569
32094 1445961743.463572 -0.049439 0.010986 -10.008569
32095 1445961743.473388 -0.049439 0.010986 -10.008569
32096 1445961743.483501 0.038452 0.010986 -10.008569
32097 1445961743.493486 0.038452 0.010986 -10.008569
32098 1445961743.503516 0.038452 0.010986 -10.008569
32099 1445961743.513697 0.038452 0.010986 -10.008569
32100 1445961743.523498 0.038452 0.010986 -10.008569
32101 1445961743.533626 0.038452 0.010986 -10.008569
32102 1445961743.543648 -0.049439 0.010986 -10.008569
32103 1445961743.553672 0.038452 0.010986 -10.008569
32104 1445961743.563823 -0.049439 -0.076904 -10.008569
32105 1445961743.573642 0.038452 0.010986 -10.008569
32106 1445961743.583698 0.038452 0.010986 -10.008569
32107 1445961743.593726 0.038452 0.010986 -10.008569
32108 1445961743.603751 0.038452 0.010986 -10.008569
32109 1445961743.613923 -0.049439 0.010986 -10.008569
32110 1445961743.623817 -0.049439 0.010986 -10.008569
32111 1445961743.633838 0.038452 0.010986 -10.008569
32112 1445961743.643835 0.038452 0.010986 -10.008569
32113 1445961743.653850 -0.049439 0.010986 -10.008569
32114 1445961743.663856 -0.049439 0.010986 -10.008569
32115 1445961743.673740 0.038452 0.010986 -10.008569
32116 1445961743.683950 0.038452 0.010986 -10.008569
32117 1445961743.693990 -0.049439 0.010986 -10.008569
32118 1445961743.703977 0.038452 0.010986 -10.008569
32119 1445961743.714082 0.038452 0.010986 -10.008569
32120 1445961743.723930 0.038452 0.010986 -10.008569
32121 1445961743.734042 0.038452 -0.076904 -10.008569
32122 1445961743.744019 0.038452 -0.076904 -10.008569
32123 1445961743.754012 0.038452 0.010986 -10.008569
32124 1445961743.764194 0.038452 0.010986 -10.008569
32125 1445961743.774068 0.038452 0.010986 -10.008569
32126 1445961743.784114 -0.049439 0.010986 -10.008569
32127 1445961743.794088 0.038452 0.010986 -10.008569
32128 1445961743.804199 0.038452 -0.076904 -10.008569
32129 1445961743.814311 0.038452 0.010986 -10.008569
32130 1445961743.824217 0.038452 0.010986 -10.008569
32131 1445961743.834230 0.038452 0.010986 -10.008569
32132 1445961743.844263 -0.049439 0.010986 -10.008569
32133 1445961743.854282 0.038452 0.010986 -10.008569
32134 1445961743.864496 0.038452 0.010986 -10.008569
32135 1445961743.874300 0.038452 0.010986 -10.008569
32136 1445961743.884411 0.038452 0.010986 -10.008569
32137 1445961743.899468 0.038452 0.010986 -10.008569
32138 1445961743.909726 0.038452 0.010986 -10.008569
32139 1445961743.919664 0.038452 -0.076904 -10.008569
32140 1445961743.929522 0.038452 0.010986 -10.008569
32141 1445961743.939604 0.038452 0.010986 -10.008569
32142 1445961743.949652 0.038452 0.010986 -10.008569
32143 1445961743.959793 -0.049439 0.010986 -10.008569
32144 1445961743.969774 0.038452 0.010986 -10.008569
32145 1445961743.979760 0.038452 0.010986 -10.008569
32146 1445961743.989760 0.038452 0.010986 -10.008569
32147 1445961743.999866 0.038452 0.010986 -10.008569
32148 1445961744.010022 0.038452 0.010986 -10.008569
32149 1445961744.020056 0.038452 0.010986 -10.008569
32150 1445961744.029875 0.038452 0.010986 -10.008569
32151 1445961744.039877 -0.049439 -0.076904 -10.008569
32152 1445961744.049899 0.038452 0.010986 -10.008569
32153 1445961744.060120 0.038452 0.010986 -10.008569
32154 1445961744.070036 0.038452 0.010986 -10.008569
32155 1445961744.080043 0.038452 0.010986 -10.008569
32156 1445961744.090031 0.038452 0.010986 -10.008569
32157 1445961744.100051 -0.049439 0.010986 -10.008569
32158 1445961744.110165 0.038452 0.010986 -10.008569
32159 1445961744.120085 -0.049439 0.010986 -10.008569
32160 1445961744.130060 0.038452 0.010986 -10.008569
32161 1445961744.140149 -0.049439 0.010986 -10.008569
32162 1445961744.150111 0.038452 -0.076904 -10.008569
32163 1445961744.160416 0.038452 0.010986 -10.008569
32164 1445961744.170116 -0.049439 0.010986 -10.008569
32165 1445961744.180213 0.038452 0.010986 -10.008569
32166 1445961744.190244 0.038452 0.010986 -10.008569
32167 1445961744.200193 0.038452 0.010986 -10.008569
32168 1445961744.210415 0.038452 0.010986 -10.008569
32169 1445961744.220367 0.038452 0.010986 -10.008569
32170 1445961744.230262 0.038452 0.010986 -10.008569
32171 1445961744.240269 0.038452 0.010986 -10.008569
32172 1445961744.250257 0.038452 0.010986 -10.008569
32173 1445961744.260527 0.038452 0.010986 -10.008569
32174 1445961744.270555 0.038452 0.010986 -10.008569
32175 1445961744.280413 0.038452 0.010986 -10.008569
32176 1445961744.290471 0.038452 0.010986 -10.008569
32177 1445961744.300503 -0.049439 0.010986 -10.008569
32178 1445961744.310575 0.038452 0.010986 -10.008569
32179 1445961744.320654 0.038452 0.010986 -10.008569
32180 1445961744.330550 -0.049439 0.010986 -10.008569
32181 1445961744.340577 0.038452 0.010986 -10.008569
32182 1445961744.350630 0.038452 0.010986 -10.008569
32183 1445961744.360822 0.038452 0.010986 -10.008569
32184 1445961744.370868 0.038452 0.010986 -10.008569
32185 1445961744.380712 -0.049439 0.010986 -10.008569
32186 1445961744.390803 0.038452 0.010986 -10.008569
32187 1445961744.400727 0.038452 0.010986 -10.008569
32188 1445961744.410962 -0.049439 -0.076904 -10.008569
32189 1445961744.420759 0.038452 0.010986 -10.008569
32190 1445961744.430806 0.038452 0.010986 -10.008569
32191 1445961744.440994 0.038452 -0.076904 -10.008569
32192 1445961744.451023 0.038452 -0.076904 -10.008569
32193 1445961744.461065 0.038452 -0.076904 -10.008569
32194 1445961744.471090 0.038452 0.010986 -10.008569
32195 1445961744.480971 0.038452 0.010986 -10.008569
32196 1445961744.490978 -0.049439 0.010986 -10.008569
32197 1445961744.500957 -0.049439 0.010986 -10.008569
32198 1445961744.511083 0.038452 0.010986 -10.008569
32199 1445961744.521048 0.038452 0.010986 -10.008569
32200 1445961744.531031 0.038452 0.010986 -10.008569
32201 1445961744.541210 0.038452 0.010986 -10.008569
32202 1445961744.551064 0.038452 0.010986 -10.008569
32203 1445961744.561124 -0.049439 0.010986 -10.008569
32204 1445961744.571131 0.038452 0.010986 -10.008569
32205 1445961744.581161 0.038452 0.010986 -10.008569
32206 1445961744.591183 -0.049439 0.010986 -10.008569
32207 1445961744.601207 -0.049439 0.010986 -10.008569
32208 1445961744.611242 0.038452 0.010986 -10.008569
32209 1445961744.621247 -0.049439 0.010986 -10.008569
32210 1445961744.631282 0.038452 0.010986 -10.008569
32211 1445961744.641323 0.038452 0.010986 -10.008569
32212 1445961744.651388 0.038452 0.010986 -10.008569
32213 1445961744.661491 0.038452 0.010986 -10.008569
32214 1445961744.671376 0.038452 0.010986 -10.008569
32215 1445961744.681541 0.038452 0.010986 -9.920679
32216 1445961744.691523 0.038452 0.010986 -10.008569
32217 1445961744.701523 0.038452 0.010986 -10.008569
32218 1445961744.711389 0.038452 0.010986 -10.008569
32219 1445961744.717689 0.038452 0.010986 -10.008569
32220 1445961744.731594 -0.049439 0.010986 -10.008569
32221 1445961744.741605 0.038452 0.010986 -10.008569
32222 1445961744.751622 0.038452 0.010986 -10.008569
32223 1445961744.757975 0.038452 0.010986 -9.920679
32224 1445961744.767902 0.038452 0.010986 -10.008569
32225 1445961744.781711 0.038452 0.010986 -10.008569
32226 1445961744.791635 -0.049439 0.010986 -10.008569
32227 1445961744.801658 0.038452 0.010986 -10.008569
32228 1445961744.808011 0.038452 0.010986 -10.008569
32229 1445961744.817794 -0.049439 0.010986 -10.008569
32230 1445961744.831747 -0.049439 0.010986 -10.008569
32231 1445961744.841768 0.038452 0.010986 -10.008569
32232 1445961744.851803 0.038452 0.010986 -10.008569
32233 1445961744.862780 0.038452 0.010986 -10.008569
32234 1445961744.867946 0.038452 0.010986 -10.008569
32235 1445961744.881873 0.038452 0.010986 -10.008569
32236 1445961744.887725 0.038452 0.010986 -10.008569
32237 1445961744.897777 0.038452 0.010986 -10.008569
32238 1445961744.908224 0.038452 0.010986 -10.008569
32239 1445961744.922036 0.038452 0.010986 -10.008569
32240 1445961744.932639 0.038452 0.010986 -10.008569
32241 1445961744.942775 0.038452 0.010986 -10.008569
32242 1445961744.952799 0.038452 0.010986 -10.008569
32243 1445961744.963040 -0.049439 0.010986 -10.008569
32244 1445961744.972799 0.038452 0.010986 -10.008569
32245 1445961744.982842 0.038452 0.010986 -10.008569
32246 1445961744.992857 0.038452 0.010986 -10.008569
32247 1445961745.002932 0.038452 0.010986 -10.008569
32248 1445961745.013050 0.038452 0.010986 -9.920679
32249 1445961745.022781 0.038452 0.010986 -10.008569
32250 1445961745.032956 0.038452 0.010986 -10.008569
32251 1445961745.042962 0.038452 0.010986 -10.008569
32252 1445961745.052987 0.038452 0.010986 -10.008569
32253 1445961745.063142 0.038452 0.010986 -10.008569
32254 1445961745.072881 0.038452 0.010986 -10.008569
32255 1445961745.083102 0.038452 0.010986 -9.920679
32256 1445961745.093100 0.038452 0.010986 -10.008569
32257 1445961745.103133 0.038452 0.010986 -10.008569
32258 1445961745.113232 0.038452 0.010986 -9.920679
32259 1445961745.123056 0.038452 0.010986 -10.008569
32260 1445961745.133276 0.038452 0.010986 -10.008569
32261 1445961745.143290 0.038452 0.010986 -9.920679
32262 1445961745.153293 0.038452 0.010986 -10.008569
32263 1445961745.168038 0.038452 0.010986 -9.920679
32264 1445961745.173218 0.038452 0.010986 -9.920679
32265 1445961745.183299 0.038452 0.010986 -9.920679
32266 1445961745.193263 0.038452 0.010986 -10.008569
32267 1445961745.203312 0.038452 0.010986 -10.008569
32268 1445961745.213492 0.038452 0.010986 -9.920679
32269 1445961745.228627 0.038452 0.010986 -10.008569
32270 1445961745.238603 0.038452 0.010986 -10.008569
32271 1445961745.248521 0.038452 0.010986 -9.920679
32272 1445961745.258814 0.038452 0.010986 -9.920679
32273 1445961745.268844 0.038452 0.010986 -10.008569
32274 1445961745.278616 0.038452 0.010986 -9.920679
32275 1445961745.288646 0.038452 0.010986 -9.920679
32276 1445961745.298781 0.038452 0.010986 -9.920679
32277 1445961745.308930 0.038452 0.010986 -9.920679
32278 1445961745.318872 0.038452 0.010986 -9.920679
32279 1445961745.328690 0.038452 0.010986 -9.920679
32280 1445961745.338671 0.038452 0.010986 -9.920679
32281 1445961745.348726 0.038452 0.010986 -9.920679
32282 1445961745.358970 0.038452 0.010986 -9.920679
32283 1445961745.369163 0.038452 0.010986 -9.920679
32284 1445961745.378950 0.038452 0.010986 -9.920679
32285 1445961745.388973 0.038452 0.010986 -9.920679
32286 1445961745.398933 0.038452 0.010986 -9.920679
32287 1445961745.409204 0.038452 0.010986 -9.920679
32288 1445961745.419199 0.038452 0.010986 -10.008569
32289 1445961745.428968 0.038452 0.010986 -9.920679
32290 1445961745.439020 0.038452 0.010986 -9.920679
32291 1445961745.449035 0.038452 0.010986 -9.920679
32292 1445961745.459222 0.038452 0.010986 -9.920679
32293 1445961745.469294 0.038452 0.010986 -9.920679
