12183 1444828376.149390 11.964141 4.80653 0.032959 -9.926172 -5.267957 -5.031751
12184 1444828376.158356 11.964141 4.80653 0.032959 -9.926172 -5.267957 -5.031751
12185 1444828376.168350 11.964141 4.80653 0.032959 -10.014063 -5.267957 -5.031751
12186 1444828376.179909 12.052031 4.80653 0.032959 -10.014063 -5.267957 -5.031751
12187 1444828376.189859 11.964141 4.80653 -0.054932 -10.014063 -5.267957 -5.031751
12188 1444828376.196646 11.964141 4.80653 -0.054932 -10.014063 -5.267957 -5.031751
12189 1444828376.210041 11.964141 4.80653 0.032959 -10.014063 -5.267957 -5.031751
12190 1444828376.218937 12.052031 4.80653 0.032959 -10.014063 -5.267957 -5.031751
12191 1444828376.228981 11.964141 4.80653 0.032959 -10.014063 -5.267957 -5.031751
12192 1444828376.240778 11.964141 4.80653 -0.054932 -10.014063 -5.267957 -5.031751
12193 1444828376.249549 12.052031 4.80653 -0.054932 -10.014063 -5.267957 -5.031751
12194 1444828376.260961 12.052031 4.80653 -0.054932 -10.014063 -5.267957 -5.031751
12195 1444828376.269789 11.964141 4.80653 -0.054932 -10.014063 -5.267957 -5.031751
12196 1444828376.276644 12.052031 4.80653 0.032959 -10.014063 -5.267957 -5.031751
12197 1444828376.286799 11.964141 4.80653 0.032959 -10.014063 -5.267957 -5.031751
12198 1444828376.297727 11.964141 4.80653 0.032959 -10.014063 -5.267957 -5.031751
12199 1444828376.304365 12.052031 4.80653 0.032959 -10.014063 -5.267957 -5.031751
12200 1444828376.317813 11.964141 4.80653 -0.054932 -10.014063 -5.267957 -5.031751
12201 1444828376.327937 12.052031 4.80653 0.032959 -10.014063 -5.267957 -5.031751
12202 1444828376.338153 11.964141 4.80653 0.032959 -10.014063 -5.267957 -5.031751
12203 1444828376.348246 12.052031 4.80653 0.032959 -10.014063 -5.267957 -5.031751
12204 1444828376.358264 11.964141 4.80653 -0.054932 -10.014063 -5.267957 -5.031751
12205 1444828376.368850 11.964141 4.80653 0.032959 -10.014063 -5.267957 -5.031751
12206 1444828376.379035 12.052031 4.80653 0.032959 -9.926172 -5.267957 -5.031751
12207 1444828376.389125 11.964141 4.80653 0.032959 -10.014063 -5.267957 -5.031751
12208 1444828376.399485 11.964141 4.80653 -0.054932 -9.926172 -5.267957 -5.031751
12209 1444828376.409436 11.964141 4.80653 0.032959 -10.014063 -5.267957 -5.031751
12210 1444828376.419520 12.052031 4.80653 -0.054932 -9.926172 -5.267957 -5.031751
12211 1444828376.429747 11.964141 4.80653 -0.054932 -10.014063 -5.267957 -5.031751
12212 1444828376.439878 11.964141 4.80653 -0.054932 -9.926172 -5.267957 -5.031751
12213 1444828376.449933 12.052031 4.80653 -0.054932 -10.014063 -5.267957 -5.031751
12214 1444828376.460016 12.052031 4.80653 -0.054932 -10.014063 -5.267957 -5.031751
12215 1444828376.470151 11.964141 4.80653 -0.054932 -10.014063 -5.267957 -5.031751
12216 1444828376.480293 12.052031 4.80653 0.032959 -10.014063 -5.267957 -5.031751
12217 1444828376.490362 11.964141 4.80653 -0.054932 -10.014063 -5.267957 -5.031751
12218 1444828376.500668 11.964141 4.80653 0.032959 -10.014063 -5.267957 -5.031751
12219 1444828376.510661 12.052031 4.80653 0.032959 -10.014063 -5.267957 -5.031751
12220 1444828376.520770 11.964141 4.80653 0.032959 -10.014063 -5.267957 -5.031751
12221 1444828376.530898 12.052031 4.80653 -0.054932 -10.014063 -5.267957 -5.031751
12222 1444828376.541236 12.052031 4.80653 -0.054932 -10.014063 -5.267957 -5.031751
12223 1444828376.551241 12.052031 4.80653 0.032959 -10.014063 -5.267957 -5.031751
12224 1444828376.561378 11.964141 4.80653 0.032959 -10.014063 -5.267957 -5.031751
12225 1444828376.571520 12.052031 4.80653 0.032959 -10.014063 -5.267957 -5.031751
12226 1444828376.581936 11.964141 4.80653 0.032959 -10.014063 -5.267957 -5.031751
12227 1444828376.592080 11.964141 4.80653 0.032959 -10.014063 -5.267957 -5.031751
12228 1444828376.602207 12.052031 4.80653 -0.054932 -10.014063 -5.267957 -5.031751
12229 1444828376.612242 12.052031 4.80653 0.032959 -10.014063 -5.267957 -5.031751
12230 1444828376.622395 11.964141 4.80653 -0.054932 -10.014063 -5.267957 -5.031751
12231 1444828376.632781 11.964141 4.80653 0.032959 -10.014063 -5.267957 -5.031751
12232 1444828376.642984 12.052031 4.80653 0.032959 -9.926172 -5.267957 -5.031751
12233 1444828376.653018 12.052031 4.80653 -0.054932 -10.014063 -5.267957 -5.031751
12234 1444828376.663197 12.052031 4.80653 0.032959 -9.926172 -5.267957 -5.031751
12235 1444828376.673188 11.964141 4.80653 0.032959 -10.014063 -5.267957 -5.031751
12236 1444828376.683455 12.052031 4.80653 0.032959 -10.014063 -5.267957 -5.031751
12237 1444828376.693415 11.964141 4.80653 0.032959 -10.014063 -5.267957 -5.031751
12238 1444828376.703627 11.964141 4.80653 -0.054932 -9.926172 -5.267957 -5.031751
12239 1444828376.713697 11.964141 4.80653 0.032959 -9.926172 -5.267957 -5.031751
12240 1444828376.723965 11.964141 4.80653 0.032959 -10.014063 -5.267957 -5.031751
12241 1444828376.733882 12.052031 4.80653 -0.054932 -10.014063 -5.267957 -5.031751
12242 1444828376.743967 11.964141 4.80653 -0.054932 -10.014063 -5.267957 -5.031751
12243 1444828376.753109 12.052031 4.80653 0.032959 -10.014063 -5.267957 -5.031751
12244 1444828376.764335 12.052031 4.80653 0.032959 -10.014063 -5.267957 -5.031751
12245 1444828376.774378 11.964141 4.80653 0.032959 -10.014063 -5.267957 -5.031751
12246 1444828376.783316 11.964141 4.80653 -0.054932 -10.014063 -5.267957 -5.031751
12247 1444828376.791291 12.052031 4.80653 0.032959 -10.014063 -5.267957 -5.031751
12248 1444828376.801297 11.964141 4.80653 -0.054932 -9.926172 -5.267957 -5.031751
12249 1444828376.811377 11.964141 4.80653 0.032959 -10.014063 -5.267957 -5.031751
12250 1444828376.821544 11.964141 4.80653 -0.054932 -10.014063 -5.267957 -5.031751
12251 1444828376.831636 12.052031 4.80653 0.032959 -10.014063 -5.267957 -5.031751
12252 1444828376.843952 12.052031 4.80653 -0.054932 -9.926172 -5.267957 -5.031751
12253 1444828376.854113 12.052031 4.80653 0.032959 -10.014063 -5.267957 -5.031751
12254 1444828376.861976 11.964141 4.80653 0.032959 -10.014063 -5.267957 -5.031751
12255 1444828376.870910 11.964141 4.80653 0.032959 -9.926172 -5.267957 -5.031751
12256 1444828376.882219 12.052031 4.80653 0.032959 -10.014063 -5.267957 -5.031751
12257 1444828376.891205 11.964141 4.80653 0.032959 -10.014063 -5.267957 -5.031751
12258 1444828376.901240 11.964141 4.80653 0.032959 -10.014063 -5.267957 -5.031751
12259 1444828376.911317 12.052031 4.80653 0.032959 -10.014063 -5.267957 -5.031751
12260 1444828376.921464 12.052031 4.80653 0.032959 -9.926172 -5.267957 -5.031751
12261 1444828376.932925 12.052031 4.80653 0.032959 -10.014063 -5.267957 -5.031751
12262 1444828376.943042 12.052031 4.80653 0.032959 -10.014063 -5.267957 -5.031751
12263 1444828376.953089 12.052031 4.80653 0.032959 -10.014063 -5.267957 -5.031751
12264 1444828376.961813 11.964141 4.80653 0.032959 -10.014063 -5.267957 -5.031751
12265 1444828376.973058 11.964141 4.80653 0.032959 -10.014063 -5.267957 -5.031751
12266 1444828376.983135 12.052031 4.80653 -0.054932 -9.926172 -5.267957 -5.031751
12267 1444828376.993301 12.052031 4.80653 -0.054932 -9.926172 -5.267957 -5.031751
12268 1444828377.003663 11.964141 4.80653 0.032959 -9.926172 -5.267957 -5.031751
12269 1444828377.013568 11.964141 4.80653 -0.054932 -10.014063 -5.267957 -5.031751
12270 1444828377.023643 12.052031 4.80653 0.032959 -9.926172 -5.267957 -5.031751
12271 1444828377.033732 11.964141 4.80653 0.032959 -10.014063 -5.267957 -5.031751
12272 1444828377.044012 11.964141 4.80653 0.032959 -10.014063 -5.267957 -5.031751
12273 1444828377.054034 12.052031 4.80653 -0.054932 -10.014063 -5.267957 -5.031751
12274 1444828377.064121 11.964141 4.80653 0.032959 -10.014063 -5.267957 -5.031751
12275 1444828377.074188 11.964141 4.80653 -0.054932 -10.014063 -5.267957 -5.031751
12276 1444828377.084169 11.964141 4.80653 -0.054932 -10.014063 -5.267957 -5.031751
12277 1444828377.094509 11.964141 4.80653 0.032959 -10.014063 -5.267957 -5.031751
12278 1444828377.104152 11.964141 4.80653 0.032959 -9.926172 -5.267957 -5.031751
12279 1444828377.114464 12.052031 4.80653 0.032959 -10.014063 -5.267957 -5.031751
12280 1444828377.124331 11.964141 4.80653 0.032959 -10.014063 -5.267957 -5.031751
12281 1444828377.134015 12.052031 4.80653 -0.054932 -10.014063 -5.267957 -5.031751
12282 1444828377.144653 12.052031 4.80653 0.032959 -10.014063 -5.267957 -5.031751
12283 1444828377.154273 11.964141 4.80653 -0.054932 -10.014063 -5.267957 -5.031751
12284 1444828377.165650 12.052031 4.80653 0.032959 -10.014063 -5.267957 -5.031751
12285 1444828377.174540 12.052031 4.80653 0.032959 -10.014063 -5.267957 -5.031751
12286 1444828377.184601 11.964141 4.80653 -0.054932 -10.014063 -5.267957 -5.031751
12287 1444828377.195203 12.052031 4.80653 0.032959 -10.014063 -5.267957 -5.031751
12288 1444828377.205450 12.052031 4.80653 0.032959 -10.014063 -5.267957 -5.031751
12289 1444828377.215401 11.964141 4.80653 0.032959 -10.014063 -5.267957 -5.031751
12290 1444828377.225463 11.964141 4.80653 0.032959 -9.926172 -5.267957 -5.031751
12291 1444828377.235188 11.964141 4.80653 -0.054932 -10.014063 -5.267957 -5.031751
12292 1444828377.245769 11.964141 4.80653 0.032959 -9.926172 -5.267957 -5.031751
12293 1444828377.255962 11.964141 4.80653 -0.054932 -10.014063 -5.267957 -5.031751
12294 1444828377.265940 11.964141 4.80653 -0.054932 -10.014063 -5.267957 -5.031751
12295 1444828377.276032 11.964141 4.80653 0.032959 -10.014063 -5.267957 -5.031751
12296 1444828377.286200 11.964141 4.80653 -0.054932 -10.014063 -5.267957 -5.031751
12297 1444828377.296366 12.052031 4.80653 -0.054932 -10.014063 -5.267957 -5.031751
12298 1444828377.306468 12.052031 4.80653 -0.054932 -10.014063 -5.267957 -5.031751
12299 1444828377.316225 11.964141 4.80653 -0.054932 -10.014063 -5.267957 -5.031751
12300 1444828377.326293 11.964141 4.80653 -0.054932 -10.014063 -5.267957 -5.031751
12301 1444828377.337713 11.964141 4.80653 -0.054932 -10.014063 -5.267957 -5.031751
12302 1444828377.348307 12.052031 4.80653 0.032959 -10.014063 -5.267957 -5.031751
12303 1444828377.358256 12.052031 4.80653 -0.054932 -9.926172 -5.267957 -5.031751
12304 1444828377.367951 12.052031 4.80653 -0.054932 -10.014063 -5.267957 -5.031751
12305 1444828377.374296 12.052031 4.80653 0.032959 -10.014063 -5.267957 -5.031751
12306 1444828377.388400 12.052031 4.80653 -0.054932 -10.014063 -5.267957 -5.031751
12307 1444828377.395232 11.964141 4.80653 0.032959 -10.014063 -5.267957 -5.031751
12308 1444828377.408602 11.964141 4.80653 0.032959 -9.926172 -5.267957 -5.031751
12309 1444828377.418678 11.964141 4.80653 -0.054932 -10.014063 -5.267957 -5.031751
12310 1444828377.428675 12.052031 4.80653 -0.054932 -10.014063 -5.267957 -5.031751
12311 1444828377.438798 11.964141 4.80653 0.032959 -9.926172 -5.267957 -5.031751
12312 1444828377.449045 11.964141 4.80653 0.032959 -9.926172 -5.267957 -5.031751
12313 1444828377.459162 11.964141 4.80653 0.032959 -10.014063 -5.267957 -5.031751
12314 1444828377.469275 11.964141 4.80653 -0.054932 -10.014063 -5.267957 -5.031751
12315 1444828377.479333 11.964141 4.80653 0.032959 -10.014063 -5.267957 -5.031751
12316 1444828377.489441 11.964141 4.80653 0.032959 -10.014063 -5.267957 -5.031751
12317 1444828377.499544 12.052031 4.80653 0.032959 -9.926172 -5.267957 -5.031751
12318 1444828377.509569 11.964141 4.80653 0.032959 -10.014063 -5.267957 -5.031751
12319 1444828377.519794 12.052031 4.80653 0.032959 -9.926172 -5.267957 -5.031751
12320 1444828377.529931 11.964141 4.80653 0.032959 -10.014063 -5.267957 -5.031751
12321 1444828377.539961 11.964141 4.80653 -0.054932 -10.014063 -5.267957 -5.031751
12322 1444828377.546794 11.964141 4.80653 0.032959 -10.014063 -5.267957 -5.031751
12323 1444828377.556833 12.052031 4.80653 -0.054932 -10.014063 -5.267957 -5.031751
12324 1444828377.570343 11.964141 4.80653 -0.054932 -10.014063 -5.267957 -5.031751
12325 1444828377.580493 11.964141 4.80653 0.032959 -10.014063 -5.267957 -5.031751
12326 1444828377.590540 12.052031 4.80653 0.032959 -10.014063 -5.267957 -5.031751
12327 1444828377.599094 11.964141 4.80653 -0.054932 -10.014063 -5.267957 -5.031751
12328 1444828377.610831 11.964141 4.80653 -0.054932 -10.014063 -5.267957 -5.031751
12329 1444828377.619292 12.052031 4.80653 0.032959 -10.014063 -5.267957 -5.031751
12330 1444828377.629404 12.052031 4.80653 -0.054932 -9.926172 -5.267957 -5.031751
12331 1444828377.641135 12.052031 4.80653 -0.054932 -10.014063 -5.267957 -5.031751
12332 1444828377.649832 11.964141 4.80653 0.032959 -9.926172 -5.267957 -5.031751
12333 1444828377.661349 12.052031 4.80653 0.032959 -10.014063 -5.267957 -5.031751
12334 1444828377.669990 11.964141 4.80653 0.032959 -10.014063 -5.267957 -5.031751
12335 1444828377.680049 12.052031 4.80653 -0.054932 -10.014063 -5.267957 -5.031751
12336 1444828377.691741 11.964141 4.80653 -0.054932 -10.014063 -5.267957 -5.031751
12337 1444828377.699148 12.052031 4.80653 -0.054932 -10.014063 -5.267957 -5.031751
12338 1444828377.709164 12.052031 4.80653 -0.054932 -10.014063 -5.267957 -5.031751
12339 1444828377.721991 11.964141 4.80653 0.032959 -10.014063 -5.267957 -5.031751
12340 1444828377.732133 12.052031 4.80653 0.032959 -10.014063 -5.267957 -5.031751
12341 1444828377.739437 12.052031 4.80653 -0.054932 -10.014063 -5.267957 -5.031751
12342 1444828377.749717 12.052031 4.80653 -0.054932 -9.926172 -5.267957 -5.031751
12343 1444828377.760703 11.964141 4.80653 0.032959 -10.014063 -5.267957 -5.031751
12344 1444828377.770804 11.964141 4.80653 -0.054932 -10.014063 -5.267957 -5.031751
12345 1444828377.779846 11.964141 4.80653 0.032959 -10.014063 -5.267957 -5.031751
12346 1444828377.789779 11.964141 4.80653 -0.054932 -10.014063 -5.267957 -5.031751
12347 1444828377.803004 11.964141 4.80653 -0.054932 -10.014063 -5.267957 -5.031751
12348 1444828377.813078 12.052031 4.80653 0.032959 -9.926172 -5.267957 -5.031751
12349 1444828377.820230 11.964141 4.80653 -0.054932 -9.926172 -5.267957 -5.031751
12350 1444828377.829953 12.052031 4.80653 -0.054932 -10.014063 -5.267957 -5.031751
12351 1444828377.840063 12.052031 4.80653 0.032959 -10.014063 -5.267957 -5.031751
12352 1444828377.853503 12.052031 4.80653 0.032959 -10.014063 -5.267957 -5.031751
12353 1444828377.863593 11.964141 4.80653 -0.054932 -9.926172 -5.267957 -5.031751
12354 1444828377.873741 11.964141 4.80653 -0.054932 -10.014063 -5.267957 -5.031751
12355 1444828377.883849 12.052031 4.80653 0.032959 -10.014063 -5.267957 -5.031751
12356 1444828377.890899 11.964141 4.80653 0.032959 -10.014063 -5.267957 -5.031751
12357 1444828377.900653 11.964141 4.80653 0.032959 -10.014063 -5.267957 -5.031751
12358 1444828377.914211 12.052031 4.80653 0.032959 -10.014063 -5.267957 -5.031751
12359 1444828377.924248 11.964141 4.80653 -0.054932 -10.014063 -5.267957 -5.031751
12360 1444828377.934338 11.964141 4.80653 0.032959 -10.014063 -5.267957 -5.031751
12361 1444828377.944480 11.964141 4.80653 0.032959 -10.014063 -5.267957 -5.031751
12362 1444828377.953380 12.052031 4.80653 -0.054932 -9.926172 -5.267957 -5.031751
12363 1444828377.964739 12.052031 4.80653 -0.054932 -10.014063 -5.267957 -5.031751
12364 1444828377.973477 11.964141 4.80653 0.032959 -10.014063 -5.267957 -5.031751
12365 1444828377.983541 11.964141 4.80653 -0.054932 -10.014063 -5.267957 -5.031751
12366 1444828377.993772 11.964141 4.80653 0.032959 -10.014063 -5.267957 -5.031751
12367 1444828378.003834 12.052031 4.80653 0.032959 -10.014063 -5.267957 -5.031751
12368 1444828378.013916 11.964141 4.80653 0.032959 -10.014063 -5.267957 -5.031751
12369 1444828378.021941 12.052031 4.80653 0.032959 -10.014063 -5.267957 -5.031751
12370 1444828378.035497 12.052031 4.80653 0.032959 -10.014063 -5.267957 -5.031751
12371 1444828378.042773 12.052031 4.80653 0.032959 -10.014063 -5.267957 -5.031751
12372 1444828378.053471 12.052031 4.80653 -0.054932 -9.926172 -5.267957 -5.031751
12373 1444828378.065834 11.964141 4.80653 -0.054932 -10.014063 -5.267957 -5.031751
12374 1444828378.074594 12.052031 4.80653 -0.054932 -10.014063 -5.267957 -5.031751
12375 1444828378.084330 11.964141 4.80653 0.032959 -10.014063 -5.267957 -5.031751
12376 1444828378.094559 11.964141 4.80653 0.032959 -9.926172 -5.267957 -5.031751
12377 1444828378.102333 12.052031 4.80653 0.032959 -10.014063 -5.267957 -5.031751
12378 1444828378.114307 11.964141 4.80653 0.032959 -10.014063 -5.267957 -5.031751
12379 1444828378.123112 12.052031 4.80653 -0.054932 -10.014063 -5.267957 -5.031751
12380 1444828378.133170 12.052031 4.80653 0.032959 -10.014063 -5.267957 -5.031751
12381 1444828378.145236 12.052031 4.80653 0.032959 -9.926172 -5.267957 -5.031751
12382 1444828378.154176 12.052031 4.80653 -0.054932 -10.014063 -5.267957 -5.031751
12383 1444828378.163860 11.964141 4.80653 0.032959 -10.014063 -5.267957 -5.031751
12384 1444828378.173956 11.964141 4.80653 0.032959 -10.014063 -5.267957 -5.031751
12385 1444828378.184050 11.964141 4.80653 0.032959 -10.014063 -5.267957 -5.031751
12386 1444828378.194457 11.964141 4.80653 0.032959 -10.014063 -5.267957 -5.031751
12387 1444828378.204383 12.052031 4.80653 0.032959 -9.926172 -5.267957 -5.031751
12388 1444828378.214471 12.052031 4.80653 -0.054932 -10.014063 -5.267957 -5.031751
12389 1444828378.224662 12.052031 4.80653 0.032959 -9.926172 -5.267957 -5.031751
12390 1444828378.234533 12.052031 4.80653 0.032959 -10.014063 -5.267957 -5.031751
12391 1444828378.244663 12.052031 4.80653 -0.054932 -10.014063 -5.267957 -5.031751
12392 1444828378.254779 11.964141 4.80653 0.032959 -10.014063 -5.267957 -5.031751
12393 1444828378.264941 11.964141 4.80653 -0.054932 -10.014063 -5.267957 -5.031751
12394 1444828378.274855 11.964141 4.80653 0.032959 -10.014063 -5.267957 -5.031751
12395 1444828378.285176 12.052031 4.80653 0.032959 -10.014063 -5.267957 -5.031751
12396 1444828378.295655 11.964141 4.80653 0.032959 -10.014063 -5.267957 -5.031751
12397 1444828378.305875 11.964141 4.80653 0.032959 -10.014063 -5.267957 -5.031751
12398 1444828378.315603 11.964141 4.80653 0.032959 -10.014063 -5.267957 -5.031751
12399 1444828378.325641 11.964141 4.80653 0.032959 -9.926172 -5.267957 -5.031751
12400 1444828378.335562 12.052031 4.80653 0.032959 -10.014063 -5.267957 -5.031751
12401 1444828378.345706 12.052031 4.80653 0.032959 -10.014063 -5.267957 -5.031751
12402 1444828378.356085 12.052031 4.80653 0.032959 -10.014063 -5.267957 -5.031751
12403 1444828378.366031 12.052031 4.80653 -0.054932 -10.014063 -5.267957 -5.031751
12404 1444828378.376039 11.964141 4.80653 0.032959 -10.014063 -5.267957 -5.031751
12405 1444828378.386164 12.052031 4.80653 -0.054932 -10.014063 -5.267957 -5.031751
12406 1444828378.396305 12.052031 4.80653 -0.054932 -9.926172 -5.267957 -5.031751
12407 1444828378.406387 11.964141 4.80653 0.032959 -10.014063 -5.267957 -5.031751
12408 1444828378.416462 12.052031 4.80653 0.032959 -10.014063 -5.267957 -5.031751
12409 1444828378.426520 12.052031 4.80653 -0.054932 -10.014063 -5.267957 -5.031751
12410 1444828378.436608 11.964141 4.80653 0.032959 -9.926172 -5.267957 -5.031751
12411 1444828378.446870 11.964141 4.80653 0.032959 -10.014063 -5.267957 -5.031751
12412 1444828378.456938 12.052031 4.80653 -0.054932 -10.014063 -5.267957 -5.031751
12413 1444828378.466977 11.964141 4.80653 -0.054932 -10.014063 -5.267957 -5.031751
12414 1444828378.477182 11.964141 4.80653 0.032959 -10.014063 -5.267957 -5.031751
12415 1444828378.487715 12.052031 4.80653 0.032959 -10.014063 -5.267957 -5.031751
12416 1444828378.497941 12.052031 4.80653 -0.054932 -10.014063 -5.267957 -5.031751
12417 1444828378.507951 11.964141 4.80653 -0.054932 -9.926172 -5.267957 -5.031751
12418 1444828378.517853 12.052031 4.80653 -0.054932 -9.926172 -5.267957 -5.031751
12419 1444828378.528040 12.052031 4.80653 0.032959 -10.014063 -5.267957 -5.031751
12420 1444828378.538260 12.052031 4.80653 0.032959 -10.014063 -5.267957 -5.031751
12421 1444828378.548463 12.052031 4.80653 0.032959 -10.014063 -5.267957 -5.031751
12422 1444828378.558462 12.052031 4.80653 0.032959 -10.014063 -5.267957 -5.031751
12423 1444828378.568589 12.052031 4.80653 0.032959 -9.926172 -5.267957 -5.031751
12424 1444828378.578534 11.964141 4.80653 0.032959 -10.014063 -5.267957 -5.031751
12425 1444828378.588690 12.052031 4.80653 0.032959 -10.014063 -5.267957 -5.031751
12426 1444828378.599057 11.964141 4.80653 -0.054932 -9.926172 -5.267957 -5.031751
12427 1444828378.608894 12.052031 4.80653 -0.054932 -10.014063 -5.267957 -5.031751
12428 1444828378.619031 11.964141 4.80653 -0.054932 -10.014063 -5.267957 -5.031751
12429 1444828378.628896 12.052031 4.80653 -0.054932 -10.014063 -5.267957 -5.031751
12430 1444828378.639017 12.052031 4.80653 0.032959 -10.014063 -5.267957 -5.031751
12431 1444828378.649488 12.052031 4.80653 -0.054932 -9.926172 -5.267957 -5.031751
12432 1444828378.659161 12.052031 4.80653 -0.054932 -10.014063 -5.267957 -5.031751
12433 1444828378.669332 12.052031 4.80653 -0.054932 -10.014063 -5.267957 -5.031751
12434 1444828378.679444 12.052031 4.80653 0.032959 -10.014063 -5.267957 -5.031751
12435 1444828378.689584 11.964141 4.80653 0.032959 -10.014063 -5.267957 -5.031751
12436 1444828378.699683 11.964141 4.80653 0.032959 -10.014063 -5.267957 -5.031751
12437 1444828378.709717 11.964141 4.80653 -0.054932 -10.014063 -5.267957 -5.031751
12438 1444828378.719880 11.964141 4.80653 0.032959 -10.014063 -5.267957 -5.031751
12439 1444828378.730277 11.964141 4.80653 0.032959 -9.926172 -5.267957 -5.031751
12440 1444828378.740412 11.964141 4.80653 0.032959 -9.926172 -5.267957 -5.031751
12441 1444828378.747812 11.964141 4.80653 0.032959 -10.014063 -5.267957 -5.031751
12442 1444828378.760501 11.964141 4.80653 0.032959 -10.014063 -5.267957 -5.031751
12443 1444828378.770712 11.964141 4.80653 0.032959 -10.014063 -5.267957 -5.031751
12444 1444828378.780654 11.964141 4.80653 -0.054932 -10.014063 -5.267957 -5.031751
12445 1444828378.790628 11.964141 4.80653 -0.054932 -10.014063 -5.267957 -5.031751
12446 1444828378.799194 11.964141 4.80653 -0.054932 -9.926172 -5.267957 -5.031751
12447 1444828378.811175 11.964141 4.80653 0.032959 -10.014063 -5.267957 -5.031751
12448 1444828378.819432 11.964141 4.80653 0.032959 -10.014063 -5.267957 -5.031751
12449 1444828378.823848 11.964141 4.80653 -0.054932 -10.014063 -5.267957 -5.031751
12450 1444828378.839625 11.964141 4.80653 0.032959 -9.926172 -5.267957 -5.031751
12451 1444828378.850232 11.964141 4.80653 0.032959 -10.014063 -5.267957 -5.031751
12452 1444828378.860379 12.052031 4.80653 -0.054932 -10.014063 -5.267957 -5.031751
12453 1444828378.870507 12.052031 4.80653 0.032959 -9.926172 -5.267957 -5.031751
12454 1444828378.882284 11.964141 4.80653 -0.054932 -10.014063 -5.267957 -5.031751
12455 1444828378.892852 11.964141 4.80653 0.032959 -10.014063 -5.267957 -5.031751
12456 1444828378.902898 11.964141 4.80653 0.032959 -10.014063 -5.267957 -5.031751
12457 1444828378.912902 11.964141 4.80653 -0.054932 -10.014063 -5.267957 -5.031751
12458 1444828378.920118 11.964141 4.80653 -0.054932 -10.014063 -5.267957 -5.031751
12459 1444828378.933121 11.964141 4.80653 -0.054932 -10.014063 -5.267957 -5.031751
12460 1444828378.943139 11.964141 4.80653 0.032959 -9.926172 -5.267957 -5.031751
12461 1444828378.953253 12.052031 4.80653 -0.054932 -10.014063 -5.267957 -5.031751
12462 1444828378.963393 11.964141 4.80653 0.032959 -10.014063 -5.267957 -5.031751
12463 1444828378.970196 12.052031 4.80653 -0.054932 -10.014063 -5.267957 -5.031751
12464 1444828378.981032 11.964141 4.80653 0.032959 -9.926172 -5.267957 -5.031751
12465 1444828378.991109 12.052031 4.80653 -0.054932 -10.014063 -5.267957 -5.031751
12466 1444828379.000562 12.052031 4.80653 0.032959 -10.014063 -5.267957 -5.031751
12467 1444828379.011298 12.052031 4.80653 0.032959 -9.926172 -5.267957 -5.031751
12468 1444828379.020811 11.964141 4.80653 0.032959 -10.014063 -5.267957 -5.031751
12469 1444828379.030915 12.052031 4.80653 0.032959 -10.014063 -5.267957 -5.031751
12470 1444828379.039849 11.964141 4.80653 0.032959 -10.014063 -5.267957 -5.031751
12471 1444828379.050933 11.964141 4.80653 0.032959 -10.014063 -5.267957 -5.031751
12472 1444828379.061250 11.964141 4.80653 0.032959 -9.926172 -5.267957 -5.031751
12473 1444828379.074763 11.964141 4.80653 -0.054932 -10.014063 -5.267957 -5.031751
12474 1444828379.083651 11.964141 4.80653 0.032959 -10.014063 -5.267957 -5.031751
12475 1444828379.093771 11.964141 4.80653 0.032959 -9.926172 -5.267957 -5.031751
12476 1444828379.103875 12.052031 4.80653 0.032959 -9.926172 -5.267957 -5.031751
12477 1444828379.113934 12.052031 4.80653 0.032959 -10.014063 -5.267957 -5.031751
12478 1444828379.124035 12.052031 4.80653 0.032959 -10.014063 -5.267957 -5.031751
12479 1444828379.134175 11.964141 4.80653 -0.054932 -10.014063 -5.267957 -5.031751
12480 1444828379.144242 12.052031 4.80653 0.032959 -10.014063 -5.267957 -5.031751
12481 1444828379.154397 11.964141 4.80653 -0.054932 -10.014063 -5.267957 -5.031751
12482 1444828379.164471 12.052031 4.80653 0.032959 -10.014063 -5.267957 -5.031751
12483 1444828379.174585 11.964141 4.80653 0.032959 -9.926172 -5.267957 -5.031751
12484 1444828379.184670 11.964141 4.80653 0.032959 -10.014063 -5.267957 -5.031751
12485 1444828379.191052 11.964141 4.80653 0.032959 -10.014063 -5.267957 -5.031751
12486 1444828379.202677 11.964141 4.80653 0.032959 -9.926172 -5.267957 -5.031751
12487 1444828379.212982 12.052031 4.80653 -0.054932 -10.014063 -5.267957 -5.031751
12488 1444828379.223131 11.964141 4.80653 0.032959 -10.014063 -5.267957 -5.031751
12489 1444828379.233114 11.964141 4.80653 0.032959 -10.014063 -5.267957 -5.031751
12490 1444828379.243621 11.964141 4.80653 0.032959 -10.014063 -5.267957 -5.031751
12491 1444828379.253365 11.964141 4.80653 0.032959 -10.014063 -5.267957 -5.031751
12492 1444828379.263355 12.052031 4.80653 0.032959 -10.014063 -5.267957 -5.031751
12493 1444828379.273398 11.964141 4.80653 0.032959 -10.014063 -5.267957 -5.031751
12494 1444828379.283447 12.052031 4.80653 -0.054932 -10.014063 -5.267957 -5.031751
12495 1444828379.293504 12.052031 4.80653 0.032959 -10.014063 -5.267957 -5.031751
12496 1444828379.303584 11.964141 4.80653 -0.054932 -9.926172 -5.267957 -5.031751
12497 1444828379.313647 11.964141 4.80653 -0.054932 -10.014063 -5.267957 -5.031751
12498 1444828379.323852 12.052031 4.80653 0.032959 -9.926172 -5.267957 -5.031751
12499 1444828379.333939 12.052031 4.80653 -0.054932 -10.014063 -5.267957 -5.031751
12500 1444828379.344040 11.964141 4.80653 0.032959 -10.014063 -5.267957 -5.031751
12501 1444828379.354300 11.964141 4.80653 -0.054932 -10.014063 -5.267957 -5.031751
12502 1444828379.364231 12.052031 4.80653 -0.054932 -10.014063 -5.267957 -5.031751
12503 1444828379.374359 11.964141 4.80653 -0.054932 -10.014063 -5.267957 -5.031751
12504 1444828379.384503 11.964141 4.80653 0.032959 -10.014063 -5.267957 -5.031751
12505 1444828379.394606 12.052031 4.80653 0.032959 -10.014063 -5.267957 -5.031751
12506 1444828379.405108 12.052031 4.80653 0.032959 -9.926172 -5.267957 -5.031751
12507 1444828379.415225 11.964141 4.80653 0.032959 -10.014063 -5.267957 -5.031751
12508 1444828379.423613 12.052031 4.80653 0.032959 -10.014063 -5.267957 -5.031751
12509 1444828379.435509 12.052031 4.80653 0.032959 -10.014063 -5.267957 -5.031751
12510 1444828379.445719 11.964141 4.80653 0.032959 -10.014063 -5.267957 -5.031751
12511 1444828379.456564 11.964141 4.80653 0.032959 -10.014063 -5.267957 -5.031751
12512 1444828379.465915 12.052031 4.80653 -0.054932 -10.014063 -5.267957 -5.031751
12513 1444828379.475775 12.052031 4.80653 0.032959 -10.014063 -5.267957 -5.031751
12514 1444828379.485903 12.052031 4.80653 -0.054932 -10.014063 -5.267957 -5.031751
12515 1444828379.496434 12.052031 4.80653 -0.054932 -10.014063 -5.267957 -5.031751
12516 1444828379.506317 11.964141 4.80653 0.032959 -9.926172 -5.267957 -5.031751
12517 1444828379.516584 12.052031 4.80653 0.032959 -10.014063 -5.267957 -5.031751
12518 1444828379.526336 11.964141 4.80653 0.032959 -10.014063 -5.267957 -5.031751
12519 1444828379.536798 11.964141 4.80653 -0.054932 -10.014063 -5.267957 -5.031751
12520 1444828379.547743 11.964141 4.80653 0.032959 -10.014063 -5.267957 -5.031751
12521 1444828379.557781 11.964141 4.80653 0.032959 -10.014063 -5.267957 -5.031751
12522 1444828379.567530 11.964141 4.80653 0.032959 -10.014063 -5.267957 -5.031751
12523 1444828379.577640 11.964141 4.80653 -0.054932 -10.014063 -5.267957 -5.031751
12524 1444828379.587846 12.052031 4.80653 0.032959 -10.014063 -5.267957 -5.031751
12525 1444828379.597980 12.052031 4.80653 0.032959 -10.014063 -5.267957 -5.031751
12526 1444828379.607259 12.052031 4.80653 0.032959 -10.014063 -5.267957 -5.031751
12527 1444828379.614326 12.052031 4.80653 0.032959 -9.926172 -5.267957 -5.031751
12528 1444828379.627650 12.052031 4.80653 -0.054932 -10.014063 -5.267957 -5.031751
12529 1444828379.637762 12.052031 4.80653 -0.054932 -10.014063 -5.267957 -5.031751
12530 1444828379.643010 11.964141 4.80653 0.032959 -10.014063 -5.267957 -5.031751
12531 1444828379.654656 11.964141 4.80653 0.032959 -10.014063 -5.267957 -5.031751
12532 1444828379.668097 11.964141 4.80653 -0.054932 -10.014063 -5.267957 -5.031751
12533 1444828379.678258 12.052031 4.80653 0.032959 -10.014063 -5.267957 -5.031751
12534 1444828379.688284 11.964141 4.80653 0.032959 -9.926172 -5.267957 -5.031751
12535 1444828379.695170 11.964141 4.80653 0.032959 -10.014063 -5.267957 -5.031751
12536 1444828379.708537 11.964141 4.80653 0.032959 -10.014063 -5.267957 -5.031751
12537 1444828379.718654 12.052031 4.80653 0.032959 -10.014063 -5.267957 -5.031751
12538 1444828379.728770 12.052031 4.80653 0.032959 -10.014063 -5.267957 -5.031751
12539 1444828379.735539 12.052031 4.80653 0.032959 -9.926172 -5.267957 -5.031751
12540 1444828379.745631 12.052031 4.80653 0.032959 -10.014063 -5.267957 -5.031751
12541 1444828379.755647 12.052031 4.80653 0.032959 -10.014063 -5.267957 -5.031751
12542 1444828379.769269 11.964141 4.80653 -0.054932 -10.014063 -5.267957 -5.031751
12543 1444828379.779323 11.964141 4.80653 0.032959 -10.014063 -5.267957 -5.031751
12544 1444828379.789438 12.052031 4.80653 -0.054932 -10.014063 -5.267957 -5.031751
12545 1444828379.796152 11.964141 4.80653 0.032959 -10.014063 -5.267957 -5.031751
12546 1444828379.809759 11.964141 4.80653 0.032959 -10.014063 -5.267957 -5.031751
12547 1444828379.819796 11.964141 4.80653 0.032959 -10.014063 -5.267957 -5.031751
12548 1444828379.829884 11.964141 4.80653 -0.054932 -10.014063 -5.267957 -5.031751
12549 1444828379.839973 12.052031 4.80653 0.032959 -10.014063 -5.267957 -5.031751
12550 1444828379.848651 11.964141 4.80653 0.032959 -9.926172 -5.267957 -5.031751
12551 1444828379.860146 12.052031 4.80653 0.032959 -10.014063 -5.267957 -5.031751
12552 1444828379.868861 11.964141 4.80653 0.032959 -10.014063 -5.267957 -5.031751
12553 1444828379.878931 12.052031 4.80653 0.032959 -9.926172 -5.267957 -5.031751
12554 1444828379.889078 12.052031 4.80653 0.032959 -10.014063 -5.267957 -5.031751
12555 1444828379.899239 11.964141 4.80653 0.032959 -10.014063 -5.267957 -5.031751
12556 1444828379.910786 12.052031 4.80653 0.032959 -10.014063 -5.267957 -5.031751
12557 1444828379.920847 11.964141 4.80653 -0.054932 -10.014063 -5.267957 -5.031751
12558 1444828379.929479 12.052031 4.80653 0.032959 -10.014063 -5.267957 -5.031751
12559 1444828379.939403 11.964141 4.80653 -0.054932 -10.014063 -5.267957 -5.031751
12560 1444828379.949526 11.964141 4.80653 -0.054932 -10.014063 -5.267957 -5.031751
12561 1444828379.959057 12.052031 4.80653 0.032959 -10.014063 -5.267957 -5.031751
12562 1444828379.967854 11.964141 4.80653 0.032959 -9.926172 -5.267957 -5.031751
12563 1444828379.980036 12.052031 4.80653 0.032959 -10.014063 -5.267957 -5.031751
12564 1444828379.990180 11.964141 4.80653 -0.054932 -10.014063 -5.267957 -5.031751
12565 1444828379.999574 11.964141 4.80653 -0.054932 -10.014063 -5.267957 -5.031751
12566 1444828380.009484 12.052031 4.80653 0.032959 -10.014063 -5.267957 -5.031751
12567 1444828380.019786 11.964141 4.80653 -0.054932 -10.014063 -5.267957 -5.031751
12568 1444828380.029616 12.052031 4.80653 -0.054932 -10.014063 -5.267957 -5.031751
12569 1444828380.040493 12.052031 4.80653 -0.054932 -10.014063 -5.267957 -5.031751
12570 1444828380.048307 11.964141 4.80653 0.032959 -10.014063 -5.267957 -5.031751
12571 1444828380.062469 12.052031 4.80653 -0.054932 -10.014063 -5.267957 -5.031751
12572 1444828380.067638 11.964141 4.80653 0.032959 -10.014063 -5.267957 -5.031751
12573 1444828380.079469 11.964141 4.80653 -0.054932 -10.014063 -5.267957 -5.031751
12574 1444828380.087839 11.964141 4.80653 0.032959 -10.014063 -5.267957 -5.031751
12575 1444828380.103122 11.964141 4.80653 0.032959 -10.014063 -5.267957 -5.031751
12576 1444828380.110631 11.964141 4.80653 0.032959 -9.926172 -5.267957 -5.031751
12577 1444828380.120656 11.964141 4.80653 0.032959 -9.926172 -5.267957 -5.031751
12578 1444828380.128292 12.052031 4.80653 -0.054932 -10.014063 -5.267957 -5.031751
12579 1444828380.141005 11.964141 4.80653 0.032959 -10.014063 -5.267957 -5.031751
12580 1444828380.153994 12.052031 4.80653 0.032959 -9.926172 -5.267957 -5.031751
12581 1444828380.157774 12.052031 4.80653 0.032959 -10.014063 -5.267957 -5.031751
12582 1444828380.168837 11.964141 4.80653 0.032959 -10.014063 -5.267957 -5.031751
12583 1444828380.178968 12.052031 4.80653 0.032959 -9.926172 -5.267957 -5.031751
12584 1444828380.189071 12.052031 4.80653 0.032959 -9.926172 -5.267957 -5.031751
12585 1444828380.201247 12.052031 4.80653 0.032959 -10.014063 -5.267957 -5.031751
12586 1444828380.211367 11.964141 4.80653 -0.054932 -10.014063 -5.267957 -5.031751
12587 1444828380.221503 11.964141 4.80653 0.032959 -9.926172 -5.267957 -5.031751
12588 1444828380.231630 11.964141 4.80653 0.032959 -9.926172 -5.267957 -5.031751
12589 1444828380.241750 11.964141 4.80653 0.032959 -10.014063 -5.267957 -5.031751
12590 1444828380.251828 12.052031 4.80653 0.032959 -9.926172 -5.267957 -5.031751
12591 1444828380.261948 12.052031 4.80653 -0.054932 -10.014063 -5.267957 -5.031751
12592 1444828380.271993 12.052031 4.80653 -0.054932 -10.014063 -5.267957 -5.031751
12593 1444828380.282119 11.964141 4.80653 0.032959 -10.014063 -5.267957 -5.031751
12594 1444828380.292241 11.964141 4.80653 0.032959 -10.014063 -5.267957 -5.031751
12595 1444828380.302704 11.964141 4.80653 -0.054932 -10.014063 -5.267957 -5.031751
12596 1444828380.312712 12.052031 4.80653 -0.054932 -10.014063 -5.267957 -5.031751
12597 1444828380.323238 11.964141 4.80653 -0.054932 -10.014063 -5.267957 -5.031751
12598 1444828380.332952 11.964141 4.80653 0.032959 -10.014063 -5.267957 -5.031751
12599 1444828380.343019 11.964141 4.80653 0.032959 -10.014063 -5.267957 -5.031751
12600 1444828380.353139 11.964141 4.80653 0.032959 -9.926172 -5.267957 -5.031751
12601 1444828380.363241 11.964141 4.80653 0.032959 -10.014063 -5.267957 -5.031751
12602 1444828380.373431 12.052031 4.80653 0.032959 -9.926172 -5.267957 -5.031751
12603 1444828380.383456 12.052031 4.80653 0.032959 -10.014063 -5.267957 -5.031751
12604 1444828380.393550 11.964141 4.80653 0.032959 -10.014063 -5.267957 -5.031751
12605 1444828380.403624 11.964141 4.80653 0.032959 -10.014063 -5.267957 -5.031751
12606 1444828380.413769 12.052031 4.80653 -0.054932 -10.014063 -5.267957 -5.031751
12607 1444828380.423896 12.052031 4.80653 0.032959 -10.014063 -5.267957 -5.031751
12608 1444828380.434093 12.052031 4.80653 0.032959 -9.926172 -5.267957 -5.031751
12609 1444828380.444132 12.052031 4.80653 0.032959 -10.014063 -5.267957 -5.031751
12610 1444828380.454281 11.964141 4.80653 0.032959 -10.014063 -5.267957 -5.031751
12611 1444828380.464354 12.052031 4.80653 0.032959 -10.014063 -5.267957 -5.031751
12612 1444828380.474419 12.052031 4.80653 0.032959 -10.014063 -5.267957 -5.031751
12613 1444828380.484408 12.052031 4.80653 0.032959 -10.014063 -5.267957 -5.031751
12614 1444828380.494535 11.964141 4.80653 -0.054932 -10.014063 -5.267957 -5.031751
12615 1444828380.504693 11.964141 4.80653 0.032959 -10.014063 -5.267957 -5.031751
12616 1444828380.514807 11.964141 4.80653 0.032959 -10.014063 -5.267957 -5.031751
12617 1444828380.524879 12.052031 4.80653 0.032959 -9.926172 -5.267957 -5.031751
12618 1444828380.535000 12.052031 4.80653 0.032959 -10.014063 -5.267957 -5.031751
12619 1444828380.545129 11.964141 4.80653 0.032959 -10.014063 -5.267957 -5.031751
12620 1444828380.555305 12.052031 4.80653 0.032959 -9.926172 -5.267957 -5.031751
12621 1444828380.565672 11.964141 4.80653 0.032959 -10.014063 -5.267957 -5.031751
12622 1444828380.575706 11.964141 4.80653 0.032959 -10.014063 -5.267957 -5.031751
12623 1444828380.585797 12.052031 4.80653 -0.054932 -10.014063 -5.267957 -5.031751
12624 1444828380.595940 12.052031 4.80653 0.032959 -10.014063 -5.267957 -5.031751
12625 1444828380.606060 12.052031 4.80653 -0.054932 -10.014063 -5.267957 -5.031751
12626 1444828380.616176 11.964141 4.80653 0.032959 -10.014063 -5.267957 -5.031751
12627 1444828380.626195 11.964141 4.80653 -0.054932 -10.014063 -5.267957 -5.031751
12628 1444828380.636298 11.964141 4.80653 0.032959 -10.014063 -5.267957 -5.031751
12629 1444828380.648057 11.964141 4.80653 -0.054932 -10.014063 -5.267957 -5.031751
12630 1444828380.656841 11.964141 4.80653 -0.054932 -9.926172 -5.267957 -5.031751
12631 1444828380.667657 11.964141 4.80653 -0.054932 -10.014063 -5.267957 -5.031751
12632 1444828380.677524 12.052031 4.80653 -0.054932 -9.926172 -5.267957 -5.031751
12633 1444828380.687630 11.964141 4.80653 0.032959 -10.014063 -5.267957 -5.031751
12634 1444828380.698221 12.052031 4.80653 0.032959 -10.014063 -5.267957 -5.031751
12635 1444828380.707876 11.964141 4.80653 0.032959 -10.014063 -5.267957 -5.031751
12636 1444828380.718008 12.052031 4.80653 -0.054932 -10.014063 -5.267957 -5.031751
12637 1444828380.724405 11.964141 4.80653 -0.054932 -10.014063 -5.267957 -5.031751
12638 1444828380.734809 11.964141 4.80653 -0.054932 -10.014063 -5.267957 -5.031751
12639 1444828380.747701 12.052031 4.80653 -0.054932 -9.926172 -5.267957 -5.031751
12640 1444828380.757824 11.964141 4.80653 -0.054932 -9.926172 -5.267957 -5.031751
12641 1444828380.768022 12.052031 4.80653 0.032959 -10.014063 -5.267957 -5.031751
12642 1444828380.778026 11.964141 4.80653 -0.054932 -10.014063 -5.267957 -5.031751
12643 1444828380.788163 12.052031 4.80653 0.032959 -10.014063 -5.267957 -5.031751
12644 1444828380.799032 12.052031 4.80653 -0.054932 -10.014063 -5.267957 -5.031751
12645 1444828380.808445 11.964141 4.80653 0.032959 -10.014063 -5.267957 -5.031751
12646 1444828380.818455 12.052031 4.80653 0.032959 -10.014063 -5.267957 -5.031751
12647 1444828380.828521 11.964141 4.80653 0.032959 -10.014063 -5.267957 -5.031751
12648 1444828380.838697 11.964141 4.80653 0.032959 -10.014063 -5.267957 -5.031751
12649 1444828380.849777 11.964141 4.80653 0.032959 -10.014063 -5.267957 -5.031751
12650 1444828380.859812 12.052031 4.80653 0.032959 -10.014063 -5.267957 -5.031751
12651 1444828380.869585 11.964141 4.80653 0.032959 -10.014063 -5.267957 -5.031751
12652 1444828380.877989 11.964141 4.80653 0.032959 -10.014063 -5.267957 -5.031751
12653 1444828380.890507 12.052031 4.80653 0.032959 -10.014063 -5.267957 -5.031751
12654 1444828380.899053 11.964141 4.80653 0.032959 -9.926172 -5.267957 -5.031751
12655 1444828380.908389 11.964141 4.80653 0.032959 -10.014063 -5.267957 -5.031751
12656 1444828380.919271 12.052031 4.80653 0.032959 -10.014063 -5.267957 -5.031751
12657 1444828380.925967 11.964141 4.80653 0.032959 -10.014063 -5.267957 -5.031751
12658 1444828380.939542 11.964141 4.80653 0.032959 -9.926172 -5.267957 -5.031751
12659 1444828380.949719 11.964141 4.80653 0.032959 -10.014063 -5.267957 -5.031751
12660 1444828380.959774 12.052031 4.80653 -0.054932 -10.014063 -5.267957 -5.031751
12661 1444828380.969916 12.052031 4.80653 0.032959 -10.014063 -5.267957 -5.031751
12662 1444828380.976594 11.964141 4.80653 -0.054932 -9.926172 -5.267957 -5.031751
12663 1444828380.990150 12.052031 4.80653 0.032959 -10.014063 -5.267957 -5.031751
12664 1444828380.994464 11.964141 4.80653 0.032959 -10.014063 -5.267957 -5.031751
12665 1444828381.004537 11.964141 4.80653 0.032959 -9.926172 -5.267957 -5.031751
12666 1444828381.014438 11.964141 4.80653 -0.054932 -10.014063 -5.267957 -5.031751
12667 1444828381.030614 11.964141 4.80653 0.032959 -10.014063 -5.267957 -5.031751
12668 1444828381.040700 11.964141 4.80653 -0.054932 -9.926172 -5.267957 -5.031751
12669 1444828381.047658 11.964141 4.80653 -0.054932 -10.014063 -5.267957 -5.031751
12670 1444828381.057736 12.052031 4.80653 -0.054932 -10.014063 -5.267957 -5.031751
12671 1444828381.067851 11.964141 4.80653 0.032959 -10.014063 -5.267957 -5.031751
12672 1444828381.077912 12.052031 4.80653 0.032959 -10.014063 -5.267957 -5.031751
12673 1444828381.087997 12.052031 4.80653 0.032959 -10.014063 -5.267957 -5.031751
12674 1444828381.098155 12.052031 4.80653 0.032959 -10.014063 -5.267957 -5.031751
12675 1444828381.108163 11.964141 4.80653 0.032959 -10.014063 -5.267957 -5.031751
12676 1444828381.118375 11.964141 4.80653 0.032959 -10.014063 -5.267957 -5.031751
12677 1444828381.128532 11.964141 4.80653 0.032959 -10.014063 -5.267957 -5.031751
12678 1444828381.138728 11.964141 4.80653 0.032959 -10.014063 -5.267957 -5.031751
12679 1444828381.148877 11.964141 4.80653 -0.054932 -10.014063 -5.267957 -5.031751
12680 1444828381.158948 11.964141 4.80653 -0.054932 -10.014063 -5.267957 -5.031751
12681 1444828381.169165 11.964141 4.80653 -0.054932 -10.014063 -5.267957 -5.031751
12682 1444828381.179495 11.964141 4.80653 0.032959 -10.014063 -5.267957 -5.031751
12683 1444828381.189590 11.964141 4.80653 -0.054932 -10.014063 -5.267957 -5.031751
12684 1444828381.199766 11.964141 4.80653 0.032959 -10.014063 -5.267957 -5.031751
12685 1444828381.209839 11.964141 4.80653 -0.054932 -9.926172 -5.267957 -5.031751
12686 1444828381.219974 11.964141 4.80653 -0.054932 -10.014063 -5.267957 -5.031751
12687 1444828381.230078 12.052031 4.80653 -0.054932 -10.014063 -5.267957 -5.031751
12688 1444828381.240251 11.964141 4.80653 -0.054932 -10.014063 -5.267957 -5.031751
12689 1444828381.250505 12.052031 4.80653 -0.054932 -10.014063 -5.267957 -5.031751
12690 1444828381.260533 12.052031 4.80653 0.032959 -10.014063 -5.267957 -5.031751
12691 1444828381.270714 11.964141 4.80653 0.032959 -10.014063 -5.267957 -5.031751
12692 1444828381.280819 11.964141 4.80653 -0.054932 -10.014063 -5.267957 -5.031751
12693 1444828381.290880 11.964141 4.80653 0.032959 -10.014063 -5.267957 -5.031751
12694 1444828381.300981 12.052031 4.80653 0.032959 -10.014063 -5.267957 -5.031751
12695 1444828381.311014 11.964141 4.80653 0.032959 -10.014063 -5.267957 -5.031751
12696 1444828381.321174 11.964141 4.80653 0.032959 -10.014063 -5.267957 -5.031751
12697 1444828381.331247 12.052031 4.80653 0.032959 -9.926172 -5.267957 -5.031751
12698 1444828381.341404 11.964141 4.80653 -0.054932 -10.014063 -5.267957 -5.031751
12699 1444828381.351484 11.964141 4.80653 -0.054932 -10.014063 -5.267957 -5.031751
12700 1444828381.361521 11.964141 4.80653 0.032959 -10.014063 -5.267957 -5.031751
12701 1444828381.371675 12.052031 4.80653 0.032959 -10.014063 -5.267957 -5.031751
12702 1444828381.381779 12.052031 4.80653 0.032959 -9.926172 -5.267957 -5.031751
12703 1444828381.391922 11.964141 4.80653 0.032959 -10.014063 -5.267957 -5.031751
12704 1444828381.399414 11.964141 4.80653 -0.054932 -10.014063 -5.267957 -5.031751
12705 1444828381.409209 11.964141 4.80653 0.032959 -10.014063 -5.267957 -5.031751
12706 1444828381.422189 12.052031 4.80653 0.032959 -10.014063 -5.267957 -5.031751
12707 1444828381.429360 11.964141 4.80653 -0.054932 -10.014063 -5.267957 -5.031751
12708 1444828381.439301 12.052031 4.80653 -0.054932 -10.014063 -5.267957 -5.031751
12709 1444828381.450330 12.052031 4.80653 0.032959 -10.014063 -5.267957 -5.031751
12710 1444828381.462842 12.052031 4.80653 -0.054932 -10.014063 -5.267957 -5.031751
12711 1444828381.472968 11.964141 4.80653 0.032959 -10.014063 -5.267957 -5.031751
12712 1444828381.483020 11.964141 4.80653 0.032959 -10.014063 -5.267957 -5.031751
12713 1444828381.493041 12.052031 4.80653 -0.054932 -9.926172 -5.267957 -5.031751
12714 1444828381.503117 12.052031 4.80653 0.032959 -10.014063 -5.267957 -5.031751
12715 1444828381.513246 12.052031 4.80653 -0.054932 -10.014063 -5.267957 -5.031751
12716 1444828381.524018 12.052031 4.80653 0.032959 -10.014063 -5.267957 -5.031751
12717 1444828381.533995 12.052031 4.80653 0.032959 -10.014063 -5.267957 -5.031751
12718 1444828381.544044 12.052031 4.80653 0.032959 -10.014063 -5.267957 -5.031751
12719 1444828381.553881 12.052031 4.80653 -0.054932 -10.014063 -5.267957 -5.031751
12720 1444828381.564204 12.052031 4.80653 0.032959 -10.014063 -5.267957 -5.031751
12721 1444828381.574389 11.964141 4.80653 -0.054932 -9.926172 -5.267957 -5.031751
12722 1444828381.584264 11.964141 4.80653 -0.054932 -10.014063 -5.267957 -5.031751
12723 1444828381.593027 11.964141 4.80653 0.032959 -10.014063 -5.267957 -5.031751
12724 1444828381.603557 12.052031 4.80653 0.032959 -9.926172 -5.267957 -5.031751
12725 1444828381.613412 11.964141 4.80653 0.032959 -10.014063 -5.267957 -5.031751
12726 1444828381.623630 11.964141 4.80653 0.032959 -10.014063 -5.267957 -5.031751
12727 1444828381.633605 11.964141 4.80653 0.032959 -10.014063 -5.267957 -5.031751
12728 1444828381.643992 11.964141 4.80653 -0.054932 -9.926172 -5.267957 -5.031751
12729 1444828381.653918 12.052031 4.80653 -0.054932 -10.014063 -5.267957 -5.031751
12730 1444828381.664049 11.964141 4.80653 0.032959 -10.014063 -5.267957 -5.031751
12731 1444828381.675499 12.052031 4.80653 0.032959 -10.014063 -5.267957 -5.031751
12732 1444828381.685636 12.052031 4.80653 0.032959 -10.014063 -5.267957 -5.031751
12733 1444828381.695856 12.052031 4.80653 0.032959 -10.014063 -5.267957 -5.031751
12734 1444828381.706158 12.052031 4.80653 -0.054932 -10.014063 -5.267957 -5.031751
12735 1444828381.716058 11.964141 4.80653 0.032959 -10.014063 -5.267957 -5.031751
12736 1444828381.723992 11.964141 4.80653 -0.054932 -10.014063 -5.267957 -5.031751
12737 1444828381.736396 11.964141 4.80653 -0.054932 -9.926172 -5.267957 -5.031751
12738 1444828381.744954 11.964141 4.80653 -0.054932 -10.014063 -5.267957 -5.031751
12739 1444828381.754022 12.052031 4.80653 -0.054932 -10.014063 -5.267957 -5.031751
12740 1444828381.764150 12.052031 4.80653 0.032959 -9.926172 -5.267957 -5.031751
12741 1444828381.774317 11.964141 4.80653 -0.054932 -9.926172 -5.267957 -5.031751
12742 1444828381.784431 12.052031 4.80653 0.032959 -10.014063 -5.267957 -5.031751
12743 1444828381.794653 12.052031 4.80653 0.032959 -10.014063 -5.267957 -5.031751
12744 1444828381.804764 12.052031 4.80653 -0.054932 -10.014063 -5.267957 -5.031751
12745 1444828381.813026 12.052031 4.80653 0.032959 -10.014063 -5.267957 -5.031751
12746 1444828381.823436 11.964141 4.80653 0.032959 -10.014063 -5.267957 -5.031751
12747 1444828381.833500 11.964141 4.80653 -0.054932 -10.014063 -5.267957 -5.031751
12748 1444828381.843901 11.964141 4.80653 0.032959 -10.014063 -5.267957 -5.031751
12749 1444828381.853732 12.052031 4.80653 -0.054932 -10.014063 -5.267957 -5.031751
12750 1444828381.863825 12.052031 4.80653 0.032959 -10.014063 -5.267957 -5.031751
12751 1444828381.873851 12.052031 4.80653 0.032959 -10.014063 -5.267957 -5.031751
12752 1444828381.883898 11.964141 4.80653 0.032959 -10.014063 -5.267957 -5.031751
12753 1444828381.894087 12.052031 4.80653 -0.054932 -9.926172 -5.267957 -5.031751
12754 1444828381.904221 11.964141 4.80653 0.032959 -10.014063 -5.267957 -5.031751
12755 1444828381.914270 11.964141 4.80653 -0.054932 -9.926172 -5.267957 -5.031751
12756 1444828381.924446 11.964141 4.80653 0.032959 -9.926172 -5.267957 -5.031751
12757 1444828381.934512 12.052031 4.80653 -0.054932 -10.014063 -5.267957 -5.031751
12758 1444828381.944713 12.052031 4.80653 0.032959 -10.014063 -5.267957 -5.031751
12759 1444828381.954809 12.052031 4.80653 0.032959 -9.926172 -5.267957 -5.031751
12760 1444828381.964865 11.964141 4.80653 0.032959 -10.014063 -5.267957 -5.031751
12761 1444828381.975000 11.964141 4.80653 0.032959 -10.014063 -5.267957 -5.031751
12762 1444828381.985094 12.052031 4.80653 0.032959 -10.014063 -5.267957 -5.031751
12763 1444828381.995444 12.052031 4.80653 -0.054932 -10.014063 -5.267957 -5.031751
12764 1444828382.005470 12.052031 4.80653 0.032959 -10.014063 -5.267957 -5.031751
12765 1444828382.015624 12.052031 4.80653 0.032959 -10.014063 -5.267957 -5.031751
12766 1444828382.025624 12.052031 4.80653 -0.054932 -10.014063 -5.267957 -5.031751
12767 1444828382.035709 12.052031 4.80653 0.032959 -10.014063 -5.267957 -5.031751
12768 1444828382.045827 11.964141 4.80653 0.032959 -10.014063 -5.267957 -5.031751
12769 1444828382.055899 11.964141 4.80653 0.032959 -10.014063 -5.267957 -5.031751
12770 1444828382.065961 11.964141 4.80653 0.032959 -10.014063 -5.267957 -5.031751
12771 1444828382.076042 12.052031 4.80653 -0.054932 -10.014063 -5.267957 -5.031751
12772 1444828382.086210 11.964141 4.80653 -0.054932 -10.014063 -5.267957 -5.031751
12773 1444828382.096372 12.052031 4.80653 -0.054932 -9.926172 -5.267957 -5.031751
12774 1444828382.106511 11.964141 4.80653 0.032959 -10.014063 -5.267957 -5.031751
12775 1444828382.116552 11.964141 4.80653 0.032959 -9.926172 -5.267957 -5.031751
12776 1444828382.126655 11.964141 4.80653 0.032959 -10.014063 -5.267957 -5.031751
12777 1444828382.136727 11.964141 4.80653 0.032959 -10.014063 -5.267957 -5.031751
12778 1444828382.147031 12.052031 4.80653 -0.054932 -10.014063 -5.267957 -5.031751
12779 1444828382.154383 11.964141 4.80653 0.032959 -10.014063 -5.267957 -5.031751
12780 1444828382.164320 11.964141 4.80653 0.032959 -10.014063 -5.267957 -5.031751
12781 1444828382.174433 11.964141 4.80653 0.032959 -10.014063 -5.267957 -5.031751
12782 1444828382.184520 12.052031 4.80653 -0.054932 -10.014063 -5.267957 -5.031751
12783 1444828382.197985 11.964141 4.80653 -0.054932 -10.014063 -5.267957 -5.031751
12784 1444828382.207865 11.964141 4.80653 -0.054932 -10.014063 -5.267957 -5.031751
12785 1444828382.217960 12.052031 4.80653 0.032959 -10.014063 -5.267957 -5.031751
12786 1444828382.228039 11.964141 4.80653 0.032959 -10.014063 -5.267957 -5.031751
12787 1444828382.238162 11.964141 4.80653 0.032959 -10.014063 -5.267957 -5.031751
12788 1444828382.248780 12.052031 4.80653 -0.054932 -10.014063 -5.267957 -5.031751
12789 1444828382.258912 11.964141 4.80653 0.032959 -10.014063 -5.267957 -5.031751
12790 1444828382.268973 12.052031 4.80653 0.032959 -10.014063 -5.267957 -5.031751
12791 1444828382.278817 12.052031 4.80653 0.032959 -10.014063 -5.267957 -5.031751
12792 1444828382.289131 11.964141 4.80653 0.032959 -10.014063 -5.267957 -5.031751
12793 1444828382.299302 12.052031 4.80653 0.032959 -10.014063 -5.267957 -5.031751
12794 1444828382.309233 11.964141 4.80653 0.032959 -10.014063 -5.267957 -5.031751
12795 1444828382.319383 12.052031 4.80653 0.032959 -9.926172 -5.267957 -5.031751
12796 1444828382.329471 12.052031 4.80653 0.032959 -10.014063 -5.267957 -5.031751
12797 1444828382.339689 11.964141 4.80653 0.032959 -10.014063 -5.267957 -5.031751
12798 1444828382.349768 11.964141 4.80653 0.032959 -10.014063 -5.267957 -5.031751
12799 1444828382.358533 11.964141 4.80653 0.032959 -9.926172 -5.267957 -5.031751
12800 1444828382.368553 11.964141 4.80653 0.032959 -10.014063 -5.267957 -5.031751
12801 1444828382.380095 11.964141 4.80653 0.032959 -10.014063 -5.267957 -5.031751
12802 1444828382.390134 12.052031 4.80653 -0.054932 -10.014063 -5.267957 -5.031751
12803 1444828382.400466 11.964141 4.80653 -0.054932 -10.014063 -5.267957 -5.031751
12804 1444828382.408999 11.964141 4.80653 -0.054932 -10.014063 -5.267957 -5.031751
12805 1444828382.420534 11.964141 4.80653 0.032959 -10.014063 -5.267957 -5.031751
12806 1444828382.430679 12.052031 4.80653 0.032959 -10.014063 -5.267957 -5.031751
12807 1444828382.440941 11.964141 4.80653 0.032959 -10.014063 -5.267957 -5.031751
12808 1444828382.451204 12.052031 4.80653 -0.054932 -9.926172 -5.267957 -5.031751
12809 1444828382.460927 11.964141 4.80653 0.032959 -10.014063 -5.267957 -5.031751
12810 1444828382.471111 12.052031 4.80653 -0.054932 -9.926172 -5.267957 -5.031751
12811 1444828382.481242 11.964141 4.80653 0.032959 -9.926172 -5.267957 -5.031751
12812 1444828382.491369 11.964141 4.80653 -0.054932 -10.014063 -5.267957 -5.031751
12813 1444828382.499572 12.052031 4.80653 0.032959 -10.014063 -5.267957 -5.031751
12814 1444828382.509598 12.052031 4.80653 -0.054932 -10.014063 -5.267957 -5.031751
12815 1444828382.519198 12.052031 4.80653 0.032959 -10.014063 -5.267957 -5.031751
12816 1444828382.529261 11.964141 4.80653 0.032959 -9.926172 -5.267957 -5.031751
12817 1444828382.541868 11.964141 4.80653 0.032959 -10.014063 -5.267957 -5.031751
12818 1444828382.550021 12.052031 4.80653 0.032959 -10.014063 -5.267957 -5.031751
12819 1444828382.559494 12.052031 4.80653 -0.054932 -10.014063 -5.267957 -5.031751
12820 1444828382.569568 12.052031 4.80653 0.032959 -10.014063 -5.267957 -5.031751
12821 1444828382.582332 11.964141 4.80653 -0.054932 -10.014063 -5.267957 -5.031751
12822 1444828382.592644 12.052031 4.80653 0.032959 -10.014063 -5.267957 -5.031751
12823 1444828382.602683 11.964141 4.80653 -0.054932 -10.014063 -5.267957 -5.031751
12824 1444828382.612733 11.964141 4.80653 0.032959 -10.014063 -5.267957 -5.031751
12825 1444828382.620506 12.052031 4.80653 0.032959 -10.014063 -5.267957 -5.031751
12826 1444828382.629638 12.052031 4.80653 0.032959 -10.014063 -5.267957 -5.031751
12827 1444828382.640733 12.052031 4.80653 0.032959 -10.014063 -5.267957 -5.031751
12828 1444828382.651006 12.052031 4.80653 0.032959 -10.014063 -5.267957 -5.031751
12829 1444828382.660402 12.052031 4.80653 -0.054932 -10.014063 -5.267957 -5.031751
12830 1444828382.673494 12.052031 4.80653 -0.054932 -10.014063 -5.267957 -5.031751
12831 1444828382.683541 11.964141 4.80653 -0.054932 -10.014063 -5.267957 -5.031751
12832 1444828382.693574 11.964141 4.80653 -0.054932 -10.014063 -5.267957 -5.031751
12833 1444828382.702784 12.052031 4.80653 0.032959 -10.014063 -5.267957 -5.031751
12834 1444828382.712830 11.964141 4.80653 -0.054932 -9.926172 -5.267957 -5.031751
12835 1444828382.720639 11.964141 4.80653 0.032959 -9.926172 -5.267957 -5.031751
12836 1444828382.729731 12.052031 4.80653 0.032959 -10.014063 -5.267957 -5.031751
12837 1444828382.739751 12.052031 4.80653 -0.054932 -10.014063 -5.267957 -5.031751
12838 1444828382.753340 11.964141 4.80653 0.032959 -10.014063 -5.267957 -5.031751
12839 1444828382.761088 11.964141 4.80653 -0.054932 -10.014063 -5.267957 -5.031751
12840 1444828382.771139 11.964141 4.80653 -0.054932 -10.014063 -5.267957 -5.031751
12841 1444828382.783582 11.964141 4.80653 0.032959 -10.014063 -5.267957 -5.031751
12842 1444828382.793966 11.964141 4.80653 -0.054932 -10.014063 -5.267957 -5.031751
12843 1444828382.804111 12.052031 4.80653 0.032959 -10.014063 -5.267957 -5.031751
12844 1444828382.813922 11.964141 4.80653 -0.054932 -10.014063 -5.267957 -5.031751
12845 1444828382.821925 11.964141 4.80653 -0.054932 -10.014063 -5.267957 -5.031751
12846 1444828382.829005 11.964141 4.80653 0.032959 -10.014063 -5.267957 -5.031751
12847 1444828382.841162 12.052031 4.80653 0.032959 -10.014063 -5.267957 -5.031751
12848 1444828382.852901 11.964141 4.80653 0.032959 -10.014063 -5.267957 -5.031751
12849 1444828382.861064 11.964141 4.80653 0.032959 -10.014063 -5.267957 -5.031751
12850 1444828382.871186 12.052031 4.80653 0.032959 -10.014063 -5.267957 -5.031751
12851 1444828382.881446 11.964141 4.80653 -0.054932 -10.014063 -5.267957 -5.031751
12852 1444828382.892953 11.964141 4.80653 -0.054932 -10.014063 -5.267957 -5.031751
12853 1444828382.902705 11.964141 4.80653 -0.054932 -10.014063 -5.267957 -5.031751
12854 1444828382.911710 12.052031 4.80653 0.032959 -9.926172 -5.267957 -5.031751
12855 1444828382.922941 11.964141 4.80653 0.032959 -10.014063 -5.267957 -5.031751
12856 1444828382.933545 12.052031 4.80653 0.032959 -9.926172 -5.267957 -5.031751
12857 1444828382.943571 12.052031 4.80653 0.032959 -9.926172 -5.267957 -5.031751
12858 1444828382.953907 12.052031 4.80653 0.032959 -10.014063 -5.267957 -5.031751
12859 1444828382.959444 11.964141 4.80653 0.032959 -10.014063 -5.267957 -5.031751
12860 1444828382.973959 11.964141 4.80653 0.032959 -10.014063 -5.267957 -5.031751
12861 1444828382.983896 11.964141 4.80653 -0.054932 -10.014063 -5.267957 -5.031751
12862 1444828382.994254 11.964141 4.80653 0.032959 -10.014063 -5.267957 -5.031751
12863 1444828383.004317 11.964141 4.80653 0.032959 -10.014063 -5.267957 -5.031751
12864 1444828383.013776 11.964141 4.80653 0.032959 -10.014063 -5.267957 -5.031751
12865 1444828383.024551 11.964141 4.80653 0.032959 -9.926172 -5.267957 -5.031751
12866 1444828383.034547 12.052031 4.80653 0.032959 -10.014063 -5.267957 -5.031751
12867 1444828383.044651 11.964141 4.80653 0.032959 -10.014063 -5.267957 -5.031751
12868 1444828383.054921 11.964141 4.80653 0.032959 -10.014063 -5.267957 -5.031751
12869 1444828383.064883 11.964141 4.80653 -0.054932 -10.014063 -5.267957 -5.031751
12870 1444828383.074960 11.964141 4.80653 -0.054932 -9.926172 -5.267957 -5.031751
12871 1444828383.084523 11.964141 4.80653 0.032959 -10.014063 -5.267957 -5.031751
12872 1444828383.094988 12.052031 4.80653 0.032959 -10.014063 -5.267957 -5.031751
12873 1444828383.105174 12.052031 4.80653 -0.054932 -10.014063 -5.267957 -5.031751
12874 1444828383.114840 11.964141 4.80653 -0.054932 -10.014063 -5.267957 -5.031751
12875 1444828383.125510 12.052031 4.80653 0.032959 -9.926172 -5.267957 -5.031751
12876 1444828383.135452 12.052031 4.80653 -0.054932 -10.014063 -5.267957 -5.031751
12877 1444828383.145576 11.964141 4.80653 0.032959 -9.926172 -5.267957 -5.031751
12878 1444828383.156020 11.964141 4.80653 -0.054932 -9.926172 -5.267957 -5.031751
12879 1444828383.165869 11.964141 4.80653 0.032959 -10.014063 -5.267957 -5.031751
12880 1444828383.175325 11.964141 4.80653 -0.054932 -10.014063 -5.267957 -5.031751
12881 1444828383.185004 11.964141 4.80653 0.032959 -10.014063 -5.267957 -5.031751
12882 1444828383.195592 11.964141 4.80653 -0.054932 -10.014063 -5.267957 -5.031751
12883 1444828383.205786 12.052031 4.80653 0.032959 -10.014063 -5.267957 -5.031751
12884 1444828383.215978 11.964141 4.80653 0.032959 -10.014063 -5.267957 -5.031751
12885 1444828383.226143 12.052031 4.80653 0.032959 -10.014063 -5.267957 -5.031751
12886 1444828383.235621 12.052031 4.80653 0.032959 -9.926172 -5.267957 -5.031751
12887 1444828383.246113 11.964141 4.80653 -0.054932 -10.014063 -5.267957 -5.031751
12888 1444828383.256370 11.964141 4.80653 -0.054932 -10.014063 -5.267957 -5.031751
12889 1444828383.266359 11.964141 4.80653 0.032959 -10.014063 -5.267957 -5.031751
12890 1444828383.276480 11.964141 4.80653 0.032959 -10.014063 -5.267957 -5.031751
12891 1444828383.286260 11.964141 4.80653 0.032959 -10.014063 -5.267957 -5.031751
12892 1444828383.297985 12.052031 4.80653 -0.054932 -10.014063 -5.267957 -5.031751
12893 1444828383.307958 11.964141 4.80653 0.032959 -10.014063 -5.267957 -5.031751
12894 1444828383.318177 11.964141 4.80653 0.032959 -10.014063 -5.267957 -5.031751
12895 1444828383.327960 11.964141 4.80653 0.032959 -10.014063 -5.267957 -5.031751
12896 1444828383.337864 12.052031 4.80653 -0.054932 -10.014063 -5.267957 -5.031751
12897 1444828383.344611 11.964141 4.80653 -0.054932 -10.014063 -5.267957 -5.031751
12898 1444828383.358341 11.964141 4.80653 0.032959 -10.014063 -5.267957 -5.031751
12899 1444828383.368283 11.964141 4.80653 0.032959 -10.014063 -5.267957 -5.031751
12900 1444828383.378348 12.052031 4.80653 0.032959 -10.014063 -5.267957 -5.031751
12901 1444828383.388449 11.964141 4.80653 0.032959 -10.014063 -5.267957 -5.031751
12902 1444828383.398733 11.964141 4.80653 0.032959 -10.014063 -5.267957 -5.031751
12903 1444828383.408675 12.052031 4.80653 0.032959 -10.014063 -5.267957 -5.031751
12904 1444828383.418835 12.052031 4.80653 0.032959 -10.014063 -5.267957 -5.031751
12905 1444828383.428984 12.052031 4.80653 -0.054932 -10.014063 -5.267957 -5.031751
12906 1444828383.439060 11.964141 4.80653 -0.054932 -9.926172 -5.267957 -5.031751
12907 1444828383.445832 11.964141 4.80653 0.032959 -10.014063 -5.267957 -5.031751
12908 1444828383.455746 11.964141 4.80653 -0.054932 -10.014063 -5.267957 -5.031751
12909 1444828383.469403 12.052031 4.80653 0.032959 -10.014063 -5.267957 -5.031751
12910 1444828383.479445 11.964141 4.80653 -0.054932 -9.926172 -5.267957 -5.031751
12911 1444828383.489603 11.964141 4.80653 0.032959 -10.014063 -5.267957 -5.031751
12912 1444828383.499626 11.964141 4.80653 0.032959 -10.014063 -5.267957 -5.031751
12913 1444828383.509703 11.964141 4.80653 -0.054932 -10.014063 -5.267957 -5.031751
12914 1444828383.519778 11.964141 4.80653 0.032959 -10.014063 -5.267957 -5.031751
12915 1444828383.529920 12.052031 4.80653 0.032959 -10.014063 -5.267957 -5.031751
12916 1444828383.539953 11.964141 4.80653 -0.054932 -10.014063 -5.267957 -5.031751
12917 1444828383.550124 12.052031 4.80653 0.032959 -10.014063 -5.267957 -5.031751
12918 1444828383.558853 11.964141 4.80653 0.032959 -10.014063 -5.267957 -5.031751
12919 1444828383.568857 12.052031 4.80653 -0.054932 -10.014063 -5.267957 -5.031751
12920 1444828383.579000 12.052031 4.80653 0.032959 -10.014063 -5.267957 -5.031751
12921 1444828383.589022 11.964141 4.80653 -0.054932 -10.014063 -5.267957 -5.031751
12922 1444828383.599327 11.964141 4.80653 0.032959 -10.014063 -5.267957 -5.031751
12923 1444828383.609328 11.964141 4.80653 -0.054932 -10.014063 -5.267957 -5.031751
12924 1444828383.619315 11.964141 4.80653 0.032959 -10.014063 -5.267957 -5.031751
12925 1444828383.631020 11.964141 4.80653 -0.054932 -9.926172 -5.267957 -5.031751
12926 1444828383.641048 12.052031 4.80653 0.032959 -10.014063 -5.267957 -5.031751
12927 1444828383.649187 12.052031 4.80653 -0.054932 -9.926172 -5.267957 -5.031751
12928 1444828383.658595 12.052031 4.80653 0.032959 -10.014063 -5.267957 -5.031751
12929 1444828383.669984 11.964141 4.80653 0.032959 -10.014063 -5.267957 -5.031751
12930 1444828383.679806 12.052031 4.80653 0.032959 -10.014063 -5.267957 -5.031751
12931 1444828383.687929 12.052031 4.80653 0.032959 -10.014063 -5.267957 -5.031751
12932 1444828383.698278 11.964141 4.80653 0.032959 -9.926172 -5.267957 -5.031751
12933 1444828383.709317 11.964141 4.80653 -0.054932 -10.014063 -5.267957 -5.031751
12934 1444828383.721908 11.964141 4.80653 0.032959 -10.014063 -5.267957 -5.031751
12935 1444828383.731220 12.052031 4.80653 0.032959 -10.014063 -5.267957 -5.031751
12936 1444828383.737893 12.052031 4.80653 0.032959 -9.926172 -5.267957 -5.031751
12937 1444828383.748692 12.052031 4.80653 0.032959 -10.014063 -5.267957 -5.031751
12938 1444828383.760004 11.964141 4.80653 -0.054932 -9.926172 -5.267957 -5.031751
12939 1444828383.770105 11.964141 4.80653 0.032959 -10.014063 -5.267957 -5.031751
12940 1444828383.780093 11.964141 4.80653 -0.054932 -10.014063 -5.267957 -5.031751
12941 1444828383.790586 11.964141 4.80653 0.032959 -10.014063 -5.267957 -5.031751
12942 1444828383.800459 12.052031 4.80653 -0.054932 -10.014063 -5.267957 -5.031751
12943 1444828383.810346 11.964141 4.80653 -0.054932 -10.014063 -5.267957 -5.031751
12944 1444828383.818935 11.964141 4.80653 0.032959 -10.014063 -5.267957 -5.031751
12945 1444828383.829093 11.964141 4.80653 0.032959 -10.014063 -5.267957 -5.031751
12946 1444828383.839407 11.964141 4.80653 0.032959 -10.014063 -5.267957 -5.031751
12947 1444828383.851331 11.964141 4.80653 -0.054932 -10.014063 -5.267957 -5.031751
12948 1444828383.859782 11.964141 4.80653 -0.054932 -10.014063 -5.267957 -5.031751
12949 1444828383.869834 11.964141 4.80653 -0.054932 -10.014063 -5.267957 -5.031751
12950 1444828383.880695 11.964141 4.80653 0.032959 -10.014063 -5.267957 -5.031751
12951 1444828383.890289 12.052031 4.80653 -0.054932 -10.014063 -5.267957 -5.031751
12952 1444828383.900756 11.964141 4.80653 -0.054932 -9.926172 -5.267957 -5.031751
12953 1444828383.910598 11.964141 4.80653 -0.054932 -10.014063 -5.267957 -5.031751
12954 1444828383.920746 11.964141 4.80653 0.032959 -9.926172 -5.267957 -5.031751
12955 1444828383.931326 11.964141 4.80653 0.032959 -10.014063 -5.267957 -5.031751
12956 1444828383.940926 11.964141 4.80653 0.032959 -10.014063 -5.267957 -5.031751
12957 1444828383.951356 11.964141 4.80653 -0.054932 -10.014063 -5.267957 -5.031751
12958 1444828383.960965 11.964141 4.80653 0.032959 -10.014063 -5.267957 -5.031751
12959 1444828383.971224 11.964141 4.80653 0.032959 -10.014063 -5.267957 -5.031751
12960 1444828383.981368 11.964141 4.80653 0.032959 -10.014063 -5.267957 -5.031751
12961 1444828383.991473 11.964141 4.80653 0.032959 -10.014063 -5.267957 -5.031751
12962 1444828384.002692 11.964141 4.80653 0.032959 -9.926172 -5.267957 -5.031751
12963 1444828384.011648 11.964141 4.80653 0.032959 -10.014063 -5.267957 -5.031751
12964 1444828384.022748 12.052031 4.80653 0.032959 -10.014063 -5.267957 -5.031751
12965 1444828384.031999 12.052031 4.80653 -0.054932 -10.014063 -5.267957 -5.031751
12966 1444828384.042912 11.964141 4.80653 -0.054932 -10.014063 -5.267957 -5.031751
12967 1444828384.053051 11.964141 4.80653 -0.054932 -9.926172 -5.267957 -5.031751
12968 1444828384.063170 11.964141 4.80653 -0.054932 -10.014063 -5.267957 -5.031751
12969 1444828384.073488 11.964141 4.80653 -0.054932 -9.926172 -5.267957 -5.031751
12970 1444828384.083531 11.964141 4.80653 -0.054932 -9.926172 -5.267957 -5.031751
12971 1444828384.093638 12.052031 4.80653 -0.054932 -10.014063 -5.267957 -5.031751
12972 1444828384.103685 11.964141 4.80653 0.032959 -10.014063 -5.267957 -5.031751
12973 1444828384.113624 12.052031 4.80653 0.032959 -10.014063 -5.267957 -5.031751
12974 1444828384.124081 11.964141 4.80653 -0.054932 -10.014063 -5.267957 -5.031751
12975 1444828384.134183 12.052031 4.80653 -0.054932 -9.926172 -5.267957 -5.031751
12976 1444828384.144073 11.964141 4.80653 -0.054932 -10.014063 -5.267957 -5.031751
12977 1444828384.154400 12.052031 4.80653 0.032959 -9.926172 -5.267957 -5.031751
12978 1444828384.164509 11.964141 4.80653 -0.054932 -9.926172 -5.267957 -5.031751
12979 1444828384.174536 12.052031 4.80653 -0.054932 -10.014063 -5.267957 -5.031751
12980 1444828384.184693 11.964141 4.80653 -0.054932 -10.014063 -5.267957 -5.031751
12981 1444828384.194512 11.964141 4.80653 -0.054932 -10.014063 -5.267957 -5.031751
12982 1444828384.204808 12.052031 4.80653 -0.054932 -10.014063 -5.267957 -5.031751
12983 1444828384.214753 12.052031 4.80653 0.032959 -9.926172 -5.267957 -5.031751
12984 1444828384.224779 11.964141 4.80653 -0.054932 -10.014063 -5.267957 -5.031751
12985 1444828384.234896 11.964141 4.80653 0.032959 -10.014063 -5.267957 -5.031751
12986 1444828384.245423 11.964141 4.80653 -0.054932 -10.014063 -5.267957 -5.031751
12987 1444828384.255629 11.964141 4.80653 -0.054932 -10.014063 -5.267957 -5.031751
12988 1444828384.265580 11.964141 4.80653 0.032959 -9.926172 -5.267957 -5.031751
12989 1444828384.275714 11.964141 4.80653 -0.054932 -10.014063 -5.267957 -5.031751
12990 1444828384.285407 11.964141 4.80653 -0.054932 -10.014063 -5.267957 -5.031751
12991 1444828384.295833 12.052031 4.80653 0.032959 -10.014063 -5.267957 -5.031751
12992 1444828384.305890 11.964141 4.80653 0.032959 -10.014063 -5.267957 -5.031751
12993 1444828384.316025 11.964141 4.80653 0.032959 -9.926172 -5.267957 -5.031751
12994 1444828384.326086 11.964141 4.80653 -0.054932 -9.926172 -5.267957 -5.031751
12995 1444828384.335994 11.964141 4.80653 0.032959 -10.014063 -5.267957 -5.031751
12996 1444828384.344157 11.964141 4.80653 -0.054932 -10.014063 -5.267957 -5.031751
12997 1444828384.356286 11.964141 4.80653 0.032959 -10.014063 -5.267957 -5.031751
12998 1444828384.364945 11.964141 4.80653 0.032959 -10.014063 -5.267957 -5.031751
12999 1444828384.376481 12.052031 4.80653 -0.054932 -10.014063 -5.267957 -5.031751
13000 1444828384.386551 11.964141 4.80653 0.032959 -10.014063 -5.267957 -5.031751
13001 1444828384.393208 11.964141 4.80653 -0.054932 -10.014063 -5.267957 -5.031751
13002 1444828384.404279 12.052031 4.80653 0.032959 -10.014063 -5.267957 -5.031751
13003 1444828384.416919 11.964141 4.80653 0.032959 -10.014063 -5.267957 -5.031751
13004 1444828384.424358 11.964141 4.80653 -0.054932 -10.014063 -5.267957 -5.031751
13005 1444828384.437210 12.052031 4.80653 0.032959 -10.014063 -5.267957 -5.031751
13006 1444828384.444958 12.052031 4.80653 0.032959 -10.014063 -5.267957 -5.031751
13007 1444828384.455316 11.964141 4.80653 -0.054932 -10.014063 -5.267957 -5.031751
13008 1444828384.465344 12.052031 4.80653 0.032959 -10.014063 -5.267957 -5.031751
13009 1444828384.475172 11.964141 4.80653 0.032959 -9.926172 -5.267957 -5.031751
13010 1444828384.485254 12.052031 4.80653 -0.054932 -10.014063 -5.267957 -5.031751
13011 1444828384.495513 11.964141 4.80653 -0.054932 -10.014063 -5.267957 -5.031751
13012 1444828384.504719 11.964141 4.80653 -0.054932 -10.014063 -5.267957 -5.031751
13013 1444828384.513647 12.052031 4.80653 0.032959 -9.926172 -5.267957 -5.031751
13014 1444828384.523601 11.964141 4.80653 -0.054932 -10.014063 -5.267957 -5.031751
13015 1444828384.534110 12.052031 4.80653 0.032959 -10.014063 -5.267957 -5.031751
13016 1444828384.544154 11.964141 4.80653 -0.054932 -9.926172 -5.267957 -5.031751
13017 1444828384.553947 12.052031 4.80653 0.032959 -10.014063 -5.267957 -5.031751
13018 1444828384.564410 11.964141 4.80653 0.032959 -10.014063 -5.267957 -5.031751
13019 1444828384.574498 11.964141 4.80653 0.032959 -10.014063 -5.267957 -5.031751
13020 1444828384.584277 11.964141 4.80653 -0.054932 -10.014063 -5.267957 -5.031751
13021 1444828384.594676 11.964141 4.80653 0.032959 -10.014063 -5.267957 -5.031751
13022 1444828384.604507 11.964141 4.80653 -0.054932 -10.014063 -5.267957 -5.031751
13023 1444828384.614737 11.964141 4.80653 0.032959 -10.014063 -5.267957 -5.031751
13024 1444828384.624815 11.964141 4.80653 0.032959 -9.926172 -5.267957 -5.031751
13025 1444828384.634888 11.964141 4.80653 0.032959 -10.014063 -5.267957 -5.031751
13026 1444828384.645661 11.964141 4.80653 -0.054932 -10.014063 -5.267957 -5.031751
13027 1444828384.655954 11.964141 4.80653 0.032959 -9.926172 -5.267957 -5.031751
13028 1444828384.665714 11.964141 4.80653 0.032959 -10.014063 -5.267957 -5.031751
13029 1444828384.675818 11.964141 4.80653 -0.054932 -10.014063 -5.267957 -5.031751
13030 1444828384.685694 11.964141 4.80653 0.032959 -9.926172 -5.267957 -5.031751
13031 1444828384.696289 12.052031 4.80653 -0.054932 -10.014063 -5.267957 -5.031751
13032 1444828384.707618 11.964141 4.80653 0.032959 -10.014063 -5.267957 -5.031751
13033 1444828384.716238 11.964141 4.80653 0.032959 -10.014063 -5.267957 -5.031751
13034 1444828384.725887 12.052031 4.80653 0.032959 -9.926172 -5.267957 -5.031751
13035 1444828384.736331 12.052031 4.80653 0.032959 -10.014063 -5.267957 -5.031751
13036 1444828384.747903 12.052031 4.80653 -0.054932 -10.014063 -5.267957 -5.031751
13037 1444828384.758076 12.052031 4.80653 -0.054932 -10.014063 -5.267957 -5.031751
13038 1444828384.767502 11.964141 4.80653 0.032959 -10.014063 -5.267957 -5.031751
13039 1444828384.776745 11.964141 4.80653 -0.054932 -10.014063 -5.267957 -5.031751
13040 1444828384.786473 12.052031 4.80653 0.032959 -9.926172 -5.267957 -5.031751
13041 1444828384.798934 12.052031 4.80653 0.032959 -10.014063 -5.267957 -5.031751
13042 1444828384.808093 11.964141 4.80653 0.032959 -10.014063 -5.267957 -5.031751
13043 1444828384.817843 12.052031 4.80653 0.032959 -10.014063 -5.267957 -5.031751
13044 1444828384.826990 11.964141 4.80653 0.032959 -9.926172 -5.267957 -5.031751
13045 1444828384.834398 12.052031 4.80653 -0.054932 -10.014063 -5.267957 -5.031751
13046 1444828384.849401 12.052031 4.80653 -0.054932 -10.014063 -5.267957 -5.031751
13047 1444828384.859220 11.964141 4.80653 -0.054932 -9.926172 -5.267957 -5.031751
13048 1444828384.868664 11.964141 4.80653 -0.054932 -10.014063 -5.267957 -5.031751
13049 1444828384.878821 12.052031 4.80653 0.032959 -10.014063 -5.267957 -5.031751
13050 1444828384.889024 11.964141 4.80653 0.032959 -10.014063 -5.267957 -5.031751
13051 1444828384.894982 11.964141 4.80653 0.032959 -10.014063 -5.267957 -5.031751
13052 1444828384.908054 12.052031 4.80653 0.032959 -10.014063 -5.267957 -5.031751
13053 1444828384.919266 12.052031 4.80653 -0.054932 -9.926172 -5.267957 -5.031751
13054 1444828384.929368 11.964141 4.80653 0.032959 -10.014063 -5.267957 -5.031751
13055 1444828384.939587 12.052031 4.80653 0.032959 -10.014063 -5.267957 -5.031751
13056 1444828384.949820 12.052031 4.80653 0.032959 -10.014063 -5.267957 -5.031751
13057 1444828384.960246 12.052031 4.80653 0.032959 -10.014063 -5.267957 -5.031751
13058 1444828384.969445 12.052031 4.80653 0.032959 -10.014063 -5.267957 -5.031751
13059 1444828384.978865 11.964141 4.80653 0.032959 -10.014063 -5.267957 -5.031751
13060 1444828384.989621 12.052031 4.80653 -0.054932 -10.014063 -5.267957 -5.031751
13061 1444828384.996042 11.964141 4.80653 0.032959 -10.014063 -5.267957 -5.031751
13062 1444828385.010957 11.964141 4.80653 0.032959 -10.014063 -5.267957 -5.031751
13063 1444828385.021074 12.052031 4.80653 0.032959 -9.926172 -5.267957 -5.031751
13064 1444828385.029422 12.052031 4.80653 -0.054932 -10.014063 -5.267957 -5.031751
13065 1444828385.040408 12.052031 4.80653 0.032959 -10.014063 -5.267957 -5.031751
13066 1444828385.046212 12.052031 4.80653 0.032959 -10.014063 -5.267957 -5.031751
13067 1444828385.059963 12.052031 4.80653 -0.054932 -10.014063 -5.267957 -5.031751
13068 1444828385.070052 11.964141 4.80653 -0.054932 -10.014063 -5.267957 -5.031751
13069 1444828385.080573 12.052031 4.80653 0.032959 -10.014063 -5.267957 -5.031751
13070 1444828385.090726 11.964141 4.80653 0.032959 -10.014063 -5.267957 -5.031751
13071 1444828385.100870 11.964141 4.80653 0.032959 -9.926172 -5.267957 -5.031751
13072 1444828385.110552 11.964141 4.80653 0.032959 -10.014063 -5.267957 -5.031751
13073 1444828385.120624 11.964141 4.80653 0.032959 -10.014063 -5.267957 -5.031751
13074 1444828385.130788 12.052031 4.80653 0.032959 -10.014063 -5.267957 -5.031751
13075 1444828385.140849 12.052031 4.80653 -0.054932 -10.014063 -5.267957 -5.031751
13076 1444828385.151324 11.964141 4.80653 0.032959 -10.014063 -5.267957 -5.031751
13077 1444828385.161494 11.964141 4.80653 0.032959 -9.926172 -5.267957 -5.031751
13078 1444828385.171597 11.964141 4.80653 0.032959 -10.014063 -5.267957 -5.031751
13079 1444828385.179607 12.052031 4.80653 0.032959 -10.014063 -5.267957 -5.031751
13080 1444828385.191845 11.964141 4.80653 0.032959 -10.014063 -5.267957 -5.031751
13081 1444828385.199921 12.052031 4.80653 -0.054932 -10.014063 -5.267957 -5.031751
13082 1444828385.211707 11.964141 4.80653 -0.054932 -10.014063 -5.267957 -5.031751
13083 1444828385.219235 12.052031 4.80653 0.032959 -10.014063 -5.267957 -5.031751
13084 1444828385.230350 11.964141 4.80653 -0.054932 -9.926172 -5.267957 -5.031751
13085 1444828385.240504 12.052031 4.80653 -0.054932 -10.014063 -5.267957 -5.031751
13086 1444828385.250567 11.964141 4.80653 -0.054932 -9.926172 -5.267957 -5.031751
13087 1444828385.259668 12.052031 4.80653 -0.054932 -10.014063 -5.267957 -5.031751
13088 1444828385.273519 11.964141 4.80653 0.032959 -10.014063 -5.267957 -5.031751
13089 1444828385.279798 12.052031 4.80653 -0.054932 -10.014063 -5.267957 -5.031751
13090 1444828385.289538 12.052031 4.80653 0.032959 -10.014063 -5.267957 -5.031751
13091 1444828385.300341 12.052031 4.80653 0.032959 -10.014063 -5.267957 -5.031751
13092 1444828385.307306 12.052031 4.80653 -0.054932 -10.014063 -5.267957 -5.031751
13093 1444828385.318128 11.964141 4.80653 -0.054932 -9.926172 -5.267957 -5.031751
13094 1444828385.334151 12.052031 4.80653 -0.054932 -10.014063 -5.267957 -5.031751
13095 1444828385.339369 11.964141 4.80653 0.032959 -10.014063 -5.267957 -5.031751
13096 1444828385.351297 12.052031 4.80653 0.032959 -10.014063 -5.267957 -5.031751
13097 1444828385.360543 11.964141 4.80653 0.032959 -10.014063 -5.267957 -5.031751
13098 1444828385.371092 12.052031 4.80653 0.032959 -9.926172 -5.267957 -5.031751
13099 1444828385.384266 12.052031 4.80653 -0.054932 -10.014063 -5.267957 -5.031751
13100 1444828385.391423 12.052031 4.80653 0.032959 -10.014063 -5.267957 -5.031751
13101 1444828385.403215 11.964141 4.80653 -0.054932 -10.014063 -5.267957 -5.031751
13102 1444828385.415124 11.964141 4.80653 -0.054932 -10.014063 -5.267957 -5.031751
13103 1444828385.423346 12.052031 4.80653 0.032959 -10.014063 -5.267957 -5.031751
13104 1444828385.433584 12.052031 4.80653 -0.054932 -10.014063 -5.267957 -5.031751
13105 1444828385.443712 11.964141 4.80653 0.032959 -10.014063 -5.267957 -5.031751
13106 1444828385.454256 11.964141 4.80653 -0.054932 -10.014063 -5.267957 -5.031751
13107 1444828385.460421 11.964141 4.80653 -0.054932 -10.014063 -5.267957 -5.031751
13108 1444828385.470772 11.964141 4.80653 0.032959 -10.014063 -5.267957 -5.031751
13109 1444828385.480893 11.964141 4.80653 0.032959 -10.014063 -5.267957 -5.031751
13110 1444828385.490770 11.964141 4.80653 0.032959 -10.014063 -5.267957 -5.031751
13111 1444828385.500866 11.964141 4.80653 -0.054932 -10.014063 -5.267957 -5.031751
13112 1444828385.508950 11.964141 4.80653 -0.054932 -10.014063 -5.267957 -5.031751
13113 1444828385.524515 11.964141 4.80653 0.032959 -10.014063 -5.267957 -5.031751
13114 1444828385.534772 12.052031 4.80653 -0.054932 -10.014063 -5.267957 -5.031751
13115 1444828385.541427 12.052031 4.80653 0.032959 -10.014063 -5.267957 -5.031751
13116 1444828385.555300 12.052031 4.80653 0.032959 -10.014063 -5.267957 -5.031751
13117 1444828385.559409 12.052031 4.80653 0.032959 -10.014063 -5.267957 -5.031751
13118 1444828385.569506 12.052031 4.80653 -0.054932 -10.014063 -5.267957 -5.031751
13119 1444828385.585664 12.052031 4.80653 0.032959 -10.014063 -5.267957 -5.031751
13120 1444828385.595808 11.964141 4.80653 -0.054932 -10.014063 -5.267957 -5.031751
13121 1444828385.602800 11.964141 4.80653 0.032959 -10.014063 -5.267957 -5.031751
13122 1444828385.612983 12.052031 4.80653 -0.054932 -9.926172 -5.267957 -5.031751
13123 1444828385.622986 12.052031 4.80653 0.032959 -10.014063 -5.267957 -5.031751
13124 1444828385.633109 11.964141 4.80653 -0.054932 -10.014063 -5.267957 -5.031751
13125 1444828385.643304 12.052031 4.80653 0.032959 -10.014063 -5.267957 -5.031751
13126 1444828385.658488 11.964141 4.80653 0.032959 -9.926172 -5.267957 -5.031751
13127 1444828385.665174 12.052031 4.80653 0.032959 -10.014063 -5.267957 -5.031751
13128 1444828385.675309 11.964141 4.80653 -0.054932 -10.014063 -5.267957 -5.031751
13129 1444828385.685443 11.964141 4.80653 0.032959 -10.014063 -5.267957 -5.031751
13130 1444828385.693858 11.964141 4.80653 0.032959 -10.014063 -5.267957 -5.031751
13131 1444828385.705645 12.052031 4.80653 -0.054932 -10.014063 -5.267957 -5.031751
13132 1444828385.715805 12.052031 4.80653 -0.054932 -10.014063 -5.267957 -5.031751
13133 1444828385.725931 11.964141 4.80653 0.032959 -10.014063 -5.267957 -5.031751
13134 1444828385.739411 12.052031 4.80653 0.032959 -10.014063 -5.267957 -5.031751
13135 1444828385.746133 12.052031 4.80653 0.032959 -10.014063 -5.267957 -5.031751
13136 1444828385.759573 12.052031 4.80653 0.032959 -10.014063 -5.267957 -5.031751
13137 1444828385.769661 11.964141 4.80653 0.032959 -10.014063 -5.267957 -5.031751
13138 1444828385.779835 11.964141 4.80653 -0.054932 -10.014063 -5.267957 -5.031751
13139 1444828385.789955 12.052031 4.80653 0.032959 -10.014063 -5.267957 -5.031751
13140 1444828385.800122 12.052031 4.80653 0.032959 -10.014063 -5.267957 -5.031751
13141 1444828385.810132 11.964141 4.80653 0.032959 -10.014063 -5.267957 -5.031751
13142 1444828385.820265 12.052031 4.80653 -0.054932 -10.014063 -5.267957 -5.031751
13143 1444828385.830357 11.964141 4.80653 -0.054932 -10.014063 -5.267957 -5.031751
13144 1444828385.838907 12.052031 4.80653 -0.054932 -10.014063 -5.267957 -5.031751
13145 1444828385.849155 11.964141 4.80653 -0.054932 -10.014063 -5.267957 -5.031751
13146 1444828385.860837 11.964141 4.80653 0.032959 -10.014063 -5.267957 -5.031751
13147 1444828385.870931 11.964141 4.80653 0.032959 -9.926172 -5.267957 -5.031751
13148 1444828385.879386 11.964141 4.80653 0.032959 -10.014063 -5.267957 -5.031751
13149 1444828385.889470 11.964141 4.80653 0.032959 -9.926172 -5.267957 -5.031751
13150 1444828385.899751 11.964141 4.80653 0.032959 -10.014063 -5.267957 -5.031751
13151 1444828385.909768 11.964141 4.80653 0.032959 -9.926172 -5.267957 -5.031751
13152 1444828385.919874 12.052031 4.80653 -0.054932 -10.014063 -5.267957 -5.031751
13153 1444828385.929883 12.052031 4.80653 0.032959 -10.014063 -5.267957 -5.031751
13154 1444828385.941697 12.052031 4.80653 0.032959 -9.926172 -5.267957 -5.031751
13155 1444828385.947677 11.964141 4.80653 0.032959 -10.014063 -5.267957 -5.031751
13156 1444828385.959481 11.964141 4.80653 -0.054932 -10.014063 -5.267957 -5.031751
13157 1444828385.969411 11.964141 4.80653 -0.054932 -10.014063 -5.267957 -5.031751
13158 1444828385.982164 11.964141 4.80653 0.032959 -9.926172 -5.267957 -5.031751
13159 1444828385.990545 12.052031 4.80653 -0.054932 -10.014063 -5.267957 -5.031751
13160 1444828386.000015 11.964141 4.80653 0.032959 -10.014063 -5.267957 -5.031751
13161 1444828386.007790 11.964141 4.80653 -0.054932 -10.014063 -5.267957 -5.031751
