10848 1444993623.110993 0.038452 0.010986 -10.008569
10849 1444993623.120856 -0.049439 0.010986 -10.008569
10850 1444993623.126608 -0.049439 0.010986 -10.008569
10851 1444993623.136617 -0.049439 0.010986 -10.008569
10852 1444993623.149054 0.038452 0.010986 -9.920679
10853 1444993623.159751 -0.049439 0.010986 -10.008569
10854 1444993623.171605 -0.049439 0.010986 -10.008569
10855 1444993623.176459 -0.049439 0.010986 -10.008569
10856 1444993623.190166 -0.049439 0.010986 -10.008569
10857 1444993623.200683 -0.049439 0.010986 -10.008569
10858 1444993623.207177 -0.049439 0.010986 -10.008569
10859 1444993623.217237 0.038452 0.010986 -10.008569
10860 1444993623.231487 0.038452 0.010986 -10.008569
10861 1444993623.241459 0.038452 0.010986 -10.008569
10862 1444993623.251459 -0.049439 0.010986 -10.008569
10863 1444993623.261673 -0.049439 0.010986 -10.008569
10864 1444993623.271609 0.038452 0.010986 -10.008569
10865 1444993623.277607 -0.049439 0.010986 -10.008569
10866 1444993623.292216 -0.049439 -0.076904 -10.008569
10867 1444993623.297597 -0.049439 0.010986 -10.008569
10868 1444993623.307492 0.038452 0.010986 -10.008569
10869 1444993623.322895 0.038452 0.010986 -10.008569
10870 1444993623.328012 -0.049439 0.010986 -10.008569
10871 1444993623.338466 0.038452 0.010986 -10.008569
10872 1444993623.349401 0.038452 0.010986 -10.008569
10873 1444993623.359013 0.038452 0.010986 -10.008569
10874 1444993623.369123 0.038452 0.010986 -10.008569
10875 1444993623.379924 0.038452 0.010986 -10.008569
10876 1444993623.389386 0.038452 0.010986 -10.008569
10877 1444993623.400020 0.038452 0.010986 -10.008569
10878 1444993623.406391 0.038452 0.010986 -10.008569
10879 1444993623.420109 -0.049439 0.010986 -10.008569
10880 1444993623.430206 -0.049439 0.010986 -10.008569
10881 1444993623.440481 0.038452 0.010986 -10.008569
10882 1444993623.447419 0.038452 0.010986 -10.008569
10883 1444993623.456475 0.038452 0.010986 -10.008569
10884 1444993623.471449 0.038452 0.010986 -10.008569
10885 1444993623.481503 -0.049439 0.010986 -10.008569
10886 1444993623.492025 0.038452 -0.076904 -10.008569
10887 1444993623.501769 -0.049439 0.010986 -10.008569
10888 1444993623.511876 -0.049439 0.010986 -10.008569
10889 1444993623.521904 0.038452 0.010986 -10.008569
10890 1444993623.531830 -0.049439 -0.076904 -10.008569
10891 1444993623.542461 -0.049439 0.010986 -10.008569
10892 1444993623.552932 0.038452 0.010986 -10.008569
10893 1444993623.562808 0.038452 -0.076904 -9.920679
10894 1444993623.572975 -0.049439 -0.076904 -10.008569
10895 1444993623.583094 -0.049439 0.010986 -10.008569
10896 1444993623.593264 -0.049439 -0.076904 -9.920679
10897 1444993623.603440 0.038452 0.010986 -10.008569
10898 1444993623.613387 -0.049439 0.010986 -10.008569
10899 1444993623.623525 -0.049439 0.010986 -10.008569
10900 1444993623.633662 -0.049439 0.010986 -10.008569
10901 1444993623.643796 -0.049439 0.010986 -10.008569
10902 1444993623.654002 0.038452 0.010986 -10.008569
10903 1444993623.664074 -0.049439 0.010986 -10.008569
10904 1444993623.674132 0.038452 0.010986 -10.008569
10905 1444993623.684222 -0.049439 -0.076904 -9.920679
10906 1444993623.694870 0.038452 0.010986 -10.008569
10907 1444993623.702032 0.038452 0.010986 -10.008569
10908 1444993623.714678 -0.049439 0.010986 -10.008569
10909 1444993623.724755 -0.049439 0.010986 -10.008569
10910 1444993623.731687 0.038452 0.010986 -10.008569
10911 1444993623.742567 -0.049439 0.010986 -10.008569
10912 1444993623.752221 -0.049439 0.010986 -10.008569
10913 1444993623.761683 0.038452 0.010986 -10.008569
10914 1444993623.772035 -0.049439 0.010986 -10.008569
10915 1444993623.782879 0.038452 0.010986 -10.008569
10916 1444993623.793069 -0.049439 0.010986 -10.008569
10917 1444993623.802362 -0.049439 0.010986 -10.008569
10918 1444993623.812362 0.038452 0.010986 -10.008569
10919 1444993623.822224 0.038452 0.010986 -10.008569
10920 1444993623.832905 -0.049439 0.010986 -10.008569
10921 1444993623.843864 -0.049439 -0.076904 -10.008569
10922 1444993623.852661 0.038452 0.010986 -10.008569
10923 1444993623.863118 0.038452 -0.076904 -9.920679
10924 1444993623.873191 -0.049439 -0.076904 -10.008569
10925 1444993623.883409 0.038452 0.010986 -10.008569
10926 1444993623.894036 0.038452 0.010986 -10.008569
10927 1444993623.903769 0.038452 0.010986 -10.008569
10928 1444993623.913959 0.038452 0.010986 -10.008569
10929 1444993623.924031 0.038452 0.010986 -10.008569
10930 1444993623.934129 0.038452 0.010986 -10.008569
10931 1444993623.944247 0.038452 0.010986 -10.008569
10932 1444993623.954337 -0.049439 0.010986 -10.008569
10933 1444993623.964509 -0.049439 -0.076904 -10.008569
10934 1444993623.974647 -0.049439 0.010986 -10.008569
10935 1444993623.985451 0.038452 0.010986 -10.008569
10936 1444993623.996957 -0.049439 0.010986 -10.008569
10937 1444993624.006828 0.038452 0.010986 -9.920679
10938 1444993624.017020 0.038452 0.010986 -10.008569
10939 1444993624.026977 0.038452 0.010986 -10.008569
10940 1444993624.037095 -0.049439 0.010986 -10.008569
10941 1444993624.047612 -0.049439 0.010986 -10.008569
10942 1444993624.057434 -0.049439 0.010986 -9.920679
10943 1444993624.067501 -0.049439 -0.076904 -10.008569
10944 1444993624.077508 0.038452 0.010986 -10.008569
10945 1444993624.087661 0.038452 0.010986 -10.008569
10946 1444993624.097512 0.038452 0.010986 -10.008569
10947 1444993624.107450 0.038452 0.010986 -10.008569
10948 1444993624.117765 0.038452 0.010986 -10.008569
10949 1444993624.127833 0.038452 0.010986 -10.008569
10950 1444993624.137954 0.038452 -0.076904 -10.008569
10951 1444993624.148090 -0.049439 0.010986 -10.008569
10952 1444993624.158216 -0.049439 0.010986 -9.920679
10953 1444993624.168293 -0.049439 0.010986 -10.008569
10954 1444993624.178454 -0.049439 0.010986 -10.008569
10955 1444993624.188660 -0.049439 0.010986 -10.008569
10956 1444993624.198901 0.038452 0.010986 -10.008569
10957 1444993624.208979 -0.049439 -0.076904 -10.008569
10958 1444993624.214700 0.038452 0.010986 -10.008569
10959 1444993624.224967 0.038452 0.010986 -10.008569
10960 1444993624.235004 -0.049439 0.010986 -10.008569
10961 1444993624.241945 0.038452 0.010986 -10.008569
10962 1444993624.252199 -0.049439 0.010986 -10.008569
10963 1444993624.266536 0.038452 -0.076904 -10.008569
10964 1444993624.276544 0.038452 -0.076904 -10.008569
10965 1444993624.286944 0.038452 0.010986 -9.920679
10966 1444993624.297038 0.038452 0.010986 -10.008569
10967 1444993624.306968 0.038452 -0.076904 -10.008569
10968 1444993624.317136 -0.049439 0.010986 -10.008569
10969 1444993624.327713 -0.049439 0.010986 -10.008569
10970 1444993624.337520 0.038452 0.010986 -10.008569
10971 1444993624.348340 -0.049439 -0.076904 -10.008569
10972 1444993624.358095 -0.049439 0.010986 -10.008569
10973 1444993624.368118 0.038452 0.010986 -10.008569
10974 1444993624.378195 0.038452 0.010986 -10.008569
10975 1444993624.388215 -0.049439 0.010986 -10.008569
10976 1444993624.399405 0.038452 0.010986 -10.008569
10977 1444993624.408464 -0.049439 -0.076904 -10.008569
10978 1444993624.418525 -0.049439 0.010986 -10.008569
10979 1444993624.428600 0.038452 0.010986 -10.008569
10980 1444993624.438883 -0.049439 0.010986 -10.008569
10981 1444993624.449755 0.038452 0.010986 -10.008569
10982 1444993624.459212 -0.049439 -0.076904 -10.008569
10983 1444993624.469107 -0.049439 0.010986 -10.008569
10984 1444993624.479368 0.038452 0.010986 -9.920679
10985 1444993624.489430 0.038452 0.010986 -10.008569
10986 1444993624.496639 0.038452 0.010986 -10.008569
10987 1444993624.509682 -0.049439 0.010986 -10.008569
10988 1444993624.519924 -0.049439 0.010986 -9.920679
10989 1444993624.527901 0.038452 0.010986 -10.008569
10990 1444993624.536349 -0.049439 0.010986 -10.008569
10991 1444993624.547867 0.038452 0.010986 -9.920679
10992 1444993624.557220 -0.049439 0.010986 -10.008569
10993 1444993624.567390 0.038452 0.010986 -10.008569
10994 1444993624.577440 0.038452 0.010986 -10.008569
10995 1444993624.591541 0.038452 0.010986 -10.008569
10996 1444993624.601450 -0.049439 0.010986 -10.008569
10997 1444993624.611606 -0.049439 0.010986 -10.008569
10998 1444993624.621709 0.038452 0.010986 -10.008569
10999 1444993624.628357 -0.049439 0.010986 -10.008569
11000 1444993624.637887 0.038452 0.010986 -10.008569
11001 1444993624.648228 0.038452 0.010986 -10.008569
11002 1444993624.658492 0.038452 -0.076904 -10.008569
11003 1444993624.668594 0.038452 0.010986 -10.008569
11004 1444993624.678785 -0.049439 0.010986 -10.008569
11005 1444993624.688989 0.038452 0.010986 -10.008569
11006 1444993624.699074 -0.049439 0.010986 -10.008569
11007 1444993624.709236 -0.049439 -0.076904 -10.008569
11008 1444993624.719429 0.038452 -0.076904 -10.008569
11009 1444993624.729539 0.038452 -0.076904 -10.008569
11010 1444993624.739681 0.038452 0.010986 -10.008569
11011 1444993624.749746 -0.049439 0.010986 -10.008569
11012 1444993624.759911 -0.049439 -0.076904 -10.008569
11013 1444993624.769961 0.038452 0.010986 -10.008569
11014 1444993624.780011 -0.049439 0.010986 -10.008569
11015 1444993624.791665 0.038452 -0.076904 -10.008569
11016 1444993624.802024 0.038452 0.010986 -10.008569
11017 1444993624.811872 -0.049439 0.010986 -9.920679
11018 1444993624.821433 0.038452 0.010986 -10.008569
11019 1444993624.831937 -0.049439 0.010986 -10.008569
11020 1444993624.842219 -0.049439 0.010986 -10.008569
11021 1444993624.852375 -0.049439 0.010986 -9.920679
11022 1444993624.862146 -0.049439 0.010986 -10.008569
11023 1444993624.872329 -0.049439 0.010986 -10.008569
11024 1444993624.882200 0.038452 0.010986 -10.008569
11025 1444993624.892840 0.038452 0.010986 -10.008569
11026 1444993624.902904 0.038452 0.010986 -10.008569
11027 1444993624.912711 0.038452 -0.076904 -10.008569
11028 1444993624.922873 -0.049439 0.010986 -10.008569
11029 1444993624.932899 -0.049439 0.010986 -10.008569
11030 1444993624.943215 0.038452 0.010986 -10.008569
11031 1444993624.953228 0.038452 0.010986 -10.008569
11032 1444993624.962931 0.038452 0.010986 -10.008569
11033 1444993624.973012 0.038452 0.010986 -10.008569
11034 1444993624.983110 0.038452 0.010986 -10.008569
11035 1444993624.993385 -0.049439 0.010986 -10.008569
11036 1444993625.003504 -0.049439 -0.076904 -10.008569
11037 1444993625.013535 -0.049439 0.010986 -9.920679
11038 1444993625.024013 0.038452 0.010986 -10.008569
11039 1444993625.034069 -0.049439 0.010986 -10.008569
11040 1444993625.044103 -0.049439 0.010986 -10.008569
11041 1444993625.051901 0.038452 0.010986 -10.008569
11042 1444993625.064184 -0.049439 0.010986 -10.008569
11043 1444993625.071593 0.038452 0.010986 -10.008569
11044 1444993625.085537 0.038452 0.010986 -9.920679
11045 1444993625.092000 -0.049439 0.010986 -9.920679
11046 1444993625.105841 0.038452 0.010986 -10.008569
11047 1444993625.111529 0.038452 0.010986 -10.008569
11048 1444993625.121618 -0.049439 0.010986 -9.920679
11049 1444993625.131611 -0.049439 0.010986 -9.920679
11050 1444993625.141961 0.038452 0.010986 -9.920679
11051 1444993625.157642 0.038452 0.010986 -9.920679
11052 1444993625.167744 0.038452 0.010986 -9.920679
11053 1444993625.172179 -0.049439 -0.076904 -9.920679
11054 1444993625.182127 0.038452 0.010986 -9.920679
11055 1444993625.192409 -0.049439 0.010986 -9.920679
11056 1444993625.202368 0.038452 0.010986 -9.920679
11057 1444993625.213598 0.038452 0.010986 -9.920679
11058 1444993625.223494 0.038452 0.010986 -9.920679
11059 1444993625.233908 0.038452 0.010986 -9.832788
11060 1444993625.244000 0.038452 0.010986 -9.832788
11061 1444993625.252404 0.038452 0.010986 -9.744897
11062 1444993625.264751 0.038452 0.010986 -9.744897
11063 1444993625.274877 0.038452 0.010986 -9.744897
11064 1444993625.284888 0.038452 0.010986 -9.657006
11065 1444993625.295115 0.038452 0.010986 -9.569115
11066 1444993625.301560 0.038452 0.010986 -9.481224
11067 1444993625.311646 0.038452 0.010986 -9.481224
11068 1444993625.321398 0.038452 0.010986 -9.393333
11069 1444993625.336441 0.038452 0.010986 -9.305443
11070 1444993625.346622 0.038452 0.010986 -9.217552
11071 1444993625.356334 0.038452 0.010986 -9.129661
11072 1444993625.366538 0.038452 0.010986 -9.04177
11073 1444993625.376613 0.038452 0.010986 -8.953879
11074 1444993625.386848 0.038452 0.010986 -8.953879
11075 1444993625.396601 0.038452 0.010986 -8.865988
11076 1444993625.406792 0.038452 0.010986 -8.778098
11077 1444993625.417191 0.038452 0.010986 -8.690207
11078 1444993625.427852 0.038452 0.010986 -8.690207
11079 1444993625.438040 0.038452 0.010986 -8.602316
11080 1444993625.448050 0.038452 0.098877 -8.514425
11081 1444993625.458150 0.038452 0.098877 -8.514425
11082 1444993625.468287 0.038452 0.010986 -8.426534
11083 1444993625.478411 0.038452 0.010986 -8.338643
11084 1444993625.488513 0.038452 0.010986 -8.338643
11085 1444993625.498635 0.038452 0.098877 -8.250753
11086 1444993625.508775 0.038452 0.010986 -8.162862
11087 1444993625.519010 0.038452 0.098877 -8.162862
11088 1444993625.529140 0.038452 0.010986 -8.074971
11089 1444993625.539358 0.038452 0.010986 -8.074971
11090 1444993625.549368 0.038452 0.010986 -8.074971
11091 1444993625.559669 0.038452 0.010986 -7.98708
11092 1444993625.570068 0.038452 0.010986 -7.98708
11093 1444993625.580168 0.038452 0.010986 -7.899189
11094 1444993625.590117 0.038452 0.010986 -7.899189
11095 1444993625.596534 0.038452 0.010986 -7.811298
11096 1444993625.610460 0.038452 0.010986 -7.811298
11097 1444993625.621474 -0.049439 0.010986 -7.723408
11098 1444993625.626438 0.038452 0.010986 -7.723408
11099 1444993625.636379 0.038452 0.010986 -7.635517
11100 1444993625.646351 0.038452 0.010986 -7.635517
11101 1444993625.656603 -0.049439 0.010986 -7.547626
11102 1444993625.667567 -0.049439 0.010986 -7.459735
11103 1444993625.677276 -0.049439 0.010986 -7.459735
11104 1444993625.687313 0.038452 0.010986 -7.371844
11105 1444993625.697492 0.038452 0.010986 -7.283953
11106 1444993625.707566 -0.049439 0.010986 -7.196062
11107 1444993625.718327 0.038452 0.010986 -7.196062
11108 1444993625.728209 0.038452 0.010986 -7.108172
11109 1444993625.738303 0.038452 0.010986 -7.020281
11110 1444993625.746426 0.038452 0.010986 -7.020281
11111 1444993625.757148 0.038452 0.010986 -6.93239
11112 1444993625.768699 0.038452 0.010986 -6.844499
11113 1444993625.776578 0.038452 0.010986 -6.844499
11114 1444993625.786545 0.038452 0.010986 -6.756608
11115 1444993625.797965 0.038452 0.010986 -6.668717
11116 1444993625.809108 0.038452 0.010986 -6.580827
11117 1444993625.817349 0.038452 0.010986 -6.580827
11118 1444993625.829905 0.038452 0.010986 -6.492936
11119 1444993625.841796 0.038452 0.010986 -6.317154
11120 1444993625.851425 0.038452 0.010986 -6.317154
11121 1444993625.861686 -0.049439 0.010986 -6.229263
11122 1444993625.871828 -0.049439 0.010986 -6.141372
11123 1444993625.881897 0.038452 0.010986 -6.053482
11124 1444993625.893090 -0.049439 0.010986 -5.965591
11125 1444993625.902431 0.038452 0.010986 -5.965591
11126 1444993625.912151 0.038452 0.010986 -5.8777
11127 1444993625.922207 0.038452 0.010986 -5.789809
11128 1444993625.932630 0.038452 0.010986 -5.701918
11129 1444993625.943002 0.038452 0.010986 -5.614027
11130 1444993625.952410 0.038452 0.010986 -5.526137
11131 1444993625.962950 -0.049439 0.010986 -5.438246
11132 1444993625.973135 0.038452 0.010986 -5.350355
11133 1444993625.983355 0.038452 0.010986 -5.262464
11134 1444993625.993558 -0.049439 0.010986 -5.174573
11135 1444993626.003840 -0.049439 0.010986 -5.086682
11136 1444993626.013766 -0.049439 0.010986 -4.998792
11137 1444993626.024009 -0.049439 0.010986 -4.910901
11138 1444993626.034150 -0.049439 0.010986 -4.82301
11139 1444993626.038989 -0.049439 0.010986 -4.735119
11140 1444993626.054348 0.038452 -0.076904 -4.641735
11141 1444993626.064411 -0.049439 -0.076904 -4.553844
11142 1444993626.072860 -0.049439 -0.076904 -4.465953
11143 1444993626.079563 -0.049439 -0.076904 -4.378062
11144 1444993626.089677 -0.049439 0.010986 -4.290172
11145 1444993626.097151 0.038452 -0.076904 -4.202281
11146 1444993626.110435 -0.049439 -0.076904 -4.11439
11147 1444993626.121323 0.038452 -0.076904 -3.938608
11148 1444993626.131410 0.038452 -0.076904 -3.850717
11149 1444993626.141436 0.038452 -0.076904 -3.762827
11150 1444993626.151469 -0.049439 0.010986 -3.674936
11151 1444993626.161455 0.038452 0.010986 -3.499154
11152 1444993626.171725 0.038452 0.010986 -3.499154
11153 1444993626.181730 0.038452 0.010986 -3.323372
11154 1444993626.191836 -0.049439 0.010986 -3.235482
11155 1444993626.201671 -0.049439 0.010986 -3.147591
11156 1444993626.212064 0.038452 0.010986 -3.0597
11157 1444993626.222311 0.038452 0.010986 -2.883918
11158 1444993626.232252 0.038452 0.010986 -2.796027
11159 1444993626.243449 0.038452 0.010986 -2.708136
11160 1444993626.253883 0.038452 0.010986 -2.532355
11161 1444993626.263681 0.038452 0.010986 -2.444464
11162 1444993626.273739 0.038452 0.010986 -2.356573
11163 1444993626.283870 0.038452 0.010986 -2.268682
11164 1444993626.294264 0.038452 0.010986 -2.180791
11165 1444993626.304252 0.038452 0.010986 -2.00501
11166 1444993626.314428 0.038452 0.010986 -1.917119
11167 1444993626.324476 0.038452 0.010986 -1.829228
11168 1444993626.334537 0.038452 0.010986 -1.653446
11169 1444993626.344732 0.038452 0.010986 -1.565556
11170 1444993626.351436 0.038452 0.010986 -1.477665
11171 1444993626.361291 0.038452 0.010986 -1.301883
11172 1444993626.376430 -0.049439 0.010986 -1.126101
11173 1444993626.386245 0.038452 0.010986 -1.038211
11174 1444993626.396531 0.038452 0.010986 -0.862429
11175 1444993626.401746 0.038452 0.010986 -0.774538
11176 1444993626.416365 0.038452 0.010986 -0.686647
11177 1444993626.426791 0.038452 0.010986 -0.510866
11178 1444993626.436661 0.038452 0.010986 -0.422975
11179 1444993626.446634 -0.049439 0.010986 -0.247193
11180 1444993626.456425 0.038452 0.010986 -0.159302
11181 1444993626.467400 0.038452 0.010986 0.01648
11182 1444993626.477410 0.038452 0.010986 0.10437
11183 1444993626.487563 0.038452 0.010986 0.280152
11184 1444993626.497591 0.038452 0.010986 0.368043
11185 1444993626.507645 0.038452 0.010986 0.543825
11186 1444993626.517678 0.038452 0.010986 0.631715
11187 1444993626.522442 0.038452 0.010986 0.719606
11188 1444993626.532769 0.038452 0.010986 0.807497
11189 1444993626.543741 0.038452 0.010986 0.983279
11190 1444993626.553232 0.038452 0.098877 1.15906
11191 1444993626.563396 0.038452 0.010986 1.246951
11192 1444993626.573498 0.038452 0.010986 1.334842
11193 1444993626.583371 0.038452 0.010986 1.510624
11194 1444993626.593734 0.038452 0.010986 1.598515
11195 1444993626.601899 0.038452 0.010986 1.774296
11196 1444993626.614256 0.038452 0.010986 1.862187
11197 1444993626.621292 0.038452 0.010986 2.037969
11198 1444993626.634428 0.038452 0.010986 2.12586
11199 1444993626.641612 0.038452 0.010986 2.301641
11200 1444993626.654661 0.038452 0.010986 2.389532
11201 1444993626.664789 0.038452 0.010986 2.565314
11202 1444993626.675086 0.038452 0.010986 2.653205
11203 1444993626.686473 0.038452 0.010986 2.916877
11204 1444993626.696656 0.038452 0.010986 3.092659
11205 1444993626.706730 0.038452 0.010986 3.18055
11206 1444993626.716834 0.038452 0.010986 3.268441
11207 1444993626.727043 -0.049439 0.010986 3.444222
11208 1444993626.737174 0.038452 0.010986 3.620004
11209 1444993626.747445 0.038452 0.010986 3.707895
11210 1444993626.757266 0.038452 0.010986 3.883676
11211 1444993626.767766 0.038452 0.010986 4.059458
11212 1444993626.777796 0.038452 0.010986 4.147349
11213 1444993626.788165 0.038452 0.010986 4.323131
11214 1444993626.797734 0.038452 0.010986 4.411022
11215 1444993626.808259 0.038452 0.010986 4.586803
11216 1444993626.818622 0.038452 0.010986 4.762585
11217 1444993626.828515 0.038452 0.010986 4.938367
11218 1444993626.838654 0.038452 0.010986 5.026257
11219 1444993626.848763 0.038452 0.010986 5.202039
11220 1444993626.858788 0.038452 0.010986 5.28993
11221 1444993626.868916 0.038452 0.010986 5.465712
11222 1444993626.878996 0.038452 0.010986 5.641493
11223 1444993626.889118 0.038452 0.010986 5.729384
11224 1444993626.896882 0.038452 0.010986 5.905166
11225 1444993626.906441 0.038452 0.010986 6.080947
11226 1444993626.919957 0.038452 0.010986 6.168838
11227 1444993626.930106 0.038452 0.010986 6.34462
11228 1444993626.936409 0.038452 0.010986 6.432511
11229 1444993626.946635 0.038452 0.010986 6.608293
11230 1444993626.956262 0.038452 0.010986 6.784074
11231 1444993626.966697 -0.049439 0.010986 6.871965
11232 1444993626.976927 -0.049439 0.010986 7.047747
11233 1444993626.987025 -0.049439 0.010986 7.223528
11234 1444993626.997121 -0.049439 0.010986 7.39931
11235 1444993627.006973 0.038452 0.010986 7.487201
11236 1444993627.016832 -0.049439 0.010986 7.662983
11237 1444993627.027100 0.038452 0.010986 7.838764
11238 1444993627.037446 0.038452 0.010986 8.014546
11239 1444993627.047477 0.038452 0.010986 8.190328
11240 1444993627.057435 -0.049439 0.010986 8.366109
11241 1444993627.067374 0.038452 0.010986 8.454
11242 1444993627.077639 -0.049439 0.010986 8.629782
11243 1444993627.087686 -0.049439 0.010986 8.805563
11244 1444993627.097913 -0.049439 0.010986 8.893454
11245 1444993627.107659 -0.049439 0.010986 9.069236
11246 1444993627.117971 -0.049439 0.010986 9.245018
11247 1444993627.128316 -0.049439 0.010986 9.420799
11248 1444993627.138306 -0.049439 0.010986 9.596581
11249 1444993627.146565 -0.049439 0.010986 9.772363
11250 1444993627.159711 -0.049439 -0.076904 9.860254
11251 1444993627.169931 -0.049439 -0.076904 10.036035
11252 1444993627.180030 -0.049439 0.010986 10.211817
11253 1444993627.190083 -0.049439 0.010986 10.387599
11254 1444993627.201923 -0.049439 0.010986 10.56338
11255 1444993627.211676 -0.049439 0.010986 10.739162
11256 1444993627.221291 -0.049439 0.010986 10.914944
11257 1444993627.231394 -0.049439 0.010986 11.178616
11258 1444993627.241740 -0.049439 0.010986 11.266507
11259 1444993627.251409 -0.049439 0.010986 11.442289
11260 1444993627.261689 -0.049439 0.010986 11.61807
11261 1444993627.271617 0.038452 0.010986 11.793852
11262 1444993627.281713 -0.049439 0.010986 11.969634
11263 1444993627.292461 -0.049439 0.010986 12.145415
11264 1444993627.302050 -0.049439 0.010986 12.321197
11265 1444993627.312465 -0.049439 0.010986 12.409088
11266 1444993627.322536 -0.049439 0.010986 12.67276
11267 1444993627.332449 -0.049439 0.010986 12.760651
11268 1444993627.342829 -0.049439 0.010986 12.936433
11269 1444993627.352939 -0.049439 -0.076904 13.112215
11270 1444993627.363195 0.038452 0.010986 13.287996
11271 1444993627.373299 0.038452 -0.076904 13.463778
11272 1444993627.383411 -0.049439 0.010986 13.63956
11273 1444993627.393537 -0.049439 0.010986 13.815341
11274 1444993627.403725 -0.049439 0.010986 13.991123
11275 1444993627.413763 -0.049439 0.010986 14.079014
11276 1444993627.423912 0.038452 0.010986 14.342686
11277 1444993627.434031 -0.049439 -0.076904 14.430577
11278 1444993627.439176 -0.049439 -0.076904 14.518468
11279 1444993627.449269 -0.049439 -0.076904 14.69425
11280 1444993627.459401 -0.049439 -0.076904 14.870031
11281 1444993627.469533 -0.049439 0.010986 15.045813
11282 1444993627.479881 -0.049439 0.010986 15.221595
11283 1444993627.486418 -0.049439 0.010986 15.397376
11284 1444993627.496874 0.038452 0.010986 15.573158
11285 1444993627.511908 -0.049439 0.010986 15.74894
11286 1444993627.522206 -0.049439 0.010986 15.924721
11287 1444993627.532052 -0.049439 0.010986 16.100503
11288 1444993627.542455 -0.049439 0.010986 16.276285
11289 1444993627.552127 -0.049439 0.010986 16.452067
11290 1444993627.562540 -0.049439 0.010986 16.539957
11291 1444993627.572634 -0.049439 0.010986 16.80363
11292 1444993627.582756 -0.049439 0.010986 16.891521
11293 1444993627.593399 -0.049439 -0.076904 17.067302
11294 1444993627.602753 -0.049439 0.010986 17.243084
11295 1444993627.613193 -0.049439 0.010986 17.418866
11296 1444993627.623164 -0.049439 -0.076904 17.594647
11297 1444993627.633651 -0.049439 -0.076904 17.770429
11298 1444993627.644057 -0.049439 -0.076904 17.951704
11299 1444993627.653826 -0.049439 0.010986 18.039595
11300 1444993627.663952 -0.049439 0.010986 18.215377
11301 1444993627.674073 -0.049439 0.010986 18.391158
11302 1444993627.684142 -0.049439 0.010986 18.56694
11303 1444993627.694345 -0.049439 0.010986 18.742722
11304 1444993627.704287 0.038452 0.010986 18.918503
11305 1444993627.714440 0.038452 0.010986 19.006394
11306 1444993627.724673 -0.049439 0.010986 19.270067
11307 1444993627.734747 0.038452 0.010986 19.357957
11308 1444993627.745348 -0.049439 0.010986 19.533739
11309 1444993627.755523 -0.049439 0.010986 19.709521
11310 1444993627.761527 -0.049439 0.010986 19.885302
11311 1444993627.775752 -0.049439 0.010986 19.973193
11312 1444993627.781489 -0.049439 0.010986 20.148975
11313 1444993627.792665 -0.049439 0.010986 20.324757
11314 1444993627.802997 -0.049439 0.010986 20.500538
11315 1444993627.812541 -0.049439 0.010986 20.67632
11316 1444993627.822639 -0.049439 0.010986 20.852102
11317 1444993627.832160 -0.049439 0.010986 21.027883
11318 1444993627.842334 -0.049439 -0.076904 21.115774
11319 1444993627.852203 0.038452 -0.076904 21.291556
11320 1444993627.862693 -0.049439 0.010986 21.467338
11321 1444993627.872799 -0.049439 -0.076904 21.643119
11322 1444993627.882790 -0.049439 0.010986 21.818901
11323 1444993627.892961 -0.049439 -0.076904 21.906792
11324 1444993627.902871 -0.049439 0.010986 22.082573
11325 1444993627.913051 -0.049439 0.010986 22.258355
11326 1444993627.923307 -0.049439 0.010986 22.434137
11327 1444993627.933126 -0.049439 -0.076904 22.609918
11328 1444993627.943484 -0.049439 0.010986 22.7857
11329 1444993627.954378 0.038452 -0.076904 22.873591
11330 1444993627.964511 -0.049439 -0.076904 23.049373
11331 1444993627.974631 -0.049439 0.010986 23.225154
11332 1444993627.984762 0.038452 0.010986 23.400936
11333 1444993627.996528 -0.049439 0.010986 23.664609
11334 1444993628.005092 -0.049439 -0.076904 23.664609
11335 1444993628.015146 -0.049439 0.010986 23.84039
11336 1444993628.026215 -0.049439 0.010986 24.104063
11337 1444993628.036415 -0.049439 -0.076904 24.279844
11338 1444993628.042742 -0.049439 -0.076904 24.367735
11339 1444993628.056630 -0.049439 0.010986 24.631408
11340 1444993628.066672 -0.049439 0.010986 24.807189
11341 1444993628.076451 -0.049439 0.010986 24.89508
11342 1444993628.086708 -0.049439 0.010986 25.070862
11343 1444993628.096945 -0.049439 -0.076904 25.246644
11344 1444993628.107231 -0.049439 0.010986 25.334535
11345 1444993628.117618 -0.049439 0.010986 25.510316
11346 1444993628.128249 0.038452 0.010986 25.686098
11347 1444993628.138020 0.038452 0.010986 25.86188
11348 1444993628.147518 0.038452 0.010986 26.037661
11349 1444993628.157678 0.038452 0.010986 26.125552
11350 1444993628.168207 -0.049439 0.010986 26.301334
11351 1444993628.178284 -0.049439 0.010986 26.477115
11352 1444993628.188335 -0.049439 0.010986 26.565006
11353 1444993628.198491 -0.049439 0.010986 26.740788
11354 1444993628.208586 -0.049439 0.010986 26.91657
11355 1444993628.218769 -0.049439 0.010986 27.092351
11356 1444993628.228866 -0.049439 0.010986 27.268133
11357 1444993628.238934 -0.049439 0.010986 27.356024
11358 1444993628.249185 0.038452 0.010986 27.531805
11359 1444993628.259415 -0.049439 0.010986 27.707587
11360 1444993628.269516 -0.049439 0.010986 27.795478
11361 1444993628.279519 0.038452 0.010986 27.97126
11362 1444993628.289656 0.038452 0.010986 28.147041
11363 1444993628.299761 0.038452 0.010986 28.234932
11364 1444993628.307277 0.038452 0.010986 28.410714
11365 1444993628.314780 -0.049439 0.010986 28.498605
11366 1444993628.325022 -0.049439 -0.076904 28.586496
11367 1444993628.332028 -0.049439 0.010986 28.762277
11368 1444993628.342240 -0.049439 -0.076904 28.938059
11369 1444993628.356401 -0.049439 0.010986 29.113841
11370 1444993628.366805 -0.049439 0.010986 29.289622
11371 1444993628.376965 -0.049439 -0.076904 29.465404
11372 1444993628.387099 -0.049439 0.010986 29.553295
11373 1444993628.397527 -0.049439 0.010986 29.729076
11374 1444993628.407515 -0.049439 -0.076904 29.816967
11375 1444993628.417289 -0.049439 0.010986 29.992749
11376 1444993628.427144 -0.049439 0.010986 30.08064
11377 1444993628.437631 -0.049439 0.010986 30.256422
11378 1444993628.448082 -0.049439 0.010986 30.432203
11379 1444993628.458089 -0.049439 0.010986 30.520094
11380 1444993628.468258 -0.049439 -0.076904 30.695876
11381 1444993628.478341 -0.049439 0.010986 30.783767
11382 1444993628.488476 0.038452 0.010986 30.959548
11383 1444993628.498500 -0.049439 -0.076904 31.047439
11384 1444993628.508693 -0.049439 0.010986 31.13533
11385 1444993628.518863 -0.049439 0.010986 31.311112
11386 1444993628.529086 -0.049439 0.010986 31.486893
11387 1444993628.539254 0.038452 -0.076904 31.574784
11388 1444993628.549443 -0.049439 0.010986 31.750566
11389 1444993628.559578 -0.049439 -0.076904 31.838457
11390 1444993628.569706 -0.049439 0.010986 32.014238
11391 1444993628.579806 -0.049439 -0.076904 32.102129
11392 1444993628.589947 -0.049439 0.010986 32.277911
11393 1444993628.597056 -0.049439 0.010986 32.365802
11394 1444993628.606945 -0.049439 0.010986 32.453693
11395 1444993628.621487 -0.049439 0.010986 32.629474
11396 1444993628.631591 -0.049439 0.010986 32.805256
11397 1444993628.636798 -0.049439 0.010986 32.893147
11398 1444993628.650955 0.038452 0.010986 32.981038
11399 1444993628.656367 0.038452 0.010986 33.068928
11400 1444993628.671772 -0.049439 0.010986 33.332601
11401 1444993628.681769 -0.049439 0.010986 33.420492
11402 1444993628.692198 -0.049439 0.010986 33.596273
11403 1444993628.702179 -0.049439 -0.076904 33.684164
11404 1444993628.712146 -0.049439 0.010986 33.772055
11405 1444993628.722442 -0.049439 0.010986 33.947837
11406 1444993628.732521 0.038452 0.010986 34.035728
11407 1444993628.737857 -0.049439 0.010986 34.123618
11408 1444993628.748050 -0.049439 0.010986 34.211509
11409 1444993628.758051 -0.049439 -0.076904 34.2994
11410 1444993628.768335 -0.049439 0.010986 34.475182
11411 1444993628.778503 -0.049439 0.010986 34.563073
11412 1444993628.788585 0.038452 -0.076904 34.738854
11413 1444993628.798699 -0.049439 0.010986 34.826745
11414 1444993628.809848 0.038452 0.010986 34.914636
11415 1444993628.821342 -0.049439 0.010986 35.090418
11416 1444993628.830133 -0.049439 0.010986 35.178309
11417 1444993628.841533 -0.049439 0.010986 35.35409
11418 1444993628.851595 -0.049439 0.010986 35.441981
11419 1444993628.861474 -0.049439 -0.076904 35.529872
11420 1444993628.871758 -0.049439 0.010986 35.617763
11421 1444993628.881773 -0.049439 0.010986 35.793544
11422 1444993628.891988 -0.049439 0.010986 35.881435
11423 1444993628.902373 -0.049439 0.010986 35.969326
11424 1444993628.912218 -0.049439 0.010986 36.057217
11425 1444993628.922258 -0.049439 0.010986 36.145108
11426 1444993628.932258 -0.049439 0.010986 36.232999
11427 1444993628.943427 -0.049439 0.010986 36.320889
11428 1444993628.953111 0.038452 0.010986 36.496671
11429 1444993628.962619 -0.049439 0.010986 36.584562
11430 1444993628.972550 -0.049439 0.010986 36.672453
11431 1444993628.983052 -0.049439 0.010986 36.760344
11432 1444993628.993758 -0.049439 0.010986 36.848234
11433 1444993629.003908 -0.049439 0.010986 36.936125
11434 1444993629.013075 -0.049439 0.010986 37.024016
11435 1444993629.023135 -0.049439 0.010986 37.199798
11436 1444993629.033151 -0.049439 0.010986 37.287689
11437 1444993629.043453 0.038452 0.010986 37.37558
11438 1444993629.053574 -0.049439 0.010986 37.46347
11439 1444993629.063605 -0.049439 0.010986 37.551361
11440 1444993629.073637 -0.049439 0.010986 37.639252
11441 1444993629.083895 -0.049439 0.010986 37.727143
11442 1444993629.093885 -0.049439 0.010986 37.815034
11443 1444993629.103833 -0.049439 0.010986 37.902925
11444 1444993629.114008 -0.049439 -0.076904 37.990815
11445 1444993629.124115 0.038452 0.010986 38.078706
11446 1444993629.134205 -0.049439 0.010986 38.166597
11447 1444993629.144380 -0.049439 0.010986 38.254488
11448 1444993629.154652 -0.049439 -0.076904 38.342379
11449 1444993629.164684 -0.049439 -0.076904 38.43027
11450 1444993629.174702 -0.049439 0.010986 38.51816
11451 1444993629.184875 0.038452 -0.076904 38.606051
11452 1444993629.194954 -0.049439 0.010986 38.693942
11453 1444993629.205098 -0.049439 0.010986 38.781833
11454 1444993629.215153 -0.049439 0.010986 38.869724
11455 1444993629.225282 -0.049439 0.010986 38.957615
11456 1444993629.231682 -0.049439 0.010986 39.045505
11457 1444993629.241542 -0.049439 -0.076904 39.133396
11458 1444993629.251723 -0.049439 -0.076904 39.221287
11459 1444993629.261497 -0.049439 0.010986 39.221287
11460 1444993629.271749 -0.049439 0.010986 39.309178
11461 1444993629.281794 0.038452 -0.076904 39.397069
11462 1444993629.292238 -0.049439 0.010986 39.397069
11463 1444993629.302004 -0.049439 -0.076904 39.48496
11464 1444993629.312365 -0.049439 0.010986 39.572851
11465 1444993629.322464 0.038452 0.010986 39.660741
11466 1444993629.332615 0.038452 0.010986 39.748632
11467 1444993629.344134 0.038452 0.010986 39.748632
11468 1444993629.354222 -0.049439 0.010986 39.836523
11469 1444993629.364266 0.038452 0.010986 39.924414
11470 1444993629.374417 -0.049439 0.010986 39.924414
11471 1444993629.384546 -0.049439 0.010986 40.012305
11472 1444993629.394762 -0.049439 -0.076904 40.100196
11473 1444993629.404868 0.038452 -0.076904 40.188086
11474 1444993629.414996 0.038452 0.010986 40.275977
11475 1444993629.425050 0.038452 0.010986 40.275977
11476 1444993629.435134 -0.049439 0.010986 40.369361
11477 1444993629.446466 -0.049439 0.010986 40.457252
11478 1444993629.456427 0.038452 0.010986 40.545143
11479 1444993629.466440 0.038452 0.010986 40.633034
11480 1444993629.476500 -0.049439 0.010986 40.633034
11481 1444993629.486642 0.038452 0.010986 40.720925
11482 1444993629.496499 -0.049439 0.010986 40.808815
11483 1444993629.506482 -0.049439 0.010986 40.808815
11484 1444993629.516723 -0.049439 0.010986 40.896706
11485 1444993629.526773 -0.049439 0.010986 40.984597
11486 1444993629.536957 0.038452 0.010986 40.984597
11487 1444993629.547173 0.038452 0.010986 41.072488
11488 1444993629.557155 -0.049439 0.010986 41.072488
11489 1444993629.567360 0.038452 0.010986 41.160379
11490 1444993629.577508 0.038452 0.010986 41.160379
11491 1444993629.587591 0.038452 0.010986 41.24827
11492 1444993629.597525 -0.049439 0.010986 41.33616
11493 1444993629.607482 0.038452 0.010986 41.33616
11494 1444993629.618271 0.038452 0.010986 41.424051
11495 1444993629.628160 0.038452 0.010986 41.424051
11496 1444993629.638513 0.038452 0.010986 41.511942
11497 1444993629.648985 -0.049439 0.010986 41.511942
11498 1444993629.658865 -0.049439 0.010986 41.599833
11499 1444993629.669114 0.038452 0.010986 41.599833
11500 1444993629.678944 -0.049439 0.010986 41.687724
11501 1444993629.689215 -0.049439 0.010986 41.687724
11502 1444993629.696668 -0.049439 0.010986 41.687724
11503 1444993629.709355 -0.049439 0.010986 41.775615
11504 1444993629.711381 -0.049439 -0.076904 41.775615
11505 1444993629.721662 -0.049439 0.010986 41.863506
11506 1444993629.734495 -0.049439 0.010986 41.863506
11507 1444993629.741590 -0.049439 0.010986 41.863506
11508 1444993629.752293 -0.049439 0.010986 41.951396
11509 1444993629.767117 -0.049439 0.010986 42.039287
11510 1444993629.777128 -0.049439 0.010986 42.039287
11511 1444993629.787225 -0.049439 0.010986 42.127178
11512 1444993629.797457 -0.049439 0.010986 42.127178
11513 1444993629.807458 -0.049439 0.010986 42.215069
11514 1444993629.817590 -0.049439 -0.076904 42.215069
11515 1444993629.827555 -0.049439 -0.076904 42.30296
11516 1444993629.837760 -0.049439 0.010986 42.30296
11517 1444993629.848001 -0.049439 0.010986 42.30296
11518 1444993629.858441 -0.049439 0.010986 42.390851
11519 1444993629.868208 -0.049439 0.010986 42.390851
11520 1444993629.878252 -0.049439 -0.076904 42.390851
11521 1444993629.888499 -0.049439 -0.076904 42.478741
11522 1444993629.898458 0.038452 0.010986 42.478741
11523 1444993629.908442 -0.049439 0.010986 42.566632
11524 1444993629.918801 -0.049439 0.010986 42.566632
11525 1444993629.928804 0.038452 -0.076904 42.566632
11526 1444993629.938950 0.038452 0.010986 42.654523
11527 1444993629.949258 -0.049439 0.010986 42.654523
11528 1444993629.959322 0.038452 0.010986 42.654523
11529 1444993629.969421 0.038452 0.010986 42.742414
11530 1444993629.979523 -0.049439 0.010986 42.742414
11531 1444993629.989612 -0.049439 0.010986 42.742414
11532 1444993629.996429 -0.049439 0.010986 42.830305
11533 1444993630.006377 0.038452 0.010986 42.830305
11534 1444993630.019863 0.038452 0.010986 42.830305
11535 1444993630.029976 -0.049439 0.010986 42.830305
11536 1444993630.040064 -0.049439 0.010986 42.830305
11537 1444993630.051545 -0.049439 0.010986 42.918196
11538 1444993630.061396 0.038452 0.010986 42.918196
11539 1444993630.071609 0.038452 0.010986 42.918196
11540 1444993630.081568 0.038452 0.010986 42.918196
11541 1444993630.091863 0.038452 0.010986 43.006086
11542 1444993630.096899 -0.049439 0.010986 43.006086
11543 1444993630.111967 0.038452 0.010986 43.006086
11544 1444993630.121925 0.038452 0.010986 43.006086
11545 1444993630.131550 0.038452 0.010986 43.006086
11546 1444993630.137306 -0.049439 0.010986 43.093977
11547 1444993630.146679 0.038452 0.010986 43.093977
11548 1444993630.162308 -0.049439 0.010986 43.093977
11549 1444993630.172298 -0.049439 0.010986 43.093977
11550 1444993630.182303 -0.049439 0.010986 43.093977
11551 1444993630.187962 0.038452 0.010986 43.093977
11552 1444993630.197849 0.038452 0.010986 43.093977
11553 1444993630.207752 0.038452 0.010986 43.181868
11554 1444993630.218008 -0.049439 0.010986 43.181868
11555 1444993630.227957 0.038452 0.010986 43.181868
11556 1444993630.238451 -0.049439 0.010986 43.181868
11557 1444993630.248400 -0.049439 0.010986 43.181868
11558 1444993630.256363 -0.049439 0.010986 43.269759
11559 1444993630.269661 0.038452 0.010986 43.269759
11560 1444993630.279774 -0.049439 0.010986 43.269759
11561 1444993630.290153 0.038452 0.010986 43.269759
11562 1444993630.296655 0.038452 0.010986 43.35765
11563 1444993630.306627 0.038452 0.010986 43.35765
11564 1444993630.321241 0.038452 0.010986 43.35765
11565 1444993630.331372 -0.049439 0.010986 43.35765
11566 1444993630.341624 0.038452 0.010986 43.35765
11567 1444993630.351461 -0.049439 0.010986 43.35765
11568 1444993630.361480 -0.049439 0.010986 43.35765
11569 1444993630.371868 -0.049439 0.010986 43.35765
11570 1444993630.381653 -0.049439 0.010986 43.35765
11571 1444993630.392231 -0.049439 0.010986 43.35765
11572 1444993630.402137 0.038452 0.010986 43.35765
11573 1444993630.412322 -0.049439 0.010986 43.35765
11574 1444993630.422366 -0.049439 0.010986 43.445541
11575 1444993630.432412 -0.049439 -0.076904 43.445541
11576 1444993630.442785 0.038452 0.010986 43.445541
11577 1444993630.452962 -0.049439 0.010986 43.445541
11578 1444993630.462884 -0.049439 -0.076904 43.35765
11579 1444993630.472973 -0.049439 -0.076904 43.445541
11580 1444993630.482925 -0.049439 -0.076904 43.445541
11581 1444993630.493316 -0.049439 0.010986 43.445541
11582 1444993630.503513 -0.049439 -0.076904 43.445541
11583 1444993630.513499 -0.049439 0.010986 43.445541
11584 1444993630.523561 0.038452 -0.076904 43.445541
11585 1444993630.533711 -0.049439 0.010986 43.35765
11586 1444993630.543962 0.038452 -0.076904 43.445541
11587 1444993630.554403 -0.049439 0.010986 43.445541
11588 1444993630.564194 -0.049439 0.010986 43.445541
11589 1444993630.574158 -0.049439 0.010986 43.35765
11590 1444993630.584279 0.038452 0.010986 43.445541
11591 1444993630.594566 0.038452 0.010986 43.445541
11592 1444993630.604697 -0.049439 0.010986 43.445541
11593 1444993630.614889 0.038452 -0.076904 43.445541
11594 1444993630.624904 -0.049439 0.010986 43.445541
11595 1444993630.634945 -0.049439 0.010986 43.445541
11596 1444993630.644905 0.038452 0.010986 43.445541
11597 1444993630.655188 -0.049439 -0.076904 43.445541
11598 1444993630.665228 0.038452 0.010986 43.445541
11599 1444993630.675303 -0.049439 0.010986 43.445541
11600 1444993630.685393 0.038452 0.010986 43.445541
11601 1444993630.692802 -0.049439 0.010986 43.445541
11602 1444993630.702827 0.038452 0.010986 43.445541
11603 1444993630.711766 -0.049439 0.010986 43.35765
11604 1444993630.722337 -0.049439 0.010986 43.445541
11605 1444993630.733200 -0.049439 0.010986 43.35765
11606 1444993630.743444 0.038452 -0.076904 43.35765
11607 1444993630.753773 -0.049439 0.010986 43.35765
11608 1444993630.763712 -0.049439 -0.076904 43.35765
11609 1444993630.773915 -0.049439 0.010986 43.35765
11610 1444993630.784073 0.038452 0.010986 43.269759
11611 1444993630.794250 -0.049439 0.010986 43.181868
11612 1444993630.804180 -0.049439 0.010986 43.093977
11613 1444993630.814396 0.038452 0.010986 42.918196
11614 1444993630.824490 -0.049439 0.010986 42.742414
11615 1444993630.834592 -0.049439 0.010986 42.566632
11616 1444993630.846491 0.038452 0.010986 42.30296
11617 1444993630.856330 0.038452 0.010986 42.039287
11618 1444993630.865088 0.038452 0.010986 41.863506
11619 1444993630.876573 0.038452 0.010986 41.424051
11620 1444993630.886244 0.038452 0.010986 41.072488
11621 1444993630.897020 0.038452 0.010986 40.633034
11622 1444993630.906947 0.038452 0.010986 40.275977
11623 1444993630.916742 0.038452 0.010986 39.836523
11624 1444993630.921501 0.038452 0.010986 39.572851
11625 1444993630.937200 0.038452 -0.076904 38.869724
11626 1444993630.947645 0.038452 0.010986 38.342379
11627 1444993630.957134 0.038452 0.010986 37.727143
11628 1444993630.967411 0.038452 0.010986 37.199798
11629 1444993630.977682 0.038452 0.010986 36.584562
11630 1444993630.987672 0.038452 0.010986 35.969326
11631 1444993630.997981 0.038452 0.010986 35.266199
11632 1444993631.008091 0.038452 0.010986 34.563073
11633 1444993631.017934 0.038452 0.010986 33.859946
11634 1444993631.028066 0.038452 0.010986 33.068928
11635 1444993631.038180 0.038452 0.010986 32.365802
11636 1444993631.042659 0.038452 0.010986 31.926347
11637 1444993631.051345 0.038452 0.010986 31.13533
11638 1444993631.068382 0.038452 0.010986 29.904858
11639 1444993631.078372 0.038452 0.010986 29.113841
11640 1444993631.088495 0.038452 -0.076904 28.234932
11641 1444993631.098639 0.038452 0.010986 27.356024
11642 1444993631.106339 0.038452 0.010986 26.477115
11643 1444993631.113800 0.038452 0.010986 26.037661
11644 1444993631.123715 0.038452 -0.076904 25.158753
11645 1444993631.133952 0.038452 -0.076904 24.191954
11646 1444993631.141607 0.038452 -0.076904 23.313045
11647 1444993631.159625 0.038452 -0.076904 21.906792
11648 1444993631.164510 0.038452 0.010986 21.467338
11649 1444993631.171670 0.038452 -0.076904 20.588429
11650 1444993631.186634 0.038452 -0.076904 19.182176
11651 1444993631.196981 0.038452 -0.076904 18.303267
11652 1444993631.206896 0.038452 -0.076904 17.330975
11653 1444993631.217021 0.038452 0.010986 16.452067
11654 1444993631.227296 0.038452 0.010986 15.485267
11655 1444993631.237286 0.038452 -0.076904 14.606359
11656 1444993631.247961 0.038452 0.010986 13.63956
11657 1444993631.257408 0.038452 0.010986 12.760651
11658 1444993631.267857 0.038452 -0.076904 11.793852
11659 1444993631.277883 0.038452 -0.076904 10.827053
11660 1444993631.288065 0.038452 -0.076904 9.948144
11661 1444993631.298338 0.038452 0.010986 8.981345
11662 1444993631.308261 0.038452 -0.076904 8.014546
11663 1444993631.318486 0.038452 0.010986 7.135638
11664 1444993631.328863 0.038452 0.010986 6.256729
11665 1444993631.338675 0.038452 0.010986 5.377821
11666 1444993631.348916 0.038452 -0.076904 4.498912
11667 1444993631.359102 0.038452 -0.076904 3.707895
11668 1444993631.369187 0.038452 -0.076904 2.916877
11669 1444993631.379337 0.038452 -0.076904 2.12586
11670 1444993631.389370 0.038452 0.010986 1.422733
11671 1444993631.399480 0.038452 0.010986 0.719606
11672 1444993631.409491 0.038452 -0.076904 0.01648
11673 1444993631.419670 0.038452 0.010986 -0.598756
11674 1444993631.429739 0.038452 0.010986 -1.213992
11675 1444993631.439876 0.038452 -0.076904 -1.829228
11676 1444993631.446515 0.038452 0.010986 -2.444464
11677 1444993631.460126 0.038452 0.010986 -2.971809
11678 1444993631.466357 0.038452 0.010986 -3.499154
11679 1444993631.476415 0.038452 0.010986 -3.938608
11680 1444993631.486283 0.038452 0.010986 -4.378062
11681 1444993631.500659 0.038452 0.010986 -4.910901
11682 1444993631.511705 0.038452 0.010986 -5.526137
11683 1444993631.522790 0.038452 0.010986 -5.8777
11684 1444993631.532670 0.038452 0.010986 -6.229263
11685 1444993631.536728 0.038452 0.010986 -6.317154
11686 1444993631.546662 0.038452 0.010986 -6.668717
11687 1444993631.562626 0.038452 0.010986 -7.108172
11688 1444993631.567091 0.038452 0.010986 -7.283953
11689 1444993631.582742 0.038452 0.010986 -7.635517
11690 1444993631.593368 0.038452 0.010986 -7.811298
11691 1444993631.603490 0.038452 0.098877 -8.074971
11692 1444993631.613453 0.038452 0.098877 -8.250753
11693 1444993631.623491 0.038452 0.010986 -8.426534
11694 1444993631.633331 0.038452 0.010986 -8.602316
11695 1444993631.643948 0.038452 0.010986 -8.690207
11696 1444993631.647837 0.038452 0.098877 -8.865988
11697 1444993631.656346 0.038452 0.010986 -8.953879
11698 1444993631.669348 0.038452 0.010986 -9.217552
11699 1444993631.679416 0.038452 0.010986 -9.305443
11700 1444993631.690046 0.038452 0.010986 -9.481224
11701 1444993631.701390 0.038452 0.010986 -9.744897
11702 1444993631.711315 0.038452 0.010986 -9.832788
11703 1444993631.721447 0.038452 0.010986 -10.008569
11704 1444993631.731394 0.038452 0.010986 -10.09646
11705 1444993631.741904 0.038452 0.010986 -10.184351
11706 1444993631.752123 0.038452 0.010986 -10.360133
11707 1444993631.761701 0.038452 0.010986 -10.448024
11708 1444993631.772078 0.038452 0.010986 -10.535914
11709 1444993631.781919 0.038452 0.010986 -10.623805
11710 1444993631.792283 0.038452 0.010986 -10.711696
11711 1444993631.802435 0.038452 -0.076904 -10.799587
11712 1444993631.812220 0.038452 -0.076904 -10.799587
11713 1444993631.822233 0.038452 0.010986 -10.887478
11714 1444993631.832425 0.038452 0.010986 -10.887478
11715 1444993631.842673 0.038452 0.010986 -10.975369
11716 1444993631.852677 0.038452 0.010986 -11.063259
11717 1444993631.862690 0.038452 0.010986 -11.063259
11718 1444993631.872863 0.038452 0.010986 -11.063259
11719 1444993631.882947 0.038452 0.010986 -11.063259
11720 1444993631.893508 0.038452 0.010986 -11.063259
11721 1444993631.905213 0.038452 0.010986 -11.15115
11722 1444993631.913652 0.038452 0.010986 -11.063259
11723 1444993631.923830 0.038452 0.010986 -11.063259
11724 1444993631.933559 0.038452 0.010986 -11.063259
11725 1444993631.943848 0.038452 0.010986 -11.063259
11726 1444993631.956338 0.038452 0.010986 -11.063259
11727 1444993631.964168 0.038452 0.010986 -11.063259
11728 1444993631.974336 0.038452 0.010986 -11.063259
11729 1444993631.984097 0.038452 0.010986 -10.975369
11730 1444993631.994692 0.038452 0.010986 -11.063259
11731 1444993632.004336 0.038452 0.010986 -10.975369
11732 1444993632.014416 0.038452 0.010986 -10.975369
11733 1444993632.024580 0.038452 0.010986 -10.975369
11734 1444993632.036348 0.038452 0.010986 -10.975369
11735 1444993632.045034 0.038452 0.010986 -10.975369
11736 1444993632.056382 0.038452 0.010986 -10.887478
11737 1444993632.066750 0.038452 0.010986 -10.799587
11738 1444993632.072689 0.038452 0.010986 -10.799587
11739 1444993632.082429 0.038452 0.010986 -10.711696
11740 1444993632.092893 0.038452 -0.076904 -10.711696
11741 1444993632.102639 0.038452 0.010986 -10.711696
11742 1444993632.112838 0.038452 0.010986 -10.623805
11743 1444993632.122885 0.038452 0.010986 -10.535914
11744 1444993632.133113 0.126343 0.010986 -10.448024
11745 1444993632.143257 0.038452 0.010986 -10.184351
11746 1444993632.153369 0.038452 0.010986 -9.920679
11747 1444993632.163798 0.038452 0.010986 -9.744897
11748 1444993632.173631 0.038452 0.010986 -9.481224
11749 1444993632.183972 0.038452 0.010986 -9.217552
11750 1444993632.194110 0.038452 0.098877 -8.953879
11751 1444993632.204216 0.038452 0.098877 -8.778098
11752 1444993632.214338 0.038452 0.098877 -8.602316
11753 1444993632.224404 0.038452 0.098877 -8.514425
11754 1444993632.234484 0.038452 0.186768 -8.514425
11755 1444993632.244714 0.038452 0.098877 -8.426534
11756 1444993632.254877 -0.049439 0.098877 -8.514425
11757 1444993632.264979 0.038452 0.098877 -8.514425
11758 1444993632.275084 0.038452 0.098877 -8.602316
11759 1444993632.286278 0.038452 0.098877 -8.778098
11760 1444993632.298307 0.038452 0.098877 -8.865988
11761 1444993632.307778 0.038452 0.098877 -8.953879
11762 1444993632.316786 0.038452 0.098877 -9.129661
11763 1444993632.326763 0.038452 0.098877 -9.305443
11764 1444993632.336799 0.038452 0.098877 -9.393333
11765 1444993632.348078 0.038452 0.098877 -9.569115
11766 1444993632.357051 0.038452 0.098877 -9.657006
11767 1444993632.367126 0.038452 0.010986 -9.832788
11768 1444993632.378289 0.038452 0.010986 -9.920679
11769 1444993632.387915 0.038452 0.010986 -10.09646
11770 1444993632.398215 0.038452 0.010986 -10.184351
11771 1444993632.408382 0.038452 0.010986 -10.272242
11772 1444993632.418650 0.038452 0.010986 -10.360133
11773 1444993632.428577 0.126343 0.010986 -10.448024
11774 1444993632.438910 0.126343 0.010986 -10.535914
11775 1444993632.449202 0.126343 0.010986 -10.623805
11776 1444993632.459142 0.126343 0.010986 -10.711696
11777 1444993632.469278 0.126343 0.010986 -10.799587
11778 1444993632.479436 0.126343 0.010986 -10.799587
11779 1444993632.489639 0.126343 0.010986 -10.799587
11780 1444993632.499742 0.126343 0.010986 -10.887478
11781 1444993632.501439 0.126343 0.010986 -10.887478
11782 1444993632.514916 0.038452 0.010986 -10.887478
11783 1444993632.521708 0.126343 0.010986 -10.887478
11784 1444993632.531688 0.038452 0.010986 -10.887478
11785 1444993632.546685 0.038452 0.010986 -10.887478
11786 1444993632.556454 0.038452 0.010986 -10.887478
11787 1444993632.566697 0.038452 0.010986 -10.887478
11788 1444993632.576548 0.038452 0.010986 -10.887478
11789 1444993632.586570 0.038452 0.010986 -10.887478
11790 1444993632.596770 0.038452 0.010986 -10.887478
11791 1444993632.606750 0.038452 0.010986 -10.887478
11792 1444993632.617242 0.038452 0.010986 -10.887478
11793 1444993632.627493 0.038452 0.010986 -10.887478
11794 1444993632.637501 0.038452 0.010986 -10.799587
11795 1444993632.648102 0.038452 -0.076904 -10.711696
11796 1444993632.658842 0.038452 -0.076904 -10.711696
11797 1444993632.668599 -0.049439 -0.076904 -10.623805
11798 1444993632.678655 0.038452 -0.076904 -10.623805
11799 1444993632.688745 -0.049439 -0.076904 -10.535914
11800 1444993632.698585 -0.049439 -0.076904 -10.535914
11801 1444993632.708987 -0.049439 -0.076904 -10.448024
11802 1444993632.719101 0.038452 -0.076904 -10.448024
11803 1444993632.729373 -0.049439 -0.076904 -10.360133
11804 1444993632.739376 0.038452 -0.076904 -10.360133
11805 1444993632.749387 -0.049439 -0.076904 -10.272242
11806 1444993632.759541 -0.049439 -0.076904 -10.272242
11807 1444993632.771317 -0.049439 -0.076904 -10.184351
11808 1444993632.779794 -0.049439 0.010986 -10.184351
11809 1444993632.790142 0.038452 0.010986 -10.272242
11810 1444993632.801705 0.038452 0.010986 -10.272242
11811 1444993632.811330 0.038452 0.010986 -10.272242
11812 1444993632.821623 0.038452 0.010986 -10.272242
11813 1444993632.831886 0.038452 0.010986 -10.272242
11814 1444993632.842098 0.038452 0.010986 -10.272242
11815 1444993632.847549 0.038452 0.010986 -10.272242
11816 1444993632.857464 0.038452 0.010986 -10.272242
11817 1444993632.867492 0.038452 0.010986 -10.272242
11818 1444993632.877625 0.038452 0.010986 -10.272242
11819 1444993632.887804 0.038452 0.010986 -10.272242
11820 1444993632.897882 0.038452 0.010986 -10.184351
11821 1444993632.907889 0.038452 0.010986 -10.184351
11822 1444993632.918212 0.038452 0.010986 -10.184351
11823 1444993632.928463 0.038452 0.010986 -10.184351
11824 1444993632.938334 0.038452 0.010986 -10.184351
11825 1444993632.948392 0.038452 0.010986 -10.184351
11826 1444993632.958546 0.038452 0.010986 -10.184351
11827 1444993632.968729 0.038452 0.010986 -10.184351
11828 1444993632.978847 0.038452 0.010986 -10.184351
11829 1444993632.989001 0.038452 0.010986 -10.184351
11830 1444993632.996291 0.038452 0.010986 -10.184351
11831 1444993633.009282 0.038452 0.010986 -10.184351
11832 1444993633.019452 0.038452 0.010986 -10.184351
11833 1444993633.029600 0.038452 0.010986 -10.184351
11834 1444993633.039709 0.038452 0.010986 -10.184351
11835 1444993633.052470 0.038452 0.010986 -10.184351
11836 1444993633.060118 0.038452 0.010986 -10.184351
11837 1444993633.072436 0.038452 0.010986 -10.184351
11838 1444993633.081381 0.038452 0.010986 -10.184351
11839 1444993633.092610 0.038452 0.010986 -10.184351
11840 1444993633.102702 0.038452 0.010986 -10.184351
11841 1444993633.113017 0.038452 0.010986 -10.184351
11842 1444993633.123102 0.038452 0.010986 -10.184351
11843 1444993633.133244 0.038452 0.010986 -10.184351
11844 1444993633.144027 0.038452 0.010986 -10.184351
11845 1444993633.154055 0.038452 0.010986 -10.184351
11846 1444993633.163083 0.038452 0.010986 -10.184351
11847 1444993633.173145 0.038452 0.010986 -10.184351
11848 1444993633.183054 0.038452 0.010986 -10.184351
11849 1444993633.193821 0.038452 0.010986 -10.184351
11850 1444993633.203140 0.038452 0.010986 -10.184351
11851 1444993633.213510 0.038452 0.010986 -10.184351
11852 1444993633.223497 0.038452 0.010986 -10.184351
11853 1444993633.233347 0.038452 0.010986 -10.184351
11854 1444993633.244217 0.038452 0.010986 -10.184351
11855 1444993633.253570 0.038452 0.010986 -10.184351
11856 1444993633.264229 0.038452 0.010986 -10.184351
11857 1444993633.273757 0.038452 0.010986 -10.184351
11858 1444993633.283996 0.038452 0.010986 -10.184351
11859 1444993633.294199 0.038452 0.010986 -10.184351
11860 1444993633.304216 0.038452 0.010986 -10.184351
11861 1444993633.314729 0.038452 0.010986 -10.184351
11862 1444993633.324913 0.038452 0.010986 -10.184351
11863 1444993633.334991 0.038452 0.010986 -10.184351
11864 1444993633.345107 0.038452 0.010986 -10.184351
11865 1444993633.351664 0.038452 0.010986 -10.184351
11866 1444993633.365387 0.038452 0.010986 -10.184351
11867 1444993633.371380 0.038452 0.010986 -10.184351
11868 1444993633.386263 0.038452 0.010986 -10.184351
11869 1444993633.391798 0.038452 0.010986 -10.272242
11870 1444993633.401648 0.038452 0.010986 -10.272242
11871 1444993633.411547 0.038452 0.010986 -10.184351
11872 1444993633.421693 0.038452 0.010986 -10.272242
11873 1444993633.431893 0.038452 0.010986 -10.184351
11874 1444993633.442086 0.038452 0.010986 -10.184351
11875 1444993633.452007 0.038452 0.010986 -10.184351
11876 1444993633.462060 0.038452 0.010986 -10.184351
11877 1444993633.472205 0.038452 0.010986 -10.184351
11878 1444993633.482371 0.038452 0.010986 -10.184351
11879 1444993633.493059 0.038452 0.010986 -10.272242
11880 1444993633.503359 0.038452 0.010986 -10.184351
11881 1444993633.513209 0.038452 0.010986 -10.184351
11882 1444993633.523189 0.038452 0.010986 -10.272242
11883 1444993633.533242 0.038452 0.010986 -10.272242
11884 1444993633.543401 0.038452 0.010986 -10.272242
11885 1444993633.554104 0.038452 0.010986 -10.184351
11886 1444993633.564156 0.038452 0.010986 -10.184351
11887 1444993633.574231 0.038452 0.010986 -10.184351
11888 1444993633.586376 0.038452 0.010986 -10.184351
11889 1444993633.596679 0.038452 0.010986 -10.272242
11890 1444993633.607150 0.038452 0.010986 -10.272242
11891 1444993633.616257 0.038452 0.010986 -10.272242
11892 1444993633.626749 0.038452 0.010986 -10.272242
11893 1444993633.636844 0.038452 0.010986 -10.272242
11894 1444993633.647415 0.038452 0.010986 -10.272242
11895 1444993633.657052 0.038452 0.010986 -10.272242
11896 1444993633.667194 0.038452 0.010986 -10.272242
11897 1444993633.677286 -0.049439 0.010986 -10.272242
11898 1444993633.687139 0.038452 0.010986 -10.272242
11899 1444993633.697270 -0.049439 0.010986 -10.272242
11900 1444993633.707599 -0.049439 0.010986 -10.272242
11901 1444993633.717971 0.038452 0.010986 -10.272242
11902 1444993633.728100 -0.049439 0.010986 -10.272242
11903 1444993633.738208 -0.049439 0.010986 -10.272242
11904 1444993633.748264 -0.049439 0.010986 -10.272242
11905 1444993633.758278 0.038452 0.010986 -10.272242
11906 1444993633.768384 0.038452 0.010986 -10.272242
11907 1444993633.778490 0.038452 0.010986 -10.272242
11908 1444993633.788665 0.038452 0.010986 -10.272242
11909 1444993633.797175 0.038452 0.010986 -10.272242
11910 1444993633.804011 0.038452 0.010986 -10.272242
11911 1444993633.814088 0.038452 0.010986 -10.272242
11912 1444993633.824033 0.038452 0.010986 -10.272242
11913 1444993633.834152 0.038452 0.010986 -10.272242
11914 1444993633.844641 0.038452 0.010986 -10.272242
11915 1444993633.854726 0.038452 0.010986 -10.272242
11916 1444993633.864709 0.038452 0.010986 -10.272242
11917 1444993633.874746 -0.049439 -0.076904 -10.272242
11918 1444993633.884875 0.038452 0.010986 -10.272242
11919 1444993633.895014 0.038452 0.010986 -10.272242
11920 1444993633.906435 0.038452 0.010986 -10.272242
11921 1444993633.911345 0.038452 -0.076904 -10.272242
11922 1444993633.926429 0.038452 0.010986 -10.272242
11923 1444993633.936718 -0.049439 0.010986 -10.272242
11924 1444993633.946762 -0.049439 0.010986 -10.272242
11925 1444993633.956861 -0.049439 0.010986 -10.272242
11926 1444993633.967234 0.038452 0.010986 -10.272242
11927 1444993633.977870 -0.049439 0.010986 -10.272242
11928 1444993633.988393 -0.049439 -0.076904 -10.272242
11929 1444993633.999327 -0.049439 0.010986 -10.272242
11930 1444993634.009454 -0.049439 -0.076904 -10.272242
11931 1444993634.019001 -0.049439 0.010986 -10.272242
11932 1444993634.028571 -0.049439 0.010986 -10.272242
11933 1444993634.038593 -0.049439 -0.076904 -10.272242
11934 1444993634.049213 -0.049439 0.010986 -10.272242
11935 1444993634.056325 -0.049439 0.010986 -10.272242
11936 1444993634.069419 -0.049439 -0.076904 -10.272242
11937 1444993634.079762 -0.049439 -0.076904 -10.272242
11938 1444993634.089954 -0.049439 0.010986 -10.272242
11939 1444993634.096338 -0.049439 -0.076904 -10.272242
11940 1444993634.106255 0.038452 0.010986 -10.272242
11941 1444993634.120100 -0.049439 -0.076904 -10.272242
11942 1444993634.126241 -0.049439 0.010986 -10.272242
11943 1444993634.136385 -0.049439 0.010986 -10.272242
11944 1444993634.146656 -0.049439 0.010986 -10.272242
11945 1444993634.156488 -0.049439 -0.076904 -10.272242
11946 1444993634.166711 -0.049439 -0.076904 -10.272242
11947 1444993634.176646 -0.049439 -0.076904 -10.272242
11948 1444993634.186731 0.038452 0.010986 -10.272242
11949 1444993634.196984 0.038452 0.010986 -10.360133
11950 1444993634.207056 0.038452 -0.076904 -10.272242
11951 1444993634.217132 0.038452 0.010986 -10.272242
11952 1444993634.227346 -0.049439 0.010986 -10.360133
11953 1444993634.237482 0.038452 0.010986 -10.272242
11954 1444993634.247738 0.038452 -0.076904 -10.360133
11955 1444993634.257708 0.038452 -0.076904 -10.272242
11956 1444993634.267886 0.038452 0.010986 -10.272242
11957 1444993634.278060 -0.049439 -0.076904 -10.272242
11958 1444993634.288195 -0.049439 -0.076904 -10.360133
11959 1444993634.298079 -0.049439 -0.076904 -10.272242
11960 1444993634.308209 -0.049439 0.010986 -10.272242
11961 1444993634.318639 -0.049439 0.010986 -10.272242
11962 1444993634.328682 -0.049439 0.010986 -10.272242
11963 1444993634.338752 -0.049439 0.010986 -10.360133
11964 1444993634.348705 -0.049439 0.010986 -10.272242
11965 1444993634.358701 -0.049439 -0.076904 -10.272242
11966 1444993634.369003 -0.049439 -0.076904 -10.272242
11967 1444993634.379090 -0.049439 -0.076904 -10.272242
11968 1444993634.389230 -0.049439 -0.076904 -10.272242
11969 1444993634.396314 -0.049439 -0.076904 -10.272242
11970 1444993634.406672 -0.049439 -0.076904 -10.272242
11971 1444993634.421375 -0.049439 0.010986 -10.272242
11972 1444993634.431620 -0.049439 -0.076904 -10.272242
11973 1444993634.441594 -0.049439 -0.076904 -10.272242
11974 1444993634.451861 -0.049439 -0.076904 -10.272242
11975 1444993634.461768 -0.049439 0.010986 -10.272242
11976 1444993634.472469 0.038452 -0.076904 -10.272242
11977 1444993634.482312 -0.049439 -0.076904 -10.272242
11978 1444993634.492997 -0.049439 -0.076904 -10.272242
11979 1444993634.502958 -0.049439 -0.076904 -10.272242
11980 1444993634.513114 -0.049439 -0.076904 -10.272242
11981 1444993634.523086 -0.049439 -0.076904 -10.272242
11982 1444993634.533071 -0.049439 -0.076904 -10.272242
11983 1444993634.543233 -0.049439 0.010986 -10.272242
11984 1444993634.553332 -0.049439 0.010986 -10.272242
11985 1444993634.563517 -0.049439 -0.076904 -10.272242
11986 1444993634.573572 -0.049439 -0.076904 -10.272242
11987 1444993634.583674 0.038452 0.010986 -10.272242
11988 1444993634.593809 -0.049439 -0.076904 -10.272242
11989 1444993634.599133 -0.049439 0.010986 -10.272242
11990 1444993634.609046 -0.049439 -0.076904 -10.272242
11991 1444993634.619160 -0.049439 -0.076904 -10.272242
11992 1444993634.629270 -0.049439 -0.076904 -10.360133
11993 1444993634.639767 -0.049439 0.010986 -10.272242
11994 1444993634.649837 -0.049439 -0.076904 -10.360133
11995 1444993634.656274 -0.049439 -0.076904 -10.272242
11996 1444993634.670040 0.038452 -0.076904 -10.272242
11997 1444993634.680177 -0.049439 0.010986 -10.272242
11998 1444993634.686338 0.038452 -0.076904 -10.360133
11999 1444993634.697299 -0.049439 0.010986 -10.360133
12000 1444993634.706982 -0.049439 0.010986 -10.360133
12001 1444993634.721340 -0.049439 0.010986 -10.272242
12002 1444993634.731522 0.038452 0.010986 -10.272242
12003 1444993634.741877 0.038452 0.010986 -10.272242
12004 1444993634.753326 0.038452 -0.076904 -10.360133
12005 1444993634.762142 -0.049439 0.010986 -10.360133
12006 1444993634.772071 -0.049439 0.010986 -10.360133
12007 1444993634.782357 -0.049439 -0.076904 -10.360133
12008 1444993634.793633 -0.049439 0.010986 -10.360133
12009 1444993634.803473 -0.049439 0.010986 -10.360133
12010 1444993634.812508 0.038452 0.010986 -10.360133
12011 1444993634.823127 0.038452 0.010986 -10.360133
12012 1444993634.833684 0.038452 0.010986 -10.360133
12013 1444993634.844060 0.038452 0.010986 -10.360133
12014 1444993634.853804 0.038452 0.010986 -10.360133
12015 1444993634.863859 0.038452 0.010986 -10.360133
12016 1444993634.873697 0.038452 0.010986 -10.360133
12017 1444993634.883406 0.038452 0.010986 -10.360133
12018 1444993634.894281 0.038452 0.010986 -10.360133
12019 1444993634.903630 0.038452 0.010986 -10.360133
12020 1444993634.913702 0.038452 0.010986 -10.360133
12021 1444993634.924199 0.038452 0.010986 -10.360133
12022 1444993634.934326 0.038452 0.010986 -10.360133
12023 1444993634.944639 0.038452 0.010986 -10.360133
12024 1444993634.951680 0.038452 0.010986 -10.360133
12025 1444993634.966319 0.038452 0.010986 -10.360133
12026 1444993634.976430 0.038452 0.010986 -10.360133
12027 1444993634.986477 0.038452 0.010986 -10.360133
12028 1444993634.991747 0.038452 0.010986 -10.360133
12029 1444993635.006809 0.038452 0.010986 -10.360133
12030 1444993635.012189 0.038452 0.010986 -10.360133
12031 1444993635.022143 0.038452 0.010986 -10.360133
12032 1444993635.032304 0.038452 0.010986 -10.360133
12033 1444993635.042565 0.038452 0.010986 -10.360133
12034 1444993635.052471 0.038452 0.010986 -10.360133
12035 1444993635.062393 0.038452 0.010986 -10.360133
12036 1444993635.072566 0.038452 0.010986 -10.360133
12037 1444993635.082692 0.038452 0.010986 -10.360133
12038 1444993635.093015 0.038452 0.010986 -10.448024
12039 1444993635.103087 0.038452 0.010986 -10.360133
12040 1444993635.113240 0.038452 0.010986 -10.360133
12041 1444993635.123215 0.038452 0.010986 -10.360133
12042 1444993635.133451 0.038452 0.010986 -10.360133
12043 1444993635.143624 0.038452 0.010986 -10.448024
12044 1444993635.153728 0.038452 0.010986 -10.360133
12045 1444993635.163886 0.038452 0.010986 -10.360133
12046 1444993635.173940 0.038452 0.010986 -10.360133
12047 1444993635.184117 0.038452 0.010986 -10.360133
12048 1444993635.194247 0.038452 0.010986 -10.360133
12049 1444993635.206580 0.038452 0.010986 -10.360133
12050 1444993635.216574 0.038452 0.010986 -10.360133
12051 1444993635.226793 0.038452 0.010986 -10.360133
12052 1444993635.236404 0.038452 0.010986 -10.448024
12053 1444993635.247478 0.038452 0.010986 -10.360133
12054 1444993635.256860 0.038452 0.010986 -10.360133
12055 1444993635.266640 0.038452 0.010986 -10.360133
12056 1444993635.276401 0.038452 0.010986 -10.360133
12057 1444993635.286573 0.038452 0.010986 -10.360133
12058 1444993635.298336 0.038452 0.010986 -10.360133
12059 1444993635.306726 0.038452 0.010986 -10.360133
12060 1444993635.317213 0.038452 0.010986 -10.360133
12061 1444993635.326651 0.038452 0.010986 -10.360133
12062 1444993635.336735 0.038452 0.010986 -10.360133
12063 1444993635.348660 0.038452 0.010986 -10.360133
12064 1444993635.357743 0.038452 0.010986 -10.360133
12065 1444993635.367887 0.038452 0.010986 -10.360133
12066 1444993635.377712 0.038452 0.010986 -10.360133
12067 1444993635.387798 0.038452 0.010986 -10.360133
12068 1444993635.397667 0.038452 0.010986 -10.360133
12069 1444993635.407733 0.038452 0.010986 -10.360133
12070 1444993635.418306 0.038452 0.010986 -10.360133
12071 1444993635.428227 -0.049439 0.010986 -10.360133
12072 1444993635.438209 0.038452 0.010986 -10.360133
12073 1444993635.448573 0.038452 0.010986 -10.360133
12074 1444993635.458460 -0.049439 0.010986 -10.360133
12075 1444993635.468582 -0.049439 0.010986 -10.360133
12076 1444993635.478722 -0.049439 0.010986 -10.360133
12077 1444993635.488897 0.038452 0.010986 -10.360133
12078 1444993635.499289 0.038452 0.010986 -10.360133
12079 1444993635.509532 0.038452 0.010986 -10.360133
12080 1444993635.519871 -0.049439 0.010986 -10.360133
12081 1444993635.529882 -0.049439 0.010986 -10.360133
12082 1444993635.539962 -0.049439 0.010986 -10.360133
12083 1444993635.546560 -0.049439 0.010986 -10.360133
12084 1444993635.556358 -0.049439 0.010986 -10.360133
12085 1444993635.570372 -0.049439 0.010986 -10.360133
12086 1444993635.580526 -0.049439 0.010986 -10.360133
12087 1444993635.586325 -0.049439 0.010986 -10.360133
12088 1444993635.596443 -0.049439 0.010986 -10.360133
12089 1444993635.606438 -0.049439 0.010986 -10.360133
12090 1444993635.616590 -0.049439 0.010986 -10.360133
12091 1444993635.626715 -0.049439 0.098877 -10.360133
12092 1444993635.636846 -0.049439 0.010986 -10.360133
12093 1444993635.646882 -0.049439 0.098877 -10.360133
12094 1444993635.657029 -0.049439 0.010986 -10.360133
12095 1444993635.667468 0.038452 0.010986 -10.360133
12096 1444993635.677500 -0.049439 0.010986 -10.360133
12097 1444993635.687577 0.038452 0.010986 -10.360133
12098 1444993635.697592 -0.049439 0.010986 -10.360133
12099 1444993635.707823 0.038452 0.010986 -10.360133
12100 1444993635.718055 -0.049439 0.010986 -10.360133
12101 1444993635.728290 -0.049439 0.010986 -10.360133
12102 1444993635.738256 -0.049439 0.010986 -10.360133
12103 1444993635.748320 -0.049439 0.010986 -10.360133
12104 1444993635.759315 -0.049439 0.010986 -10.360133
12105 1444993635.769063 -0.049439 0.098877 -10.360133
12106 1444993635.779542 -0.049439 0.010986 -10.360133
12107 1444993635.789212 -0.049439 0.010986 -10.360133
12108 1444993635.801575 0.038452 0.010986 -10.360133
12109 1444993635.809728 -0.049439 0.010986 -10.360133
12110 1444993635.821879 -0.049439 0.010986 -10.360133
12111 1444993635.831863 0.038452 0.010986 -10.360133
12112 1444993635.842187 -0.049439 0.010986 -10.360133
12113 1444993635.847258 -0.049439 0.010986 -10.360133
12114 1444993635.862040 -0.049439 0.010986 -10.360133
12115 1444993635.872101 -0.049439 0.010986 -10.360133
12116 1444993635.882235 -0.049439 0.010986 -10.360133
12117 1444993635.887544 -0.049439 0.010986 -10.360133
12118 1444993635.897711 -0.049439 0.098877 -10.360133
12119 1444993635.908033 0.038452 0.010986 -10.360133
12120 1444993635.918093 -0.049439 0.010986 -10.360133
12121 1444993635.928677 -0.049439 0.010986 -10.360133
12122 1444993635.938272 -0.049439 0.010986 -10.360133
12123 1444993635.948597 -0.049439 0.010986 -10.360133
12124 1444993635.958441 -0.049439 0.010986 -10.360133
12125 1444993635.968569 -0.049439 0.010986 -10.360133
12126 1444993635.978545 -0.049439 0.010986 -10.360133
12127 1444993635.988955 -0.049439 0.010986 -10.360133
12128 1444993635.999141 0.038452 0.010986 -10.360133
12129 1444993636.009219 -0.049439 0.010986 -10.360133
12130 1444993636.019339 -0.049439 0.010986 -10.360133
12131 1444993636.029468 0.038452 0.010986 -10.360133
12132 1444993636.039628 0.038452 0.010986 -10.360133
12133 1444993636.051979 0.038452 0.010986 -10.360133
12134 1444993636.061355 0.038452 0.010986 -10.360133
12135 1444993636.071552 0.038452 0.010986 -10.360133
12136 1444993636.081694 0.038452 0.010986 -10.360133
12137 1444993636.091786 -0.049439 0.010986 -10.360133
12138 1444993636.102336 -0.049439 0.010986 -10.360133
12139 1444993636.112300 -0.049439 0.010986 -10.360133
12140 1444993636.122130 0.038452 0.010986 -10.360133
12141 1444993636.132088 -0.049439 0.098877 -10.360133
12142 1444993636.142078 -0.049439 0.010986 -10.360133
12143 1444993636.152326 0.038452 0.010986 -10.360133
12144 1444993636.162294 0.038452 0.010986 -10.360133
12145 1444993636.172240 0.038452 0.010986 -10.360133
12146 1444993636.182335 0.038452 0.098877 -10.360133
12147 1444993636.192644 0.038452 0.010986 -10.360133
12148 1444993636.202558 -0.049439 0.010986 -10.360133
12149 1444993636.212763 0.038452 0.010986 -10.360133
12150 1444993636.223029 -0.049439 0.010986 -10.360133
12151 1444993636.233019 -0.049439 0.098877 -10.360133
12152 1444993636.243340 -0.049439 0.010986 -10.360133
12153 1444993636.253411 0.038452 0.010986 -10.360133
12154 1444993636.263543 -0.049439 0.010986 -10.360133
12155 1444993636.273602 -0.049439 0.010986 -10.360133
12156 1444993636.283718 -0.049439 0.010986 -10.360133
12157 1444993636.293746 -0.049439 0.010986 -10.360133
12158 1444993636.304692 0.038452 0.010986 -10.360133
12159 1444993636.314457 0.038452 0.010986 -10.360133
12160 1444993636.324191 -0.049439 0.010986 -10.360133
12161 1444993636.334710 -0.049439 0.010986 -10.360133
12162 1444993636.344847 0.038452 0.010986 -10.360133
12163 1444993636.355067 0.038452 0.010986 -10.360133
12164 1444993636.365000 0.038452 0.010986 -10.360133
12165 1444993636.375008 -0.049439 0.010986 -10.360133
12166 1444993636.381357 0.038452 0.010986 -10.360133
12167 1444993636.391707 -0.049439 0.098877 -10.360133
12168 1444993636.401622 0.038452 0.010986 -10.360133
12169 1444993636.411696 -0.049439 0.010986 -10.360133
12170 1444993636.421544 -0.049439 0.010986 -10.360133
12171 1444993636.431699 -0.049439 0.010986 -10.360133
12172 1444993636.442009 -0.049439 0.010986 -10.360133
12173 1444993636.452318 -0.049439 0.010986 -10.360133
12174 1444993636.462333 -0.049439 0.010986 -10.360133
12175 1444993636.472465 -0.049439 0.010986 -10.360133
12176 1444993636.482627 -0.049439 0.010986 -10.272242
12177 1444993636.492683 -0.049439 0.010986 -10.360133
12178 1444993636.502936 -0.049439 0.010986 -10.272242
12179 1444993636.512975 -0.049439 0.010986 -10.272242
12180 1444993636.522992 -0.049439 0.010986 -10.272242
12181 1444993636.533224 -0.049439 0.010986 -10.272242
12182 1444993636.544644 -0.049439 0.010986 -10.272242
12183 1444993636.554412 -0.049439 0.010986 -10.272242
12184 1444993636.564522 -0.049439 -0.076904 -10.272242
12185 1444993636.573618 -0.049439 -0.076904 -10.272242
12186 1444993636.583634 -0.049439 0.010986 -10.272242
12187 1444993636.594330 -0.049439 0.010986 -10.272242
12188 1444993636.605211 -0.049439 0.010986 -10.272242
12189 1444993636.614746 -0.049439 0.010986 -10.272242
12190 1444993636.625157 -0.049439 0.010986 -10.272242
12191 1444993636.631402 -0.049439 0.010986 -10.272242
12192 1444993636.646584 -0.049439 0.010986 -10.272242
12193 1444993636.657717 -0.049439 0.010986 -10.272242
