21764 1444827812.685837 0.038452 0.010986 -10.008569
21765 1444827812.696022 -0.049439 0.010986 -10.008569
21766 1444827812.706030 -0.049439 0.010986 -10.008569
21767 1444827812.715619 -0.049439 0.010986 -10.008569
21768 1444827812.725656 -0.049439 0.010986 -10.008569
21769 1444827812.733360 -0.049439 0.010986 -10.008569
21770 1444827812.743489 -0.049439 0.010986 -10.008569
21771 1444827812.753755 -0.049439 0.010986 -10.008569
21772 1444827812.763617 -0.049439 0.010986 -10.008569
21773 1444827812.774344 -0.049439 0.010986 -10.008569
21774 1444827812.784443 -0.049439 0.010986 -10.008569
21775 1444827812.794526 -0.049439 0.010986 -10.008569
21776 1444827812.805682 -0.049439 0.010986 -10.008569
21777 1444827812.816199 -0.049439 0.010986 -10.008569
21778 1444827812.824940 -0.049439 0.010986 -10.008569
21779 1444827812.834971 -0.049439 0.010986 -10.008569
21780 1444827812.846479 -0.049439 0.010986 -10.008569
21781 1444827812.857518 -0.049439 0.010986 -10.008569
21782 1444827812.867017 -0.049439 0.010986 -10.008569
21783 1444827812.876021 -0.049439 0.010986 -10.008569
21784 1444827812.886776 -0.049439 0.010986 -10.008569
21785 1444827812.896571 0.038452 0.010986 -10.008569
21786 1444827812.903039 -0.049439 0.010986 -10.008569
21787 1444827812.917986 -0.049439 -0.076904 -10.008569
21788 1444827812.922982 -0.049439 0.010986 -10.008569
21789 1444827812.933033 -0.049439 0.010986 -10.008569
21790 1444827812.943012 -0.049439 -0.076904 -10.008569
21791 1444827812.958186 -0.049439 -0.076904 -9.920679
21792 1444827812.968328 -0.049439 -0.076904 -9.920679
21793 1444827812.978449 -0.049439 -0.076904 -9.920679
21794 1444827812.988570 -0.049439 -0.076904 -10.008569
21795 1444827812.998673 -0.049439 -0.076904 -9.920679
21796 1444827813.003921 -0.049439 0.010986 -9.920679
21797 1444827813.018772 -0.049439 -0.076904 -9.920679
21798 1444827813.028981 -0.049439 -0.076904 -9.920679
21799 1444827813.039049 -0.049439 -0.076904 -10.008569
21800 1444827813.044068 -0.049439 -0.076904 -10.008569
21801 1444827813.054430 -0.049439 -0.076904 -9.920679
21802 1444827813.064434 -0.049439 0.010986 -10.008569
21803 1444827813.074441 -0.049439 -0.076904 -9.920679
21804 1444827813.084484 -0.049439 -0.076904 -10.008569
21805 1444827813.094709 -0.049439 -0.076904 -9.920679
21806 1444827813.109473 -0.049439 -0.076904 -9.920679
21807 1444827813.118313 -0.049439 -0.076904 -10.008569
21808 1444827813.125421 -0.049439 -0.076904 -10.008569
21809 1444827813.135332 -0.049439 -0.076904 -10.008569
21810 1444827813.145288 -0.049439 -0.076904 -10.008569
21811 1444827813.158536 -0.049439 -0.076904 -10.008569
21812 1444827813.168513 -0.049439 -0.076904 -10.008569
21813 1444827813.178123 -0.049439 -0.076904 -10.008569
21814 1444827813.188006 -0.049439 -0.076904 -10.008569
21815 1444827813.198116 -0.049439 -0.076904 -9.920679
21816 1444827813.209369 -0.049439 0.010986 -10.008569
21817 1444827813.218255 -0.049439 -0.076904 -9.920679
21818 1444827813.228355 -0.049439 -0.076904 -10.008569
21819 1444827813.238609 -0.049439 -0.076904 -9.920679
21820 1444827813.248594 -0.049439 -0.076904 -10.008569
21821 1444827813.259393 -0.049439 0.010986 -10.008569
21822 1444827813.269328 -0.049439 -0.076904 -9.920679
21823 1444827813.279532 -0.049439 -0.076904 -9.920679
21824 1444827813.289618 -0.049439 -0.076904 -10.008569
21825 1444827813.299716 -0.049439 -0.076904 -9.920679
21826 1444827813.310020 -0.049439 -0.076904 -10.008569
21827 1444827813.320082 -0.049439 0.010986 -10.008569
21828 1444827813.330107 -0.049439 0.010986 -10.008569
21829 1444827813.340191 -0.049439 0.010986 -10.008569
21830 1444827813.350418 -0.049439 0.010986 -10.008569
21831 1444827813.360303 -0.049439 -0.076904 -10.008569
21832 1444827813.368780 -0.049439 -0.076904 -10.008569
21833 1444827813.380736 -0.049439 0.010986 -10.008569
21834 1444827813.390864 -0.049439 -0.076904 -10.008569
21835 1444827813.400967 -0.049439 -0.076904 -10.008569
21836 1444827813.411242 -0.049439 -0.076904 -10.008569
21837 1444827813.421213 -0.049439 -0.076904 -9.920679
21838 1444827813.431326 -0.049439 -0.076904 -9.920679
21839 1444827813.441414 -0.049439 -0.076904 -10.008569
21840 1444827813.451500 -0.049439 -0.076904 -9.920679
21841 1444827813.461620 -0.049439 -0.076904 -10.008569
21842 1444827813.471672 -0.049439 -0.076904 -9.920679
21843 1444827813.481902 -0.049439 -0.076904 -9.920679
21844 1444827813.488004 -0.049439 -0.076904 -10.008569
21845 1444827813.498006 -0.049439 -0.076904 -10.008569
21846 1444827813.513673 -0.049439 -0.076904 -10.008569
21847 1444827813.523680 -0.049439 -0.076904 -10.008569
21848 1444827813.533550 -0.049439 -0.076904 -10.008569
21849 1444827813.543122 -0.049439 -0.076904 -10.008569
21850 1444827813.553406 -0.049439 -0.076904 -10.008569
21851 1444827813.560540 -0.049439 -0.076904 -10.008569
21852 1444827813.573378 -0.049439 -0.076904 -10.008569
21853 1444827813.583244 -0.049439 -0.076904 -10.008569
21854 1444827813.593412 -0.049439 -0.076904 -10.008569
21855 1444827813.603522 -0.049439 -0.076904 -9.920679
21856 1444827813.613431 -0.049439 -0.076904 -9.920679
21857 1444827813.623609 -0.049439 -0.076904 -9.920679
21858 1444827813.629691 -0.049439 -0.076904 -9.920679
21859 1444827813.644552 -0.049439 -0.076904 -10.008569
21860 1444827813.649525 -0.049439 -0.076904 -9.920679
21861 1444827813.663098 -0.049439 -0.076904 -9.920679
21862 1444827813.670489 -0.049439 -0.076904 -9.920679
21863 1444827813.681273 -0.049439 0.010986 -10.008569
21864 1444827813.690389 -0.049439 0.010986 -9.920679
21865 1444827813.703043 -0.049439 -0.076904 -9.920679
21866 1444827813.713381 -0.049439 -0.076904 -10.008569
21867 1444827813.723614 -0.049439 0.010986 -10.008569
21868 1444827813.730896 -0.049439 -0.076904 -10.008569
21869 1444827813.743344 -0.049439 0.010986 -10.008569
21870 1444827813.753690 -0.049439 -0.076904 -10.008569
21871 1444827813.764342 -0.049439 -0.076904 -10.008569
21872 1444827813.774021 -0.049439 -0.076904 -10.008569
21873 1444827813.784137 -0.049439 -0.076904 -10.008569
21874 1444827813.794241 -0.049439 -0.076904 -10.008569
21875 1444827813.804568 -0.049439 -0.076904 -10.008569
21876 1444827813.814550 -0.049439 -0.076904 -10.008569
21877 1444827813.824581 -0.049439 -0.076904 -9.920679
21878 1444827813.834705 -0.049439 -0.076904 -9.920679
21879 1444827813.844808 0.038452 -0.076904 -10.008569
21880 1444827813.855150 -0.049439 -0.076904 -9.920679
21881 1444827813.863325 -0.049439 -0.076904 -9.920679
21882 1444827813.874957 -0.049439 -0.076904 -9.920679
21883 1444827813.885115 -0.049439 -0.076904 -10.008569
21884 1444827813.895186 -0.049439 -0.076904 -10.008569
21885 1444827813.905466 -0.049439 -0.076904 -9.920679
21886 1444827813.915513 -0.049439 0.010986 -10.008569
21887 1444827813.925538 -0.049439 -0.076904 -10.008569
21888 1444827813.935683 -0.049439 -0.076904 -10.008569
21889 1444827813.945932 -0.049439 -0.076904 -10.008569
21890 1444827813.956137 -0.049439 -0.076904 -10.008569
21891 1444827813.963808 -0.049439 -0.076904 -10.008569
21892 1444827813.976273 -0.049439 -0.076904 -10.008569
21893 1444827813.986339 -0.049439 -0.076904 -10.008569
21894 1444827813.996484 -0.049439 -0.076904 -10.008569
21895 1444827814.003951 -0.049439 -0.076904 -10.008569
21896 1444827814.014035 -0.049439 -0.076904 -10.008569
21897 1444827814.023660 -0.049439 0.010986 -10.008569
21898 1444827814.033628 -0.049439 -0.076904 -10.008569
21899 1444827814.043767 0.038452 -0.076904 -10.008569
21900 1444827814.054262 -0.049439 -0.076904 -10.008569
21901 1444827814.064620 -0.049439 -0.076904 -10.008569
21902 1444827814.074003 -0.049439 -0.076904 -10.008569
21903 1444827814.083754 -0.049439 -0.076904 -9.920679
21904 1444827814.094424 -0.049439 -0.076904 -10.008569
21905 1444827814.105430 -0.049439 -0.076904 -10.008569
21906 1444827814.115494 -0.049439 0.010986 -10.008569
21907 1444827814.125165 0.038452 -0.076904 -10.008569
21908 1444827814.135551 -0.049439 -0.076904 -10.008569
21909 1444827814.145604 -0.049439 -0.076904 -10.008569
21910 1444827814.155832 -0.049439 0.010986 -10.008569
21911 1444827814.165924 -0.049439 -0.076904 -10.008569
21912 1444827814.176045 -0.049439 -0.076904 -10.008569
21913 1444827814.186213 -0.049439 -0.076904 -10.008569
21914 1444827814.196327 0.038452 -0.076904 -10.008569
21915 1444827814.206473 -0.049439 -0.076904 -10.008569
21916 1444827814.213133 -0.049439 -0.076904 -10.008569
21917 1444827814.226772 -0.049439 -0.076904 -10.008569
21918 1444827814.236952 -0.049439 -0.076904 -10.008569
21919 1444827814.247102 -0.049439 -0.076904 -10.008569
21920 1444827814.258035 0.038452 -0.076904 -10.008569
21921 1444827814.268084 -0.049439 -0.076904 -10.008569
21922 1444827814.277992 -0.049439 -0.076904 -10.008569
21923 1444827814.288301 -0.049439 -0.076904 -10.008569
21924 1444827814.298263 -0.049439 -0.076904 -10.008569
21925 1444827814.308493 0.038452 0.010986 -10.008569
21926 1444827814.318298 0.038452 -0.076904 -10.008569
21927 1444827814.328398 0.038452 -0.076904 -10.008569
21928 1444827814.338754 0.038452 0.010986 -10.008569
21929 1444827814.348751 0.038452 -0.076904 -10.008569
21930 1444827814.358764 0.038452 -0.076904 -10.008569
21931 1444827814.369107 0.038452 0.010986 -10.008569
21932 1444827814.374433 0.038452 -0.076904 -10.008569
21933 1444827814.389683 0.038452 0.010986 -10.008569
21934 1444827814.399757 0.038452 -0.076904 -10.008569
21935 1444827814.409303 0.038452 -0.076904 -10.008569
21936 1444827814.419958 0.038452 -0.076904 -10.008569
21937 1444827814.425143 0.038452 -0.076904 -10.008569
21938 1444827814.440055 0.038452 -0.076904 -10.008569
21939 1444827814.446153 -0.049439 -0.076904 -10.008569
21940 1444827814.458273 -0.049439 -0.076904 -10.008569
21941 1444827814.468328 0.038452 -0.076904 -10.008569
21942 1444827814.480450 -0.049439 0.010986 -10.008569
21943 1444827814.490613 0.038452 -0.076904 -10.008569
21944 1444827814.500615 0.038452 -0.076904 -10.008569
21945 1444827814.509129 0.038452 -0.076904 -10.008569
21946 1444827814.518230 0.038452 -0.076904 -10.008569
21947 1444827814.528613 0.038452 0.010986 -10.008569
21948 1444827814.533312 0.038452 -0.076904 -10.008569
21949 1444827814.548130 0.038452 -0.076904 -10.008569
21950 1444827814.559111 0.038452 -0.076904 -10.008569
21951 1444827814.568674 0.038452 -0.076904 -10.008569
21952 1444827814.579166 0.038452 -0.076904 -10.008569
21953 1444827814.588758 0.038452 -0.076904 -10.008569
21954 1444827814.598925 0.038452 -0.076904 -10.008569
21955 1444827814.609412 0.038452 0.010986 -10.008569
21956 1444827814.618607 0.038452 0.010986 -10.008569
21957 1444827814.628948 0.038452 0.010986 -10.008569
21958 1444827814.639528 0.038452 -0.076904 -10.008569
21959 1444827814.649671 0.038452 -0.076904 -10.008569
21960 1444827814.660070 0.038452 -0.076904 -10.008569
21961 1444827814.670140 -0.049439 -0.076904 -10.008569
21962 1444827814.680136 0.038452 -0.076904 -10.008569
21963 1444827814.690337 0.038452 -0.076904 -10.008569
21964 1444827814.700410 0.038452 -0.076904 -10.008569
21965 1444827814.708735 0.038452 0.010986 -10.008569
21966 1444827814.717942 0.038452 0.010986 -10.008569
21967 1444827814.730689 0.038452 -0.076904 -10.008569
21968 1444827814.740862 0.038452 0.010986 -10.008569
21969 1444827814.751034 0.038452 0.010986 -10.008569
21970 1444827814.761077 0.038452 0.010986 -10.008569
21971 1444827814.771258 0.038452 0.010986 -10.008569
21972 1444827814.781268 0.038452 0.010986 -10.008569
21973 1444827814.791416 0.038452 0.010986 -10.008569
21974 1444827814.801469 0.038452 0.010986 -10.008569
21975 1444827814.809470 0.038452 -0.076904 -10.008569
21976 1444827814.818521 0.038452 -0.076904 -10.008569
21977 1444827814.828690 0.038452 0.010986 -10.008569
21978 1444827814.839128 0.038452 -0.076904 -10.008569
21979 1444827814.853725 0.038452 -0.076904 -10.008569
21980 1444827814.863400 0.038452 0.010986 -10.008569
21981 1444827814.873095 0.038452 0.010986 -10.008569
21982 1444827814.883202 0.038452 0.010986 -10.008569
21983 1444827814.893480 0.038452 -0.076904 -10.008569
21984 1444827814.904340 0.038452 -0.076904 -10.008569
21985 1444827814.914358 0.038452 -0.076904 -10.008569
21986 1444827814.924541 0.038452 0.010986 -10.008569
21987 1444827814.930328 0.038452 0.010986 -10.008569
21988 1444827814.940319 0.038452 0.010986 -10.008569
21989 1444827814.950365 0.038452 0.010986 -10.008569
21990 1444827814.960083 0.038452 0.010986 -10.008569
21991 1444827814.970331 0.038452 0.010986 -10.008569
21992 1444827814.980648 0.038452 0.010986 -10.008569
21993 1444827814.990749 0.038452 0.010986 -10.008569
21994 1444827815.000937 0.038452 0.010986 -10.008569
21995 1444827815.008463 0.038452 0.010986 -10.008569
21996 1444827815.021237 0.038452 0.010986 -10.008569
21997 1444827815.031199 0.038452 0.010986 -10.008569
21998 1444827815.041412 0.038452 -0.076904 -10.008569
21999 1444827815.051522 0.038452 0.010986 -10.008569
22000 1444827815.063133 0.038452 0.010986 -10.008569
22001 1444827815.073032 0.038452 0.010986 -10.008569
22002 1444827815.082954 0.038452 0.010986 -10.008569
22003 1444827815.093019 0.038452 0.010986 -10.008569
22004 1444827815.103518 0.038452 0.010986 -10.008569
22005 1444827815.113247 0.038452 0.010986 -10.008569
22006 1444827815.123532 0.038452 0.010986 -10.008569
22007 1444827815.133446 0.038452 0.010986 -10.008569
22008 1444827815.143913 0.038452 0.010986 -10.008569
22009 1444827815.154808 0.038452 -0.076904 -10.008569
22010 1444827815.164538 0.038452 -0.076904 -10.008569
22011 1444827815.174373 0.038452 0.010986 -10.008569
22012 1444827815.184455 0.038452 0.010986 -10.008569
22013 1444827815.194357 0.038452 0.010986 -10.008569
22014 1444827815.204557 0.038452 0.010986 -10.008569
22015 1444827815.213078 0.038452 0.010986 -10.008569
22016 1444827815.224637 0.038452 0.010986 -10.008569
22017 1444827815.234841 0.038452 0.010986 -10.008569
22018 1444827815.244884 0.038452 0.010986 -10.008569
22019 1444827815.255170 0.038452 0.010986 -10.008569
22020 1444827815.265280 0.038452 0.010986 -10.008569
22021 1444827815.275478 0.038452 0.010986 -10.008569
22022 1444827815.285672 0.038452 -0.076904 -10.008569
22023 1444827815.296827 0.038452 0.010986 -10.008569
22024 1444827815.303208 0.038452 0.010986 -10.008569
22025 1444827815.313118 0.038452 0.010986 -10.008569
22026 1444827815.323862 0.038452 0.010986 -10.008569
22027 1444827815.338184 0.038452 0.010986 -10.008569
22028 1444827815.343663 0.038452 0.010986 -10.008569
22029 1444827815.358261 0.038452 0.010986 -10.008569
22030 1444827815.368335 0.038452 0.010986 -10.008569
22031 1444827815.378576 0.038452 0.010986 -10.008569
22032 1444827815.388976 0.038452 0.010986 -10.008569
22033 1444827815.394563 0.038452 0.010986 -10.008569
22034 1444827815.404229 0.038452 0.010986 -10.008569
22035 1444827815.414665 0.038452 0.010986 -10.008569
22036 1444827815.424474 0.038452 0.010986 -10.008569
22037 1444827815.434817 0.038452 0.010986 -10.008569
22038 1444827815.445011 0.038452 0.010986 -10.008569
22039 1444827815.455140 0.038452 0.010986 -10.008569
22040 1444827815.465551 0.038452 0.010986 -10.008569
22041 1444827815.475853 0.038452 0.010986 -10.008569
22042 1444827815.485714 0.038452 0.010986 -10.008569
22043 1444827815.493265 0.038452 0.010986 -10.008569
22044 1444827815.503535 0.038452 0.010986 -10.008569
22045 1444827815.515651 0.038452 0.010986 -10.008569
22046 1444827815.524188 0.038452 0.010986 -10.008569
22047 1444827815.534589 0.038452 0.010986 -10.008569
22048 1444827815.545650 0.038452 0.010986 -10.008569
22049 1444827815.559245 0.038452 0.010986 -10.008569
22050 1444827815.569799 0.038452 0.010986 -10.008569
22051 1444827815.579966 0.038452 0.010986 -10.008569
22052 1444827815.590412 0.038452 0.010986 -10.008569
22053 1444827815.600568 0.038452 0.010986 -10.008569
22054 1444827815.605721 0.038452 0.010986 -10.008569
22055 1444827815.615827 0.038452 0.010986 -10.008569
22056 1444827815.626123 0.038452 0.010986 -10.008569
22057 1444827815.636349 0.038452 0.010986 -10.008569
22058 1444827815.646462 0.038452 0.010986 -10.008569
22059 1444827815.656488 0.038452 0.010986 -10.008569
22060 1444827815.666827 0.038452 0.010986 -10.008569
22061 1444827815.676830 0.038452 0.010986 -10.008569
22062 1444827815.686907 0.038452 0.010986 -10.008569
22063 1444827815.693010 0.038452 0.010986 -10.008569
22064 1444827815.703154 0.038452 0.010986 -10.008569
22065 1444827815.714093 0.038452 0.010986 -10.008569
22066 1444827815.722905 0.038452 0.010986 -10.008569
22067 1444827815.737856 0.038452 0.010986 -10.008569
22068 1444827815.747990 0.038452 0.010986 -10.008569
22069 1444827815.758131 0.038452 0.010986 -10.008569
22070 1444827815.768394 0.038452 0.010986 -10.008569
22071 1444827815.778582 0.038452 0.010986 -10.008569
22072 1444827815.788504 0.038452 0.010986 -10.008569
22073 1444827815.798810 0.038452 0.010986 -10.008569
22074 1444827815.808571 0.038452 0.010986 -10.008569
22075 1444827815.818835 0.038452 0.010986 -10.008569
22076 1444827815.829065 0.038452 0.010986 -10.008569
22077 1444827815.839120 0.038452 0.010986 -10.008569
22078 1444827815.849147 0.038452 0.010986 -10.008569
22079 1444827815.859389 0.038452 0.010986 -10.008569
22080 1444827815.869394 0.038452 0.010986 -10.008569
22081 1444827815.880825 0.038452 0.010986 -10.008569
22082 1444827815.888372 0.038452 0.010986 -10.008569
22083 1444827815.901628 0.038452 0.010986 -10.008569
22084 1444827815.908687 0.038452 0.010986 -10.008569
22085 1444827815.918473 0.038452 0.010986 -10.008569
22086 1444827815.932945 0.038452 0.010986 -10.008569
22087 1444827815.938421 0.038452 0.010986 -10.008569
22088 1444827815.948669 0.038452 0.010986 -10.008569
22089 1444827815.958953 0.038452 0.010986 -10.008569
22090 1444827815.968616 0.038452 0.010986 -10.008569
22091 1444827815.979034 0.038452 0.010986 -10.008569
22092 1444827815.989048 0.038452 0.010986 -10.008569
22093 1444827815.999379 0.038452 0.010986 -10.008569
22094 1444827816.009717 0.038452 0.010986 -10.008569
22095 1444827816.019420 0.038452 0.010986 -10.008569
22096 1444827816.029586 0.038452 0.010986 -10.008569
22097 1444827816.039743 0.038452 0.010986 -10.008569
22098 1444827816.049683 0.038452 0.010986 -10.008569
22099 1444827816.060170 0.038452 0.010986 -10.008569
22100 1444827816.069867 0.038452 0.010986 -10.008569
22101 1444827816.080008 0.038452 0.010986 -10.008569
22102 1444827816.089994 0.038452 0.010986 -10.008569
22103 1444827816.100178 0.038452 0.010986 -10.008569
22104 1444827816.110389 0.038452 0.010986 -10.008569
22105 1444827816.120363 0.038452 0.010986 -10.008569
22106 1444827816.130418 0.038452 0.010986 -10.008569
22107 1444827816.140464 0.038452 0.010986 -10.008569
22108 1444827816.150549 0.038452 0.010986 -10.008569
22109 1444827816.159216 0.038452 0.010986 -10.008569
22110 1444827816.168583 0.038452 -0.076904 -10.008569
22111 1444827816.178287 0.038452 0.010986 -10.008569
22112 1444827816.188840 0.038452 0.010986 -10.008569
22113 1444827816.199110 0.038452 0.010986 -10.008569
22114 1444827816.209909 0.038452 0.010986 -10.008569
22115 1444827816.218756 0.038452 0.010986 -10.008569
22116 1444827816.231438 0.038452 0.010986 -10.008569
22117 1444827816.238940 0.038452 0.010986 -10.008569
22118 1444827816.249559 0.038452 0.010986 -10.008569
22119 1444827816.260012 0.038452 0.010986 -10.008569
22120 1444827816.269086 0.038452 0.010986 -10.008569
22121 1444827816.278346 0.038452 0.010986 -10.008569
22122 1444827816.293256 0.038452 0.010986 -10.008569
22123 1444827816.304104 0.038452 0.010986 -10.008569
22124 1444827816.313435 0.038452 0.010986 -10.008569
22125 1444827816.323954 0.038452 0.010986 -10.008569
22126 1444827816.333961 0.038452 0.010986 -10.008569
22127 1444827816.344389 0.038452 0.010986 -10.008569
22128 1444827816.354574 0.038452 0.010986 -10.008569
22129 1444827816.364101 0.038452 0.010986 -10.008569
22130 1444827816.374565 0.038452 0.010986 -10.008569
22131 1444827816.384725 0.038452 0.010986 -10.008569
22132 1444827816.394616 0.038452 0.010986 -10.008569
22133 1444827816.404889 0.038452 0.010986 -10.008569
22134 1444827816.413084 0.038452 0.010986 -10.008569
22135 1444827816.425545 0.038452 0.010986 -10.008569
22136 1444827816.435616 0.038452 0.010986 -10.008569
22137 1444827816.445730 0.038452 0.010986 -10.008569
22138 1444827816.455943 0.038452 0.010986 -10.008569
22139 1444827816.466328 0.038452 0.010986 -10.008569
22140 1444827816.473055 0.038452 0.010986 -10.008569
22141 1444827816.482974 0.038452 0.010986 -10.008569
22142 1444827816.493019 0.038452 0.010986 -10.008569
22143 1444827816.503362 0.038452 0.010986 -10.008569
22144 1444827816.513514 0.038452 0.010986 -10.008569
22145 1444827816.523499 0.038452 0.010986 -10.008569
22146 1444827816.533242 0.038452 0.010986 -10.008569
22147 1444827816.543480 0.038452 0.010986 -10.008569
22148 1444827816.553890 0.038452 0.010986 -10.008569
22149 1444827816.563658 0.038452 0.010986 -10.008569
22150 1444827816.573717 0.038452 0.010986 -10.008569
22151 1444827816.583751 0.038452 0.010986 -10.008569
22152 1444827816.593888 0.038452 0.010986 -10.008569
22153 1444827816.604137 0.038452 0.010986 -10.008569
22154 1444827816.614274 0.038452 0.010986 -10.008569
22155 1444827816.624166 0.038452 0.010986 -10.008569
22156 1444827816.634354 0.038452 0.010986 -10.008569
22157 1444827816.644456 0.038452 0.010986 -10.008569
22158 1444827816.654606 0.038452 0.010986 -10.008569
22159 1444827816.663778 0.038452 0.010986 -10.008569
22160 1444827816.675756 0.038452 0.010986 -10.008569
22161 1444827816.685839 0.038452 0.010986 -10.008569
22162 1444827816.696503 0.038452 0.010986 -10.008569
22163 1444827816.706955 0.038452 0.010986 -10.008569
22164 1444827816.716848 0.038452 0.010986 -10.008569
22165 1444827816.726587 0.038452 0.010986 -10.008569
22166 1444827816.733290 0.038452 0.010986 -10.008569
22167 1444827816.746905 0.038452 0.010986 -10.008569
22168 1444827816.754736 0.038452 0.010986 -10.008569
22169 1444827816.764862 0.038452 0.010986 -10.008569
22170 1444827816.778094 0.038452 0.010986 -10.008569
22171 1444827816.788193 0.038452 0.010986 -10.008569
22172 1444827816.798316 0.038452 0.010986 -10.008569
22173 1444827816.808287 0.038452 0.010986 -10.008569
22174 1444827816.818279 0.038452 0.010986 -10.008569
22175 1444827816.824320 0.038452 0.010986 -10.008569
22176 1444827816.834355 0.038452 0.010986 -10.008569
22177 1444827816.844337 0.038452 0.010986 -10.008569
22178 1444827816.855484 0.038452 0.010986 -10.008569
22179 1444827816.864729 0.038452 0.010986 -10.008569
22180 1444827816.875059 0.038452 0.010986 -10.008569
22181 1444827816.884897 0.038452 0.010986 -10.008569
22182 1444827816.895388 0.038452 0.010986 -10.008569
22183 1444827816.906128 0.038452 0.010986 -10.008569
22184 1444827816.916382 0.038452 0.010986 -10.008569
22185 1444827816.925882 0.038452 0.010986 -10.008569
22186 1444827816.935943 0.038452 0.010986 -10.008569
22187 1444827816.946009 0.038452 0.010986 -10.008569
22188 1444827816.952936 0.038452 0.010986 -10.008569
22189 1444827816.963335 0.038452 0.010986 -10.008569
22190 1444827816.976091 0.038452 0.010986 -10.008569
22191 1444827816.986271 0.038452 0.010986 -10.008569
22192 1444827816.993167 0.038452 0.010986 -10.008569
22193 1444827817.003462 0.038452 0.010986 -10.008569
22194 1444827817.018700 0.038452 0.010986 -10.008569
22195 1444827817.028862 0.038452 0.010986 -10.008569
22196 1444827817.038738 0.038452 0.010986 -10.008569
22197 1444827817.049150 0.038452 0.010986 -10.008569
22198 1444827817.060133 0.038452 0.010986 -10.008569
22199 1444827817.069290 0.038452 0.010986 -10.008569
22200 1444827817.079632 0.038452 0.010986 -10.008569
22201 1444827817.089813 0.038452 0.010986 -10.008569
22202 1444827817.099857 -0.049439 0.010986 -10.008569
22203 1444827817.109967 0.038452 0.010986 -10.008569
22204 1444827817.119798 0.038452 0.010986 -10.008569
22205 1444827817.130111 0.038452 0.010986 -10.008569
22206 1444827817.140090 0.038452 0.010986 -10.008569
22207 1444827817.150259 0.038452 0.010986 -10.008569
22208 1444827817.158351 0.038452 0.010986 -10.008569
22209 1444827817.168022 0.038452 0.010986 -10.008569
22210 1444827817.180873 0.038452 -0.076904 -10.008569
22211 1444827817.191007 0.038452 0.010986 -10.008569
22212 1444827817.198112 0.038452 0.010986 -10.008569
22213 1444827817.208505 0.038452 0.010986 -10.008569
22214 1444827817.218209 0.038452 0.010986 -10.008569
22215 1444827817.228188 0.038452 0.010986 -10.008569
22216 1444827817.238007 0.038452 0.010986 -10.008569
22217 1444827817.248170 0.038452 0.010986 -10.008569
22218 1444827817.258251 0.038452 0.010986 -10.008569
22219 1444827817.267837 0.038452 0.010986 -10.008569
22220 1444827817.278354 -0.049439 0.010986 -10.008569
22221 1444827817.288507 0.038452 0.010986 -10.008569
22222 1444827817.298704 -0.049439 0.010986 -10.008569
22223 1444827817.308918 0.038452 0.010986 -10.008569
22224 1444827817.318861 -0.049439 0.010986 -10.008569
22225 1444827817.328944 -0.049439 0.010986 -10.008569
22226 1444827817.339066 -0.049439 0.010986 -10.008569
22227 1444827817.349123 -0.049439 0.010986 -10.008569
22228 1444827817.359422 -0.049439 0.010986 -10.008569
22229 1444827817.369300 -0.049439 0.010986 -10.008569
22230 1444827817.379496 -0.049439 0.010986 -10.008569
22231 1444827817.389487 -0.049439 0.010986 -10.008569
22232 1444827817.399702 -0.049439 0.010986 -10.008569
22233 1444827817.411731 -0.049439 0.010986 -10.008569
22234 1444827817.420823 -0.049439 0.010986 -10.008569
22235 1444827817.431375 -0.049439 0.010986 -10.008569
22236 1444827817.441308 0.038452 0.010986 -10.008569
22237 1444827817.451075 0.038452 0.010986 -10.008569
22238 1444827817.461098 -0.049439 0.010986 -10.008569
22239 1444827817.471202 0.038452 0.010986 -10.008569
22240 1444827817.481369 -0.049439 0.010986 -10.008569
22241 1444827817.491675 0.038452 0.010986 -10.008569
22242 1444827817.502847 0.038452 0.010986 -10.008569
22243 1444827817.513074 -0.049439 0.010986 -10.008569
22244 1444827817.523172 -0.049439 0.010986 -10.008569
22245 1444827817.533129 0.038452 0.010986 -10.008569
22246 1444827817.543007 -0.049439 0.010986 -10.008569
22247 1444827817.553278 0.038452 0.010986 -10.008569
22248 1444827817.563148 -0.049439 0.010986 -10.008569
22249 1444827817.573306 0.038452 0.010986 -10.008569
22250 1444827817.583534 0.038452 0.010986 -10.008569
22251 1444827817.593595 0.038452 0.010986 -10.008569
22252 1444827817.603944 -0.049439 0.010986 -10.008569
22253 1444827817.613654 -0.049439 0.010986 -10.008569
22254 1444827817.624250 -0.049439 0.010986 -10.008569
22255 1444827817.634225 -0.049439 0.010986 -10.008569
22256 1444827817.644333 0.038452 0.010986 -10.008569
22257 1444827817.654411 0.038452 0.010986 -10.008569
22258 1444827817.664258 -0.049439 0.010986 -10.008569
22259 1444827817.674589 -0.049439 0.010986 -10.008569
22260 1444827817.684888 0.038452 0.010986 -10.008569
22261 1444827817.694919 0.038452 0.010986 -10.008569
22262 1444827817.705003 -0.049439 0.010986 -10.008569
22263 1444827817.713174 0.038452 0.010986 -10.008569
22264 1444827817.725153 -0.049439 0.010986 -10.008569
22265 1444827817.735360 -0.049439 0.010986 -10.008569
22266 1444827817.742841 -0.049439 0.010986 -10.008569
22267 1444827817.751013 -0.049439 0.010986 -10.008569
22268 1444827817.758982 0.038452 0.010986 -10.008569
22269 1444827817.768082 0.038452 0.010986 -10.008569
22270 1444827817.783520 0.038452 0.010986 -10.008569
22271 1444827817.793518 -0.049439 0.010986 -10.008569
22272 1444827817.804506 -0.049439 0.010986 -10.008569
22273 1444827817.814508 0.038452 0.010986 -10.008569
22274 1444827817.824095 -0.049439 0.010986 -10.008569
22275 1444827817.834148 0.038452 0.010986 -10.008569
22276 1444827817.844419 -0.049439 0.010986 -10.008569
22277 1444827817.854970 0.038452 0.010986 -10.008569
22278 1444827817.865085 0.038452 0.010986 -10.008569
22279 1444827817.874815 0.038452 0.010986 -10.008569
22280 1444827817.884776 -0.049439 0.010986 -10.008569
22281 1444827817.894855 0.038452 0.010986 -10.008569
22282 1444827817.905143 0.038452 0.010986 -10.008569
22283 1444827817.915402 -0.049439 0.010986 -10.008569
22284 1444827817.925256 0.038452 0.010986 -10.008569
22285 1444827817.935407 0.038452 0.010986 -10.008569
22286 1444827817.945371 -0.049439 0.010986 -10.008569
22287 1444827817.955577 -0.049439 0.010986 -10.008569
22288 1444827817.963374 0.038452 0.010986 -10.008569
22289 1444827817.975597 -0.049439 0.010986 -10.008569
22290 1444827817.985736 0.038452 0.010986 -10.008569
22291 1444827817.995844 0.038452 0.010986 -10.008569
22292 1444827818.006023 0.038452 0.010986 -10.008569
22293 1444827818.014351 -0.049439 0.010986 -10.008569
22294 1444827818.023186 -0.049439 0.010986 -10.008569
22295 1444827818.033349 0.038452 0.010986 -10.008569
22296 1444827818.043030 -0.049439 0.010986 -10.008569
22297 1444827818.054197 0.038452 0.010986 -10.008569
22298 1444827818.064147 -0.049439 0.010986 -10.008569
22299 1444827818.073211 -0.049439 0.010986 -10.008569
22300 1444827818.084109 0.038452 0.010986 -10.008569
22301 1444827818.093371 -0.049439 0.010986 -10.008569
22302 1444827818.105073 0.038452 0.010986 -10.008569
22303 1444827818.114162 -0.049439 0.010986 -10.008569
22304 1444827818.123590 0.038452 0.010986 -10.008569
22305 1444827818.133819 -0.049439 0.010986 -10.008569
22306 1444827818.143870 -0.049439 0.010986 -10.008569
22307 1444827818.153986 -0.049439 0.010986 -10.008569
22308 1444827818.163992 0.038452 0.010986 -10.008569
22309 1444827818.174075 -0.049439 0.010986 -10.008569
22310 1444827818.184138 -0.049439 0.010986 -10.008569
22311 1444827818.194341 0.038452 0.010986 -10.008569
22312 1444827818.204477 0.038452 0.010986 -10.008569
22313 1444827818.214479 -0.049439 0.010986 -10.008569
22314 1444827818.225465 0.038452 0.010986 -10.008569
22315 1444827818.235580 -0.049439 0.010986 -10.008569
22316 1444827818.245782 0.038452 0.010986 -10.008569
22317 1444827818.257958 0.038452 0.010986 -10.008569
22318 1444827818.267991 -0.049439 0.010986 -10.008569
22319 1444827818.277936 0.038452 0.010986 -10.008569
22320 1444827818.287892 0.038452 0.010986 -10.008569
22321 1444827818.298191 -0.049439 0.010986 -10.008569
22322 1444827818.308417 0.038452 0.010986 -10.008569
22323 1444827818.318103 0.038452 0.010986 -10.008569
22324 1444827818.328025 0.038452 0.010986 -10.008569
22325 1444827818.338537 0.038452 0.010986 -10.008569
22326 1444827818.348549 -0.049439 0.010986 -10.008569
22327 1444827818.359065 -0.049439 0.010986 -10.008569
22328 1444827818.368939 0.038452 0.010986 -10.008569
22329 1444827818.378994 0.038452 0.010986 -10.008569
22330 1444827818.389047 -0.049439 0.010986 -10.008569
22331 1444827818.399199 -0.049439 0.010986 -10.008569
22332 1444827818.409473 -0.049439 0.010986 -10.008569
22333 1444827818.419643 -0.049439 0.010986 -10.008569
22334 1444827818.429732 0.038452 0.010986 -10.008569
22335 1444827818.439793 -0.049439 0.010986 -10.008569
22336 1444827818.449846 -0.049439 0.010986 -10.008569
22337 1444827818.460065 -0.049439 0.010986 -9.920679
22338 1444827818.470140 0.038452 0.010986 -10.008569
22339 1444827818.475872 0.038452 0.010986 -10.008569
22340 1444827818.485106 0.038452 0.010986 -10.008569
22341 1444827818.500455 0.038452 0.010986 -9.920679
22342 1444827818.505381 0.038452 0.010986 -10.008569
22343 1444827818.513300 0.038452 0.010986 -10.008569
22344 1444827818.523494 0.038452 0.010986 -9.920679
22345 1444827818.532922 0.038452 0.010986 -10.008569
22346 1444827818.542865 0.038452 0.010986 -10.008569
22347 1444827818.554090 0.038452 0.010986 -10.008569
22348 1444827818.563687 0.038452 0.010986 -9.920679
22349 1444827818.578167 0.038452 0.010986 -9.920679
22350 1444827818.588169 0.038452 0.010986 -9.920679
22351 1444827818.598333 0.038452 0.010986 -10.008569
22352 1444827818.608508 0.038452 0.010986 -9.920679
22353 1444827818.618449 0.038452 0.010986 -9.920679
22354 1444827818.628638 0.038452 0.010986 -9.920679
22355 1444827818.638775 0.038452 0.010986 -9.920679
22356 1444827818.649052 0.038452 0.010986 -9.920679
22357 1444827818.659139 0.038452 0.010986 -9.920679
22358 1444827818.669167 0.038452 0.010986 -9.920679
22359 1444827818.679555 0.038452 0.010986 -9.920679
22360 1444827818.689494 0.038452 0.010986 -9.920679
22361 1444827818.699670 0.038452 0.010986 -9.920679
22362 1444827818.709772 0.038452 0.098877 -9.920679
22363 1444827818.719817 0.038452 0.010986 -10.008569
22364 1444827818.730325 0.038452 0.010986 -9.920679
22365 1444827818.740501 0.038452 0.010986 -9.920679
22366 1444827818.750738 0.038452 0.010986 -9.920679
22367 1444827818.761435 0.038452 0.010986 -9.920679
22368 1444827818.771007 0.038452 0.010986 -9.920679
22369 1444827818.780309 0.038452 0.010986 -9.920679
22370 1444827818.791040 0.038452 0.010986 -9.920679
22371 1444827818.801339 0.038452 0.010986 -9.920679
22372 1444827818.809997 0.038452 0.010986 -9.920679
22373 1444827818.817913 0.038452 0.010986 -9.920679
22374 1444827818.832883 0.038452 0.010986 -9.920679
22375 1444827818.842971 0.038452 0.010986 -9.920679
22376 1444827818.852995 0.038452 0.010986 -9.920679
22377 1444827818.862913 0.038452 0.010986 -9.920679
22378 1444827818.873031 0.038452 0.010986 -9.920679
22379 1444827818.883010 0.038452 0.010986 -9.920679
22380 1444827818.893087 0.038452 0.010986 -9.920679
22381 1444827818.904874 0.038452 0.010986 -9.920679
22382 1444827818.914592 0.038452 0.010986 -9.920679
22383 1444827818.924877 0.038452 0.010986 -9.920679
22384 1444827818.934815 0.038452 0.010986 -9.920679
22385 1444827818.944301 0.038452 0.010986 -9.920679
22386 1444827818.955401 0.038452 0.010986 -9.920679
22387 1444827818.958833 0.038452 0.010986 -9.920679
22388 1444827818.974705 0.038452 0.010986 -10.008569
22389 1444827818.985258 0.038452 0.010986 -9.920679
22390 1444827818.995305 0.038452 0.010986 -9.920679
22391 1444827819.005470 0.038452 0.010986 -9.920679
22392 1444827819.010443 0.038452 0.010986 -9.920679
22393 1444827819.025836 -0.049439 0.010986 -9.920679
22394 1444827819.035814 0.038452 0.010986 -10.008569
22395 1444827819.045896 0.038452 0.010986 -9.920679
22396 1444827819.056160 0.038452 0.010986 -9.920679
22397 1444827819.066295 0.038452 0.010986 -9.920679
22398 1444827819.076251 0.038452 0.010986 -9.920679
22399 1444827819.086284 -0.049439 0.010986 -9.920679
22400 1444827819.096373 -0.049439 0.010986 -9.920679
22401 1444827819.106542 -0.049439 0.010986 -9.920679
22402 1444827819.116657 0.038452 0.010986 -9.920679
22403 1444827819.126709 0.038452 0.010986 -9.920679
22404 1444827819.136873 0.038452 0.010986 -9.920679
22405 1444827819.146930 0.038452 0.010986 -9.920679
22406 1444827819.153738 0.038452 0.010986 -9.920679
22407 1444827819.163845 0.038452 0.010986 -9.920679
22408 1444827819.173463 0.038452 0.010986 -9.920679
22409 1444827819.183695 0.038452 0.010986 -9.920679
22410 1444827819.193615 0.038452 0.010986 -9.920679
22411 1444827819.204573 0.038452 0.010986 -9.920679
22412 1444827819.214858 0.038452 0.010986 -9.920679
22413 1444827819.225237 0.038452 0.098877 -9.920679
22414 1444827819.235424 -0.049439 0.010986 -9.920679
22415 1444827819.246275 -0.049439 0.010986 -9.920679
22416 1444827819.256608 -0.049439 0.010986 -9.920679
22417 1444827819.263034 -0.049439 0.010986 -9.920679
22418 1444827819.277993 0.038452 0.010986 -9.920679
22419 1444827819.283203 -0.049439 0.010986 -9.920679
22420 1444827819.293456 0.038452 0.010986 -9.920679
22421 1444827819.303606 -0.049439 0.010986 -9.920679
22422 1444827819.318478 -0.049439 0.010986 -9.920679
22423 1444827819.328551 -0.049439 0.010986 -9.920679
22424 1444827819.338665 -0.049439 0.010986 -9.920679
22425 1444827819.343903 -0.049439 0.010986 -9.920679
22426 1444827819.354255 -0.049439 0.010986 -9.920679
22427 1444827819.364092 -0.049439 0.010986 -9.920679
22428 1444827819.374127 -0.049439 0.010986 -9.920679
22429 1444827819.384260 -0.049439 0.010986 -9.920679
22430 1444827819.395134 -0.049439 0.010986 -9.920679
22431 1444827819.405433 -0.049439 0.010986 -9.920679
22432 1444827819.415188 -0.049439 0.010986 -9.920679
22433 1444827819.425332 -0.049439 0.010986 -9.920679
22434 1444827819.435226 -0.049439 0.010986 -9.920679
22435 1444827819.445519 -0.049439 0.010986 -9.920679
22436 1444827819.455476 -0.049439 0.010986 -9.920679
22437 1444827819.468002 -0.049439 0.010986 -9.920679
22438 1444827819.476288 -0.049439 0.010986 -9.920679
22439 1444827819.486259 -0.049439 0.010986 -10.008569
22440 1444827819.496380 -0.049439 0.010986 -10.008569
22441 1444827819.508842 -0.049439 0.010986 -9.920679
22442 1444827819.518218 -0.049439 0.010986 -9.920679
22443 1444827819.522979 -0.049439 0.010986 -9.920679
22444 1444827819.538340 -0.049439 0.010986 -9.920679
22445 1444827819.548541 -0.049439 0.010986 -9.920679
22446 1444827819.558850 -0.049439 0.010986 -9.920679
22447 1444827819.568834 -0.049439 0.010986 -9.920679
22448 1444827819.579016 -0.049439 0.010986 -10.008569
22449 1444827819.588922 -0.049439 0.010986 -9.920679
22450 1444827819.599189 -0.049439 0.010986 -10.008569
22451 1444827819.609329 -0.049439 0.010986 -10.008569
22452 1444827819.619613 -0.049439 0.010986 -10.008569
22453 1444827819.629715 -0.049439 0.010986 -10.008569
22454 1444827819.639969 -0.049439 0.010986 -10.008569
22455 1444827819.650036 -0.049439 0.010986 -10.008569
22456 1444827819.660124 -0.049439 0.010986 -9.920679
22457 1444827819.670111 -0.049439 0.010986 -10.008569
22458 1444827819.680422 -0.049439 0.010986 -9.920679
22459 1444827819.690462 -0.049439 0.010986 -10.008569
22460 1444827819.700471 -0.049439 0.010986 -10.008569
22461 1444827819.710709 -0.049439 0.010986 -10.008569
22462 1444827819.720690 -0.049439 0.010986 -9.920679
22463 1444827819.730858 -0.049439 0.010986 -10.008569
22464 1444827819.740841 -0.049439 0.010986 -9.920679
22465 1444827819.751002 -0.049439 0.010986 -10.008569
22466 1444827819.758211 -0.049439 0.010986 -9.920679
22467 1444827819.768099 -0.049439 0.010986 -10.008569
22468 1444827819.778001 -0.049439 0.010986 -10.008569
22469 1444827819.791863 -0.049439 0.010986 -10.008569
22470 1444827819.801974 -0.049439 0.010986 -10.008569
22471 1444827819.812178 -0.049439 0.010986 -10.008569
22472 1444827819.817969 -0.049439 0.010986 -10.008569
22473 1444827819.828166 -0.049439 0.010986 -10.008569
22474 1444827819.838552 -0.049439 0.010986 -10.008569
22475 1444827819.848320 -0.049439 0.010986 -9.920679
22476 1444827819.858618 -0.049439 0.010986 -10.008569
22477 1444827819.868546 -0.049439 0.010986 -10.008569
22478 1444827819.878858 -0.049439 0.010986 -10.008569
22479 1444827819.888954 -0.049439 0.010986 -10.008569
22480 1444827819.899061 -0.049439 0.010986 -10.008569
22481 1444827819.909488 -0.049439 0.010986 -9.920679
22482 1444827819.919533 -0.049439 0.010986 -10.008569
22483 1444827819.929681 -0.049439 0.010986 -10.008569
22484 1444827819.939697 -0.049439 0.010986 -10.008569
22485 1444827819.949968 -0.049439 0.010986 -10.008569
22486 1444827819.959719 -0.049439 0.010986 -10.008569
22487 1444827819.970164 -0.049439 0.010986 -10.008569
22488 1444827819.980272 -0.049439 0.010986 -10.008569
22489 1444827819.991417 -0.049439 0.010986 -10.008569
22490 1444827820.001560 -0.049439 0.010986 -10.008569
22491 1444827820.013411 -0.049439 0.010986 -10.008569
22492 1444827820.021402 -0.049439 0.010986 -10.008569
22493 1444827820.031309 -0.049439 0.010986 -10.008569
22494 1444827820.041138 -0.049439 0.010986 -10.008569
22495 1444827820.053188 -0.049439 0.010986 -10.008569
22496 1444827820.062856 -0.049439 0.010986 -10.008569
22497 1444827820.072910 -0.049439 0.010986 -10.008569
22498 1444827820.082989 -0.049439 0.010986 -10.008569
22499 1444827820.093052 -0.049439 0.010986 -9.920679
22500 1444827820.103323 -0.049439 0.010986 -10.008569
22501 1444827820.113312 -0.049439 0.010986 -10.008569
22502 1444827820.123498 -0.049439 0.010986 -10.008569
22503 1444827820.133551 -0.049439 0.010986 -10.008569
22504 1444827820.143654 -0.049439 0.010986 -10.008569
22505 1444827820.153971 -0.049439 0.010986 -10.008569
22506 1444827820.163896 -0.049439 0.010986 -10.008569
22507 1444827820.173980 -0.049439 0.010986 -10.008569
22508 1444827820.184069 -0.049439 0.010986 -10.008569
22509 1444827820.194221 -0.049439 0.010986 -10.008569
22510 1444827820.204378 -0.049439 0.010986 -10.008569
22511 1444827820.214301 -0.049439 0.010986 -10.008569
22512 1444827820.224401 -0.049439 0.010986 -10.008569
22513 1444827820.234498 -0.049439 0.010986 -10.008569
22514 1444827820.244689 -0.049439 0.010986 -10.008569
22515 1444827820.250172 -0.049439 0.010986 -10.008569
22516 1444827820.260562 -0.049439 0.010986 -9.920679
22517 1444827820.268370 -0.049439 0.010986 -10.008569
22518 1444827820.283472 -0.049439 0.010986 -10.008569
22519 1444827820.295684 -0.049439 0.010986 -10.008569
22520 1444827820.305847 -0.049439 0.010986 -10.008569
22521 1444827820.313369 -0.049439 0.010986 -10.008569
22522 1444827820.325997 -0.049439 0.010986 -10.008569
22523 1444827820.335934 -0.049439 0.010986 -10.008569
22524 1444827820.346111 -0.049439 0.010986 -10.008569
22525 1444827820.356254 -0.049439 0.010986 -10.008569
22526 1444827820.364017 -0.049439 0.010986 -10.008569
22527 1444827820.373790 -0.049439 0.010986 -10.008569
22528 1444827820.383548 -0.049439 0.010986 -10.008569
22529 1444827820.396816 -0.049439 0.010986 -10.008569
22530 1444827820.406954 -0.049439 0.010986 -10.008569
22531 1444827820.414334 -0.049439 0.010986 -10.008569
22532 1444827820.422847 -0.049439 0.010986 -10.008569
22533 1444827820.433073 -0.049439 0.010986 -10.008569
22534 1444827820.444225 -0.049439 0.010986 -10.008569
22535 1444827820.455093 -0.049439 0.010986 -10.008569
22536 1444827820.465314 -0.049439 0.010986 -10.008569
22537 1444827820.474396 -0.049439 0.010986 -10.008569
22538 1444827820.482871 -0.049439 0.010986 -10.008569
22539 1444827820.493274 -0.049439 0.010986 -10.008569
22540 1444827820.507977 -0.049439 0.010986 -10.008569
22541 1444827820.514771 -0.049439 0.010986 -10.008569
22542 1444827820.524882 -0.049439 0.010986 -10.008569
22543 1444827820.533603 -0.049439 0.010986 -10.008569
22544 1444827820.543684 -0.049439 0.010986 -10.008569
22545 1444827820.553987 -0.049439 0.010986 -10.008569
22546 1444827820.564294 -0.049439 0.010986 -10.008569
22547 1444827820.574524 -0.049439 0.010986 -10.008569
22548 1444827820.585432 -0.049439 0.010986 -10.008569
22549 1444827820.596618 -0.049439 0.010986 -10.008569
22550 1444827820.606041 -0.049439 0.010986 -10.008569
22551 1444827820.616199 -0.049439 0.010986 -10.008569
22552 1444827820.625821 -0.049439 0.010986 -10.008569
22553 1444827820.635071 -0.049439 0.010986 -10.008569
22554 1444827820.646057 -0.049439 0.010986 -10.008569
22555 1444827820.653689 -0.049439 0.010986 -10.008569
22556 1444827820.666042 -0.049439 0.010986 -10.008569
22557 1444827820.678169 -0.049439 0.010986 -10.008569
22558 1444827820.688346 -0.049439 0.010986 -10.008569
22559 1444827820.698302 -0.049439 0.010986 -10.008569
22560 1444827820.704483 -0.049439 0.010986 -10.008569
22561 1444827820.718827 -0.049439 0.010986 -10.008569
22562 1444827820.729158 -0.049439 0.010986 -10.008569
22563 1444827820.739201 -0.049439 0.010986 -10.008569
22564 1444827820.749289 -0.049439 0.010986 -10.008569
22565 1444827820.758348 -0.049439 0.010986 -10.008569
22566 1444827820.769682 -0.049439 0.010986 -10.008569
22567 1444827820.778321 -0.049439 0.010986 -10.008569
22568 1444827820.787870 -0.049439 0.010986 -10.008569
22569 1444827820.795335 -0.049439 0.010986 -10.008569
22570 1444827820.808900 -0.049439 0.010986 -10.008569
22571 1444827820.818681 -0.049439 0.010986 -10.008569
22572 1444827820.825767 -0.049439 0.010986 -10.008569
22573 1444827820.833793 -0.049439 0.010986 -10.008569
22574 1444827820.848038 -0.049439 0.010986 -10.008569
22575 1444827820.858616 -0.049439 0.010986 -10.008569
22576 1444827820.869553 -0.049439 0.010986 -10.008569
22577 1444827820.879684 -0.049439 0.010986 -10.008569
22578 1444827820.890183 -0.049439 0.010986 -10.008569
22579 1444827820.900170 -0.049439 0.010986 -10.008569
22580 1444827820.910374 -0.049439 0.010986 -10.008569
22581 1444827820.918528 -0.049439 0.010986 -10.008569
22582 1444827820.928561 -0.049439 0.010986 -10.008569
22583 1444827820.940683 -0.049439 0.010986 -10.008569
22584 1444827820.950701 -0.049439 0.010986 -10.008569
22585 1444827820.960916 -0.049439 0.010986 -10.008569
22586 1444827820.965923 -0.049439 0.010986 -10.008569
22587 1444827820.976101 -0.049439 0.010986 -10.008569
22588 1444827820.986206 -0.049439 0.010986 -10.008569
22589 1444827820.999532 -0.049439 0.010986 -10.008569
22590 1444827821.009472 -0.049439 0.010986 -10.008569
22591 1444827821.019457 -0.049439 0.010986 -10.008569
22592 1444827821.028389 -0.049439 0.010986 -10.008569
22593 1444827821.038667 -0.049439 0.010986 -10.008569
22594 1444827821.049278 -0.049439 0.010986 -10.008569
22595 1444827821.059494 -0.049439 0.010986 -10.008569
22596 1444827821.068485 -0.049439 0.010986 -10.008569
22597 1444827821.081348 -0.049439 0.010986 -10.008569
22598 1444827821.089368 -0.049439 0.010986 -10.008569
22599 1444827821.098499 -0.049439 0.010986 -10.008569
22600 1444827821.110823 -0.049439 0.010986 -10.008569
22601 1444827821.119255 -0.049439 0.010986 -10.008569
22602 1444827821.129122 -0.049439 0.010986 -10.008569
22603 1444827821.139145 -0.049439 0.010986 -10.008569
22604 1444827821.149365 -0.049439 0.010986 -10.008569
22605 1444827821.159590 -0.049439 0.010986 -10.008569
22606 1444827821.168669 -0.049439 0.010986 -10.008569
22607 1444827821.181080 -0.049439 0.010986 -10.008569
22608 1444827821.191160 -0.049439 0.010986 -10.008569
22609 1444827821.199376 -0.049439 0.010986 -10.008569
22610 1444827821.210914 -0.049439 0.010986 -10.008569
22611 1444827821.219325 -0.049439 0.010986 -10.008569
22612 1444827821.229123 -0.049439 0.010986 -10.008569
22613 1444827821.239503 -0.049439 0.010986 -10.008569
22614 1444827821.249611 -0.049439 0.010986 -10.008569
22615 1444827821.263034 -0.049439 0.010986 -10.008569
22616 1444827821.271190 -0.049439 0.010986 -10.008569
22617 1444827821.279807 -0.049439 0.010986 -10.008569
22618 1444827821.289165 -0.049439 0.010986 -10.008569
22619 1444827821.299626 -0.049439 0.010986 -10.008569
22620 1444827821.311459 -0.049439 0.010986 -10.008569
22621 1444827821.320708 -0.049439 0.010986 -10.008569
22622 1444827821.331052 -0.049439 0.010986 -10.008569
22623 1444827821.341154 -0.049439 0.010986 -10.008569
22624 1444827821.351060 -0.049439 0.010986 -10.008569
22625 1444827821.363319 -0.049439 0.010986 -10.008569
22626 1444827821.373896 -0.049439 0.010986 -10.008569
22627 1444827821.379584 -0.049439 0.010986 -10.008569
22628 1444827821.389803 -0.049439 0.010986 -10.008569
22629 1444827821.400118 -0.049439 0.010986 -10.008569
22630 1444827821.413198 -0.049439 0.010986 -10.008569
22631 1444827821.421319 -0.049439 0.010986 -10.008569
22632 1444827821.431354 -0.049439 0.010986 -10.008569
22633 1444827821.441515 -0.049439 0.010986 -10.008569
22634 1444827821.451532 -0.049439 0.010986 -10.008569
22635 1444827821.459211 -0.049439 0.010986 -10.008569
22636 1444827821.468696 -0.049439 0.010986 -10.008569
22637 1444827821.478796 -0.049439 0.010986 -10.008569
22638 1444827821.488476 -0.049439 0.010986 -10.008569
22639 1444827821.501466 -0.049439 0.010986 -10.008569
22640 1444827821.511523 -0.049439 0.010986 -10.008569
22641 1444827821.521660 -0.049439 0.010986 -10.008569
