24740 1444831732.575630 0.038452 0.010986 -10.008569
24741 1444831732.585652 0.038452 0.010986 -10.008569
24742 1444831732.595816 -0.049439 -0.076904 -9.920679
24743 1444831732.606674 -0.049439 0.010986 -10.008569
24744 1444831732.612915 0.038452 0.010986 -9.920679
24745 1444831732.626857 -0.049439 0.010986 -10.008569
24746 1444831732.628769 -0.049439 0.010986 -10.008569
24747 1444831732.639683 0.038452 0.010986 -9.920679
24748 1444831732.648966 0.038452 0.010986 -10.008569
24749 1444831732.663069 -0.049439 -0.076904 -10.008569
24750 1444831732.673507 -0.049439 -0.076904 -10.008569
24751 1444831732.684295 0.038452 0.010986 -10.008569
24752 1444831732.694106 -0.049439 -0.076904 -10.008569
24753 1444831732.703841 0.038452 -0.076904 -10.008569
24754 1444831732.714070 -0.049439 -0.076904 -10.008569
24755 1444831732.724339 0.038452 0.010986 -10.008569
24756 1444831732.734831 -0.049439 -0.076904 -10.008569
24757 1444831732.745314 0.038452 -0.076904 -10.008569
24758 1444831732.755597 -0.049439 -0.076904 -10.008569
24759 1444831732.765226 -0.049439 -0.076904 -10.008569
24760 1444831732.775497 -0.049439 -0.076904 -10.008569
24761 1444831732.785915 -0.049439 -0.076904 -10.008569
24762 1444831732.797619 -0.049439 -0.076904 -10.008569
24763 1444831732.803075 -0.049439 -0.076904 -10.008569
24764 1444831732.813439 -0.049439 -0.076904 -10.008569
24765 1444831732.823419 0.038452 -0.076904 -10.008569
24766 1444831732.833531 -0.049439 -0.076904 -10.008569
24767 1444831732.843417 0.038452 -0.076904 -10.09646
24768 1444831732.853624 0.038452 -0.076904 -10.008569
24769 1444831732.863907 0.038452 -0.076904 -10.008569
24770 1444831732.873906 0.038452 -0.076904 -10.008569
24771 1444831732.883963 0.038452 -0.076904 -10.008569
24772 1444831732.893939 0.038452 -0.076904 -10.008569
24773 1444831732.904533 0.038452 -0.076904 -10.008569
24774 1444831732.914727 0.038452 -0.076904 -10.008569
24775 1444831732.924936 0.038452 -0.076904 -10.008569
24776 1444831732.934796 0.038452 -0.076904 -10.008569
24777 1444831732.944992 0.038452 -0.076904 -10.008569
24778 1444831732.955115 0.038452 -0.076904 -10.09646
24779 1444831732.965405 0.038452 -0.076904 -10.008569
24780 1444831732.975545 0.038452 -0.076904 -10.008569
24781 1444831732.985877 0.038452 -0.076904 -10.008569
24782 1444831732.995777 0.038452 -0.076904 -10.008569
24783 1444831733.006129 0.038452 -0.076904 -10.008569
24784 1444831733.016278 0.038452 -0.076904 -10.008569
24785 1444831733.026449 0.038452 -0.076904 -10.008569
24786 1444831733.038735 0.038452 -0.076904 -10.008569
24787 1444831733.048480 0.038452 -0.076904 -10.008569
24788 1444831733.058079 0.038452 -0.076904 -10.008569
24789 1444831733.068464 0.038452 -0.076904 -10.008569
24790 1444831733.078188 0.038452 -0.076904 -10.008569
24791 1444831733.088919 0.038452 -0.076904 -10.008569
24792 1444831733.098243 0.038452 -0.076904 -10.008569
24793 1444831733.108413 0.038452 -0.076904 -10.008569
24794 1444831733.118526 0.038452 -0.076904 -10.008569
24795 1444831733.129142 0.038452 -0.076904 -10.008569
24796 1444831733.139479 0.038452 -0.076904 -10.008569
24797 1444831733.149305 0.038452 -0.076904 -10.008569
24798 1444831733.159459 0.038452 -0.076904 -10.008569
24799 1444831733.169472 0.038452 -0.076904 -10.008569
24800 1444831733.179725 0.038452 -0.076904 -10.008569
24801 1444831733.189874 0.038452 -0.076904 -10.008569
24802 1444831733.199825 0.038452 -0.076904 -10.008569
24803 1444831733.209995 0.038452 -0.076904 -10.008569
24804 1444831733.220099 0.038452 -0.076904 -10.008569
24805 1444831733.230219 0.038452 -0.076904 -10.008569
24806 1444831733.240416 0.038452 -0.076904 -10.09646
24807 1444831733.250312 0.038452 -0.076904 -10.008569
24808 1444831733.261031 0.038452 -0.076904 -10.008569
24809 1444831733.270861 0.038452 -0.076904 -10.008569
24810 1444831733.280994 0.038452 -0.076904 -10.008569
24811 1444831733.283012 0.038452 -0.076904 -10.008569
24812 1444831733.293616 0.038452 -0.076904 -10.008569
24813 1444831733.311468 0.038452 -0.076904 -10.008569
24814 1444831733.321571 0.038452 -0.076904 -10.008569
24815 1444831733.322925 0.038452 -0.076904 -10.008569
24816 1444831733.333382 0.038452 -0.076904 -10.008569
24817 1444831733.345000 0.038452 -0.076904 -10.008569
24818 1444831733.357976 0.038452 -0.076904 -10.09646
24819 1444831733.367969 0.038452 -0.076904 -10.008569
24820 1444831733.378362 0.038452 -0.076904 -10.008569
24821 1444831733.389119 0.038452 -0.076904 -10.008569
24822 1444831733.399083 0.038452 -0.076904 -10.008569
24823 1444831733.409313 0.038452 -0.076904 -10.008569
24824 1444831733.419392 0.038452 -0.076904 -10.008569
24825 1444831733.429505 0.038452 -0.076904 -10.008569
24826 1444831733.439723 0.038452 -0.076904 -10.008569
24827 1444831733.449815 0.038452 -0.076904 -10.09646
24828 1444831733.460163 0.038452 -0.076904 -10.008569
24829 1444831733.470341 0.038452 -0.076904 -10.008569
24830 1444831733.480600 0.038452 -0.076904 -10.008569
24831 1444831733.490632 0.038452 -0.076904 -10.008569
24832 1444831733.500370 0.038452 -0.076904 -10.008569
24833 1444831733.510473 0.038452 -0.076904 -10.09646
24834 1444831733.521178 0.038452 -0.076904 -10.008569
24835 1444831733.530955 0.038452 -0.076904 -10.008569
24836 1444831733.542455 0.038452 -0.076904 -10.008569
24837 1444831733.551700 0.038452 -0.076904 -10.09646
24838 1444831733.561697 0.038452 -0.076904 -10.008569
24839 1444831733.571843 0.038452 -0.076904 -10.008569
24840 1444831733.581964 0.038452 -0.076904 -10.008569
24841 1444831733.592126 0.038452 -0.076904 -10.008569
24842 1444831733.602125 0.038452 -0.076904 -10.008569
24843 1444831733.607887 0.038452 -0.076904 -10.008569
24844 1444831733.618049 0.038452 -0.076904 -10.008569
24845 1444831733.628017 0.038452 -0.076904 -10.09646
24846 1444831733.638722 0.038452 -0.076904 -10.008569
24847 1444831733.648967 0.038452 -0.076904 -10.008569
24848 1444831733.659642 0.038452 -0.076904 -10.008569
24849 1444831733.669755 0.038452 -0.076904 -10.008569
24850 1444831733.680120 0.038452 -0.076904 -10.008569
24851 1444831733.690965 0.038452 -0.076904 -10.008569
24852 1444831733.701169 0.038452 -0.076904 -10.008569
24853 1444831733.711139 0.038452 -0.076904 -10.008569
24854 1444831733.721349 0.038452 -0.076904 -10.09646
24855 1444831733.733015 0.038452 -0.076904 -10.008569
24856 1444831733.744284 0.038452 -0.076904 -10.008569
24857 1444831733.752896 0.038452 -0.076904 -10.008569
24858 1444831733.763386 0.038452 -0.076904 -10.09646
24859 1444831733.773284 0.038452 -0.076904 -10.008569
24860 1444831733.777987 0.038452 -0.076904 -10.09646
24861 1444831733.794141 0.038452 -0.076904 -10.008569
24862 1444831733.803938 0.038452 -0.076904 -10.008569
24863 1444831733.813910 0.038452 -0.076904 -10.008569
24864 1444831733.824070 0.038452 -0.076904 -10.008569
24865 1444831733.834049 0.038452 -0.076904 -10.008569
24866 1444831733.844273 0.038452 -0.076904 -10.008569
24867 1444831733.854219 0.038452 -0.076904 -10.008569
24868 1444831733.864226 0.038452 -0.076904 -10.008569
24869 1444831733.874248 0.038452 -0.076904 -10.008569
24870 1444831733.884524 0.038452 -0.076904 -10.008569
24871 1444831733.895191 0.038452 -0.076904 -10.008569
24872 1444831733.904533 0.038452 -0.076904 -10.008569
24873 1444831733.914721 0.038452 -0.076904 -10.008569
24874 1444831733.924887 0.038452 -0.076904 -10.008569
24875 1444831733.935060 0.038452 -0.076904 -10.008569
24876 1444831733.945212 0.038452 -0.076904 -10.008569
24877 1444831733.955325 0.038452 -0.076904 -10.008569
24878 1444831733.965306 0.038452 -0.076904 -10.008569
24879 1444831733.975467 0.038452 -0.076904 -10.008569
24880 1444831733.985543 0.038452 -0.076904 -10.008569
24881 1444831733.996041 0.038452 -0.076904 -10.008569
24882 1444831734.006060 0.038452 -0.076904 -10.09646
24883 1444831734.016023 0.038452 -0.076904 -10.008569
24884 1444831734.026265 -0.049439 -0.076904 -10.008569
24885 1444831734.036600 0.038452 -0.076904 -10.008569
24886 1444831734.046443 0.038452 -0.076904 -10.008569
24887 1444831734.056372 0.038452 -0.076904 -10.008569
24888 1444831734.066696 0.038452 -0.076904 -10.008569
24889 1444831734.076643 0.038452 -0.076904 -10.008569
24890 1444831734.086859 0.038452 -0.076904 -10.008569
24891 1444831734.097095 0.038452 -0.076904 -10.008569
24892 1444831734.102917 0.038452 -0.076904 -10.008569
24893 1444831734.112971 0.038452 -0.076904 -10.008569
24894 1444831734.123144 0.038452 -0.076904 -10.008569
24895 1444831734.133903 0.038452 -0.076904 -10.008569
24896 1444831734.144304 0.038452 -0.076904 -10.008569
24897 1444831734.154330 0.038452 -0.076904 -10.008569
24898 1444831734.164319 0.038452 -0.076904 -10.008569
24899 1444831734.174466 0.038452 -0.076904 -10.008569
24900 1444831734.185905 0.038452 -0.076904 -10.008569
24901 1444831734.195911 0.038452 -0.076904 -10.008569
24902 1444831734.205539 0.038452 -0.076904 -10.008569
24903 1444831734.215657 0.038452 -0.076904 -10.008569
24904 1444831734.225511 0.038452 -0.076904 -10.008569
24905 1444831734.235535 0.038452 -0.076904 -10.008569
24906 1444831734.245987 0.038452 -0.076904 -10.008569
24907 1444831734.255728 0.038452 -0.076904 -10.008569
24908 1444831734.266060 0.038452 -0.076904 -10.008569
24909 1444831734.275874 0.038452 -0.076904 -10.008569
24910 1444831734.286374 0.038452 -0.076904 -10.008569
24911 1444831734.293132 0.038452 -0.076904 -10.008569
24912 1444831734.306503 0.038452 -0.076904 -10.008569
24913 1444831734.316758 0.038452 -0.076904 -10.008569
24914 1444831734.328047 0.038452 0.010986 -10.008569
24915 1444831734.338210 0.038452 0.010986 -10.008569
24916 1444831734.348378 0.038452 0.010986 -10.008569
24917 1444831734.358759 0.038452 0.010986 -10.008569
24918 1444831734.368770 0.038452 0.010986 -10.008569
24919 1444831734.378805 0.038452 0.010986 -10.008569
24920 1444831734.383860 0.038452 0.010986 -10.008569
24921 1444831734.393233 0.038452 0.010986 -10.008569
24922 1444831734.403496 0.038452 0.010986 -9.920679
24923 1444831734.419223 0.038452 0.010986 -10.008569
24924 1444831734.423892 0.038452 0.010986 -9.920679
24925 1444831734.434017 0.038452 0.010986 -10.008569
24926 1444831734.443966 0.038452 0.010986 -10.008569
24927 1444831734.454206 0.038452 0.010986 -9.920679
24928 1444831734.464433 0.038452 0.010986 -9.920679
24929 1444831734.474526 0.038452 0.010986 -9.920679
24930 1444831734.484847 0.038452 0.010986 -10.008569
24931 1444831734.493223 0.038452 0.010986 -10.008569
24932 1444831734.504802 0.038452 0.010986 -10.008569
24933 1444831734.514922 0.038452 0.010986 -9.920679
24934 1444831734.525215 0.038452 0.010986 -10.008569
24935 1444831734.535607 0.038452 0.010986 -10.008569
24936 1444831734.542981 0.038452 0.010986 -9.920679
24937 1444831734.556502 0.038452 0.010986 -10.008569
24938 1444831734.567943 0.038452 0.010986 -10.008569
24939 1444831734.576807 0.038452 0.010986 -10.008569
24940 1444831734.588829 0.038452 0.010986 -10.008569
24941 1444831734.598327 0.038452 0.010986 -10.008569
24942 1444831734.608461 0.038452 0.010986 -10.008569
24943 1444831734.618384 0.038452 0.010986 -9.920679
24944 1444831734.628932 0.038452 0.010986 -10.008569
24945 1444831734.639067 0.038452 0.010986 -10.008569
24946 1444831734.648755 0.038452 0.010986 -10.008569
24947 1444831734.659166 0.038452 0.010986 -10.008569
24948 1444831734.669340 0.038452 0.010986 -10.008569
24949 1444831734.679501 0.038452 0.010986 -10.008569
24950 1444831734.689650 0.038452 0.010986 -9.920679
24951 1444831734.699918 0.038452 0.010986 -10.008569
24952 1444831734.709830 0.038452 0.010986 -9.920679
24953 1444831734.719777 0.038452 0.010986 -9.920679
24954 1444831734.730003 0.038452 0.010986 -9.920679
24955 1444831734.739988 0.038452 0.010986 -10.008569
24956 1444831734.750230 0.038452 0.010986 -10.008569
24957 1444831734.760491 0.038452 0.010986 -10.008569
24958 1444831734.770631 0.038452 0.010986 -9.920679
24959 1444831734.780945 0.038452 0.010986 -9.920679
24960 1444831734.791143 0.038452 0.010986 -9.920679
24961 1444831734.801380 0.038452 0.010986 -10.008569
24962 1444831734.811609 0.038452 0.010986 -10.008569
24963 1444831734.821495 0.038452 0.010986 -10.008569
24964 1444831734.831442 0.038452 0.010986 -10.008569
24965 1444831734.841579 0.038452 0.010986 -9.920679
24966 1444831734.851794 0.038452 0.010986 -10.008569
24967 1444831734.862990 0.038452 0.010986 -9.920679
24968 1444831734.871988 0.038452 0.010986 -10.008569
24969 1444831734.882076 0.038452 0.010986 -9.920679
24970 1444831734.887925 0.038452 0.010986 -10.008569
24971 1444831734.898106 0.038452 0.010986 -10.008569
24972 1444831734.908088 0.038452 0.010986 -9.920679
24973 1444831734.917922 0.038452 0.010986 -10.008569
24974 1444831734.928150 0.038452 0.010986 -9.920679
24975 1444831734.938517 0.038452 0.010986 -9.920679
24976 1444831734.948626 0.038452 0.010986 -10.008569
24977 1444831734.959275 0.038452 0.010986 -10.008569
24978 1444831734.969389 0.038452 0.010986 -9.920679
24979 1444831734.980106 0.038452 0.010986 -10.008569
24980 1444831734.990352 0.038452 0.010986 -9.920679
24981 1444831735.000264 0.038452 0.010986 -10.008569
24982 1444831735.010389 0.038452 0.010986 -10.008569
24983 1444831735.020421 0.038452 0.010986 -10.008569
24984 1444831735.030617 0.038452 0.010986 -10.008569
24985 1444831735.043193 0.038452 0.010986 -10.008569
24986 1444831735.050959 0.038452 0.010986 -9.920679
24987 1444831735.060989 0.038452 0.010986 -9.920679
24988 1444831735.071105 0.038452 0.010986 -9.920679
24989 1444831735.081187 0.038452 0.010986 -9.920679
24990 1444831735.087947 0.038452 0.010986 -9.920679
24991 1444831735.101417 0.038452 0.010986 -9.920679
24992 1444831735.111532 0.038452 0.010986 -10.008569
24993 1444831735.121702 0.038452 0.010986 -10.008569
24994 1444831735.133150 0.038452 0.010986 -9.920679
24995 1444831735.142259 0.038452 0.010986 -9.920679
24996 1444831735.153322 0.038452 0.010986 -10.008569
24997 1444831735.163865 0.038452 0.010986 -10.008569
24998 1444831735.173829 0.038452 0.010986 -10.008569
24999 1444831735.183744 0.038452 0.010986 -10.008569
25000 1444831735.193675 0.038452 0.010986 -9.920679
25001 1444831735.203832 0.038452 0.010986 -10.008569
25002 1444831735.213778 0.038452 0.010986 -10.008569
25003 1444831735.223601 0.038452 0.010986 -10.008569
25004 1444831735.234300 0.038452 0.010986 -10.008569
25005 1444831735.245214 0.038452 0.010986 -9.920679
25006 1444831735.254386 0.038452 0.010986 -10.008569
25007 1444831735.264488 0.038452 0.010986 -10.008569
25008 1444831735.274508 0.038452 0.010986 -9.920679
25009 1444831735.285912 0.038452 0.010986 -10.008569
25010 1444831735.288983 0.038452 0.010986 -9.920679
25011 1444831735.304796 0.038452 0.010986 -9.920679
25012 1444831735.314883 0.038452 0.010986 -9.920679
25013 1444831735.326491 0.038452 0.010986 -10.008569
25014 1444831735.336107 0.038452 0.010986 -10.008569
25015 1444831735.346309 0.038452 0.010986 -9.920679
25016 1444831735.356242 0.038452 0.010986 -9.920679
25017 1444831735.365961 0.038452 0.010986 -10.008569
25018 1444831735.376373 0.038452 0.010986 -10.008569
25019 1444831735.386481 0.038452 0.010986 -9.920679
25020 1444831735.397045 0.038452 0.010986 -9.920679
25021 1444831735.407124 0.038452 0.010986 -10.008569
25022 1444831735.413109 0.038452 0.010986 -10.008569
25023 1444831735.423239 0.038452 0.010986 -10.008569
25024 1444831735.433410 0.038452 0.010986 -10.008569
25025 1444831735.443457 0.038452 0.010986 -10.008569
25026 1444831735.453286 0.038452 0.010986 -10.008569
25027 1444831735.463456 0.038452 0.010986 -10.008569
25028 1444831735.473601 0.038452 0.010986 -10.008569
25029 1444831735.483923 0.038452 0.010986 -10.008569
25030 1444831735.494043 0.038452 0.010986 -10.008569
25031 1444831735.503931 0.038452 0.010986 -10.008569
25032 1444831735.514093 0.038452 0.010986 -9.920679
25033 1444831735.524215 0.038452 0.010986 -9.920679
25034 1444831735.534609 0.038452 0.010986 -9.920679
25035 1444831735.544414 0.038452 0.010986 -10.008569
25036 1444831735.554423 0.038452 0.010986 -9.920679
25037 1444831735.564908 0.038452 0.010986 -10.008569
25038 1444831735.574759 0.038452 0.010986 -10.008569
25039 1444831735.585057 0.038452 0.010986 -9.920679
25040 1444831735.597703 0.038452 0.010986 -10.008569
25041 1444831735.605345 0.038452 0.010986 -10.008569
25042 1444831735.615441 0.038452 0.010986 -10.008569
25043 1444831735.627920 0.038452 0.010986 -10.008569
25044 1444831735.636840 0.038452 0.010986 -10.008569
25045 1444831735.646494 0.038452 0.010986 -10.008569
25046 1444831735.658199 0.038452 0.010986 -10.008569
25047 1444831735.665923 0.038452 0.010986 -10.008569
25048 1444831735.678402 0.038452 0.010986 -10.008569
25049 1444831735.687443 0.038452 0.010986 -10.008569
25050 1444831735.698386 0.038452 0.010986 -10.008569
25051 1444831735.708570 0.038452 0.010986 -10.008569
25052 1444831735.718480 0.038452 0.010986 -9.920679
25053 1444831735.728228 0.038452 0.010986 -9.920679
25054 1444831735.739042 0.038452 0.010986 -10.008569
25055 1444831735.748475 0.038452 0.010986 -9.920679
25056 1444831735.759335 0.038452 0.010986 -10.008569
25057 1444831735.769595 0.038452 0.010986 -9.920679
25058 1444831735.779770 0.038452 0.010986 -10.008569
25059 1444831735.789864 0.038452 0.010986 -10.008569
25060 1444831735.794840 0.038452 0.010986 -9.920679
25061 1444831735.804729 0.038452 0.010986 -10.008569
25062 1444831735.820026 0.038452 0.010986 -10.008569
25063 1444831735.825304 0.038452 0.010986 -10.008569
25064 1444831735.835577 0.038452 0.010986 -9.920679
25065 1444831735.845582 0.038452 0.010986 -9.920679
25066 1444831735.855961 0.038452 0.010986 -9.920679
25067 1444831735.865935 0.038452 0.010986 -9.920679
25068 1444831735.876043 0.038452 0.010986 -9.920679
25069 1444831735.886233 0.038452 0.010986 -9.920679
25070 1444831735.893223 0.038452 0.010986 -10.008569
25071 1444831735.906445 0.038452 0.010986 -9.920679
25072 1444831735.916616 0.038452 0.010986 -10.008569
25073 1444831735.922938 0.038452 0.010986 -10.008569
25074 1444831735.938190 0.038452 0.010986 -9.920679
25075 1444831735.948228 0.038452 0.010986 -9.920679
25076 1444831735.958095 0.038452 0.010986 -10.008569
25077 1444831735.968361 -0.049439 0.010986 -9.920679
25078 1444831735.978636 -0.049439 0.010986 -9.920679
25079 1444831735.990357 -0.049439 0.010986 -9.920679
25080 1444831735.999935 -0.049439 0.010986 -9.920679
25081 1444831736.008990 -0.049439 0.010986 -10.008569
25082 1444831736.020162 -0.049439 0.010986 -10.008569
25083 1444831736.030442 -0.049439 0.010986 -10.008569
25084 1444831736.041162 -0.049439 0.010986 -9.920679
25085 1444831736.050371 -0.049439 0.010986 -9.920679
25086 1444831736.060514 -0.049439 0.010986 -9.920679
25087 1444831736.070206 0.038452 0.010986 -9.920679
25088 1444831736.080739 -0.049439 0.010986 -9.920679
25089 1444831736.090933 -0.049439 0.010986 -9.920679
25090 1444831736.100891 -0.049439 0.010986 -9.920679
25091 1444831736.110550 -0.049439 0.010986 -9.920679
25092 1444831736.121122 -0.049439 0.010986 -9.920679
25093 1444831736.131291 -0.049439 0.010986 -9.920679
25094 1444831736.142117 -0.049439 0.010986 -9.920679
25095 1444831736.148091 -0.049439 0.010986 -9.920679
25096 1444831736.158058 -0.049439 0.010986 -9.920679
25097 1444831736.168262 -0.049439 0.010986 -10.008569
25098 1444831736.178243 -0.049439 0.010986 -10.008569
25099 1444831736.188438 -0.049439 0.010986 -9.920679
25100 1444831736.198267 -0.049439 0.010986 -9.920679
25101 1444831736.208464 -0.049439 0.010986 -10.008569
25102 1444831736.218612 -0.049439 0.010986 -9.920679
25103 1444831736.229128 -0.049439 0.010986 -10.008569
25104 1444831736.239558 -0.049439 0.010986 -9.920679
25105 1444831736.249321 -0.049439 0.010986 -10.008569
25106 1444831736.259901 -0.049439 0.010986 -10.008569
25107 1444831736.269815 -0.049439 0.010986 -9.920679
25108 1444831736.279909 -0.049439 0.010986 -9.920679
25109 1444831736.290365 -0.049439 0.010986 -10.008569
25110 1444831736.299964 -0.049439 0.010986 -9.920679
25111 1444831736.310122 -0.049439 0.010986 -9.920679
25112 1444831736.320166 -0.049439 0.010986 -9.920679
25113 1444831736.330573 -0.049439 0.010986 -9.920679
25114 1444831736.343873 -0.049439 0.010986 -9.920679
25115 1444831736.351051 -0.049439 0.010986 -9.920679
25116 1444831736.363148 0.038452 0.010986 -9.920679
25117 1444831736.373511 -0.049439 0.010986 -9.920679
25118 1444831736.383862 0.038452 0.010986 -9.920679
25119 1444831736.394297 -0.049439 0.098877 -9.920679
25120 1444831736.403845 0.038452 0.010986 -9.920679
25121 1444831736.413011 0.038452 0.010986 -9.920679
25122 1444831736.423992 -0.049439 0.010986 -9.920679
25123 1444831736.433491 -0.049439 0.010986 -9.920679
25124 1444831736.443608 -0.049439 0.098877 -9.920679
25125 1444831736.453659 0.038452 0.010986 -9.920679
25126 1444831736.464432 -0.049439 0.010986 -9.920679
25127 1444831736.473775 -0.049439 0.098877 -9.920679
25128 1444831736.484911 0.038452 0.098877 -9.920679
25129 1444831736.494897 0.038452 0.098877 -9.920679
25130 1444831736.504142 0.038452 0.098877 -9.920679
25131 1444831736.514377 0.038452 0.098877 -9.920679
25132 1444831736.524456 0.038452 0.098877 -9.920679
25133 1444831736.535189 0.038452 0.098877 -9.920679
25134 1444831736.544896 0.038452 0.098877 -9.920679
25135 1444831736.555341 0.038452 0.098877 -9.920679
25136 1444831736.565358 -0.049439 0.098877 -9.920679
25137 1444831736.575370 0.038452 0.098877 -9.920679
25138 1444831736.585613 0.038452 0.098877 -9.920679
25139 1444831736.595427 0.038452 0.098877 -9.920679
25140 1444831736.605426 -0.049439 0.098877 -9.920679
25141 1444831736.615635 -0.049439 0.098877 -9.920679
25142 1444831736.625841 -0.049439 0.098877 -9.920679
25143 1444831736.635939 0.038452 0.098877 -9.920679
25144 1444831736.646185 -0.049439 0.098877 -9.920679
25145 1444831736.656329 -0.049439 0.098877 -9.920679
25146 1444831736.661403 -0.049439 0.098877 -9.832788
25147 1444831736.671488 -0.049439 0.098877 -9.832788
25148 1444831736.678036 -0.049439 0.098877 -9.832788
25149 1444831736.692948 -0.049439 0.098877 -9.832788
25150 1444831736.702957 -0.049439 0.098877 -9.832788
25151 1444831736.712991 -0.049439 0.098877 -9.832788
25152 1444831736.723390 -0.049439 0.098877 -9.832788
25153 1444831736.733855 0.038452 0.098877 -9.920679
25154 1444831736.744011 -0.049439 0.098877 -9.832788
25155 1444831736.754002 -0.049439 0.098877 -9.832788
25156 1444831736.764093 -0.049439 0.098877 -9.832788
25157 1444831736.774055 -0.049439 0.098877 -9.832788
25158 1444831736.784168 -0.049439 0.010986 -9.832788
25159 1444831736.794502 -0.049439 0.010986 -9.832788
25160 1444831736.804280 -0.049439 0.010986 -9.832788
25161 1444831736.815356 -0.049439 0.010986 -9.832788
25162 1444831736.825672 -0.049439 0.010986 -9.744897
25163 1444831736.836636 -0.049439 0.010986 -9.744897
25164 1444831736.847423 -0.049439 0.010986 -9.744897
25165 1444831736.855759 -0.049439 0.010986 -9.744897
25166 1444831736.865808 -0.049439 0.010986 -9.744897
25167 1444831736.875887 -0.049439 0.010986 -9.744897
25168 1444831736.886074 -0.049439 0.010986 -9.744897
25169 1444831736.896121 -0.049439 0.010986 -9.744897
25170 1444831736.906132 -0.049439 -0.076904 -9.657006
25171 1444831736.916326 -0.049439 -0.076904 -9.657006
25172 1444831736.926426 -0.049439 -0.076904 -9.657006
25173 1444831736.938154 -0.049439 -0.076904 -9.657006
25174 1444831736.948230 -0.049439 -0.076904 -9.657006
25175 1444831736.957961 -0.049439 -0.076904 -9.657006
25176 1444831736.968280 -0.049439 -0.076904 -9.657006
25177 1444831736.978278 -0.049439 -0.076904 -9.657006
25178 1444831736.988544 -0.049439 -0.076904 -9.657006
25179 1444831736.998503 -0.049439 -0.076904 -9.657006
25180 1444831737.008528 -0.049439 -0.076904 -9.657006
25181 1444831737.018523 -0.137329 -0.076904 -9.657006
25182 1444831737.028695 -0.049439 -0.076904 -9.657006
25183 1444831737.033998 -0.049439 -0.076904 -9.657006
25184 1444831737.044073 -0.049439 -0.076904 -9.657006
25185 1444831737.054128 -0.049439 -0.076904 -9.657006
25186 1444831737.064128 -0.049439 -0.076904 -9.657006
25187 1444831737.074223 -0.049439 0.010986 -9.657006
25188 1444831737.084397 -0.049439 0.010986 -9.657006
25189 1444831737.094522 -0.049439 0.010986 -9.569115
25190 1444831737.104567 -0.049439 0.010986 -9.569115
25191 1444831737.114788 -0.049439 0.010986 -9.569115
25192 1444831737.125238 -0.049439 0.010986 -9.657006
25193 1444831737.135466 -0.049439 0.010986 -9.569115
25194 1444831737.144887 -0.049439 0.010986 -9.657006
25195 1444831737.155582 -0.049439 0.010986 -9.569115
25196 1444831737.165523 -0.049439 0.010986 -9.569115
25197 1444831737.175830 -0.049439 0.010986 -9.569115
25198 1444831737.185528 -0.049439 0.010986 -9.569115
25199 1444831737.193322 -0.049439 0.010986 -9.569115
25200 1444831737.202989 -0.049439 0.098877 -9.569115
25201 1444831737.213120 -0.049439 0.098877 -9.569115
25202 1444831737.228315 -0.049439 0.098877 -9.481224
25203 1444831737.239051 -0.049439 0.098877 -9.481224
25204 1444831737.248332 -0.049439 0.098877 -9.481224
25205 1444831737.258918 -0.049439 0.098877 -9.569115
25206 1444831737.269205 -0.049439 0.098877 -9.569115
25207 1444831737.279148 -0.049439 0.098877 -9.569115
25208 1444831737.289367 -0.049439 0.098877 -9.569115
25209 1444831737.298836 -0.049439 0.098877 -9.481224
25210 1444831737.309198 -0.049439 0.098877 -9.481224
25211 1444831737.319389 -0.049439 0.098877 -9.569115
25212 1444831737.329403 -0.049439 0.098877 -9.481224
25213 1444831737.340058 -0.049439 0.098877 -9.481224
25214 1444831737.349708 -0.049439 0.098877 -9.481224
25215 1444831737.360101 -0.049439 0.098877 -9.481224
25216 1444831737.370903 -0.049439 0.098877 -9.481224
25217 1444831737.381135 -0.049439 0.098877 -9.481224
25218 1444831737.391112 -0.049439 0.098877 -9.481224
25219 1444831737.395143 -0.049439 0.098877 -9.481224
25220 1444831737.411383 -0.049439 0.098877 -9.481224
25221 1444831737.421464 -0.049439 0.098877 -9.481224
25222 1444831737.426691 -0.049439 0.098877 -9.481224
25223 1444831737.434745 -0.049439 0.098877 -9.481224
25224 1444831737.448121 -0.049439 0.098877 -9.481224
25225 1444831737.458370 -0.049439 0.098877 -9.481224
25226 1444831737.470020 -0.049439 0.098877 -9.481224
25227 1444831737.479855 -0.049439 0.098877 -9.481224
25228 1444831737.490746 -0.049439 0.098877 -9.481224
25229 1444831737.501038 -0.049439 0.098877 -9.481224
25230 1444831737.510956 -0.049439 0.098877 -9.481224
25231 1444831737.521100 -0.049439 0.098877 -9.481224
25232 1444831737.531154 -0.049439 0.098877 -9.481224
25233 1444831737.541848 -0.049439 0.186768 -9.481224
25234 1444831737.552044 -0.049439 0.098877 -9.481224
25235 1444831737.561977 -0.049439 0.098877 -9.481224
25236 1444831737.572244 -0.049439 0.098877 -9.481224
25237 1444831737.578779 -0.049439 0.186768 -9.481224
25238 1444831737.588515 -0.049439 0.098877 -9.481224
25239 1444831737.599229 -0.049439 0.098877 -9.569115
25240 1444831737.609378 -0.049439 0.098877 -9.481224
25241 1444831737.620861 -0.049439 0.098877 -9.481224
25242 1444831737.630928 -0.049439 0.098877 -9.569115
25243 1444831737.641467 -0.049439 0.098877 -9.481224
25244 1444831737.650747 -0.049439 0.098877 -9.481224
25245 1444831737.660527 -0.049439 0.098877 -9.481224
25246 1444831737.671346 -0.049439 0.098877 -9.481224
25247 1444831737.681825 -0.049439 0.098877 -9.481224
25248 1444831737.693487 -0.049439 0.098877 -9.481224
25249 1444831737.703319 -0.049439 0.098877 -9.481224
25250 1444831737.713482 -0.049439 0.098877 -9.481224
25251 1444831737.723622 -0.049439 0.098877 -9.481224
25252 1444831737.727991 -0.049439 0.098877 -9.481224
25253 1444831737.742514 -0.049439 0.098877 -9.481224
25254 1444831737.753414 -0.049439 0.098877 -9.481224
25255 1444831737.764045 -0.049439 0.098877 -9.481224
25256 1444831737.773817 -0.049439 0.098877 -9.481224
25257 1444831737.784271 -0.049439 0.098877 -9.481224
25258 1444831737.790558 -0.049439 0.098877 -9.481224
25259 1444831737.802955 -0.049439 0.098877 -9.393333
25260 1444831737.813303 -0.049439 0.010986 -9.393333
25261 1444831737.823933 -0.049439 0.010986 -9.393333
25262 1444831737.834623 -0.049439 0.010986 -9.393333
25263 1444831737.838352 -0.049439 0.010986 -9.393333
25264 1444831737.854314 -0.137329 0.010986 -9.393333
25265 1444831737.864455 -0.137329 0.010986 -9.393333
25266 1444831737.874578 -0.049439 0.098877 -9.393333
25267 1444831737.884155 -0.137329 0.010986 -9.393333
25268 1444831737.893488 -0.137329 0.010986 -9.393333
25269 1444831737.903161 -0.137329 0.010986 -9.393333
25270 1444831737.914460 -0.137329 0.010986 -9.393333
25271 1444831737.920715 -0.137329 0.010986 -9.393333
25272 1444831737.935389 -0.049439 0.010986 -9.393333
25273 1444831737.944150 -0.049439 0.010986 -9.393333
25274 1444831737.951326 -0.049439 0.010986 -9.393333
25275 1444831737.964897 -0.049439 0.010986 -9.393333
25276 1444831737.973407 -0.137329 0.010986 -9.393333
25277 1444831737.984034 -0.049439 0.010986 -9.393333
25278 1444831737.993443 -0.049439 0.010986 -9.393333
25279 1444831738.004367 -0.049439 0.010986 -9.393333
25280 1444831738.014259 -0.049439 0.010986 -9.393333
25281 1444831738.024129 -0.049439 0.010986 -9.393333
25282 1444831738.036070 -0.049439 0.010986 -9.393333
25283 1444831738.044447 -0.049439 0.010986 -9.393333
25284 1444831738.054563 -0.049439 0.010986 -9.393333
25285 1444831738.064548 -0.049439 0.010986 -9.393333
25286 1444831738.074820 -0.137329 0.010986 -9.393333
25287 1444831738.085054 -0.137329 0.010986 -9.393333
25288 1444831738.095030 -0.137329 0.010986 -9.393333
25289 1444831738.106044 -0.049439 0.010986 -9.393333
25290 1444831738.116347 -0.049439 0.010986 -9.393333
25291 1444831738.125988 -0.137329 0.010986 -9.393333
25292 1444831738.136415 -0.137329 0.010986 -9.393333
25293 1444831738.146415 -0.137329 0.010986 -9.393333
25294 1444831738.157206 -0.137329 0.010986 -9.393333
25295 1444831738.167201 -0.137329 0.010986 -9.393333
25296 1444831738.176990 -0.049439 0.010986 -9.393333
25297 1444831738.187081 -0.049439 0.010986 -9.393333
25298 1444831738.194727 -0.049439 0.010986 -9.393333
25299 1444831738.203893 -0.137329 0.010986 -9.393333
25300 1444831738.213583 -0.049439 0.010986 -9.393333
25301 1444831738.224817 -0.049439 0.010986 -9.393333
25302 1444831738.235977 -0.049439 0.010986 -9.393333
25303 1444831738.245728 -0.049439 0.010986 -9.393333
25304 1444831738.255192 -0.049439 0.010986 -9.393333
25305 1444831738.265220 -0.049439 0.010986 -9.393333
25306 1444831738.275077 -0.049439 0.010986 -9.393333
25307 1444831738.285858 -0.137329 0.010986 -9.393333
25308 1444831738.295483 -0.049439 0.010986 -9.393333
25309 1444831738.306004 -0.049439 0.010986 -9.393333
25310 1444831738.316146 -0.137329 0.010986 -9.393333
25311 1444831738.326536 -0.137329 0.010986 -9.393333
25312 1444831738.336451 -0.137329 0.010986 -9.393333
25313 1444831738.343760 -0.137329 0.010986 -9.393333
25314 1444831738.354463 -0.049439 0.010986 -9.393333
25315 1444831738.367925 -0.049439 0.010986 -9.393333
25316 1444831738.373028 -0.137329 0.010986 -9.481224
25317 1444831738.383150 -0.049439 0.010986 -9.393333
25318 1444831738.398805 -0.049439 0.010986 -9.481224
25319 1444831738.408736 -0.049439 0.010986 -9.393333
25320 1444831738.419086 -0.049439 0.010986 -9.393333
25321 1444831738.429052 -0.049439 0.010986 -9.393333
25322 1444831738.439459 -0.049439 0.010986 -9.393333
25323 1444831738.449428 -0.049439 0.010986 -9.393333
25324 1444831738.459325 -0.049439 0.010986 -9.393333
25325 1444831738.469259 -0.049439 0.010986 -9.393333
25326 1444831738.478831 -0.049439 0.010986 -9.393333
25327 1444831738.489070 -0.049439 0.010986 -9.393333
25328 1444831738.499721 -0.049439 0.010986 -9.393333
25329 1444831738.509478 -0.049439 0.010986 -9.393333
25330 1444831738.519748 -0.137329 0.010986 -9.393333
25331 1444831738.530173 -0.137329 0.010986 -9.393333
25332 1444831738.540488 -0.049439 0.010986 -9.393333
25333 1444831738.550483 -0.137329 0.010986 -9.393333
25334 1444831738.560573 -0.137329 0.010986 -9.393333
25335 1444831738.568726 -0.137329 0.010986 -9.393333
25336 1444831738.578427 -0.137329 0.010986 -9.305443
25337 1444831738.589313 -0.137329 -0.076904 -9.305443
25338 1444831738.598757 -0.137329 -0.076904 -9.305443
25339 1444831738.608687 -0.137329 -0.076904 -9.305443
25340 1444831738.618492 -0.137329 -0.076904 -9.305443
25341 1444831738.628788 -0.137329 -0.076904 -9.305443
25342 1444831738.638996 -0.137329 -0.076904 -9.305443
25343 1444831738.648998 -0.137329 -0.076904 -9.305443
25344 1444831738.659560 -0.137329 -0.076904 -9.305443
25345 1444831738.669302 -0.137329 -0.076904 -9.305443
25346 1444831738.679358 -0.137329 -0.076904 -9.305443
25347 1444831738.689207 -0.137329 -0.076904 -9.305443
25348 1444831738.699964 -0.137329 -0.076904 -9.305443
25349 1444831738.710345 -0.137329 -0.076904 -9.305443
25350 1444831738.720350 -0.137329 -0.076904 -9.305443
25351 1444831738.730444 -0.137329 -0.076904 -9.305443
25352 1444831738.740892 -0.137329 -0.076904 -9.305443
25353 1444831738.750919 -0.22522 -0.076904 -9.305443
25354 1444831738.760693 -0.137329 -0.076904 -9.305443
25355 1444831738.770875 -0.137329 -0.076904 -9.305443
25356 1444831738.781084 -0.137329 -0.076904 -9.305443
25357 1444831738.791230 -0.137329 -0.076904 -9.305443
25358 1444831738.798477 -0.137329 -0.076904 -9.305443
25359 1444831738.811878 -0.137329 -0.076904 -9.305443
25360 1444831738.822006 -0.137329 -0.076904 -9.305443
25361 1444831738.832136 -0.137329 -0.076904 -9.305443
25362 1444831738.838335 -0.137329 -0.076904 -9.305443
25363 1444831738.852329 -0.137329 -0.076904 -9.305443
25364 1444831738.862992 -0.137329 -0.076904 -9.305443
25365 1444831738.872968 -0.137329 -0.076904 -9.305443
25366 1444831738.882991 -0.137329 -0.076904 -9.305443
25367 1444831738.893134 -0.137329 -0.076904 -9.305443
25368 1444831738.903647 -0.137329 -0.076904 -9.305443
25369 1444831738.913669 -0.137329 -0.076904 -9.305443
25370 1444831738.923541 -0.22522 -0.076904 -9.305443
25371 1444831738.929965 -0.22522 -0.076904 -9.305443
25372 1444831738.940075 -0.137329 -0.076904 -9.305443
25373 1444831738.950765 -0.137329 -0.076904 -9.305443
25374 1444831738.960163 -0.137329 -0.076904 -9.305443
25375 1444831738.970131 -0.137329 -0.076904 -9.305443
25376 1444831738.981094 -0.137329 -0.076904 -9.305443
25377 1444831738.991441 -0.137329 -0.076904 -9.305443
25378 1444831739.000721 -0.137329 -0.076904 -9.305443
25379 1444831739.011215 -0.137329 -0.076904 -9.305443
25380 1444831739.021021 -0.137329 -0.076904 -9.305443
25381 1444831739.031095 -0.137329 -0.076904 -9.305443
25382 1444831739.041708 -0.137329 -0.076904 -9.305443
25383 1444831739.051821 -0.137329 -0.076904 -9.305443
25384 1444831739.061878 -0.137329 -0.076904 -9.305443
25385 1444831739.071930 -0.137329 -0.076904 -9.305443
25386 1444831739.082030 -0.137329 -0.076904 -9.305443
25387 1444831739.093770 -0.137329 -0.076904 -9.305443
25388 1444831739.103110 -0.137329 -0.076904 -9.305443
25389 1444831739.113255 -0.137329 -0.076904 -9.305443
25390 1444831739.123188 -0.137329 -0.076904 -9.305443
25391 1444831739.134002 -0.137329 -0.076904 -9.305443
25392 1444831739.143740 -0.137329 -0.076904 -9.305443
25393 1444831739.153576 -0.137329 -0.076904 -9.305443
25394 1444831739.163820 -0.137329 -0.076904 -9.305443
25395 1444831739.173999 -0.137329 -0.076904 -9.305443
25396 1444831739.184411 -0.137329 -0.076904 -9.305443
25397 1444831739.194656 -0.137329 -0.076904 -9.305443
25398 1444831739.204436 -0.137329 -0.076904 -9.305443
25399 1444831739.214467 -0.137329 -0.076904 -9.305443
25400 1444831739.224687 -0.137329 -0.076904 -9.305443
25401 1444831739.235079 -0.137329 -0.076904 -9.305443
25402 1444831739.243434 -0.137329 -0.076904 -9.305443
25403 1444831739.255066 -0.137329 -0.076904 -9.305443
25404 1444831739.265041 -0.137329 -0.076904 -9.305443
25405 1444831739.275164 -0.137329 -0.076904 -9.305443
25406 1444831739.285344 -0.137329 -0.076904 -9.305443
25407 1444831739.293447 -0.137329 -0.076904 -9.305443
25408 1444831739.305658 -0.137329 -0.076904 -9.305443
25409 1444831739.315716 -0.137329 -0.076904 -9.305443
25410 1444831739.325916 -0.137329 -0.076904 -9.305443
25411 1444831739.331691 -0.137329 -0.076904 -9.305443
25412 1444831739.343142 -0.137329 -0.076904 -9.305443
25413 1444831739.353326 -0.137329 -0.076904 -9.305443
25414 1444831739.363811 -0.137329 -0.076904 -9.305443
25415 1444831739.373686 -0.137329 -0.076904 -9.305443
25416 1444831739.384062 -0.137329 -0.076904 -9.305443
25417 1444831739.393658 -0.137329 -0.076904 -9.305443
25418 1444831739.403675 -0.137329 -0.076904 -9.305443
25419 1444831739.413805 -0.137329 -0.076904 -9.305443
25420 1444831739.423850 -0.137329 -0.076904 -9.305443
25421 1444831739.434396 -0.137329 -0.076904 -9.305443
25422 1444831739.444238 -0.137329 -0.076904 -9.305443
25423 1444831739.454345 -0.137329 -0.076904 -9.305443
25424 1444831739.464452 -0.137329 -0.076904 -9.305443
25425 1444831739.474413 -0.137329 0.010986 -9.305443
25426 1444831739.485163 -0.137329 -0.076904 -9.305443
25427 1444831739.495243 -0.137329 -0.076904 -9.217552
25428 1444831739.505144 -0.137329 -0.076904 -9.305443
25429 1444831739.515369 -0.137329 -0.076904 -9.305443
25430 1444831739.525544 -0.137329 -0.076904 -9.217552
25431 1444831739.535949 -0.137329 -0.076904 -9.305443
25432 1444831739.545795 -0.137329 -0.076904 -9.305443
25433 1444831739.555738 -0.137329 0.010986 -9.217552
25434 1444831739.565758 -0.137329 -0.076904 -9.217552
25435 1444831739.575876 -0.137329 -0.076904 -9.305443
25436 1444831739.586103 -0.137329 -0.076904 -9.305443
25437 1444831739.596147 -0.137329 -0.076904 -9.217552
25438 1444831739.606236 -0.137329 0.010986 -9.305443
25439 1444831739.616465 -0.137329 -0.076904 -9.305443
25440 1444831739.626596 -0.137329 -0.076904 -9.305443
25441 1444831739.638400 -0.137329 -0.076904 -9.305443
25442 1444831739.643506 -0.137329 -0.076904 -9.305443
25443 1444831739.653745 -0.137329 0.010986 -9.305443
25444 1444831739.664049 -0.137329 -0.076904 -9.305443
25445 1444831739.678071 -0.137329 -0.076904 -9.305443
25446 1444831739.688260 -0.137329 -0.076904 -9.305443
25447 1444831739.698035 -0.137329 0.010986 -9.217552
25448 1444831739.708172 -0.137329 -0.076904 -9.217552
25449 1444831739.718257 -0.137329 -0.076904 -9.305443
25450 1444831739.728377 -0.137329 -0.076904 -9.305443
25451 1444831739.738625 -0.137329 -0.076904 -9.305443
25452 1444831739.748607 -0.137329 -0.076904 -9.217552
25453 1444831739.758750 -0.137329 -0.076904 -9.305443
25454 1444831739.768880 -0.137329 0.010986 -9.305443
25455 1444831739.778938 -0.137329 0.010986 -9.305443
25456 1444831739.785620 -0.137329 0.010986 -9.217552
25457 1444831739.795017 -0.137329 0.010986 -9.217552
25458 1444831739.805444 -0.137329 0.010986 -9.217552
25459 1444831739.815737 -0.137329 0.010986 -9.217552
25460 1444831739.825683 -0.049439 0.010986 -9.217552
25461 1444831739.836313 -0.137329 0.010986 -9.129661
25462 1444831739.848061 -0.137329 0.010986 -9.129661
25463 1444831739.856646 -0.137329 0.010986 -9.04177
25464 1444831739.866766 -0.049439 0.098877 -8.953879
25465 1444831739.876598 -0.049439 0.098877 -8.865988
25466 1444831739.888980 -0.049439 0.098877 -8.690207
25467 1444831739.897950 -0.049439 0.098877 -8.426534
25468 1444831739.903075 -0.049439 0.098877 -8.338643
25469 1444831739.917971 -0.049439 0.098877 -7.98708
25470 1444831739.929252 -0.049439 0.098877 -7.723408
25471 1444831739.939908 0.038452 0.186768 -7.371844
25472 1444831739.948625 0.038452 0.186768 -7.020281
25473 1444831739.958839 -0.049439 0.186768 -6.668717
25474 1444831739.969355 -0.049439 0.186768 -6.317154
25475 1444831739.979063 -0.049439 0.186768 -5.965591
25476 1444831739.990057 -0.049439 0.186768 -5.526137
25477 1444831739.999983 -0.049439 0.186768 -5.086682
25478 1444831740.010039 -0.049439 0.186768 -4.553844
25479 1444831740.020133 -0.049439 0.186768 -4.11439
25480 1444831740.029424 -0.049439 0.186768 -3.587045
25481 1444831740.039521 -0.049439 0.186768 -3.0597
25482 1444831740.049335 -0.049439 0.186768 -2.532355
25483 1444831740.059728 -0.049439 0.186768 -2.00501
25484 1444831740.070136 0.038452 0.098877 -1.389774
25485 1444831740.079963 -0.049439 0.098877 -0.774538
25486 1444831740.090091 -0.049439 0.098877 -0.159302
25487 1444831740.100300 -0.049439 0.098877 0.455934
25488 1444831740.110434 -0.049439 0.098877 1.15906
25489 1444831740.120529 -0.049439 0.098877 1.862187
25490 1444831740.130811 -0.049439 0.098877 2.653205
25491 1444831740.141163 -0.049439 0.098877 3.356331
25492 1444831740.151071 -0.049439 0.010986 4.147349
25493 1444831740.161950 -0.049439 0.098877 5.026257
25494 1444831740.172074 -0.049439 0.098877 5.817275
25495 1444831740.182218 -0.137329 0.098877 6.696183
25496 1444831740.192246 -0.049439 0.098877 7.575092
25497 1444831740.197979 -0.137329 0.010986 8.454
25498 1444831740.208021 -0.049439 0.010986 9.332909
25499 1444831740.218534 -0.137329 0.010986 10.299708
25500 1444831740.228488 -0.137329 0.010986 11.178616
25501 1444831740.238668 -0.049439 0.098877 12.145415
25502 1444831740.248688 -0.137329 0.098877 13.112215
25503 1444831740.258693 -0.049439 0.010986 14.079014
25504 1444831740.269096 -0.049439 0.010986 15.045813
25505 1444831740.279357 -0.137329 0.098877 16.100503
25506 1444831740.289245 -0.049439 0.098877 17.067302
25507 1444831740.299253 -0.049439 0.098877 18.039595
25508 1444831740.309532 -0.049439 0.098877 19.182176
25509 1444831740.319863 -0.049439 0.098877 20.148975
25510 1444831740.329723 -0.049439 0.098877 21.203665
25511 1444831740.340012 -0.049439 0.098877 22.170464
25512 1444831740.350017 -0.049439 0.098877 23.225154
25513 1444831740.360201 -0.049439 0.098877 24.279844
25514 1444831740.370306 -0.049439 0.098877 25.334535
25515 1444831740.380433 -0.049439 0.098877 26.301334
25516 1444831740.390645 -0.137329 0.098877 27.356024
25517 1444831740.400555 -0.049439 0.010986 28.322823
25518 1444831740.410622 -0.137329 0.010986 29.289622
25519 1444831740.420812 -0.137329 0.010986 30.256422
25520 1444831740.430873 -0.137329 0.010986 31.223221
25521 1444831740.443144 -0.137329 0.010986 32.629474
25522 1444831740.451017 -0.137329 0.010986 33.068928
25523 1444831740.461237 -0.137329 0.010986 34.035728
25524 1444831740.472959 -0.137329 0.010986 35.35409
25525 1444831740.481531 -0.049439 0.010986 35.881435
25526 1444831740.493820 -0.137329 0.010986 37.111907
25527 1444831740.503164 -0.137329 0.010986 37.902925
25528 1444831740.513495 -0.137329 0.010986 38.781833
25529 1444831740.524010 -0.137329 0.010986 39.572851
25530 1444831740.534109 -0.137329 0.010986 40.369361
25531 1444831740.543832 -0.137329 0.010986 41.072488
25532 1444831740.553761 -0.137329 0.010986 41.775615
25533 1444831740.563870 -0.137329 0.010986 42.390851
25534 1444831740.573978 -0.137329 -0.076904 43.006086
25535 1444831740.584246 -0.137329 -0.076904 43.621322
25536 1444831740.594204 -0.137329 -0.076904 44.060777
25537 1444831740.604599 -0.137329 -0.076904 44.500231
25538 1444831740.614899 -0.137329 -0.076904 44.851794
25539 1444831740.625001 -0.137329 -0.076904 45.291248
25540 1444831740.630123 -0.137329 -0.076904 45.46703
25541 1444831740.640286 -0.137329 -0.076904 45.818593
25542 1444831740.650311 -0.137329 -0.076904 46.082266
25543 1444831740.660480 -0.049439 -0.164795 46.345938
25544 1444831740.670661 -0.049439 -0.164795 46.52172
25545 1444831740.680686 -0.049439 -0.164795 46.697502
25546 1444831740.688491 -0.137329 -0.164795 46.961174
25547 1444831740.698169 -0.137329 -0.164795 47.224847
25548 1444831740.707914 -0.137329 -0.164795 47.312738
25549 1444831740.718140 -0.137329 -0.164795 47.400628
25550 1444831740.728348 -0.137329 -0.164795 47.57641
25551 1444831740.738826 -0.137329 -0.164795 47.664301
25552 1444831740.748746 -0.049439 -0.164795 47.752192
25553 1444831740.763041 -0.137329 -0.164795 47.840083
25554 1444831740.768648 -0.049439 -0.164795 47.840083
25555 1444831740.783578 -0.049439 -0.164795 47.927973
25556 1444831740.792994 -0.049439 -0.164795 47.840083
25557 1444831740.803421 -0.049439 -0.164795 47.840083
25558 1444831740.813608 -0.049439 -0.164795 47.840083
25559 1444831740.823618 -0.049439 -0.164795 47.752192
25560 1444831740.833869 -0.049439 -0.164795 47.752192
25561 1444831740.844017 -0.049439 -0.164795 47.664301
25562 1444831740.853877 -0.049439 -0.164795 47.57641
25563 1444831740.863983 -0.049439 -0.164795 47.488519
25564 1444831740.873965 -0.137329 -0.164795 47.488519
25565 1444831740.884493 -0.137329 -0.164795 47.488519
25566 1444831740.893946 -0.137329 -0.164795 47.488519
25567 1444831740.904292 -0.137329 -0.164795 47.488519
25568 1444831740.914605 -0.137329 -0.164795 47.400628
25569 1444831740.924866 -0.137329 -0.164795 47.488519
25570 1444831740.935122 -0.137329 -0.076904 47.488519
25571 1444831740.944711 -0.137329 -0.076904 47.488519
25572 1444831740.954743 -0.137329 -0.076904 47.488519
25573 1444831740.964911 -0.049439 -0.164795 47.488519
25574 1444831740.975038 -0.049439 -0.076904 47.57641
25575 1444831740.985927 -0.049439 -0.076904 47.57641
25576 1444831740.995831 -0.049439 -0.076904 47.57641
25577 1444831741.005638 -0.049439 -0.076904 47.57641
25578 1444831741.015770 -0.049439 -0.076904 47.664301
25579 1444831741.025896 -0.137329 -0.076904 47.664301
25580 1444831741.036449 -0.137329 -0.076904 47.664301
25581 1444831741.044326 -0.137329 -0.076904 47.664301
25582 1444831741.053104 -0.137329 -0.076904 47.664301
25583 1444831741.063084 -0.137329 -0.076904 47.664301
25584 1444831741.073467 -0.137329 -0.076904 47.664301
25585 1444831741.083933 -0.137329 -0.076904 47.57641
25586 1444831741.093470 -0.137329 -0.076904 47.57641
25587 1444831741.103580 -0.137329 -0.076904 47.57641
25588 1444831741.113829 -0.137329 -0.076904 47.57641
25589 1444831741.123868 -0.049439 -0.076904 47.57641
25590 1444831741.134061 -0.049439 -0.076904 47.57641
25591 1444831741.143997 -0.137329 -0.076904 47.57641
25592 1444831741.153982 -0.137329 -0.076904 47.57641
25593 1444831741.164192 -0.137329 -0.076904 47.57641
25594 1444831741.174328 -0.137329 -0.076904 47.664301
25595 1444831741.184837 -0.137329 -0.076904 47.664301
25596 1444831741.194883 -0.137329 -0.076904 47.664301
25597 1444831741.204976 -0.049439 -0.076904 47.664301
25598 1444831741.215093 -0.049439 -0.076904 47.664301
25599 1444831741.225160 -0.137329 -0.076904 47.664301
25600 1444831741.235694 -0.137329 -0.076904 47.664301
25601 1444831741.245361 -0.049439 -0.076904 47.664301
25602 1444831741.255356 -0.137329 -0.076904 47.664301
25603 1444831741.265440 -0.137329 -0.076904 47.664301
25604 1444831741.275598 -0.049439 -0.076904 47.664301
25605 1444831741.285826 -0.049439 -0.076904 47.664301
25606 1444831741.295831 -0.049439 -0.076904 47.664301
25607 1444831741.305965 -0.049439 -0.076904 47.57641
25608 1444831741.316277 -0.049439 -0.076904 47.57641
25609 1444831741.326466 -0.049439 -0.076904 47.57641
25610 1444831741.336713 -0.049439 -0.076904 47.664301
25611 1444831741.343159 -0.049439 -0.076904 47.664301
25612 1444831741.356905 -0.049439 -0.076904 47.664301
25613 1444831741.367975 -0.049439 -0.076904 47.664301
25614 1444831741.378037 -0.049439 -0.076904 47.664301
25615 1444831741.388942 -0.049439 -0.076904 47.664301
25616 1444831741.398394 -0.049439 -0.076904 47.664301
25617 1444831741.408333 -0.049439 -0.076904 47.664301
25618 1444831741.418405 -0.049439 -0.076904 47.664301
25619 1444831741.428558 0.038452 -0.076904 47.664301
25620 1444831741.438979 0.038452 -0.076904 47.664301
25621 1444831741.448713 -0.049439 -0.076904 47.664301
25622 1444831741.458950 0.038452 -0.076904 47.664301
25623 1444831741.469044 0.038452 -0.076904 47.664301
25624 1444831741.479063 0.038452 -0.076904 47.664301
25625 1444831741.488799 0.038452 -0.076904 47.664301
25626 1444831741.498832 0.038452 -0.076904 47.664301
25627 1444831741.509055 0.038452 -0.076904 47.664301
25628 1444831741.519176 0.038452 -0.076904 47.664301
25629 1444831741.529172 0.038452 -0.076904 47.664301
25630 1444831741.540025 -0.049439 -0.076904 47.664301
25631 1444831741.549927 0.038452 -0.076904 47.664301
25632 1444831741.559905 0.038452 -0.076904 47.664301
25633 1444831741.570288 0.038452 -0.076904 47.664301
25634 1444831741.580104 0.038452 -0.076904 47.664301
25635 1444831741.588588 0.038452 -0.076904 47.664301
25636 1444831741.598261 0.038452 -0.076904 47.664301
25637 1444831741.608225 0.038452 -0.076904 47.664301
25638 1444831741.616772 0.038452 -0.076904 47.664301
25639 1444831741.628029 0.038452 -0.076904 47.664301
25640 1444831741.638760 0.038452 -0.076904 47.664301
25641 1444831741.648523 0.038452 -0.076904 47.664301
25642 1444831741.658298 0.038452 -0.076904 47.664301
25643 1444831741.668638 0.038452 -0.076904 47.664301
25644 1444831741.678587 0.038452 -0.076904 47.664301
25645 1444831741.688636 0.038452 -0.076904 47.664301
25646 1444831741.698707 0.038452 -0.076904 47.57641
25647 1444831741.708785 0.038452 -0.076904 47.57641
25648 1444831741.719228 0.038452 -0.076904 47.57641
25649 1444831741.729264 0.038452 -0.076904 47.57641
25650 1444831741.739276 0.038452 -0.076904 47.57641
25651 1444831741.749354 0.038452 -0.076904 47.57641
25652 1444831741.759465 0.038452 -0.076904 47.57641
25653 1444831741.769525 0.038452 0.010986 47.57641
25654 1444831741.779707 0.038452 0.010986 47.57641
25655 1444831741.789956 0.038452 0.010986 47.488519
25656 1444831741.799762 0.038452 0.010986 47.488519
25657 1444831741.810840 0.038452 0.010986 47.488519
25658 1444831741.820773 0.038452 0.010986 47.488519
25659 1444831741.830963 0.038452 0.010986 47.488519
25660 1444831741.843034 0.038452 0.010986 47.488519
25661 1444831741.849712 0.038452 0.010986 47.488519
25662 1444831741.859137 0.038452 0.010986 47.488519
25663 1444831741.868683 0.038452 0.010986 47.488519
25664 1444831741.879224 0.038452 0.010986 47.488519
25665 1444831741.889303 0.038452 0.010986 47.488519
25666 1444831741.899021 0.038452 0.010986 47.488519
25667 1444831741.909116 0.038452 0.010986 47.488519
25668 1444831741.919250 0.038452 0.010986 47.488519
25669 1444831741.929719 0.038452 0.010986 47.488519
25670 1444831741.940179 0.038452 0.010986 47.488519
25671 1444831741.949808 0.038452 0.010986 47.488519
25672 1444831741.959637 0.038452 0.010986 47.488519
25673 1444831741.969728 0.038452 0.010986 47.488519
25674 1444831741.979821 0.038452 0.010986 47.488519
25675 1444831741.989954 0.038452 0.010986 47.488519
25676 1444831742.000061 0.038452 0.010986 47.57641
25677 1444831742.010239 0.038452 0.010986 47.57641
25678 1444831742.020320 0.038452 0.010986 47.57641
25679 1444831742.030503 0.038452 0.010986 47.57641
25680 1444831742.040975 0.038452 0.010986 47.57641
25681 1444831742.051018 0.038452 0.010986 47.57641
25682 1444831742.061105 0.038452 0.010986 47.57641
25683 1444831742.071259 0.038452 0.010986 47.57641
25684 1444831742.081332 0.038452 0.010986 47.57641
25685 1444831742.091665 0.038452 0.010986 47.57641
25686 1444831742.101770 0.038452 0.010986 47.57641
25687 1444831742.111825 0.038452 0.010986 47.57641
25688 1444831742.122003 0.038452 0.010986 47.57641
25689 1444831742.132037 0.038452 0.010986 47.57641
25690 1444831742.143481 0.038452 0.010986 47.57641
25691 1444831742.153638 0.038452 0.010986 47.57641
25692 1444831742.163668 0.038452 0.010986 47.57641
25693 1444831742.173248 0.038452 0.010986 47.57641
25694 1444831742.183523 0.038452 0.010986 47.57641
25695 1444831742.193629 0.038452 0.010986 47.57641
25696 1444831742.203868 0.038452 0.010986 47.57641
25697 1444831742.213910 0.038452 0.010986 47.57641
25698 1444831742.223814 0.038452 0.010986 47.57641
25699 1444831742.234458 0.038452 0.010986 47.57641
25700 1444831742.243195 0.038452 0.010986 47.57641
25701 1444831742.254507 0.038452 0.010986 47.57641
25702 1444831742.265079 0.038452 0.010986 47.57641
25703 1444831742.274913 0.038452 0.010986 47.57641
25704 1444831742.285185 0.038452 0.010986 47.57641
25705 1444831742.294876 0.038452 0.010986 47.57641
25706 1444831742.305112 0.038452 0.010986 47.57641
25707 1444831742.316011 0.038452 0.010986 47.57641
25708 1444831742.326166 0.038452 0.010986 47.57641
25709 1444831742.333385 0.038452 0.010986 47.57641
25710 1444831742.341227 0.038452 0.010986 47.57641
25711 1444831742.349068 0.038452 0.010986 47.57641
25712 1444831742.363337 0.038452 0.010986 47.57641
25713 1444831742.373683 0.038452 0.010986 47.57641
25714 1444831742.383857 0.038452 0.010986 47.57641
25715 1444831742.393825 0.038452 0.010986 47.57641
25716 1444831742.404424 0.038452 0.010986 47.57641
25717 1444831742.415080 0.038452 0.010986 47.57641
25718 1444831742.425225 0.038452 0.010986 47.57641
25719 1444831742.435629 0.038452 0.010986 47.57641
25720 1444831742.445552 0.038452 0.010986 47.57641
25721 1444831742.456544 0.038452 0.010986 47.57641
25722 1444831742.466792 0.038452 0.010986 47.57641
25723 1444831742.476803 0.038452 0.010986 47.57641
25724 1444831742.478227 0.038452 0.010986 47.57641
25725 1444831742.493152 0.038452 0.010986 47.57641
25726 1444831742.498616 0.038452 0.010986 47.57641
25727 1444831742.513060 0.038452 0.010986 47.57641
25728 1444831742.523236 0.038452 0.010986 47.57641
25729 1444831742.533651 0.038452 0.010986 47.488519
25730 1444831742.544326 0.038452 0.010986 47.57641
25731 1444831742.554367 0.038452 0.010986 47.57641
25732 1444831742.564904 0.038452 0.010986 47.57641
25733 1444831742.574935 0.038452 0.010986 47.57641
25734 1444831742.585642 0.038452 0.010986 47.57641
25735 1444831742.597145 0.038452 0.010986 47.57641
25736 1444831742.605759 0.038452 0.010986 47.57641
25737 1444831742.615863 0.038452 0.010986 47.488519
25738 1444831742.625908 0.038452 0.010986 47.488519
25739 1444831742.636117 0.038452 0.010986 47.57641
25740 1444831742.646293 0.038452 0.010986 47.57641
25741 1444831742.653211 0.038452 0.010986 47.488519
25742 1444831742.663145 0.038452 0.010986 47.488519
25743 1444831742.678194 0.038452 0.010986 47.488519
25744 1444831742.684151 0.038452 0.010986 47.57641
25745 1444831742.693956 0.038452 0.010986 47.488519
25746 1444831742.704051 0.038452 0.010986 47.57641
25747 1444831742.713984 0.038452 0.010986 47.57641
25748 1444831742.724167 0.038452 0.010986 47.488519
25749 1444831742.739131 0.038452 0.010986 47.57641
25750 1444831742.744696 0.038452 0.010986 47.488519
25751 1444831742.754697 0.038452 0.010986 47.488519
25752 1444831742.764508 0.038452 0.010986 47.488519
25753 1444831742.774713 0.038452 0.010986 47.488519
25754 1444831742.784796 0.038452 0.010986 47.57641
25755 1444831742.794663 0.038452 0.010986 47.57641
25756 1444831742.805085 0.038452 0.010986 47.57641
25757 1444831742.815114 0.038452 0.010986 47.57641
25758 1444831742.825494 0.038452 0.010986 47.57641
25759 1444831742.838164 0.038452 0.010986 47.57641
25760 1444831742.846499 0.038452 0.010986 47.57641
25761 1444831742.855939 0.038452 0.010986 47.57641
25762 1444831742.865983 0.038452 0.010986 47.57641
25763 1444831742.876908 0.038452 0.010986 47.488519
25764 1444831742.883261 0.038452 0.010986 47.57641
25765 1444831742.894511 0.038452 0.010986 47.57641
25766 1444831742.903116 0.038452 0.010986 47.57641
25767 1444831742.917199 0.038452 0.010986 47.57641
25768 1444831742.927323 0.038452 0.010986 47.57641
25769 1444831742.933121 0.038452 0.010986 47.57641
25770 1444831742.947346 0.038452 0.010986 47.57641
25771 1444831742.957499 0.038452 0.010986 47.57641
25772 1444831742.968189 0.038452 0.010986 47.57641
25773 1444831742.978074 0.038452 0.010986 47.57641
25774 1444831742.988346 0.038452 0.010986 47.57641
25775 1444831742.998260 0.038452 0.010986 47.57641
25776 1444831743.008294 0.038452 0.010986 47.57641
25777 1444831743.018854 0.038452 0.010986 47.57641
25778 1444831743.028789 0.038452 0.010986 47.57641
25779 1444831743.038887 0.038452 0.010986 47.57641
25780 1444831743.049036 0.038452 0.010986 47.57641
25781 1444831743.059563 0.038452 0.010986 47.57641
25782 1444831743.069268 0.038452 0.010986 47.488519
25783 1444831743.079847 0.038452 0.010986 47.57641
25784 1444831743.089658 0.038452 0.010986 47.57641
25785 1444831743.099724 0.038452 0.010986 47.57641
25786 1444831743.109874 0.038452 0.010986 47.57641
25787 1444831743.120834 0.038452 0.010986 47.57641
25788 1444831743.130608 0.038452 0.010986 47.57641
25789 1444831743.140757 0.038452 0.010986 47.57641
25790 1444831743.150292 0.038452 0.010986 47.57641
25791 1444831743.160880 0.038452 0.010986 47.57641
25792 1444831743.171029 0.038452 0.010986 47.57641
25793 1444831743.181062 0.038452 0.010986 47.57641
25794 1444831743.191139 0.038452 0.010986 47.57641
25795 1444831743.201429 0.038452 0.010986 47.57641
25796 1444831743.211470 0.038452 0.010986 47.57641
25797 1444831743.221576 0.038452 0.010986 47.57641
25798 1444831743.231767 0.038452 0.010986 47.57641
25799 1444831743.241893 0.038452 0.010986 47.57641
25800 1444831743.252085 0.038452 0.010986 47.488519
25801 1444831743.262163 0.038452 0.010986 47.488519
25802 1444831743.272269 0.038452 0.010986 47.488519
25803 1444831743.282388 0.038452 0.010986 47.488519
25804 1444831743.292962 0.038452 0.010986 47.57641
25805 1444831743.302932 0.038452 0.010986 47.488519
25806 1444831743.313092 0.038452 0.010986 47.57641
25807 1444831743.318658 0.038452 0.010986 47.57641
25808 1444831743.328636 0.038452 0.010986 47.57641
25809 1444831743.338722 0.038452 0.010986 47.57641
25810 1444831743.348693 0.038452 0.010986 47.57641
25811 1444831743.358937 0.038452 0.010986 47.57641
25812 1444831743.369214 0.038452 0.010986 47.57641
25813 1444831743.378994 0.038452 0.010986 47.488519
25814 1444831743.389476 0.038452 0.010986 47.488519
25815 1444831743.399833 0.038452 0.010986 47.488519
25816 1444831743.409882 0.038452 0.010986 47.488519
25817 1444831743.420055 0.038452 0.010986 47.57641
25818 1444831743.430352 0.038452 0.010986 47.488519
25819 1444831743.440309 0.038452 0.010986 47.57641
25820 1444831743.450507 0.038452 0.010986 47.488519
25821 1444831743.463560 0.038452 0.010986 47.57641
25822 1444831743.473288 0.038452 0.010986 47.57641
25823 1444831743.483728 0.038452 0.010986 47.57641
25824 1444831743.493984 0.038452 0.010986 47.57641
25825 1444831743.504118 0.038452 0.010986 47.488519
25826 1444831743.514238 0.038452 0.010986 47.57641
25827 1444831743.524318 0.038452 0.010986 47.488519
25828 1444831743.529349 0.038452 0.010986 47.57641
25829 1444831743.539491 0.038452 0.010986 47.57641
25830 1444831743.549516 0.038452 0.010986 47.57641
25831 1444831743.559655 0.038452 0.010986 47.57641
25832 1444831743.569740 0.038452 0.010986 47.57641
25833 1444831743.579881 0.038452 0.010986 47.57641
25834 1444831743.590157 0.038452 0.010986 47.57641
25835 1444831743.600211 0.038452 0.010986 47.57641
25836 1444831743.610654 0.038452 0.010986 47.57641
25837 1444831743.620705 0.038452 0.010986 47.57641
25838 1444831743.630839 0.038452 0.010986 47.57641
25839 1444831743.640959 0.038452 0.010986 47.57641
25840 1444831743.651254 0.038452 0.010986 47.57641
25841 1444831743.661380 0.038452 0.010986 47.488519
25842 1444831743.671709 0.038452 0.010986 47.57641
25843 1444831743.681615 0.038452 0.010986 47.57641
25844 1444831743.692967 0.038452 0.010986 47.57641
25845 1444831743.701773 0.038452 0.010986 47.57641
25846 1444831743.707942 0.038452 0.010986 47.57641
25847 1444831743.723412 0.038452 0.010986 47.57641
25848 1444831743.732231 0.038452 0.010986 47.57641
25849 1444831743.743791 0.038452 0.010986 47.57641
25850 1444831743.753193 0.038452 0.010986 47.57641
25851 1444831743.763247 0.038452 0.010986 47.57641
25852 1444831743.773390 0.038452 0.010986 47.57641
25853 1444831743.783390 0.038452 0.010986 47.57641
25854 1444831743.793819 0.038452 0.010986 47.57641
25855 1444831743.804012 0.038452 0.010986 47.57641
25856 1444831743.814169 0.038452 0.010986 47.57641
25857 1444831743.824277 0.038452 0.010986 47.57641
25858 1444831743.834707 0.038452 0.010986 47.57641
25859 1444831743.844402 0.038452 0.010986 47.488519
25860 1444831743.854636 0.038452 0.010986 47.488519
25861 1444831743.864905 0.038452 0.010986 47.57641
25862 1444831743.875042 0.038452 0.010986 47.488519
25863 1444831743.885725 0.038452 0.010986 47.57641
25864 1444831743.895306 0.038452 0.010986 47.488519
25865 1444831743.905215 0.038452 0.010986 47.57641
25866 1444831743.916187 0.038452 0.010986 47.57641
25867 1444831743.926382 0.038452 0.010986 47.57641
25868 1444831743.936586 0.038452 0.010986 47.57641
25869 1444831743.943027 0.038452 0.010986 47.57641
25870 1444831743.956597 0.038452 0.010986 47.488519
25871 1444831743.966722 0.038452 0.010986 47.488519
25872 1444831743.976941 0.038452 0.010986 47.57641
25873 1444831743.986995 0.038452 0.010986 47.488519
25874 1444831743.997161 0.038452 0.010986 47.57641
25875 1444831744.007305 0.038452 0.010986 47.57641
25876 1444831744.017382 0.038452 0.010986 47.488519
25877 1444831744.027571 0.038452 0.010986 47.488519
25878 1444831744.033065 0.038452 0.010986 47.488519
25879 1444831744.043584 0.038452 0.010986 47.488519
25880 1444831744.053561 0.038452 0.010986 47.488519
