20839 1444995704.457133 12.316772 -45.486908 -121.742249 -1.294556 -0.306702 -0.390625
20840 1444995704.467193 12.357422 -45.623779 -121.742249 -1.298218 -0.304871 -0.389404
20841 1444995704.477255 12.438721 -45.441284 -121.742249 -1.297302 -0.310364 -0.391235
20842 1444995704.487335 12.357422 -45.486908 -121.25528 -1.302795 -0.303955 -0.387573
20843 1444995704.497396 12.438721 -45.578156 -121.742249 -1.30188 -0.312195 -0.388794
20844 1444995704.507460 12.276123 -45.350037 -121.47171 -1.295471 -0.300293 -0.395508
20845 1444995704.517529 12.357422 -45.578156 -121.742249 -1.306458 -0.304871 -0.38147
20846 1444995704.527591 12.398071 -45.578156 -121.579926 -1.306458 -0.311279 -0.379028
20847 1444995704.537677 12.682617 -45.39566 -121.688141 -1.295471 -0.314941 -0.383301
20848 1444995704.547760 12.316772 -45.578156 -121.850464 -1.291809 -0.308533 -0.396118
20849 1444995704.557822 12.398071 -45.532532 -121.742249 -1.305542 -0.310364 -0.377197
20850 1444995704.567882 12.438721 -45.486908 -121.850464 -1.291809 -0.311279 -0.379028
20851 1444995704.577940 12.52002 -45.486908 -121.796356 -1.297302 -0.312195 -0.375977
20852 1444995704.588019 12.52002 -45.350037 -121.742249 -1.296387 -0.318604 -0.389404
20853 1444995704.598081 12.438721 -45.623779 -121.634033 -1.302795 -0.304871 -0.389404
20854 1444995704.608140 12.47937 -45.441284 -121.796356 -1.300049 -0.310364 -0.379028
20855 1444995704.618199 12.438721 -45.578156 -121.688141 -1.295471 -0.308533 -0.389404
20856 1444995704.628257 12.47937 -45.578156 -121.579926 -1.30188 -0.314026 -0.393066
20857 1444995704.638320 12.438721 -45.623779 -121.634033 -1.30188 -0.306702 -0.396118
20858 1444995704.648430 12.357422 -45.578156 -121.742249 -1.299133 -0.311279 -0.390625
20859 1444995704.658495 12.438721 -45.486908 -121.309387 -1.303711 -0.303955 -0.385132
20860 1444995704.668555 12.438721 -45.578156 -121.796356 -1.300049 -0.303955 -0.386353
20861 1444995704.678617 12.398071 -45.532532 -121.796356 -1.297302 -0.312195 -0.383911
20862 1444995704.688678 12.398071 -45.441284 -121.850464 -1.296387 -0.302124 -0.393066
20863 1444995704.698740 12.438721 -45.669403 -121.47171 -1.303711 -0.311279 -0.377808
20864 1444995704.708802 12.47937 -45.486908 -121.742249 -1.299133 -0.317688 -0.383911
20865 1444995704.718866 12.438721 -45.486908 -121.525818 -1.299133 -0.303955 -0.391235
20866 1444995704.728914 12.235474 -45.669403 -121.634033 -1.306458 -0.305786 -0.390625
20867 1444995704.738990 12.398071 -45.578156 -121.796356 -1.302795 -0.306702 -0.389404
20868 1444995704.749051 12.438721 -45.578156 -121.525818 -1.30188 -0.310364 -0.378418
20869 1444995704.759116 12.47937 -45.532532 -121.634033 -1.299133 -0.307617 -0.384521
20870 1444995704.769211 12.276123 -45.623779 -121.904572 -1.299133 -0.309448 -0.391846
20871 1444995704.779411 12.601318 -45.441284 -121.579926 -1.300964 -0.319519 -0.379639
20872 1444995704.789481 12.438721 -45.532532 -121.47171 -1.30188 -0.310364 -0.388794
20873 1444995704.799544 12.438721 -45.486908 -121.958679 -1.298218 -0.315857 -0.385742
20874 1444995704.809611 12.357422 -45.532532 -121.579926 -1.302795 -0.307617 -0.385132
20875 1444995704.819674 12.316772 -45.532532 -121.850464 -1.299133 -0.306702 -0.387573
20876 1444995704.829703 12.398071 -45.350037 -121.579926 -1.294556 -0.311279 -0.392456
20877 1444995704.839774 12.438721 -45.715027 -121.796356 -1.30188 -0.308533 -0.388184
20878 1444995704.849839 12.276123 -45.486908 -121.579926 -1.304626 -0.299377 -0.388794
20879 1444995704.859904 12.438721 -45.486908 -121.634033 -1.300049 -0.312195 -0.388184
20880 1444995704.869966 12.398071 -45.486908 -121.363495 -1.300964 -0.306702 -0.394287
20881 1444995704.880029 12.357422 -45.669403 -121.742249 -1.303711 -0.307617 -0.395508
20882 1444995704.890091 12.398071 -45.532532 -121.634033 -1.298218 -0.301208 -0.390015
20883 1444995704.900127 12.47937 -45.486908 -121.958679 -1.295471 -0.306702 -0.390015
20884 1444995704.910197 12.357422 -45.578156 -121.688141 -1.300049 -0.311279 -0.388794
20885 1444995704.920265 12.560669 -45.715027 -121.904572 -1.299133 -0.315857 -0.380859
20886 1444995704.930330 12.438721 -45.486908 -121.904572 -1.298218 -0.304871 -0.393066
20887 1444995704.940526 12.357422 -45.669403 -121.688141 -1.303711 -0.306702 -0.389404
20888 1444995704.950587 12.560669 -45.441284 -121.850464 -1.294556 -0.309448 -0.39978
20889 1444995704.960649 12.316772 -45.623779 -121.742249 -1.305542 -0.309448 -0.388184
20890 1444995704.970710 12.398071 -45.578156 -121.796356 -1.303711 -0.31311 -0.392456
20891 1444995704.980772 12.398071 -45.486908 -121.579926 -1.294556 -0.31311 -0.390015
20892 1444995704.990832 12.52002 -45.486908 -121.796356 -1.298218 -0.314941 -0.380249
20893 1444995705.000895 12.398071 -45.532532 -121.634033 -1.299133 -0.31311 -0.388794
20894 1444995705.010955 12.357422 -45.760651 -121.634033 -1.307373 -0.30304 -0.389404
20895 1444995705.021015 12.52002 -45.39566 -121.579926 -1.300964 -0.31311 -0.390015
20896 1444995705.031077 12.316772 -45.623779 -121.634033 -1.305542 -0.311279 -0.385132
20897 1444995705.041140 12.438721 -45.532532 -121.47171 -1.30188 -0.311279 -0.393677
20898 1444995705.051198 12.316772 -45.578156 -121.634033 -1.300049 -0.314941 -0.390625
20899 1444995705.061262 12.398071 -45.623779 -121.850464 -1.297302 -0.309448 -0.38269
20900 1444995705.071345 12.560669 -45.39566 -121.579926 -1.300049 -0.316772 -0.383301
20901 1444995705.081409 12.398071 -45.486908 -121.579926 -1.300049 -0.301208 -0.393677
20902 1444995705.091453 12.276123 -45.578156 -121.688141 -1.302795 -0.304871 -0.389404
20903 1444995705.101545 12.438721 -45.486908 -121.742249 -1.298218 -0.31311 -0.383911
20904 1444995705.111585 12.398071 -45.486908 -121.47171 -1.300049 -0.30304 -0.385132
20905 1444995705.121647 12.398071 -45.486908 -121.579926 -1.30188 -0.317688 -0.385132
20906 1444995705.131708 12.316772 -45.578156 -121.796356 -1.30188 -0.309448 -0.393677
20907 1444995705.141768 12.316772 -45.532532 -121.525818 -1.299133 -0.305786 -0.383911
20908 1444995705.151859 12.398071 -45.532532 -121.417603 -1.302795 -0.314941 -0.388794
20909 1444995705.161893 12.357422 -45.39566 -121.850464 -1.300049 -0.306702 -0.397339
20910 1444995705.171953 12.398071 -45.623779 -121.742249 -1.303711 -0.311279 -0.391846
20911 1444995705.182017 12.438721 -45.486908 -121.850464 -1.296387 -0.309448 -0.387573
20912 1444995705.192080 12.601318 -45.441284 -121.634033 -1.296387 -0.320435 -0.380859
20913 1444995705.202142 12.438721 -45.441284 -121.579926 -1.300049 -0.307617 -0.39856
20914 1444995705.212186 12.316772 -45.669403 -121.634033 -1.307373 -0.303955 -0.400391
20915 1444995705.222248 12.398071 -45.623779 -121.742249 -1.306458 -0.305786 -0.386963
20916 1444995705.232312 12.357422 -45.486908 -121.634033 -1.300964 -0.310364 -0.384521
20917 1444995705.242378 12.47937 -45.532532 -121.47171 -1.306458 -0.309448 -0.38208
20918 1444995705.252444 12.276123 -45.532532 -121.742249 -1.302795 -0.305786 -0.388184
20919 1444995705.262506 12.398071 -45.623779 -121.47171 -1.302795 -0.311279 -0.380859
20920 1444995705.272567 12.52002 -45.441284 -121.742249 -1.295471 -0.312195 -0.383301
20921 1444995705.282630 12.560669 -45.532532 -121.796356 -1.298218 -0.316772 -0.375366
20922 1444995705.292693 12.601318 -45.39566 -121.634033 -1.298218 -0.31311 -0.390015
20923 1444995705.302759 12.357422 -45.669403 -121.688141 -1.298218 -0.306702 -0.392456
20924 1444995705.312821 12.357422 -45.532532 -121.634033 -1.303711 -0.316772 -0.383911
20925 1444995705.322881 12.357422 -45.532532 -121.688141 -1.297302 -0.309448 -0.385132
20926 1444995705.332942 12.52002 -45.486908 -121.850464 -1.298218 -0.311279 -0.390625
20927 1444995705.343003 12.276123 -45.623779 -121.634033 -1.303711 -0.302124 -0.397949
20928 1444995705.353065 12.438721 -45.578156 -121.850464 -1.297302 -0.310364 -0.385742
20929 1444995705.363135 12.47937 -45.441284 -121.634033 -1.297302 -0.314941 -0.386963
20930 1444995705.373187 12.276123 -45.623779 -121.634033 -1.303711 -0.310364 -0.393066
20931 1444995705.383250 12.438721 -45.578156 -121.688141 -1.300964 -0.305786 -0.393066
20932 1444995705.393358 12.398071 -45.532532 -121.796356 -1.300964 -0.315857 -0.385742
20933 1444995705.403421 12.601318 -45.441284 -121.634033 -1.30188 -0.311279 -0.383911
20934 1444995705.413485 12.47937 -45.486908 -121.634033 -1.297302 -0.311279 -0.391235
20935 1444995705.423547 12.398071 -45.532532 -121.688141 -1.303711 -0.314941 -0.387573
20936 1444995705.433620 12.316772 -45.486908 -121.742249 -1.300964 -0.307617 -0.383301
20937 1444995705.443682 12.47937 -45.441284 -121.417603 -1.30188 -0.306702 -0.383301
20938 1444995705.453748 12.357422 -45.486908 -121.525818 -1.299133 -0.310364 -0.396729
20939 1444995705.463815 12.438721 -45.669403 -121.363495 -1.305542 -0.31311 -0.383911
20940 1444995705.473876 12.438721 -45.486908 -121.47171 -1.302795 -0.305786 -0.394287
20941 1444995705.483939 12.357422 -45.578156 -121.634033 -1.304626 -0.30304 -0.395508
20942 1444995705.494002 12.316772 -45.532532 -121.688141 -1.302795 -0.303955 -0.397339
20943 1444995705.504064 12.316772 -45.715027 -121.688141 -1.304626 -0.309448 -0.388184
20944 1444995705.514129 12.398071 -45.39566 -121.796356 -1.298218 -0.31311 -0.391846
20945 1444995705.524165 12.235474 -45.669403 -121.634033 -1.304626 -0.302124 -0.389404
20946 1444995705.534229 12.47937 -45.532532 -121.904572 -1.30188 -0.312195 -0.385132
20947 1444995705.544292 12.398071 -45.350037 -121.850464 -1.292725 -0.311279 -0.396118
20948 1444995705.554385 12.52002 -45.669403 -121.904572 -1.304626 -0.310364 -0.390625
20949 1444995705.564448 12.52002 -45.486908 -121.796356 -1.300049 -0.316772 -0.383911
20950 1444995705.574511 12.47937 -45.39566 -121.688141 -1.294556 -0.315857 -0.388184
20951 1444995705.584574 12.601318 -45.532532 -121.796356 -1.300049 -0.314941 -0.384521
20952 1444995705.594656 12.398071 -45.532532 -121.688141 -1.298218 -0.307617 -0.388794
20953 1444995705.604719 12.316772 -45.578156 -121.958679 -1.300964 -0.307617 -0.387573
20954 1444995705.614781 12.438721 -45.441284 -121.742249 -1.298218 -0.314941 -0.377808
20955 1444995705.624842 12.601318 -45.441284 -121.688141 -1.297302 -0.317688 -0.385742
20956 1444995705.634905 12.357422 -45.532532 -121.634033 -1.300049 -0.311279 -0.391846
20957 1444995705.644948 12.47937 -45.532532 -121.417603 -1.30188 -0.312195 -0.388794
20958 1444995705.655011 12.357422 -45.578156 -121.579926 -1.303711 -0.314941 -0.387573
20959 1444995705.665073 12.52002 -45.623779 -121.688141 -1.306458 -0.316772 -0.377197
20960 1444995705.675137 12.601318 -45.441284 -121.47171 -1.300049 -0.316772 -0.379639
20961 1444995705.685199 12.398071 -45.532532 -121.904572 -1.300049 -0.31311 -0.390625
20962 1444995705.695262 12.398071 -45.39566 -121.688141 -1.298218 -0.309448 -0.392456
20963 1444995705.705326 12.560669 -45.578156 -121.688141 -1.300964 -0.314026 -0.379028
20964 1444995705.715390 12.52002 -45.39566 -121.796356 -1.291809 -0.309448 -0.390015
20965 1444995705.725465 12.357422 -45.669403 -121.634033 -1.304626 -0.311279 -0.383911
20966 1444995705.735553 12.316772 -45.486908 -121.525818 -1.300049 -0.310364 -0.393066
20967 1444995705.745617 12.47937 -45.623779 -121.634033 -1.30188 -0.312195 -0.386353
20968 1444995705.755688 12.47937 -45.486908 -121.579926 -1.304626 -0.315857 -0.374756
20969 1444995705.765751 12.560669 -45.486908 -121.579926 -1.304626 -0.314026 -0.380859
20970 1444995705.775813 12.357422 -45.486908 -121.634033 -1.300964 -0.314026 -0.385132
20971 1444995705.785950 12.398071 -45.441284 -121.634033 -1.297302 -0.308533 -0.39856
20972 1444995705.796017 12.560669 -45.441284 -121.634033 -1.298218 -0.311279 -0.38208
20973 1444995705.806080 12.438721 -45.532532 -121.525818 -1.300964 -0.318604 -0.379028
20974 1444995705.816164 12.398071 -45.441284 -121.525818 -1.302795 -0.311279 -0.385132
20975 1444995705.826184 12.438721 -45.441284 -121.47171 -1.300049 -0.317688 -0.377808
20976 1444995705.836329 12.438721 -45.350037 -121.525818 -1.292725 -0.308533 -0.387573
20977 1444995705.846455 12.276123 -45.623779 -121.579926 -1.304626 -0.315857 -0.377808
20978 1444995705.856527 12.641968 -45.441284 -121.309387 -1.303711 -0.312195 -0.380249
20979 1444995705.866608 12.398071 -45.623779 -121.688141 -1.303711 -0.315857 -0.386353
20980 1444995705.876678 12.52002 -45.486908 -121.634033 -1.294556 -0.308533 -0.393066
20981 1444995705.886923 12.316772 -45.578156 -121.579926 -1.302795 -0.315857 -0.388184
20982 1444995705.897022 12.316772 -45.623779 -121.634033 -1.302795 -0.312195 -0.391235
20983 1444995705.907084 12.357422 -45.532532 -121.904572 -1.300049 -0.314026 -0.390625
20984 1444995705.917154 12.560669 -45.532532 -121.634033 -1.304626 -0.319519 -0.380859
20985 1444995705.927215 12.398071 -45.532532 -121.688141 -1.298218 -0.311279 -0.392456
20986 1444995705.937278 12.235474 -45.578156 -121.688141 -1.300964 -0.312195 -0.393066
20987 1444995705.947383 12.52002 -45.486908 -121.796356 -1.30188 -0.314941 -0.383911
20988 1444995705.957424 12.438721 -45.578156 -121.688141 -1.302795 -0.314026 -0.372925
20989 1444995705.967485 12.601318 -45.350037 -121.47171 -1.297302 -0.318604 -0.38208
20990 1444995705.977546 12.52002 -45.350037 -121.742249 -1.297302 -0.319519 -0.391235
20991 1444995705.987609 12.47937 -45.532532 -121.904572 -1.302795 -0.316772 -0.389404
20992 1444995705.997670 12.398071 -45.532532 -121.47171 -1.300964 -0.312195 -0.388184
20993 1444995706.007733 12.438721 -45.441284 -121.579926 -1.30188 -0.31311 -0.386353
20994 1444995706.017795 12.52002 -45.623779 -121.363495 -1.308289 -0.305786 -0.393066
20995 1444995706.027856 12.357422 -45.578156 -121.742249 -1.302795 -0.31311 -0.397339
20996 1444995706.037921 12.438721 -45.532532 -121.579926 -1.299133 -0.312195 -0.385132
20997 1444995706.047981 12.398071 -45.578156 -121.742249 -1.302795 -0.312195 -0.390015
20998 1444995706.058042 12.398071 -45.669403 -121.525818 -1.31012 -0.311279 -0.383911
20999 1444995706.068103 12.438721 -45.578156 -121.417603 -1.306458 -0.314941 -0.379639
21000 1444995706.078165 12.357422 -45.441284 -121.579926 -1.298218 -0.307617 -0.401001
21001 1444995706.088245 12.357422 -45.669403 -121.579926 -1.300964 -0.317688 -0.388794
21002 1444995706.098303 12.398071 -45.578156 -121.688141 -1.300049 -0.314026 -0.38208
21003 1444995706.108364 12.316772 -45.441284 -121.688141 -1.297302 -0.319519 -0.383911
21004 1444995706.118425 12.47937 -45.578156 -121.417603 -1.302795 -0.307617 -0.383911
21005 1444995706.128489 12.438721 -45.486908 -121.688141 -1.300049 -0.315857 -0.394897
21006 1444995706.138551 12.398071 -45.623779 -121.634033 -1.305542 -0.317688 -0.390625
21007 1444995706.148616 12.398071 -45.486908 -121.634033 -1.300049 -0.310364 -0.38269
21008 1444995706.158681 12.276123 -45.532532 -121.309387 -1.299133 -0.306702 -0.387573
21009 1444995706.168718 12.47937 -45.669403 -121.525818 -1.311951 -0.314941 -0.378418
21010 1444995706.178792 12.52002 -45.39566 -121.47171 -1.300049 -0.318604 -0.379028
21011 1444995706.188893 12.235474 -45.578156 -121.525818 -1.294556 -0.312195 -0.395508
21012 1444995706.198956 12.276123 -45.715027 -121.796356 -1.308289 -0.315857 -0.385132
21013 1444995706.209016 12.357422 -45.486908 -121.363495 -1.298218 -0.314026 -0.388794
21014 1444995706.219080 12.276123 -45.532532 -121.417603 -1.300049 -0.310364 -0.387573
21015 1444995706.229149 12.316772 -45.715027 -121.47171 -1.309204 -0.305786 -0.393677
21016 1444995706.239243 12.47937 -45.532532 -121.47171 -1.305542 -0.316772 -0.38269
21017 1444995706.249307 12.47937 -45.532532 -121.525818 -1.303711 -0.319519 -0.379639
21018 1444995706.259361 12.357422 -45.669403 -121.742249 -1.300964 -0.311279 -0.393066
21019 1444995706.269423 12.438721 -45.486908 -121.417603 -1.306458 -0.317688 -0.386353
21020 1444995706.279485 12.316772 -45.441284 -121.525818 -1.302795 -0.318604 -0.390625
21021 1444995706.289659 12.316772 -45.578156 -121.25528 -1.304626 -0.304871 -0.38269
21022 1444995706.299721 12.276123 -45.441284 -121.525818 -1.306458 -0.315857 -0.38147
21023 1444995706.309784 12.560669 -45.441284 -121.47171 -1.302795 -0.317688 -0.380249
21024 1444995706.319845 12.316772 -45.486908 -121.525818 -1.300964 -0.314026 -0.383301
21025 1444995706.329907 12.316772 -45.39566 -121.579926 -1.299133 -0.318604 -0.391846
21026 1444995706.339990 12.276123 -45.623779 -121.47171 -1.302795 -0.317688 -0.383911
21027 1444995706.350008 12.398071 -45.532532 -121.688141 -1.298218 -0.307617 -0.387573
21028 1444995706.360071 12.47937 -45.441284 -121.417603 -1.303711 -0.325928 -0.386963
21029 1444995706.370132 12.47937 -45.623779 -121.634033 -1.302795 -0.318604 -0.387573
21030 1444995706.380198 12.438721 -45.39566 -121.688141 -1.289978 -0.32135 -0.39856
21031 1444995706.390262 12.52002 -45.39566 -121.525818 -1.298218 -0.331421 -0.393677
21032 1444995706.400327 12.47937 -45.578156 -121.634033 -1.305542 -0.322266 -0.38147
21033 1444995706.410352 12.357422 -45.486908 -121.579926 -1.300049 -0.310364 -0.385132
21034 1444995706.420415 12.47937 -45.532532 -121.742249 -1.307373 -0.319519 -0.383911
21035 1444995706.430484 12.47937 -45.304413 -121.742249 -1.30188 -0.326843 -0.383301
21036 1444995706.440551 12.398071 -45.441284 -121.634033 -1.30188 -0.322266 -0.388794
21037 1444995706.450595 12.357422 -45.532532 -121.796356 -1.302795 -0.318604 -0.388794
21038 1444995706.460609 12.438721 -45.486908 -121.634033 -1.304626 -0.331421 -0.383911
21039 1444995706.470671 12.357422 -45.578156 -121.742249 -1.309204 -0.315857 -0.390015
21040 1444995706.480732 12.438721 -45.532532 -121.688141 -1.302795 -0.327759 -0.390625
21041 1444995706.490793 12.560669 -45.532532 -121.634033 -1.304626 -0.324097 -0.386353
21042 1444995706.500858 12.438721 -45.350037 -121.688141 -1.298218 -0.31311 -0.404053
21043 1444995706.510927 12.357422 -45.304413 -121.417603 -1.299133 -0.307617 -0.397339
21044 1444995706.520972 12.276123 -45.715027 -121.634033 -1.305542 -0.314026 -0.388794
21045 1444995706.531033 12.316772 -45.532532 -121.525818 -1.296387 -0.315857 -0.38147
21046 1444995706.541095 12.52002 -45.532532 -121.688141 -1.299133 -0.325928 -0.38208
21047 1444995706.551157 12.398071 -45.441284 -121.363495 -1.300049 -0.315857 -0.394897
21048 1444995706.561222 12.235474 -45.715027 -121.742249 -1.304626 -0.314941 -0.39856
21049 1444995706.571286 12.194824 -45.578156 -121.25528 -1.303711 -0.324097 -0.385132
21050 1444995706.581355 12.52002 -45.578156 -121.417603 -1.305542 -0.317688 -0.379028
21051 1444995706.591419 12.357422 -45.441284 -121.417603 -1.299133 -0.317688 -0.401001
21052 1444995706.601481 12.398071 -45.760651 -121.634033 -1.308289 -0.324097 -0.388184
21053 1444995706.611530 12.47937 -45.304413 -121.579926 -1.292725 -0.325928 -0.393677
21054 1444995706.621590 12.316772 -45.441284 -121.525818 -1.300049 -0.314941 -0.393677
21055 1444995706.631620 12.398071 -45.486908 -121.47171 -1.303711 -0.318604 -0.393677
21056 1444995706.641680 12.316772 -45.578156 -121.47171 -1.305542 -0.315857 -0.397949
21057 1444995706.651743 12.316772 -45.441284 -121.363495 -1.305542 -0.310364 -0.387573
21058 1444995706.661804 12.357422 -45.486908 -121.579926 -1.302795 -0.315857 -0.390625
21059 1444995706.671867 12.398071 -45.486908 -121.309387 -1.300964 -0.318604 -0.383911
21060 1444995706.681930 12.398071 -45.532532 -121.47171 -1.304626 -0.318604 -0.380859
21061 1444995706.692055 12.438721 -45.441284 -121.688141 -1.298218 -0.328674 -0.38147
21062 1444995706.702128 12.398071 -45.441284 -121.47171 -1.299133 -0.317688 -0.390625
21063 1444995706.712192 12.52002 -45.623779 -121.742249 -1.302795 -0.32959 -0.383911
21064 1444995706.722253 12.316772 -45.350037 -121.363495 -1.297302 -0.32135 -0.389404
21065 1444995706.732317 12.47937 -45.441284 -121.525818 -1.302795 -0.323181 -0.390625
21066 1444995706.742379 12.398071 -45.578156 -121.525818 -1.30188 -0.318604 -0.402222
21067 1444995706.752515 12.357422 -45.669403 -122.012787 -1.298218 -0.32135 -0.394287
21068 1444995706.762577 12.438721 -45.304413 -121.634033 -1.295471 -0.325928 -0.380859
21069 1444995706.772639 12.641968 -45.350037 -121.525818 -1.300964 -0.330505 -0.385132
21070 1444995706.782702 12.316772 -45.578156 -121.688141 -1.300964 -0.315857 -0.39856
21071 1444995706.792765 12.47937 -45.486908 -121.579926 -1.300964 -0.325012 -0.384521
21072 1444995706.802854 12.357422 -45.532532 -121.525818 -1.304626 -0.323181 -0.379639
21073 1444995706.812915 12.398071 -45.486908 -121.634033 -1.303711 -0.323181 -0.379028
21074 1444995706.822976 12.398071 -45.532532 -121.525818 -1.30188 -0.32135 -0.386353
21075 1444995706.833040 12.357422 -45.532532 -121.634033 -1.300964 -0.330505 -0.389404
21076 1444995706.843108 12.601318 -45.532532 -121.579926 -1.30188 -0.331421 -0.378418
21077 1444995706.853172 12.398071 -45.304413 -121.634033 -1.298218 -0.320435 -0.395508
21078 1444995706.863233 12.276123 -45.623779 -121.47171 -1.307373 -0.320435 -0.393066
21079 1444995706.873294 12.357422 -45.578156 -121.579926 -1.302795 -0.325928 -0.388184
21080 1444995706.883357 12.194824 -45.441284 -121.688141 -1.299133 -0.31311 -0.390015
21081 1444995706.893438 12.438721 -45.623779 -121.525818 -1.304626 -0.319519 -0.38269
21082 1444995706.903501 12.47937 -45.486908 -121.47171 -1.300049 -0.326843 -0.394897
21083 1444995706.913561 12.398071 -45.486908 -121.363495 -1.303711 -0.324097 -0.396118
21084 1444995706.923622 12.357422 -45.578156 -121.579926 -1.300964 -0.325928 -0.385742
21085 1444995706.933721 12.398071 -45.441284 -121.417603 -1.302795 -0.320435 -0.385132
21086 1444995706.943764 12.398071 -45.486908 -121.688141 -1.303711 -0.320435 -0.387573
21087 1444995706.953826 12.438721 -45.258789 -121.742249 -1.297302 -0.32959 -0.390015
21088 1444995706.963887 12.398071 -45.532532 -121.525818 -1.304626 -0.325928 -0.397339
21089 1444995706.973949 12.316772 -45.578156 -121.742249 -1.306458 -0.317688 -0.390625
21090 1444995706.984012 12.438721 -45.441284 -121.634033 -1.300049 -0.326843 -0.385132
21091 1444995706.994075 12.438721 -45.532532 -121.579926 -1.303711 -0.326843 -0.391235
21092 1444995707.004140 12.398071 -45.578156 -121.688141 -1.300964 -0.322266 -0.390625
21093 1444995707.014202 12.398071 -45.441284 -121.579926 -1.299133 -0.325928 -0.394897
21094 1444995707.024263 12.398071 -45.669403 -121.796356 -1.304626 -0.32959 -0.386353
21095 1444995707.034363 12.52002 -45.350037 -121.525818 -1.300049 -0.328674 -0.388794
21096 1444995707.044400 12.316772 -45.578156 -121.579926 -1.297302 -0.328674 -0.391235
21097 1444995707.054453 12.438721 -45.350037 -121.363495 -1.298218 -0.332336 -0.386353
21098 1444995707.064477 12.52002 -45.486908 -121.579926 -1.300049 -0.324097 -0.392456
21099 1444995707.074539 12.357422 -45.532532 -121.579926 -1.304626 -0.323181 -0.397339
21100 1444995707.084639 12.398071 -45.578156 -121.47171 -1.31012 -0.327759 -0.386963
21101 1444995707.094726 12.398071 -45.486908 -121.850464 -1.299133 -0.324097 -0.394897
21102 1444995707.104790 12.235474 -45.623779 -121.688141 -1.297302 -0.323181 -0.39856
21103 1444995707.114851 12.438721 -45.578156 -121.417603 -1.309204 -0.326843 -0.38208
21104 1444995707.124905 12.47937 -45.532532 -121.634033 -1.300049 -0.32959 -0.396118
21105 1444995707.134969 12.235474 -45.441284 -121.25528 -1.299133 -0.325012 -0.397339
21106 1444995707.145079 12.52002 -45.39566 -121.688141 -1.298218 -0.335083 -0.379028
21107 1444995707.155157 12.316772 -45.623779 -121.363495 -1.302795 -0.324097 -0.392456
21108 1444995707.165221 12.47937 -45.623779 -121.525818 -1.303711 -0.335083 -0.38147
21109 1444995707.175282 12.560669 -45.39566 -121.634033 -1.296387 -0.334167 -0.383911
21110 1444995707.185353 12.357422 -45.486908 -121.742249 -1.297302 -0.317688 -0.397949
21111 1444995707.195424 12.398071 -45.532532 -121.579926 -1.306458 -0.331421 -0.388184
21112 1444995707.205511 12.438721 -45.441284 -121.417603 -1.302795 -0.326843 -0.386353
21113 1444995707.215574 12.154175 -45.350037 -121.47171 -1.298218 -0.314026 -0.392456
21114 1444995707.225640 12.47937 -45.441284 -121.634033 -1.309204 -0.327759 -0.385132
21115 1444995707.235723 12.438721 -45.578156 -121.742249 -1.302795 -0.338745 -0.388184
21116 1444995707.245796 12.357422 -45.441284 -121.688141 -1.29364 -0.325928 -0.402222
21117 1444995707.255900 12.194824 -45.532532 -121.904572 -1.30188 -0.32135 -0.391235
21118 1444995707.265943 12.438721 -45.532532 -121.525818 -1.302795 -0.330505 -0.393066
21119 1444995707.276010 12.235474 -45.486908 -121.688141 -1.300049 -0.319519 -0.397339
21120 1444995707.286072 12.357422 -45.486908 -121.525818 -1.299133 -0.32135 -0.388794
21121 1444995707.296259 12.316772 -45.532532 -121.417603 -1.305542 -0.323181 -0.394897
21122 1444995707.306321 12.398071 -45.715027 -121.634033 -1.308289 -0.32959 -0.393066
21123 1444995707.316383 12.438721 -45.441284 -121.742249 -1.298218 -0.326843 -0.386353
21124 1444995707.326446 12.47937 -45.486908 -121.688141 -1.299133 -0.333252 -0.383911
21125 1444995707.336508 12.47937 -45.39566 -121.525818 -1.30188 -0.324097 -0.397949
21126 1444995707.346548 12.276123 -45.669403 -121.742249 -1.305542 -0.330505 -0.394287
21127 1444995707.356617 12.438721 -45.441284 -121.363495 -1.305542 -0.326843 -0.388794
21128 1444995707.366681 12.438721 -45.578156 -121.579926 -1.305542 -0.331421 -0.394897
21129 1444995707.376742 12.357422 -45.532532 -121.688141 -1.303711 -0.327759 -0.385742
21130 1444995707.386830 12.47937 -45.441284 -121.796356 -1.298218 -0.327759 -0.389404
21131 1444995707.396896 12.235474 -45.486908 -121.309387 -1.30188 -0.32135 -0.39917
21132 1444995707.406959 12.276123 -45.623779 -121.525818 -1.307373 -0.325928 -0.393066
21133 1444995707.417020 12.357422 -45.441284 -121.309387 -1.303711 -0.319519 -0.388184
21134 1444995707.427083 12.276123 -45.486908 -121.47171 -1.30188 -0.323181 -0.389404
21135 1444995707.437163 12.47937 -45.441284 -121.417603 -1.305542 -0.32135 -0.387573
21136 1444995707.447231 12.398071 -45.486908 -121.525818 -1.300964 -0.32959 -0.39978
21137 1444995707.457293 12.235474 -45.532532 -121.25528 -1.30188 -0.319519 -0.39917
21138 1444995707.467354 12.235474 -45.760651 -121.525818 -1.311035 -0.322266 -0.38208
21139 1444995707.477418 12.47937 -45.486908 -121.579926 -1.302795 -0.324097 -0.387573
21140 1444995707.487499 12.154175 -45.623779 -121.634033 -1.30188 -0.323181 -0.396118
21141 1444995707.497565 12.398071 -45.623779 -121.796356 -1.306458 -0.335083 -0.384521
21142 1444995707.507696 12.438721 -45.350037 -121.417603 -1.300049 -0.333252 -0.387573
21143 1444995707.517720 12.357422 -45.532532 -121.796356 -1.300964 -0.320435 -0.391235
21144 1444995707.527807 12.357422 -45.486908 -121.525818 -1.299133 -0.335999 -0.391846
21145 1444995707.537877 12.357422 -45.669403 -121.742249 -1.300964 -0.32959 -0.402832
21146 1444995707.547944 12.357422 -45.669403 -121.634033 -1.305542 -0.326843 -0.390015
21147 1444995707.558007 12.438721 -45.486908 -121.579926 -1.298218 -0.330505 -0.394897
21148 1444995707.568068 12.398071 -45.532532 -121.634033 -1.299133 -0.325012 -0.394287
21149 1444995707.578131 12.235474 -45.578156 -121.634033 -1.30188 -0.332336 -0.393677
21150 1444995707.588224 12.357422 -45.532532 -121.47171 -1.299133 -0.325928 -0.390625
21151 1444995707.598274 12.276123 -45.486908 -121.796356 -1.302795 -0.318604 -0.393677
21152 1444995707.608344 12.438721 -45.441284 -121.634033 -1.303711 -0.33783 -0.389404
21153 1444995707.618410 12.398071 -45.532532 -121.742249 -1.299133 -0.332336 -0.392456
21154 1444995707.628466 12.316772 -45.486908 -121.688141 -1.302795 -0.328674 -0.393066
21155 1444995707.638538 12.316772 -45.578156 -121.579926 -1.305542 -0.325928 -0.388794
21156 1444995707.648612 12.398071 -45.532532 -121.579926 -1.303711 -0.328674 -0.387573
21157 1444995707.658693 12.235474 -45.441284 -121.850464 -1.298218 -0.328674 -0.39978
21158 1444995707.668754 12.276123 -45.623779 -121.796356 -1.303711 -0.334167 -0.390625
21159 1444995707.678822 12.560669 -45.486908 -121.742249 -1.302795 -0.333252 -0.377808
21160 1444995707.688887 12.641968 -45.486908 -121.850464 -1.30188 -0.33783 -0.392456
21161 1444995707.698950 12.398071 -45.578156 -122.012787 -1.299133 -0.333252 -0.396729
21162 1444995707.709015 12.357422 -45.669403 -121.850464 -1.304626 -0.330505 -0.397949
21163 1444995707.719098 12.47937 -45.532532 -121.742249 -1.306458 -0.33783 -0.385132
21164 1444995707.729146 12.438721 -45.486908 -121.796356 -1.300964 -0.330505 -0.396118
21165 1444995707.739208 12.398071 -45.623779 -121.796356 -1.30188 -0.330505 -0.401001
21166 1444995707.749269 12.235474 -45.532532 -121.525818 -1.305542 -0.32959 -0.391846
21167 1444995707.759365 12.398071 -45.532532 -121.579926 -1.302795 -0.326843 -0.393066
21168 1444995707.769428 12.316772 -45.441284 -121.742249 -1.30188 -0.330505 -0.38269
21169 1444995707.779494 12.47937 -45.486908 -121.417603 -1.305542 -0.331421 -0.394897
21170 1444995707.789557 12.398071 -45.486908 -121.579926 -1.30188 -0.335999 -0.397339
21171 1444995707.799637 12.357422 -45.623779 -121.525818 -1.307373 -0.326843 -0.392456
21172 1444995707.809681 12.47937 -45.532532 -121.688141 -1.302795 -0.331421 -0.394287
21173 1444995707.819744 12.438721 -45.578156 -121.796356 -1.300049 -0.332336 -0.391846
21174 1444995707.829805 12.357422 -45.441284 -121.417603 -1.303711 -0.331421 -0.392456
21175 1444995707.839870 12.235474 -45.486908 -121.634033 -1.30188 -0.323181 -0.397339
21176 1444995707.849932 12.276123 -45.623779 -121.417603 -1.303711 -0.325012 -0.397949
21177 1444995707.859994 12.194824 -45.623779 -121.796356 -1.300049 -0.324097 -0.404053
21178 1444995707.870056 12.357422 -45.669403 -121.742249 -1.309204 -0.335083 -0.393066
21179 1444995707.880133 12.398071 -45.486908 -121.634033 -1.300964 -0.32959 -0.394897
21180 1444995707.890257 12.438721 -45.578156 -121.688141 -1.300049 -0.339661 -0.386353
21181 1444995707.900321 12.438721 -45.39566 -121.688141 -1.299133 -0.338745 -0.39856
21182 1444995707.910413 12.316772 -45.532532 -121.525818 -1.30188 -0.336914 -0.393677
21183 1444995707.920476 12.316772 -45.578156 -121.742249 -1.298218 -0.331421 -0.388794
21184 1444995707.930570 12.194824 -45.486908 -121.201172 -1.308289 -0.327759 -0.387573
21185 1444995707.940653 12.398071 -45.578156 -121.688141 -1.302795 -0.331421 -0.402222
21186 1444995707.950715 12.398071 -45.578156 -121.796356 -1.308289 -0.330505 -0.397949
21187 1444995707.960776 12.316772 -45.486908 -121.634033 -1.305542 -0.331421 -0.396729
21188 1444995707.970839 12.398071 -45.486908 -121.525818 -1.300964 -0.341492 -0.390015
21189 1444995707.980905 12.276123 -45.486908 -121.363495 -1.303711 -0.336914 -0.392456
21190 1444995707.991029 12.357422 -45.441284 -121.47171 -1.305542 -0.330505 -0.397949
21191 1444995708.001092 12.398071 -45.486908 -121.47171 -1.305542 -0.339661 -0.395508
21192 1444995708.011154 12.316772 -45.623779 -121.958679 -1.304626 -0.333252 -0.396118
21193 1444995708.021181 12.357422 -45.532532 -121.634033 -1.303711 -0.332336 -0.400391
21194 1444995708.031244 12.52002 -45.39566 -121.742249 -1.300964 -0.338745 -0.389404
21195 1444995708.041416 12.398071 -45.39566 -121.742249 -1.297302 -0.342407 -0.396118
21196 1444995708.051478 12.47937 -45.532532 -121.309387 -1.304626 -0.343323 -0.396118
21197 1444995708.061541 12.438721 -45.532532 -121.688141 -1.298218 -0.340576 -0.396118
21198 1444995708.071604 12.235474 -45.486908 -121.742249 -1.300049 -0.332336 -0.400391
21199 1444995708.081664 12.438721 -45.441284 -121.417603 -1.309204 -0.340576 -0.392456
21200 1444995708.091752 12.316772 -45.578156 -121.579926 -1.30188 -0.335083 -0.401611
21201 1444995708.101793 12.276123 -45.578156 -121.363495 -1.305542 -0.335083 -0.402222
21202 1444995708.111854 12.398071 -45.623779 -121.525818 -1.311951 -0.335999 -0.39978
21203 1444995708.121917 12.316772 -45.486908 -121.634033 -1.302795 -0.330505 -0.402222
21204 1444995708.131980 12.316772 -45.715027 -121.688141 -1.305542 -0.333252 -0.391235
21205 1444995708.142021 12.316772 -45.441284 -121.309387 -1.304626 -0.336914 -0.401001
21206 1444995708.152090 12.235474 -45.623779 -121.904572 -1.307373 -0.331421 -0.397949
21207 1444995708.162153 12.398071 -45.39566 -121.579926 -1.300049 -0.342407 -0.390625
21208 1444995708.172215 12.398071 -45.441284 -121.850464 -1.302795 -0.338745 -0.390625
21209 1444995708.182276 12.235474 -45.441284 -121.796356 -1.297302 -0.342407 -0.393066
21210 1444995708.192372 12.47937 -45.715027 -121.850464 -1.299133 -0.343323 -0.391235
21211 1444995708.202468 12.235474 -45.39566 -121.958679 -1.299133 -0.332336 -0.400391
21212 1444995708.212531 12.52002 -45.441284 -121.958679 -1.300049 -0.350647 -0.393066
21213 1444995708.222594 12.316772 -45.623779 -121.958679 -1.300049 -0.343323 -0.39856
21214 1444995708.232655 12.398071 -45.486908 -121.742249 -1.300964 -0.346069 -0.387573
21215 1444995708.242786 12.398071 -45.441284 -121.904572 -1.296387 -0.341492 -0.39917
21216 1444995708.252863 12.357422 -45.578156 -121.688141 -1.304626 -0.343323 -0.394897
21217 1444995708.262925 12.357422 -45.578156 -121.850464 -1.303711 -0.335999 -0.384521
21218 1444995708.272989 12.398071 -45.350037 -121.634033 -1.299133 -0.346069 -0.388184
21219 1444995708.283050 12.235474 -45.623779 -121.47171 -1.307373 -0.339661 -0.397339
21220 1444995708.293155 12.316772 -45.623779 -121.688141 -1.30188 -0.342407 -0.396729
21221 1444995708.303234 12.235474 -45.578156 -121.742249 -1.302795 -0.335083 -0.390625
21222 1444995708.313297 12.398071 -45.441284 -121.47171 -1.304626 -0.335083 -0.385742
21223 1444995708.323361 12.357422 -45.532532 -121.742249 -1.30188 -0.336914 -0.397949
21224 1444995708.333422 12.316772 -45.486908 -121.688141 -1.303711 -0.343323 -0.394897
21225 1444995708.343485 12.398071 -45.623779 -121.634033 -1.303711 -0.342407 -0.390015
21226 1444995708.353549 12.438721 -45.350037 -121.904572 -1.295471 -0.3479 -0.394897
21227 1444995708.363606 12.398071 -45.532532 -121.850464 -1.304626 -0.346985 -0.390625
21228 1444995708.373668 12.47937 -45.532532 -121.634033 -1.299133 -0.345154 -0.400391
21229 1444995708.383720 12.235474 -45.532532 -121.634033 -1.300964 -0.338745 -0.402222
21230 1444995708.393756 12.398071 -45.623779 -121.850464 -1.305542 -0.342407 -0.393677
21231 1444995708.403884 12.438721 -45.304413 -121.579926 -1.300049 -0.336914 -0.396118
21232 1444995708.414001 12.235474 -45.441284 -121.688141 -1.303711 -0.330505 -0.405884
21233 1444995708.424089 12.47937 -45.486908 -121.525818 -1.306458 -0.344238 -0.39856
21234 1444995708.434202 12.276123 -45.532532 -121.579926 -1.30188 -0.334167 -0.394287
21235 1444995708.444265 12.357422 -45.532532 -121.634033 -1.30188 -0.331421 -0.39917
21236 1444995708.454379 12.357422 -45.486908 -121.634033 -1.300049 -0.345154 -0.402832
21237 1444995708.464441 12.276123 -45.486908 -121.579926 -1.306458 -0.333252 -0.407104
21238 1444995708.474508 12.235474 -45.532532 -121.47171 -1.307373 -0.340576 -0.394287
21239 1444995708.484613 12.398071 -45.441284 -121.47171 -1.302795 -0.336914 -0.403442
21240 1444995708.494675 12.357422 -45.623779 -122.012787 -1.307373 -0.33783 -0.39856
21241 1444995708.504737 12.398071 -45.532532 -121.742249 -1.302795 -0.339661 -0.403442
21242 1444995708.514798 12.398071 -45.532532 -121.850464 -1.302795 -0.339661 -0.397339
21243 1444995708.524861 12.47937 -45.486908 -121.850464 -1.303711 -0.346985 -0.397339
21244 1444995708.534891 12.316772 -45.532532 -121.688141 -1.30188 -0.3479 -0.39978
21245 1444995708.544966 12.316772 -45.532532 -121.634033 -1.304626 -0.336914 -0.393066
21246 1444995708.555033 12.235474 -45.486908 -121.688141 -1.298218 -0.341492 -0.402832
21247 1444995708.565101 12.194824 -45.532532 -121.417603 -1.300964 -0.33783 -0.405273
21248 1444995708.575163 12.316772 -45.623779 -121.850464 -1.306458 -0.322266 -0.394287
21249 1444995708.585243 12.316772 -45.39566 -121.958679 -1.300049 -0.348816 -0.393677
21250 1444995708.595336 12.316772 -45.578156 -121.850464 -1.306458 -0.335999 -0.393677
21251 1444995708.605392 12.316772 -45.39566 -121.742249 -1.296387 -0.346985 -0.394287
21252 1444995708.615455 12.276123 -45.39566 -121.579926 -1.299133 -0.335999 -0.397339
21253 1444995708.625517 12.276123 -45.532532 -121.904572 -1.30188 -0.335083 -0.396729
21254 1444995708.635588 12.438721 -45.486908 -121.688141 -1.303711 -0.335999 -0.405273
21255 1444995708.645651 12.438721 -45.441284 -121.850464 -1.300964 -0.346069 -0.394897
21256 1444995708.655745 12.357422 -45.532532 -121.417603 -1.305542 -0.345154 -0.39856
21257 1444995708.665821 12.316772 -45.350037 -121.742249 -1.302795 -0.340576 -0.388794
21258 1444995708.675884 12.47937 -45.486908 -121.742249 -1.30188 -0.345154 -0.388184
21259 1444995708.685951 12.194824 -45.623779 -121.742249 -1.306458 -0.334167 -0.394897
21260 1444995708.696014 12.438721 -45.441284 -121.634033 -1.302795 -0.349731 -0.394287
21261 1444995708.706100 12.316772 -45.486908 -121.688141 -1.300964 -0.344238 -0.396729
21262 1444995708.716168 12.316772 -45.532532 -121.742249 -1.300964 -0.342407 -0.402832
21263 1444995708.726324 12.235474 -45.441284 -121.742249 -1.30188 -0.345154 -0.39856
21264 1444995708.736394 12.438721 -45.39566 -121.796356 -1.30188 -0.341492 -0.391235
21265 1444995708.746464 12.316772 -45.441284 -121.796356 -1.300049 -0.345154 -0.401001
21266 1444995708.756519 12.316772 -45.623779 -121.579926 -1.31012 -0.339661 -0.396729
21267 1444995708.766611 12.438721 -45.39566 -121.634033 -1.303711 -0.342407 -0.396118
21268 1444995708.776718 12.438721 -45.486908 -121.742249 -1.304626 -0.342407 -0.392456
21269 1444995708.786873 12.235474 -45.486908 -121.47171 -1.304626 -0.336914 -0.408325
21270 1444995708.796975 12.438721 -45.486908 -121.634033 -1.304626 -0.349731 -0.401611
21271 1444995708.807037 12.438721 -45.486908 -121.47171 -1.304626 -0.339661 -0.393677
21272 1444995708.817100 12.276123 -45.441284 -121.634033 -1.30188 -0.335999 -0.39856
21273 1444995708.827161 12.357422 -45.532532 -121.958679 -1.300964 -0.341492 -0.396118
21274 1444995708.837224 12.398071 -45.39566 -121.688141 -1.30188 -0.344238 -0.390015
21275 1444995708.847285 12.235474 -45.441284 -121.850464 -1.300964 -0.334167 -0.400391
21276 1444995708.857340 12.47937 -45.350037 -121.850464 -1.30188 -0.346069 -0.39856
21277 1444995708.867417 12.316772 -45.578156 -121.634033 -1.304626 -0.342407 -0.402222
21278 1444995708.877479 12.154175 -45.623779 -121.742249 -1.302795 -0.331421 -0.402222
21279 1444995708.887542 12.357422 -45.532532 -121.688141 -1.300964 -0.341492 -0.393677
21280 1444995708.897708 12.398071 -45.350037 -121.525818 -1.304626 -0.341492 -0.392456
21281 1444995708.907770 12.072876 -45.715027 -121.417603 -1.313782 -0.325928 -0.409546
21282 1444995708.917834 12.357422 -45.532532 -121.634033 -1.309204 -0.33783 -0.390015
21283 1444995708.927898 12.357422 -45.441284 -121.634033 -1.300049 -0.343323 -0.391846
21284 1444995708.937973 12.235474 -45.532532 -121.742249 -1.30188 -0.336914 -0.397949
21285 1444995708.948033 12.154175 -45.623779 -121.688141 -1.30188 -0.335999 -0.400391
21286 1444995708.958095 12.47937 -45.486908 -121.634033 -1.306458 -0.343323 -0.392456
21287 1444995708.968157 12.398071 -45.441284 -121.634033 -1.30188 -0.349731 -0.386353
21288 1444995708.978219 12.438721 -45.39566 -121.634033 -1.300964 -0.341492 -0.392456
21289 1444995708.988278 12.316772 -45.441284 -121.634033 -1.300049 -0.339661 -0.408325
21290 1444995708.998409 12.316772 -45.578156 -121.742249 -1.304626 -0.346069 -0.402222
21291 1444995709.008442 12.276123 -45.441284 -121.525818 -1.304626 -0.343323 -0.39917
21292 1444995709.018504 12.316772 -45.486908 -121.688141 -1.303711 -0.340576 -0.389404
21293 1444995709.028567 12.316772 -45.39566 -121.47171 -1.303711 -0.339661 -0.392456
21294 1444995709.038627 12.47937 -45.441284 -121.634033 -1.308289 -0.33783 -0.390625
21295 1444995709.048699 12.357422 -45.350037 -121.47171 -1.303711 -0.346069 -0.396729
21296 1444995709.058761 12.276123 -45.441284 -121.47171 -1.30188 -0.334167 -0.397949
21297 1444995709.068824 12.357422 -45.486908 -121.850464 -1.30188 -0.345154 -0.395508
21298 1444995709.078889 12.398071 -45.532532 -121.47171 -1.300964 -0.3479 -0.400391
21299 1444995709.088957 12.316772 -45.486908 -121.796356 -1.302795 -0.339661 -0.405884
21300 1444995709.099149 12.398071 -45.486908 -121.688141 -1.300049 -0.345154 -0.402222
21301 1444995709.109212 12.316772 -45.532532 -121.688141 -1.303711 -0.333252 -0.405884
21302 1444995709.119294 12.47937 -45.39566 -121.796356 -1.30188 -0.346985 -0.39978
21303 1444995709.129384 12.438721 -45.486908 -121.47171 -1.304626 -0.342407 -0.392456
21304 1444995709.139446 12.154175 -45.486908 -121.417603 -1.305542 -0.335999 -0.409546
21305 1444995709.149509 12.357422 -45.760651 -121.579926 -1.311951 -0.335999 -0.390625
21306 1444995709.159601 12.235474 -45.486908 -121.579926 -1.302795 -0.334167 -0.39856
21307 1444995709.169623 12.316772 -45.441284 -121.309387 -1.305542 -0.334167 -0.386963
21308 1444995709.179795 12.47937 -45.350037 -121.688141 -1.302795 -0.346069 -0.400391
21309 1444995709.189864 12.235474 -45.532532 -121.688141 -1.305542 -0.336914 -0.408325
21310 1444995709.199925 12.194824 -45.715027 -122.012787 -1.305542 -0.336914 -0.390625
21311 1444995709.209984 12.316772 -45.623779 -121.850464 -1.300049 -0.342407 -0.405884
21312 1444995709.220049 12.316772 -45.441284 -121.579926 -1.303711 -0.338745 -0.389404
21313 1444995709.230167 12.316772 -45.486908 -121.525818 -1.305542 -0.335083 -0.393677
21314 1444995709.240364 12.316772 -45.578156 -121.47171 -1.305542 -0.344238 -0.391235
21315 1444995709.250433 12.316772 -45.441284 -121.742249 -1.302795 -0.341492 -0.393677
21316 1444995709.260501 12.316772 -45.39566 -121.796356 -1.302795 -0.341492 -0.396729
21317 1444995709.270565 12.398071 -45.532532 -121.742249 -1.306458 -0.3479 -0.396729
21318 1444995709.280629 12.316772 -45.623779 -121.850464 -1.302795 -0.344238 -0.400391
21319 1444995709.290697 12.276123 -45.441284 -121.634033 -1.300049 -0.344238 -0.397949
21320 1444995709.300760 12.398071 -45.350037 -121.742249 -1.300964 -0.341492 -0.403442
21321 1444995709.310824 12.316772 -45.578156 -121.579926 -1.304626 -0.342407 -0.409546
21322 1444995709.320885 12.276123 -45.532532 -121.47171 -1.305542 -0.328674 -0.400391
21323 1444995709.330947 12.357422 -45.669403 -121.796356 -1.302795 -0.351562 -0.400391
21324 1444995709.341040 12.316772 -45.39566 -121.634033 -1.300049 -0.335083 -0.39856
21325 1444995709.351095 12.398071 -45.486908 -121.850464 -1.300049 -0.350647 -0.391846
21326 1444995709.361157 12.154175 -45.532532 -121.47171 -1.304626 -0.340576 -0.396118
21327 1444995709.371194 12.235474 -45.532532 -121.579926 -1.302795 -0.341492 -0.404663
21328 1444995709.381261 12.316772 -45.578156 -121.525818 -1.307373 -0.333252 -0.396729
21329 1444995709.391303 12.235474 -45.258789 -121.742249 -1.297302 -0.341492 -0.400391
21330 1444995709.401392 12.357422 -45.486908 -121.579926 -1.311035 -0.335999 -0.394287
21331 1444995709.411454 12.52002 -45.350037 -121.850464 -1.304626 -0.346069 -0.395508
21332 1444995709.421518 12.316772 -45.532532 -121.742249 -1.303711 -0.346985 -0.402832
21333 1444995709.431582 12.316772 -45.532532 -121.850464 -1.308289 -0.335083 -0.397339
21334 1444995709.441644 12.398071 -45.39566 -121.634033 -1.297302 -0.350647 -0.394287
21335 1444995709.451704 12.438721 -45.441284 -121.417603 -1.306458 -0.343323 -0.385742
21336 1444995709.461765 12.47937 -45.350037 -121.742249 -1.300049 -0.346069 -0.397339
21337 1444995709.471827 12.235474 -45.350037 -121.525818 -1.300049 -0.339661 -0.394287
21338 1444995709.481889 12.316772 -45.578156 -121.688141 -1.302795 -0.334167 -0.401611
21339 1444995709.491991 12.316772 -45.623779 -121.742249 -1.31012 -0.344238 -0.394897
21340 1444995709.502032 12.357422 -45.350037 -121.850464 -1.297302 -0.346985 -0.401611
21341 1444995709.512096 12.398071 -45.486908 -121.634033 -1.303711 -0.335083 -0.396729
21342 1444995709.522159 12.47937 -45.39566 -121.850464 -1.306458 -0.346069 -0.388794
21343 1444995709.532222 12.357422 -45.39566 -121.634033 -1.304626 -0.345154 -0.394287
21344 1444995709.542283 12.398071 -45.441284 -122.066895 -1.300049 -0.338745 -0.396118
21345 1444995709.552371 12.316772 -45.39566 -121.688141 -1.303711 -0.348816 -0.39978
21346 1444995709.562407 12.235474 -45.578156 -121.796356 -1.305542 -0.338745 -0.390015
21347 1444995709.572472 12.601318 -45.258789 -121.742249 -1.296387 -0.352478 -0.391235
21348 1444995709.582534 12.235474 -45.39566 -121.688141 -1.299133 -0.344238 -0.39917
21349 1444995709.592596 12.154175 -45.623779 -121.47171 -1.309204 -0.32959 -0.390015
21350 1444995709.602689 12.398071 -45.441284 -121.742249 -1.300964 -0.346985 -0.396729
21351 1444995709.612751 12.276123 -45.532532 -121.634033 -1.303711 -0.341492 -0.388184
21352 1444995709.622811 12.398071 -45.623779 -121.796356 -1.305542 -0.341492 -0.394897
21353 1444995709.632873 12.154175 -45.486908 -121.579926 -1.300964 -0.345154 -0.394897
21354 1444995709.642948 12.276123 -45.39566 -121.417603 -1.30188 -0.336914 -0.407715
21355 1444995709.653026 12.316772 -45.532532 -121.579926 -1.307373 -0.338745 -0.400391
21356 1444995709.663064 12.276123 -45.486908 -121.47171 -1.306458 -0.33783 -0.405273
21357 1444995709.673114 12.276123 -45.578156 -121.850464 -1.305542 -0.340576 -0.39978
21358 1444995709.683178 12.194824 -45.623779 -121.579926 -1.304626 -0.340576 -0.401001
21359 1444995709.693281 12.438721 -45.486908 -121.742249 -1.306458 -0.342407 -0.397949
21360 1444995709.703348 12.316772 -45.532532 -121.634033 -1.300049 -0.343323 -0.405273
21361 1444995709.713412 12.47937 -45.532532 -121.796356 -1.302795 -0.342407 -0.396118
21362 1444995709.723473 12.316772 -45.39566 -121.634033 -1.298218 -0.3479 -0.402832
21363 1444995709.733539 12.316772 -45.669403 -121.634033 -1.307373 -0.343323 -0.385742
21364 1444995709.743611 12.398071 -45.441284 -121.525818 -1.305542 -0.349731 -0.38208
21365 1444995709.753691 12.357422 -45.350037 -121.688141 -1.30188 -0.342407 -0.401611
21366 1444995709.763756 12.438721 -45.578156 -121.579926 -1.307373 -0.349731 -0.39978
21367 1444995709.773779 12.235474 -45.532532 -121.850464 -1.307373 -0.343323 -0.394287
21368 1444995709.783840 12.316772 -45.39566 -121.688141 -1.300049 -0.349731 -0.39917
21369 1444995709.793906 12.276123 -45.486908 -121.525818 -1.308289 -0.336914 -0.39856
21370 1444995709.803967 12.316772 -45.486908 -121.47171 -1.309204 -0.335999 -0.402832
21371 1444995709.814029 12.276123 -45.39566 -121.579926 -1.306458 -0.342407 -0.400391
21372 1444995709.824105 12.52002 -45.39566 -121.417603 -1.304626 -0.348816 -0.39856
21373 1444995709.834174 12.316772 -45.532532 -121.634033 -1.303711 -0.343323 -0.396118
21374 1444995709.844285 12.398071 -45.39566 -121.850464 -1.302795 -0.353394 -0.394287
21375 1444995709.854352 12.357422 -45.350037 -121.634033 -1.300049 -0.348816 -0.403442
21376 1444995709.864416 12.316772 -45.623779 -121.904572 -1.305542 -0.342407 -0.402832
21377 1444995709.874566 12.438721 -45.486908 -121.417603 -1.304626 -0.344238 -0.406494
21378 1444995709.884654 12.316772 -45.486908 -121.634033 -1.305542 -0.338745 -0.407104
21379 1444995709.894708 12.194824 -45.623779 -121.742249 -1.307373 -0.340576 -0.407715
21380 1444995709.904771 12.194824 -45.669403 -121.742249 -1.308289 -0.340576 -0.393677
21381 1444995709.914831 12.357422 -45.441284 -121.688141 -1.304626 -0.338745 -0.397949
21382 1444995709.924893 12.276123 -45.441284 -121.579926 -1.306458 -0.348816 -0.397949
21383 1444995709.934955 12.52002 -45.304413 -121.688141 -1.302795 -0.352478 -0.405273
21384 1444995709.945017 12.316772 -45.486908 -121.579926 -1.307373 -0.335999 -0.401611
21385 1444995709.955105 12.235474 -45.486908 -121.742249 -1.298218 -0.342407 -0.39978
21386 1444995709.965140 12.235474 -45.350037 -121.579926 -1.303711 -0.348816 -0.390625
21387 1444995709.975202 12.316772 -45.532532 -121.742249 -1.303711 -0.342407 -0.401611
21388 1444995709.985282 12.235474 -45.578156 -121.634033 -1.302795 -0.345154 -0.407715
21389 1444995709.995378 12.316772 -45.578156 -121.742249 -1.306458 -0.344238 -0.39917
21390 1444995710.005453 12.316772 -45.486908 -121.688141 -1.302795 -0.346985 -0.401611
21391 1444995710.015516 12.398071 -45.441284 -121.904572 -1.304626 -0.344238 -0.407715
21392 1444995710.025579 12.398071 -45.441284 -121.688141 -1.31012 -0.341492 -0.393066
21393 1444995710.035664 12.357422 -45.304413 -121.850464 -1.298218 -0.351562 -0.410156
21394 1444995710.045727 12.194824 -45.578156 -121.417603 -1.309204 -0.33783 -0.404663
21395 1444995710.055789 12.47937 -45.121918 -121.47171 -1.296387 -0.357971 -0.397339
21396 1444995710.065850 12.194824 -45.39566 -121.47171 -1.300964 -0.348816 -0.405884
21397 1444995710.075914 12.398071 -45.532532 -121.579926 -1.31012 -0.339661 -0.393677
21398 1444995710.085982 12.316772 -45.532532 -121.742249 -1.300049 -0.33783 -0.403442
21399 1444995710.096036 12.235474 -45.532532 -121.688141 -1.307373 -0.33783 -0.390015
21400 1444995710.106084 12.438721 -45.304413 -121.742249 -1.300049 -0.353394 -0.394897
21401 1444995710.116143 12.154175 -45.486908 -121.688141 -1.297302 -0.349731 -0.401001
21402 1444995710.126211 12.601318 -45.578156 -121.688141 -1.307373 -0.349731 -0.391846
21403 1444995710.136275 12.235474 -45.39566 -121.688141 -1.299133 -0.351562 -0.39917
21404 1444995710.146337 12.560669 -45.578156 -121.958679 -1.309204 -0.351562 -0.394287
21405 1444995710.156405 12.398071 -45.350037 -121.742249 -1.299133 -0.354309 -0.393677
21406 1444995710.166466 12.276123 -45.623779 -121.796356 -1.306458 -0.339661 -0.402832
21407 1444995710.176529 12.398071 -45.39566 -121.688141 -1.304626 -0.346069 -0.403442
21408 1444995710.186589 12.52002 -45.486908 -121.742249 -1.306458 -0.355225 -0.407715
21409 1444995710.196652 12.398071 -45.350037 -121.525818 -1.30188 -0.342407 -0.400391
21410 1444995710.206714 12.276123 -45.532532 -121.742249 -1.302795 -0.352478 -0.39856
21411 1444995710.216776 12.316772 -45.532532 -121.688141 -1.300964 -0.338745 -0.403442
21412 1444995710.226837 12.235474 -45.39566 -121.634033 -1.300049 -0.342407 -0.395508
21413 1444995710.236916 12.316772 -45.486908 -121.579926 -1.305542 -0.3479 -0.391235
21414 1444995710.246978 12.438721 -45.486908 -121.796356 -1.30188 -0.349731 -0.396729
21415 1444995710.256992 12.398071 -45.486908 -121.634033 -1.304626 -0.348816 -0.395508
21416 1444995710.267052 12.276123 -45.532532 -121.634033 -1.302795 -0.346985 -0.39856
21417 1444995710.277088 12.398071 -45.486908 -121.579926 -1.306458 -0.350647 -0.394287
21418 1444995710.287159 12.560669 -45.39566 -121.904572 -1.299133 -0.353394 -0.391235
21419 1444995710.297218 12.316772 -45.486908 -121.796356 -1.308289 -0.3479 -0.405273
21420 1444995710.307280 12.276123 -45.441284 -121.688141 -1.304626 -0.353394 -0.391846
21421 1444995710.317372 12.316772 -45.304413 -121.47171 -1.299133 -0.341492 -0.405273
21422 1444995710.327433 12.316772 -45.532532 -121.417603 -1.313782 -0.346069 -0.391235
21423 1444995710.337504 12.438721 -45.39566 -121.796356 -1.308289 -0.353394 -0.393066
21424 1444995710.347567 12.276123 -45.304413 -121.363495 -1.299133 -0.345154 -0.397949
21425 1444995710.357628 12.276123 -45.623779 -121.796356 -1.302795 -0.346069 -0.405884
21426 1444995710.367692 12.194824 -45.532532 -121.579926 -1.303711 -0.344238 -0.407715
21427 1444995710.377755 12.194824 -45.578156 -121.525818 -1.307373 -0.33783 -0.394287
21428 1444995710.387845 12.398071 -45.39566 -121.904572 -1.298218 -0.344238 -0.395508
21429 1444995710.397908 12.398071 -45.578156 -121.742249 -1.302795 -0.340576 -0.397339
21430 1444995710.407983 12.398071 -45.486908 -121.796356 -1.306458 -0.350647 -0.397949
21431 1444995710.418006 12.357422 -45.39566 -121.904572 -1.299133 -0.350647 -0.396118
21432 1444995710.428074 12.438721 -45.441284 -121.742249 -1.296387 -0.3479 -0.394897
21433 1444995710.438137 12.316772 -45.441284 -121.796356 -1.302795 -0.350647 -0.405273
21434 1444995710.448199 12.357422 -45.441284 -121.417603 -1.304626 -0.348816 -0.396729
21435 1444995710.458263 12.398071 -45.441284 -121.796356 -1.306458 -0.333252 -0.397949
21436 1444995710.468325 12.398071 -45.39566 -121.688141 -1.300049 -0.346069 -0.396729
21437 1444995710.478437 12.316772 -45.39566 -121.525818 -1.302795 -0.346985 -0.402832
21438 1444995710.488540 12.398071 -45.532532 -121.47171 -1.305542 -0.342407 -0.397949
21439 1444995710.498649 12.154175 -45.441284 -121.525818 -1.30188 -0.336914 -0.39978
21440 1444995710.508725 12.47937 -45.441284 -121.47171 -1.306458 -0.35614 -0.391846
21441 1444995710.518806 12.601318 -45.304413 -121.47171 -1.304626 -0.351562 -0.394897
21442 1444995710.528868 12.194824 -45.486908 -121.47171 -1.305542 -0.339661 -0.400391
21443 1444995710.538930 12.154175 -45.441284 -121.525818 -1.311951 -0.335083 -0.396729
21444 1444995710.548994 12.316772 -45.39566 -121.47171 -1.304626 -0.339661 -0.394287
21445 1444995710.559056 12.47937 -45.350037 -121.417603 -1.30188 -0.348816 -0.396118
21446 1444995710.569137 12.357422 -45.39566 -121.579926 -1.305542 -0.350647 -0.404053
21447 1444995710.579201 12.398071 -45.486908 -121.634033 -1.307373 -0.343323 -0.397949
21448 1444995710.589263 12.235474 -45.578156 -121.579926 -1.304626 -0.344238 -0.39978
21449 1444995710.599338 12.276123 -45.441284 -121.417603 -1.306458 -0.342407 -0.395508
21450 1444995710.609403 12.235474 -45.532532 -121.47171 -1.305542 -0.340576 -0.39917
21451 1444995710.619522 12.47937 -45.39566 -121.579926 -1.30188 -0.3479 -0.39856
21452 1444995710.629605 12.47937 -45.39566 -121.579926 -1.300964 -0.349731 -0.402222
21453 1444995710.639668 12.194824 -45.441284 -121.47171 -1.298218 -0.343323 -0.405884
21454 1444995710.649735 12.194824 -45.578156 -121.417603 -1.306458 -0.343323 -0.400391
21455 1444995710.659932 12.398071 -45.486908 -121.525818 -1.306458 -0.341492 -0.405884
21456 1444995710.669994 12.276123 -45.486908 -121.47171 -1.307373 -0.3479 -0.401611
21457 1444995710.680056 12.398071 -45.532532 -121.579926 -1.305542 -0.346069 -0.396118
21458 1444995710.690140 12.357422 -45.304413 -121.363495 -1.300049 -0.342407 -0.39856
21459 1444995710.700207 12.316772 -45.578156 -121.634033 -1.311035 -0.343323 -0.39856
21460 1444995710.710268 12.276123 -45.532532 -121.579926 -1.31012 -0.344238 -0.401001
21461 1444995710.720328 12.235474 -45.486908 -121.634033 -1.298218 -0.346069 -0.39978
21462 1444995710.730390 12.072876 -45.304413 -121.47171 -1.296387 -0.33783 -0.403442
21463 1444995710.740453 12.235474 -45.669403 -121.796356 -1.31012 -0.343323 -0.393066
21464 1444995710.750515 12.438721 -45.39566 -121.309387 -1.303711 -0.346985 -0.390625
21465 1444995710.760575 12.52002 -45.532532 -121.742249 -1.306458 -0.350647 -0.391846
21466 1444995710.770646 12.194824 -45.350037 -121.417603 -1.298218 -0.342407 -0.406494
21467 1444995710.780707 12.194824 -45.532532 -121.634033 -1.306458 -0.341492 -0.407104
21468 1444995710.790739 12.357422 -45.39566 -121.634033 -1.299133 -0.354309 -0.394897
21469 1444995710.800825 12.438721 -45.486908 -121.579926 -1.299133 -0.352478 -0.391235
21470 1444995710.810886 12.438721 -45.39566 -121.742249 -1.302795 -0.350647 -0.39917
21471 1444995710.820948 12.398071 -45.441284 -121.363495 -1.308289 -0.342407 -0.396118
21472 1444995710.831011 12.398071 -45.441284 -121.796356 -1.303711 -0.351562 -0.400391
21473 1444995710.841195 12.276123 -45.441284 -121.634033 -1.303711 -0.344238 -0.39856
21474 1444995710.851258 12.438721 -45.486908 -121.688141 -1.30188 -0.343323 -0.397949
21475 1444995710.861320 12.398071 -45.486908 -121.309387 -1.308289 -0.349731 -0.397949
21476 1444995710.871380 12.398071 -45.532532 -121.796356 -1.303711 -0.342407 -0.396118
21477 1444995710.881443 12.316772 -45.258789 -121.417603 -1.299133 -0.351562 -0.401611
21478 1444995710.891523 12.316772 -45.623779 -121.634033 -1.311035 -0.349731 -0.393677
21479 1444995710.901572 12.276123 -45.39566 -121.47171 -1.303711 -0.348816 -0.397339
21480 1444995710.911635 12.357422 -45.39566 -121.525818 -1.307373 -0.341492 -0.393677
21481 1444995710.921697 12.276123 -45.441284 -121.634033 -1.303711 -0.3479 -0.402832
21482 1444995710.931759 12.357422 -45.486908 -121.579926 -1.30188 -0.350647 -0.404053
21483 1444995710.941873 12.47937 -45.350037 -121.363495 -1.307373 -0.351562 -0.389404
21484 1444995710.951934 12.316772 -45.486908 -121.525818 -1.306458 -0.346069 -0.393066
21485 1444995710.961998 12.276123 -45.441284 -121.363495 -1.297302 -0.348816 -0.39917
21486 1444995710.972062 12.154175 -45.532532 -121.417603 -1.306458 -0.343323 -0.401001
21487 1444995710.982145 12.357422 -45.486908 -121.688141 -1.300964 -0.346069 -0.395508
21488 1444995710.992228 12.113525 -45.486908 -121.47171 -1.295471 -0.340576 -0.39856
21489 1444995711.002524 12.235474 -45.486908 -121.796356 -1.304626 -0.3479 -0.388184
21490 1444995711.012578 12.560669 -45.258789 -121.417603 -1.295471 -0.357056 -0.39917
21491 1444995711.022666 12.276123 -45.532532 -121.634033 -1.304626 -0.344238 -0.404663
21492 1444995711.032730 12.276123 -45.441284 -121.688141 -1.300964 -0.346985 -0.394897
21493 1444995711.042795 12.357422 -45.532532 -121.363495 -1.304626 -0.341492 -0.394897
21494 1444995711.052933 12.276123 -45.441284 -121.309387 -1.308289 -0.350647 -0.393677
21495 1444995711.062964 12.398071 -45.441284 -121.47171 -1.303711 -0.350647 -0.393066
21496 1444995711.073048 12.316772 -45.304413 -121.742249 -1.297302 -0.346069 -0.394897
21497 1444995711.083087 12.52002 -45.213165 -121.634033 -1.299133 -0.362549 -0.388184
21498 1444995711.093211 12.276123 -45.39566 -121.417603 -1.297302 -0.344238 -0.401001
21499 1444995711.103307 12.316772 -45.486908 -121.47171 -1.30188 -0.348816 -0.401611
21500 1444995711.113376 12.316772 -45.486908 -121.47171 -1.306458 -0.354309 -0.393066
21501 1444995711.123437 12.47937 -45.350037 -121.850464 -1.297302 -0.349731 -0.394897
21502 1444995711.133500 12.194824 -45.532532 -121.579926 -1.303711 -0.345154 -0.401611
21503 1444995711.143585 12.276123 -45.623779 -121.742249 -1.306458 -0.346985 -0.396729
21504 1444995711.153621 12.154175 -45.532532 -121.688141 -1.305542 -0.338745 -0.402832
21505 1444995711.163685 12.316772 -45.486908 -121.579926 -1.306458 -0.353394 -0.388794
21506 1444995711.173731 12.357422 -45.441284 -121.634033 -1.304626 -0.342407 -0.396729
21507 1444995711.183797 12.316772 -45.39566 -121.850464 -1.304626 -0.353394 -0.403442
21508 1444995711.193842 12.316772 -45.623779 -121.525818 -1.306458 -0.351562 -0.396729
21509 1444995711.203949 12.316772 -45.39566 -121.958679 -1.295471 -0.350647 -0.397339
21510 1444995711.214010 12.357422 -45.350037 -121.742249 -1.29364 -0.358887 -0.400391
21511 1444995711.224072 12.763916 -45.39566 -121.688141 -1.306458 -0.361633 -0.384521
21512 1444995711.234140 12.47937 -45.167542 -121.796356 -1.291809 -0.355225 -0.411377
21513 1444995711.244223 12.357422 -45.578156 -121.958679 -1.300964 -0.346069 -0.408325
21514 1444995711.254264 12.357422 -45.532532 -121.796356 -1.299133 -0.348816 -0.396729
21515 1444995711.264327 12.398071 -45.304413 -121.796356 -1.295471 -0.352478 -0.407104
21516 1444995711.274389 12.235474 -45.39566 -121.309387 -1.302795 -0.340576 -0.408325
21517 1444995711.284452 12.276123 -45.760651 -121.634033 -1.315613 -0.336914 -0.388794
21518 1444995711.294513 12.276123 -45.350037 -121.47171 -1.305542 -0.349731 -0.387573
21519 1444995711.304588 12.316772 -45.486908 -121.634033 -1.304626 -0.345154 -0.394287
21520 1444995711.314681 12.194824 -45.441284 -121.634033 -1.300964 -0.345154 -0.404663
21521 1444995711.324744 12.194824 -45.578156 -121.417603 -1.305542 -0.3479 -0.391846
21522 1444995711.334826 12.235474 -45.441284 -121.579926 -1.304626 -0.345154 -0.397339
21523 1444995711.344919 12.357422 -45.486908 -121.417603 -1.304626 -0.354309 -0.401001
21524 1444995711.354989 12.235474 -45.486908 -121.579926 -1.304626 -0.349731 -0.395508
21525 1444995711.365051 12.235474 -45.532532 -121.579926 -1.305542 -0.351562 -0.391235
21526 1444995711.375114 12.276123 -45.486908 -121.634033 -1.30188 -0.342407 -0.397339
21527 1444995711.385177 12.398071 -45.486908 -121.579926 -1.304626 -0.357056 -0.393066
21528 1444995711.395245 12.47937 -45.39566 -121.688141 -1.303711 -0.354309 -0.396729
21529 1444995711.405314 12.47937 -45.350037 -121.309387 -1.303711 -0.344238 -0.394897
21530 1444995711.415377 12.398071 -45.715027 -121.796356 -1.309204 -0.357056 -0.396118
21531 1444995711.425440 12.235474 -45.486908 -121.634033 -1.303711 -0.344238 -0.39856
21532 1444995711.435592 12.316772 -45.304413 -121.309387 -1.300049 -0.349731 -0.404663
21533 1444995711.445653 12.276123 -45.578156 -121.579926 -1.309204 -0.343323 -0.402222
21534 1444995711.455741 12.276123 -45.39566 -121.47171 -1.30188 -0.349731 -0.401001
21535 1444995711.465803 12.357422 -45.532532 -121.634033 -1.303711 -0.349731 -0.39856
21536 1444995711.475866 12.154175 -45.623779 -121.579926 -1.307373 -0.336914 -0.407104
21537 1444995711.485936 12.398071 -45.39566 -121.579926 -1.305542 -0.357971 -0.392456
21538 1444995711.496002 12.276123 -45.532532 -121.417603 -1.302795 -0.339661 -0.39917
21539 1444995711.506070 12.316772 -45.578156 -121.688141 -1.306458 -0.350647 -0.395508
21540 1444995711.516098 12.276123 -45.532532 -121.742249 -1.303711 -0.348816 -0.393066
21541 1444995711.526160 12.276123 -45.578156 -121.958679 -1.299133 -0.345154 -0.401611
21542 1444995711.536181 12.438721 -45.441284 -121.25528 -1.309204 -0.346985 -0.394897
21543 1444995711.546244 12.398071 -45.486908 -121.850464 -1.303711 -0.352478 -0.39978
21544 1444995711.556307 12.235474 -45.532532 -121.363495 -1.312866 -0.343323 -0.392456
21545 1444995711.566340 12.52002 -45.532532 -121.850464 -1.306458 -0.360718 -0.393066
21546 1444995711.576472 12.438721 -45.39566 -121.579926 -1.304626 -0.357056 -0.397949
21547 1444995711.586540 12.316772 -45.486908 -121.579926 -1.305542 -0.348816 -0.396729
21548 1444995711.596654 12.398071 -45.532532 -121.742249 -1.300049 -0.345154 -0.401611
21549 1444995711.606717 12.316772 -45.578156 -121.634033 -1.306458 -0.353394 -0.402832
21550 1444995711.616772 12.438721 -45.441284 -121.525818 -1.304626 -0.346069 -0.394897
21551 1444995711.626834 12.235474 -45.441284 -121.47171 -1.300964 -0.343323 -0.407104
21552 1444995711.636892 12.235474 -45.623779 -121.579926 -1.309204 -0.335999 -0.405273
21553 1444995711.646949 12.357422 -45.578156 -121.47171 -1.309204 -0.354309 -0.389404
21554 1444995711.657015 12.276123 -45.669403 -121.742249 -1.306458 -0.354309 -0.397949
21555 1444995711.667076 12.276123 -45.441284 -121.688141 -1.299133 -0.346985 -0.396729
21556 1444995711.677232 12.316772 -45.578156 -121.47171 -1.304626 -0.344238 -0.396729
21557 1444995711.687531 12.235474 -45.39566 -121.688141 -1.303711 -0.344238 -0.411377
21558 1444995711.697592 12.438721 -45.578156 -121.417603 -1.31012 -0.348816 -0.385132
21559 1444995711.707656 12.601318 -45.258789 -121.525818 -1.300049 -0.357971 -0.397339
21560 1444995711.717722 12.235474 -45.486908 -121.850464 -1.30188 -0.353394 -0.404663
21561 1444995711.727786 12.398071 -45.578156 -121.850464 -1.307373 -0.351562 -0.396118
21562 1444995711.737850 12.357422 -45.304413 -121.796356 -1.295471 -0.357056 -0.397339
21563 1444995711.747904 12.113525 -45.532532 -121.742249 -1.300964 -0.327759 -0.397339
21564 1444995711.757967 12.438721 -45.532532 -121.850464 -1.30188 -0.35614 -0.380859
21565 1444995711.768029 12.438721 -45.304413 -121.688141 -1.296387 -0.355225 -0.404053
21566 1444995711.778097 12.316772 -45.623779 -121.904572 -1.306458 -0.349731 -0.401611
21567 1444995711.788169 12.276123 -45.441284 -121.688141 -1.30188 -0.345154 -0.401001
21568 1444995711.798235 12.398071 -45.532532 -121.742249 -1.306458 -0.351562 -0.39856
21569 1444995711.808298 12.560669 -45.39566 -121.742249 -1.303711 -0.36438 -0.402222
21570 1444995711.818360 12.235474 -45.486908 -121.579926 -1.306458 -0.346069 -0.411377
21571 1444995711.828425 12.154175 -45.441284 -121.742249 -1.307373 -0.342407 -0.408936
21572 1444995711.838505 12.357422 -45.578156 -121.363495 -1.304626 -0.342407 -0.39856
21573 1444995711.848567 12.316772 -45.39566 -121.796356 -1.306458 -0.348816 -0.407104
21574 1444995711.858629 12.357422 -45.350037 -121.579926 -1.300964 -0.358887 -0.39917
21575 1444995711.868672 12.113525 -45.532532 -121.579926 -1.305542 -0.334167 -0.408325
21576 1444995711.878733 12.398071 -45.532532 -121.309387 -1.308289 -0.3479 -0.394287
21577 1444995711.888865 12.357422 -45.39566 -121.47171 -1.303711 -0.349731 -0.388794
21578 1444995711.898936 12.235474 -45.486908 -121.525818 -1.299133 -0.345154 -0.406494
21579 1444995711.908999 12.113525 -45.486908 -121.47171 -1.31012 -0.346069 -0.39856
21580 1444995711.919060 12.398071 -45.441284 -121.579926 -1.305542 -0.3479 -0.387573
21581 1444995711.929122 12.276123 -45.258789 -121.417603 -1.299133 -0.3479 -0.404053
21582 1444995711.939217 12.194824 -45.578156 -121.525818 -1.311951 -0.346069 -0.39856
21583 1444995711.949279 12.398071 -45.578156 -121.579926 -1.309204 -0.357056 -0.39978
21584 1444995711.959366 12.357422 -45.39566 -121.417603 -1.303711 -0.348816 -0.395508
21585 1444995711.969431 12.235474 -45.486908 -121.47171 -1.305542 -0.345154 -0.395508
21586 1444995711.979494 12.276123 -45.623779 -121.634033 -1.314697 -0.350647 -0.392456
21587 1444995711.989559 12.276123 -45.258789 -121.796356 -1.297302 -0.352478 -0.411987
21588 1444995711.999641 12.154175 -45.441284 -121.525818 -1.299133 -0.346985 -0.401611
21589 1444995712.009703 12.316772 -45.578156 -121.47171 -1.309204 -0.345154 -0.397949
21590 1444995712.019740 12.438721 -45.39566 -121.309387 -1.305542 -0.352478 -0.397949
21591 1444995712.029803 12.235474 -45.532532 -121.742249 -1.30188 -0.349731 -0.397949
21592 1444995712.039865 12.398071 -45.486908 -121.850464 -1.297302 -0.352478 -0.401611
21593 1444995712.049946 12.357422 -45.441284 -121.742249 -1.302795 -0.35614 -0.406494
21594 1444995712.060009 12.398071 -45.532532 -121.796356 -1.304626 -0.354309 -0.39978
21595 1444995712.070072 12.194824 -45.441284 -121.742249 -1.302795 -0.338745 -0.407104
21596 1444995712.080141 12.194824 -45.441284 -121.634033 -1.304626 -0.346069 -0.407715
21597 1444995712.090202 12.316772 -45.532532 -121.47171 -1.311035 -0.348816 -0.395508
21598 1444995712.100264 12.316772 -45.486908 -121.525818 -1.304626 -0.354309 -0.404663
21599 1444995712.110326 12.316772 -45.350037 -121.525818 -1.302795 -0.341492 -0.402832
21600 1444995712.120386 12.357422 -45.623779 -121.742249 -1.307373 -0.346985 -0.408936
21601 1444995712.130448 12.316772 -45.441284 -121.309387 -1.303711 -0.360718 -0.393066
21602 1444995712.140517 12.47937 -45.39566 -121.742249 -1.306458 -0.3479 -0.406494
21603 1444995712.150584 12.235474 -45.532532 -121.525818 -1.304626 -0.350647 -0.404053
21604 1444995712.160646 12.235474 -45.669403 -121.417603 -1.311951 -0.342407 -0.39856
21605 1444995712.170708 12.316772 -45.304413 -121.47171 -1.305542 -0.348816 -0.402222
21606 1444995712.180769 12.072876 -45.532532 -121.417603 -1.306458 -0.343323 -0.39856
21607 1444995712.190859 12.235474 -45.578156 -121.796356 -1.309204 -0.349731 -0.407104
21608 1444995712.200926 12.47937 -45.258789 -121.47171 -1.300964 -0.352478 -0.39856
21609 1444995712.210987 12.235474 -45.532532 -121.579926 -1.307373 -0.348816 -0.407104
21610 1444995712.221049 12.438721 -45.532532 -121.363495 -1.313782 -0.349731 -0.397949
21611 1444995712.231110 12.235474 -45.486908 -121.742249 -1.304626 -0.3479 -0.403442
21612 1444995712.241172 12.316772 -45.441284 -121.525818 -1.302795 -0.349731 -0.406494
21613 1444995712.251232 12.235474 -45.441284 -121.579926 -1.300049 -0.344238 -0.400391
21614 1444995712.261293 12.316772 -45.486908 -121.634033 -1.303711 -0.350647 -0.394897
21615 1444995712.271354 12.316772 -45.578156 -121.525818 -1.306458 -0.351562 -0.396729
21616 1444995712.281395 12.316772 -45.39566 -121.309387 -1.303711 -0.354309 -0.393677
21617 1444995712.291451 12.276123 -45.486908 -121.579926 -1.305542 -0.333252 -0.402222
21618 1444995712.301495 12.194824 -45.39566 -121.363495 -1.302795 -0.353394 -0.401001
21619 1444995712.311560 12.316772 -45.486908 -121.092957 -1.309204 -0.335999 -0.39978
21620 1444995712.321624 12.47937 -45.486908 -121.958679 -1.304626 -0.360718 -0.401001
21621 1444995712.331687 12.47937 -45.39566 -121.309387 -1.305542 -0.360718 -0.395508
21622 1444995712.341750 12.316772 -45.486908 -121.958679 -1.30188 -0.343323 -0.408936
21623 1444995712.351809 12.398071 -45.486908 -121.579926 -1.304626 -0.35614 -0.402832
21624 1444995712.361871 12.438721 -45.304413 -121.579926 -1.302795 -0.362549 -0.388184
21625 1444995712.371933 12.316772 -45.39566 -121.742249 -1.298218 -0.352478 -0.405884
21626 1444995712.381994 12.235474 -45.715027 -121.742249 -1.307373 -0.351562 -0.392456
21627 1444995712.392057 12.316772 -45.350037 -121.579926 -1.304626 -0.35614 -0.397949
21628 1444995712.402121 12.398071 -45.39566 -121.634033 -1.299133 -0.35614 -0.397949
21629 1444995712.412182 12.276123 -45.623779 -121.579926 -1.304626 -0.358887 -0.403442
21630 1444995712.422242 12.398071 -45.39566 -121.47171 -1.309204 -0.357971 -0.396729
21631 1444995712.432304 12.276123 -45.39566 -121.579926 -1.306458 -0.346069 -0.405884
21632 1444995712.442403 12.438721 -45.441284 -121.579926 -1.304626 -0.359802 -0.396729
21633 1444995712.452430 12.357422 -45.350037 -121.579926 -1.300964 -0.348816 -0.410156
21634 1444995712.462490 12.316772 -45.532532 -121.579926 -1.305542 -0.349731 -0.408325
21635 1444995712.472553 12.194824 -45.578156 -121.634033 -1.300964 -0.35614 -0.408936
21636 1444995712.482614 12.438721 -45.441284 -121.796356 -1.303711 -0.345154 -0.402832
21637 1444995712.492676 12.398071 -45.350037 -121.850464 -1.295471 -0.355225 -0.404053
21638 1444995712.502833 12.316772 -45.441284 -121.634033 -1.303711 -0.352478 -0.406494
21639 1444995712.512896 12.47937 -45.486908 -121.634033 -1.306458 -0.353394 -0.401001
21640 1444995712.522956 12.357422 -45.486908 -121.688141 -1.302795 -0.354309 -0.411377
21641 1444995712.533020 12.316772 -45.578156 -121.742249 -1.308289 -0.352478 -0.397339
21642 1444995712.543104 12.398071 -45.304413 -121.579926 -1.299133 -0.354309 -0.402222
21643 1444995712.553183 12.235474 -45.441284 -121.688141 -1.308289 -0.346069 -0.413208
21644 1444995712.563314 12.235474 -45.578156 -121.634033 -1.311035 -0.352478 -0.402222
21645 1444995712.573374 12.357422 -45.486908 -121.796356 -1.300964 -0.349731 -0.404663
