21774 1444827812.782516 23.739258 -51.463623 -124.609955 -2.742004 5.761414 2.027588
21775 1444827812.792592 23.861206 -51.509247 -124.772278 -2.752075 5.763245 2.033081
21776 1444827812.802708 23.739258 -51.417999 -124.826385 -2.752991 5.768738 2.03186
21777 1444827812.812748 23.901855 -51.326752 -124.71817 -2.75116 5.771484 2.024536
21778 1444827812.822830 23.779907 -51.417999 -124.988708 -2.750244 5.768738 2.028198
21779 1444827812.832934 23.779907 -51.600494 -125.151031 -2.753906 5.767822 2.03125
21780 1444827812.843002 23.657959 -51.463623 -125.096924 -2.739258 5.767822 2.030029
21781 1444827812.853056 23.942505 -51.326752 -125.42157 -2.732849 5.769653 2.028198
21782 1444827812.863231 23.739258 -51.554871 -125.205139 -2.725525 5.768738 2.024536
21783 1444827812.873362 23.779907 -51.600494 -125.42157 -2.725525 5.76416 2.026978
21784 1444827812.883451 23.820557 -51.417999 -125.313354 -2.728271 5.770569 2.025757
21785 1444827812.893514 23.820557 -51.417999 -124.826385 -2.729187 5.7724 2.020874
21786 1444827812.903602 23.901855 -51.281128 -124.772278 -2.740173 5.774231 2.018433
21787 1444827812.913646 23.901855 -51.326752 -124.71817 -2.748413 5.778809 2.012329
21788 1444827812.923711 23.861206 -51.144257 -124.393524 -2.747498 5.777893 2.006226
21789 1444827812.933748 23.861206 -51.281128 -123.852448 -2.746582 5.757751 2.012939
21790 1444827812.943811 23.739258 -51.326752 -123.473694 -2.739258 5.738525 2.008057
21791 1444827812.953933 23.861206 -51.18988 -123.419586 -2.756653 5.736694 2.001953
21792 1444827812.963996 23.942505 -51.144257 -123.203156 -2.772217 5.777893 2.003784
21793 1444827812.974290 23.901855 -51.098633 -123.744232 -2.774048 5.801697 2.004395
21794 1444827812.984353 23.942505 -51.18988 -124.231201 -2.774963 5.809937 2.015991
21795 1444827812.994416 23.983154 -51.235504 -125.151031 -2.765808 5.8255 2.011108
21796 1444827813.004498 23.861206 -51.509247 -125.854431 -2.748413 5.81543 2.026978
21797 1444827813.014568 23.983154 -51.554871 -126.557831 -2.715454 5.789795 2.034912
21798 1444827813.024676 23.901855 -51.737366 -127.098907 -2.706299 5.765991 2.053223
21799 1444827813.034738 23.61731 -51.874237 -127.0448 -2.698975 5.748596 2.045898
21800 1444827813.044803 23.861206 -51.828613 -127.315338 -2.701721 5.730286 2.056274
21801 1444827813.054915 23.739258 -51.646118 -127.153015 -2.690735 5.733032 2.053833
21802 1444827813.065061 23.861206 -51.646118 -126.395508 -2.698975 5.738525 2.056274
21803 1444827813.075124 23.698608 -51.691742 -126.233185 -2.721863 5.769653 2.027588
21804 1444827813.085186 23.820557 -51.326752 -125.692108 -2.730103 5.79895 2.032471
21805 1444827813.095250 23.901855 -51.326752 -124.609955 -2.747498 5.829163 2.011719
21806 1444827813.105370 23.901855 -51.098633 -124.068878 -2.765808 5.85022 2.015381
21807 1444827813.115435 23.942505 -51.098633 -123.960663 -2.774048 5.853882 2.003174
21808 1444827813.125505 23.61731 -51.18988 -122.986725 -2.784119 5.832825 1.994019
21809 1444827813.135568 23.739258 -50.916138 -122.986725 -2.763977 5.811768 2.000732
21810 1444827813.145605 23.495361 -51.235504 -123.040833 -2.757568 5.796204 2.002563
21811 1444827813.155689 23.698608 -51.18988 -123.419586 -2.745667 5.769653 1.998901
21812 1444827813.165751 23.657959 -51.235504 -123.690125 -2.744751 5.775146 2.000122
21813 1444827813.175834 23.495361 -51.281128 -123.636017 -2.735596 5.7724 2.010498
21814 1444827813.185904 23.739258 -51.417999 -124.177094 -2.738342 5.771484 2.010498
21815 1444827813.195966 23.739258 -51.372375 -124.71817 -2.73468 5.795288 2.005005
21816 1444827813.206045 23.861206 -51.417999 -125.313354 -2.74292 5.803528 2.011108
21817 1444827813.216108 23.901855 -51.463623 -125.746216 -2.736511 5.804443 2.015381
21818 1444827813.226184 24.023804 -51.463623 -126.503723 -2.728271 5.812683 2.028809
21819 1444827813.236247 23.983154 -51.600494 -126.611938 -2.720947 5.813599 2.038574
21820 1444827813.246307 24.145752 -51.691742 -126.611938 -2.720947 5.801697 2.040405
21821 1444827813.256370 23.861206 -51.737366 -126.774261 -2.70813 5.777893 2.050781
21822 1444827813.266435 23.820557 -51.828613 -126.557831 -2.719116 5.746765 2.061157
21823 1444827813.276463 23.739258 -51.691742 -126.179077 -2.714539 5.736694 2.047729
21824 1444827813.286532 23.739258 -51.463623 -125.42157 -2.730103 5.734863 2.044678
21825 1444827813.296592 23.739258 -51.463623 -124.880493 -2.747498 5.741272 2.032471
21826 1444827813.306668 23.698608 -51.144257 -123.960663 -2.756653 5.756836 2.017212
21827 1444827813.316730 23.861206 -51.098633 -123.79834 -2.77771 5.776062 2.012939
21828 1444827813.326792 23.698608 -51.144257 -123.365479 -2.781372 5.792542 1.982422
21829 1444827813.336881 23.901855 -50.82489 -123.09494 -2.779541 5.796204 1.99707
21830 1444827813.346927 23.942505 -51.098633 -123.473694 -2.778625 5.79895 1.987915
21831 1444827813.356991 23.739258 -51.098633 -123.203156 -2.768555 5.796204 1.987305
21832 1444827813.367083 23.820557 -51.18988 -123.906555 -2.752991 5.781555 1.999512
21833 1444827813.377146 23.820557 -51.235504 -124.555847 -2.740173 5.770569 1.994629
21834 1444827813.387204 23.901855 -51.235504 -124.50174 -2.72644 5.755005 1.995239
21835 1444827813.397240 23.942505 -51.463623 -125.529785 -2.718201 5.741272 2.007446
21836 1444827813.407381 23.657959 -51.417999 -125.583893 -2.718201 5.739441 2.009277
21837 1444827813.417464 23.901855 -51.372375 -126.016754 -2.720032 5.731201 2.008667
21838 1444827813.427589 23.739258 -51.326752 -126.179077 -2.72644 5.754089 2.025146
21839 1444827813.437653 23.901855 -51.554871 -126.3414 -2.736511 5.752258 2.026367
21840 1444827813.447715 23.942505 -51.417999 -126.124969 -2.735596 5.776978 2.032471
21841 1444827813.457798 24.145752 -51.509247 -126.287292 -2.742004 5.775146 2.042236
21842 1444827813.467901 23.861206 -51.554871 -125.962646 -2.73468 5.779724 2.042236
21843 1444827813.477947 23.983154 -51.463623 -125.962646 -2.731934 5.7724 2.045898
21844 1444827813.488009 23.820557 -51.326752 -125.259247 -2.73468 5.755005 2.049561
21845 1444827813.498077 23.861206 -51.281128 -124.609955 -2.743835 5.753174 2.03125
21846 1444827813.508150 23.657959 -51.417999 -124.447632 -2.747498 5.751343 2.037354
21847 1444827813.518248 23.698608 -51.235504 -124.122986 -2.755737 5.749512 2.01355
21848 1444827813.528345 23.698608 -51.098633 -123.744232 -2.760315 5.75592 2.010498
21849 1444827813.538420 23.739258 -50.916138 -123.473694 -2.768555 5.773315 1.990967
21850 1444827813.548482 23.901855 -51.053009 -123.636017 -2.763977 5.781555 1.99646
21851 1444827813.558544 23.698608 -51.098633 -123.581909 -2.76123 5.806274 1.983032
21852 1444827813.568605 24.023804 -51.053009 -124.068878 -2.749329 5.809021 1.984863
21853 1444827813.578668 23.901855 -51.144257 -124.609955 -2.743835 5.819092 1.992798
21854 1444827813.588729 23.901855 -51.372375 -124.934601 -2.733765 5.81543 1.991577
21855 1444827813.598792 23.901855 -51.509247 -125.42157 -2.719116 5.802612 2.008057
21856 1444827813.608904 23.779907 -51.463623 -125.854431 -2.712708 5.789795 2.006226
21857 1444827813.618965 23.657959 -51.463623 -125.692108 -2.709961 5.779724 2.019043
21858 1444827813.629018 23.820557 -51.737366 -126.179077 -2.719116 5.769653 2.022095
21859 1444827813.639077 23.820557 -51.463623 -126.287292 -2.717285 5.766907 2.029419
21860 1444827813.649139 23.779907 -51.554871 -126.016754 -2.731934 5.775146 2.040405
21861 1444827813.659246 23.739258 -51.417999 -125.746216 -2.736511 5.784302 2.037964
21862 1444827813.669307 23.779907 -51.509247 -125.854431 -2.745667 5.791626 2.044678
21863 1444827813.679373 23.820557 -51.646118 -125.205139 -2.750244 5.795288 2.044678
21864 1444827813.689432 24.064453 -51.372375 -125.529785 -2.736511 5.804443 2.050171
21865 1444827813.699493 23.657959 -51.463623 -124.826385 -2.747498 5.814514 2.038574
21866 1444827813.709555 24.023804 -51.509247 -124.934601 -2.745667 5.792542 2.040405
21867 1444827813.719593 23.739258 -51.326752 -124.50174 -2.738342 5.801697 2.022705
21868 1444827813.729622 23.820557 -51.18988 -124.339417 -2.743835 5.785217 2.026978
21869 1444827813.739682 23.657959 -51.18988 -124.014771 -2.746582 5.789795 2.007446
21870 1444827813.749743 23.739258 -51.326752 -124.068878 -2.756653 5.777893 2.005005
21871 1444827813.760174 23.698608 -51.18988 -124.231201 -2.752991 5.784302 1.989136
21872 1444827813.770234 23.779907 -51.18988 -124.555847 -2.746582 5.79071 1.989136
21873 1444827813.780249 23.861206 -51.281128 -124.447632 -2.74292 5.79895 2.006226
21874 1444827813.790314 23.983154 -51.326752 -124.71817 -2.736511 5.79895 2.01355
21875 1444827813.800375 23.820557 -51.463623 -125.096924 -2.729187 5.798035 2.009277
21876 1444827813.810439 23.942505 -51.417999 -125.583893 -2.73468 5.794373 2.023926
21877 1444827813.820502 23.901855 -51.372375 -125.42157 -2.73468 5.789795 2.018433
21878 1444827813.830563 24.023804 -51.463623 -125.692108 -2.730103 5.781555 2.027588
21879 1444827813.840633 23.901855 -51.600494 -125.692108 -2.733765 5.765991 2.029419
21880 1444827813.850687 23.861206 -51.463623 -125.854431 -2.728271 5.759583 2.042236
21881 1444827813.860750 23.901855 -51.463623 -125.800323 -2.732849 5.762329 2.037354
21882 1444827813.870812 23.820557 -51.600494 -125.529785 -2.73468 5.753174 2.046509
21883 1444827813.880881 23.820557 -51.691742 -125.367462 -2.740173 5.75592 2.039185
21884 1444827813.890942 23.901855 -51.463623 -125.096924 -2.738342 5.769653 2.041626
21885 1444827813.901005 23.901855 -51.372375 -124.772278 -2.744751 5.761414 2.050171
21886 1444827813.911069 23.739258 -51.554871 -124.664062 -2.756653 5.782471 2.024536
21887 1444827813.921309 23.861206 -51.372375 -124.609955 -2.754822 5.783386 2.025146
21888 1444827813.931370 24.023804 -51.235504 -124.068878 -2.76123 5.770569 2.032471
21889 1444827813.941430 23.779907 -51.18988 -124.014771 -2.750244 5.775146 2.007446
21890 1444827813.951491 24.023804 -51.235504 -124.177094 -2.766724 5.767822 2.027588
21891 1444827813.961553 23.698608 -51.326752 -124.014771 -2.749329 5.765076 2.011108
21892 1444827813.971614 23.901855 -51.281128 -124.285309 -2.752075 5.76416 2.011719
21893 1444827813.981691 23.861206 -51.417999 -124.664062 -2.752075 5.765991 2.014771
21894 1444827813.991753 23.861206 -51.18988 -124.934601 -2.723694 5.765991 2.008057
21895 1444827814.001815 23.820557 -51.691742 -125.205139 -2.740173 5.767822 2.009888
21896 1444827814.011876 23.820557 -51.417999 -125.313354 -2.728271 5.778809 2.028198
21897 1444827814.021945 23.820557 -51.372375 -125.529785 -2.720947 5.785217 2.012329
21898 1444827814.032008 23.983154 -51.691742 -125.854431 -2.73468 5.783386 2.03125
21899 1444827814.042076 23.739258 -51.600494 -125.638 -2.730103 5.793457 2.019653
21900 1444827814.052138 23.861206 -51.463623 -125.529785 -2.733765 5.783386 2.018433
21901 1444827814.062192 23.820557 -51.417999 -125.583893 -2.741089 5.781555 2.033081
21902 1444827814.072259 23.779907 -51.372375 -125.529785 -2.736511 5.782471 2.032471
21903 1444827814.082290 23.739258 -51.554871 -125.151031 -2.741089 5.768738 2.044678
21904 1444827814.092337 24.023804 -51.372375 -125.205139 -2.738342 5.766907 2.042236
21905 1444827814.102399 23.901855 -51.326752 -124.71817 -2.750244 5.768738 2.037354
21906 1444827814.112469 23.657959 -51.372375 -124.609955 -2.739258 5.774231 2.040405
21907 1444827814.122530 23.820557 -51.235504 -124.664062 -2.749329 5.782471 2.036133
21908 1444827814.132592 23.739258 -51.463623 -124.393524 -2.752075 5.79071 2.022095
21909 1444827814.142607 23.901855 -51.326752 -124.339417 -2.759399 5.800781 2.012329
21910 1444827814.152657 23.820557 -51.326752 -124.555847 -2.749329 5.803528 2.025146
21911 1444827814.162693 23.983154 -51.144257 -124.50174 -2.748413 5.804443 2.011719
21912 1444827814.172759 23.901855 -51.144257 -124.555847 -2.740173 5.802612 1.99707
21913 1444827814.182822 23.698608 -51.326752 -124.772278 -2.739258 5.806274 2.01416
21914 1444827814.192889 23.820557 -51.463623 -124.934601 -2.735596 5.793457 2.006836
21915 1444827814.202997 23.861206 -51.18988 -124.988708 -2.725525 5.797119 2.026367
21916 1444827814.213111 23.820557 -51.372375 -125.367462 -2.723694 5.791626 2.007446
21917 1444827814.223135 23.983154 -51.417999 -125.42157 -2.727356 5.783386 2.020874
21918 1444827814.233447 23.61731 -51.509247 -125.638 -2.721863 5.801697 2.015381
21919 1444827814.243511 23.942505 -51.417999 -125.529785 -2.733765 5.796204 2.042236
21920 1444827814.253575 23.739258 -51.509247 -125.475677 -2.738342 5.799866 2.033691
21921 1444827814.263660 23.901855 -51.417999 -125.42157 -2.743835 5.797119 2.044067
21922 1444827814.273723 23.942505 -51.417999 -125.151031 -2.741089 5.782471 2.044067
21923 1444827814.283784 23.779907 -51.372375 -125.151031 -2.748413 5.786133 2.049561
21924 1444827814.293846 23.739258 -51.691742 -124.71817 -2.750244 5.765991 2.075195
21925 1444827814.303908 23.657959 -51.646118 -124.555847 -2.753906 5.767822 2.075806
21926 1444827814.313944 23.61731 -51.417999 -124.122986 -2.742004 5.771484 2.075806
21927 1444827814.324079 23.779907 -51.600494 -124.339417 -2.767639 5.770569 2.064209
21928 1444827814.334142 23.698608 -51.098633 -124.068878 -2.774963 5.78064 2.028809
21929 1444827814.344272 24.064453 -51.144257 -124.71817 -2.784119 5.773315 2.005615
21930 1444827814.354335 24.145752 -51.007385 -124.447632 -2.771301 5.787964 1.997681
21931 1444827814.364420 23.779907 -51.053009 -124.988708 -2.748413 5.801697 1.967773
21932 1444827814.374479 24.023804 -51.235504 -125.692108 -2.711792 5.798035 1.974487
21933 1444827814.384541 23.942505 -51.554871 -125.854431 -2.696228 5.800781 1.972656
21934 1444827814.394601 23.901855 -51.646118 -126.233185 -2.682495 5.79895 1.983032
21935 1444827814.404663 23.942505 -51.737366 -126.124969 -2.678833 5.800781 1.981201
21936 1444827814.414725 23.779907 -51.691742 -125.692108 -2.689819 5.791626 1.986084
21937 1444827814.424794 24.023804 -51.463623 -125.800323 -2.696228 5.775146 2.007446
21938 1444827814.434859 23.820557 -51.509247 -125.096924 -2.731934 5.782471 2.003784
21939 1444827814.444920 23.779907 -51.235504 -124.826385 -2.758484 5.771484 2.008667
21940 1444827814.454981 23.942505 -51.098633 -124.285309 -2.780457 5.753174 2.042236
21941 1444827814.465041 23.739258 -51.18988 -124.177094 -2.791443 5.753174 2.049561
21942 1444827814.475100 23.901855 -51.326752 -123.960663 -2.803345 5.748596 2.063599
21943 1444827814.485160 23.739258 -51.372375 -124.177094 -2.786865 5.757751 2.06543
21944 1444827814.495221 24.023804 -51.372375 -124.393524 -2.77771 5.736694 2.092896
21945 1444827814.505306 23.657959 -51.737366 -124.447632 -2.760315 5.75592 2.08252
21946 1444827814.515363 23.779907 -51.600494 -124.934601 -2.74292 5.758667 2.069702
21947 1444827814.525424 23.739258 -51.78299 -125.042816 -2.738342 5.756836 2.077026
21948 1444827814.535484 23.861206 -51.600494 -125.42157 -2.733765 5.767822 2.039185
21949 1444827814.545550 23.901855 -51.326752 -125.583893 -2.733765 5.773315 2.012329
21950 1444827814.555612 23.820557 -51.417999 -125.529785 -2.742004 5.777893 1.983032
21951 1444827814.565674 23.901855 -51.235504 -125.367462 -2.738342 5.785217 1.985474
21952 1444827814.575734 23.901855 -51.18988 -125.367462 -2.72644 5.798035 1.970215
21953 1444827814.585794 23.942505 -51.281128 -125.475677 -2.725525 5.795288 1.96228
21954 1444827814.595856 23.942505 -51.417999 -125.746216 -2.71637 5.796204 1.970825
21955 1444827814.605899 24.023804 -51.417999 -125.367462 -2.70813 5.798035 1.995239
21956 1444827814.615938 23.861206 -51.463623 -125.042816 -2.709045 5.796204 1.99707
21957 1444827814.626001 23.739258 -51.554871 -125.151031 -2.714539 5.797119 2.002563
21958 1444827814.636062 23.779907 -51.463623 -124.50174 -2.735596 5.781555 2.037964
21959 1444827814.646123 23.820557 -51.463623 -124.177094 -2.746582 5.785217 2.034302
21960 1444827814.656185 23.820557 -51.326752 -123.960663 -2.776794 5.776978 2.043457
21961 1444827814.666248 23.739258 -51.326752 -123.744232 -2.791443 5.768738 2.053833
21962 1444827814.676310 23.57666 -51.417999 -123.636017 -2.798767 5.773315 2.054443
21963 1444827814.686374 23.61731 -51.326752 -124.068878 -2.790527 5.776978 2.068481
21964 1444827814.696436 23.739258 -51.281128 -124.339417 -2.774963 5.770569 2.068481
21965 1444827814.706500 23.861206 -51.554871 -124.934601 -2.758484 5.771484 2.070923
21966 1444827814.716569 23.657959 -51.600494 -125.313354 -2.730103 5.778809 2.063599
21967 1444827814.726633 24.064453 -51.554871 -126.179077 -2.709961 5.787964 2.051392
21968 1444827814.736695 23.861206 -51.737366 -126.070862 -2.703552 5.785217 2.03125
21969 1444827814.746764 23.820557 -51.646118 -126.503723 -2.69989 5.798035 2.034302
21970 1444827814.756855 23.779907 -51.646118 -126.233185 -2.705383 5.802612 2.005615
21971 1444827814.766942 23.942505 -51.509247 -126.179077 -2.712708 5.797119 1.994629
21972 1444827814.776981 24.023804 -51.18988 -125.42157 -2.718201 5.803528 1.978149
21973 1444827814.787043 23.983154 -51.372375 -125.42157 -2.739258 5.802612 1.982422
21974 1444827814.797110 23.779907 -51.053009 -124.988708 -2.730103 5.79895 1.973267
21975 1444827814.807241 23.820557 -51.18988 -124.71817 -2.738342 5.800781 1.986084
21976 1444827814.817310 23.901855 -51.18988 -124.555847 -2.741089 5.786133 2.006226
21977 1444827814.827371 23.901855 -51.281128 -124.014771 -2.74292 5.784302 2.01355
21978 1444827814.837472 23.779907 -51.326752 -123.960663 -2.744751 5.786133 2.028809
21979 1444827814.847534 23.861206 -51.463623 -124.068878 -2.754822 5.774231 2.044678
21980 1444827814.857665 23.820557 -51.281128 -123.906555 -2.756653 5.774231 2.050781
21981 1444827814.867908 23.901855 -51.463623 -124.014771 -2.770386 5.76416 2.055664
21982 1444827814.877970 23.739258 -51.372375 -124.177094 -2.781372 5.763245 2.051392
21983 1444827814.888033 23.861206 -51.053009 -124.393524 -2.772217 5.763245 2.047119
21984 1444827814.899067 23.901855 -51.417999 -124.934601 -2.771301 5.753174 2.047729
21985 1444827814.909151 23.861206 -51.417999 -125.42157 -2.763062 5.759583 2.037354
21986 1444827814.919336 23.820557 -51.417999 -125.692108 -2.739258 5.761414 2.046509
21987 1444827814.929483 23.901855 -51.646118 -126.287292 -2.727356 5.762329 2.036743
21988 1444827814.939658 23.901855 -51.646118 -126.449615 -2.704468 5.773315 2.03186
21989 1444827814.949672 23.820557 -51.691742 -126.449615 -2.697144 5.765991 2.01355
21990 1444827814.959759 24.023804 -51.463623 -126.557831 -2.69165 5.771484 2.023315
21991 1444827814.969841 23.942505 -51.417999 -126.124969 -2.698059 5.775146 2.006226
21992 1444827814.979923 24.064453 -51.554871 -125.800323 -2.725525 5.782471 1.990967
21993 1444827814.989987 23.901855 -51.281128 -124.988708 -2.733765 5.773315 1.99646
21994 1444827815.000054 24.023804 -51.053009 -124.50174 -2.752991 5.776978 1.998291
21995 1444827815.010135 23.820557 -51.326752 -123.960663 -2.768555 5.7724 2.006226
21996 1444827815.020242 23.779907 -51.144257 -123.906555 -2.774963 5.783386 1.999512
21997 1444827815.030310 23.657959 -51.281128 -123.527802 -2.776794 5.766907 2.006226
21998 1444827815.040373 23.820557 -51.007385 -123.636017 -2.763062 5.767822 2.022705
21999 1444827815.050434 23.657959 -51.235504 -123.636017 -2.763977 5.770569 2.021484
22000 1444827815.060498 23.820557 -51.281128 -123.690125 -2.758484 5.7724 2.049561
22001 1444827815.070558 23.739258 -51.554871 -124.068878 -2.763977 5.756836 2.050171
22002 1444827815.080623 23.739258 -51.326752 -124.447632 -2.750244 5.770569 2.050781
22003 1444827815.090688 24.064453 -51.463623 -125.096924 -2.757568 5.759583 2.057495
22004 1444827815.100731 23.820557 -51.600494 -125.313354 -2.753906 5.774231 2.034912
22005 1444827815.110840 23.983154 -51.281128 -125.800323 -2.741089 5.768738 2.04895
22006 1444827815.121005 23.942505 -51.326752 -126.070862 -2.739258 5.766907 2.028809
22007 1444827815.131068 23.820557 -51.600494 -126.3414 -2.723694 5.774231 2.019653
22008 1444827815.141131 23.861206 -51.600494 -126.3414 -2.71637 5.779724 2.019043
22009 1444827815.151193 23.983154 -51.463623 -126.3414 -2.698975 5.778809 2.016602
22010 1444827815.161255 23.901855 -51.554871 -126.233185 -2.704468 5.781555 2.017212
22011 1444827815.171319 23.698608 -51.600494 -125.800323 -2.704468 5.782471 2.007446
22012 1444827815.181383 23.942505 -51.326752 -125.367462 -2.717285 5.79071 2.012939
22013 1444827815.191433 23.739258 -51.372375 -124.71817 -2.730103 5.791626 1.997681
22014 1444827815.201494 23.861206 -51.144257 -124.122986 -2.752075 5.789795 2.006226
22015 1444827815.211562 23.739258 -51.235504 -123.744232 -2.765808 5.794373 2.005615
22016 1444827815.221625 23.820557 -51.007385 -123.473694 -2.773132 5.793457 2.000732
22017 1444827815.231694 23.698608 -51.098633 -123.419586 -2.774963 5.792542 2.006836
22018 1444827815.241753 23.698608 -51.235504 -123.581909 -2.778625 5.804443 2.014771
22019 1444827815.251842 23.698608 -51.098633 -124.014771 -2.76123 5.788879 2.023315
22020 1444827815.261944 23.657959 -51.417999 -124.50174 -2.756653 5.800781 2.036133
22021 1444827815.272007 23.698608 -51.554871 -125.313354 -2.740173 5.812683 2.039185
22022 1444827815.282082 23.861206 -51.691742 -125.692108 -2.723694 5.796204 2.047119
22023 1444827815.292256 23.739258 -51.646118 -126.070862 -2.709045 5.769653 2.049561
22024 1444827815.302301 23.698608 -51.646118 -126.016754 -2.702637 5.766907 2.043457
22025 1444827815.312498 23.739258 -51.646118 -126.179077 -2.703552 5.765076 2.042236
22026 1444827815.322867 23.657959 -51.554871 -125.854431 -2.712708 5.765991 2.022095
22027 1444827815.333014 23.739258 -51.372375 -125.151031 -2.724609 5.778809 2.011719
22028 1444827815.343075 23.739258 -51.372375 -125.151031 -2.744751 5.789795 2.003784
22029 1444827815.353160 23.861206 -51.098633 -124.880493 -2.749329 5.800781 1.993408
22030 1444827815.363197 24.023804 -51.144257 -124.50174 -2.755737 5.801697 1.999512
22031 1444827815.373285 23.779907 -51.18988 -124.068878 -2.755737 5.810852 1.989136
22032 1444827815.383350 23.901855 -51.098633 -124.068878 -2.752991 5.79895 1.993408
22033 1444827815.393415 23.698608 -51.326752 -123.852448 -2.750244 5.796204 2.006226
22034 1444827815.403481 23.657959 -51.417999 -124.285309 -2.746582 5.779724 2.009277
22035 1444827815.413544 23.698608 -51.372375 -124.014771 -2.748413 5.757751 2.012329
22036 1444827815.423605 23.739258 -51.326752 -124.393524 -2.740173 5.739441 2.016602
22037 1444827815.433661 23.739258 -51.372375 -124.50174 -2.75116 5.72937 2.026978
22038 1444827815.443725 23.820557 -51.281128 -124.664062 -2.745667 5.733948 2.026367
22039 1444827815.453778 23.861206 -51.281128 -124.71817 -2.754822 5.744934 2.021484
22040 1444827815.463847 23.942505 -51.326752 -125.313354 -2.758484 5.753174 2.020874
22041 1444827815.473907 24.023804 -51.281128 -125.205139 -2.748413 5.755005 2.028809
22042 1444827815.483962 24.064453 -51.417999 -125.638 -2.746582 5.765991 2.027588
22043 1444827815.494027 24.064453 -51.509247 -126.016754 -2.733765 5.746765 2.03125
22044 1444827815.504106 23.901855 -51.554871 -126.124969 -2.722778 5.750427 2.03125
22045 1444827815.514261 23.983154 -51.646118 -126.016754 -2.71637 5.747681 2.029419
22046 1444827815.524325 23.861206 -51.600494 -125.638 -2.715454 5.73761 2.022705
22047 1444827815.534389 23.820557 -51.463623 -125.583893 -2.720947 5.73761 2.017212
22048 1444827815.544452 23.739258 -51.463623 -125.367462 -2.731934 5.733948 2.015991
22049 1444827815.554571 23.901855 -51.326752 -124.664062 -2.744751 5.733032 2.001343
22050 1444827815.564628 23.739258 -51.235504 -124.50174 -2.752075 5.744019 2.003784
22051 1444827815.574685 23.779907 -51.098633 -124.068878 -2.76123 5.750427 1.995239
22052 1444827815.584826 23.901855 -51.144257 -123.852448 -2.770386 5.763245 1.991577
22053 1444827815.594851 23.820557 -51.098633 -123.906555 -2.763977 5.775146 2.000732
22054 1444827815.604931 23.861206 -51.18988 -123.852448 -2.763977 5.783386 2.002563
22055 1444827815.615004 23.901855 -51.235504 -123.960663 -2.754822 5.778809 2.008667
22056 1444827815.625060 23.861206 -51.235504 -124.285309 -2.74292 5.770569 2.020264
22057 1444827815.635133 23.657959 -51.372375 -124.664062 -2.740173 5.767822 2.01416
22058 1444827815.645454 23.698608 -51.281128 -124.71817 -2.731018 5.75592 2.03125
22059 1444827815.655521 23.861206 -51.463623 -124.988708 -2.740173 5.758667 2.039795
22060 1444827815.665583 23.61731 -51.509247 -124.934601 -2.741089 5.766907 2.028809
22061 1444827815.675652 23.901855 -51.326752 -125.529785 -2.741089 5.754089 2.028809
22062 1444827815.685693 24.023804 -51.281128 -125.475677 -2.733765 5.766907 2.044067
22063 1444827815.695753 23.901855 -51.463623 -125.908539 -2.735596 5.782471 2.01416
22064 1444827815.705827 23.942505 -51.554871 -126.016754 -2.728271 5.789795 2.042847
22065 1444827815.715885 23.657959 -51.600494 -125.800323 -2.720032 5.801697 2.03064
22066 1444827815.725940 23.861206 -51.463623 -125.42157 -2.720032 5.797119 2.028198
22067 1444827815.736032 23.942505 -51.691742 -125.854431 -2.723694 5.798035 2.033081
22068 1444827815.746093 23.861206 -51.463623 -125.313354 -2.724609 5.788879 2.033691
22069 1444827815.756152 23.698608 -51.463623 -124.934601 -2.729187 5.792542 2.023926
22070 1444827815.766224 23.739258 -51.326752 -124.285309 -2.735596 5.795288 2.012939
22071 1444827815.776282 23.739258 -51.372375 -124.231201 -2.76123 5.784302 2.008667
22072 1444827815.786342 23.57666 -51.144257 -124.122986 -2.754822 5.785217 2.012939
22073 1444827815.796415 23.657959 -51.053009 -123.79834 -2.762146 5.803528 2.012329
22074 1444827815.806474 23.861206 -51.372375 -124.068878 -2.764893 5.801697 2.010498
22075 1444827815.816542 23.820557 -51.372375 -124.177094 -2.757568 5.803528 2.005005
22076 1444827815.826614 23.820557 -51.18988 -124.393524 -2.740173 5.802612 2.026367
22077 1444827815.836677 23.698608 -51.463623 -124.609955 -2.738342 5.80719 2.033081
22078 1444827815.846751 23.861206 -51.463623 -125.205139 -2.728271 5.800781 2.026367
22079 1444827815.856846 23.820557 -51.600494 -125.367462 -2.730103 5.786133 2.042847
22080 1444827815.866914 23.820557 -51.646118 -125.692108 -2.724609 5.781555 2.027588
22081 1444827815.876995 23.698608 -51.281128 -125.583893 -2.719116 5.781555 2.033081
22082 1444827815.887055 23.779907 -51.600494 -125.638 -2.732849 5.769653 2.029419
22083 1444827815.897117 23.61731 -51.691742 -125.800323 -2.737427 5.770569 2.016602
22084 1444827815.907179 23.983154 -51.372375 -125.746216 -2.735596 5.765076 2.045288
22085 1444827815.917242 23.739258 -51.235504 -125.529785 -2.729187 5.7724 2.017212
22086 1444827815.927287 23.820557 -51.509247 -125.529785 -2.739258 5.776978 2.03064
22087 1444827815.937350 23.861206 -51.281128 -125.205139 -2.729187 5.776062 2.027588
22088 1444827815.947412 23.942505 -51.326752 -124.826385 -2.731018 5.770569 2.021484
22089 1444827815.957481 23.779907 -51.509247 -124.880493 -2.736511 5.779724 2.022705
22090 1444827815.967545 23.861206 -51.372375 -124.393524 -2.738342 5.76416 2.021484
22091 1444827815.977608 23.820557 -51.326752 -124.122986 -2.753906 5.763245 2.021484
22092 1444827815.987658 23.820557 -51.144257 -123.960663 -2.762146 5.753174 2.009888
22093 1444827815.997711 23.698608 -51.235504 -123.852448 -2.760315 5.748596 2.006226
22094 1444827816.007833 23.779907 -51.098633 -124.177094 -2.765808 5.750427 2.001953
22095 1444827816.017875 23.820557 -51.098633 -124.014771 -2.759399 5.749512 2.001953
22096 1444827816.027937 23.861206 -51.235504 -124.285309 -2.752075 5.744934 2.009888
22097 1444827816.038049 23.861206 -51.235504 -124.772278 -2.746582 5.756836 2.012329
22098 1444827816.048101 23.901855 -51.326752 -124.71817 -2.736511 5.756836 2.010498
22099 1444827816.058165 23.942505 -51.463623 -125.475677 -2.736511 5.75592 2.023315
22100 1444827816.068225 23.820557 -51.417999 -125.529785 -2.724609 5.758667 2.01355
22101 1444827816.078288 24.105103 -51.554871 -125.962646 -2.727356 5.74585 2.03186
22102 1444827816.088349 23.820557 -51.646118 -125.746216 -2.727356 5.751343 2.023315
22103 1444827816.098411 24.023804 -51.372375 -125.908539 -2.728271 5.74585 2.022705
22104 1444827816.108473 23.901855 -51.18988 -125.475677 -2.732849 5.740356 2.026367
22105 1444827816.118535 23.901855 -51.463623 -125.583893 -2.740173 5.749512 2.023926
22106 1444827816.128596 23.779907 -51.417999 -125.096924 -2.752991 5.744019 2.022095
22107 1444827816.138614 23.820557 -51.554871 -125.096924 -2.749329 5.757751 2.020874
22108 1444827816.148675 23.942505 -51.281128 -124.664062 -2.747498 5.755005 2.03186
22109 1444827816.158758 23.861206 -51.326752 -124.772278 -2.747498 5.768738 2.010498
22110 1444827816.168839 24.023804 -51.281128 -124.50174 -2.746582 5.769653 2.024536
22111 1444827816.178903 23.698608 -51.463623 -124.393524 -2.74292 5.781555 2.009277
22112 1444827816.188956 23.820557 -51.326752 -124.447632 -2.747498 5.779724 2.005005
22113 1444827816.199019 23.779907 -51.235504 -124.285309 -2.748413 5.783386 2.009888
22114 1444827816.209121 23.779907 -51.281128 -124.068878 -2.746582 5.777893 2.006836
22115 1444827816.219187 23.779907 -51.326752 -124.555847 -2.747498 5.784302 2.007446
22116 1444827816.229249 23.820557 -51.235504 -124.285309 -2.746582 5.7724 2.007446
22117 1444827816.239312 23.739258 -51.372375 -124.826385 -2.740173 5.787048 2.005005
22118 1444827816.249347 23.739258 -51.372375 -124.880493 -2.73468 5.789795 2.009277
22119 1444827816.259551 23.739258 -51.417999 -125.313354 -2.731018 5.785217 2.014771
22120 1444827816.269611 23.657959 -51.509247 -125.151031 -2.732849 5.795288 2.025757
22121 1444827816.279682 23.983154 -51.417999 -125.529785 -2.722778 5.795288 2.024536
22122 1444827816.289746 23.861206 -51.372375 -125.583893 -2.722778 5.798035 2.03125
22123 1444827816.299818 23.820557 -51.554871 -125.692108 -2.730103 5.789795 2.033081
22124 1444827816.309890 23.861206 -51.417999 -125.638 -2.728271 5.794373 2.033081
22125 1444827816.319953 23.820557 -51.417999 -125.259247 -2.737427 5.79895 2.034302
22126 1444827816.330013 23.657959 -51.326752 -125.096924 -2.739258 5.787964 2.033081
22127 1444827816.340077 23.983154 -51.144257 -124.934601 -2.742004 5.781555 2.026367
22128 1444827816.350142 23.536011 -51.417999 -124.609955 -2.752075 5.788879 2.022095
22129 1444827816.360243 23.779907 -51.372375 -124.609955 -2.747498 5.795288 2.014771
22130 1444827816.370304 23.779907 -51.235504 -124.339417 -2.743835 5.798035 2.015381
22131 1444827816.380359 23.820557 -51.235504 -124.71817 -2.744751 5.793457 2.020874
22132 1444827816.390379 23.861206 -51.326752 -124.285309 -2.747498 5.792542 2.012329
22133 1444827816.400418 23.779907 -51.281128 -124.339417 -2.738342 5.79071 2.021484
22134 1444827816.410483 23.861206 -51.326752 -124.664062 -2.736511 5.795288 2.024536
22135 1444827816.420545 23.779907 -51.372375 -124.555847 -2.73468 5.799866 2.01355
22136 1444827816.430628 23.657959 -51.463623 -124.71817 -2.74292 5.797119 2.005005
22137 1444827816.440691 23.901855 -51.326752 -124.934601 -2.74292 5.7724 2.029419
22138 1444827816.450752 23.739258 -51.326752 -124.880493 -2.739258 5.792542 2.008667
22139 1444827816.460876 23.901855 -51.326752 -124.934601 -2.741089 5.776978 2.012329
22140 1444827816.470939 23.820557 -51.326752 -125.475677 -2.740173 5.767822 2.014771
22141 1444827816.481006 23.61731 -51.372375 -125.313354 -2.733765 5.770569 2.018433
22142 1444827816.491072 24.064453 -51.509247 -125.475677 -2.736511 5.770569 2.029419
22143 1444827816.501136 23.983154 -51.281128 -125.42157 -2.727356 5.765991 2.034302
22144 1444827816.511251 23.657959 -51.646118 -125.367462 -2.736511 5.760498 2.034912
22145 1444827816.521280 23.820557 -51.463623 -125.151031 -2.739258 5.763245 2.034302
22146 1444827816.531340 23.901855 -51.235504 -125.096924 -2.741089 5.757751 2.028809
22147 1444827816.541409 23.820557 -51.372375 -124.934601 -2.752991 5.761414 2.037354
22148 1444827816.551547 23.657959 -51.235504 -124.609955 -2.754822 5.757751 2.022095
22149 1444827816.561604 23.983154 -51.18988 -124.609955 -2.75116 5.748596 2.024536
22150 1444827816.571693 23.901855 -51.372375 -124.285309 -2.757568 5.760498 2.019653
22151 1444827816.581755 23.739258 -51.326752 -124.609955 -2.75116 5.754089 2.016602
22152 1444827816.591828 23.901855 -51.372375 -124.177094 -2.753906 5.756836 2.017822
22153 1444827816.601934 23.820557 -51.372375 -124.50174 -2.746582 5.758667 2.018433
22154 1444827816.611998 23.820557 -51.281128 -124.71817 -2.742004 5.759583 2.020874
22155 1444827816.622065 23.901855 -51.281128 -124.71817 -2.731018 5.755005 2.017212
22156 1444827816.632129 23.983154 -51.235504 -124.772278 -2.731934 5.766907 2.009277
22157 1444827816.642191 23.698608 -51.509247 -124.772278 -2.741089 5.774231 2.012329
22158 1444827816.652324 23.779907 -51.600494 -125.042816 -2.745667 5.766907 2.01416
22159 1444827816.662393 24.023804 -51.235504 -125.042816 -2.72644 5.762329 2.01355
22160 1444827816.672456 23.820557 -51.554871 -125.205139 -2.743835 5.765076 2.024536
22161 1444827816.682519 23.698608 -51.417999 -125.096924 -2.732849 5.759583 2.028809
22162 1444827816.692580 23.942505 -51.463623 -125.151031 -2.738342 5.762329 2.023315
22163 1444827816.702669 23.739258 -51.417999 -125.205139 -2.732849 5.765076 2.026978
22164 1444827816.712731 23.739258 -51.600494 -125.151031 -2.737427 5.765991 2.037354
22165 1444827816.722794 24.023804 -51.326752 -124.934601 -2.737427 5.768738 2.034302
22166 1444827816.732859 23.739258 -51.417999 -124.934601 -2.739258 5.78064 2.028809
22167 1444827816.742929 23.739258 -51.18988 -124.988708 -2.74292 5.767822 2.039185
22168 1444827816.753145 23.901855 -51.281128 -125.042816 -2.750244 5.769653 2.042236
22169 1444827816.763371 23.739258 -51.281128 -124.393524 -2.746582 5.793457 2.011108
22170 1444827816.773407 23.698608 -51.646118 -124.71817 -2.760315 5.784302 2.038574
22171 1444827816.783478 23.820557 -51.144257 -124.934601 -2.742004 5.777893 2.011719
22172 1444827816.793554 23.861206 -51.235504 -124.50174 -2.744751 5.79071 2.017822
22173 1444827816.803694 23.779907 -51.281128 -124.880493 -2.740173 5.787048 2.018433
22174 1444827816.813759 23.779907 -51.326752 -124.880493 -2.730103 5.786133 2.020264
22175 1444827816.823824 23.901855 -51.691742 -124.826385 -2.741089 5.784302 2.009277
22176 1444827816.833887 23.820557 -51.326752 -124.988708 -2.725525 5.793457 2.018433
22177 1444827816.843948 23.739258 -51.326752 -124.772278 -2.729187 5.79895 2.014771
22178 1444827816.854010 23.861206 -51.509247 -125.367462 -2.739258 5.79895 2.015991
22179 1444827816.864060 23.698608 -51.509247 -124.988708 -2.735596 5.799866 2.015991
22180 1444827816.874122 23.861206 -51.463623 -125.259247 -2.740173 5.792542 2.03064
22181 1444827816.884182 23.820557 -51.372375 -125.042816 -2.74292 5.787964 2.023926
22182 1444827816.894247 23.820557 -51.463623 -125.096924 -2.737427 5.793457 2.027588
22183 1444827816.904317 23.861206 -51.372375 -124.988708 -2.736511 5.782471 2.036133
22184 1444827816.914375 23.739258 -51.691742 -125.205139 -2.741089 5.788879 2.037354
22185 1444827816.924437 23.861206 -51.372375 -124.988708 -2.739258 5.78064 2.045288
22186 1444827816.934498 23.739258 -51.509247 -125.096924 -2.741089 5.782471 2.036133
22187 1444827816.944560 23.657959 -51.646118 -125.042816 -2.747498 5.777893 2.036133
22188 1444827816.954623 23.901855 -51.281128 -124.772278 -2.73468 5.781555 2.028198
22189 1444827816.964685 23.861206 -51.463623 -124.664062 -2.746582 5.776062 2.026367
22190 1444827816.974810 23.820557 -51.326752 -124.664062 -2.747498 5.776978 2.03186
22191 1444827816.984811 23.861206 -51.098633 -124.71817 -2.736511 5.788879 2.018433
22192 1444827816.994875 24.023804 -51.326752 -124.772278 -2.74292 5.776978 2.022705
22193 1444827817.004942 23.739258 -51.235504 -124.772278 -2.731934 5.7724 2.002563
22194 1444827817.015065 23.698608 -51.600494 -124.880493 -2.749329 5.774231 2.010498
22195 1444827817.025127 23.983154 -51.326752 -124.664062 -2.731018 5.76416 2.023926
22196 1444827817.035187 23.739258 -51.281128 -124.826385 -2.73468 5.771484 2.015991
22197 1444827817.045248 23.739258 -51.463623 -124.988708 -2.74292 5.759583 2.012939
22198 1444827817.055329 23.901855 -51.372375 -124.880493 -2.738342 5.763245 2.015381
22199 1444827817.065405 23.657959 -51.463623 -124.880493 -2.74292 5.758667 2.020874
22200 1444827817.075454 23.983154 -51.281128 -124.772278 -2.741089 5.753174 2.026367
22201 1444827817.085507 23.942505 -51.326752 -124.664062 -2.744751 5.757751 2.022095
22202 1444827817.095576 23.942505 -51.281128 -124.880493 -2.749329 5.753174 2.03064
22203 1444827817.105643 23.739258 -51.417999 -124.664062 -2.752075 5.752258 2.025757
22204 1444827817.115734 23.983154 -51.463623 -124.934601 -2.748413 5.747681 2.025146
22205 1444827817.126028 23.698608 -51.463623 -124.826385 -2.744751 5.750427 2.023315
22206 1444827817.136088 23.861206 -51.372375 -125.042816 -2.74292 5.743103 2.03125
22207 1444827817.146149 23.779907 -51.372375 -124.71817 -2.738342 5.755005 2.022705
22208 1444827817.156242 23.779907 -51.463623 -124.826385 -2.741089 5.74585 2.023926
22209 1444827817.166304 23.901855 -51.281128 -124.934601 -2.744751 5.754089 2.026367
22210 1444827817.176571 23.779907 -51.372375 -124.934601 -2.737427 5.757751 2.016602
22211 1444827817.186641 23.820557 -51.372375 -124.772278 -2.746582 5.761414 2.025146
22212 1444827817.196704 23.820557 -51.18988 -124.934601 -2.737427 5.767822 2.002563
22213 1444827817.206800 23.779907 -51.281128 -124.880493 -2.740173 5.766907 2.003174
22214 1444827817.216864 24.023804 -51.326752 -124.934601 -2.739258 5.762329 2.011108
22215 1444827817.226880 23.698608 -51.417999 -124.664062 -2.741089 5.767822 2.01416
22216 1444827817.236949 23.983154 -51.281128 -124.934601 -2.743835 5.769653 1.998291
22217 1444827817.247010 23.901855 -51.235504 -125.096924 -2.74292 5.776978 1.992188
22218 1444827817.257093 23.739258 -51.144257 -125.205139 -2.73468 5.787964 1.968994
22219 1444827817.267131 23.942505 -51.235504 -125.259247 -2.733765 5.777893 1.981201
22220 1444827817.277195 23.698608 -51.509247 -125.367462 -2.71637 5.791626 1.997681
22221 1444827817.287257 23.942505 -51.600494 -125.313354 -2.712708 5.765991 2.026978
22222 1444827817.297319 23.942505 -51.554871 -125.205139 -2.702637 5.776062 2.041626
22223 1444827817.307384 23.779907 -51.691742 -124.988708 -2.73468 5.766907 2.064209
22224 1444827817.317447 23.820557 -51.417999 -124.285309 -2.742004 5.763245 2.061768
22225 1444827817.327495 23.657959 -51.463623 -124.177094 -2.770386 5.769653 2.055664
22226 1444827817.337556 23.61731 -51.463623 -124.068878 -2.785034 5.76416 2.064209
22227 1444827817.347618 23.698608 -51.18988 -124.014771 -2.785034 5.779724 2.050781
22228 1444827817.357795 23.779907 -51.144257 -124.068878 -2.794189 5.7724 2.042236
22229 1444827817.367857 23.698608 -51.18988 -124.393524 -2.774963 5.771484 2.045898
22230 1444827817.377919 23.57666 -51.417999 -124.772278 -2.75116 5.781555 2.028198
22231 1444827817.387978 23.820557 -51.281128 -125.151031 -2.724609 5.781555 2.037354
22232 1444827817.398041 23.861206 -51.646118 -125.638 -2.703552 5.789795 2.022705
22233 1444827817.408102 23.820557 -51.737366 -125.854431 -2.687988 5.787048 2.009277
22234 1444827817.418241 24.023804 -51.600494 -125.638 -2.688904 5.794373 2.01355
22235 1444827817.428381 23.698608 -51.554871 -126.124969 -2.695312 5.79895 1.995239
22236 1444827817.438455 23.983154 -51.372375 -125.259247 -2.715454 5.799866 1.981201
22237 1444827817.448496 23.901855 -51.417999 -125.151031 -2.729187 5.804443 1.971436
22238 1444827817.458571 23.820557 -51.281128 -124.826385 -2.749329 5.793457 1.983032
22239 1444827817.468773 23.901855 -51.053009 -124.609955 -2.750244 5.793457 1.981812
22240 1444827817.478839 23.942505 -50.961761 -124.339417 -2.753906 5.785217 2.002563
22241 1444827817.488908 23.861206 -51.18988 -124.285309 -2.744751 5.767822 2.018433
22242 1444827817.498971 23.61731 -51.737366 -124.50174 -2.745667 5.78064 2.025146
22243 1444827817.509045 23.779907 -51.600494 -124.177094 -2.742004 5.766907 2.056885
22244 1444827817.519108 23.698608 -51.463623 -124.609955 -2.736511 5.759583 2.052612
22245 1444827817.529171 23.820557 -51.326752 -124.447632 -2.743835 5.751343 2.062988
22246 1444827817.539237 23.698608 -51.509247 -124.609955 -2.759399 5.758667 2.062988
22247 1444827817.549305 23.901855 -51.372375 -124.609955 -2.763977 5.752258 2.056274
22248 1444827817.559378 23.779907 -51.326752 -124.609955 -2.770386 5.758667 2.046509
22249 1444827817.569458 23.779907 -51.281128 -125.042816 -2.767639 5.758667 2.026367
22250 1444827817.579535 23.779907 -51.18988 -125.096924 -2.749329 5.75592 2.027588
22251 1444827817.589615 23.861206 -51.144257 -125.367462 -2.73468 5.765076 2.017212
22252 1444827817.599679 23.861206 -51.372375 -125.692108 -2.720032 5.768738 2.008057
22253 1444827817.609747 24.064453 -51.372375 -125.854431 -2.707214 5.759583 2.011108
22254 1444827817.619816 23.901855 -51.691742 -125.746216 -2.698059 5.769653 1.991577
22255 1444827817.629880 24.064453 -51.417999 -125.746216 -2.707214 5.762329 2.017822
22256 1444827817.639954 23.901855 -51.235504 -125.313354 -2.704468 5.768738 2.000732
22257 1444827817.650035 23.983154 -51.18988 -124.880493 -2.728271 5.773315 1.986694
22258 1444827817.660096 23.983154 -51.18988 -124.664062 -2.73468 5.761414 2.006226
22259 1444827817.670160 23.820557 -51.007385 -124.177094 -2.757568 5.769653 1.990356
22260 1444827817.680235 23.861206 -51.007385 -123.960663 -2.778625 5.759583 2.005005
22261 1444827817.690298 23.698608 -51.144257 -123.690125 -2.780457 5.761414 2.015991
22262 1444827817.700389 23.61731 -51.235504 -123.744232 -2.775879 5.762329 2.010498
22263 1444827817.710477 23.779907 -51.235504 -123.906555 -2.770386 5.753174 2.03064
22264 1444827817.720502 23.901855 -51.281128 -123.906555 -2.756653 5.742188 2.06543
22265 1444827817.730564 23.698608 -51.737366 -124.285309 -2.752991 5.75592 2.047729
22266 1444827817.740626 23.779907 -51.554871 -124.880493 -2.744751 5.747681 2.062378
22267 1444827817.750689 23.942505 -51.417999 -124.772278 -2.731018 5.746765 2.062378
22268 1444827817.760813 24.023804 -51.372375 -125.42157 -2.735596 5.753174 2.044678
22269 1444827817.770874 23.983154 -51.18988 -125.42157 -2.736511 5.756836 2.041016
22270 1444827817.780894 23.779907 -51.554871 -125.42157 -2.743835 5.7724 2.025146
22271 1444827817.790956 23.779907 -51.554871 -125.800323 -2.743835 5.778809 1.999512
22272 1444827817.801018 23.861206 -51.235504 -125.367462 -2.731018 5.784302 2.006836
22273 1444827817.811080 23.820557 -51.417999 -125.746216 -2.720947 5.776062 2.016602
22274 1444827817.821141 23.739258 -51.463623 -125.583893 -2.713623 5.788879 1.994629
22275 1444827817.831210 23.942505 -51.372375 -125.367462 -2.705383 5.783386 2.006836
22276 1444827817.841335 23.861206 -51.417999 -125.096924 -2.718201 5.779724 2.017212
22277 1444827817.851426 23.779907 -51.463623 -124.71817 -2.717285 5.791626 2.005615
22278 1444827817.861507 23.861206 -51.326752 -124.231201 -2.735596 5.786133 2.015991
22279 1444827817.871569 23.861206 -51.235504 -124.014771 -2.749329 5.784302 2.028198
22280 1444827817.881631 23.61731 -51.463623 -123.690125 -2.766724 5.797119 1.999512
22281 1444827817.891694 23.779907 -51.053009 -123.473694 -2.775879 5.778809 2.023926
22282 1444827817.901758 23.61731 -51.053009 -123.527802 -2.774963 5.776978 2.03125
22283 1444827817.911821 23.820557 -51.144257 -123.906555 -2.770386 5.784302 2.025757
22284 1444827817.921899 23.901855 -51.281128 -124.014771 -2.765808 5.774231 2.041016
22285 1444827817.931961 23.61731 -51.554871 -124.664062 -2.747498 5.779724 2.036743
22286 1444827817.942023 23.779907 -51.600494 -124.880493 -2.738342 5.767822 2.062378
22287 1444827817.952085 23.861206 -51.372375 -125.42157 -2.713623 5.779724 2.051392
22288 1444827817.962149 23.698608 -51.737366 -125.638 -2.720032 5.778809 2.041626
22289 1444827817.972229 23.942505 -51.646118 -126.124969 -2.711792 5.7724 2.041626
22290 1444827817.982296 23.820557 -51.463623 -125.583893 -2.720032 5.787964 2.030029
22291 1444827817.992373 23.861206 -51.463623 -126.016754 -2.729187 5.79071 2.020264
22292 1444827818.002489 23.779907 -51.646118 -125.529785 -2.730103 5.785217 2.007446
22293 1444827818.012558 23.861206 -51.18988 -125.529785 -2.733765 5.785217 2.009277
22294 1444827818.022622 23.739258 -51.098633 -125.096924 -2.72644 5.787964 2.006226
22295 1444827818.032683 23.861206 -51.326752 -125.042816 -2.737427 5.776062 2.001953
22296 1444827818.042707 23.779907 -51.463623 -124.826385 -2.731934 5.781555 2.004395
22297 1444827818.052780 23.779907 -51.326752 -124.285309 -2.732849 5.782471 2.015381
22298 1444827818.062900 23.942505 -51.326752 -124.177094 -2.74292 5.770569 2.022095
22299 1444827818.072962 23.657959 -51.372375 -123.906555 -2.746582 5.7724 2.018433
22300 1444827818.083026 23.820557 -51.144257 -123.906555 -2.750244 5.765991 2.022705
22301 1444827818.093089 23.820557 -51.235504 -123.473694 -2.766724 5.762329 2.032471
22302 1444827818.103187 23.57666 -51.18988 -123.852448 -2.768555 5.775146 2.006226
22303 1444827818.113263 23.861206 -51.235504 -124.014771 -2.772217 5.748596 2.042847
22304 1444827818.123301 23.820557 -51.053009 -124.50174 -2.758484 5.76416 2.028198
22305 1444827818.133362 23.779907 -51.326752 -124.71817 -2.756653 5.756836 2.03125
22306 1444827818.143450 23.942505 -51.554871 -125.259247 -2.75116 5.751343 2.042236
22307 1444827818.153537 23.901855 -51.554871 -125.313354 -2.724609 5.75592 2.034302
22308 1444827818.163611 23.861206 -51.554871 -125.962646 -2.720947 5.757751 2.033081
22309 1444827818.173675 23.942505 -51.554871 -126.016754 -2.707214 5.750427 2.039795
22310 1444827818.183747 23.861206 -51.600494 -126.233185 -2.713623 5.760498 2.028198
22311 1444827818.193810 23.983154 -51.463623 -125.800323 -2.710876 5.75592 2.025757
22312 1444827818.203876 24.064453 -51.463623 -125.746216 -2.72644 5.751343 2.027588
22313 1444827818.213905 23.820557 -51.463623 -125.367462 -2.729187 5.758667 2.002563
22314 1444827818.223967 24.105103 -51.281128 -124.988708 -2.748413 5.758667 2.025757
22315 1444827818.234030 23.820557 -51.417999 -124.609955 -2.752075 5.758667 2.001343
22316 1444827818.244085 23.657959 -51.326752 -124.339417 -2.758484 5.774231 2.009888
22317 1444827818.254150 23.820557 -51.372375 -123.852448 -2.760315 5.753174 2.022705
22318 1444827818.264242 23.657959 -51.144257 -124.014771 -2.75116 5.776062 2.009277
22319 1444827818.274305 23.861206 -51.235504 -123.960663 -2.749329 5.768738 2.021484
22320 1444827818.284367 23.61731 -51.554871 -123.79834 -2.757568 5.76416 2.03186
22321 1444827818.294419 23.779907 -51.235504 -124.068878 -2.75116 5.767822 2.01416
22322 1444827818.304481 23.942505 -51.463623 -124.285309 -2.757568 5.757751 2.032471
22323 1444827818.314542 23.698608 -51.281128 -124.447632 -2.752075 5.777893 2.015381
22324 1444827818.324613 23.820557 -51.372375 -124.609955 -2.748413 5.765076 2.027588
22325 1444827818.334674 23.779907 -51.463623 -125.096924 -2.749329 5.766907 2.033691
22326 1444827818.344748 23.820557 -51.600494 -125.583893 -2.741089 5.776978 2.01355
22327 1444827818.354832 23.861206 -51.417999 -125.854431 -2.72644 5.778809 2.036133
22328 1444827818.364894 23.657959 -51.554871 -125.800323 -2.713623 5.78064 2.025146
22329 1444827818.374956 23.942505 -51.509247 -126.179077 -2.718201 5.775146 2.036133
22330 1444827818.385020 23.739258 -51.600494 -126.124969 -2.704468 5.78064 2.020874
22331 1444827818.395082 23.739258 -51.509247 -125.854431 -2.707214 5.7724 2.03186
22332 1444827818.405185 23.657959 -51.600494 -125.638 -2.720032 5.788879 2.025757
22333 1444827818.415254 23.779907 -51.281128 -125.259247 -2.73468 5.771484 2.024536
22334 1444827818.425317 23.942505 -51.417999 -125.475677 -2.76947 5.731201 2.020264
22335 1444827818.435382 23.536011 -51.372375 -124.664062 -2.752075 5.74585 2.026978
22336 1444827818.445444 23.861206 -51.053009 -125.151031 -2.759399 5.762329 2.017822
22337 1444827818.455512 23.698608 -51.235504 -124.934601 -2.767639 5.741272 2.040405
22338 1444827818.465594 23.861206 -51.372375 -125.096924 -2.754822 5.722961 2.036743
22339 1444827818.475657 23.820557 -51.463623 -125.367462 -2.725525 5.753174 2.043457
22340 1444827818.485722 23.983154 -51.646118 -124.880493 -2.712708 5.793457 2.053833
22341 1444827818.495806 24.105103 -51.646118 -125.096924 -2.722778 5.798035 2.039795
22342 1444827818.505871 23.901855 -51.554871 -124.231201 -2.712708 5.782471 2.029419
22343 1444827818.515929 24.064453 -51.281128 -123.527802 -2.748413 5.7724 2.022095
22344 1444827818.525991 23.779907 -51.18988 -123.473694 -2.766724 5.767822 1.993408
22345 1444827818.536053 23.820557 -50.870514 -123.040833 -2.794189 5.751343 1.990967
22346 1444827818.546116 23.820557 -50.870514 -123.040833 -2.775879 5.744934 1.986694
22347 1444827818.556149 23.739258 -51.098633 -123.040833 -2.779541 5.755005 1.980591
22348 1444827818.566239 23.657959 -51.098633 -123.365479 -2.756653 5.768738 1.984863
22349 1444827818.576300 23.820557 -51.235504 -123.690125 -2.750244 5.7724 2.003784
22350 1444827818.586363 23.901855 -51.326752 -124.664062 -2.722778 5.79071 2.004395
22351 1444827818.596424 23.861206 -51.554871 -124.934601 -2.709961 5.796204 2.024536
22352 1444827818.606487 24.064453 -51.554871 -125.746216 -2.703552 5.803528 2.024536
22353 1444827818.616549 23.901855 -51.78299 -125.854431 -2.706299 5.813599 2.034302
22354 1444827818.626612 23.901855 -51.691742 -126.179077 -2.709961 5.803528 2.037354
22355 1444827818.636679 23.820557 -51.737366 -126.124969 -2.719116 5.795288 2.042847
22356 1444827818.646782 23.779907 -51.417999 -126.124969 -2.730103 5.789795 2.042847
22357 1444827818.656847 23.61731 -51.554871 -125.800323 -2.754822 5.773315 2.037964
22358 1444827818.666908 23.61731 -51.417999 -125.638 -2.755737 5.776062 2.038574
22359 1444827818.676960 23.779907 -51.372375 -125.259247 -2.752991 5.771484 2.052002
22360 1444827818.687023 23.779907 -51.326752 -125.313354 -2.737427 5.786133 2.047729
22361 1444827818.697105 23.698608 -51.600494 -125.096924 -2.729187 5.801697 2.049561
22362 1444827818.707167 23.657959 -51.78299 -124.988708 -2.713623 5.818176 2.036133
22363 1444827818.717248 23.779907 -51.646118 -124.664062 -2.713623 5.826416 2.052002
22364 1444827818.727313 23.901855 -51.372375 -124.285309 -2.721863 5.820923 2.033081
22365 1444827818.737377 23.657959 -51.417999 -123.960663 -2.750244 5.837402 2.005005
22366 1444827818.747439 23.739258 -51.053009 -123.79834 -2.750244 5.828247 2.011108
22367 1444827818.757500 23.820557 -50.961761 -123.636017 -2.760315 5.817261 1.990356
22368 1444827818.767563 23.698608 -51.053009 -123.636017 -2.774048 5.812683 1.989136
22369 1444827818.777646 23.61731 -50.961761 -123.79834 -2.756653 5.814514 1.981812
22370 1444827818.787761 23.739258 -51.235504 -124.231201 -2.740173 5.795288 1.997681
22371 1444827818.797823 23.57666 -51.417999 -124.880493 -2.724609 5.795288 2.007446
22372 1444827818.807889 23.942505 -51.417999 -125.205139 -2.712708 5.785217 2.021484
22373 1444827818.817955 23.861206 -51.509247 -125.638 -2.707214 5.797119 2.034302
22374 1444827818.828014 23.942505 -51.509247 -125.800323 -2.698059 5.79895 2.041016
22375 1444827818.838077 23.942505 -51.78299 -126.016754 -2.706299 5.796204 2.046509
22376 1444827818.848138 23.901855 -51.78299 -126.016754 -2.72644 5.792542 2.04834
22377 1444827818.858191 23.942505 -51.235504 -125.692108 -2.725525 5.784302 2.047119
22378 1444827818.868252 23.983154 -51.463623 -125.42157 -2.744751 5.767822 2.053223
22379 1444827818.878314 23.739258 -51.463623 -125.313354 -2.757568 5.770569 2.037964
22380 1444827818.888375 23.820557 -51.281128 -124.664062 -2.763977 5.744934 2.050171
22381 1444827818.898439 23.739258 -51.463623 -124.934601 -2.764893 5.758667 2.029419
22382 1444827818.908496 23.779907 -51.509247 -124.50174 -2.748413 5.742188 2.028809
22383 1444827818.918559 23.779907 -51.281128 -124.50174 -2.73468 5.744019 2.017822
22384 1444827818.928636 23.901855 -51.554871 -124.50174 -2.740173 5.754089 2.017212
22385 1444827818.938698 23.779907 -51.417999 -124.71817 -2.724609 5.767822 1.991577
22386 1444827818.948759 24.023804 -51.326752 -124.177094 -2.72644 5.762329 2.005615
22387 1444827818.958823 23.820557 -51.326752 -124.447632 -2.730103 5.785217 1.992798
22388 1444827818.968884 23.942505 -51.18988 -124.068878 -2.729187 5.781555 1.984253
22389 1444827818.978941 24.023804 -51.098633 -124.122986 -2.75116 5.762329 1.997681
22390 1444827818.989004 23.820557 -51.326752 -124.50174 -2.755737 5.759583 1.992798
22391 1444827818.999067 23.779907 -51.18988 -124.231201 -2.755737 5.744019 2.004395
22392 1444827819.009128 24.023804 -51.281128 -124.609955 -2.760315 5.727539 2.019653
22393 1444827819.019195 23.779907 -51.326752 -124.826385 -2.752075 5.747681 2.009888
22394 1444827819.029258 23.779907 -51.554871 -124.826385 -2.755737 5.72937 2.037964
22395 1444827819.039288 23.779907 -51.463623 -125.367462 -2.740173 5.730286 2.037354
22396 1444827819.049349 23.779907 -51.417999 -125.313354 -2.732849 5.748596 2.047119
22397 1444827819.059411 23.901855 -51.463623 -125.854431 -2.729187 5.752258 2.053223
22398 1444827819.069450 23.779907 -51.463623 -125.908539 -2.720032 5.765991 2.042847
22399 1444827819.079511 24.064453 -51.600494 -125.746216 -2.721863 5.758667 2.053223
22400 1444827819.089571 23.739258 -51.646118 -125.42157 -2.737427 5.775146 2.036133
22401 1444827819.099632 24.023804 -51.281128 -125.42157 -2.737427 5.773315 2.033081
22402 1444827819.109723 23.657959 -51.18988 -125.151031 -2.735596 5.775146 2.011719
22403 1444827819.119785 23.61731 -51.372375 -124.772278 -2.74292 5.777893 2.006226
22404 1444827819.129847 23.820557 -51.281128 -124.609955 -2.744751 5.774231 1.998901
22405 1444827819.139908 23.820557 -51.098633 -124.393524 -2.740173 5.777893 1.998901
22406 1444827819.149971 23.698608 -51.372375 -124.285309 -2.733765 5.787964 1.998291
22407 1444827819.160033 23.901855 -51.144257 -124.447632 -2.724609 5.797119 2.000122
22408 1444827819.170099 23.739258 -51.235504 -124.231201 -2.728271 5.801697 1.998901
22409 1444827819.180162 23.942505 -51.053009 -124.447632 -2.722778 5.811768 2.009277
22410 1444827819.190225 23.779907 -51.372375 -124.393524 -2.742004 5.809021 2.015991
22411 1444827819.200292 23.739258 -51.235504 -124.609955 -2.745667 5.81543 2.015991
22412 1444827819.210354 23.698608 -51.372375 -124.339417 -2.752991 5.801697 2.020264
22413 1444827819.220418 23.779907 -51.417999 -124.664062 -2.748413 5.795288 2.022095
22414 1444827819.230479 23.657959 -51.372375 -124.71817 -2.746582 5.79895 2.033081
22415 1444827819.240541 23.901855 -51.372375 -125.205139 -2.739258 5.79071 2.041016
22416 1444827819.250604 23.820557 -51.326752 -125.42157 -2.731018 5.789795 2.035522
22417 1444827819.260668 23.657959 -51.691742 -125.475677 -2.731934 5.797119 2.047119
22418 1444827819.270730 23.901855 -51.554871 -125.746216 -2.722778 5.792542 2.047729
22419 1444827819.280793 23.657959 -51.554871 -126.233185 -2.712708 5.829163 1.997681
22420 1444827819.290855 23.983154 -51.509247 -126.179077 -2.721863 5.817261 1.999512
22421 1444827819.300916 23.942505 -51.463623 -126.070862 -2.705383 5.827332 2.001953
22422 1444827819.310979 23.861206 -51.646118 -125.746216 -2.698059 5.814514 2.023315
22423 1444827819.321042 23.820557 -51.737366 -125.259247 -2.704468 5.801697 2.034912
22424 1444827819.331103 23.657959 -51.554871 -124.934601 -2.703552 5.804443 2.034302
22425 1444827819.341164 23.983154 -51.417999 -124.285309 -2.740173 5.78064 2.060547
22426 1444827819.351227 23.698608 -51.18988 -123.257263 -2.758484 5.78064 2.054443
22427 1444827819.361283 23.61731 -51.509247 -123.149048 -2.799683 5.782471 2.046509
22428 1444827819.371345 23.779907 -50.916138 -122.824402 -2.799683 5.765076 2.050171
22429 1444827819.381410 23.61731 -51.235504 -122.770294 -2.811584 5.774231 2.039185
22430 1444827819.391474 23.57666 -51.372375 -123.311371 -2.799683 5.782471 2.028809
22431 1444827819.401536 23.739258 -51.281128 -123.744232 -2.776794 5.770569 2.053833
22432 1444827819.411618 23.698608 -51.463623 -124.555847 -2.75116 5.782471 2.034302
22433 1444827819.421660 23.942505 -51.554871 -125.367462 -2.718201 5.777893 2.039185
22434 1444827819.431721 24.064453 -51.509247 -125.854431 -2.698975 5.775146 2.039795
22435 1444827819.441783 23.861206 -51.78299 -126.124969 -2.683411 5.788879 2.023315
22436 1444827819.451844 24.023804 -51.646118 -126.882477 -2.683411 5.78064 2.009277
22437 1444827819.461907 23.983154 -51.509247 -126.3414 -2.684326 5.765991 2.014771
22438 1444827819.471970 23.901855 -51.509247 -126.611938 -2.696228 5.777893 1.975708
22439 1444827819.482032 23.901855 -51.509247 -125.908539 -2.724609 5.765991 2.001953
22440 1444827819.492132 23.942505 -51.326752 -125.692108 -2.737427 5.765991 1.994629
22441 1444827819.502222 23.861206 -51.235504 -124.934601 -2.743835 5.76416 1.995239
22442 1444827819.512301 23.861206 -51.326752 -124.609955 -2.759399 5.759583 2.009277
22443 1444827819.522392 23.698608 -51.326752 -123.906555 -2.742004 5.760498 2.015991
22444 1444827819.532463 23.820557 -51.281128 -123.744232 -2.759399 5.758667 2.034302
22445 1444827819.542525 23.779907 -51.326752 -123.365479 -2.750244 5.748596 2.045898
22446 1444827819.552588 23.657959 -51.417999 -123.149048 -2.763062 5.754089 2.047119
22447 1444827819.562716 23.779907 -51.18988 -123.257263 -2.771301 5.753174 2.061768
22448 1444827819.572772 23.739258 -51.18988 -123.365479 -2.76947 5.755005 2.044067
22449 1444827819.582835 23.779907 -51.281128 -123.203156 -2.781372 5.756836 2.039795
22450 1444827819.592897 23.739258 -51.144257 -123.852448 -2.773132 5.765991 2.03064
22451 1444827819.602977 23.779907 -51.372375 -124.068878 -2.76947 5.751343 2.024536
22452 1444827819.613047 23.901855 -51.235504 -124.609955 -2.750244 5.751343 2.022095
22453 1444827819.623109 23.861206 -51.281128 -125.529785 -2.729187 5.744019 2.027588
22454 1444827819.633170 23.901855 -51.554871 -125.962646 -2.713623 5.758667 2.005615
22455 1444827819.643245 24.023804 -51.646118 -126.3414 -2.696228 5.760498 2.009277
22456 1444827819.653344 23.901855 -51.737366 -126.611938 -2.686157 5.775146 2.008057
22457 1444827819.663412 24.105103 -51.600494 -126.666046 -2.674255 5.782471 2.001343
22458 1444827819.673449 24.023804 -51.554871 -126.3414 -2.690735 5.779724 2.025757
22459 1444827819.683542 23.820557 -51.646118 -126.179077 -2.703552 5.79895 2.000122
22460 1444827819.693556 23.901855 -51.417999 -125.42157 -2.729187 5.785217 2.006836
22461 1444827819.703617 23.861206 -51.18988 -124.50174 -2.747498 5.776978 2.017212
22462 1444827819.713895 23.779907 -51.18988 -124.177094 -2.763977 5.778809 2.01355
22463 1444827819.723933 23.61731 -51.144257 -123.473694 -2.775879 5.766907 2.024536
22464 1444827819.734009 23.698608 -51.053009 -123.365479 -2.772217 5.754089 2.040405
22465 1444827819.744050 23.698608 -51.18988 -123.257263 -2.773132 5.76416 2.033691
22466 1444827819.754119 23.861206 -51.18988 -123.257263 -2.760315 5.76416 2.052002
22467 1444827819.764313 23.698608 -51.509247 -123.473694 -2.763062 5.770569 2.046509
22468 1444827819.774364 23.820557 -51.235504 -123.690125 -2.752991 5.7724 2.057495
22469 1444827819.784426 23.698608 -51.600494 -124.339417 -2.749329 5.789795 2.029419
22470 1444827819.794489 23.901855 -51.372375 -124.772278 -2.740173 5.789795 2.033691
22471 1444827819.804560 23.739258 -51.372375 -124.988708 -2.735596 5.791626 2.022095
22472 1444827819.814702 23.901855 -51.417999 -125.746216 -2.730103 5.783386 2.012939
22473 1444827819.824763 23.942505 -51.463623 -125.854431 -2.724609 5.79071 2.009888
22474 1444827819.834830 23.820557 -51.463623 -126.124969 -2.709045 5.786133 2.011108
22475 1444827819.844896 23.901855 -51.554871 -126.449615 -2.702637 5.789795 2.002563
22476 1444827819.854961 23.901855 -51.509247 -126.233185 -2.695312 5.782471 2.006226
22477 1444827819.865043 23.820557 -51.78299 -125.962646 -2.697144 5.783386 2.026978
22478 1444827819.875096 23.698608 -51.78299 -126.124969 -2.69989 5.786133 2.005005
22479 1444827819.885156 23.861206 -51.509247 -125.096924 -2.71637 5.784302 2.039185
22480 1444827819.895223 23.820557 -51.326752 -124.934601 -2.731934 5.784302 2.022705
22481 1444827819.905287 23.779907 -51.326752 -124.068878 -2.755737 5.782471 2.023926
22482 1444827819.915349 23.657959 -51.509247 -123.636017 -2.77771 5.783386 2.028198
22483 1444827819.925366 23.820557 -50.961761 -123.149048 -2.776794 5.781555 2.027588
22484 1444827819.935430 23.657959 -51.098633 -123.149048 -2.793274 5.775146 2.034302
22485 1444827819.945499 23.61731 -51.098633 -123.311371 -2.778625 5.765991 2.027588
22486 1444827819.955590 23.61731 -51.144257 -123.257263 -2.772217 5.774231 2.023926
22487 1444827819.965698 23.657959 -51.281128 -123.690125 -2.763062 5.759583 2.039795
22488 1444827819.975761 23.698608 -51.326752 -124.393524 -2.737427 5.763245 2.027588
22489 1444827819.985822 23.901855 -51.417999 -124.826385 -2.722778 5.763245 2.027588
22490 1444827819.995883 23.820557 -51.554871 -125.475677 -2.718201 5.776062 2.019043
22491 1444827820.005946 23.901855 -51.372375 -125.800323 -2.710876 5.770569 2.015991
22492 1444827820.016064 24.064453 -51.554871 -126.124969 -2.715454 5.777893 2.008057
22493 1444827820.026125 23.861206 -51.417999 -125.908539 -2.719116 5.777893 2.005005
22494 1444827820.036187 23.820557 -51.463623 -125.962646 -2.71637 5.778809 2.002563
22495 1444827820.046253 23.983154 -51.463623 -125.854431 -2.720947 5.776062 1.999512
22496 1444827820.056313 23.983154 -51.372375 -125.638 -2.719116 5.773315 2.003784
22497 1444827820.066373 23.901855 -51.372375 -125.367462 -2.718201 5.761414 2.01416
22498 1444827820.076437 23.901855 -51.417999 -125.367462 -2.729187 5.765076 2.025757
22499 1444827820.086498 23.779907 -51.326752 -124.609955 -2.731018 5.75592 2.025757
22500 1444827820.096558 23.779907 -51.372375 -124.177094 -2.748413 5.750427 2.034912
22501 1444827820.106595 23.820557 -51.326752 -123.852448 -2.757568 5.754089 2.041626
22502 1444827820.116672 23.861206 -51.372375 -123.365479 -2.768555 5.755005 2.036743
22503 1444827820.126748 23.820557 -51.235504 -123.473694 -2.771301 5.765991 2.028809
22504 1444827820.136810 23.861206 -51.18988 -123.311371 -2.78595 5.758667 2.045288
22505 1444827820.146869 23.739258 -51.144257 -123.257263 -2.776794 5.761414 2.028809
22506 1444827820.156932 23.861206 -51.235504 -123.906555 -2.773132 5.766907 2.033691
22507 1444827820.166995 23.779907 -51.235504 -124.231201 -2.755737 5.771484 2.018433
22508 1444827820.177063 23.901855 -51.326752 -124.609955 -2.738342 5.761414 2.025757
22509 1444827820.187137 23.983154 -51.372375 -125.096924 -2.728271 5.766907 2.033081
22510 1444827820.197199 23.861206 -51.600494 -125.583893 -2.702637 5.767822 2.014771
22511 1444827820.207261 24.186401 -51.509247 -125.962646 -2.698059 5.763245 2.015991
22512 1444827820.217310 23.861206 -51.554871 -125.962646 -2.69989 5.774231 2.03186
22513 1444827820.227372 23.820557 -51.600494 -126.070862 -2.707214 5.782471 2.003174
22514 1444827820.237435 23.983154 -51.417999 -125.583893 -2.710876 5.783386 2.025757
22515 1444827820.247502 23.820557 -51.691742 -125.583893 -2.728271 5.788879 2.019043
22516 1444827820.257564 23.983154 -51.372375 -124.934601 -2.736511 5.789795 2.01355
22517 1444827820.267640 23.901855 -51.281128 -124.50174 -2.741089 5.781555 2.019043
22518 1444827820.277683 23.739258 -51.281128 -124.393524 -2.748413 5.781555 2.01416
22519 1444827820.287794 23.861206 -51.144257 -124.014771 -2.752991 5.775146 2.025146
22520 1444827820.297861 23.739258 -51.281128 -123.852448 -2.755737 5.768738 2.034302
22521 1444827820.307968 23.739258 -51.281128 -123.636017 -2.759399 5.776062 2.027588
22522 1444827820.318065 23.779907 -51.18988 -123.527802 -2.750244 5.773315 2.036133
22523 1444827820.328114 23.57666 -51.417999 -123.473694 -2.759399 5.788879 2.039185
22524 1444827820.338208 23.861206 -51.098633 -124.014771 -2.746582 5.785217 2.029419
22525 1444827820.348267 23.779907 -51.326752 -123.852448 -2.756653 5.789795 2.029419
22526 1444827820.358463 23.657959 -51.235504 -124.285309 -2.742004 5.810852 2.020264
22527 1444827820.368495 23.861206 -51.326752 -124.447632 -2.739258 5.817261 2.019043
22528 1444827820.378560 23.983154 -51.372375 -124.71817 -2.727356 5.813599 2.016602
22529 1444827820.388586 23.779907 -51.326752 -125.42157 -2.724609 5.802612 2.003174
22530 1444827820.398668 23.861206 -51.463623 -125.638 -2.727356 5.792542 2.001343
22531 1444827820.408754 23.61731 -51.281128 -125.638 -2.720947 5.776978 2.000122
22532 1444827820.418838 23.861206 -51.372375 -125.800323 -2.70813 5.773315 2.003784
22533 1444827820.428903 23.739258 -51.600494 -125.529785 -2.696228 5.802612 2.014771
22534 1444827820.438968 24.023804 -51.509247 -126.070862 -2.712708 5.791626 2.012329
22535 1444827820.449031 23.739258 -51.509247 -125.529785 -2.718201 5.778809 2.020264
22536 1444827820.459154 23.779907 -51.600494 -125.529785 -2.729187 5.777893 2.030029
22537 1444827820.469288 23.901855 -51.509247 -125.583893 -2.746582 5.774231 2.03064
22538 1444827820.479389 23.739258 -51.417999 -125.151031 -2.753906 5.76416 2.026367
22539 1444827820.489452 23.657959 -51.509247 -124.988708 -2.752991 5.769653 2.044678
22540 1444827820.499523 23.779907 -51.509247 -124.555847 -2.75116 5.767822 2.04834
22541 1444827820.509587 23.698608 -51.372375 -124.393524 -2.752991 5.763245 2.042847
22542 1444827820.519656 23.861206 -51.554871 -124.826385 -2.759399 5.74585 2.038574
22543 1444827820.529746 23.779907 -51.372375 -124.50174 -2.747498 5.736694 2.028809
22544 1444827820.539846 23.698608 -51.417999 -124.177094 -2.748413 5.74585 2.027588
22545 1444827820.549915 23.820557 -51.372375 -124.393524 -2.752075 5.747681 2.011719
22546 1444827820.559980 23.901855 -51.281128 -124.231201 -2.754822 5.744934 2.009277
22547 1444827820.570043 23.698608 -51.18988 -124.447632 -2.741089 5.748596 1.993408
22548 1444827820.580105 23.942505 -51.18988 -124.555847 -2.740173 5.742188 1.995239
22549 1444827820.590171 23.861206 -51.281128 -124.664062 -2.743835 5.746765 1.984863
22550 1444827820.600274 23.942505 -51.372375 -124.934601 -2.744751 5.74585 1.981812
22551 1444827820.610337 23.901855 -51.326752 -125.151031 -2.737427 5.740356 1.992798
22552 1444827820.620364 23.779907 -51.326752 -125.042816 -2.730103 5.744934 2.005005
22553 1444827820.630427 23.901855 -51.417999 -125.313354 -2.723694 5.750427 1.994019
22554 1444827820.640517 24.023804 -51.509247 -125.42157 -2.727356 5.726624 2.032471
22555 1444827820.650580 23.901855 -51.509247 -125.42157 -2.728271 5.72937 2.024536
22556 1444827820.660668 23.942505 -51.554871 -125.096924 -2.733765 5.718384 2.033691
22557 1444827820.670742 23.779907 -51.372375 -125.259247 -2.747498 5.733948 2.033081
22558 1444827820.680806 23.983154 -51.326752 -124.664062 -2.763062 5.722961 2.039185
22559 1444827820.690871 23.698608 -51.281128 -124.609955 -2.763977 5.73761 2.036743
22560 1444827820.700924 23.942505 -51.281128 -124.447632 -2.770386 5.72937 2.049561
22561 1444827820.711010 23.820557 -51.372375 -124.447632 -2.759399 5.744019 2.039185
22562 1444827820.721113 23.901855 -51.554871 -124.664062 -2.752075 5.744934 2.040405
22563 1444827820.731263 23.820557 -51.326752 -124.609955 -2.738342 5.74585 2.034302
22564 1444827820.741317 23.820557 -51.509247 -124.71817 -2.737427 5.759583 2.021484
22565 1444827820.751419 23.942505 -51.600494 -124.880493 -2.748413 5.76416 2.026978
22566 1444827820.761485 23.861206 -51.281128 -124.50174 -2.728271 5.773315 2.004395
22567 1444827820.771563 23.820557 -51.326752 -124.880493 -2.738342 5.784302 2.008057
22568 1444827820.781639 23.942505 -51.281128 -125.042816 -2.728271 5.767822 1.997681
22569 1444827820.791748 23.698608 -51.463623 -124.71817 -2.739258 5.79071 1.994629
22570 1444827820.801787 23.901855 -51.281128 -124.988708 -2.727356 5.79071 2.006836
22571 1444827820.811890 23.861206 -51.281128 -124.826385 -2.730103 5.797119 2.001343
22572 1444827820.821968 23.739258 -51.372375 -124.988708 -2.731934 5.800781 1.993408
22573 1444827820.832032 23.861206 -51.326752 -124.988708 -2.738342 5.800781 2.036133
22574 1444827820.842104 23.657959 -51.372375 -124.71817 -2.724609 5.795288 2.01355
22575 1444827820.852166 23.779907 -51.828613 -124.988708 -2.740173 5.797119 2.027588
22576 1444827820.862244 23.779907 -51.463623 -125.151031 -2.732849 5.793457 2.046509
22577 1444827820.872324 23.779907 -51.372375 -124.71817 -2.73468 5.79071 2.040405
22578 1444827820.882387 23.739258 -51.463623 -124.880493 -2.739258 5.796204 2.044678
22579 1444827820.892452 23.739258 -51.417999 -124.880493 -2.744751 5.79895 2.040405
22580 1444827820.902514 23.820557 -51.372375 -124.555847 -2.752075 5.789795 2.041626
22581 1444827820.912667 23.698608 -51.372375 -124.772278 -2.752075 5.793457 2.032471
22582 1444827820.922750 23.698608 -51.18988 -124.71817 -2.742004 5.792542 2.032471
22583 1444827820.932814 23.61731 -51.417999 -124.880493 -2.740173 5.799866 2.026978
22584 1444827820.942876 23.739258 -51.326752 -124.988708 -2.731934 5.803528 2.026978
22585 1444827820.952932 23.779907 -51.417999 -124.880493 -2.724609 5.798035 2.019043
22586 1444827820.962953 23.698608 -51.417999 -125.096924 -2.725525 5.80719 2.015381
22587 1444827820.973022 23.861206 -51.509247 -125.096924 -2.72644 5.799866 2.008667
22588 1444827820.983083 23.739258 -51.463623 -124.880493 -2.720947 5.804443 1.997681
22589 1444827820.993160 23.901855 -51.281128 -124.826385 -2.727356 5.788879 2.004395
22590 1444827821.003238 23.779907 -51.235504 -124.988708 -2.724609 5.795288 1.994629
22591 1444827821.013301 23.779907 -51.18988 -124.609955 -2.737427 5.791626 1.99646
22592 1444827821.023364 23.698608 -51.372375 -124.393524 -2.743835 5.776062 2.001343
22593 1444827821.033426 23.779907 -51.326752 -124.826385 -2.74292 5.776978 2.008057
22594 1444827821.043492 23.698608 -51.281128 -124.555847 -2.743835 5.7724 2.015991
22595 1444827821.053554 23.820557 -51.372375 -124.609955 -2.746582 5.765076 2.01416
22596 1444827821.063619 23.57666 -51.463623 -124.50174 -2.745667 5.763245 2.025757
22597 1444827821.073682 23.861206 -51.281128 -124.826385 -2.749329 5.747681 2.035522
22598 1444827821.083775 23.861206 -51.372375 -124.555847 -2.746582 5.747681 2.038574
22599 1444827821.093837 23.942505 -51.463623 -125.042816 -2.753906 5.743103 2.033081
22600 1444827821.103920 23.820557 -51.372375 -124.772278 -2.743835 5.73761 2.037354
22601 1444827821.114004 23.861206 -51.372375 -124.934601 -2.75116 5.738525 2.033691
22602 1444827821.124067 23.861206 -51.326752 -125.042816 -2.746582 5.733032 2.016602
22603 1444827821.134129 23.942505 -51.372375 -125.042816 -2.747498 5.739441 2.016602
22604 1444827821.144194 23.901855 -51.281128 -124.880493 -2.746582 5.742188 2.015991
22605 1444827821.154266 23.983154 -51.235504 -124.988708 -2.740173 5.735779 2.015991
22606 1444827821.164330 23.861206 -51.417999 -125.151031 -2.73468 5.743103 1.99585
22607 1444827821.174450 23.861206 -51.281128 -124.880493 -2.732849 5.741272 2.006836
22608 1444827821.184539 23.861206 -51.372375 -124.880493 -2.731018 5.734863 2.001953
22609 1444827821.194584 23.861206 -51.372375 -125.042816 -2.729187 5.742188 2.001343
22610 1444827821.204646 23.942505 -51.417999 -124.826385 -2.742004 5.744934 2.000122
22611 1444827821.214710 23.983154 -51.235504 -124.664062 -2.736511 5.744019 2.001343
22612 1444827821.224772 23.861206 -51.372375 -124.664062 -2.753906 5.743103 2.008057
22613 1444827821.234874 23.779907 -51.326752 -124.393524 -2.759399 5.747681 1.998291
22614 1444827821.244978 23.901855 -51.463623 -124.50174 -2.755737 5.74585 2.01355
22615 1444827821.255040 23.779907 -51.281128 -124.393524 -2.752991 5.750427 2.025757
22616 1444827821.265123 23.861206 -51.372375 -124.664062 -2.748413 5.749512 2.019653
22617 1444827821.275186 23.861206 -51.417999 -124.555847 -2.748413 5.757751 2.022095
22618 1444827821.285248 23.861206 -51.281128 -124.826385 -2.743835 5.755005 2.037354
22619 1444827821.295325 23.779907 -51.281128 -124.772278 -2.736511 5.759583 2.034302
22620 1444827821.305417 23.901855 -51.417999 -125.042816 -2.741089 5.765991 2.027588
22621 1444827821.315525 23.861206 -51.417999 -125.042816 -2.735596 5.765991 2.040405
22622 1444827821.325712 23.861206 -51.417999 -125.205139 -2.733765 5.776062 2.017212
22623 1444827821.336038 23.942505 -51.326752 -125.205139 -2.735596 5.775146 2.022705
22624 1444827821.346387 23.698608 -51.372375 -125.313354 -2.730103 5.788879 2.006836
22625 1444827821.356501 23.820557 -51.463623 -125.042816 -2.741089 5.789795 2.016602
22626 1444827821.366575 23.820557 -51.326752 -124.988708 -2.727356 5.798035 2.008667
22627 1444827821.376634 23.901855 -51.326752 -124.934601 -2.72644 5.79895 2.001953
22628 1444827821.386699 23.861206 -51.235504 -124.988708 -2.729187 5.787964 2.015381
22629 1444827821.396761 23.698608 -51.326752 -124.609955 -2.725525 5.809937 2.002563
22630 1444827821.406822 23.820557 -51.326752 -124.447632 -2.738342 5.805359 2.015991
22631 1444827821.416917 23.820557 -51.372375 -124.555847 -2.73468 5.808105 2.006836
22632 1444827821.426978 23.657959 -51.281128 -124.285309 -2.737427 5.803528 2.008667
22633 1444827821.437049 23.739258 -51.372375 -124.447632 -2.747498 5.801697 2.030029
22634 1444827821.447135 23.779907 -51.281128 -124.285309 -2.745667 5.809021 2.03064
22635 1444827821.457202 23.779907 -51.372375 -124.555847 -2.748413 5.794373 2.039795
22636 1444827821.467335 23.657959 -51.326752 -124.447632 -2.747498 5.797119 2.027588
22637 1444827821.477398 23.698608 -51.509247 -124.664062 -2.750244 5.799866 2.025146
22638 1444827821.487463 23.657959 -51.463623 -124.880493 -2.739258 5.796204 2.042847
22639 1444827821.497522 23.779907 -51.463623 -125.205139 -2.739258 5.794373 2.028809
22640 1444827821.507580 23.739258 -51.509247 -125.205139 -2.732849 5.791626 2.028198
22641 1444827821.517638 23.861206 -51.281128 -125.475677 -2.72644 5.79071 2.033081
22642 1444827821.527673 23.820557 -51.235504 -125.529785 -2.720947 5.789795 2.037354
22643 1444827821.537755 23.861206 -51.691742 -125.692108 -2.723694 5.789795 2.019653
22644 1444827821.547801 23.820557 -51.554871 -125.259247 -2.731018 5.786133 2.018433
22645 1444827821.557858 23.820557 -51.281128 -124.988708 -2.720947 5.779724 2.025146
22646 1444827821.567916 24.064453 -51.18988 -124.988708 -2.730103 5.779724 2.01355
22647 1444827821.577973 23.820557 -51.235504 -124.664062 -2.735596 5.783386 2.015381
22648 1444827821.588030 23.983154 -51.281128 -124.772278 -2.752075 5.770569 2.006836
22649 1444827821.598088 23.820557 -51.326752 -124.393524 -2.75116 5.771484 2.014771
22650 1444827821.608145 23.779907 -51.18988 -124.177094 -2.75116 5.767822 2.019043
22651 1444827821.618207 23.983154 -51.326752 -124.285309 -2.745667 5.753174 2.022095
22652 1444827821.628280 23.820557 -51.235504 -124.014771 -2.754822 5.76416 2.025146
22653 1444827821.638344 23.820557 -51.372375 -124.231201 -2.749329 5.74585 2.020264
22654 1444827821.648458 23.820557 -51.372375 -124.339417 -2.755737 5.757751 2.022705
22655 1444827821.658521 23.942505 -51.235504 -124.609955 -2.743835 5.742188 2.037354
22656 1444827821.668582 23.698608 -51.18988 -124.71817 -2.750244 5.744934 2.011719
22657 1444827821.678638 23.942505 -51.18988 -124.826385 -2.745667 5.741272 2.026367
22658 1444827821.688711 23.942505 -51.417999 -124.934601 -2.748413 5.741272 2.020264
22659 1444827821.698774 23.901855 -51.281128 -125.205139 -2.737427 5.743103 2.019043
22660 1444827821.708843 23.820557 -51.417999 -125.367462 -2.740173 5.743103 2.015991
22661 1444827821.718903 23.983154 -51.463623 -125.205139 -2.732849 5.733948 2.021484
22662 1444827821.728966 24.023804 -51.554871 -125.42157 -2.730103 5.741272 2.023315
22663 1444827821.739030 23.901855 -51.554871 -125.205139 -2.733765 5.734863 2.037964
22664 1444827821.749092 23.983154 -51.372375 -125.205139 -2.728271 5.732117 2.036133
22665 1444827821.759156 23.739258 -51.463623 -124.826385 -2.742004 5.74585 2.020874
22666 1444827821.769179 23.901855 -51.372375 -124.826385 -2.748413 5.742188 2.016602
22667 1444827821.779255 23.820557 -51.18988 -124.555847 -2.758484 5.754089 2.011719
22668 1444827821.789318 23.820557 -51.235504 -124.285309 -2.760315 5.747681 2.010498
22669 1444827821.799379 23.861206 -51.326752 -123.960663 -2.756653 5.733948 2.058105
22670 1444827821.809471 23.820557 -51.417999 -124.122986 -2.754822 5.736694 2.068481
22671 1444827821.819617 23.901855 -51.235504 -124.177094 -2.74292 5.749512 2.041016
22672 1444827821.829713 23.779907 -51.372375 -124.014771 -2.765808 5.761414 2.025146
22673 1444827821.839772 23.983154 -51.053009 -123.960663 -2.774048 5.758667 2.021484
22674 1444827821.849877 23.657959 -51.007385 -124.50174 -2.754822 5.783386 1.97998
22675 1444827821.859980 23.901855 -51.098633 -124.772278 -2.754822 5.784302 1.983032
22676 1444827821.870041 23.901855 -51.235504 -125.259247 -2.728271 5.792542 1.967163
