5694 1444996211.383064 -0.040192 -28.906982 -134.360046 -1.360413 -0.455994 0.800171
5695 1444996211.393140 0.080383 -28.863708 -134.360046 -1.358521 -0.45694 0.796692
5696 1444996211.403200 0.040192 -28.863708 -134.416382 -1.360413 -0.457886 0.793213
5697 1444996211.413263 -0.080383 -28.906982 -134.360046 -1.361359 -0.454102 0.797272
5698 1444996211.423307 0.0 -28.950256 -134.529053 -1.360413 -0.457886 0.80191
5699 1444996211.433367 0.0 -28.906982 -134.472717 -1.362305 -0.45694 0.798431
5700 1444996211.443429 -0.160767 -28.99353 -134.416382 -1.361359 -0.455994 0.80423
5701 1444996211.453490 0.040192 -28.950256 -134.360046 -1.360413 -0.45694 0.80191
5702 1444996211.463556 0.0 -28.906982 -134.416382 -1.362305 -0.457886 0.80365
5703 1444996211.473619 0.080383 -28.863708 -134.472717 -1.360413 -0.455048 0.789734
5704 1444996211.483681 -0.120575 -28.950256 -134.472717 -1.362305 -0.453156 0.797852
5705 1444996211.493797 -0.080383 -28.950256 -134.360046 -1.361359 -0.45694 0.792053
5706 1444996211.503921 -0.120575 -28.906982 -134.360046 -1.360413 -0.454102 0.799591
5707 1444996211.513985 -0.080383 -28.950256 -134.416382 -1.361359 -0.453156 0.800171
5708 1444996211.524050 -0.040192 -29.036804 -134.472717 -1.361359 -0.455994 0.799011
5709 1444996211.534111 -0.080383 -28.950256 -134.472717 -1.361359 -0.455994 0.795532
5710 1444996211.544173 0.040192 -28.820435 -134.416382 -1.362305 -0.455048 0.799011
5711 1444996211.554236 0.0 -29.036804 -134.472717 -1.361359 -0.45694 0.792053
5712 1444996211.564298 -0.040192 -28.950256 -134.472717 -1.362305 -0.455048 0.793793
5713 1444996211.574365 -0.200958 -28.950256 -134.416382 -1.361359 -0.453156 0.80365
5714 1444996211.584426 0.040192 -28.950256 -134.416382 -1.361359 -0.455994 0.799011
5715 1444996211.594488 0.0 -29.036804 -134.472717 -1.362305 -0.455994 0.800171
5716 1444996211.604549 -0.080383 -28.99353 -134.585388 -1.361359 -0.451263 0.80307
5717 1444996211.614614 0.0 -28.99353 -134.416382 -1.361359 -0.455048 0.807709
5718 1444996211.624677 -0.080383 -28.99353 -134.247375 -1.361359 -0.453156 0.80481
5719 1444996211.634740 -0.160767 -29.080078 -134.529053 -1.365143 -0.452209 0.800751
5720 1444996211.644802 0.0 -28.99353 -134.360046 -1.361359 -0.453156 0.799591
5721 1444996211.654868 -0.160767 -29.123352 -134.416382 -1.361359 -0.455048 0.805969
5722 1444996211.664933 -0.080383 -28.99353 -134.416382 -1.363251 -0.454102 0.805969
5723 1444996211.675016 -0.120575 -28.99353 -134.416382 -1.361359 -0.454102 0.798431
5724 1444996211.685120 0.0 -28.950256 -134.360046 -1.358521 -0.454102 0.794373
5725 1444996211.695188 -0.040192 -28.950256 -134.472717 -1.360413 -0.455048 0.797272
5726 1444996211.705256 -0.040192 -28.906982 -134.360046 -1.359467 -0.453156 0.799011
5727 1444996211.715320 -0.040192 -28.99353 -134.360046 -1.362305 -0.453156 0.80365
5728 1444996211.725482 -0.120575 -29.036804 -134.416382 -1.362305 -0.454102 0.797272
5729 1444996211.735575 -0.040192 -29.123352 -134.472717 -1.361359 -0.451263 0.80481
5730 1444996211.745638 -0.080383 -28.906982 -134.416382 -1.359467 -0.453156 0.794952
5731 1444996211.755697 0.040192 -28.99353 -134.529053 -1.361359 -0.455048 0.800751
5732 1444996211.765760 -0.200958 -28.950256 -134.416382 -1.361359 -0.452209 0.795532
5733 1444996211.775840 -0.040192 -28.950256 -134.529053 -1.361359 -0.450317 0.800171
5734 1444996211.785881 -0.080383 -28.950256 -134.416382 -1.361359 -0.453156 0.800751
5735 1444996211.795945 -0.080383 -28.99353 -134.472717 -1.361359 -0.452209 0.800171
5736 1444996211.806008 0.040192 -28.950256 -134.360046 -1.360413 -0.451263 0.80365
5737 1444996211.816072 -0.040192 -28.820435 -134.416382 -1.361359 -0.450317 0.796692
5738 1444996211.826194 -0.040192 -29.080078 -134.472717 -1.362305 -0.453156 0.799591
5739 1444996211.836313 -0.120575 -28.863708 -134.472717 -1.362305 -0.452209 0.798431
5740 1444996211.846403 -0.040192 -29.036804 -134.641724 -1.363251 -0.449371 0.795532
5741 1444996211.856473 -0.040192 -28.863708 -134.472717 -1.360413 -0.453156 0.798431
5742 1444996211.866537 -0.040192 -28.950256 -134.472717 -1.362305 -0.447479 0.797272
5743 1444996211.876602 -0.200958 -29.036804 -134.529053 -1.361359 -0.446533 0.800751
5744 1444996211.886669 -0.200958 -28.950256 -134.472717 -1.362305 -0.448425 0.796112
5745 1444996211.896726 -0.160767 -29.036804 -134.529053 -1.362305 -0.448425 0.810608
5746 1444996211.906794 -0.040192 -28.99353 -134.472717 -1.360413 -0.453156 0.797272
5747 1444996211.916857 -0.080383 -28.950256 -134.472717 -1.362305 -0.449371 0.80249
5748 1444996211.926921 -0.200958 -28.950256 -134.472717 -1.361359 -0.447479 0.797272
5749 1444996211.937036 0.040192 -29.036804 -134.416382 -1.361359 -0.452209 0.806549
5750 1444996211.947100 -0.080383 -29.036804 -134.303711 -1.361359 -0.446533 0.806549
5751 1444996211.957163 0.040192 -28.863708 -134.416382 -1.358521 -0.446533 0.805969
5752 1444996211.967228 0.040192 -28.906982 -134.472717 -1.359467 -0.450317 0.796112
5753 1444996211.977305 0.0 -28.99353 -134.303711 -1.362305 -0.447479 0.805389
5754 1444996211.987368 -0.040192 -28.950256 -134.416382 -1.359467 -0.448425 0.796692
5755 1444996211.997452 0.0 -28.863708 -134.360046 -1.361359 -0.450317 0.80365
5756 1444996212.007504 -0.040192 -29.036804 -134.360046 -1.359467 -0.445587 0.800171
5757 1444996212.017566 -0.040192 -28.99353 -134.416382 -1.361359 -0.449371 0.800171
5758 1444996212.027648 -0.080383 -28.906982 -134.416382 -1.358521 -0.448425 0.794373
5759 1444996212.037741 0.040192 -29.080078 -134.472717 -1.361359 -0.448425 0.80365
5760 1444996212.047843 -0.040192 -28.863708 -134.360046 -1.360413 -0.448425 0.80365
5761 1444996212.057908 0.0 -29.036804 -134.360046 -1.361359 -0.446533 0.808289
5762 1444996212.068047 0.080383 -28.950256 -134.585388 -1.359467 -0.449371 0.805389
5763 1444996212.078130 -0.120575 -28.99353 -134.529053 -1.365143 -0.446533 0.80481
5764 1444996212.088210 -0.040192 -28.906982 -134.472717 -1.362305 -0.447479 0.80481
5765 1444996212.098330 -0.040192 -28.99353 -134.416382 -1.364197 -0.445587 0.807129
5766 1444996212.108406 0.080383 -28.906982 -134.416382 -1.361359 -0.448425 0.796112
5767 1444996212.118473 -0.080383 -28.950256 -134.360046 -1.363251 -0.448425 0.797272
5768 1444996212.128597 0.0 -28.99353 -134.529053 -1.362305 -0.445587 0.807129
5769 1444996212.138736 -0.080383 -28.99353 -134.529053 -1.362305 -0.449371 0.80307
5770 1444996212.148799 0.0 -29.036804 -134.529053 -1.360413 -0.448425 0.794373
5771 1444996212.158866 -0.080383 -28.906982 -134.472717 -1.363251 -0.445587 0.805389
5772 1444996212.168927 -0.080383 -29.080078 -134.472717 -1.361359 -0.446533 0.812927
5773 1444996212.179037 0.080383 -28.99353 -134.360046 -1.361359 -0.449371 0.799011
5774 1444996212.189127 -0.080383 -28.99353 -134.529053 -1.363251 -0.447479 0.805389
5775 1444996212.199205 0.040192 -28.99353 -134.472717 -1.362305 -0.448425 0.807709
5776 1444996212.209260 0.040192 -28.906982 -134.303711 -1.361359 -0.448425 0.797852
5777 1444996212.219335 -0.080383 -28.906982 -134.303711 -1.361359 -0.445587 0.80307
5778 1444996212.229421 0.0 -28.906982 -134.472717 -1.360413 -0.448425 0.80191
5779 1444996212.239469 0.040192 -28.99353 -134.416382 -1.361359 -0.451263 0.799011
5780 1444996212.249536 0.040192 -28.99353 -134.472717 -1.359467 -0.447479 0.798431
5781 1444996212.259591 0.040192 -28.820435 -134.303711 -1.360413 -0.450317 0.800171
5782 1444996212.269628 0.040192 -28.863708 -134.303711 -1.358521 -0.450317 0.794373
5783 1444996212.279697 0.080383 -28.906982 -134.303711 -1.359467 -0.449371 0.795532
5784 1444996212.289751 0.080383 -28.906982 -134.360046 -1.358521 -0.449371 0.796692
5785 1444996212.299810 0.040192 -28.777161 -134.360046 -1.359467 -0.450317 0.787415
5786 1444996212.309870 -0.040192 -28.99353 -134.303711 -1.360413 -0.449371 0.80365
5787 1444996212.319940 0.080383 -28.99353 -134.247375 -1.361359 -0.453156 0.80423
5788 1444996212.330039 0.040192 -28.906982 -134.472717 -1.360413 -0.453156 0.80191
5789 1444996212.340069 -0.040192 -29.036804 -134.529053 -1.360413 -0.451263 0.80365
5790 1444996212.350130 0.080383 -28.863708 -134.585388 -1.362305 -0.450317 0.801331
5791 1444996212.360192 0.040192 -28.950256 -134.472717 -1.361359 -0.451263 0.794952
5792 1444996212.370255 0.080383 -28.950256 -134.416382 -1.361359 -0.450317 0.80365
5793 1444996212.380317 0.040192 -28.99353 -134.472717 -1.362305 -0.451263 0.801331
5794 1444996212.390402 0.040192 -28.906982 -134.303711 -1.359467 -0.450317 0.797272
5795 1444996212.400464 -0.040192 -28.863708 -134.529053 -1.361359 -0.450317 0.794373
5796 1444996212.410522 -0.040192 -29.036804 -134.529053 -1.363251 -0.448425 0.810608
5797 1444996212.420586 -0.040192 -28.906982 -134.472717 -1.362305 -0.452209 0.80191
5798 1444996212.430649 0.0 -29.080078 -134.303711 -1.363251 -0.451263 0.805389
5799 1444996212.440711 -0.040192 -28.99353 -134.585388 -1.362305 -0.450317 0.805389
5800 1444996212.450774 0.040192 -28.950256 -134.303711 -1.361359 -0.453156 0.80249
5801 1444996212.460822 0.0 -28.99353 -134.303711 -1.360413 -0.452209 0.80249
5802 1444996212.470888 0.120575 -28.863708 -134.303711 -1.362305 -0.453156 0.805389
5803 1444996212.480950 0.040192 -28.906982 -134.585388 -1.361359 -0.453156 0.80307
5804 1444996212.491074 0.040192 -28.99353 -134.641724 -1.360413 -0.451263 0.797272
5805 1444996212.501142 0.120575 -29.036804 -134.416382 -1.361359 -0.450317 0.815247
5806 1444996212.511194 -0.040192 -28.950256 -134.416382 -1.362305 -0.453156 0.805389
5807 1444996212.521316 -0.040192 -28.777161 -134.247375 -1.359467 -0.452209 0.794952
5808 1444996212.531305 -0.080383 -28.906982 -134.247375 -1.360413 -0.451263 0.807709
5809 1444996212.541389 -0.040192 -28.99353 -134.303711 -1.360413 -0.453156 0.797272
5810 1444996212.551452 -0.040192 -28.863708 -134.303711 -1.360413 -0.452209 0.795532
5811 1444996212.561515 0.040192 -28.950256 -134.416382 -1.360413 -0.452209 0.80249
5812 1444996212.571581 -0.040192 -28.863708 -134.303711 -1.362305 -0.452209 0.80191
5813 1444996212.581644 0.120575 -28.99353 -134.416382 -1.362305 -0.452209 0.812347
5814 1444996212.591707 0.160767 -28.99353 -134.416382 -1.360413 -0.455048 0.805969
5815 1444996212.601768 0.040192 -29.080078 -134.303711 -1.362305 -0.450317 0.80191
5816 1444996212.611832 0.080383 -29.036804 -134.472717 -1.361359 -0.448425 0.801331
5817 1444996212.621925 0.0 -28.906982 -134.472717 -1.360413 -0.448425 0.80307
5818 1444996212.631988 0.200958 -28.906982 -134.472717 -1.360413 -0.449371 0.801331
5819 1444996212.642042 0.0 -28.950256 -134.472717 -1.361359 -0.448425 0.808289
5820 1444996212.652083 0.040192 -28.820435 -134.416382 -1.361359 -0.449371 0.797272
5821 1444996212.662146 -0.120575 -28.863708 -134.529053 -1.360413 -0.448425 0.795532
5822 1444996212.672207 0.080383 -28.99353 -134.472717 -1.362305 -0.450317 0.817566
5823 1444996212.682316 -0.040192 -28.950256 -134.529053 -1.361359 -0.449371 0.80191
5824 1444996212.692390 0.040192 -28.950256 -134.472717 -1.361359 -0.447479 0.80365
5825 1444996212.702441 0.040192 -28.820435 -134.416382 -1.361359 -0.446533 0.794952
5826 1444996212.712502 0.0 -28.863708 -134.472717 -1.359467 -0.443695 0.797272
5827 1444996212.722579 0.080383 -28.820435 -134.529053 -1.363251 -0.444641 0.807129
5828 1444996212.732641 0.040192 -29.123352 -134.529053 -1.362305 -0.445587 0.80423
5829 1444996212.742705 0.120575 -28.99353 -134.472717 -1.362305 -0.447479 0.812927
5830 1444996212.752767 -0.120575 -28.99353 -134.472717 -1.361359 -0.446533 0.799011
5831 1444996212.762830 0.040192 -28.950256 -134.472717 -1.362305 -0.446533 0.808868
5832 1444996212.772894 0.0 -28.863708 -134.360046 -1.360413 -0.445587 0.80481
5833 1444996212.782955 -0.120575 -29.036804 -134.360046 -1.361359 -0.448425 0.80481
5834 1444996212.793017 0.0 -28.99353 -134.360046 -1.360413 -0.448425 0.796692
5835 1444996212.803080 0.040192 -28.863708 -134.360046 -1.360413 -0.448425 0.799011
5836 1444996212.813142 -0.080383 -28.950256 -134.472717 -1.361359 -0.444641 0.810028
5837 1444996212.823203 -0.040192 -29.036804 -134.360046 -1.361359 -0.446533 0.799011
5838 1444996212.833264 0.080383 -28.950256 -134.416382 -1.361359 -0.447479 0.808868
5839 1444996212.843296 -0.040192 -29.036804 -134.416382 -1.361359 -0.444641 0.808289
5840 1444996212.853364 0.080383 -29.080078 -134.303711 -1.364197 -0.445587 0.814087
5841 1444996212.863378 0.0 -28.99353 -134.472717 -1.359467 -0.446533 0.805969
5842 1444996212.873487 0.080383 -29.123352 -134.416382 -1.362305 -0.445587 0.812347
5843 1444996212.883558 0.040192 -28.863708 -134.585388 -1.361359 -0.443695 0.810028
5844 1444996212.893620 0.0 -28.906982 -134.472717 -1.361359 -0.445587 0.808289
5845 1444996212.903684 0.0 -29.036804 -134.303711 -1.361359 -0.442749 0.812347
5846 1444996212.913746 0.080383 -28.950256 -134.360046 -1.361359 -0.443695 0.815826
5847 1444996212.923830 -0.040192 -29.080078 -134.585388 -1.362305 -0.442749 0.812927
5848 1444996212.933871 0.120575 -29.036804 -134.472717 -1.360413 -0.445587 0.815247
5849 1444996212.943935 0.0 -28.99353 -134.472717 -1.363251 -0.446533 0.815247
5850 1444996212.954003 0.281342 -29.080078 -134.247375 -1.361359 -0.449371 0.812927
5851 1444996212.964052 0.120575 -28.950256 -134.416382 -1.361359 -0.447479 0.812927
5852 1444996212.974121 0.160767 -29.080078 -134.472717 -1.361359 -0.447479 0.818146
5853 1444996212.984185 0.160767 -29.080078 -134.416382 -1.363251 -0.444641 0.817566
5854 1444996212.994248 0.160767 -28.99353 -134.585388 -1.362305 -0.447479 0.810028
5855 1444996213.004311 0.120575 -28.950256 -134.416382 -1.361359 -0.448425 0.811188
5856 1444996213.014374 0.120575 -28.906982 -134.529053 -1.360413 -0.446533 0.808289
5857 1444996213.024436 0.080383 -29.123352 -134.472717 -1.362305 -0.448425 0.821045
5858 1444996213.034505 0.080383 -29.036804 -134.416382 -1.360413 -0.447479 0.815247
5859 1444996213.044569 0.200958 -28.99353 -134.472717 -1.361359 -0.450317 0.814667
5860 1444996213.054631 0.120575 -29.166626 -134.529053 -1.362305 -0.451263 0.816406
5861 1444996213.064704 0.160767 -28.950256 -134.416382 -1.361359 -0.450317 0.815826
5862 1444996213.074762 0.120575 -29.080078 -134.360046 -1.363251 -0.450317 0.816986
5863 1444996213.084827 0.24115 -29.036804 -134.360046 -1.362305 -0.455048 0.820465
5864 1444996213.094888 0.080383 -29.123352 -134.303711 -1.363251 -0.451263 0.820465
5865 1444996213.104948 0.120575 -29.080078 -134.472717 -1.364197 -0.450317 0.815826
5866 1444996213.115009 0.160767 -29.036804 -134.416382 -1.364197 -0.449371 0.818146
5867 1444996213.125070 0.281342 -29.123352 -134.416382 -1.361359 -0.453156 0.821045
5868 1444996213.135131 0.24115 -28.99353 -134.416382 -1.362305 -0.454102 0.819305
5869 1444996213.145193 0.160767 -28.99353 -134.360046 -1.360413 -0.453156 0.816406
5870 1444996213.155317 0.200958 -28.906982 -134.416382 -1.361359 -0.452209 0.811188
5871 1444996213.165319 0.120575 -28.99353 -134.472717 -1.362305 -0.453156 0.814667
5872 1444996213.175504 0.160767 -28.99353 -134.585388 -1.362305 -0.454102 0.819305
5873 1444996213.185566 0.160767 -28.906982 -134.416382 -1.362305 -0.455994 0.812927
5874 1444996213.195628 0.160767 -28.99353 -134.472717 -1.361359 -0.455048 0.817566
5875 1444996213.205690 0.0 -29.080078 -134.585388 -1.365143 -0.455048 0.828003
5876 1444996213.215752 0.160767 -29.166626 -134.529053 -1.363251 -0.45694 0.819305
5877 1444996213.225830 0.281342 -28.906982 -134.472717 -1.363251 -0.458832 0.819305
5878 1444996213.235893 0.040192 -29.080078 -134.416382 -1.364197 -0.455994 0.824524
5879 1444996213.245956 0.120575 -29.036804 -134.472717 -1.363251 -0.455048 0.818726
5880 1444996213.256019 0.080383 -29.080078 -134.585388 -1.364197 -0.454102 0.821625
5881 1444996213.266079 0.120575 -29.036804 -134.416382 -1.362305 -0.454102 0.822205
5882 1444996213.276141 0.120575 -28.99353 -134.529053 -1.361359 -0.455048 0.812927
5883 1444996213.286203 0.120575 -29.036804 -134.472717 -1.364197 -0.455048 0.828003
5884 1444996213.296264 0.080383 -29.036804 -134.529053 -1.360413 -0.455994 0.816986
5885 1444996213.306328 0.281342 -29.036804 -134.472717 -1.362305 -0.455994 0.814667
5886 1444996213.316390 0.160767 -28.950256 -134.472717 -1.363251 -0.457886 0.823364
5887 1444996213.326453 0.160767 -28.99353 -134.585388 -1.364197 -0.455994 0.818726
5888 1444996213.336515 0.281342 -29.123352 -134.360046 -1.362305 -0.455994 0.817566
5889 1444996213.346578 0.200958 -28.906982 -134.472717 -1.363251 -0.454102 0.813507
5890 1444996213.356642 0.120575 -29.080078 -134.303711 -1.362305 -0.454102 0.828583
5891 1444996213.366705 0.24115 -28.99353 -134.416382 -1.364197 -0.453156 0.816406
5892 1444996213.376801 0.200958 -29.080078 -134.360046 -1.364197 -0.453156 0.815826
5893 1444996213.386866 0.160767 -28.950256 -134.360046 -1.361359 -0.453156 0.820465
5894 1444996213.396897 -0.040192 -28.99353 -134.472717 -1.362305 -0.449371 0.815247
5895 1444996213.407020 0.24115 -29.036804 -134.472717 -1.362305 -0.452209 0.815826
5896 1444996213.417082 0.120575 -29.036804 -134.416382 -1.363251 -0.451263 0.824524
5897 1444996213.427145 0.24115 -29.166626 -134.360046 -1.363251 -0.453156 0.820465
5898 1444996213.437207 0.200958 -28.99353 -134.472717 -1.362305 -0.452209 0.822205
5899 1444996213.447272 0.24115 -29.166626 -134.529053 -1.363251 -0.453156 0.819885
5900 1444996213.457334 0.200958 -28.863708 -134.416382 -1.360413 -0.450317 0.816986
5901 1444996213.467398 0.281342 -28.99353 -134.416382 -1.361359 -0.451263 0.824524
5902 1444996213.477469 0.24115 -29.080078 -134.472717 -1.362305 -0.448425 0.812927
5903 1444996213.487531 0.200958 -28.99353 -134.641724 -1.363251 -0.448425 0.821625
5904 1444996213.497593 0.200958 -29.036804 -134.585388 -1.362305 -0.447479 0.822205
5905 1444996213.507655 0.080383 -28.99353 -134.416382 -1.362305 -0.446533 0.823364
5906 1444996213.517723 0.160767 -28.950256 -134.416382 -1.361359 -0.449371 0.821625
5907 1444996213.527927 0.080383 -28.99353 -134.472717 -1.361359 -0.446533 0.810608
5908 1444996213.537989 0.080383 -29.080078 -134.529053 -1.361359 -0.448425 0.818146
5909 1444996213.548051 0.321533 -28.99353 -134.585388 -1.362305 -0.446533 0.814667
5910 1444996213.558118 0.160767 -28.99353 -134.472717 -1.362305 -0.445587 0.816986
5911 1444996213.568180 0.200958 -28.99353 -134.529053 -1.361359 -0.446533 0.821045
5912 1444996213.578243 0.080383 -29.080078 -134.472717 -1.363251 -0.445587 0.827423
5913 1444996213.588309 0.080383 -28.99353 -134.585388 -1.362305 -0.445587 0.825684
5914 1444996213.598373 0.281342 -29.166626 -134.641724 -1.363251 -0.447479 0.822784
5915 1444996213.608434 0.281342 -28.99353 -134.472717 -1.362305 -0.447479 0.816986
5916 1444996213.618497 0.160767 -28.99353 -134.529053 -1.361359 -0.444641 0.822784
5917 1444996213.628577 0.281342 -28.820435 -134.416382 -1.361359 -0.445587 0.821045
5918 1444996213.638638 0.24115 -29.036804 -134.472717 -1.362305 -0.446533 0.821625
5919 1444996213.648700 0.200958 -29.080078 -134.529053 -1.363251 -0.445587 0.822205
5920 1444996213.658764 0.160767 -28.99353 -134.529053 -1.361359 -0.445587 0.826843
5921 1444996213.668827 0.160767 -29.036804 -134.472717 -1.363251 -0.444641 0.823944
5922 1444996213.678925 0.200958 -29.123352 -134.303711 -1.362305 -0.447479 0.828583
5923 1444996213.688943 0.24115 -28.906982 -134.472717 -1.360413 -0.448425 0.819305
5924 1444996213.699006 0.120575 -29.080078 -134.472717 -1.362305 -0.446533 0.824524
5925 1444996213.709068 0.200958 -29.166626 -134.416382 -1.363251 -0.448425 0.826843
5926 1444996213.719131 0.321533 -28.906982 -134.416382 -1.361359 -0.450317 0.819305
5927 1444996213.729195 0.24115 -29.036804 -134.416382 -1.361359 -0.451263 0.813507
5928 1444996213.739258 0.160767 -29.036804 -134.641724 -1.364197 -0.449371 0.830902
5929 1444996213.749306 0.361725 -29.080078 -134.472717 -1.364197 -0.45694 0.826843
5930 1444996213.759370 0.401917 -29.080078 -134.529053 -1.364197 -0.459778 0.833221
5931 1444996213.769430 0.401917 -29.036804 -134.360046 -1.364197 -0.46167 0.834961
5932 1444996213.779493 0.281342 -29.166626 -134.360046 -1.365143 -0.459778 0.83902
5933 1444996213.789556 0.321533 -29.166626 -134.472717 -1.363251 -0.46167 0.832062
5934 1444996213.799618 0.24115 -29.2099 -134.641724 -1.367035 -0.460724 0.844818
5935 1444996213.809690 0.361725 -29.123352 -134.472717 -1.364197 -0.46167 0.841919
5936 1444996213.819779 0.361725 -28.99353 -134.360046 -1.364197 -0.457886 0.83902
5937 1444996213.829841 0.281342 -29.123352 -134.416382 -1.363251 -0.455994 0.844818
5938 1444996213.839903 0.281342 -29.080078 -134.472717 -1.364197 -0.45694 0.843079
5939 1444996213.849967 0.24115 -29.080078 -134.416382 -1.363251 -0.455048 0.842499
5940 1444996213.860024 0.361725 -29.166626 -134.19104 -1.362305 -0.455048 0.846558
5941 1444996213.870087 0.401917 -28.950256 -134.472717 -1.363251 -0.453156 0.841339
5942 1444996213.880150 0.281342 -29.036804 -134.472717 -1.361359 -0.452209 0.834381
5943 1444996213.890271 0.361725 -29.036804 -134.416382 -1.362305 -0.455994 0.83844
5944 1444996213.900316 0.361725 -29.036804 -134.303711 -1.363251 -0.455994 0.841919
5945 1444996213.910379 0.401917 -29.080078 -134.529053 -1.362305 -0.45694 0.83728
5946 1444996213.920442 0.442108 -28.99353 -134.360046 -1.362305 -0.455048 0.8367
5947 1444996213.930508 0.321533 -29.166626 -134.472717 -1.362305 -0.452209 0.840179
5948 1444996213.940570 0.321533 -28.99353 -134.472717 -1.363251 -0.450317 0.834381
5949 1444996213.950633 0.24115 -29.080078 -134.416382 -1.363251 -0.449371 0.842499
5950 1444996213.960698 0.361725 -29.036804 -134.416382 -1.362305 -0.449371 0.832062
5951 1444996213.970763 0.321533 -29.123352 -134.529053 -1.362305 -0.447479 0.83728
5952 1444996213.980820 0.401917 -29.123352 -134.360046 -1.363251 -0.447479 0.841339
5953 1444996213.990883 0.321533 -28.99353 -134.416382 -1.362305 -0.447479 0.83844
5954 1444996214.000945 0.401917 -29.123352 -134.472717 -1.363251 -0.447479 0.845978
5955 1444996214.011006 0.281342 -29.166626 -134.585388 -1.364197 -0.443695 0.840179
5956 1444996214.021049 0.361725 -29.123352 -134.529053 -1.363251 -0.445587 0.844238
5957 1444996214.031115 0.160767 -29.166626 -134.529053 -1.366089 -0.444641 0.845398
5958 1444996214.041177 0.4823 -29.166626 -134.472717 -1.363251 -0.446533 0.848297
5959 1444996214.051241 0.442108 -29.123352 -134.698059 -1.363251 -0.446533 0.842499
5960 1444996214.061304 0.281342 -29.166626 -134.472717 -1.365143 -0.444641 0.843658
5961 1444996214.071365 0.281342 -29.123352 -134.529053 -1.365143 -0.441803 0.8367
5962 1444996214.081428 0.401917 -29.123352 -134.472717 -1.363251 -0.441803 0.834961
5963 1444996214.091491 0.361725 -29.080078 -134.303711 -1.363251 -0.442749 0.842499
5964 1444996214.101559 0.281342 -29.123352 -134.416382 -1.362305 -0.439911 0.833801
5965 1444996214.111624 0.442108 -29.036804 -134.585388 -1.362305 -0.443695 0.834961
5966 1444996214.121686 0.401917 -29.080078 -134.416382 -1.361359 -0.443695 0.83728
5967 1444996214.131711 0.281342 -29.036804 -134.529053 -1.363251 -0.444641 0.83844
5968 1444996214.141774 0.321533 -28.99353 -134.472717 -1.362305 -0.443695 0.832642
5969 1444996214.151837 0.361725 -29.166626 -134.529053 -1.362305 -0.445587 0.83786
5970 1444996214.161898 0.321533 -29.036804 -134.472717 -1.362305 -0.443695 0.831482
5971 1444996214.171928 0.442108 -29.080078 -134.472717 -1.361359 -0.445587 0.843658
5972 1444996214.182052 0.281342 -29.080078 -134.416382 -1.362305 -0.444641 0.83786
5973 1444996214.192130 0.321533 -28.950256 -134.472717 -1.361359 -0.444641 0.83902
5974 1444996214.202194 0.321533 -29.036804 -134.416382 -1.362305 -0.442749 0.843079
5975 1444996214.212259 0.160767 -29.2099 -134.585388 -1.362305 -0.441803 0.845978
5976 1444996214.222321 0.24115 -29.166626 -134.360046 -1.361359 -0.441803 0.83786
5977 1444996214.232383 0.24115 -29.123352 -134.472717 -1.363251 -0.442749 0.840759
5978 1444996214.242445 0.442108 -29.166626 -134.416382 -1.364197 -0.446533 0.846558
5979 1444996214.252509 0.361725 -29.123352 -134.360046 -1.364197 -0.445587 0.844238
5980 1444996214.262571 0.401917 -29.2099 -134.360046 -1.362305 -0.446533 0.846558
5981 1444996214.272632 0.361725 -29.036804 -134.416382 -1.361359 -0.447479 0.840759
5982 1444996214.282694 0.442108 -29.036804 -134.303711 -1.364197 -0.449371 0.845398
5983 1444996214.292746 0.321533 -29.080078 -134.416382 -1.361359 -0.447479 0.83786
5984 1444996214.302809 0.361725 -29.080078 -134.416382 -1.363251 -0.445587 0.834381
5985 1444996214.312886 0.361725 -29.036804 -134.529053 -1.362305 -0.447479 0.841339
5986 1444996214.322948 0.361725 -29.123352 -134.360046 -1.362305 -0.446533 0.832642
5987 1444996214.333010 0.200958 -29.123352 -134.472717 -1.362305 -0.449371 0.83786
5988 1444996214.343070 0.401917 -29.123352 -134.472717 -1.364197 -0.450317 0.845398
5989 1444996214.353136 0.24115 -29.123352 -134.472717 -1.364197 -0.447479 0.83902
5990 1444996214.363197 0.361725 -29.2099 -134.529053 -1.364197 -0.449371 0.840179
5991 1444996214.373260 0.281342 -29.2099 -134.585388 -1.363251 -0.448425 0.841339
5992 1444996214.383322 0.401917 -29.080078 -134.529053 -1.365143 -0.452209 0.843079
5993 1444996214.393385 0.281342 -29.123352 -134.529053 -1.365143 -0.453156 0.840759
5994 1444996214.403448 0.281342 -29.2099 -134.360046 -1.364197 -0.455994 0.845398
5995 1444996214.413507 0.281342 -29.123352 -134.416382 -1.363251 -0.451263 0.843079
5996 1444996214.423569 0.281342 -29.2099 -134.585388 -1.365143 -0.450317 0.847137
5997 1444996214.433629 0.321533 -29.036804 -134.416382 -1.363251 -0.454102 0.845978
5998 1444996214.443699 0.401917 -29.123352 -134.247375 -1.361359 -0.455994 0.841919
5999 1444996214.453783 0.401917 -29.166626 -134.360046 -1.363251 -0.454102 0.844818
6000 1444996214.463845 0.321533 -29.036804 -134.529053 -1.362305 -0.453156 0.844238
6001 1444996214.473858 0.401917 -29.080078 -134.303711 -1.362305 -0.454102 0.844238
6002 1444996214.483925 0.24115 -29.036804 -134.360046 -1.363251 -0.455994 0.83728
6003 1444996214.493987 0.401917 -29.2099 -134.416382 -1.364197 -0.455048 0.845978
6004 1444996214.504049 0.24115 -29.123352 -134.529053 -1.363251 -0.457886 0.841339
6005 1444996214.514111 0.281342 -29.166626 -134.529053 -1.364197 -0.454102 0.83844
6006 1444996214.524169 0.24115 -29.166626 -134.472717 -1.364197 -0.454102 0.834961
6007 1444996214.534231 0.361725 -29.123352 -134.360046 -1.364197 -0.457886 0.841919
6008 1444996214.544294 0.321533 -29.2099 -134.303711 -1.363251 -0.455048 0.83844
6009 1444996214.554357 0.24115 -29.2099 -134.416382 -1.364197 -0.454102 0.850616
6010 1444996214.564419 0.281342 -29.080078 -134.360046 -1.361359 -0.455048 0.83844
6011 1444996214.574482 0.281342 -28.99353 -134.472717 -1.364197 -0.454102 0.835541
6012 1444996214.584545 0.080383 -29.296448 -134.472717 -1.366089 -0.451263 0.844818
6013 1444996214.594650 0.321533 -28.99353 -134.416382 -1.362305 -0.453156 0.840759
6014 1444996214.604713 0.200958 -28.906982 -134.247375 -1.363251 -0.453156 0.834381
6015 1444996214.614798 0.24115 -29.253174 -134.529053 -1.366089 -0.453156 0.845978
6016 1444996214.624897 0.281342 -29.123352 -134.472717 -1.364197 -0.453156 0.83902
6017 1444996214.634958 0.321533 -29.166626 -134.416382 -1.364197 -0.454102 0.83844
6018 1444996214.644978 0.160767 -29.166626 -134.472717 -1.363251 -0.450317 0.845398
6019 1444996214.655040 0.361725 -29.123352 -134.472717 -1.363251 -0.454102 0.843079
6020 1444996214.665110 0.321533 -29.166626 -134.529053 -1.362305 -0.450317 0.841919
6021 1444996214.675165 0.281342 -29.123352 -134.416382 -1.364197 -0.450317 0.842499
6022 1444996214.685244 0.4823 -29.123352 -134.472717 -1.363251 -0.447479 0.842499
6023 1444996214.695308 0.281342 -28.99353 -134.360046 -1.362305 -0.449371 0.835541
6024 1444996214.705397 0.281342 -29.166626 -134.360046 -1.363251 -0.446533 0.843658
6025 1444996214.715459 0.160767 -29.036804 -134.416382 -1.362305 -0.446533 0.83786
6026 1444996214.725520 0.281342 -29.123352 -134.416382 -1.363251 -0.447479 0.83786
6027 1444996214.735591 0.361725 -29.166626 -134.360046 -1.362305 -0.448425 0.840179
6028 1444996214.745653 0.321533 -29.123352 -134.472717 -1.363251 -0.448425 0.840759
6029 1444996214.755719 0.401917 -29.166626 -134.360046 -1.363251 -0.445587 0.83902
6030 1444996214.765780 0.200958 -29.2099 -134.303711 -1.360413 -0.446533 0.834961
6031 1444996214.775847 0.321533 -29.036804 -134.360046 -1.360413 -0.444641 0.840179
6032 1444996214.785909 0.321533 -29.123352 -134.360046 -1.362305 -0.444641 0.83902
6033 1444996214.795970 0.24115 -29.036804 -134.472717 -1.363251 -0.444641 0.845398
6034 1444996214.806036 0.401917 -29.2099 -134.360046 -1.361359 -0.445587 0.840179
6035 1444996214.816103 0.281342 -28.99353 -134.247375 -1.361359 -0.440857 0.841919
6036 1444996214.826170 0.361725 -28.99353 -134.360046 -1.361359 -0.443695 0.8396
6037 1444996214.836234 0.401917 -29.123352 -134.360046 -1.362305 -0.441803 0.834961
6038 1444996214.846296 0.401917 -29.036804 -134.303711 -1.363251 -0.442749 0.850616
6039 1444996214.856360 0.361725 -29.253174 -134.247375 -1.362305 -0.441803 0.840179
6040 1444996214.866391 0.321533 -29.123352 -134.529053 -1.363251 -0.441803 0.83844
6041 1444996214.876454 0.281342 -29.2099 -134.529053 -1.365143 -0.439911 0.850616
6042 1444996214.886516 0.361725 -29.123352 -134.472717 -1.364197 -0.443695 0.843079
6043 1444996214.896587 0.321533 -29.123352 -134.416382 -1.361359 -0.441803 0.83786
6044 1444996214.906649 0.24115 -29.2099 -134.416382 -1.362305 -0.441803 0.845978
6045 1444996214.916712 0.361725 -29.036804 -134.529053 -1.362305 -0.442749 0.840759
6046 1444996214.926777 0.24115 -29.036804 -134.416382 -1.361359 -0.442749 0.830902
6047 1444996214.936839 0.361725 -29.123352 -134.416382 -1.361359 -0.440857 0.840759
6048 1444996214.946901 0.442108 -29.2099 -134.472717 -1.363251 -0.442749 0.83844
6049 1444996214.956962 0.24115 -29.123352 -134.360046 -1.362305 -0.442749 0.842499
6050 1444996214.967026 0.401917 -28.950256 -134.416382 -1.363251 -0.441803 0.842499
6051 1444996214.977107 0.200958 -29.123352 -134.416382 -1.363251 -0.442749 0.83844
6052 1444996214.987174 0.361725 -29.080078 -134.360046 -1.361359 -0.445587 0.83902
6053 1444996214.997237 0.200958 -29.2099 -134.416382 -1.364197 -0.443695 0.83728
6054 1444996215.007301 0.24115 -29.2099 -134.472717 -1.363251 -0.446533 0.843658
6055 1444996215.017378 0.200958 -29.080078 -134.529053 -1.361359 -0.445587 0.840759
6056 1444996215.027441 0.281342 -29.123352 -134.416382 -1.361359 -0.443695 0.840179
6057 1444996215.037472 0.200958 -29.123352 -134.360046 -1.362305 -0.445587 0.833221
6058 1444996215.047585 0.281342 -29.036804 -134.360046 -1.360413 -0.444641 0.8367
6059 1444996215.057649 0.24115 -28.950256 -134.472717 -1.360413 -0.445587 0.83728
6060 1444996215.067710 0.200958 -29.036804 -134.360046 -1.363251 -0.446533 0.841339
6061 1444996215.077807 0.281342 -29.080078 -134.416382 -1.361359 -0.447479 0.841339
6062 1444996215.087869 0.361725 -29.080078 -134.416382 -1.362305 -0.447479 0.844238
6063 1444996215.097954 0.361725 -29.080078 -134.585388 -1.362305 -0.447479 0.8367
6064 1444996215.108096 0.24115 -29.2099 -134.529053 -1.363251 -0.448425 0.841339
6065 1444996215.118160 0.401917 -29.166626 -134.360046 -1.364197 -0.448425 0.845978
6066 1444996215.128216 0.401917 -29.2099 -134.360046 -1.364197 -0.449371 0.83902
6067 1444996215.138279 0.281342 -29.080078 -134.416382 -1.360413 -0.450317 0.835541
6068 1444996215.148341 0.24115 -29.166626 -134.360046 -1.363251 -0.447479 0.843658
6069 1444996215.158404 0.281342 -29.123352 -134.416382 -1.362305 -0.446533 0.841339
6070 1444996215.168467 0.361725 -29.080078 -134.360046 -1.362305 -0.450317 0.83844
6071 1444996215.178632 0.361725 -29.080078 -134.472717 -1.361359 -0.449371 0.833221
6072 1444996215.188716 0.361725 -28.99353 -134.472717 -1.363251 -0.451263 0.845398
6073 1444996215.198799 0.281342 -28.950256 -134.472717 -1.362305 -0.450317 0.831482
6074 1444996215.208861 0.281342 -29.166626 -134.472717 -1.365143 -0.451263 0.8367
6075 1444996215.218903 0.281342 -28.99353 -134.303711 -1.362305 -0.451263 0.83902
6076 1444996215.228974 0.4823 -29.2099 -134.529053 -1.364197 -0.454102 0.848877
6077 1444996215.239037 0.401917 -29.036804 -134.360046 -1.361359 -0.453156 0.840759
6078 1444996215.249057 0.281342 -29.036804 -134.360046 -1.363251 -0.453156 0.842499
6079 1444996215.259117 0.401917 -29.123352 -134.360046 -1.363251 -0.454102 0.840179
6080 1444996215.269345 0.24115 -29.253174 -134.416382 -1.361359 -0.454102 0.840179
6081 1444996215.279489 0.24115 -29.036804 -134.303711 -1.363251 -0.452209 0.848297
6082 1444996215.289549 0.160767 -29.080078 -134.360046 -1.363251 -0.452209 0.843658
6083 1444996215.299612 0.281342 -29.166626 -134.416382 -1.363251 -0.454102 0.834961
6084 1444996215.309673 0.200958 -29.123352 -134.416382 -1.363251 -0.452209 0.843079
6085 1444996215.319764 0.160767 -29.123352 -134.529053 -1.364197 -0.451263 0.83844
6086 1444996215.329833 0.281342 -29.080078 -134.303711 -1.362305 -0.455994 0.841339
6087 1444996215.339896 0.281342 -29.123352 -134.360046 -1.362305 -0.452209 0.83902
6088 1444996215.349957 0.321533 -29.166626 -134.472717 -1.363251 -0.453156 0.841339
6089 1444996215.360018 0.401917 -29.036804 -134.416382 -1.361359 -0.452209 0.83844
6090 1444996215.370079 0.281342 -29.080078 -134.360046 -1.363251 -0.450317 0.83844
6091 1444996215.380186 0.24115 -29.080078 -134.529053 -1.363251 -0.449371 0.8367
6092 1444996215.390248 0.281342 -29.166626 -134.472717 -1.364197 -0.449371 0.841919
6093 1444996215.400329 0.281342 -29.080078 -134.360046 -1.362305 -0.451263 0.83786
6094 1444996215.410369 0.200958 -29.080078 -134.247375 -1.364197 -0.448425 0.847717
6095 1444996215.420435 0.321533 -29.123352 -134.416382 -1.361359 -0.451263 0.841919
6096 1444996215.430496 0.401917 -29.166626 -134.416382 -1.361359 -0.448425 0.835541
6097 1444996215.440559 0.24115 -28.950256 -134.247375 -1.360413 -0.445587 0.840179
6098 1444996215.450623 0.321533 -29.036804 -134.360046 -1.362305 -0.446533 0.83902
6099 1444996215.460685 0.321533 -29.166626 -134.360046 -1.364197 -0.448425 0.845398
6100 1444996215.470799 0.361725 -28.99353 -134.529053 -1.361359 -0.446533 0.83844
6101 1444996215.480871 0.321533 -29.036804 -134.416382 -1.361359 -0.445587 0.83786
6102 1444996215.490931 0.321533 -29.253174 -134.416382 -1.361359 -0.442749 0.840179
6103 1444996215.500997 0.24115 -29.166626 -134.360046 -1.364197 -0.443695 0.845978
6104 1444996215.511054 0.361725 -29.123352 -134.416382 -1.362305 -0.446533 0.840179
6105 1444996215.521084 0.321533 -29.080078 -134.472717 -1.360413 -0.441803 0.826263
6106 1444996215.531146 0.24115 -29.123352 -134.416382 -1.364197 -0.442749 0.843079
6107 1444996215.541170 0.361725 -29.080078 -134.641724 -1.362305 -0.441803 0.835541
6108 1444996215.551263 0.24115 -29.036804 -134.529053 -1.363251 -0.439911 0.834961
6109 1444996215.561325 0.200958 -29.123352 -134.416382 -1.362305 -0.438019 0.841339
6110 1444996215.571431 0.401917 -29.036804 -134.416382 -1.360413 -0.441803 0.834961
6111 1444996215.581487 0.361725 -28.99353 -134.360046 -1.361359 -0.442749 0.830902
6112 1444996215.591992 0.24115 -29.2099 -134.472717 -1.362305 -0.438965 0.83728
6113 1444996215.602059 0.361725 -29.036804 -134.472717 -1.360413 -0.438965 0.832642
6114 1444996215.612215 0.321533 -28.99353 -134.416382 -1.360413 -0.440857 0.8396
6115 1444996215.622287 0.361725 -28.99353 -134.360046 -1.362305 -0.442749 0.840179
6116 1444996215.632380 0.401917 -29.166626 -134.529053 -1.360413 -0.442749 0.835541
6117 1444996215.642517 0.281342 -29.080078 -134.416382 -1.362305 -0.440857 0.83728
6118 1444996215.652579 0.401917 -29.166626 -134.529053 -1.362305 -0.441803 0.836121
6119 1444996215.662641 0.24115 -29.036804 -134.416382 -1.363251 -0.438019 0.840179
6120 1444996215.672702 0.361725 -29.166626 -134.416382 -1.360413 -0.440857 0.83902
6121 1444996215.682790 0.4823 -28.950256 -134.472717 -1.358521 -0.442749 0.830902
6122 1444996215.692853 0.361725 -29.080078 -134.529053 -1.361359 -0.441803 0.834961
6123 1444996215.702918 0.442108 -29.036804 -134.472717 -1.364197 -0.442749 0.840179
6124 1444996215.712988 0.281342 -29.123352 -134.472717 -1.363251 -0.443695 0.83786
6125 1444996215.723049 0.24115 -29.080078 -134.360046 -1.362305 -0.440857 0.8367
6126 1444996215.733111 0.281342 -28.99353 -134.472717 -1.362305 -0.444641 0.840759
6127 1444996215.743173 0.321533 -29.253174 -134.360046 -1.362305 -0.442749 0.835541
6128 1444996215.753234 0.361725 -29.036804 -134.529053 -1.362305 -0.443695 0.834961
6129 1444996215.763298 0.361725 -29.080078 -134.360046 -1.362305 -0.442749 0.843079
6130 1444996215.773359 0.281342 -29.036804 -134.360046 -1.360413 -0.444641 0.831482
6131 1444996215.783431 0.24115 -29.123352 -134.585388 -1.362305 -0.442749 0.841339
6132 1444996215.793492 0.281342 -29.080078 -134.472717 -1.362305 -0.443695 0.844238
6133 1444996215.803553 0.442108 -29.080078 -134.472717 -1.362305 -0.446533 0.833801
6134 1444996215.813614 0.321533 -29.036804 -134.416382 -1.361359 -0.446533 0.834961
6135 1444996215.823676 0.321533 -29.2099 -134.360046 -1.362305 -0.446533 0.83844
6136 1444996215.833737 0.321533 -29.123352 -134.416382 -1.361359 -0.445587 0.832642
6137 1444996215.843799 0.200958 -28.99353 -134.303711 -1.361359 -0.446533 0.836121
6138 1444996215.853861 0.321533 -29.080078 -134.303711 -1.362305 -0.445587 0.835541
6139 1444996215.863923 0.401917 -29.123352 -134.303711 -1.360413 -0.447479 0.83844
6140 1444996215.873955 0.281342 -29.036804 -134.303711 -1.361359 -0.448425 0.83728
6141 1444996215.884013 0.401917 -29.036804 -134.360046 -1.361359 -0.447479 0.841919
6142 1444996215.894075 0.401917 -29.036804 -134.360046 -1.362305 -0.447479 0.83728
6143 1444996215.904142 0.321533 -29.080078 -134.360046 -1.361359 -0.447479 0.843658
6144 1444996215.914204 0.401917 -28.950256 -134.303711 -1.360413 -0.449371 0.834961
6145 1444996215.924268 0.24115 -29.036804 -134.416382 -1.362305 -0.446533 0.840759
6146 1444996215.934329 0.24115 -28.99353 -134.472717 -1.362305 -0.448425 0.840179
6147 1444996215.944391 0.401917 -29.123352 -134.416382 -1.362305 -0.449371 0.835541
6148 1444996215.954451 0.321533 -29.123352 -134.416382 -1.363251 -0.449371 0.845398
6149 1444996215.964513 0.281342 -29.123352 -134.360046 -1.362305 -0.449371 0.8396
6150 1444996215.974570 0.200958 -29.080078 -134.360046 -1.364197 -0.449371 0.836121
6151 1444996215.984633 0.281342 -29.080078 -134.472717 -1.364197 -0.448425 0.8396
6152 1444996215.994722 0.442108 -29.080078 -134.472717 -1.362305 -0.449371 0.830902
6153 1444996216.004800 0.361725 -28.99353 -134.360046 -1.362305 -0.448425 0.836121
6154 1444996216.014861 0.361725 -29.123352 -134.416382 -1.361359 -0.451263 0.841919
6155 1444996216.024924 0.321533 -29.036804 -134.472717 -1.361359 -0.451263 0.833801
6156 1444996216.034984 0.321533 -29.036804 -134.360046 -1.360413 -0.451263 0.828583
6157 1444996216.045049 0.281342 -29.123352 -134.303711 -1.364197 -0.449371 0.843658
6158 1444996216.055245 0.24115 -29.080078 -134.416382 -1.360413 -0.449371 0.832062
6159 1444996216.065321 0.361725 -29.080078 -134.360046 -1.362305 -0.447479 0.832642
6160 1444996216.075394 0.401917 -28.906982 -134.247375 -1.361359 -0.450317 0.841919
6161 1444996216.085490 0.321533 -29.080078 -134.360046 -1.362305 -0.446533 0.835541
6162 1444996216.095620 0.281342 -29.036804 -134.416382 -1.361359 -0.447479 0.83786
6163 1444996216.105776 0.361725 -29.080078 -134.416382 -1.361359 -0.447479 0.836121
6164 1444996216.116062 0.361725 -29.166626 -134.360046 -1.363251 -0.445587 0.836121
6165 1444996216.126244 0.200958 -29.123352 -134.303711 -1.364197 -0.445587 0.83786
6166 1444996216.136370 0.321533 -29.080078 -134.416382 -1.362305 -0.446533 0.834961
6167 1444996216.146409 0.24115 -29.080078 -134.472717 -1.362305 -0.445587 0.83844
6168 1444996216.156473 0.442108 -28.99353 -134.529053 -1.360413 -0.445587 0.83902
6169 1444996216.166536 0.281342 -29.080078 -134.472717 -1.362305 -0.446533 0.826843
6170 1444996216.176619 0.281342 -29.166626 -134.472717 -1.364197 -0.444641 0.841339
6171 1444996216.186681 0.361725 -28.950256 -134.416382 -1.363251 -0.442749 0.83902
6172 1444996216.196743 0.321533 -29.123352 -134.585388 -1.363251 -0.441803 0.833221
6173 1444996216.206805 0.321533 -29.036804 -134.247375 -1.361359 -0.443695 0.83728
6174 1444996216.216825 0.321533 -29.166626 -134.416382 -1.364197 -0.443695 0.836121
6175 1444996216.226888 0.321533 -29.080078 -134.360046 -1.361359 -0.441803 0.827423
6176 1444996216.236948 0.24115 -29.123352 -134.585388 -1.362305 -0.439911 0.831482
6177 1444996216.247007 0.24115 -29.080078 -134.472717 -1.362305 -0.439911 0.840759
6178 1444996216.257072 0.321533 -29.080078 -134.529053 -1.362305 -0.440857 0.83786
6179 1444996216.267132 0.321533 -29.123352 -134.360046 -1.362305 -0.439911 0.835541
6180 1444996216.277211 0.361725 -29.080078 -134.416382 -1.364197 -0.438965 0.83844
6181 1444996216.287273 0.361725 -29.123352 -134.303711 -1.359467 -0.437073 0.829742
6182 1444996216.297333 0.200958 -28.99353 -134.416382 -1.361359 -0.437073 0.832062
6183 1444996216.307395 0.281342 -28.950256 -134.416382 -1.361359 -0.439911 0.842499
6184 1444996216.317459 0.24115 -29.036804 -134.416382 -1.361359 -0.438965 0.832062
6185 1444996216.327524 0.24115 -29.036804 -134.416382 -1.361359 -0.437073 0.830902
6186 1444996216.337585 0.281342 -29.080078 -134.360046 -1.361359 -0.438965 0.841919
6187 1444996216.347646 0.281342 -28.99353 -134.472717 -1.362305 -0.440857 0.834961
6188 1444996216.357705 0.200958 -29.080078 -134.416382 -1.361359 -0.438965 0.8396
6189 1444996216.367765 0.24115 -29.123352 -134.303711 -1.363251 -0.438019 0.83844
6190 1444996216.377827 0.401917 -29.123352 -134.360046 -1.361359 -0.440857 0.8367
6191 1444996216.387888 0.24115 -29.123352 -134.360046 -1.361359 -0.439911 0.830902
6192 1444996216.397936 0.24115 -29.080078 -134.472717 -1.362305 -0.438019 0.83728
6193 1444996216.408000 0.24115 -29.123352 -134.360046 -1.361359 -0.440857 0.829163
6194 1444996216.418067 0.160767 -29.2099 -134.360046 -1.363251 -0.439911 0.832642
6195 1444996216.428162 0.442108 -28.99353 -134.360046 -1.361359 -0.443695 0.8367
6196 1444996216.438197 0.442108 -29.036804 -134.641724 -1.361359 -0.440857 0.827423
6197 1444996216.448258 0.361725 -29.036804 -134.416382 -1.361359 -0.439911 0.832642
6198 1444996216.458319 0.24115 -29.080078 -134.472717 -1.362305 -0.438965 0.8367
6199 1444996216.468379 0.321533 -28.99353 -134.416382 -1.362305 -0.440857 0.83728
6200 1444996216.478441 0.24115 -29.080078 -134.529053 -1.364197 -0.438965 0.83902
6201 1444996216.488505 0.401917 -29.2099 -134.472717 -1.360413 -0.440857 0.833801
6202 1444996216.498565 0.321533 -29.123352 -134.416382 -1.363251 -0.439911 0.843079
6203 1444996216.508627 0.442108 -29.080078 -134.303711 -1.361359 -0.439911 0.844238
6204 1444996216.518697 0.321533 -29.166626 -134.416382 -1.361359 -0.442749 0.8367
6205 1444996216.528780 0.321533 -29.123352 -134.472717 -1.362305 -0.441803 0.83786
6206 1444996216.538843 0.361725 -29.123352 -134.303711 -1.360413 -0.441803 0.840179
6207 1444996216.548905 0.281342 -29.036804 -134.247375 -1.363251 -0.444641 0.843658
6208 1444996216.558966 0.24115 -29.123352 -134.472717 -1.363251 -0.444641 0.83786
6209 1444996216.569034 0.321533 -29.123352 -134.303711 -1.362305 -0.444641 0.841339
6210 1444996216.579104 0.401917 -29.036804 -134.303711 -1.361359 -0.440857 0.840179
6211 1444996216.589188 0.24115 -29.166626 -134.303711 -1.361359 -0.446533 0.8367
6212 1444996216.599250 0.361725 -29.080078 -134.360046 -1.360413 -0.447479 0.832062
6213 1444996216.609308 0.361725 -28.950256 -134.303711 -1.361359 -0.443695 0.83902
6214 1444996216.619375 0.281342 -29.123352 -134.19104 -1.362305 -0.445587 0.836121
6215 1444996216.629440 0.401917 -28.99353 -134.134705 -1.361359 -0.447479 0.833221
6216 1444996216.639501 0.24115 -29.036804 -134.360046 -1.363251 -0.444641 0.842499
6217 1444996216.649562 0.281342 -29.2099 -134.416382 -1.361359 -0.443695 0.830322
6218 1444996216.659624 0.24115 -28.950256 -134.303711 -1.361359 -0.445587 0.836121
6219 1444996216.669686 0.24115 -29.166626 -134.360046 -1.363251 -0.445587 0.83728
6220 1444996216.679747 0.160767 -29.080078 -134.303711 -1.361359 -0.444641 0.835541
6221 1444996216.689814 0.361725 -28.906982 -134.416382 -1.360413 -0.446533 0.831482
6222 1444996216.699875 0.160767 -29.080078 -134.472717 -1.362305 -0.442749 0.826843
6223 1444996216.709936 0.281342 -29.080078 -134.529053 -1.361359 -0.445587 0.834381
6224 1444996216.719996 0.321533 -29.036804 -134.360046 -1.364197 -0.446533 0.835541
6225 1444996216.730057 0.24115 -29.166626 -134.472717 -1.362305 -0.446533 0.829163
6226 1444996216.740119 0.321533 -28.906982 -134.360046 -1.360413 -0.444641 0.832062
6227 1444996216.750180 0.321533 -29.166626 -134.585388 -1.363251 -0.444641 0.832642
6228 1444996216.760240 0.200958 -29.2099 -134.529053 -1.364197 -0.444641 0.830902
6229 1444996216.770303 0.401917 -29.080078 -134.585388 -1.362305 -0.445587 0.841919
6230 1444996216.780364 0.24115 -29.036804 -134.360046 -1.361359 -0.447479 0.829163
6231 1444996216.790433 0.401917 -28.99353 -134.416382 -1.361359 -0.448425 0.834961
6232 1444996216.800498 0.24115 -29.080078 -134.472717 -1.362305 -0.445587 0.840759
6233 1444996216.810560 0.281342 -29.036804 -134.472717 -1.362305 -0.444641 0.833221
6234 1444996216.820622 0.401917 -29.080078 -134.416382 -1.360413 -0.447479 0.832062
6235 1444996216.830684 0.160767 -29.123352 -134.472717 -1.363251 -0.441803 0.840179
6236 1444996216.840783 0.361725 -29.123352 -134.303711 -1.362305 -0.444641 0.836121
6237 1444996216.850818 0.361725 -29.080078 -134.360046 -1.363251 -0.445587 0.828003
6238 1444996216.860879 0.361725 -28.950256 -134.416382 -1.360413 -0.446533 0.83786
6239 1444996216.870942 0.281342 -29.080078 -134.360046 -1.362305 -0.445587 0.836121
6240 1444996216.881003 0.281342 -29.123352 -134.360046 -1.361359 -0.444641 0.831482
6241 1444996216.891065 0.281342 -28.99353 -134.416382 -1.361359 -0.441803 0.835541
6242 1444996216.901126 0.281342 -28.99353 -134.529053 -1.360413 -0.444641 0.825104
6243 1444996216.911190 0.321533 -28.99353 -134.529053 -1.363251 -0.442749 0.833801
6244 1444996216.921221 0.361725 -29.123352 -134.416382 -1.361359 -0.443695 0.833221
6245 1444996216.931291 0.321533 -28.99353 -134.472717 -1.363251 -0.442749 0.836121
6246 1444996216.941374 0.24115 -28.99353 -134.472717 -1.363251 -0.442749 0.836121
6247 1444996216.951393 0.281342 -29.123352 -134.416382 -1.363251 -0.440857 0.832062
6248 1444996216.961471 0.401917 -28.950256 -134.472717 -1.363251 -0.439911 0.833801
6249 1444996216.971644 0.200958 -29.036804 -134.529053 -1.362305 -0.441803 0.829742
6250 1444996216.981649 0.321533 -29.036804 -134.416382 -1.364197 -0.439911 0.843079
6251 1444996216.991717 0.281342 -28.99353 -134.472717 -1.364197 -0.438965 0.836121
6252 1444996217.001783 0.401917 -28.99353 -134.585388 -1.363251 -0.442749 0.830322
6253 1444996217.011847 0.24115 -29.036804 -134.529053 -1.364197 -0.439911 0.834961
6254 1444996217.021909 0.321533 -29.036804 -134.529053 -1.364197 -0.439911 0.83902
6255 1444996217.031949 0.321533 -28.950256 -134.472717 -1.362305 -0.439911 0.834381
6256 1444996217.042004 0.24115 -29.036804 -134.529053 -1.363251 -0.438965 0.828583
6257 1444996217.052067 0.200958 -29.123352 -134.360046 -1.365143 -0.437073 0.836121
6258 1444996217.062239 0.361725 -29.036804 -134.360046 -1.362305 -0.437073 0.830322
6259 1444996217.072300 0.361725 -28.950256 -134.360046 -1.363251 -0.438019 0.830902
6260 1444996217.082371 0.160767 -29.036804 -134.303711 -1.362305 -0.437073 0.834381
6261 1444996217.092420 0.361725 -28.950256 -134.360046 -1.360413 -0.436127 0.833801
6262 1444996217.102482 0.321533 -28.906982 -134.360046 -1.359467 -0.436127 0.821625
6263 1444996217.112540 0.361725 -28.863708 -134.303711 -1.362305 -0.438965 0.833801
6264 1444996217.122602 0.200958 -28.950256 -134.472717 -1.362305 -0.435181 0.83728
6265 1444996217.132665 0.281342 -28.950256 -134.360046 -1.362305 -0.435181 0.832062
6266 1444996217.142728 0.281342 -28.99353 -134.416382 -1.361359 -0.438019 0.8367
6267 1444996217.152796 0.281342 -28.950256 -134.472717 -1.360413 -0.436127 0.833801
6268 1444996217.162857 0.321533 -29.080078 -134.472717 -1.361359 -0.438965 0.834961
6269 1444996217.172938 0.401917 -28.863708 -134.360046 -1.360413 -0.438965 0.832642
6270 1444996217.182999 0.321533 -28.99353 -134.360046 -1.362305 -0.437073 0.833801
6271 1444996217.193064 0.361725 -28.99353 -134.360046 -1.362305 -0.438019 0.834381
6272 1444996217.203138 0.200958 -28.99353 -134.360046 -1.362305 -0.438019 0.83786
6273 1444996217.213185 0.200958 -29.036804 -134.472717 -1.363251 -0.436127 0.833221
6274 1444996217.223247 0.281342 -28.950256 -134.472717 -1.362305 -0.439911 0.829742
6275 1444996217.233263 0.281342 -29.080078 -134.585388 -1.362305 -0.437073 0.836121
6276 1444996217.243307 0.321533 -28.99353 -134.529053 -1.361359 -0.439911 0.831482
6277 1444996217.253332 0.200958 -28.906982 -134.416382 -1.364197 -0.439911 0.836121
6278 1444996217.263398 0.24115 -29.036804 -134.472717 -1.363251 -0.439911 0.829163
6279 1444996217.273467 0.401917 -28.950256 -134.585388 -1.363251 -0.439911 0.826263
6280 1444996217.283622 0.200958 -29.036804 -134.641724 -1.365143 -0.437073 0.836121
6281 1444996217.293726 0.281342 -28.863708 -134.529053 -1.361359 -0.440857 0.829163
6282 1444996217.303832 0.321533 -28.950256 -134.472717 -1.363251 -0.438965 0.829742
6283 1444996217.313894 0.361725 -28.99353 -134.472717 -1.363251 -0.440857 0.830322
6284 1444996217.323957 0.321533 -28.950256 -134.641724 -1.363251 -0.439911 0.831482
6285 1444996217.334019 0.321533 -28.906982 -134.472717 -1.362305 -0.438965 0.830322
6286 1444996217.344135 0.200958 -29.080078 -134.472717 -1.362305 -0.440857 0.831482
6287 1444996217.354145 0.442108 -28.906982 -134.472717 -1.361359 -0.442749 0.828583
6288 1444996217.364198 0.281342 -28.906982 -134.529053 -1.363251 -0.440857 0.825684
6289 1444996217.374261 0.200958 -28.99353 -134.360046 -1.364197 -0.440857 0.834961
6290 1444996217.384324 0.24115 -28.99353 -134.360046 -1.363251 -0.442749 0.840179
6291 1444996217.394396 0.24115 -28.950256 -134.360046 -1.361359 -0.441803 0.830322
6292 1444996217.404462 0.24115 -29.123352 -134.585388 -1.362305 -0.441803 0.83786
6293 1444996217.414524 0.361725 -28.99353 -134.472717 -1.363251 -0.443695 0.833801
6294 1444996217.424594 0.401917 -28.99353 -134.416382 -1.360413 -0.443695 0.828003
6295 1444996217.434659 0.24115 -28.906982 -134.360046 -1.361359 -0.442749 0.829163
6296 1444996217.444731 0.321533 -28.950256 -134.641724 -1.362305 -0.442749 0.832062
6297 1444996217.454792 0.321533 -28.950256 -134.360046 -1.360413 -0.444641 0.821045
6298 1444996217.464849 0.281342 -29.036804 -134.360046 -1.364197 -0.440857 0.831482
6299 1444996217.474910 0.24115 -28.950256 -134.416382 -1.360413 -0.443695 0.828583
6300 1444996217.484974 0.200958 -28.950256 -134.416382 -1.363251 -0.441803 0.827423
6301 1444996217.495039 0.200958 -28.863708 -134.416382 -1.362305 -0.444641 0.830322
6302 1444996217.505146 0.200958 -29.036804 -134.529053 -1.363251 -0.441803 0.832062
6303 1444996217.515208 0.401917 -28.99353 -134.472717 -1.361359 -0.443695 0.825684
6304 1444996217.525245 0.281342 -28.950256 -134.529053 -1.363251 -0.441803 0.833801
6305 1444996217.535285 0.120575 -29.166626 -134.585388 -1.365143 -0.442749 0.83902
6306 1444996217.545351 0.281342 -28.863708 -134.529053 -1.363251 -0.443695 0.825104
6307 1444996217.555405 0.080383 -28.99353 -134.360046 -1.364197 -0.437073 0.832642
6308 1444996217.565471 0.200958 -29.036804 -134.416382 -1.363251 -0.438965 0.830902
6309 1444996217.575509 0.24115 -29.036804 -134.472717 -1.362305 -0.440857 0.831482
6310 1444996217.585571 0.200958 -28.99353 -134.416382 -1.361359 -0.440857 0.832642
6311 1444996217.595648 0.160767 -28.950256 -134.472717 -1.362305 -0.438019 0.830322
6312 1444996217.605708 0.200958 -28.99353 -134.416382 -1.363251 -0.438019 0.833801
6313 1444996217.615738 0.24115 -28.99353 -134.529053 -1.364197 -0.441803 0.830902
6314 1444996217.625843 0.321533 -28.950256 -134.303711 -1.362305 -0.438019 0.840179
6315 1444996217.635883 0.281342 -28.906982 -134.585388 -1.362305 -0.438965 0.826843
6316 1444996217.645964 0.24115 -28.99353 -134.472717 -1.362305 -0.439911 0.822205
6317 1444996217.656025 0.321533 -28.906982 -134.472717 -1.364197 -0.437073 0.827423
6318 1444996217.666089 0.160767 -28.863708 -134.472717 -1.360413 -0.438019 0.826263
6319 1444996217.676167 0.401917 -29.036804 -134.416382 -1.363251 -0.438019 0.83844
6320 1444996217.686207 0.281342 -28.820435 -134.472717 -1.362305 -0.439911 0.826843
6321 1444996217.696270 0.361725 -29.080078 -134.360046 -1.361359 -0.438019 0.833801
6322 1444996217.706332 0.160767 -29.036804 -134.529053 -1.363251 -0.436127 0.830322
6323 1444996217.716396 0.24115 -29.036804 -134.416382 -1.364197 -0.439911 0.834381
6324 1444996217.726413 0.281342 -28.863708 -134.472717 -1.361359 -0.439911 0.832062
6325 1444996217.736474 0.281342 -29.123352 -134.247375 -1.362305 -0.436127 0.830902
6326 1444996217.746536 0.321533 -29.080078 -134.360046 -1.361359 -0.438019 0.833221
6327 1444996217.756600 0.361725 -28.906982 -134.472717 -1.362305 -0.438965 0.831482
6328 1444996217.766664 0.200958 -28.906982 -134.360046 -1.363251 -0.435181 0.833221
6329 1444996217.776727 0.281342 -28.950256 -134.472717 -1.362305 -0.438965 0.827423
6330 1444996217.786783 0.24115 -28.950256 -134.247375 -1.362305 -0.438019 0.822205
6331 1444996217.796846 0.160767 -28.906982 -134.416382 -1.363251 -0.435181 0.832062
6332 1444996217.806908 0.24115 -28.950256 -134.416382 -1.363251 -0.438019 0.830322
6333 1444996217.816954 0.24115 -28.906982 -134.472717 -1.363251 -0.438019 0.828583
6334 1444996217.827020 0.24115 -28.906982 -134.416382 -1.361359 -0.435181 0.829742
6335 1444996217.837082 0.24115 -28.906982 -134.416382 -1.363251 -0.436127 0.831482
6336 1444996217.847130 0.160767 -29.080078 -134.303711 -1.363251 -0.435181 0.832642
6337 1444996217.857193 0.24115 -28.99353 -134.360046 -1.361359 -0.435181 0.832062
6338 1444996217.867258 0.24115 -28.950256 -134.416382 -1.362305 -0.437073 0.829742
6339 1444996217.877322 0.200958 -29.036804 -134.416382 -1.363251 -0.437073 0.830322
6340 1444996217.887355 0.120575 -28.950256 -134.360046 -1.364197 -0.438019 0.832062
6341 1444996217.897426 0.281342 -28.906982 -134.360046 -1.362305 -0.436127 0.829742
6342 1444996217.907492 0.401917 -28.99353 -134.529053 -1.362305 -0.438019 0.830322
6343 1444996217.917555 0.120575 -28.99353 -134.416382 -1.363251 -0.438019 0.828583
6344 1444996217.927623 0.321533 -28.820435 -134.416382 -1.362305 -0.436127 0.828583
6345 1444996217.937705 0.281342 -29.036804 -134.303711 -1.361359 -0.438019 0.829742
6346 1444996217.947773 0.120575 -28.906982 -134.303711 -1.360413 -0.438019 0.830902
6347 1444996217.957892 0.281342 -28.906982 -134.19104 -1.361359 -0.437073 0.831482
6348 1444996217.967953 0.24115 -28.950256 -134.303711 -1.364197 -0.439911 0.832642
6349 1444996217.978028 0.160767 -28.863708 -134.360046 -1.362305 -0.438019 0.833221
6350 1444996217.988092 0.040192 -28.950256 -134.19104 -1.362305 -0.437073 0.832062
6351 1444996217.998155 0.24115 -29.036804 -134.360046 -1.360413 -0.437073 0.829163
6352 1444996218.008216 0.24115 -28.863708 -134.360046 -1.361359 -0.439911 0.825104
6353 1444996218.018277 0.24115 -29.080078 -134.416382 -1.365143 -0.437073 0.832642
6354 1444996218.028359 0.24115 -29.036804 -134.416382 -1.363251 -0.440857 0.836121
6355 1444996218.038395 0.160767 -28.863708 -134.416382 -1.362305 -0.440857 0.823944
6356 1444996218.048450 0.281342 -28.906982 -134.529053 -1.361359 -0.440857 0.818726
6357 1444996218.058511 0.24115 -29.036804 -134.247375 -1.365143 -0.440857 0.841919
6358 1444996218.068635 0.160767 -29.036804 -134.416382 -1.362305 -0.441803 0.828583
6359 1444996218.078712 0.160767 -28.99353 -134.303711 -1.363251 -0.439911 0.833801
6360 1444996218.088775 0.160767 -28.99353 -134.416382 -1.363251 -0.439911 0.830322
6361 1444996218.098839 0.321533 -28.99353 -134.303711 -1.363251 -0.442749 0.829163
6362 1444996218.108901 0.281342 -28.863708 -134.416382 -1.362305 -0.441803 0.823364
6363 1444996218.118967 0.24115 -28.99353 -134.360046 -1.362305 -0.438019 0.830322
6364 1444996218.129009 0.281342 -29.166626 -134.472717 -1.363251 -0.441803 0.834961
6365 1444996218.139070 0.200958 -29.036804 -134.585388 -1.363251 -0.439911 0.826843
6366 1444996218.149133 0.321533 -29.080078 -134.472717 -1.363251 -0.439911 0.829163
6367 1444996218.159196 0.361725 -28.906982 -134.416382 -1.361359 -0.441803 0.826843
6368 1444996218.169259 0.200958 -29.036804 -134.529053 -1.363251 -0.442749 0.823364
6369 1444996218.179321 0.200958 -28.950256 -134.416382 -1.364197 -0.439911 0.842499
6370 1444996218.189349 0.361725 -28.99353 -134.416382 -1.363251 -0.441803 0.830902
6371 1444996218.199410 0.321533 -28.863708 -134.360046 -1.361359 -0.442749 0.818726
6372 1444996218.209465 0.24115 -29.036804 -134.416382 -1.362305 -0.438965 0.829742
6373 1444996218.219543 0.24115 -28.906982 -134.303711 -1.363251 -0.438965 0.832062
6374 1444996218.229606 0.401917 -28.863708 -134.303711 -1.361359 -0.444641 0.825684
6375 1444996218.239674 0.160767 -29.036804 -134.360046 -1.361359 -0.438965 0.830902
6376 1444996218.249738 0.160767 -29.123352 -134.529053 -1.363251 -0.437073 0.83728
6377 1444996218.259784 0.120575 -28.950256 -134.472717 -1.363251 -0.441803 0.828003
6378 1444996218.269856 0.200958 -28.950256 -134.416382 -1.364197 -0.439911 0.836121
6379 1444996218.279920 0.281342 -28.906982 -134.472717 -1.362305 -0.439911 0.824524
6380 1444996218.289983 0.200958 -29.036804 -134.529053 -1.362305 -0.439911 0.822205
6381 1444996218.300046 0.321533 -28.863708 -134.416382 -1.363251 -0.442749 0.826843
6382 1444996218.310127 0.281342 -28.950256 -134.303711 -1.362305 -0.442749 0.832642
6383 1444996218.320173 0.442108 -28.950256 -134.360046 -1.362305 -0.440857 0.834381
6384 1444996218.330240 0.200958 -28.950256 -134.472717 -1.363251 -0.439911 0.824524
6385 1444996218.340309 0.200958 -29.123352 -134.303711 -1.363251 -0.435181 0.830902
6386 1444996218.350371 0.24115 -28.863708 -134.360046 -1.362305 -0.441803 0.814087
6387 1444996218.360435 0.281342 -28.906982 -134.360046 -1.362305 -0.438965 0.829742
6388 1444996218.370499 0.160767 -28.950256 -134.472717 -1.362305 -0.438019 0.832642
6389 1444996218.380563 0.200958 -29.036804 -134.416382 -1.363251 -0.438965 0.823364
6390 1444996218.390814 0.200958 -28.950256 -134.416382 -1.363251 -0.439911 0.828583
6391 1444996218.400874 0.24115 -28.820435 -134.472717 -1.362305 -0.438965 0.821625
6392 1444996218.410940 0.24115 -28.99353 -134.360046 -1.362305 -0.438965 0.819885
6393 1444996218.421001 0.200958 -28.950256 -134.360046 -1.363251 -0.436127 0.840179
6394 1444996218.431068 0.200958 -28.950256 -134.247375 -1.361359 -0.439911 0.829163
6395 1444996218.441131 0.200958 -28.820435 -134.360046 -1.360413 -0.437073 0.824524
6396 1444996218.451195 0.281342 -28.950256 -134.416382 -1.363251 -0.435181 0.829742
6397 1444996218.461258 0.24115 -28.950256 -134.247375 -1.363251 -0.439911 0.826263
6398 1444996218.471301 0.281342 -28.906982 -134.416382 -1.360413 -0.436127 0.821625
6399 1444996218.481372 0.24115 -28.99353 -134.416382 -1.363251 -0.437073 0.83728
6400 1444996218.491437 0.281342 -28.950256 -134.360046 -1.362305 -0.439911 0.831482
6401 1444996218.501505 0.200958 -29.036804 -134.303711 -1.361359 -0.438019 0.822205
6402 1444996218.511567 0.24115 -28.99353 -134.360046 -1.363251 -0.437073 0.833221
6403 1444996218.521629 0.281342 -29.080078 -134.416382 -1.363251 -0.437073 0.840179
6404 1444996218.531690 0.361725 -28.906982 -134.472717 -1.361359 -0.434235 0.820465
6405 1444996218.541752 0.24115 -28.99353 -134.303711 -1.362305 -0.438019 0.828003
6406 1444996218.551814 0.200958 -28.906982 -134.472717 -1.360413 -0.435181 0.826843
6407 1444996218.561878 0.281342 -28.950256 -134.416382 -1.362305 -0.436127 0.818146
6408 1444996218.571998 0.120575 -28.950256 -134.416382 -1.363251 -0.434235 0.830902
6409 1444996218.582061 0.24115 -28.950256 -134.247375 -1.361359 -0.436127 0.826263
6410 1444996218.592148 0.24115 -28.906982 -134.416382 -1.362305 -0.436127 0.818146
6411 1444996218.602214 0.321533 -28.820435 -134.472717 -1.360413 -0.436127 0.818146
6412 1444996218.612275 0.24115 -28.863708 -134.472717 -1.361359 -0.433289 0.820465
6413 1444996218.622338 0.200958 -28.950256 -134.472717 -1.364197 -0.436127 0.825104
6414 1444996218.632398 0.321533 -28.99353 -134.303711 -1.360413 -0.436127 0.832062
6415 1444996218.642461 0.281342 -28.906982 -134.19104 -1.363251 -0.437073 0.826843
6416 1444996218.652508 0.24115 -28.99353 -134.529053 -1.364197 -0.437073 0.836121
6417 1444996218.662570 0.120575 -28.906982 -134.360046 -1.362305 -0.438019 0.826843
6418 1444996218.672631 0.200958 -28.950256 -134.416382 -1.362305 -0.436127 0.826843
6419 1444996218.682690 0.281342 -28.950256 -134.416382 -1.362305 -0.436127 0.823364
6420 1444996218.692778 0.24115 -29.080078 -134.360046 -1.364197 -0.435181 0.830902
6421 1444996218.702800 0.160767 -28.950256 -134.360046 -1.363251 -0.435181 0.832062
6422 1444996218.712862 0.120575 -28.950256 -134.303711 -1.361359 -0.436127 0.827423
6423 1444996218.722932 0.24115 -29.036804 -134.247375 -1.363251 -0.437073 0.830322
6424 1444996218.732995 0.24115 -28.820435 -134.360046 -1.361359 -0.438965 0.821045
6425 1444996218.743057 0.281342 -28.863708 -134.360046 -1.361359 -0.437073 0.814667
6426 1444996218.753119 0.24115 -28.820435 -134.303711 -1.359467 -0.437073 0.821045
6427 1444996218.763181 0.24115 -28.863708 -134.416382 -1.361359 -0.439911 0.818146
6428 1444996218.773243 0.281342 -28.863708 -134.303711 -1.363251 -0.438965 0.827423
6429 1444996218.783307 0.24115 -29.036804 -134.416382 -1.362305 -0.440857 0.822205
6430 1444996218.793369 0.24115 -28.906982 -134.529053 -1.361359 -0.438019 0.825104
6431 1444996218.803434 0.321533 -28.950256 -134.416382 -1.362305 -0.439911 0.825684
6432 1444996218.813494 0.281342 -28.906982 -134.416382 -1.361359 -0.438965 0.824524
6433 1444996218.823556 0.160767 -28.99353 -134.472717 -1.362305 -0.437073 0.829163
6434 1444996218.833617 0.24115 -28.99353 -134.360046 -1.363251 -0.439911 0.822784
6435 1444996218.843648 0.200958 -28.906982 -134.416382 -1.363251 -0.439911 0.819885
6436 1444996218.853684 0.200958 -28.99353 -134.529053 -1.362305 -0.438019 0.816986
6437 1444996218.863747 0.200958 -28.99353 -134.472717 -1.363251 -0.438019 0.824524
6438 1444996218.873809 0.281342 -28.950256 -134.416382 -1.363251 -0.439911 0.822205
6439 1444996218.883872 0.281342 -28.863708 -134.529053 -1.361359 -0.438965 0.817566
6440 1444996218.893935 0.24115 -28.906982 -134.416382 -1.365143 -0.440857 0.828583
6441 1444996218.903953 0.080383 -28.99353 -134.416382 -1.361359 -0.438965 0.823364
6442 1444996218.914003 0.24115 -28.906982 -134.472717 -1.363251 -0.441803 0.814667
6443 1444996218.924093 0.281342 -28.820435 -134.416382 -1.358521 -0.439911 0.818146
6444 1444996218.934148 0.200958 -28.99353 -134.416382 -1.363251 -0.438965 0.827423
6445 1444996218.944210 0.160767 -28.950256 -134.360046 -1.362305 -0.443695 0.819885
6446 1444996218.954276 0.120575 -28.906982 -134.360046 -1.363251 -0.439911 0.824524
6447 1444996218.964339 0.24115 -28.906982 -134.472717 -1.362305 -0.439911 0.822784
6448 1444996218.974403 0.24115 -28.99353 -134.360046 -1.364197 -0.442749 0.834961
6449 1444996218.984468 0.080383 -28.950256 -134.416382 -1.363251 -0.440857 0.829163
6450 1444996218.994534 0.281342 -28.950256 -134.416382 -1.362305 -0.441803 0.821625
6451 1444996219.004596 0.24115 -28.906982 -134.529053 -1.361359 -0.439911 0.820465
6452 1444996219.014659 0.281342 -28.820435 -134.529053 -1.360413 -0.441803 0.816406
6453 1444996219.024722 0.281342 -28.863708 -134.416382 -1.363251 -0.440857 0.825104
6454 1444996219.034823 0.321533 -28.863708 -134.416382 -1.362305 -0.439911 0.822784
6455 1444996219.044886 0.200958 -28.820435 -134.360046 -1.362305 -0.439911 0.814087
6456 1444996219.054949 0.24115 -28.950256 -134.472717 -1.361359 -0.438019 0.821625
6457 1444996219.065010 0.361725 -28.863708 -134.360046 -1.361359 -0.437073 0.820465
6458 1444996219.075111 0.24115 -28.863708 -134.303711 -1.361359 -0.436127 0.823364
6459 1444996219.085175 0.200958 -28.863708 -134.416382 -1.363251 -0.436127 0.814087
6460 1444996219.095227 0.160767 -28.950256 -134.472717 -1.362305 -0.437073 0.822784
6461 1444996219.105345 0.200958 -28.950256 -134.416382 -1.362305 -0.436127 0.823944
6462 1444996219.115408 0.200958 -28.906982 -134.416382 -1.362305 -0.437073 0.823944
6463 1444996219.125471 0.24115 -28.863708 -134.303711 -1.362305 -0.437073 0.815247
6464 1444996219.135534 0.24115 -28.950256 -134.472717 -1.361359 -0.438019 0.821045
6465 1444996219.145595 0.24115 -28.99353 -134.529053 -1.364197 -0.437073 0.821045
6466 1444996219.155657 0.281342 -28.906982 -134.529053 -1.362305 -0.438965 0.825104
6467 1444996219.165723 0.24115 -28.906982 -134.529053 -1.362305 -0.437073 0.826263
6468 1444996219.175789 0.200958 -28.950256 -134.472717 -1.362305 -0.436127 0.825104
6469 1444996219.185852 0.160767 -28.820435 -134.360046 -1.361359 -0.437073 0.811768
6470 1444996219.195915 0.160767 -28.950256 -134.472717 -1.362305 -0.436127 0.824524
6471 1444996219.205976 0.120575 -28.950256 -134.360046 -1.361359 -0.435181 0.83728
6472 1444996219.216040 0.281342 -28.99353 -134.416382 -1.362305 -0.437073 0.821045
6473 1444996219.226124 0.160767 -28.820435 -134.360046 -1.362305 -0.435181 0.824524
6474 1444996219.236188 0.120575 -29.036804 -134.416382 -1.362305 -0.435181 0.823364
6475 1444996219.246250 0.321533 -28.863708 -134.416382 -1.362305 -0.438019 0.819305
6476 1444996219.256326 0.321533 -28.863708 -134.303711 -1.360413 -0.435181 0.830322
6477 1444996219.266390 0.160767 -28.863708 -134.472717 -1.361359 -0.438019 0.816986
6478 1444996219.276455 0.24115 -28.863708 -134.360046 -1.362305 -0.435181 0.823364
6479 1444996219.286517 0.401917 -28.863708 -134.416382 -1.361359 -0.437073 0.818146
6480 1444996219.296582 0.281342 -28.777161 -134.416382 -1.361359 -0.434235 0.822205
6481 1444996219.306668 0.321533 -28.906982 -134.360046 -1.360413 -0.435181 0.823364
6482 1444996219.316791 0.361725 -28.906982 -134.416382 -1.361359 -0.437073 0.817566
6483 1444996219.326876 0.120575 -28.906982 -134.303711 -1.363251 -0.434235 0.826843
6484 1444996219.336970 0.24115 -28.906982 -134.529053 -1.360413 -0.433289 0.822205
6485 1444996219.347048 0.281342 -28.906982 -134.360046 -1.359467 -0.435181 0.817566
6486 1444996219.357125 0.120575 -28.950256 -134.472717 -1.362305 -0.434235 0.822205
6487 1444996219.367188 0.200958 -28.777161 -134.303711 -1.359467 -0.435181 0.820465
6488 1444996219.377259 0.200958 -28.906982 -134.360046 -1.362305 -0.437073 0.824524
6489 1444996219.387351 0.160767 -28.950256 -134.360046 -1.361359 -0.433289 0.822205
6490 1444996219.397387 0.321533 -28.820435 -134.416382 -1.360413 -0.438019 0.819885
6491 1444996219.407452 0.200958 -28.863708 -134.247375 -1.361359 -0.435181 0.818726
6492 1444996219.417514 0.281342 -28.950256 -134.360046 -1.362305 -0.436127 0.813507
6493 1444996219.427576 0.160767 -28.820435 -134.472717 -1.361359 -0.435181 0.823364
6494 1444996219.437638 0.281342 -28.906982 -134.529053 -1.362305 -0.437073 0.808868
6495 1444996219.447703 0.281342 -28.906982 -134.360046 -1.360413 -0.434235 0.814667
6496 1444996219.457788 0.24115 -28.950256 -134.360046 -1.361359 -0.436127 0.824524
6497 1444996219.467850 0.24115 -28.950256 -134.360046 -1.362305 -0.436127 0.813507
6498 1444996219.477913 0.120575 -28.99353 -134.416382 -1.363251 -0.433289 0.819305
6499 1444996219.487976 0.160767 -28.99353 -134.416382 -1.363251 -0.437073 0.826263
6500 1444996219.498037 0.160767 -29.080078 -134.303711 -1.363251 -0.436127 0.824524
6501 1444996219.508104 0.281342 -28.906982 -134.416382 -1.360413 -0.436127 0.826843
6502 1444996219.518167 0.281342 -28.906982 -134.303711 -1.362305 -0.437073 0.822784
6503 1444996219.528235 0.281342 -28.863708 -134.303711 -1.361359 -0.437073 0.812927
6504 1444996219.538295 0.24115 -28.950256 -134.529053 -1.363251 -0.438019 0.823944
6505 1444996219.548356 0.040192 -28.863708 -134.416382 -1.361359 -0.439911 0.816986
6506 1444996219.558467 0.24115 -28.863708 -134.303711 -1.361359 -0.438019 0.818726
6507 1444996219.568530 0.24115 -28.820435 -134.303711 -1.362305 -0.438965 0.825684
6508 1444996219.578618 0.361725 -28.906982 -134.416382 -1.361359 -0.437073 0.822205
6509 1444996219.588777 0.200958 -28.99353 -134.303711 -1.362305 -0.438019 0.822784
6510 1444996219.598799 0.24115 -28.906982 -134.303711 -1.361359 -0.438019 0.818146
6511 1444996219.608862 0.160767 -28.777161 -134.360046 -1.363251 -0.436127 0.818726
6512 1444996219.618927 0.24115 -29.080078 -134.360046 -1.362305 -0.438019 0.822784
6513 1444996219.628990 0.120575 -28.99353 -134.247375 -1.362305 -0.439911 0.819885
6514 1444996219.639052 0.281342 -28.950256 -134.416382 -1.362305 -0.438965 0.828003
6515 1444996219.649160 0.24115 -28.820435 -134.360046 -1.360413 -0.439911 0.818726
6516 1444996219.659223 0.24115 -28.906982 -134.416382 -1.361359 -0.438965 0.819885
6517 1444996219.669285 0.120575 -28.820435 -134.19104 -1.361359 -0.439911 0.816406
6518 1444996219.679348 0.281342 -28.820435 -134.303711 -1.359467 -0.438965 0.818146
6519 1444996219.689410 0.24115 -28.777161 -134.303711 -1.361359 -0.438965 0.819885
6520 1444996219.699473 0.200958 -28.99353 -134.472717 -1.363251 -0.439911 0.816986
6521 1444996219.709534 0.120575 -28.863708 -134.303711 -1.362305 -0.438019 0.813507
6522 1444996219.719567 0.160767 -28.906982 -134.472717 -1.362305 -0.439911 0.821045
6523 1444996219.729628 0.160767 -28.950256 -134.416382 -1.362305 -0.438019 0.818146
6524 1444996219.739694 0.160767 -28.906982 -134.529053 -1.363251 -0.437073 0.811768
6525 1444996219.749763 0.120575 -28.906982 -134.529053 -1.363251 -0.436127 0.821625
6526 1444996219.759890 0.200958 -28.820435 -134.303711 -1.360413 -0.438019 0.811188
6527 1444996219.769953 0.080383 -28.950256 -134.360046 -1.362305 -0.437073 0.816406
6528 1444996219.780018 0.040192 -28.99353 -134.529053 -1.363251 -0.437073 0.828583
6529 1444996219.790080 0.24115 -28.906982 -134.472717 -1.361359 -0.438965 0.817566
6530 1444996219.800140 0.040192 -28.820435 -134.472717 -1.361359 -0.438965 0.807709
6531 1444996219.810201 0.120575 -28.863708 -134.360046 -1.360413 -0.438019 0.816986
6532 1444996219.820264 0.24115 -28.950256 -134.360046 -1.362305 -0.439911 0.815247
6533 1444996219.830330 0.160767 -28.906982 -134.303711 -1.361359 -0.438019 0.812927
6534 1444996219.840390 0.080383 -28.950256 -134.303711 -1.362305 -0.434235 0.823364
6535 1444996219.850451 0.080383 -28.906982 -134.360046 -1.361359 -0.436127 0.822784
6536 1444996219.860574 0.160767 -28.950256 -134.585388 -1.361359 -0.433289 0.820465
6537 1444996219.870639 0.080383 -28.820435 -134.360046 -1.361359 -0.437073 0.812347
6538 1444996219.880702 0.120575 -28.906982 -134.360046 -1.361359 -0.435181 0.822784
6539 1444996219.890749 0.200958 -28.99353 -134.303711 -1.361359 -0.437073 0.822205
6540 1444996219.900804 0.160767 -28.863708 -134.416382 -1.360413 -0.437073 0.817566
6541 1444996219.910867 0.120575 -29.036804 -134.472717 -1.362305 -0.435181 0.824524
6542 1444996219.920949 0.160767 -28.950256 -134.472717 -1.364197 -0.437073 0.831482
6543 1444996219.930992 0.080383 -28.820435 -134.303711 -1.359467 -0.439911 0.809448
6544 1444996219.941057 0.200958 -28.777161 -134.360046 -1.360413 -0.438019 0.815826
6545 1444996219.951120 0.120575 -28.99353 -134.416382 -1.360413 -0.437073 0.816986
6546 1444996219.961194 0.120575 -28.863708 -134.303711 -1.362305 -0.436127 0.819305
6547 1444996219.971255 0.120575 -28.733887 -134.472717 -1.361359 -0.438019 0.810028
6548 1444996219.981318 0.24115 -28.863708 -134.303711 -1.360413 -0.438019 0.812347
6549 1444996219.991380 0.281342 -28.863708 -134.472717 -1.361359 -0.437073 0.80481
6550 1444996220.001443 -0.080383 -28.99353 -134.529053 -1.362305 -0.434235 0.814667
6551 1444996220.011506 0.160767 -28.906982 -134.416382 -1.362305 -0.436127 0.818726
6552 1444996220.021585 0.040192 -28.906982 -134.360046 -1.362305 -0.436127 0.813507
6553 1444996220.031645 0.24115 -28.99353 -134.303711 -1.361359 -0.437073 0.815826
6554 1444996220.041706 0.160767 -28.906982 -134.416382 -1.361359 -0.437073 0.814087
6555 1444996220.051767 0.120575 -28.863708 -134.416382 -1.362305 -0.437073 0.812927
6556 1444996220.061827 0.281342 -28.733887 -134.472717 -1.360413 -0.438019 0.814667
6557 1444996220.071909 0.120575 -28.820435 -134.416382 -1.360413 -0.438019 0.818726
6558 1444996220.082069 0.24115 -28.863708 -134.360046 -1.361359 -0.438965 0.819305
6559 1444996220.092131 0.200958 -28.820435 -134.472717 -1.360413 -0.435181 0.816406
6560 1444996220.102193 0.080383 -28.906982 -134.360046 -1.361359 -0.432343 0.823364
6561 1444996220.112256 0.160767 -28.950256 -134.360046 -1.361359 -0.437073 0.818726
6562 1444996220.122318 0.160767 -29.036804 -134.303711 -1.364197 -0.437073 0.828003
6563 1444996220.132340 0.120575 -28.906982 -134.360046 -1.359467 -0.438019 0.817566
6564 1444996220.142421 0.200958 -28.733887 -134.360046 -1.360413 -0.438019 0.822205
6565 1444996220.152482 0.200958 -28.820435 -134.360046 -1.359467 -0.435181 0.812347
6566 1444996220.162554 0.200958 -28.863708 -134.247375 -1.360413 -0.436127 0.815826
6567 1444996220.172688 0.281342 -28.863708 -134.360046 -1.359467 -0.435181 0.816406
6568 1444996220.182751 0.200958 -28.863708 -134.360046 -1.361359 -0.438019 0.814667
6569 1444996220.192782 0.24115 -28.950256 -134.360046 -1.362305 -0.436127 0.824524
6570 1444996220.202847 0.200958 -28.777161 -134.416382 -1.359467 -0.436127 0.811768
6571 1444996220.212907 0.24115 -28.777161 -134.416382 -1.360413 -0.435181 0.816406
6572 1444996220.222969 0.24115 -28.733887 -134.472717 -1.359467 -0.436127 0.814667
6573 1444996220.233029 0.321533 -28.906982 -134.416382 -1.361359 -0.438019 0.80481
6574 1444996220.243091 0.080383 -28.950256 -134.472717 -1.364197 -0.434235 0.823944
6575 1444996220.253134 0.120575 -28.863708 -134.472717 -1.361359 -0.438019 0.813507
6576 1444996220.263196 0.160767 -28.777161 -134.472717 -1.360413 -0.438019 0.80423
6577 1444996220.273266 0.200958 -28.863708 -134.472717 -1.361359 -0.438019 0.819305
6578 1444996220.283329 0.24115 -28.950256 -134.360046 -1.360413 -0.438965 0.821045
6579 1444996220.293377 0.160767 -28.863708 -134.472717 -1.362305 -0.437073 0.815247
6580 1444996220.303437 0.200958 -28.906982 -134.472717 -1.362305 -0.433289 0.818726
6581 1444996220.313498 0.200958 -28.863708 -134.529053 -1.359467 -0.436127 0.811768
6582 1444996220.323561 0.080383 -28.906982 -134.529053 -1.363251 -0.438965 0.805389
6583 1444996220.333637 0.160767 -28.820435 -134.416382 -1.360413 -0.437073 0.818146
6584 1444996220.343701 0.200958 -28.863708 -134.529053 -1.362305 -0.437073 0.810028
6585 1444996220.353790 0.040192 -28.99353 -134.472717 -1.363251 -0.435181 0.812927
6586 1444996220.363856 0.200958 -28.820435 -134.472717 -1.361359 -0.438965 0.815826
6587 1444996220.373920 0.120575 -28.950256 -134.360046 -1.361359 -0.436127 0.815247
