7894 1444828663.241707 0.038452 0.010986 -10.008569
7895 1444828663.251814 0.038452 0.010986 -10.008569
7896 1444828663.262024 0.038452 0.010986 -10.008569
7897 1444828663.270048 -0.049439 0.010986 -10.008569
7898 1444828663.279163 0.038452 0.010986 -10.008569
7899 1444828663.285251 -0.049439 0.010986 -10.008569
7900 1444828663.298994 -0.049439 0.010986 -10.008569
7901 1444828663.309555 0.038452 0.010986 -10.008569
7902 1444828663.319281 -0.049439 0.010986 -10.008569
7903 1444828663.329417 -0.049439 0.010986 -10.008569
7904 1444828663.339851 -0.049439 0.010986 -10.008569
7905 1444828663.350099 -0.049439 0.010986 -10.008569
7906 1444828663.360300 -0.049439 0.010986 -10.008569
7907 1444828663.370402 -0.049439 0.010986 -10.008569
7908 1444828663.380163 -0.049439 0.010986 -10.008569
7909 1444828663.390571 -0.049439 0.010986 -10.008569
7910 1444828663.400358 -0.049439 0.010986 -10.008569
7911 1444828663.410604 -0.049439 0.010986 -10.008569
7912 1444828663.420631 -0.049439 0.010986 -10.008569
7913 1444828663.430890 -0.049439 0.010986 -10.008569
7914 1444828663.441156 -0.049439 0.010986 -10.008569
7915 1444828663.451048 -0.049439 0.010986 -10.008569
7916 1444828663.461486 -0.049439 0.010986 -10.008569
7917 1444828663.470155 -0.049439 0.010986 -10.008569
7918 1444828663.481448 -0.049439 0.010986 -10.008569
7919 1444828663.491600 -0.049439 0.010986 -10.008569
7920 1444828663.501754 -0.049439 0.010986 -10.008569
7921 1444828663.511881 -0.049439 0.010986 -10.008569
7922 1444828663.519962 -0.049439 0.010986 -10.008569
7923 1444828663.532141 -0.049439 0.010986 -10.008569
7924 1444828663.542260 -0.049439 0.010986 -10.008569
7925 1444828663.552463 -0.049439 0.010986 -10.008569
7926 1444828663.564936 -0.049439 0.010986 -10.008569
7927 1444828663.570283 -0.049439 0.010986 -10.008569
7928 1444828663.580096 0.038452 0.010986 -10.008569
7929 1444828663.590328 -0.049439 0.010986 -10.008569
7930 1444828663.600045 -0.049439 0.010986 -10.008569
7931 1444828663.615437 -0.049439 0.010986 -10.008569
7932 1444828663.625423 -0.049439 0.010986 -10.008569
7933 1444828663.635358 -0.049439 0.010986 -10.008569
7934 1444828663.641309 -0.049439 0.010986 -10.008569
7935 1444828663.651118 -0.049439 0.010986 -10.008569
7936 1444828663.661130 -0.049439 0.010986 -10.008569
7937 1444828663.669498 -0.049439 0.010986 -10.008569
7938 1444828663.679441 0.038452 0.010986 -10.008569
7939 1444828663.691384 -0.049439 0.010986 -10.008569
7940 1444828663.701521 -0.049439 0.010986 -10.008569
7941 1444828663.709106 0.038452 0.010986 -10.008569
7942 1444828663.719970 -0.049439 0.010986 -10.008569
7943 1444828663.729645 0.038452 0.010986 -10.008569
7944 1444828663.742143 -0.049439 0.010986 -10.008569
7945 1444828663.752262 -0.049439 0.010986 -10.008569
7946 1444828663.759079 -0.049439 0.010986 -10.008569
7947 1444828663.771697 -0.049439 0.010986 -10.008569
7948 1444828663.780103 -0.049439 0.010986 -10.008569
7949 1444828663.789518 -0.049439 0.010986 -10.008569
7950 1444828663.799736 -0.049439 0.010986 -10.008569
7951 1444828663.814707 -0.049439 0.010986 -10.008569
7952 1444828663.824434 -0.049439 0.010986 -10.008569
7953 1444828663.834939 -0.049439 0.010986 -10.008569
7954 1444828663.845086 -0.049439 0.010986 -10.008569
7955 1444828663.855191 -0.049439 0.010986 -10.008569
7956 1444828663.865444 -0.049439 0.010986 -10.008569
7957 1444828663.875614 -0.049439 0.010986 -10.008569
7958 1444828663.885569 -0.049439 0.010986 -10.008569
7959 1444828663.895700 -0.049439 0.010986 -10.008569
7960 1444828663.905781 -0.049439 0.010986 -10.008569
7961 1444828663.916104 -0.049439 0.010986 -10.008569
7962 1444828663.926414 -0.049439 0.010986 -10.008569
7963 1444828663.936203 -0.049439 0.010986 -10.008569
7964 1444828663.946449 -0.049439 0.010986 -10.008569
7965 1444828663.956774 -0.049439 0.010986 -10.008569
7966 1444828663.966933 -0.049439 0.010986 -10.008569
7967 1444828663.976860 -0.049439 0.010986 -10.008569
7968 1444828663.986850 -0.049439 0.010986 -10.008569
7969 1444828663.997098 -0.049439 0.010986 -10.008569
7970 1444828664.007537 0.038452 0.010986 -10.008569
7971 1444828664.017904 -0.049439 0.010986 -10.008569
7972 1444828664.024081 -0.049439 0.010986 -10.008569
7973 1444828664.034154 -0.049439 0.010986 -10.008569
7974 1444828664.044023 -0.049439 0.010986 -10.008569
7975 1444828664.054247 -0.049439 0.010986 -10.008569
7976 1444828664.064503 -0.049439 0.010986 -10.008569
7977 1444828664.074642 0.038452 0.010986 -10.008569
7978 1444828664.084519 -0.049439 0.010986 -10.008569
7979 1444828664.094584 0.038452 0.010986 -10.008569
7980 1444828664.104764 0.038452 0.010986 -10.008569
7981 1444828664.115050 -0.049439 0.010986 -10.008569
7982 1444828664.124676 0.038452 0.010986 -10.008569
7983 1444828664.135230 -0.049439 0.010986 -10.008569
7984 1444828664.145489 -0.049439 0.010986 -10.008569
7985 1444828664.155601 -0.049439 0.010986 -10.008569
7986 1444828664.165671 -0.049439 0.010986 -10.008569
7987 1444828664.175913 -0.049439 0.010986 -10.008569
7988 1444828664.186064 -0.049439 0.010986 -10.008569
7989 1444828664.196192 -0.049439 0.010986 -10.008569
7990 1444828664.206420 -0.049439 0.010986 -10.008569
7991 1444828664.216598 -0.049439 0.010986 -10.008569
7992 1444828664.225214 -0.049439 0.010986 -10.008569
7993 1444828664.236620 -0.049439 0.010986 -10.008569
7994 1444828664.246717 -0.049439 0.010986 -10.008569
7995 1444828664.256841 -0.049439 0.010986 -10.008569
7996 1444828664.264903 -0.049439 0.010986 -10.008569
7997 1444828664.275455 -0.049439 0.010986 -10.008569
7998 1444828664.284166 0.038452 0.010986 -10.008569
7999 1444828664.297592 -0.049439 0.010986 -10.008569
8000 1444828664.307714 -0.049439 0.010986 -10.008569
8001 1444828664.319123 -0.049439 0.010986 -10.008569
8002 1444828664.325463 -0.049439 0.010986 -9.920679
8003 1444828664.335530 -0.049439 0.010986 -10.008569
8004 1444828664.349133 -0.049439 0.010986 -10.008569
8005 1444828664.359179 -0.049439 0.010986 -10.008569
8006 1444828664.369294 -0.049439 0.010986 -10.008569
8007 1444828664.379519 -0.049439 0.010986 -10.008569
8008 1444828664.389445 -0.049439 0.010986 -10.008569
8009 1444828664.399578 -0.049439 0.010986 -10.008569
8010 1444828664.409830 -0.049439 0.010986 -10.008569
8011 1444828664.419640 -0.049439 0.010986 -10.008569
8012 1444828664.429770 -0.049439 0.010986 -10.008569
8013 1444828664.436537 -0.049439 0.010986 -10.008569
8014 1444828664.446280 -0.049439 0.010986 -10.008569
8015 1444828664.456298 -0.049439 0.010986 -10.008569
8016 1444828664.466437 -0.049439 0.010986 -10.008569
8017 1444828664.476926 -0.049439 0.010986 -10.008569
8018 1444828664.487056 -0.049439 0.010986 -10.008569
8019 1444828664.497030 -0.049439 0.010986 -10.008569
8020 1444828664.507106 -0.049439 0.010986 -10.008569
8021 1444828664.517301 -0.049439 0.010986 -10.008569
8022 1444828664.525840 -0.049439 0.010986 -10.008569
8023 1444828664.534227 0.038452 0.010986 -10.008569
8024 1444828664.544313 -0.049439 0.010986 -10.008569
8025 1444828664.559082 0.038452 0.010986 -10.008569
8026 1444828664.569431 -0.049439 0.010986 -10.008569
8027 1444828664.579389 -0.049439 0.010986 -10.008569
8028 1444828664.589712 -0.049439 0.010986 -10.008569
8029 1444828664.599626 -0.049439 0.010986 -10.008569
8030 1444828664.609620 -0.049439 0.010986 -10.008569
8031 1444828664.619795 -0.049439 0.010986 -10.008569
8032 1444828664.629748 -0.049439 0.010986 -10.008569
8033 1444828664.640028 -0.049439 0.010986 -10.008569
8034 1444828664.650131 -0.049439 0.010986 -10.008569
8035 1444828664.660287 -0.049439 0.010986 -10.008569
8036 1444828664.670145 -0.049439 0.010986 -10.008569
8037 1444828664.680063 -0.049439 0.010986 -10.008569
8038 1444828664.690263 0.038452 0.010986 -10.008569
8039 1444828664.700495 -0.049439 0.010986 -10.008569
8040 1444828664.710597 -0.049439 -0.076904 -10.008569
8041 1444828664.718966 -0.049439 0.010986 -10.008569
8042 1444828664.729033 0.038452 0.010986 -10.008569
8043 1444828664.741159 -0.049439 0.010986 -10.008569
8044 1444828664.751648 0.038452 0.010986 -10.008569
8045 1444828664.761203 -0.049439 0.010986 -10.008569
8046 1444828664.769206 -0.049439 0.010986 -10.008569
8047 1444828664.779507 -0.049439 0.010986 -10.008569
8048 1444828664.789022 -0.049439 0.010986 -10.008569
8049 1444828664.799659 -0.049439 0.010986 -10.008569
8050 1444828664.809493 -0.049439 0.010986 -10.008569
8051 1444828664.820470 -0.049439 0.010986 -10.008569
8052 1444828664.829921 -0.049439 0.010986 -10.008569
8053 1444828664.839773 -0.049439 0.010986 -10.008569
8054 1444828664.850024 -0.049439 0.010986 -10.008569
8055 1444828664.859652 -0.049439 0.010986 -10.008569
8056 1444828664.870470 -0.049439 0.010986 -10.008569
8057 1444828664.879914 -0.049439 0.010986 -10.008569
8058 1444828664.890093 -0.049439 0.010986 -10.008569
8059 1444828664.900096 -0.049439 0.010986 -10.008569
8060 1444828664.910404 -0.049439 0.010986 -10.008569
8061 1444828664.920307 -0.049439 0.010986 -10.008569
8062 1444828664.930618 -0.049439 0.010986 -10.008569
8063 1444828664.940944 -0.049439 0.010986 -10.008569
8064 1444828664.951129 -0.049439 0.010986 -10.008569
8065 1444828664.961310 -0.049439 0.010986 -10.008569
8066 1444828664.971321 -0.049439 0.010986 -10.008569
8067 1444828664.981306 -0.049439 0.010986 -10.008569
8068 1444828664.991534 -0.049439 0.010986 -10.008569
8069 1444828665.001493 0.038452 0.010986 -10.008569
8070 1444828665.011650 -0.049439 0.010986 -10.008569
8071 1444828665.021744 -0.049439 0.010986 -10.008569
8072 1444828665.031778 -0.049439 0.010986 -10.008569
8073 1444828665.042183 -0.049439 0.010986 -10.008569
8074 1444828665.052209 -0.049439 0.010986 -10.008569
8075 1444828665.062284 -0.049439 0.010986 -10.008569
8076 1444828665.070625 -0.049439 0.010986 -10.008569
8077 1444828665.082537 -0.049439 0.010986 -10.008569
8078 1444828665.092596 -0.049439 0.010986 -10.008569
8079 1444828665.102706 -0.049439 0.010986 -10.008569
8080 1444828665.109570 -0.049439 0.010986 -10.008569
8081 1444828665.124169 -0.049439 0.010986 -10.008569
8082 1444828665.134217 -0.049439 0.010986 -10.008569
8083 1444828665.144527 -0.049439 0.010986 -10.008569
8084 1444828665.154531 -0.049439 0.010986 -10.008569
8085 1444828665.165167 0.038452 0.010986 -10.008569
8086 1444828665.174636 -0.049439 0.010986 -10.008569
8087 1444828665.184911 -0.049439 0.010986 -9.920679
8088 1444828665.195631 -0.049439 0.010986 -10.008569
8089 1444828665.205577 0.038452 0.010986 -10.008569
8090 1444828665.216201 -0.049439 0.010986 -10.008569
8091 1444828665.226384 -0.049439 0.010986 -10.008569
8092 1444828665.236423 -0.049439 0.010986 -10.008569
8093 1444828665.241708 -0.049439 0.010986 -10.008569
8094 1444828665.251742 -0.049439 0.010986 -10.008569
8095 1444828665.261889 -0.049439 0.010986 -10.008569
8096 1444828665.269060 -0.049439 -0.076904 -10.008569
8097 1444828665.282743 -0.049439 0.010986 -10.008569
8098 1444828665.292928 -0.049439 0.010986 -10.008569
8099 1444828665.303004 -0.049439 0.010986 -10.008569
8100 1444828665.314271 -0.049439 0.010986 -10.008569
8101 1444828665.325750 -0.049439 0.010986 -10.008569
8102 1444828665.334333 -0.049439 0.010986 -10.008569
8103 1444828665.344359 -0.049439 0.010986 -10.008569
8104 1444828665.354490 -0.049439 0.010986 -10.008569
8105 1444828665.364733 -0.049439 0.010986 -10.008569
8106 1444828665.374681 -0.049439 0.010986 -10.008569
8107 1444828665.384702 -0.049439 0.010986 -10.008569
8108 1444828665.394781 -0.049439 0.010986 -10.008569
8109 1444828665.404903 -0.049439 0.010986 -10.008569
8110 1444828665.415177 0.038452 0.010986 -10.008569
8111 1444828665.425101 -0.049439 0.010986 -10.008569
8112 1444828665.435493 -0.049439 0.010986 -10.008569
8113 1444828665.445505 -0.049439 0.010986 -10.008569
8114 1444828665.455523 -0.049439 0.010986 -10.008569
8115 1444828665.465795 -0.049439 0.010986 -10.008569
8116 1444828665.475710 -0.049439 0.010986 -10.008569
8117 1444828665.486032 -0.049439 0.010986 -10.008569
8118 1444828665.496330 -0.049439 0.010986 -10.008569
8119 1444828665.506523 -0.049439 0.010986 -10.008569
8120 1444828665.516702 -0.049439 0.010986 -10.008569
8121 1444828665.526516 -0.049439 0.010986 -10.008569
8122 1444828665.536716 -0.049439 0.010986 -10.008569
8123 1444828665.546722 -0.049439 0.010986 -10.008569
8124 1444828665.556914 0.038452 0.010986 -10.008569
8125 1444828665.567079 -0.049439 0.010986 -10.008569
8126 1444828665.574283 -0.049439 0.010986 -10.008569
8127 1444828665.587234 -0.049439 0.010986 -10.008569
8128 1444828665.597358 -0.049439 0.010986 -10.008569
8129 1444828665.604540 0.038452 0.010986 -10.008569
8130 1444828665.614592 -0.049439 0.010986 -10.008569
8131 1444828665.624933 -0.049439 0.010986 -10.008569
8132 1444828665.634617 -0.049439 0.010986 -10.008569
8133 1444828665.644737 -0.049439 0.010986 -10.008569
8134 1444828665.654768 -0.049439 0.010986 -10.008569
8135 1444828665.665004 -0.049439 0.010986 -10.008569
8136 1444828665.675388 -0.049439 0.010986 -10.008569
8137 1444828665.685401 -0.049439 0.010986 -10.008569
8138 1444828665.695494 -0.049439 0.010986 -10.008569
8139 1444828665.705580 -0.049439 0.010986 -10.008569
8140 1444828665.716025 -0.049439 0.010986 -10.008569
8141 1444828665.726168 -0.049439 0.010986 -10.008569
8142 1444828665.736429 -0.049439 0.010986 -10.008569
8143 1444828665.746449 -0.049439 0.010986 -10.008569
8144 1444828665.756789 -0.049439 0.010986 -10.008569
8145 1444828665.769156 0.038452 0.010986 -10.008569
8146 1444828665.777077 0.038452 0.010986 -10.008569
8147 1444828665.787158 -0.049439 0.010986 -10.008569
8148 1444828665.797190 0.038452 0.010986 -10.008569
8149 1444828665.807317 0.038452 0.010986 -10.008569
8150 1444828665.817414 -0.049439 0.010986 -10.008569
8151 1444828665.827480 0.038452 0.010986 -10.008569
8152 1444828665.837563 -0.049439 0.010986 -10.008569
8153 1444828665.847686 -0.049439 0.010986 -10.008569
8154 1444828665.858950 0.038452 0.010986 -10.008569
8155 1444828665.868975 -0.049439 0.010986 -10.008569
8156 1444828665.879133 -0.049439 0.010986 -10.008569
8157 1444828665.889225 0.038452 0.010986 -10.008569
8158 1444828665.899469 -0.049439 -0.076904 -10.008569
8159 1444828665.909361 -0.049439 0.010986 -10.008569
8160 1444828665.919349 -0.049439 0.010986 -10.008569
8161 1444828665.929045 -0.049439 0.010986 -10.008569
8162 1444828665.939679 -0.049439 0.010986 -10.008569
8163 1444828665.949738 -0.049439 0.010986 -10.008569
8164 1444828665.959784 0.038452 0.010986 -10.008569
8165 1444828665.969440 -0.049439 0.010986 -10.008569
8166 1444828665.979861 0.038452 0.010986 -10.008569
8167 1444828665.989970 0.038452 0.010986 -10.008569
8168 1444828666.000135 -0.049439 0.010986 -10.008569
8169 1444828666.010238 -0.049439 0.010986 -10.008569
8170 1444828666.020077 -0.049439 0.010986 -10.008569
8171 1444828666.030524 -0.049439 0.010986 -10.008569
8172 1444828666.040605 -0.049439 0.010986 -10.008569
8173 1444828666.050854 -0.049439 0.010986 -10.008569
8174 1444828666.061381 -0.049439 0.010986 -10.008569
8175 1444828666.066304 0.038452 0.010986 -10.008569
8176 1444828666.081637 -0.049439 0.010986 -10.008569
8177 1444828666.091780 -0.049439 0.010986 -10.008569
8178 1444828666.101814 -0.049439 0.010986 -10.008569
8179 1444828666.111952 -0.049439 0.010986 -10.008569
8180 1444828666.119476 -0.049439 0.010986 -10.008569
8181 1444828666.132096 0.038452 0.010986 -10.008569
8182 1444828666.137374 -0.049439 0.010986 -10.008569
8183 1444828666.147374 0.038452 0.010986 -10.008569
8184 1444828666.157408 -0.049439 0.010986 -10.008569
8185 1444828666.167527 -0.049439 0.010986 -10.008569
8186 1444828666.175085 -0.049439 0.010986 -10.008569
8187 1444828666.183947 0.038452 0.010986 -10.008569
8188 1444828666.198969 -0.049439 0.010986 -10.008569
8189 1444828666.209215 0.038452 0.010986 -10.008569
8190 1444828666.219508 0.038452 0.010986 -10.008569
8191 1444828666.229457 0.038452 0.010986 -10.008569
8192 1444828666.239653 0.038452 0.010986 -10.008569
8193 1444828666.249963 0.038452 0.010986 -10.008569
8194 1444828666.260238 -0.049439 0.010986 -10.008569
8195 1444828666.270633 0.038452 0.010986 -10.008569
8196 1444828666.280334 0.038452 0.010986 -10.008569
8197 1444828666.290447 0.038452 0.010986 -10.008569
8198 1444828666.300318 0.038452 0.010986 -10.008569
8199 1444828666.310379 -0.049439 0.010986 -10.008569
8200 1444828666.320554 -0.049439 0.010986 -10.008569
8201 1444828666.330431 -0.049439 0.010986 -10.008569
8202 1444828666.340629 -0.049439 -0.076904 -10.008569
8203 1444828666.351162 0.038452 0.010986 -10.008569
8204 1444828666.361177 0.038452 0.010986 -10.008569
8205 1444828666.371568 0.038452 0.010986 -10.008569
8206 1444828666.381372 -0.049439 0.010986 -10.008569
8207 1444828666.391571 0.038452 0.010986 -10.008569
8208 1444828666.401504 0.038452 0.010986 -10.008569
8209 1444828666.412005 0.038452 0.010986 -10.008569
8210 1444828666.422432 0.038452 0.010986 -10.008569
8211 1444828666.432355 0.038452 0.010986 -10.008569
8212 1444828666.439028 0.038452 0.010986 -10.008569
8213 1444828666.452575 0.038452 0.010986 -10.008569
8214 1444828666.462671 0.038452 0.010986 -10.008569
8215 1444828666.469821 0.038452 0.010986 -10.008569
8216 1444828666.479128 0.038452 0.010986 -10.008569
8217 1444828666.489373 -0.049439 0.010986 -10.008569
8218 1444828666.504097 0.038452 0.010986 -10.008569
8219 1444828666.514520 0.038452 0.010986 -10.008569
8220 1444828666.524558 0.038452 0.010986 -10.008569
8221 1444828666.529606 0.038452 0.010986 -10.008569
8222 1444828666.539836 0.038452 0.010986 -10.008569
8223 1444828666.549677 0.038452 0.010986 -10.008569
8224 1444828666.559957 -0.049439 0.010986 -10.008569
8225 1444828666.570205 -0.049439 0.010986 -10.008569
8226 1444828666.580028 -0.049439 0.010986 -10.008569
8227 1444828666.590173 0.038452 0.010986 -10.008569
8228 1444828666.600299 0.038452 -0.076904 -10.008569
8229 1444828666.610519 -0.049439 0.010986 -10.008569
8230 1444828666.620617 0.038452 0.010986 -10.008569
8231 1444828666.631281 0.038452 0.010986 -10.008569
8232 1444828666.641496 0.038452 0.010986 -10.008569
8233 1444828666.651567 0.038452 0.010986 -10.008569
8234 1444828666.661651 0.038452 0.010986 -10.008569
8235 1444828666.671566 -0.049439 0.010986 -10.008569
8236 1444828666.681860 0.038452 0.010986 -10.008569
8237 1444828666.693984 0.038452 0.010986 -9.920679
8238 1444828666.704078 -0.049439 0.010986 -10.008569
8239 1444828666.714473 0.038452 0.010986 -10.008569
8240 1444828666.723700 0.038452 0.010986 -10.008569
8241 1444828666.734561 0.038452 0.010986 -10.008569
8242 1444828666.744653 -0.049439 0.010986 -10.008569
8243 1444828666.754783 0.038452 0.010986 -10.008569
8244 1444828666.765210 0.038452 0.010986 -10.008569
8245 1444828666.775054 0.038452 0.010986 -10.008569
8246 1444828666.785073 0.038452 0.010986 -10.008569
8247 1444828666.795113 0.038452 0.010986 -10.008569
8248 1444828666.805195 -0.049439 0.010986 -10.008569
8249 1444828666.815668 0.038452 0.010986 -10.008569
8250 1444828666.825442 -0.049439 0.010986 -10.008569
8251 1444828666.835564 -0.049439 0.010986 -10.008569
8252 1444828666.845478 0.038452 -0.076904 -10.008569
8253 1444828666.855655 0.038452 0.010986 -10.008569
8254 1444828666.865952 -0.049439 0.010986 -10.008569
8255 1444828666.875941 -0.049439 0.010986 -10.008569
8256 1444828666.886091 0.038452 0.010986 -10.008569
8257 1444828666.896215 -0.049439 0.010986 -10.008569
8258 1444828666.906808 0.038452 0.010986 -10.008569
8259 1444828666.917057 0.038452 0.010986 -10.008569
8260 1444828666.919445 0.038452 0.010986 -10.008569
8261 1444828666.929443 0.038452 0.010986 -10.008569
8262 1444828666.947906 -0.049439 0.010986 -10.008569
8263 1444828666.957961 -0.049439 0.010986 -10.008569
8264 1444828666.964739 0.038452 0.010986 -10.008569
8265 1444828666.974081 0.038452 0.010986 -10.008569
8266 1444828666.984180 -0.049439 0.010986 -10.008569
8267 1444828666.994404 0.038452 -0.076904 -10.008569
8268 1444828667.004447 0.038452 -0.076904 -9.920679
8269 1444828667.015808 -0.049439 0.010986 -9.920679
8270 1444828667.025425 -0.049439 -0.076904 -9.920679
8271 1444828667.035308 0.038452 0.010986 -9.920679
8272 1444828667.045278 0.038452 -0.076904 -9.920679
8273 1444828667.055768 -0.049439 -0.076904 -9.920679
8274 1444828667.066164 -0.049439 -0.076904 -9.920679
8275 1444828667.074982 -0.049439 -0.076904 -9.920679
8276 1444828667.085585 -0.049439 0.010986 -9.920679
8277 1444828667.095869 -0.049439 -0.076904 -9.920679
8278 1444828667.105981 -0.049439 -0.076904 -9.920679
8279 1444828667.116361 -0.049439 0.010986 -9.920679
8280 1444828667.126627 -0.049439 0.010986 -10.008569
8281 1444828667.136570 -0.049439 -0.076904 -10.008569
8282 1444828667.146446 -0.049439 -0.076904 -10.008569
8283 1444828667.156576 -0.049439 -0.076904 -9.920679
8284 1444828667.164165 0.038452 -0.076904 -9.920679
8285 1444828667.174056 -0.049439 -0.076904 -9.920679
8286 1444828667.187087 -0.049439 -0.076904 -9.920679
8287 1444828667.197212 -0.049439 -0.076904 -9.920679
8288 1444828667.207509 -0.049439 -0.076904 -10.008569
8289 1444828667.214589 0.038452 -0.076904 -9.920679
8290 1444828667.224208 -0.049439 0.010986 -9.920679
8291 1444828667.234752 -0.049439 -0.076904 -9.920679
8292 1444828667.244921 -0.049439 -0.076904 -9.920679
8293 1444828667.255084 0.038452 0.010986 -9.920679
8294 1444828667.265536 -0.049439 0.010986 -9.920679
8295 1444828667.275482 -0.049439 -0.076904 -9.920679
8296 1444828667.285559 0.038452 -0.076904 -9.920679
8297 1444828667.300615 -0.049439 -0.076904 -9.920679
8298 1444828667.305756 -0.049439 -0.076904 -10.008569
8299 1444828667.316049 -0.049439 -0.076904 -9.920679
8300 1444828667.326248 -0.049439 -0.076904 -9.920679
8301 1444828667.336206 -0.049439 0.010986 -9.920679
8302 1444828667.346474 -0.049439 -0.076904 -9.920679
8303 1444828667.356945 -0.049439 -0.076904 -9.920679
8304 1444828667.366944 -0.049439 0.010986 -9.920679
8305 1444828667.376955 -0.049439 -0.076904 -9.920679
8306 1444828667.387215 -0.049439 -0.076904 -9.920679
8307 1444828667.397349 -0.049439 -0.076904 -9.920679
8308 1444828667.407472 -0.049439 0.010986 -9.920679
8309 1444828667.419331 -0.049439 0.010986 -9.920679
8310 1444828667.429162 -0.049439 -0.076904 -9.920679
8311 1444828667.437907 -0.049439 -0.076904 -9.920679
8312 1444828667.449156 -0.049439 -0.076904 -9.920679
8313 1444828667.459281 -0.049439 -0.076904 -9.920679
8314 1444828667.469435 -0.049439 -0.076904 -9.920679
8315 1444828667.479460 0.038452 -0.076904 -9.920679
8316 1444828667.489258 0.038452 -0.076904 -9.920679
8317 1444828667.500050 0.038452 0.010986 -10.008569
8318 1444828667.509589 -0.049439 0.010986 -9.920679
8319 1444828667.520098 -0.049439 -0.076904 -10.008569
8320 1444828667.529826 -0.049439 -0.076904 -9.920679
8321 1444828667.539976 -0.049439 -0.076904 -9.920679
8322 1444828667.550186 -0.049439 -0.076904 -10.008569
8323 1444828667.560393 -0.049439 0.010986 -9.920679
8324 1444828667.570570 -0.049439 -0.076904 -9.920679
8325 1444828667.580651 0.038452 -0.076904 -9.920679
8326 1444828667.590708 0.038452 -0.076904 -9.920679
8327 1444828667.600951 -0.049439 -0.076904 -9.920679
8328 1444828667.611030 -0.049439 -0.076904 -10.008569
8329 1444828667.621312 0.038452 -0.076904 -9.920679
8330 1444828667.631413 -0.049439 0.010986 -10.008569
8331 1444828667.642032 -0.049439 0.010986 -10.008569
8332 1444828667.652188 -0.049439 0.010986 -10.008569
8333 1444828667.662241 -0.049439 -0.076904 -10.008569
8334 1444828667.672644 0.038452 -0.076904 -9.920679
8335 1444828667.682460 -0.049439 -0.076904 -9.920679
8336 1444828667.692476 0.038452 0.010986 -9.920679
8337 1444828667.702531 -0.049439 0.010986 -9.920679
8338 1444828667.712645 0.038452 -0.076904 -9.920679
8339 1444828667.719194 -0.049439 0.010986 -9.920679
8340 1444828667.733138 -0.049439 -0.076904 -9.920679
8341 1444828667.743980 -0.049439 0.010986 -9.920679
8342 1444828667.754077 0.038452 -0.076904 -9.920679
8343 1444828667.764044 -0.049439 0.010986 -10.008569
8344 1444828667.769728 -0.049439 0.010986 -10.008569
8345 1444828667.779130 -0.049439 -0.076904 -9.920679
8346 1444828667.789574 0.038452 -0.076904 -9.920679
8347 1444828667.799746 0.038452 -0.076904 -9.920679
8348 1444828667.809866 -0.049439 -0.076904 -10.008569
8349 1444828667.819954 -0.049439 -0.076904 -9.920679
8350 1444828667.829878 -0.049439 0.010986 -9.920679
8351 1444828667.840153 0.038452 0.010986 -9.920679
8352 1444828667.850130 -0.049439 0.010986 -9.920679
8353 1444828667.860140 -0.049439 -0.076904 -9.920679
8354 1444828667.870380 -0.049439 -0.076904 -9.920679
8355 1444828667.880352 -0.049439 -0.076904 -10.008569
8356 1444828667.890571 0.038452 0.010986 -10.008569
8357 1444828667.900629 0.038452 0.010986 -9.920679
8358 1444828667.910712 0.038452 0.010986 -10.008569
8359 1444828667.918977 -0.049439 -0.076904 -9.920679
8360 1444828667.928996 0.038452 -0.076904 -9.920679
8361 1444828667.941277 -0.049439 0.010986 -10.008569
8362 1444828667.951219 0.038452 -0.076904 -9.920679
8363 1444828667.961364 -0.049439 -0.076904 -9.920679
8364 1444828667.968987 0.038452 0.010986 -10.008569
8365 1444828667.979075 -0.049439 -0.076904 -10.008569
8366 1444828667.991848 -0.049439 0.010986 -9.920679
8367 1444828668.002088 -0.049439 -0.076904 -9.920679
8368 1444828668.012144 0.038452 -0.076904 -9.920679
8369 1444828668.019579 0.038452 0.010986 -9.920679
8370 1444828668.029693 0.038452 -0.076904 -9.920679
8371 1444828668.044067 0.038452 0.010986 -10.008569
8372 1444828668.054120 0.038452 -0.076904 -9.920679
8373 1444828668.059526 -0.049439 -0.076904 -9.920679
8374 1444828668.069576 0.038452 0.010986 -10.008569
8375 1444828668.084278 0.038452 0.010986 -9.920679
8376 1444828668.094420 0.038452 -0.076904 -10.008569
8377 1444828668.104508 -0.049439 0.010986 -9.920679
8378 1444828668.114797 -0.049439 -0.076904 -9.920679
8379 1444828668.120399 0.038452 0.010986 -10.008569
8380 1444828668.136368 -0.049439 -0.076904 -10.008569
8381 1444828668.146431 0.038452 -0.076904 -10.008569
8382 1444828668.156516 0.038452 -0.076904 -9.920679
8383 1444828668.166711 0.038452 0.010986 -9.920679
8384 1444828668.176831 0.038452 -0.076904 -10.008569
8385 1444828668.186966 0.038452 0.010986 -10.008569
8386 1444828668.196907 0.038452 0.010986 -9.920679
8387 1444828668.207060 0.038452 0.010986 -10.008569
8388 1444828668.217382 0.038452 0.010986 -10.008569
8389 1444828668.220975 0.038452 -0.076904 -10.008569
8390 1444828668.229244 0.038452 -0.076904 -9.920679
8391 1444828668.239978 -0.049439 -0.076904 -10.008569
8392 1444828668.249376 0.038452 0.010986 -9.920679
8393 1444828668.259904 0.038452 0.010986 -9.920679
8394 1444828668.270498 0.038452 -0.076904 -9.920679
8395 1444828668.284038 0.038452 0.010986 -10.008569
8396 1444828668.294666 0.038452 0.010986 -9.920679
8397 1444828668.304745 0.038452 0.010986 -10.008569
8398 1444828668.315346 0.038452 0.010986 -10.008569
8399 1444828668.324892 0.038452 0.010986 -10.008569
8400 1444828668.335206 0.038452 0.010986 -9.920679
8401 1444828668.345109 0.038452 0.010986 -10.008569
8402 1444828668.355401 0.038452 0.010986 -10.008569
8403 1444828668.366821 0.038452 -0.076904 -10.008569
8404 1444828668.376967 0.038452 -0.076904 -10.008569
8405 1444828668.386963 0.038452 0.010986 -10.008569
8406 1444828668.397060 0.038452 0.010986 -10.008569
8407 1444828668.407235 0.038452 0.010986 -10.008569
8408 1444828668.418004 0.038452 0.010986 -10.008569
8409 1444828668.428096 0.038452 0.010986 -10.008569
8410 1444828668.434148 0.038452 0.010986 -10.008569
8411 1444828668.448968 0.038452 0.010986 -10.008569
8412 1444828668.458973 0.038452 0.010986 -10.008569
8413 1444828668.464664 0.038452 0.010986 -10.008569
8414 1444828668.474729 0.038452 0.010986 -10.008569
8415 1444828668.484560 0.038452 0.010986 -10.008569
8416 1444828668.494720 0.038452 0.010986 -10.008569
8417 1444828668.504629 0.038452 0.010986 -10.008569
8418 1444828668.514866 0.038452 0.010986 -10.008569
8419 1444828668.524515 0.038452 0.010986 -10.008569
8420 1444828668.535047 0.038452 0.010986 -10.008569
8421 1444828668.545118 0.038452 0.010986 -10.008569
8422 1444828668.554921 0.038452 0.010986 -10.008569
8423 1444828668.565042 0.038452 0.010986 -10.008569
8424 1444828668.574210 0.038452 0.010986 -10.008569
8425 1444828668.585365 0.038452 0.010986 -10.008569
8426 1444828668.595556 0.038452 0.010986 -10.008569
8427 1444828668.605619 0.038452 0.010986 -10.008569
8428 1444828668.615892 0.038452 0.010986 -10.008569
8429 1444828668.624252 0.038452 0.010986 -10.008569
8430 1444828668.635885 0.038452 0.010986 -10.008569
8431 1444828668.645852 0.038452 0.010986 -10.008569
8432 1444828668.656071 0.038452 0.010986 -10.008569
8433 1444828668.666671 0.038452 0.010986 -10.008569
8434 1444828668.676660 0.038452 0.010986 -10.008569
8435 1444828668.686717 0.038452 0.010986 -10.008569
8436 1444828668.696709 0.038452 0.010986 -10.008569
8437 1444828668.706872 0.038452 0.010986 -10.008569
8438 1444828668.716934 0.038452 0.010986 -10.008569
8439 1444828668.726349 0.038452 0.010986 -10.008569
8440 1444828668.733955 0.038452 0.010986 -10.008569
8441 1444828668.744462 0.038452 0.010986 -10.008569
8442 1444828668.754721 0.038452 0.010986 -10.008569
8443 1444828668.765326 0.038452 0.010986 -10.008569
8444 1444828668.775379 0.038452 0.010986 -10.008569
8445 1444828668.785119 0.038452 0.010986 -10.008569
8446 1444828668.799117 0.038452 0.010986 -10.008569
8447 1444828668.809545 0.038452 0.010986 -10.008569
8448 1444828668.819135 0.038452 0.010986 -10.008569
8449 1444828668.829905 0.038452 0.010986 -10.008569
8450 1444828668.840087 0.038452 0.010986 -10.008569
8451 1444828668.850595 0.038452 0.010986 -10.008569
8452 1444828668.860737 0.038452 0.010986 -10.008569
8453 1444828668.871143 0.038452 0.010986 -10.008569
8454 1444828668.881143 0.038452 0.010986 -10.008569
8455 1444828668.891410 0.038452 0.010986 -10.008569
8456 1444828668.901464 0.038452 0.010986 -10.008569
8457 1444828668.911673 0.038452 0.010986 -10.008569
8458 1444828668.921799 0.038452 0.010986 -10.008569
8459 1444828668.931771 0.038452 0.010986 -10.008569
8460 1444828668.942146 0.038452 0.010986 -10.008569
8461 1444828668.952220 0.038452 0.010986 -10.008569
8462 1444828668.962372 0.038452 0.010986 -10.008569
8463 1444828668.967318 0.038452 0.010986 -10.008569
8464 1444828668.979756 0.038452 0.010986 -10.008569
8465 1444828668.987459 0.038452 0.010986 -10.008569
8466 1444828668.997622 0.038452 0.010986 -10.008569
8467 1444828669.004085 0.038452 0.010986 -10.008569
8468 1444828669.014311 0.038452 0.010986 -10.008569
8469 1444828669.024423 0.038452 0.010986 -10.008569
8470 1444828669.034136 0.038452 0.010986 -10.008569
8471 1444828669.044503 0.038452 0.010986 -10.008569
8472 1444828669.059030 0.038452 0.010986 -10.008569
8473 1444828669.069332 0.038452 0.010986 -10.008569
8474 1444828669.079033 0.038452 0.010986 -10.008569
8475 1444828669.089644 0.038452 0.010986 -10.008569
8476 1444828669.099531 0.038452 0.010986 -10.008569
8477 1444828669.109752 0.038452 0.010986 -10.008569
8478 1444828669.119464 0.038452 0.010986 -10.008569
8479 1444828669.129074 0.038452 0.010986 -10.008569
8480 1444828669.140100 0.038452 0.010986 -10.008569
8481 1444828669.150381 0.038452 0.010986 -10.008569
8482 1444828669.160369 0.038452 0.010986 -10.008569
8483 1444828669.170259 0.038452 0.010986 -10.008569
8484 1444828669.180480 0.038452 0.010986 -10.008569
8485 1444828669.190610 0.038452 0.010986 -10.008569
8486 1444828669.200528 0.038452 0.010986 -10.008569
8487 1444828669.210606 0.038452 0.010986 -10.008569
8488 1444828669.220518 0.038452 0.010986 -10.008569
8489 1444828669.229238 0.038452 0.010986 -10.008569
8490 1444828669.241198 0.038452 0.010986 -10.008569
8491 1444828669.251028 0.038452 0.010986 -10.008569
8492 1444828669.261417 0.038452 0.010986 -10.008569
8493 1444828669.269449 0.038452 0.010986 -10.008569
8494 1444828669.279422 0.038452 0.010986 -10.008569
8495 1444828669.292363 0.038452 0.010986 -10.008569
8496 1444828669.302560 0.038452 0.010986 -10.008569
8497 1444828669.312671 0.038452 0.010986 -10.008569
8498 1444828669.324884 0.038452 0.010986 -10.008569
8499 1444828669.333944 0.038452 0.010986 -10.008569
8500 1444828669.343977 0.038452 0.010986 -10.008569
8501 1444828669.354170 0.038452 0.010986 -10.008569
8502 1444828669.364550 0.038452 0.010986 -10.008569
8503 1444828669.374317 0.038452 0.010986 -10.008569
8504 1444828669.384446 0.038452 0.010986 -10.008569
8505 1444828669.394511 0.038452 0.010986 -10.008569
8506 1444828669.404456 0.038452 0.010986 -10.008569
8507 1444828669.414868 0.038452 0.010986 -10.008569
8508 1444828669.425000 0.038452 0.010986 -10.008569
8509 1444828669.435073 0.038452 0.010986 -10.008569
8510 1444828669.445111 0.038452 0.010986 -10.008569
8511 1444828669.455230 0.038452 0.010986 -10.008569
8512 1444828669.465454 0.038452 0.010986 -10.008569
8513 1444828669.475493 0.038452 0.010986 -10.008569
8514 1444828669.485595 0.038452 0.010986 -10.008569
8515 1444828669.495668 0.038452 0.010986 -10.008569
8516 1444828669.501178 0.038452 0.010986 -10.008569
8517 1444828669.511195 0.038452 0.010986 -10.008569
8518 1444828669.521344 0.038452 0.010986 -10.008569
8519 1444828669.531175 0.038452 0.010986 -10.008569
8520 1444828669.541499 0.038452 0.010986 -10.008569
8521 1444828669.549035 0.038452 0.010986 -10.008569
8522 1444828669.561639 0.038452 0.010986 -10.008569
8523 1444828669.569578 0.038452 0.010986 -10.008569
8524 1444828669.579359 0.038452 0.010986 -10.008569
8525 1444828669.589261 0.038452 0.010986 -10.008569
8526 1444828669.599440 0.038452 0.010986 -10.008569
8527 1444828669.609570 0.038452 0.010986 -10.008569
8528 1444828669.624042 0.038452 0.010986 -10.008569
8529 1444828669.634014 0.038452 0.010986 -10.008569
8530 1444828669.644107 0.038452 0.010986 -10.008569
8531 1444828669.654596 0.038452 0.010986 -10.008569
8532 1444828669.665120 0.038452 0.010986 -10.008569
8533 1444828669.675189 0.038452 0.010986 -10.008569
8534 1444828669.685909 0.038452 0.010986 -10.008569
8535 1444828669.696065 0.038452 0.010986 -10.008569
8536 1444828669.706117 0.038452 0.010986 -10.008569
8537 1444828669.716302 0.038452 0.010986 -10.008569
8538 1444828669.726273 0.038452 0.010986 -10.008569
8539 1444828669.736381 0.038452 0.010986 -10.008569
8540 1444828669.746433 0.038452 0.010986 -10.008569
8541 1444828669.756500 0.038452 0.010986 -10.008569
8542 1444828669.766876 0.038452 0.010986 -10.008569
8543 1444828669.776846 0.038452 0.010986 -10.008569
8544 1444828669.786981 0.038452 0.010986 -10.008569
8545 1444828669.797078 0.038452 0.010986 -10.008569
8546 1444828669.807193 0.038452 0.010986 -10.008569
8547 1444828669.817391 0.038452 0.010986 -10.008569
8548 1444828669.824327 0.038452 0.010986 -10.008569
8549 1444828669.837585 0.038452 0.010986 -10.008569
8550 1444828669.847673 0.038452 0.010986 -10.008569
8551 1444828669.857784 0.038452 0.010986 -10.008569
8552 1444828669.864058 0.038452 0.010986 -10.008569
8553 1444828669.874037 0.038452 0.010986 -10.008569
8554 1444828669.884021 0.038452 0.010986 -10.008569
8555 1444828669.894131 0.038452 0.010986 -10.008569
8556 1444828669.904415 0.038452 0.010986 -10.008569
8557 1444828669.914485 0.038452 0.010986 -10.008569
8558 1444828669.924316 0.038452 0.010986 -10.008569
8559 1444828669.934610 0.038452 0.010986 -10.008569
8560 1444828669.944695 0.038452 0.010986 -10.008569
8561 1444828669.954845 0.038452 0.010986 -10.008569
8562 1444828669.965147 0.038452 0.010986 -10.008569
8563 1444828669.974948 0.038452 0.010986 -10.008569
8564 1444828669.985522 0.038452 0.010986 -10.008569
8565 1444828669.995026 0.038452 0.010986 -10.008569
8566 1444828670.005731 0.038452 0.010986 -10.008569
8567 1444828670.015644 0.038452 0.010986 -10.008569
8568 1444828670.025478 0.038452 0.010986 -10.008569
8569 1444828670.035706 0.038452 0.010986 -10.008569
8570 1444828670.046105 0.038452 0.010986 -10.008569
8571 1444828670.056167 0.038452 0.010986 -10.008569
8572 1444828670.066273 0.038452 0.010986 -10.008569
8573 1444828670.076218 0.038452 0.010986 -10.008569
8574 1444828670.086193 0.038452 0.010986 -10.008569
8575 1444828670.096342 0.038452 0.010986 -10.008569
8576 1444828670.106509 0.038452 0.010986 -10.008569
8577 1444828670.116732 0.038452 0.010986 -10.008569
8578 1444828670.125481 0.038452 0.010986 -10.008569
8579 1444828670.136875 0.038452 0.010986 -10.008569
8580 1444828670.148958 0.038452 0.010986 -10.008569
8581 1444828670.159261 0.038452 0.010986 -10.008569
8582 1444828670.169514 0.038452 0.010986 -10.008569
8583 1444828670.179485 0.038452 0.010986 -10.008569
8584 1444828670.189627 0.038452 0.010986 -10.008569
8585 1444828670.199535 0.038452 0.010986 -10.008569
8586 1444828670.209671 0.038452 0.010986 -10.008569
8587 1444828670.220171 0.038452 0.010986 -10.008569
8588 1444828670.229597 0.038452 0.010986 -10.008569
8589 1444828670.240053 0.038452 0.010986 -10.008569
8590 1444828670.249954 0.038452 0.010986 -10.008569
8591 1444828670.260022 0.038452 0.010986 -10.008569
8592 1444828670.270192 0.038452 0.010986 -10.008569
8593 1444828670.279893 0.038452 0.010986 -10.008569
8594 1444828670.290397 0.038452 0.010986 -10.008569
8595 1444828670.300322 0.038452 0.010986 -10.008569
8596 1444828670.310454 0.038452 0.010986 -10.008569
8597 1444828670.320323 0.038452 0.010986 -10.008569
8598 1444828670.330389 0.038452 0.010986 -10.008569
8599 1444828670.340776 0.038452 0.010986 -10.008569
8600 1444828670.350963 0.038452 0.010986 -10.008569
8601 1444828670.361120 -0.049439 0.010986 -10.008569
8602 1444828670.371163 0.038452 0.010986 -10.008569
8603 1444828670.377247 0.038452 0.010986 -10.008569
8604 1444828670.386588 0.038452 0.010986 -10.008569
8605 1444828670.396592 0.038452 0.010986 -10.008569
8606 1444828670.407207 0.038452 0.010986 -10.008569
8607 1444828670.417424 0.038452 0.010986 -10.008569
8608 1444828670.424810 0.038452 0.010986 -10.008569
8609 1444828670.434414 0.038452 0.010986 -10.008569
8610 1444828670.444877 0.038452 0.010986 -10.008569
8611 1444828670.454290 0.038452 0.010986 -10.008569
8612 1444828670.469011 0.038452 0.010986 -10.008569
8613 1444828670.478947 0.038452 0.010986 -10.008569
8614 1444828670.488977 0.038452 0.010986 -10.008569
8615 1444828670.499210 0.038452 0.010986 -10.008569
8616 1444828670.509512 0.038452 0.010986 -10.008569
8617 1444828670.519582 0.038452 0.010986 -10.008569
8618 1444828670.529537 0.038452 0.010986 -10.008569
8619 1444828670.539665 0.038452 0.010986 -10.008569
8620 1444828670.549630 0.038452 0.010986 -10.008569
8621 1444828670.559854 0.038452 0.010986 -10.008569
8622 1444828670.569891 0.038452 0.010986 -10.008569
8623 1444828670.581026 0.038452 0.010986 -10.008569
8624 1444828670.591169 0.038452 0.010986 -10.008569
8625 1444828670.601209 0.038452 0.010986 -10.008569
8626 1444828670.611298 0.038452 0.010986 -10.008569
8627 1444828670.621548 0.038452 0.010986 -10.008569
8628 1444828670.631599 0.038452 0.010986 -10.008569
8629 1444828670.641718 0.038452 0.010986 -10.008569
8630 1444828670.651846 0.038452 0.010986 -10.008569
8631 1444828670.661904 0.038452 0.010986 -10.008569
8632 1444828670.672096 0.038452 0.010986 -10.008569
8633 1444828670.682210 0.038452 0.010986 -10.008569
8634 1444828670.692252 0.038452 0.010986 -10.008569
8635 1444828670.702300 0.038452 0.010986 -10.008569
8636 1444828670.712539 0.038452 0.010986 -10.008569
8637 1444828670.719373 0.038452 0.010986 -10.008569
8638 1444828670.729143 0.038452 0.010986 -10.008569
8639 1444828670.742929 0.038452 0.010986 -10.008569
8640 1444828670.753016 0.038452 0.010986 -10.008569
8641 1444828670.759141 0.038452 0.010986 -10.008569
8642 1444828670.769182 0.038452 0.010986 -10.008569
8643 1444828670.779734 0.038452 0.010986 -10.008569
8644 1444828670.789801 0.038452 0.010986 -10.008569
8645 1444828670.799983 0.038452 0.010986 -10.008569
8646 1444828670.810099 0.038452 0.010986 -10.008569
8647 1444828670.820526 0.038452 0.010986 -10.008569
8648 1444828670.830232 0.038452 0.010986 -10.008569
8649 1444828670.840778 0.038452 0.010986 -10.008569
8650 1444828670.850371 0.038452 0.010986 -10.008569
8651 1444828670.860752 0.038452 0.010986 -10.008569
8652 1444828670.870847 0.038452 0.010986 -10.008569
8653 1444828670.881205 0.038452 0.010986 -10.008569
8654 1444828670.891404 0.038452 0.010986 -10.008569
8655 1444828670.901503 0.038452 0.010986 -10.008569
8656 1444828670.911552 0.038452 0.010986 -10.008569
8657 1444828670.921886 0.038452 0.010986 -10.008569
8658 1444828670.929162 0.038452 0.010986 -10.008569
8659 1444828670.939033 0.038452 0.010986 -10.008569
8660 1444828670.953982 0.038452 0.010986 -10.008569
8661 1444828670.964309 0.038452 0.010986 -10.008569
8662 1444828670.974522 0.038452 0.010986 -10.008569
8663 1444828670.984602 0.038452 0.010986 -10.008569
8664 1444828670.994664 0.038452 0.010986 -10.008569
8665 1444828671.004776 0.038452 0.010986 -10.008569
8666 1444828671.015485 0.038452 0.010986 -10.008569
8667 1444828671.025089 0.038452 0.010986 -10.008569
8668 1444828671.034941 0.038452 0.010986 -10.008569
8669 1444828671.045395 0.038452 0.010986 -10.008569
8670 1444828671.055773 0.038452 0.010986 -10.008569
8671 1444828671.060063 0.038452 0.010986 -10.008569
8672 1444828671.070375 0.038452 0.010986 -10.008569
8673 1444828671.086031 0.038452 0.010986 -10.008569
8674 1444828671.096123 0.038452 0.010986 -10.008569
8675 1444828671.106167 0.038452 0.010986 -10.008569
8676 1444828671.116311 0.038452 0.010986 -10.008569
8677 1444828671.126212 0.038452 0.010986 -10.008569
8678 1444828671.136401 0.038452 0.010986 -10.008569
8679 1444828671.146505 0.038452 0.010986 -10.008569
8680 1444828671.151726 0.038452 0.010986 -10.008569
8681 1444828671.161691 0.038452 0.010986 -10.008569
8682 1444828671.169569 0.038452 0.010986 -10.008569
8683 1444828671.179562 0.038452 0.010986 -10.008569
8684 1444828671.192184 0.038452 0.010986 -10.008569
8685 1444828671.202335 0.038452 0.010986 -10.008569
8686 1444828671.212599 0.038452 0.010986 -10.008569
8687 1444828671.219482 0.038452 0.010986 -10.008569
8688 1444828671.232778 -0.049439 0.010986 -10.008569
8689 1444828671.244036 -0.049439 0.010986 -10.008569
8690 1444828671.254192 -0.049439 0.010986 -10.008569
8691 1444828671.264310 -0.049439 0.010986 -10.008569
8692 1444828671.270971 -0.049439 0.010986 -10.008569
8693 1444828671.284423 -0.049439 0.010986 -10.008569
8694 1444828671.294563 -0.049439 0.010986 -10.008569
8695 1444828671.304570 -0.049439 0.010986 -10.008569
8696 1444828671.314783 -0.049439 0.010986 -10.008569
8697 1444828671.324945 -0.049439 0.010986 -10.008569
8698 1444828671.334987 -0.049439 0.010986 -10.008569
8699 1444828671.345743 -0.049439 0.010986 -10.008569
8700 1444828671.355861 -0.049439 0.010986 -10.008569
8701 1444828671.366302 -0.049439 0.010986 -10.008569
8702 1444828671.376349 -0.049439 0.010986 -10.008569
8703 1444828671.386375 -0.049439 0.010986 -10.008569
8704 1444828671.396446 -0.049439 0.010986 -10.008569
8705 1444828671.406728 -0.049439 0.010986 -10.008569
8706 1444828671.416821 -0.049439 0.010986 -10.008569
8707 1444828671.424248 -0.049439 0.010986 -10.008569
8708 1444828671.437078 -0.049439 0.010986 -10.008569
8709 1444828671.447088 -0.049439 0.010986 -10.008569
8710 1444828671.457187 -0.049439 0.010986 -10.008569
8711 1444828671.467419 -0.049439 0.010986 -10.008569
8712 1444828671.474601 -0.049439 0.010986 -10.008569
8713 1444828671.487982 -0.049439 0.010986 -10.008569
8714 1444828671.498135 -0.049439 0.010986 -10.008569
8715 1444828671.504225 -0.049439 0.010986 -10.008569
8716 1444828671.514627 -0.049439 0.010986 -10.008569
8717 1444828671.524058 -0.049439 0.010986 -10.008569
8718 1444828671.534709 -0.049439 0.010986 -10.008569
8719 1444828671.544948 -0.049439 0.010986 -10.008569
8720 1444828671.554991 -0.049439 0.010986 -10.008569
8721 1444828671.568241 -0.049439 0.010986 -10.008569
8722 1444828671.579814 0.038452 0.010986 -10.008569
8723 1444828671.585201 -0.049439 0.010986 -10.008569
8724 1444828671.595193 -0.049439 0.010986 -10.008569
8725 1444828671.605297 -0.049439 0.010986 -10.008569
8726 1444828671.615434 -0.049439 0.010986 -10.008569
8727 1444828671.625387 -0.049439 0.010986 -10.008569
8728 1444828671.635452 -0.049439 0.010986 -10.008569
8729 1444828671.645651 0.038452 0.010986 -10.008569
8730 1444828671.655691 0.038452 0.010986 -10.008569
8731 1444828671.666559 -0.049439 0.010986 -10.008569
8732 1444828671.676405 -0.049439 0.010986 -10.008569
8733 1444828671.686637 -0.049439 0.010986 -10.008569
8734 1444828671.697801 -0.049439 0.010986 -10.008569
8735 1444828671.707815 -0.049439 0.010986 -10.008569
8736 1444828671.714168 -0.049439 0.010986 -10.008569
8737 1444828671.724281 -0.049439 0.010986 -10.008569
8738 1444828671.733987 -0.049439 0.010986 -10.008569
8739 1444828671.744167 -0.049439 0.010986 -10.008569
8740 1444828671.754065 -0.049439 0.010986 -10.008569
8741 1444828671.769026 -0.049439 0.010986 -10.008569
8742 1444828671.779236 -0.049439 0.010986 -10.008569
8743 1444828671.789409 -0.049439 0.010986 -10.008569
8744 1444828671.799406 -0.049439 0.010986 -10.008569
8745 1444828671.809502 0.038452 0.010986 -10.008569
8746 1444828671.819864 0.038452 0.010986 -10.008569
8747 1444828671.829734 -0.049439 0.010986 -10.008569
8748 1444828671.839788 -0.049439 0.010986 -10.008569
8749 1444828671.850009 0.038452 0.010986 -10.008569
8750 1444828671.860074 -0.049439 0.010986 -10.008569
8751 1444828671.870349 -0.049439 0.010986 -10.008569
8752 1444828671.880429 -0.049439 0.010986 -10.008569
8753 1444828671.890414 -0.049439 0.010986 -10.008569
8754 1444828671.900548 -0.049439 0.010986 -10.008569
8755 1444828671.910686 -0.049439 0.010986 -10.008569
8756 1444828671.920659 -0.049439 0.010986 -10.008569
8757 1444828671.928981 -0.049439 0.010986 -10.008569
8758 1444828671.941065 -0.049439 0.010986 -10.008569
8759 1444828671.951503 -0.049439 0.010986 -10.008569
8760 1444828671.961208 -0.049439 0.010986 -10.008569
8761 1444828671.971151 -0.049439 0.010986 -10.008569
8762 1444828671.981375 -0.049439 0.010986 -10.008569
8763 1444828671.991774 -0.049439 0.010986 -10.008569
8764 1444828672.002123 -0.049439 0.010986 -10.008569
8765 1444828672.011848 -0.049439 0.010986 -10.008569
8766 1444828672.019351 -0.049439 0.010986 -10.008569
8767 1444828672.029490 -0.049439 0.010986 -10.008569
8768 1444828672.042364 -0.049439 0.010986 -10.008569
