20788 1444995704.401150 11.9971 4.982312 -0.005493 -10.019556 -1.461185 -4.916394
20789 1444995704.414130 11.9971 4.982312 0.082398 -10.019556 -1.461185 -4.916394
20790 1444995704.421221 11.9971 4.982312 -0.005493 -9.931665 -1.461185 -4.916394
20791 1444995704.431363 11.9971 4.982312 -0.005493 -9.931665 -1.461185 -4.916394
20792 1444995704.441491 11.9971 4.982312 -0.005493 -10.019556 -1.461185 -4.916394
20793 1444995704.448815 11.9971 4.982312 0.082398 -10.019556 -1.461185 -4.916394
20794 1444995704.458935 11.9971 4.982312 -0.005493 -10.019556 -1.461185 -4.916394
20795 1444995704.470281 11.9971 4.982312 0.082398 -10.019556 -1.461185 -4.916394
20796 1444995704.480258 12.08499 4.982312 -0.005493 -9.931665 -1.461185 -4.916394
20797 1444995704.490564 11.9971 4.982312 -0.005493 -9.931665 -1.461185 -4.916394
20798 1444995704.500826 11.9971 4.982312 -0.005493 -10.019556 -1.461185 -4.916394
20799 1444995704.510835 11.9971 4.982312 0.082398 -9.931665 -1.461185 -4.916394
20800 1444995704.520959 12.08499 4.982312 0.082398 -9.931665 -1.461185 -4.916394
20801 1444995704.531364 11.9971 4.982312 -0.005493 -9.931665 -1.461185 -4.916394
20802 1444995704.541134 11.9971 4.982312 -0.005493 -9.931665 -1.461185 -4.916394
20803 1444995704.551658 11.9971 4.982312 -0.005493 -10.019556 -1.461185 -4.916394
20804 1444995704.561471 11.9971 4.982312 -0.005493 -10.019556 -1.461185 -4.916394
20805 1444995704.572880 11.9971 4.982312 -0.005493 -10.019556 -1.461185 -4.916394
20806 1444995704.582809 11.9971 4.982312 -0.005493 -10.019556 -1.461185 -4.916394
20807 1444995704.590765 11.9971 4.982312 -0.005493 -10.019556 -1.461185 -4.916394
20808 1444995704.605216 11.9971 4.982312 -0.005493 -9.931665 -1.461185 -4.916394
20809 1444995704.613176 11.9971 4.982312 -0.005493 -10.019556 -1.461185 -4.916394
20810 1444995704.623183 11.9971 4.982312 -0.005493 -10.019556 -1.461185 -4.916394
20811 1444995704.630937 11.9971 4.982312 -0.005493 -10.019556 -1.461185 -4.916394
20812 1444995704.640799 11.9971 4.982312 -0.005493 -10.019556 -1.461185 -4.916394
20813 1444995704.651506 11.9971 4.982312 -0.005493 -10.019556 -1.461185 -4.916394
20814 1444995704.661871 11.9971 4.982312 -0.005493 -9.931665 -1.461185 -4.916394
20815 1444995704.671935 11.9971 4.982312 -0.005493 -10.019556 -1.461185 -4.916394
20816 1444995704.681979 11.9971 4.982312 -0.005493 -10.019556 -1.461185 -4.916394
20817 1444995704.690367 11.9971 4.982312 -0.005493 -9.931665 -1.461185 -4.916394
20818 1444995704.702951 12.08499 4.982312 -0.005493 -10.019556 -1.461185 -4.916394
20819 1444995704.713123 12.08499 4.982312 -0.005493 -10.019556 -1.461185 -4.916394
20820 1444995704.723023 11.9971 4.982312 -0.005493 -10.019556 -1.461185 -4.916394
20821 1444995704.733141 11.9971 4.982312 -0.005493 -10.019556 -1.461185 -4.916394
20822 1444995704.745334 11.9971 4.982312 -0.005493 -10.019556 -1.461185 -4.916394
20823 1444995704.754446 11.9971 4.982312 -0.005493 -9.931665 -1.461185 -4.916394
20824 1444995704.763550 11.9971 4.982312 -0.005493 -10.019556 -1.461185 -4.916394
20825 1444995704.771030 11.9971 4.982312 -0.005493 -10.019556 -1.461185 -4.916394
20826 1444995704.785528 11.9971 4.982312 -0.005493 -10.019556 -1.461185 -4.916394
20827 1444995704.794631 11.9971 4.982312 -0.005493 -10.019556 -1.461185 -4.916394
20828 1444995704.805565 12.08499 4.982312 -0.005493 -10.019556 -1.461185 -4.916394
20829 1444995704.815821 11.9971 4.982312 -0.005493 -10.019556 -1.461185 -4.916394
20830 1444995704.825726 11.9971 4.982312 -0.005493 -10.019556 -1.461185 -4.916394
20831 1444995704.836179 11.9971 4.982312 -0.005493 -10.019556 -1.461185 -4.916394
20832 1444995704.845566 11.9971 4.982312 -0.005493 -10.019556 -1.461185 -4.916394
20833 1444995704.856132 11.9971 4.982312 -0.005493 -10.019556 -1.461185 -4.916394
20834 1444995704.865796 11.9971 4.982312 -0.005493 -10.019556 -1.461185 -4.916394
20835 1444995704.875840 11.9971 4.982312 -0.005493 -10.019556 -1.461185 -4.916394
20836 1444995704.886182 11.9971 4.982312 -0.005493 -9.931665 -1.461185 -4.916394
20837 1444995704.896461 11.9971 4.982312 -0.005493 -10.019556 -1.461185 -4.916394
20838 1444995704.906509 11.9971 4.982312 -0.005493 -10.019556 -1.461185 -4.916394
20839 1444995704.917320 11.9971 4.982312 0.082398 -10.019556 -1.461185 -4.916394
20840 1444995704.927449 11.9971 4.982312 -0.005493 -10.019556 -1.461185 -4.916394
20841 1444995704.937611 11.9971 4.982312 -0.005493 -10.019556 -1.461185 -4.916394
20842 1444995704.947521 11.9971 4.982312 -0.005493 -10.019556 -1.461185 -4.916394
20843 1444995704.957632 11.9971 4.982312 -0.005493 -10.019556 -1.461185 -4.916394
20844 1444995704.967901 11.9971 4.982312 -0.005493 -10.019556 -1.461185 -4.916394
20845 1444995704.977911 11.9971 4.982312 -0.005493 -9.931665 -1.461185 -4.916394
20846 1444995704.982798 12.08499 4.982312 -0.005493 -10.019556 -1.461185 -4.916394
20847 1444995704.995731 12.08499 4.982312 -0.005493 -10.019556 -1.461185 -4.916394
20848 1444995705.005793 11.9971 4.982312 -0.005493 -9.931665 -1.461185 -4.916394
20849 1444995705.010938 11.9971 4.982312 -0.005493 -10.019556 -1.461185 -4.916394
20850 1444995705.020313 11.9971 4.982312 -0.005493 -9.931665 -1.461185 -4.916394
20851 1444995705.030982 11.9971 4.982312 -0.005493 -10.019556 -1.461185 -4.916394
20852 1444995705.041150 11.9971 4.982312 -0.005493 -10.019556 -1.461185 -4.916394
20853 1444995705.050175 11.9971 4.982312 -0.005493 -9.931665 -1.461185 -4.916394
20854 1444995705.061278 11.9971 4.982312 -0.005493 -10.019556 -1.461185 -4.916394
20855 1444995705.071400 11.9971 4.982312 -0.005493 -10.019556 -1.461185 -4.916394
20856 1444995705.085264 11.9971 4.982312 -0.005493 -10.019556 -1.461185 -4.916394
20857 1444995705.095650 11.9971 4.982312 -0.005493 -10.019556 -1.461185 -4.916394
20858 1444995705.106077 11.9971 4.982312 -0.005493 -10.019556 -1.461185 -4.916394
20859 1444995705.116924 11.9971 4.982312 -0.005493 -9.931665 -1.461185 -4.916394
20860 1444995705.127445 11.9971 4.982312 -0.005493 -9.931665 -1.461185 -4.916394
20861 1444995705.137611 11.9971 4.982312 -0.005493 -9.931665 -1.461185 -4.916394
20862 1444995705.147239 11.9971 4.982312 -0.005493 -10.019556 -1.461185 -4.916394
20863 1444995705.157216 11.9971 4.982312 -0.005493 -10.019556 -1.461185 -4.916394
20864 1444995705.167283 11.9971 4.982312 -0.005493 -10.019556 -1.461185 -4.916394
20865 1444995705.177469 11.9971 4.982312 -0.005493 -10.019556 -1.461185 -4.916394
20866 1444995705.188813 11.9971 4.982312 -0.005493 -9.931665 -1.461185 -4.916394
20867 1444995705.198595 11.9971 4.982312 -0.005493 -10.019556 -1.461185 -4.916394
20868 1444995705.208498 11.9971 4.982312 -0.005493 -10.019556 -1.461185 -4.916394
20869 1444995705.218761 12.08499 4.982312 -0.005493 -10.019556 -1.461185 -4.916394
20870 1444995705.228896 12.08499 4.982312 -0.005493 -10.019556 -1.461185 -4.916394
20871 1444995705.236160 11.9971 4.982312 -0.005493 -10.019556 -1.461185 -4.916394
20872 1444995705.249487 11.9971 4.982312 -0.005493 -9.931665 -1.461185 -4.916394
20873 1444995705.259740 11.9971 4.982312 -0.005493 -10.019556 -1.461185 -4.916394
20874 1444995705.269886 11.9971 4.982312 -0.005493 -10.019556 -1.461185 -4.916394
20875 1444995705.280200 11.9971 4.982312 -0.005493 -9.931665 -1.461185 -4.916394
20876 1444995705.285399 11.9971 4.982312 -0.005493 -10.019556 -1.461185 -4.916394
20877 1444995705.295293 11.9971 4.982312 -0.005493 -9.931665 -1.461185 -4.916394
20878 1444995705.305626 11.9971 4.982312 -0.005493 -9.931665 -1.461185 -4.916394
20879 1444995705.315603 11.9971 4.982312 -0.005493 -10.019556 -1.461185 -4.916394
20880 1444995705.325607 11.9971 4.982312 -0.005493 -10.019556 -1.461185 -4.916394
20881 1444995705.335840 11.9971 4.982312 -0.005493 -10.019556 -1.461185 -4.916394
20882 1444995705.345798 11.9971 4.982312 -0.005493 -9.931665 -1.461185 -4.916394
20883 1444995705.355936 11.9971 4.982312 -0.005493 -10.019556 -1.461185 -4.916394
20884 1444995705.366071 11.9971 4.982312 -0.005493 -9.931665 -1.461185 -4.916394
20885 1444995705.376204 11.9971 4.982312 -0.005493 -10.019556 -1.461185 -4.916394
20886 1444995705.386438 11.9971 4.982312 -0.005493 -10.019556 -1.461185 -4.916394
20887 1444995705.396343 11.9971 4.982312 -0.005493 -10.019556 -1.461185 -4.916394
20888 1444995705.406524 12.08499 4.982312 -0.005493 -10.019556 -1.461185 -4.916394
20889 1444995705.417615 12.08499 4.982312 -0.005493 -10.019556 -1.461185 -4.916394
20890 1444995705.427729 11.9971 4.982312 -0.005493 -10.019556 -1.461185 -4.916394
20891 1444995705.440966 12.08499 4.982312 -0.005493 -10.019556 -1.461185 -4.916394
20892 1444995705.449600 11.9971 4.982312 -0.005493 -9.931665 -1.461185 -4.916394
20893 1444995705.459521 11.9971 4.982312 -0.005493 -10.019556 -1.461185 -4.916394
20894 1444995705.470182 11.9971 4.982312 -0.005493 -9.931665 -1.461185 -4.916394
20895 1444995705.479626 11.9971 4.982312 -0.005493 -10.019556 -1.461185 -4.916394
20896 1444995705.488466 11.9971 4.982312 -0.005493 -10.019556 -1.461185 -4.916394
20897 1444995705.500393 11.9971 4.982312 -0.005493 -10.019556 -1.461185 -4.916394
20898 1444995705.510543 12.08499 4.982312 -0.005493 -10.019556 -1.461185 -4.916394
20899 1444995705.520904 11.9971 4.982312 -0.005493 -10.019556 -1.461185 -4.916394
20900 1444995705.530354 11.9971 4.982312 -0.005493 -10.019556 -1.461185 -4.916394
20901 1444995705.540958 11.9971 4.982312 -0.005493 -10.019556 -1.461185 -4.916394
20902 1444995705.550977 11.9971 4.982312 -0.005493 -10.019556 -1.461185 -4.916394
20903 1444995705.560931 11.9971 4.982312 -0.005493 -10.019556 -1.461185 -4.916394
20904 1444995705.571095 11.9971 4.982312 -0.005493 -10.019556 -1.461185 -4.916394
20905 1444995705.581253 11.9971 4.982312 -0.005493 -10.019556 -1.461185 -4.916394
20906 1444995705.591673 11.9971 4.982312 -0.005493 -10.019556 -1.461185 -4.916394
20907 1444995705.601385 11.9971 4.982312 -0.005493 -10.019556 -1.461185 -4.916394
20908 1444995705.611596 11.9971 4.982312 -0.005493 -10.019556 -1.461185 -4.916394
20909 1444995705.621636 11.9971 4.982312 -0.005493 -9.931665 -1.461185 -4.916394
20910 1444995705.631920 11.9971 4.982312 -0.005493 -9.931665 -1.461185 -4.916394
20911 1444995705.642005 11.9971 4.982312 -0.005493 -10.019556 -1.461185 -4.916394
20912 1444995705.652316 11.9971 4.982312 -0.005493 -9.931665 -1.461185 -4.916394
20913 1444995705.662622 11.9971 4.982312 -0.005493 -10.019556 -1.461185 -4.916394
20914 1444995705.672533 12.08499 4.982312 -0.005493 -10.019556 -1.461185 -4.916394
20915 1444995705.682683 11.9971 4.982312 -0.005493 -9.931665 -1.461185 -4.916394
20916 1444995705.692751 11.9971 4.982312 -0.005493 -10.019556 -1.461185 -4.916394
20917 1444995705.702955 11.9971 4.982312 -0.005493 -10.019556 -1.461185 -4.916394
20918 1444995705.712969 11.9971 4.982312 -0.005493 -10.019556 -1.461185 -4.916394
20919 1444995705.723031 11.9971 4.982312 -0.005493 -10.019556 -1.461185 -4.916394
20920 1444995705.733106 11.9971 4.982312 -0.005493 -10.019556 -1.461185 -4.916394
20921 1444995705.740955 11.9971 4.982312 -0.005493 -9.931665 -1.461185 -4.916394
20922 1444995705.754371 12.08499 4.982312 -0.005493 -9.931665 -1.461185 -4.916394
20923 1444995705.764481 11.9971 4.982312 -0.005493 -10.019556 -1.461185 -4.916394
20924 1444995705.774838 11.9971 4.982312 -0.005493 -10.019556 -1.461185 -4.916394
20925 1444995705.785034 11.9971 4.982312 -0.005493 -9.931665 -1.461185 -4.916394
20926 1444995705.791032 11.9971 4.982312 -0.005493 -10.019556 -1.461185 -4.916394
20927 1444995705.801116 11.9971 4.982312 -0.005493 -10.019556 -1.461185 -4.916394
20928 1444995705.811126 11.9971 4.982312 -0.005493 -9.931665 -1.461185 -4.916394
20929 1444995705.821362 11.9971 4.982312 -0.005493 -9.931665 -1.461185 -4.916394
20930 1444995705.831412 12.08499 4.982312 -0.005493 -10.019556 -1.461185 -4.916394
20931 1444995705.841532 11.9971 4.982312 -0.005493 -10.019556 -1.461185 -4.916394
20932 1444995705.851473 11.9971 4.982312 0.082398 -9.931665 -1.461185 -4.916394
20933 1444995705.861655 11.9971 4.982312 -0.005493 -10.019556 -1.461185 -4.916394
20934 1444995705.871688 11.9971 4.982312 -0.005493 -10.019556 -1.461185 -4.916394
20935 1444995705.881777 11.9971 4.982312 -0.005493 -9.931665 -1.461185 -4.916394
20936 1444995705.895361 11.9971 4.982312 0.082398 -9.931665 -1.461185 -4.916394
20937 1444995705.902908 11.9971 4.982312 -0.005493 -9.931665 -1.461185 -4.916394
20938 1444995705.912482 11.9971 4.982312 0.082398 -9.931665 -1.461185 -4.916394
20939 1444995705.922457 11.9971 4.982312 -0.005493 -10.019556 -1.461185 -4.916394
20940 1444995705.932595 11.9971 4.982312 -0.005493 -9.931665 -1.461185 -4.916394
20941 1444995705.940606 11.9971 4.982312 -0.005493 -10.019556 -1.461185 -4.916394
20942 1444995705.952924 11.9971 4.982312 -0.005493 -9.931665 -1.461185 -4.916394
20943 1444995705.963187 11.9971 4.982312 -0.005493 -9.931665 -1.461185 -4.916394
20944 1444995705.974238 11.9971 4.982312 -0.005493 -9.931665 -1.461185 -4.916394
20945 1444995705.986033 11.9971 4.982312 -0.005493 -9.931665 -1.461185 -4.916394
20946 1444995705.995658 11.9971 4.982312 -0.005493 -10.019556 -1.461185 -4.916394
20947 1444995706.006418 11.9971 4.982312 -0.005493 -10.019556 -1.461185 -4.916394
20948 1444995706.014723 11.9971 4.982312 -0.005493 -9.931665 -1.461185 -4.828503
20949 1444995706.024646 11.9971 4.982312 -0.005493 -9.931665 -1.461185 -4.916394
20950 1444995706.036535 11.9971 4.982312 -0.005493 -9.931665 -1.461185 -4.916394
20951 1444995706.045869 11.9971 4.982312 0.082398 -10.019556 -1.461185 -4.916394
20952 1444995706.055957 11.9971 4.982312 -0.005493 -10.019556 -1.461185 -4.916394
20953 1444995706.065768 12.08499 4.982312 -0.005493 -10.019556 -1.461185 -4.916394
20954 1444995706.076003 11.9971 4.982312 -0.005493 -10.019556 -1.461185 -4.916394
20955 1444995706.086498 11.9971 4.982312 -0.005493 -10.019556 -1.461185 -4.916394
20956 1444995706.096814 11.9971 4.982312 -0.005493 -9.931665 -1.461185 -4.916394
20957 1444995706.106599 11.9971 4.982312 -0.005493 -10.019556 -1.461185 -4.916394
20958 1444995706.116682 11.9971 4.982312 -0.005493 -10.019556 -1.461185 -4.916394
20959 1444995706.127191 11.9971 4.982312 -0.005493 -10.019556 -1.461185 -4.916394
20960 1444995706.137422 11.9971 4.982312 -0.005493 -10.019556 -1.461185 -4.916394
20961 1444995706.147149 11.9971 4.982312 -0.005493 -10.019556 -1.461185 -4.916394
20962 1444995706.157131 11.9971 4.982312 -0.005493 -10.019556 -1.461185 -4.916394
20963 1444995706.167435 12.08499 4.982312 -0.005493 -10.019556 -1.461185 -4.916394
20964 1444995706.177514 11.9971 4.982312 -0.005493 -10.019556 -1.461185 -4.916394
20965 1444995706.187711 11.9971 4.982312 -0.005493 -10.019556 -1.461185 -4.916394
20966 1444995706.197849 11.9971 4.982312 -0.005493 -10.019556 -1.461185 -4.916394
20967 1444995706.207861 11.9971 4.982312 -0.005493 -9.931665 -1.461185 -4.916394
20968 1444995706.217950 11.9971 4.982312 -0.005493 -10.019556 -1.461185 -4.916394
20969 1444995706.225775 12.08499 4.982312 -0.005493 -10.019556 -1.461185 -4.916394
20970 1444995706.235987 11.9971 4.982312 -0.005493 -10.019556 -1.461185 -4.916394
20971 1444995706.248502 11.9971 4.982312 -0.005493 -9.931665 -1.461185 -4.916394
20972 1444995706.255703 11.9971 4.982312 -0.005493 -10.019556 -1.461185 -4.916394
20973 1444995706.264528 11.9971 4.982312 -0.005493 -10.019556 -1.461185 -4.916394
20974 1444995706.274483 11.9971 4.982312 -0.005493 -10.019556 -1.461185 -4.916394
20975 1444995706.285725 11.9971 4.982312 -0.005493 -10.019556 -1.461185 -4.916394
20976 1444995706.295874 11.9971 4.982312 -0.005493 -10.019556 -1.461185 -4.916394
20977 1444995706.305807 11.9971 4.982312 0.082398 -10.019556 -1.461185 -4.916394
20978 1444995706.315654 11.9971 4.982312 -0.005493 -9.931665 -1.461185 -4.916394
20979 1444995706.325604 12.08499 4.982312 -0.005493 -10.019556 -1.461185 -4.916394
20980 1444995706.335860 11.9971 4.982312 -0.005493 -10.019556 -1.461185 -4.916394
20981 1444995706.345651 11.9971 4.982312 -0.005493 -10.019556 -1.461185 -4.916394
20982 1444995706.356088 11.9971 4.982312 -0.005493 -10.019556 -1.461185 -4.916394
20983 1444995706.366027 11.9971 4.982312 -0.005493 -10.019556 -1.461185 -4.916394
20984 1444995706.375991 11.9971 4.982312 -0.005493 -10.019556 -1.461185 -4.916394
20985 1444995706.386454 11.9971 4.982312 -0.005493 -10.019556 -1.461185 -4.916394
20986 1444995706.396534 11.9971 4.982312 -0.005493 -10.019556 -1.461185 -4.916394
20987 1444995706.406594 11.9971 4.982312 -0.005493 -9.931665 -1.461185 -4.916394
20988 1444995706.416591 11.9971 4.982312 0.082398 -10.019556 -1.461185 -4.916394
20989 1444995706.426988 11.9971 4.982312 -0.005493 -9.931665 -1.461185 -4.916394
20990 1444995706.438843 11.9971 4.982312 -0.005493 -10.019556 -1.461185 -4.916394
20991 1444995706.446980 11.9971 4.982312 -0.005493 -10.019556 -1.461185 -4.916394
20992 1444995706.457029 11.9971 4.982312 -0.005493 -10.019556 -1.461185 -4.916394
20993 1444995706.468859 11.9971 4.982312 -0.005493 -10.019556 -1.461185 -4.916394
20994 1444995706.478910 11.9971 4.982312 -0.005493 -10.019556 -1.461185 -4.916394
20995 1444995706.490084 11.9971 4.982312 -0.005493 -10.019556 -1.461185 -4.916394
20996 1444995706.497424 11.9971 4.982312 -0.005493 -10.019556 -1.461185 -4.916394
20997 1444995706.509196 11.9971 4.982312 -0.005493 -10.019556 -1.373294 -4.916394
20998 1444995706.519337 11.9971 4.982312 -0.005493 -10.019556 -1.461185 -4.916394
20999 1444995706.530200 11.9971 4.982312 -0.005493 -9.931665 -1.461185 -4.916394
21000 1444995706.539574 11.9971 4.982312 -0.005493 -9.931665 -1.461185 -4.916394
21001 1444995706.550318 11.9971 4.982312 -0.005493 -10.019556 -1.461185 -4.916394
21002 1444995706.560160 12.08499 4.982312 -0.005493 -10.019556 -1.461185 -4.916394
21003 1444995706.570524 11.9971 4.982312 -0.005493 -9.931665 -1.461185 -4.916394
21004 1444995706.580400 11.9971 4.982312 -0.005493 -10.019556 -1.461185 -4.916394
21005 1444995706.590004 12.08499 4.982312 -0.005493 -10.019556 -1.461185 -4.916394
21006 1444995706.600612 11.9971 4.982312 -0.005493 -10.019556 -1.461185 -4.916394
21007 1444995706.610570 11.9971 4.982312 -0.005493 -10.019556 -1.461185 -4.916394
21008 1444995706.620646 11.9971 4.982312 -0.005493 -10.019556 -1.461185 -4.916394
21009 1444995706.630701 11.9971 4.982312 0.082398 -9.931665 -1.461185 -4.916394
21010 1444995706.640828 11.9971 4.982312 -0.005493 -10.019556 -1.461185 -4.916394
21011 1444995706.650863 11.9971 4.982312 -0.005493 -10.019556 -1.461185 -4.916394
21012 1444995706.660948 11.9971 4.982312 -0.005493 -10.019556 -1.461185 -4.916394
21013 1444995706.670976 11.9971 4.982312 -0.005493 -10.019556 -1.461185 -4.916394
21014 1444995706.681102 11.9971 4.982312 -0.005493 -10.019556 -1.461185 -4.916394
21015 1444995706.689854 11.9971 4.982312 -0.005493 -9.931665 -1.461185 -4.916394
21016 1444995706.701323 11.9971 4.982312 -0.005493 -9.931665 -1.461185 -4.916394
21017 1444995706.709847 11.9971 4.982312 -0.005493 -10.019556 -1.461185 -4.916394
21018 1444995706.721448 11.9971 4.982312 -0.005493 -10.019556 -1.461185 -4.916394
21019 1444995706.726691 11.9971 4.982312 -0.005493 -9.931665 -1.461185 -4.916394
21020 1444995706.741624 11.9971 4.982312 -0.005493 -10.019556 -1.461185 -4.916394
21021 1444995706.746897 11.9971 4.982312 0.082398 -9.931665 -1.461185 -4.916394
21022 1444995706.756842 11.9971 4.982312 0.082398 -9.931665 -1.461185 -4.916394
21023 1444995706.766973 11.9971 4.982312 -0.005493 -9.931665 -1.461185 -4.916394
21024 1444995706.777176 11.9971 4.982312 -0.005493 -10.019556 -1.461185 -4.916394
21025 1444995706.787378 11.9971 4.982312 -0.005493 -10.019556 -1.461185 -4.916394
21026 1444995706.797358 12.08499 4.982312 -0.005493 -10.019556 -1.461185 -4.916394
21027 1444995706.807687 11.9971 4.982312 -0.005493 -10.019556 -1.461185 -4.916394
21028 1444995706.817757 11.9971 4.982312 -0.005493 -10.019556 -1.461185 -4.916394
21029 1444995706.827835 11.9971 4.982312 -0.005493 -10.019556 -1.461185 -4.916394
21030 1444995706.841408 11.9971 4.982312 -0.005493 -9.931665 -1.461185 -4.916394
21031 1444995706.849552 12.08499 4.982312 -0.005493 -10.019556 -1.461185 -4.916394
21032 1444995706.857950 11.9971 4.982312 -0.005493 -10.019556 -1.461185 -4.916394
21033 1444995706.868190 11.9971 4.982312 -0.005493 -10.019556 -1.461185 -4.916394
21034 1444995706.879296 11.9971 4.982312 -0.005493 -10.019556 -1.461185 -4.916394
21035 1444995706.889438 11.9971 4.982312 -0.005493 -10.019556 -1.461185 -4.916394
21036 1444995706.899487 11.9971 4.982312 -0.005493 -10.019556 -1.461185 -4.916394
21037 1444995706.908536 11.9971 4.982312 -0.005493 -9.931665 -1.461185 -4.916394
21038 1444995706.918428 11.9971 4.982312 -0.005493 -9.931665 -1.461185 -4.916394
21039 1444995706.930149 11.9971 4.982312 -0.005493 -9.931665 -1.461185 -4.916394
21040 1444995706.941552 11.9971 4.982312 -0.005493 -10.019556 -1.461185 -4.916394
21041 1444995706.950809 11.9971 4.982312 -0.005493 -10.019556 -1.461185 -4.916394
21042 1444995706.960608 11.9971 4.982312 -0.005493 -9.931665 -1.461185 -4.916394
21043 1444995706.970855 11.9971 4.982312 -0.005493 -10.019556 -1.461185 -4.916394
21044 1444995706.981073 11.9971 4.982312 -0.005493 -10.019556 -1.461185 -4.916394
21045 1444995706.992959 11.9971 4.982312 -0.005493 -10.019556 -1.461185 -4.916394
21046 1444995707.001456 11.9971 4.982312 -0.005493 -10.019556 -1.461185 -4.916394
21047 1444995707.011786 11.9971 4.982312 -0.005493 -10.019556 -1.461185 -4.916394
21048 1444995707.021939 11.9971 4.982312 -0.005493 -10.019556 -1.461185 -4.916394
21049 1444995707.031867 11.9971 4.982312 -0.005493 -9.931665 -1.461185 -4.916394
21050 1444995707.043567 11.9971 4.982312 -0.005493 -10.019556 -1.461185 -4.916394
21051 1444995707.053068 11.9971 4.982312 -0.005493 -10.019556 -1.461185 -4.916394
21052 1444995707.062564 11.9971 4.982312 -0.005493 -9.931665 -1.461185 -4.916394
21053 1444995707.072878 11.9971 4.982312 -0.005493 -10.019556 -1.461185 -4.916394
21054 1444995707.082696 11.9971 4.982312 -0.005493 -10.019556 -1.461185 -4.916394
21055 1444995707.093412 11.9971 4.982312 -0.005493 -10.019556 -1.461185 -4.916394
21056 1444995707.103999 11.9971 4.982312 -0.005493 -10.019556 -1.461185 -4.916394
21057 1444995707.113804 11.9971 4.982312 -0.005493 -10.019556 -1.461185 -4.916394
21058 1444995707.121142 11.9971 4.982312 0.082398 -10.019556 -1.461185 -4.916394
21059 1444995707.131319 11.9971 4.982312 -0.005493 -9.931665 -1.461185 -4.916394
21060 1444995707.140244 11.9971 4.982312 -0.005493 -10.019556 -1.461185 -4.916394
21061 1444995707.151361 11.9971 4.982312 -0.005493 -9.931665 -1.461185 -4.916394
21062 1444995707.161376 11.9971 4.982312 -0.005493 -9.931665 -1.461185 -4.916394
21063 1444995707.170245 11.9971 4.982312 -0.005493 -9.931665 -1.461185 -4.916394
21064 1444995707.180339 11.9971 4.982312 -0.005493 -10.019556 -1.461185 -4.916394
21065 1444995707.191178 11.9971 4.982312 0.082398 -10.019556 -1.461185 -4.916394
21066 1444995707.200581 11.9971 4.982312 -0.005493 -9.931665 -1.461185 -4.916394
21067 1444995707.210620 11.9971 4.982312 -0.005493 -10.019556 -1.461185 -4.916394
21068 1444995707.220645 11.9971 4.982312 -0.005493 -10.019556 -1.461185 -4.916394
21069 1444995707.231252 11.9971 4.982312 -0.005493 -10.019556 -1.461185 -4.916394
21070 1444995707.241285 11.9971 4.982312 -0.005493 -10.019556 -1.461185 -4.916394
21071 1444995707.251495 11.9971 4.982312 -0.005493 -9.931665 -1.461185 -4.916394
21072 1444995707.261461 12.08499 4.982312 -0.005493 -9.931665 -1.461185 -4.916394
21073 1444995707.271680 12.08499 4.982312 -0.005493 -10.019556 -1.461185 -4.916394
21074 1444995707.285462 11.9971 4.982312 0.082398 -10.019556 -1.461185 -4.916394
21075 1444995707.295492 11.9971 4.982312 -0.005493 -10.019556 -1.461185 -4.916394
21076 1444995707.304049 11.9971 4.982312 -0.005493 -10.019556 -1.461185 -4.916394
21077 1444995707.312215 11.9971 4.982312 -0.005493 -9.931665 -1.461185 -4.916394
21078 1444995707.322223 12.08499 4.982312 -0.005493 -10.019556 -1.461185 -4.916394
21079 1444995707.332196 11.9971 4.982312 -0.005493 -10.019556 -1.461185 -4.916394
21080 1444995707.342374 11.9971 4.982312 -0.005493 -10.019556 -1.461185 -4.916394
21081 1444995707.352467 11.9971 4.982312 -0.005493 -10.019556 -1.461185 -4.916394
21082 1444995707.365465 11.9971 4.982312 -0.005493 -9.931665 -1.461185 -4.916394
21083 1444995707.374315 12.08499 4.982312 -0.005493 -10.019556 -1.461185 -4.916394
21084 1444995707.386043 12.08499 4.982312 -0.005493 -9.931665 -1.461185 -4.916394
21085 1444995707.395985 11.9971 4.982312 0.082398 -10.019556 -1.461185 -4.916394
21086 1444995707.404226 11.9971 4.982312 -0.005493 -10.019556 -1.461185 -4.916394
21087 1444995707.415549 11.9971 4.982312 -0.005493 -10.019556 -1.461185 -4.916394
21088 1444995707.426030 11.9971 4.982312 -0.005493 -10.019556 -1.461185 -4.916394
21089 1444995707.435720 11.9971 4.982312 -0.005493 -9.931665 -1.461185 -4.916394
21090 1444995707.445600 12.08499 4.982312 -0.005493 -10.019556 -1.461185 -4.916394
21091 1444995707.452025 11.9971 4.982312 -0.005493 -9.931665 -1.461185 -4.916394
21092 1444995707.466491 11.9971 4.982312 0.082398 -10.019556 -1.461185 -4.916394
21093 1444995707.476221 11.9971 4.982312 -0.005493 -10.019556 -1.461185 -4.916394
21094 1444995707.486513 11.9971 4.982312 -0.005493 -9.931665 -1.461185 -4.916394
21095 1444995707.496387 11.9971 4.982312 -0.005493 -10.019556 -1.461185 -4.916394
21096 1444995707.501317 11.9971 4.982312 -0.005493 -10.019556 -1.461185 -4.916394
21097 1444995707.517117 11.9971 4.982312 -0.005493 -10.019556 -1.461185 -4.916394
21098 1444995707.521363 11.9971 4.982312 -0.005493 -10.019556 -1.461185 -4.916394
21099 1444995707.531347 11.9971 4.982312 -0.005493 -9.931665 -1.461185 -4.916394
21100 1444995707.540272 11.9971 4.982312 -0.005493 -10.019556 -1.461185 -4.916394
21101 1444995707.551702 11.9971 4.982312 -0.005493 -9.931665 -1.461185 -4.916394
21102 1444995707.561816 11.9971 4.982312 -0.005493 -10.019556 -1.461185 -4.916394
21103 1444995707.572273 11.9971 4.982312 0.082398 -10.019556 -1.461185 -4.916394
21104 1444995707.582513 11.9971 4.982312 -0.005493 -9.931665 -1.461185 -4.916394
21105 1444995707.590915 11.9971 4.982312 -0.005493 -10.019556 -1.461185 -4.916394
21106 1444995707.604287 11.9971 4.982312 -0.005493 -10.019556 -1.461185 -4.916394
21107 1444995707.614549 11.9971 4.982312 -0.005493 -10.019556 -1.461185 -4.916394
21108 1444995707.624391 11.9971 4.982312 -0.005493 -9.931665 -1.461185 -4.916394
21109 1444995707.636031 12.08499 4.982312 -0.005493 -9.931665 -1.373294 -4.916394
21110 1444995707.645925 11.9971 4.982312 -0.005493 -10.019556 -1.461185 -4.916394
21111 1444995707.656835 11.9971 4.982312 0.082398 -10.019556 -1.461185 -4.916394
21112 1444995707.666606 11.9971 4.982312 -0.005493 -9.931665 -1.461185 -4.916394
21113 1444995707.675746 11.9971 4.982312 0.082398 -10.019556 -1.461185 -4.916394
21114 1444995707.686255 11.9971 4.982312 -0.005493 -10.019556 -1.461185 -4.916394
21115 1444995707.697208 12.08499 4.982312 -0.005493 -10.019556 -1.461185 -4.916394
21116 1444995707.707442 11.9971 4.982312 -0.005493 -10.019556 -1.461185 -4.916394
21117 1444995707.717526 11.9971 4.982312 0.082398 -10.019556 -1.461185 -4.916394
21118 1444995707.727997 11.9971 4.982312 -0.005493 -9.931665 -1.461185 -4.916394
21119 1444995707.737361 11.9971 4.982312 -0.005493 -9.931665 -1.461185 -4.916394
21120 1444995707.747353 11.9971 4.982312 -0.005493 -10.019556 -1.461185 -4.916394
21121 1444995707.757154 11.9971 4.982312 -0.005493 -9.931665 -1.461185 -4.916394
21122 1444995707.767546 11.9971 4.982312 -0.005493 -10.019556 -1.461185 -4.916394
21123 1444995707.777533 12.08499 4.982312 -0.005493 -10.019556 -1.461185 -4.916394
21124 1444995707.787152 11.9971 4.982312 -0.005493 -10.019556 -1.461185 -4.916394
21125 1444995707.797807 11.9971 4.982312 -0.005493 -10.019556 -1.461185 -4.916394
21126 1444995707.807681 11.9971 4.982312 0.082398 -9.931665 -1.461185 -4.916394
21127 1444995707.817954 11.9971 4.982312 -0.005493 -10.019556 -1.461185 -4.916394
21128 1444995707.827944 11.9971 4.982312 -0.005493 -10.019556 -1.461185 -4.916394
21129 1444995707.838342 11.9971 4.982312 -0.005493 -10.019556 -1.461185 -4.916394
21130 1444995707.848358 11.9971 4.982312 -0.005493 -10.019556 -1.461185 -4.916394
21131 1444995707.858379 11.9971 4.982312 -0.005493 -10.019556 -1.461185 -4.916394
21132 1444995707.868512 11.9971 4.982312 -0.005493 -10.019556 -1.461185 -4.916394
21133 1444995707.879382 11.9971 4.982312 -0.005493 -9.931665 -1.461185 -4.916394
21134 1444995707.888821 11.9971 4.982312 -0.005493 -9.931665 -1.461185 -4.916394
21135 1444995707.899560 12.08499 4.982312 -0.005493 -10.019556 -1.461185 -4.916394
21136 1444995707.909597 11.9971 4.982312 -0.005493 -10.019556 -1.461185 -4.916394
21137 1444995707.916224 11.9971 4.982312 -0.005493 -9.931665 -1.461185 -4.916394
21138 1444995707.926266 11.9971 4.982312 -0.005493 -10.019556 -1.461185 -4.916394
21139 1444995707.936466 11.9971 4.982312 -0.005493 -10.019556 -1.461185 -4.916394
21140 1444995707.946507 11.9971 4.982312 -0.005493 -10.019556 -1.461185 -4.916394
21141 1444995707.956045 11.9971 4.982312 -0.005493 -9.931665 -1.461185 -4.916394
21142 1444995707.965789 11.9971 4.982312 -0.005493 -9.931665 -1.461185 -4.916394
21143 1444995707.975913 11.9971 4.982312 -0.005493 -9.931665 -1.461185 -4.916394
21144 1444995707.986153 11.9971 4.982312 -0.005493 -10.019556 -1.373294 -4.916394
21145 1444995707.996028 11.9971 4.982312 -0.005493 -10.019556 -1.461185 -4.916394
21146 1444995708.006544 11.9971 4.982312 -0.005493 -10.019556 -1.461185 -4.916394
21147 1444995708.016726 12.08499 4.982312 -0.005493 -10.019556 -1.461185 -4.916394
21148 1444995708.026536 11.9971 4.982312 -0.005493 -9.931665 -1.461185 -4.916394
21149 1444995708.036797 11.9971 4.982312 -0.005493 -10.019556 -1.461185 -4.916394
21150 1444995708.046776 11.9971 4.982312 -0.005493 -10.019556 -1.461185 -4.916394
21151 1444995708.057000 11.9971 4.982312 -0.005493 -10.019556 -1.461185 -4.916394
21152 1444995708.067253 11.9971 4.982312 -0.005493 -9.931665 -1.461185 -4.916394
21153 1444995708.077363 11.9971 4.982312 -0.005493 -9.931665 -1.461185 -4.916394
21154 1444995708.090435 11.9971 4.982312 0.082398 -10.019556 -1.461185 -4.916394
21155 1444995708.099227 11.9971 4.982312 0.082398 -10.019556 -1.461185 -4.916394
21156 1444995708.109077 11.9971 4.982312 0.082398 -10.019556 -1.461185 -4.916394
21157 1444995708.120178 11.9971 4.982312 -0.005493 -10.019556 -1.461185 -4.916394
21158 1444995708.129743 11.9971 4.982312 -0.005493 -10.019556 -1.461185 -4.916394
21159 1444995708.138891 11.9971 4.982312 -0.005493 -10.019556 -1.461185 -4.916394
21160 1444995708.150193 11.9971 4.982312 -0.005493 -9.931665 -1.461185 -4.916394
21161 1444995708.160775 11.9971 4.982312 -0.005493 -10.019556 -1.461185 -4.916394
21162 1444995708.170306 11.9971 4.982312 -0.005493 -9.931665 -1.461185 -4.916394
21163 1444995708.180779 12.08499 4.982312 -0.005493 -10.019556 -1.461185 -4.916394
21164 1444995708.191277 11.9971 4.982312 -0.005493 -10.019556 -1.461185 -4.916394
21165 1444995708.200933 11.9971 4.982312 -0.005493 -10.019556 -1.461185 -4.916394
21166 1444995708.210896 12.08499 4.982312 -0.005493 -9.931665 -1.461185 -4.916394
21167 1444995708.221510 11.9971 4.982312 -0.005493 -10.019556 -1.461185 -4.916394
21168 1444995708.231561 11.9971 4.982312 -0.005493 -10.019556 -1.461185 -4.916394
21169 1444995708.241716 11.9971 4.982312 -0.005493 -9.931665 -1.461185 -4.916394
21170 1444995708.251778 11.9971 4.982312 -0.005493 -9.931665 -1.461185 -4.916394
21171 1444995708.261811 11.9971 4.982312 -0.005493 -9.931665 -1.461185 -4.916394
21172 1444995708.271815 11.9971 4.982312 -0.005493 -10.019556 -1.461185 -4.916394
21173 1444995708.282093 11.9971 4.982312 -0.005493 -10.019556 -1.461185 -4.916394
21174 1444995708.291971 11.9971 4.982312 -0.005493 -10.019556 -1.461185 -4.916394
21175 1444995708.302175 11.9971 4.982312 -0.005493 -10.019556 -1.461185 -4.916394
21176 1444995708.312227 11.9971 4.982312 0.082398 -10.019556 -1.461185 -4.916394
21177 1444995708.322350 11.9971 4.982312 -0.005493 -10.019556 -1.461185 -4.916394
21178 1444995708.332502 11.9971 4.982312 -0.005493 -10.019556 -1.461185 -4.916394
21179 1444995708.342562 11.9971 4.982312 -0.005493 -10.019556 -1.461185 -4.916394
21180 1444995708.345383 11.9971 4.982312 -0.005493 -9.931665 -1.461185 -4.916394
21181 1444995708.362826 11.9971 4.982312 -0.005493 -10.019556 -1.461185 -4.916394
21182 1444995708.372832 12.08499 4.982312 -0.005493 -10.019556 -1.461185 -4.916394
21183 1444995708.381273 11.9971 4.982312 -0.005493 -10.019556 -1.461185 -4.916394
21184 1444995708.388401 11.9971 4.982312 -0.005493 -9.931665 -1.461185 -4.916394
21185 1444995708.395537 11.9971 4.982312 -0.005493 -10.019556 -1.461185 -4.916394
21186 1444995708.405671 11.9971 4.982312 -0.005493 -9.931665 -1.461185 -4.916394
21187 1444995708.416172 11.9971 4.982312 -0.005493 -10.019556 -1.461185 -4.916394
21188 1444995708.426143 11.9971 4.982312 -0.005493 -9.931665 -1.461185 -4.916394
21189 1444995708.435993 11.9971 4.982312 -0.005493 -10.019556 -1.461185 -4.916394
21190 1444995708.446153 11.9971 4.982312 -0.005493 -10.019556 -1.461185 -4.916394
21191 1444995708.460034 11.9971 4.982312 -0.005493 -9.931665 -1.461185 -4.916394
21192 1444995708.470226 11.9971 4.982312 -0.005493 -10.019556 -1.461185 -4.916394
21193 1444995708.480577 11.9971 4.982312 -0.005493 -10.019556 -1.461185 -4.916394
21194 1444995708.493317 11.9971 4.982312 -0.005493 -10.019556 -1.461185 -4.916394
21195 1444995708.503095 11.9971 4.982312 -0.005493 -9.931665 -1.461185 -4.916394
21196 1444995708.512034 11.9971 4.982312 -0.005493 -9.931665 -1.461185 -4.916394
21197 1444995708.522204 11.9971 4.982312 -0.005493 -10.019556 -1.461185 -4.916394
21198 1444995708.531851 11.9971 4.982312 -0.005493 -10.019556 -1.461185 -4.916394
21199 1444995708.542491 11.9971 4.982312 -0.005493 -10.019556 -1.461185 -4.916394
21200 1444995708.554201 11.9971 4.982312 -0.005493 -9.931665 -1.461185 -4.916394
21201 1444995708.562799 11.9971 4.982312 -0.005493 -9.931665 -1.461185 -4.916394
21202 1444995708.572999 11.9971 4.982312 -0.005493 -9.931665 -1.461185 -4.916394
21203 1444995708.583524 11.9971 4.982312 -0.005493 -9.931665 -1.461185 -4.916394
21204 1444995708.593221 11.9971 4.982312 -0.005493 -10.019556 -1.461185 -4.916394
21205 1444995708.604625 11.9971 4.982312 0.082398 -10.019556 -1.461185 -4.916394
21206 1444995708.613799 12.08499 4.982312 -0.005493 -10.019556 -1.461185 -4.916394
21207 1444995708.623670 11.9971 4.982312 -0.005493 -9.931665 -1.461185 -4.916394
21208 1444995708.633852 12.08499 4.982312 -0.005493 -10.019556 -1.461185 -4.916394
21209 1444995708.644174 11.9971 4.982312 -0.005493 -10.019556 -1.461185 -4.916394
21210 1444995708.654346 11.9971 4.982312 -0.005493 -9.931665 -1.461185 -4.916394
21211 1444995708.664316 11.9971 4.982312 -0.005493 -10.019556 -1.461185 -4.916394
21212 1444995708.671445 11.9971 4.982312 -0.005493 -10.019556 -1.461185 -4.916394
21213 1444995708.680124 11.9971 4.982312 -0.005493 -9.931665 -1.461185 -4.916394
21214 1444995708.690660 11.9971 4.982312 -0.005493 -9.931665 -1.461185 -4.916394
21215 1444995708.700818 11.9971 4.982312 -0.005493 -9.931665 -1.461185 -4.916394
21216 1444995708.710952 11.9971 4.982312 -0.005493 -10.019556 -1.461185 -4.916394
21217 1444995708.720954 11.9971 4.982312 -0.005493 -10.019556 -1.461185 -4.916394
21218 1444995708.731271 11.9971 4.982312 -0.005493 -9.931665 -1.461185 -4.916394
21219 1444995708.741280 11.9971 4.982312 -0.005493 -10.019556 -1.461185 -4.916394
21220 1444995708.751435 11.9971 4.982312 -0.005493 -10.019556 -1.461185 -4.916394
21221 1444995708.761610 11.9971 4.982312 -0.005493 -10.019556 -1.461185 -4.916394
21222 1444995708.771503 11.9971 4.982312 -0.005493 -9.931665 -1.461185 -4.916394
21223 1444995708.781603 11.9971 4.982312 -0.005493 -9.931665 -1.461185 -4.916394
21224 1444995708.791815 11.9971 4.982312 -0.005493 -10.019556 -1.461185 -4.916394
21225 1444995708.801977 11.9971 4.982312 -0.005493 -10.019556 -1.461185 -4.916394
21226 1444995708.812048 11.9971 4.982312 -0.005493 -10.019556 -1.461185 -4.916394
21227 1444995708.822142 11.9971 4.982312 -0.005493 -10.019556 -1.461185 -4.916394
21228 1444995708.832416 11.9971 4.982312 -0.005493 -9.931665 -1.461185 -4.916394
21229 1444995708.842611 12.08499 4.982312 -0.005493 -10.019556 -1.461185 -4.916394
21230 1444995708.855463 11.9971 4.982312 0.082398 -10.019556 -1.461185 -4.916394
21231 1444995708.864354 11.9971 4.982312 -0.005493 -10.019556 -1.461185 -4.916394
21232 1444995708.874403 11.9971 4.982312 -0.005493 -10.019556 -1.461185 -4.916394
21233 1444995708.885756 12.08499 4.982312 -0.005493 -10.019556 -1.461185 -4.916394
21234 1444995708.896132 11.9971 4.982312 -0.005493 -10.019556 -1.461185 -4.916394
21235 1444995708.906390 11.9971 4.982312 -0.005493 -10.019556 -1.461185 -4.916394
21236 1444995708.914482 11.9971 4.982312 0.082398 -10.019556 -1.461185 -4.916394
21237 1444995708.925998 11.9971 4.982312 -0.005493 -10.019556 -1.461185 -4.916394
21238 1444995708.936189 11.9971 4.982312 -0.005493 -10.019556 -1.461185 -4.916394
21239 1444995708.946424 11.9971 4.982312 -0.005493 -10.019556 -1.461185 -4.916394
21240 1444995708.957222 11.9971 4.982312 -0.005493 -10.019556 -1.461185 -4.916394
21241 1444995708.966551 11.9971 4.982312 -0.005493 -10.019556 -1.461185 -4.916394
21242 1444995708.976762 11.9971 4.982312 -0.005493 -10.019556 -1.461185 -4.916394
21243 1444995708.987553 11.9971 4.982312 -0.005493 -9.931665 -1.461185 -4.916394
21244 1444995708.996498 11.9971 4.982312 -0.005493 -9.931665 -1.461185 -4.916394
21245 1444995709.006529 11.9971 4.982312 -0.005493 -10.019556 -1.461185 -4.916394
21246 1444995709.016650 11.9971 4.982312 -0.005493 -10.019556 -1.461185 -4.916394
21247 1444995709.026889 11.9971 4.982312 -0.005493 -10.019556 -1.461185 -4.916394
21248 1444995709.037354 11.9971 4.982312 -0.005493 -10.019556 -1.461185 -4.916394
21249 1444995709.047301 11.9971 4.982312 -0.005493 -10.019556 -1.461185 -4.916394
21250 1444995709.057327 12.08499 4.982312 -0.005493 -10.019556 -1.461185 -4.916394
21251 1444995709.067499 11.9971 4.982312 -0.005493 -10.019556 -1.461185 -4.916394
21252 1444995709.077432 11.9971 4.982312 -0.005493 -10.019556 -1.461185 -4.916394
21253 1444995709.088269 11.9971 4.982312 0.082398 -10.019556 -1.461185 -4.916394
21254 1444995709.098274 11.9971 4.982312 0.082398 -10.019556 -1.461185 -4.916394
21255 1444995709.108254 11.9971 4.982312 -0.005493 -10.019556 -1.461185 -4.916394
21256 1444995709.118485 11.9971 4.982312 -0.005493 -10.019556 -1.461185 -4.916394
21257 1444995709.128548 11.9971 4.982312 -0.005493 -10.019556 -1.461185 -4.916394
21258 1444995709.138959 11.9971 4.982312 -0.005493 -9.931665 -1.461185 -4.916394
21259 1444995709.146089 11.9971 4.982312 0.082398 -10.019556 -1.461185 -4.916394
21260 1444995709.156262 11.9971 4.982312 -0.005493 -10.019556 -1.461185 -4.916394
21261 1444995709.166240 11.9971 4.982312 -0.005493 -10.019556 -1.461185 -4.916394
21262 1444995709.176333 11.9971 4.982312 -0.005493 -10.019556 -1.461185 -4.916394
21263 1444995709.185605 11.9971 4.982312 -0.005493 -10.019556 -1.461185 -4.916394
21264 1444995709.195489 11.9971 4.982312 -0.005493 -10.019556 -1.461185 -4.916394
21265 1444995709.205834 11.9971 4.982312 -0.005493 -10.019556 -1.461185 -4.916394
21266 1444995709.215717 11.9971 4.982312 -0.005493 -10.019556 -1.461185 -4.916394
21267 1444995709.225537 12.08499 4.982312 -0.005493 -9.931665 -1.461185 -4.916394
21268 1444995709.236849 11.9971 4.982312 -0.005493 -9.931665 -1.461185 -4.916394
21269 1444995709.245855 11.9971 4.982312 -0.005493 -9.931665 -1.461185 -4.916394
21270 1444995709.256139 11.9971 4.982312 -0.005493 -10.019556 -1.461185 -4.916394
21271 1444995709.266085 11.9971 4.982312 0.082398 -10.019556 -1.461185 -4.916394
21272 1444995709.276224 11.9971 4.982312 -0.005493 -10.019556 -1.461185 -4.916394
21273 1444995709.286693 11.9971 4.982312 -0.005493 -10.019556 -1.461185 -4.916394
21274 1444995709.296277 11.9971 4.982312 -0.005493 -10.019556 -1.461185 -4.916394
21275 1444995709.306838 11.9971 4.982312 -0.005493 -10.019556 -1.461185 -4.916394
21276 1444995709.317320 11.9971 4.982312 -0.005493 -10.019556 -1.461185 -4.916394
21277 1444995709.329500 11.9971 4.982312 -0.005493 -10.019556 -1.461185 -4.916394
21278 1444995709.337753 11.9971 4.982312 -0.005493 -10.019556 -1.461185 -4.916394
21279 1444995709.348264 11.9971 4.982312 -0.005493 -9.931665 -1.461185 -4.916394
21280 1444995709.357686 11.9971 4.982312 -0.005493 -10.019556 -1.461185 -4.916394
21281 1444995709.370336 11.9971 4.982312 -0.005493 -9.931665 -1.461185 -4.916394
21282 1444995709.380085 11.9971 4.982312 -0.005493 -10.019556 -1.461185 -4.916394
21283 1444995709.390234 11.9971 4.982312 -0.005493 -10.019556 -1.461185 -4.916394
21284 1444995709.400593 11.9971 4.982312 -0.005493 -9.931665 -1.461185 -4.916394
21285 1444995709.410590 11.9971 4.982312 -0.005493 -10.019556 -1.461185 -4.916394
21286 1444995709.420485 11.9971 4.982312 -0.005493 -10.019556 -1.461185 -4.916394
21287 1444995709.430525 11.9971 4.982312 -0.005493 -9.931665 -1.461185 -4.916394
21288 1444995709.440936 11.9971 4.982312 -0.005493 -10.019556 -1.461185 -4.916394
21289 1444995709.450670 11.9971 4.982312 -0.005493 -10.019556 -1.461185 -4.916394
21290 1444995709.460792 11.9971 4.982312 -0.005493 -9.931665 -1.461185 -4.916394
21291 1444995709.470768 11.9971 4.982312 -0.005493 -10.019556 -1.461185 -4.916394
21292 1444995709.480836 11.9971 4.982312 -0.005493 -10.019556 -1.461185 -4.916394
21293 1444995709.491145 11.9971 4.982312 -0.005493 -10.019556 -1.461185 -4.916394
21294 1444995709.501047 11.9971 4.982312 -0.005493 -10.019556 -1.461185 -4.916394
21295 1444995709.511023 11.9971 4.982312 -0.005493 -10.019556 -1.461185 -4.916394
21296 1444995709.521112 11.9971 4.982312 -0.005493 -10.019556 -1.461185 -4.916394
21297 1444995709.531435 11.9971 4.982312 -0.005493 -10.019556 -1.461185 -4.916394
21298 1444995709.540297 11.9971 4.982312 -0.005493 -10.019556 -1.461185 -4.916394
21299 1444995709.547184 11.9971 4.982312 -0.005493 -10.019556 -1.461185 -4.916394
21300 1444995709.557024 11.9971 4.982312 -0.005493 -10.019556 -1.461185 -4.916394
21301 1444995709.567267 11.9971 4.982312 -0.005493 -10.019556 -1.461185 -4.916394
21302 1444995709.577351 11.9971 4.982312 -0.005493 -10.019556 -1.461185 -4.916394
21303 1444995709.587763 11.9971 4.982312 -0.005493 -9.931665 -1.461185 -4.916394
21304 1444995709.597607 11.9971 4.982312 -0.005493 -10.019556 -1.461185 -4.916394
21305 1444995709.605695 11.9971 4.982312 -0.005493 -10.019556 -1.461185 -4.916394
21306 1444995709.617752 11.9971 4.982312 -0.005493 -10.019556 -1.461185 -4.916394
21307 1444995709.627864 11.9971 4.982312 -0.005493 -10.019556 -1.461185 -4.916394
21308 1444995709.641282 11.9971 4.982312 -0.005493 -10.019556 -1.461185 -4.916394
21309 1444995709.649321 11.9971 4.982312 -0.005493 -10.019556 -1.461185 -4.916394
21310 1444995709.659209 11.9971 4.982312 -0.005493 -10.019556 -1.461185 -4.916394
21311 1444995709.670099 11.9971 4.982312 0.082398 -10.019556 -1.461185 -4.916394
21312 1444995709.680099 11.9971 4.982312 -0.005493 -10.019556 -1.461185 -4.916394
21313 1444995709.690617 11.9971 4.982312 -0.005493 -9.931665 -1.461185 -4.916394
21314 1444995709.700482 11.9971 4.982312 0.082398 -10.019556 -1.461185 -4.916394
21315 1444995709.710567 11.9971 4.982312 -0.005493 -10.019556 -1.461185 -4.916394
21316 1444995709.720561 11.9971 4.982312 -0.005493 -10.019556 -1.461185 -4.916394
21317 1444995709.730743 11.9971 4.982312 -0.005493 -10.019556 -1.461185 -4.916394
21318 1444995709.741165 11.9971 4.982312 -0.005493 -10.019556 -1.461185 -4.916394
21319 1444995709.751118 11.9971 4.982312 -0.005493 -10.019556 -1.461185 -4.916394
21320 1444995709.761183 11.9971 4.982312 -0.005493 -10.019556 -1.461185 -4.916394
21321 1444995709.771267 11.9971 4.982312 -0.005493 -9.931665 -1.461185 -4.916394
21322 1444995709.781371 11.9971 4.982312 -0.005493 -9.931665 -1.461185 -4.916394
21323 1444995709.791610 11.9971 4.982312 -0.005493 -10.019556 -1.461185 -4.916394
21324 1444995709.801753 11.9971 4.982312 -0.005493 -10.019556 -1.461185 -4.916394
21325 1444995709.811723 11.9971 4.982312 -0.005493 -10.019556 -1.461185 -4.916394
21326 1444995709.821981 11.9971 4.982312 -0.005493 -10.019556 -1.461185 -4.916394
21327 1444995709.832025 11.9971 4.982312 -0.005493 -10.019556 -1.461185 -4.916394
21328 1444995709.842817 11.9971 4.982312 -0.005493 -10.019556 -1.461185 -4.916394
21329 1444995709.852669 11.9971 4.982312 -0.005493 -9.931665 -1.461185 -4.916394
21330 1444995709.862537 11.9971 4.982312 0.082398 -9.931665 -1.461185 -4.916394
21331 1444995709.872617 11.9971 4.982312 -0.005493 -10.019556 -1.461185 -4.916394
21332 1444995709.882699 11.9971 4.982312 -0.005493 -10.019556 -1.461185 -4.916394
21333 1444995709.890708 11.9971 4.982312 -0.005493 -10.019556 -1.461185 -4.916394
21334 1444995709.903398 12.08499 4.982312 -0.005493 -10.019556 -1.461185 -4.916394
21335 1444995709.913194 11.9971 4.982312 -0.005493 -9.931665 -1.461185 -4.916394
21336 1444995709.923075 11.9971 4.982312 0.082398 -10.019556 -1.461185 -4.916394
21337 1444995709.933202 11.9971 4.982312 -0.005493 -10.019556 -1.461185 -4.916394
21338 1444995709.940868 11.9971 4.982312 -0.005493 -9.931665 -1.461185 -4.916394
21339 1444995709.953303 11.9971 4.982312 -0.005493 -10.019556 -1.461185 -4.916394
21340 1444995709.963506 11.9971 4.982312 -0.005493 -10.019556 -1.461185 -4.916394
21341 1444995709.971065 12.08499 4.982312 -0.005493 -10.019556 -1.461185 -4.916394
21342 1444995709.981099 11.9971 4.982312 -0.005493 -10.019556 -1.461185 -4.916394
21343 1444995709.990369 11.9971 4.982312 -0.005493 -10.019556 -1.461185 -4.916394
21344 1444995710.000178 11.9971 4.982312 0.082398 -10.019556 -1.461185 -4.916394
21345 1444995710.014116 11.9971 4.982312 -0.005493 -9.931665 -1.461185 -4.916394
21346 1444995710.021302 11.9971 4.982312 -0.005493 -10.019556 -1.461185 -4.916394
21347 1444995710.030235 11.9971 4.982312 -0.005493 -9.931665 -1.461185 -4.916394
21348 1444995710.040449 11.9971 4.982312 -0.005493 -9.931665 -1.461185 -4.916394
21349 1444995710.050534 11.9971 4.982312 -0.005493 -10.019556 -1.461185 -4.916394
21350 1444995710.060567 11.9971 4.982312 -0.005493 -10.019556 -1.461185 -4.916394
21351 1444995710.070788 11.9971 4.982312 -0.005493 -10.019556 -1.461185 -4.916394
21352 1444995710.080800 11.9971 4.982312 -0.005493 -10.019556 -1.461185 -4.916394
21353 1444995710.090797 11.9971 4.982312 -0.005493 -10.019556 -1.461185 -4.916394
21354 1444995710.101262 11.9971 4.982312 -0.005493 -10.019556 -1.461185 -4.916394
21355 1444995710.111392 12.08499 4.982312 -0.005493 -9.931665 -1.461185 -4.916394
21356 1444995710.121465 11.9971 4.982312 -0.005493 -9.931665 -1.461185 -4.916394
21357 1444995710.131635 12.08499 4.982312 0.082398 -10.019556 -1.461185 -4.916394
21358 1444995710.141641 11.9971 4.982312 -0.005493 -10.019556 -1.461185 -4.916394
21359 1444995710.151721 11.9971 4.982312 0.082398 -10.019556 -1.461185 -4.916394
21360 1444995710.161791 11.9971 4.982312 0.082398 -10.019556 -1.461185 -4.916394
21361 1444995710.171977 11.9971 4.982312 -0.005493 -9.931665 -1.461185 -4.916394
21362 1444995710.182182 11.9971 4.982312 -0.005493 -10.019556 -1.461185 -4.916394
21363 1444995710.192140 11.9971 4.982312 -0.005493 -10.019556 -1.461185 -4.916394
21364 1444995710.204436 11.9971 4.982312 -0.005493 -10.019556 -1.461185 -4.916394
21365 1444995710.213125 12.08499 4.982312 0.082398 -10.019556 -1.461185 -4.916394
21366 1444995710.223529 11.9971 4.982312 -0.005493 -10.019556 -1.461185 -4.916394
21367 1444995710.233593 11.9971 4.982312 -0.005493 -10.019556 -1.373294 -4.916394
21368 1444995710.245613 11.9971 4.982312 -0.005493 -10.019556 -1.461185 -4.916394
21369 1444995710.255489 11.9971 4.982312 -0.005493 -10.019556 -1.461185 -4.916394
21370 1444995710.264431 11.9971 4.982312 -0.005493 -10.019556 -1.461185 -4.916394
21371 1444995710.270985 11.9971 4.982312 -0.005493 -10.019556 -1.461185 -4.916394
21372 1444995710.285928 11.9971 4.982312 -0.005493 -9.931665 -1.461185 -4.916394
21373 1444995710.296368 11.9971 4.982312 -0.005493 -10.019556 -1.461185 -4.916394
21374 1444995710.306088 11.9971 4.982312 -0.005493 -9.931665 -1.461185 -4.916394
21375 1444995710.315463 11.9971 4.982312 -0.005493 -10.019556 -1.461185 -4.916394
21376 1444995710.325434 11.9971 4.982312 -0.005493 -10.019556 -1.461185 -4.916394
21377 1444995710.336560 11.9971 4.982312 -0.005493 -10.019556 -1.461185 -4.916394
21378 1444995710.345771 11.9971 4.982312 -0.005493 -10.019556 -1.461185 -4.916394
21379 1444995710.356729 11.9971 4.982312 -0.005493 -10.019556 -1.461185 -4.916394
21380 1444995710.365558 11.9971 4.982312 -0.005493 -10.019556 -1.461185 -4.916394
21381 1444995710.375627 11.9971 4.982312 -0.005493 -9.931665 -1.461185 -4.916394
21382 1444995710.386548 11.9971 4.982312 0.082398 -10.019556 -1.461185 -4.916394
21383 1444995710.396383 11.9971 4.982312 -0.005493 -10.019556 -1.461185 -4.916394
21384 1444995710.407305 11.9971 4.982312 -0.005493 -9.931665 -1.461185 -4.916394
21385 1444995710.416978 11.9971 4.982312 0.082398 -10.019556 -1.461185 -4.916394
21386 1444995710.426758 11.9971 4.982312 -0.005493 -9.931665 -1.461185 -4.916394
21387 1444995710.430935 11.9971 4.982312 -0.005493 -9.931665 -1.461185 -4.916394
21388 1444995710.447742 11.9971 4.982312 -0.005493 -10.019556 -1.461185 -4.916394
21389 1444995710.457612 11.9971 4.982312 -0.005493 -9.931665 -1.461185 -4.916394
21390 1444995710.467771 11.9971 4.982312 -0.005493 -10.019556 -1.461185 -4.916394
21391 1444995710.477582 11.9971 4.982312 -0.005493 -10.019556 -1.461185 -4.916394
21392 1444995710.487749 11.9971 4.982312 -0.005493 -10.019556 -1.461185 -4.916394
21393 1444995710.497748 11.9971 4.982312 -0.005493 -10.019556 -1.461185 -4.916394
21394 1444995710.507684 11.9971 4.982312 -0.005493 -10.019556 -1.461185 -4.916394
21395 1444995710.517789 11.9971 4.982312 -0.005493 -10.019556 -1.461185 -4.916394
21396 1444995710.528108 11.9971 4.982312 -0.005493 -10.019556 -1.461185 -4.916394
21397 1444995710.536748 11.9971 4.982312 -0.005493 -10.019556 -1.461185 -4.916394
21398 1444995710.548326 11.9971 4.982312 -0.005493 -10.019556 -1.461185 -4.916394
21399 1444995710.558451 11.9971 4.982312 -0.005493 -10.019556 -1.461185 -4.916394
21400 1444995710.568394 11.9971 4.982312 -0.005493 -10.019556 -1.461185 -4.916394
21401 1444995710.578670 11.9971 4.982312 -0.005493 -10.019556 -1.461185 -4.916394
21402 1444995710.586003 11.9971 4.982312 -0.005493 -9.931665 -1.461185 -4.916394
21403 1444995710.596579 11.9971 4.982312 -0.005493 -10.019556 -1.461185 -4.916394
21404 1444995710.606295 11.9971 4.982312 -0.005493 -10.019556 -1.461185 -4.916394
21405 1444995710.613295 11.9971 4.982312 -0.005493 -9.931665 -1.461185 -4.916394
21406 1444995710.626414 11.9971 4.982312 -0.005493 -10.019556 -1.461185 -4.916394
21407 1444995710.633536 11.9971 4.982312 -0.005493 -9.931665 -1.461185 -4.916394
21408 1444995710.645182 11.9971 4.982312 -0.005493 -10.019556 -1.461185 -4.916394
21409 1444995710.656597 11.9971 4.982312 -0.005493 -10.019556 -1.461185 -4.916394
21410 1444995710.665649 11.9971 4.982312 -0.005493 -9.931665 -1.461185 -4.916394
21411 1444995710.675783 11.9971 4.982312 -0.005493 -10.019556 -1.461185 -4.916394
21412 1444995710.686198 11.9971 4.982312 -0.005493 -10.019556 -1.461185 -4.916394
21413 1444995710.695951 11.9971 4.982312 -0.005493 -10.019556 -1.461185 -4.916394
21414 1444995710.706757 11.9971 4.982312 -0.005493 -10.019556 -1.461185 -4.916394
21415 1444995710.716963 11.9971 4.982312 -0.005493 -10.019556 -1.461185 -4.916394
21416 1444995710.726744 11.9971 4.982312 -0.005493 -10.019556 -1.461185 -4.916394
21417 1444995710.737534 11.9971 4.982312 -0.005493 -10.019556 -1.461185 -4.916394
21418 1444995710.747196 11.9971 4.982312 -0.005493 -10.019556 -1.461185 -4.916394
21419 1444995710.757241 11.9971 4.982312 -0.005493 -10.019556 -1.461185 -4.916394
21420 1444995710.767605 11.9971 4.982312 -0.005493 -10.019556 -1.461185 -4.916394
21421 1444995710.776788 11.9971 4.982312 -0.005493 -10.019556 -1.461185 -4.916394
21422 1444995710.788197 11.9971 4.982312 -0.005493 -10.019556 -1.461185 -4.916394
21423 1444995710.798201 11.9971 4.982312 -0.005493 -10.019556 -1.461185 -4.916394
21424 1444995710.808185 11.9971 4.982312 -0.005493 -10.019556 -1.461185 -4.916394
21425 1444995710.819413 11.9971 4.982312 -0.005493 -10.019556 -1.461185 -4.916394
21426 1444995710.829362 11.9971 4.982312 -0.005493 -10.019556 -1.461185 -4.916394
21427 1444995710.838607 11.9971 4.982312 -0.005493 -10.019556 -1.461185 -4.916394
21428 1444995710.849483 11.9971 4.982312 -0.005493 -10.019556 -1.461185 -4.916394
21429 1444995710.858240 11.9971 4.982312 -0.005493 -9.931665 -1.461185 -4.916394
21430 1444995710.870255 12.08499 4.982312 -0.005493 -9.931665 -1.461185 -4.916394
21431 1444995710.880509 12.08499 4.982312 -0.005493 -9.931665 -1.461185 -4.916394
21432 1444995710.890977 11.9971 4.982312 -0.005493 -9.931665 -1.461185 -4.916394
21433 1444995710.900250 11.9971 4.982312 -0.005493 -9.931665 -1.461185 -4.916394
21434 1444995710.910313 11.9971 4.982312 -0.005493 -10.019556 -1.461185 -4.916394
21435 1444995710.920708 11.9971 4.982312 -0.005493 -9.931665 -1.461185 -4.916394
21436 1444995710.930978 11.9971 4.982312 -0.005493 -10.019556 -1.461185 -4.916394
21437 1444995710.936089 11.9971 4.982312 0.082398 -9.931665 -1.461185 -4.916394
21438 1444995710.951014 11.9971 4.982312 -0.005493 -10.019556 -1.461185 -4.916394
21439 1444995710.961063 11.9971 4.982312 -0.005493 -9.931665 -1.461185 -4.916394
21440 1444995710.971268 11.9971 4.982312 -0.005493 -10.019556 -1.461185 -4.916394
21441 1444995710.981397 11.9971 4.982312 -0.005493 -10.019556 -1.461185 -4.916394
21442 1444995710.991727 11.9971 4.982312 -0.005493 -10.019556 -1.461185 -4.916394
21443 1444995711.001867 11.9971 4.982312 -0.005493 -10.019556 -1.461185 -4.916394
21444 1444995711.012077 11.9971 4.982312 -0.005493 -10.019556 -1.461185 -4.916394
21445 1444995711.022106 11.9971 4.982312 -0.005493 -10.019556 -1.461185 -4.916394
21446 1444995711.032074 11.9971 4.982312 -0.005493 -10.019556 -1.461185 -4.916394
21447 1444995711.037006 11.9971 4.982312 -0.005493 -10.019556 -1.461185 -4.916394
21448 1444995711.045621 11.9971 4.982312 -0.005493 -9.931665 -1.461185 -4.916394
21449 1444995711.055654 11.9971 4.982312 -0.005493 -10.019556 -1.461185 -4.916394
21450 1444995711.067458 11.9971 4.982312 -0.005493 -10.019556 -1.461185 -4.916394
21451 1444995711.077630 11.9971 4.982312 -0.005493 -10.019556 -1.461185 -4.916394
21452 1444995711.085792 11.9971 4.982312 -0.005493 -10.019556 -1.461185 -4.916394
21453 1444995711.095433 11.9971 4.982312 -0.005493 -9.931665 -1.461185 -4.916394
21454 1444995711.105470 11.9971 4.982312 -0.005493 -10.019556 -1.461185 -4.916394
21455 1444995711.115924 11.9971 4.982312 -0.005493 -9.931665 -1.461185 -4.916394
21456 1444995711.129219 11.9971 4.982312 -0.005493 -10.019556 -1.461185 -4.916394
21457 1444995711.140527 11.9971 4.982312 -0.005493 -9.931665 -1.461185 -4.916394
21458 1444995711.148341 11.9971 4.982312 -0.005493 -9.931665 -1.461185 -4.916394
21459 1444995711.160337 11.9971 4.982312 -0.005493 -9.931665 -1.461185 -4.916394
21460 1444995711.170360 11.9971 4.982312 -0.005493 -9.931665 -1.461185 -4.916394
21461 1444995711.180478 11.9971 4.982312 0.082398 -10.019556 -1.461185 -4.916394
21462 1444995711.190617 12.08499 4.982312 -0.005493 -10.019556 -1.461185 -4.916394
21463 1444995711.200204 11.9971 4.982312 -0.005493 -9.931665 -1.461185 -4.916394
21464 1444995711.210438 11.9971 4.982312 -0.005493 -10.019556 -1.461185 -4.916394
21465 1444995711.220700 11.9971 4.982312 -0.005493 -10.019556 -1.461185 -4.916394
21466 1444995711.230889 11.9971 4.982312 0.082398 -10.019556 -1.461185 -4.916394
21467 1444995711.241230 11.9971 4.982312 -0.005493 -10.019556 -1.461185 -4.916394
21468 1444995711.251624 11.9971 4.982312 -0.005493 -10.019556 -1.461185 -4.916394
21469 1444995711.261544 11.9971 4.982312 -0.005493 -10.019556 -1.461185 -4.916394
21470 1444995711.271861 11.9971 4.982312 -0.005493 -10.019556 -1.461185 -4.916394
21471 1444995711.281879 11.9971 4.982312 -0.005493 -10.019556 -1.461185 -4.916394
21472 1444995711.292758 11.9971 4.982312 -0.005493 -10.019556 -1.461185 -4.916394
21473 1444995711.302200 11.9971 4.982312 -0.005493 -10.019556 -1.461185 -4.916394
21474 1444995711.312174 11.9971 4.982312 -0.005493 -10.019556 -1.461185 -4.916394
21475 1444995711.322207 11.9971 4.982312 -0.005493 -10.019556 -1.461185 -4.916394
21476 1444995711.332192 11.9971 4.982312 -0.005493 -9.931665 -1.461185 -4.916394
21477 1444995711.342885 11.9971 4.982312 0.082398 -10.019556 -1.461185 -4.916394
21478 1444995711.352885 11.9971 4.982312 -0.005493 -10.019556 -1.461185 -4.916394
21479 1444995711.362853 11.9971 4.982312 -0.005493 -10.019556 -1.461185 -4.916394
21480 1444995711.372817 11.9971 4.982312 -0.005493 -10.019556 -1.461185 -4.916394
21481 1444995711.382879 12.08499 4.982312 -0.005493 -10.019556 -1.461185 -4.916394
21482 1444995711.392993 12.08499 4.982312 -0.005493 -10.019556 -1.461185 -4.916394
21483 1444995711.403021 11.9971 4.982312 0.082398 -9.931665 -1.461185 -4.916394
21484 1444995711.413176 11.9971 4.982312 -0.005493 -9.931665 -1.461185 -4.916394
21485 1444995711.423469 11.9971 4.982312 -0.005493 -10.019556 -1.461185 -4.916394
21486 1444995711.433460 11.9971 4.982312 -0.005493 -9.931665 -1.461185 -4.916394
21487 1444995711.440205 11.9971 4.982312 -0.005493 -10.019556 -1.461185 -4.916394
21488 1444995711.451123 11.9971 4.982312 -0.005493 -10.019556 -1.461185 -4.916394
21489 1444995711.461255 11.9971 4.982312 -0.005493 -10.019556 -1.461185 -4.916394
21490 1444995711.471297 11.9971 4.982312 -0.005493 -10.019556 -1.461185 -4.916394
21491 1444995711.483274 11.9971 4.982312 -0.005493 -10.019556 -1.461185 -4.916394
21492 1444995711.493363 11.9971 4.982312 -0.005493 -10.019556 -1.461185 -4.916394
21493 1444995711.501362 11.9971 4.982312 -0.005493 -9.931665 -1.461185 -4.916394
21494 1444995711.513449 11.9971 4.982312 -0.005493 -10.019556 -1.461185 -4.916394
21495 1444995711.523562 11.9971 4.982312 -0.005493 -10.019556 -1.461185 -4.916394
21496 1444995711.530537 11.9971 4.982312 -0.005493 -9.931665 -1.461185 -4.916394
21497 1444995711.540572 11.9971 4.982312 -0.005493 -10.019556 -1.461185 -4.916394
21498 1444995711.550997 11.9971 4.982312 -0.005493 -10.019556 -1.461185 -4.916394
21499 1444995711.561063 11.9971 4.982312 -0.005493 -10.019556 -1.461185 -4.916394
21500 1444995711.571195 11.9971 4.982312 -0.005493 -10.019556 -1.461185 -4.916394
21501 1444995711.581381 11.9971 4.982312 -0.005493 -10.019556 -1.461185 -4.916394
21502 1444995711.591252 11.9971 4.982312 -0.005493 -10.019556 -1.461185 -4.916394
21503 1444995711.602554 11.9971 4.982312 -0.005493 -9.931665 -1.461185 -4.916394
21504 1444995711.612153 11.9971 4.982312 -0.005493 -9.931665 -1.461185 -4.916394
21505 1444995711.622803 11.9971 4.982312 0.082398 -10.019556 -1.461185 -4.916394
21506 1444995711.632849 11.9971 4.982312 -0.005493 -10.019556 -1.461185 -4.916394
21507 1444995711.640779 11.9971 4.982312 -0.005493 -10.019556 -1.461185 -4.916394
21508 1444995711.653160 11.9971 4.982312 -0.005493 -10.019556 -1.461185 -4.916394
21509 1444995711.663351 11.9971 4.982312 -0.005493 -9.931665 -1.461185 -4.916394
21510 1444995711.673426 11.9971 4.982312 -0.005493 -10.019556 -1.461185 -4.916394
21511 1444995711.684430 11.9971 4.982312 -0.005493 -9.931665 -1.461185 -4.916394
21512 1444995711.695065 11.9971 4.982312 -0.005493 -10.019556 -1.461185 -4.916394
21513 1444995711.705427 11.9971 4.982312 0.082398 -10.019556 -1.461185 -4.916394
21514 1444995711.715818 11.9971 4.982312 -0.005493 -10.019556 -1.461185 -4.916394
21515 1444995711.725574 11.9971 4.982312 -0.005493 -10.019556 -1.461185 -4.916394
21516 1444995711.735795 11.9971 4.982312 -0.005493 -10.019556 -1.461185 -4.916394
21517 1444995711.745924 11.9971 4.982312 -0.005493 -10.019556 -1.461185 -4.916394
21518 1444995711.756278 11.9971 4.982312 -0.005493 -10.019556 -1.461185 -4.916394
21519 1444995711.765759 11.9971 4.982312 -0.005493 -10.019556 -1.461185 -4.916394
21520 1444995711.775852 11.9971 4.982312 -0.005493 -9.931665 -1.461185 -4.916394
21521 1444995711.786389 11.9971 4.982312 -0.005493 -9.931665 -1.461185 -4.916394
21522 1444995711.796211 11.9971 4.982312 -0.005493 -10.019556 -1.461185 -4.916394
21523 1444995711.806463 11.9971 4.982312 -0.005493 -9.931665 -1.461185 -4.916394
21524 1444995711.816373 11.9971 4.982312 -0.005493 -10.019556 -1.461185 -4.916394
21525 1444995711.826649 11.9971 4.982312 -0.005493 -10.019556 -1.461185 -4.916394
21526 1444995711.836896 11.9971 4.982312 -0.005493 -9.931665 -1.461185 -4.916394
21527 1444995711.846656 11.9971 4.982312 -0.005493 -10.019556 -1.461185 -4.916394
21528 1444995711.857101 11.9971 4.982312 0.082398 -10.019556 -1.461185 -4.916394
21529 1444995711.867358 11.9971 4.982312 -0.005493 -9.931665 -1.461185 -4.916394
21530 1444995711.877726 11.9971 4.982312 -0.005493 -9.931665 -1.461185 -4.916394
21531 1444995711.887461 11.9971 4.982312 -0.005493 -10.019556 -1.461185 -4.916394
21532 1444995711.897521 11.9971 4.982312 -0.005493 -10.019556 -1.461185 -4.916394
21533 1444995711.907937 11.9971 4.982312 -0.005493 -10.019556 -1.461185 -4.916394
21534 1444995711.917958 11.9971 4.982312 -0.005493 -10.019556 -1.461185 -4.916394
21535 1444995711.928187 11.9971 4.982312 -0.005493 -10.019556 -1.461185 -4.916394
21536 1444995711.938244 11.9971 4.982312 -0.005493 -10.019556 -1.461185 -4.916394
21537 1444995711.948273 11.9971 4.982312 -0.005493 -10.019556 -1.461185 -4.916394
21538 1444995711.955658 11.9971 4.982312 -0.005493 -9.931665 -1.461185 -4.916394
21539 1444995711.966067 11.9971 4.982312 -0.005493 -9.931665 -1.461185 -4.916394
21540 1444995711.976116 12.08499 4.982312 -0.005493 -10.019556 -1.461185 -4.916394
21541 1444995711.985519 11.9971 4.982312 -0.005493 -10.019556 -1.461185 -4.916394
21542 1444995711.995510 11.9971 4.982312 0.082398 -10.019556 -1.461185 -4.828503
21543 1444995712.005714 11.9971 4.982312 -0.005493 -10.019556 -1.461185 -4.916394
21544 1444995712.015189 11.9971 4.982312 -0.005493 -9.931665 -1.461185 -4.916394
21545 1444995712.026317 11.9971 4.982312 -0.005493 -9.931665 -1.461185 -4.916394
21546 1444995712.036097 11.9971 4.982312 0.082398 -10.019556 -1.461185 -4.916394
21547 1444995712.045819 11.9971 4.982312 -0.005493 -10.019556 -1.461185 -4.916394
21548 1444995712.055654 11.9971 4.982312 -0.005493 -9.931665 -1.373294 -4.916394
21549 1444995712.065880 11.9971 4.982312 -0.005493 -10.019556 -1.461185 -4.916394
21550 1444995712.076027 11.9971 4.982312 -0.005493 -9.931665 -1.461185 -4.916394
21551 1444995712.086252 11.9971 4.982312 -0.005493 -9.931665 -1.461185 -4.916394
21552 1444995712.096159 11.9971 4.982312 -0.005493 -9.931665 -1.461185 -4.916394
21553 1444995712.106559 11.9971 4.982312 -0.005493 -9.931665 -1.461185 -4.916394
21554 1444995712.116485 11.9971 4.982312 -0.005493 -10.019556 -1.461185 -4.916394
21555 1444995712.126765 11.9971 4.982312 -0.005493 -9.931665 -1.461185 -4.916394
21556 1444995712.136908 11.9971 4.982312 -0.005493 -10.019556 -1.461185 -4.916394
21557 1444995712.146805 11.9971 4.982312 -0.005493 -10.019556 -1.461185 -4.916394
21558 1444995712.157055 11.9971 4.982312 -0.005493 -10.019556 -1.461185 -4.916394
21559 1444995712.167201 11.9971 4.982312 0.082398 -10.019556 -1.461185 -4.916394
21560 1444995712.177320 11.9971 4.982312 -0.005493 -10.019556 -1.461185 -4.916394
21561 1444995712.189350 11.9971 4.982312 -0.005493 -10.019556 -1.461185 -4.916394
21562 1444995712.197582 11.9971 4.982312 -0.005493 -10.019556 -1.461185 -4.916394
21563 1444995712.207475 11.9971 4.982312 -0.005493 -10.019556 -1.461185 -4.916394
21564 1444995712.217758 11.9971 4.982312 -0.005493 -10.019556 -1.461185 -4.916394
21565 1444995712.227911 11.9971 4.982312 -0.005493 -10.019556 -1.461185 -4.916394
21566 1444995712.238515 11.9971 4.982312 -0.005493 -10.019556 -1.461185 -4.916394
21567 1444995712.250493 11.9971 4.982312 -0.005493 -10.019556 -1.461185 -4.916394
21568 1444995712.259507 11.9971 4.982312 -0.005493 -9.931665 -1.461185 -4.916394
21569 1444995712.269516 11.9971 4.982312 -0.005493 -9.931665 -1.461185 -4.916394
21570 1444995712.278412 11.9971 4.982312 -0.005493 -10.019556 -1.461185 -4.916394
21571 1444995712.290371 11.9971 4.982312 -0.005493 -9.931665 -1.373294 -4.916394
21572 1444995712.300106 11.9971 4.982312 -0.005493 -10.019556 -1.461185 -4.916394
21573 1444995712.310207 11.9971 4.982312 -0.005493 -10.019556 -1.461185 -4.828503
21574 1444995712.320261 11.9971 4.982312 -0.005493 -10.019556 -1.461185 -4.916394
21575 1444995712.330122 11.9971 4.982312 0.082398 -10.019556 -1.461185 -4.916394
21576 1444995712.340500 11.9971 4.982312 -0.005493 -10.019556 -1.461185 -4.916394
21577 1444995712.350212 11.9971 4.982312 -0.005493 -10.019556 -1.461185 -4.916394
21578 1444995712.360123 11.9971 4.982312 -0.005493 -10.019556 -1.461185 -4.916394
21579 1444995712.370349 11.9971 4.982312 -0.005493 -10.019556 -1.461185 -4.916394
21580 1444995712.380399 11.9971 4.982312 -0.005493 -10.019556 -1.461185 -4.916394
21581 1444995712.389153 11.9971 4.982312 -0.005493 -10.019556 -1.461185 -4.828503
21582 1444995712.400738 11.9971 4.982312 -0.005493 -9.931665 -1.461185 -4.916394
21583 1444995712.410692 11.9971 4.982312 -0.005493 -10.019556 -1.461185 -4.916394
21584 1444995712.420834 11.9971 4.982312 -0.005493 -10.019556 -1.461185 -4.916394
21585 1444995712.430765 11.9971 4.982312 -0.005493 -10.019556 -1.461185 -4.916394
21586 1444995712.441071 11.9971 4.982312 -0.005493 -10.019556 -1.461185 -4.916394
21587 1444995712.451010 11.9971 4.982312 -0.005493 -10.019556 -1.461185 -4.916394
21588 1444995712.461049 11.9971 4.982312 -0.005493 -10.019556 -1.461185 -4.916394
21589 1444995712.471222 11.9971 4.982312 0.082398 -9.931665 -1.461185 -4.916394
21590 1444995712.481404 11.9971 4.982312 -0.005493 -10.019556 -1.461185 -4.916394
21591 1444995712.486748 11.9971 4.982312 -0.005493 -10.019556 -1.461185 -4.916394
21592 1444995712.502056 11.9971 4.982312 -0.005493 -10.019556 -1.461185 -4.916394
21593 1444995712.510387 11.9971 4.982312 -0.005493 -10.019556 -1.461185 -4.916394
21594 1444995712.522072 11.9971 4.982312 -0.005493 -9.931665 -1.461185 -4.916394
21595 1444995712.532222 11.9971 4.982312 -0.005493 -10.019556 -1.461185 -4.916394
21596 1444995712.542224 11.9971 4.982312 -0.005493 -10.019556 -1.461185 -4.916394
21597 1444995712.552595 12.08499 4.982312 -0.005493 -10.019556 -1.461185 -4.916394
