7879 1444828663.331087 4.512085 -50.82489 -128.992676 -0.401001 1.118774 -0.823364
7880 1444828663.341149 4.471436 -51.007385 -128.830353 -0.405579 1.105042 -0.806885
7881 1444828663.351244 4.512085 -50.916138 -128.938568 -0.411072 1.102295 -0.793457
7882 1444828663.361306 4.268188 -50.916138 -128.613922 -0.421143 1.101379 -0.800171
7883 1444828663.371418 4.593384 -50.779266 -128.559814 -0.446777 1.104126 -0.79834
7884 1444828663.381480 4.430786 -50.733643 -128.343384 -0.477905 1.10321 -0.799561
7885 1444828663.391545 4.390137 -50.642395 -128.289276 -0.480652 1.116028 -0.802612
7886 1444828663.401603 4.552734 -50.505524 -128.343384 -0.487976 1.104126 -0.803223
7887 1444828663.411666 4.268188 -50.779266 -128.397491 -0.493469 1.115112 -0.803223
7888 1444828663.421726 4.430786 -51.007385 -128.235168 -0.464172 1.107788 -0.803223
7889 1444828663.431791 4.512085 -50.82489 -128.451599 -0.434875 1.105042 -0.791016
7890 1444828663.441854 4.512085 -51.007385 -128.613922 -0.419312 1.107788 -0.791016
7891 1444828663.451915 4.634033 -51.007385 -128.559814 -0.406494 1.115112 -0.792236
7892 1444828663.461979 4.552734 -50.916138 -128.505707 -0.394592 1.116028 -0.79895
7893 1444828663.472041 4.552734 -50.916138 -128.397491 -0.395508 1.115112 -0.797729
7894 1444828663.482100 4.593384 -50.82489 -128.289276 -0.41748 1.115112 -0.813599
7895 1444828663.492161 4.593384 -50.779266 -128.505707 -0.429382 1.122437 -0.821533
7896 1444828663.502223 4.471436 -50.642395 -128.613922 -0.443115 1.129761 -0.819092
7897 1444828663.512291 4.634033 -50.688019 -128.451599 -0.46051 1.124268 -0.819702
7898 1444828663.522467 4.634033 -50.733643 -128.559814 -0.463257 1.109619 -0.808105
7899 1444828663.532529 4.593384 -50.733643 -128.289276 -0.467834 1.112366 -0.800781
7900 1444828663.542572 4.308838 -51.053009 -128.505707 -0.455933 1.106873 -0.775146
7901 1444828663.552634 4.471436 -50.961761 -128.613922 -0.445862 1.100464 -0.768433
7902 1444828663.562698 4.512085 -51.007385 -128.559814 -0.438538 1.0849 -0.74585
7903 1444828663.572757 4.512085 -51.098633 -128.559814 -0.419312 1.072083 -0.712891
7904 1444828663.582880 4.552734 -51.281128 -128.776245 -0.420227 1.073914 -0.706787
7905 1444828663.592949 4.552734 -51.235504 -128.776245 -0.422974 1.073914 -0.69519
7906 1444828663.603009 4.430786 -51.235504 -128.830353 -0.423889 1.078491 -0.699463
7907 1444828663.613074 4.512085 -51.326752 -128.613922 -0.429382 1.072083 -0.692139
7908 1444828663.623137 4.552734 -51.098633 -128.505707 -0.462341 1.06842 -0.695801
7909 1444828663.633201 4.552734 -51.098633 -128.613922 -0.466919 1.067505 -0.692749
7910 1444828663.643263 4.471436 -51.18988 -128.559814 -0.463257 1.062012 -0.687866
7911 1444828663.653325 4.471436 -51.235504 -128.66803 -0.448608 1.059265 -0.678711
7912 1444828663.663387 4.308838 -51.554871 -128.88446 -0.451355 1.053772 -0.665283
7913 1444828663.673455 4.512085 -51.463623 -128.722137 -0.427551 1.031799 -0.640259
7914 1444828663.683516 4.390137 -51.828613 -128.938568 -0.396423 1.040039 -0.620117
7915 1444828663.693575 4.430786 -51.919861 -129.046783 -0.368958 1.027222 -0.59082
7916 1444828663.703641 4.471436 -52.056732 -128.938568 -0.361633 1.000671 -0.559082
7917 1444828663.713726 4.471436 -52.102356 -128.559814 -0.380859 0.98877 -0.545044
7918 1444828663.723785 4.227539 -51.965485 -128.613922 -0.392761 0.991516 -0.540771
7919 1444828663.733847 4.14624 -52.056732 -128.505707 -0.40741 0.989685 -0.524292
7920 1444828663.743915 4.064941 -52.102356 -128.397491 -0.4422 0.983276 -0.516968
7921 1444828663.754006 4.064941 -51.919861 -128.289276 -0.461426 0.960388 -0.499268
7922 1444828663.764069 4.227539 -51.78299 -127.856415 -0.482483 0.944824 -0.48584
7923 1444828663.774131 4.064941 -51.919861 -127.910522 -0.498047 0.9375 -0.473633
7924 1444828663.784191 4.105591 -51.919861 -127.748199 -0.489807 0.948486 -0.46875
7925 1444828663.794253 4.227539 -51.737366 -128.126953 -0.473328 0.952148 -0.476685
7926 1444828663.804319 4.268188 -52.011108 -128.018738 -0.472412 0.966797 -0.473633
7927 1444828663.814372 4.390137 -51.919861 -127.910522 -0.456848 0.969543 -0.479126
7928 1444828663.824435 4.18689 -52.14798 -127.910522 -0.443115 0.98877 -0.488281
7929 1444828663.834497 4.349487 -52.011108 -128.126953 -0.419312 0.987854 -0.501709
7930 1444828663.844564 4.105591 -52.011108 -128.235168 -0.411987 0.983276 -0.522461
7931 1444828663.854581 4.471436 -51.965485 -128.289276 -0.419312 0.982361 -0.535889
7932 1444828663.864645 4.227539 -51.78299 -128.343384 -0.403748 0.982361 -0.55603
7933 1444828663.874706 4.308838 -51.78299 -128.235168 -0.414734 0.989685 -0.579224
7934 1444828663.884768 4.227539 -51.646118 -128.126953 -0.427551 0.995178 -0.587769
7935 1444828663.894828 4.308838 -51.554871 -128.126953 -0.434875 1.003418 -0.599976
7936 1444828663.904912 4.268188 -51.737366 -128.451599 -0.435791 1.020813 -0.610962
7937 1444828663.914951 4.227539 -51.78299 -128.397491 -0.432129 1.018982 -0.5896
7938 1444828663.925013 4.390137 -51.691742 -128.451599 -0.420227 1.024475 -0.576172
7939 1444828663.935075 4.349487 -51.737366 -128.451599 -0.416565 1.014404 -0.562744
7940 1444828663.945136 4.268188 -52.102356 -128.722137 -0.414734 1.004333 -0.542603
7941 1444828663.955197 4.308838 -52.011108 -128.66803 -0.401917 0.981445 -0.518799
7942 1444828663.965272 4.14624 -52.284851 -128.559814 -0.412903 0.964966 -0.505981
7943 1444828663.975335 4.227539 -52.056732 -128.451599 -0.429382 0.942993 -0.482788
7944 1444828663.985397 4.024292 -52.056732 -128.776245 -0.434875 0.947571 -0.488281
7945 1444828663.995454 4.064941 -51.919861 -128.66803 -0.4422 0.932922 -0.482178
7946 1444828664.005499 4.18689 -51.874237 -128.505707 -0.459595 0.942993 -0.48584
7947 1444828664.015561 4.227539 -51.874237 -128.559814 -0.464172 0.957642 -0.500488
7948 1444828664.025627 4.308838 -51.828613 -128.613922 -0.463257 0.975037 -0.507812
7949 1444828664.035688 4.268188 -51.691742 -128.451599 -0.452271 0.989685 -0.518188
7950 1444828664.045771 4.268188 -51.919861 -128.776245 -0.436707 0.990601 -0.533447
7951 1444828664.055810 4.227539 -51.919861 -128.397491 -0.422974 1.001587 -0.548706
7952 1444828664.065874 4.390137 -51.965485 -128.722137 -0.403748 0.996094 -0.55481
7953 1444828664.075944 4.308838 -51.919861 -128.343384 -0.393677 0.997925 -0.553589
7954 1444828664.085974 4.308838 -51.919861 -128.66803 -0.381775 1.003418 -0.57312
7955 1444828664.096036 4.268188 -51.874237 -128.722137 -0.388184 0.997009 -0.582275
7956 1444828664.106089 4.390137 -51.737366 -128.559814 -0.393677 0.993347 -0.579834
7957 1444828664.116152 4.308838 -51.78299 -128.289276 -0.411072 1.008911 -0.595703
7958 1444828664.126217 4.18689 -51.691742 -128.289276 -0.422974 1.008911 -0.598755
7959 1444828664.136284 4.308838 -51.691742 -128.126953 -0.4422 1.011658 -0.5896
7960 1444828664.146349 4.227539 -51.737366 -128.235168 -0.452271 1.008911 -0.581055
7961 1444828664.156409 4.18689 -51.691742 -128.181061 -0.451355 0.999756 -0.565186
7962 1444828664.166474 4.227539 -51.78299 -128.126953 -0.4422 0.985107 -0.527344
7963 1444828664.176536 4.268188 -52.102356 -128.181061 -0.447693 0.969543 -0.513916
7964 1444828664.186597 4.105591 -51.919861 -128.181061 -0.435791 0.962219 -0.496216
7965 1444828664.196614 4.18689 -52.011108 -128.072845 -0.43396 0.957642 -0.48645
7966 1444828664.206655 4.227539 -52.239227 -128.397491 -0.440369 0.953064 -0.488892
7967 1444828664.216723 4.14624 -52.011108 -128.126953 -0.440369 0.955811 -0.492554
7968 1444828664.226784 4.064941 -51.874237 -127.748199 -0.452271 0.964966 -0.507202
7969 1444828664.236846 4.268188 -51.828613 -128.181061 -0.455017 0.953979 -0.513306
7970 1444828664.246908 4.268188 -51.78299 -128.235168 -0.452271 0.961304 -0.526733
7971 1444828664.256970 4.268188 -51.874237 -128.451599 -0.456848 0.975037 -0.542603
7972 1444828664.267047 4.308838 -51.646118 -128.126953 -0.452271 0.984192 -0.548096
7973 1444828664.277108 4.227539 -51.737366 -128.235168 -0.434875 0.987854 -0.567627
7974 1444828664.287170 4.268188 -51.78299 -128.126953 -0.437622 1.001587 -0.564575
7975 1444828664.297233 4.268188 -51.691742 -128.776245 -0.402832 0.997009 -0.579834
7976 1444828664.307294 4.349487 -51.874237 -128.505707 -0.394592 1.008911 -0.579224
7977 1444828664.317356 4.268188 -51.828613 -128.559814 -0.391846 1.019897 -0.584717
7978 1444828664.327423 4.14624 -52.056732 -128.66803 -0.384521 1.010742 -0.587769
7979 1444828664.337460 4.390137 -51.78299 -128.992676 -0.393677 0.997925 -0.580444
7980 1444828664.347522 4.308838 -51.828613 -128.66803 -0.404663 0.992432 -0.57373
7981 1444828664.357583 4.308838 -51.737366 -128.88446 -0.409241 0.983276 -0.563965
7982 1444828664.367645 4.308838 -51.646118 -128.830353 -0.426636 0.971375 -0.551758
7983 1444828664.377706 4.349487 -51.828613 -128.722137 -0.444031 0.965881 -0.55542
7984 1444828664.387772 4.18689 -51.919861 -128.613922 -0.448608 0.963135 -0.53772
7985 1444828664.397833 4.268188 -51.737366 -128.451599 -0.443115 0.957642 -0.522461
7986 1444828664.407903 4.064941 -51.874237 -128.505707 -0.444946 0.963135 -0.516357
7987 1444828664.417968 4.14624 -51.965485 -128.559814 -0.441284 0.963135 -0.511475
7988 1444828664.428029 4.308838 -51.919861 -128.66803 -0.424805 0.962219 -0.50293
7989 1444828664.438090 4.268188 -51.874237 -128.505707 -0.426636 0.963135 -0.509033
7990 1444828664.448116 4.227539 -51.919861 -128.343384 -0.42572 0.962219 -0.516968
7991 1444828664.458176 4.390137 -51.874237 -128.289276 -0.422058 0.958557 -0.516968
7992 1444828664.468247 4.349487 -51.828613 -128.451599 -0.424805 0.960388 -0.539551
7993 1444828664.478311 4.227539 -51.646118 -128.397491 -0.432129 0.969543 -0.559082
7994 1444828664.488371 4.105591 -51.737366 -128.235168 -0.433044 0.979614 -0.574341
7995 1444828664.498433 4.105591 -51.646118 -128.181061 -0.438538 0.986938 -0.59082
7996 1444828664.508495 4.349487 -51.600494 -128.018738 -0.438538 0.990601 -0.597534
7997 1444828664.518557 4.227539 -51.737366 -128.235168 -0.436707 1.000671 -0.598145
7998 1444828664.528620 4.349487 -51.691742 -128.235168 -0.427551 0.994263 -0.601196
7999 1444828664.538681 4.227539 -51.78299 -128.289276 -0.416565 0.995178 -0.595093
8000 1444828664.548749 4.18689 -51.78299 -128.289276 -0.410156 0.989685 -0.581055
8001 1444828664.558812 4.18689 -51.919861 -128.235168 -0.412903 0.985107 -0.576782
8002 1444828664.568874 4.18689 -51.78299 -128.343384 -0.419312 0.975952 -0.565796
8003 1444828664.578949 4.105591 -51.828613 -128.126953 -0.422974 0.962219 -0.551147
8004 1444828664.589018 4.18689 -51.78299 -128.397491 -0.423889 0.960388 -0.548706
8005 1444828664.599069 4.064941 -51.737366 -128.235168 -0.445862 0.958557 -0.540771
8006 1444828664.609154 4.105591 -51.78299 -128.072845 -0.453186 0.952148 -0.53894
8007 1444828664.619368 4.064941 -51.78299 -128.126953 -0.456848 0.949402 -0.543823
8008 1444828664.629434 4.14624 -51.78299 -128.235168 -0.458679 0.948486 -0.524292
8009 1444828664.639494 4.105591 -51.828613 -128.343384 -0.452271 0.949402 -0.533447
8010 1444828664.649554 4.227539 -51.737366 -128.235168 -0.453186 0.953979 -0.531006
8011 1444828664.659577 4.18689 -51.874237 -128.289276 -0.4422 0.951233 -0.534058
8012 1444828664.669649 4.18689 -51.919861 -128.559814 -0.428467 0.955811 -0.534668
8013 1444828664.679711 4.268188 -51.737366 -128.397491 -0.419312 0.955811 -0.541382
8014 1444828664.689771 4.268188 -51.919861 -128.505707 -0.411072 0.96405 -0.55481
8015 1444828664.699808 4.308838 -51.78299 -128.613922 -0.412903 0.965881 -0.57251
8016 1444828664.709888 4.349487 -51.737366 -128.613922 -0.411987 0.974121 -0.581665
8017 1444828664.719950 4.18689 -51.78299 -128.722137 -0.409241 0.979614 -0.599976
8018 1444828664.730010 4.18689 -51.691742 -128.613922 -0.418396 0.977783 -0.594482
8019 1444828664.740072 4.349487 -51.509247 -128.66803 -0.421143 0.978699 -0.596313
8020 1444828664.750132 4.268188 -51.828613 -128.451599 -0.427551 0.978699 -0.609741
8021 1444828664.760193 4.268188 -51.737366 -128.722137 -0.418396 0.975952 -0.594482
8022 1444828664.770226 4.308838 -51.691742 -128.343384 -0.427551 0.973206 -0.581055
8023 1444828664.780287 4.14624 -51.965485 -128.559814 -0.428467 0.97229 -0.584717
8024 1444828664.790350 4.308838 -51.874237 -128.289276 -0.422058 0.959473 -0.557251
8025 1444828664.800420 4.227539 -51.874237 -128.505707 -0.421143 0.962219 -0.549316
8026 1444828664.810485 4.227539 -51.874237 -128.66803 -0.422974 0.950317 -0.541382
8027 1444828664.820554 4.268188 -51.919861 -128.451599 -0.432129 0.944824 -0.532837
8028 1444828664.830615 4.227539 -51.737366 -128.343384 -0.433044 0.946655 -0.53833
8029 1444828664.840677 4.18689 -51.78299 -128.451599 -0.443115 0.942078 -0.540161
8030 1444828664.850737 4.227539 -51.828613 -128.235168 -0.46051 0.946655 -0.53833
8031 1444828664.860798 4.064941 -51.509247 -128.235168 -0.451355 0.943909 -0.548096
8032 1444828664.870865 4.064941 -51.919861 -128.235168 -0.453186 0.942078 -0.543823
8033 1444828664.880927 4.18689 -51.600494 -128.126953 -0.445862 0.951233 -0.550537
8034 1444828664.890990 4.105591 -51.646118 -128.397491 -0.437622 0.954895 -0.562744
8035 1444828664.901051 4.14624 -51.78299 -128.289276 -0.43396 0.959473 -0.562744
8036 1444828664.911113 4.227539 -51.78299 -128.559814 -0.423889 0.957642 -0.570068
8037 1444828664.921189 4.18689 -51.646118 -128.289276 -0.416565 0.969543 -0.574951
8038 1444828664.931251 4.349487 -51.691742 -128.397491 -0.411072 0.964966 -0.581665
8039 1444828664.941313 4.349487 -51.78299 -128.181061 -0.419312 0.97229 -0.581665
8040 1444828664.951375 4.227539 -51.646118 -128.559814 -0.412903 0.970459 -0.594482
8041 1444828664.961434 4.349487 -51.600494 -128.126953 -0.426636 0.964966 -0.587769
8042 1444828664.971504 4.227539 -51.691742 -128.613922 -0.424805 0.964966 -0.596924
8043 1444828664.981572 4.18689 -51.691742 -128.451599 -0.434875 0.958557 -0.584717
8044 1444828664.991606 4.064941 -51.737366 -128.289276 -0.440369 0.965881 -0.581055
8045 1444828665.001669 4.227539 -51.691742 -128.289276 -0.440369 0.953979 -0.570679
8046 1444828665.011730 3.983643 -51.646118 -128.559814 -0.435791 0.951233 -0.571899
8047 1444828665.021822 4.18689 -51.737366 -128.289276 -0.433044 0.94574 -0.551758
8048 1444828665.031885 4.18689 -51.737366 -128.505707 -0.43396 0.943909 -0.549316
8049 1444828665.041947 4.064941 -51.828613 -128.613922 -0.432129 0.942078 -0.546875
8050 1444828665.052012 4.064941 -51.919861 -128.559814 -0.43396 0.943909 -0.536499
8051 1444828665.062074 4.105591 -51.737366 -128.343384 -0.435791 0.941162 -0.544434
8052 1444828665.072137 4.308838 -51.737366 -128.289276 -0.440369 0.935669 -0.545654
8053 1444828665.082197 4.18689 -51.646118 -128.613922 -0.431213 0.943909 -0.546265
8054 1444828665.092277 4.18689 -51.78299 -128.451599 -0.445862 0.950317 -0.561523
8055 1444828665.102357 4.14624 -51.828613 -128.451599 -0.443115 0.954895 -0.567017
8056 1444828665.112417 4.308838 -51.646118 -128.505707 -0.430298 0.950317 -0.563965
8057 1444828665.122496 4.268188 -51.509247 -128.722137 -0.42572 0.959473 -0.588989
8058 1444828665.132557 4.268188 -51.691742 -128.559814 -0.42572 0.956726 -0.580444
8059 1444828665.142619 4.268188 -51.646118 -128.559814 -0.426636 0.960388 -0.593872
8060 1444828665.152681 4.14624 -51.874237 -128.559814 -0.421143 0.968628 -0.596313
8061 1444828665.162741 4.268188 -51.600494 -128.451599 -0.408325 0.961304 -0.595703
8062 1444828665.172802 4.268188 -51.646118 -128.289276 -0.421143 0.959473 -0.583496
8063 1444828665.182861 4.14624 -51.737366 -128.451599 -0.418396 0.965881 -0.592041
8064 1444828665.192909 4.268188 -51.691742 -128.289276 -0.427551 0.960388 -0.574341
8065 1444828665.202970 4.105591 -51.691742 -128.505707 -0.429382 0.955811 -0.582886
8066 1444828665.213032 4.14624 -51.737366 -128.289276 -0.444946 0.952148 -0.575562
8067 1444828665.223094 4.18689 -51.646118 -128.289276 -0.4422 0.944824 -0.564575
8068 1444828665.233155 4.024292 -51.691742 -128.451599 -0.441284 0.943909 -0.557251
8069 1444828665.243217 4.18689 -51.78299 -128.235168 -0.445862 0.939331 -0.554199
8070 1444828665.253280 4.14624 -51.691742 -128.397491 -0.444946 0.939331 -0.549927
8071 1444828665.263349 4.14624 -51.78299 -128.343384 -0.443115 0.936584 -0.547485
8072 1444828665.273470 4.18689 -51.646118 -128.451599 -0.435791 0.934753 -0.545044
8073 1444828665.283530 4.18689 -51.691742 -128.451599 -0.434875 0.939331 -0.547485
8074 1444828665.293594 4.18689 -51.737366 -128.505707 -0.43396 0.944824 -0.55481
8075 1444828665.303656 4.14624 -51.78299 -128.235168 -0.437622 0.94574 -0.556641
8076 1444828665.313717 4.268188 -51.509247 -128.235168 -0.431213 0.951233 -0.57251
8077 1444828665.323850 4.227539 -51.828613 -128.235168 -0.436707 0.954895 -0.574341
8078 1444828665.333909 4.14624 -51.646118 -128.559814 -0.431213 0.960388 -0.587158
8079 1444828665.343992 4.268188 -51.737366 -128.289276 -0.436707 0.958557 -0.588379
8080 1444828665.354054 4.18689 -51.600494 -128.505707 -0.429382 0.960388 -0.595093
8081 1444828665.364129 4.18689 -51.646118 -128.451599 -0.429382 0.963135 -0.597534
8082 1444828665.374394 4.227539 -51.554871 -128.559814 -0.421143 0.961304 -0.588989
8083 1444828665.384463 4.227539 -51.737366 -128.66803 -0.424805 0.961304 -0.592651
8084 1444828665.394524 4.268188 -51.691742 -128.451599 -0.422974 0.961304 -0.587769
8085 1444828665.404590 4.18689 -51.691742 -128.559814 -0.423889 0.957642 -0.592041
8086 1444828665.414651 4.14624 -51.828613 -128.776245 -0.427551 0.954895 -0.576172
8087 1444828665.424715 4.227539 -51.737366 -128.451599 -0.426636 0.953064 -0.579834
8088 1444828665.434743 4.18689 -51.646118 -128.559814 -0.424805 0.950317 -0.564575
8089 1444828665.444804 4.18689 -51.78299 -128.66803 -0.435791 0.942993 -0.55481
8090 1444828665.454864 4.227539 -51.691742 -128.613922 -0.439453 0.941162 -0.557861
8091 1444828665.464924 4.227539 -51.691742 -128.505707 -0.440369 0.942993 -0.563354
8092 1444828665.474996 4.18689 -51.828613 -128.613922 -0.445862 0.943909 -0.553589
8093 1444828665.485058 4.227539 -51.646118 -128.559814 -0.443115 0.9375 -0.557861
8094 1444828665.495119 4.18689 -51.691742 -128.66803 -0.437622 0.939331 -0.563354
8095 1444828665.505183 4.227539 -51.737366 -128.613922 -0.429382 0.940247 -0.559082
8096 1444828665.515292 4.268188 -51.646118 -128.451599 -0.433044 0.943909 -0.564575
8097 1444828665.525280 4.18689 -51.78299 -128.451599 -0.429382 0.948486 -0.568848
8098 1444828665.535344 4.14624 -51.691742 -128.397491 -0.426636 0.953064 -0.571289
8099 1444828665.545403 4.308838 -51.600494 -128.343384 -0.427551 0.953979 -0.579834
8100 1444828665.555464 4.227539 -51.646118 -128.343384 -0.428467 0.956726 -0.581665
8101 1444828665.565525 4.268188 -51.600494 -128.181061 -0.430298 0.958557 -0.584106
8102 1444828665.575587 4.227539 -51.600494 -128.289276 -0.430298 0.961304 -0.591431
8103 1444828665.585648 4.268188 -51.600494 -128.451599 -0.429382 0.957642 -0.588379
8104 1444828665.595708 4.18689 -51.646118 -128.451599 -0.434875 0.962219 -0.59082
8105 1444828665.605789 4.227539 -51.646118 -128.397491 -0.433044 0.956726 -0.581665
8106 1444828665.615904 4.227539 -51.509247 -128.181061 -0.426636 0.951233 -0.584106
8107 1444828665.625946 4.18689 -51.737366 -128.235168 -0.420227 0.928345 -0.578613
8108 1444828665.636009 4.14624 -51.78299 -128.018738 -0.43396 0.934753 -0.563965
8109 1444828665.646074 4.105591 -51.691742 -128.018738 -0.450439 0.938416 -0.557251
8110 1444828665.656137 4.268188 -51.600494 -127.802307 -0.444031 0.940247 -0.557251
8111 1444828665.666205 4.14624 -51.737366 -128.072845 -0.481567 0.940247 -0.549316
8112 1444828665.676267 4.268188 -51.509247 -128.018738 -0.473328 0.947571 -0.543823
8113 1444828665.686355 4.14624 -51.737366 -128.126953 -0.464172 0.949402 -0.545044
8114 1444828665.696396 4.18689 -51.691742 -128.451599 -0.463257 0.946655 -0.558472
8115 1444828665.706457 4.105591 -51.646118 -128.289276 -0.437622 0.940247 -0.554199
8116 1444828665.716502 4.18689 -51.874237 -128.289276 -0.437622 0.950317 -0.563965
8117 1444828665.726582 4.14624 -51.828613 -128.559814 -0.430298 0.946655 -0.576782
8118 1444828665.736642 4.308838 -51.737366 -128.559814 -0.422058 0.943909 -0.577393
8119 1444828665.746705 4.18689 -51.828613 -128.613922 -0.409241 0.956726 -0.596313
8120 1444828665.756767 4.227539 -51.691742 -128.722137 -0.40741 0.957642 -0.606079
8121 1444828665.766830 4.227539 -51.646118 -128.88446 -0.406494 0.969543 -0.617676
8122 1444828665.776893 4.308838 -51.646118 -128.88446 -0.411987 0.967712 -0.610962
8123 1444828665.786956 4.268188 -51.554871 -128.88446 -0.412903 0.974121 -0.613403
8124 1444828665.797022 4.268188 -51.737366 -128.992676 -0.416565 0.976868 -0.614624
8125 1444828665.807039 4.349487 -51.600494 -128.938568 -0.414734 0.965881 -0.601196
8126 1444828665.817102 4.18689 -51.737366 -129.209106 -0.413818 0.970459 -0.600586
8127 1444828665.827171 4.18689 -51.828613 -128.938568 -0.418396 0.966797 -0.580444
8128 1444828665.837239 4.268188 -51.691742 -128.992676 -0.422974 0.962219 -0.568848
8129 1444828665.847285 4.268188 -51.874237 -128.830353 -0.423889 0.953979 -0.558472
8130 1444828665.857345 4.18689 -51.828613 -129.046783 -0.424805 0.948486 -0.544434
8131 1444828665.867411 4.18689 -51.737366 -128.776245 -0.429382 0.9375 -0.53833
8132 1444828665.877473 4.064941 -51.874237 -128.722137 -0.434875 0.926514 -0.53772
8133 1444828665.887533 4.14624 -51.737366 -128.397491 -0.436707 0.927429 -0.535889
8134 1444828665.897593 4.064941 -51.78299 -128.505707 -0.443115 0.925598 -0.540771
8135 1444828665.907654 4.064941 -51.828613 -128.235168 -0.456848 0.939331 -0.548096
8136 1444828665.917717 4.14624 -51.646118 -128.343384 -0.454102 0.952148 -0.556641
8137 1444828665.927780 4.18689 -51.646118 -128.181061 -0.457764 0.958557 -0.568237
8138 1444828665.937820 4.18689 -51.509247 -128.343384 -0.446777 0.96405 -0.577393
8139 1444828665.947883 4.105591 -51.737366 -128.343384 -0.443115 0.978699 -0.587769
8140 1444828665.957944 4.268188 -51.646118 -128.126953 -0.436707 0.976868 -0.587158
8141 1444828665.968015 4.14624 -51.600494 -128.235168 -0.420227 0.975952 -0.598145
8142 1444828665.978094 4.227539 -51.554871 -128.126953 -0.422058 0.976868 -0.601807
8143 1444828665.988156 4.14624 -51.646118 -128.072845 -0.422974 0.968628 -0.604858
8144 1444828665.998207 4.14624 -51.554871 -128.289276 -0.418396 0.962219 -0.604858
8145 1444828666.008260 4.227539 -51.600494 -128.072845 -0.433044 0.956726 -0.601807
8146 1444828666.018322 4.14624 -51.600494 -128.126953 -0.444031 0.960388 -0.6073
8147 1444828666.028386 4.18689 -51.646118 -128.072845 -0.444946 0.96405 -0.587769
8148 1444828666.038449 4.308838 -51.554871 -128.072845 -0.443115 0.967712 -0.587158
8149 1444828666.048508 4.105591 -51.737366 -128.289276 -0.453186 0.968628 -0.577393
8150 1444828666.058569 4.024292 -51.646118 -128.072845 -0.455933 0.963135 -0.563965
8151 1444828666.068634 4.268188 -51.737366 -128.343384 -0.445862 0.955811 -0.551147
8152 1444828666.078680 4.064941 -51.737366 -128.559814 -0.438538 0.952148 -0.552979
8153 1444828666.088761 4.105591 -51.828613 -128.559814 -0.439453 0.942078 -0.544434
8154 1444828666.098861 4.227539 -51.737366 -128.505707 -0.435791 0.930176 -0.540161
8155 1444828666.108924 4.105591 -51.874237 -128.505707 -0.436707 0.934753 -0.546265
8156 1444828666.119084 4.105591 -51.737366 -128.505707 -0.429382 0.932922 -0.550537
8157 1444828666.129146 4.227539 -51.78299 -128.613922 -0.430298 0.941162 -0.564575
8158 1444828666.139166 4.18689 -51.78299 -128.88446 -0.436707 0.948486 -0.579224
8159 1444828666.149231 4.268188 -51.828613 -128.830353 -0.43396 0.959473 -0.582886
8160 1444828666.159288 4.227539 -51.646118 -128.88446 -0.418396 0.96405 -0.588379
8161 1444828666.169350 4.18689 -51.919861 -128.938568 -0.421143 0.962219 -0.586548
8162 1444828666.179412 4.268188 -51.78299 -128.992676 -0.418396 0.964966 -0.59021
8163 1444828666.189473 4.268188 -51.737366 -128.776245 -0.411072 0.966797 -0.597534
8164 1444828666.199664 4.268188 -51.737366 -128.938568 -0.413818 0.965881 -0.598145
8165 1444828666.209725 4.064941 -51.646118 -128.66803 -0.418396 0.959473 -0.603027
8166 1444828666.219844 4.308838 -51.600494 -128.776245 -0.41748 0.955811 -0.598755
8167 1444828666.229907 4.227539 -51.509247 -128.722137 -0.422974 0.956726 -0.602417
8168 1444828666.239966 4.18689 -51.509247 -128.613922 -0.422974 0.948486 -0.602417
8169 1444828666.250025 4.14624 -51.646118 -128.559814 -0.424805 0.949402 -0.595703
8170 1444828666.260089 4.024292 -51.737366 -128.451599 -0.426636 0.951233 -0.593872
8171 1444828666.270220 4.064941 -51.737366 -128.505707 -0.433044 0.949402 -0.582275
8172 1444828666.280292 4.227539 -51.691742 -128.505707 -0.430298 0.941162 -0.571899
8173 1444828666.290367 4.227539 -51.600494 -128.289276 -0.434875 0.934753 -0.57251
8174 1444828666.300454 4.308838 -51.691742 -128.181061 -0.446777 0.92926 -0.567627
8175 1444828666.310532 4.064941 -51.737366 -128.289276 -0.4422 0.933838 -0.564575
8176 1444828666.320603 4.14624 -51.691742 -128.181061 -0.441284 0.925598 -0.560303
8177 1444828666.330664 4.064941 -51.737366 -128.181061 -0.453186 0.920105 -0.560913
8178 1444828666.340726 4.18689 -51.691742 -128.072845 -0.455933 0.913696 -0.560303
8179 1444828666.350812 4.268188 -51.646118 -128.181061 -0.454102 0.914612 -0.560303
8180 1444828666.360868 4.105591 -51.600494 -128.181061 -0.446777 0.921021 -0.568848
8181 1444828666.370932 4.064941 -51.554871 -128.289276 -0.444031 0.930176 -0.582886
8182 1444828666.381017 4.024292 -51.691742 -128.235168 -0.452271 0.924683 -0.581665
8183 1444828666.391064 4.227539 -51.691742 -128.018738 -0.438538 0.932922 -0.579224
8184 1444828666.401099 4.105591 -51.691742 -128.018738 -0.432129 0.9375 -0.5896
8185 1444828666.411159 4.105591 -51.691742 -128.289276 -0.428467 0.947571 -0.598755
8186 1444828666.421250 4.14624 -51.600494 -128.343384 -0.421143 0.946655 -0.604858
8187 1444828666.431309 4.227539 -51.646118 -128.722137 -0.42572 0.938416 -0.599976
8188 1444828666.441370 4.227539 -51.554871 -128.505707 -0.424805 0.940247 -0.612183
8189 1444828666.451421 4.18689 -51.600494 -128.559814 -0.419312 0.941162 -0.606079
8190 1444828666.461488 4.268188 -51.554871 -128.66803 -0.421143 0.943909 -0.618286
8191 1444828666.471549 4.227539 -51.646118 -128.776245 -0.42572 0.941162 -0.612793
8192 1444828666.481611 4.14624 -51.691742 -128.830353 -0.39917 0.94574 -0.609741
8193 1444828666.491674 4.105591 -51.646118 -128.776245 -0.409241 0.932007 -0.598755
8194 1444828666.501735 4.18689 -51.737366 -128.776245 -0.429382 0.921936 -0.588379
8195 1444828666.511797 4.064941 -51.828613 -128.830353 -0.433044 0.916443 -0.582886
8196 1444828666.521877 4.268188 -51.737366 -128.613922 -0.435791 0.913696 -0.565186
8197 1444828666.531920 4.024292 -51.919861 -128.830353 -0.430298 0.910034 -0.560913
8198 1444828666.541992 4.064941 -51.691742 -128.505707 -0.439453 0.905457 -0.547485
8199 1444828666.552053 4.064941 -51.691742 -128.559814 -0.445862 0.899048 -0.552368
8200 1444828666.562114 4.064941 -51.828613 -128.66803 -0.440369 0.90271 -0.543213
8201 1444828666.572175 4.18689 -51.600494 -128.559814 -0.428467 0.919189 -0.551758
8202 1444828666.582252 4.105591 -51.691742 -128.505707 -0.43396 0.925598 -0.567627
8203 1444828666.592306 4.18689 -51.600494 -128.289276 -0.444031 0.935669 -0.574341
8204 1444828666.602409 4.18689 -51.646118 -128.289276 -0.444946 0.931091 -0.582275
8205 1444828666.612450 4.227539 -51.509247 -128.235168 -0.432129 0.934753 -0.59082
8206 1444828666.622517 4.024292 -51.463623 -128.559814 -0.426636 0.940247 -0.615234
8207 1444828666.632580 4.064941 -51.600494 -128.397491 -0.422058 0.92926 -0.618896
8208 1444828666.642642 4.105591 -51.509247 -128.289276 -0.421143 0.923767 -0.625
8209 1444828666.652705 4.024292 -51.646118 -128.126953 -0.415649 0.932922 -0.620117
8210 1444828666.662773 4.105591 -51.554871 -128.235168 -0.415649 0.938416 -0.618286
8211 1444828666.672848 4.14624 -51.554871 -128.181061 -0.433044 0.942078 -0.615234
8212 1444828666.682914 4.14624 -51.600494 -128.289276 -0.433044 0.943909 -0.620728
8213 1444828666.692977 4.105591 -51.600494 -128.126953 -0.430298 0.946655 -0.602417
8214 1444828666.703039 4.14624 -51.554871 -128.235168 -0.437622 0.949402 -0.601196
8215 1444828666.713103 4.064941 -51.600494 -128.126953 -0.434875 0.934753 -0.591431
8216 1444828666.723168 4.14624 -51.646118 -128.126953 -0.440369 0.923767 -0.581665
8217 1444828666.733189 4.064941 -51.691742 -128.072845 -0.448608 0.912781 -0.576172
8218 1444828666.743307 4.024292 -51.600494 -128.343384 -0.444031 0.901794 -0.565186
8219 1444828666.753369 3.942993 -51.691742 -128.343384 -0.445862 0.889893 -0.562134
8220 1444828666.763460 3.983643 -51.691742 -128.235168 -0.445862 0.882568 -0.556641
8221 1444828666.773555 3.942993 -51.737366 -128.397491 -0.446777 0.883484 -0.559692
8222 1444828666.783617 4.024292 -51.737366 -128.451599 -0.432129 0.897217 -0.567627
8223 1444828666.793677 4.14624 -51.78299 -128.559814 -0.424805 0.905457 -0.575562
8224 1444828666.803737 4.024292 -51.646118 -128.559814 -0.423889 0.913696 -0.588379
8225 1444828666.813800 4.227539 -51.691742 -128.830353 -0.422974 0.920105 -0.600586
8226 1444828666.823953 4.105591 -51.691742 -128.88446 -0.422058 0.924683 -0.609741
8227 1444828666.834021 4.18689 -51.509247 -128.830353 -0.409241 0.918274 -0.612793
8228 1444828666.844086 4.105591 -51.691742 -128.776245 -0.411987 0.917358 -0.618896
8229 1444828666.854148 4.064941 -51.646118 -128.830353 -0.40741 0.912781 -0.626221
8230 1444828666.864195 4.105591 -51.463623 -128.66803 -0.403748 0.908203 -0.619507
8231 1444828666.874259 3.942993 -51.600494 -128.613922 -0.402832 0.908203 -0.62439
8232 1444828666.884320 4.024292 -51.600494 -128.505707 -0.404663 0.909119 -0.619507
8233 1444828666.894377 3.983643 -51.737366 -128.938568 -0.40741 0.91095 -0.621338
8234 1444828666.904439 4.064941 -51.600494 -128.613922 -0.41748 0.911865 -0.609741
8235 1444828666.914567 4.064941 -51.691742 -128.722137 -0.416565 0.907288 -0.604248
8236 1444828666.924628 4.024292 -51.78299 -128.559814 -0.423889 0.905457 -0.585938
8237 1444828666.934688 4.064941 -51.646118 -128.613922 -0.430298 0.901794 -0.585327
8238 1444828666.944750 3.821045 -51.78299 -128.559814 -0.429382 0.900879 -0.579224
8239 1444828666.954812 3.983643 -51.691742 -128.451599 -0.434875 0.891724 -0.568848
8240 1444828666.964875 4.024292 -51.691742 -128.235168 -0.439453 0.881653 -0.568848
8241 1444828666.974928 3.821045 -51.691742 -128.072845 -0.430298 0.871582 -0.57251
8242 1444828666.985015 3.821045 -51.78299 -128.126953 -0.422974 0.852356 -0.576782
8243 1444828666.995054 3.821045 -51.691742 -127.748199 -0.42572 0.853271 -0.578003
8244 1444828667.005115 3.739746 -51.646118 -127.748199 -0.411987 0.847778 -0.591431
8245 1444828667.015375 4.064941 -51.646118 -127.26123 -0.416565 0.856934 -0.603638
8246 1444828667.025439 4.024292 -51.509247 -127.26123 -0.456848 0.906372 -0.619507
8247 1444828667.035499 4.227539 -51.326752 -127.423553 -0.481567 0.954895 -0.632324
8248 1444828667.045561 4.227539 -51.18988 -127.856415 -0.484314 0.967712 -0.637817
8249 1444828667.055586 4.14624 -51.18988 -127.802307 -0.491638 0.982361 -0.64209
8250 1444828667.065651 4.18689 -51.326752 -128.289276 -0.481567 0.965881 -0.631104
8251 1444828667.075764 4.064941 -51.463623 -128.235168 -0.464172 0.932922 -0.615234
8252 1444828667.085834 4.105591 -51.646118 -128.343384 -0.430298 0.899963 -0.594482
8253 1444828667.095889 4.024292 -51.828613 -128.397491 -0.403748 0.85968 -0.581055
8254 1444828667.105950 3.902344 -51.965485 -128.88446 -0.392761 0.836792 -0.579224
8255 1444828667.116023 3.902344 -52.011108 -128.776245 -0.38269 0.821228 -0.563354
8256 1444828667.126084 3.861694 -51.965485 -129.317322 -0.374451 0.821228 -0.569458
8257 1444828667.136148 4.024292 -52.011108 -129.317322 -0.388184 0.834961 -0.565186
8258 1444828667.146208 4.024292 -51.691742 -129.209106 -0.403748 0.870667 -0.586548
8259 1444828667.156269 4.14624 -51.691742 -129.046783 -0.433044 0.910034 -0.592041
8260 1444828667.166330 4.268188 -51.417999 -129.154999 -0.439453 0.951233 -0.6073
8261 1444828667.176392 4.064941 -51.600494 -129.154999 -0.452271 0.97229 -0.614624
8262 1444828667.186453 4.14624 -51.463623 -129.209106 -0.447693 0.969543 -0.618896
8263 1444828667.196514 4.024292 -51.600494 -129.317322 -0.426636 0.951233 -0.619507
8264 1444828667.206576 4.18689 -51.600494 -129.58786 -0.400085 0.912781 -0.609741
8265 1444828667.216595 4.14624 -51.828613 -129.263214 -0.379028 0.889893 -0.609741
8266 1444828667.226658 3.983643 -51.965485 -129.046783 -0.367126 0.870667 -0.596313
8267 1444828667.236714 3.942993 -51.874237 -128.992676 -0.358887 0.863342 -0.595703
8268 1444828667.246800 3.983643 -51.919861 -128.722137 -0.37262 0.852356 -0.592041
8269 1444828667.256832 3.780396 -51.691742 -128.559814 -0.392761 0.870667 -0.606689
8270 1444828667.266911 4.024292 -51.600494 -128.451599 -0.428467 0.899048 -0.621338
8271 1444828667.276975 3.902344 -51.417999 -128.343384 -0.455933 0.928345 -0.618286
8272 1444828667.287036 4.227539 -51.281128 -128.072845 -0.469666 0.947571 -0.610352
8273 1444828667.297105 4.024292 -51.326752 -128.072845 -0.480652 0.957642 -0.615234
8274 1444828667.307168 4.024292 -51.372375 -127.802307 -0.473328 0.955811 -0.604858
8275 1444828667.317292 3.983643 -51.600494 -127.639984 -0.464172 0.938416 -0.588379
8276 1444828667.327329 3.983643 -51.509247 -127.910522 -0.447693 0.910034 -0.582886
8277 1444828667.337395 3.942993 -51.737366 -127.856415 -0.432129 0.877075 -0.570068
8278 1444828667.347455 3.821045 -51.737366 -127.639984 -0.422974 0.862427 -0.57251
8279 1444828667.357516 3.658447 -51.828613 -127.748199 -0.414734 0.852356 -0.568237
8280 1444828667.367612 3.861694 -51.600494 -127.639984 -0.412903 0.847778 -0.570068
8281 1444828667.377737 3.780396 -51.554871 -127.694092 -0.435791 0.872498 -0.592651
8282 1444828667.387982 3.942993 -51.463623 -127.802307 -0.446777 0.890808 -0.595093
8283 1444828667.398151 3.983643 -51.417999 -127.748199 -0.463257 0.916443 -0.609741
8284 1444828667.408214 4.064941 -51.417999 -127.96463 -0.46875 0.942078 -0.619507
8285 1444828667.418340 4.064941 -51.326752 -128.018738 -0.466003 0.951233 -0.621338
8286 1444828667.428441 4.14624 -51.326752 -128.451599 -0.459595 0.962219 -0.627441
8287 1444828667.438517 4.024292 -51.509247 -128.397491 -0.432129 0.955811 -0.617676
8288 1444828667.448578 4.064941 -51.554871 -128.559814 -0.419312 0.94574 -0.615234
8289 1444828667.458645 4.024292 -51.78299 -128.559814 -0.395508 0.913696 -0.604858
8290 1444828667.468707 3.902344 -51.874237 -129.263214 -0.377197 0.887146 -0.601807
8291 1444828667.478771 3.983643 -51.874237 -128.938568 -0.378113 0.877075 -0.596313
8292 1444828667.488841 3.902344 -51.78299 -129.263214 -0.383606 0.865173 -0.592651
8293 1444828667.498891 4.024292 -51.78299 -129.100891 -0.384521 0.86792 -0.588379
8294 1444828667.508954 3.902344 -51.646118 -128.992676 -0.412903 0.888062 -0.602417
8295 1444828667.519043 4.024292 -51.646118 -128.830353 -0.431213 0.912781 -0.604858
8296 1444828667.529086 4.024292 -51.646118 -129.263214 -0.438538 0.923767 -0.60791
8297 1444828667.539255 4.14624 -51.417999 -129.046783 -0.441284 0.942078 -0.601196
8298 1444828667.549319 4.064941 -51.554871 -129.263214 -0.4422 0.940247 -0.598755
8299 1444828667.559381 4.268188 -51.691742 -129.209106 -0.432129 0.92926 -0.596924
8300 1444828667.569456 4.064941 -51.828613 -129.046783 -0.413818 0.920105 -0.592651
8301 1444828667.579518 4.024292 -51.691742 -128.88446 -0.398254 0.897217 -0.59082
8302 1444828667.589581 3.983643 -51.965485 -128.830353 -0.39917 0.884399 -0.583496
8303 1444828667.599646 3.942993 -51.78299 -128.613922 -0.392761 0.875244 -0.59021
8304 1444828667.609707 3.942993 -51.874237 -128.88446 -0.395508 0.875244 -0.599976
8305 1444828667.619768 3.821045 -51.737366 -128.451599 -0.402832 0.871582 -0.60791
8306 1444828667.629831 3.942993 -51.737366 -128.289276 -0.430298 0.891724 -0.614624
8307 1444828667.639848 3.942993 -51.417999 -128.181061 -0.444946 0.901794 -0.623169
8308 1444828667.649913 4.105591 -51.372375 -128.018738 -0.453186 0.920105 -0.634766
8309 1444828667.659932 4.024292 -51.509247 -128.018738 -0.463257 0.942078 -0.628662
8310 1444828667.669966 4.024292 -51.417999 -127.910522 -0.457764 0.940247 -0.623169
8311 1444828667.680142 4.105591 -51.417999 -127.910522 -0.452271 0.933838 -0.618896
8312 1444828667.690205 3.983643 -51.463623 -127.96463 -0.438538 0.924683 -0.614014
8313 1444828667.700247 3.902344 -51.600494 -128.126953 -0.424805 0.907288 -0.599365
8314 1444828667.710381 4.105591 -51.600494 -128.018738 -0.419312 0.885315 -0.591431
8315 1444828667.720480 3.942993 -51.646118 -127.96463 -0.421143 0.871582 -0.588989
8316 1444828667.730547 4.024292 -51.691742 -127.802307 -0.426636 0.863342 -0.586548
8317 1444828667.740614 4.024292 -51.600494 -127.856415 -0.433044 0.864258 -0.585938
8318 1444828667.750678 3.942993 -51.509247 -128.018738 -0.4422 0.873413 -0.593872
8319 1444828667.760743 3.942993 -51.417999 -128.018738 -0.453186 0.885315 -0.601807
8320 1444828667.770830 3.983643 -51.509247 -128.235168 -0.461426 0.89447 -0.603027
8321 1444828667.780948 4.064941 -51.463623 -128.126953 -0.466003 0.913696 -0.606689
8322 1444828667.791035 4.064941 -51.509247 -128.235168 -0.455933 0.921936 -0.6073
8323 1444828667.801255 4.14624 -51.600494 -128.505707 -0.441284 0.921021 -0.604858
8324 1444828667.811304 4.14624 -51.509247 -128.505707 -0.429382 0.916443 -0.600586
8325 1444828667.821396 4.14624 -51.78299 -128.722137 -0.40741 0.900879 -0.601196
8326 1444828667.831454 4.064941 -51.691742 -128.776245 -0.394592 0.895386 -0.605469
8327 1444828667.841529 3.942993 -51.737366 -128.776245 -0.393677 0.879822 -0.603638
8328 1444828667.851606 4.14624 -51.600494 -128.938568 -0.392761 0.878906 -0.614624
8329 1444828667.861670 4.024292 -51.78299 -128.992676 -0.404663 0.882568 -0.617065
8330 1444828667.871741 3.983643 -51.600494 -129.100891 -0.411072 0.889893 -0.617676
8331 1444828667.881803 3.942993 -51.417999 -128.776245 -0.418396 0.895386 -0.626221
8332 1444828667.891843 4.105591 -51.509247 -128.938568 -0.429382 0.911865 -0.618286
8333 1444828667.901897 4.064941 -51.509247 -128.992676 -0.427551 0.916443 -0.628662
8334 1444828667.912056 4.18689 -51.691742 -128.992676 -0.429382 0.919189 -0.609131
8335 1444828667.922118 4.064941 -51.646118 -129.046783 -0.421143 0.920105 -0.611572
8336 1444828667.932178 3.942993 -51.691742 -128.830353 -0.41748 0.910034 -0.602417
8337 1444828667.942239 4.024292 -51.737366 -128.830353 -0.411987 0.897217 -0.593872
8338 1444828667.952317 3.983643 -51.737366 -128.66803 -0.411987 0.887146 -0.587769
8339 1444828667.962380 4.105591 -51.646118 -128.613922 -0.406494 0.879822 -0.587158
8340 1444828667.972441 3.942993 -51.554871 -128.613922 -0.418396 0.874329 -0.593872
8341 1444828667.982503 4.064941 -51.737366 -128.505707 -0.430298 0.878906 -0.593872
8342 1444828667.992567 4.064941 -51.509247 -128.289276 -0.436707 0.884399 -0.596924
8343 1444828668.002631 3.983643 -51.463623 -128.181061 -0.4422 0.890808 -0.609741
8344 1444828668.012694 4.024292 -51.463623 -128.181061 -0.451355 0.897217 -0.601196
8345 1444828668.022757 3.942993 -51.463623 -128.126953 -0.454102 0.914612 -0.611572
8346 1444828668.032831 4.024292 -51.554871 -128.018738 -0.450439 0.924683 -0.615234
8347 1444828668.042893 4.14624 -51.554871 -128.289276 -0.444946 0.919189 -0.608521
8348 1444828668.052976 4.064941 -51.554871 -128.126953 -0.432129 0.919189 -0.612183
8349 1444828668.063040 3.942993 -51.78299 -128.289276 -0.424805 0.908203 -0.609131
8350 1444828668.073104 3.983643 -51.463623 -128.018738 -0.420227 0.906372 -0.6073
8351 1444828668.083159 3.942993 -51.554871 -127.910522 -0.414734 0.901794 -0.609131
8352 1444828668.093261 3.942993 -51.600494 -128.126953 -0.418396 0.895386 -0.615845
8353 1444828668.103319 4.105591 -51.600494 -128.072845 -0.429382 0.891724 -0.610352
8354 1444828668.113382 3.942993 -51.554871 -128.235168 -0.434875 0.901794 -0.618896
8355 1444828668.123448 3.861694 -51.554871 -128.289276 -0.436707 0.903625 -0.623779
8356 1444828668.133492 4.024292 -51.326752 -128.289276 -0.437622 0.906372 -0.609741
8357 1444828668.143549 3.942993 -51.509247 -128.397491 -0.440369 0.911865 -0.603638
8358 1444828668.153633 3.983643 -51.554871 -128.397491 -0.439453 0.913696 -0.596924
8359 1444828668.163692 4.024292 -51.600494 -128.289276 -0.432129 0.906372 -0.59082
8360 1444828668.173869 4.024292 -51.737366 -128.613922 -0.431213 0.908203 -0.592651
8361 1444828668.183911 3.983643 -51.600494 -128.451599 -0.426636 0.908203 -0.597534
8362 1444828668.193973 4.024292 -51.646118 -128.505707 -0.424805 0.907288 -0.608521
8363 1444828668.204001 3.983643 -51.691742 -128.776245 -0.422058 0.892639 -0.601807
8364 1444828668.214132 4.105591 -51.509247 -128.559814 -0.410156 0.903625 -0.615234
8365 1444828668.224238 3.942993 -51.691742 -128.66803 -0.416565 0.908203 -0.618896
8366 1444828668.234300 4.105591 -51.554871 -128.830353 -0.415649 0.91095 -0.62439
8367 1444828668.244376 4.105591 -51.554871 -128.830353 -0.411072 0.919189 -0.628052
8368 1444828668.254492 4.105591 -51.463623 -128.830353 -0.406494 0.918274 -0.635986
8369 1444828668.264562 4.18689 -51.372375 -128.66803 -0.40741 0.924683 -0.627441
8370 1444828668.274733 4.105591 -51.554871 -128.88446 -0.414734 0.938416 -0.632935
8371 1444828668.284799 4.105591 -51.646118 -128.66803 -0.413818 0.940247 -0.632324
8372 1444828668.294861 4.105591 -51.646118 -128.776245 -0.413818 0.926514 -0.617676
8373 1444828668.304923 4.064941 -51.509247 -128.938568 -0.40741 0.915527 -0.610962
8374 1444828668.315030 3.861694 -51.646118 -128.830353 -0.415649 0.90271 -0.610352
8375 1444828668.325124 4.024292 -51.691742 -128.505707 -0.424805 0.885315 -0.599365
8376 1444828668.335187 4.024292 -51.646118 -128.397491 -0.423889 0.877075 -0.584717
8377 1444828668.345213 3.902344 -51.600494 -128.397491 -0.436707 0.884399 -0.592041
8378 1444828668.355361 3.983643 -51.554871 -128.235168 -0.454102 0.870667 -0.575562
8379 1444828668.365429 4.024292 -51.646118 -128.072845 -0.458679 0.890808 -0.585327
8380 1444828668.375526 4.024292 -51.509247 -128.126953 -0.451355 0.90271 -0.585938
8381 1444828668.385609 3.942993 -51.463623 -128.181061 -0.445862 0.912781 -0.591431
8382 1444828668.395675 3.942993 -51.509247 -128.181061 -0.455933 0.928345 -0.601807
8383 1444828668.405735 4.105591 -51.509247 -128.289276 -0.441284 0.933838 -0.614624
8384 1444828668.415829 4.064941 -51.600494 -128.181061 -0.432129 0.935669 -0.617676
8385 1444828668.425890 4.064941 -51.463623 -128.289276 -0.433044 0.939331 -0.621948
8386 1444828668.435953 4.024292 -51.463623 -128.235168 -0.444031 0.942078 -0.636597
8387 1444828668.446016 4.024292 -51.600494 -128.397491 -0.411072 0.904541 -0.629272
8388 1444828668.456044 3.821045 -51.691742 -128.613922 -0.387268 0.892639 -0.635376
8389 1444828668.466107 4.064941 -51.509247 -128.559814 -0.394592 0.873413 -0.631104
8390 1444828668.476256 3.821045 -51.737366 -128.505707 -0.390015 0.881653 -0.641479
8391 1444828668.486316 3.942993 -51.600494 -128.613922 -0.397339 0.888062 -0.635376
8392 1444828668.496355 4.105591 -51.463623 -128.289276 -0.403748 0.900879 -0.628662
8393 1444828668.506416 3.983643 -51.554871 -128.343384 -0.413818 0.92926 -0.639648
8394 1444828668.516476 4.024292 -51.554871 -128.397491 -0.437622 0.938416 -0.637207
8395 1444828668.526528 4.14624 -51.417999 -128.505707 -0.440369 0.933838 -0.619507
8396 1444828668.536589 4.14624 -51.509247 -128.613922 -0.437622 0.942078 -0.620728
8397 1444828668.546649 4.105591 -51.600494 -128.505707 -0.440369 0.925598 -0.609131
8398 1444828668.556709 4.024292 -51.737366 -128.235168 -0.441284 0.912781 -0.595093
8399 1444828668.566792 3.902344 -51.646118 -128.613922 -0.444031 0.885315 -0.5896
8400 1444828668.576853 3.983643 -51.646118 -128.235168 -0.435791 0.862427 -0.579224
8401 1444828668.586915 3.942993 -51.646118 -128.289276 -0.428467 0.848694 -0.574951
8402 1444828668.596976 3.902344 -51.554871 -128.559814 -0.431213 0.849609 -0.588989
8403 1444828668.607039 3.942993 -51.509247 -128.072845 -0.433044 0.856934 -0.585327
8404 1444828668.617102 3.983643 -51.554871 -128.343384 -0.433044 0.884399 -0.601196
8405 1444828668.627164 4.024292 -51.509247 -128.235168 -0.432129 0.904541 -0.609131
8406 1444828668.637380 4.105591 -51.554871 -128.451599 -0.441284 0.915527 -0.617065
8407 1444828668.647442 4.105591 -51.326752 -128.397491 -0.444946 0.92926 -0.631714
8408 1444828668.657504 4.227539 -51.417999 -128.397491 -0.435791 0.927429 -0.632935
8409 1444828668.667566 4.105591 -51.554871 -128.505707 -0.42572 0.923767 -0.640259
8410 1444828668.677634 4.105591 -51.600494 -128.505707 -0.420227 0.906372 -0.639038
8411 1444828668.687697 4.14624 -51.463623 -128.343384 -0.416565 0.891724 -0.636597
8412 1444828668.697759 3.902344 -51.600494 -128.613922 -0.410156 0.888062 -0.635986
8413 1444828668.707797 3.983643 -51.554871 -128.451599 -0.39917 0.883484 -0.629272
8414 1444828668.717859 4.064941 -51.600494 -128.505707 -0.411072 0.868835 -0.620117
8415 1444828668.727920 4.024292 -51.600494 -128.66803 -0.421143 0.877075 -0.62561
8416 1444828668.737983 4.024292 -51.509247 -128.505707 -0.427551 0.881653 -0.622559
8417 1444828668.748045 4.064941 -51.600494 -128.613922 -0.43396 0.892639 -0.609741
8418 1444828668.758107 4.024292 -51.600494 -128.397491 -0.439453 0.900879 -0.606079
8419 1444828668.768186 4.064941 -51.417999 -128.559814 -0.446777 0.896301 -0.596924
8420 1444828668.778235 4.064941 -51.691742 -128.505707 -0.447693 0.906372 -0.599365
8421 1444828668.788296 3.983643 -51.646118 -128.66803 -0.438538 0.897217 -0.596313
8422 1444828668.798359 4.14624 -51.600494 -128.559814 -0.441284 0.888062 -0.591431
8423 1444828668.808426 3.902344 -51.691742 -128.776245 -0.431213 0.878906 -0.601196
8424 1444828668.818446 4.064941 -51.554871 -128.397491 -0.426636 0.863342 -0.581055
8425 1444828668.828477 3.983643 -51.691742 -128.613922 -0.418396 0.870667 -0.598755
8426 1444828668.838538 4.064941 -51.554871 -128.397491 -0.411072 0.85968 -0.6073
8427 1444828668.848599 3.983643 -51.646118 -128.451599 -0.428467 0.877075 -0.615234
8428 1444828668.858660 4.024292 -51.417999 -128.505707 -0.420227 0.883484 -0.620728
8429 1444828668.868721 4.105591 -51.554871 -128.613922 -0.419312 0.904541 -0.62439
8430 1444828668.878784 4.105591 -51.372375 -128.397491 -0.42572 0.913696 -0.640259
8431 1444828668.888846 4.14624 -51.326752 -128.451599 -0.434875 0.916443 -0.64209
8432 1444828668.898906 4.064941 -51.463623 -128.289276 -0.432129 0.921021 -0.64209
8433 1444828668.908968 4.105591 -51.509247 -128.505707 -0.429382 0.924683 -0.636597
8434 1444828668.919032 4.14624 -51.463623 -128.66803 -0.420227 0.917358 -0.637817
8435 1444828668.929093 3.942993 -51.646118 -128.451599 -0.423889 0.906372 -0.626221
8436 1444828668.939156 3.942993 -51.554871 -128.451599 -0.422974 0.889893 -0.621338
8437 1444828668.949223 3.902344 -51.600494 -128.289276 -0.420227 0.882568 -0.602417
8438 1444828668.959274 3.942993 -51.646118 -128.397491 -0.424805 0.879822 -0.606079
8439 1444828668.969335 3.983643 -51.509247 -128.397491 -0.429382 0.87616 -0.600586
8440 1444828668.979397 4.024292 -51.600494 -128.451599 -0.43396 0.883484 -0.601196
8441 1444828668.989459 4.064941 -51.509247 -128.397491 -0.444946 0.895386 -0.595093
8442 1444828668.999519 4.105591 -51.646118 -128.451599 -0.4422 0.896301 -0.598755
8443 1444828669.009579 3.942993 -51.463623 -128.397491 -0.446777 0.907288 -0.601196
8444 1444828669.019641 4.18689 -51.509247 -128.505707 -0.443115 0.905457 -0.593262
8445 1444828669.029701 4.064941 -51.417999 -128.397491 -0.428467 0.912781 -0.609131
8446 1444828669.039763 3.983643 -51.600494 -128.559814 -0.435791 0.91095 -0.601807
8447 1444828669.049824 3.942993 -51.463623 -128.613922 -0.422974 0.899963 -0.6073
8448 1444828669.059884 3.902344 -51.691742 -128.235168 -0.41748 0.899963 -0.605469
8449 1444828669.069909 4.024292 -51.509247 -128.451599 -0.415649 0.89447 -0.609131
8450 1444828669.079969 4.064941 -51.463623 -128.613922 -0.415649 0.892639 -0.615234
8451 1444828669.090033 3.821045 -51.554871 -128.451599 -0.411987 0.900879 -0.623169
8452 1444828669.100095 4.024292 -51.554871 -128.559814 -0.420227 0.906372 -0.626831
8453 1444828669.110155 4.024292 -51.554871 -128.397491 -0.422974 0.914612 -0.632935
8454 1444828669.120247 4.105591 -51.417999 -128.397491 -0.428467 0.922852 -0.631714
8455 1444828669.130281 3.983643 -51.509247 -128.343384 -0.432129 0.931091 -0.631714
8456 1444828669.140342 4.024292 -51.417999 -128.559814 -0.426636 0.932007 -0.629272
8457 1444828669.150404 4.105591 -51.554871 -128.505707 -0.426636 0.928345 -0.629272
8458 1444828669.160472 3.861694 -51.737366 -128.613922 -0.418396 0.927429 -0.622559
8459 1444828669.170557 3.983643 -51.646118 -128.830353 -0.423889 0.913696 -0.613403
8460 1444828669.180619 4.024292 -51.691742 -128.722137 -0.418396 0.916443 -0.617065
8461 1444828669.190682 3.983643 -51.600494 -128.66803 -0.383606 0.916443 -0.620117
8462 1444828669.200745 3.902344 -51.646118 -128.66803 -0.39093 0.901794 -0.610962
8463 1444828669.210839 4.024292 -51.691742 -128.559814 -0.433044 0.883484 -0.60791
8464 1444828669.220900 3.942993 -51.509247 -128.451599 -0.444946 0.889893 -0.602417
8465 1444828669.230962 4.064941 -51.509247 -128.66803 -0.428467 0.898132 -0.597534
8466 1444828669.241025 3.942993 -51.600494 -128.613922 -0.431213 0.900879 -0.595093
8467 1444828669.251088 3.942993 -51.600494 -128.505707 -0.444031 0.892639 -0.602417
8468 1444828669.261148 4.064941 -51.509247 -128.181061 -0.458679 0.883484 -0.586548
8469 1444828669.271209 4.024292 -51.691742 -128.451599 -0.437622 0.889893 -0.584106
8470 1444828669.281273 4.064941 -51.737366 -128.559814 -0.416565 0.909119 -0.581055
8471 1444828669.291332 4.024292 -51.554871 -128.722137 -0.416565 0.918274 -0.601196
8472 1444828669.301394 4.064941 -51.554871 -128.343384 -0.434875 0.910034 -0.603638
8473 1444828669.311457 4.024292 -51.600494 -128.181061 -0.430298 0.914612 -0.614624
8474 1444828669.321518 4.105591 -51.509247 -128.235168 -0.416565 0.91095 -0.6073
8475 1444828669.331547 4.024292 -51.463623 -128.397491 -0.415649 0.909119 -0.626831
8476 1444828669.341607 4.024292 -51.554871 -128.397491 -0.431213 0.893555 -0.635986
8477 1444828669.351675 3.983643 -51.417999 -128.66803 -0.426636 0.88623 -0.637817
8478 1444828669.361733 3.983643 -51.417999 -128.235168 -0.422974 0.890808 -0.634155
8479 1444828669.371795 4.105591 -51.554871 -128.289276 -0.421143 0.897217 -0.630493
8480 1444828669.381856 4.064941 -51.372375 -128.289276 -0.428467 0.907288 -0.629883
8481 1444828669.391923 4.105591 -51.509247 -128.235168 -0.436707 0.917358 -0.635986
8482 1444828669.401984 3.983643 -51.600494 -128.559814 -0.429382 0.927429 -0.627441
8483 1444828669.412047 4.18689 -51.554871 -128.613922 -0.418396 0.921936 -0.610962
8484 1444828669.422108 4.064941 -51.646118 -128.451599 -0.42572 0.912781 -0.601807
8485 1444828669.432153 4.064941 -51.646118 -128.559814 -0.430298 0.899048 -0.598145
8486 1444828669.442215 3.942993 -51.600494 -128.397491 -0.427551 0.878906 -0.587769
8487 1444828669.452275 3.902344 -51.691742 -128.559814 -0.422974 0.869751 -0.592651
8488 1444828669.462335 3.861694 -51.646118 -128.559814 -0.437622 0.865173 -0.588379
8489 1444828669.472411 3.902344 -51.554871 -128.613922 -0.436707 0.85968 -0.596924
8490 1444828669.482470 4.024292 -51.554871 -128.559814 -0.443115 0.866089 -0.602417
8491 1444828669.492532 3.983643 -51.509247 -128.66803 -0.43396 0.882568 -0.609131
8492 1444828669.502592 4.024292 -51.737366 -128.722137 -0.431213 0.899048 -0.609741
8493 1444828669.512652 4.105591 -51.509247 -128.88446 -0.424805 0.910034 -0.613403
8494 1444828669.522743 4.227539 -51.600494 -128.505707 -0.423889 0.922852 -0.619507
8495 1444828669.532805 4.024292 -51.600494 -128.992676 -0.40741 0.914612 -0.629883
8496 1444828669.542885 4.105591 -51.646118 -128.88446 -0.409241 0.912781 -0.631104
8497 1444828669.552946 4.14624 -51.509247 -128.722137 -0.405579 0.897217 -0.626221
8498 1444828669.563009 4.105591 -51.509247 -128.992676 -0.405579 0.888062 -0.633545
8499 1444828669.573071 3.902344 -51.600494 -128.938568 -0.410156 0.885315 -0.633545
8500 1444828669.583135 4.024292 -51.463623 -128.722137 -0.415649 0.881653 -0.631714
8501 1444828669.593196 4.105591 -51.509247 -128.505707 -0.426636 0.881653 -0.632935
8502 1444828669.603263 4.024292 -51.554871 -128.289276 -0.431213 0.888977 -0.632935
8503 1444828669.613337 3.983643 -51.463623 -128.397491 -0.435791 0.898132 -0.625
8504 1444828669.623398 4.064941 -51.372375 -128.397491 -0.43396 0.895386 -0.620117
8505 1444828669.633464 3.983643 -51.554871 -128.722137 -0.43396 0.899963 -0.619507
8506 1444828669.643525 3.983643 -51.600494 -128.451599 -0.436707 0.897217 -0.609131
8507 1444828669.653587 4.024292 -51.691742 -128.289276 -0.439453 0.888062 -0.594482
8508 1444828669.663612 3.983643 -51.554871 -128.397491 -0.430298 0.889893 -0.599976
8509 1444828669.673707 3.902344 -51.691742 -128.343384 -0.431213 0.882568 -0.587158
8510 1444828669.683770 3.942993 -51.691742 -128.181061 -0.436707 0.880737 -0.592651
8511 1444828669.693784 4.064941 -51.554871 -128.397491 -0.437622 0.874329 -0.598145
8512 1444828669.703815 3.983643 -51.554871 -128.126953 -0.441284 0.874329 -0.60791
8513 1444828669.713906 4.024292 -51.463623 -128.181061 -0.440369 0.878906 -0.608521
8514 1444828669.723984 4.024292 -51.600494 -128.072845 -0.443115 0.888062 -0.620117
8515 1444828669.734055 3.983643 -51.509247 -128.397491 -0.438538 0.891724 -0.625
8516 1444828669.744119 3.983643 -51.463623 -128.397491 -0.430298 0.898132 -0.628052
8517 1444828669.754180 4.064941 -51.554871 -128.451599 -0.424805 0.907288 -0.628662
8518 1444828669.764279 3.902344 -51.554871 -128.776245 -0.422058 0.91095 -0.633545
8519 1444828669.774341 4.14624 -51.417999 -128.451599 -0.411987 0.91095 -0.631104
8520 1444828669.784403 4.14624 -51.509247 -128.66803 -0.415649 0.909119 -0.634155
8521 1444828669.794464 4.024292 -51.417999 -128.505707 -0.412903 0.913696 -0.635376
8522 1444828669.804524 4.064941 -51.554871 -128.559814 -0.412903 0.911865 -0.631714
8523 1444828669.814586 4.024292 -51.509247 -128.559814 -0.421143 0.899963 -0.626221
8524 1444828669.824677 4.064941 -51.463623 -128.559814 -0.42572 0.892639 -0.623169
8525 1444828669.834802 3.942993 -51.646118 -128.451599 -0.42572 0.887146 -0.615234
8526 1444828669.844863 4.024292 -51.554871 -128.722137 -0.427551 0.883484 -0.616455
8527 1444828669.854924 4.064941 -51.554871 -128.559814 -0.430298 0.882568 -0.6073
8528 1444828669.865000 3.983643 -51.691742 -128.66803 -0.435791 0.88623 -0.601807
8529 1444828669.875055 4.105591 -51.372375 -128.505707 -0.430298 0.889893 -0.595703
8530 1444828669.885116 4.064941 -51.737366 -128.451599 -0.431213 0.901794 -0.599365
8531 1444828669.895178 3.902344 -51.600494 -128.66803 -0.427551 0.907288 -0.596924
8532 1444828669.905240 4.105591 -51.554871 -128.66803 -0.423889 0.901794 -0.598145
8533 1444828669.915303 4.024292 -51.691742 -128.343384 -0.428467 0.909119 -0.599976
8534 1444828669.925398 4.064941 -51.646118 -128.613922 -0.422974 0.904541 -0.612183
8535 1444828669.935457 4.14624 -51.554871 -128.613922 -0.41748 0.89447 -0.614014
8536 1444828669.945520 3.902344 -51.646118 -128.559814 -0.423889 0.896301 -0.615234
8537 1444828669.955561 4.024292 -51.463623 -128.613922 -0.426636 0.898132 -0.625
8538 1444828669.965623 3.902344 -51.509247 -128.613922 -0.418396 0.901794 -0.632935
8539 1444828669.975685 4.064941 -51.600494 -128.343384 -0.423889 0.90271 -0.628052
8540 1444828669.985730 4.024292 -51.463623 -128.235168 -0.429382 0.913696 -0.631104
8541 1444828669.995794 3.821045 -51.554871 -128.505707 -0.422974 0.923767 -0.643921
8542 1444828670.005857 4.105591 -51.509247 -128.451599 -0.424805 0.922852 -0.627441
8543 1444828670.015919 4.024292 -51.463623 -128.559814 -0.419312 0.924683 -0.628662
8544 1444828670.026022 3.942993 -51.509247 -128.451599 -0.423889 0.925598 -0.617676
8545 1444828670.036065 3.942993 -51.600494 -128.505707 -0.424805 0.914612 -0.621338
8546 1444828670.046129 4.064941 -51.600494 -128.505707 -0.426636 0.905457 -0.611572
8547 1444828670.056189 4.024292 -51.509247 -128.559814 -0.426636 0.897217 -0.60791
8548 1444828670.066244 3.983643 -51.600494 -128.397491 -0.433044 0.890808 -0.610352
8549 1444828670.076332 3.983643 -51.554871 -128.505707 -0.434875 0.888062 -0.600586
8550 1444828670.086396 3.942993 -51.463623 -128.343384 -0.438538 0.888062 -0.601196
8551 1444828670.096459 3.983643 -51.554871 -128.289276 -0.435791 0.888977 -0.596313
8552 1444828670.106522 3.983643 -51.554871 -128.181061 -0.4422 0.901794 -0.603027
8553 1444828670.116585 4.105591 -51.463623 -128.397491 -0.439453 0.900879 -0.604248
8554 1444828670.126648 4.105591 -51.463623 -128.505707 -0.422974 0.910034 -0.615234
8555 1444828670.136685 4.024292 -51.554871 -128.66803 -0.431213 0.911865 -0.604858
8556 1444828670.146750 4.064941 -51.417999 -128.559814 -0.418396 0.907288 -0.60791
8557 1444828670.156811 4.105591 -51.509247 -128.397491 -0.418396 0.912781 -0.626221
8558 1444828670.166894 3.983643 -51.600494 -128.613922 -0.41748 0.908203 -0.615845
8559 1444828670.176955 4.064941 -51.509247 -128.776245 -0.416565 0.906372 -0.626831
8560 1444828670.187018 3.942993 -51.737366 -128.613922 -0.419312 0.908203 -0.637817
8561 1444828670.197080 3.983643 -51.600494 -128.722137 -0.422974 0.898132 -0.626831
8562 1444828670.207144 4.105591 -51.417999 -128.66803 -0.418396 0.89447 -0.626221
8563 1444828670.217269 4.024292 -51.554871 -128.613922 -0.41748 0.900879 -0.632324
8564 1444828670.227320 4.064941 -51.509247 -128.559814 -0.419312 0.906372 -0.62561
8565 1444828670.237357 3.983643 -51.509247 -128.722137 -0.418396 0.901794 -0.628662
8566 1444828670.247419 4.14624 -51.463623 -128.505707 -0.420227 0.910034 -0.620728
8567 1444828670.257481 4.024292 -51.554871 -128.559814 -0.422058 0.907288 -0.618896
8568 1444828670.267541 4.024292 -51.554871 -128.830353 -0.422058 0.900879 -0.612183
8569 1444828670.277603 3.983643 -51.600494 -128.289276 -0.428467 0.897217 -0.60791
8570 1444828670.287668 3.983643 -51.646118 -128.66803 -0.424805 0.889893 -0.608521
8571 1444828670.297729 4.024292 -51.554871 -128.451599 -0.433044 0.88623 -0.599976
8572 1444828670.307791 4.024292 -51.463623 -128.451599 -0.433044 0.885315 -0.610352
8573 1444828670.317854 3.983643 -51.509247 -128.343384 -0.437622 0.884399 -0.611572
8574 1444828670.327916 3.942993 -51.554871 -128.613922 -0.436707 0.887146 -0.613403
8575 1444828670.337979 3.902344 -51.646118 -128.343384 -0.440369 0.888062 -0.615845
8576 1444828670.348041 4.024292 -51.417999 -128.397491 -0.429382 0.890808 -0.618896
8577 1444828670.358104 4.064941 -51.600494 -128.505707 -0.434875 0.899048 -0.623779
8578 1444828670.368165 4.064941 -51.463623 -128.559814 -0.424805 0.900879 -0.62561
8579 1444828670.378276 3.942993 -51.600494 -128.397491 -0.426636 0.905457 -0.631104
8580 1444828670.388344 4.14624 -51.509247 -128.559814 -0.42572 0.910034 -0.626221
8581 1444828670.398407 3.942993 -51.509247 -128.613922 -0.420227 0.908203 -0.638428
8582 1444828670.408476 4.14624 -51.509247 -128.235168 -0.423889 0.898132 -0.627441
8583 1444828670.418543 4.024292 -51.509247 -128.451599 -0.422974 0.889893 -0.628052
8584 1444828670.428605 4.064941 -51.463623 -128.505707 -0.422058 0.89447 -0.630493
8585 1444828670.438753 3.983643 -51.509247 -128.235168 -0.427551 0.888977 -0.625
8586 1444828670.448813 4.064941 -51.372375 -128.451599 -0.428467 0.888977 -0.631714
8587 1444828670.458877 3.983643 -51.509247 -128.181061 -0.437622 0.888062 -0.623169
8588 1444828670.468953 4.064941 -51.463623 -128.397491 -0.431213 0.885315 -0.615845
8589 1444828670.479016 4.14624 -51.463623 -128.343384 -0.433044 0.89447 -0.618896
8590 1444828670.489036 3.983643 -51.509247 -128.505707 -0.43396 0.895386 -0.617065
8591 1444828670.499098 3.983643 -51.600494 -128.451599 -0.429382 0.896301 -0.610962
8592 1444828670.509146 4.024292 -51.600494 -128.397491 -0.434875 0.891724 -0.606689
8593 1444828670.519208 3.902344 -51.600494 -128.505707 -0.430298 0.895386 -0.614624
8594 1444828670.529274 4.024292 -51.646118 -128.505707 -0.428467 0.88623 -0.602417
8595 1444828670.539346 4.105591 -51.509247 -128.397491 -0.426636 0.881653 -0.606689
8596 1444828670.549409 4.024292 -51.600494 -128.451599 -0.426636 0.882568 -0.609741
8597 1444828670.559469 4.105591 -51.326752 -128.505707 -0.422058 0.883484 -0.617065
8598 1444828670.569531 4.064941 -51.463623 -128.559814 -0.427551 0.882568 -0.620117
8599 1444828670.579592 3.983643 -51.554871 -128.559814 -0.42572 0.895386 -0.633545
8600 1444828670.589654 3.983643 -51.600494 -128.559814 -0.423889 0.89447 -0.628052
8601 1444828670.599714 3.983643 -51.554871 -128.559814 -0.426636 0.906372 -0.638428
8602 1444828670.609776 4.14624 -51.509247 -128.613922 -0.421143 0.90271 -0.633545
8603 1444828670.619871 4.105591 -51.509247 -128.66803 -0.41748 0.903625 -0.635376
8604 1444828670.629931 3.983643 -51.600494 -128.613922 -0.416565 0.909119 -0.634155
8605 1444828670.639992 4.14624 -51.509247 -128.397491 -0.418396 0.898132 -0.62439
8606 1444828670.650054 4.024292 -51.463623 -128.613922 -0.420227 0.899048 -0.628662
8607 1444828670.660116 3.902344 -51.554871 -128.505707 -0.416565 0.897217 -0.631714
8608 1444828670.670178 4.064941 -51.417999 -128.66803 -0.42572 0.890808 -0.62439
8609 1444828670.680241 3.942993 -51.509247 -128.451599 -0.433044 0.890808 -0.621948
8610 1444828670.690305 3.942993 -51.509247 -128.505707 -0.429382 0.890808 -0.620728
8611 1444828670.700367 4.14624 -51.417999 -128.397491 -0.434875 0.888977 -0.620117
8612 1444828670.710427 3.902344 -51.600494 -128.613922 -0.435791 0.887146 -0.614014
8613 1444828670.720451 3.983643 -51.463623 -128.343384 -0.432129 0.893555 -0.609131
8614 1444828670.730505 4.064941 -51.463623 -128.613922 -0.429382 0.890808 -0.615845
8615 1444828670.740566 4.18689 -51.463623 -128.235168 -0.426636 0.893555 -0.616455
8616 1444828670.750628 4.024292 -51.600494 -128.397491 -0.430298 0.898132 -0.616455
8617 1444828670.760640 4.18689 -51.509247 -128.451599 -0.430298 0.898132 -0.609741
8618 1444828670.770718 3.983643 -51.509247 -128.66803 -0.423889 0.899963 -0.62561
8619 1444828670.780737 3.983643 -51.509247 -128.289276 -0.426636 0.900879 -0.629883
8620 1444828670.790798 3.902344 -51.600494 -128.559814 -0.428467 0.899048 -0.625
8621 1444828670.800858 3.983643 -51.509247 -128.343384 -0.429382 0.896301 -0.632935
8622 1444828670.810884 3.983643 -51.600494 -128.505707 -0.429382 0.896301 -0.62561
8623 1444828670.820964 4.024292 -51.463623 -128.397491 -0.423889 0.904541 -0.631104
8624 1444828670.831026 4.14624 -51.509247 -128.343384 -0.427551 0.899963 -0.632324
8625 1444828670.841093 4.024292 -51.600494 -128.559814 -0.423889 0.906372 -0.633545
8626 1444828670.851156 4.105591 -51.372375 -128.613922 -0.419312 0.90271 -0.62561
8627 1444828670.861229 4.105591 -51.417999 -128.343384 -0.420227 0.904541 -0.629272
8628 1444828670.871331 4.14624 -51.463623 -128.559814 -0.421143 0.907288 -0.62439
8629 1444828670.881399 4.024292 -51.554871 -128.66803 -0.421143 0.906372 -0.618896
8630 1444828670.891461 4.024292 -51.646118 -128.451599 -0.422974 0.901794 -0.625
8631 1444828670.901523 3.983643 -51.554871 -128.613922 -0.42572 0.899048 -0.620117
8632 1444828670.911585 4.064941 -51.554871 -128.397491 -0.423889 0.889893 -0.617065
8633 1444828670.921648 3.902344 -51.646118 -128.722137 -0.426636 0.899963 -0.628052
8634 1444828670.931767 3.861694 -51.554871 -128.343384 -0.432129 0.893555 -0.615845
8635 1444828670.941832 3.983643 -51.509247 -128.505707 -0.427551 0.891724 -0.610962
8636 1444828670.951891 4.024292 -51.463623 -128.343384 -0.426636 0.895386 -0.621948
8637 1444828670.961954 3.983643 -51.554871 -128.559814 -0.429382 0.903625 -0.621948
8638 1444828670.972018 3.983643 -51.417999 -128.559814 -0.422974 0.899963 -0.618286
8639 1444828670.982083 3.983643 -51.509247 -128.559814 -0.42572 0.904541 -0.623169
8640 1444828670.992116 3.942993 -51.509247 -128.505707 -0.424805 0.896301 -0.617676
8641 1444828671.002179 4.064941 -51.600494 -128.66803 -0.428467 0.898132 -0.628052
8642 1444828671.012210 4.064941 -51.600494 -128.289276 -0.430298 0.893555 -0.618286
8643 1444828671.022273 3.983643 -51.326752 -128.181061 -0.436707 0.882568 -0.604858
8644 1444828671.032333 3.821045 -51.554871 -128.181061 -0.445862 0.884399 -0.621338
8645 1444828671.042395 4.064941 -51.509247 -128.343384 -0.450439 0.887146 -0.611572
8646 1444828671.052456 4.024292 -51.554871 -128.289276 -0.435791 0.883484 -0.617065
8647 1444828671.062484 3.983643 -51.554871 -128.289276 -0.4422 0.899048 -0.621338
8648 1444828671.072584 3.942993 -51.554871 -128.451599 -0.436707 0.91095 -0.635376
8649 1444828671.082647 4.064941 -51.463623 -128.235168 -0.432129 0.912781 -0.636597
8650 1444828671.092708 4.105591 -51.600494 -128.397491 -0.416565 0.930176 -0.650024
8651 1444828671.102779 3.983643 -51.600494 -128.451599 -0.416565 0.924683 -0.653687
8652 1444828671.112839 4.105591 -51.463623 -128.505707 -0.422974 0.920105 -0.654297
8653 1444828671.122902 4.064941 -51.509247 -128.66803 -0.41748 0.914612 -0.656738
8654 1444828671.132966 4.024292 -51.509247 -128.722137 -0.413818 0.90271 -0.644531
8655 1444828671.143028 4.064941 -51.372375 -128.722137 -0.411072 0.891724 -0.644531
8656 1444828671.153091 3.902344 -51.417999 -128.776245 -0.416565 0.880737 -0.640259
8657 1444828671.163155 3.983643 -51.463623 -128.66803 -0.422058 0.880737 -0.626831
8658 1444828671.173270 4.064941 -51.463623 -128.776245 -0.412903 0.883484 -0.621338
8659 1444828671.183332 4.024292 -51.509247 -128.613922 -0.415649 0.888062 -0.616455
8660 1444828671.193395 4.105591 -51.554871 -128.722137 -0.433044 0.896301 -0.614624
8661 1444828671.203459 4.268188 -51.463623 -128.938568 -0.435791 0.904541 -0.62561
8662 1444828671.213529 4.227539 -51.235504 -128.88446 -0.431213 0.932007 -0.664673
8663 1444828671.223638 4.14624 -51.326752 -128.938568 -0.433044 0.938416 -0.684204
8664 1444828671.233713 4.14624 -51.417999 -129.154999 -0.431213 0.932007 -0.687256
8665 1444828671.243775 4.024292 -51.691742 -129.154999 -0.412903 0.905457 -0.648804
8666 1444828671.253839 4.105591 -51.554871 -128.88446 -0.373535 0.877991 -0.622559
8667 1444828671.263909 3.983643 -51.919861 -128.992676 -0.366211 0.864258 -0.606079
8668 1444828671.273981 3.942993 -51.78299 -128.776245 -0.369873 0.853271 -0.596924
8669 1444828671.284038 3.861694 -51.919861 -128.830353 -0.39917 0.850525 -0.582275
8670 1444828671.294099 4.064941 -51.691742 -128.451599 -0.422058 0.85144 -0.57373
8671 1444828671.304161 4.064941 -51.509247 -128.451599 -0.444031 0.871582 -0.5896
8672 1444828671.314258 3.942993 -51.509247 -128.397491 -0.484314 0.89447 -0.604248
8673 1444828671.324288 4.14624 -51.18988 -128.126953 -0.504456 0.893555 -0.603638
8674 1444828671.334350 4.064941 -51.372375 -127.96463 -0.507202 0.899048 -0.610962
8675 1444828671.344424 3.902344 -51.18988 -127.802307 -0.496216 0.899963 -0.617676
8676 1444828671.354516 4.064941 -51.235504 -127.856415 -0.479736 0.896301 -0.615845
8677 1444828671.364550 4.024292 -51.463623 -127.802307 -0.461426 0.888977 -0.626221
8678 1444828671.374612 4.105591 -51.646118 -127.910522 -0.411987 0.874329 -0.622559
8679 1444828671.384671 4.18689 -51.600494 -128.289276 -0.38269 0.875244 -0.630493
8680 1444828671.394733 4.024292 -51.691742 -128.289276 -0.379944 0.888977 -0.641479
8681 1444828671.404794 4.14624 -51.600494 -128.072845 -0.379028 0.895386 -0.645142
8682 1444828671.414869 4.024292 -51.463623 -128.181061 -0.396423 0.908203 -0.675659
8683 1444828671.424922 4.18689 -51.372375 -128.018738 -0.41748 0.921936 -0.675659
8684 1444828671.434981 3.983643 -51.372375 -128.397491 -0.43396 0.933838 -0.686035
8685 1444828671.445014 4.227539 -51.18988 -128.126953 -0.458679 0.932007 -0.684814
8686 1444828671.455060 3.942993 -51.281128 -128.235168 -0.46875 0.92926 -0.685425
8687 1444828671.465141 4.105591 -51.144257 -128.289276 -0.464172 0.911865 -0.651855
8688 1444828671.475204 4.024292 -51.417999 -128.451599 -0.446777 0.903625 -0.640869
8689 1444828671.485262 3.942993 -51.509247 -128.66803 -0.431213 0.885315 -0.627441
8690 1444828671.495308 3.983643 -51.737366 -128.343384 -0.423889 0.87616 -0.595703
8691 1444828671.505369 4.024292 -51.737366 -128.776245 -0.401917 0.863342 -0.584717
8692 1444828671.515429 3.902344 -51.919861 -128.66803 -0.393677 0.853271 -0.574951
8693 1444828671.525505 3.983643 -51.691742 -128.776245 -0.396423 0.870667 -0.574341
8694 1444828671.535559 3.902344 -51.691742 -128.88446 -0.408325 0.867004 -0.578003
8695 1444828671.545621 4.18689 -51.600494 -128.830353 -0.427551 0.872498 -0.593262
8696 1444828671.555707 3.983643 -51.600494 -129.100891 -0.440369 0.890808 -0.617065
8697 1444828671.565778 4.064941 -51.509247 -128.88446 -0.451355 0.901794 -0.625
8698 1444828671.575849 4.024292 -51.235504 -129.046783 -0.457764 0.911865 -0.647583
8699 1444828671.585880 4.105591 -51.281128 -128.776245 -0.452271 0.914612 -0.657349
8700 1444828671.596017 4.024292 -51.463623 -128.88446 -0.433044 0.923767 -0.657349
8701 1444828671.606126 4.14624 -51.372375 -128.830353 -0.404663 0.911865 -0.661011
8702 1444828671.616188 4.14624 -51.600494 -128.776245 -0.385437 0.906372 -0.656128
8703 1444828671.626250 3.983643 -51.509247 -128.830353 -0.374451 0.910034 -0.661011
8704 1444828671.636311 4.064941 -51.737366 -128.88446 -0.371704 0.910034 -0.643921
8705 1444828671.646376 4.024292 -51.509247 -128.66803 -0.376282 0.899963 -0.649414
8706 1444828671.656441 4.024292 -51.509247 -128.343384 -0.402832 0.909119 -0.653076
8707 1444828671.666526 3.983643 -51.509247 -128.397491 -0.414734 0.909119 -0.645142
8708 1444828671.676924 4.105591 -51.417999 -128.235168 -0.444031 0.916443 -0.645752
8709 1444828671.686933 4.064941 -51.372375 -128.397491 -0.446777 0.916443 -0.64209
8710 1444828671.696993 4.024292 -51.235504 -128.181061 -0.466919 0.913696 -0.634155
8711 1444828671.707056 3.983643 -51.372375 -128.072845 -0.476074 0.906372 -0.633545
8712 1444828671.717118 3.861694 -51.417999 -128.072845 -0.470581 0.900879 -0.615234
8713 1444828671.727182 3.942993 -51.509247 -127.910522 -0.455933 0.892639 -0.603638
8714 1444828671.737244 3.902344 -51.646118 -127.96463 -0.444031 0.877991 -0.591431
8715 1444828671.747317 3.942993 -51.600494 -127.802307 -0.432129 0.865173 -0.579834
8716 1444828671.757347 3.983643 -51.737366 -128.126953 -0.422058 0.863342 -0.584106
8717 1444828671.767410 3.983643 -51.691742 -128.072845 -0.414734 0.862427 -0.585327
8718 1444828671.777505 3.983643 -51.600494 -128.072845 -0.420227 0.883484 -0.603638
8719 1444828671.787566 4.024292 -51.554871 -128.289276 -0.430298 0.899048 -0.616455
8720 1444828671.797627 4.105591 -51.417999 -128.072845 -0.437622 0.913696 -0.637817
8721 1444828671.807690 3.983643 -51.326752 -128.397491 -0.4422 0.932007 -0.663452
8722 1444828671.817753 4.105591 -51.235504 -128.343384 -0.447693 0.92926 -0.667114
8723 1444828671.827814 4.105591 -51.326752 -128.559814 -0.444031 0.941162 -0.678711
8724 1444828671.837875 4.064941 -51.326752 -128.613922 -0.433044 0.920105 -0.667114
8725 1444828671.847937 4.064941 -51.281128 -128.559814 -0.415649 0.916443 -0.668335
8726 1444828671.858005 3.983643 -51.554871 -128.722137 -0.39917 0.909119 -0.657349
8727 1444828671.868076 4.024292 -51.691742 -128.830353 -0.387268 0.899048 -0.648193
8728 1444828671.878139 4.064941 -51.463623 -128.722137 -0.387268 0.891724 -0.632324
8729 1444828671.888202 4.105591 -51.646118 -128.830353 -0.393677 0.897217 -0.623779
8730 1444828671.898265 4.024292 -51.691742 -128.722137 -0.404663 0.905457 -0.631714
8731 1444828671.908332 3.942993 -51.600494 -128.613922 -0.41748 0.910034 -0.632935
8732 1444828671.918420 4.024292 -51.463623 -128.776245 -0.444031 0.908203 -0.62561
8733 1444828671.928456 4.024292 -51.417999 -128.505707 -0.455017 0.913696 -0.619507
8734 1444828671.938519 4.024292 -51.372375 -128.88446 -0.451355 0.91095 -0.625
8735 1444828671.948581 4.064941 -51.326752 -128.505707 -0.459595 0.897217 -0.618896
8736 1444828671.958645 4.14624 -51.372375 -128.613922 -0.443115 0.888977 -0.620728
8737 1444828671.968707 4.105591 -51.417999 -128.559814 -0.432129 0.88623 -0.627441
8738 1444828671.978771 3.942993 -51.600494 -128.722137 -0.421143 0.890808 -0.64209
8739 1444828671.988833 4.105591 -51.463623 -128.559814 -0.406494 0.888977 -0.636597
8740 1444828671.998895 4.14624 -51.372375 -128.343384 -0.409241 0.907288 -0.65918
8741 1444828672.008957 4.18689 -51.463623 -128.343384 -0.415649 0.916443 -0.666504
8742 1444828672.019035 4.390137 -51.18988 -128.505707 -0.408325 0.934753 -0.67627
8743 1444828672.029105 4.105591 -51.281128 -128.505707 -0.422974 0.949402 -0.702515
8744 1444828672.039301 4.268188 -51.144257 -128.235168 -0.424805 0.960388 -0.723877
8745 1444828672.049442 4.14624 -51.144257 -128.66803 -0.408325 0.97229 -0.721436
8746 1444828672.059506 4.064941 -51.235504 -128.559814 -0.421143 0.952148 -0.731201
8747 1444828672.069575 4.18689 -51.281128 -128.181061 -0.455017 0.92926 -0.718384
8748 1444828672.079611 4.105591 -51.18988 -128.235168 -0.438538 0.921936 -0.703735
8749 1444828672.089673 4.105591 -51.372375 -128.451599 -0.422058 0.911865 -0.67749
8750 1444828672.099734 4.105591 -51.372375 -128.343384 -0.420227 0.898132 -0.670776
8751 1444828672.109798 3.942993 -51.463623 -128.397491 -0.42572 0.882568 -0.650635
8752 1444828672.119902 4.024292 -51.509247 -128.235168 -0.434875 0.87616 -0.627441
