8518 1444986371.859755 0.038452 -0.076904 -10.008569
8519 1444986371.869694 0.038452 0.010986 -10.008569
8520 1444986371.878047 0.038452 0.010986 -10.008569
8521 1444986371.887580 0.038452 -0.076904 -10.008569
8522 1444986371.899981 -0.049439 0.010986 -10.008569
8523 1444986371.910326 -0.049439 0.010986 -10.008569
8524 1444986371.923506 0.038452 0.010986 -10.008569
8525 1444986371.932224 -0.049439 0.010986 -10.008569
8526 1444986371.938982 -0.049439 0.010986 -10.008569
8527 1444986371.949675 -0.049439 0.010986 -10.008569
8528 1444986371.959760 -0.049439 0.010986 -10.008569
8529 1444986371.969641 -0.049439 0.010986 -10.008569
8530 1444986371.980006 -0.049439 -0.076904 -10.008569
8531 1444986371.989973 -0.049439 0.010986 -10.008569
8532 1444986372.000158 0.038452 0.010986 -10.008569
8533 1444986372.010344 -0.049439 0.010986 -10.008569
8534 1444986372.020389 0.038452 0.010986 -10.008569
8535 1444986372.033062 -0.049439 0.010986 -10.008569
8536 1444986372.042711 0.038452 0.010986 -10.008569
8537 1444986372.052749 0.038452 0.010986 -10.008569
8538 1444986372.062713 0.038452 0.010986 -10.008569
8539 1444986372.072592 0.038452 0.010986 -10.008569
8540 1444986372.082597 -0.049439 0.010986 -10.008569
8541 1444986372.093578 0.038452 0.010986 -10.008569
8542 1444986372.103377 0.038452 -0.076904 -10.008569
8543 1444986372.113281 0.038452 0.010986 -10.008569
8544 1444986372.124547 -0.049439 0.010986 -10.008569
8545 1444986372.134127 0.038452 -0.076904 -10.008569
8546 1444986372.144065 0.038452 0.010986 -10.008569
8547 1444986372.154312 -0.049439 0.010986 -10.008569
8548 1444986372.164476 0.038452 0.010986 -9.920679
8549 1444986372.174754 0.038452 0.010986 -10.008569
8550 1444986372.184911 0.038452 0.010986 -9.920679
8551 1444986372.194802 -0.049439 0.010986 -10.008569
8552 1444986372.204906 -0.049439 0.010986 -10.008569
8553 1444986372.214967 0.038452 0.010986 -10.008569
8554 1444986372.225147 0.038452 0.010986 -9.920679
8555 1444986372.235387 -0.049439 0.010986 -9.920679
8556 1444986372.245374 -0.049439 0.010986 -9.920679
8557 1444986372.255490 0.038452 0.010986 -9.920679
8558 1444986372.265561 -0.049439 0.010986 -10.008569
8559 1444986372.275759 -0.049439 0.010986 -9.920679
8560 1444986372.285854 -0.049439 0.010986 -10.008569
8561 1444986372.296085 -0.049439 0.010986 -10.008569
8562 1444986372.306117 0.038452 0.010986 -10.008569
8563 1444986372.316210 0.038452 0.010986 -10.008569
8564 1444986372.326353 0.038452 0.010986 -9.920679
8565 1444986372.336365 0.038452 -0.076904 -10.008569
8566 1444986372.346516 0.038452 0.010986 -10.008569
8567 1444986372.356598 -0.049439 -0.076904 -10.008569
8568 1444986372.366710 -0.049439 0.010986 -10.008569
8569 1444986372.376893 -0.049439 0.010986 -10.008569
8570 1444986372.387058 -0.049439 0.010986 -10.008569
8571 1444986372.397199 0.038452 0.010986 -10.008569
8572 1444986372.402750 -0.049439 0.010986 -10.008569
8573 1444986372.413539 0.038452 0.010986 -10.008569
8574 1444986372.424278 0.038452 0.010986 -10.008569
8575 1444986372.434028 -0.049439 0.010986 -9.920679
8576 1444986372.443852 0.038452 0.010986 -9.920679
8577 1444986372.453921 -0.049439 0.010986 -10.008569
8578 1444986372.464457 0.038452 0.010986 -10.008569
8579 1444986372.474779 0.038452 -0.076904 -10.008569
8580 1444986372.485247 -0.049439 0.010986 -10.008569
8581 1444986372.494636 -0.049439 -0.076904 -10.008569
8582 1444986372.504635 -0.049439 0.010986 -10.008569
8583 1444986372.514720 0.038452 0.010986 -10.008569
8584 1444986372.525013 0.038452 -0.076904 -10.008569
8585 1444986372.534925 0.038452 -0.076904 -10.008569
8586 1444986372.545031 -0.049439 0.010986 -10.008569
8587 1444986372.555209 -0.049439 0.010986 -10.008569
8588 1444986372.565477 0.038452 0.010986 -10.008569
8589 1444986372.575640 0.038452 0.010986 -10.008569
8590 1444986372.583197 0.038452 0.010986 -10.008569
8591 1444986372.596120 -0.049439 -0.076904 -10.008569
8592 1444986372.606370 -0.049439 0.010986 -9.920679
8593 1444986372.617524 0.038452 0.010986 -10.008569
8594 1444986372.628013 -0.049439 0.010986 -10.008569
8595 1444986372.637875 0.038452 0.010986 -10.008569
8596 1444986372.647906 -0.049439 -0.076904 -10.008569
8597 1444986372.657940 -0.049439 0.010986 -10.008569
8598 1444986372.668000 -0.049439 0.010986 -9.920679
8599 1444986372.678279 0.038452 0.010986 -10.008569
8600 1444986372.688286 0.038452 0.010986 -10.008569
8601 1444986372.698278 0.038452 0.010986 -10.008569
8602 1444986372.708527 0.038452 0.010986 -10.008569
8603 1444986372.718484 0.038452 0.010986 -10.008569
8604 1444986372.729003 0.038452 0.010986 -10.008569
8605 1444986372.738771 0.038452 0.010986 -10.008569
8606 1444986372.748766 0.038452 0.010986 -10.008569
8607 1444986372.759015 0.038452 0.010986 -10.008569
8608 1444986372.769016 -0.049439 -0.076904 -10.008569
8609 1444986372.779229 0.038452 -0.076904 -10.008569
8610 1444986372.789207 -0.049439 0.010986 -10.008569
8611 1444986372.799420 0.038452 0.010986 -10.008569
8612 1444986372.809529 0.038452 0.010986 -9.920679
8613 1444986372.820402 -0.049439 0.010986 -10.008569
8614 1444986372.830205 -0.049439 0.010986 -9.920679
8615 1444986372.839943 0.038452 -0.076904 -9.920679
8616 1444986372.850330 0.038452 0.010986 -10.008569
8617 1444986372.860494 0.038452 0.010986 -10.008569
8618 1444986372.870322 0.038452 0.010986 -9.920679
8619 1444986372.880988 0.038452 0.010986 -10.008569
8620 1444986372.890929 0.038452 0.010986 -10.008569
8621 1444986372.900899 0.038452 0.010986 -10.008569
8622 1444986372.910642 -0.049439 0.010986 -10.008569
8623 1444986372.921024 -0.049439 0.010986 -10.008569
8624 1444986372.931002 0.038452 0.010986 -10.008569
8625 1444986372.941168 0.038452 0.010986 -10.008569
8626 1444986372.951259 0.038452 0.010986 -10.008569
8627 1444986372.961366 0.038452 0.010986 -10.008569
8628 1444986372.971471 0.038452 0.010986 -10.008569
8629 1444986372.978280 -0.049439 0.010986 -10.008569
8630 1444986372.988050 0.038452 0.010986 -10.008569
8631 1444986372.997691 0.038452 0.010986 -10.008569
8632 1444986373.011890 0.038452 0.010986 -10.008569
8633 1444986373.017917 0.038452 0.010986 -10.008569
8634 1444986373.029471 -0.049439 0.010986 -10.008569
8635 1444986373.039204 -0.049439 0.010986 -9.920679
8636 1444986373.049014 0.038452 0.010986 -10.008569
8637 1444986373.058656 -0.049439 0.010986 -10.008569
8638 1444986373.068605 -0.049439 0.010986 -10.008569
8639 1444986373.080327 -0.049439 0.010986 -10.008569
8640 1444986373.089311 0.038452 0.010986 -10.008569
8641 1444986373.099249 0.038452 0.010986 -10.008569
8642 1444986373.109225 -0.049439 0.010986 -10.008569
8643 1444986373.119083 -0.049439 0.010986 -10.008569
8644 1444986373.129589 -0.049439 0.010986 -10.008569
8645 1444986373.140572 -0.049439 0.010986 -10.008569
8646 1444986373.150583 0.038452 0.010986 -10.008569
8647 1444986373.160706 -0.049439 0.010986 -10.008569
8648 1444986373.170949 0.038452 0.010986 -10.008569
8649 1444986373.182899 -0.049439 0.010986 -10.008569
8650 1444986373.191143 0.038452 0.010986 -10.008569
8651 1444986373.201262 0.038452 0.010986 -10.008569
8652 1444986373.211384 0.038452 0.010986 -10.008569
8653 1444986373.221516 0.038452 0.010986 -10.008569
8654 1444986373.233371 0.038452 0.010986 -10.008569
8655 1444986373.243041 -0.049439 0.010986 -10.008569
8656 1444986373.253212 -0.049439 0.010986 -10.008569
8657 1444986373.263404 -0.049439 0.010986 -10.008569
8658 1444986373.272833 0.038452 0.010986 -10.008569
8659 1444986373.277983 -0.049439 0.010986 -10.008569
8660 1444986373.293746 -0.049439 -0.076904 -10.008569
8661 1444986373.303725 -0.049439 -0.076904 -9.920679
8662 1444986373.313772 0.038452 0.010986 -10.008569
8663 1444986373.317987 -0.049439 0.010986 -10.008569
8664 1444986373.328081 0.038452 0.010986 -9.920679
8665 1444986373.344004 0.038452 0.010986 -10.008569
8666 1444986373.354085 -0.049439 0.010986 -10.008569
8667 1444986373.364196 0.038452 0.010986 -10.008569
8668 1444986373.368482 0.038452 0.010986 -10.008569
8669 1444986373.378326 -0.049439 0.010986 -10.008569
8670 1444986373.394337 0.038452 0.010986 -10.008569
8671 1444986373.404391 0.038452 0.010986 -10.008569
8672 1444986373.409008 0.038452 0.010986 -10.008569
8673 1444986373.419086 -0.049439 0.010986 -9.920679
8674 1444986373.429518 0.038452 0.010986 -10.008569
8675 1444986373.439416 -0.049439 0.010986 -10.008569
8676 1444986373.454871 0.038452 0.010986 -10.008569
8677 1444986373.459828 -0.049439 0.010986 -10.008569
8678 1444986373.469974 -0.049439 0.010986 -10.008569
8679 1444986373.484997 0.038452 0.010986 -9.920679
8680 1444986373.495188 -0.049439 0.010986 -10.008569
8681 1444986373.500282 0.038452 0.010986 -10.008569
8682 1444986373.510430 0.038452 0.010986 -9.920679
8683 1444986373.520551 0.038452 0.010986 -10.008569
8684 1444986373.529510 0.038452 -0.076904 -10.008569
8685 1444986373.538290 -0.049439 0.010986 -10.008569
8686 1444986373.551186 -0.049439 0.010986 -10.008569
8687 1444986373.561277 -0.049439 0.010986 -10.008569
8688 1444986373.568054 -0.049439 -0.076904 -10.008569
8689 1444986373.582961 -0.049439 0.010986 -9.920679
8690 1444986373.594048 -0.049439 0.010986 -10.008569
8691 1444986373.604266 -0.049439 0.010986 -10.008569
8692 1444986373.614279 0.038452 0.010986 -10.008569
8693 1444986373.624639 0.038452 0.010986 -10.008569
8694 1444986373.634658 -0.049439 0.010986 -10.008569
8695 1444986373.644609 0.038452 0.010986 -10.008569
8696 1444986373.654686 0.038452 0.010986 -10.008569
8697 1444986373.664809 -0.049439 -0.076904 -10.008569
8698 1444986373.674971 -0.049439 0.010986 -9.920679
8699 1444986373.685153 -0.049439 0.010986 -10.008569
8700 1444986373.695123 0.038452 -0.076904 -10.008569
8701 1444986373.705246 -0.049439 0.010986 -10.008569
8702 1444986373.715381 0.038452 0.010986 -10.008569
8703 1444986373.725549 0.038452 0.010986 -10.008569
8704 1444986373.735696 -0.049439 0.010986 -10.008569
8705 1444986373.745801 -0.049439 0.010986 -10.008569
8706 1444986373.755871 -0.049439 0.010986 -10.008569
8707 1444986373.765949 0.038452 0.010986 -10.008569
8708 1444986373.776128 0.038452 -0.076904 -10.008569
8709 1444986373.786203 0.038452 0.010986 -10.008569
8710 1444986373.796285 -0.049439 0.010986 -10.008569
8711 1444986373.806359 0.038452 0.010986 -10.008569
8712 1444986373.816485 -0.049439 0.010986 -10.008569
8713 1444986373.827946 -0.049439 0.010986 -10.008569
8714 1444986373.838137 0.038452 0.010986 -10.008569
8715 1444986373.848194 0.038452 0.010986 -10.008569
8716 1444986373.858088 -0.049439 0.010986 -10.008569
8717 1444986373.868046 0.038452 0.010986 -10.008569
8718 1444986373.878426 0.038452 0.010986 -10.008569
8719 1444986373.888844 -0.049439 -0.076904 -10.008569
8720 1444986373.898205 0.038452 0.010986 -10.008569
8721 1444986373.908411 0.038452 0.010986 -9.920679
8722 1444986373.918644 -0.049439 0.010986 -10.008569
8723 1444986373.928542 -0.049439 0.010986 -10.008569
8724 1444986373.939107 0.038452 0.010986 -10.008569
8725 1444986373.948735 -0.049439 0.010986 -9.920679
8726 1444986373.958951 -0.049439 0.010986 -10.008569
8727 1444986373.968934 -0.049439 -0.076904 -10.008569
8728 1444986373.978926 0.038452 0.010986 -10.008569
8729 1444986373.987571 -0.049439 0.010986 -10.008569
8730 1444986373.999426 -0.049439 0.010986 -10.008569
8731 1444986374.009599 0.038452 -0.076904 -10.008569
8732 1444986374.019721 0.038452 0.010986 -9.920679
8733 1444986374.027611 0.038452 0.010986 -10.008569
8734 1444986374.040152 -0.049439 0.010986 -10.008569
8735 1444986374.050478 -0.049439 0.010986 -9.920679
8736 1444986374.052698 -0.049439 0.010986 -10.008569
8737 1444986374.067537 -0.049439 0.010986 -10.008569
8738 1444986374.078229 0.038452 0.010986 -10.008569
8739 1444986374.088499 0.038452 0.010986 -10.008569
8740 1444986374.098418 -0.049439 0.010986 -10.008569
8741 1444986374.108390 0.038452 0.010986 -10.008569
8742 1444986374.118676 -0.049439 0.010986 -10.008569
8743 1444986374.128844 -0.049439 0.010986 -10.008569
8744 1444986374.138974 0.038452 0.010986 -10.008569
8745 1444986374.148965 0.038452 0.010986 -10.008569
8746 1444986374.159088 -0.049439 -0.076904 -10.008569
8747 1444986374.169234 -0.049439 0.010986 -10.008569
8748 1444986374.179397 0.038452 0.010986 -10.008569
8749 1444986374.189336 0.038452 -0.076904 -10.008569
8750 1444986374.199543 -0.049439 0.010986 -10.008569
8751 1444986374.209966 0.038452 -0.076904 -10.008569
8752 1444986374.219599 0.038452 -0.076904 -10.008569
8753 1444986374.229996 0.038452 0.010986 -10.008569
8754 1444986374.240109 0.038452 0.010986 -10.008569
8755 1444986374.250621 0.038452 0.010986 -10.008569
8756 1444986374.260099 0.038452 0.010986 -10.008569
8757 1444986374.270324 0.038452 0.010986 -10.008569
8758 1444986374.280411 -0.049439 -0.076904 -10.008569
8759 1444986374.290272 0.038452 0.010986 -10.008569
8760 1444986374.300623 -0.049439 0.010986 -9.920679
8761 1444986374.310933 0.038452 -0.076904 -10.008569
8762 1444986374.320692 -0.049439 0.010986 -10.008569
8763 1444986374.327827 -0.049439 -0.076904 -10.008569
8764 1444986374.337785 0.038452 -0.076904 -10.008569
8765 1444986374.347637 0.038452 -0.076904 -9.920679
8766 1444986374.357634 -0.049439 0.010986 -10.008569
8767 1444986374.367636 0.038452 -0.076904 -10.008569
8768 1444986374.378371 -0.049439 0.010986 -10.008569
8769 1444986374.388873 0.038452 0.010986 -10.008569
8770 1444986374.402573 -0.049439 0.010986 -10.008569
8771 1444986374.412593 0.038452 0.010986 -10.008569
8772 1444986374.422732 -0.049439 0.010986 -10.008569
8773 1444986374.433791 -0.049439 0.010986 -10.008569
8774 1444986374.437999 -0.049439 0.010986 -10.008569
8775 1444986374.453865 0.038452 0.010986 -10.008569
8776 1444986374.464029 0.038452 0.010986 -10.008569
8777 1444986374.474115 -0.049439 0.010986 -9.920679
8778 1444986374.478400 0.038452 0.010986 -10.008569
8779 1444986374.494057 -0.049439 -0.076904 -10.008569
8780 1444986374.498775 0.038452 0.010986 -10.008569
8781 1444986374.514090 0.038452 0.010986 -9.920679
8782 1444986374.519379 -0.049439 0.010986 -10.008569
8783 1444986374.534560 0.038452 -0.076904 -10.008569
8784 1444986374.538905 0.038452 0.010986 -10.008569
8785 1444986374.549745 -0.049439 0.010986 -10.008569
8786 1444986374.564907 -0.049439 -0.076904 -10.008569
8787 1444986374.570085 -0.049439 0.010986 -10.008569
8788 1444986374.580250 0.038452 0.010986 -10.008569
8789 1444986374.590297 0.038452 -0.076904 -10.008569
8790 1444986374.600694 0.038452 0.010986 -10.008569
8791 1444986374.610954 0.038452 0.010986 -10.008569
8792 1444986374.621061 0.038452 0.010986 -10.008569
8793 1444986374.632783 0.038452 0.010986 -10.008569
8794 1444986374.637767 0.038452 0.010986 -9.920679
8795 1444986374.652849 0.038452 -0.076904 -10.008569
8796 1444986374.662643 -0.049439 0.010986 -10.008569
8797 1444986374.672959 0.038452 0.010986 -10.008569
8798 1444986374.683464 0.038452 0.010986 -10.008569
8799 1444986374.693503 0.038452 0.010986 -10.008569
8800 1444986374.703449 0.038452 0.010986 -10.008569
8801 1444986374.713457 -0.049439 0.010986 -10.008569
8802 1444986374.723612 0.038452 0.010986 -10.008569
8803 1444986374.733764 0.038452 0.010986 -10.008569
8804 1444986374.743831 -0.049439 0.010986 -10.008569
8805 1444986374.754076 0.038452 0.010986 -10.008569
8806 1444986374.764025 0.038452 0.010986 -10.008569
8807 1444986374.774244 0.038452 0.010986 -10.008569
8808 1444986374.784259 0.038452 0.010986 -10.008569
8809 1444986374.794383 0.038452 0.010986 -9.920679
8810 1444986374.804584 -0.049439 0.010986 -10.008569
8811 1444986374.814552 0.038452 0.010986 -10.008569
8812 1444986374.824788 0.038452 0.010986 -10.008569
8813 1444986374.834763 0.038452 0.010986 -10.008569
8814 1444986374.844957 0.038452 0.010986 -10.008569
8815 1444986374.855051 -0.049439 0.010986 -10.008569
8816 1444986374.865297 -0.049439 0.010986 -10.008569
8817 1444986374.875542 -0.049439 0.010986 -10.008569
8818 1444986374.883363 0.038452 0.010986 -10.008569
8819 1444986374.896188 0.038452 0.010986 -10.008569
8820 1444986374.906441 0.038452 0.010986 -10.008569
8821 1444986374.916720 0.038452 0.010986 -10.008569
8822 1444986374.927379 -0.049439 0.010986 -10.008569
8823 1444986374.933412 -0.049439 0.010986 -10.008569
8824 1444986374.944379 0.038452 0.010986 -10.008569
8825 1444986374.954508 -0.049439 0.010986 -10.008569
8826 1444986374.964589 -0.049439 0.010986 -10.008569
8827 1444986374.975345 -0.049439 0.010986 -10.008569
8828 1444986374.985191 0.038452 0.010986 -10.008569
8829 1444986374.995224 0.038452 0.010986 -10.008569
8830 1444986375.005426 0.038452 0.010986 -10.008569
8831 1444986375.015598 -0.049439 0.010986 -10.008569
8832 1444986375.028095 0.038452 0.010986 -10.008569
8833 1444986375.037775 -0.049439 0.010986 -10.008569
8834 1444986375.048320 -0.049439 0.010986 -9.920679
8835 1444986375.057366 0.038452 -0.076904 -10.008569
8836 1444986375.068027 0.038452 0.010986 -10.008569
8837 1444986375.072557 -0.049439 0.010986 -10.008569
8838 1444986375.087922 -0.049439 0.010986 -10.008569
8839 1444986375.093499 -0.049439 0.010986 -10.008569
8840 1444986375.103804 -0.049439 0.010986 -10.008569
8841 1444986375.114202 0.038452 0.010986 -10.008569
8842 1444986375.124244 0.038452 -0.076904 -10.008569
8843 1444986375.134200 0.038452 -0.076904 -10.008569
8844 1444986375.145447 0.038452 0.010986 -10.008569
8845 1444986375.155621 0.038452 0.010986 -10.008569
8846 1444986375.165628 0.038452 0.010986 -10.008569
8847 1444986375.175883 -0.049439 0.010986 -10.008569
8848 1444986375.185911 -0.049439 0.010986 -10.008569
8849 1444986375.195984 -0.049439 0.010986 -10.008569
8850 1444986375.206198 0.038452 0.010986 -10.008569
8851 1444986375.212903 -0.049439 0.010986 -10.008569
8852 1444986375.223162 -0.049439 0.010986 -10.008569
8853 1444986375.234143 0.038452 0.010986 -10.008569
8854 1444986375.243540 0.038452 -0.076904 -10.008569
8855 1444986375.253546 0.038452 0.010986 -10.008569
8856 1444986375.267781 -0.049439 0.010986 -10.008569
8857 1444986375.277925 0.038452 0.010986 -10.008569
8858 1444986375.287586 -0.049439 0.010986 -10.008569
8859 1444986375.297777 0.038452 0.010986 -10.008569
8860 1444986375.307969 -0.049439 0.010986 -10.008569
8861 1444986375.318097 -0.049439 -0.076904 -10.008569
8862 1444986375.328182 0.038452 0.010986 -10.008569
8863 1444986375.338117 0.038452 -0.076904 -10.008569
8864 1444986375.348645 0.038452 0.010986 -10.008569
8865 1444986375.358760 0.038452 0.010986 -10.008569
8866 1444986375.368623 -0.049439 0.010986 -10.008569
8867 1444986375.380340 0.038452 0.010986 -9.920679
8868 1444986375.389984 0.038452 0.010986 -10.008569
8869 1444986375.400214 0.038452 0.010986 -10.008569
8870 1444986375.410180 -0.049439 0.010986 -10.008569
8871 1444986375.420379 -0.049439 -0.076904 -10.008569
8872 1444986375.430970 0.038452 0.010986 -10.008569
8873 1444986375.440402 0.038452 0.010986 -10.008569
8874 1444986375.450478 -0.049439 0.010986 -10.008569
8875 1444986375.460642 -0.049439 0.010986 -10.008569
8876 1444986375.470708 0.038452 0.010986 -10.008569
8877 1444986375.477593 -0.049439 0.010986 -10.008569
8878 1444986375.490918 0.038452 0.010986 -10.008569
8879 1444986375.501043 -0.049439 0.010986 -10.008569
8880 1444986375.511222 -0.049439 0.010986 -10.008569
8881 1444986375.521296 0.038452 -0.076904 -10.008569
8882 1444986375.528187 0.038452 0.010986 -10.008569
8883 1444986375.538034 -0.049439 0.010986 -10.008569
8884 1444986375.547800 -0.049439 0.010986 -10.008569
8885 1444986375.557789 -0.049439 0.010986 -10.008569
8886 1444986375.568199 0.038452 0.010986 -10.008569
8887 1444986375.578468 0.038452 0.010986 -10.008569
8888 1444986375.588657 0.038452 0.010986 -10.008569
8889 1444986375.598659 0.038452 0.010986 -10.008569
8890 1444986375.608702 -0.049439 0.010986 -10.008569
8891 1444986375.618737 0.038452 0.010986 -10.008569
8892 1444986375.628960 -0.049439 0.010986 -9.920679
8893 1444986375.639089 0.038452 0.010986 -10.008569
8894 1444986375.649522 -0.049439 0.010986 -10.008569
8895 1444986375.659220 -0.049439 0.010986 -10.008569
8896 1444986375.669477 0.038452 0.010986 -10.008569
8897 1444986375.679538 0.038452 0.010986 -10.008569
8898 1444986375.689306 0.038452 0.010986 -10.008569
8899 1444986375.699915 0.038452 0.010986 -10.008569
8900 1444986375.709856 0.038452 0.010986 -10.008569
8901 1444986375.720068 -0.049439 0.010986 -10.008569
8902 1444986375.730124 0.038452 0.010986 -10.008569
8903 1444986375.740003 0.038452 0.010986 -10.008569
8904 1444986375.750353 0.038452 0.010986 -10.008569
8905 1444986375.760379 0.038452 0.010986 -9.920679
8906 1444986375.770407 0.038452 0.010986 -10.008569
8907 1444986375.780445 0.038452 -0.076904 -10.008569
8908 1444986375.790558 0.038452 0.010986 -10.008569
8909 1444986375.800709 0.038452 0.010986 -10.008569
8910 1444986375.810795 -0.049439 0.010986 -10.008569
8911 1444986375.821094 0.038452 0.010986 -10.008569
8912 1444986375.833220 -0.049439 0.010986 -10.008569
8913 1444986375.842566 0.038452 0.010986 -10.008569
8914 1444986375.852978 -0.049439 -0.076904 -10.008569
8915 1444986375.862957 -0.049439 0.010986 -10.008569
8916 1444986375.872574 0.038452 0.010986 -10.008569
8917 1444986375.883774 0.038452 0.010986 -9.920679
8918 1444986375.893675 -0.049439 0.010986 -9.920679
8919 1444986375.903888 0.038452 -0.076904 -10.008569
8920 1444986375.913630 0.038452 0.010986 -10.008569
8921 1444986375.923728 0.038452 0.010986 -10.008569
8922 1444986375.933149 0.038452 0.010986 -10.008569
8923 1444986375.943896 -0.049439 0.010986 -10.008569
8924 1444986375.953861 -0.049439 0.010986 -10.008569
8925 1444986375.963816 0.038452 0.010986 -9.920679
8926 1444986375.974094 0.038452 0.010986 -9.920679
8927 1444986375.984000 -0.049439 0.010986 -10.008569
8928 1444986375.994228 -0.049439 0.010986 -10.008569
8929 1444986376.004515 -0.049439 0.010986 -9.920679
8930 1444986376.014714 -0.049439 0.010986 -10.008569
8931 1444986376.020008 0.038452 0.010986 -10.008569
8932 1444986376.030148 -0.049439 0.010986 -10.008569
8933 1444986376.040093 0.038452 0.010986 -9.920679
8934 1444986376.050222 0.038452 0.010986 -10.008569
8935 1444986376.060531 0.038452 0.010986 -9.920679
8936 1444986376.070961 0.038452 -0.076904 -9.920679
8937 1444986376.080711 0.038452 0.010986 -10.008569
8938 1444986376.090869 0.038452 0.010986 -10.008569
8939 1444986376.101051 0.038452 0.010986 -10.008569
8940 1444986376.111023 0.038452 0.010986 -10.008569
8941 1444986376.121169 0.038452 0.010986 -9.920679
8942 1444986376.131362 0.038452 0.010986 -10.008569
8943 1444986376.141468 0.038452 0.010986 -10.008569
8944 1444986376.151546 0.038452 0.010986 -9.920679
8945 1444986376.162743 0.038452 0.010986 -10.008569
8946 1444986376.173077 -0.049439 0.010986 -9.920679
8947 1444986376.183466 0.038452 0.010986 -10.008569
8948 1444986376.193068 0.038452 0.010986 -9.920679
8949 1444986376.203401 0.038452 0.010986 -9.920679
8950 1444986376.213378 0.038452 -0.076904 -10.008569
8951 1444986376.223541 -0.049439 0.010986 -10.008569
8952 1444986376.233792 0.038452 0.010986 -10.008569
8953 1444986376.243533 0.038452 0.010986 -10.008569
8954 1444986376.253856 -0.049439 0.010986 -10.008569
8955 1444986376.264027 0.038452 0.010986 -10.008569
8956 1444986376.274016 0.038452 -0.076904 -10.008569
8957 1444986376.284170 -0.049439 0.010986 -9.920679
8958 1444986376.294216 0.038452 0.010986 -10.008569
8959 1444986376.304241 0.038452 -0.076904 -10.008569
8960 1444986376.314354 -0.049439 -0.076904 -10.008569
8961 1444986376.324566 0.038452 0.010986 -10.008569
8962 1444986376.334552 0.038452 0.010986 -10.008569
8963 1444986376.344711 -0.049439 0.010986 -10.008569
8964 1444986376.354787 -0.049439 0.010986 -10.008569
8965 1444986376.364998 -0.049439 0.010986 -9.920679
8966 1444986376.375150 0.038452 -0.076904 -10.008569
8967 1444986376.385269 0.038452 0.010986 -10.008569
8968 1444986376.395681 0.038452 0.010986 -10.008569
8969 1444986376.405473 0.038452 0.010986 -9.920679
8970 1444986376.415612 0.038452 -0.076904 -9.920679
8971 1444986376.425740 0.038452 0.010986 -10.008569
8972 1444986376.433251 0.038452 0.010986 -10.008569
8973 1444986376.446186 0.038452 -0.076904 -10.008569
8974 1444986376.457571 0.038452 0.010986 -10.008569
8975 1444986376.467587 0.038452 -0.076904 -10.008569
8976 1444986376.477698 0.038452 0.010986 -10.008569
8977 1444986376.487557 -0.049439 -0.076904 -9.920679
8978 1444986376.498063 0.038452 0.010986 -10.008569
8979 1444986376.508222 -0.049439 -0.076904 -10.008569
8980 1444986376.513673 -0.049439 0.010986 -10.008569
8981 1444986376.525868 0.038452 0.010986 -10.008569
8982 1444986376.534743 0.038452 0.010986 -10.008569
8983 1444986376.544330 0.038452 0.010986 -10.008569
8984 1444986376.554800 0.038452 0.010986 -10.008569
8985 1444986376.564724 -0.049439 0.010986 -10.008569
8986 1444986376.575565 -0.049439 0.010986 -9.920679
8987 1444986376.585551 -0.049439 0.010986 -10.008569
8988 1444986376.595738 -0.049439 0.010986 -10.008569
8989 1444986376.605496 -0.049439 0.010986 -10.008569
8990 1444986376.615435 -0.049439 0.010986 -10.008569
8991 1444986376.628600 0.038452 0.010986 -10.008569
8992 1444986376.638422 -0.049439 -0.076904 -10.008569
8993 1444986376.646212 -0.049439 0.010986 -9.920679
8994 1444986376.655957 -0.049439 0.010986 -10.008569
8995 1444986376.666200 0.038452 0.010986 -10.008569
8996 1444986376.676213 0.038452 -0.076904 -9.920679
8997 1444986376.686404 0.038452 0.010986 -10.008569
8998 1444986376.696368 -0.049439 0.010986 -10.008569
8999 1444986376.706496 0.038452 0.010986 -10.008569
9000 1444986376.712702 0.038452 0.010986 -10.008569
9001 1444986376.729424 -0.049439 -0.076904 -10.008569
9002 1444986376.739249 0.038452 0.010986 -9.920679
9003 1444986376.749093 -0.049439 0.010986 -10.008569
9004 1444986376.758491 -0.049439 -0.076904 -10.008569
9005 1444986376.769217 -0.049439 0.010986 -10.008569
9006 1444986376.779243 0.038452 -0.076904 -10.008569
9007 1444986376.789378 -0.049439 -0.076904 -10.008569
9008 1444986376.799400 0.038452 0.010986 -10.008569
9009 1444986376.809533 0.038452 0.010986 -9.920679
9010 1444986376.819637 0.038452 0.010986 -10.008569
9011 1444986376.829849 0.038452 -0.076904 -10.008569
9012 1444986376.839895 -0.049439 -0.076904 -10.008569
9013 1444986376.849911 0.038452 0.010986 -10.008569
9014 1444986376.859920 0.038452 0.010986 -10.008569
9015 1444986376.870052 -0.049439 -0.076904 -10.008569
9016 1444986376.878035 0.038452 0.010986 -10.008569
9017 1444986376.888568 0.038452 0.010986 -10.008569
9018 1444986376.900706 0.038452 0.010986 -10.008569
9019 1444986376.910767 0.038452 0.010986 -10.008569
9020 1444986376.920949 0.038452 0.010986 -10.008569
9021 1444986376.928978 -0.049439 0.010986 -10.008569
9022 1444986376.939807 -0.049439 0.010986 -9.920679
9023 1444986376.948374 0.038452 0.010986 -10.008569
9024 1444986376.958373 -0.049439 0.010986 -10.008569
9025 1444986376.968597 -0.049439 0.010986 -10.008569
9026 1444986376.979068 0.038452 0.010986 -10.008569
9027 1444986376.988957 0.038452 0.010986 -10.008569
9028 1444986376.998897 -0.049439 0.010986 -10.008569
9029 1444986377.008965 0.038452 0.010986 -10.008569
9030 1444986377.018967 0.038452 -0.076904 -10.008569
9031 1444986377.029310 0.038452 0.010986 -9.920679
9032 1444986377.039205 -0.049439 0.010986 -10.008569
9033 1444986377.049401 -0.049439 0.010986 -10.008569
9034 1444986377.059392 -0.049439 0.010986 -10.008569
9035 1444986377.069542 -0.049439 0.010986 -10.008569
9036 1444986377.079931 0.038452 0.010986 -10.008569
9037 1444986377.089596 0.038452 0.010986 -10.008569
9038 1444986377.099792 0.038452 -0.076904 -10.008569
9039 1444986377.109836 -0.049439 0.010986 -10.008569
9040 1444986377.119939 -0.049439 0.010986 -10.008569
9041 1444986377.130795 0.038452 0.010986 -10.008569
9042 1444986377.140379 0.038452 0.010986 -10.008569
9043 1444986377.151261 -0.049439 0.010986 -10.008569
9044 1444986377.160916 0.038452 0.010986 -10.008569
9045 1444986377.171319 0.038452 0.010986 -10.008569
9046 1444986377.181267 0.038452 0.010986 -9.920679
9047 1444986377.188325 -0.049439 0.010986 -9.920679
9048 1444986377.198080 0.038452 0.010986 -10.008569
9049 1444986377.207889 0.038452 0.010986 -10.008569
9050 1444986377.218346 0.038452 0.010986 -10.008569
9051 1444986377.229377 -0.049439 0.010986 -10.008569
9052 1444986377.239113 0.038452 0.010986 -10.008569
9053 1444986377.253296 -0.049439 0.010986 -9.920679
9054 1444986377.263235 0.038452 0.010986 -10.008569
9055 1444986377.273240 -0.049439 0.010986 -10.008569
9056 1444986377.281158 -0.049439 0.010986 -10.008569
9057 1444986377.290883 -0.049439 0.010986 -10.008569
9058 1444986377.300879 0.038452 0.010986 -10.008569
9059 1444986377.310860 0.038452 0.010986 -10.008569
9060 1444986377.321090 0.038452 0.010986 -10.008569
9061 1444986377.333747 -0.049439 0.010986 -10.008569
9062 1444986377.343124 -0.049439 0.010986 -10.008569
9063 1444986377.352991 -0.049439 0.010986 -10.008569
9064 1444986377.363428 0.038452 0.010986 -10.008569
9065 1444986377.373481 -0.049439 0.010986 -10.008569
9066 1444986377.383514 -0.049439 0.010986 -10.008569
9067 1444986377.394292 0.038452 0.010986 -10.008569
9068 1444986377.404377 0.038452 0.010986 -10.008569
9069 1444986377.414455 0.038452 0.010986 -10.008569
9070 1444986377.420182 -0.049439 0.010986 -9.920679
9071 1444986377.434849 -0.049439 0.010986 -10.008569
9072 1444986377.444906 0.038452 0.010986 -10.008569
9073 1444986377.450257 0.038452 0.010986 -10.008569
9074 1444986377.460235 -0.049439 0.010986 -9.920679
9075 1444986377.470505 0.038452 0.010986 -10.008569
9076 1444986377.480547 0.038452 0.010986 -10.008569
9077 1444986377.490486 0.038452 0.010986 -10.008569
9078 1444986377.500927 0.038452 0.010986 -10.008569
9079 1444986377.510878 0.038452 0.010986 -9.920679
9080 1444986377.521204 0.038452 -0.076904 -9.920679
9081 1444986377.534358 -0.049439 0.010986 -10.008569
9082 1444986377.542704 -0.049439 0.010986 -10.008569
9083 1444986377.552712 -0.049439 0.010986 -10.008569
9084 1444986377.561597 0.038452 0.010986 -10.008569
9085 1444986377.573080 0.038452 -0.076904 -10.008569
9086 1444986377.583003 0.038452 0.010986 -10.008569
9087 1444986377.594264 -0.049439 0.010986 -9.920679
9088 1444986377.604109 -0.049439 0.010986 -10.008569
9089 1444986377.614350 0.038452 0.010986 -10.008569
9090 1444986377.624733 0.038452 0.010986 -10.008569
9091 1444986377.634812 0.038452 0.010986 -10.008569
9092 1444986377.644773 -0.049439 0.010986 -10.008569
9093 1444986377.654762 0.038452 -0.076904 -10.008569
9094 1444986377.664675 0.038452 0.010986 -10.008569
9095 1444986377.674806 0.038452 0.010986 -10.008569
9096 1444986377.685366 -0.049439 0.010986 -10.008569
9097 1444986377.694349 0.038452 0.010986 -10.008569
9098 1444986377.704998 -0.049439 0.010986 -10.008569
9099 1444986377.714588 0.038452 0.010986 -10.008569
9100 1444986377.725727 0.038452 0.010986 -9.920679
9101 1444986377.734885 -0.049439 0.010986 -10.008569
9102 1444986377.745412 0.038452 0.010986 -10.008569
9103 1444986377.755248 0.038452 0.010986 -10.008569
9104 1444986377.765652 0.038452 -0.076904 -10.008569
9105 1444986377.775714 0.038452 0.010986 -10.008569
9106 1444986377.784217 0.038452 0.010986 -10.008569
9107 1444986377.796104 0.038452 0.010986 -10.008569
9108 1444986377.806259 0.038452 0.010986 -10.008569
9109 1444986377.812864 -0.049439 -0.076904 -10.008569
9110 1444986377.822697 0.038452 -0.076904 -10.008569
9111 1444986377.833652 0.038452 -0.076904 -10.008569
9112 1444986377.842763 0.038452 0.010986 -10.008569
9113 1444986377.852917 0.038452 0.010986 -10.008569
9114 1444986377.867799 0.038452 0.010986 -9.920679
9115 1444986377.873023 0.038452 0.010986 -10.008569
9116 1444986377.887863 0.038452 -0.076904 -10.008569
9117 1444986377.897997 0.038452 0.010986 -10.008569
9118 1444986377.908007 0.038452 0.010986 -10.008569
9119 1444986377.913486 0.038452 0.010986 -10.008569
9120 1444986377.923493 -0.049439 0.010986 -10.008569
9121 1444986377.933230 -0.049439 0.010986 -10.008569
9122 1444986377.943500 -0.049439 0.010986 -10.008569
9123 1444986377.953753 0.038452 0.010986 -10.008569
9124 1444986377.963793 -0.049439 0.010986 -10.008569
9125 1444986377.973946 -0.049439 0.010986 -9.920679
9126 1444986377.984095 0.038452 0.010986 -9.920679
9127 1444986377.994011 -0.049439 -0.076904 -10.008569
9128 1444986378.004107 0.038452 0.010986 -10.008569
9129 1444986378.014175 0.038452 0.010986 -9.920679
9130 1444986378.024351 0.038452 0.010986 -10.008569
9131 1444986378.034579 0.038452 0.010986 -10.008569
9132 1444986378.044712 -0.049439 0.010986 -10.008569
9133 1444986378.054819 0.038452 0.010986 -10.008569
9134 1444986378.064860 -0.049439 -0.076904 -10.008569
9135 1444986378.077730 -0.049439 0.010986 -10.008569
9136 1444986378.088233 0.038452 0.010986 -10.008569
9137 1444986378.097713 -0.049439 0.010986 -10.008569
9138 1444986378.105390 -0.049439 0.010986 -10.008569
9139 1444986378.115713 -0.049439 0.010986 -10.008569
9140 1444986378.128304 -0.049439 0.010986 -10.008569
9141 1444986378.137942 0.038452 0.010986 -10.008569
9142 1444986378.147824 -0.049439 0.010986 -10.008569
9143 1444986378.158058 0.038452 0.010986 -10.008569
9144 1444986378.168298 0.038452 0.010986 -10.008569
9145 1444986378.178433 -0.049439 -0.076904 -10.008569
9146 1444986378.189454 -0.049439 0.010986 -9.920679
9147 1444986378.198789 0.038452 -0.076904 -10.008569
9148 1444986378.208703 0.038452 0.010986 -10.008569
9149 1444986378.218307 -0.049439 0.010986 -10.008569
9150 1444986378.229246 -0.049439 0.010986 -10.008569
9151 1444986378.238946 0.038452 0.010986 -10.008569
9152 1444986378.249089 -0.049439 0.010986 -10.008569
9153 1444986378.259235 -0.049439 0.010986 -10.008569
9154 1444986378.269305 -0.049439 0.010986 -10.008569
9155 1444986378.279470 0.038452 0.010986 -10.008569
9156 1444986378.289422 -0.049439 0.010986 -10.008569
9157 1444986378.299789 0.038452 0.010986 -10.008569
9158 1444986378.310044 0.038452 0.010986 -10.008569
9159 1444986378.320036 -0.049439 -0.076904 -10.008569
9160 1444986378.330431 -0.049439 0.010986 -10.008569
9161 1444986378.340078 -0.049439 0.010986 -10.008569
9162 1444986378.350410 0.038452 0.010986 -10.008569
9163 1444986378.360492 0.038452 0.010986 -10.008569
9164 1444986378.370578 0.038452 -0.076904 -9.920679
9165 1444986378.380670 0.038452 0.010986 -10.008569
9166 1444986378.390712 0.038452 0.010986 -10.008569
9167 1444986378.401087 -0.049439 -0.076904 -10.008569
9168 1444986378.410987 0.038452 0.010986 -9.920679
9169 1444986378.421195 0.038452 0.010986 -10.008569
9170 1444986378.428349 -0.049439 0.010986 -10.008569
9171 1444986378.439905 -0.049439 -0.076904 -10.008569
9172 1444986378.448316 -0.049439 0.010986 -10.008569
9173 1444986378.456593 -0.049439 0.010986 -9.920679
9174 1444986378.462700 0.038452 0.010986 -10.008569
9175 1444986378.480318 0.038452 0.010986 -10.008569
9176 1444986378.489936 0.038452 0.010986 -10.008569
9177 1444986378.498687 0.038452 0.010986 -10.008569
9178 1444986378.508770 0.038452 0.010986 -10.008569
9179 1444986378.518763 0.038452 0.010986 -10.008569
9180 1444986378.529068 -0.049439 0.010986 -10.008569
9181 1444986378.539004 -0.049439 0.010986 -10.008569
9182 1444986378.548694 0.038452 0.010986 -10.008569
9183 1444986378.558947 -0.049439 0.010986 -10.008569
9184 1444986378.569033 0.038452 0.010986 -10.008569
9185 1444986378.579415 -0.049439 -0.076904 -10.008569
9186 1444986378.589515 0.038452 0.010986 -10.008569
9187 1444986378.599615 -0.049439 0.010986 -10.008569
9188 1444986378.609430 0.038452 0.010986 -10.008569
9189 1444986378.619627 -0.049439 0.010986 -9.920679
9190 1444986378.630418 0.038452 0.010986 -10.008569
9191 1444986378.640760 -0.049439 0.010986 -10.008569
9192 1444986378.649499 0.038452 0.010986 -10.008569
9193 1444986378.659887 0.038452 0.010986 -10.008569
9194 1444986378.671104 -0.049439 0.010986 -10.008569
9195 1444986378.681425 0.038452 0.010986 -10.008569
9196 1444986378.690366 0.038452 -0.076904 -10.008569
9197 1444986378.700788 -0.049439 0.010986 -10.008569
9198 1444986378.711316 -0.049439 0.010986 -10.008569
9199 1444986378.721043 0.038452 0.010986 -9.920679
9200 1444986378.731971 -0.049439 -0.076904 -10.008569
9201 1444986378.741212 0.038452 0.010986 -10.008569
9202 1444986378.753148 -0.049439 0.010986 -10.008569
9203 1444986378.761596 0.038452 0.010986 -10.008569
9204 1444986378.772626 -0.049439 0.010986 -10.008569
9205 1444986378.783356 -0.049439 0.010986 -10.008569
9206 1444986378.792757 0.038452 0.010986 -10.008569
9207 1444986378.803405 -0.049439 0.010986 -10.008569
9208 1444986378.813517 0.038452 -0.076904 -10.008569
9209 1444986378.823730 0.038452 0.010986 -10.008569
9210 1444986378.828299 -0.049439 -0.076904 -10.008569
9211 1444986378.843829 -0.049439 0.010986 -10.008569
9212 1444986378.853887 -0.049439 0.010986 -10.008569
9213 1444986378.863873 -0.049439 0.010986 -10.008569
9214 1444986378.873918 0.038452 0.010986 -10.008569
9215 1444986378.884126 0.038452 0.010986 -10.008569
9216 1444986378.889202 0.038452 0.010986 -10.008569
9217 1444986378.904236 -0.049439 0.010986 -10.008569
9218 1444986378.909367 -0.049439 -0.076904 -10.008569
9219 1444986378.919798 0.038452 0.010986 -10.008569
9220 1444986378.929802 0.038452 0.010986 -10.008569
9221 1444986378.939818 -0.049439 0.010986 -10.008569
9222 1444986378.949936 0.038452 0.010986 -10.008569
9223 1444986378.959980 0.038452 0.010986 -10.008569
9224 1444986378.970238 -0.049439 0.010986 -10.008569
9225 1444986378.980684 0.038452 0.010986 -10.008569
9226 1444986378.990705 0.038452 0.010986 -10.008569
9227 1444986379.000823 -0.049439 0.010986 -10.008569
9228 1444986379.010992 -0.049439 0.010986 -10.008569
9229 1444986379.021171 0.038452 0.010986 -10.008569
9230 1444986379.033744 -0.049439 0.010986 -10.008569
9231 1444986379.041302 -0.049439 0.010986 -9.920679
9232 1444986379.051391 -0.049439 -0.076904 -10.008569
9233 1444986379.061425 -0.049439 0.010986 -10.008569
9234 1444986379.067643 -0.049439 0.010986 -9.920679
9235 1444986379.078259 0.038452 0.010986 -9.920679
9236 1444986379.092767 0.038452 0.010986 -10.008569
9237 1444986379.102924 0.038452 0.010986 -10.008569
9238 1444986379.112976 -0.049439 0.010986 -10.008569
9239 1444986379.123964 0.038452 0.010986 -10.008569
9240 1444986379.128871 -0.049439 0.010986 -10.008569
9241 1444986379.142779 0.038452 0.010986 -10.008569
9242 1444986379.154402 0.038452 0.010986 -10.008569
9243 1444986379.164754 0.038452 0.010986 -10.008569
9244 1444986379.175679 -0.049439 0.010986 -10.008569
9245 1444986379.184878 0.038452 0.010986 -10.008569
9246 1444986379.194684 0.038452 -0.076904 -9.920679
9247 1444986379.204357 -0.049439 0.010986 -10.008569
9248 1444986379.214608 0.038452 0.010986 -10.008569
9249 1444986379.225173 -0.049439 0.010986 -10.008569
9250 1444986379.235902 -0.049439 0.010986 -10.008569
9251 1444986379.245431 0.038452 0.010986 -10.008569
9252 1444986379.255508 -0.049439 0.010986 -10.008569
9253 1444986379.265647 0.038452 0.010986 -10.008569
9254 1444986379.276077 0.038452 0.010986 -10.008569
9255 1444986379.285765 0.038452 0.010986 -10.008569
9256 1444986379.295928 -0.049439 0.010986 -10.008569
9257 1444986379.306157 0.038452 0.010986 -10.008569
9258 1444986379.316233 0.038452 0.010986 -10.008569
9259 1444986379.326412 0.038452 0.010986 -9.920679
9260 1444986379.332896 0.038452 0.010986 -10.008569
9261 1444986379.347649 -0.049439 0.010986 -10.008569
9262 1444986379.357753 0.038452 0.010986 -10.008569
9263 1444986379.367943 0.038452 0.010986 -10.008569
9264 1444986379.372948 0.038452 0.010986 -10.008569
9265 1444986379.382879 0.038452 0.010986 -10.008569
9266 1444986379.392757 0.038452 0.010986 -10.008569
9267 1444986379.403246 0.038452 0.010986 -10.008569
9268 1444986379.413232 -0.049439 0.010986 -10.008569
9269 1444986379.423343 0.038452 0.010986 -10.008569
9270 1444986379.433086 0.038452 -0.076904 -10.008569
9271 1444986379.443538 0.038452 -0.076904 -10.008569
9272 1444986379.453736 -0.049439 0.010986 -9.920679
9273 1444986379.463689 0.038452 0.010986 -10.008569
9274 1444986379.473956 0.038452 0.010986 -10.008569
9275 1444986379.484035 0.038452 0.010986 -10.008569
9276 1444986379.494314 -0.049439 0.010986 -10.008569
9277 1444986379.504414 0.038452 0.010986 -10.008569
9278 1444986379.514528 -0.049439 0.010986 -10.008569
9279 1444986379.524779 -0.049439 0.010986 -10.008569
9280 1444986379.537883 -0.049439 0.010986 -10.008569
9281 1444986379.545520 -0.049439 0.010986 -10.008569
9282 1444986379.555495 0.038452 0.010986 -10.008569
9283 1444986379.565613 -0.049439 0.010986 -10.008569
9284 1444986379.579215 0.038452 0.010986 -9.920679
9285 1444986379.588972 -0.049439 0.010986 -10.008569
9286 1444986379.599391 0.038452 0.010986 -10.008569
9287 1444986379.609309 -0.049439 0.010986 -10.008569
9288 1444986379.619401 0.038452 0.010986 -10.008569
9289 1444986379.629783 0.038452 0.010986 -10.008569
9290 1444986379.639742 0.038452 0.010986 -10.008569
9291 1444986379.649757 -0.049439 -0.076904 -10.008569
9292 1444986379.659992 -0.049439 0.010986 -10.008569
9293 1444986379.669870 0.038452 0.010986 -10.008569
9294 1444986379.680068 -0.049439 -0.076904 -9.920679
9295 1444986379.690125 -0.049439 0.010986 -10.008569
9296 1444986379.700245 0.038452 -0.076904 -10.008569
9297 1444986379.705250 0.038452 0.010986 -10.008569
9298 1444986379.715390 0.038452 0.010986 -9.920679
9299 1444986379.725586 0.038452 0.010986 -10.008569
9300 1444986379.733884 -0.049439 0.010986 -10.008569
9301 1444986379.745711 -0.049439 0.010986 -10.008569
9302 1444986379.756006 0.038452 0.010986 -10.008569
9303 1444986379.766144 0.038452 0.010986 -10.008569
9304 1444986379.776297 0.038452 -0.076904 -10.008569
9305 1444986379.788829 0.038452 -0.076904 -10.008569
9306 1444986379.798590 -0.049439 0.010986 -9.920679
9307 1444986379.807688 0.038452 0.010986 -10.008569
9308 1444986379.817822 0.038452 0.010986 -10.008569
9309 1444986379.829735 -0.049439 0.010986 -10.008569
9310 1444986379.839603 0.038452 0.010986 -10.008569
9311 1444986379.848444 -0.049439 0.010986 -10.008569
9312 1444986379.858963 0.038452 0.010986 -10.008569
9313 1444986379.868821 -0.049439 0.010986 -10.008569
9314 1444986379.880060 0.038452 0.010986 -10.008569
9315 1444986379.889620 0.038452 0.010986 -10.008569
9316 1444986379.899605 0.038452 0.010986 -10.008569
9317 1444986379.909645 0.038452 0.010986 -10.008569
9318 1444986379.919751 0.038452 0.010986 -10.008569
9319 1444986379.930042 -0.049439 -0.076904 -10.008569
9320 1444986379.940274 -0.049439 0.010986 -9.920679
9321 1444986379.950607 0.038452 0.010986 -10.008569
9322 1444986379.960549 -0.049439 0.010986 -10.008569
9323 1444986379.970632 -0.049439 0.010986 -10.008569
9324 1444986379.980685 -0.049439 -0.076904 -9.920679
9325 1444986379.990776 0.038452 0.010986 -10.008569
9326 1444986380.000950 0.038452 0.010986 -10.008569
9327 1444986380.011021 0.038452 0.010986 -10.008569
9328 1444986380.021197 0.038452 0.010986 -10.008569
9329 1444986380.031296 0.038452 -0.076904 -10.008569
9330 1444986380.041387 0.038452 0.010986 -10.008569
9331 1444986380.051574 -0.049439 -0.076904 -9.920679
9332 1444986380.061716 -0.049439 -0.076904 -10.008569
9333 1444986380.072721 0.038452 -0.076904 -10.008569
9334 1444986380.077985 0.038452 0.010986 -9.920679
9335 1444986380.087861 0.038452 0.010986 -10.008569
9336 1444986380.097928 0.038452 -0.076904 -10.008569
9337 1444986380.107993 -0.049439 0.010986 -10.008569
9338 1444986380.123244 0.038452 -0.076904 -10.008569
9339 1444986380.128455 0.038452 0.010986 -10.008569
9340 1444986380.138501 0.038452 0.010986 -10.008569
9341 1444986380.148584 0.038452 0.010986 -10.008569
9342 1444986380.158674 -0.049439 0.010986 -10.008569
9343 1444986380.168774 -0.049439 0.010986 -10.008569
9344 1444986380.178938 -0.049439 -0.076904 -10.008569
9345 1444986380.189038 0.038452 0.010986 -10.008569
9346 1444986380.199015 -0.049439 0.010986 -10.008569
9347 1444986380.209123 0.038452 0.010986 -10.008569
9348 1444986380.219169 0.038452 0.010986 -10.008569
9349 1444986380.229307 0.038452 0.010986 -10.008569
9350 1444986380.239408 0.038452 0.010986 -9.920679
9351 1444986380.249517 0.038452 -0.076904 -9.920679
9352 1444986380.259754 0.038452 0.010986 -10.008569
9353 1444986380.270045 -0.049439 0.010986 -10.008569
9354 1444986380.283097 -0.049439 0.010986 -9.920679
9355 1444986380.290509 0.038452 0.010986 -9.920679
9356 1444986380.302868 -0.049439 0.010986 -9.920679
9357 1444986380.311176 -0.049439 0.010986 -10.008569
9358 1444986380.321656 -0.049439 0.010986 -10.008569
9359 1444986380.333332 0.038452 0.010986 -10.008569
9360 1444986380.341602 -0.049439 0.010986 -10.008569
9361 1444986380.351366 0.038452 0.010986 -9.920679
9362 1444986380.362889 0.038452 0.010986 -10.008569
9363 1444986380.372794 0.038452 0.010986 -9.920679
9364 1444986380.383716 0.038452 0.010986 -10.008569
9365 1444986380.393248 -0.049439 0.010986 -10.008569
9366 1444986380.403196 -0.049439 0.010986 -9.920679
9367 1444986380.413129 0.038452 0.010986 -9.920679
9368 1444986380.423446 0.038452 -0.076904 -10.008569
9369 1444986380.433611 0.038452 0.010986 -10.008569
9370 1444986380.443583 0.038452 0.010986 -10.008569
9371 1444986380.454126 -0.049439 0.010986 -10.008569
9372 1444986380.464201 0.038452 0.010986 -10.008569
9373 1444986380.474351 -0.049439 0.010986 -10.008569
9374 1444986380.484516 0.038452 0.010986 -10.008569
9375 1444986380.494588 -0.049439 0.010986 -10.008569
9376 1444986380.504677 -0.049439 0.010986 -10.008569
9377 1444986380.514697 -0.049439 0.010986 -9.920679
9378 1444986380.525036 0.038452 -0.076904 -9.920679
9379 1444986380.535168 0.038452 0.010986 -10.008569
9380 1444986380.545231 -0.049439 0.010986 -10.008569
9381 1444986380.555329 -0.049439 0.010986 -9.920679
9382 1444986380.565516 0.038452 0.010986 -9.920679
9383 1444986380.576042 -0.049439 0.010986 -10.008569
9384 1444986380.586195 -0.049439 0.010986 -10.008569
9385 1444986380.596125 0.038452 -0.076904 -10.008569
9386 1444986380.606232 -0.049439 0.010986 -10.008569
9387 1444986380.616325 -0.049439 0.010986 -10.008569
9388 1444986380.626441 -0.049439 -0.076904 -10.008569
9389 1444986380.633876 0.038452 0.010986 -10.008569
9390 1444986380.637942 -0.049439 0.010986 -10.008569
9391 1444986380.647903 -0.049439 0.010986 -10.008569
9392 1444986380.657798 -0.049439 0.010986 -10.008569
9393 1444986380.667926 0.038452 0.010986 -9.920679
9394 1444986380.684225 -0.049439 0.010986 -10.008569
9395 1444986380.694469 -0.049439 0.010986 -10.008569
9396 1444986380.703986 0.038452 0.010986 -10.008569
9397 1444986380.714468 0.038452 0.010986 -10.008569
9398 1444986380.724210 0.038452 0.010986 -10.008569
9399 1444986380.735215 0.038452 0.010986 -9.920679
9400 1444986380.744740 0.038452 0.010986 -10.008569
9401 1444986380.754518 -0.049439 0.010986 -10.008569
9402 1444986380.764496 0.038452 0.010986 -9.920679
9403 1444986380.774911 0.038452 0.010986 -9.920679
9404 1444986380.784824 -0.049439 0.010986 -10.008569
9405 1444986380.794986 0.038452 0.010986 -10.008569
9406 1444986380.804979 0.038452 0.010986 -10.008569
9407 1444986380.815051 0.038452 -0.076904 -9.920679
9408 1444986380.825395 0.038452 0.010986 -10.008569
9409 1444986380.835398 0.038452 0.010986 -10.008569
9410 1444986380.845406 -0.049439 0.010986 -10.008569
9411 1444986380.855527 0.038452 0.010986 -10.008569
9412 1444986380.866137 0.038452 0.010986 -10.008569
9413 1444986380.872673 -0.049439 0.010986 -10.008569
9414 1444986380.887949 -0.049439 0.010986 -10.008569
9415 1444986380.893200 -0.049439 0.010986 -10.008569
9416 1444986380.903025 0.038452 0.010986 -10.008569
9417 1444986380.913077 0.038452 -0.076904 -10.008569
9418 1444986380.923120 0.038452 0.010986 -10.008569
9419 1444986380.938281 0.038452 0.010986 -10.008569
9420 1444986380.942809 0.038452 0.010986 -10.008569
9421 1444986380.953329 -0.049439 0.010986 -10.008569
9422 1444986380.963563 -0.049439 0.010986 -10.008569
9423 1444986380.973709 0.038452 0.010986 -10.008569
9424 1444986380.983702 -0.049439 0.010986 -10.008569
9425 1444986380.993938 0.038452 -0.076904 -10.008569
9426 1444986381.004068 0.038452 0.010986 -10.008569
9427 1444986381.014225 0.038452 0.010986 -10.008569
9428 1444986381.024407 -0.049439 0.010986 -10.008569
9429 1444986381.034761 0.038452 0.010986 -9.920679
9430 1444986381.044792 0.038452 -0.076904 -9.920679
9431 1444986381.055003 0.038452 0.010986 -10.008569
9432 1444986381.066251 0.038452 0.010986 -10.008569
9433 1444986381.076328 0.038452 0.010986 -9.920679
9434 1444986381.085938 -0.049439 0.010986 -10.008569
9435 1444986381.096507 0.038452 0.010986 -10.008569
9436 1444986381.106472 -0.049439 -0.076904 -10.008569
9437 1444986381.116789 -0.049439 -0.076904 -10.008569
9438 1444986381.128254 -0.049439 0.010986 -10.008569
9439 1444986381.138307 0.038452 0.010986 -9.920679
9440 1444986381.147639 0.038452 -0.076904 -10.008569
9441 1444986381.152743 0.038452 -0.076904 -10.008569
9442 1444986381.167660 0.038452 0.010986 -10.008569
9443 1444986381.177698 0.038452 0.010986 -9.920679
9444 1444986381.187960 0.038452 0.010986 -10.008569
9445 1444986381.198125 -0.049439 0.010986 -10.008569
9446 1444986381.208344 -0.049439 0.010986 -10.008569
9447 1444986381.218723 0.038452 0.010986 -10.008569
9448 1444986381.229453 -0.049439 -0.076904 -10.008569
9449 1444986381.239008 0.038452 -0.076904 -10.008569
9450 1444986381.249187 0.038452 0.010986 -10.008569
9451 1444986381.259100 0.038452 0.010986 -9.920679
9452 1444986381.269183 -0.049439 0.010986 -9.920679
9453 1444986381.279206 0.038452 0.010986 -10.008569
9454 1444986381.289242 0.038452 0.010986 -10.008569
9455 1444986381.299403 0.038452 0.010986 -10.008569
9456 1444986381.309815 0.038452 0.010986 -10.008569
9457 1444986381.319947 0.038452 0.010986 -9.920679
9458 1444986381.330886 -0.049439 -0.076904 -10.008569
9459 1444986381.340350 -0.049439 0.010986 -10.008569
9460 1444986381.350657 -0.049439 0.010986 -10.008569
9461 1444986381.360929 0.038452 -0.076904 -10.008569
9462 1444986381.370962 -0.049439 0.010986 -10.008569
9463 1444986381.381086 0.038452 -0.076904 -10.008569
9464 1444986381.390993 -0.049439 -0.076904 -10.008569
9465 1444986381.401108 -0.049439 0.010986 -10.008569
9466 1444986381.411339 -0.049439 0.010986 -10.008569
9467 1444986381.421352 0.038452 0.010986 -10.008569
9468 1444986381.426456 -0.049439 0.010986 -10.008569
9469 1444986381.438460 0.038452 0.010986 -10.008569
9470 1444986381.448404 -0.049439 0.010986 -10.008569
9471 1444986381.458251 0.038452 -0.076904 -10.008569
9472 1444986381.468548 -0.049439 0.010986 -10.008569
9473 1444986381.478832 0.038452 0.010986 -10.008569
9474 1444986381.489581 0.038452 -0.076904 -10.008569
9475 1444986381.498794 -0.049439 0.010986 -10.008569
9476 1444986381.508609 -0.049439 0.010986 -10.008569
9477 1444986381.518800 -0.049439 0.010986 -10.008569
9478 1444986381.530785 -0.049439 0.010986 -10.008569
9479 1444986381.539911 -0.049439 0.010986 -10.008569
9480 1444986381.550047 -0.049439 0.010986 -10.008569
9481 1444986381.559792 0.038452 0.010986 -10.008569
9482 1444986381.569558 0.038452 0.010986 -10.008569
9483 1444986381.580037 -0.049439 -0.076904 -10.008569
9484 1444986381.589895 -0.049439 0.010986 -10.008569
9485 1444986381.599817 -0.049439 0.010986 -10.008569
9486 1444986381.609938 -0.049439 0.010986 -10.008569
9487 1444986381.620235 0.038452 0.010986 -10.008569
9488 1444986381.628296 0.038452 0.010986 -10.008569
9489 1444986381.638076 -0.049439 0.010986 -10.008569
9490 1444986381.650900 0.038452 0.010986 -10.008569
9491 1444986381.661047 0.038452 0.010986 -10.008569
9492 1444986381.667624 0.038452 0.010986 -10.008569
9493 1444986381.678370 0.038452 0.010986 -10.008569
9494 1444986381.688691 0.038452 0.010986 -10.008569
9495 1444986381.698205 0.038452 0.010986 -10.008569
9496 1444986381.712714 0.038452 0.010986 -10.008569
9497 1444986381.722766 -0.049439 0.010986 -10.008569
9498 1444986381.728935 -0.049439 -0.076904 -9.920679
9499 1444986381.743189 -0.049439 0.010986 -10.008569
9500 1444986381.753366 -0.049439 0.010986 -10.008569
9501 1444986381.763464 0.038452 0.010986 -10.008569
9502 1444986381.773614 0.038452 0.010986 -9.920679
9503 1444986381.779021 0.038452 0.010986 -9.920679
9504 1444986381.793893 -0.049439 0.010986 -10.008569
9505 1444986381.804006 0.038452 0.010986 -10.008569
9506 1444986381.814021 -0.049439 0.010986 -10.008569
9507 1444986381.819021 -0.049439 0.010986 -10.008569
9508 1444986381.834180 0.038452 0.010986 -10.008569
9509 1444986381.844244 -0.049439 0.010986 -10.008569
9510 1444986381.849452 -0.049439 0.010986 -10.008569
9511 1444986381.859697 0.038452 0.010986 -10.008569
9512 1444986381.869656 0.038452 0.010986 -10.008569
9513 1444986381.884505 0.038452 0.010986 -10.008569
9514 1444986381.889945 0.038452 0.010986 -10.008569
9515 1444986381.899972 0.038452 0.010986 -10.008569
9516 1444986381.910163 0.038452 0.010986 -10.008569
9517 1444986381.920203 0.038452 0.010986 -10.008569
9518 1444986381.932906 0.038452 -0.076904 -10.008569
9519 1444986381.940596 -0.049439 -0.076904 -9.920679
9520 1444986381.952690 -0.049439 0.010986 -10.008569
9521 1444986381.961033 0.038452 0.010986 -10.008569
9522 1444986381.972795 0.038452 0.010986 -10.008569
9523 1444986381.983223 -0.049439 0.010986 -10.008569
9524 1444986381.992771 -0.049439 0.010986 -9.920679
9525 1444986382.002629 0.038452 0.010986 -10.008569
9526 1444986382.012831 -0.049439 0.010986 -10.008569
9527 1444986382.022898 0.038452 0.010986 -10.008569
9528 1444986382.033243 -0.049439 0.010986 -9.920679
9529 1444986382.042770 -0.049439 0.010986 -9.920679
9530 1444986382.052982 0.038452 0.010986 -10.008569
9531 1444986382.063200 0.038452 0.010986 -9.920679
9532 1444986382.073456 0.038452 0.010986 -10.008569
9533 1444986382.083838 0.038452 0.010986 -10.008569
9534 1444986382.093612 0.038452 0.010986 -10.008569
9535 1444986382.103876 0.038452 0.010986 -10.008569
9536 1444986382.114071 -0.049439 0.010986 -10.008569
9537 1444986382.123921 0.038452 0.010986 -10.008569
9538 1444986382.133380 0.038452 0.010986 -10.008569
9539 1444986382.144173 0.038452 0.010986 -10.008569
9540 1444986382.154353 -0.049439 0.010986 -10.008569
9541 1444986382.164322 -0.049439 0.010986 -10.008569
9542 1444986382.174832 0.038452 0.010986 -10.008569
9543 1444986382.183768 0.038452 -0.076904 -10.008569
9544 1444986382.194947 0.038452 0.010986 -10.008569
9545 1444986382.205278 0.038452 0.010986 -9.920679
9546 1444986382.215362 -0.049439 0.010986 -9.920679
9547 1444986382.225684 -0.049439 0.010986 -9.920679
9548 1444986382.235699 -0.049439 0.010986 -10.008569
9549 1444986382.245920 0.038452 0.010986 -10.008569
9550 1444986382.255893 0.038452 0.010986 -10.008569
9551 1444986382.266062 0.038452 0.010986 -9.920679
9552 1444986382.276330 0.038452 0.010986 -10.008569
9553 1444986382.286405 0.038452 0.010986 -9.920679
9554 1444986382.296536 -0.049439 0.010986 -10.008569
9555 1444986382.302598 0.038452 0.010986 -10.008569
9556 1444986382.312624 0.038452 0.010986 -10.008569
9557 1444986382.322702 0.038452 0.010986 -10.008569
9558 1444986382.335027 0.038452 -0.076904 -10.008569
9559 1444986382.343587 0.038452 0.010986 -10.008569
9560 1444986382.354009 0.038452 0.010986 -9.920679
9561 1444986382.364302 0.038452 0.010986 -10.008569
9562 1444986382.374931 0.038452 0.010986 -10.008569
9563 1444986382.384515 0.038452 0.010986 -10.008569
9564 1444986382.394705 0.038452 0.010986 -9.920679
9565 1444986382.404893 0.038452 0.010986 -10.008569
9566 1444986382.414253 -0.049439 -0.076904 -10.008569
9567 1444986382.425084 0.038452 0.010986 -10.008569
9568 1444986382.435359 0.038452 0.010986 -10.008569
9569 1444986382.445362 -0.049439 0.010986 -10.008569
9570 1444986382.455559 -0.049439 0.010986 -10.008569
9571 1444986382.465463 -0.049439 0.010986 -10.008569
9572 1444986382.475803 0.038452 0.010986 -10.008569
9573 1444986382.485768 0.038452 0.010986 -10.008569
9574 1444986382.495981 0.038452 0.010986 -10.008569
9575 1444986382.505988 0.038452 0.010986 -10.008569
9576 1444986382.516072 0.038452 0.010986 -10.008569
9577 1444986382.526265 0.038452 0.010986 -10.008569
9578 1444986382.532691 0.038452 0.010986 -10.008569
9579 1444986382.546567 -0.049439 0.010986 -9.920679
9580 1444986382.552611 0.038452 0.010986 -10.008569
9581 1444986382.563122 0.038452 0.010986 -10.008569
9582 1444986382.578309 0.038452 -0.076904 -10.008569
9583 1444986382.587685 0.038452 0.010986 -10.008569
9584 1444986382.597992 -0.049439 0.010986 -10.008569
9585 1444986382.608119 0.038452 0.010986 -9.920679
9586 1444986382.618229 -0.049439 0.010986 -9.920679
9587 1444986382.628410 -0.049439 0.010986 -10.008569
9588 1444986382.638816 0.038452 0.010986 -9.920679
9589 1444986382.648702 -0.049439 -0.076904 -10.008569
9590 1444986382.658770 -0.049439 0.010986 -10.008569
9591 1444986382.668844 0.038452 0.010986 -10.008569
9592 1444986382.679186 0.038452 -0.076904 -10.008569
9593 1444986382.688990 0.038452 0.010986 -10.008569
9594 1444986382.699024 -0.049439 -0.076904 -10.008569
9595 1444986382.709126 0.038452 0.010986 -10.008569
9596 1444986382.719238 -0.049439 0.010986 -10.008569
9597 1444986382.724347 -0.049439 0.010986 -10.008569
9598 1444986382.739724 0.038452 0.010986 -10.008569
9599 1444986382.744663 0.038452 0.010986 -10.008569
9600 1444986382.754827 0.038452 0.010986 -9.920679
9601 1444986382.764990 -0.049439 -0.076904 -10.008569
9602 1444986382.777972 0.038452 0.010986 -10.008569
9603 1444986382.788177 -0.049439 0.010986 -10.008569
9604 1444986382.797705 -0.049439 0.010986 -10.008569
9605 1444986382.805923 0.038452 0.010986 -10.008569
9606 1444986382.817984 0.038452 0.010986 -10.008569
9607 1444986382.828740 0.038452 0.010986 -9.920679
9608 1444986382.838441 0.038452 0.010986 -10.008569
9609 1444986382.848150 0.038452 0.010986 -9.920679
9610 1444986382.858697 0.038452 0.010986 -9.920679
9611 1444986382.868164 0.038452 0.010986 -10.008569
9612 1444986382.878908 0.038452 0.010986 -9.920679
9613 1444986382.889164 0.038452 0.010986 -10.008569
9614 1444986382.898997 0.038452 0.010986 -10.008569
9615 1444986382.908812 -0.049439 0.010986 -10.008569
9616 1444986382.918900 -0.049439 0.010986 -10.008569
9617 1444986382.930123 0.038452 0.010986 -10.008569
9618 1444986382.939671 -0.049439 0.010986 -9.920679
9619 1444986382.949452 0.038452 0.010986 -9.920679
9620 1444986382.959829 0.038452 -0.076904 -10.008569
9621 1444986382.969539 0.038452 0.010986 -10.008569
9622 1444986382.980016 0.038452 0.010986 -10.008569
9623 1444986382.989747 -0.049439 0.010986 -10.008569
9624 1444986382.999645 0.038452 0.010986 -10.008569
9625 1444986383.010082 -0.049439 0.010986 -10.008569
9626 1444986383.020050 0.038452 0.010986 -10.008569
9627 1444986383.030285 -0.049439 0.010986 -10.008569
9628 1444986383.040262 0.038452 0.010986 -10.008569
9629 1444986383.050305 -0.049439 0.010986 -10.008569
9630 1444986383.060489 0.038452 0.010986 -10.008569
9631 1444986383.070634 -0.049439 0.010986 -10.008569
9632 1444986383.079048 -0.049439 0.010986 -10.008569
9633 1444986383.088953 0.038452 0.010986 -10.008569
9634 1444986383.097894 0.038452 0.010986 -10.008569
9635 1444986383.107977 -0.049439 0.010986 -10.008569
9636 1444986383.117970 0.038452 0.010986 -10.008569
9637 1444986383.130191 0.038452 0.010986 -9.920679
9638 1444986383.139588 0.038452 0.010986 -10.008569
9639 1444986383.149487 -0.049439 0.010986 -10.008569
9640 1444986383.159605 0.038452 0.010986 -10.008569
9641 1444986383.169711 0.038452 0.010986 -10.008569
9642 1444986383.181098 0.038452 0.010986 -10.008569
9643 1444986383.190253 -0.049439 0.010986 -10.008569
9644 1444986383.199712 0.038452 0.010986 -10.008569
9645 1444986383.210237 0.038452 0.010986 -10.008569
9646 1444986383.220290 0.038452 0.010986 -10.008569
9647 1444986383.232647 -0.049439 0.010986 -10.008569
9648 1444986383.240767 -0.049439 0.010986 -10.008569
9649 1444986383.250867 0.038452 0.010986 -10.008569
9650 1444986383.260967 0.038452 -0.076904 -9.920679
9651 1444986383.271103 0.038452 0.010986 -10.008569
9652 1444986383.277913 -0.049439 -0.076904 -9.920679
9653 1444986383.291142 -0.049439 0.010986 -10.008569
9654 1444986383.301298 0.038452 0.010986 -10.008569
9655 1444986383.311526 0.038452 -0.076904 -10.008569
9656 1444986383.321667 -0.049439 0.010986 -10.008569
9657 1444986383.332911 0.038452 -0.076904 -10.008569
9658 1444986383.342742 0.038452 0.010986 -9.920679
9659 1444986383.352887 -0.049439 0.010986 -10.008569
9660 1444986383.362962 0.038452 0.010986 -10.008569
9661 1444986383.373047 0.038452 0.010986 -10.008569
9662 1444986383.383638 0.038452 0.010986 -10.008569
9663 1444986383.393489 0.038452 0.010986 -10.008569
9664 1444986383.403657 -0.049439 -0.076904 -10.008569
9665 1444986383.414127 -0.049439 0.010986 -10.008569
9666 1444986383.424220 0.038452 -0.076904 -10.008569
9667 1444986383.434181 -0.049439 0.010986 -10.008569
9668 1444986383.444522 0.038452 0.010986 -10.008569
9669 1444986383.454516 -0.049439 0.010986 -10.008569
9670 1444986383.464619 -0.049439 -0.076904 -9.920679
9671 1444986383.469484 -0.049439 0.010986 -10.008569
9672 1444986383.483123 -0.049439 0.010986 -9.920679
9673 1444986383.494973 -0.049439 0.010986 -10.008569
9674 1444986383.505014 0.038452 0.010986 -10.008569
9675 1444986383.515110 0.038452 0.010986 -10.008569
9676 1444986383.520006 0.038452 0.010986 -10.008569
9677 1444986383.532687 -0.049439 0.010986 -10.008569
9678 1444986383.542776 0.038452 0.010986 -10.008569
9679 1444986383.551708 0.038452 0.010986 -10.008569
9680 1444986383.560987 -0.049439 0.010986 -10.008569
9681 1444986383.573097 0.038452 0.010986 -10.008569
9682 1444986383.584005 -0.049439 0.010986 -10.008569
9683 1444986383.592699 0.038452 0.010986 -9.920679
9684 1444986383.603024 -0.049439 0.010986 -10.008569
9685 1444986383.613008 0.038452 0.010986 -10.008569
9686 1444986383.622651 0.038452 -0.076904 -10.008569
9687 1444986383.634206 0.038452 0.010986 -10.008569
9688 1444986383.643092 0.038452 0.010986 -10.008569
9689 1444986383.653230 -0.049439 0.010986 -10.008569
9690 1444986383.663317 0.038452 0.010986 -10.008569
9691 1444986383.673448 0.038452 0.010986 -10.008569
9692 1444986383.683762 0.038452 0.010986 -10.008569
9693 1444986383.693467 0.038452 0.010986 -9.920679
9694 1444986383.703769 -0.049439 0.010986 -10.008569
9695 1444986383.713804 0.038452 -0.076904 -10.008569
9696 1444986383.724035 0.038452 -0.076904 -10.008569
9697 1444986383.733942 -0.049439 0.010986 -10.008569
9698 1444986383.744407 0.038452 0.010986 -10.008569
9699 1444986383.754584 -0.049439 0.010986 -10.008569
9700 1444986383.765203 -0.049439 0.010986 -10.008569
9701 1444986383.775634 -0.049439 0.010986 -10.008569
9702 1444986383.785431 0.038452 0.010986 -9.920679
9703 1444986383.795456 -0.049439 0.010986 -10.008569
9704 1444986383.805627 0.038452 0.010986 -10.008569
9705 1444986383.815721 0.038452 0.010986 -10.008569
9706 1444986383.825933 0.038452 0.010986 -10.008569
9707 1444986383.834030 -0.049439 -0.076904 -10.008569
9708 1444986383.846559 -0.049439 0.010986 -10.008569
9709 1444986383.856645 -0.049439 0.010986 -10.008569
9710 1444986383.866754 0.038452 0.010986 -10.008569
9711 1444986383.877104 0.038452 0.010986 -10.008569
9712 1444986383.887684 -0.049439 0.010986 -10.008569
9713 1444986383.892836 -0.049439 0.010986 -10.008569
9714 1444986383.902996 0.038452 0.010986 -10.008569
9715 1444986383.913024 -0.049439 0.010986 -10.008569
9716 1444986383.923153 0.038452 0.010986 -10.008569
9717 1444986383.933245 -0.049439 0.010986 -10.008569
9718 1444986383.943585 -0.049439 0.010986 -9.920679
9719 1444986383.954626 0.038452 0.010986 -10.008569
9720 1444986383.963799 0.038452 0.010986 -10.008569
9721 1444986383.974914 0.038452 0.010986 -10.008569
9722 1444986383.984674 -0.049439 0.010986 -10.008569
9723 1444986383.994808 0.038452 0.010986 -10.008569
9724 1444986384.004028 0.038452 0.010986 -10.008569
9725 1444986384.014911 0.038452 0.010986 -10.008569
9726 1444986384.025071 0.038452 0.010986 -9.920679
9727 1444986384.035833 0.038452 0.010986 -9.920679
9728 1444986384.045631 -0.049439 0.010986 -10.008569
9729 1444986384.055505 0.038452 0.010986 -10.008569
9730 1444986384.065756 0.038452 0.010986 -10.008569
9731 1444986384.077703 0.038452 0.010986 -10.008569
9732 1444986384.087635 0.038452 -0.076904 -10.008569
9733 1444986384.096065 0.038452 -0.076904 -10.008569
9734 1444986384.106190 0.038452 0.010986 -10.008569
9735 1444986384.116415 0.038452 0.010986 -9.920679
9736 1444986384.128620 -0.049439 -0.076904 -10.008569
9737 1444986384.139097 0.038452 0.010986 -10.008569
9738 1444986384.148174 0.038452 0.010986 -10.008569
9739 1444986384.158185 -0.049439 0.010986 -10.008569
9740 1444986384.168204 0.038452 0.010986 -10.008569
9741 1444986384.178666 -0.049439 0.010986 -10.008569
9742 1444986384.189296 0.038452 0.010986 -10.008569
9743 1444986384.198652 0.038452 0.010986 -10.008569
9744 1444986384.208744 0.038452 0.010986 -10.008569
9745 1444986384.218775 0.038452 0.010986 -10.008569
9746 1444986384.229104 0.038452 -0.076904 -10.008569
9747 1444986384.239062 0.038452 0.010986 -10.008569
9748 1444986384.249668 0.038452 0.010986 -10.008569
9749 1444986384.259841 0.038452 -0.076904 -10.008569
9750 1444986384.269899 0.038452 0.010986 -10.008569
9751 1444986384.280018 -0.049439 0.010986 -10.008569
9752 1444986384.290016 -0.049439 0.010986 -10.008569
9753 1444986384.300100 -0.049439 0.010986 -10.008569
9754 1444986384.310174 -0.049439 0.010986 -10.008569
9755 1444986384.320283 0.038452 0.010986 -10.008569
9756 1444986384.328053 0.038452 0.010986 -10.008569
9757 1444986384.340669 0.038452 -0.076904 -10.008569
9758 1444986384.350730 -0.049439 0.010986 -10.008569
9759 1444986384.357579 -0.049439 0.010986 -10.008569
9760 1444986384.367547 0.038452 0.010986 -10.008569
9761 1444986384.378168 0.038452 0.010986 -10.008569
9762 1444986384.388535 -0.049439 0.010986 -10.008569
9763 1444986384.397953 0.038452 0.010986 -10.008569
9764 1444986384.408197 0.038452 0.010986 -10.008569
9765 1444986384.418294 -0.049439 0.010986 -10.008569
9766 1444986384.428893 -0.049439 0.010986 -10.008569
9767 1444986384.439015 0.038452 0.010986 -10.008569
9768 1444986384.448724 0.038452 0.010986 -10.008569
9769 1444986384.458539 0.038452 0.010986 -10.008569
9770 1444986384.468765 0.038452 0.010986 -10.008569
9771 1444986384.479092 -0.049439 -0.076904 -10.008569
9772 1444986384.488983 0.038452 0.010986 -10.008569
9773 1444986384.499009 -0.049439 0.010986 -10.008569
9774 1444986384.509169 -0.049439 0.010986 -10.008569
9775 1444986384.519349 0.038452 0.010986 -10.008569
9776 1444986384.530950 -0.049439 0.010986 -10.008569
9777 1444986384.539850 0.038452 0.010986 -10.008569
9778 1444986384.549722 0.038452 0.010986 -10.008569
9779 1444986384.559760 0.038452 0.010986 -10.008569
9780 1444986384.570333 0.038452 0.010986 -10.008569
9781 1444986384.580025 -0.049439 0.010986 -10.008569
9782 1444986384.590124 -0.049439 0.010986 -10.008569
9783 1444986384.600204 -0.049439 0.010986 -10.008569
9784 1444986384.610325 0.038452 0.010986 -10.008569
9785 1444986384.620441 -0.049439 0.010986 -10.008569
9786 1444986384.632610 0.038452 0.010986 -10.008569
9787 1444986384.640647 0.038452 0.010986 -10.008569
9788 1444986384.650851 0.038452 0.010986 -10.008569
9789 1444986384.660995 0.038452 0.010986 -10.008569
9790 1444986384.672997 -0.049439 0.010986 -10.008569
9791 1444986384.682109 -0.049439 0.010986 -10.008569
9792 1444986384.692992 0.038452 0.010986 -10.008569
9793 1444986384.702854 0.038452 0.010986 -10.008569
9794 1444986384.712954 0.038452 0.010986 -10.008569
9795 1444986384.723246 -0.049439 0.010986 -10.008569
9796 1444986384.728227 -0.049439 0.010986 -10.008569
9797 1444986384.743430 -0.049439 0.010986 -10.008569
9798 1444986384.753702 -0.049439 0.010986 -10.008569
9799 1444986384.758225 -0.049439 0.010986 -10.008569
9800 1444986384.773809 0.038452 0.010986 -10.008569
9801 1444986384.783932 0.038452 0.010986 -10.008569
9802 1444986384.790290 0.038452 0.010986 -10.008569
9803 1444986384.800374 0.038452 0.010986 -10.008569
9804 1444986384.810043 0.038452 0.010986 -10.008569
9805 1444986384.820026 -0.049439 0.010986 -10.008569
9806 1444986384.830841 0.038452 0.010986 -10.008569
9807 1444986384.840290 0.038452 0.010986 -10.008569
9808 1444986384.851101 0.038452 0.010986 -10.008569
9809 1444986384.861005 0.038452 0.010986 -10.008569
9810 1444986384.871066 0.038452 0.010986 -10.008569
9811 1444986384.877599 -0.049439 0.010986 -10.008569
9812 1444986384.887663 -0.049439 0.010986 -10.008569
9813 1444986384.897584 0.038452 -0.076904 -10.008569
9814 1444986384.907787 0.038452 -0.076904 -10.008569
9815 1444986384.917739 0.038452 0.010986 -10.008569
9816 1444986384.932609 -0.049439 0.010986 -10.008569
9817 1444986384.943580 -0.049439 0.010986 -10.008569
9818 1444986384.954005 -0.049439 0.010986 -9.920679
9819 1444986384.964051 0.038452 0.010986 -10.008569
9820 1444986384.974184 0.038452 0.010986 -9.920679
9821 1444986384.984393 0.038452 0.010986 -10.008569
9822 1444986384.994380 0.038452 0.010986 -10.008569
9823 1444986385.004672 0.038452 -0.076904 -10.008569
9824 1444986385.015165 0.038452 0.010986 -10.008569
9825 1444986385.025159 0.038452 0.010986 -10.008569
9826 1444986385.034624 0.038452 0.010986 -10.008569
9827 1444986385.045261 0.038452 0.010986 -10.008569
9828 1444986385.055095 0.038452 0.010986 -10.008569
9829 1444986385.065042 -0.049439 0.010986 -10.008569
9830 1444986385.075450 0.038452 0.010986 -10.008569
9831 1444986385.085241 -0.049439 0.010986 -10.008569
9832 1444986385.095689 0.038452 0.010986 -10.008569
9833 1444986385.105804 -0.049439 0.010986 -10.008569
9834 1444986385.115964 -0.049439 0.010986 -10.008569
9835 1444986385.125972 0.038452 0.010986 -10.008569
9836 1444986385.136168 0.038452 0.010986 -10.008569
9837 1444986385.143066 0.038452 0.010986 -10.008569
9838 1444986385.152803 -0.049439 0.010986 -10.008569
9839 1444986385.162773 -0.049439 -0.076904 -10.008569
9840 1444986385.172948 0.038452 0.010986 -10.008569
9841 1444986385.183944 -0.049439 0.010986 -10.008569
9842 1444986385.193662 0.038452 0.010986 -10.008569
9843 1444986385.203584 -0.049439 0.010986 -10.008569
9844 1444986385.213660 -0.049439 0.010986 -10.008569
9845 1444986385.223998 0.038452 0.010986 -10.008569
9846 1444986385.233723 0.038452 0.010986 -10.008569
9847 1444986385.243904 0.038452 0.010986 -10.008569
9848 1444986385.253954 0.038452 0.010986 -10.008569
9849 1444986385.263957 -0.049439 0.010986 -10.008569
9850 1444986385.274147 0.038452 0.010986 -10.008569
9851 1444986385.284138 0.038452 -0.076904 -9.920679
9852 1444986385.294299 0.038452 0.010986 -10.008569
9853 1444986385.304410 -0.049439 0.010986 -10.008569
9854 1444986385.314543 0.038452 0.010986 -10.008569
9855 1444986385.324642 -0.049439 0.010986 -10.008569
9856 1444986385.333618 0.038452 0.010986 -10.008569
9857 1444986385.344754 0.038452 0.010986 -10.008569
9858 1444986385.354926 0.038452 0.010986 -10.008569
9859 1444986385.365233 0.038452 0.010986 -10.008569
9860 1444986385.375629 0.038452 0.010986 -10.008569
9861 1444986385.385633 0.038452 0.010986 -10.008569
9862 1444986385.395834 -0.049439 0.010986 -10.008569
9863 1444986385.405970 0.038452 0.010986 -10.008569
9864 1444986385.416198 0.038452 -0.076904 -10.008569
9865 1444986385.422649 -0.049439 0.010986 -10.008569
9866 1444986385.438014 -0.049439 0.010986 -10.008569
9867 1444986385.447731 0.038452 0.010986 -10.008569
9868 1444986385.457772 0.038452 0.010986 -10.008569
9869 1444986385.464226 -0.049439 0.010986 -10.008569
9870 1444986385.473527 0.038452 0.010986 -10.008569
9871 1444986385.488436 0.038452 0.010986 -10.008569
9872 1444986385.498156 0.038452 -0.076904 -10.008569
9873 1444986385.508034 0.038452 0.010986 -10.008569
9874 1444986385.518046 0.038452 0.010986 -10.008569
9875 1444986385.528778 -0.049439 0.010986 -10.008569
9876 1444986385.538433 0.038452 0.010986 -10.008569
9877 1444986385.548616 0.038452 0.010986 -9.920679
9878 1444986385.558684 -0.049439 -0.076904 -10.008569
9879 1444986385.568866 0.038452 0.010986 -10.008569
9880 1444986385.579040 -0.049439 0.010986 -10.008569
9881 1444986385.589067 0.038452 0.010986 -10.008569
9882 1444986385.599334 0.038452 0.010986 -10.008569
9883 1444986385.609380 -0.049439 0.010986 -10.008569
9884 1444986385.614783 -0.049439 0.010986 -10.008569
9885 1444986385.629522 -0.049439 0.010986 -10.008569
9886 1444986385.635732 -0.049439 0.010986 -10.008569
9887 1444986385.645743 -0.049439 0.010986 -10.008569
9888 1444986385.655810 -0.049439 0.010986 -10.008569
9889 1444986385.665981 0.038452 0.010986 -10.008569
9890 1444986385.676032 0.038452 0.010986 -10.008569
9891 1444986385.686055 0.038452 0.010986 -10.008569
9892 1444986385.696226 0.038452 0.010986 -10.008569
9893 1444986385.706329 0.038452 0.010986 -10.008569
9894 1444986385.716438 0.038452 0.010986 -10.008569
9895 1444986385.727780 0.038452 -0.076904 -10.008569
9896 1444986385.737662 0.038452 0.010986 -10.008569
9897 1444986385.742589 0.038452 0.010986 -9.920679
9898 1444986385.757648 0.038452 0.010986 -10.008569
9899 1444986385.767934 -0.049439 0.010986 -9.920679
9900 1444986385.778090 0.038452 -0.076904 -10.008569
9901 1444986385.788051 -0.049439 0.010986 -10.008569
9902 1444986385.798115 0.038452 0.010986 -10.008569
9903 1444986385.808204 0.038452 0.010986 -10.008569
9904 1444986385.818417 0.038452 0.010986 -10.008569
9905 1444986385.828764 0.038452 0.010986 -10.008569
9906 1444986385.838926 0.038452 0.010986 -10.008569
9907 1444986385.848975 -0.049439 0.010986 -10.008569
9908 1444986385.859655 -0.049439 -0.076904 -10.008569
9909 1444986385.869410 0.038452 0.010986 -10.008569
9910 1444986385.880005 0.038452 0.010986 -10.008569
9911 1444986385.889742 -0.049439 0.010986 -9.920679
9912 1444986385.899837 -0.049439 0.010986 -10.008569
9913 1444986385.909848 -0.049439 0.010986 -10.008569
9914 1444986385.920169 0.038452 -0.076904 -10.008569
9915 1444986385.930631 0.038452 0.010986 -10.008569
9916 1444986385.940267 0.038452 0.010986 -10.008569
9917 1444986385.950360 0.038452 0.010986 -10.008569
9918 1444986385.960200 -0.049439 0.010986 -10.008569
9919 1444986385.970342 -0.049439 0.010986 -10.008569
9920 1444986385.980633 0.038452 0.010986 -10.008569
9921 1444986385.990599 0.038452 0.010986 -10.008569
9922 1444986386.000643 0.038452 0.010986 -10.008569
9923 1444986386.010759 -0.049439 0.010986 -10.008569
9924 1444986386.020770 -0.049439 0.010986 -10.008569
9925 1444986386.030988 0.038452 0.010986 -10.008569
9926 1444986386.041080 -0.049439 0.010986 -10.008569
9927 1444986386.051117 -0.049439 0.010986 -10.008569
9928 1444986386.061271 -0.049439 0.010986 -10.008569
9929 1444986386.071408 -0.049439 0.010986 -10.008569
9930 1444986386.078900 0.038452 0.010986 -10.008569
9931 1444986386.088946 0.038452 0.010986 -10.008569
9932 1444986386.102625 0.038452 0.010986 -10.008569
9933 1444986386.112619 0.038452 0.010986 -10.008569
9934 1444986386.118766 0.038452 0.010986 -10.008569
9935 1444986386.129055 0.038452 0.010986 -9.920679
9936 1444986386.138735 0.038452 0.010986 -10.008569
9937 1444986386.149503 0.038452 0.010986 -10.008569
9938 1444986386.159743 0.038452 0.010986 -10.008569
9939 1444986386.169718 0.038452 0.010986 -10.008569
9940 1444986386.179696 0.038452 0.010986 -10.008569
9941 1444986386.189611 0.038452 0.010986 -10.008569
9942 1444986386.199932 0.038452 0.010986 -10.008569
9943 1444986386.210085 0.038452 0.010986 -10.008569
9944 1444986386.220182 -0.049439 0.010986 -10.008569
9945 1444986386.230568 0.038452 0.010986 -10.008569
9946 1444986386.240731 0.038452 0.010986 -10.008569
9947 1444986386.250874 0.038452 0.010986 -10.008569
9948 1444986386.261048 -0.049439 0.010986 -10.008569
9949 1444986386.271117 0.038452 0.010986 -10.008569
9950 1444986386.282846 0.038452 0.010986 -10.008569
9951 1444986386.287703 0.038452 0.010986 -10.008569
9952 1444986386.302602 0.038452 0.010986 -10.008569
9953 1444986386.312767 0.038452 0.010986 -10.008569
9954 1444986386.322602 -0.049439 0.010986 -10.008569
9955 1444986386.332938 -0.049439 0.010986 -9.920679
9956 1444986386.342971 -0.049439 0.010986 -10.008569
9957 1444986386.353158 0.038452 0.010986 -10.008569
9958 1444986386.363122 0.038452 0.010986 -10.008569
9959 1444986386.373190 0.038452 0.010986 -10.008569
9960 1444986386.383238 0.038452 0.010986 -10.008569
9961 1444986386.393452 -0.049439 0.010986 -10.008569
9962 1444986386.403629 0.038452 0.010986 -10.008569
9963 1444986386.413666 0.038452 0.010986 -10.008569
9964 1444986386.423786 0.038452 0.010986 -10.008569
9965 1444986386.433493 -0.049439 0.010986 -10.008569
9966 1444986386.443683 0.038452 0.010986 -10.008569
9967 1444986386.453956 -0.049439 0.010986 -10.008569
9968 1444986386.464001 -0.049439 0.010986 -10.008569
9969 1444986386.474099 -0.049439 0.010986 -10.008569
9970 1444986386.482639 -0.049439 0.010986 -9.920679
9971 1444986386.494565 0.038452 0.010986 -10.008569
9972 1444986386.504646 -0.049439 0.010986 -10.008569
9973 1444986386.514714 0.038452 0.010986 -10.008569
9974 1444986386.524528 -0.049439 0.010986 -10.008569
9975 1444986386.532853 0.038452 0.010986 -10.008569
9976 1444986386.545316 0.038452 0.010986 -10.008569
9977 1444986386.555523 0.038452 0.010986 -10.008569
9978 1444986386.565543 -0.049439 0.010986 -10.008569
9979 1444986386.572613 0.038452 0.010986 -10.008569
9980 1444986386.583580 0.038452 0.010986 -10.008569
9981 1444986386.592976 0.038452 0.010986 -10.008569
9982 1444986386.603192 0.038452 0.010986 -10.008569
9983 1444986386.616129 0.038452 0.010986 -10.008569
9984 1444986386.622919 -0.049439 0.010986 -10.008569
9985 1444986386.633626 -0.049439 0.010986 -10.008569
9986 1444986386.643399 0.038452 0.010986 -10.008569
9987 1444986386.653565 -0.049439 0.010986 -10.008569
9988 1444986386.663403 0.038452 0.010986 -10.008569
9989 1444986386.673289 -0.049439 0.010986 -10.008569
9990 1444986386.683946 -0.049439 0.010986 -10.008569
9991 1444986386.693586 -0.049439 0.010986 -10.008569
9992 1444986386.703965 0.038452 0.010986 -10.008569
9993 1444986386.714001 0.038452 0.010986 -10.008569
9994 1444986386.723837 -0.049439 0.010986 -10.008569
9995 1444986386.733855 0.038452 -0.076904 -10.008569
9996 1444986386.744060 -0.049439 0.010986 -10.008569
9997 1444986386.754237 -0.049439 0.010986 -10.008569
9998 1444986386.764194 0.038452 0.010986 -10.008569
9999 1444986386.774419 0.038452 0.010986 -10.008569
10000 1444986386.784658 0.038452 0.010986 -10.008569
10001 1444986386.794994 0.038452 0.010986 -9.920679
10002 1444986386.805017 0.038452 0.010986 -10.008569
10003 1444986386.814874 0.038452 0.010986 -10.008569
10004 1444986386.825178 0.038452 0.010986 -10.008569
10005 1444986386.835354 0.038452 0.010986 -10.008569
10006 1444986386.845265 -0.049439 0.010986 -10.008569
10007 1444986386.855583 0.038452 0.010986 -10.008569
10008 1444986386.865577 -0.049439 0.010986 -10.008569
10009 1444986386.875904 0.038452 -0.076904 -10.008569
10010 1444986386.887928 0.038452 0.010986 -10.008569
10011 1444986386.896158 -0.049439 0.010986 -10.008569
10012 1444986386.906181 -0.049439 0.010986 -10.008569
10013 1444986386.917744 0.038452 0.010986 -10.008569
10014 1444986386.928056 0.038452 -0.076904 -10.008569
10015 1444986386.937958 -0.049439 0.010986 -10.008569
10016 1444986386.947747 0.038452 0.010986 -10.008569
10017 1444986386.952693 -0.049439 0.010986 -10.008569
10018 1444986386.968150 0.038452 0.010986 -10.008569
10019 1444986386.978130 0.038452 0.010986 -10.008569
10020 1444986386.988491 0.038452 0.010986 -10.008569
10021 1444986386.998387 0.038452 0.010986 -10.008569
10022 1444986387.008654 0.038452 0.010986 -10.008569
10023 1444986387.018542 0.038452 0.010986 -10.008569
10024 1444986387.029076 -0.049439 0.010986 -10.008569
10025 1444986387.039172 -0.049439 0.010986 -10.008569
10026 1444986387.048945 0.038452 0.010986 -10.008569
10027 1444986387.058769 -0.049439 0.010986 -10.008569
10028 1444986387.068944 0.038452 0.010986 -10.008569
10029 1444986387.078707 0.038452 0.010986 -10.008569
10030 1444986387.089290 0.038452 0.010986 -10.008569
10031 1444986387.099448 0.038452 0.010986 -10.008569
10032 1444986387.109505 0.038452 0.010986 -10.008569
10033 1444986387.119600 -0.049439 0.010986 -10.008569
10034 1444986387.129711 0.038452 0.010986 -9.920679
10035 1444986387.135705 0.038452 -0.076904 -10.008569
10036 1444986387.145987 0.038452 0.010986 -9.920679
10037 1444986387.155976 0.038452 0.010986 -10.008569
10038 1444986387.166097 0.038452 0.010986 -10.008569
10039 1444986387.178159 -0.049439 0.010986 -10.008569
10040 1444986387.188339 0.038452 0.010986 -10.008569
10041 1444986387.197626 0.038452 0.010986 -10.008569
10042 1444986387.207676 0.038452 0.010986 -10.008569
10043 1444986387.217640 0.038452 0.010986 -10.008569
10044 1444986387.228620 0.038452 0.010986 -10.008569
10045 1444986387.238643 -0.049439 0.010986 -10.008569
10046 1444986387.248577 0.038452 0.010986 -10.008569
10047 1444986387.258542 -0.049439 0.010986 -10.008569
10048 1444986387.268203 0.038452 0.010986 -10.008569
10049 1444986387.279088 0.038452 0.010986 -10.008569
10050 1444986387.289057 0.038452 0.010986 -10.008569
10051 1444986387.298796 0.038452 0.010986 -10.008569
10052 1444986387.309131 -0.049439 0.010986 -10.008569
10053 1444986387.319342 0.038452 0.010986 -10.008569
10054 1444986387.330900 0.038452 0.010986 -10.008569
10055 1444986387.339882 0.038452 0.010986 -10.008569
10056 1444986387.349735 0.038452 -0.076904 -10.008569
10057 1444986387.359988 0.038452 0.010986 -10.008569
10058 1444986387.370063 0.038452 0.010986 -10.008569
10059 1444986387.380074 -0.049439 -0.076904 -10.008569
10060 1444986387.390096 -0.049439 0.010986 -10.008569
10061 1444986387.400222 0.038452 0.010986 -10.008569
10062 1444986387.410512 0.038452 0.010986 -10.008569
10063 1444986387.420734 0.038452 0.010986 -10.008569
10064 1444986387.427758 0.038452 0.010986 -10.008569
10065 1444986387.440856 -0.049439 0.010986 -10.008569
10066 1444986387.451155 0.038452 0.010986 -10.008569
10067 1444986387.461182 -0.049439 0.010986 -10.008569
10068 1444986387.467921 0.038452 0.010986 -10.008569
10069 1444986387.478006 0.038452 0.010986 -10.008569
10070 1444986387.487819 0.038452 -0.076904 -10.008569
10071 1444986387.498121 0.038452 0.010986 -10.008569
10072 1444986387.508791 0.038452 0.010986 -10.008569
10073 1444986387.518022 -0.049439 0.010986 -10.008569
10074 1444986387.531704 -0.049439 0.010986 -10.008569
10075 1444986387.540027 0.038452 0.010986 -10.008569
10076 1444986387.549813 -0.049439 0.010986 -10.008569
10077 1444986387.559769 -0.049439 0.010986 -10.008569
10078 1444986387.569823 0.038452 0.010986 -10.008569
10079 1444986387.579998 0.038452 0.010986 -10.008569
10080 1444986387.589983 0.038452 0.010986 -10.008569
10081 1444986387.600191 0.038452 0.010986 -10.008569
10082 1444986387.610518 0.038452 0.010986 -10.008569
10083 1444986387.620576 0.038452 0.010986 -10.008569
10084 1444986387.630599 -0.049439 0.010986 -10.008569
10085 1444986387.640563 0.038452 0.010986 -10.008569
10086 1444986387.650661 0.038452 0.010986 -10.008569
10087 1444986387.660991 -0.049439 0.010986 -10.008569
10088 1444986387.672750 -0.049439 0.010986 -9.920679
10089 1444986387.683224 0.038452 0.010986 -10.008569
10090 1444986387.692888 0.038452 0.010986 -10.008569
10091 1444986387.702884 0.038452 0.010986 -10.008569
10092 1444986387.713093 -0.049439 0.010986 -10.008569
10093 1444986387.723032 0.038452 0.010986 -10.008569
10094 1444986387.733706 0.038452 0.010986 -9.920679
10095 1444986387.743092 -0.049439 0.010986 -10.008569
10096 1444986387.753024 -0.049439 0.010986 -10.008569
10097 1444986387.763072 0.038452 0.010986 -10.008569
10098 1444986387.773151 0.038452 0.010986 -9.920679
10099 1444986387.783895 0.038452 0.010986 -10.008569
10100 1444986387.793436 0.038452 0.010986 -10.008569
10101 1444986387.803805 -0.049439 -0.076904 -10.008569
10102 1444986387.813923 -0.049439 0.010986 -10.008569
10103 1444986387.823921 0.038452 0.010986 -9.920679
10104 1444986387.834267 0.038452 0.010986 -10.008569
10105 1444986387.844230 -0.049439 0.010986 -10.008569
10106 1444986387.854258 0.038452 0.010986 -10.008569
10107 1444986387.864431 -0.049439 0.010986 -10.008569
10108 1444986387.874541 -0.049439 0.010986 -10.008569
10109 1444986387.880985 -0.049439 -0.076904 -10.008569
10110 1444986387.890990 0.038452 0.010986 -10.008569
10111 1444986387.901225 0.038452 0.010986 -10.008569
10112 1444986387.911180 -0.049439 0.010986 -10.008569
10113 1444986387.921341 0.038452 0.010986 -10.008569
10114 1444986387.932624 0.038452 0.010986 -10.008569
10115 1444986387.938285 0.038452 0.010986 -9.920679
10116 1444986387.952660 0.038452 0.010986 -10.008569
10117 1444986387.962833 0.038452 0.010986 -10.008569
10118 1444986387.972752 0.038452 0.010986 -10.008569
10119 1444986387.982961 0.038452 0.010986 -10.008569
10120 1444986387.992814 -0.049439 0.010986 -10.008569
10121 1444986388.002997 0.038452 0.010986 -9.920679
10122 1444986388.013109 0.038452 0.010986 -10.008569
10123 1444986388.023148 0.038452 0.010986 -10.008569
10124 1444986388.033261 -0.049439 0.010986 -10.008569
10125 1444986388.043177 -0.049439 0.010986 -10.008569
10126 1444986388.053870 0.038452 0.010986 -10.008569
10127 1444986388.063737 0.038452 0.010986 -10.008569
10128 1444986388.073843 0.038452 0.010986 -10.008569
10129 1444986388.083893 0.038452 0.010986 -10.008569
10130 1444986388.093952 0.038452 0.010986 -10.008569
10131 1444986388.104386 0.038452 0.010986 -10.008569
10132 1444986388.114497 0.038452 0.010986 -10.008569
10133 1444986388.124914 -0.049439 0.010986 -10.008569
10134 1444986388.133094 -0.049439 0.010986 -10.008569
10135 1444986388.145103 -0.049439 0.010986 -10.008569
10136 1444986388.155670 0.038452 0.010986 -10.008569
10137 1444986388.165356 -0.049439 0.010986 -10.008569
10138 1444986388.175756 0.038452 0.010986 -10.008569
10139 1444986388.185860 0.038452 0.010986 -10.008569
10140 1444986388.195856 -0.049439 0.010986 -10.008569
10141 1444986388.202680 -0.049439 0.010986 -10.008569
10142 1444986388.212722 0.038452 0.010986 -10.008569
10143 1444986388.222830 0.038452 0.010986 -10.008569
10144 1444986388.233166 0.038452 0.010986 -10.008569
10145 1444986388.243165 0.038452 0.010986 -10.008569
10146 1444986388.253287 0.038452 0.010986 -10.008569
10147 1444986388.263268 0.038452 0.010986 -10.008569
10148 1444986388.273223 0.038452 0.010986 -10.008569
10149 1444986388.283450 0.038452 0.010986 -10.008569
10150 1444986388.293590 0.038452 0.010986 -10.008569
10151 1444986388.303730 0.038452 0.010986 -10.008569
10152 1444986388.313959 0.038452 0.010986 -10.008569
10153 1444986388.323930 -0.049439 0.010986 -10.008569
10154 1444986388.334536 0.038452 0.010986 -10.008569
10155 1444986388.344134 0.038452 0.010986 -10.008569
10156 1444986388.354430 0.038452 0.010986 -10.008569
10157 1444986388.364745 0.038452 0.010986 -10.008569
10158 1444986388.374796 0.038452 0.010986 -10.008569
10159 1444986388.385126 -0.049439 0.010986 -10.008569
10160 1444986388.394920 0.038452 0.010986 -10.008569
10161 1444986388.404911 -0.049439 0.010986 -10.008569
10162 1444986388.414966 -0.049439 0.010986 -10.008569
10163 1444986388.425296 0.038452 0.010986 -10.008569
10164 1444986388.435388 0.038452 0.010986 -10.008569
10165 1444986388.445356 -0.049439 0.010986 -10.008569
10166 1444986388.455559 -0.049439 0.010986 -10.008569
10167 1444986388.465580 0.038452 0.010986 -10.008569
10168 1444986388.475956 -0.049439 0.010986 -10.008569
10169 1444986388.485820 0.038452 0.010986 -10.008569
10170 1444986388.496051 0.038452 0.010986 -10.008569
10171 1444986388.505990 0.038452 0.010986 -10.008569
10172 1444986388.516196 0.038452 0.010986 -10.008569
10173 1444986388.527743 0.038452 0.010986 -10.008569
10174 1444986388.533079 -0.049439 0.010986 -10.008569
10175 1444986388.547570 -0.049439 0.010986 -10.008569
10176 1444986388.556588 0.038452 0.010986 -10.008569
10177 1444986388.567820 -0.049439 0.010986 -10.008569
10178 1444986388.577993 0.038452 0.010986 -10.008569
10179 1444986388.588593 0.038452 0.010986 -10.008569
10180 1444986388.598197 -0.049439 0.010986 -10.008569
10181 1444986388.608024 0.038452 0.010986 -10.008569
10182 1444986388.618570 -0.049439 0.010986 -10.008569
10183 1444986388.628679 -0.049439 0.010986 -10.008569
10184 1444986388.638939 0.038452 0.010986 -10.008569
10185 1444986388.649216 0.038452 0.010986 -10.008569
10186 1444986388.659244 0.038452 -0.076904 -10.008569
10187 1444986388.669340 0.038452 0.010986 -10.008569
10188 1444986388.679197 0.038452 0.010986 -10.008569
10189 1444986388.688300 -0.049439 0.010986 -10.008569
10190 1444986388.699532 0.038452 0.010986 -10.008569
10191 1444986388.709632 -0.049439 -0.076904 -10.008569
10192 1444986388.719763 0.038452 0.010986 -10.008569
10193 1444986388.729731 -0.049439 0.010986 -10.008569
10194 1444986388.735835 0.038452 0.010986 -10.008569
10195 1444986388.745705 0.038452 0.010986 -10.008569
10196 1444986388.755817 0.038452 0.010986 -10.008569
10197 1444986388.765990 0.038452 0.010986 -10.008569
10198 1444986388.776236 0.038452 0.010986 -10.008569
10199 1444986388.786317 -0.049439 0.010986 -10.008569
10200 1444986388.796364 -0.049439 0.010986 -10.008569
10201 1444986388.806443 -0.049439 0.010986 -10.008569
10202 1444986388.816593 -0.049439 -0.076904 -10.008569
10203 1444986388.828321 0.038452 0.010986 -10.008569
10204 1444986388.838985 0.038452 0.010986 -10.008569
10205 1444986388.847957 -0.049439 -0.076904 -10.008569
10206 1444986388.857967 0.038452 0.010986 -10.008569
10207 1444986388.868000 0.038452 0.010986 -10.008569
10208 1444986388.878940 0.038452 0.010986 -10.008569
10209 1444986388.888970 0.038452 0.010986 -10.008569
10210 1444986388.898691 0.038452 0.010986 -10.008569
10211 1444986388.908730 0.038452 0.010986 -10.008569
10212 1444986388.918629 -0.049439 0.010986 -10.008569
10213 1444986388.930086 0.038452 -0.076904 -10.008569
10214 1444986388.940046 0.038452 0.010986 -10.008569
10215 1444986388.949080 0.038452 0.010986 -9.920679
10216 1444986388.959093 0.038452 0.010986 -10.008569
10217 1444986388.969147 -0.049439 -0.076904 -10.008569
10218 1444986388.979966 0.038452 0.010986 -10.008569
10219 1444986388.989441 -0.049439 0.010986 -10.008569
10220 1444986388.999430 -0.049439 0.010986 -10.008569
10221 1444986389.009534 -0.049439 0.010986 -10.008569
10222 1444986389.019689 -0.049439 0.010986 -10.008569
10223 1444986389.029878 0.038452 0.010986 -10.008569
10224 1444986389.040122 0.038452 0.010986 -10.008569
10225 1444986389.049857 0.038452 0.010986 -10.008569
10226 1444986389.060220 0.038452 0.010986 -10.008569
10227 1444986389.070094 -0.049439 -0.076904 -10.008569
10228 1444986389.080263 -0.049439 0.010986 -10.008569
10229 1444986389.088611 0.038452 -0.076904 -10.008569
10230 1444986389.100586 0.038452 0.010986 -10.008569
10231 1444986389.110741 0.038452 0.010986 -10.008569
10232 1444986389.121057 0.038452 0.010986 -10.008569
10233 1444986389.132092 0.038452 0.010986 -10.008569
10234 1444986389.137871 0.038452 0.010986 -10.008569
10235 1444986389.152795 0.038452 0.010986 -10.008569
10236 1444986389.162796 0.038452 0.010986 -10.008569
10237 1444986389.172883 -0.049439 0.010986 -10.008569
10238 1444986389.178590 0.038452 0.010986 -10.008569
10239 1444986389.193109 -0.049439 0.010986 -10.008569
10240 1444986389.203240 0.038452 0.010986 -10.008569
10241 1444986389.209031 0.038452 0.010986 -10.008569
10242 1444986389.218996 0.038452 0.010986 -10.008569
10243 1444986389.229322 0.038452 0.010986 -10.008569
10244 1444986389.239794 -0.049439 0.010986 -10.008569
10245 1444986389.249877 0.038452 0.010986 -10.008569
10246 1444986389.260041 0.038452 0.010986 -10.008569
10247 1444986389.270202 -0.049439 0.010986 -10.008569
10248 1444986389.280261 0.038452 0.010986 -10.008569
10249 1444986389.290341 0.038452 0.010986 -10.008569
10250 1444986389.300510 0.038452 0.010986 -10.008569
10251 1444986389.310728 0.038452 0.010986 -10.008569
10252 1444986389.320832 0.038452 0.010986 -10.008569
10253 1444986389.333856 0.038452 0.010986 -10.008569
10254 1444986389.341219 0.038452 0.010986 -10.008569
10255 1444986389.351335 0.038452 0.010986 -10.008569
10256 1444986389.361337 0.038452 0.010986 -10.008569
10257 1444986389.371443 0.038452 0.010986 -10.008569
10258 1444986389.384263 0.038452 0.010986 -10.008569
10259 1444986389.392814 0.038452 0.010986 -10.008569
10260 1444986389.402760 0.038452 0.010986 -10.008569
10261 1444986389.412940 0.038452 0.010986 -10.008569
10262 1444986389.422702 0.038452 0.010986 -9.920679
10263 1444986389.429675 0.038452 0.010986 -10.008569
10264 1444986389.442612 -0.049439 0.010986 -10.008569
10265 1444986389.453841 -0.049439 0.010986 -10.008569
10266 1444986389.463057 -0.049439 0.010986 -10.008569
10267 1444986389.473172 0.038452 0.010986 -10.008569
10268 1444986389.483713 -0.049439 -0.076904 -10.008569
10269 1444986389.493566 -0.049439 0.010986 -10.008569
10270 1444986389.503368 0.038452 0.010986 -10.008569
10271 1444986389.514534 0.038452 0.010986 -10.008569
10272 1444986389.524084 -0.049439 0.010986 -10.008569
10273 1444986389.533679 -0.049439 0.010986 -10.008569
10274 1444986389.544058 -0.049439 0.010986 -10.008569
10275 1444986389.554623 -0.049439 0.010986 -10.008569
10276 1444986389.564635 0.038452 0.010986 -10.008569
10277 1444986389.574778 0.038452 0.010986 -10.008569
10278 1444986389.584785 -0.049439 0.010986 -10.008569
10279 1444986389.595306 -0.049439 0.010986 -10.008569
10280 1444986389.605056 0.038452 0.010986 -10.008569
10281 1444986389.615162 -0.049439 0.010986 -10.008569
10282 1444986389.625454 -0.049439 0.010986 -10.008569
10283 1444986389.635521 0.038452 -0.076904 -10.008569
10284 1444986389.645424 0.038452 0.010986 -10.008569
10285 1444986389.652755 -0.049439 0.010986 -10.008569
10286 1444986389.662727 -0.049439 0.010986 -10.008569
10287 1444986389.676046 -0.049439 0.010986 -10.008569
10288 1444986389.684202 -0.049439 0.010986 -10.008569
