12193 1444828376.211473 11.9971 5.070203 -0.005493 -10.019556 -2.955329 -4.916394
12194 1444828376.220553 11.9971 5.070203 -0.005493 -10.019556 -2.955329 -4.916394
12195 1444828376.230712 11.9971 5.070203 -0.005493 -9.931665 -2.955329 -4.916394
12196 1444828376.240848 11.9971 5.070203 -0.005493 -9.931665 -2.955329 -4.916394
12197 1444828376.251494 11.9971 5.070203 -0.005493 -9.931665 -2.955329 -4.916394
12198 1444828376.261019 11.9971 5.070203 -0.005493 -9.931665 -2.955329 -4.916394
12199 1444828376.271823 11.9971 5.070203 -0.005493 -10.019556 -2.955329 -4.916394
12200 1444828376.282105 11.9971 5.070203 -0.005493 -10.019556 -2.955329 -4.916394
12201 1444828376.292043 11.9971 5.070203 -0.005493 -9.931665 -2.955329 -4.916394
12202 1444828376.302165 11.9971 5.070203 0.082398 -10.019556 -2.955329 -4.916394
12203 1444828376.312516 11.9971 5.070203 -0.005493 -9.931665 -2.955329 -4.916394
12204 1444828376.322419 11.9971 5.070203 -0.005493 -10.019556 -2.955329 -4.916394
12205 1444828376.332417 11.9971 5.070203 -0.005493 -9.931665 -2.955329 -4.916394
12206 1444828376.342723 11.9971 5.070203 -0.005493 -10.019556 -2.955329 -4.916394
12207 1444828376.353546 11.9971 5.070203 -0.005493 -10.019556 -2.955329 -4.916394
12208 1444828376.363799 11.9971 5.070203 -0.005493 -9.931665 -2.955329 -4.916394
12209 1444828376.373876 11.9971 5.070203 -0.005493 -9.931665 -2.955329 -4.916394
12210 1444828376.383994 11.9971 5.070203 -0.005493 -9.931665 -2.955329 -4.916394
12211 1444828376.394500 11.9971 5.070203 -0.005493 -9.931665 -2.955329 -4.916394
12212 1444828376.404603 11.9971 5.070203 -0.005493 -10.019556 -2.955329 -4.916394
12213 1444828376.414772 11.9971 5.070203 -0.005493 -10.019556 -2.955329 -4.916394
12214 1444828376.424781 11.9971 5.070203 -0.005493 -10.019556 -2.955329 -4.916394
12215 1444828376.434923 12.08499 5.070203 -0.005493 -10.019556 -2.955329 -4.916394
12216 1444828376.445187 11.9971 5.070203 -0.005493 -10.019556 -2.955329 -4.916394
12217 1444828376.455159 11.9971 5.070203 -0.005493 -10.019556 -2.955329 -4.916394
12218 1444828376.465310 11.9971 5.070203 0.082398 -10.019556 -2.955329 -4.916394
12219 1444828376.475416 11.9971 5.070203 -0.005493 -10.019556 -2.955329 -4.916394
12220 1444828376.485491 11.9971 5.070203 -0.005493 -10.019556 -2.955329 -4.916394
12221 1444828376.495615 11.9971 5.070203 -0.005493 -9.931665 -2.955329 -4.916394
12222 1444828376.506053 11.9971 5.070203 -0.005493 -9.931665 -2.955329 -4.916394
12223 1444828376.515727 11.9971 5.070203 -0.005493 -10.019556 -2.955329 -4.916394
12224 1444828376.525855 11.9971 5.070203 -0.005493 -10.019556 -2.955329 -4.916394
12225 1444828376.535998 11.9971 5.070203 -0.005493 -10.019556 -2.955329 -4.916394
12226 1444828376.546127 11.9971 5.070203 0.082398 -10.019556 -2.955329 -4.916394
12227 1444828376.556177 11.9971 5.070203 -0.005493 -9.931665 -2.955329 -4.916394
12228 1444828376.566491 11.9971 5.070203 -0.005493 -10.019556 -2.955329 -4.916394
12229 1444828376.576417 11.9971 5.070203 -0.005493 -10.019556 -2.955329 -4.916394
12230 1444828376.586555 11.9971 5.070203 -0.005493 -10.019556 -2.955329 -4.916394
12231 1444828376.597062 11.9971 5.070203 -0.005493 -10.019556 -2.955329 -4.916394
12232 1444828376.607367 11.9971 5.070203 -0.005493 -10.019556 -2.955329 -4.916394
12233 1444828376.617354 11.9971 5.070203 -0.005493 -10.019556 -2.955329 -4.916394
12234 1444828376.627406 11.9971 5.070203 -0.005493 -9.931665 -2.955329 -4.916394
12235 1444828376.637493 11.9971 5.070203 -0.005493 -9.931665 -2.955329 -4.916394
12236 1444828376.647620 11.9971 5.070203 -0.005493 -10.019556 -2.955329 -4.916394
12237 1444828376.657767 11.9971 5.070203 -0.005493 -10.019556 -2.955329 -4.916394
12238 1444828376.667848 11.9971 5.070203 -0.005493 -10.019556 -2.955329 -4.916394
12239 1444828376.677992 11.9971 5.070203 -0.005493 -10.019556 -2.955329 -4.916394
12240 1444828376.688177 11.9971 5.070203 -0.005493 -10.019556 -2.955329 -4.916394
12241 1444828376.698328 11.9971 5.070203 -0.005493 -10.019556 -2.955329 -4.916394
12242 1444828376.706975 11.9971 5.070203 -0.005493 -10.019556 -2.955329 -4.916394
12243 1444828376.718550 11.9971 5.070203 -0.005493 -10.019556 -2.955329 -4.916394
12244 1444828376.727162 12.08499 5.070203 -0.005493 -10.019556 -2.955329 -4.916394
12245 1444828376.737195 11.9971 5.070203 -0.005493 -9.931665 -2.955329 -4.916394
12246 1444828376.747339 11.9971 5.070203 -0.005493 -10.019556 -2.955329 -4.916394
12247 1444828376.754731 11.9971 5.070203 0.082398 -10.019556 -2.955329 -4.916394
12248 1444828376.766240 11.9971 5.070203 -0.005493 -10.019556 -2.955329 -4.916394
12249 1444828376.774522 11.9971 5.070203 -0.005493 -10.019556 -2.955329 -4.916394
12250 1444828376.789785 11.9971 5.070203 -0.005493 -9.931665 -2.955329 -4.916394
12251 1444828376.799803 12.08499 5.070203 -0.005493 -10.019556 -2.955329 -4.916394
12252 1444828376.809816 11.9971 5.070203 -0.005493 -10.019556 -2.955329 -4.916394
12253 1444828376.819966 11.9971 5.070203 -0.005493 -10.019556 -2.955329 -4.916394
12254 1444828376.830065 11.9971 5.070203 -0.005493 -9.931665 -2.955329 -4.916394
12255 1444828376.837309 11.9971 5.070203 -0.005493 -10.019556 -2.955329 -4.916394
12256 1444828376.850322 11.9971 5.070203 -0.005493 -10.019556 -2.955329 -4.916394
12257 1444828376.860388 11.9971 5.070203 -0.005493 -10.019556 -2.955329 -4.916394
12258 1444828376.870566 11.9971 5.070203 -0.005493 -10.019556 -2.955329 -4.916394
12259 1444828376.880624 11.9971 5.070203 -0.005493 -10.019556 -2.955329 -4.916394
12260 1444828376.887817 11.9971 5.070203 -0.005493 -10.019556 -2.955329 -4.916394
12261 1444828376.901187 11.9971 5.070203 -0.005493 -9.931665 -2.955329 -4.916394
12262 1444828376.911006 11.9971 5.070203 -0.005493 -10.019556 -2.955329 -4.916394
12263 1444828376.921156 11.9971 5.070203 -0.005493 -10.019556 -2.955329 -4.916394
12264 1444828376.928206 11.9971 5.070203 -0.005493 -10.019556 -2.955329 -4.916394
12265 1444828376.936480 11.9971 5.070203 -0.005493 -10.019556 -2.955329 -4.916394
12266 1444828376.948326 11.9971 5.070203 -0.005493 -10.019556 -2.955329 -4.916394
12267 1444828376.961848 11.9971 5.070203 -0.005493 -10.019556 -2.955329 -4.916394
12268 1444828376.972041 11.9971 5.070203 -0.005493 -10.019556 -2.955329 -4.916394
12269 1444828376.982165 11.9971 5.070203 -0.005493 -9.931665 -2.955329 -4.916394
12270 1444828376.992266 11.9971 5.070203 -0.005493 -10.019556 -2.955329 -4.916394
12271 1444828377.002359 11.9971 5.070203 -0.005493 -10.019556 -2.955329 -4.916394
12272 1444828377.007411 11.9971 5.070203 -0.005493 -10.019556 -2.955329 -4.916394
12273 1444828377.019228 11.9971 5.070203 -0.005493 -10.019556 -2.955329 -4.916394
12274 1444828377.032679 11.9971 5.070203 -0.005493 -10.019556 -2.955329 -4.916394
12275 1444828377.039436 11.9971 5.070203 -0.005493 -10.019556 -2.955329 -4.916394
12276 1444828377.051658 11.9971 5.070203 -0.005493 -10.019556 -2.955329 -4.916394
12277 1444828377.063049 11.9971 5.070203 -0.005493 -10.019556 -2.955329 -4.916394
12278 1444828377.071779 11.9971 5.070203 -0.005493 -10.019556 -2.955329 -4.916394
12279 1444828377.077347 12.08499 5.070203 -0.005493 -9.931665 -2.955329 -4.916394
12280 1444828377.086929 12.08499 5.070203 -0.005493 -9.931665 -2.955329 -4.916394
12281 1444828377.099737 11.9971 5.070203 -0.005493 -10.019556 -2.955329 -4.916394
12282 1444828377.109618 11.9971 5.070203 -0.005493 -10.019556 -2.955329 -4.916394
12283 1444828377.119642 11.9971 5.070203 -0.005493 -10.019556 -2.955329 -4.916394
12284 1444828377.129733 11.9971 5.070203 -0.005493 -10.019556 -2.955329 -4.916394
12285 1444828377.140004 11.9971 5.070203 -0.005493 -10.019556 -2.955329 -4.916394
12286 1444828377.150145 11.9971 5.070203 0.082398 -9.931665 -2.955329 -4.916394
12287 1444828377.159527 11.9971 5.070203 -0.005493 -10.019556 -2.955329 -4.916394
12288 1444828377.169548 11.9971 5.070203 -0.005493 -9.931665 -2.955329 -4.916394
12289 1444828377.184747 11.9971 5.070203 -0.005493 -9.931665 -2.955329 -4.916394
12290 1444828377.190489 11.9971 5.070203 -0.005493 -9.931665 -2.955329 -4.916394
12291 1444828377.202161 11.9971 5.070203 -0.005493 -10.019556 -2.955329 -4.916394
12292 1444828377.209987 11.9971 5.070203 0.082398 -10.019556 -2.955329 -4.916394
12293 1444828377.221850 11.9971 5.070203 -0.005493 -10.019556 -2.955329 -4.916394
12294 1444828377.235562 11.9971 5.070203 -0.005493 -10.019556 -2.955329 -4.916394
12295 1444828377.242519 11.9971 5.070203 -0.005493 -9.931665 -2.955329 -4.916394
12296 1444828377.250475 11.9971 5.070203 -0.005493 -10.019556 -2.955329 -4.916394
12297 1444828377.266062 11.9971 5.070203 -0.005493 -9.931665 -2.955329 -4.916394
12298 1444828377.272482 11.9971 5.070203 -0.005493 -10.019556 -2.955329 -4.916394
12299 1444828377.285845 11.9971 5.070203 -0.005493 -10.019556 -2.955329 -4.916394
12300 1444828377.290932 11.9971 5.070203 -0.005493 -10.019556 -2.955329 -4.916394
12301 1444828377.306138 11.9971 5.070203 -0.005493 -10.019556 -2.955329 -4.916394
12302 1444828377.316256 11.9971 5.070203 -0.005493 -9.931665 -2.955329 -4.916394
12303 1444828377.326398 11.9971 5.070203 -0.005493 -10.019556 -2.955329 -4.916394
12304 1444828377.333180 11.9971 5.070203 -0.005493 -10.019556 -2.955329 -4.916394
12305 1444828377.341499 11.9971 5.070203 0.082398 -10.019556 -2.955329 -4.916394
12306 1444828377.351985 11.9971 5.070203 -0.005493 -10.019556 -2.955329 -4.916394
12307 1444828377.363930 11.9971 5.070203 -0.005493 -10.019556 -2.955329 -4.916394
12308 1444828377.377057 11.9971 5.070203 -0.005493 -9.931665 -2.955329 -4.916394
12309 1444828377.383030 11.9971 5.070203 -0.005493 -10.019556 -2.955329 -4.916394
12310 1444828377.393097 11.9971 5.070203 -0.005493 -9.931665 -2.955329 -4.916394
12311 1444828377.399807 11.9971 5.070203 -0.005493 -10.019556 -2.955329 -4.916394
12312 1444828377.413301 11.9971 5.070203 0.082398 -10.019556 -2.955329 -4.916394
12313 1444828377.423416 11.9971 5.070203 -0.005493 -10.019556 -2.955329 -4.916394
12314 1444828377.433654 12.08499 5.070203 -0.005493 -9.931665 -2.955329 -4.916394
12315 1444828377.443793 11.9971 5.070203 -0.005493 -10.019556 -2.955329 -4.916394
12316 1444828377.453883 11.9971 5.070203 -0.005493 -10.019556 -2.955329 -4.916394
12317 1444828377.464377 11.9971 5.070203 0.082398 -10.019556 -2.955329 -4.916394
12318 1444828377.474590 11.9971 5.070203 -0.005493 -10.019556 -2.955329 -4.916394
12319 1444828377.484607 11.9971 5.070203 -0.005493 -10.019556 -2.955329 -4.916394
12320 1444828377.494616 11.9971 5.070203 -0.005493 -9.931665 -2.955329 -4.916394
12321 1444828377.504753 11.9971 5.070203 -0.005493 -10.019556 -2.955329 -4.916394
12322 1444828377.514879 11.9971 5.070203 -0.005493 -10.019556 -2.955329 -4.916394
12323 1444828377.524970 11.9971 5.070203 0.082398 -9.931665 -2.955329 -4.916394
12324 1444828377.535036 11.9971 5.070203 -0.005493 -10.019556 -2.955329 -4.916394
12325 1444828377.545308 11.9971 5.070203 0.082398 -10.019556 -2.955329 -4.916394
12326 1444828377.555445 11.9971 5.070203 -0.005493 -10.019556 -2.955329 -4.916394
12327 1444828377.565398 11.9971 5.070203 -0.005493 -10.019556 -2.955329 -4.916394
12328 1444828377.575495 11.9971 5.070203 -0.005493 -10.019556 -2.955329 -4.916394
12329 1444828377.585564 11.9971 5.070203 -0.005493 -10.019556 -2.955329 -4.916394
12330 1444828377.595767 11.9971 5.070203 -0.005493 -10.019556 -2.955329 -4.916394
12331 1444828377.605908 11.9971 5.070203 -0.005493 -10.019556 -2.955329 -4.916394
12332 1444828377.615979 11.9971 5.070203 -0.005493 -10.019556 -2.955329 -4.916394
12333 1444828377.625969 11.9971 5.070203 -0.005493 -10.019556 -2.955329 -4.916394
12334 1444828377.636081 12.08499 5.070203 -0.005493 -10.019556 -2.955329 -4.916394
12335 1444828377.646872 11.9971 5.070203 -0.005493 -9.931665 -2.955329 -4.916394
12336 1444828377.656874 11.9971 5.070203 0.082398 -10.019556 -2.955329 -4.916394
12337 1444828377.666991 11.9971 5.070203 -0.005493 -9.931665 -2.955329 -4.916394
12338 1444828377.676569 11.9971 5.070203 -0.005493 -10.019556 -2.955329 -4.916394
12339 1444828377.686673 11.9971 5.070203 -0.005493 -10.019556 -2.955329 -4.916394
12340 1444828377.696819 11.9971 5.070203 -0.005493 -10.019556 -2.955329 -4.916394
12341 1444828377.706933 11.9971 5.070203 -0.005493 -9.931665 -2.955329 -4.916394
12342 1444828377.716993 12.08499 5.070203 -0.005493 -10.019556 -2.955329 -4.916394
12343 1444828377.727022 11.9971 5.070203 -0.005493 -9.931665 -2.955329 -4.916394
12344 1444828377.737138 11.9971 5.070203 -0.005493 -9.931665 -2.955329 -4.916394
12345 1444828377.747362 11.9971 5.070203 -0.005493 -9.931665 -2.955329 -4.916394
12346 1444828377.757347 11.9971 5.070203 -0.005493 -10.019556 -2.955329 -4.916394
12347 1444828377.767420 11.9971 5.070203 0.082398 -10.019556 -2.955329 -4.916394
12348 1444828377.777536 11.9971 5.070203 -0.005493 -10.019556 -2.955329 -4.916394
12349 1444828377.787616 11.9971 5.070203 -0.005493 -10.019556 -2.955329 -4.916394
12350 1444828377.798042 11.9971 5.070203 -0.005493 -10.019556 -2.955329 -4.916394
12351 1444828377.807901 11.9971 5.070203 -0.005493 -10.019556 -2.955329 -4.916394
12352 1444828377.818007 12.08499 5.070203 -0.005493 -10.019556 -2.955329 -4.916394
12353 1444828377.826680 11.9971 5.070203 -0.005493 -9.931665 -2.955329 -4.916394
12354 1444828377.836787 11.9971 5.070203 -0.005493 -10.019556 -2.955329 -4.916394
12355 1444828377.849435 11.9971 5.070203 -0.005493 -10.019556 -2.955329 -4.916394
12356 1444828377.859380 11.9971 5.070203 -0.005493 -10.019556 -2.955329 -4.916394
12357 1444828377.867052 11.9971 5.070203 -0.005493 -10.019556 -2.955329 -4.916394
12358 1444828377.874390 11.9971 5.070203 -0.005493 -9.931665 -2.955329 -4.916394
12359 1444828377.889550 11.9971 5.070203 -0.005493 -9.931665 -2.955329 -4.916394
12360 1444828377.899809 12.08499 5.070203 0.082398 -10.019556 -2.955329 -4.916394
12361 1444828377.906278 11.9971 5.070203 -0.005493 -9.931665 -2.955329 -4.916394
12362 1444828377.919928 11.9971 5.070203 -0.005493 -10.019556 -2.955329 -4.916394
12363 1444828377.930392 11.9971 5.070203 -0.005493 -9.931665 -2.955329 -4.916394
12364 1444828377.939935 11.9971 5.070203 -0.005493 -10.019556 -2.955329 -4.916394
12365 1444828377.950410 11.9971 5.070203 -0.005493 -9.931665 -2.955329 -4.916394
12366 1444828377.959716 11.9971 5.070203 -0.005493 -10.019556 -2.955329 -4.916394
12367 1444828377.970619 11.9971 5.070203 -0.005493 -10.019556 -2.955329 -4.916394
12368 1444828377.980610 11.9971 5.070203 0.082398 -10.019556 -2.955329 -4.916394
12369 1444828377.991021 11.9971 5.070203 -0.005493 -10.019556 -2.955329 -4.916394
12370 1444828378.000782 11.9971 5.070203 -0.005493 -10.019556 -2.955329 -4.916394
12371 1444828378.010192 11.9971 5.070203 -0.005493 -9.931665 -2.955329 -4.916394
12372 1444828378.020367 11.9971 5.070203 -0.005493 -10.019556 -2.955329 -4.916394
12373 1444828378.030523 11.9971 5.070203 -0.005493 -9.931665 -2.955329 -4.916394
12374 1444828378.041670 11.9971 5.070203 -0.005493 -9.931665 -2.955329 -4.916394
12375 1444828378.050748 11.9971 5.070203 -0.005493 -10.019556 -2.955329 -4.916394
12376 1444828378.060856 12.08499 5.070203 -0.005493 -9.931665 -2.955329 -4.916394
12377 1444828378.065868 11.9971 5.070203 -0.005493 -10.019556 -2.955329 -4.916394
12378 1444828378.081926 11.9971 5.070203 -0.005493 -9.931665 -2.955329 -4.916394
12379 1444828378.091430 11.9971 5.070203 -0.005493 -10.019556 -2.955329 -4.916394
12380 1444828378.101256 11.9971 5.070203 -0.005493 -10.019556 -2.955329 -4.916394
12381 1444828378.112685 11.9971 5.070203 -0.005493 -10.019556 -2.955329 -4.916394
12382 1444828378.122047 11.9971 5.070203 -0.005493 -10.019556 -2.955329 -4.916394
12383 1444828378.132599 11.9971 5.070203 -0.005493 -10.019556 -2.955329 -4.916394
12384 1444828378.142726 11.9971 5.070203 -0.005493 -10.019556 -2.955329 -4.916394
12385 1444828378.152056 11.9971 5.070203 -0.005493 -9.931665 -2.955329 -4.916394
12386 1444828378.163342 11.9971 5.070203 -0.005493 -10.019556 -2.955329 -4.916394
12387 1444828378.173440 11.9971 5.070203 -0.005493 -10.019556 -2.955329 -4.916394
12388 1444828378.183533 11.9971 5.070203 -0.005493 -10.019556 -2.955329 -4.916394
12389 1444828378.192119 11.9971 5.070203 -0.005493 -10.019556 -2.955329 -4.916394
12390 1444828378.202213 11.9971 5.070203 -0.005493 -10.019556 -2.955329 -4.916394
12391 1444828378.212288 11.9971 5.070203 -0.005493 -10.019556 -2.955329 -4.916394
12392 1444828378.222421 11.9971 5.070203 -0.005493 -9.931665 -2.955329 -4.916394
12393 1444828378.232504 11.9971 5.070203 -0.005493 -10.019556 -2.955329 -4.916394
12394 1444828378.239539 11.9971 5.070203 -0.005493 -10.019556 -2.955329 -4.916394
12395 1444828378.249709 12.08499 5.070203 -0.005493 -9.931665 -2.955329 -4.916394
12396 1444828378.259600 11.9971 5.070203 -0.005493 -9.931665 -2.955329 -4.916394
12397 1444828378.269711 11.9971 5.070203 -0.005493 -9.931665 -2.955329 -4.916394
12398 1444828378.279842 11.9971 5.070203 -0.005493 -10.019556 -2.955329 -4.916394
12399 1444828378.289905 11.9971 5.070203 0.082398 -10.019556 -2.955329 -4.916394
12400 1444828378.300034 11.9971 5.070203 -0.005493 -9.931665 -2.955329 -4.916394
12401 1444828378.310085 12.08499 5.070203 -0.005493 -9.931665 -2.955329 -4.916394
12402 1444828378.320338 11.9971 5.070203 -0.005493 -10.019556 -2.955329 -4.916394
12403 1444828378.330478 11.9971 5.070203 -0.005493 -10.019556 -2.955329 -4.916394
12404 1444828378.340606 11.9971 5.070203 -0.005493 -10.019556 -2.955329 -4.916394
12405 1444828378.350719 11.9971 5.070203 -0.005493 -10.019556 -2.955329 -4.916394
12406 1444828378.360765 11.9971 5.070203 -0.005493 -10.019556 -2.955329 -4.916394
12407 1444828378.370977 11.9971 5.070203 -0.005493 -10.019556 -2.955329 -4.916394
12408 1444828378.381070 11.9971 5.070203 -0.005493 -10.019556 -2.955329 -4.916394
12409 1444828378.391134 11.9971 5.070203 -0.005493 -9.931665 -2.955329 -4.916394
12410 1444828378.401258 11.9971 5.070203 -0.005493 -10.019556 -2.955329 -4.916394
12411 1444828378.411403 11.9971 5.070203 -0.005493 -10.019556 -2.955329 -4.916394
12412 1444828378.421472 11.9971 5.070203 -0.005493 -9.931665 -2.955329 -4.916394
12413 1444828378.431560 11.9971 5.070203 -0.005493 -10.019556 -2.955329 -4.916394
12414 1444828378.441712 11.9971 5.070203 0.082398 -9.931665 -2.955329 -4.916394
12415 1444828378.451844 11.9971 5.070203 -0.005493 -10.019556 -2.955329 -4.916394
12416 1444828378.461861 11.9971 5.070203 -0.005493 -10.019556 -2.955329 -4.916394
12417 1444828378.472019 11.9971 5.070203 -0.005493 -10.019556 -2.955329 -4.916394
12418 1444828378.482121 12.08499 5.070203 -0.005493 -10.019556 -2.955329 -4.916394
12419 1444828378.492227 11.9971 5.070203 -0.005493 -10.019556 -2.955329 -4.916394
12420 1444828378.502414 11.9971 5.070203 -0.005493 -9.931665 -2.955329 -4.916394
12421 1444828378.512469 11.9971 5.070203 -0.005493 -10.019556 -2.955329 -4.916394
12422 1444828378.522545 11.9971 5.070203 0.082398 -9.931665 -2.955329 -4.916394
12423 1444828378.532623 11.9971 5.070203 -0.005493 -10.019556 -2.955329 -4.916394
12424 1444828378.542803 12.08499 5.070203 -0.005493 -10.019556 -2.955329 -4.916394
12425 1444828378.552948 12.08499 5.070203 -0.005493 -10.019556 -2.955329 -4.916394
12426 1444828378.563029 11.9971 5.070203 -0.005493 -10.019556 -2.955329 -4.916394
12427 1444828378.573115 11.9971 5.070203 -0.005493 -9.931665 -2.955329 -4.916394
12428 1444828378.583220 11.9971 5.070203 -0.005493 -9.931665 -2.955329 -4.916394
12429 1444828378.591861 11.9971 5.070203 -0.005493 -10.019556 -2.955329 -4.916394
12430 1444828378.599367 11.9971 5.070203 -0.005493 -10.019556 -2.955329 -4.916394
12431 1444828378.613660 11.9971 5.070203 -0.005493 -10.019556 -2.955329 -4.916394
12432 1444828378.623755 11.9971 5.070203 -0.005493 -10.019556 -2.955329 -4.916394
12433 1444828378.633809 11.9971 5.070203 -0.005493 -10.019556 -2.955329 -4.916394
12434 1444828378.641060 11.9971 5.070203 -0.005493 -10.019556 -2.955329 -4.916394
12435 1444828378.651335 11.9971 5.070203 -0.005493 -9.931665 -2.955329 -4.916394
12436 1444828378.661168 11.9971 5.070203 -0.005493 -10.019556 -2.955329 -4.916394
12437 1444828378.674546 11.9971 5.070203 -0.005493 -10.019556 -2.955329 -4.916394
12438 1444828378.684586 11.9971 5.070203 -0.005493 -10.019556 -2.955329 -4.916394
12439 1444828378.694696 11.9971 5.070203 -0.005493 -10.019556 -2.955329 -4.916394
12440 1444828378.704979 11.9971 5.070203 -0.005493 -10.019556 -2.955329 -4.916394
12441 1444828378.714931 11.9971 5.070203 -0.005493 -10.019556 -2.955329 -4.916394
12442 1444828378.725016 11.9971 5.070203 -0.005493 -10.019556 -2.955329 -4.916394
12443 1444828378.735094 11.9971 5.070203 -0.005493 -9.931665 -2.955329 -4.916394
12444 1444828378.745794 11.9971 5.070203 -0.005493 -10.019556 -2.955329 -4.916394
12445 1444828378.755740 11.9971 5.070203 0.082398 -9.931665 -2.955329 -4.916394
12446 1444828378.765938 11.9971 5.070203 -0.005493 -10.019556 -2.955329 -4.916394
12447 1444828378.775478 11.9971 5.070203 -0.005493 -10.019556 -2.955329 -4.916394
12448 1444828378.785687 11.9971 5.070203 -0.005493 -10.019556 -2.955329 -4.916394
12449 1444828378.795957 11.9971 5.070203 -0.005493 -10.019556 -2.955329 -4.916394
12450 1444828378.805792 11.9971 5.070203 -0.005493 -10.019556 -2.955329 -4.916394
12451 1444828378.816381 11.9971 5.070203 0.082398 -10.019556 -2.955329 -4.916394
12452 1444828378.825958 11.9971 5.070203 0.082398 -10.019556 -2.955329 -4.916394
12453 1444828378.836342 11.9971 5.070203 -0.005493 -9.931665 -2.955329 -4.916394
12454 1444828378.846785 11.9971 5.070203 -0.005493 -10.019556 -2.955329 -4.916394
12455 1444828378.856608 11.9971 5.070203 -0.005493 -10.019556 -2.955329 -4.916394
12456 1444828378.866863 11.9971 5.070203 -0.005493 -9.931665 -2.955329 -4.916394
12457 1444828378.876913 11.9971 5.070203 -0.005493 -9.931665 -2.955329 -4.916394
12458 1444828378.887113 11.9971 5.070203 -0.005493 -9.931665 -2.955329 -4.916394
12459 1444828378.897470 11.9971 5.070203 -0.005493 -10.019556 -2.955329 -4.916394
12460 1444828378.907593 11.9971 5.070203 -0.005493 -10.019556 -2.955329 -4.916394
12461 1444828378.917833 11.9971 5.070203 0.082398 -10.019556 -2.955329 -4.916394
12462 1444828378.926543 11.9971 5.070203 -0.005493 -9.931665 -2.867439 -4.916394
12463 1444828378.938056 11.9971 5.070203 -0.005493 -10.019556 -2.955329 -4.916394
12464 1444828378.948134 11.9971 5.070203 -0.005493 -9.931665 -2.955329 -4.916394
12465 1444828378.959440 11.9971 5.070203 -0.005493 -10.019556 -2.955329 -4.916394
12466 1444828378.969567 11.9971 5.070203 -0.005493 -10.019556 -2.955329 -4.916394
12467 1444828378.976232 11.9971 5.070203 -0.005493 -10.019556 -2.955329 -4.916394
12468 1444828378.989901 11.9971 5.070203 -0.005493 -10.019556 -2.955329 -4.916394
12469 1444828378.994745 11.9971 5.070203 -0.005493 -9.931665 -2.955329 -4.916394
12470 1444828379.010069 11.9971 5.070203 -0.005493 -9.931665 -2.955329 -4.916394
12471 1444828379.015807 11.9971 5.070203 -0.005493 -9.931665 -2.955329 -4.916394
12472 1444828379.026351 11.9971 5.070203 -0.005493 -10.019556 -2.955329 -4.916394
12473 1444828379.036826 11.9971 5.070203 -0.005493 -10.019556 -2.955329 -4.916394
12474 1444828379.045106 11.9971 5.070203 -0.005493 -10.019556 -2.955329 -4.916394
12475 1444828379.059721 11.9971 5.070203 -0.005493 -10.019556 -2.955329 -4.916394
12476 1444828379.069795 11.9971 5.070203 -0.005493 -10.019556 -2.955329 -4.916394
12477 1444828379.074897 11.9971 5.070203 -0.005493 -10.019556 -2.955329 -4.916394
12478 1444828379.084914 11.9971 5.070203 -0.005493 -10.019556 -2.955329 -4.916394
12479 1444828379.096738 11.9971 5.070203 -0.005493 -10.019556 -2.955329 -4.916394
12480 1444828379.105115 11.9971 5.070203 -0.005493 -10.019556 -2.955329 -4.916394
12481 1444828379.115236 11.9971 5.070203 -0.005493 -10.019556 -2.955329 -4.916394
12482 1444828379.125538 11.9971 5.070203 -0.005493 -9.931665 -2.955329 -4.916394
12483 1444828379.140559 11.9971 5.070203 0.082398 -9.931665 -2.955329 -4.916394
12484 1444828379.147708 11.9971 5.070203 -0.005493 -9.931665 -2.955329 -4.916394
12485 1444828379.160768 11.9971 5.070203 -0.005493 -10.019556 -2.955329 -4.916394
12486 1444828379.170867 11.9971 5.070203 -0.005493 -10.019556 -2.955329 -4.916394
12487 1444828379.181013 11.9971 5.070203 -0.005493 -10.019556 -2.955329 -4.916394
12488 1444828379.191076 11.9971 5.070203 -0.005493 -9.931665 -2.955329 -4.916394
12489 1444828379.201171 11.9971 5.070203 -0.005493 -10.019556 -2.955329 -4.916394
12490 1444828379.206919 11.9971 5.070203 -0.005493 -10.019556 -2.955329 -4.916394
12491 1444828379.217229 11.9971 5.070203 -0.005493 -10.019556 -2.955329 -4.916394
12492 1444828379.227295 11.9971 5.070203 -0.005493 -10.019556 -2.955329 -4.916394
12493 1444828379.242490 11.9971 5.070203 -0.005493 -10.019556 -2.955329 -4.916394
12494 1444828379.247507 11.9971 5.070203 -0.005493 -9.931665 -2.955329 -4.916394
12495 1444828379.261133 11.9971 5.070203 -0.005493 -10.019556 -2.955329 -4.916394
12496 1444828379.267869 11.9971 5.070203 -0.005493 -10.019556 -2.955329 -4.916394
12497 1444828379.278049 11.9971 5.070203 -0.005493 -9.931665 -2.955329 -4.916394
12498 1444828379.288187 11.9971 5.070203 -0.005493 -10.019556 -2.955329 -4.916394
12499 1444828379.298351 11.9971 5.070203 -0.005493 -10.019556 -2.955329 -4.916394
12500 1444828379.308387 11.9971 5.070203 -0.005493 -10.019556 -2.955329 -4.916394
12501 1444828379.318658 11.9971 5.070203 -0.005493 -10.019556 -2.955329 -4.916394
12502 1444828379.328762 11.9971 5.070203 -0.005493 -10.019556 -2.955329 -4.916394
12503 1444828379.339905 11.9971 5.070203 -0.005493 -10.019556 -2.955329 -4.916394
12504 1444828379.349535 11.9971 5.070203 -0.005493 -10.019556 -2.955329 -4.916394
12505 1444828379.359815 12.08499 5.070203 -0.005493 -10.019556 -2.955329 -4.916394
12506 1444828379.369813 11.9971 5.070203 0.082398 -10.019556 -2.955329 -4.916394
12507 1444828379.380053 11.9971 5.070203 -0.005493 -10.019556 -2.955329 -4.916394
12508 1444828379.389938 11.9971 5.070203 -0.005493 -10.019556 -2.955329 -4.916394
12509 1444828379.400374 11.9971 5.070203 -0.005493 -10.019556 -2.955329 -4.916394
12510 1444828379.410004 11.9971 5.070203 -0.005493 -9.931665 -2.955329 -4.916394
12511 1444828379.420554 11.9971 5.070203 -0.005493 -10.019556 -2.955329 -4.916394
12512 1444828379.430359 11.9971 5.070203 -0.005493 -10.019556 -2.955329 -4.916394
12513 1444828379.440398 11.9971 5.070203 -0.005493 -10.019556 -2.955329 -4.916394
12514 1444828379.450641 11.9971 5.070203 -0.005493 -9.931665 -2.955329 -4.916394
12515 1444828379.460501 12.08499 5.070203 -0.005493 -10.019556 -2.955329 -4.916394
12516 1444828379.470704 11.9971 5.070203 -0.005493 -10.019556 -2.955329 -4.916394
12517 1444828379.481168 11.9971 5.070203 -0.005493 -9.931665 -2.955329 -4.916394
12518 1444828379.491118 11.9971 5.070203 -0.005493 -9.931665 -2.955329 -4.916394
12519 1444828379.501034 12.08499 5.070203 -0.005493 -10.019556 -2.955329 -4.916394
12520 1444828379.511108 11.9971 5.070203 -0.005493 -10.019556 -2.955329 -4.916394
12521 1444828379.521262 11.9971 5.070203 -0.005493 -10.019556 -2.955329 -4.916394
12522 1444828379.531446 11.9971 5.070203 -0.005493 -9.931665 -2.955329 -4.916394
12523 1444828379.541484 11.9971 5.070203 -0.005493 -9.931665 -2.955329 -4.916394
12524 1444828379.551572 12.08499 5.070203 -0.005493 -10.019556 -2.955329 -4.916394
12525 1444828379.561723 11.9971 5.070203 -0.005493 -10.019556 -2.955329 -4.916394
12526 1444828379.571888 11.9971 5.070203 0.082398 -9.931665 -2.955329 -4.916394
12527 1444828379.581973 11.9971 5.070203 -0.005493 -10.019556 -2.955329 -4.916394
12528 1444828379.592169 11.9971 5.070203 -0.005493 -10.019556 -2.955329 -4.916394
12529 1444828379.602162 11.9971 5.070203 -0.005493 -10.019556 -2.955329 -4.916394
12530 1444828379.612404 11.9971 5.070203 -0.005493 -9.931665 -2.955329 -4.916394
12531 1444828379.622523 11.9971 5.070203 -0.005493 -10.019556 -2.955329 -4.916394
12532 1444828379.632538 11.9971 5.070203 -0.005493 -9.931665 -2.955329 -4.916394
12533 1444828379.642722 11.9971 5.070203 -0.005493 -10.019556 -2.955329 -4.916394
12534 1444828379.649842 11.9971 5.070203 -0.005493 -10.019556 -2.955329 -4.916394
12535 1444828379.661645 11.9971 5.070203 -0.005493 -9.931665 -2.955329 -4.916394
12536 1444828379.672974 11.9971 5.070203 -0.005493 -9.931665 -2.955329 -4.916394
12537 1444828379.683058 11.9971 5.070203 -0.005493 -9.931665 -2.955329 -4.916394
12538 1444828379.693210 11.9971 5.070203 -0.005493 -10.019556 -2.955329 -4.916394
12539 1444828379.700400 11.9971 5.070203 -0.005493 -10.019556 -2.955329 -4.916394
12540 1444828379.709927 11.9971 5.070203 -0.005493 -10.019556 -2.955329 -4.916394
12541 1444828379.720105 11.9971 5.070203 -0.005493 -10.019556 -2.955329 -4.916394
12542 1444828379.731398 11.9971 5.070203 -0.005493 -10.019556 -2.955329 -4.916394
12543 1444828379.741691 11.9971 5.070203 -0.005493 -10.019556 -2.955329 -4.916394
12544 1444828379.752040 11.9971 5.070203 -0.005493 -10.019556 -2.955329 -4.916394
12545 1444828379.761892 11.9971 5.070203 -0.005493 -10.019556 -2.955329 -4.916394
12546 1444828379.771875 11.9971 5.070203 -0.005493 -10.019556 -2.955329 -4.916394
12547 1444828379.784433 11.9971 5.070203 -0.005493 -10.019556 -2.955329 -4.916394
12548 1444828379.794575 11.9971 5.070203 -0.005493 -10.019556 -2.955329 -4.916394
12549 1444828379.804625 11.9971 5.070203 -0.005493 -10.019556 -2.955329 -4.916394
12550 1444828379.814803 11.9971 5.070203 -0.005493 -10.019556 -2.955329 -4.916394
12551 1444828379.825076 11.9971 5.070203 -0.005493 -10.019556 -2.955329 -4.916394
12552 1444828379.835162 11.9971 5.070203 -0.005493 -10.019556 -2.955329 -4.916394
12553 1444828379.845278 11.9971 5.070203 -0.005493 -10.019556 -2.955329 -4.916394
12554 1444828379.855242 11.9971 5.070203 -0.005493 -9.931665 -2.955329 -4.916394
12555 1444828379.865940 11.9971 5.070203 -0.005493 -9.931665 -2.955329 -4.916394
12556 1444828379.875822 11.9971 5.070203 -0.005493 -10.019556 -2.955329 -4.916394
12557 1444828379.885914 11.9971 5.070203 -0.005493 -9.931665 -2.955329 -4.916394
12558 1444828379.895962 11.9971 5.070203 -0.005493 -10.019556 -2.955329 -4.916394
12559 1444828379.905707 11.9971 5.070203 0.082398 -10.019556 -2.955329 -4.916394
12560 1444828379.916399 11.9971 5.070203 -0.005493 -10.019556 -2.955329 -4.916394
12561 1444828379.926242 11.9971 5.070203 -0.005493 -9.931665 -2.955329 -4.916394
12562 1444828379.935982 11.9971 5.070203 -0.005493 -10.019556 -2.955329 -4.916394
12563 1444828379.946043 11.9971 5.070203 -0.005493 -10.019556 -2.955329 -4.916394
12564 1444828379.956174 11.9971 5.070203 -0.005493 -9.931665 -2.955329 -4.916394
12565 1444828379.967365 11.9971 5.070203 -0.005493 -9.931665 -2.955329 -4.916394
12566 1444828379.976856 11.9971 5.070203 -0.005493 -10.019556 -2.955329 -4.916394
12567 1444828379.986573 11.9971 5.070203 -0.005493 -9.931665 -2.955329 -4.916394
12568 1444828379.996053 12.08499 5.070203 -0.005493 -10.019556 -2.955329 -4.916394
12569 1444828380.003492 11.9971 5.070203 -0.005493 -9.931665 -2.955329 -4.916394
12570 1444828380.011903 11.9971 5.070203 -0.005493 -10.019556 -2.955329 -4.916394
12571 1444828380.027119 11.9971 5.070203 0.082398 -10.019556 -2.955329 -4.916394
12572 1444828380.036144 11.9971 5.070203 -0.005493 -10.019556 -2.955329 -4.916394
12573 1444828380.044939 11.9971 5.070203 -0.005493 -9.931665 -2.955329 -4.916394
12574 1444828380.054838 11.9971 5.070203 -0.005493 -10.019556 -2.955329 -4.916394
12575 1444828380.066459 11.9971 5.070203 -0.005493 -10.019556 -2.955329 -4.916394
12576 1444828380.076524 11.9971 5.070203 -0.005493 -10.019556 -2.955329 -4.916394
12577 1444828380.085077 11.9971 5.070203 -0.005493 -10.019556 -2.955329 -4.916394
12578 1444828380.095079 11.9971 5.070203 -0.005493 -10.019556 -2.955329 -4.916394
12579 1444828380.108024 11.9971 5.070203 -0.005493 -10.019556 -2.955329 -4.916394
12580 1444828380.114928 11.9971 5.070203 -0.005493 -10.019556 -2.955329 -4.916394
12581 1444828380.125351 11.9971 5.070203 -0.005493 -9.931665 -2.955329 -4.916394
12582 1444828380.135146 11.9971 5.070203 -0.005493 -10.019556 -2.955329 -4.916394
12583 1444828380.145478 11.9971 5.070203 -0.005493 -9.931665 -2.955329 -4.916394
12584 1444828380.155760 11.9971 5.070203 -0.005493 -9.931665 -2.955329 -4.916394
12585 1444828380.166007 11.9971 5.070203 -0.005493 -10.019556 -2.955329 -4.916394
12586 1444828380.176201 11.9971 5.070203 -0.005493 -9.931665 -2.955329 -4.916394
12587 1444828380.186158 11.9971 5.070203 -0.005493 -9.931665 -2.955329 -4.916394
12588 1444828380.196630 11.9971 5.070203 -0.005493 -10.019556 -2.955329 -4.916394
12589 1444828380.206424 11.9971 5.070203 -0.005493 -10.019556 -2.955329 -4.916394
12590 1444828380.216445 11.9971 5.070203 -0.005493 -9.931665 -2.955329 -4.916394
12591 1444828380.226544 11.9971 5.070203 -0.005493 -10.019556 -2.955329 -4.916394
12592 1444828380.236676 11.9971 5.070203 -0.005493 -10.019556 -2.955329 -4.916394
12593 1444828380.246879 11.9971 5.070203 -0.005493 -9.931665 -2.955329 -4.916394
12594 1444828380.256946 11.9971 5.070203 -0.005493 -10.019556 -2.955329 -4.916394
12595 1444828380.267059 11.9971 5.070203 -0.005493 -10.019556 -2.955329 -4.916394
12596 1444828380.277139 11.9971 5.070203 -0.005493 -9.931665 -2.955329 -4.916394
12597 1444828380.287190 11.9971 5.070203 -0.005493 -9.931665 -2.955329 -4.916394
12598 1444828380.297398 11.9971 5.070203 -0.005493 -10.019556 -2.955329 -4.916394
12599 1444828380.307404 11.9971 5.070203 -0.005493 -10.019556 -2.955329 -4.916394
12600 1444828380.317513 11.9971 5.070203 -0.005493 -9.931665 -2.955329 -4.916394
12601 1444828380.327606 11.9971 5.070203 -0.005493 -10.019556 -2.955329 -4.916394
12602 1444828380.337786 11.9971 5.070203 -0.005493 -10.019556 -2.955329 -4.916394
12603 1444828380.347888 11.9971 5.070203 -0.005493 -10.019556 -2.955329 -4.916394
12604 1444828380.357967 11.9971 5.070203 -0.005493 -10.019556 -2.955329 -4.916394
12605 1444828380.368065 11.9971 5.070203 -0.005493 -9.931665 -2.955329 -4.916394
12606 1444828380.378160 11.9971 5.070203 -0.005493 -9.931665 -2.955329 -4.916394
12607 1444828380.388298 11.9971 5.070203 -0.005493 -10.019556 -2.955329 -4.916394
12608 1444828380.398624 11.9971 5.070203 -0.005493 -9.931665 -2.955329 -4.916394
12609 1444828380.408473 12.08499 5.070203 -0.005493 -10.019556 -2.955329 -4.916394
12610 1444828380.417037 11.9971 5.070203 -0.005493 -10.019556 -2.955329 -4.916394
12611 1444828380.428788 11.9971 5.070203 -0.005493 -10.019556 -2.955329 -4.916394
12612 1444828380.438913 11.9971 5.070203 -0.005493 -9.931665 -2.955329 -4.916394
12613 1444828380.449075 11.9971 5.070203 -0.005493 -10.019556 -2.955329 -4.916394
12614 1444828380.459192 11.9971 5.070203 0.082398 -10.019556 -2.955329 -4.916394
12615 1444828380.469288 12.08499 5.070203 -0.005493 -10.019556 -2.955329 -4.916394
12616 1444828380.479705 11.9971 5.070203 -0.005493 -10.019556 -2.955329 -4.916394
12617 1444828380.489724 11.9971 5.070203 -0.005493 -10.019556 -2.955329 -4.916394
12618 1444828380.499840 11.9971 5.070203 -0.005493 -10.019556 -2.955329 -4.916394
12619 1444828380.509865 11.9971 5.070203 -0.005493 -10.019556 -2.955329 -4.916394
12620 1444828380.520082 11.9971 5.070203 -0.005493 -10.019556 -2.955329 -4.916394
12621 1444828380.530241 11.9971 5.070203 -0.005493 -9.931665 -2.955329 -4.916394
12622 1444828380.540439 11.9971 5.070203 -0.005493 -9.931665 -2.955329 -4.916394
12623 1444828380.550419 11.9971 5.070203 -0.005493 -10.019556 -2.955329 -4.916394
12624 1444828380.560533 11.9971 5.070203 -0.005493 -9.931665 -2.955329 -4.916394
12625 1444828380.570711 11.9971 5.070203 -0.005493 -10.019556 -2.955329 -4.916394
12626 1444828380.580910 11.9971 5.070203 -0.005493 -9.931665 -2.955329 -4.916394
12627 1444828380.590966 11.9971 5.070203 -0.005493 -9.931665 -2.955329 -4.916394
12628 1444828380.601106 11.9971 5.070203 -0.005493 -10.019556 -2.955329 -4.916394
12629 1444828380.611125 11.9971 5.070203 -0.005493 -10.019556 -2.955329 -4.916394
12630 1444828380.621171 11.9971 5.070203 -0.005493 -10.019556 -2.955329 -4.916394
12631 1444828380.631385 11.9971 5.070203 -0.005493 -10.019556 -2.955329 -4.916394
12632 1444828380.641397 11.9971 5.070203 -0.005493 -10.019556 -2.955329 -4.916394
12633 1444828380.651487 11.9971 5.070203 -0.005493 -9.931665 -2.955329 -4.916394
12634 1444828380.661681 11.9971 5.070203 -0.005493 -10.019556 -2.955329 -4.916394
12635 1444828380.671745 11.9971 5.070203 -0.005493 -9.931665 -2.955329 -4.916394
12636 1444828380.681859 11.9971 5.070203 -0.005493 -10.019556 -2.955329 -4.916394
12637 1444828380.691967 11.9971 5.070203 -0.005493 -10.019556 -2.955329 -4.916394
12638 1444828380.702128 11.9971 5.070203 -0.005493 -10.019556 -2.955329 -4.916394
12639 1444828380.712202 11.9971 5.070203 -0.005493 -10.019556 -2.955329 -4.916394
12640 1444828380.722337 11.9971 5.070203 -0.005493 -10.019556 -2.955329 -4.916394
12641 1444828380.732519 11.9971 5.070203 -0.005493 -10.019556 -2.955329 -4.916394
12642 1444828380.742663 11.9971 5.070203 -0.005493 -10.019556 -2.955329 -4.916394
12643 1444828380.752818 11.9971 5.070203 -0.005493 -10.019556 -2.955329 -4.916394
12644 1444828380.762807 11.9971 5.070203 -0.005493 -10.019556 -2.955329 -4.916394
12645 1444828380.772931 11.9971 5.070203 -0.005493 -9.931665 -2.955329 -4.916394
12646 1444828380.783329 11.9971 5.070203 0.082398 -10.019556 -2.955329 -4.916394
12647 1444828380.791749 11.9971 5.070203 -0.005493 -9.931665 -2.955329 -4.916394
12648 1444828380.800624 11.9971 5.070203 -0.005493 -10.019556 -2.955329 -4.916394
12649 1444828380.813770 11.9971 5.070203 -0.005493 -10.019556 -2.955329 -4.916394
12650 1444828380.823517 11.9971 5.070203 -0.005493 -9.931665 -2.955329 -4.916394
12651 1444828380.833863 11.9971 5.070203 -0.005493 -10.019556 -2.955329 -4.916394
12652 1444828380.843762 11.9971 5.070203 -0.005493 -10.019556 -2.955329 -4.916394
12653 1444828380.852360 11.9971 5.070203 -0.005493 -10.019556 -2.955329 -4.916394
12654 1444828380.861856 11.9971 5.070203 -0.005493 -10.019556 -2.955329 -4.916394
12655 1444828380.870015 11.9971 5.070203 -0.005493 -9.931665 -2.955329 -4.916394
12656 1444828380.881980 11.9971 5.070203 -0.005493 -10.019556 -2.955329 -4.916394
12657 1444828380.890577 11.9971 5.070203 -0.005493 -9.931665 -2.955329 -4.916394
12658 1444828380.903029 11.9971 5.070203 -0.005493 -10.019556 -2.955329 -4.916394
12659 1444828380.909786 12.08499 5.070203 -0.005493 -10.019556 -2.955329 -4.916394
12660 1444828380.921736 11.9971 5.070203 -0.005493 -10.019556 -2.955329 -4.916394
12661 1444828380.932106 11.9971 5.070203 -0.005493 -10.019556 -2.955329 -4.916394
12662 1444828380.941288 11.9971 5.070203 -0.005493 -10.019556 -2.955329 -4.916394
12663 1444828380.952394 11.9971 5.070203 -0.005493 -9.931665 -2.955329 -4.916394
12664 1444828380.962174 12.08499 5.070203 -0.005493 -10.019556 -2.955329 -4.916394
12665 1444828380.972423 11.9971 5.070203 -0.005493 -10.019556 -2.955329 -4.916394
12666 1444828380.982703 11.9971 5.070203 -0.005493 -10.019556 -2.955329 -4.916394
12667 1444828380.992926 11.9971 5.070203 -0.005493 -10.019556 -2.955329 -4.916394
12668 1444828381.002903 11.9971 5.070203 0.082398 -10.019556 -2.955329 -4.916394
12669 1444828381.012741 11.9971 5.070203 -0.005493 -10.019556 -2.955329 -4.916394
12670 1444828381.022992 12.08499 5.070203 0.082398 -10.019556 -2.955329 -4.916394
12671 1444828381.032872 11.9971 5.070203 -0.005493 -10.019556 -2.955329 -4.916394
12672 1444828381.043027 11.9971 5.070203 -0.005493 -10.019556 -2.955329 -4.916394
12673 1444828381.053199 11.9971 5.070203 -0.005493 -10.019556 -2.955329 -4.916394
12674 1444828381.063015 11.9971 5.070203 0.082398 -10.019556 -2.955329 -4.916394
12675 1444828381.073161 11.9971 5.070203 -0.005493 -10.019556 -2.955329 -4.916394
12676 1444828381.083221 11.9971 5.070203 -0.005493 -10.019556 -2.955329 -4.916394
12677 1444828381.093763 11.9971 5.070203 -0.005493 -10.019556 -2.955329 -4.916394
12678 1444828381.103943 12.08499 5.070203 -0.005493 -10.019556 -2.955329 -4.916394
12679 1444828381.113845 11.9971 5.070203 -0.005493 -10.019556 -2.955329 -4.916394
12680 1444828381.123968 11.9971 5.070203 -0.005493 -10.019556 -2.955329 -4.916394
12681 1444828381.133971 11.9971 5.070203 -0.005493 -10.019556 -2.955329 -4.916394
12682 1444828381.143870 11.9971 5.070203 -0.005493 -10.019556 -2.955329 -4.916394
12683 1444828381.153982 11.9971 5.070203 -0.005493 -10.019556 -2.955329 -4.916394
12684 1444828381.164323 11.9971 5.070203 -0.005493 -10.019556 -2.955329 -4.916394
12685 1444828381.174649 11.9971 5.070203 -0.005493 -10.019556 -2.955329 -4.916394
12686 1444828381.184668 11.9971 5.070203 -0.005493 -10.019556 -2.955329 -4.916394
12687 1444828381.194882 11.9971 5.070203 -0.005493 -9.931665 -2.955329 -4.916394
12688 1444828381.205027 12.08499 5.070203 -0.005493 -10.019556 -2.955329 -4.916394
12689 1444828381.215061 11.9971 5.070203 -0.005493 -9.931665 -2.955329 -4.916394
12690 1444828381.225208 11.9971 5.070203 -0.005493 -10.019556 -2.955329 -4.916394
12691 1444828381.235340 11.9971 5.070203 -0.005493 -9.931665 -2.955329 -4.916394
12692 1444828381.245491 11.9971 5.070203 -0.005493 -10.019556 -2.955329 -4.916394
12693 1444828381.255559 11.9971 5.070203 0.082398 -10.019556 -2.955329 -4.916394
12694 1444828381.265625 11.9971 5.070203 -0.005493 -9.931665 -2.955329 -4.916394
12695 1444828381.275750 11.9971 5.070203 0.082398 -10.019556 -2.955329 -4.916394
12696 1444828381.285861 11.9971 5.070203 -0.005493 -10.019556 -2.955329 -4.916394
12697 1444828381.295971 11.9971 5.070203 -0.005493 -10.019556 -2.955329 -4.916394
12698 1444828381.306260 11.9971 5.070203 0.082398 -10.019556 -2.955329 -4.916394
12699 1444828381.316182 11.9971 5.070203 -0.005493 -10.019556 -2.955329 -4.916394
12700 1444828381.326250 11.9971 5.070203 -0.005493 -10.019556 -2.955329 -4.916394
12701 1444828381.336382 11.9971 5.070203 -0.005493 -10.019556 -2.955329 -4.916394
12702 1444828381.346520 11.9971 5.070203 -0.005493 -9.931665 -2.955329 -4.916394
12703 1444828381.356544 11.9971 5.070203 -0.005493 -9.931665 -2.955329 -4.916394
12704 1444828381.366643 11.9971 5.070203 -0.005493 -10.019556 -2.955329 -4.916394
12705 1444828381.376831 11.9971 5.070203 -0.005493 -9.931665 -2.955329 -4.916394
12706 1444828381.387003 11.9971 5.070203 -0.005493 -9.931665 -2.955329 -4.916394
12707 1444828381.397060 11.9971 5.070203 -0.005493 -10.019556 -2.955329 -4.916394
12708 1444828381.407110 11.9971 5.070203 -0.005493 -9.931665 -2.955329 -4.916394
12709 1444828381.417168 11.9971 5.070203 -0.005493 -10.019556 -2.955329 -4.916394
12710 1444828381.427291 11.9971 5.070203 -0.005493 -10.019556 -2.955329 -4.916394
12711 1444828381.437477 11.9971 5.070203 -0.005493 -9.931665 -2.955329 -4.916394
12712 1444828381.447514 11.9971 5.070203 -0.005493 -10.019556 -2.955329 -4.916394
12713 1444828381.457625 11.9971 5.070203 -0.005493 -10.019556 -2.955329 -4.916394
12714 1444828381.467746 11.9971 5.070203 -0.005493 -10.019556 -2.955329 -4.916394
12715 1444828381.477823 11.9971 5.070203 -0.005493 -10.019556 -2.955329 -4.916394
12716 1444828381.487982 11.9971 5.070203 -0.005493 -10.019556 -2.955329 -4.916394
12717 1444828381.497995 11.9971 5.070203 -0.005493 -10.019556 -2.955329 -4.916394
12718 1444828381.508103 11.9971 5.070203 -0.005493 -10.019556 -2.955329 -4.916394
12719 1444828381.518179 11.9971 5.070203 -0.005493 -10.019556 -2.955329 -4.916394
12720 1444828381.527025 11.9971 5.070203 -0.005493 -9.931665 -2.955329 -4.916394
12721 1444828381.538910 11.9971 5.070203 -0.005493 -9.931665 -2.955329 -4.916394
12722 1444828381.547181 11.9971 5.070203 -0.005493 -9.931665 -2.955329 -4.916394
12723 1444828381.559790 11.9971 5.070203 -0.005493 -10.019556 -2.955329 -4.916394
12724 1444828381.568830 11.9971 5.070203 -0.005493 -9.931665 -2.955329 -4.916394
12725 1444828381.578942 11.9971 5.070203 -0.005493 -10.019556 -2.955329 -4.916394
12726 1444828381.587515 11.9971 5.070203 -0.005493 -10.019556 -2.955329 -4.916394
12727 1444828381.597511 11.9971 5.070203 -0.005493 -10.019556 -2.955329 -4.916394
12728 1444828381.606879 11.9971 5.070203 -0.005493 -9.931665 -2.955329 -4.916394
12729 1444828381.616502 11.9971 5.070203 -0.005493 -9.931665 -2.955329 -4.916394
12730 1444828381.625063 11.9971 5.070203 -0.005493 -9.931665 -2.955329 -4.916394
12731 1444828381.636667 11.9971 5.070203 -0.005493 -9.931665 -2.955329 -4.916394
12732 1444828381.645515 11.9971 5.070203 -0.005493 -10.019556 -2.955329 -4.916394
12733 1444828381.655217 11.9971 5.070203 -0.005493 -9.931665 -2.955329 -4.916394
12734 1444828381.665511 11.9971 5.070203 -0.005493 -10.019556 -2.955329 -4.916394
12735 1444828381.680607 11.9971 5.070203 -0.005493 -10.019556 -2.955329 -4.916394
12736 1444828381.690687 11.9971 5.070203 -0.005493 -10.019556 -2.955329 -4.916394
12737 1444828381.695869 11.9971 5.070203 -0.005493 -10.019556 -2.955329 -4.916394
12738 1444828381.710905 11.9971 5.070203 -0.005493 -10.019556 -2.955329 -4.916394
12739 1444828381.716104 11.9971 5.070203 -0.005493 -10.019556 -2.955329 -4.916394
12740 1444828381.727781 11.9971 5.070203 -0.005493 -10.019556 -2.955329 -4.916394
12741 1444828381.741276 11.9971 5.070203 -0.005493 -10.019556 -2.955329 -4.916394
12742 1444828381.751400 11.9971 5.070203 -0.005493 -10.019556 -2.955329 -4.916394
12743 1444828381.761522 11.9971 5.070203 -0.005493 -10.019556 -2.955329 -4.916394
12744 1444828381.768251 11.9971 5.070203 -0.005493 -10.019556 -2.955329 -4.916394
12745 1444828381.776702 11.9971 5.070203 -0.005493 -9.931665 -2.955329 -4.916394
12746 1444828381.786827 11.9971 5.070203 -0.005493 -10.019556 -2.955329 -4.916394
12747 1444828381.801311 11.9971 5.070203 -0.005493 -10.019556 -2.955329 -4.916394
12748 1444828381.812393 11.9971 5.070203 -0.005493 -9.931665 -2.955329 -4.916394
12749 1444828381.822796 11.9971 5.070203 -0.005493 -9.931665 -2.955329 -4.916394
12750 1444828381.828877 11.9971 5.070203 -0.005493 -10.019556 -2.955329 -4.916394
12751 1444828381.838426 11.9971 5.070203 -0.005493 -9.931665 -2.955329 -4.916394
12752 1444828381.849663 11.9971 5.070203 -0.005493 -10.019556 -2.955329 -4.916394
12753 1444828381.858855 11.9971 5.070203 -0.005493 -10.019556 -2.955329 -4.916394
12754 1444828381.869189 12.08499 5.070203 -0.005493 -10.019556 -2.955329 -4.916394
12755 1444828381.879612 11.9971 5.070203 -0.005493 -10.019556 -2.955329 -4.916394
12756 1444828381.889621 11.9971 5.070203 -0.005493 -10.019556 -2.955329 -4.916394
12757 1444828381.899971 11.9971 5.070203 -0.005493 -10.019556 -2.955329 -4.916394
12758 1444828381.909891 11.9971 5.070203 -0.005493 -10.019556 -2.955329 -4.916394
12759 1444828381.920126 11.9971 5.070203 -0.005493 -10.019556 -2.955329 -4.916394
12760 1444828381.930106 11.9971 5.070203 -0.005493 -10.019556 -2.955329 -4.916394
12761 1444828381.940128 11.9971 5.070203 -0.005493 -10.019556 -2.955329 -4.916394
12762 1444828381.950380 11.9971 5.070203 -0.005493 -10.019556 -2.955329 -4.916394
12763 1444828381.960294 11.9971 5.070203 -0.005493 -9.931665 -2.955329 -4.916394
12764 1444828381.970144 11.9971 5.070203 -0.005493 -10.019556 -2.955329 -4.916394
12765 1444828381.980387 11.9971 5.070203 -0.005493 -10.019556 -2.955329 -4.916394
12766 1444828381.990365 11.9971 5.070203 -0.005493 -10.019556 -2.955329 -4.916394
12767 1444828382.000866 11.9971 5.070203 -0.005493 -10.019556 -2.955329 -4.916394
12768 1444828382.010497 11.9971 5.070203 -0.005493 -9.931665 -2.955329 -4.916394
12769 1444828382.020656 11.9971 5.070203 -0.005493 -10.019556 -2.955329 -4.916394
12770 1444828382.030778 12.08499 5.070203 -0.005493 -10.019556 -2.955329 -4.916394
12771 1444828382.040911 11.9971 5.070203 -0.005493 -9.931665 -2.955329 -4.916394
12772 1444828382.050997 11.9971 5.070203 -0.005493 -10.019556 -2.955329 -4.916394
12773 1444828382.061024 11.9971 5.070203 -0.005493 -10.019556 -2.955329 -4.916394
12774 1444828382.071133 11.9971 5.070203 -0.005493 -10.019556 -2.955329 -4.916394
12775 1444828382.081266 11.9971 5.070203 -0.005493 -10.019556 -2.955329 -4.916394
12776 1444828382.091346 11.9971 5.070203 -0.005493 -10.019556 -2.955329 -4.916394
12777 1444828382.101461 11.9971 5.070203 -0.005493 -10.019556 -2.955329 -4.916394
12778 1444828382.111536 11.9971 5.070203 -0.005493 -10.019556 -2.955329 -4.916394
12779 1444828382.121679 11.9971 5.070203 -0.005493 -10.019556 -2.955329 -4.916394
12780 1444828382.132386 11.9971 5.070203 -0.005493 -10.019556 -2.955329 -4.916394
12781 1444828382.141916 11.9971 5.070203 -0.005493 -10.019556 -2.955329 -4.916394
12782 1444828382.152402 11.9971 5.070203 -0.005493 -10.019556 -2.955329 -4.916394
12783 1444828382.162173 11.9971 5.070203 -0.005493 -10.019556 -2.955329 -4.916394
12784 1444828382.172595 11.9971 5.070203 -0.005493 -10.019556 -2.955329 -4.916394
12785 1444828382.182427 11.9971 5.070203 -0.005493 -10.019556 -2.955329 -4.916394
12786 1444828382.192508 11.9971 5.070203 -0.005493 -10.019556 -2.955329 -4.916394
12787 1444828382.202590 11.9971 5.070203 -0.005493 -10.019556 -2.955329 -4.916394
12788 1444828382.212730 11.9971 5.070203 -0.005493 -10.019556 -2.955329 -4.916394
12789 1444828382.222858 11.9971 5.070203 -0.005493 -10.019556 -2.955329 -4.916394
12790 1444828382.232985 11.9971 5.070203 -0.005493 -10.019556 -2.955329 -4.916394
12791 1444828382.243441 11.9971 5.070203 -0.005493 -10.019556 -2.955329 -4.916394
12792 1444828382.253436 11.9971 5.070203 -0.005493 -9.931665 -2.955329 -4.916394
12793 1444828382.263543 11.9971 5.070203 -0.005493 -10.019556 -2.955329 -4.916394
12794 1444828382.273825 12.08499 5.070203 0.082398 -10.019556 -2.955329 -4.916394
12795 1444828382.283934 11.9971 5.070203 -0.005493 -10.019556 -2.955329 -4.916394
12796 1444828382.294831 11.9971 5.070203 -0.005493 -10.019556 -2.955329 -4.916394
12797 1444828382.304982 11.9971 5.070203 -0.005493 -10.019556 -2.955329 -4.916394
12798 1444828382.314880 11.9971 5.070203 -0.005493 -10.019556 -2.955329 -4.916394
12799 1444828382.324950 11.9971 5.070203 -0.005493 -10.019556 -2.955329 -4.916394
12800 1444828382.334995 11.9971 5.070203 -0.005493 -10.019556 -2.955329 -4.916394
12801 1444828382.345421 11.9971 5.070203 -0.005493 -10.019556 -2.955329 -4.916394
12802 1444828382.355902 11.9971 5.070203 -0.005493 -10.019556 -2.955329 -4.916394
12803 1444828382.365527 11.9971 5.070203 -0.005493 -10.019556 -2.955329 -4.916394
12804 1444828382.375157 11.9971 5.070203 -0.005493 -9.931665 -2.955329 -4.916394
12805 1444828382.385211 11.9971 5.070203 -0.005493 -10.019556 -2.955329 -4.916394
12806 1444828382.395966 12.08499 5.070203 -0.005493 -10.019556 -2.955329 -4.916394
12807 1444828382.405906 11.9971 5.070203 0.082398 -10.019556 -2.955329 -4.916394
12808 1444828382.416014 11.9971 5.070203 -0.005493 -10.019556 -2.955329 -4.916394
12809 1444828382.425665 11.9971 5.070203 -0.005493 -10.019556 -2.955329 -4.916394
12810 1444828382.435803 11.9971 5.070203 -0.005493 -10.019556 -2.955329 -4.916394
12811 1444828382.445880 11.9971 5.070203 -0.005493 -10.019556 -2.955329 -4.916394
12812 1444828382.456412 11.9971 5.070203 -0.005493 -10.019556 -2.955329 -4.916394
12813 1444828382.466494 11.9971 5.070203 -0.005493 -10.019556 -2.955329 -4.916394
12814 1444828382.476183 11.9971 5.070203 -0.005493 -10.019556 -2.955329 -4.916394
12815 1444828382.486317 11.9971 5.070203 0.082398 -10.019556 -2.955329 -4.916394
12816 1444828382.493168 11.9971 5.070203 -0.005493 -10.019556 -2.955329 -4.916394
12817 1444828382.503156 11.9971 5.070203 -0.005493 -10.019556 -2.955329 -4.916394
12818 1444828382.517307 11.9971 5.070203 -0.005493 -10.019556 -2.955329 -4.916394
12819 1444828382.527178 12.08499 5.070203 -0.005493 -9.931665 -2.955329 -4.916394
12820 1444828382.536864 11.9971 5.070203 -0.005493 -9.931665 -2.955329 -4.916394
12821 1444828382.546990 12.08499 5.070203 -0.005493 -9.931665 -2.955329 -4.916394
12822 1444828382.557082 11.9971 5.070203 -0.005493 -10.019556 -2.955329 -4.916394
12823 1444828382.567089 11.9971 5.070203 -0.005493 -10.019556 -2.955329 -4.916394
12824 1444828382.577212 11.9971 5.070203 -0.005493 -10.019556 -2.955329 -4.916394
12825 1444828382.587308 11.9971 5.070203 -0.005493 -10.019556 -2.955329 -4.916394
12826 1444828382.597469 11.9971 5.070203 -0.005493 -9.931665 -2.955329 -4.916394
12827 1444828382.607612 11.9971 5.070203 -0.005493 -10.019556 -2.955329 -4.916394
12828 1444828382.617681 11.9971 5.070203 -0.005493 -10.019556 -2.955329 -4.916394
12829 1444828382.626527 11.9971 5.070203 -0.005493 -10.019556 -2.955329 -4.916394
12830 1444828382.636656 11.9971 5.070203 -0.005493 -9.931665 -2.955329 -4.916394
12831 1444828382.646753 11.9971 5.070203 -0.005493 -10.019556 -2.955329 -4.916394
12832 1444828382.654579 11.9971 5.070203 -0.005493 -10.019556 -2.955329 -4.916394
12833 1444828382.666927 11.9971 5.070203 -0.005493 -10.019556 -2.955329 -4.916394
12834 1444828382.678317 12.08499 5.070203 -0.005493 -9.931665 -2.955329 -4.916394
12835 1444828382.688413 11.9971 5.070203 -0.005493 -10.019556 -2.955329 -4.916394
12836 1444828382.698548 11.9971 5.070203 -0.005493 -9.931665 -2.955329 -4.916394
12837 1444828382.708696 11.9971 5.070203 -0.005493 -10.019556 -2.955329 -4.916394
12838 1444828382.716470 11.9971 5.070203 -0.005493 -10.019556 -2.955329 -4.916394
12839 1444828382.725195 11.9971 5.070203 -0.005493 -10.019556 -2.955329 -4.916394
12840 1444828382.735308 11.9971 5.070203 -0.005493 -9.931665 -2.955329 -4.916394
12841 1444828382.745375 11.9971 5.070203 -0.005493 -9.931665 -2.955329 -4.916394
12842 1444828382.756921 11.9971 5.070203 -0.005493 -10.019556 -2.955329 -4.916394
12843 1444828382.769771 11.9971 5.070203 -0.005493 -9.931665 -2.955329 -4.916394
12844 1444828382.779907 11.9971 5.070203 -0.005493 -9.931665 -2.955329 -4.916394
12845 1444828382.785024 11.9971 5.070203 -0.005493 -9.931665 -2.955329 -4.916394
12846 1444828382.795666 11.9971 5.070203 -0.005493 -10.019556 -2.955329 -4.916394
12847 1444828382.810308 11.9971 5.070203 -0.005493 -10.019556 -2.955329 -4.916394
12848 1444828382.820422 11.9971 5.070203 -0.005493 -10.019556 -2.955329 -4.916394
12849 1444828382.830468 11.9971 5.070203 -0.005493 -10.019556 -2.955329 -4.916394
12850 1444828382.836462 11.9971 5.070203 -0.005493 -9.931665 -2.955329 -4.916394
12851 1444828382.846194 11.9971 5.070203 -0.005493 -10.019556 -2.955329 -4.916394
12852 1444828382.861050 11.9971 5.070203 -0.005493 -10.019556 -2.955329 -4.916394
12853 1444828382.871436 11.9971 5.070203 -0.005493 -10.019556 -2.955329 -4.916394
12854 1444828382.881612 11.9971 5.070203 -0.005493 -9.931665 -2.955329 -4.916394
12855 1444828382.891754 11.9971 5.070203 -0.005493 -10.019556 -2.955329 -4.916394
12856 1444828382.901990 11.9971 5.070203 -0.005493 -10.019556 -2.955329 -4.916394
12857 1444828382.911871 11.9971 5.070203 -0.005493 -10.019556 -2.955329 -4.916394
12858 1444828382.922037 11.9971 5.070203 -0.005493 -10.019556 -2.955329 -4.916394
12859 1444828382.928612 11.9971 5.070203 0.082398 -10.019556 -2.955329 -4.916394
12860 1444828382.938532 11.9971 5.070203 0.082398 -9.931665 -2.955329 -4.916394
12861 1444828382.948810 12.08499 5.070203 -0.005493 -10.019556 -2.955329 -4.916394
12862 1444828382.962371 11.9971 5.070203 -0.005493 -9.931665 -2.955329 -4.916394
12863 1444828382.972565 12.08499 5.070203 -0.005493 -9.931665 -2.955329 -4.916394
12864 1444828382.979112 11.9971 5.070203 -0.005493 -9.931665 -2.955329 -4.916394
12865 1444828382.989319 11.9971 5.070203 -0.005493 -10.019556 -2.955329 -4.916394
12866 1444828383.003017 11.9971 5.070203 -0.005493 -10.019556 -2.955329 -4.916394
12867 1444828383.012946 11.9971 5.070203 -0.005493 -10.019556 -2.955329 -4.916394
12868 1444828383.019595 11.9971 5.070203 -0.005493 -10.019556 -2.955329 -4.916394
12869 1444828383.027506 11.9971 5.070203 -0.005493 -10.019556 -2.955329 -4.916394
12870 1444828383.043366 11.9971 5.070203 -0.005493 -10.019556 -2.955329 -4.916394
12871 1444828383.046365 11.9971 5.070203 -0.005493 -9.931665 -2.955329 -4.916394
12872 1444828383.056459 11.9971 5.070203 -0.005493 -10.019556 -2.955329 -4.916394
12873 1444828383.066493 11.9971 5.070203 -0.005493 -9.931665 -2.955329 -4.916394
12874 1444828383.079589 11.9971 5.070203 -0.005493 -10.019556 -2.955329 -4.916394
12875 1444828383.089794 11.9971 5.070203 -0.005493 -10.019556 -2.955329 -4.916394
12876 1444828383.100083 11.9971 5.070203 -0.005493 -9.931665 -2.955329 -4.916394
12877 1444828383.109861 11.9971 5.070203 -0.005493 -10.019556 -2.955329 -4.916394
12878 1444828383.122701 11.9971 5.070203 -0.005493 -10.019556 -2.955329 -4.916394
12879 1444828383.129946 11.9971 5.070203 -0.005493 -10.019556 -2.955329 -4.916394
12880 1444828383.140214 11.9971 5.070203 -0.005493 -10.019556 -2.955329 -4.916394
12881 1444828383.150524 11.9971 5.070203 -0.005493 -10.019556 -2.955329 -4.916394
12882 1444828383.159901 11.9971 5.070203 -0.005493 -10.019556 -2.955329 -4.916394
12883 1444828383.172058 12.08499 5.070203 -0.005493 -10.019556 -2.955329 -4.916394
12884 1444828383.185151 12.08499 5.070203 -0.005493 -10.019556 -2.955329 -4.916394
12885 1444828383.190833 11.9971 5.070203 -0.005493 -10.019556 -2.955329 -4.916394
12886 1444828383.202542 11.9971 5.070203 -0.005493 -9.931665 -2.955329 -4.916394
12887 1444828383.210384 11.9971 5.070203 -0.005493 -9.931665 -2.955329 -4.916394
12888 1444828383.220704 12.08499 5.070203 -0.005493 -10.019556 -2.955329 -4.916394
12889 1444828383.235664 11.9971 5.070203 -0.005493 -10.019556 -2.955329 -4.916394
12890 1444828383.242881 11.9971 5.070203 -0.005493 -10.019556 -2.955329 -4.916394
12891 1444828383.251447 11.9971 5.070203 -0.005493 -10.019556 -2.955329 -4.916394
12892 1444828383.260940 11.9971 5.070203 -0.005493 -10.019556 -2.955329 -4.916394
12893 1444828383.272820 12.08499 5.070203 -0.005493 -10.019556 -2.955329 -4.916394
12894 1444828383.286378 11.9971 5.070203 -0.005493 -10.019556 -2.955329 -4.916394
12895 1444828383.293650 11.9971 5.070203 -0.005493 -10.019556 -2.955329 -4.916394
12896 1444828383.302081 11.9971 5.070203 -0.005493 -10.019556 -2.955329 -4.916394
12897 1444828383.312161 11.9971 5.070203 -0.005493 -10.019556 -2.955329 -4.916394
12898 1444828383.322103 11.9971 5.070203 -0.005493 -10.019556 -2.955329 -4.916394
12899 1444828383.332549 11.9971 5.070203 -0.005493 -9.931665 -2.955329 -4.916394
12900 1444828383.342400 11.9971 5.070203 0.082398 -9.931665 -2.955329 -4.916394
12901 1444828383.351421 11.9971 5.070203 -0.005493 -9.931665 -2.955329 -4.916394
12902 1444828383.362718 11.9971 5.070203 -0.005493 -10.019556 -2.955329 -4.916394
12903 1444828383.372977 11.9971 5.070203 -0.005493 -10.019556 -2.955329 -4.916394
12904 1444828383.383108 11.9971 5.070203 -0.005493 -10.019556 -2.955329 -4.916394
12905 1444828383.393290 11.9971 5.070203 -0.005493 -10.019556 -2.955329 -4.916394
12906 1444828383.401954 11.9971 5.070203 -0.005493 -10.019556 -2.955329 -4.916394
12907 1444828383.413404 12.08499 5.070203 -0.005493 -10.019556 -2.955329 -4.916394
12908 1444828383.422009 11.9971 5.070203 -0.005493 -9.931665 -2.955329 -4.916394
12909 1444828383.433806 11.9971 5.070203 -0.005493 -9.931665 -2.955329 -4.916394
12910 1444828383.443903 11.9971 5.070203 -0.005493 -10.019556 -2.955329 -4.916394
12911 1444828383.451324 11.9971 5.070203 -0.005493 -10.019556 -2.955329 -4.916394
12912 1444828383.461322 11.9971 5.070203 -0.005493 -9.931665 -2.955329 -4.916394
12913 1444828383.474816 11.9971 5.070203 -0.005493 -10.019556 -2.955329 -4.916394
12914 1444828383.481285 11.9971 5.070203 -0.005493 -10.019556 -2.955329 -4.916394
12915 1444828383.494651 11.9971 5.070203 -0.005493 -10.019556 -2.955329 -4.916394
12916 1444828383.504998 11.9971 5.070203 -0.005493 -9.931665 -2.955329 -4.916394
12917 1444828383.515008 11.9971 5.070203 -0.005493 -10.019556 -2.955329 -4.916394
12918 1444828383.525112 11.9971 5.070203 0.082398 -10.019556 -2.955329 -4.916394
12919 1444828383.535007 11.9971 5.070203 -0.005493 -10.019556 -2.955329 -4.916394
12920 1444828383.545162 11.9971 5.070203 -0.005493 -10.019556 -2.955329 -4.916394
12921 1444828383.555684 11.9971 5.070203 -0.005493 -10.019556 -2.955329 -4.916394
12922 1444828383.565482 11.9971 5.070203 -0.005493 -10.019556 -2.955329 -4.916394
12923 1444828383.575870 11.9971 5.070203 -0.005493 -9.931665 -2.955329 -4.916394
12924 1444828383.585561 11.9971 5.070203 -0.005493 -10.019556 -2.955329 -4.916394
12925 1444828383.596353 11.9971 5.070203 -0.005493 -10.019556 -2.955329 -4.916394
12926 1444828383.606147 11.9971 5.070203 -0.005493 -9.931665 -2.955329 -4.916394
12927 1444828383.615911 11.9971 5.070203 -0.005493 -10.019556 -2.955329 -4.916394
12928 1444828383.626001 11.9971 5.070203 -0.005493 -10.019556 -2.955329 -4.916394
12929 1444828383.636176 11.9971 5.070203 -0.005493 -10.019556 -2.955329 -4.916394
12930 1444828383.646214 11.9971 5.070203 -0.005493 -9.931665 -2.955329 -4.916394
12931 1444828383.657307 11.9971 5.070203 -0.005493 -10.019556 -2.955329 -4.916394
12932 1444828383.666384 11.9971 5.070203 -0.005493 -10.019556 -2.955329 -4.916394
12933 1444828383.676444 11.9971 5.070203 -0.005493 -9.931665 -2.955329 -4.916394
12934 1444828383.687135 11.9971 5.070203 -0.005493 -9.931665 -2.955329 -4.916394
12935 1444828383.697480 11.9971 5.070203 -0.005493 -10.019556 -2.955329 -4.916394
12936 1444828383.706884 11.9971 5.070203 -0.005493 -10.019556 -2.955329 -4.916394
12937 1444828383.716925 11.9971 5.070203 -0.005493 -10.019556 -2.955329 -4.916394
12938 1444828383.726938 11.9971 5.070203 -0.005493 -10.019556 -2.955329 -4.916394
12939 1444828383.737089 11.9971 5.070203 -0.005493 -9.931665 -2.955329 -4.916394
12940 1444828383.748304 11.9971 5.070203 -0.005493 -9.931665 -2.955329 -4.916394
12941 1444828383.758395 11.9971 5.070203 -0.005493 -9.931665 -2.955329 -4.916394
12942 1444828383.768234 11.9971 5.070203 -0.005493 -10.019556 -2.955329 -4.916394
12943 1444828383.777925 11.9971 5.070203 -0.005493 -10.019556 -2.955329 -4.916394
12944 1444828383.788504 11.9971 5.070203 -0.005493 -9.931665 -2.955329 -4.916394
12945 1444828383.798481 11.9971 5.070203 -0.005493 -10.019556 -2.955329 -4.916394
12946 1444828383.808469 11.9971 5.070203 -0.005493 -10.019556 -2.955329 -4.916394
12947 1444828383.818705 11.9971 5.070203 0.082398 -10.019556 -2.955329 -4.916394
12948 1444828383.828779 11.9971 5.070203 -0.005493 -9.931665 -2.955329 -4.916394
12949 1444828383.839764 11.9971 5.070203 -0.005493 -10.019556 -2.955329 -4.916394
12950 1444828383.847860 11.9971 5.070203 -0.005493 -10.019556 -2.955329 -4.916394
12951 1444828383.860101 11.9971 5.070203 -0.005493 -9.931665 -2.955329 -4.916394
12952 1444828383.869994 11.9971 5.070203 -0.005493 -9.931665 -2.955329 -4.916394
12953 1444828383.875054 11.9971 5.070203 -0.005493 -10.019556 -2.955329 -4.916394
12954 1444828383.890418 11.9971 5.070203 -0.005493 -10.019556 -2.955329 -4.916394
12955 1444828383.895325 11.9971 5.070203 -0.005493 -10.019556 -2.955329 -4.916394
12956 1444828383.907044 11.9971 5.070203 -0.005493 -10.019556 -2.955329 -4.916394
12957 1444828383.917266 11.9971 5.070203 -0.005493 -10.019556 -2.955329 -4.916394
12958 1444828383.925677 11.9971 5.070203 -0.005493 -10.019556 -2.955329 -4.916394
12959 1444828383.940787 11.9971 5.070203 -0.005493 -9.931665 -2.955329 -4.916394
12960 1444828383.945788 11.9971 5.070203 -0.005493 -9.931665 -2.955329 -4.916394
12961 1444828383.961018 11.9971 5.070203 -0.005493 -10.019556 -2.955329 -4.916394
12962 1444828383.971123 11.9971 5.070203 -0.005493 -10.019556 -2.955329 -4.916394
12963 1444828383.981180 11.9971 5.070203 -0.005493 -10.019556 -2.955329 -4.916394
12964 1444828383.987942 11.9971 5.070203 -0.005493 -10.019556 -2.955329 -4.916394
12965 1444828383.996867 11.9971 5.070203 -0.005493 -10.019556 -2.955329 -4.916394
12966 1444828384.008537 11.9971 5.070203 -0.005493 -9.931665 -2.955329 -4.916394
12967 1444828384.017112 11.9971 5.070203 -0.005493 -10.019556 -2.955329 -4.916394
12968 1444828384.027067 11.9971 5.070203 0.082398 -10.019556 -2.955329 -4.916394
12969 1444828384.037264 11.9971 5.070203 -0.005493 -10.019556 -2.955329 -4.916394
12970 1444828384.047488 12.08499 5.070203 0.082398 -9.931665 -2.955329 -4.916394
12971 1444828384.057626 11.9971 5.070203 -0.005493 -10.019556 -2.955329 -4.916394
12972 1444828384.067651 11.9971 5.070203 -0.005493 -9.931665 -2.955329 -4.916394
12973 1444828384.077669 11.9971 5.070203 -0.005493 -10.019556 -2.955329 -4.916394
12974 1444828384.087769 11.9971 5.070203 -0.005493 -10.019556 -2.955329 -4.916394
12975 1444828384.097898 11.9971 5.070203 -0.005493 -10.019556 -2.955329 -4.916394
12976 1444828384.107986 11.9971 5.070203 -0.005493 -10.019556 -2.955329 -4.916394
12977 1444828384.118104 12.08499 5.070203 -0.005493 -9.931665 -2.955329 -4.916394
12978 1444828384.126871 11.9971 5.070203 0.082398 -10.019556 -2.955329 -4.916394
12979 1444828384.136969 11.9971 5.070203 -0.005493 -10.019556 -2.955329 -4.916394
12980 1444828384.147085 11.9971 5.070203 -0.005493 -10.019556 -2.955329 -4.916394
12981 1444828384.154758 11.9971 5.070203 -0.005493 -10.019556 -2.955329 -4.916394
12982 1444828384.164739 11.9971 5.070203 -0.005493 -10.019556 -2.955329 -4.916394
12983 1444828384.176231 11.9971 5.070203 0.082398 -10.019556 -2.955329 -4.916394
12984 1444828384.186376 11.9971 5.070203 -0.005493 -10.019556 -2.955329 -4.916394
12985 1444828384.196488 11.9971 5.070203 -0.005493 -10.019556 -2.955329 -4.916394
12986 1444828384.206729 11.9971 5.070203 -0.005493 -10.019556 -2.955329 -4.916394
12987 1444828384.219670 11.9971 5.070203 -0.005493 -10.019556 -2.955329 -4.916394
12988 1444828384.229730 11.9971 5.070203 -0.005493 -10.019556 -2.955329 -4.916394
12989 1444828384.239833 11.9971 5.070203 -0.005493 -10.019556 -2.955329 -4.916394
12990 1444828384.250043 11.9971 5.070203 -0.005493 -10.019556 -2.955329 -4.916394
12991 1444828384.259905 11.9971 5.070203 -0.005493 -10.019556 -2.955329 -4.916394
12992 1444828384.269989 11.9971 5.070203 -0.005493 -10.019556 -2.955329 -4.916394
12993 1444828384.280161 11.9971 5.070203 -0.005493 -10.019556 -2.955329 -4.916394
12994 1444828384.290431 11.9971 5.070203 -0.005493 -10.019556 -2.955329 -4.916394
12995 1444828384.301141 11.9971 5.070203 -0.005493 -10.019556 -2.955329 -4.916394
12996 1444828384.310656 11.9971 5.070203 -0.005493 -9.931665 -2.955329 -4.916394
12997 1444828384.320841 11.9971 5.070203 -0.005493 -10.019556 -2.955329 -4.916394
12998 1444828384.331009 11.9971 5.070203 -0.005493 -9.931665 -2.955329 -4.916394
12999 1444828384.342431 11.9971 5.070203 -0.005493 -10.019556 -2.955329 -4.916394
13000 1444828384.351982 11.9971 5.070203 -0.005493 -10.019556 -2.955329 -4.916394
13001 1444828384.362084 11.9971 5.070203 -0.005493 -10.019556 -2.955329 -4.916394
13002 1444828384.372021 11.9971 5.070203 -0.005493 -10.019556 -2.955329 -4.916394
13003 1444828384.382476 11.9971 5.070203 -0.005493 -10.019556 -2.955329 -4.916394
13004 1444828384.392307 11.9971 5.070203 -0.005493 -9.931665 -2.955329 -4.916394
13005 1444828384.402284 11.9971 5.070203 -0.005493 -9.931665 -2.955329 -4.916394
13006 1444828384.411907 11.9971 5.070203 -0.005493 -10.019556 -2.955329 -4.916394
13007 1444828384.422447 11.9971 5.070203 -0.005493 -9.931665 -2.955329 -4.916394
13008 1444828384.432185 11.9971 5.070203 -0.005493 -10.019556 -2.955329 -4.916394
13009 1444828384.442288 11.9971 5.070203 -0.005493 -10.019556 -2.955329 -4.916394
13010 1444828384.454000 11.9971 5.070203 -0.005493 -10.019556 -2.955329 -4.916394
13011 1444828384.463100 11.9971 5.070203 -0.005493 -10.019556 -2.955329 -4.916394
13012 1444828384.473260 11.9971 5.070203 -0.005493 -10.019556 -2.955329 -4.916394
13013 1444828384.483168 11.9971 5.070203 -0.005493 -10.019556 -2.955329 -4.916394
13014 1444828384.494578 11.9971 5.070203 -0.005493 -10.019556 -2.955329 -4.916394
13015 1444828384.503934 11.9971 5.070203 -0.005493 -10.019556 -2.955329 -4.916394
13016 1444828384.513690 11.9971 5.070203 0.082398 -9.931665 -2.955329 -4.916394
13017 1444828384.523654 11.9971 5.070203 -0.005493 -9.931665 -2.955329 -4.916394
13018 1444828384.534939 12.08499 5.070203 -0.005493 -10.019556 -2.955329 -4.916394
13019 1444828384.543985 11.9971 5.070203 -0.005493 -10.019556 -2.955329 -4.916394
13020 1444828384.553983 12.08499 5.070203 -0.005493 -10.019556 -2.955329 -4.916394
13021 1444828384.565009 11.9971 5.070203 -0.005493 -10.019556 -2.955329 -4.916394
13022 1444828384.574805 11.9971 5.070203 0.082398 -10.019556 -2.955329 -4.916394
13023 1444828384.584770 11.9971 5.070203 -0.005493 -10.019556 -2.955329 -4.916394
13024 1444828384.594990 11.9971 5.070203 -0.005493 -10.019556 -2.955329 -4.916394
13025 1444828384.604984 11.9971 5.070203 -0.005493 -10.019556 -2.955329 -4.916394
13026 1444828384.615185 11.9971 5.070203 -0.005493 -10.019556 -2.955329 -4.916394
13027 1444828384.624963 11.9971 5.070203 -0.005493 -9.931665 -2.955329 -4.916394
13028 1444828384.635034 11.9971 5.070203 -0.005493 -10.019556 -2.955329 -4.916394
13029 1444828384.641878 11.9971 5.070203 0.082398 -10.019556 -2.955329 -4.916394
13030 1444828384.650090 11.9971 5.070203 -0.005493 -10.019556 -2.955329 -4.916394
13031 1444828384.662030 11.9971 5.070203 0.082398 -10.019556 -2.955329 -4.916394
13032 1444828384.672048 11.9971 5.070203 -0.005493 -10.019556 -2.955329 -4.916394
13033 1444828384.685535 11.9971 5.070203 -0.005493 -10.019556 -2.955329 -4.916394
13034 1444828384.692452 11.9971 5.070203 -0.005493 -10.019556 -2.955329 -4.916394
13035 1444828384.702513 11.9971 5.070203 -0.005493 -10.019556 -2.955329 -4.916394
13036 1444828384.712463 11.9971 5.070203 -0.005493 -10.019556 -2.955329 -4.916394
13037 1444828384.725936 11.9971 5.070203 -0.005493 -9.931665 -2.955329 -4.916394
13038 1444828384.736022 11.9971 5.070203 -0.005493 -10.019556 -2.955329 -4.916394
13039 1444828384.741050 11.9971 5.070203 -0.005493 -10.019556 -2.955329 -4.916394
13040 1444828384.752834 11.9971 5.070203 0.082398 -9.931665 -2.955329 -4.916394
13041 1444828384.766788 11.9971 5.070203 -0.005493 -10.019556 -2.955329 -4.916394
13042 1444828384.773106 11.9971 5.070203 -0.005493 -10.019556 -2.955329 -4.916394
13043 1444828384.786530 11.9971 5.070203 -0.005493 -10.019556 -2.955329 -4.916394
13044 1444828384.796760 11.9971 5.070203 -0.005493 -10.019556 -2.955329 -4.916394
13045 1444828384.806858 11.9971 5.070203 -0.005493 -10.019556 -2.955329 -4.916394
13046 1444828384.817008 11.9971 5.070203 -0.005493 -10.019556 -2.955329 -4.916394
13047 1444828384.827059 11.9971 5.070203 -0.005493 -10.019556 -2.955329 -4.916394
13048 1444828384.837126 11.9971 5.070203 0.082398 -10.019556 -2.955329 -4.916394
13049 1444828384.844204 11.9971 5.070203 -0.005493 -10.019556 -2.955329 -4.916394
13050 1444828384.857405 11.9971 5.070203 -0.005493 -9.931665 -2.955329 -4.916394
13051 1444828384.867515 11.9971 5.070203 -0.005493 -9.931665 -2.955329 -4.916394
13052 1444828384.877573 12.08499 5.070203 -0.005493 -10.019556 -2.955329 -4.916394
13053 1444828384.887730 11.9971 5.070203 -0.005493 -9.931665 -2.955329 -4.916394
13054 1444828384.897812 11.9971 5.070203 -0.005493 -10.019556 -2.955329 -4.916394
13055 1444828384.907887 11.9971 5.070203 -0.005493 -10.019556 -2.955329 -4.916394
13056 1444828384.917988 11.9971 5.070203 0.082398 -10.019556 -2.955329 -4.916394
13057 1444828384.926780 11.9971 5.070203 -0.005493 -10.019556 -2.955329 -4.916394
13058 1444828384.938291 11.9971 5.070203 -0.005493 -10.019556 -2.955329 -4.916394
13059 1444828384.947033 11.9971 5.070203 -0.005493 -10.019556 -2.955329 -4.916394
13060 1444828384.957114 11.9971 5.070203 -0.005493 -10.019556 -2.955329 -4.916394
13061 1444828384.967182 11.9971 5.070203 -0.005493 -10.019556 -2.955329 -4.916394
13062 1444828384.978804 11.9971 5.070203 -0.005493 -9.931665 -2.955329 -4.916394
13063 1444828384.984622 11.9971 5.070203 -0.005493 -10.019556 -2.955329 -4.916394
13064 1444828384.994725 11.9971 5.070203 -0.005493 -10.019556 -2.955329 -4.916394
13065 1444828385.004600 11.9971 5.070203 -0.005493 -10.019556 -2.955329 -4.916394
13066 1444828385.014858 11.9971 5.070203 -0.005493 -9.931665 -2.955329 -4.916394
13067 1444828385.024836 11.9971 5.070203 -0.005493 -10.019556 -2.955329 -4.916394
13068 1444828385.037750 11.9971 5.070203 -0.005493 -10.019556 -2.955329 -4.916394
13069 1444828385.045260 11.9971 5.070203 -0.005493 -9.931665 -2.955329 -4.916394
13070 1444828385.060553 11.9971 5.070203 -0.005493 -10.019556 -2.955329 -4.916394
13071 1444828385.070321 11.9971 5.070203 -0.005493 -9.931665 -2.955329 -4.916394
13072 1444828385.080438 11.9971 5.070203 -0.005493 -10.019556 -2.955329 -4.916394
13073 1444828385.086897 11.9971 5.070203 -0.005493 -10.019556 -2.955329 -4.916394
13074 1444828385.095586 12.08499 5.070203 -0.005493 -10.019556 -2.955329 -4.916394
13075 1444828385.110699 11.9971 5.070203 -0.005493 -9.931665 -2.955329 -4.916394
13076 1444828385.120868 11.9971 5.070203 -0.005493 -10.019556 -2.955329 -4.916394
13077 1444828385.130916 11.9971 5.070203 -0.005493 -10.019556 -2.955329 -4.916394
13078 1444828385.140808 11.9971 5.070203 -0.005493 -10.019556 -2.955329 -4.916394
13079 1444828385.150887 12.08499 5.070203 -0.005493 -10.019556 -2.955329 -4.916394
13080 1444828385.157574 11.9971 5.070203 -0.005493 -10.019556 -2.955329 -4.916394
13081 1444828385.171180 12.08499 5.070203 -0.005493 -9.931665 -2.955329 -4.916394
13082 1444828385.176076 11.9971 5.070203 -0.005493 -9.931665 -2.955329 -4.916394
13083 1444828385.188306 11.9971 5.070203 -0.005493 -10.019556 -2.955329 -4.916394
13084 1444828385.201550 12.08499 5.070203 0.082398 -9.931665 -2.955329 -4.916394
13085 1444828385.211653 11.9971 5.070203 -0.005493 -10.019556 -2.955329 -4.916394
13086 1444828385.221732 11.9971 5.070203 -0.005493 -9.931665 -2.955329 -4.916394
13087 1444828385.232311 11.9971 5.070203 -0.005493 -10.019556 -2.955329 -4.916394
13088 1444828385.238717 11.9971 5.070203 -0.005493 -10.019556 -2.955329 -4.916394
13089 1444828385.247365 11.9971 5.070203 -0.005493 -10.019556 -2.955329 -4.916394
13090 1444828385.262405 11.9971 5.070203 0.082398 -10.019556 -2.955329 -4.916394
13091 1444828385.272567 11.9971 5.070203 0.082398 -10.019556 -2.955329 -4.916394
13092 1444828385.282653 11.9971 5.070203 -0.005493 -10.019556 -2.955329 -4.916394
13093 1444828385.292850 11.9971 5.070203 -0.005493 -9.931665 -2.955329 -4.916394
13094 1444828385.301643 11.9971 5.070203 -0.005493 -10.019556 -2.955329 -4.916394
13095 1444828385.313032 12.08499 5.070203 -0.005493 -10.019556 -2.955329 -4.916394
13096 1444828385.323158 11.9971 5.070203 -0.005493 -9.931665 -2.955329 -4.916394
13097 1444828385.331896 11.9971 5.070203 -0.005493 -10.019556 -2.955329 -4.916394
13098 1444828385.339689 11.9971 5.070203 -0.005493 -9.931665 -2.955329 -4.916394
13099 1444828385.349773 11.9971 5.070203 -0.005493 -9.931665 -2.955329 -4.916394
13100 1444828385.363930 11.9971 5.070203 0.082398 -9.931665 -2.955329 -4.916394
13101 1444828385.369773 11.9971 5.070203 -0.005493 -10.019556 -2.955329 -4.916394
13102 1444828385.379866 11.9971 5.070203 -0.005493 -10.019556 -2.955329 -4.916394
13103 1444828385.390137 11.9971 5.070203 -0.005493 -10.019556 -2.955329 -4.916394
13104 1444828385.400665 11.9971 5.070203 -0.005493 -10.019556 -2.955329 -4.916394
13105 1444828385.410170 11.9971 5.070203 -0.005493 -9.931665 -2.955329 -4.916394
13106 1444828385.424848 11.9971 5.070203 -0.005493 -10.019556 -2.955329 -4.916394
13107 1444828385.432175 11.9971 5.070203 -0.005493 -9.931665 -2.955329 -4.916394
13108 1444828385.442269 11.9971 5.070203 0.082398 -10.019556 -2.955329 -4.916394
13109 1444828385.450791 11.9971 5.070203 -0.005493 -10.019556 -2.955329 -4.916394
13110 1444828385.460600 11.9971 5.070203 -0.005493 -9.931665 -2.955329 -4.916394
13111 1444828385.470834 11.9971 5.070203 -0.005493 -10.019556 -2.955329 -4.916394
13112 1444828385.480930 11.9971 5.070203 -0.005493 -10.019556 -2.955329 -4.916394
13113 1444828385.490767 12.08499 5.070203 -0.005493 -10.019556 -2.955329 -4.916394
13114 1444828385.500849 11.9971 5.070203 -0.005493 -10.019556 -2.955329 -4.916394
13115 1444828385.510895 11.9971 5.070203 -0.005493 -10.019556 -2.955329 -4.916394
13116 1444828385.521059 11.9971 5.070203 -0.005493 -9.931665 -2.955329 -4.916394
13117 1444828385.531443 11.9971 5.070203 -0.005493 -10.019556 -2.955329 -4.916394
13118 1444828385.541594 11.9971 5.070203 -0.005493 -10.019556 -2.955329 -4.916394
13119 1444828385.551750 12.08499 5.070203 -0.005493 -10.019556 -2.955329 -4.916394
13120 1444828385.561998 11.9971 5.070203 0.082398 -10.019556 -2.955329 -4.916394
13121 1444828385.572096 11.9971 5.070203 -0.005493 -10.019556 -2.955329 -4.916394
13122 1444828385.582244 11.9971 5.070203 -0.005493 -9.931665 -2.955329 -4.916394
13123 1444828385.592467 11.9971 5.070203 -0.005493 -10.019556 -2.955329 -4.916394
13124 1444828385.602562 11.9971 5.070203 -0.005493 -10.019556 -2.955329 -4.916394
13125 1444828385.612759 11.9971 5.070203 -0.005493 -10.019556 -2.955329 -4.916394
13126 1444828385.622799 11.9971 5.070203 -0.005493 -10.019556 -2.955329 -4.916394
13127 1444828385.632915 11.9971 5.070203 -0.005493 -10.019556 -2.955329 -4.916394
13128 1444828385.643061 11.9971 5.070203 -0.005493 -10.019556 -2.955329 -4.916394
13129 1444828385.651864 11.9971 5.070203 -0.005493 -9.931665 -2.955329 -4.916394
13130 1444828385.663309 11.9971 5.070203 -0.005493 -10.019556 -2.955329 -4.916394
13131 1444828385.672025 11.9971 5.070203 -0.005493 -10.019556 -2.955329 -4.916394
13132 1444828385.682149 11.9971 5.070203 -0.005493 -10.019556 -2.955329 -4.916394
13133 1444828385.691035 11.9971 5.070203 -0.005493 -10.019556 -2.955329 -4.916394
13134 1444828385.701399 11.9971 5.070203 -0.005493 -10.019556 -2.955329 -4.916394
13135 1444828385.711329 11.9971 5.070203 -0.005493 -10.019556 -2.955329 -4.916394
13136 1444828385.721386 11.9971 5.070203 0.082398 -10.019556 -2.955329 -4.916394
13137 1444828385.731507 11.9971 5.070203 -0.005493 -10.019556 -2.955329 -4.916394
13138 1444828385.744684 11.9971 5.070203 -0.005493 -10.019556 -2.955329 -4.916394
13139 1444828385.754730 11.9971 5.070203 -0.005493 -10.019556 -2.955329 -4.916394
13140 1444828385.764787 11.9971 5.070203 -0.005493 -9.931665 -2.955329 -4.916394
13141 1444828385.774922 11.9971 5.070203 -0.005493 -10.019556 -2.955329 -4.916394
13142 1444828385.784972 11.9971 5.070203 -0.005493 -10.019556 -2.955329 -4.916394
13143 1444828385.795077 11.9971 5.070203 -0.005493 -10.019556 -2.955329 -4.916394
13144 1444828385.805291 11.9971 5.070203 -0.005493 -9.931665 -2.955329 -4.916394
13145 1444828385.815371 11.9971 5.070203 -0.005493 -10.019556 -2.955329 -4.916394
13146 1444828385.825424 11.9971 5.070203 -0.005493 -10.019556 -2.955329 -4.916394
13147 1444828385.835559 11.9971 5.070203 -0.005493 -9.931665 -2.955329 -4.916394
13148 1444828385.845753 11.9971 5.070203 -0.005493 -10.019556 -2.955329 -4.916394
13149 1444828385.855857 12.08499 5.070203 -0.005493 -10.019556 -2.955329 -4.916394
13150 1444828385.865995 11.9971 5.070203 -0.005493 -9.931665 -2.955329 -4.916394
13151 1444828385.876060 11.9971 5.070203 -0.005493 -10.019556 -2.955329 -4.916394
13152 1444828385.886092 11.9971 5.070203 -0.005493 -10.019556 -2.955329 -4.916394
13153 1444828385.896474 12.08499 5.070203 -0.005493 -10.019556 -2.955329 -4.916394
13154 1444828385.906261 11.9971 5.070203 -0.005493 -10.019556 -2.955329 -4.916394
13155 1444828385.916435 12.08499 5.070203 -0.005493 -10.019556 -2.955329 -4.916394
13156 1444828385.926438 11.9971 5.070203 -0.005493 -9.931665 -2.955329 -4.916394
13157 1444828385.936641 12.08499 5.070203 -0.005493 -9.931665 -2.955329 -4.916394
13158 1444828385.946780 11.9971 5.070203 -0.005493 -9.931665 -2.955329 -4.916394
13159 1444828385.956952 11.9971 5.070203 -0.005493 -9.931665 -2.955329 -4.916394
13160 1444828385.967070 11.9971 5.070203 0.082398 -9.931665 -2.955329 -4.916394
13161 1444828385.977102 11.9971 5.070203 -0.005493 -10.019556 -2.955329 -4.916394
13162 1444828385.987153 11.9971 5.070203 -0.005493 -10.019556 -2.955329 -4.916394
13163 1444828385.997401 11.9971 5.070203 -0.005493 -10.019556 -2.955329 -4.916394
13164 1444828386.004732 11.9971 5.070203 0.082398 -10.019556 -2.955329 -4.916394
13165 1444828386.017587 11.9971 5.070203 -0.005493 -9.931665 -2.955329 -4.916394
13166 1444828386.026543 11.9971 5.070203 -0.005493 -9.931665 -2.955329 -4.916394
13167 1444828386.038974 12.08499 5.070203 -0.005493 -9.931665 -2.955329 -4.916394
13168 1444828386.045041 11.9971 5.070203 -0.005493 -9.931665 -2.955329 -4.916394
13169 1444828386.054872 11.9971 5.070203 -0.005493 -10.019556 -2.955329 -4.916394
13170 1444828386.066522 11.9971 5.070203 -0.005493 -10.019556 -2.955329 -4.916394
13171 1444828386.075115 11.9971 5.070203 -0.005493 -9.931665 -2.955329 -4.916394
13172 1444828386.085070 11.9971 5.070203 -0.005493 -10.019556 -2.955329 -4.916394
13173 1444828386.095364 11.9971 5.070203 -0.005493 -10.019556 -2.955329 -4.916394
13174 1444828386.105617 11.9971 5.070203 -0.005493 -10.019556 -2.955329 -4.916394
13175 1444828386.115616 11.9971 5.070203 -0.005493 -10.019556 -2.955329 -4.916394
13176 1444828386.125598 11.9971 5.070203 -0.005493 -10.019556 -2.955329 -4.916394
13177 1444828386.135137 11.9971 5.070203 -0.005493 -10.019556 -2.955329 -4.916394
13178 1444828386.145308 11.9971 5.070203 -0.005493 -10.019556 -2.955329 -4.916394
13179 1444828386.157103 11.9971 5.070203 -0.005493 -10.019556 -2.955329 -4.916394
13180 1444828386.165920 11.9971 5.070203 -0.005493 -10.019556 -2.955329 -4.916394
13181 1444828386.175630 11.9971 5.070203 -0.005493 -10.019556 -2.955329 -4.916394
13182 1444828386.185813 11.9971 5.070203 -0.005493 -10.019556 -2.955329 -4.916394
13183 1444828386.195833 11.9971 5.070203 -0.005493 -10.019556 -2.955329 -4.916394
13184 1444828386.208167 11.9971 5.158094 -0.005493 -10.019556 -2.955329 -4.916394
13185 1444828386.217769 11.9971 5.070203 -0.005493 -10.019556 -2.955329 -4.916394
13186 1444828386.229750 11.9971 5.070203 -0.005493 -10.019556 -2.955329 -4.916394
13187 1444828386.237970 12.08499 5.070203 -0.005493 -10.019556 -2.955329 -4.916394
13188 1444828386.248618 11.9971 5.070203 -0.005493 -10.019556 -2.955329 -4.916394
13189 1444828386.261572 11.9971 5.070203 -0.005493 -9.931665 -2.955329 -4.916394
13190 1444828386.271661 11.9971 5.070203 -0.005493 -10.019556 -2.955329 -4.916394
13191 1444828386.281774 11.9971 5.070203 -0.005493 -9.931665 -2.955329 -4.916394
13192 1444828386.291885 11.9971 5.070203 -0.005493 -10.019556 -2.955329 -4.916394
13193 1444828386.302024 11.9971 5.070203 -0.005493 -9.931665 -2.955329 -4.916394
