3080 1444994204.689407 0.038452 0.010986 -9.832788
3081 1444994204.705034 -0.049439 0.010986 -9.832788
3082 1444994204.715193 0.038452 0.010986 -9.832788
3083 1444994204.721888 -0.049439 0.010986 -9.832788
3084 1444994204.729865 -0.049439 0.010986 -9.832788
3085 1444994204.745611 -0.049439 0.010986 -9.832788
3086 1444994204.755692 0.038452 0.010986 -9.832788
3087 1444994204.765557 -0.049439 0.010986 -9.832788
3088 1444994204.775518 -0.049439 0.010986 -9.832788
3089 1444994204.785848 -0.049439 0.010986 -9.832788
3090 1444994204.796098 0.038452 0.010986 -9.832788
3091 1444994204.805808 0.038452 0.010986 -9.832788
3092 1444994204.816147 0.038452 0.010986 -9.832788
3093 1444994204.826195 -0.049439 0.010986 -9.832788
3094 1444994204.836290 0.038452 0.010986 -9.832788
3095 1444994204.846570 -0.049439 0.010986 -9.832788
3096 1444994204.856385 0.038452 0.010986 -9.832788
3097 1444994204.866571 -0.049439 0.010986 -9.832788
3098 1444994204.876753 -0.049439 0.010986 -9.832788
3099 1444994204.886279 0.038452 0.010986 -9.832788
3100 1444994204.895385 0.038452 0.010986 -9.832788
3101 1444994204.903805 0.038452 0.010986 -9.832788
3102 1444994204.913764 0.038452 0.010986 -9.832788
3103 1444994204.924231 0.038452 0.010986 -9.832788
3104 1444994204.934415 0.038452 -0.076904 -9.832788
3105 1444994204.944153 0.038452 0.010986 -9.832788
3106 1444994204.953878 -0.049439 0.010986 -9.832788
3107 1444994204.964191 -0.049439 0.010986 -9.832788
3108 1444994204.974448 -0.049439 0.010986 -9.832788
3109 1444994204.984393 -0.049439 0.010986 -9.832788
3110 1444994204.994587 0.038452 0.010986 -9.832788
3111 1444994205.004701 0.038452 0.010986 -9.832788
3112 1444994205.014890 0.038452 0.010986 -9.832788
3113 1444994205.025685 0.038452 -0.076904 -9.832788
3114 1444994205.035924 0.038452 0.010986 -9.832788
3115 1444994205.046024 -0.049439 0.010986 -9.832788
3116 1444994205.056114 0.038452 0.010986 -9.832788
3117 1444994205.066145 0.038452 0.010986 -9.832788
3118 1444994205.076349 0.038452 0.010986 -9.832788
3119 1444994205.086459 0.038452 0.010986 -9.832788
3120 1444994205.096760 -0.049439 0.010986 -9.832788
3121 1444994205.106757 0.038452 0.010986 -9.832788
3122 1444994205.117139 0.038452 0.010986 -9.832788
3123 1444994205.127489 0.038452 0.010986 -9.832788
3124 1444994205.137449 -0.049439 0.010986 -9.832788
3125 1444994205.147424 0.038452 0.010986 -9.832788
3126 1444994205.157477 0.038452 0.010986 -9.832788
3127 1444994205.167574 0.038452 0.010986 -9.832788
3128 1444994205.177624 0.038452 0.010986 -9.832788
3129 1444994205.188619 -0.049439 0.010986 -9.832788
3130 1444994205.197817 -0.049439 0.010986 -9.832788
3131 1444994205.208977 0.038452 -0.076904 -9.832788
3132 1444994205.218071 -0.049439 0.010986 -9.832788
3133 1444994205.229016 0.038452 0.010986 -9.832788
3134 1444994205.233995 0.038452 0.010986 -9.832788
3135 1444994205.243631 0.038452 0.010986 -9.832788
3136 1444994205.253974 -0.049439 -0.076904 -9.832788
3137 1444994205.269359 0.038452 -0.076904 -9.832788
3138 1444994205.279728 0.038452 0.010986 -9.832788
3139 1444994205.284736 0.038452 -0.076904 -9.832788
3140 1444994205.294186 -0.049439 0.010986 -9.832788
3141 1444994205.304582 -0.049439 0.010986 -9.832788
3142 1444994205.314775 0.038452 0.010986 -9.832788
3143 1444994205.324817 0.038452 0.010986 -9.832788
3144 1444994205.339972 -0.049439 0.010986 -9.832788
3145 1444994205.350363 0.038452 0.010986 -9.832788
3146 1444994205.360521 0.038452 0.010986 -9.832788
3147 1444994205.370523 0.038452 0.010986 -9.832788
3148 1444994205.375571 0.038452 0.010986 -9.832788
3149 1444994205.385508 -0.049439 0.010986 -9.832788
3150 1444994205.401488 0.038452 0.010986 -9.832788
3151 1444994205.411539 -0.049439 0.010986 -9.832788
3152 1444994205.422251 0.038452 0.010986 -9.832788
3153 1444994205.432478 0.038452 0.010986 -9.832788
3154 1444994205.442686 0.038452 0.010986 -9.832788
3155 1444994205.448869 -0.049439 0.010986 -9.832788
3156 1444994205.459440 -0.049439 0.010986 -9.832788
3157 1444994205.469123 0.038452 0.010986 -9.832788
3158 1444994205.479124 0.038452 -0.076904 -9.832788
3159 1444994205.489975 -0.049439 0.010986 -9.832788
3160 1444994205.499687 0.038452 0.010986 -9.832788
3161 1444994205.509814 -0.049439 0.010986 -9.832788
3162 1444994205.519946 0.038452 0.010986 -9.832788
3163 1444994205.529996 0.038452 -0.076904 -9.832788
3164 1444994205.541542 0.038452 0.010986 -9.832788
3165 1444994205.550508 0.038452 0.010986 -9.832788
3166 1444994205.560447 0.038452 0.010986 -9.832788
3167 1444994205.570623 -0.049439 -0.076904 -9.832788
3168 1444994205.580878 -0.049439 0.010986 -9.832788
3169 1444994205.591109 0.038452 0.010986 -9.832788
3170 1444994205.601094 0.038452 0.010986 -9.832788
3171 1444994205.611198 0.038452 0.010986 -9.832788
3172 1444994205.621474 0.038452 0.010986 -9.832788
3173 1444994205.631803 0.038452 0.010986 -9.832788
3174 1444994205.641679 -0.049439 0.010986 -9.832788
3175 1444994205.651691 0.038452 0.010986 -9.832788
3176 1444994205.662070 0.038452 0.010986 -9.832788
3177 1444994205.672171 0.038452 0.010986 -9.832788
3178 1444994205.682287 -0.049439 0.010986 -9.832788
3179 1444994205.692435 0.038452 0.010986 -9.832788
3180 1444994205.702494 0.038452 0.010986 -9.832788
3181 1444994205.712528 0.038452 0.010986 -9.832788
3182 1444994205.724493 0.038452 -0.076904 -9.832788
3183 1444994205.734364 0.038452 0.010986 -9.832788
3184 1444994205.744947 0.038452 0.010986 -9.832788
3185 1444994205.754720 -0.049439 0.010986 -9.832788
3186 1444994205.763996 -0.049439 0.010986 -9.832788
3187 1444994205.774925 -0.049439 0.010986 -9.832788
3188 1444994205.779602 0.038452 0.010986 -9.832788
3189 1444994205.795525 0.038452 0.010986 -9.832788
3190 1444994205.799365 0.038452 0.010986 -9.832788
3191 1444994205.815486 -0.049439 0.010986 -9.832788
3192 1444994205.825700 -0.049439 -0.076904 -9.832788
3193 1444994205.835801 0.038452 0.010986 -9.832788
3194 1444994205.845767 -0.049439 0.010986 -9.832788
3195 1444994205.855985 0.038452 0.010986 -9.832788
3196 1444994205.866059 -0.049439 0.010986 -9.832788
3197 1444994205.876034 -0.049439 -0.076904 -9.832788
3198 1444994205.886179 -0.049439 0.010986 -9.832788
3199 1444994205.896337 -0.049439 0.010986 -9.832788
3200 1444994205.901579 -0.049439 0.010986 -9.832788
3201 1444994205.911975 0.038452 0.010986 -9.832788
3202 1444994205.921830 0.038452 0.010986 -9.832788
3203 1444994205.931995 -0.049439 0.010986 -9.832788
3204 1444994205.942114 0.038452 0.010986 -9.832788
3205 1444994205.952483 -0.049439 0.010986 -9.832788
3206 1444994205.962584 0.038452 0.010986 -9.832788
3207 1444994205.973733 0.038452 0.010986 -9.832788
3208 1444994205.984150 -0.049439 -0.076904 -9.832788
3209 1444994205.993875 0.038452 0.010986 -9.832788
3210 1444994206.004015 0.038452 0.010986 -9.832788
3211 1444994206.014090 -0.049439 -0.076904 -9.832788
3212 1444994206.024219 0.038452 0.010986 -9.832788
3213 1444994206.034867 0.038452 0.010986 -9.832788
3214 1444994206.044922 0.038452 0.010986 -9.832788
3215 1444994206.054536 -0.049439 0.010986 -9.832788
3216 1444994206.064929 0.038452 0.010986 -9.832788
3217 1444994206.074739 0.038452 0.010986 -9.832788
3218 1444994206.085897 0.038452 0.010986 -9.832788
3219 1444994206.095430 0.038452 0.010986 -9.832788
3220 1444994206.105110 0.038452 0.010986 -9.832788
3221 1444994206.115086 0.038452 0.010986 -9.832788
3222 1444994206.125195 0.038452 0.010986 -9.832788
3223 1444994206.135693 0.038452 0.010986 -9.832788
3224 1444994206.146344 0.038452 0.010986 -9.832788
3225 1444994206.155870 0.038452 0.010986 -9.832788
3226 1444994206.166133 -0.049439 0.010986 -9.832788
3227 1444994206.175727 0.038452 0.010986 -9.832788
3228 1444994206.186004 -0.049439 0.010986 -9.832788
3229 1444994206.196450 0.038452 0.010986 -9.832788
3230 1444994206.206372 0.038452 0.010986 -9.832788
3231 1444994206.216335 0.038452 0.010986 -9.832788
3232 1444994206.226528 0.038452 0.010986 -9.832788
3233 1444994206.236676 -0.049439 0.010986 -9.832788
3234 1444994206.248817 -0.049439 0.010986 -9.832788
3235 1444994206.256929 0.038452 0.010986 -9.832788
3236 1444994206.266901 -0.049439 0.010986 -9.832788
3237 1444994206.277142 0.038452 -0.076904 -9.832788
3238 1444994206.288723 0.038452 -0.076904 -9.832788
3239 1444994206.298685 0.038452 -0.076904 -9.832788
3240 1444994206.309298 0.038452 0.010986 -9.832788
3241 1444994206.319032 -0.049439 0.010986 -9.832788
3242 1444994206.329485 -0.049439 0.010986 -9.832788
3243 1444994206.339553 0.038452 0.010986 -9.832788
3244 1444994206.349481 -0.049439 0.010986 -9.832788
3245 1444994206.355579 -0.049439 0.010986 -9.832788
3246 1444994206.365540 -0.049439 0.010986 -9.832788
3247 1444994206.375680 -0.049439 0.010986 -9.832788
3248 1444994206.385794 0.038452 0.010986 -9.832788
3249 1444994206.395879 -0.049439 0.010986 -9.832788
3250 1444994206.406038 0.038452 0.010986 -9.832788
3251 1444994206.416051 -0.049439 -0.076904 -9.832788
3252 1444994206.426146 -0.049439 0.010986 -9.832788
3253 1444994206.439022 -0.049439 0.010986 -9.832788
3254 1444994206.446851 -0.049439 0.010986 -9.832788
3255 1444994206.458829 0.038452 0.010986 -9.832788
3256 1444994206.467133 -0.049439 -0.076904 -9.832788
3257 1444994206.477055 0.038452 -0.076904 -9.832788
3258 1444994206.489784 0.038452 -0.076904 -9.832788
3259 1444994206.499786 -0.049439 0.010986 -9.832788
3260 1444994206.508771 0.038452 0.010986 -9.832788
3261 1444994206.518777 0.038452 0.010986 -9.832788
3262 1444994206.528809 -0.049439 0.010986 -9.832788
3263 1444994206.539991 0.038452 -0.076904 -9.832788
3264 1444994206.548958 -0.049439 0.010986 -9.832788
3265 1444994206.559861 0.038452 -0.076904 -9.832788
3266 1444994206.568800 -0.049439 0.010986 -9.832788
3267 1444994206.579136 -0.049439 0.010986 -9.832788
3268 1444994206.590290 0.038452 0.010986 -9.832788
3269 1444994206.599878 0.038452 0.010986 -9.832788
3270 1444994206.610099 0.038452 0.010986 -9.832788
3271 1444994206.620545 -0.049439 -0.076904 -9.832788
3272 1444994206.630462 -0.049439 0.010986 -9.832788
3273 1444994206.640718 0.038452 0.010986 -9.832788
3274 1444994206.650711 -0.049439 0.010986 -9.832788
3275 1444994206.660766 0.038452 0.010986 -9.832788
3276 1444994206.670972 -0.049439 0.010986 -9.832788
3277 1444994206.680501 0.038452 0.010986 -9.832788
3278 1444994206.690960 -0.049439 0.010986 -9.832788
3279 1444994206.700960 -0.049439 0.010986 -9.832788
3280 1444994206.711112 0.038452 0.010986 -9.832788
3281 1444994206.721105 -0.049439 0.010986 -9.832788
3282 1444994206.731123 -0.049439 0.010986 -9.832788
3283 1444994206.741592 -0.049439 0.010986 -9.832788
3284 1444994206.751519 0.038452 0.010986 -9.832788
3285 1444994206.761597 -0.049439 0.010986 -9.832788
3286 1444994206.772171 0.038452 0.010986 -9.832788
3287 1444994206.781878 0.038452 0.010986 -9.832788
3288 1444994206.789096 0.038452 0.010986 -9.832788
3289 1444994206.802186 -0.049439 0.010986 -9.832788
3290 1444994206.812351 0.038452 -0.076904 -9.832788
3291 1444994206.822461 -0.049439 0.010986 -9.832788
3292 1444994206.832681 0.038452 0.010986 -9.832788
3293 1444994206.842711 0.038452 0.010986 -9.832788
3294 1444994206.852831 0.038452 0.010986 -9.832788
3295 1444994206.862901 -0.049439 0.010986 -9.832788
3296 1444994206.867554 -0.049439 0.010986 -9.832788
3297 1444994206.878732 0.038452 -0.076904 -9.832788
3298 1444994206.890257 0.038452 0.010986 -9.832788
3299 1444994206.900218 0.038452 -0.076904 -9.832788
3300 1444994206.910548 0.038452 -0.076904 -9.832788
3301 1444994206.920712 -0.049439 0.010986 -9.832788
3302 1444994206.930958 0.038452 0.010986 -9.832788
3303 1444994206.942564 -0.049439 -0.076904 -9.832788
3304 1444994206.951033 -0.049439 0.010986 -9.832788
3305 1444994206.961077 -0.049439 -0.076904 -9.832788
3306 1444994206.970932 0.038452 0.010986 -9.832788
3307 1444994206.982570 -0.049439 0.010986 -9.832788
3308 1444994206.992799 -0.049439 0.010986 -9.832788
3309 1444994207.003887 0.038452 0.010986 -9.832788
3310 1444994207.013880 0.038452 0.010986 -9.832788
3311 1444994207.024190 -0.049439 0.010986 -9.832788
3312 1444994207.034108 0.038452 0.010986 -9.832788
3313 1444994207.039131 -0.049439 0.010986 -9.832788
3314 1444994207.049304 0.038452 0.010986 -9.832788
3315 1444994207.059776 0.038452 0.010986 -9.832788
3316 1444994207.069774 -0.049439 0.010986 -9.832788
3317 1444994207.079764 -0.049439 0.010986 -9.832788
3318 1444994207.089800 0.038452 0.010986 -9.832788
3319 1444994207.099935 0.038452 0.010986 -9.832788
3320 1444994207.110131 0.038452 -0.076904 -9.832788
3321 1444994207.120332 0.038452 0.010986 -9.832788
3322 1444994207.130542 -0.049439 0.010986 -9.832788
3323 1444994207.140852 -0.049439 0.010986 -9.832788
3324 1444994207.151044 -0.049439 0.010986 -9.832788
3325 1444994207.161503 0.038452 0.010986 -9.832788
3326 1444994207.171728 0.038452 0.010986 -9.832788
3327 1444994207.181924 -0.049439 0.010986 -9.832788
3328 1444994207.192189 -0.049439 0.010986 -9.832788
3329 1444994207.202102 -0.049439 0.010986 -9.832788
3330 1444994207.212193 0.038452 0.010986 -9.832788
3331 1444994207.222315 -0.049439 0.010986 -9.832788
3332 1444994207.232927 0.038452 -0.076904 -9.832788
3333 1444994207.243101 0.038452 -0.076904 -9.832788
3334 1444994207.255379 0.038452 0.010986 -9.832788
3335 1444994207.264500 0.038452 0.010986 -9.832788
3336 1444994207.274561 0.038452 0.010986 -9.832788
3337 1444994207.286069 0.038452 0.010986 -9.832788
3338 1444994207.288770 -0.049439 0.010986 -9.832788
3339 1444994207.304952 -0.049439 0.010986 -9.832788
3340 1444994207.316149 -0.049439 0.010986 -9.832788
3341 1444994207.325993 0.038452 0.010986 -9.832788
3342 1444994207.330491 0.038452 0.010986 -9.832788
3343 1444994207.339359 0.038452 0.010986 -9.832788
3344 1444994207.353987 -0.049439 0.010986 -9.832788
3345 1444994207.364527 -0.049439 0.010986 -9.832788
3346 1444994207.374763 -0.049439 0.010986 -9.832788
3347 1444994207.382875 0.038452 0.010986 -9.832788
3348 1444994207.388645 -0.049439 -0.076904 -9.832788
3349 1444994207.405465 0.038452 0.010986 -9.832788
3350 1444994207.415494 0.038452 0.010986 -9.832788
3351 1444994207.425662 -0.049439 0.010986 -9.832788
3352 1444994207.436826 0.038452 0.010986 -9.832788
3353 1444994207.445727 0.038452 0.010986 -9.832788
3354 1444994207.455725 0.038452 0.010986 -9.832788
3355 1444994207.465768 0.038452 0.010986 -9.832788
3356 1444994207.475961 0.038452 -0.076904 -9.832788
3357 1444994207.486140 -0.049439 0.010986 -9.744897
3358 1444994207.496296 -0.049439 0.010986 -9.832788
3359 1444994207.506366 0.038452 0.010986 -9.832788
3360 1444994207.516518 0.038452 0.010986 -9.832788
3361 1444994207.526550 -0.049439 0.010986 -9.832788
3362 1444994207.536818 0.038452 0.010986 -9.832788
3363 1444994207.546804 0.038452 0.010986 -9.832788
3364 1444994207.556839 0.038452 0.010986 -9.832788
3365 1444994207.566963 0.038452 0.010986 -9.832788
3366 1444994207.577088 0.038452 0.010986 -9.832788
3367 1444994207.587658 0.038452 0.010986 -9.832788
3368 1444994207.597586 -0.049439 0.010986 -9.832788
3369 1444994207.607560 -0.049439 -0.076904 -9.832788
3370 1444994207.617754 0.038452 0.010986 -9.832788
3371 1444994207.627877 0.038452 0.010986 -9.832788
3372 1444994207.639030 -0.049439 0.010986 -9.832788
3373 1444994207.648970 -0.049439 0.010986 -9.832788
3374 1444994207.653679 -0.049439 0.010986 -9.832788
3375 1444994207.663593 0.038452 0.010986 -9.832788
3376 1444994207.673653 -0.049439 -0.076904 -9.832788
3377 1444994207.684155 -0.049439 0.010986 -9.832788
3378 1444994207.694078 0.038452 0.010986 -9.832788
3379 1444994207.704324 -0.049439 0.010986 -9.832788
3380 1444994207.714212 0.038452 0.010986 -9.832788
3381 1444994207.724819 -0.049439 0.010986 -9.832788
3382 1444994207.739779 -0.049439 0.010986 -9.832788
3383 1444994207.746381 -0.049439 0.010986 -9.832788
3384 1444994207.756151 0.038452 0.010986 -9.832788
3385 1444994207.766241 0.038452 0.010986 -9.832788
3386 1444994207.776308 -0.049439 0.010986 -9.832788
3387 1444994207.787959 -0.049439 0.010986 -9.832788
3388 1444994207.798742 0.038452 -0.076904 -9.832788
3389 1444994207.807716 -0.049439 0.010986 -9.832788
3390 1444994207.818673 0.038452 -0.076904 -9.832788
3391 1444994207.823905 -0.049439 0.010986 -9.832788
3392 1444994207.839442 0.038452 0.010986 -9.832788
3393 1444994207.849131 -0.049439 -0.076904 -9.832788
3394 1444994207.859463 0.038452 0.010986 -9.832788
3395 1444994207.869563 -0.049439 0.010986 -9.832788
3396 1444994207.879692 -0.049439 0.010986 -9.832788
3397 1444994207.890200 0.038452 0.010986 -9.832788
3398 1444994207.900215 0.038452 0.010986 -9.832788
3399 1444994207.910016 0.038452 0.010986 -9.832788
3400 1444994207.920082 0.038452 0.010986 -9.832788
3401 1444994207.930305 0.038452 0.010986 -9.832788
3402 1444994207.940252 0.038452 0.010986 -9.832788
3403 1444994207.950888 -0.049439 0.010986 -9.832788
3404 1444994207.955371 0.038452 0.010986 -9.832788
3405 1444994207.971062 0.038452 0.010986 -9.832788
3406 1444994207.975731 -0.049439 0.010986 -9.832788
3407 1444994207.991261 0.038452 0.010986 -9.832788
3408 1444994208.001242 -0.049439 0.010986 -9.832788
3409 1444994208.011126 0.038452 0.010986 -9.832788
3410 1444994208.021329 0.038452 0.010986 -9.832788
3411 1444994208.031478 -0.049439 0.010986 -9.832788
3412 1444994208.041836 0.038452 0.010986 -9.832788
3413 1444994208.051742 0.038452 0.010986 -9.832788
3414 1444994208.061928 -0.049439 -0.076904 -9.832788
3415 1444994208.072002 0.038452 0.010986 -9.832788
3416 1444994208.082326 0.038452 0.010986 -9.832788
3417 1444994208.092351 -0.049439 0.010986 -9.832788
3418 1444994208.102471 0.038452 0.010986 -9.832788
3419 1444994208.112547 -0.049439 0.010986 -9.832788
3420 1444994208.113813 0.038452 0.010986 -9.832788
3421 1444994208.128787 -0.049439 0.010986 -9.832788
3422 1444994208.138926 0.038452 0.010986 -9.832788
3423 1444994208.148897 -0.049439 0.010986 -9.832788
3424 1444994208.159083 0.038452 0.010986 -9.832788
3425 1444994208.168871 -0.049439 0.010986 -9.832788
3426 1444994208.178955 0.038452 0.010986 -9.832788
3427 1444994208.189888 0.038452 0.010986 -9.832788
3428 1444994208.199787 -0.049439 0.010986 -9.832788
3429 1444994208.209898 -0.049439 0.010986 -9.832788
3430 1444994208.220647 -0.049439 0.010986 -9.832788
3431 1444994208.230089 -0.049439 0.010986 -9.832788
3432 1444994208.241510 -0.049439 0.010986 -9.832788
3433 1444994208.250767 -0.049439 0.010986 -9.832788
3434 1444994208.261223 -0.049439 0.010986 -9.832788
3435 1444994208.270962 -0.049439 0.010986 -9.832788
3436 1444994208.281599 -0.049439 0.010986 -9.832788
3437 1444994208.291641 -0.049439 0.010986 -9.832788
3438 1444994208.301449 0.038452 0.010986 -9.832788
3439 1444994208.311680 -0.049439 0.010986 -9.832788
3440 1444994208.321739 0.038452 0.010986 -9.832788
3441 1444994208.331862 0.038452 0.010986 -9.832788
3442 1444994208.342076 0.038452 0.010986 -9.832788
3443 1444994208.352142 -0.049439 0.010986 -9.832788
3444 1444994208.362284 -0.049439 0.010986 -9.832788
3445 1444994208.372356 -0.049439 0.010986 -9.832788
3446 1444994208.383633 0.038452 0.010986 -9.832788
3447 1444994208.394170 0.038452 -0.076904 -9.832788
3448 1444994208.404231 0.038452 0.010986 -9.832788
3449 1444994208.414256 -0.049439 0.010986 -9.832788
3450 1444994208.424367 0.038452 0.010986 -9.832788
3451 1444994208.428828 0.038452 -0.076904 -9.832788
3452 1444994208.440250 -0.049439 0.010986 -9.832788
3453 1444994208.449874 0.038452 0.010986 -9.832788
3454 1444994208.460159 -0.049439 -0.076904 -9.832788
3455 1444994208.470241 0.038452 0.010986 -9.832788
3456 1444994208.484929 -0.049439 -0.076904 -9.832788
3457 1444994208.490869 -0.049439 0.010986 -9.832788
3458 1444994208.500896 0.038452 0.010986 -9.832788
3459 1444994208.511894 0.038452 0.010986 -9.832788
3460 1444994208.521375 0.038452 0.010986 -9.832788
3461 1444994208.532106 0.038452 0.010986 -9.832788
3462 1444994208.543953 -0.049439 -0.076904 -9.832788
3463 1444994208.551596 0.038452 0.010986 -9.832788
3464 1444994208.563931 -0.049439 0.010986 -9.832788
3465 1444994208.571861 0.038452 0.010986 -9.832788
3466 1444994208.585556 -0.049439 0.010986 -9.832788
3467 1444994208.593974 0.038452 0.010986 -9.832788
3468 1444994208.603927 0.038452 0.010986 -9.832788
3469 1444994208.613962 0.038452 0.010986 -9.832788
3470 1444994208.623951 -0.049439 0.010986 -9.832788
3471 1444994208.634081 0.038452 0.010986 -9.832788
3472 1444994208.645211 0.038452 0.010986 -9.832788
3473 1444994208.654539 -0.049439 0.010986 -9.832788
3474 1444994208.664804 0.038452 0.010986 -9.832788
3475 1444994208.675002 -0.049439 -0.076904 -9.832788
3476 1444994208.686207 0.038452 -0.076904 -9.832788
3477 1444994208.696281 0.038452 0.010986 -9.832788
3478 1444994208.705822 0.038452 0.010986 -9.832788
3479 1444994208.715645 -0.049439 0.010986 -9.832788
3480 1444994208.725658 -0.049439 0.010986 -9.832788
3481 1444994208.735883 -0.049439 0.010986 -9.832788
3482 1444994208.745891 0.038452 -0.076904 -9.832788
3483 1444994208.755929 -0.049439 0.010986 -9.832788
3484 1444994208.765974 0.038452 0.010986 -9.832788
3485 1444994208.776517 0.038452 0.010986 -9.832788
3486 1444994208.786824 0.038452 0.010986 -9.832788
3487 1444994208.796906 0.038452 0.010986 -9.832788
3488 1444994208.806952 -0.049439 0.010986 -9.832788
3489 1444994208.817115 0.038452 0.010986 -9.832788
3490 1444994208.827339 -0.049439 0.010986 -9.832788
3491 1444994208.837324 0.038452 -0.076904 -9.832788
3492 1444994208.847536 0.038452 -0.076904 -9.832788
3493 1444994208.857546 -0.049439 -0.076904 -9.832788
3494 1444994208.867673 -0.049439 0.010986 -9.832788
3495 1444994208.873673 -0.049439 0.010986 -9.832788
3496 1444994208.885804 -0.049439 0.010986 -9.832788
3497 1444994208.894783 -0.049439 -0.076904 -9.832788
3498 1444994208.904982 -0.049439 0.010986 -9.832788
3499 1444994208.914825 -0.049439 0.010986 -9.832788
3500 1444994208.924674 0.038452 0.010986 -9.832788
3501 1444994208.935182 0.038452 -0.076904 -9.832788
3502 1444994208.945978 -0.049439 -0.076904 -9.832788
3503 1444994208.955499 0.038452 0.010986 -9.832788
3504 1444994208.965415 0.038452 -0.076904 -9.832788
3505 1444994208.975385 -0.049439 -0.076904 -9.832788
3506 1444994208.986304 -0.049439 0.010986 -9.832788
3507 1444994208.996306 -0.049439 -0.076904 -9.832788
3508 1444994209.006383 0.038452 0.010986 -9.832788
3509 1444994209.016492 0.038452 0.010986 -9.832788
3510 1444994209.026699 -0.049439 -0.076904 -9.832788
3511 1444994209.038984 0.038452 -0.076904 -9.832788
3512 1444994209.047119 -0.049439 -0.076904 -9.832788
3513 1444994209.058614 -0.049439 -0.076904 -9.832788
3514 1444994209.068833 -0.049439 -0.076904 -9.832788
3515 1444994209.078930 -0.049439 0.010986 -9.832788
3516 1444994209.087532 -0.049439 -0.076904 -9.832788
3517 1444994209.099313 -0.049439 0.010986 -9.832788
3518 1444994209.109226 -0.049439 0.010986 -9.832788
3519 1444994209.119148 -0.049439 -0.076904 -9.832788
3520 1444994209.129309 -0.049439 -0.076904 -9.832788
3521 1444994209.139253 0.038452 0.010986 -9.832788
3522 1444994209.149223 0.038452 -0.076904 -9.832788
3523 1444994209.159501 0.038452 -0.076904 -9.920679
3524 1444994209.169573 -0.049439 -0.076904 -9.832788
3525 1444994209.179800 0.038452 0.010986 -9.832788
3526 1444994209.189850 0.038452 -0.076904 -9.832788
3527 1444994209.199331 -0.049439 -0.076904 -9.832788
3528 1444994209.209754 -0.049439 -0.076904 -9.832788
3529 1444994209.219907 0.038452 0.010986 -9.832788
3530 1444994209.229946 -0.049439 0.010986 -9.832788
3531 1444994209.240286 -0.049439 -0.076904 -9.832788
3532 1444994209.250242 -0.049439 0.010986 -9.832788
3533 1444994209.255636 0.038452 0.010986 -9.832788
3534 1444994209.265666 0.038452 0.010986 -9.832788
3535 1444994209.275812 0.038452 0.010986 -9.832788
3536 1444994209.290459 0.038452 -0.076904 -9.920679
3537 1444994209.295988 0.038452 0.010986 -9.832788
3538 1444994209.306137 0.038452 0.010986 -9.832788
3539 1444994209.316079 0.038452 0.010986 -9.832788
3540 1444994209.326168 0.038452 0.010986 -9.832788
3541 1444994209.336288 0.038452 -0.076904 -9.832788
3542 1444994209.348693 0.038452 0.010986 -9.832788
3543 1444994209.356658 0.038452 0.010986 -9.832788
3544 1444994209.366667 0.038452 0.010986 -9.832788
3545 1444994209.376758 0.038452 -0.076904 -9.832788
3546 1444994209.383899 0.038452 0.010986 -9.920679
3547 1444994209.397137 0.038452 0.010986 -9.832788
3548 1444994209.408965 0.038452 0.010986 -9.920679
3549 1444994209.418879 0.038452 -0.076904 -9.832788
3550 1444994209.429094 0.038452 -0.076904 -9.832788
3551 1444994209.439162 0.038452 0.010986 -9.832788
3552 1444994209.449499 0.038452 0.010986 -9.832788
3553 1444994209.459571 0.038452 -0.076904 -9.832788
3554 1444994209.469577 0.038452 0.010986 -9.832788
3555 1444994209.479893 0.038452 0.010986 -9.832788
3556 1444994209.490083 0.038452 0.010986 -9.832788
3557 1444994209.500010 0.038452 0.010986 -9.832788
3558 1444994209.510136 0.038452 0.010986 -9.832788
3559 1444994209.520305 0.038452 0.010986 -9.832788
3560 1444994209.530391 0.038452 0.010986 -9.832788
3561 1444994209.540928 -0.049439 0.010986 -9.832788
3562 1444994209.550826 0.038452 0.010986 -9.832788
3563 1444994209.560932 0.038452 0.010986 -9.832788
3564 1444994209.570999 -0.049439 0.010986 -9.832788
3565 1444994209.581200 0.038452 0.010986 -9.832788
3566 1444994209.591381 0.038452 0.010986 -9.832788
3567 1444994209.601215 0.038452 0.010986 -9.832788
3568 1444994209.611486 0.038452 0.010986 -9.832788
3569 1444994209.621464 -0.049439 0.010986 -9.832788
3570 1444994209.631541 0.038452 -0.076904 -9.832788
3571 1444994209.641663 0.038452 0.010986 -9.832788
3572 1444994209.651749 0.038452 0.010986 -9.832788
3573 1444994209.661847 -0.049439 0.010986 -9.832788
3574 1444994209.671978 -0.049439 -0.076904 -9.832788
3575 1444994209.683847 0.038452 0.010986 -9.832788
3576 1444994209.692126 0.038452 -0.076904 -9.832788
3577 1444994209.703717 -0.049439 -0.076904 -9.832788
3578 1444994209.713921 0.038452 0.010986 -9.832788
3579 1444994209.723924 0.038452 0.010986 -9.832788
3580 1444994209.728830 0.038452 0.010986 -9.832788
3581 1444994209.738874 0.038452 0.010986 -9.832788
3582 1444994209.749196 0.038452 0.010986 -9.832788
3583 1444994209.764338 0.038452 0.010986 -9.832788
3584 1444994209.774554 -0.049439 -0.076904 -9.832788
3585 1444994209.780436 0.038452 0.010986 -9.832788
3586 1444994209.794661 0.038452 -0.076904 -9.832788
3587 1444994209.804772 -0.049439 -0.076904 -9.832788
3588 1444994209.814825 0.038452 -0.076904 -9.832788
3589 1444994209.820519 -0.049439 0.010986 -9.832788
3590 1444994209.834910 0.038452 0.010986 -9.832788
3591 1444994209.840266 0.038452 0.010986 -9.832788
3592 1444994209.850921 0.038452 0.010986 -9.832788
3593 1444994209.861179 0.038452 0.010986 -9.920679
3594 1444994209.871199 0.038452 0.010986 -9.920679
3595 1444994209.881437 0.038452 0.010986 -9.920679
3596 1444994209.891992 0.038452 0.010986 -9.920679
3597 1444994209.902120 0.038452 0.010986 -9.920679
3598 1444994209.912186 0.038452 0.010986 -9.920679
3599 1444994209.922286 0.038452 0.010986 -9.832788
3600 1444994209.933977 0.038452 -0.076904 -9.832788
3601 1444994209.943733 -0.049439 0.010986 -9.832788
3602 1444994209.953914 0.038452 0.010986 -9.832788
3603 1444994209.964079 0.038452 0.010986 -9.832788
3604 1444994209.974099 0.038452 0.010986 -9.832788
3605 1444994209.984823 0.038452 0.010986 -9.920679
3606 1444994209.995672 0.038452 0.010986 -9.832788
3607 1444994210.005070 0.038452 0.010986 -9.920679
3608 1444994210.014729 0.038452 0.010986 -9.920679
3609 1444994210.025247 0.038452 0.010986 -9.832788
3610 1444994210.035139 -0.049439 0.010986 -9.832788
3611 1444994210.045208 -0.049439 0.010986 -9.832788
3612 1444994210.055393 -0.049439 0.010986 -9.832788
3613 1444994210.065564 -0.049439 0.010986 -9.832788
3614 1444994210.075497 0.038452 0.010986 -9.832788
3615 1444994210.085831 0.038452 0.010986 -9.920679
3616 1444994210.095737 0.038452 0.010986 -9.920679
3617 1444994210.106195 0.038452 0.010986 -9.920679
3618 1444994210.116059 0.038452 0.010986 -9.920679
3619 1444994210.126066 0.038452 0.010986 -9.920679
3620 1444994210.136634 0.038452 0.010986 -9.920679
3621 1444994210.146267 0.038452 0.010986 -9.920679
3622 1444994210.156330 0.038452 0.010986 -9.920679
3623 1444994210.166572 0.038452 0.010986 -9.920679
3624 1444994210.176726 0.038452 0.010986 -9.920679
3625 1444994210.186725 0.038452 0.010986 -9.920679
3626 1444994210.196584 0.038452 0.010986 -9.832788
3627 1444994210.206675 -0.049439 0.010986 -9.832788
3628 1444994210.216802 0.038452 0.010986 -9.832788
3629 1444994210.227099 0.038452 0.010986 -9.920679
3630 1444994210.234647 0.038452 0.010986 -9.832788
3631 1444994210.244018 0.038452 -0.076904 -9.832788
3632 1444994210.254386 0.038452 0.010986 -9.832788
3633 1444994210.264202 0.038452 0.010986 -9.832788
3634 1444994210.274071 -0.049439 0.010986 -9.832788
3635 1444994210.285968 -0.049439 0.010986 -9.920679
3636 1444994210.295579 -0.049439 0.010986 -9.832788
3637 1444994210.305251 -0.049439 0.010986 -9.832788
3638 1444994210.315583 -0.049439 0.010986 -9.832788
3639 1444994210.325149 0.038452 0.010986 -9.832788
3640 1444994210.336206 0.038452 0.010986 -9.832788
3641 1444994210.345730 0.038452 0.010986 -9.832788
3642 1444994210.356082 -0.049439 0.010986 -9.920679
3643 1444994210.366163 -0.049439 0.010986 -9.832788
3644 1444994210.376153 0.038452 0.010986 -9.920679
3645 1444994210.386621 0.038452 0.010986 -9.920679
3646 1444994210.396237 0.038452 0.010986 -9.832788
3647 1444994210.406676 0.038452 0.010986 -9.920679
3648 1444994210.416689 0.038452 0.010986 -9.920679
3649 1444994210.426684 0.038452 0.010986 -9.920679
3650 1444994210.436906 0.038452 0.010986 -9.920679
3651 1444994210.448608 -0.049439 0.010986 -9.920679
3652 1444994210.457280 -0.049439 0.010986 -9.832788
3653 1444994210.467346 -0.049439 0.010986 -9.920679
3654 1444994210.477369 -0.049439 0.010986 -9.920679
3655 1444994210.484560 0.038452 0.010986 -9.832788
3656 1444994210.498716 -0.049439 0.010986 -9.832788
3657 1444994210.508923 -0.049439 0.010986 -9.832788
3658 1444994210.518929 0.038452 0.010986 -9.832788
3659 1444994210.529096 -0.049439 0.010986 -9.832788
3660 1444994210.539004 -0.049439 0.010986 -9.920679
3661 1444994210.549121 -0.049439 0.010986 -9.832788
3662 1444994210.559167 -0.049439 0.010986 -9.832788
3663 1444994210.569395 0.038452 0.010986 -9.832788
3664 1444994210.579486 -0.049439 0.010986 -9.920679
3665 1444994210.589819 -0.049439 0.010986 -9.920679
3666 1444994210.599711 -0.049439 0.010986 -9.920679
3667 1444994210.609772 0.038452 0.010986 -9.920679
3668 1444994210.619825 -0.049439 0.010986 -9.920679
3669 1444994210.629907 0.038452 0.010986 -9.920679
3670 1444994210.640303 0.038452 0.010986 -9.920679
3671 1444994210.646372 -0.049439 0.010986 -9.920679
3672 1444994210.656230 0.038452 0.010986 -9.920679
3673 1444994210.666363 0.038452 0.010986 -9.920679
3674 1444994210.676528 0.038452 0.010986 -9.920679
3675 1444994210.686623 0.038452 0.010986 -9.920679
3676 1444994210.696889 -0.049439 0.010986 -9.920679
3677 1444994210.706921 0.038452 0.010986 -9.920679
3678 1444994210.717077 0.038452 0.010986 -9.920679
3679 1444994210.728946 0.038452 0.010986 -9.832788
3680 1444994210.739676 0.038452 0.010986 -9.920679
3681 1444994210.748976 -0.049439 0.010986 -9.920679
3682 1444994210.758904 -0.049439 0.010986 -9.920679
3683 1444994210.768920 -0.049439 0.010986 -9.920679
3684 1444994210.778975 -0.049439 0.010986 -9.920679
3685 1444994210.784301 -0.049439 0.010986 -9.832788
3686 1444994210.799149 0.038452 0.010986 -9.832788
3687 1444994210.809186 -0.049439 0.010986 -9.920679
3688 1444994210.819548 -0.049439 0.010986 -9.832788
3689 1444994210.829210 -0.049439 0.010986 -9.920679
3690 1444994210.839360 -0.049439 0.010986 -9.832788
3691 1444994210.849478 -0.049439 0.010986 -9.920679
3692 1444994210.859674 -0.049439 0.010986 -9.920679
3693 1444994210.869673 -0.049439 0.010986 -9.832788
3694 1444994210.879727 0.038452 0.010986 -9.920679
3695 1444994210.890053 0.038452 0.010986 -9.920679
3696 1444994210.900123 -0.049439 0.010986 -9.920679
3697 1444994210.910265 -0.049439 0.010986 -9.920679
3698 1444994210.920439 0.038452 0.010986 -9.920679
3699 1444994210.930995 -0.049439 0.010986 -9.920679
3700 1444994210.941010 -0.049439 0.010986 -9.920679
3701 1444994210.950815 -0.049439 0.010986 -9.920679
3702 1444994210.961081 -0.049439 0.010986 -9.832788
3703 1444994210.971067 -0.049439 0.010986 -9.920679
3704 1444994210.981264 -0.049439 0.010986 -9.920679
3705 1444994210.991478 -0.049439 0.010986 -9.920679
3706 1444994210.998678 -0.049439 0.010986 -9.920679
3707 1444994211.011539 -0.049439 0.010986 -9.920679
3708 1444994211.018631 -0.049439 0.010986 -9.920679
3709 1444994211.032180 0.038452 0.010986 -9.832788
3710 1444994211.039164 -0.049439 0.010986 -9.920679
3711 1444994211.048965 -0.049439 0.010986 -9.920679
3712 1444994211.058880 -0.049439 0.010986 -9.832788
3713 1444994211.068872 -0.049439 0.010986 -9.832788
3714 1444994211.078960 -0.049439 0.010986 -9.832788
3715 1444994211.088954 -0.049439 0.010986 -9.832788
3716 1444994211.099741 -0.049439 0.010986 -9.920679
3717 1444994211.109376 -0.049439 0.010986 -9.832788
3718 1444994211.119693 -0.049439 0.010986 -9.832788
3719 1444994211.129901 -0.049439 0.010986 -9.920679
3720 1444994211.141142 -0.049439 0.010986 -9.920679
3721 1444994211.150822 -0.049439 0.010986 -9.920679
3722 1444994211.160950 -0.049439 0.010986 -9.832788
3723 1444994211.171296 -0.049439 0.010986 -9.832788
3724 1444994211.181157 -0.049439 0.010986 -9.832788
3725 1444994211.191465 -0.049439 0.010986 -9.920679
3726 1444994211.201250 -0.049439 0.010986 -9.832788
3727 1444994211.211387 -0.049439 0.010986 -9.920679
3728 1444994211.221759 -0.049439 0.010986 -9.920679
3729 1444994211.234110 -0.049439 0.010986 -9.920679
3730 1444994211.242103 -0.049439 0.010986 -9.920679
3731 1444994211.252001 -0.049439 0.010986 -9.920679
3732 1444994211.262264 -0.049439 0.010986 -9.832788
3733 1444994211.273786 -0.049439 0.010986 -9.920679
3734 1444994211.284354 -0.049439 0.010986 -9.920679
3735 1444994211.294232 -0.049439 0.010986 -9.920679
3736 1444994211.303989 -0.049439 0.010986 -9.832788
3737 1444994211.314074 -0.049439 0.010986 -9.832788
3738 1444994211.323676 -0.049439 0.010986 -9.832788
3739 1444994211.333840 -0.049439 0.010986 -9.832788
3740 1444994211.343692 -0.049439 0.010986 -9.832788
3741 1444994211.353988 -0.049439 0.010986 -9.832788
3742 1444994211.364217 -0.049439 0.010986 -9.832788
3743 1444994211.374708 -0.049439 0.010986 -9.920679
3744 1444994211.385353 -0.049439 0.010986 -9.832788
3745 1444994211.395042 -0.049439 0.010986 -9.920679
3746 1444994211.405016 -0.049439 0.010986 -9.920679
3747 1444994211.415030 -0.049439 0.010986 -9.920679
3748 1444994211.424957 -0.049439 0.010986 -9.920679
3749 1444994211.430380 -0.049439 0.010986 -9.832788
3750 1444994211.445553 -0.049439 0.010986 -9.832788
3751 1444994211.450933 -0.049439 0.010986 -9.920679
3752 1444994211.461173 -0.049439 0.010986 -9.920679
3753 1444994211.471322 -0.049439 0.010986 -9.920679
3754 1444994211.481555 -0.049439 0.010986 -9.920679
3755 1444994211.491558 -0.049439 0.010986 -9.832788
3756 1444994211.501651 -0.049439 0.010986 -9.832788
3757 1444994211.511782 -0.049439 0.010986 -9.832788
3758 1444994211.521905 -0.049439 0.010986 -9.920679
3759 1444994211.532049 -0.049439 0.010986 -9.832788
3760 1444994211.542208 -0.049439 0.010986 -9.920679
3761 1444994211.552332 -0.049439 0.010986 -9.832788
3762 1444994211.563975 -0.049439 0.010986 -9.832788
3763 1444994211.573769 -0.049439 0.010986 -9.832788
3764 1444994211.584699 -0.049439 0.010986 -9.832788
3765 1444994211.594361 0.038452 0.010986 -9.832788
3766 1444994211.604403 -0.049439 0.010986 -9.832788
3767 1444994211.614411 -0.049439 0.010986 -9.832788
3768 1444994211.624551 -0.049439 0.010986 -9.832788
3769 1444994211.635060 -0.049439 0.010986 -9.832788
3770 1444994211.644729 -0.049439 0.010986 -9.920679
3771 1444994211.655098 -0.049439 0.010986 -9.832788
3772 1444994211.665031 -0.049439 0.010986 -9.832788
3773 1444994211.674978 -0.049439 0.010986 -9.832788
3774 1444994211.685711 0.038452 0.010986 -9.832788
3775 1444994211.695680 -0.049439 0.010986 -9.832788
3776 1444994211.705318 -0.049439 0.010986 -9.832788
3777 1444994211.716068 -0.049439 0.010986 -9.832788
3778 1444994211.726009 0.038452 0.010986 -9.920679
3779 1444994211.735821 -0.049439 0.010986 -9.832788
3780 1444994211.746696 -0.049439 0.010986 -9.832788
3781 1444994211.756116 -0.049439 0.010986 -9.832788
3782 1444994211.765989 0.038452 0.010986 -9.832788
3783 1444994211.776477 -0.049439 0.010986 -9.832788
3784 1444994211.786654 -0.049439 0.010986 -9.832788
3785 1444994211.797145 -0.049439 0.010986 -9.832788
3786 1444994211.803917 0.038452 0.010986 -9.832788
3787 1444994211.817265 -0.049439 0.010986 -9.832788
3788 1444994211.827165 -0.049439 0.010986 -9.832788
3789 1444994211.834376 -0.049439 0.010986 -9.832788
3790 1444994211.844724 -0.049439 0.010986 -9.832788
3791 1444994211.853704 -0.049439 0.010986 -9.832788
3792 1444994211.864383 -0.049439 0.010986 -9.832788
3793 1444994211.873913 -0.049439 0.010986 -9.832788
3794 1444994211.884476 0.038452 0.010986 -9.832788
3795 1444994211.894588 -0.049439 0.010986 -9.832788
3796 1444994211.904389 -0.049439 0.010986 -9.832788
3797 1444994211.914506 0.038452 0.010986 -9.832788
3798 1444994211.924556 -0.049439 0.010986 -9.832788
3799 1444994211.935108 -0.049439 0.010986 -9.832788
3800 1444994211.945342 -0.049439 0.010986 -9.832788
3801 1444994211.955103 -0.049439 0.010986 -9.744897
3802 1444994211.965204 0.038452 0.010986 -9.744897
3803 1444994211.975384 -0.049439 0.010986 -9.832788
3804 1444994211.985648 -0.049439 0.010986 -9.832788
3805 1444994211.995702 0.038452 0.010986 -9.832788
3806 1444994212.005792 -0.049439 0.010986 -9.832788
3807 1444994212.015809 -0.049439 0.010986 -9.920679
3808 1444994212.025957 0.038452 0.010986 -9.920679
3809 1444994212.038748 -0.049439 0.010986 -9.920679
3810 1444994212.046508 -0.049439 0.010986 -9.920679
3811 1444994212.056343 -0.049439 0.010986 -9.920679
3812 1444994212.066672 0.038452 0.010986 -9.832788
3813 1444994212.076829 -0.049439 0.010986 -9.832788
3814 1444994212.086911 -0.049439 0.010986 -9.832788
3815 1444994212.096992 -0.049439 0.010986 -9.832788
3816 1444994212.107086 -0.049439 0.010986 -9.832788
3817 1444994212.117234 -0.049439 0.098877 -9.920679
3818 1444994212.128596 0.038452 0.010986 -9.832788
3819 1444994212.133680 0.038452 0.098877 -9.832788
3820 1444994212.148708 0.038452 0.010986 -9.920679
3821 1444994212.159256 0.038452 0.098877 -9.920679
3822 1444994212.168745 0.038452 0.098877 -9.920679
3823 1444994212.178757 0.038452 0.098877 -9.920679
3824 1444994212.188858 0.038452 0.098877 -9.920679
3825 1444994212.198956 0.038452 0.010986 -9.920679
3826 1444994212.209362 0.038452 0.098877 -9.920679
3827 1444994212.219828 0.038452 0.098877 -9.920679
3828 1444994212.230007 0.038452 0.010986 -9.920679
3829 1444994212.239941 0.038452 0.010986 -9.920679
3830 1444994212.249901 0.038452 0.010986 -9.920679
3831 1444994212.260010 0.038452 0.010986 -9.920679
3832 1444994212.270223 0.038452 0.010986 -9.920679
3833 1444994212.280497 0.038452 0.098877 -9.920679
3834 1444994212.289452 0.038452 0.098877 -9.920679
3835 1444994212.297098 0.038452 0.098877 -9.920679
3836 1444994212.306845 0.038452 0.098877 -9.920679
3837 1444994212.317068 0.038452 0.098877 -9.920679
3838 1444994212.328784 0.038452 0.098877 -9.920679
3839 1444994212.339186 0.038452 0.098877 -9.920679
3840 1444994212.347589 0.038452 0.098877 -9.920679
3841 1444994212.353717 0.038452 0.098877 -9.920679
3842 1444994212.368785 0.038452 0.098877 -9.920679
3843 1444994212.378720 0.038452 0.098877 -9.920679
3844 1444994212.388918 0.038452 0.098877 -9.920679
3845 1444994212.398992 0.038452 0.098877 -9.920679
3846 1444994212.409212 0.038452 0.010986 -9.920679
3847 1444994212.418996 0.038452 0.010986 -10.008569
3848 1444994212.429131 0.038452 0.010986 -10.008569
3849 1444994212.439969 0.038452 0.010986 -10.008569
3850 1444994212.449816 0.038452 0.010986 -10.008569
3851 1444994212.459800 0.038452 0.010986 -10.008569
3852 1444994212.469784 0.038452 0.010986 -10.008569
3853 1444994212.480282 0.038452 0.010986 -10.008569
3854 1444994212.490395 0.038452 0.010986 -10.008569
3855 1444994212.500274 0.038452 0.010986 -10.008569
3856 1444994212.510296 0.038452 0.010986 -10.008569
3857 1444994212.520324 0.038452 0.010986 -10.008569
3858 1444994212.530561 0.038452 0.010986 -10.008569
3859 1444994212.540392 0.038452 0.010986 -10.008569
3860 1444994212.550332 0.038452 0.010986 -10.09646
3861 1444994212.560623 0.038452 0.010986 -10.09646
3862 1444994212.570737 0.038452 0.010986 -10.09646
3863 1444994212.580936 0.038452 0.010986 -10.09646
3864 1444994212.588817 0.038452 0.010986 -10.09646
3865 1444994212.601105 0.038452 0.010986 -10.09646
3866 1444994212.611238 0.038452 0.010986 -10.184351
3867 1444994212.618765 0.038452 -0.076904 -10.184351
3868 1444994212.631387 0.038452 0.010986 -10.184351
3869 1444994212.639232 0.038452 -0.076904 -10.184351
3870 1444994212.649170 0.038452 0.010986 -10.184351
3871 1444994212.661780 0.038452 0.010986 -10.184351
3872 1444994212.673682 0.038452 0.010986 -10.272242
3873 1444994212.682335 0.038452 -0.076904 -10.272242
3874 1444994212.692788 0.038452 0.010986 -10.272242
3875 1444994212.703915 0.038452 -0.076904 -10.272242
3876 1444994212.713915 0.038452 -0.076904 -10.272242
3877 1444994212.719631 0.038452 -0.076904 -10.272242
3878 1444994212.733122 0.038452 -0.076904 -10.272242
3879 1444994212.743186 0.038452 -0.076904 -10.272242
3880 1444994212.749207 0.038452 -0.076904 -10.272242
3881 1444994212.759142 0.038452 -0.076904 -10.272242
3882 1444994212.769830 0.038452 -0.076904 -10.272242
3883 1444994212.779561 0.038452 -0.076904 -10.272242
3884 1444994212.790716 0.038452 -0.076904 -10.272242
3885 1444994212.800569 0.038452 -0.076904 -10.272242
3886 1444994212.810821 0.038452 -0.076904 -10.272242
3887 1444994212.820796 0.038452 -0.076904 -10.272242
3888 1444994212.831027 0.038452 -0.076904 -10.272242
3889 1444994212.841227 0.038452 -0.076904 -10.272242
3890 1444994212.851213 0.038452 -0.076904 -10.272242
3891 1444994212.861444 0.038452 -0.076904 -10.272242
3892 1444994212.871529 0.038452 -0.076904 -10.272242
3893 1444994212.881659 0.038452 -0.076904 -10.360133
3894 1444994212.891744 0.038452 -0.076904 -10.360133
3895 1444994212.901843 0.038452 -0.076904 -10.360133
3896 1444994212.911968 0.038452 -0.076904 -10.360133
3897 1444994212.922085 0.038452 -0.076904 -10.360133
3898 1444994212.933966 -0.049439 -0.076904 -10.360133
3899 1444994212.942411 0.038452 -0.076904 -10.360133
3900 1444994212.952493 -0.049439 -0.076904 -10.360133
3901 1444994212.963609 -0.049439 -0.076904 -10.360133
3902 1444994212.973837 -0.049439 -0.076904 -10.360133
3903 1444994212.984857 -0.049439 -0.076904 -10.360133
3904 1444994212.993944 -0.049439 -0.076904 -10.360133
3905 1444994213.004122 -0.049439 0.010986 -10.360133
3906 1444994213.013859 -0.049439 -0.076904 -10.360133
3907 1444994213.023927 -0.049439 0.010986 -10.360133
3908 1444994213.034491 0.038452 -0.076904 -10.360133
3909 1444994213.045215 0.038452 0.010986 -10.360133
3910 1444994213.054555 0.038452 -0.076904 -10.360133
3911 1444994213.065186 0.038452 0.010986 -10.360133
3912 1444994213.074503 0.038452 0.010986 -10.360133
3913 1444994213.084715 0.038452 0.010986 -10.360133
3914 1444994213.096059 0.038452 0.010986 -10.360133
3915 1444994213.105391 0.038452 0.010986 -10.272242
3916 1444994213.115271 -0.049439 0.010986 -10.272242
3917 1444994213.125613 0.038452 0.010986 -10.360133
3918 1444994213.135298 -0.049439 0.010986 -10.272242
3919 1444994213.145803 -0.049439 0.010986 -10.272242
3920 1444994213.155851 -0.049439 0.010986 -10.272242
3921 1444994213.165884 0.038452 0.010986 -10.272242
3922 1444994213.175954 0.038452 0.010986 -10.272242
3923 1444994213.183812 0.038452 0.010986 -10.272242
3924 1444994213.197668 0.038452 0.010986 -10.272242
3925 1444994213.207759 0.038452 0.010986 -10.272242
3926 1444994213.217881 0.038452 0.010986 -10.184351
3927 1444994213.228039 0.038452 0.010986 -10.184351
3928 1444994213.233772 0.038452 0.010986 -10.184351
3929 1444994213.243624 0.038452 0.010986 -10.184351
3930 1444994213.253851 0.038452 0.010986 -10.184351
3931 1444994213.263933 0.038452 0.010986 -10.09646
3932 1444994213.274257 0.038452 0.098877 -10.09646
3933 1444994213.284878 0.038452 0.098877 -10.09646
3934 1444994213.294656 0.038452 0.098877 -10.09646
3935 1444994213.304767 0.038452 0.098877 -10.008569
3936 1444994213.315068 0.038452 0.010986 -10.008569
3937 1444994213.325136 0.038452 0.098877 -10.008569
3938 1444994213.335580 0.038452 0.010986 -10.008569
3939 1444994213.345572 0.038452 0.010986 -10.008569
3940 1444994213.355884 0.038452 0.010986 -10.008569
3941 1444994213.366149 0.038452 0.098877 -9.920679
3942 1444994213.376059 0.038452 0.098877 -9.920679
3943 1444994213.384089 0.038452 0.098877 -9.920679
3944 1444994213.393939 0.038452 0.010986 -9.920679
3945 1444994213.406363 0.038452 0.098877 -9.920679
3946 1444994213.416169 0.038452 0.098877 -9.920679
3947 1444994213.426496 0.038452 0.010986 -9.920679
3948 1444994213.434818 0.038452 0.010986 -9.920679
3949 1444994213.444071 0.038452 0.010986 -9.920679
3950 1444994213.456883 0.038452 0.010986 -9.832788
3951 1444994213.467184 0.038452 0.010986 -9.832788
3952 1444994213.474196 0.038452 0.010986 -9.920679
3953 1444994213.484931 0.038452 0.010986 -9.832788
3954 1444994213.494553 0.038452 0.010986 -9.832788
3955 1444994213.504513 0.038452 0.010986 -9.832788
3956 1444994213.514434 0.038452 0.010986 -9.832788
3957 1444994213.524742 0.038452 0.010986 -9.832788
3958 1444994213.538722 0.038452 0.010986 -9.832788
3959 1444994213.549018 0.038452 0.010986 -9.832788
3960 1444994213.559692 0.038452 0.010986 -9.832788
3961 1444994213.570416 0.038452 0.010986 -9.832788
3962 1444994213.580651 -0.049439 0.010986 -9.832788
3963 1444994213.590899 0.038452 0.010986 -9.832788
3964 1444994213.600740 0.038452 0.010986 -9.832788
3965 1444994213.610863 0.038452 0.010986 -9.832788
3966 1444994213.620934 -0.049439 0.010986 -9.832788
3967 1444994213.625844 0.038452 0.010986 -9.832788
3968 1444994213.637727 0.038452 0.010986 -9.832788
3969 1444994213.649556 0.038452 0.010986 -9.832788
3970 1444994213.656224 0.038452 0.010986 -9.832788
3971 1444994213.666288 -0.049439 0.010986 -9.832788
3972 1444994213.676406 -0.049439 0.010986 -9.832788
3973 1444994213.686426 -0.049439 0.010986 -9.832788
3974 1444994213.701714 0.038452 0.010986 -9.832788
3975 1444994213.711816 -0.049439 0.010986 -9.832788
3976 1444994213.721917 -0.049439 0.010986 -9.832788
3977 1444994213.726874 0.038452 0.010986 -9.832788
3978 1444994213.734525 0.038452 0.010986 -9.832788
3979 1444994213.744128 -0.049439 0.010986 -9.832788
3980 1444994213.758759 0.038452 0.010986 -9.832788
3981 1444994213.768906 0.038452 0.010986 -9.832788
3982 1444994213.778731 -0.049439 0.010986 -9.832788
3983 1444994213.786177 0.038452 0.010986 -9.832788
3984 1444994213.796249 0.038452 0.010986 -9.832788
3985 1444994213.804965 0.038452 0.010986 -9.832788
3986 1444994213.819078 -0.049439 0.010986 -9.832788
3987 1444994213.829484 0.038452 0.010986 -9.832788
3988 1444994213.839999 0.038452 0.010986 -9.832788
3989 1444994213.850009 0.038452 0.010986 -9.832788
3990 1444994213.860366 0.038452 0.010986 -9.832788
3991 1444994213.870185 0.038452 0.010986 -9.832788
3992 1444994213.880179 -0.049439 0.010986 -9.832788
3993 1444994213.890252 0.038452 0.010986 -9.832788
3994 1444994213.899936 0.038452 0.010986 -9.832788
3995 1444994213.910888 -0.049439 0.010986 -9.832788
3996 1444994213.920637 0.038452 0.010986 -9.832788
3997 1444994213.930860 0.038452 0.010986 -9.832788
3998 1444994213.940581 0.038452 0.010986 -9.832788
3999 1444994213.950871 0.038452 0.010986 -9.832788
4000 1444994213.960880 -0.049439 0.010986 -9.832788
4001 1444994213.971148 0.038452 0.010986 -9.832788
4002 1444994213.981233 0.038452 0.010986 -9.832788
4003 1444994213.988759 0.038452 0.010986 -9.832788
4004 1444994213.998880 0.038452 0.010986 -9.832788
4005 1444994214.011569 0.038452 0.010986 -9.832788
4006 1444994214.021715 0.038452 0.010986 -9.920679
4007 1444994214.031752 0.038452 0.010986 -9.832788
4008 1444994214.038801 0.038452 0.010986 -9.920679
4009 1444994214.052650 0.038452 0.010986 -9.832788
4010 1444994214.063705 0.038452 0.010986 -9.920679
4011 1444994214.074056 0.038452 0.010986 -9.832788
4012 1444994214.083298 -0.049439 0.010986 -9.832788
4013 1444994214.093920 0.038452 0.010986 -9.832788
4014 1444994214.104146 0.038452 0.010986 -9.920679
4015 1444994214.114262 0.038452 0.010986 -9.920679
4016 1444994214.124528 0.038452 0.010986 -9.920679
4017 1444994214.129438 0.038452 0.010986 -9.920679
4018 1444994214.140172 0.038452 0.010986 -9.920679
4019 1444994214.150047 0.038452 0.010986 -9.920679
4020 1444994214.160074 -0.049439 0.010986 -9.832788
4021 1444994214.170210 0.038452 0.010986 -9.832788
4022 1444994214.180385 -0.049439 0.010986 -9.832788
4023 1444994214.195415 -0.049439 0.010986 -9.920679
4024 1444994214.205497 0.038452 0.010986 -9.920679
4025 1444994214.215501 -0.049439 0.010986 -9.920679
4026 1444994214.225597 0.038452 0.010986 -9.920679
4027 1444994214.235649 0.038452 0.010986 -9.920679
4028 1444994214.241732 0.038452 0.010986 -9.920679
4029 1444994214.251480 -0.049439 0.010986 -9.832788
4030 1444994214.259443 0.038452 0.010986 -9.920679
4031 1444994214.269152 0.038452 0.010986 -9.920679
4032 1444994214.279032 0.038452 0.010986 -9.920679
4033 1444994214.293684 0.038452 0.010986 -9.920679
4034 1444994214.304379 0.038452 0.010986 -9.920679
4035 1444994214.313841 0.038452 0.010986 -9.920679
4036 1444994214.323850 0.038452 0.010986 -9.920679
4037 1444994214.334294 0.038452 0.010986 -9.920679
4038 1444994214.344280 0.038452 0.010986 -9.920679
4039 1444994214.355126 -0.049439 0.010986 -9.920679
4040 1444994214.365301 -0.049439 0.010986 -9.920679
4041 1444994214.375328 -0.049439 0.010986 -9.920679
4042 1444994214.385999 -0.049439 0.010986 -9.920679
4043 1444994214.396077 -0.049439 0.010986 -9.920679
4044 1444994214.405786 -0.049439 0.010986 -9.920679
4045 1444994214.415913 -0.049439 0.010986 -9.920679
4046 1444994214.425925 -0.049439 0.010986 -9.920679
4047 1444994214.436149 -0.049439 0.010986 -9.920679
4048 1444994214.446280 -0.049439 -0.076904 -9.920679
4049 1444994214.456283 -0.049439 0.010986 -9.920679
4050 1444994214.466343 -0.049439 -0.076904 -9.920679
4051 1444994214.476521 -0.049439 0.010986 -9.920679
4052 1444994214.486618 -0.049439 -0.076904 -9.920679
4053 1444994214.496655 -0.049439 -0.076904 -9.920679
4054 1444994214.506759 -0.049439 0.010986 -9.920679
4055 1444994214.516973 -0.049439 -0.076904 -9.920679
4056 1444994214.527077 -0.049439 0.010986 -10.008569
4057 1444994214.537017 -0.049439 -0.076904 -10.008569
4058 1444994214.547144 -0.049439 0.010986 -10.008569
4059 1444994214.557255 -0.049439 0.010986 -10.008569
4060 1444994214.567380 -0.049439 0.010986 -10.008569
4061 1444994214.577502 -0.049439 0.010986 -10.008569
4062 1444994214.584089 -0.049439 -0.076904 -9.920679
4063 1444994214.594048 -0.049439 0.010986 -10.008569
4064 1444994214.604181 -0.049439 -0.076904 -10.008569
4065 1444994214.618707 -0.049439 0.010986 -10.008569
4066 1444994214.624433 -0.049439 -0.076904 -10.008569
4067 1444994214.635393 -0.049439 0.010986 -10.008569
4068 1444994214.648773 -0.049439 -0.076904 -10.008569
4069 1444994214.659519 -0.049439 -0.076904 -10.008569
4070 1444994214.669519 -0.049439 0.010986 -9.920679
4071 1444994214.679692 -0.049439 0.010986 -10.008569
4072 1444994214.689743 -0.049439 0.010986 -10.008569
4073 1444994214.696050 -0.049439 0.010986 -10.008569
4074 1444994214.705610 -0.049439 0.010986 -10.008569
4075 1444994214.715155 -0.049439 0.010986 -10.008569
4076 1444994214.725261 -0.049439 0.010986 -10.008569
4077 1444994214.735606 -0.049439 0.010986 -10.008569
4078 1444994214.745550 -0.049439 -0.076904 -10.008569
4079 1444994214.755750 -0.049439 0.010986 -10.008569
4080 1444994214.766146 -0.049439 0.010986 -10.008569
4081 1444994214.776086 -0.049439 0.010986 -10.008569
4082 1444994214.786106 -0.049439 0.010986 -10.008569
4083 1444994214.796693 -0.049439 0.010986 -9.920679
4084 1444994214.806604 -0.049439 -0.076904 -10.008569
4085 1444994214.816506 0.038452 0.010986 -10.008569
4086 1444994214.823678 -0.049439 0.010986 -10.008569
4087 1444994214.839191 -0.049439 0.010986 -10.008569
4088 1444994214.848913 -0.049439 0.010986 -10.008569
4089 1444994214.859070 -0.049439 0.010986 -10.008569
4090 1444994214.869228 -0.049439 0.010986 -10.008569
4091 1444994214.879429 -0.049439 0.010986 -10.008569
4092 1444994214.889384 -0.049439 -0.076904 -10.008569
4093 1444994214.899201 -0.049439 -0.076904 -10.008569
4094 1444994214.909594 -0.049439 0.010986 -10.008569
4095 1444994214.919734 -0.049439 0.010986 -10.008569
4096 1444994214.929789 -0.049439 0.010986 -10.008569
4097 1444994214.939913 -0.049439 0.010986 -10.008569
4098 1444994214.949636 -0.049439 -0.076904 -10.008569
4099 1444994214.959919 -0.049439 0.010986 -10.008569
4100 1444994214.970078 -0.049439 -0.076904 -10.008569
4101 1444994214.980280 -0.049439 0.010986 -10.008569
4102 1444994214.990171 0.038452 0.010986 -10.008569
4103 1444994215.000299 -0.049439 0.010986 -10.008569
4104 1444994215.010590 0.038452 0.010986 -10.008569
4105 1444994215.020702 -0.049439 0.010986 -10.008569
4106 1444994215.030740 0.038452 0.010986 -10.008569
4107 1444994215.040809 -0.049439 0.010986 -10.008569
4108 1444994215.050867 -0.049439 0.010986 -10.008569
4109 1444994215.061103 -0.049439 0.010986 -10.008569
4110 1444994215.071241 -0.049439 0.010986 -10.008569
4111 1444994215.081525 -0.049439 0.010986 -10.008569
4112 1444994215.092136 0.038452 0.010986 -10.008569
4113 1444994215.102179 0.038452 0.010986 -10.008569
4114 1444994215.112262 -0.049439 0.010986 -10.008569
4115 1444994215.122381 -0.049439 0.010986 -10.008569
4116 1444994215.123754 -0.049439 0.010986 -10.008569
4117 1444994215.135384 -0.049439 0.010986 -10.008569
4118 1444994215.152641 0.038452 0.010986 -10.008569
4119 1444994215.158798 -0.049439 -0.076904 -10.008569
4120 1444994215.168886 -0.049439 0.010986 -10.008569
4121 1444994215.178909 -0.049439 0.010986 -10.008569
4122 1444994215.189531 -0.049439 0.010986 -10.008569
4123 1444994215.199144 -0.049439 0.010986 -10.008569
4124 1444994215.209158 -0.049439 0.010986 -10.008569
4125 1444994215.219383 -0.049439 0.010986 -10.008569
4126 1444994215.229519 0.038452 0.010986 -10.008569
4127 1444994215.240149 -0.049439 -0.076904 -10.008569
4128 1444994215.249639 -0.049439 0.010986 -10.008569
4129 1444994215.259734 -0.049439 0.010986 -10.008569
4130 1444994215.270074 0.038452 0.010986 -10.008569
4131 1444994215.280457 -0.049439 0.010986 -10.008569
4132 1444994215.291669 0.038452 0.010986 -10.008569
4133 1444994215.301689 -0.049439 -0.076904 -10.008569
4134 1444994215.311805 -0.049439 0.010986 -10.008569
4135 1444994215.321966 -0.049439 0.010986 -10.008569
4136 1444994215.331985 -0.049439 0.010986 -10.008569
4137 1444994215.342214 -0.049439 0.010986 -10.008569
4138 1444994215.352327 -0.049439 0.010986 -10.008569
4139 1444994215.358903 -0.049439 0.010986 -10.008569
4140 1444994215.372594 -0.049439 0.010986 -10.008569
4141 1444994215.383965 -0.049439 0.010986 -10.008569
4142 1444994215.388887 -0.049439 0.010986 -10.008569
4143 1444994215.403600 0.038452 0.010986 -10.008569
4144 1444994215.413740 -0.049439 0.010986 -10.008569
4145 1444994215.423898 -0.049439 0.010986 -10.008569
4146 1444994215.434335 -0.049439 0.010986 -10.008569
4147 1444994215.443758 -0.049439 -0.076904 -10.008569
4148 1444994215.454304 -0.049439 0.010986 -10.008569
4149 1444994215.464617 -0.049439 0.010986 -10.008569
4150 1444994215.469603 -0.049439 0.010986 -10.008569
4151 1444994215.479631 -0.049439 0.010986 -10.008569
4152 1444994215.495008 -0.049439 0.010986 -10.008569
4153 1444994215.505006 -0.049439 0.010986 -10.008569
4154 1444994215.515082 -0.049439 0.010986 -10.008569
4155 1444994215.525128 0.038452 0.010986 -10.008569
4156 1444994215.530184 -0.049439 0.010986 -10.008569
4157 1444994215.545458 -0.049439 0.010986 -10.008569
4158 1444994215.555511 -0.049439 0.010986 -10.008569
4159 1444994215.565548 -0.049439 0.010986 -10.008569
4160 1444994215.575629 -0.049439 0.010986 -10.008569
4161 1444994215.585661 -0.049439 -0.076904 -10.008569
4162 1444994215.595756 -0.049439 0.010986 -10.008569
4163 1444994215.605811 -0.049439 0.010986 -10.008569
4164 1444994215.615959 -0.049439 0.010986 -10.008569
4165 1444994215.626083 -0.049439 0.010986 -10.008569
4166 1444994215.636224 0.038452 0.010986 -10.008569
4167 1444994215.646238 -0.049439 0.010986 -10.008569
4168 1444994215.656361 0.038452 0.010986 -10.008569
4169 1444994215.666469 -0.049439 0.010986 -10.008569
4170 1444994215.676600 -0.049439 0.010986 -10.008569
4171 1444994215.686899 0.038452 0.010986 -10.008569
4172 1444994215.689117 -0.049439 0.010986 -10.008569
4173 1444994215.698738 -0.049439 0.010986 -10.008569
4174 1444994215.709026 -0.049439 0.010986 -10.008569
4175 1444994215.724269 -0.049439 0.010986 -10.008569
4176 1444994215.734976 -0.049439 0.010986 -10.008569
4177 1444994215.744754 0.038452 -0.076904 -10.008569
4178 1444994215.754867 -0.049439 0.010986 -10.008569
4179 1444994215.765005 -0.049439 -0.076904 -10.008569
4180 1444994215.774987 0.038452 0.010986 -10.008569
4181 1444994215.785534 -0.049439 0.010986 -10.008569
4182 1444994215.795649 -0.049439 0.010986 -10.008569
4183 1444994215.805745 -0.049439 -0.076904 -10.008569
4184 1444994215.815816 -0.049439 0.010986 -10.008569
4185 1444994215.826087 -0.049439 0.010986 -10.008569
4186 1444994215.836126 -0.049439 0.010986 -10.008569
4187 1444994215.846282 -0.049439 0.010986 -10.008569
4188 1444994215.856346 -0.049439 0.010986 -10.008569
4189 1444994215.866426 -0.049439 0.010986 -10.008569
4190 1444994215.876598 -0.049439 0.010986 -10.008569
4191 1444994215.886703 0.038452 0.010986 -10.008569
4192 1444994215.897278 -0.049439 0.010986 -10.008569
4193 1444994215.907245 -0.049439 0.010986 -10.008569
4194 1444994215.917318 -0.049439 0.010986 -10.008569
4195 1444994215.927398 -0.049439 0.010986 -10.008569
4196 1444994215.934158 -0.049439 0.010986 -10.008569
4197 1444994215.947742 -0.049439 0.010986 -10.008569
4198 1444994215.953838 -0.049439 0.010986 -10.008569
4199 1444994215.963871 -0.049439 0.010986 -10.008569
4200 1444994215.978629 -0.049439 0.010986 -10.008569
4201 1444994215.988962 -0.049439 0.010986 -10.008569
4202 1444994215.999119 -0.049439 0.010986 -10.008569
4203 1444994216.009147 -0.049439 0.010986 -10.008569
4204 1444994216.018957 -0.049439 0.010986 -10.008569
4205 1444994216.029145 -0.049439 0.010986 -10.008569
4206 1444994216.039378 -0.049439 -0.076904 -10.008569
4207 1444994216.049211 -0.049439 0.010986 -10.008569
4208 1444994216.059951 -0.049439 0.010986 -10.008569
4209 1444994216.069625 -0.049439 0.010986 -10.008569
4210 1444994216.080627 -0.049439 0.010986 -10.008569
4211 1444994216.089775 -0.049439 0.010986 -10.008569
4212 1444994216.100660 -0.049439 0.010986 -10.008569
4213 1444994216.110771 -0.049439 0.010986 -10.008569
4214 1444994216.120925 -0.049439 0.010986 -10.008569
4215 1444994216.130991 -0.049439 0.010986 -10.008569
4216 1444994216.141221 -0.049439 0.010986 -10.008569
4217 1444994216.147752 -0.049439 0.010986 -10.008569
4218 1444994216.157574 -0.049439 0.010986 -10.008569
4219 1444994216.163736 -0.049439 0.010986 -10.008569
4220 1444994216.174010 -0.049439 0.010986 -10.008569
4221 1444994216.188951 -0.049439 0.010986 -10.008569
4222 1444994216.199067 -0.049439 0.010986 -10.008569
4223 1444994216.209188 0.038452 0.010986 -10.008569
4224 1444994216.219254 -0.049439 0.010986 -10.008569
4225 1444994216.229522 -0.049439 0.010986 -10.008569
4226 1444994216.239621 -0.049439 0.010986 -10.008569
4227 1444994216.249396 -0.049439 -0.076904 -10.008569
4228 1444994216.259636 -0.049439 0.010986 -10.008569
4229 1444994216.269723 -0.049439 0.010986 -10.008569
4230 1444994216.279878 -0.049439 0.010986 -10.008569
4231 1444994216.290137 -0.049439 0.010986 -10.008569
4232 1444994216.300081 -0.049439 0.010986 -10.008569
4233 1444994216.310221 -0.049439 0.010986 -10.008569
4234 1444994216.320379 -0.049439 0.010986 -10.008569
4235 1444994216.330498 -0.049439 0.010986 -10.008569
4236 1444994216.340411 -0.049439 0.010986 -10.008569
4237 1444994216.350659 -0.049439 0.010986 -10.008569
4238 1444994216.360780 -0.049439 0.010986 -10.008569
4239 1444994216.370895 0.038452 0.010986 -10.008569
4240 1444994216.381053 -0.049439 0.010986 -10.008569
4241 1444994216.391241 0.038452 0.010986 -10.008569
4242 1444994216.401264 0.038452 0.010986 -10.008569
4243 1444994216.411402 -0.049439 0.010986 -10.008569
4244 1444994216.421474 0.038452 0.010986 -10.008569
4245 1444994216.431653 -0.049439 0.010986 -10.008569
4246 1444994216.441727 0.038452 0.010986 -10.008569
4247 1444994216.448920 0.038452 0.010986 -10.008569
4248 1444994216.461938 0.038452 0.010986 -10.008569
4249 1444994216.472044 0.038452 0.010986 -10.008569
4250 1444994216.482718 0.038452 0.010986 -10.008569
4251 1444994216.493314 0.038452 0.010986 -10.008569
4252 1444994216.503713 0.038452 0.010986 -10.008569
4253 1444994216.513948 0.038452 0.010986 -10.008569
4254 1444994216.523900 0.038452 0.010986 -10.008569
4255 1444994216.529749 0.038452 0.010986 -10.008569
4256 1444994216.540583 0.038452 0.010986 -10.008569
4257 1444994216.550268 0.038452 0.010986 -10.008569
4258 1444994216.560196 0.038452 0.010986 -10.008569
4259 1444994216.570238 0.038452 0.010986 -10.008569
4260 1444994216.580463 0.038452 0.010986 -10.008569
4261 1444994216.590439 0.038452 -0.076904 -10.008569
4262 1444994216.600665 0.038452 0.010986 -10.008569
4263 1444994216.610775 0.038452 0.010986 -10.008569
4264 1444994216.620837 0.038452 0.010986 -10.008569
4265 1444994216.630817 -0.049439 0.010986 -10.008569
4266 1444994216.641025 0.038452 0.010986 -10.008569
4267 1444994216.651198 0.038452 0.010986 -10.008569
4268 1444994216.661337 0.038452 0.010986 -10.008569
4269 1444994216.671481 0.038452 0.010986 -10.008569
4270 1444994216.681591 -0.049439 0.010986 -10.008569
4271 1444994216.691705 0.038452 0.010986 -10.008569
4272 1444994216.701777 0.038452 0.010986 -10.008569
4273 1444994216.711899 0.038452 0.010986 -10.008569
4274 1444994216.722021 0.038452 0.010986 -10.008569
4275 1444994216.728914 0.038452 0.010986 -10.008569
4276 1444994216.738652 0.038452 0.010986 -10.008569
4277 1444994216.748930 0.038452 0.010986 -10.008569
4278 1444994216.758823 0.038452 0.010986 -10.008569
4279 1444994216.768778 0.038452 0.010986 -10.008569
4280 1444994216.783749 0.038452 0.010986 -10.008569
4281 1444994216.789175 0.038452 0.010986 -10.008569
4282 1444994216.803771 0.038452 0.010986 -10.008569
4283 1444994216.813923 0.038452 0.010986 -10.008569
4284 1444994216.824171 0.038452 0.010986 -10.008569
4285 1444994216.835482 0.038452 0.010986 -10.008569
4286 1444994216.845056 0.038452 0.010986 -10.008569
4287 1444994216.855293 0.038452 0.010986 -10.008569
4288 1444994216.864845 0.038452 0.010986 -10.008569
4289 1444994216.874714 0.038452 0.010986 -10.008569
4290 1444994216.885626 -0.049439 0.010986 -10.008569
4291 1444994216.895802 -0.049439 0.010986 -10.008569
4292 1444994216.905284 0.038452 0.010986 -10.008569
4293 1444994216.916031 0.038452 0.010986 -10.008569
4294 1444994216.925651 0.038452 0.010986 -10.008569
4295 1444994216.936095 0.038452 0.010986 -10.008569
4296 1444994216.946252 0.038452 0.010986 -10.008569
4297 1444994216.956207 0.038452 0.010986 -10.008569
4298 1444994216.966276 0.038452 -0.076904 -10.008569
4299 1444994216.976395 0.038452 0.010986 -10.008569
4300 1444994216.984213 -0.049439 0.010986 -10.008569
4301 1444994216.996816 -0.049439 0.010986 -10.008569
4302 1444994217.006930 0.038452 0.010986 -10.008569
4303 1444994217.017068 0.038452 0.010986 -10.008569
4304 1444994217.027119 0.038452 0.010986 -10.008569
4305 1444994217.034461 0.038452 0.010986 -10.008569
4306 1444994217.043921 0.038452 0.010986 -10.008569
4307 1444994217.053733 0.038452 0.010986 -10.008569
4308 1444994217.064450 0.038452 0.010986 -10.008569
4309 1444994217.074226 0.038452 -0.076904 -10.008569
4310 1444994217.084608 -0.049439 0.010986 -10.008569
4311 1444994217.093845 0.038452 0.010986 -10.008569
4312 1444994217.103975 0.038452 0.010986 -10.008569
4313 1444994217.114208 0.038452 0.010986 -10.008569
4314 1444994217.124337 -0.049439 0.010986 -10.008569
4315 1444994217.134892 0.038452 0.010986 -10.008569
4316 1444994217.144643 0.038452 0.010986 -10.008569
4317 1444994217.154715 0.038452 0.010986 -10.008569
4318 1444994217.164786 0.038452 0.010986 -10.008569
4319 1444994217.175165 0.038452 0.010986 -10.008569
4320 1444994217.185284 0.038452 0.010986 -10.008569
4321 1444994217.195346 0.038452 0.010986 -10.008569
4322 1444994217.205368 0.038452 0.010986 -10.008569
4323 1444994217.215548 0.038452 0.010986 -10.008569
4324 1444994217.225783 0.038452 0.010986 -10.008569
4325 1444994217.236021 0.038452 0.010986 -10.008569
4326 1444994217.246615 0.038452 -0.076904 -10.008569
4327 1444994217.256710 0.038452 0.010986 -10.008569
4328 1444994217.266812 0.038452 0.010986 -10.008569
4329 1444994217.276946 -0.049439 0.010986 -10.008569
4330 1444994217.288448 -0.049439 0.010986 -10.008569
4331 1444994217.299126 0.038452 0.010986 -10.008569
4332 1444994217.305355 0.038452 0.010986 -10.008569
4333 1444994217.314914 0.038452 0.010986 -10.008569
4334 1444994217.328793 0.038452 0.010986 -10.008569
4335 1444994217.336317 0.038452 0.010986 -10.008569
4336 1444994217.348792 0.038452 0.010986 -10.008569
4337 1444994217.359094 0.038452 0.010986 -10.008569
4338 1444994217.369578 0.038452 0.010986 -10.008569
4339 1444994217.379569 0.038452 0.010986 -10.008569
4340 1444994217.389626 0.038452 0.010986 -10.008569
4341 1444994217.399723 -0.049439 0.010986 -10.008569
4342 1444994217.409975 0.038452 0.010986 -10.008569
4343 1444994217.420148 0.038452 0.010986 -10.008569
4344 1444994217.426004 0.038452 0.010986 -10.008569
4345 1444994217.436687 0.038452 0.010986 -10.008569
4346 1444994217.446855 0.038452 0.010986 -10.008569
4347 1444994217.456778 0.038452 0.010986 -10.008569
4348 1444994217.466689 0.038452 -0.076904 -10.008569
4349 1444994217.476645 -0.049439 0.010986 -10.008569
4350 1444994217.487053 0.038452 0.010986 -10.008569
4351 1444994217.497122 0.038452 0.010986 -10.008569
4352 1444994217.503621 0.038452 0.010986 -10.008569
4353 1444994217.513873 0.038452 0.010986 -10.008569
4354 1444994217.523957 -0.049439 0.010986 -10.008569
4355 1444994217.534544 0.038452 0.010986 -10.008569
4356 1444994217.543912 0.038452 0.010986 -10.008569
4357 1444994217.558798 0.038452 0.010986 -10.008569
4358 1444994217.569117 0.038452 0.010986 -10.008569
4359 1444994217.580012 0.038452 0.010986 -10.008569
4360 1444994217.590451 0.038452 0.010986 -10.008569
4361 1444994217.599889 0.038452 0.010986 -10.008569
4362 1444994217.610489 0.038452 0.010986 -10.008569
4363 1444994217.620377 0.038452 -0.076904 -10.008569
4364 1444994217.630502 0.038452 -0.076904 -10.008569
4365 1444994217.640409 0.038452 0.010986 -10.008569
4366 1444994217.650468 0.038452 0.010986 -10.008569
4367 1444994217.661207 0.038452 0.010986 -10.008569
4368 1444994217.671183 0.038452 0.010986 -10.008569
4369 1444994217.681436 0.038452 0.010986 -10.008569
4370 1444994217.689104 0.038452 0.010986 -10.008569
4371 1444994217.698756 0.038452 0.010986 -10.008569
4372 1444994217.711737 0.038452 0.010986 -10.008569
4373 1444994217.721899 0.038452 0.010986 -10.008569
4374 1444994217.729193 -0.049439 0.010986 -10.008569
4375 1444994217.741174 0.038452 0.010986 -10.008569
4376 1444994217.749728 0.038452 0.010986 -10.008569
4377 1444994217.759460 0.038452 0.010986 -10.008569
4378 1444994217.769370 0.038452 0.010986 -10.008569
4379 1444994217.779527 0.038452 0.010986 -10.008569
4380 1444994217.789521 -0.049439 0.010986 -10.008569
4381 1444994217.799604 0.038452 0.010986 -10.008569
4382 1444994217.809649 -0.049439 0.010986 -10.008569
4383 1444994217.819773 0.038452 0.010986 -10.008569
4384 1444994217.829777 0.038452 0.010986 -10.008569
4385 1444994217.840309 0.038452 0.010986 -10.008569
4386 1444994217.850520 0.038452 0.010986 -10.008569
4387 1444994217.860604 0.038452 0.010986 -10.008569
4388 1444994217.870694 0.038452 0.010986 -10.008569
4389 1444994217.881095 0.038452 0.010986 -10.008569
4390 1444994217.892007 -0.049439 0.010986 -10.008569
4391 1444994217.901785 -0.049439 0.010986 -10.008569
4392 1444994217.912044 0.038452 0.010986 -10.008569
4393 1444994217.921711 0.038452 0.010986 -10.008569
4394 1444994217.932492 0.038452 0.010986 -10.008569
4395 1444994217.938696 0.038452 0.010986 -10.008569
4396 1444994217.948779 0.038452 0.010986 -10.008569
4397 1444994217.958680 0.038452 0.010986 -10.008569
4398 1444994217.973746 0.038452 0.010986 -10.008569
4399 1444994217.979392 -0.049439 -0.076904 -10.008569
4400 1444994217.991053 0.038452 0.010986 -10.008569
4401 1444994218.003852 0.038452 0.010986 -10.008569
4402 1444994218.013922 0.038452 0.010986 -10.008569
4403 1444994218.024018 0.038452 0.010986 -10.008569
4404 1444994218.029247 0.038452 0.010986 -10.008569
4405 1444994218.044019 0.038452 0.010986 -10.008569
4406 1444994218.054279 0.038452 0.010986 -10.008569
4407 1444994218.064263 0.038452 0.010986 -10.008569
4408 1444994218.070542 0.038452 0.010986 -10.008569
4409 1444994218.080284 0.038452 0.010986 -10.008569
4410 1444994218.091580 0.038452 0.010986 -10.008569
4411 1444994218.101012 0.038452 0.010986 -10.008569
4412 1444994218.111397 0.038452 0.010986 -10.008569
4413 1444994218.121222 0.038452 0.010986 -10.008569
4414 1444994218.134184 0.038452 0.010986 -10.008569
4415 1444994218.141715 0.038452 0.010986 -10.008569
4416 1444994218.151575 0.038452 0.010986 -10.008569
4417 1444994218.161568 0.038452 0.010986 -10.008569
4418 1444994218.171655 0.038452 0.010986 -10.008569
4419 1444994218.184658 0.038452 0.010986 -10.008569
4420 1444994218.195101 -0.049439 -0.076904 -10.008569
4421 1444994218.202122 0.038452 0.010986 -10.008569
4422 1444994218.214476 -0.049439 0.010986 -10.008569
4423 1444994218.224199 -0.049439 0.010986 -10.008569
4424 1444994218.235394 0.038452 0.010986 -10.008569
4425 1444994218.244863 -0.049439 0.010986 -10.008569
4426 1444994218.254770 0.038452 0.010986 -10.008569
4427 1444994218.264843 0.038452 0.010986 -10.008569
4428 1444994218.274866 0.038452 0.010986 -10.008569
4429 1444994218.285495 0.038452 0.010986 -10.008569
4430 1444994218.295033 0.038452 0.010986 -10.008569
4431 1444994218.305027 0.038452 0.010986 -10.008569
4432 1444994218.315171 0.038452 0.010986 -10.008569
4433 1444994218.325219 0.038452 0.010986 -10.008569
4434 1444994218.335916 0.038452 0.010986 -10.008569
4435 1444994218.345345 0.038452 0.010986 -10.008569
4436 1444994218.355788 0.038452 0.010986 -10.008569
4437 1444994218.365622 0.038452 0.010986 -10.008569
4438 1444994218.375846 0.038452 0.010986 -10.008569
4439 1444994218.386206 0.038452 0.010986 -10.008569
4440 1444994218.396171 0.038452 0.010986 -10.008569
4441 1444994218.406276 0.038452 0.010986 -10.008569
4442 1444994218.416355 0.038452 0.010986 -10.008569
4443 1444994218.426583 0.038452 0.010986 -10.008569
4444 1444994218.433943 0.038452 0.010986 -10.008569
4445 1444994218.446917 0.038452 0.010986 -10.008569
4446 1444994218.451963 0.038452 0.010986 -10.008569
4447 1444994218.462064 0.038452 0.010986 -10.008569
4448 1444994218.477245 -0.049439 0.010986 -10.008569
4449 1444994218.483962 0.038452 0.010986 -10.008569
4450 1444994218.494054 0.038452 0.010986 -10.008569
4451 1444994218.504126 0.038452 0.010986 -10.008569
4452 1444994218.514243 0.038452 0.010986 -10.008569
4453 1444994218.524368 -0.049439 0.010986 -10.008569
4454 1444994218.535341 -0.049439 0.010986 -10.008569
4455 1444994218.544441 0.038452 0.010986 -10.008569
4456 1444994218.554494 0.038452 0.010986 -10.008569
4457 1444994218.564487 -0.049439 0.010986 -10.008569
4458 1444994218.574676 0.038452 0.010986 -10.008569
4459 1444994218.584800 0.038452 0.010986 -10.008569
4460 1444994218.595481 0.038452 -0.076904 -10.008569
4461 1444994218.604865 -0.049439 0.010986 -10.008569
4462 1444994218.614920 0.038452 0.010986 -10.008569
4463 1444994218.624945 0.038452 0.010986 -10.008569
4464 1444994218.636932 0.038452 0.010986 -10.008569
4465 1444994218.646754 0.038452 0.010986 -10.008569
4466 1444994218.656937 0.038452 -0.076904 -10.008569
4467 1444994218.666838 0.038452 0.010986 -10.008569
4468 1444994218.676600 0.038452 -0.076904 -10.008569
4469 1444994218.687175 0.038452 0.010986 -10.008569
4470 1444994218.696842 0.038452 0.010986 -10.008569
4471 1444994218.706961 0.038452 0.010986 -10.008569
4472 1444994218.717139 0.038452 0.010986 -10.008569
4473 1444994218.728057 0.038452 0.010986 -10.008569
4474 1444994218.737938 0.038452 0.010986 -10.008569
4475 1444994218.743926 0.038452 0.010986 -10.008569
4476 1444994218.758797 0.038452 0.010986 -10.008569
4477 1444994218.769039 0.038452 0.010986 -10.008569
4478 1444994218.779062 -0.049439 0.010986 -10.008569
4479 1444994218.784835 0.038452 0.010986 -10.008569
4480 1444994218.799111 0.038452 0.010986 -10.008569
4481 1444994218.804600 0.038452 -0.076904 -10.008569
4482 1444994218.819318 -0.049439 0.010986 -10.008569
4483 1444994218.829441 0.038452 0.010986 -10.008569
4484 1444994218.835406 0.038452 0.010986 -10.008569
4485 1444994218.845699 0.038452 0.010986 -10.008569
4486 1444994218.855647 0.038452 0.010986 -10.008569
4487 1444994218.865514 0.038452 0.010986 -10.008569
4488 1444994218.876062 0.038452 0.010986 -10.008569
4489 1444994218.889280 0.038452 -0.076904 -10.008569
4490 1444994218.898930 0.038452 0.010986 -10.008569
4491 1444994218.906694 0.038452 0.010986 -10.008569
4492 1444994218.916497 0.038452 -0.076904 -10.008569
4493 1444994218.926719 0.038452 -0.076904 -10.008569
4494 1444994218.937191 0.038452 -0.076904 -10.008569
4495 1444994218.947133 0.038452 -0.076904 -10.008569
4496 1444994218.959009 0.038452 0.010986 -10.008569
4497 1444994218.968910 0.038452 0.010986 -10.008569
4498 1444994218.979649 0.038452 0.010986 -10.008569
4499 1444994218.990227 0.038452 0.010986 -10.008569
4500 1444994218.999636 0.038452 0.010986 -10.008569
4501 1444994219.009244 0.038452 0.010986 -10.008569
4502 1444994219.019086 -0.049439 0.010986 -10.008569
4503 1444994219.029133 0.038452 0.010986 -10.008569
4504 1444994219.040068 -0.049439 0.010986 -10.008569
4505 1444994219.049968 -0.049439 0.010986 -10.008569
4506 1444994219.059600 0.038452 0.010986 -10.008569
4507 1444994219.069652 0.038452 0.010986 -10.008569
4508 1444994219.080521 0.038452 0.010986 -10.008569
4509 1444994219.090583 0.038452 0.010986 -10.008569
4510 1444994219.100396 0.038452 0.010986 -10.008569
4511 1444994219.110661 0.038452 0.010986 -10.008569
4512 1444994219.120762 0.038452 0.010986 -10.008569
4513 1444994219.130841 0.038452 0.010986 -10.008569
4514 1444994219.141201 0.038452 0.010986 -10.008569
4515 1444994219.151081 0.038452 0.010986 -10.008569
4516 1444994219.161312 0.038452 0.010986 -10.008569
4517 1444994219.171387 -0.049439 0.010986 -10.008569
4518 1444994219.181435 0.038452 0.010986 -10.008569
4519 1444994219.191544 0.038452 0.010986 -10.008569
4520 1444994219.201611 0.038452 0.010986 -10.008569
4521 1444994219.211867 0.038452 0.010986 -10.008569
4522 1444994219.221991 0.038452 0.010986 -10.008569
4523 1444994219.227025 0.038452 0.010986 -10.008569
4524 1444994219.240553 0.038452 0.010986 -10.008569
4525 1444994219.252296 0.038452 0.010986 -10.008569
4526 1444994219.262381 0.038452 0.010986 -10.008569
4527 1444994219.267479 0.038452 0.010986 -10.008569
4528 1444994219.277561 0.038452 0.010986 -10.008569
4529 1444994219.289306 0.038452 0.010986 -10.008569
4530 1444994219.299344 0.038452 0.010986 -10.008569
4531 1444994219.309371 -0.049439 0.010986 -10.008569
4532 1444994219.319152 -0.049439 0.010986 -10.008569
4533 1444994219.329412 0.038452 0.010986 -10.008569
4534 1444994219.339914 0.038452 0.010986 -10.008569
4535 1444994219.350139 0.038452 0.010986 -10.008569
4536 1444994219.359981 0.038452 0.010986 -10.008569
4537 1444994219.370042 0.038452 0.010986 -10.008569
4538 1444994219.380483 0.038452 -0.076904 -10.008569
4539 1444994219.391116 0.038452 0.010986 -10.008569
4540 1444994219.400718 0.038452 0.010986 -10.008569
4541 1444994219.411501 0.038452 0.010986 -10.008569
4542 1444994219.420868 0.038452 0.010986 -10.008569
4543 1444994219.431630 0.038452 0.010986 -10.008569
4544 1444994219.442369 0.038452 0.010986 -10.008569
4545 1444994219.452120 0.038452 0.010986 -10.008569
4546 1444994219.461880 0.038452 0.010986 -10.008569
4547 1444994219.472131 0.038452 0.010986 -10.008569
4548 1444994219.482339 0.038452 0.010986 -10.008569
4549 1444994219.492343 0.038452 0.010986 -10.008569
4550 1444994219.502572 0.038452 0.010986 -10.008569
4551 1444994219.512644 0.038452 0.010986 -10.008569
4552 1444994219.522832 0.038452 0.010986 -10.008569
4553 1444994219.532976 0.038452 0.010986 -10.008569
4554 1444994219.543023 -0.049439 0.010986 -10.008569
4555 1444994219.553433 0.038452 0.010986 -10.008569
4556 1444994219.564137 -0.049439 0.010986 -10.008569
4557 1444994219.572535 0.038452 0.010986 -10.008569
4558 1444994219.579465 -0.049439 0.010986 -10.008569
4559 1444994219.589439 -0.049439 0.010986 -10.008569
4560 1444994219.599557 0.038452 0.010986 -10.008569
4561 1444994219.609491 -0.049439 0.010986 -10.008569
4562 1444994219.619747 0.038452 -0.076904 -10.008569
4563 1444994219.629826 0.038452 0.010986 -10.008569
4564 1444994219.639890 -0.049439 0.010986 -10.008569
4565 1444994219.650010 -0.049439 -0.076904 -10.008569
4566 1444994219.659863 0.038452 0.010986 -10.008569
