26948 1444991805.196735 -0.049439 0.010986 -10.008569
26949 1444991805.206684 -0.049439 0.010986 -10.008569
26950 1444991805.216812 0.038452 0.010986 -10.008569
26951 1444991805.223913 0.038452 0.010986 -10.008569
26952 1444991805.237063 -0.049439 0.010986 -10.008569
26953 1444991805.247026 0.038452 0.010986 -10.008569
26954 1444991805.257203 -0.049439 0.010986 -10.008569
26955 1444991805.267554 0.038452 0.010986 -10.008569
26956 1444991805.277496 0.038452 0.010986 -10.008569
26957 1444991805.287599 0.038452 0.010986 -10.008569
26958 1444991805.297674 0.038452 0.010986 -10.008569
26959 1444991805.307886 0.038452 0.010986 -10.008569
26960 1444991805.314194 -0.049439 -0.076904 -10.008569
26961 1444991805.324540 -0.049439 0.010986 -10.008569
26962 1444991805.334665 -0.049439 0.010986 -10.008569
26963 1444991805.344284 -0.049439 0.010986 -10.008569
26964 1444991805.354748 -0.049439 0.010986 -10.008569
26965 1444991805.364574 -0.049439 0.010986 -10.008569
26966 1444991805.375180 -0.049439 0.010986 -10.008569
26967 1444991805.384437 0.038452 0.010986 -9.920679
26968 1444991805.395054 -0.049439 0.010986 -10.008569
26969 1444991805.405477 -0.049439 0.010986 -10.008569
26970 1444991805.415456 -0.049439 0.010986 -10.008569
26971 1444991805.428934 0.038452 0.010986 -10.008569
26972 1444991805.435823 0.038452 0.010986 -10.008569
26973 1444991805.445818 -0.049439 0.010986 -10.008569
26974 1444991805.455760 -0.049439 0.010986 -10.008569
26975 1444991805.465912 -0.049439 0.010986 -9.920679
26976 1444991805.478819 0.038452 -0.076904 -10.008569
26977 1444991805.486414 0.038452 -0.076904 -10.008569
26978 1444991805.496284 0.038452 0.010986 -10.008569
26979 1444991805.506414 -0.049439 -0.076904 -10.008569
26980 1444991805.516705 0.038452 0.010986 -10.008569
26981 1444991805.527908 0.038452 0.010986 -10.008569
26982 1444991805.538791 -0.049439 0.010986 -10.008569
26983 1444991805.547802 -0.049439 0.010986 -10.008569
26984 1444991805.558887 0.038452 0.010986 -10.008569
26985 1444991805.569190 0.038452 0.010986 -10.008569
26986 1444991805.579156 0.038452 0.010986 -9.920679
26987 1444991805.589236 0.038452 0.010986 -10.008569
26988 1444991805.599297 -0.049439 0.010986 -10.008569
26989 1444991805.609296 -0.049439 0.010986 -10.008569
26990 1444991805.614063 0.038452 0.010986 -10.008569
26991 1444991805.630674 0.038452 0.010986 -10.008569
26992 1444991805.639799 0.038452 0.010986 -9.920679
26993 1444991805.649702 -0.049439 0.010986 -10.008569
26994 1444991805.659821 0.038452 0.010986 -10.008569
26995 1444991805.664719 -0.049439 -0.076904 -10.008569
26996 1444991805.680956 -0.049439 0.010986 -10.008569
26997 1444991805.690616 0.038452 0.010986 -10.008569
26998 1444991805.700493 0.038452 0.010986 -10.008569
26999 1444991805.710531 0.038452 0.010986 -10.008569
27000 1444991805.715417 -0.049439 -0.076904 -10.008569
27001 1444991805.725115 -0.049439 0.010986 -10.008569
27002 1444991805.740977 0.038452 -0.076904 -10.008569
27003 1444991805.745520 0.038452 0.010986 -10.008569
27004 1444991805.761074 0.038452 0.010986 -9.920679
27005 1444991805.765691 0.038452 0.010986 -10.008569
27006 1444991805.781697 0.038452 0.010986 -10.008569
27007 1444991805.791401 0.038452 0.010986 -10.008569
27008 1444991805.801480 0.038452 0.010986 -10.008569
27009 1444991805.811936 -0.049439 0.010986 -10.008569
27010 1444991805.821700 -0.049439 0.010986 -10.008569
27011 1444991805.831973 0.038452 0.010986 -10.008569
27012 1444991805.841844 -0.049439 0.010986 -10.008569
27013 1444991805.852248 0.038452 0.010986 -10.008569
27014 1444991805.862203 -0.049439 0.010986 -10.008569
27015 1444991805.872259 0.038452 0.010986 -10.008569
27016 1444991805.882386 0.038452 0.010986 -10.008569
27017 1444991805.892525 -0.049439 0.010986 -10.008569
27018 1444991805.902459 0.038452 0.010986 -10.008569
27019 1444991805.912717 -0.049439 0.010986 -10.008569
27020 1444991805.918869 0.038452 0.010986 -10.008569
27021 1444991805.928997 -0.049439 0.010986 -10.008569
27022 1444991805.939393 0.038452 0.010986 -10.008569
27023 1444991805.949254 0.038452 0.010986 -10.008569
27024 1444991805.959417 0.038452 0.010986 -9.920679
27025 1444991805.970787 0.038452 0.010986 -10.008569
27026 1444991805.979551 0.038452 0.010986 -9.920679
27027 1444991805.990017 0.038452 0.010986 -10.008569
27028 1444991806.000054 -0.049439 0.010986 -10.008569
27029 1444991806.010437 0.038452 0.010986 -10.008569
27030 1444991806.019803 -0.049439 0.010986 -10.008569
27031 1444991806.030454 -0.049439 0.010986 -10.008569
27032 1444991806.041224 -0.049439 0.010986 -10.008569
27033 1444991806.051393 0.038452 0.010986 -10.008569
27034 1444991806.061874 0.038452 0.010986 -10.008569
27035 1444991806.071805 0.038452 0.010986 -10.008569
27036 1444991806.081514 -0.049439 0.010986 -10.008569
27037 1444991806.091883 -0.049439 0.010986 -10.008569
27038 1444991806.101751 0.038452 0.010986 -10.008569
27039 1444991806.111868 0.038452 0.010986 -10.008569
27040 1444991806.118830 -0.049439 0.010986 -10.008569
27041 1444991806.129894 -0.049439 0.010986 -10.008569
27042 1444991806.142408 -0.049439 0.010986 -10.008569
27043 1444991806.152533 0.038452 0.010986 -10.008569
27044 1444991806.162548 0.038452 0.010986 -10.008569
27045 1444991806.168978 -0.049439 0.010986 -10.008569
27046 1444991806.183780 0.038452 0.010986 -10.008569
27047 1444991806.193875 0.038452 0.010986 -10.008569
27048 1444991806.204630 -0.049439 0.010986 -10.008569
27049 1444991806.214624 0.038452 -0.076904 -10.008569
27050 1444991806.224783 -0.049439 0.010986 -10.008569
27051 1444991806.234731 0.038452 0.010986 -10.008569
27052 1444991806.244869 -0.049439 0.010986 -10.008569
27053 1444991806.254993 0.038452 0.010986 -10.008569
27054 1444991806.265097 0.038452 0.010986 -10.008569
27055 1444991806.275040 0.038452 0.010986 -10.008569
27056 1444991806.279865 0.038452 -0.076904 -10.008569
27057 1444991806.295330 0.038452 0.010986 -10.008569
27058 1444991806.305407 0.038452 0.010986 -10.008569
27059 1444991806.310601 0.038452 0.010986 -10.008569
27060 1444991806.320196 0.038452 0.010986 -10.008569
27061 1444991806.330338 -0.049439 0.010986 -10.008569
27062 1444991806.340881 -0.049439 0.010986 -10.008569
27063 1444991806.351036 0.038452 0.010986 -10.008569
27064 1444991806.361363 0.038452 0.010986 -10.008569
27065 1444991806.368810 -0.049439 -0.076904 -9.920679
27066 1444991806.381750 -0.049439 0.010986 -10.008569
27067 1444991806.392320 0.038452 -0.076904 -10.008569
27068 1444991806.403950 0.038452 0.010986 -10.008569
27069 1444991806.414051 -0.049439 0.010986 -10.008569
27070 1444991806.424443 0.038452 0.010986 -10.008569
27071 1444991806.434446 0.038452 0.010986 -10.008569
27072 1444991806.444583 0.038452 0.010986 -10.008569
27073 1444991806.454596 0.038452 0.010986 -10.008569
27074 1444991806.464784 -0.049439 0.010986 -9.920679
27075 1444991806.475221 0.038452 0.010986 -10.008569
27076 1444991806.484917 -0.049439 0.010986 -10.008569
27077 1444991806.494937 0.038452 0.010986 -10.008569
27078 1444991806.505045 -0.049439 0.010986 -10.008569
27079 1444991806.515621 0.038452 -0.076904 -10.008569
27080 1444991806.525517 0.038452 0.010986 -10.008569
27081 1444991806.535567 0.038452 0.010986 -10.008569
27082 1444991806.545684 -0.049439 0.010986 -10.008569
27083 1444991806.555814 0.038452 -0.076904 -10.008569
27084 1444991806.565972 0.038452 -0.076904 -9.920679
27085 1444991806.575757 0.038452 0.010986 -10.008569
27086 1444991806.585958 0.038452 -0.076904 -10.008569
27087 1444991806.596494 0.038452 0.010986 -10.008569
27088 1444991806.606578 -0.049439 0.010986 -10.008569
27089 1444991806.616747 0.038452 0.010986 -10.008569
27090 1444991806.629563 -0.049439 0.010986 -10.008569
27091 1444991806.636920 0.038452 0.010986 -10.008569
27092 1444991806.646967 0.038452 0.010986 -10.008569
27093 1444991806.657019 -0.049439 0.010986 -10.008569
27094 1444991806.667372 -0.049439 0.010986 -10.008569
27095 1444991806.677248 -0.049439 0.010986 -9.920679
27096 1444991806.687425 0.038452 0.010986 -10.008569
27097 1444991806.698885 0.038452 0.010986 -10.008569
27098 1444991806.707558 -0.049439 -0.076904 -10.008569
27099 1444991806.717703 0.038452 0.010986 -10.008569
27100 1444991806.728957 0.038452 0.010986 -10.008569
27101 1444991806.739127 -0.049439 0.010986 -10.008569
27102 1444991806.749159 0.038452 0.010986 -10.008569
27103 1444991806.759244 -0.049439 0.010986 -10.008569
27104 1444991806.769706 -0.049439 0.010986 -10.008569
27105 1444991806.774376 0.038452 0.010986 -10.008569
27106 1444991806.790121 -0.049439 0.010986 -10.008569
27107 1444991806.800376 0.038452 0.010986 -9.920679
27108 1444991806.810012 0.038452 0.010986 -10.008569
27109 1444991806.820740 -0.049439 0.010986 -10.008569
27110 1444991806.830243 -0.049439 0.010986 -10.008569
27111 1444991806.840839 0.038452 0.010986 -10.008569
27112 1444991806.844915 -0.049439 0.010986 -10.008569
27113 1444991806.861397 -0.049439 0.010986 -10.008569
27114 1444991806.865116 -0.049439 0.010986 -10.008569
27115 1444991806.881590 0.038452 0.010986 -10.008569
27116 1444991806.891599 -0.049439 0.010986 -9.920679
27117 1444991806.901801 0.038452 0.010986 -10.008569
27118 1444991806.906985 -0.049439 0.010986 -9.920679
27119 1444991806.921926 0.038452 0.010986 -10.008569
27120 1444991806.929654 0.038452 0.010986 -10.008569
27121 1444991806.937515 0.038452 0.010986 -10.008569
27122 1444991806.947452 -0.049439 0.010986 -10.008569
27123 1444991806.958776 0.038452 -0.076904 -10.008569
27124 1444991806.969119 -0.049439 0.010986 -10.008569
27125 1444991806.979884 0.038452 -0.076904 -10.008569
27126 1444991806.989253 0.038452 0.010986 -10.008569
27127 1444991806.999166 0.038452 0.010986 -10.008569
27128 1444991807.009504 0.038452 0.010986 -10.008569
27129 1444991807.020486 -0.049439 0.010986 -10.008569
27130 1444991807.030354 0.038452 0.010986 -10.008569
27131 1444991807.040002 -0.049439 0.010986 -10.008569
27132 1444991807.050257 0.038452 0.010986 -10.008569
27133 1444991807.060453 0.038452 -0.076904 -10.008569
27134 1444991807.070873 -0.049439 0.010986 -10.008569
27135 1444991807.080737 0.038452 0.010986 -10.008569
27136 1444991807.090551 0.038452 0.010986 -10.008569
27137 1444991807.100573 0.038452 0.010986 -10.008569
27138 1444991807.110709 -0.049439 0.010986 -10.008569
27139 1444991807.120947 -0.049439 0.010986 -10.008569
27140 1444991807.131217 0.038452 0.010986 -10.008569
27141 1444991807.140845 0.038452 -0.076904 -10.008569
27142 1444991807.150948 0.038452 0.010986 -10.008569
27143 1444991807.161406 0.038452 -0.076904 -10.008569
27144 1444991807.171371 0.038452 0.010986 -10.008569
27145 1444991807.181435 0.038452 -0.076904 -10.008569
27146 1444991807.191577 0.038452 0.010986 -10.008569
27147 1444991807.201637 -0.049439 -0.076904 -10.008569
27148 1444991807.211769 -0.049439 0.010986 -10.008569
27149 1444991807.221966 0.038452 -0.076904 -10.008569
27150 1444991807.232183 0.038452 0.010986 -10.008569
27151 1444991807.243011 -0.049439 0.010986 -10.008569
27152 1444991807.252315 -0.049439 0.010986 -10.008569
27153 1444991807.263773 -0.049439 0.010986 -10.008569
27154 1444991807.272393 0.038452 0.010986 -10.008569
27155 1444991807.278806 0.038452 0.010986 -10.008569
27156 1444991807.288818 0.038452 0.010986 -10.008569
27157 1444991807.304123 -0.049439 0.010986 -10.008569
27158 1444991807.314287 0.038452 0.010986 -10.008569
27159 1444991807.324434 -0.049439 0.010986 -10.008569
27160 1444991807.334181 0.038452 0.010986 -10.008569
27161 1444991807.339901 -0.049439 0.010986 -10.008569
27162 1444991807.354582 -0.049439 0.010986 -10.008569
27163 1444991807.360028 -0.049439 0.010986 -10.008569
27164 1444991807.370949 -0.049439 -0.076904 -10.008569
27165 1444991807.380168 -0.049439 0.010986 -10.008569
27166 1444991807.390392 0.038452 0.010986 -10.008569
27167 1444991807.400511 0.038452 0.010986 -10.008569
27168 1444991807.410767 -0.049439 0.010986 -10.008569
27169 1444991807.421251 -0.049439 0.010986 -10.008569
27170 1444991807.431424 0.038452 0.010986 -10.008569
27171 1444991807.441506 0.038452 0.010986 -10.008569
27172 1444991807.451555 0.038452 0.010986 -10.008569
27173 1444991807.461655 0.038452 0.010986 -10.008569
27174 1444991807.471845 0.038452 0.010986 -10.008569
27175 1444991807.481940 0.038452 0.010986 -10.008569
27176 1444991807.492269 -0.049439 0.010986 -10.008569
27177 1444991807.502299 0.038452 0.010986 -10.008569
27178 1444991807.512451 0.038452 0.010986 -10.008569
27179 1444991807.524094 0.038452 0.010986 -10.008569
27180 1444991807.532529 0.038452 0.010986 -10.008569
27181 1444991807.543936 -0.049439 0.010986 -10.008569
27182 1444991807.553909 0.038452 0.010986 -10.008569
27183 1444991807.563995 -0.049439 0.010986 -10.008569
27184 1444991807.574273 0.038452 0.010986 -10.008569
27185 1444991807.584227 0.038452 0.010986 -10.008569
27186 1444991807.594255 0.038452 0.010986 -10.008569
27187 1444991807.604228 0.038452 0.010986 -10.008569
27188 1444991807.614278 -0.049439 0.010986 -10.008569
27189 1444991807.624577 0.038452 0.010986 -10.008569
27190 1444991807.634541 0.038452 0.010986 -10.008569
27191 1444991807.644722 -0.049439 0.010986 -10.008569
27192 1444991807.654766 0.038452 0.010986 -10.008569
27193 1444991807.664811 0.038452 0.010986 -10.008569
27194 1444991807.675055 -0.049439 0.010986 -10.008569
27195 1444991807.685004 0.038452 -0.076904 -10.008569
27196 1444991807.695861 -0.049439 0.010986 -10.008569
27197 1444991807.706288 0.038452 0.010986 -10.008569
27198 1444991807.710377 -0.049439 -0.076904 -10.008569
27199 1444991807.726649 0.038452 0.010986 -10.008569
27200 1444991807.736880 0.038452 0.010986 -10.008569
27201 1444991807.746921 -0.049439 0.010986 -10.008569
27202 1444991807.756989 0.038452 0.010986 -10.008569
27203 1444991807.767244 0.038452 0.010986 -9.920679
27204 1444991807.777264 -0.049439 0.010986 -10.008569
27205 1444991807.787399 0.038452 0.010986 -9.920679
27206 1444991807.797519 -0.049439 0.010986 -10.008569
27207 1444991807.807499 -0.049439 0.010986 -10.008569
27208 1444991807.813844 0.038452 0.010986 -10.008569
27209 1444991807.824203 0.038452 0.010986 -10.008569
27210 1444991807.837865 -0.049439 0.010986 -10.008569
27211 1444991807.843991 -0.049439 -0.076904 -10.008569
27212 1444991807.853906 0.038452 0.010986 -10.008569
27213 1444991807.864009 0.038452 0.010986 -10.008569
27214 1444991807.874451 0.038452 -0.076904 -10.008569
27215 1444991807.884464 -0.049439 -0.076904 -10.008569
27216 1444991807.894799 -0.049439 0.010986 -10.008569
27217 1444991807.904724 -0.049439 0.010986 -10.008569
27218 1444991807.915064 -0.049439 0.010986 -10.008569
27219 1444991807.925041 -0.049439 0.010986 -9.920679
27220 1444991807.934880 0.038452 0.010986 -10.008569
27221 1444991807.945389 0.038452 0.010986 -9.920679
27222 1444991807.955615 0.038452 0.010986 -10.008569
27223 1444991807.965785 -0.049439 0.010986 -10.008569
27224 1444991807.975825 0.038452 -0.076904 -10.008569
27225 1444991807.986371 0.038452 0.010986 -9.920679
27226 1444991807.996011 -0.049439 0.010986 -10.008569
27227 1444991808.006543 0.038452 0.010986 -10.008569
27228 1444991808.016452 0.038452 0.010986 -10.008569
27229 1444991808.026540 -0.049439 0.010986 -10.008569
27230 1444991808.036731 -0.049439 0.010986 -10.008569
27231 1444991808.046863 0.038452 0.010986 -10.008569
27232 1444991808.056911 0.038452 0.010986 -10.008569
27233 1444991808.069397 -0.049439 0.010986 -10.008569
27234 1444991808.079670 0.038452 0.010986 -10.008569
27235 1444991808.087538 -0.049439 0.010986 -10.008569
27236 1444991808.098888 0.038452 0.010986 -9.920679
27237 1444991808.107639 -0.049439 0.010986 -10.008569
27238 1444991808.119254 0.038452 0.010986 -10.008569
27239 1444991808.129357 0.038452 0.010986 -10.008569
27240 1444991808.139957 0.038452 0.010986 -10.008569
27241 1444991808.150256 0.038452 0.010986 -10.008569
27242 1444991808.160242 0.038452 0.010986 -10.008569
27243 1444991808.165443 -0.049439 0.010986 -10.008569
27244 1444991808.178812 0.038452 0.010986 -10.008569
27245 1444991808.190551 -0.049439 0.010986 -10.008569
27246 1444991808.196558 0.038452 0.010986 -10.008569
27247 1444991808.205931 0.038452 0.010986 -9.920679
27248 1444991808.216025 0.038452 0.010986 -10.008569
27249 1444991808.226582 -0.049439 0.010986 -10.008569
27250 1444991808.236637 0.038452 0.010986 -10.008569
27251 1444991808.246647 0.038452 0.010986 -10.008569
27252 1444991808.256866 -0.049439 0.010986 -10.008569
27253 1444991808.269928 -0.049439 -0.076904 -9.920679
27254 1444991808.279389 0.038452 -0.076904 -10.008569
27255 1444991808.287731 -0.049439 0.010986 -10.008569
27256 1444991808.297792 -0.049439 0.010986 -10.008569
27257 1444991808.307792 0.038452 0.010986 -10.008569
27258 1444991808.320652 -0.049439 0.010986 -10.008569
27259 1444991808.328045 0.038452 0.010986 -10.008569
27260 1444991808.338180 0.038452 0.010986 -10.008569
27261 1444991808.349435 0.038452 0.010986 -10.008569
27262 1444991808.359096 -0.049439 0.010986 -10.008569
27263 1444991808.371011 0.038452 0.010986 -10.008569
27264 1444991808.380952 -0.049439 0.010986 -10.008569
27265 1444991808.390963 0.038452 0.010986 -10.008569
27266 1444991808.399687 0.038452 0.010986 -10.008569
27267 1444991808.409912 0.038452 0.010986 -9.920679
27268 1444991808.421570 -0.049439 0.010986 -10.008569
27269 1444991808.430819 0.038452 0.010986 -10.008569
27270 1444991808.440575 0.038452 0.010986 -10.008569
27271 1444991808.450530 0.038452 0.010986 -10.008569
27272 1444991808.460889 -0.049439 0.010986 -10.008569
27273 1444991808.471732 0.038452 -0.076904 -10.008569
27274 1444991808.481946 0.038452 0.010986 -10.008569
27275 1444991808.491764 0.038452 0.010986 -10.008569
27276 1444991808.501810 -0.049439 0.010986 -10.008569
27277 1444991808.511857 0.038452 -0.076904 -10.008569
27278 1444991808.522236 -0.049439 0.010986 -10.008569
27279 1444991808.532298 0.038452 0.010986 -10.008569
27280 1444991808.542423 0.038452 0.010986 -10.008569
27281 1444991808.552516 -0.049439 0.010986 -10.008569
27282 1444991808.562599 -0.049439 0.010986 -10.008569
27283 1444991808.569731 0.038452 0.010986 -10.008569
27284 1444991808.579535 -0.049439 0.010986 -10.008569
27285 1444991808.589520 -0.049439 -0.076904 -10.008569
27286 1444991808.603065 -0.049439 0.010986 -9.920679
27287 1444991808.613195 -0.049439 0.010986 -10.008569
27288 1444991808.620106 0.038452 0.010986 -10.008569
27289 1444991808.630247 0.038452 0.010986 -10.008569
27290 1444991808.639894 0.038452 0.010986 -10.008569
27291 1444991808.649942 0.038452 0.010986 -10.008569
27292 1444991808.660263 -0.049439 0.010986 -10.008569
27293 1444991808.670681 0.038452 0.010986 -10.008569
27294 1444991808.680919 0.038452 0.010986 -10.008569
27295 1444991808.690829 -0.049439 0.010986 -10.008569
27296 1444991808.700794 0.038452 -0.076904 -9.920679
27297 1444991808.710879 0.038452 0.010986 -10.008569
27298 1444991808.721258 0.038452 0.010986 -10.008569
27299 1444991808.731197 0.038452 0.010986 -10.008569
27300 1444991808.741277 0.038452 0.010986 -10.008569
27301 1444991808.751419 -0.049439 0.010986 -10.008569
27302 1444991808.761475 0.038452 0.010986 -10.008569
27303 1444991808.771686 0.038452 0.010986 -10.008569
27304 1444991808.781701 0.038452 0.010986 -10.008569
27305 1444991808.791712 0.038452 0.010986 -10.008569
27306 1444991808.801735 0.038452 0.010986 -10.008569
27307 1444991808.811803 -0.049439 0.010986 -9.920679
27308 1444991808.821839 -0.049439 0.010986 -9.920679
27309 1444991808.832082 0.038452 0.010986 -9.920679
27310 1444991808.842207 0.038452 0.010986 -9.920679
27311 1444991808.852269 0.038452 0.010986 -9.920679
27312 1444991808.863200 0.038452 0.010986 -9.920679
27313 1444991808.873115 0.038452 0.010986 -9.920679
27314 1444991808.882566 0.038452 0.010986 -9.920679
27315 1444991808.894700 0.038452 0.010986 -9.920679
27316 1444991808.904460 0.038452 0.010986 -9.920679
27317 1444991808.914846 0.038452 0.010986 -9.920679
27318 1444991808.924750 0.038452 0.010986 -9.920679
27319 1444991808.934436 0.038452 0.010986 -9.920679
27320 1444991808.945198 0.038452 0.010986 -9.920679
27321 1444991808.955329 0.038452 0.010986 -9.920679
27322 1444991808.963662 0.038452 0.010986 -9.832788
27323 1444991808.970594 0.038452 0.010986 -9.832788
27324 1444991808.980545 0.038452 0.010986 -9.744897
27325 1444991808.990606 0.038452 0.010986 -9.744897
27326 1444991809.000899 0.038452 0.010986 -9.657006
27327 1444991809.011110 0.038452 0.010986 -9.657006
27328 1444991809.021144 0.038452 0.010986 -9.569115
27329 1444991809.031837 0.038452 0.010986 -9.569115
27330 1444991809.041826 0.038452 0.010986 -9.481224
27331 1444991809.051967 0.038452 0.010986 -9.393333
27332 1444991809.062053 0.038452 0.010986 -9.305443
27333 1444991809.072101 0.038452 0.010986 -9.305443
27334 1444991809.082315 0.038452 0.098877 -9.217552
27335 1444991809.092379 0.038452 0.010986 -9.217552
27336 1444991809.102507 0.038452 0.010986 -9.129661
27337 1444991809.112968 0.038452 0.010986 -9.04177
27338 1444991809.124084 0.038452 0.010986 -8.953879
27339 1444991809.130038 0.038452 0.098877 -8.953879
27340 1444991809.144474 0.038452 0.010986 -8.865988
27341 1444991809.155123 0.038452 0.010986 -8.865988
27342 1444991809.164948 0.038452 0.010986 -8.778098
27343 1444991809.175865 0.038452 0.010986 -8.690207
27344 1444991809.185581 0.038452 0.010986 -8.690207
27345 1444991809.195560 0.038452 0.098877 -8.602316
27346 1444991809.204765 0.038452 0.010986 -8.602316
27347 1444991809.214780 0.038452 0.098877 -8.514425
27348 1444991809.224904 0.038452 0.098877 -8.514425
27349 1444991809.235385 0.038452 0.010986 -8.426534
27350 1444991809.246288 0.038452 0.010986 -8.426534
27351 1444991809.255637 0.038452 0.010986 -8.338643
27352 1444991809.266659 0.038452 0.010986 -8.338643
27353 1444991809.277114 0.038452 0.010986 -8.250753
27354 1444991809.286638 0.038452 0.010986 -8.162862
27355 1444991809.296298 0.038452 0.010986 -8.162862
27356 1444991809.306508 0.038452 0.010986 -8.162862
27357 1444991809.316656 0.038452 0.010986 -8.074971
27358 1444991809.327529 -0.049439 0.010986 -8.074971
27359 1444991809.337234 -0.049439 0.010986 -8.074971
27360 1444991809.347255 0.038452 0.010986 -7.98708
27361 1444991809.357374 -0.049439 0.010986 -7.98708
27362 1444991809.367978 -0.049439 0.010986 -7.899189
27363 1444991809.377603 0.038452 0.010986 -7.899189
27364 1444991809.387736 0.038452 -0.076904 -7.899189
27365 1444991809.397773 0.038452 -0.076904 -7.811298
27366 1444991809.407894 -0.049439 -0.076904 -7.811298
27367 1444991809.418029 -0.049439 -0.076904 -7.723408
27368 1444991809.428498 -0.049439 0.010986 -7.635517
27369 1444991809.434296 0.038452 0.010986 -7.635517
27370 1444991809.444517 -0.049439 0.010986 -7.547626
27371 1444991809.454555 -0.049439 0.010986 -7.547626
27372 1444991809.464564 -0.049439 0.010986 -7.459735
27373 1444991809.474780 -0.049439 0.010986 -7.371844
27374 1444991809.484804 -0.049439 0.010986 -7.283953
27375 1444991809.494918 0.038452 0.010986 -7.283953
27376 1444991809.505065 0.038452 0.010986 -7.196062
27377 1444991809.514985 0.038452 0.010986 -7.196062
27378 1444991809.525264 0.038452 0.010986 -7.020281
27379 1444991809.536060 0.038452 0.010986 -7.020281
27380 1444991809.546094 0.038452 0.010986 -6.93239
27381 1444991809.556194 0.038452 0.010986 -6.844499
27382 1444991809.566516 0.038452 0.010986 -6.844499
27383 1444991809.576904 0.038452 0.010986 -6.756608
27384 1444991809.586814 0.038452 0.010986 -6.668717
27385 1444991809.597059 0.038452 0.010986 -6.668717
27386 1444991809.607048 0.038452 0.010986 -6.580827
27387 1444991809.619896 0.038452 0.098877 -6.405045
27388 1444991809.627323 0.038452 0.010986 -6.405045
27389 1444991809.637302 0.038452 0.010986 -6.317154
27390 1444991809.647402 0.038452 0.010986 -6.229263
27391 1444991809.657534 -0.049439 0.010986 -6.141372
27392 1444991809.669886 0.038452 0.010986 -6.053482
27393 1444991809.679358 0.038452 0.010986 -5.965591
27394 1444991809.687941 0.038452 0.010986 -5.965591
27395 1444991809.699481 0.038452 0.010986 -5.789809
27396 1444991809.709397 0.038452 0.010986 -5.701918
27397 1444991809.719984 0.038452 0.010986 -5.614027
27398 1444991809.730601 0.038452 0.010986 -5.614027
27399 1444991809.740020 0.038452 0.010986 -5.526137
27400 1444991809.750063 0.038452 0.010986 -5.350355
27401 1444991809.760489 0.038452 0.010986 -5.350355
27402 1444991809.770853 0.038452 0.010986 -5.174573
27403 1444991809.780913 0.038452 0.010986 -5.086682
27404 1444991809.791229 0.038452 0.010986 -4.998792
27405 1444991809.801191 0.038452 0.010986 -4.910901
27406 1444991809.811071 0.038452 0.010986 -4.82301
27407 1444991809.821672 -0.049439 0.010986 -4.735119
27408 1444991809.831719 0.038452 0.010986 -4.553844
27409 1444991809.841519 0.038452 0.010986 -4.465953
27410 1444991809.851583 -0.049439 0.010986 -4.378062
27411 1444991809.861579 0.038452 0.010986 -4.290172
27412 1444991809.871586 -0.049439 0.010986 -4.202281
27413 1444991809.881553 -0.049439 0.010986 -4.11439
27414 1444991809.891778 -0.049439 0.010986 -4.026499
27415 1444991809.901902 -0.049439 0.010986 -3.850717
27416 1444991809.912077 -0.049439 0.010986 -3.762827
27417 1444991809.919063 -0.049439 0.010986 -3.674936
27418 1444991809.932247 0.038452 0.010986 -3.499154
27419 1444991809.942266 -0.049439 0.010986 -3.411263
27420 1444991809.952390 0.038452 0.010986 -3.323372
27421 1444991809.962612 -0.049439 0.010986 -3.147591
27422 1444991809.969673 0.038452 0.010986 -3.0597
27423 1444991809.979835 0.038452 0.010986 -3.0597
27424 1444991809.989652 0.038452 0.010986 -2.883918
27425 1444991809.999429 0.038452 0.010986 -2.708136
27426 1444991810.009074 0.038452 0.010986 -2.620246
27427 1444991810.020015 -0.049439 0.010986 -2.532355
27428 1444991810.029992 0.038452 0.010986 -2.444464
27429 1444991810.039700 0.038452 0.010986 -2.356573
27430 1444991810.051207 0.038452 0.010986 -2.268682
27431 1444991810.060260 0.038452 0.010986 -2.092901
27432 1444991810.071608 0.038452 0.010986 -2.00501
27433 1444991810.081492 -0.049439 0.010986 -1.917119
27434 1444991810.090457 0.038452 0.010986 -1.829228
27435 1444991810.100392 0.038452 0.010986 -1.741337
27436 1444991810.110515 0.038452 0.010986 -1.653446
27437 1444991810.121565 0.038452 0.010986 -1.477665
27438 1444991810.131719 -0.049439 0.010986 -1.389774
27439 1444991810.141559 -0.049439 0.010986 -1.301883
27440 1444991810.150850 0.038452 -0.076904 -1.213992
27441 1444991810.162063 -0.049439 0.010986 -1.038211
27442 1444991810.170917 -0.049439 0.010986 -0.95032
27443 1444991810.181567 -0.049439 0.010986 -0.774538
27444 1444991810.192094 -0.049439 0.010986 -0.686647
27445 1444991810.201681 -0.049439 0.010986 -0.598756
27446 1444991810.212093 -0.049439 -0.076904 -0.510866
27447 1444991810.222223 -0.049439 -0.076904 -0.422975
27448 1444991810.232248 -0.049439 0.010986 -0.247193
27449 1444991810.242408 -0.049439 0.010986 -0.159302
27450 1444991810.252517 -0.049439 0.010986 0.01648
27451 1444991810.262627 0.038452 0.010986 0.10437
27452 1444991810.269178 -0.049439 0.010986 0.192261
27453 1444991810.279378 -0.049439 0.010986 0.280152
27454 1444991810.294131 -0.049439 0.010986 0.455934
27455 1444991810.304258 0.038452 0.010986 0.631715
27456 1444991810.314432 -0.049439 0.010986 0.719606
27457 1444991810.324958 0.038452 0.010986 0.895388
27458 1444991810.334554 0.038452 0.010986 1.07117
27459 1444991810.344861 0.038452 0.010986 1.15906
27460 1444991810.354886 -0.049439 0.010986 1.246951
27461 1444991810.364939 -0.049439 0.010986 1.422733
27462 1444991810.375411 0.038452 0.010986 1.598515
27463 1444991810.385318 0.038452 0.010986 1.686405
27464 1444991810.395501 -0.049439 -0.076904 1.862187
27465 1444991810.405548 -0.049439 0.010986 1.950078
27466 1444991810.415659 -0.049439 0.010986 2.12586
27467 1444991810.425686 -0.049439 -0.076904 2.301641
27468 1444991810.435694 0.038452 0.010986 2.477423
27469 1444991810.445807 -0.049439 0.010986 2.565314
27470 1444991810.455877 -0.049439 0.010986 2.741096
27471 1444991810.466172 -0.049439 0.010986 2.828986
27472 1444991810.476077 -0.049439 0.010986 3.004768
27473 1444991810.486283 -0.049439 0.010986 3.18055
27474 1444991810.496284 -0.049439 0.010986 3.268441
27475 1444991810.506558 -0.049439 -0.076904 3.444222
27476 1444991810.516799 -0.049439 0.010986 3.620004
27477 1444991810.526818 -0.049439 0.010986 3.795786
27478 1444991810.530215 -0.049439 0.010986 3.795786
27479 1444991810.546892 -0.049439 0.010986 4.059458
27480 1444991810.557091 -0.049439 -0.076904 4.23524
27481 1444991810.565567 -0.049439 0.010986 4.323131
27482 1444991810.577229 -0.049439 0.010986 4.498912
27483 1444991810.585714 -0.049439 0.010986 4.674694
27484 1444991810.597493 -0.049439 0.010986 4.850476
27485 1444991810.607546 -0.049439 0.010986 5.026257
27486 1444991810.612610 0.038452 0.010986 5.026257
27487 1444991810.625541 -0.049439 0.010986 5.28993
27488 1444991810.634479 -0.049439 0.010986 5.465712
27489 1444991810.645049 -0.049439 0.010986 5.553602
27490 1444991810.655179 0.038452 0.010986 5.729384
27491 1444991810.665378 -0.049439 0.010986 5.817275
27492 1444991810.675696 -0.049439 0.010986 5.993057
27493 1444991810.685717 -0.049439 0.010986 6.168838
27494 1444991810.695770 -0.049439 0.010986 6.256729
27495 1444991810.705544 -0.049439 0.010986 6.432511
27496 1444991810.715883 -0.049439 0.010986 6.608293
27497 1444991810.726080 -0.049439 -0.076904 6.784074
27498 1444991810.735863 -0.049439 -0.076904 6.871965
27499 1444991810.746074 -0.049439 -0.076904 7.047747
27500 1444991810.756318 -0.049439 -0.076904 7.135638
27501 1444991810.766211 -0.049439 0.010986 7.311419
27502 1444991810.776414 -0.049439 -0.076904 7.487201
27503 1444991810.786966 -0.049439 0.010986 7.662983
27504 1444991810.797751 -0.049439 0.010986 7.750873
27505 1444991810.807201 -0.049439 -0.076904 7.926655
27506 1444991810.817418 -0.049439 0.010986 8.014546
27507 1444991810.829045 -0.049439 0.010986 8.278218
27508 1444991810.837984 -0.049439 0.010986 8.366109
27509 1444991810.847979 -0.049439 0.010986 8.541891
27510 1444991810.858077 -0.049439 0.010986 8.717673
27511 1444991810.869286 -0.049439 0.010986 8.893454
27512 1444991810.879260 -0.049439 0.010986 9.069236
27513 1444991810.889408 -0.049439 0.010986 9.245018
27514 1444991810.899350 -0.049439 0.010986 9.332909
27515 1444991810.909416 -0.049439 0.010986 9.50869
27516 1444991810.914771 -0.049439 0.010986 9.596581
27517 1444991810.924670 -0.049439 0.010986 9.772363
27518 1444991810.934950 -0.049439 -0.076904 9.860254
27519 1444991810.945008 -0.049439 0.010986 10.036035
27520 1444991810.955237 -0.049439 0.010986 10.211817
27521 1444991810.965335 -0.049439 -0.076904 10.387599
27522 1444991810.975573 -0.049439 0.010986 10.56338
27523 1444991810.985577 -0.049439 0.010986 10.651271
27524 1444991810.995687 -0.049439 0.010986 10.827053
27525 1444991811.005766 -0.049439 0.010986 11.002834
27526 1444991811.015806 -0.049439 0.010986 11.178616
27527 1444991811.025993 0.038452 0.010986 11.354398
27528 1444991811.036195 -0.049439 0.010986 11.53018
27529 1444991811.046308 -0.049439 0.010986 11.705961
27530 1444991811.056414 -0.049439 0.010986 11.881743
27531 1444991811.069108 -0.049439 0.010986 12.145415
27532 1444991811.079185 -0.049439 0.010986 12.321197
27533 1444991811.086841 -0.049439 0.010986 12.409088
27534 1444991811.096862 -0.049439 0.010986 12.496979
27535 1444991811.107030 -0.049439 0.010986 12.67276
27536 1444991811.119818 -0.049439 0.010986 12.936433
27537 1444991811.130916 -0.049439 0.010986 13.112215
27538 1444991811.139529 -0.049439 0.010986 13.287996
27539 1444991811.149599 -0.049439 0.010986 13.463778
27540 1444991811.159257 -0.049439 -0.076904 13.63956
27541 1444991811.169834 -0.049439 -0.076904 13.815341
27542 1444991811.179753 -0.049439 0.010986 13.991123
27543 1444991811.189644 -0.049439 -0.076904 14.166905
27544 1444991811.199716 -0.049439 -0.076904 14.342686
27545 1444991811.209875 -0.049439 0.010986 14.430577
27546 1444991811.221074 0.038452 0.010986 14.606359
27547 1444991811.231046 -0.049439 0.010986 14.782141
27548 1444991811.240717 -0.049439 0.010986 14.957922
27549 1444991811.250709 -0.049439 0.010986 15.133704
27550 1444991811.260816 -0.049439 0.010986 15.309486
27551 1444991811.271448 -0.049439 0.010986 15.485267
27552 1444991811.281291 -0.049439 0.010986 15.661049
27553 1444991811.291391 -0.049439 0.010986 15.836831
27554 1444991811.301345 -0.049439 0.010986 16.012612
27555 1444991811.311572 -0.049439 0.010986 16.188394
27556 1444991811.321428 -0.049439 0.010986 16.276285
27557 1444991811.331598 -0.049439 0.010986 16.452067
27558 1444991811.341760 -0.049439 0.010986 16.627848
27559 1444991811.351919 -0.049439 0.010986 16.80363
27560 1444991811.362079 -0.049439 0.010986 16.979412
27561 1444991811.372186 -0.049439 0.010986 17.155193
27562 1444991811.382256 0.038452 0.010986 17.330975
27563 1444991811.392408 -0.049439 0.010986 17.418866
27564 1444991811.402452 -0.049439 -0.076904 17.594647
27565 1444991811.412604 -0.049439 -0.076904 17.770429
27566 1444991811.422625 -0.049439 0.010986 17.951704
27567 1444991811.432822 -0.049439 0.010986 18.127486
27568 1444991811.442867 -0.049439 -0.076904 18.303267
27569 1444991811.452987 -0.049439 0.010986 18.479049
27570 1444991811.463102 -0.049439 0.010986 18.654831
27571 1444991811.470304 -0.049439 0.010986 18.742722
27572 1444991811.479803 -0.049439 0.010986 18.918503
27573 1444991811.489260 -0.049439 0.010986 19.094285
27574 1444991811.499416 -0.049439 0.010986 19.270067
27575 1444991811.510064 0.038452 0.010986 19.445848
27576 1444991811.522015 0.038452 0.010986 19.62163
27577 1444991811.531459 -0.049439 0.010986 19.709521
27578 1444991811.540833 -0.049439 0.010986 19.885302
27579 1444991811.551017 -0.049439 0.010986 20.061084
27580 1444991811.560922 -0.049439 0.010986 20.236866
27581 1444991811.572537 -0.049439 0.010986 20.412647
27582 1444991811.581285 -0.049439 0.010986 20.588429
27583 1444991811.591326 -0.049439 0.010986 20.67632
27584 1444991811.601588 -0.049439 0.010986 20.852102
27585 1444991811.611598 -0.049439 0.010986 21.027883
27586 1444991811.621889 -0.049439 -0.076904 21.115774
27587 1444991811.629045 -0.049439 0.010986 21.291556
27588 1444991811.641993 -0.049439 0.010986 21.467338
27589 1444991811.649125 -0.049439 0.010986 21.643119
27590 1444991811.659033 -0.049439 0.010986 21.818901
27591 1444991811.669223 -0.049439 0.010986 21.994683
27592 1444991811.679252 -0.049439 -0.076904 22.082573
27593 1444991811.689050 0.038452 0.010986 22.258355
27594 1444991811.699245 0.038452 0.010986 22.434137
27595 1444991811.709581 0.038452 0.010986 22.609918
27596 1444991811.724470 -0.049439 0.010986 22.873591
27597 1444991811.733982 0.038452 0.010986 23.049373
27598 1444991811.744283 0.038452 0.010986 23.225154
27599 1444991811.754393 -0.049439 -0.076904 23.400936
27600 1444991811.764444 0.038452 0.010986 23.576718
27601 1444991811.774258 -0.049439 0.010986 23.664609
27602 1444991811.784640 0.038452 0.010986 23.84039
27603 1444991811.794952 0.038452 0.010986 24.016172
27604 1444991811.805043 -0.049439 -0.076904 24.191954
27605 1444991811.815218 0.038452 -0.076904 24.279844
27606 1444991811.825367 -0.049439 -0.076904 24.455626
27607 1444991811.835424 0.038452 -0.076904 24.631408
27608 1444991811.845592 -0.049439 0.010986 24.807189
27609 1444991811.855604 0.038452 -0.076904 24.89508
27610 1444991811.864213 0.038452 -0.076904 25.070862
27611 1444991811.875874 0.038452 0.010986 25.246644
27612 1444991811.885952 0.038452 0.010986 25.422425
27613 1444991811.896048 0.038452 0.010986 25.598207
27614 1444991811.906210 0.038452 -0.076904 25.773989
27615 1444991811.911136 0.038452 0.010986 25.86188
27616 1444991811.921370 0.038452 0.010986 26.037661
27617 1444991811.931342 0.038452 0.010986 26.125552
27618 1444991811.941534 0.038452 -0.076904 26.301334
27619 1444991811.951654 0.038452 0.010986 26.477115
27620 1444991811.961679 0.038452 0.010986 26.652897
27621 1444991811.974692 0.038452 -0.076904 26.828679
27622 1444991811.982095 0.038452 0.010986 26.91657
27623 1444991811.992399 0.038452 0.010986 27.092351
27624 1444991812.002550 0.038452 0.010986 27.268133
27625 1444991812.014344 0.038452 0.010986 27.443915
27626 1444991812.026222 0.038452 0.010986 27.619696
27627 1444991812.034432 0.038452 -0.076904 27.707587
27628 1444991812.044749 0.038452 -0.076904 27.97126
27629 1444991812.055027 -0.049439 0.010986 28.059151
27630 1444991812.064723 0.038452 -0.076904 28.147041
27631 1444991812.074887 0.038452 0.010986 28.322823
27632 1444991812.085557 0.038452 -0.076904 28.498605
27633 1444991812.095843 -0.049439 0.010986 28.586496
27634 1444991812.105663 0.038452 0.010986 28.762277
27635 1444991812.115513 0.038452 0.010986 28.938059
27636 1444991812.127453 -0.049439 0.010986 29.02595
27637 1444991812.136631 0.038452 0.010986 29.201731
27638 1444991812.146537 -0.049439 0.010986 29.289622
27639 1444991812.156654 0.038452 0.010986 29.465404
27640 1444991812.166709 0.038452 0.010986 29.641186
27641 1444991812.177071 0.038452 0.010986 29.729076
27642 1444991812.187291 0.038452 0.010986 29.904858
27643 1444991812.197533 0.038452 -0.076904 29.992749
27644 1444991812.207606 0.038452 0.010986 30.168531
27645 1444991812.217794 0.038452 0.010986 30.344312
27646 1444991812.227973 0.038452 0.010986 30.432203
27647 1444991812.238007 0.038452 0.010986 30.520094
27648 1444991812.248160 0.038452 0.010986 30.695876
27649 1444991812.258248 0.038452 0.010986 30.871657
27650 1444991812.264091 0.038452 0.010986 30.959548
27651 1444991812.274299 0.038452 0.010986 31.13533
27652 1444991812.284102 0.038452 0.010986 31.223221
27653 1444991812.294312 0.038452 0.010986 31.399002
27654 1444991812.304427 0.038452 0.010986 31.486893
27655 1444991812.314547 0.038452 0.010986 31.662675
27656 1444991812.324776 0.038452 0.010986 31.750566
27657 1444991812.334781 0.038452 0.010986 31.926347
27658 1444991812.345406 0.038452 0.010986 32.014238
27659 1444991812.355304 0.038452 -0.076904 32.19002
27660 1444991812.365516 -0.049439 0.010986 32.277911
27661 1444991812.376160 0.038452 0.010986 32.365802
27662 1444991812.386179 0.038452 0.010986 32.453693
27663 1444991812.398984 0.038452 0.010986 32.717365
27664 1444991812.407154 0.038452 0.010986 32.805256
27665 1444991812.419214 0.038452 0.010986 32.981038
27666 1444991812.429179 0.038452 0.010986 33.068928
27667 1444991812.436390 0.038452 0.010986 33.156819
27668 1444991812.446402 0.038452 0.010986 33.24471
27669 1444991812.456756 0.038452 0.010986 33.420492
27670 1444991812.469752 0.038452 0.010986 33.596273
27671 1444991812.479039 0.038452 0.010986 33.684164
27672 1444991812.489432 0.038452 0.010986 33.859946
27673 1444991812.499199 0.038452 0.010986 33.947837
27674 1444991812.509257 0.038452 0.010986 34.123618
27675 1444991812.519844 0.038452 0.010986 34.211509
27676 1444991812.524961 0.038452 0.010986 34.211509
27677 1444991812.539774 0.038452 0.010986 34.475182
27678 1444991812.549789 0.038452 0.010986 34.563073
27679 1444991812.560047 0.038452 0.010986 34.650964
27680 1444991812.564774 0.038452 0.010986 34.738854
27681 1444991812.580445 0.038452 0.010986 34.914636
27682 1444991812.590289 0.038452 0.010986 35.002527
27683 1444991812.600559 0.038452 0.010986 35.178309
27684 1444991812.610461 0.038452 -0.076904 35.266199
27685 1444991812.615593 0.038452 -0.076904 35.266199
27686 1444991812.630908 0.038452 0.010986 35.441981
27687 1444991812.640726 0.038452 -0.076904 35.617763
27688 1444991812.651083 0.038452 -0.076904 35.705654
27689 1444991812.661136 0.038452 0.010986 35.793544
27690 1444991812.666080 -0.049439 0.010986 35.881435
27691 1444991812.678970 0.038452 0.010986 35.969326
27692 1444991812.686745 0.038452 0.010986 36.057217
27693 1444991812.696859 0.038452 0.010986 36.145108
27694 1444991812.709141 0.038452 0.010986 36.320889
27695 1444991812.719653 0.038452 -0.076904 36.40878
27696 1444991812.727351 0.038452 0.010986 36.496671
27697 1444991812.739913 0.038452 0.010986 36.584562
27698 1444991812.749790 0.038452 0.010986 36.672453
27699 1444991812.759840 0.038452 0.010986 36.848234
27700 1444991812.770956 0.038452 0.010986 36.936125
27701 1444991812.780779 0.038452 0.010986 37.024016
27702 1444991812.790254 0.038452 0.010986 37.111907
27703 1444991812.800436 0.038452 0.010986 37.199798
27704 1444991812.810793 0.038452 0.010986 37.287689
27705 1444991812.821201 -0.049439 0.010986 37.37558
27706 1444991812.831377 0.038452 0.010986 37.46347
27707 1444991812.841413 0.038452 0.010986 37.551361
27708 1444991812.851219 0.038452 0.010986 37.727143
27709 1444991812.861516 0.038452 0.010986 37.727143
27710 1444991812.871540 0.038452 0.010986 37.815034
27711 1444991812.881560 0.038452 0.010986 37.902925
27712 1444991812.891580 0.038452 0.010986 38.078706
27713 1444991812.901682 0.038452 0.010986 38.078706
27714 1444991812.911891 0.038452 0.010986 38.166597
27715 1444991812.922092 0.038452 0.010986 38.254488
27716 1444991812.932068 0.038452 0.010986 38.342379
27717 1444991812.942277 0.038452 0.010986 38.51816
27718 1444991812.952413 0.038452 0.010986 38.51816
27719 1444991812.962798 0.038452 0.010986 38.606051
27720 1444991812.972710 -0.049439 0.010986 38.693942
27721 1444991812.982865 -0.049439 0.010986 38.781833
27722 1444991812.988917 0.038452 0.010986 38.869724
27723 1444991812.999041 0.038452 -0.076904 38.957615
27724 1444991813.008993 0.038452 0.010986 39.045505
27725 1444991813.019598 0.038452 0.010986 39.133396
27726 1444991813.029428 0.038452 0.010986 39.221287
27727 1444991813.039386 0.038452 0.010986 39.221287
27728 1444991813.049556 0.038452 0.010986 39.309178
27729 1444991813.059594 0.038452 0.010986 39.397069
27730 1444991813.072200 0.038452 0.010986 39.48496
27731 1444991813.081363 0.038452 0.010986 39.48496
27732 1444991813.091539 -0.049439 0.010986 39.572851
27733 1444991813.101144 0.038452 -0.076904 39.660741
27734 1444991813.111703 0.038452 0.010986 39.748632
27735 1444991813.122030 -0.049439 0.010986 39.836523
27736 1444991813.132533 0.038452 0.010986 39.836523
27737 1444991813.141552 -0.049439 0.010986 39.924414
27738 1444991813.151521 -0.049439 0.010986 40.012305
27739 1444991813.161854 -0.049439 0.010986 40.012305
27740 1444991813.174446 0.038452 0.010986 40.188086
27741 1444991813.184046 0.038452 -0.076904 40.188086
27742 1444991813.193943 0.038452 0.010986 40.275977
27743 1444991813.204033 0.038452 0.010986 40.369361
27744 1444991813.214092 0.038452 0.010986 40.457252
27745 1444991813.224110 0.038452 0.010986 40.545143
27746 1444991813.234337 0.038452 0.010986 40.545143
27747 1444991813.244674 0.038452 0.010986 40.633034
27748 1444991813.254938 0.038452 -0.076904 40.720925
27749 1444991813.264990 0.038452 0.010986 40.720925
27750 1444991813.270552 0.038452 0.010986 40.808815
27751 1444991813.280480 -0.049439 0.010986 40.896706
27752 1444991813.290396 0.038452 -0.076904 40.896706
27753 1444991813.300395 0.038452 0.010986 40.896706
27754 1444991813.310514 -0.049439 0.010986 40.984597
27755 1444991813.320766 0.038452 0.010986 40.984597
27756 1444991813.330561 0.038452 0.010986 41.072488
27757 1444991813.340902 0.038452 0.010986 41.072488
27758 1444991813.350965 0.038452 0.010986 41.160379
27759 1444991813.361101 0.038452 0.010986 41.24827
27760 1444991813.371253 0.038452 0.010986 41.24827
27761 1444991813.381303 0.038452 0.010986 41.33616
27762 1444991813.391520 0.038452 0.010986 41.33616
27763 1444991813.401588 0.038452 0.010986 41.424051
27764 1444991813.411828 0.038452 0.010986 41.424051
27765 1444991813.421950 0.038452 0.010986 41.511942
27766 1444991813.431927 0.038452 -0.076904 41.599833
27767 1444991813.442082 -0.049439 0.010986 41.599833
27768 1444991813.453880 -0.049439 -0.076904 41.687724
27769 1444991813.464202 -0.049439 0.010986 41.687724
27770 1444991813.474007 0.038452 -0.076904 41.687724
27771 1444991813.484541 -0.049439 0.010986 41.775615
27772 1444991813.494429 0.038452 0.010986 41.775615
27773 1444991813.504330 0.038452 0.010986 41.863506
27774 1444991813.514260 0.038452 0.010986 41.863506
27775 1444991813.525034 0.038452 -0.076904 41.951396
27776 1444991813.534585 0.038452 0.010986 41.951396
27777 1444991813.544659 0.038452 -0.076904 42.039287
27778 1444991813.554835 0.038452 0.010986 42.039287
27779 1444991813.564994 0.038452 0.010986 42.127178
27780 1444991813.575443 0.038452 -0.076904 42.127178
27781 1444991813.585625 -0.049439 0.010986 42.127178
27782 1444991813.595824 -0.049439 -0.076904 42.215069
27783 1444991813.605886 -0.049439 -0.076904 42.215069
27784 1444991813.616048 0.038452 -0.076904 42.215069
27785 1444991813.626195 0.038452 0.010986 42.30296
27786 1444991813.636477 0.038452 -0.076904 42.30296
27787 1444991813.646236 0.038452 0.010986 42.30296
27788 1444991813.656321 -0.049439 -0.076904 42.30296
27789 1444991813.666602 -0.049439 -0.076904 42.390851
27790 1444991813.676757 0.038452 0.010986 42.390851
27791 1444991813.686653 0.038452 0.010986 42.478741
27792 1444991813.696832 0.038452 0.010986 42.478741
27793 1444991813.706896 0.038452 0.010986 42.478741
27794 1444991813.716965 0.038452 -0.076904 42.478741
27795 1444991813.726967 0.038452 0.010986 42.478741
27796 1444991813.737335 0.038452 0.010986 42.566632
27797 1444991813.747281 0.038452 0.010986 42.566632
27798 1444991813.757379 0.038452 0.010986 42.566632
27799 1444991813.767504 0.038452 -0.076904 42.654523
27800 1444991813.774055 0.038452 0.010986 42.654523
27801 1444991813.787798 0.038452 0.010986 42.654523
27802 1444991813.797901 -0.049439 0.010986 42.654523
27803 1444991813.809007 0.038452 0.010986 42.742414
27804 1444991813.814031 0.038452 0.010986 42.742414
27805 1444991813.824715 0.038452 -0.076904 42.742414
27806 1444991813.834083 0.038452 0.010986 42.742414
27807 1444991813.844231 0.038452 0.010986 42.742414
27808 1444991813.854465 0.038452 0.010986 42.830305
27809 1444991813.864533 0.038452 0.010986 42.830305
27810 1444991813.874633 0.038452 0.010986 42.830305
27811 1444991813.884607 0.038452 0.010986 42.830305
27812 1444991813.894726 0.038452 0.010986 42.830305
27813 1444991813.904886 0.038452 0.010986 42.830305
27814 1444991813.914955 0.038452 0.010986 42.830305
27815 1444991813.925535 0.038452 0.010986 42.830305
27816 1444991813.935461 0.038452 0.010986 42.830305
27817 1444991813.945581 0.038452 0.010986 42.830305
27818 1444991813.956470 0.038452 0.010986 42.918196
27819 1444991813.967313 0.038452 0.010986 42.918196
27820 1444991813.977359 0.038452 0.010986 42.918196
27821 1444991813.986909 0.038452 0.010986 42.918196
27822 1444991813.997482 0.038452 0.010986 42.918196
27823 1444991814.007348 0.038452 0.010986 42.918196
27824 1444991814.017443 0.038452 0.010986 43.006086
27825 1444991814.027465 0.038452 0.010986 43.006086
27826 1444991814.037378 0.038452 0.010986 43.006086
27827 1444991814.047455 0.038452 0.010986 43.006086
27828 1444991814.057451 0.038452 0.010986 43.006086
27829 1444991814.067678 0.038452 0.010986 43.006086
27830 1444991814.079536 0.038452 0.010986 43.006086
27831 1444991814.089464 0.038452 0.010986 43.006086
27832 1444991814.099610 0.038452 0.010986 43.006086
27833 1444991814.109738 0.038452 0.010986 43.006086
27834 1444991814.120062 0.038452 0.010986 43.093977
27835 1444991814.131043 0.038452 0.010986 43.093977
27836 1444991814.139915 0.038452 0.010986 43.093977
27837 1444991814.149790 0.038452 0.010986 43.093977
27838 1444991814.160017 0.038452 0.010986 43.093977
27839 1444991814.170282 0.038452 0.010986 43.093977
27840 1444991814.180153 0.038452 0.010986 43.093977
27841 1444991814.190558 0.038452 0.010986 43.093977
27842 1444991814.200500 0.038452 0.010986 43.093977
27843 1444991814.210579 0.038452 0.010986 43.093977
27844 1444991814.220720 0.038452 0.010986 43.093977
27845 1444991814.230731 0.038452 0.010986 43.093977
27846 1444991814.240771 0.038452 0.010986 43.093977
27847 1444991814.250850 0.038452 0.010986 43.093977
27848 1444991814.261078 0.038452 0.010986 43.093977
27849 1444991814.271638 0.038452 0.010986 43.093977
27850 1444991814.281325 0.038452 0.010986 43.093977
27851 1444991814.291456 0.038452 0.010986 43.093977
27852 1444991814.301449 0.038452 0.010986 43.093977
27853 1444991814.311546 0.038452 0.010986 43.093977
27854 1444991814.321613 0.038452 0.010986 43.093977
27855 1444991814.332109 0.038452 0.010986 43.093977
27856 1444991814.339187 0.038452 0.010986 43.181868
27857 1444991814.352281 0.038452 0.010986 43.093977
27858 1444991814.362405 0.038452 0.010986 43.181868
27859 1444991814.369662 0.038452 0.010986 43.181868
27860 1444991814.380137 0.038452 0.010986 43.093977
27861 1444991814.392791 0.038452 0.010986 43.181868
27862 1444991814.399451 0.038452 0.010986 43.181868
27863 1444991814.409228 0.038452 0.010986 43.181868
27864 1444991814.419535 0.038452 0.010986 43.181868
27865 1444991814.429931 -0.049439 0.010986 43.181868
27866 1444991814.440116 0.038452 0.010986 43.181868
27867 1444991814.450182 0.038452 0.010986 43.093977
27868 1444991814.459981 0.038452 0.010986 43.093977
27869 1444991814.470240 0.038452 0.010986 43.181868
27870 1444991814.481490 0.038452 0.010986 43.093977
27871 1444991814.490880 0.038452 0.010986 43.093977
27872 1444991814.500349 0.038452 0.010986 43.093977
27873 1444991814.510442 0.038452 0.010986 43.093977
27874 1444991814.521781 0.038452 0.010986 43.093977
27875 1444991814.531250 0.038452 0.010986 43.093977
27876 1444991814.541480 0.038452 0.010986 43.006086
27877 1444991814.551604 -0.049439 0.010986 42.918196
27878 1444991814.561597 -0.049439 0.010986 42.918196
27879 1444991814.571677 0.038452 0.010986 42.830305
27880 1444991814.581940 -0.049439 0.010986 42.654523
27881 1444991814.592141 0.038452 -0.076904 42.478741
27882 1444991814.602179 0.038452 0.010986 42.30296
27883 1444991814.612403 -0.049439 -0.076904 42.127178
27884 1444991814.624291 0.038452 -0.076904 41.775615
27885 1444991814.633969 0.038452 0.010986 41.511942
27886 1444991814.644199 0.038452 0.010986 41.160379
27887 1444991814.653999 -0.049439 0.010986 40.896706
27888 1444991814.664190 0.038452 0.010986 40.545143
27889 1444991814.674459 -0.049439 0.010986 40.100196
27890 1444991814.684186 -0.049439 0.010986 39.748632
27891 1444991814.694320 0.038452 0.010986 39.221287
27892 1444991814.704483 -0.049439 0.010986 38.781833
27893 1444991814.714719 -0.049439 -0.076904 38.342379
27894 1444991814.724795 -0.049439 0.010986 37.815034
27895 1444991814.734968 -0.049439 0.010986 37.199798
27896 1444991814.744969 -0.049439 0.010986 36.672453
27897 1444991814.755082 -0.049439 0.010986 36.057217
27898 1444991814.765552 -0.049439 -0.076904 35.35409
27899 1444991814.775511 -0.049439 0.010986 34.738854
27900 1444991814.785509 -0.049439 0.010986 34.035728
27901 1444991814.795783 0.038452 0.010986 33.332601
27902 1444991814.800986 -0.049439 0.010986 32.981038
27903 1444991814.811050 -0.049439 0.010986 32.19002
27904 1444991814.826063 0.038452 0.010986 31.047439
27905 1444991814.832389 0.038452 0.010986 30.607985
27906 1444991814.842513 -0.049439 0.010986 29.729076
27907 1444991814.852317 0.038452 0.010986 28.938059
27908 1444991814.862654 -0.049439 0.010986 28.059151
27909 1444991814.874454 -0.049439 -0.076904 26.740788
27910 1444991814.883868 -0.049439 -0.076904 25.94977
27911 1444991814.894025 -0.049439 0.010986 24.982971
27912 1444991814.904236 0.038452 -0.076904 24.191954
27913 1444991814.914260 0.038452 -0.076904 23.225154
27914 1444991814.924482 -0.049439 -0.076904 22.346246
27915 1444991814.934622 0.038452 -0.076904 21.467338
27916 1444991814.945066 0.038452 0.010986 20.588429
27917 1444991814.955387 -0.049439 -0.076904 19.62163
27918 1444991814.965410 0.038452 0.010986 18.654831
27919 1444991814.975550 -0.049439 -0.076904 17.863813
27920 1444991814.985462 -0.049439 -0.076904 16.891521
27921 1444991814.995675 -0.049439 0.010986 16.012612
27922 1444991815.005764 -0.049439 -0.076904 15.045813
27923 1444991815.015693 -0.049439 -0.076904 14.166905
27924 1444991815.025873 -0.049439 -0.076904 13.200105
27925 1444991815.035963 -0.049439 -0.076904 12.321197
27926 1444991815.046001 -0.049439 0.010986 11.354398
27927 1444991815.056945 0.038452 -0.076904 10.475489
27928 1444991815.066519 -0.049439 0.010986 9.50869
27929 1444991815.074225 -0.049439 0.010986 8.629782
27930 1444991815.087311 0.038452 -0.076904 7.662983
27931 1444991815.097340 0.038452 -0.076904 6.871965
27932 1444991815.107494 -0.049439 -0.076904 5.905166
27933 1444991815.117606 0.038452 0.010986 5.114148
27934 1444991815.127759 -0.049439 0.010986 4.23524
27935 1444991815.137891 0.038452 0.010986 3.444222
27936 1444991815.144031 0.038452 0.010986 2.653205
27937 1444991815.154466 -0.049439 -0.076904 1.950078
27938 1444991815.164426 -0.049439 0.010986 1.246951
27939 1444991815.174921 -0.049439 0.010986 0.455934
27940 1444991815.184616 -0.049439 0.010986 -0.159302
27941 1444991815.194469 -0.049439 0.010986 -0.862429
27942 1444991815.204593 -0.049439 0.010986 -1.477665
27943 1444991815.215057 0.038452 0.010986 -2.00501
27944 1444991815.225547 0.038452 0.010986 -2.620246
27945 1444991815.234845 -0.049439 0.010986 -3.147591
27946 1444991815.245864 0.038452 0.010986 -3.674936
27947 1444991815.255055 0.038452 0.010986 -4.202281
27948 1444991815.265165 0.038452 0.010986 -4.641735
27949 1444991815.275330 0.038452 -0.076904 -5.174573
27950 1444991815.285380 0.038452 0.010986 -5.614027
27951 1444991815.295564 0.038452 -0.076904 -6.053482
27952 1444991815.305748 0.038452 0.010986 -6.405045
27953 1444991815.315663 0.038452 -0.076904 -6.844499
27954 1444991815.325818 0.038452 0.010986 -7.196062
27955 1444991815.335840 0.038452 0.010986 -7.547626
27956 1444991815.346205 0.038452 0.010986 -7.899189
27957 1444991815.356750 0.038452 0.010986 -8.162862
27958 1444991815.366937 0.038452 0.010986 -8.426534
27959 1444991815.376932 0.038452 0.010986 -8.690207
27960 1444991815.387133 0.038452 0.010986 -8.865988
27961 1444991815.397233 0.038452 0.010986 -9.04177
27962 1444991815.407398 0.038452 0.010986 -9.217552
27963 1444991815.418941 0.038452 0.010986 -9.481224
27964 1444991815.429196 0.038452 0.098877 -9.657006
27965 1444991815.437906 0.038452 0.098877 -9.744897
27966 1444991815.447887 0.038452 0.098877 -9.920679
27967 1444991815.457893 0.038452 0.098877 -10.008569
27968 1444991815.469421 0.038452 0.010986 -10.272242
27969 1444991815.479261 0.038452 0.010986 -10.360133
27970 1444991815.489138 0.038452 0.010986 -10.535914
27971 1444991815.499122 0.126343 0.010986 -10.623805
27972 1444991815.509386 0.038452 0.098877 -10.711696
27973 1444991815.519906 0.038452 0.010986 -10.799587
27974 1444991815.529619 0.038452 0.010986 -10.975369
27975 1444991815.539560 0.038452 0.010986 -10.975369
27976 1444991815.549655 0.126343 0.010986 -11.063259
27977 1444991815.559849 0.126343 0.098877 -11.15115
27978 1444991815.570310 0.038452 0.010986 -11.15115
27979 1444991815.580154 0.038452 0.098877 -11.15115
27980 1444991815.590625 0.038452 0.098877 -11.239041
27981 1444991815.600682 0.038452 0.098877 -11.15115
27982 1444991815.610812 0.038452 0.098877 -11.15115
27983 1444991815.621126 0.038452 0.010986 -11.15115
27984 1444991815.631101 0.038452 0.098877 -11.15115
27985 1444991815.641243 0.038452 0.010986 -11.15115
27986 1444991815.651229 0.038452 0.098877 -11.15115
27987 1444991815.661188 0.038452 0.098877 -11.15115
27988 1444991815.671435 0.038452 0.098877 -11.15115
27989 1444991815.681491 0.038452 0.098877 -11.15115
27990 1444991815.691571 0.038452 0.098877 -11.15115
27991 1444991815.701772 0.038452 0.098877 -11.063259
27992 1444991815.711760 0.038452 0.010986 -11.063259
27993 1444991815.720440 0.038452 0.010986 -11.063259
27994 1444991815.731548 0.038452 0.098877 -11.063259
27995 1444991815.739563 0.038452 0.010986 -10.975369
27996 1444991815.749160 0.038452 0.010986 -10.975369
27997 1444991815.758897 0.038452 0.010986 -10.975369
27998 1444991815.769396 0.038452 0.010986 -10.975369
27999 1444991815.780486 0.038452 0.010986 -10.887478
28000 1444991815.789837 0.038452 0.010986 -10.887478
28001 1444991815.799953 0.038452 0.010986 -10.799587
28002 1444991815.809777 0.038452 -0.076904 -10.711696
28003 1444991815.820376 0.038452 0.010986 -10.711696
28004 1444991815.830067 0.038452 0.010986 -10.623805
28005 1444991815.840384 0.038452 -0.076904 -10.535914
28006 1444991815.850510 0.038452 0.010986 -10.535914
28007 1444991815.860606 0.038452 -0.076904 -10.448024
28008 1444991815.872280 0.038452 0.010986 -10.448024
28009 1444991815.881774 0.038452 -0.076904 -10.360133
28010 1444991815.891555 0.038452 0.010986 -10.272242
28011 1444991815.901324 0.038452 -0.076904 -10.272242
28012 1444991815.911429 0.038452 -0.076904 -10.184351
28013 1444991815.921760 0.038452 0.010986 -10.184351
28014 1444991815.931720 0.038452 0.010986 -10.09646
28015 1444991815.941738 0.038452 -0.076904 -10.09646
28016 1444991815.951736 0.038452 -0.076904 -10.09646
28017 1444991815.961834 0.038452 0.010986 -10.008569
28018 1444991815.971892 0.038452 -0.076904 -10.008569
28019 1444991815.982088 -0.049439 -0.076904 -10.008569
28020 1444991815.992243 -0.049439 -0.076904 -10.008569
28021 1444991816.002309 -0.049439 -0.076904 -10.008569
28022 1444991816.012404 -0.049439 -0.076904 -10.008569
28023 1444991816.023910 -0.049439 -0.076904 -10.008569
28024 1444991816.029221 -0.049439 -0.076904 -10.008569
28025 1444991816.044046 -0.049439 -0.076904 -10.008569
28026 1444991816.054134 -0.049439 -0.076904 -10.008569
28027 1444991816.064258 -0.049439 -0.076904 -10.008569
28028 1444991816.073945 -0.049439 -0.076904 -10.008569
28029 1444991816.084387 0.038452 -0.076904 -10.008569
28030 1444991816.090038 -0.049439 -0.076904 -10.008569
28031 1444991816.099872 -0.049439 -0.076904 -10.008569
28032 1444991816.110859 -0.049439 -0.076904 -10.008569
28033 1444991816.121319 -0.049439 -0.076904 -10.008569
28034 1444991816.131777 -0.049439 -0.076904 -10.008569
28035 1444991816.140631 -0.049439 -0.076904 -10.008569
28036 1444991816.151103 -0.049439 -0.076904 -10.008569
28037 1444991816.161271 -0.049439 -0.076904 -10.008569
28038 1444991816.174287 -0.049439 -0.076904 -10.008569
28039 1444991816.181793 -0.049439 -0.076904 -10.008569
28040 1444991816.191583 0.038452 -0.076904 -10.008569
28041 1444991816.201491 -0.049439 0.010986 -9.920679
28042 1444991816.211745 -0.049439 -0.076904 -9.832788
28043 1444991816.221840 -0.049439 0.010986 -9.744897
28044 1444991816.231939 -0.049439 0.010986 -9.657006
28045 1444991816.242130 -0.049439 0.010986 -9.569115
28046 1444991816.252234 -0.049439 -0.076904 -9.481224
28047 1444991816.262316 -0.049439 0.010986 -9.305443
28048 1444991816.268861 -0.049439 0.010986 -9.217552
28049 1444991816.279409 -0.049439 0.010986 -9.217552
28050 1444991816.294076 -0.049439 0.010986 -9.129661
28051 1444991816.304208 -0.049439 0.010986 -9.129661
28052 1444991816.314205 -0.049439 0.010986 -9.129661
28053 1444991816.324822 -0.049439 0.010986 -9.217552
28054 1444991816.334218 -0.049439 0.010986 -9.305443
28055 1444991816.344507 -0.049439 0.010986 -9.305443
28056 1444991816.354762 -0.049439 0.010986 -9.393333
28057 1444991816.364758 0.038452 0.010986 -9.393333
28058 1444991816.374990 0.038452 0.098877 -9.481224
28059 1444991816.384816 -0.049439 0.010986 -9.569115
28060 1444991816.394895 0.038452 0.010986 -9.744897
28061 1444991816.405055 0.038452 0.010986 -9.832788
28062 1444991816.415073 0.038452 0.098877 -9.920679
28063 1444991816.425482 0.038452 0.098877 -10.008569
28064 1444991816.435560 0.038452 0.098877 -10.09646
28065 1444991816.445453 0.038452 0.098877 -10.184351
28066 1444991816.455566 0.038452 0.098877 -10.272242
28067 1444991816.465550 0.038452 0.098877 -10.360133
28068 1444991816.475732 0.038452 0.098877 -10.448024
28069 1444991816.486006 0.038452 0.010986 -10.535914
28070 1444991816.496275 0.038452 0.098877 -10.623805
28071 1444991816.506697 0.038452 0.098877 -10.623805
28072 1444991816.517022 0.038452 0.010986 -10.711696
28073 1444991816.524243 0.038452 0.098877 -10.799587
28074 1444991816.537174 0.038452 0.010986 -10.799587
28075 1444991816.547139 0.038452 0.010986 -10.887478
28076 1444991816.557113 -0.049439 0.010986 -10.887478
28077 1444991816.563869 0.038452 0.010986 -10.887478
28078 1444991816.574617 0.038452 0.010986 -10.887478
28079 1444991816.584002 0.038452 0.098877 -10.975369
28080 1444991816.593948 0.038452 0.098877 -10.975369
28081 1444991816.604244 0.038452 0.010986 -10.975369
28082 1444991816.614303 0.038452 0.010986 -10.975369
28083 1444991816.624450 0.038452 0.010986 -10.975369
28084 1444991816.634459 0.038452 0.010986 -10.975369
28085 1444991816.644557 0.038452 0.010986 -10.975369
28086 1444991816.654560 0.038452 0.098877 -10.975369
28087 1444991816.664530 0.038452 0.010986 -10.887478
28088 1444991816.675311 0.038452 0.010986 -10.887478
28089 1444991816.685383 0.038452 0.010986 -10.887478
28090 1444991816.695572 0.038452 0.098877 -10.887478
28091 1444991816.705565 0.038452 0.010986 -10.799587
28092 1444991816.715567 0.038452 0.010986 -10.799587
28093 1444991816.725594 0.038452 0.010986 -10.711696
28094 1444991816.735672 0.038452 0.010986 -10.711696
28095 1444991816.745856 0.038452 0.010986 -10.623805
28096 1444991816.755992 0.038452 0.010986 -10.623805
28097 1444991816.766009 0.038452 0.010986 -10.535914
28098 1444991816.776260 -0.049439 0.010986 -10.535914
28099 1444991816.786277 0.038452 0.010986 -10.448024
28100 1444991816.796448 0.038452 0.010986 -10.360133
28101 1444991816.806515 -0.049439 0.010986 -10.360133
28102 1444991816.818907 0.038452 0.010986 -10.272242
28103 1444991816.829226 -0.049439 0.010986 -10.184351
28104 1444991816.837412 -0.049439 0.010986 -10.184351
28105 1444991816.847464 -0.049439 0.010986 -10.184351
28106 1444991816.857730 -0.049439 0.010986 -10.184351
28107 1444991816.863869 -0.049439 0.010986 -10.184351
28108 1444991816.879810 -0.049439 0.010986 -10.184351
28109 1444991816.889494 -0.049439 0.010986 -10.09646
28110 1444991816.899399 -0.049439 0.010986 -10.09646
28111 1444991816.909501 -0.049439 0.010986 -10.09646
28112 1444991816.919981 -0.049439 0.010986 -10.09646
28113 1444991816.929926 -0.049439 0.010986 -10.09646
28114 1444991816.939967 -0.049439 0.010986 -10.09646
28115 1444991816.949887 -0.049439 0.010986 -10.09646
28116 1444991816.959969 -0.049439 0.010986 -10.09646
28117 1444991816.970284 -0.049439 0.010986 -10.09646
28118 1444991816.980218 -0.049439 0.010986 -10.09646
28119 1444991816.990280 0.038452 0.010986 -10.09646
28120 1444991817.000390 -0.049439 0.010986 -10.09646
28121 1444991817.010526 0.038452 0.010986 -10.09646
28122 1444991817.016582 0.038452 0.010986 -10.09646
28123 1444991817.026705 0.038452 0.010986 -10.09646
28124 1444991817.036633 0.038452 0.010986 -10.09646
28125 1444991817.046619 0.038452 0.010986 -10.09646
28126 1444991817.056823 0.038452 0.010986 -10.09646
28127 1444991817.067071 0.038452 0.010986 -10.09646
28128 1444991817.077411 0.038452 0.010986 -10.09646
28129 1444991817.087497 0.038452 0.010986 -10.09646
28130 1444991817.097729 0.038452 0.010986 -10.09646
28131 1444991817.103823 0.038452 0.010986 -10.09646
28132 1444991817.119126 -0.049439 0.010986 -10.09646
28133 1444991817.130125 -0.049439 0.010986 -10.09646
28134 1444991817.138872 -0.049439 0.010986 -10.09646
28135 1444991817.149310 -0.049439 0.010986 -10.09646
28136 1444991817.159029 -0.049439 0.010986 -10.09646
28137 1444991817.169926 -0.049439 0.010986 -10.09646
28138 1444991817.179811 -0.049439 0.010986 -10.09646
28139 1444991817.189611 -0.049439 0.010986 -10.09646
28140 1444991817.199770 -0.049439 0.010986 -10.09646
28141 1444991817.209837 -0.049439 0.010986 -10.09646
28142 1444991817.220193 -0.049439 0.010986 -10.09646
28143 1444991817.230606 0.038452 0.010986 -10.09646
28144 1444991817.240289 -0.049439 0.010986 -10.09646
28145 1444991817.250568 -0.049439 0.010986 -10.09646
28146 1444991817.260626 -0.049439 0.010986 -10.09646
28147 1444991817.271358 -0.049439 0.010986 -10.09646
28148 1444991817.281184 -0.049439 0.010986 -10.09646
28149 1444991817.291507 -0.049439 0.010986 -10.09646
28150 1444991817.301451 -0.049439 0.010986 -10.09646
28151 1444991817.311368 -0.049439 0.010986 -10.09646
28152 1444991817.321807 -0.049439 0.010986 -10.09646
28153 1444991817.329485 -0.049439 0.010986 -10.09646
28154 1444991817.342018 -0.049439 0.010986 -10.09646
28155 1444991817.352047 -0.049439 0.010986 -10.184351
28156 1444991817.358985 -0.049439 0.010986 -10.184351
28157 1444991817.369485 -0.049439 0.010986 -10.184351
28158 1444991817.379133 -0.049439 0.010986 -10.184351
28159 1444991817.388926 -0.049439 0.010986 -10.184351
28160 1444991817.399164 -0.049439 0.010986 -10.184351
28161 1444991817.409281 -0.049439 0.010986 -10.184351
28162 1444991817.419835 -0.049439 0.010986 -10.184351
28163 1444991817.429765 -0.049439 0.010986 -10.184351
28164 1444991817.439477 -0.049439 0.010986 -10.184351
28165 1444991817.449536 -0.049439 -0.076904 -10.184351
28166 1444991817.459683 -0.049439 0.010986 -10.184351
28167 1444991817.470015 -0.049439 0.010986 -10.184351
28168 1444991817.480392 -0.049439 -0.076904 -10.184351
28169 1444991817.489935 -0.049439 -0.076904 -10.272242
28170 1444991817.500177 -0.049439 -0.076904 -10.272242
28171 1444991817.510221 -0.049439 -0.076904 -10.272242
28172 1444991817.521258 -0.049439 -0.076904 -10.272242
28173 1444991817.530683 -0.049439 -0.076904 -10.272242
28174 1444991817.540941 -0.049439 -0.076904 -10.272242
28175 1444991817.551068 -0.049439 -0.076904 -10.272242
28176 1444991817.561078 -0.049439 -0.076904 -10.272242
28177 1444991817.571240 -0.049439 -0.076904 -10.272242
28178 1444991817.581345 -0.049439 -0.076904 -10.272242
28179 1444991817.591550 -0.049439 -0.076904 -10.272242
28180 1444991817.601604 -0.049439 -0.076904 -10.272242
28181 1444991817.611686 -0.049439 0.010986 -10.272242
28182 1444991817.619024 -0.049439 -0.076904 -10.272242
28183 1444991817.628988 -0.049439 0.010986 -10.272242
28184 1444991817.642122 -0.049439 -0.076904 -10.360133
28185 1444991817.652047 -0.049439 -0.076904 -10.360133
28186 1444991817.662176 -0.049439 -0.076904 -10.360133
28187 1444991817.669933 -0.049439 -0.076904 -10.360133
28188 1444991817.680323 -0.049439 -0.076904 -10.360133
28189 1444991817.694138 -0.049439 -0.076904 -10.360133
28190 1444991817.704160 -0.049439 -0.076904 -10.360133
28191 1444991817.714241 -0.049439 0.010986 -10.360133
28192 1444991817.724177 -0.049439 0.010986 -10.360133
28193 1444991817.734912 -0.049439 0.010986 -10.360133
28194 1444991817.741140 -0.049439 0.010986 -10.360133
28195 1444991817.750807 -0.049439 0.010986 -10.360133
28196 1444991817.760912 -0.049439 0.010986 -10.360133
28197 1444991817.775401 -0.049439 0.010986 -10.360133
28198 1444991817.781718 -0.049439 -0.076904 -10.360133
28199 1444991817.791371 -0.049439 0.010986 -10.448024
28200 1444991817.801758 -0.049439 -0.076904 -10.360133
28201 1444991817.811597 -0.049439 -0.076904 -10.448024
28202 1444991817.821857 -0.049439 -0.076904 -10.360133
28203 1444991817.832260 -0.049439 0.010986 -10.360133
28204 1444991817.842207 -0.049439 0.010986 -10.360133
28205 1444991817.852281 -0.049439 0.010986 -10.360133
28206 1444991817.862413 -0.049439 0.010986 -10.360133
28207 1444991817.872578 -0.049439 0.010986 -10.360133
28208 1444991817.882665 -0.049439 0.010986 -10.360133
28209 1444991817.892881 -0.049439 0.010986 -10.448024
28210 1444991817.902932 -0.049439 0.010986 -10.360133
28211 1444991817.913858 -0.049439 0.010986 -10.448024
28212 1444991817.920128 -0.049439 -0.076904 -10.448024
28213 1444991817.930425 -0.049439 -0.076904 -10.360133
28214 1444991817.943987 -0.049439 0.010986 -10.448024
28215 1444991817.954165 -0.049439 0.010986 -10.448024
28216 1444991817.964290 -0.049439 0.010986 -10.360133
28217 1444991817.974542 -0.049439 -0.076904 -10.448024
28218 1444991817.984400 -0.049439 -0.076904 -10.448024
28219 1444991817.994748 -0.049439 0.010986 -10.360133
28220 1444991818.004687 -0.049439 0.010986 -10.360133
28221 1444991818.014783 -0.049439 -0.076904 -10.360133
28222 1444991818.024547 -0.049439 0.010986 -10.360133
28223 1444991818.034799 -0.049439 0.010986 -10.360133
28224 1444991818.045385 -0.049439 0.010986 -10.360133
28225 1444991818.055430 -0.049439 0.010986 -10.360133
28226 1444991818.065604 -0.049439 0.010986 -10.360133
28227 1444991818.076271 -0.049439 0.010986 -10.360133
28228 1444991818.086668 -0.049439 0.010986 -10.360133
28229 1444991818.096701 -0.049439 0.010986 -10.360133
28230 1444991818.106663 -0.049439 0.010986 -10.448024
28231 1444991818.116731 -0.049439 -0.076904 -10.360133
28232 1444991818.127481 -0.049439 -0.076904 -10.360133
28233 1444991818.137280 -0.049439 0.010986 -10.448024
28234 1444991818.146909 -0.049439 -0.076904 -10.448024
28235 1444991818.157203 -0.049439 0.010986 -10.448024
28236 1444991818.163969 -0.049439 0.010986 -10.448024
28237 1444991818.174249 -0.049439 -0.076904 -10.360133
28238 1444991818.183902 -0.049439 0.010986 -10.360133
28239 1444991818.193993 -0.049439 0.010986 -10.448024
28240 1444991818.204327 -0.049439 -0.076904 -10.448024
28241 1444991818.214528 -0.049439 0.010986 -10.360133
28242 1444991818.225520 -0.049439 -0.076904 -10.360133
28243 1444991818.235472 -0.049439 0.010986 -10.360133
28244 1444991818.245534 -0.049439 0.010986 -10.360133
28245 1444991818.255651 -0.049439 0.010986 -10.360133
28246 1444991818.265788 -0.049439 -0.076904 -10.360133
28247 1444991818.275703 -0.049439 0.010986 -10.360133
28248 1444991818.285755 -0.049439 0.010986 -10.360133
28249 1444991818.295883 -0.049439 0.010986 -10.448024
28250 1444991818.306020 -0.049439 0.010986 -10.360133
28251 1444991818.316201 -0.049439 -0.076904 -10.360133
28252 1444991818.326252 -0.049439 0.010986 -10.448024
28253 1444991818.336328 -0.049439 0.010986 -10.448024
28254 1444991818.346359 -0.049439 -0.076904 -10.448024
28255 1444991818.356543 -0.049439 0.010986 -10.360133
28256 1444991818.366655 -0.049439 0.010986 -10.360133
28257 1444991818.376736 -0.049439 0.010986 -10.448024
28258 1444991818.386837 -0.049439 0.010986 -10.360133
28259 1444991818.396920 -0.049439 0.010986 -10.360133
28260 1444991818.407109 -0.049439 0.010986 -10.360133
28261 1444991818.417253 -0.049439 0.010986 -10.360133
28262 1444991818.423924 -0.049439 0.010986 -10.448024
28263 1444991818.437542 -0.049439 0.010986 -10.360133
28264 1444991818.448806 -0.049439 0.010986 -10.448024
28265 1444991818.458991 -0.049439 0.010986 -10.360133
28266 1444991818.470046 -0.049439 0.010986 -10.360133
28267 1444991818.479983 -0.049439 0.010986 -10.360133
28268 1444991818.489252 -0.049439 0.010986 -10.360133
28269 1444991818.499206 -0.049439 -0.076904 -10.360133
28270 1444991818.509198 -0.049439 -0.076904 -10.360133
28271 1444991818.520309 -0.049439 0.010986 -10.360133
28272 1444991818.530570 -0.049439 0.010986 -10.448024
28273 1444991818.540519 -0.049439 0.010986 -10.360133
28274 1444991818.550073 -0.049439 -0.076904 -10.360133
28275 1444991818.560108 -0.049439 -0.076904 -10.360133
28276 1444991818.570626 -0.049439 0.010986 -10.360133
28277 1444991818.580450 -0.049439 -0.076904 -10.360133
28278 1444991818.590934 -0.049439 0.010986 -10.448024
28279 1444991818.601522 -0.049439 -0.076904 -10.360133
28280 1444991818.606787 -0.049439 0.010986 -10.360133
28281 1444991818.617046 -0.049439 0.010986 -10.360133
28282 1444991818.627185 -0.049439 0.010986 -10.360133
28283 1444991818.637207 -0.049439 0.010986 -10.360133
28284 1444991818.647259 -0.049439 0.010986 -10.360133
28285 1444991818.657530 -0.049439 0.010986 -10.360133
28286 1444991818.667692 -0.049439 0.010986 -10.360133
28287 1444991818.674891 -0.049439 0.010986 -10.360133
28288 1444991818.683999 -0.049439 0.010986 -10.360133
28289 1444991818.694112 -0.049439 0.010986 -10.360133
28290 1444991818.704123 -0.049439 0.010986 -10.360133
28291 1444991818.719429 -0.049439 0.010986 -10.360133
28292 1444991818.729692 -0.049439 0.010986 -10.360133
28293 1444991818.739257 -0.049439 0.010986 -10.360133
28294 1444991818.749362 -0.049439 0.010986 -10.360133
28295 1444991818.759542 -0.049439 0.010986 -10.448024
28296 1444991818.769748 -0.049439 0.010986 -10.448024
28297 1444991818.779253 -0.049439 -0.076904 -10.360133
28298 1444991818.789794 -0.049439 -0.076904 -10.360133
28299 1444991818.799910 -0.049439 -0.076904 -10.360133
28300 1444991818.809968 -0.049439 -0.076904 -10.360133
28301 1444991818.820079 -0.049439 0.010986 -10.360133
28302 1444991818.828973 -0.049439 0.010986 -10.360133
28303 1444991818.840266 -0.049439 0.010986 -10.360133
28304 1444991818.850476 -0.049439 0.010986 -10.360133
28305 1444991818.860464 -0.049439 0.010986 -10.360133
28306 1444991818.870619 -0.049439 0.010986 -10.360133
28307 1444991818.879430 -0.049439 0.010986 -10.360133
28308 1444991818.890582 -0.049439 0.010986 -10.360133
28309 1444991818.900867 -0.049439 0.010986 -10.360133
28310 1444991818.911393 -0.049439 0.010986 -10.360133
28311 1444991818.919232 -0.049439 0.010986 -10.360133
28312 1444991818.929969 -0.049439 0.010986 -10.360133
28313 1444991818.941660 -0.049439 0.010986 -10.360133
28314 1444991818.951691 -0.049439 0.010986 -10.360133
28315 1444991818.959251 -0.049439 0.010986 -10.360133
28316 1444991818.970112 -0.049439 0.010986 -10.360133
28317 1444991818.979996 -0.049439 0.010986 -10.360133
28318 1444991818.989393 -0.049439 0.010986 -10.360133
28319 1444991819.003878 -0.049439 0.010986 -10.360133
28320 1444991819.013903 -0.049439 0.010986 -10.360133
28321 1444991819.020557 -0.049439 0.010986 -10.360133
28322 1444991819.029882 -0.049439 0.010986 -10.360133
28323 1444991819.040086 -0.049439 0.010986 -10.360133
28324 1444991819.050038 -0.049439 0.010986 -10.360133
28325 1444991819.060426 -0.049439 0.010986 -10.360133
28326 1444991819.070583 -0.049439 0.010986 -10.360133
28327 1444991819.080169 0.038452 0.010986 -10.360133
28328 1444991819.090917 -0.049439 0.010986 -10.360133
28329 1444991819.100878 -0.049439 0.010986 -10.360133
28330 1444991819.111119 -0.049439 0.010986 -10.360133
28331 1444991819.121411 -0.049439 0.010986 -10.360133
28332 1444991819.130865 0.038452 0.010986 -10.360133
28333 1444991819.141829 -0.049439 0.010986 -10.360133
28334 1444991819.152092 -0.049439 0.010986 -10.360133
28335 1444991819.162096 -0.049439 0.010986 -10.360133
28336 1444991819.170095 -0.049439 0.010986 -10.360133
28337 1444991819.180766 -0.049439 0.010986 -10.360133
28338 1444991819.188967 -0.049439 0.010986 -10.272242
28339 1444991819.202509 -0.049439 0.010986 -10.360133
28340 1444991819.212621 -0.049439 0.010986 -10.272242
28341 1444991819.221251 -0.049439 0.010986 -10.272242
28342 1444991819.231092 -0.049439 0.010986 -10.272242
28343 1444991819.244238 -0.049439 0.010986 -10.272242
28344 1444991819.254258 -0.049439 -0.076904 -10.272242
28345 1444991819.264432 -0.049439 0.010986 -10.272242
28346 1444991819.274766 -0.049439 0.010986 -10.272242
28347 1444991819.284019 -0.049439 0.010986 -10.272242
28348 1444991819.294670 -0.049439 0.010986 -10.272242
28349 1444991819.304668 0.038452 0.010986 -10.272242
28350 1444991819.314609 -0.049439 0.010986 -10.272242
28351 1444991819.324696 -0.049439 0.010986 -10.272242
28352 1444991819.334835 0.038452 0.010986 -10.272242
28353 1444991819.345100 -0.049439 0.010986 -10.272242
28354 1444991819.355072 -0.049439 0.010986 -10.272242
28355 1444991819.365278 -0.049439 0.010986 -10.272242
28356 1444991819.375252 -0.049439 0.010986 -10.272242
28357 1444991819.385513 0.038452 0.010986 -10.272242
28358 1444991819.395728 -0.049439 0.010986 -10.272242
28359 1444991819.406148 0.038452 0.010986 -10.272242
28360 1444991819.416743 0.038452 0.010986 -10.272242
28361 1444991819.426887 -0.049439 0.010986 -10.272242
28362 1444991819.437122 0.038452 0.010986 -10.272242
28363 1444991819.447131 0.038452 0.010986 -10.272242
28364 1444991819.457219 -0.049439 0.010986 -10.272242
28365 1444991819.467442 -0.049439 0.010986 -10.272242
28366 1444991819.477465 0.038452 0.010986 -10.272242
28367 1444991819.487657 0.038452 0.010986 -10.272242
28368 1444991819.497730 0.038452 0.010986 -10.272242
28369 1444991819.507803 0.038452 0.010986 -10.272242
28370 1444991819.517894 0.038452 0.010986 -10.272242
28371 1444991819.520237 -0.049439 0.010986 -10.272242
28372 1444991819.530827 0.038452 0.010986 -10.272242
28373 1444991819.543981 0.038452 0.010986 -10.272242
28374 1444991819.554215 0.038452 0.010986 -10.272242
28375 1444991819.564244 0.038452 0.010986 -10.272242
28376 1444991819.574493 -0.049439 0.010986 -10.272242
28377 1444991819.584448 0.038452 0.010986 -10.272242
28378 1444991819.594949 0.038452 0.010986 -10.272242
28379 1444991819.604993 0.038452 0.010986 -10.272242
28380 1444991819.615148 0.038452 0.010986 -10.272242
28381 1444991819.625135 0.038452 0.010986 -10.272242
28382 1444991819.635455 0.038452 0.010986 -10.272242
28383 1444991819.645518 -0.049439 0.010986 -10.272242
28384 1444991819.655802 0.038452 0.010986 -10.272242
28385 1444991819.665922 0.038452 0.010986 -10.272242
28386 1444991819.676114 0.038452 0.010986 -10.272242
28387 1444991819.686232 0.038452 0.010986 -10.272242
28388 1444991819.696587 0.038452 0.010986 -10.272242
28389 1444991819.706752 0.038452 0.010986 -10.272242
28390 1444991819.718850 0.038452 0.010986 -10.272242
28391 1444991819.729164 0.038452 0.010986 -10.272242
28392 1444991819.737011 -0.049439 0.010986 -10.272242
28393 1444991819.746988 0.038452 0.010986 -10.272242
28394 1444991819.757007 0.038452 0.010986 -10.272242
28395 1444991819.766988 0.038452 0.010986 -10.272242
28396 1444991819.774937 0.038452 0.010986 -10.272242
28397 1444991819.787246 0.038452 0.010986 -10.272242
28398 1444991819.794310 -0.049439 0.010986 -10.272242
28399 1444991819.803885 0.038452 0.010986 -10.272242
28400 1444991819.814636 0.038452 0.010986 -10.272242
28401 1444991819.825275 0.038452 0.010986 -10.272242
28402 1444991819.838915 0.038452 0.010986 -10.272242
28403 1444991819.849028 -0.049439 0.010986 -10.272242
28404 1444991819.859155 0.038452 0.010986 -10.272242
28405 1444991819.869313 0.038452 0.010986 -10.272242
28406 1444991819.879061 0.038452 0.010986 -10.272242
28407 1444991819.890114 0.038452 0.010986 -10.272242
28408 1444991819.900179 0.038452 0.010986 -10.272242
28409 1444991819.910383 0.038452 0.010986 -10.272242
28410 1444991819.915409 0.038452 0.010986 -10.272242
28411 1444991819.925313 0.038452 0.010986 -10.272242
28412 1444991819.935646 0.038452 0.010986 -10.272242
28413 1444991819.945690 0.038452 0.010986 -10.272242
28414 1444991819.955789 0.038452 0.010986 -10.272242
28415 1444991819.965941 0.038452 0.010986 -10.272242
28416 1444991819.975971 0.038452 0.010986 -10.272242
28417 1444991819.986468 0.038452 0.010986 -10.272242
28418 1444991819.996585 0.038452 0.010986 -10.272242
28419 1444991820.006714 -0.049439 0.010986 -10.272242
28420 1444991820.016972 0.038452 0.010986 -10.272242
28421 1444991820.026937 0.038452 0.010986 -10.272242
28422 1444991820.036892 0.038452 0.010986 -10.272242
28423 1444991820.047014 -0.049439 0.010986 -10.272242
28424 1444991820.057073 0.038452 0.010986 -10.272242
28425 1444991820.067237 0.038452 0.010986 -10.272242
28426 1444991820.077241 0.038452 0.010986 -10.272242
28427 1444991820.087362 0.038452 0.010986 -10.272242
28428 1444991820.093829 0.038452 0.010986 -10.272242
28429 1444991820.107616 0.038452 0.010986 -10.272242
28430 1444991820.117742 0.038452 0.010986 -10.272242
28431 1444991820.129008 0.038452 0.010986 -10.272242
28432 1444991820.139013 0.038452 0.010986 -10.272242
28433 1444991820.149036 0.038452 0.010986 -10.272242
28434 1444991820.159077 0.038452 0.010986 -10.272242
28435 1444991820.169461 0.038452 0.010986 -10.272242
28436 1444991820.179697 0.038452 0.010986 -10.272242
28437 1444991820.189708 0.038452 0.010986 -10.272242
28438 1444991820.199948 0.038452 0.010986 -10.272242
28439 1444991820.210038 0.038452 0.010986 -10.272242
28440 1444991820.220639 0.038452 0.010986 -10.272242
28441 1444991820.230154 0.038452 0.010986 -10.272242
28442 1444991820.240372 0.038452 0.010986 -10.272242
28443 1444991820.250444 0.038452 0.010986 -10.272242
28444 1444991820.260012 0.038452 0.010986 -10.272242
28445 1444991820.271375 0.038452 0.010986 -10.272242
28446 1444991820.281386 0.038452 0.010986 -10.272242
28447 1444991820.290892 -0.049439 0.010986 -10.272242
28448 1444991820.300769 0.038452 0.010986 -10.272242
28449 1444991820.310844 0.038452 0.010986 -10.272242
28450 1444991820.321014 0.038452 0.010986 -10.272242
28451 1444991820.329706 -0.049439 0.010986 -10.272242
28452 1444991820.341555 0.038452 0.010986 -10.272242
28453 1444991820.351673 0.038452 0.010986 -10.272242
28454 1444991820.361959 0.038452 0.010986 -10.272242
28455 1444991820.369836 0.038452 0.010986 -10.272242
28456 1444991820.379374 0.038452 0.010986 -10.272242
28457 1444991820.389067 0.038452 0.010986 -10.272242
28458 1444991820.399228 0.038452 0.010986 -10.272242
28459 1444991820.409482 -0.049439 0.010986 -10.272242
28460 1444991820.419791 0.038452 0.010986 -10.272242
28461 1444991820.429713 0.038452 0.010986 -10.272242
28462 1444991820.439738 0.038452 0.010986 -10.272242
28463 1444991820.449767 0.038452 0.010986 -10.272242
28464 1444991820.460023 0.038452 0.010986 -10.272242
28465 1444991820.469981 -0.049439 0.010986 -10.272242
28466 1444991820.479953 0.038452 0.010986 -10.272242
28467 1444991820.490170 0.038452 0.010986 -10.272242
28468 1444991820.500166 0.038452 0.010986 -10.272242
28469 1444991820.510543 0.038452 0.010986 -10.272242
28470 1444991820.520973 0.038452 0.010986 -10.272242
