24706 1444831732.631911 11.9971 5.070203 -0.005493 -10.019556 -2.603766 -4.47694
24707 1444831732.640695 11.9971 5.070203 -0.005493 -10.019556 -2.603766 -4.47694
24708 1444831732.652138 11.9971 5.070203 -0.005493 -10.019556 -2.603766 -4.47694
24709 1444831732.660495 11.9971 5.070203 -0.005493 -10.019556 -2.603766 -4.47694
24710 1444831732.672763 11.9971 5.070203 -0.005493 -10.019556 -2.603766 -4.47694
24711 1444831732.684288 11.9971 5.070203 -0.005493 -9.931665 -2.603766 -4.47694
24712 1444831732.694143 11.9971 5.070203 -0.005493 -9.931665 -2.603766 -4.47694
24713 1444831732.701331 11.9971 5.070203 -0.005493 -10.019556 -2.603766 -4.47694
24714 1444831732.710886 11.9971 5.070203 0.082398 -10.019556 -2.603766 -4.47694
24715 1444831732.724431 11.9971 5.070203 -0.005493 -10.019556 -2.603766 -4.47694
24716 1444831732.734045 11.9971 5.070203 -0.005493 -9.931665 -2.603766 -4.47694
24717 1444831732.741835 11.9971 5.070203 -0.005493 -10.019556 -2.603766 -4.47694
24718 1444831732.751854 11.9971 5.070203 -0.005493 -10.019556 -2.603766 -4.47694
24719 1444831732.764120 11.9971 5.070203 -0.005493 -9.931665 -2.603766 -4.47694
24720 1444831732.770882 11.9971 5.070203 -0.005493 -10.019556 -2.603766 -4.47694
24721 1444831732.780743 11.9971 5.070203 -0.005493 -10.019556 -2.603766 -4.47694
24722 1444831732.791425 11.9971 5.070203 -0.005493 -10.019556 -2.603766 -4.47694
24723 1444831732.800941 11.9971 5.070203 -0.005493 -9.931665 -2.603766 -4.47694
24724 1444831732.812988 11.9971 5.070203 -0.005493 -10.019556 -2.603766 -4.47694
24725 1444831732.822932 11.9971 5.070203 -0.005493 -10.019556 -2.603766 -4.47694
24726 1444831732.833057 11.9971 5.070203 -0.005493 -10.019556 -2.603766 -4.47694
24727 1444831732.840607 11.9971 5.070203 -0.005493 -10.019556 -2.603766 -4.47694
24728 1444831732.851298 11.9971 5.070203 0.082398 -10.019556 -2.603766 -4.47694
24729 1444831732.863426 11.9971 5.070203 -0.005493 -10.019556 -2.603766 -4.47694
24730 1444831732.871226 11.9971 5.070203 0.082398 -10.019556 -2.603766 -4.47694
24731 1444831732.880715 11.9971 5.070203 -0.005493 -10.019556 -2.603766 -4.47694
24732 1444831732.891307 11.9971 5.070203 -0.005493 -10.019556 -2.603766 -4.47694
24733 1444831732.904531 11.9971 5.070203 -0.005493 -9.931665 -2.603766 -4.47694
24734 1444831732.914690 11.9971 5.070203 -0.005493 -10.019556 -2.603766 -4.47694
24735 1444831732.923789 11.9971 5.070203 -0.005493 -10.019556 -2.603766 -4.47694
24736 1444831732.933709 11.9971 5.070203 -0.005493 -9.931665 -2.603766 -4.47694
24737 1444831732.944229 11.9971 5.070203 -0.005493 -9.931665 -2.603766 -4.47694
24738 1444831732.954027 11.9971 5.070203 -0.005493 -10.019556 -2.603766 -4.47694
24739 1444831732.965657 11.9971 5.070203 -0.005493 -9.931665 -2.603766 -4.47694
24740 1444831732.975841 11.9971 5.070203 -0.005493 -10.019556 -2.603766 -4.47694
24741 1444831732.986298 11.9971 5.070203 -0.005493 -10.019556 -2.603766 -4.47694
24742 1444831732.996119 11.9971 5.070203 -0.005493 -10.019556 -2.603766 -4.47694
24743 1444831733.006432 11.9971 5.070203 -0.005493 -9.931665 -2.603766 -4.47694
24744 1444831733.016610 11.9971 5.070203 -0.005493 -10.019556 -2.603766 -4.47694
24745 1444831733.026824 11.9971 5.070203 -0.005493 -10.019556 -2.603766 -4.47694
24746 1444831733.037288 11.9971 5.070203 -0.005493 -10.019556 -2.603766 -4.47694
24747 1444831733.045601 11.9971 5.070203 -0.005493 -9.931665 -2.603766 -4.47694
24748 1444831733.057349 11.9971 5.070203 -0.005493 -10.019556 -2.603766 -4.47694
24749 1444831733.065768 11.9971 5.070203 -0.005493 -10.019556 -2.603766 -4.47694
24750 1444831733.077420 11.9971 5.070203 -0.005493 -10.019556 -2.603766 -4.47694
24751 1444831733.085817 11.9971 5.070203 -0.005493 -9.931665 -2.603766 -4.47694
24752 1444831733.097593 11.9971 5.070203 -0.005493 -10.019556 -2.603766 -4.47694
24753 1444831733.106089 11.9971 5.070203 -0.005493 -10.019556 -2.603766 -4.47694
24754 1444831733.116259 11.9971 5.070203 -0.005493 -10.019556 -2.603766 -4.47694
24755 1444831733.123018 11.9971 5.070203 -0.005493 -10.019556 -2.603766 -4.47694
24756 1444831733.133229 11.9971 5.070203 -0.005493 -10.019556 -2.603766 -4.47694
24757 1444831733.141082 11.9971 5.070203 -0.005493 -10.019556 -2.603766 -4.47694
24758 1444831733.150950 11.9971 5.070203 -0.005493 -10.019556 -2.603766 -4.47694
24759 1444831733.161052 11.9971 5.070203 -0.005493 -10.019556 -2.603766 -4.47694
24760 1444831733.174274 11.9971 5.070203 -0.005493 -10.019556 -2.603766 -4.47694
24761 1444831733.184797 11.9971 5.070203 -0.005493 -10.019556 -2.603766 -4.47694
24762 1444831733.194597 11.9971 5.070203 -0.005493 -10.019556 -2.603766 -4.47694
24763 1444831733.204848 11.9971 5.070203 -0.005493 -9.931665 -2.603766 -4.47694
24764 1444831733.215076 11.9971 5.070203 -0.005493 -10.019556 -2.603766 -4.47694
24765 1444831733.223935 11.9971 5.070203 -0.005493 -10.019556 -2.603766 -4.47694
24766 1444831733.235927 11.9971 5.070203 -0.005493 -10.019556 -2.603766 -4.47694
24767 1444831733.245717 11.9971 5.070203 -0.005493 -10.019556 -2.603766 -4.47694
24768 1444831733.255688 11.9971 5.070203 -0.005493 -9.931665 -2.603766 -4.47694
24769 1444831733.264588 11.9971 5.070203 -0.005493 -10.019556 -2.603766 -4.47694
24770 1444831733.275679 11.9971 5.070203 0.082398 -10.019556 -2.603766 -4.47694
24771 1444831733.286013 11.9971 5.070203 -0.005493 -10.019556 -2.603766 -4.47694
24772 1444831733.296240 11.9971 5.070203 -0.005493 -10.019556 -2.603766 -4.47694
24773 1444831733.306451 11.9971 5.070203 -0.005493 -10.019556 -2.603766 -4.47694
24774 1444831733.316632 11.9971 5.070203 -0.005493 -10.019556 -2.603766 -4.47694
24775 1444831733.326814 11.9971 5.070203 -0.005493 -10.019556 -2.603766 -4.47694
24776 1444831733.336971 11.9971 5.070203 -0.005493 -10.019556 -2.603766 -4.47694
24777 1444831733.345793 11.9971 5.070203 -0.005493 -10.019556 -2.603766 -4.47694
24778 1444831733.357309 11.9971 5.070203 -0.005493 -10.019556 -2.603766 -4.47694
24779 1444831733.367429 11.9971 5.070203 -0.005493 -10.019556 -2.603766 -4.47694
24780 1444831733.377878 11.9971 5.070203 -0.005493 -10.019556 -2.603766 -4.47694
24781 1444831733.386159 11.9971 5.070203 0.082398 -10.019556 -2.603766 -4.47694
24782 1444831733.396089 11.9971 5.070203 -0.005493 -10.019556 -2.603766 -4.47694
24783 1444831733.409368 11.9971 5.070203 -0.005493 -10.019556 -2.603766 -4.47694
24784 1444831733.419663 11.9971 5.070203 -0.005493 -10.019556 -2.603766 -4.47694
24785 1444831733.429540 11.9971 5.070203 -0.005493 -9.931665 -2.603766 -4.47694
24786 1444831733.436693 11.9971 5.070203 -0.005493 -9.931665 -2.603766 -4.47694
24787 1444831733.446323 11.9971 5.070203 0.082398 -10.019556 -2.603766 -4.47694
24788 1444831733.456643 11.9971 5.070203 -0.005493 -9.931665 -2.603766 -4.47694
24789 1444831733.466721 11.9971 5.070203 -0.005493 -9.931665 -2.603766 -4.47694
24790 1444831733.476960 11.9971 5.070203 -0.005493 -9.931665 -2.603766 -4.47694
24791 1444831733.485647 11.9971 5.070203 -0.005493 -10.019556 -2.603766 -4.47694
24792 1444831733.495640 11.9971 5.070203 -0.005493 -9.931665 -2.603766 -4.47694
24793 1444831733.505790 11.9971 5.070203 -0.005493 -10.019556 -2.603766 -4.47694
24794 1444831733.516083 11.9971 5.070203 -0.005493 -10.019556 -2.603766 -4.47694
24795 1444831733.526075 11.9971 5.070203 -0.005493 -10.019556 -2.603766 -4.47694
24796 1444831733.536271 11.9971 5.070203 -0.005493 -10.019556 -2.603766 -4.47694
24797 1444831733.545810 11.9971 5.070203 -0.005493 -9.931665 -2.603766 -4.47694
24798 1444831733.556659 11.9971 5.070203 -0.005493 -10.019556 -2.603766 -4.47694
24799 1444831733.565321 11.9971 5.070203 -0.005493 -10.019556 -2.603766 -4.47694
24800 1444831733.577086 11.9971 5.070203 -0.005493 -10.019556 -2.603766 -4.47694
24801 1444831733.585722 11.9971 5.070203 -0.005493 -10.019556 -2.603766 -4.47694
24802 1444831733.595804 11.9971 5.070203 -0.005493 -10.019556 -2.603766 -4.47694
24803 1444831733.607309 11.9971 5.070203 -0.005493 -10.019556 -2.603766 -4.47694
24804 1444831733.615839 11.9971 5.070203 -0.005493 -10.019556 -2.603766 -4.47694
24805 1444831733.625968 11.9971 5.070203 -0.005493 -10.019556 -2.603766 -4.47694
24806 1444831733.635702 11.9971 5.070203 -0.005493 -10.019556 -2.603766 -4.47694
24807 1444831733.648454 11.9971 5.070203 -0.005493 -10.019556 -2.603766 -4.47694
24808 1444831733.658557 11.9971 5.070203 0.082398 -10.019556 -2.603766 -4.47694
24809 1444831733.668679 11.9971 5.070203 -0.005493 -9.931665 -2.603766 -4.47694
24810 1444831733.678880 11.9971 5.070203 -0.005493 -9.931665 -2.603766 -4.47694
24811 1444831733.689787 11.9971 5.070203 -0.005493 -10.019556 -2.603766 -4.47694
24812 1444831733.699877 11.9971 5.070203 -0.005493 -9.931665 -2.603766 -4.47694
24813 1444831733.711565 11.9971 5.070203 -0.005493 -10.019556 -2.603766 -4.47694
24814 1444831733.720150 11.9971 5.070203 -0.005493 -10.019556 -2.603766 -4.47694
24815 1444831733.727000 11.9971 5.070203 0.082398 -9.931665 -2.603766 -4.47694
24816 1444831733.737025 11.9971 5.070203 -0.005493 -10.019556 -2.603766 -4.47694
24817 1444831733.745542 11.9971 5.070203 -0.005493 -10.019556 -2.603766 -4.47694
24818 1444831733.757197 11.9971 5.070203 -0.005493 -10.019556 -2.603766 -4.47694
24819 1444831733.767346 11.9971 5.070203 -0.005493 -10.019556 -2.603766 -4.47694
24820 1444831733.777438 11.9971 5.070203 -0.005493 -10.019556 -2.603766 -4.47694
24821 1444831733.785834 11.9971 5.070203 -0.005493 -10.019556 -2.603766 -4.47694
24822 1444831733.795590 11.9971 5.070203 -0.005493 -9.931665 -2.603766 -4.47694
24823 1444831733.805644 11.9971 5.070203 -0.005493 -9.931665 -2.603766 -4.47694
24824 1444831733.817877 11.9971 5.070203 -0.005493 -10.019556 -2.603766 -4.47694
24825 1444831733.825806 11.9971 5.070203 -0.005493 -10.019556 -2.603766 -4.47694
24826 1444831733.839268 11.9971 5.070203 -0.005493 -10.019556 -2.603766 -4.47694
24827 1444831733.846001 11.9971 5.070203 -0.005493 -10.019556 -2.603766 -4.47694
24828 1444831733.859200 11.9971 5.070203 -0.005493 -9.931665 -2.603766 -4.47694
24829 1444831733.869287 11.9971 5.070203 -0.005493 -9.931665 -2.603766 -4.47694
24830 1444831733.879293 11.9971 5.070203 -0.005493 -9.931665 -2.603766 -4.47694
24831 1444831733.888502 11.9971 5.070203 -0.005493 -9.931665 -2.603766 -4.47694
24832 1444831733.898648 11.9971 5.070203 -0.005493 -10.019556 -2.603766 -4.47694
24833 1444831733.909659 11.9971 5.070203 -0.005493 -10.019556 -2.603766 -4.47694
24834 1444831733.919895 11.9971 5.070203 0.082398 -10.019556 -2.603766 -4.47694
24835 1444831733.928953 11.9971 5.070203 -0.005493 -9.931665 -2.603766 -4.47694
24836 1444831733.939276 11.9971 5.070203 0.082398 -10.019556 -2.603766 -4.47694
24837 1444831733.948804 11.9971 5.070203 -0.005493 -10.019556 -2.603766 -4.47694
24838 1444831733.958840 11.9971 5.070203 0.082398 -10.019556 -2.603766 -4.47694
24839 1444831733.968978 11.9971 5.070203 -0.005493 -10.019556 -2.603766 -4.47694
24840 1444831733.980595 11.9971 5.070203 -0.005493 -9.931665 -2.603766 -4.47694
24841 1444831733.989487 11.9971 5.070203 -0.005493 -9.931665 -2.603766 -4.47694
24842 1444831734.000632 11.9971 5.070203 -0.005493 -10.019556 -2.603766 -4.47694
24843 1444831734.010998 11.9971 5.070203 -0.005493 -10.019556 -2.603766 -4.47694
24844 1444831734.020838 11.9971 5.070203 -0.005493 -10.019556 -2.603766 -4.47694
24845 1444831734.030949 11.9971 5.070203 -0.005493 -10.019556 -2.603766 -4.47694
24846 1444831734.040172 11.9971 5.070203 -0.005493 -10.019556 -2.603766 -4.47694
24847 1444831734.051238 11.9971 5.070203 -0.005493 -10.019556 -2.603766 -4.47694
24848 1444831734.061343 11.9971 5.070203 -0.005493 -10.019556 -2.603766 -4.47694
24849 1444831734.071560 11.9971 5.070203 -0.005493 -10.019556 -2.603766 -4.47694
24850 1444831734.081693 11.9971 5.070203 -0.005493 -10.019556 -2.603766 -4.47694
24851 1444831734.090747 11.9971 5.070203 -0.005493 -10.019556 -2.603766 -4.47694
24852 1444831734.102190 11.9971 5.070203 -0.005493 -10.019556 -2.603766 -4.47694
24853 1444831734.112456 11.9971 5.070203 -0.005493 -10.019556 -2.603766 -4.47694
24854 1444831734.122694 11.9971 5.070203 -0.005493 -10.019556 -2.603766 -4.47694
24855 1444831734.133258 11.9971 5.070203 -0.005493 -10.019556 -2.603766 -4.47694
24856 1444831734.141300 11.9971 5.070203 -0.005493 -10.019556 -2.603766 -4.47694
24857 1444831734.154488 11.9971 5.070203 -0.005493 -10.019556 -2.603766 -4.47694
24858 1444831734.164528 11.9971 5.070203 -0.005493 -10.019556 -2.603766 -4.47694
24859 1444831734.174573 11.9971 5.070203 -0.005493 -9.931665 -2.603766 -4.47694
24860 1444831734.181613 11.9971 5.070203 -0.005493 -10.019556 -2.603766 -4.47694
24861 1444831734.191632 11.9971 5.070203 -0.005493 -10.019556 -2.603766 -4.47694
24862 1444831734.201649 11.9971 5.070203 -0.005493 -10.019556 -2.603766 -4.47694
24863 1444831734.211906 11.9971 5.070203 -0.005493 -10.019556 -2.603766 -4.47694
24864 1444831734.221992 11.9971 5.070203 -0.005493 -10.019556 -2.603766 -4.47694
24865 1444831734.230556 11.9971 5.070203 -0.005493 -10.019556 -2.603766 -4.47694
24866 1444831734.240709 11.9971 5.070203 -0.005493 -10.019556 -2.603766 -4.47694
24867 1444831734.250841 11.9971 5.070203 -0.005493 -9.931665 -2.603766 -4.47694
24868 1444831734.261065 11.9971 5.070203 -0.005493 -10.019556 -2.603766 -4.47694
24869 1444831734.271153 11.9971 5.070203 -0.005493 -10.019556 -2.603766 -4.47694
24870 1444831734.281241 11.9971 5.070203 -0.005493 -10.019556 -2.603766 -4.47694
24871 1444831734.291888 11.9971 5.070203 -0.005493 -10.019556 -2.603766 -4.47694
24872 1444831734.301952 11.9971 5.070203 -0.005493 -10.019556 -2.603766 -4.47694
24873 1444831734.312040 11.9971 5.070203 -0.005493 -10.019556 -2.603766 -4.47694
24874 1444831734.322172 11.9971 5.070203 -0.005493 -9.931665 -2.603766 -4.47694
24875 1444831734.332151 11.9971 5.070203 0.082398 -10.019556 -2.603766 -4.47694
24876 1444831734.342888 11.9971 5.070203 -0.005493 -10.019556 -2.603766 -4.47694
24877 1444831734.352958 11.9971 5.070203 -0.005493 -10.019556 -2.603766 -4.47694
24878 1444831734.360815 11.9971 5.070203 -0.005493 -10.019556 -2.603766 -4.47694
24879 1444831734.372922 11.9971 5.070203 -0.005493 -10.019556 -2.603766 -4.47694
24880 1444831734.383094 11.9971 5.070203 -0.005493 -10.019556 -2.603766 -4.47694
24881 1444831734.391187 12.08499 5.070203 -0.005493 -9.931665 -2.603766 -4.47694
24882 1444831734.400641 11.9971 5.070203 -0.005493 -10.019556 -2.603766 -4.47694
24883 1444831734.411346 11.9971 5.070203 -0.005493 -10.019556 -2.603766 -4.47694
24884 1444831734.421208 11.9971 5.070203 -0.005493 -10.019556 -2.603766 -4.47694
24885 1444831734.430994 11.9971 5.070203 0.082398 -10.019556 -2.603766 -4.47694
24886 1444831734.441456 11.9971 5.070203 -0.005493 -10.019556 -2.603766 -4.47694
24887 1444831734.451300 11.9971 5.070203 0.082398 -9.931665 -2.603766 -4.47694
24888 1444831734.464697 11.9971 5.070203 -0.005493 -10.019556 -2.603766 -4.47694
24889 1444831734.473675 11.9971 5.070203 -0.005493 -9.931665 -2.603766 -4.47694
24890 1444831734.483928 11.9971 5.070203 -0.005493 -10.019556 -2.603766 -4.47694
24891 1444831734.494249 11.9971 5.070203 -0.005493 -10.019556 -2.603766 -4.47694
24892 1444831734.504004 11.9971 5.070203 -0.005493 -9.931665 -2.603766 -4.47694
24893 1444831734.514254 11.9971 5.070203 -0.005493 -10.019556 -2.603766 -4.47694
24894 1444831734.524451 11.9971 5.070203 -0.005493 -10.019556 -2.603766 -4.47694
24895 1444831734.536067 11.9971 5.070203 -0.005493 -9.931665 -2.603766 -4.47694
24896 1444831734.545928 11.9971 5.070203 -0.005493 -10.019556 -2.603766 -4.47694
24897 1444831734.556864 11.9971 5.070203 -0.005493 -10.019556 -2.603766 -4.47694
24898 1444831734.567169 11.9971 5.070203 -0.005493 -10.019556 -2.603766 -4.47694
24899 1444831734.577147 11.9971 5.070203 -0.005493 -9.931665 -2.603766 -4.47694
24900 1444831734.585539 11.9971 5.070203 0.082398 -9.931665 -2.603766 -4.47694
24901 1444831734.597488 11.9971 5.070203 -0.005493 -9.931665 -2.603766 -4.47694
24902 1444831734.606171 11.9971 5.070203 -0.005493 -10.019556 -2.603766 -4.47694
24903 1444831734.616150 11.9971 5.070203 -0.005493 -9.931665 -2.603766 -4.47694
24904 1444831734.622876 11.9971 5.070203 -0.005493 -10.019556 -2.603766 -4.47694
24905 1444831734.634542 11.9971 5.070203 -0.005493 -10.019556 -2.603766 -4.47694
24906 1444831734.644553 11.9971 5.070203 0.082398 -10.019556 -2.603766 -4.47694
24907 1444831734.653392 11.9971 5.070203 -0.005493 -9.931665 -2.603766 -4.47694
24908 1444831734.663564 11.9971 5.070203 -0.005493 -10.019556 -2.603766 -4.47694
24909 1444831734.673873 11.9971 5.070203 -0.005493 -9.931665 -2.603766 -4.47694
24910 1444831734.684489 11.9971 5.070203 -0.005493 -10.019556 -2.603766 -4.47694
24911 1444831734.691169 11.9971 5.070203 0.082398 -10.019556 -2.603766 -4.47694
24912 1444831734.705019 11.9971 5.070203 0.082398 -10.019556 -2.603766 -4.47694
24913 1444831734.715632 11.9971 5.070203 -0.005493 -10.019556 -2.603766 -4.47694
24914 1444831734.726164 11.9971 5.070203 -0.005493 -9.931665 -2.603766 -4.47694
24915 1444831734.736270 11.9971 5.070203 -0.005493 -10.019556 -2.603766 -4.47694
24916 1444831734.746395 11.9971 5.070203 -0.005493 -10.019556 -2.603766 -4.47694
24917 1444831734.756105 11.9971 5.070203 -0.005493 -10.019556 -2.603766 -4.47694
24918 1444831734.766053 11.9971 5.070203 -0.005493 -10.019556 -2.603766 -4.47694
24919 1444831734.776102 11.9971 5.070203 -0.005493 -10.019556 -2.603766 -4.47694
24920 1444831734.785997 11.9971 5.070203 -0.005493 -9.931665 -2.603766 -4.47694
24921 1444831734.796009 11.9971 5.070203 -0.005493 -10.019556 -2.603766 -4.47694
24922 1444831734.806411 11.9971 5.070203 0.082398 -10.019556 -2.603766 -4.47694
24923 1444831734.816332 11.9971 5.070203 -0.005493 -10.019556 -2.603766 -4.47694
24924 1444831734.826745 11.9971 5.070203 -0.005493 -9.931665 -2.603766 -4.47694
24925 1444831734.836541 11.9971 5.070203 -0.005493 -10.019556 -2.603766 -4.47694
24926 1444831734.846740 11.9971 5.070203 -0.005493 -9.931665 -2.603766 -4.47694
24927 1444831734.856829 11.9971 5.070203 -0.005493 -10.019556 -2.603766 -4.47694
24928 1444831734.867114 11.9971 5.070203 -0.005493 -10.019556 -2.603766 -4.47694
24929 1444831734.877048 11.9971 5.070203 -0.005493 -10.019556 -2.603766 -4.47694
24930 1444831734.887206 11.9971 5.070203 -0.005493 -10.019556 -2.603766 -4.47694
24931 1444831734.896025 11.9971 5.070203 -0.005493 -10.019556 -2.603766 -4.47694
24932 1444831734.907458 11.9971 5.070203 -0.005493 -10.019556 -2.603766 -4.47694
24933 1444831734.915788 11.9971 5.070203 -0.005493 -10.019556 -2.603766 -4.47694
24934 1444831734.926095 11.9971 5.070203 -0.005493 -10.019556 -2.603766 -4.47694
24935 1444831734.936331 11.9971 5.070203 -0.005493 -9.931665 -2.603766 -4.47694
24936 1444831734.945728 11.9971 5.070203 -0.005493 -9.931665 -2.603766 -4.47694
24937 1444831734.956448 11.9971 5.070203 -0.005493 -9.931665 -2.603766 -4.47694
24938 1444831734.969650 11.9971 5.070203 -0.005493 -9.931665 -2.603766 -4.47694
24939 1444831734.980077 11.9971 5.070203 -0.005493 -10.019556 -2.603766 -4.47694
24940 1444831734.985944 11.9971 5.070203 -0.005493 -10.019556 -2.603766 -4.47694
24941 1444831734.999111 11.9971 5.070203 -0.005493 -9.931665 -2.603766 -4.47694
24942 1444831735.005996 11.9971 5.070203 0.082398 -9.931665 -2.603766 -4.47694
24943 1444831735.016032 11.9971 5.070203 -0.005493 -10.019556 -2.603766 -4.47694
24944 1444831735.026270 11.9971 5.070203 -0.005493 -10.019556 -2.603766 -4.47694
24945 1444831735.036360 11.9971 5.070203 -0.005493 -10.019556 -2.603766 -4.47694
24946 1444831735.046047 11.9971 5.070203 -0.005493 -10.019556 -2.603766 -4.47694
24947 1444831735.056235 11.9971 5.070203 -0.005493 -10.019556 -2.603766 -4.47694
24948 1444831735.066339 11.9971 5.070203 -0.005493 -10.019556 -2.603766 -4.47694
24949 1444831735.076466 11.9971 5.070203 -0.005493 -10.019556 -2.603766 -4.47694
24950 1444831735.086948 11.9971 5.070203 -0.005493 -10.019556 -2.603766 -4.47694
24951 1444831735.096987 11.9971 5.070203 0.082398 -10.019556 -2.603766 -4.47694
24952 1444831735.106876 11.9971 5.070203 -0.005493 -10.019556 -2.603766 -4.47694
24953 1444831735.116990 11.9971 5.070203 -0.005493 -10.019556 -2.603766 -4.47694
24954 1444831735.127120 11.9971 5.070203 -0.005493 -10.019556 -2.603766 -4.47694
24955 1444831735.137044 11.9971 5.070203 -0.005493 -10.019556 -2.603766 -4.47694
24956 1444831735.146265 11.9971 5.070203 -0.005493 -10.019556 -2.603766 -4.47694
24957 1444831735.157209 11.9971 5.070203 0.082398 -9.931665 -2.603766 -4.47694
24958 1444831735.165556 11.9971 5.070203 -0.005493 -10.019556 -2.603766 -4.47694
24959 1444831735.177416 11.9971 5.070203 -0.005493 -10.019556 -2.603766 -4.389049
24960 1444831735.189586 11.9971 5.070203 -0.005493 -9.931665 -2.603766 -4.47694
24961 1444831735.196117 11.9971 5.070203 -0.005493 -10.019556 -2.603766 -4.47694
24962 1444831735.207958 11.9971 5.070203 -0.005493 -9.931665 -2.603766 -4.47694
24963 1444831735.218331 11.9971 5.070203 -0.005493 -10.019556 -2.603766 -4.47694
24964 1444831735.228332 11.9971 5.070203 -0.005493 -9.931665 -2.603766 -4.47694
24965 1444831735.236802 11.9971 5.070203 -0.005493 -10.019556 -2.603766 -4.47694
24966 1444831735.246267 11.9971 5.070203 -0.005493 -10.019556 -2.603766 -4.47694
24967 1444831735.256500 11.9971 5.070203 -0.005493 -10.019556 -2.603766 -4.47694
24968 1444831735.266571 11.9971 5.070203 -0.005493 -10.019556 -2.603766 -4.47694
24969 1444831735.276051 11.9971 5.070203 -0.005493 -10.019556 -2.603766 -4.47694
24970 1444831735.286494 11.9971 5.070203 -0.005493 -10.019556 -2.603766 -4.47694
24971 1444831735.296917 11.9971 5.070203 -0.005493 -10.019556 -2.603766 -4.47694
24972 1444831735.305621 11.9971 5.070203 -0.005493 -10.019556 -2.603766 -4.47694
24973 1444831735.318712 11.9971 5.070203 -0.005493 -10.019556 -2.603766 -4.47694
24974 1444831735.329073 11.9971 5.070203 -0.005493 -9.931665 -2.603766 -4.47694
24975 1444831735.339132 11.9971 5.070203 -0.005493 -10.019556 -2.603766 -4.47694
24976 1444831735.349176 11.9971 5.070203 -0.005493 -10.019556 -2.603766 -4.47694
24977 1444831735.360529 11.9971 5.070203 -0.005493 -10.019556 -2.603766 -4.47694
24978 1444831735.370967 11.9971 5.070203 0.082398 -10.019556 -2.603766 -4.47694
24979 1444831735.380952 11.9971 5.070203 -0.005493 -10.019556 -2.603766 -4.47694
24980 1444831735.391476 11.9971 5.070203 -0.005493 -10.019556 -2.603766 -4.47694
24981 1444831735.402087 11.9971 5.070203 -0.005493 -10.019556 -2.603766 -4.47694
24982 1444831735.412343 11.9971 5.070203 -0.005493 -10.019556 -2.603766 -4.47694
24983 1444831735.422589 11.9971 5.070203 -0.005493 -10.019556 -2.603766 -4.47694
24984 1444831735.432694 11.9971 5.070203 -0.005493 -10.019556 -2.603766 -4.47694
24985 1444831735.442852 11.9971 5.070203 -0.005493 -9.931665 -2.603766 -4.47694
24986 1444831735.452826 11.9971 5.070203 -0.005493 -10.019556 -2.603766 -4.47694
24987 1444831735.462936 11.9971 5.070203 -0.005493 -10.019556 -2.603766 -4.47694
24988 1444831735.473106 11.9971 5.070203 -0.005493 -10.019556 -2.603766 -4.47694
24989 1444831735.483319 11.9971 5.070203 -0.005493 -10.019556 -2.603766 -4.47694
24990 1444831735.493455 11.9971 5.070203 -0.005493 -10.019556 -2.603766 -4.47694
24991 1444831735.503589 11.9971 5.070203 -0.005493 -10.019556 -2.603766 -4.47694
24992 1444831735.513743 11.9971 5.070203 -0.005493 -9.931665 -2.603766 -4.47694
24993 1444831735.523869 11.9971 5.070203 -0.005493 -10.019556 -2.603766 -4.47694
24994 1444831735.534059 11.9971 5.070203 -0.005493 -10.019556 -2.603766 -4.47694
24995 1444831735.541599 11.9971 5.070203 -0.005493 -10.019556 -2.603766 -4.47694
24996 1444831735.551349 11.9971 5.070203 -0.005493 -10.019556 -2.603766 -4.47694
24997 1444831735.561382 11.9971 5.070203 -0.005493 -10.019556 -2.603766 -4.47694
24998 1444831735.571438 11.9971 5.070203 -0.005493 -10.019556 -2.603766 -4.47694
24999 1444831735.581616 11.9971 5.070203 -0.005493 -10.019556 -2.603766 -4.47694
25000 1444831735.591783 11.9971 5.070203 0.082398 -10.019556 -2.603766 -4.47694
25001 1444831735.601441 11.9971 5.070203 -0.005493 -10.019556 -2.603766 -4.47694
25002 1444831735.611949 11.9971 5.070203 -0.005493 -10.019556 -2.603766 -4.47694
25003 1444831735.619064 11.9971 5.070203 -0.005493 -10.019556 -2.603766 -4.47694
25004 1444831735.629392 11.9971 5.070203 -0.005493 -10.019556 -2.603766 -4.47694
25005 1444831735.639681 11.9971 5.070203 -0.005493 -10.019556 -2.603766 -4.47694
25006 1444831735.649713 11.9971 5.070203 -0.005493 -10.019556 -2.603766 -4.47694
25007 1444831735.661006 11.9971 5.070203 -0.005493 -10.019556 -2.603766 -4.47694
25008 1444831735.671885 11.9971 5.070203 -0.005493 -10.019556 -2.603766 -4.47694
25009 1444831735.681787 11.9971 5.070203 -0.005493 -10.019556 -2.603766 -4.47694
25010 1444831735.691885 11.9971 5.070203 0.082398 -10.019556 -2.603766 -4.47694
25011 1444831735.702052 11.9971 5.070203 -0.005493 -10.019556 -2.603766 -4.47694
25012 1444831735.712058 11.9971 5.070203 -0.005493 -9.931665 -2.603766 -4.47694
25013 1444831735.722388 11.9971 5.070203 -0.005493 -10.019556 -2.603766 -4.47694
25014 1444831735.733137 11.9971 5.070203 -0.005493 -10.019556 -2.603766 -4.47694
25015 1444831735.743101 11.9971 5.070203 -0.005493 -10.019556 -2.603766 -4.47694
25016 1444831735.753204 11.9971 5.070203 -0.005493 -10.019556 -2.603766 -4.47694
25017 1444831735.764012 11.9971 5.070203 -0.005493 -9.931665 -2.603766 -4.47694
25018 1444831735.771432 11.9971 5.070203 -0.005493 -10.019556 -2.603766 -4.47694
25019 1444831735.785095 11.9971 5.070203 -0.005493 -10.019556 -2.603766 -4.47694
25020 1444831735.795164 11.9971 5.070203 0.082398 -10.019556 -2.603766 -4.47694
25021 1444831735.803762 11.9971 5.070203 -0.005493 -10.019556 -2.603766 -4.47694
25022 1444831735.815750 11.9971 5.070203 -0.005493 -9.931665 -2.603766 -4.47694
25023 1444831735.825839 11.9971 5.070203 -0.005493 -10.019556 -2.603766 -4.47694
25024 1444831735.834446 11.9971 5.070203 -0.005493 -10.019556 -2.603766 -4.47694
25025 1444831735.844616 11.9971 5.070203 -0.005493 -10.019556 -2.603766 -4.47694
25026 1444831735.854651 11.9971 5.070203 -0.005493 -10.019556 -2.603766 -4.47694
25027 1444831735.866263 11.9971 5.070203 -0.005493 -10.019556 -2.603766 -4.47694
25028 1444831735.874845 11.9971 5.070203 -0.005493 -10.019556 -2.603766 -4.47694
25029 1444831735.881780 11.9971 5.070203 -0.005493 -9.931665 -2.603766 -4.47694
25030 1444831735.895087 11.9971 5.070203 -0.005493 -9.931665 -2.603766 -4.47694
25031 1444831735.905181 11.9971 5.070203 -0.005493 -9.931665 -2.603766 -4.47694
25032 1444831735.912048 11.9971 5.070203 -0.005493 -10.019556 -2.603766 -4.47694
25033 1444831735.922224 11.9971 5.070203 -0.005493 -10.019556 -2.603766 -4.47694
25034 1444831735.932353 11.9971 5.070203 -0.005493 -10.019556 -2.603766 -4.47694
25035 1444831735.942559 11.9971 5.070203 -0.005493 -10.019556 -2.603766 -4.47694
25036 1444831735.953031 11.9971 5.070203 -0.005493 -10.019556 -2.603766 -4.47694
25037 1444831735.963013 11.9971 5.070203 -0.005493 -10.019556 -2.603766 -4.47694
25038 1444831735.972971 11.9971 5.070203 -0.005493 -9.931665 -2.603766 -4.47694
25039 1444831735.981121 11.9971 5.070203 0.082398 -10.019556 -2.603766 -4.47694
25040 1444831735.991213 11.9971 5.070203 -0.005493 -10.019556 -2.603766 -4.47694
25041 1444831736.001319 11.9971 5.070203 -0.005493 -10.019556 -2.603766 -4.47694
25042 1444831736.011315 11.9971 5.070203 -0.005493 -10.019556 -2.603766 -4.47694
25043 1444831736.021492 11.9971 5.070203 -0.005493 -10.019556 -2.603766 -4.47694
25044 1444831736.030868 11.9971 5.070203 -0.005493 -10.019556 -2.603766 -4.47694
25045 1444831736.041992 11.9971 5.070203 -0.005493 -9.931665 -2.603766 -4.47694
25046 1444831736.050770 11.9971 5.070203 -0.005493 -10.019556 -2.603766 -4.47694
25047 1444831736.060948 11.9971 5.070203 -0.005493 -10.019556 -2.603766 -4.47694
25048 1444831736.070693 11.9971 5.070203 -0.005493 -10.019556 -2.603766 -4.47694
25049 1444831736.085781 11.9971 5.070203 -0.005493 -10.019556 -2.603766 -4.47694
25050 1444831736.095785 11.9971 5.070203 -0.005493 -10.019556 -2.603766 -4.47694
25051 1444831736.105825 11.9971 5.070203 -0.005493 -10.019556 -2.603766 -4.47694
25052 1444831736.115939 11.9971 5.070203 -0.005493 -10.019556 -2.603766 -4.47694
25053 1444831736.126014 11.9971 5.070203 -0.005493 -10.019556 -2.603766 -4.47694
25054 1444831736.136548 11.9971 5.070203 -0.005493 -9.931665 -2.603766 -4.47694
25055 1444831736.147429 11.9971 5.070203 -0.005493 -10.019556 -2.603766 -4.47694
25056 1444831736.157533 11.9971 5.070203 -0.005493 -9.931665 -2.603766 -4.47694
25057 1444831736.167821 11.9971 5.070203 -0.005493 -10.019556 -2.603766 -4.47694
25058 1444831736.177691 11.9971 5.070203 -0.005493 -10.019556 -2.603766 -4.47694
25059 1444831736.185970 11.9971 5.070203 -0.005493 -10.019556 -2.603766 -4.47694
25060 1444831736.196138 11.9971 5.070203 -0.005493 -10.019556 -2.603766 -4.47694
25061 1444831736.208113 11.9971 5.070203 -0.005493 -9.931665 -2.603766 -4.47694
25062 1444831736.218211 11.9971 5.070203 -0.005493 -10.019556 -2.603766 -4.47694
25063 1444831736.228365 11.9971 5.070203 -0.005493 -10.019556 -2.603766 -4.47694
25064 1444831736.236296 11.9971 5.070203 -0.005493 -9.931665 -2.603766 -4.47694
25065 1444831736.246176 11.9971 5.070203 -0.005493 -10.019556 -2.603766 -4.47694
25066 1444831736.257311 11.9971 5.070203 -0.005493 -10.019556 -2.603766 -4.47694
25067 1444831736.264884 11.9971 5.070203 -0.005493 -10.019556 -2.603766 -4.47694
25068 1444831736.275048 11.9971 5.070203 -0.005493 -10.019556 -2.603766 -4.47694
25069 1444831736.286145 11.9971 5.070203 -0.005493 -10.019556 -2.603766 -4.47694
25070 1444831736.295978 11.9971 5.070203 -0.005493 -10.019556 -2.603766 -4.47694
25071 1444831736.305965 11.9971 5.070203 -0.005493 -10.019556 -2.603766 -4.47694
25072 1444831736.315972 11.9971 5.070203 -0.005493 -10.019556 -2.603766 -4.47694
25073 1444831736.326393 11.9971 5.070203 -0.005493 -10.019556 -2.603766 -4.47694
25074 1444831736.336312 12.08499 5.070203 -0.005493 -10.019556 -2.603766 -4.47694
25075 1444831736.345709 12.08499 5.070203 -0.005493 -9.931665 -2.603766 -4.47694
25076 1444831736.356326 12.08499 5.070203 -0.005493 -10.019556 -2.603766 -4.47694
25077 1444831736.366262 12.08499 5.070203 -0.005493 -10.019556 -2.603766 -4.47694
25078 1444831736.376408 12.08499 5.070203 -0.005493 -10.019556 -2.603766 -4.47694
25079 1444831736.386389 12.08499 5.070203 -0.005493 -10.019556 -2.603766 -4.47694
25080 1444831736.395722 12.08499 5.070203 -0.005493 -10.019556 -2.603766 -4.47694
25081 1444831736.406725 12.08499 5.070203 -0.005493 -9.931665 -2.603766 -4.47694
25082 1444831736.416976 11.9971 5.070203 -0.005493 -10.019556 -2.603766 -4.47694
25083 1444831736.426888 12.08499 5.070203 -0.005493 -10.019556 -2.603766 -4.47694
25084 1444831736.437060 11.9971 5.070203 -0.005493 -10.019556 -2.603766 -4.47694
25085 1444831736.447192 11.9971 5.070203 -0.005493 -9.931665 -2.603766 -4.47694
25086 1444831736.458023 12.08499 5.070203 -0.005493 -10.019556 -2.603766 -4.47694
25087 1444831736.465944 12.08499 5.070203 -0.005493 -10.019556 -2.603766 -4.47694
25088 1444831736.478445 12.08499 5.070203 -0.005493 -10.019556 -2.603766 -4.47694
25089 1444831736.485690 12.08499 5.070203 -0.005493 -9.931665 -2.603766 -4.47694
25090 1444831736.496429 12.08499 5.070203 -0.005493 -10.019556 -2.603766 -4.47694
25091 1444831736.506182 12.08499 5.070203 -0.005493 -9.931665 -2.603766 -4.47694
25092 1444831736.516335 12.08499 5.070203 -0.005493 -10.019556 -2.603766 -4.47694
25093 1444831736.526311 12.08499 5.070203 -0.005493 -10.019556 -2.603766 -4.47694
25094 1444831736.538701 12.08499 5.070203 -0.005493 -10.019556 -2.603766 -4.47694
25095 1444831736.548487 12.08499 5.070203 -0.005493 -10.019556 -2.603766 -4.47694
25096 1444831736.558640 12.08499 5.070203 -0.005493 -10.019556 -2.603766 -4.47694
25097 1444831736.568871 11.9971 5.070203 -0.005493 -9.931665 -2.603766 -4.47694
25098 1444831736.578864 12.08499 5.070203 -0.005493 -10.019556 -2.603766 -4.47694
25099 1444831736.590666 12.08499 5.070203 -0.005493 -10.019556 -2.603766 -4.47694
25100 1444831736.601083 12.08499 5.070203 0.082398 -10.019556 -2.603766 -4.47694
25101 1444831736.611194 12.08499 5.070203 -0.005493 -10.019556 -2.603766 -4.47694
25102 1444831736.621209 12.08499 5.070203 -0.005493 -10.019556 -2.603766 -4.47694
25103 1444831736.629674 12.08499 5.070203 -0.005493 -10.019556 -2.603766 -4.47694
25104 1444831736.639914 12.08499 5.070203 -0.005493 -10.019556 -2.603766 -4.47694
25105 1444831736.651481 12.08499 5.070203 0.082398 -10.019556 -2.603766 -4.47694
25106 1444831736.660136 12.08499 5.070203 -0.005493 -9.931665 -2.603766 -4.47694
25107 1444831736.670235 12.08499 5.070203 -0.005493 -10.019556 -2.603766 -4.47694
25108 1444831736.681745 12.08499 5.070203 -0.005493 -9.931665 -2.603766 -4.47694
25109 1444831736.690682 11.9971 5.070203 -0.005493 -10.019556 -2.603766 -4.47694
25110 1444831736.697666 11.9971 5.070203 -0.005493 -9.931665 -2.603766 -4.47694
25111 1444831736.707696 11.9971 5.070203 -0.005493 -10.019556 -2.603766 -4.47694
25112 1444831736.717694 12.08499 5.070203 -0.005493 -10.019556 -2.603766 -4.47694
25113 1444831736.727820 12.08499 5.070203 -0.005493 -10.019556 -2.603766 -4.47694
25114 1444831736.737911 12.08499 5.070203 -0.005493 -10.019556 -2.603766 -4.47694
25115 1444831736.746207 12.08499 5.070203 -0.005493 -10.019556 -2.603766 -4.47694
25116 1444831736.758216 12.08499 5.070203 -0.005493 -10.019556 -2.603766 -4.47694
25117 1444831736.766204 12.08499 5.070203 -0.005493 -10.019556 -2.603766 -4.47694
25118 1444831736.779761 12.08499 5.070203 -0.005493 -10.019556 -2.603766 -4.47694
25119 1444831736.789893 12.08499 5.070203 -0.005493 -9.931665 -2.603766 -4.47694
25120 1444831736.799829 12.08499 5.070203 -0.005493 -10.019556 -2.603766 -4.47694
25121 1444831736.809856 11.9971 5.070203 -0.005493 -10.019556 -2.603766 -4.47694
25122 1444831736.818766 12.08499 5.070203 -0.005493 -10.019556 -2.603766 -4.47694
25123 1444831736.829034 12.08499 5.070203 -0.005493 -10.019556 -2.603766 -4.47694
25124 1444831736.837386 12.08499 5.070203 -0.005493 -10.019556 -2.603766 -4.47694
25125 1444831736.849553 12.08499 5.070203 -0.005493 -10.019556 -2.603766 -4.47694
25126 1444831736.860844 12.08499 5.070203 -0.005493 -10.019556 -2.603766 -4.47694
25127 1444831736.871064 12.08499 5.070203 -0.005493 -10.019556 -2.603766 -4.47694
25128 1444831736.881375 12.08499 5.070203 -0.005493 -10.019556 -2.603766 -4.47694
25129 1444831736.891530 12.08499 5.070203 -0.005493 -10.019556 -2.603766 -4.47694
25130 1444831736.901445 12.08499 5.070203 -0.005493 -10.019556 -2.603766 -4.47694
25131 1444831736.911611 12.08499 5.070203 -0.005493 -10.019556 -2.603766 -4.47694
25132 1444831736.921722 12.08499 5.070203 -0.005493 -10.019556 -2.603766 -4.47694
25133 1444831736.931900 12.08499 5.070203 -0.005493 -10.019556 -2.603766 -4.47694
25134 1444831736.942058 11.9971 5.070203 -0.005493 -10.019556 -2.603766 -4.47694
25135 1444831736.952056 12.08499 5.070203 -0.005493 -10.019556 -2.603766 -4.47694
25136 1444831736.962143 12.08499 5.070203 -0.005493 -10.019556 -2.603766 -4.47694
25137 1444831736.972255 11.9971 5.070203 -0.005493 -10.019556 -2.603766 -4.47694
25138 1444831736.982387 12.08499 5.070203 -0.005493 -10.019556 -2.603766 -4.47694
25139 1444831736.992695 12.08499 5.070203 -0.005493 -9.931665 -2.603766 -4.47694
25140 1444831737.002869 12.08499 5.070203 -0.005493 -9.931665 -2.603766 -4.47694
25141 1444831737.013235 11.9971 5.070203 -0.005493 -10.019556 -2.603766 -4.47694
25142 1444831737.023468 12.08499 5.070203 -0.005493 -10.019556 -2.603766 -4.47694
25143 1444831737.033448 11.9971 5.070203 -0.005493 -9.931665 -2.603766 -4.47694
25144 1444831737.041517 12.08499 5.070203 -0.005493 -10.019556 -2.603766 -4.47694
25145 1444831737.053765 11.9971 5.070203 -0.005493 -10.019556 -2.603766 -4.47694
25146 1444831737.061330 11.9971 5.070203 -0.005493 -9.931665 -2.603766 -4.47694
25147 1444831737.071361 12.08499 5.070203 -0.005493 -10.019556 -2.603766 -4.47694
25148 1444831737.081553 12.08499 5.070203 -0.005493 -10.019556 -2.603766 -4.47694
25149 1444831737.091714 12.08499 5.070203 -0.005493 -10.019556 -2.603766 -4.47694
25150 1444831737.101612 11.9971 5.070203 -0.005493 -9.931665 -2.603766 -4.47694
25151 1444831737.111647 12.08499 5.070203 0.082398 -10.019556 -2.603766 -4.47694
25152 1444831737.121845 12.08499 5.070203 -0.005493 -10.019556 -2.603766 -4.47694
25153 1444831737.131840 12.08499 5.070203 -0.005493 -10.019556 -2.603766 -4.47694
25154 1444831737.141440 12.08499 5.070203 -0.005493 -10.019556 -2.603766 -4.47694
25155 1444831737.148942 12.08499 5.070203 -0.005493 -10.019556 -2.603766 -4.47694
25156 1444831737.160771 11.9971 5.070203 -0.005493 -10.019556 -2.603766 -4.47694
25157 1444831737.170851 11.9971 5.070203 -0.005493 -10.019556 -2.603766 -4.47694
25158 1444831737.181660 12.08499 5.070203 -0.005493 -9.931665 -2.603766 -4.47694
25159 1444831737.192398 12.08499 5.070203 -0.005493 -9.931665 -2.603766 -4.47694
25160 1444831737.201920 12.08499 5.070203 -0.005493 -10.019556 -2.603766 -4.47694
25161 1444831737.212262 12.08499 5.070203 -0.005493 -9.931665 -2.603766 -4.47694
25162 1444831737.221966 12.08499 5.070203 -0.005493 -10.019556 -2.603766 -4.47694
25163 1444831737.232021 12.08499 5.070203 -0.005493 -9.931665 -2.603766 -4.47694
25164 1444831737.242259 12.08499 5.070203 -0.005493 -9.931665 -2.603766 -4.47694
25165 1444831737.252424 12.08499 5.070203 -0.005493 -9.931665 -2.603766 -4.47694
25166 1444831737.262278 12.08499 5.070203 0.082398 -10.019556 -2.603766 -4.47694
25167 1444831737.272409 11.9971 5.070203 -0.005493 -9.931665 -2.603766 -4.47694
25168 1444831737.282584 11.9971 5.070203 -0.005493 -9.931665 -2.603766 -4.47694
25169 1444831737.291250 11.9971 5.070203 -0.005493 -9.931665 -2.603766 -4.47694
25170 1444831737.303594 11.9971 5.070203 -0.005493 -10.019556 -2.603766 -4.47694
25171 1444831737.313571 11.9971 5.070203 -0.005493 -10.019556 -2.603766 -4.47694
25172 1444831737.323931 11.9971 5.070203 -0.005493 -10.019556 -2.603766 -4.47694
25173 1444831737.331351 11.9971 5.070203 -0.005493 -9.931665 -2.603766 -4.47694
25174 1444831737.343696 11.9971 5.070203 -0.005493 -10.019556 -2.603766 -4.47694
25175 1444831737.354770 11.9971 5.070203 -0.005493 -9.931665 -2.603766 -4.47694
25176 1444831737.363754 11.9971 5.070203 -0.005493 -10.019556 -2.603766 -4.47694
25177 1444831737.374169 11.9971 5.070203 -0.005493 -9.931665 -2.603766 -4.47694
25178 1444831737.385777 11.9971 5.070203 -0.005493 -10.019556 -2.603766 -4.47694
25179 1444831737.395641 11.9971 5.070203 -0.005493 -9.931665 -2.603766 -4.47694
25180 1444831737.406258 11.9971 5.070203 -0.005493 -9.931665 -2.603766 -4.47694
25181 1444831737.412181 11.9971 5.070203 -0.005493 -10.019556 -2.603766 -4.47694
25182 1444831737.422072 11.9971 5.070203 -0.005493 -9.931665 -2.603766 -4.47694
25183 1444831737.434632 11.9971 5.070203 -0.005493 -9.931665 -2.603766 -4.47694
25184 1444831737.445953 11.9971 5.070203 -0.005493 -9.931665 -2.603766 -4.47694
25185 1444831737.454294 11.9971 5.070203 -0.005493 -9.931665 -2.603766 -4.47694
25186 1444831737.463006 11.9971 5.070203 -0.005493 -9.931665 -2.603766 -4.47694
25187 1444831737.471173 11.9971 5.070203 -0.005493 -9.931665 -2.603766 -4.47694
25188 1444831737.484675 11.9971 5.070203 -0.005493 -9.931665 -2.603766 -4.47694
25189 1444831737.494460 11.9971 5.070203 -0.005493 -10.019556 -2.603766 -4.47694
25190 1444831737.506164 11.9971 5.070203 -0.005493 -10.019556 -2.603766 -4.47694
25191 1444831737.516292 11.9971 5.070203 -0.005493 -9.931665 -2.603766 -4.47694
25192 1444831737.526825 11.9971 5.070203 -0.005493 -9.931665 -2.603766 -4.47694
25193 1444831737.535768 11.9971 5.070203 -0.005493 -9.931665 -2.603766 -4.47694
25194 1444831737.546140 11.9971 5.070203 -0.005493 -9.931665 -2.603766 -4.47694
25195 1444831737.556893 11.9971 5.070203 -0.005493 -10.019556 -2.603766 -4.47694
25196 1444831737.567028 11.9971 5.070203 -0.005493 -9.931665 -2.603766 -4.47694
25197 1444831737.572643 11.9971 5.070203 -0.005493 -10.019556 -2.603766 -4.47694
25198 1444831737.586253 11.9971 5.070203 -0.005493 -10.019556 -2.603766 -4.47694
25199 1444831737.595885 11.9971 5.070203 -0.005493 -10.019556 -2.603766 -4.47694
25200 1444831737.604728 11.9971 5.070203 -0.005493 -9.931665 -2.603766 -4.47694
25201 1444831737.614787 11.9971 5.070203 -0.005493 -10.019556 -2.603766 -4.47694
25202 1444831737.624040 11.9971 5.070203 -0.005493 -9.931665 -2.603766 -4.47694
25203 1444831737.636327 11.9971 5.070203 -0.005493 -10.019556 -2.603766 -4.47694
25204 1444831737.644330 11.9971 5.070203 -0.005493 -9.931665 -2.603766 -4.47694
25205 1444831737.656384 11.909209 5.070203 -0.005493 -9.931665 -2.603766 -4.47694
25206 1444831737.666709 11.9971 5.070203 -0.005493 -9.931665 -2.603766 -4.47694
25207 1444831737.677029 11.9971 5.070203 -0.005493 -10.019556 -2.603766 -4.47694
25208 1444831737.687627 11.9971 5.070203 -0.005493 -9.931665 -2.603766 -4.47694
25209 1444831737.697544 11.9971 5.070203 -0.005493 -10.019556 -2.603766 -4.47694
25210 1444831737.707323 11.9971 5.070203 -0.005493 -9.931665 -2.603766 -4.47694
25211 1444831737.717620 11.9971 5.070203 -0.005493 -9.931665 -2.603766 -4.47694
25212 1444831737.727504 11.9971 5.070203 -0.005493 -9.931665 -2.603766 -4.47694
25213 1444831737.735622 11.9971 5.070203 -0.005493 -9.931665 -2.603766 -4.47694
25214 1444831737.746420 11.9971 5.070203 -0.005493 -10.019556 -2.603766 -4.47694
25215 1444831737.756186 11.9971 5.070203 -0.005493 -10.019556 -2.603766 -4.47694
25216 1444831737.768230 11.9971 5.070203 -0.005493 -9.931665 -2.603766 -4.47694
25217 1444831737.778462 11.9971 5.070203 -0.005493 -10.019556 -2.603766 -4.47694
25218 1444831737.789034 11.9971 5.070203 -0.005493 -10.019556 -2.603766 -4.47694
25219 1444831737.795870 11.9971 5.070203 -0.005493 -10.019556 -2.603766 -4.47694
25220 1444831737.808197 11.9971 5.070203 -0.005493 -9.931665 -2.603766 -4.47694
25221 1444831737.818230 11.9971 5.070203 -0.005493 -10.019556 -2.603766 -4.47694
25222 1444831737.828118 11.9971 5.070203 -0.005493 -10.019556 -2.603766 -4.47694
25223 1444831737.836361 11.9971 5.070203 -0.005493 -10.019556 -2.603766 -4.47694
25224 1444831737.846493 11.9971 5.070203 -0.005493 -10.019556 -2.603766 -4.47694
25225 1444831737.858550 11.9971 5.070203 -0.005493 -9.931665 -2.603766 -4.47694
25226 1444831737.866147 11.9971 5.070203 -0.005493 -9.931665 -2.603766 -4.47694
25227 1444831737.876462 11.9971 5.070203 -0.005493 -9.931665 -2.603766 -4.47694
25228 1444831737.889154 11.9971 5.070203 -0.005493 -10.019556 -2.603766 -4.47694
25229 1444831737.899364 11.9971 5.070203 -0.005493 -10.019556 -2.603766 -4.47694
25230 1444831737.909657 11.9971 5.070203 -0.005493 -10.019556 -2.603766 -4.47694
25231 1444831737.916615 11.9971 5.070203 -0.005493 -9.931665 -2.603766 -4.47694
25232 1444831737.929752 11.9971 5.070203 -0.005493 -10.019556 -2.603766 -4.47694
25233 1444831737.936540 11.9971 5.070203 -0.005493 -9.931665 -2.603766 -4.47694
25234 1444831737.945750 11.9971 5.070203 -0.005493 -10.019556 -2.603766 -4.47694
25235 1444831737.956982 11.9971 5.070203 -0.005493 -9.931665 -2.603766 -4.47694
25236 1444831737.965748 11.9971 5.070203 -0.005493 -10.019556 -2.603766 -4.47694
25237 1444831737.976808 11.9971 5.070203 -0.005493 -9.931665 -2.603766 -4.47694
25238 1444831737.989130 11.9971 5.070203 0.082398 -9.931665 -2.603766 -4.47694
25239 1444831737.997281 11.9971 5.070203 -0.005493 -10.019556 -2.603766 -4.47694
25240 1444831738.005557 11.9971 5.070203 -0.005493 -10.019556 -2.603766 -4.47694
25241 1444831738.017375 11.9971 5.070203 -0.005493 -9.931665 -2.603766 -4.47694
25242 1444831738.027498 11.9971 5.070203 -0.005493 -10.019556 -2.603766 -4.47694
25243 1444831738.039086 11.9971 5.070203 0.082398 -10.019556 -2.603766 -4.47694
25244 1444831738.050076 11.9971 5.070203 -0.005493 -10.019556 -2.603766 -4.47694
25245 1444831738.058768 11.9971 5.070203 0.082398 -9.931665 -2.603766 -4.47694
25246 1444831738.070090 11.9971 5.070203 -0.005493 -10.019556 -2.603766 -4.47694
25247 1444831738.081269 11.9971 5.070203 -0.005493 -9.931665 -2.603766 -4.47694
25248 1444831738.091670 11.9971 5.070203 -0.005493 -9.931665 -2.603766 -4.47694
25249 1444831738.100679 11.9971 5.070203 -0.005493 -10.019556 -2.603766 -4.47694
25250 1444831738.111166 11.9971 5.070203 -0.005493 -10.019556 -2.603766 -4.47694
25251 1444831738.119894 11.9971 5.070203 -0.005493 -10.019556 -2.603766 -4.47694
25252 1444831738.131157 11.9971 5.070203 -0.005493 -10.019556 -2.603766 -4.47694
25253 1444831738.141786 11.9971 5.070203 -0.005493 -10.019556 -2.603766 -4.47694
25254 1444831738.152051 11.9971 5.070203 -0.005493 -9.931665 -2.603766 -4.47694
25255 1444831738.161892 11.9971 5.070203 -0.005493 -10.019556 -2.603766 -4.47694
25256 1444831738.172159 11.9971 5.070203 -0.005493 -10.019556 -2.603766 -4.47694
25257 1444831738.182293 11.9971 5.070203 -0.005493 -10.019556 -2.603766 -4.47694
25258 1444831738.192405 11.9971 5.070203 -0.005493 -10.019556 -2.603766 -4.47694
25259 1444831738.200989 11.9971 5.070203 -0.005493 -10.019556 -2.603766 -4.47694
25260 1444831738.211206 11.9971 5.070203 -0.005493 -9.931665 -2.603766 -4.47694
25261 1444831738.221223 11.9971 5.070203 -0.005493 -10.019556 -2.603766 -4.47694
25262 1444831738.226117 11.9971 5.070203 -0.005493 -10.019556 -2.603766 -4.47694
25263 1444831738.236549 11.9971 5.070203 -0.005493 -10.019556 -2.603766 -4.47694
25264 1444831738.246261 11.9971 5.070203 -0.005493 -10.019556 -2.603766 -4.47694
25265 1444831738.255672 11.9971 5.070203 0.082398 -9.931665 -2.603766 -4.47694
25266 1444831738.265714 11.9971 5.070203 -0.005493 -9.931665 -2.603766 -4.47694
25267 1444831738.279723 11.9971 5.070203 0.082398 -10.019556 -2.603766 -4.47694
25268 1444831738.291818 11.9971 5.070203 -0.005493 -10.019556 -2.603766 -4.47694
25269 1444831738.301907 11.9971 5.070203 -0.005493 -10.019556 -2.603766 -4.47694
25270 1444831738.311947 11.9971 5.070203 -0.005493 -10.019556 -2.603766 -4.47694
25271 1444831738.322145 11.9971 5.070203 -0.005493 -10.019556 -2.603766 -4.47694
25272 1444831738.332313 11.9971 5.070203 -0.005493 -10.019556 -2.603766 -4.47694
25273 1444831738.342559 11.9971 5.070203 -0.005493 -10.019556 -2.603766 -4.47694
25274 1444831738.353093 11.9971 5.070203 -0.005493 -10.019556 -2.603766 -4.47694
25275 1444831738.362467 11.9971 5.070203 -0.005493 -10.019556 -2.603766 -4.47694
25276 1444831738.372513 11.9971 5.070203 -0.005493 -10.019556 -2.603766 -4.47694
25277 1444831738.382640 11.9971 5.070203 -0.005493 -10.019556 -2.603766 -4.47694
25278 1444831738.392686 11.9971 5.070203 -0.005493 -10.019556 -2.603766 -4.47694
25279 1444831738.402789 11.9971 5.070203 -0.005493 -10.019556 -2.603766 -4.47694
25280 1444831738.412884 11.9971 5.070203 -0.005493 -9.931665 -2.603766 -4.47694
25281 1444831738.423060 11.9971 5.070203 -0.005493 -9.931665 -2.603766 -4.47694
25282 1444831738.433175 11.9971 5.070203 0.082398 -9.931665 -2.603766 -4.47694
25283 1444831738.441341 11.9971 5.070203 -0.005493 -10.019556 -2.603766 -4.47694
25284 1444831738.451202 11.9971 5.070203 -0.005493 -9.931665 -2.603766 -4.47694
25285 1444831738.463691 11.9971 5.070203 -0.005493 -10.019556 -2.603766 -4.47694
25286 1444831738.473888 11.9971 5.070203 -0.005493 -10.019556 -2.603766 -4.47694
25287 1444831738.484082 11.9971 5.070203 -0.005493 -10.019556 -2.603766 -4.47694
25288 1444831738.491548 11.9971 5.070203 -0.005493 -9.931665 -2.603766 -4.47694
25289 1444831738.501516 11.9971 5.070203 -0.005493 -10.019556 -2.603766 -4.47694
25290 1444831738.511519 11.9971 5.070203 -0.005493 -10.019556 -2.603766 -4.47694
25291 1444831738.521688 11.9971 5.070203 -0.005493 -10.019556 -2.603766 -4.47694
25292 1444831738.531739 11.9971 5.070203 -0.005493 -10.019556 -2.603766 -4.47694
25293 1444831738.544323 11.9971 5.070203 -0.005493 -10.019556 -2.603766 -4.47694
25294 1444831738.551225 11.9971 5.070203 -0.005493 -9.931665 -2.603766 -4.47694
25295 1444831738.561217 11.9971 5.070203 -0.005493 -10.019556 -2.603766 -4.47694
25296 1444831738.572161 11.9971 5.070203 -0.005493 -10.019556 -2.603766 -4.47694
25297 1444831738.581059 11.9971 5.070203 -0.005493 -10.019556 -2.603766 -4.47694
25298 1444831738.590852 11.9971 5.070203 -0.005493 -10.019556 -2.603766 -4.47694
25299 1444831738.602503 11.9971 5.070203 -0.005493 -10.019556 -2.603766 -4.47694
25300 1444831738.612646 11.9971 5.070203 0.082398 -10.019556 -2.603766 -4.47694
25301 1444831738.622810 11.9971 5.070203 -0.005493 -10.019556 -2.603766 -4.47694
25302 1444831738.633066 11.9971 5.070203 -0.005493 -10.019556 -2.603766 -4.47694
25303 1444831738.643212 11.9971 5.070203 -0.005493 -10.019556 -2.603766 -4.47694
25304 1444831738.653474 11.9971 5.070203 -0.005493 -10.019556 -2.603766 -4.47694
25305 1444831738.664546 11.9971 5.070203 -0.005493 -10.019556 -2.603766 -4.47694
25306 1444831738.674730 11.9971 5.070203 -0.005493 -9.931665 -2.603766 -4.47694
25307 1444831738.686419 11.9971 5.070203 -0.005493 -10.019556 -2.603766 -4.47694
25308 1444831738.696369 11.9971 5.070203 -0.005493 -9.931665 -2.603766 -4.47694
25309 1444831738.704009 11.9971 5.070203 -0.005493 -10.019556 -2.603766 -4.47694
25310 1444831738.715903 11.9971 5.070203 0.082398 -10.019556 -2.603766 -4.47694
25311 1444831738.725986 11.9971 5.070203 -0.005493 -10.019556 -2.603766 -4.47694
25312 1444831738.736244 11.9971 5.070203 -0.005493 -10.019556 -2.603766 -4.47694
25313 1444831738.746352 11.9971 5.070203 0.082398 -10.019556 -2.603766 -4.47694
25314 1444831738.756410 11.9971 5.070203 -0.005493 -10.019556 -2.603766 -4.47694
25315 1444831738.766431 11.9971 5.070203 -0.005493 -9.931665 -2.603766 -4.47694
25316 1444831738.776530 11.9971 5.070203 -0.005493 -10.019556 -2.603766 -4.47694
25317 1444831738.786839 11.9971 5.070203 -0.005493 -9.931665 -2.603766 -4.47694
25318 1444831738.797138 11.9971 5.070203 -0.005493 -10.019556 -2.603766 -4.47694
25319 1444831738.807065 11.9971 5.070203 -0.005493 -9.931665 -2.603766 -4.47694
25320 1444831738.817242 11.9971 5.070203 -0.005493 -10.019556 -2.603766 -4.47694
25321 1444831738.827205 11.9971 5.070203 -0.005493 -10.019556 -2.603766 -4.47694
25322 1444831738.837317 11.9971 5.070203 -0.005493 -10.019556 -2.603766 -4.47694
25323 1444831738.845795 11.9971 5.070203 -0.005493 -10.019556 -2.603766 -4.47694
25324 1444831738.857401 11.9971 5.070203 -0.005493 -9.931665 -2.603766 -4.47694
25325 1444831738.867687 11.9971 5.070203 -0.005493 -10.019556 -2.603766 -4.47694
25326 1444831738.878166 11.9971 5.070203 -0.005493 -9.931665 -2.603766 -4.47694
25327 1444831738.888307 11.9971 5.070203 -0.005493 -10.019556 -2.603766 -4.47694
25328 1444831738.898228 11.9971 5.070203 -0.005493 -10.019556 -2.603766 -4.47694
25329 1444831738.909168 11.9971 5.070203 -0.005493 -10.019556 -2.603766 -4.47694
25330 1444831738.919238 11.9971 5.070203 0.082398 -10.019556 -2.603766 -4.47694
25331 1444831738.929462 11.9971 5.070203 -0.005493 -10.019556 -2.603766 -4.47694
25332 1444831738.935656 11.9971 5.070203 -0.005493 -9.931665 -2.603766 -4.47694
25333 1444831738.946817 11.9971 5.070203 -0.005493 -10.019556 -2.603766 -4.47694
25334 1444831738.955687 11.9971 5.070203 -0.005493 -10.019556 -2.603766 -4.47694
25335 1444831738.965794 11.9971 5.070203 0.082398 -9.931665 -2.603766 -4.47694
25336 1444831738.975800 11.9971 5.070203 -0.005493 -10.019556 -2.603766 -4.47694
25337 1444831738.986113 11.9971 5.070203 0.082398 -10.019556 -2.603766 -4.47694
25338 1444831738.996580 11.9971 5.070203 -0.005493 -9.931665 -2.603766 -4.47694
25339 1444831739.006119 11.9971 5.070203 -0.005493 -10.019556 -2.603766 -4.47694
25340 1444831739.016393 11.9971 5.070203 -0.005493 -10.019556 -2.603766 -4.47694
25341 1444831739.026497 11.9971 5.070203 -0.005493 -10.019556 -2.603766 -4.47694
25342 1444831739.036840 11.9971 5.070203 -0.005493 -10.019556 -2.603766 -4.47694
25343 1444831739.047103 11.9971 5.070203 -0.005493 -10.019556 -2.603766 -4.47694
25344 1444831739.057127 11.9971 5.070203 -0.005493 -10.019556 -2.603766 -4.47694
25345 1444831739.067274 11.9971 5.070203 -0.005493 -10.019556 -2.603766 -4.47694
25346 1444831739.077342 11.9971 5.070203 -0.005493 -10.019556 -2.603766 -4.47694
25347 1444831739.087521 11.9971 5.070203 -0.005493 -9.931665 -2.603766 -4.47694
25348 1444831739.097402 11.9971 5.070203 -0.005493 -10.019556 -2.603766 -4.47694
25349 1444831739.107714 11.9971 5.070203 0.082398 -10.019556 -2.603766 -4.47694
25350 1444831739.117884 11.9971 5.070203 -0.005493 -10.019556 -2.603766 -4.47694
25351 1444831739.128067 11.9971 5.070203 -0.005493 -9.931665 -2.603766 -4.47694
25352 1444831739.137923 11.9971 5.070203 -0.005493 -10.019556 -2.603766 -4.47694
25353 1444831739.148033 11.9971 5.070203 -0.005493 -10.019556 -2.603766 -4.47694
25354 1444831739.158122 11.9971 5.070203 -0.005493 -9.931665 -2.603766 -4.47694
25355 1444831739.168247 11.9971 5.070203 -0.005493 -10.019556 -2.603766 -4.47694
25356 1444831739.178393 11.9971 5.070203 -0.005493 -9.931665 -2.603766 -4.47694
25357 1444831739.186095 11.9971 5.070203 0.082398 -10.019556 -2.603766 -4.47694
25358 1444831739.196281 11.9971 5.070203 -0.005493 -10.019556 -2.603766 -4.47694
25359 1444831739.206097 11.9971 5.070203 -0.005493 -10.019556 -2.603766 -4.47694
25360 1444831739.219504 11.9971 5.070203 -0.005493 -10.019556 -2.603766 -4.47694
25361 1444831739.229862 11.9971 5.070203 -0.005493 -10.019556 -2.603766 -4.47694
25362 1444831739.241224 11.9971 5.070203 -0.005493 -10.019556 -2.603766 -4.47694
25363 1444831739.251159 11.9971 5.070203 -0.005493 -10.019556 -2.603766 -4.47694
25364 1444831739.261507 11.9971 5.070203 -0.005493 -10.019556 -2.603766 -4.47694
25365 1444831739.271914 11.9971 5.070203 -0.005493 -10.019556 -2.603766 -4.47694
25366 1444831739.281474 11.9971 5.070203 0.082398 -10.019556 -2.603766 -4.47694
25367 1444831739.292104 11.9971 5.070203 -0.005493 -10.019556 -2.603766 -4.47694
25368 1444831739.302123 11.9971 5.070203 -0.005493 -10.019556 -2.603766 -4.47694
25369 1444831739.312020 11.9971 5.070203 -0.005493 -10.019556 -2.603766 -4.47694
25370 1444831739.322070 11.9971 5.070203 -0.005493 -10.019556 -2.603766 -4.47694
25371 1444831739.331988 11.9971 5.070203 -0.005493 -9.931665 -2.603766 -4.47694
25372 1444831739.340806 11.9971 5.070203 -0.005493 -9.931665 -2.603766 -4.47694
25373 1444831739.352606 11.9971 5.070203 -0.005493 -10.019556 -2.603766 -4.47694
25374 1444831739.361091 11.9971 5.070203 -0.005493 -10.019556 -2.603766 -4.47694
25375 1444831739.371195 11.9971 5.070203 -0.005493 -10.019556 -2.603766 -4.47694
25376 1444831739.377848 11.9971 5.070203 -0.005493 -10.019556 -2.603766 -4.47694
25377 1444831739.393153 11.9971 5.070203 -0.005493 -10.019556 -2.603766 -4.47694
25378 1444831739.403245 11.9971 5.070203 -0.005493 -9.931665 -2.603766 -4.47694
25379 1444831739.413392 11.9971 5.070203 -0.005493 -10.019556 -2.603766 -4.47694
25380 1444831739.423470 11.9971 5.070203 -0.005493 -9.931665 -2.603766 -4.47694
25381 1444831739.433743 11.9971 5.070203 -0.005493 -9.931665 -2.603766 -4.47694
25382 1444831739.441256 11.9971 5.070203 -0.005493 -9.931665 -2.603766 -4.47694
25383 1444831739.453883 11.9971 5.070203 -0.005493 -10.019556 -2.603766 -4.47694
25384 1444831739.461138 11.9971 5.070203 0.082398 -10.019556 -2.603766 -4.47694
25385 1444831739.471218 11.9971 5.070203 -0.005493 -9.931665 -2.603766 -4.47694
25386 1444831739.481360 11.9971 5.070203 -0.005493 -10.019556 -2.603766 -4.47694
25387 1444831739.491467 11.9971 5.070203 -0.005493 -10.019556 -2.603766 -4.47694
25388 1444831739.501454 11.9971 5.070203 -0.005493 -10.019556 -2.603766 -4.47694
25389 1444831739.511725 11.9971 5.070203 -0.005493 -10.019556 -2.603766 -4.47694
25390 1444831739.521705 11.9971 5.070203 -0.005493 -10.019556 -2.603766 -4.47694
25391 1444831739.528991 11.9971 5.070203 -0.005493 -9.931665 -2.603766 -4.47694
25392 1444831739.540731 11.9971 5.070203 -0.005493 -9.931665 -2.603766 -4.47694
25393 1444831739.550868 11.9971 5.070203 -0.005493 -10.019556 -2.603766 -4.47694
25394 1444831739.561265 11.9971 5.070203 -0.005493 -9.931665 -2.603766 -4.47694
25395 1444831739.571305 11.9971 5.070203 -0.005493 -10.019556 -2.603766 -4.47694
25396 1444831739.581281 11.9971 5.070203 -0.005493 -10.019556 -2.603766 -4.47694
25397 1444831739.591462 11.9971 5.070203 -0.005493 -10.019556 -2.603766 -4.47694
25398 1444831739.601802 11.9971 5.070203 -0.005493 -9.931665 -2.603766 -4.47694
25399 1444831739.611969 11.9971 5.070203 -0.005493 -10.019556 -2.603766 -4.47694
25400 1444831739.622076 11.9971 5.070203 -0.005493 -9.931665 -2.603766 -4.47694
25401 1444831739.632059 11.9971 5.070203 -0.005493 -10.019556 -2.603766 -4.47694
25402 1444831739.642292 11.9971 5.070203 -0.005493 -10.019556 -2.603766 -4.47694
25403 1444831739.652354 11.9971 5.070203 -0.005493 -9.931665 -2.603766 -4.47694
25404 1444831739.662903 11.9971 5.070203 -0.005493 -10.019556 -2.603766 -4.47694
25405 1444831739.672527 11.9971 5.070203 -0.005493 -9.931665 -2.603766 -4.47694
25406 1444831739.682604 11.9971 5.070203 -0.005493 -10.019556 -2.603766 -4.47694
25407 1444831739.694538 11.9971 5.070203 -0.005493 -10.019556 -2.603766 -4.47694
25408 1444831739.703149 11.9971 5.070203 0.082398 -10.019556 -2.603766 -4.47694
25409 1444831739.714470 11.9971 5.070203 -0.005493 -10.019556 -2.603766 -4.47694
25410 1444831739.724761 11.9971 5.070203 -0.005493 -9.931665 -2.603766 -4.47694
25411 1444831739.735133 11.9971 5.070203 -0.005493 -10.019556 -2.603766 -4.47694
25412 1444831739.744443 11.9971 5.070203 -0.005493 -9.931665 -2.603766 -4.47694
25413 1444831739.754700 11.9971 5.070203 -0.005493 -9.931665 -2.603766 -4.47694
25414 1444831739.764458 11.9971 5.070203 -0.005493 -9.931665 -2.603766 -4.47694
25415 1444831739.774699 11.9971 5.070203 -0.005493 -10.019556 -2.603766 -4.47694
25416 1444831739.786322 11.9971 5.070203 -0.005493 -10.019556 -2.603766 -4.47694
25417 1444831739.795683 11.9971 5.070203 -0.005493 -10.019556 -2.603766 -4.47694
25418 1444831739.805823 11.9971 5.070203 0.082398 -10.019556 -2.603766 -4.47694
25419 1444831739.816089 11.9971 5.070203 -0.005493 -10.019556 -2.603766 -4.47694
25420 1444831739.826028 11.9971 5.070203 -0.005493 -9.931665 -2.603766 -4.47694
25421 1444831739.836959 11.9971 5.070203 -0.005493 -10.019556 -2.603766 -4.47694
25422 1444831739.846254 11.9971 5.070203 -0.005493 -10.019556 -2.603766 -4.47694
25423 1444831739.857062 11.9971 5.070203 -0.005493 -10.019556 -2.603766 -4.47694
25424 1444831739.867139 11.909209 5.070203 -0.005493 -10.019556 -2.603766 -4.47694
25425 1444831739.877005 11.9971 5.070203 -0.005493 -10.019556 -2.603766 -4.47694
25426 1444831739.887312 11.9971 5.070203 -0.005493 -10.019556 -2.603766 -4.47694
25427 1444831739.897449 11.909209 5.070203 -0.005493 -10.019556 -2.603766 -4.47694
25428 1444831739.907460 11.9971 5.070203 -0.005493 -10.019556 -2.603766 -4.47694
25429 1444831739.917580 11.9971 5.070203 -0.005493 -10.019556 -2.515875 -4.47694
25430 1444831739.926267 11.9971 5.070203 -0.005493 -10.019556 -2.515875 -4.47694
25431 1444831739.936269 11.909209 5.070203 -0.005493 -10.019556 -2.515875 -4.47694
25432 1444831739.947974 11.9971 5.070203 -0.005493 -10.019556 -2.427984 -4.47694
25433 1444831739.958097 11.909209 5.070203 0.082398 -10.107447 -2.427984 -4.47694
25434 1444831739.966559 11.909209 5.070203 0.082398 -10.107447 -2.427984 -4.47694
25435 1444831739.976632 11.9971 5.070203 -0.005493 -10.107447 -2.427984 -4.47694
25436 1444831739.983521 11.909209 5.070203 -0.005493 -10.107447 -2.427984 -4.47694
25437 1444831739.990804 11.9971 5.070203 0.082398 -10.107447 -2.340094 -4.47694
25438 1444831740.001466 11.9971 5.070203 -0.005493 -10.195337 -2.252203 -4.47694
25439 1444831740.011548 11.9971 5.070203 -0.005493 -10.195337 -2.252203 -4.47694
25440 1444831740.024544 11.9971 5.070203 -0.005493 -10.195337 -2.252203 -4.47694
25441 1444831740.036384 11.9971 5.070203 -0.005493 -10.195337 -2.252203 -4.47694
25442 1444831740.046936 11.9971 5.070203 -0.005493 -10.195337 -2.164312 -4.47694
25443 1444831740.055782 11.9971 5.070203 -0.005493 -10.195337 -2.164312 -4.47694
25444 1444831740.065951 11.9971 5.070203 -0.005493 -10.195337 -2.164312 -4.47694
25445 1444831740.076359 11.909209 5.070203 -0.005493 -10.195337 -2.164312 -4.47694
25446 1444831740.086874 11.909209 5.070203 -0.005493 -10.195337 -2.076421 -4.389049
25447 1444831740.096928 11.909209 5.070203 -0.005493 -10.195337 -2.076421 -4.47694
25448 1444831740.106062 11.909209 5.070203 -0.005493 -10.195337 -2.076421 -4.47694
25449 1444831740.116735 11.909209 5.070203 -0.005493 -10.195337 -2.076421 -4.47694
25450 1444831740.126496 11.9971 5.070203 -0.005493 -10.195337 -2.076421 -4.389049
25451 1444831740.136726 11.9971 5.070203 -0.005493 -10.195337 -2.076421 -4.389049
25452 1444831740.146492 11.9971 5.070203 -0.005493 -10.195337 -2.076421 -4.389049
25453 1444831740.157228 11.9971 5.070203 -0.005493 -10.195337 -2.076421 -4.389049
25454 1444831740.167084 11.9971 5.070203 -0.005493 -10.195337 -2.076421 -4.47694
25455 1444831740.177202 11.9971 5.070203 -0.005493 -10.195337 -2.076421 -4.47694
25456 1444831740.185656 11.9971 5.070203 -0.005493 -10.195337 -2.076421 -4.47694
25457 1444831740.195830 11.9971 5.070203 -0.005493 -10.195337 -2.076421 -4.389049
25458 1444831740.205653 11.9971 5.070203 -0.005493 -10.195337 -2.076421 -4.389049
25459 1444831740.217875 11.9971 5.070203 -0.005493 -10.195337 -2.076421 -4.389049
25460 1444831740.227958 11.9971 5.070203 -0.005493 -10.195337 -2.076421 -4.389049
25461 1444831740.236170 12.08499 5.070203 -0.005493 -10.195337 -2.076421 -4.389049
25462 1444831740.246236 11.9971 5.070203 -0.005493 -10.107447 -2.164312 -4.389049
25463 1444831740.256179 12.08499 5.070203 -0.005493 -10.107447 -2.164312 -4.389049
25464 1444831740.268608 12.08499 5.070203 -0.005493 -10.107447 -2.164312 -4.389049
25465 1444831740.279608 12.08499 5.070203 -0.005493 -10.107447 -2.164312 -4.389049
25466 1444831740.289497 12.08499 5.070203 -0.005493 -10.019556 -2.164312 -4.47694
25467 1444831740.295918 12.08499 5.070203 -0.005493 -10.019556 -2.164312 -4.389049
25468 1444831740.309695 12.172881 5.070203 -0.005493 -9.931665 -2.252203 -4.389049
25469 1444831740.319937 12.172881 5.070203 -0.005493 -9.931665 -2.252203 -4.389049
25470 1444831740.328739 12.172881 5.070203 -0.005493 -9.931665 -2.340094 -4.389049
25471 1444831740.338947 12.172881 5.070203 -0.005493 -9.843774 -2.427984 -4.389049
25472 1444831740.348918 12.172881 5.070203 -0.005493 -9.843774 -2.515875 -4.389049
25473 1444831740.358920 12.260772 5.070203 -0.005493 -9.755883 -2.603766 -4.47694
25474 1444831740.368994 12.260772 5.070203 -0.005493 -9.667992 -2.691657 -4.47694
25475 1444831740.380749 12.260772 5.070203 -0.005493 -9.667992 -2.779548 -4.47694
25476 1444831740.389426 12.260772 5.070203 -0.005493 -9.580102 -2.867439 -4.47694
25477 1444831740.400963 12.348663 5.070203 -0.005493 -9.492211 -3.04322 -4.47694
25478 1444831740.410981 12.348663 5.070203 -0.005493 -9.492211 -3.219002 -4.47694
25479 1444831740.421099 12.348663 5.070203 -0.005493 -9.40432 -3.394784 -4.47694
25480 1444831740.431189 12.436554 5.070203 -0.005493 -9.316429 -3.482675 -4.47694
25481 1444831740.439892 12.436554 5.070203 -0.005493 -9.228538 -3.482675 -4.47694
25482 1444831740.449812 12.524445 5.070203 -0.005493 -9.140647 -3.658456 -4.56483
25483 1444831740.460012 12.524445 5.070203 -0.005493 -9.140647 -3.746347 -4.47694
25484 1444831740.466762 12.524445 5.070203 0.082398 -9.052756 -3.922129 -4.56483
25485 1444831740.476694 12.612335 5.070203 0.082398 -9.052756 -4.01002 -4.56483
25486 1444831740.487100 12.700226 5.070203 -0.005493 -8.964866 -4.09791 -4.56483
25487 1444831740.496908 12.788117 5.070203 -0.005493 -8.876975 -4.185801 -4.56483
25488 1444831740.507086 12.788117 5.070203 -0.005493 -8.876975 -4.273692 -4.56483
25489 1444831740.517120 12.876008 5.070203 0.082398 -8.789084 -4.361583 -4.56483
25490 1444831740.527786 12.963899 5.070203 -0.005493 -8.789084 -4.449474 -4.56483
25491 1444831740.540756 13.05179 5.070203 -0.005493 -8.789084 -4.537365 -4.56483
25492 1444831740.549549 13.05179 5.070203 -0.005493 -8.789084 -4.537365 -4.652721
25493 1444831740.559404 13.05179 5.070203 -0.005493 -8.789084 -4.537365 -4.652721
25494 1444831740.569969 13.139681 5.070203 -0.005493 -8.789084 -4.537365 -4.652721
25495 1444831740.579697 13.139681 5.070203 -0.005493 -8.789084 -4.537365 -4.652721
25496 1444831740.590721 13.139681 5.070203 -0.005493 -8.789084 -4.537365 -4.652721
25497 1444831740.599949 13.05179 5.070203 0.082398 -8.789084 -4.537365 -4.652721
25498 1444831740.609972 12.963899 5.070203 -0.005493 -8.789084 -4.537365 -4.652721
25499 1444831740.619980 12.876008 5.070203 0.082398 -8.789084 -4.537365 -4.652721
25500 1444831740.630190 12.788117 5.070203 0.082398 -8.789084 -4.537365 -4.652721
25501 1444831740.640725 12.788117 5.158094 -0.005493 -8.876975 -4.537365 -4.652721
25502 1444831740.650769 12.700226 5.070203 -0.005493 -8.876975 -4.537365 -4.652721
25503 1444831740.660837 12.612335 5.158094 0.082398 -8.876975 -4.537365 -4.652721
25504 1444831740.671035 12.524445 5.158094 0.082398 -8.876975 -4.537365 -4.652721
25505 1444831740.681104 12.436554 5.070203 0.082398 -8.876975 -4.537365 -4.652721
25506 1444831740.691537 12.436554 5.158094 0.082398 -8.876975 -4.537365 -4.652721
25507 1444831740.701460 12.348663 5.158094 -0.005493 -8.964866 -4.537365 -4.652721
25508 1444831740.711827 12.260772 5.070203 0.082398 -8.964866 -4.537365 -4.652721
25509 1444831740.721762 12.172881 5.158094 0.082398 -9.052756 -4.537365 -4.652721
25510 1444831740.731961 12.172881 5.070203 0.082398 -9.052756 -4.537365 -4.652721
25511 1444831740.742055 12.172881 5.070203 -0.005493 -9.052756 -4.537365 -4.652721
25512 1444831740.752131 12.172881 5.158094 0.082398 -9.052756 -4.537365 -4.652721
25513 1444831740.762564 12.172881 5.070203 0.082398 -9.052756 -4.537365 -4.652721
25514 1444831740.772444 12.08499 5.070203 0.082398 -9.052756 -4.537365 -4.652721
25515 1444831740.782958 12.08499 5.158094 0.082398 -9.052756 -4.537365 -4.652721
25516 1444831740.790210 12.08499 5.158094 0.082398 -9.052756 -4.537365 -4.652721
25517 1444831740.802998 11.9971 5.158094 0.082398 -9.052756 -4.537365 -4.652721
25518 1444831740.813159 11.9971 5.158094 0.082398 -9.052756 -4.537365 -4.652721
25519 1444831740.823246 11.9971 5.158094 0.082398 -9.052756 -4.537365 -4.652721
25520 1444831740.833353 11.909209 5.070203 0.082398 -9.140647 -4.537365 -4.652721
25521 1444831740.843493 11.909209 5.070203 0.082398 -9.140647 -4.537365 -4.652721
25522 1444831740.853493 11.909209 5.070203 0.082398 -9.140647 -4.537365 -4.652721
25523 1444831740.863616 11.909209 5.158094 -0.005493 -9.140647 -4.537365 -4.652721
25524 1444831740.871148 11.821318 5.158094 0.082398 -9.140647 -4.537365 -4.652721
25525 1444831740.883904 11.821318 5.158094 -0.005493 -9.228538 -4.537365 -4.652721
25526 1444831740.891648 11.909209 5.158094 -0.005493 -9.228538 -4.537365 -4.652721
25527 1444831740.901514 11.909209 5.158094 -0.005493 -9.228538 -4.537365 -4.652721
25528 1444831740.911374 11.909209 5.070203 0.082398 -9.228538 -4.537365 -4.652721
25529 1444831740.921577 11.909209 5.158094 0.082398 -9.140647 -4.537365 -4.652721
25530 1444831740.931643 11.909209 5.070203 0.082398 -9.140647 -4.537365 -4.652721
25531 1444831740.941724 11.909209 5.158094 0.082398 -9.140647 -4.537365 -4.652721
25532 1444831740.951224 11.909209 5.158094 -0.005493 -9.228538 -4.537365 -4.652721
25533 1444831740.961788 11.9971 5.070203 -0.005493 -9.140647 -4.537365 -4.652721
25534 1444831740.972007 11.9971 5.158094 -0.005493 -9.140647 -4.537365 -4.652721
25535 1444831740.980822 11.9971 5.070203 0.082398 -9.140647 -4.537365 -4.652721
25536 1444831740.991904 11.9971 5.158094 -0.005493 -9.140647 -4.537365 -4.652721
25537 1444831741.001395 11.9971 5.158094 -0.005493 -9.140647 -4.537365 -4.652721
25538 1444831741.012046 11.9971 5.070203 0.082398 -9.140647 -4.537365 -4.652721
25539 1444831741.021478 11.9971 5.070203 -0.005493 -9.140647 -4.537365 -4.652721
25540 1444831741.032051 12.08499 5.070203 -0.005493 -9.140647 -4.537365 -4.652721
25541 1444831741.044497 12.08499 5.070203 0.082398 -9.140647 -4.537365 -4.652721
25542 1444831741.052727 12.08499 5.070203 -0.005493 -9.140647 -4.537365 -4.652721
25543 1444831741.062702 12.08499 5.070203 -0.005493 -9.140647 -4.537365 -4.652721
25544 1444831741.072898 11.9971 5.070203 -0.005493 -9.140647 -4.537365 -4.652721
25545 1444831741.083025 12.08499 5.070203 -0.005493 -9.140647 -4.537365 -4.652721
25546 1444831741.090869 11.9971 5.070203 -0.005493 -9.140647 -4.537365 -4.652721
25547 1444831741.103123 12.08499 5.070203 -0.005493 -9.140647 -4.537365 -4.652721
25548 1444831741.113335 12.08499 5.070203 -0.005493 -9.140647 -4.537365 -4.652721
25549 1444831741.123433 11.9971 5.070203 -0.005493 -9.140647 -4.625255 -4.652721
25550 1444831741.133570 12.08499 5.070203 -0.005493 -9.140647 -4.537365 -4.652721
25551 1444831741.141289 12.08499 5.070203 -0.005493 -9.140647 -4.625255 -4.652721
25552 1444831741.151078 12.08499 5.070203 -0.005493 -9.140647 -4.625255 -4.652721
25553 1444831741.161063 12.08499 5.070203 -0.005493 -9.140647 -4.625255 -4.56483
25554 1444831741.174494 12.08499 5.070203 -0.005493 -9.140647 -4.625255 -4.652721
25555 1444831741.185141 12.08499 5.070203 -0.005493 -9.140647 -4.713146 -4.56483
25556 1444831741.195182 12.08499 5.070203 -0.005493 -9.140647 -4.713146 -4.56483
25557 1444831741.205207 12.08499 5.070203 -0.005493 -9.140647 -4.713146 -4.652721
25558 1444831741.215316 12.08499 5.070203 -0.005493 -9.052756 -4.713146 -4.56483
25559 1444831741.225747 12.172881 5.070203 -0.005493 -9.140647 -4.801037 -4.56483
25560 1444831741.236104 12.172881 5.070203 -0.005493 -9.052756 -4.801037 -4.56483
25561 1444831741.246013 12.172881 5.070203 -0.005493 -9.052756 -4.713146 -4.56483
25562 1444831741.255883 12.08499 5.070203 -0.005493 -9.140647 -4.713146 -4.56483
25563 1444831741.265961 12.08499 5.070203 -0.005493 -9.140647 -4.801037 -4.56483
25564 1444831741.276080 12.172881 5.070203 -0.005493 -9.140647 -4.801037 -4.56483
25565 1444831741.286386 12.08499 5.070203 -0.005493 -9.140647 -4.713146 -4.56483
25566 1444831741.296427 12.08499 5.070203 -0.005493 -9.140647 -4.713146 -4.56483
25567 1444831741.306433 12.08499 5.070203 -0.005493 -9.140647 -4.713146 -4.56483
25568 1444831741.316654 12.08499 5.070203 -0.005493 -9.140647 -4.713146 -4.56483
25569 1444831741.326780 12.08499 5.070203 -0.005493 -9.140647 -4.801037 -4.56483
25570 1444831741.335378 12.08499 5.070203 -0.005493 -9.140647 -4.713146 -4.56483
25571 1444831741.347040 12.08499 5.070203 -0.005493 -9.140647 -4.713146 -4.56483
25572 1444831741.355525 12.08499 5.070203 -0.005493 -9.140647 -4.713146 -4.56483
25573 1444831741.365585 12.08499 5.070203 -0.005493 -9.140647 -4.713146 -4.56483
25574 1444831741.375647 12.172881 5.070203 -0.005493 -9.140647 -4.713146 -4.56483
25575 1444831741.382388 12.08499 5.070203 -0.005493 -9.140647 -4.713146 -4.56483
25576 1444831741.392465 12.08499 5.070203 -0.005493 -9.140647 -4.713146 -4.56483
25577 1444831741.402630 12.172881 5.070203 -0.005493 -9.140647 -4.713146 -4.56483
25578 1444831741.412779 12.08499 5.070203 -0.005493 -9.140647 -4.713146 -4.56483
25579 1444831741.423069 12.172881 5.070203 -0.005493 -9.140647 -4.713146 -4.56483
25580 1444831741.432986 12.08499 5.070203 -0.005493 -9.140647 -4.713146 -4.56483
25581 1444831741.441014 12.08499 5.070203 -0.005493 -9.140647 -4.713146 -4.56483
25582 1444831741.453194 12.172881 5.070203 -0.005493 -9.140647 -4.713146 -4.56483
25583 1444831741.463400 12.08499 5.070203 -0.005493 -9.140647 -4.713146 -4.56483
25584 1444831741.473514 12.08499 5.070203 -0.005493 -9.140647 -4.713146 -4.56483
25585 1444831741.486169 12.08499 5.070203 -0.005493 -9.140647 -4.625255 -4.56483
25586 1444831741.496714 12.08499 5.070203 -0.005493 -9.140647 -4.713146 -4.56483
25587 1444831741.506070 12.08499 5.070203 -0.005493 -9.140647 -4.713146 -4.56483
25588 1444831741.516190 12.08499 5.070203 -0.005493 -9.140647 -4.713146 -4.56483
25589 1444831741.526671 12.08499 5.070203 -0.005493 -9.140647 -4.713146 -4.56483
25590 1444831741.536845 12.08499 5.070203 -0.005493 -9.140647 -4.713146 -4.56483
25591 1444831741.545871 12.08499 5.070203 -0.005493 -9.140647 -4.713146 -4.56483
25592 1444831741.556204 12.08499 5.070203 -0.005493 -9.140647 -4.713146 -4.56483
25593 1444831741.565809 12.08499 5.070203 -0.005493 -9.140647 -4.713146 -4.56483
25594 1444831741.576954 12.08499 5.070203 -0.005493 -9.140647 -4.713146 -4.56483
25595 1444831741.588008 12.172881 5.070203 -0.005493 -9.140647 -4.713146 -4.56483
25596 1444831741.597599 12.08499 5.070203 -0.005493 -9.140647 -4.713146 -4.56483
25597 1444831741.607583 12.08499 5.070203 -0.005493 -9.140647 -4.713146 -4.56483
25598 1444831741.617477 12.08499 5.070203 -0.005493 -9.140647 -4.713146 -4.56483
25599 1444831741.627422 12.08499 5.070203 -0.005493 -9.140647 -4.625255 -4.56483
25600 1444831741.638025 12.08499 5.070203 -0.005493 -9.140647 -4.625255 -4.56483
25601 1444831741.648038 12.08499 5.070203 -0.005493 -9.140647 -4.625255 -4.47694
25602 1444831741.657829 12.08499 5.070203 -0.005493 -9.140647 -4.625255 -4.56483
25603 1444831741.668026 12.08499 5.070203 -0.005493 -9.140647 -4.625255 -4.56483
25604 1444831741.678023 12.08499 5.070203 -0.005493 -9.140647 -4.625255 -4.47694
25605 1444831741.685869 12.08499 5.070203 -0.005493 -9.228538 -4.625255 -4.47694
25606 1444831741.695944 12.08499 5.070203 -0.005493 -9.228538 -4.625255 -4.47694
25607 1444831741.708363 12.08499 5.070203 -0.005493 -9.228538 -4.625255 -4.47694
25608 1444831741.718633 11.9971 5.070203 -0.005493 -9.228538 -4.625255 -4.47694
25609 1444831741.728689 12.08499 5.070203 -0.005493 -9.228538 -4.625255 -4.47694
25610 1444831741.739425 12.08499 5.070203 -0.005493 -9.228538 -4.625255 -4.47694
25611 1444831741.749428 12.08499 5.070203 -0.005493 -9.228538 -4.625255 -4.47694
25612 1444831741.759456 12.08499 5.070203 -0.093384 -9.228538 -4.537365 -4.47694
25613 1444831741.769563 12.08499 5.070203 -0.093384 -9.228538 -4.537365 -4.47694
25614 1444831741.779752 12.08499 5.070203 -0.093384 -9.316429 -4.537365 -4.47694
25615 1444831741.785780 12.08499 5.070203 -0.093384 -9.316429 -4.537365 -4.47694
25616 1444831741.799844 12.08499 5.070203 -0.093384 -9.316429 -4.537365 -4.47694
25617 1444831741.806042 11.9971 5.070203 -0.093384 -9.316429 -4.537365 -4.47694
25618 1444831741.816032 12.08499 5.070203 -0.093384 -9.316429 -4.449474 -4.389049
25619 1444831741.825971 12.08499 5.070203 -0.093384 -9.316429 -4.449474 -4.389049
25620 1444831741.837499 11.9971 5.070203 -0.093384 -9.316429 -4.449474 -4.389049
25621 1444831741.849661 11.9971 5.070203 -0.093384 -9.316429 -4.449474 -4.389049
25622 1444831741.859375 11.9971 5.070203 -0.093384 -9.316429 -4.449474 -4.389049
25623 1444831741.868425 11.9971 5.070203 -0.093384 -9.316429 -4.449474 -4.389049
25624 1444831741.878681 12.08499 5.070203 -0.093384 -9.316429 -4.449474 -4.389049
25625 1444831741.888724 12.08499 5.070203 -0.093384 -9.316429 -4.449474 -4.389049
25626 1444831741.898855 12.08499 5.070203 -0.093384 -9.316429 -4.449474 -4.389049
25627 1444831741.908948 12.08499 5.070203 -0.093384 -9.316429 -4.449474 -4.389049
25628 1444831741.919081 12.08499 5.070203 -0.093384 -9.316429 -4.449474 -4.389049
25629 1444831741.929638 12.08499 5.070203 -0.093384 -9.316429 -4.449474 -4.389049
25630 1444831741.940235 12.08499 5.070203 -0.093384 -9.316429 -4.449474 -4.389049
25631 1444831741.949764 12.08499 5.070203 -0.093384 -9.316429 -4.449474 -4.389049
25632 1444831741.959682 12.08499 5.070203 -0.093384 -9.228538 -4.449474 -4.389049
25633 1444831741.969786 12.08499 5.070203 -0.093384 -9.316429 -4.449474 -4.389049
25634 1444831741.979857 12.08499 5.070203 -0.093384 -9.228538 -4.449474 -4.389049
25635 1444831741.990054 12.08499 5.070203 -0.093384 -9.316429 -4.449474 -4.47694
25636 1444831742.000087 12.08499 5.070203 -0.093384 -9.228538 -4.449474 -4.389049
25637 1444831742.010275 12.08499 5.070203 -0.093384 -9.228538 -4.449474 -4.389049
25638 1444831742.020378 12.08499 5.070203 -0.093384 -9.228538 -4.449474 -4.389049
25639 1444831742.030946 12.08499 5.070203 -0.093384 -9.228538 -4.449474 -4.389049
25640 1444831742.041139 12.08499 5.070203 -0.093384 -9.228538 -4.449474 -4.389049
25641 1444831742.051164 12.08499 5.070203 -0.093384 -9.228538 -4.537365 -4.389049
25642 1444831742.061249 12.08499 5.070203 -0.005493 -9.228538 -4.449474 -4.389049
25643 1444831742.071565 12.08499 5.070203 -0.093384 -9.228538 -4.449474 -4.389049
25644 1444831742.081680 12.08499 5.070203 -0.093384 -9.228538 -4.449474 -4.389049
25645 1444831742.090243 12.08499 5.070203 -0.093384 -9.228538 -4.449474 -4.389049
25646 1444831742.100333 12.08499 5.070203 -0.093384 -9.228538 -4.537365 -4.389049
25647 1444831742.111967 12.08499 5.070203 -0.093384 -9.228538 -4.537365 -4.389049
25648 1444831742.120509 12.08499 5.070203 -0.093384 -9.228538 -4.537365 -4.389049
25649 1444831742.132291 12.08499 5.070203 -0.093384 -9.228538 -4.449474 -4.47694
25650 1444831742.140853 12.08499 5.070203 -0.093384 -9.228538 -4.537365 -4.47694
25651 1444831742.151054 12.08499 5.070203 -0.093384 -9.228538 -4.537365 -4.389049
25652 1444831742.157777 12.08499 5.070203 -0.093384 -9.228538 -4.537365 -4.47694
25653 1444831742.169294 12.08499 5.070203 -0.093384 -9.228538 -4.537365 -4.47694
25654 1444831742.179580 12.08499 5.070203 -0.005493 -9.228538 -4.449474 -4.389049
25655 1444831742.189618 12.08499 5.070203 -0.005493 -9.228538 -4.537365 -4.389049
25656 1444831742.199431 12.08499 5.070203 -0.005493 -9.228538 -4.537365 -4.47694
25657 1444831742.209605 12.08499 5.070203 -0.005493 -9.228538 -4.537365 -4.389049
25658 1444831742.220742 12.08499 5.070203 -0.005493 -9.228538 -4.537365 -4.47694
25659 1444831742.228761 12.08499 5.070203 -0.005493 -9.228538 -4.537365 -4.47694
25660 1444831742.241747 12.08499 5.070203 -0.093384 -9.228538 -4.537365 -4.389049
25661 1444831742.249916 12.08499 5.070203 -0.005493 -9.228538 -4.537365 -4.47694
25662 1444831742.260762 12.08499 5.070203 -0.005493 -9.228538 -4.537365 -4.47694
25663 1444831742.268980 12.08499 5.070203 -0.005493 -9.228538 -4.537365 -4.47694
25664 1444831742.280967 12.08499 5.070203 -0.093384 -9.228538 -4.537365 -4.47694
25665 1444831742.291077 12.08499 5.070203 -0.093384 -9.228538 -4.537365 -4.47694
25666 1444831742.300901 12.08499 5.070203 -0.005493 -9.228538 -4.537365 -4.47694
25667 1444831742.311278 12.08499 5.070203 -0.093384 -9.228538 -4.537365 -4.47694
25668 1444831742.321554 12.08499 5.070203 -0.005493 -9.228538 -4.537365 -4.47694
25669 1444831742.331816 12.08499 5.070203 -0.005493 -9.228538 -4.537365 -4.389049
25670 1444831742.341936 12.08499 5.070203 -0.005493 -9.228538 -4.537365 -4.389049
25671 1444831742.351618 12.08499 5.070203 -0.005493 -9.228538 -4.537365 -4.47694
25672 1444831742.362718 12.08499 5.070203 -0.005493 -9.228538 -4.537365 -4.389049
25673 1444831742.372700 12.08499 5.070203 -0.093384 -9.228538 -4.537365 -4.389049
25674 1444831742.382787 12.08499 5.070203 -0.005493 -9.228538 -4.537365 -4.47694
25675 1444831742.392150 12.08499 5.070203 -0.005493 -9.228538 -4.537365 -4.389049
25676 1444831742.401342 12.08499 5.070203 -0.093384 -9.228538 -4.537365 -4.47694
25677 1444831742.411262 12.08499 5.070203 -0.005493 -9.228538 -4.537365 -4.47694
25678 1444831742.421829 12.08499 5.070203 -0.005493 -9.228538 -4.537365 -4.389049
25679 1444831742.431720 12.08499 5.070203 -0.005493 -9.228538 -4.537365 -4.389049
25680 1444831742.441998 12.08499 5.070203 -0.005493 -9.228538 -4.537365 -4.389049
25681 1444831742.451769 12.08499 5.070203 -0.005493 -9.228538 -4.449474 -4.47694
25682 1444831742.461978 12.08499 5.070203 -0.005493 -9.228538 -4.537365 -4.389049
25683 1444831742.471792 12.08499 5.070203 -0.093384 -9.228538 -4.537365 -4.47694
25684 1444831742.481992 12.08499 5.070203 -0.005493 -9.228538 -4.537365 -4.389049
25685 1444831742.491016 12.08499 5.070203 -0.005493 -9.228538 -4.449474 -4.389049
25686 1444831742.502485 12.08499 5.070203 -0.005493 -9.228538 -4.449474 -4.47694
25687 1444831742.512840 12.08499 5.070203 -0.005493 -9.228538 -4.449474 -4.389049
25688 1444831742.523036 12.08499 5.070203 -0.005493 -9.228538 -4.537365 -4.389049
25689 1444831742.533198 12.08499 5.070203 -0.005493 -9.228538 -4.537365 -4.389049
25690 1444831742.544583 12.08499 5.070203 -0.005493 -9.228538 -4.449474 -4.389049
25691 1444831742.554447 12.08499 5.070203 -0.005493 -9.228538 -4.537365 -4.389049
25692 1444831742.564874 12.08499 5.070203 -0.005493 -9.228538 -4.449474 -4.389049
25693 1444831742.575058 12.08499 5.070203 -0.005493 -9.228538 -4.449474 -4.389049
25694 1444831742.584597 12.08499 5.070203 -0.005493 -9.228538 -4.449474 -4.389049
25695 1444831742.595295 12.08499 5.070203 -0.005493 -9.228538 -4.449474 -4.389049
25696 1444831742.602070 12.08499 5.070203 -0.005493 -9.228538 -4.449474 -4.389049
25697 1444831742.611111 12.08499 5.070203 -0.005493 -9.228538 -4.449474 -4.389049
25698 1444831742.624510 12.08499 5.070203 -0.093384 -9.228538 -4.449474 -4.47694
25699 1444831742.631361 12.08499 5.070203 -0.093384 -9.228538 -4.449474 -4.47694
25700 1444831742.641104 12.08499 5.070203 -0.005493 -9.228538 -4.449474 -4.389049
25701 1444831742.655274 12.08499 5.070203 -0.093384 -9.228538 -4.449474 -4.389049
25702 1444831742.665303 12.08499 5.070203 -0.005493 -9.228538 -4.449474 -4.389049
25703 1444831742.673519 12.08499 5.070203 -0.005493 -9.228538 -4.449474 -4.389049
25704 1444831742.683630 12.08499 5.070203 -0.005493 -9.228538 -4.449474 -4.389049
25705 1444831742.691176 12.08499 5.070203 -0.005493 -9.228538 -4.449474 -4.389049
25706 1444831742.703655 12.08499 5.070203 -0.005493 -9.316429 -4.449474 -4.389049
25707 1444831742.711090 12.08499 5.070203 -0.005493 -9.228538 -4.449474 -4.389049
25708 1444831742.721411 12.08499 5.070203 -0.005493 -9.228538 -4.449474 -4.389049
25709 1444831742.736311 12.08499 5.070203 -0.005493 -9.228538 -4.449474 -4.389049
25710 1444831742.744745 12.08499 5.070203 -0.005493 -9.228538 -4.449474 -4.389049
25711 1444831742.754822 12.08499 5.070203 -0.005493 -9.228538 -4.449474 -4.389049
25712 1444831742.763591 12.08499 5.070203 -0.005493 -9.228538 -4.449474 -4.389049
25713 1444831742.773759 12.08499 5.070203 -0.005493 -9.228538 -4.449474 -4.389049
25714 1444831742.784152 12.08499 5.070203 -0.005493 -9.228538 -4.449474 -4.389049
25715 1444831742.794231 12.08499 5.070203 -0.005493 -9.228538 -4.537365 -4.389049
25716 1444831742.804011 12.08499 5.070203 -0.005493 -9.228538 -4.449474 -4.389049
25717 1444831742.814352 12.08499 5.070203 -0.005493 -9.228538 -4.449474 -4.389049
25718 1444831742.826371 12.08499 5.070203 -0.005493 -9.228538 -4.537365 -4.47694
25719 1444831742.837461 12.08499 5.070203 -0.005493 -9.228538 -4.449474 -4.389049
25720 1444831742.847255 12.08499 5.070203 -0.005493 -9.228538 -4.449474 -4.389049
25721 1444831742.856090 12.08499 5.070203 -0.005493 -9.228538 -4.449474 -4.389049
25722 1444831742.866128 12.08499 5.070203 -0.005493 -9.228538 -4.449474 -4.47694
25723 1444831742.877417 12.08499 5.070203 -0.005493 -9.228538 -4.537365 -4.47694
25724 1444831742.886767 12.08499 5.070203 -0.005493 -9.228538 -4.537365 -4.47694
25725 1444831742.895798 12.08499 5.070203 -0.005493 -9.228538 -4.449474 -4.47694
25726 1444831742.907168 12.08499 5.070203 -0.005493 -9.228538 -4.449474 -4.389049
25727 1444831742.917469 12.08499 5.070203 -0.005493 -9.228538 -4.537365 -4.47694
25728 1444831742.927703 12.08499 5.070203 -0.005493 -9.228538 -4.537365 -4.47694
25729 1444831742.937373 12.08499 5.070203 -0.005493 -9.228538 -4.449474 -4.47694
25730 1444831742.947605 12.08499 5.070203 -0.005493 -9.228538 -4.537365 -4.47694
25731 1444831742.957659 12.08499 5.070203 -0.005493 -9.228538 -4.537365 -4.47694
25732 1444831742.968031 12.08499 5.070203 -0.005493 -9.228538 -4.537365 -4.47694
25733 1444831742.977886 12.08499 5.070203 -0.005493 -9.228538 -4.537365 -4.47694
25734 1444831742.988087 12.08499 5.070203 -0.005493 -9.228538 -4.537365 -4.47694
25735 1444831742.998103 12.08499 5.070203 -0.005493 -9.228538 -4.537365 -4.47694
25736 1444831743.008130 12.08499 5.070203 -0.005493 -9.228538 -4.537365 -4.47694
25737 1444831743.018547 12.08499 5.070203 -0.005493 -9.228538 -4.537365 -4.389049
25738 1444831743.028601 12.08499 5.070203 -0.005493 -9.228538 -4.537365 -4.47694
25739 1444831743.038713 12.08499 5.070203 -0.005493 -9.228538 -4.537365 -4.47694
25740 1444831743.048864 12.08499 5.070203 -0.005493 -9.228538 -4.537365 -4.47694
25741 1444831743.059100 12.08499 5.070203 -0.005493 -9.228538 -4.537365 -4.47694
25742 1444831743.069098 12.08499 5.070203 -0.005493 -9.228538 -4.537365 -4.47694
25743 1444831743.079377 12.08499 5.070203 -0.005493 -9.228538 -4.537365 -4.47694
25744 1444831743.086601 12.08499 5.070203 -0.005493 -9.228538 -4.537365 -4.47694
25745 1444831743.096721 12.08499 5.070203 -0.005493 -9.228538 -4.537365 -4.47694
25746 1444831743.106694 12.08499 5.070203 -0.005493 -9.228538 -4.537365 -4.47694
25747 1444831743.115040 12.08499 5.070203 -0.005493 -9.228538 -4.537365 -4.47694
25748 1444831743.125871 12.08499 5.070203 -0.005493 -9.228538 -4.537365 -4.47694
25749 1444831743.133966 12.08499 5.070203 -0.005493 -9.228538 -4.537365 -4.47694
25750 1444831743.145770 12.08499 5.070203 -0.005493 -9.228538 -4.537365 -4.47694
25751 1444831743.155907 12.08499 5.070203 -0.005493 -9.228538 -4.537365 -4.47694
25752 1444831743.166118 12.08499 5.070203 -0.005493 -9.228538 -4.537365 -4.47694
25753 1444831743.176159 12.08499 5.070203 -0.005493 -9.228538 -4.449474 -4.47694
25754 1444831743.186570 12.08499 5.070203 -0.005493 -9.228538 -4.537365 -4.47694
25755 1444831743.196985 12.08499 5.070203 -0.005493 -9.228538 -4.537365 -4.47694
25756 1444831743.206589 12.08499 5.070203 -0.005493 -9.228538 -4.537365 -4.47694
25757 1444831743.216736 12.08499 5.070203 -0.005493 -9.228538 -4.537365 -4.389049
25758 1444831743.227067 12.08499 5.070203 -0.005493 -9.228538 -4.449474 -4.47694
25759 1444831743.237012 12.08499 5.070203 -0.005493 -9.228538 -4.449474 -4.389049
25760 1444831743.247220 12.08499 5.070203 -0.005493 -9.228538 -4.449474 -4.389049
25761 1444831743.257306 12.08499 5.070203 -0.005493 -9.228538 -4.537365 -4.47694
25762 1444831743.267566 12.08499 5.070203 -0.005493 -9.228538 -4.537365 -4.389049
25763 1444831743.277510 12.08499 5.070203 -0.005493 -9.228538 -4.537365 -4.389049
25764 1444831743.287655 12.08499 5.070203 -0.005493 -9.228538 -4.449474 -4.47694
25765 1444831743.297821 12.08499 5.070203 -0.005493 -9.228538 -4.537365 -4.389049
25766 1444831743.307967 12.08499 5.070203 -0.005493 -9.228538 -4.537365 -4.47694
25767 1444831743.318228 12.08499 5.070203 -0.005493 -9.228538 -4.449474 -4.389049
25768 1444831743.328199 12.08499 5.070203 -0.005493 -9.228538 -4.449474 -4.389049
25769 1444831743.336025 12.08499 5.070203 -0.005493 -9.228538 -4.449474 -4.389049
25770 1444831743.346331 12.08499 5.070203 -0.005493 -9.228538 -4.449474 -4.389049
25771 1444831743.358523 12.08499 5.070203 -0.005493 -9.228538 -4.537365 -4.389049
25772 1444831743.368686 12.08499 5.070203 -0.005493 -9.228538 -4.449474 -4.389049
25773 1444831743.376019 12.08499 5.070203 -0.005493 -9.228538 -4.449474 -4.47694
25774 1444831743.389935 12.08499 5.070203 -0.005493 -9.228538 -4.537365 -4.389049
25775 1444831743.399949 12.08499 5.070203 -0.005493 -9.228538 -4.537365 -4.389049
25776 1444831743.409933 12.08499 5.070203 -0.005493 -9.228538 -4.449474 -4.47694
25777 1444831743.420223 12.08499 5.070203 -0.005493 -9.228538 -4.449474 -4.389049
25778 1444831743.430913 12.08499 5.070203 -0.005493 -9.228538 -4.449474 -4.47694
25779 1444831743.441068 12.08499 5.070203 -0.005493 -9.228538 -4.449474 -4.389049
25780 1444831743.451061 12.08499 5.070203 -0.005493 -9.228538 -4.537365 -4.47694
25781 1444831743.461759 12.08499 5.070203 -0.005493 -9.228538 -4.449474 -4.47694
25782 1444831743.468213 12.08499 5.070203 -0.005493 -9.228538 -4.449474 -4.389049
25783 1444831743.478156 12.08499 5.070203 -0.005493 -9.228538 -4.449474 -4.389049
25784 1444831743.488721 12.08499 5.070203 -0.005493 -9.228538 -4.537365 -4.47694
25785 1444831743.498900 12.08499 5.070203 -0.005493 -9.228538 -4.449474 -4.389049
25786 1444831743.508984 12.08499 5.070203 -0.005493 -9.228538 -4.537365 -4.47694
25787 1444831743.519115 12.08499 5.070203 -0.005493 -9.228538 -4.537365 -4.47694
25788 1444831743.526185 12.08499 5.070203 -0.005493 -9.228538 -4.537365 -4.47694
25789 1444831743.539557 12.08499 5.070203 -0.005493 -9.228538 -4.537365 -4.47694
25790 1444831743.549567 12.08499 5.070203 -0.005493 -9.228538 -4.537365 -4.47694
25791 1444831743.559714 12.08499 5.070203 -0.005493 -9.228538 -4.449474 -4.47694
25792 1444831743.569809 12.08499 5.070203 -0.005493 -9.228538 -4.537365 -4.47694
25793 1444831743.579924 12.08499 5.070203 -0.005493 -9.228538 -4.449474 -4.47694
25794 1444831743.590200 12.08499 5.070203 -0.005493 -9.228538 -4.537365 -4.47694
25795 1444831743.600253 12.08499 5.070203 -0.005493 -9.228538 -4.449474 -4.389049
25796 1444831743.610912 12.08499 5.070203 -0.005493 -9.228538 -4.449474 -4.47694
25797 1444831743.621075 12.08499 5.070203 -0.005493 -9.228538 -4.537365 -4.47694
25798 1444831743.631253 12.08499 5.070203 -0.005493 -9.228538 -4.449474 -4.47694
25799 1444831743.641701 12.08499 5.070203 -0.005493 -9.228538 -4.449474 -4.47694
25800 1444831743.651958 12.08499 5.070203 -0.005493 -9.228538 -4.537365 -4.47694
25801 1444831743.661877 12.08499 5.070203 -0.005493 -9.228538 -4.537365 -4.47694
25802 1444831743.672157 12.08499 5.070203 -0.005493 -9.228538 -4.537365 -4.47694
25803 1444831743.682058 12.08499 5.070203 -0.005493 -9.228538 -4.537365 -4.47694
25804 1444831743.692355 12.08499 5.070203 -0.005493 -9.228538 -4.537365 -4.47694
25805 1444831743.702222 12.08499 5.070203 -0.005493 -9.228538 -4.537365 -4.47694
25806 1444831743.712231 12.08499 5.070203 -0.005493 -9.228538 -4.537365 -4.47694
25807 1444831743.722909 12.08499 5.070203 -0.005493 -9.228538 -4.537365 -4.47694
25808 1444831743.732436 12.08499 5.070203 -0.005493 -9.228538 -4.537365 -4.47694
25809 1444831743.743166 12.08499 5.070203 -0.005493 -9.228538 -4.537365 -4.47694
25810 1444831743.752726 12.08499 5.070203 -0.005493 -9.228538 -4.537365 -4.47694
25811 1444831743.762805 12.08499 5.070203 -0.005493 -9.228538 -4.537365 -4.47694
25812 1444831743.772982 12.08499 5.070203 -0.005493 -9.228538 -4.537365 -4.47694
25813 1444831743.781060 12.08499 5.070203 -0.005493 -9.228538 -4.537365 -4.47694
25814 1444831743.791072 12.08499 5.070203 -0.005493 -9.228538 -4.449474 -4.47694
25815 1444831743.801273 12.08499 5.070203 -0.005493 -9.228538 -4.537365 -4.47694
25816 1444831743.811179 12.08499 5.070203 -0.005493 -9.228538 -4.537365 -4.47694
25817 1444831743.821368 12.08499 5.070203 -0.005493 -9.228538 -4.537365 -4.47694
25818 1444831743.831668 12.08499 5.070203 -0.005493 -9.228538 -4.537365 -4.47694
25819 1444831743.841211 12.08499 5.070203 -0.005493 -9.228538 -4.537365 -4.47694
25820 1444831743.850809 12.08499 5.070203 -0.005493 -9.228538 -4.537365 -4.47694
25821 1444831743.860935 12.08499 5.070203 -0.005493 -9.228538 -4.537365 -4.47694
25822 1444831743.871024 12.08499 5.070203 -0.005493 -9.228538 -4.537365 -4.47694
25823 1444831743.879060 12.08499 5.070203 -0.005493 -9.228538 -4.449474 -4.47694
25824 1444831743.891286 12.08499 5.070203 -0.005493 -9.228538 -4.537365 -4.47694
25825 1444831743.901375 12.08499 5.070203 -0.005493 -9.228538 -4.449474 -4.47694
25826 1444831743.911952 12.08499 5.070203 -0.005493 -9.228538 -4.537365 -4.47694
25827 1444831743.921801 12.08499 5.070203 -0.005493 -9.228538 -4.449474 -4.47694
25828 1444831743.931955 12.08499 5.070203 -0.005493 -9.228538 -4.449474 -4.47694
25829 1444831743.942215 12.08499 5.070203 -0.005493 -9.228538 -4.537365 -4.47694
25830 1444831743.952216 12.08499 5.070203 -0.005493 -9.228538 -4.449474 -4.47694
25831 1444831743.962292 12.08499 5.070203 -0.005493 -9.228538 -4.537365 -4.47694
25832 1444831743.972226 12.08499 5.070203 -0.005493 -9.228538 -4.449474 -4.47694
25833 1444831743.982325 12.08499 5.070203 -0.005493 -9.228538 -4.537365 -4.47694
25834 1444831743.992271 12.08499 5.070203 -0.005493 -9.228538 -4.537365 -4.47694
25835 1444831744.002334 12.08499 5.070203 -0.005493 -9.228538 -4.449474 -4.47694
25836 1444831744.012453 12.08499 5.070203 -0.005493 -9.228538 -4.537365 -4.47694
25837 1444831744.022651 12.08499 5.070203 -0.005493 -9.228538 -4.449474 -4.47694
25838 1444831744.032802 12.08499 5.070203 -0.005493 -9.228538 -4.537365 -4.47694
25839 1444831744.040855 12.08499 5.070203 -0.005493 -9.228538 -4.537365 -4.47694
25840 1444831744.053160 12.08499 5.070203 -0.005493 -9.228538 -4.537365 -4.47694
25841 1444831744.060841 12.08499 5.070203 -0.005493 -9.228538 -4.449474 -4.47694
25842 1444831744.073374 12.08499 5.070203 -0.005493 -9.228538 -4.449474 -4.47694
25843 1444831744.084927 12.08499 5.070203 -0.005493 -9.228538 -4.449474 -4.47694
25844 1444831744.095040 12.08499 5.070203 -0.005493 -9.228538 -4.449474 -4.47694
25845 1444831744.104756 12.08499 5.070203 -0.005493 -9.228538 -4.449474 -4.47694
25846 1444831744.114918 12.08499 5.070203 -0.005493 -9.228538 -4.449474 -4.47694
25847 1444831744.124864 12.08499 5.070203 -0.005493 -9.228538 -4.449474 -4.47694
25848 1444831744.135998 12.08499 5.070203 0.082398 -9.228538 -4.537365 -4.47694
25849 1444831744.145967 12.08499 5.070203 -0.005493 -9.228538 -4.449474 -4.47694
25850 1444831744.155886 12.08499 5.070203 -0.005493 -9.228538 -4.449474 -4.47694
25851 1444831744.166340 12.08499 5.070203 -0.005493 -9.228538 -4.449474 -4.47694
25852 1444831744.176541 12.08499 5.070203 -0.005493 -9.228538 -4.449474 -4.47694
25853 1444831744.184783 12.08499 5.070203 -0.005493 -9.228538 -4.449474 -4.47694
25854 1444831744.196020 12.08499 5.070203 -0.005493 -9.228538 -4.449474 -4.47694
25855 1444831744.204982 12.08499 5.070203 -0.005493 -9.228538 -4.537365 -4.47694
25856 1444831744.210832 12.08499 5.070203 -0.005493 -9.228538 -4.537365 -4.47694
25857 1444831744.227002 12.08499 5.070203 -0.005493 -9.228538 -4.449474 -4.47694
25858 1444831744.235385 12.08499 5.070203 -0.005493 -9.228538 -4.449474 -4.47694
25859 1444831744.245453 12.08499 5.070203 -0.005493 -9.228538 -4.537365 -4.47694
25860 1444831744.255468 12.08499 5.070203 -0.005493 -9.228538 -4.537365 -4.47694
25861 1444831744.266447 12.08499 5.070203 -0.005493 -9.228538 -4.449474 -4.47694
25862 1444831744.276816 12.08499 5.070203 0.082398 -9.228538 -4.537365 -4.47694
25863 1444831744.286880 12.08499 5.070203 -0.005493 -9.228538 -4.537365 -4.47694
25864 1444831744.295746 12.08499 5.070203 -0.005493 -9.228538 -4.537365 -4.47694
25865 1444831744.307150 12.08499 5.070203 -0.005493 -9.228538 -4.449474 -4.47694
25866 1444831744.315614 12.08499 5.070203 -0.005493 -9.228538 -4.449474 -4.47694
25867 1444831744.326222 12.08499 5.070203 -0.005493 -9.228538 -4.449474 -4.47694
25868 1444831744.336907 12.08499 5.070203 -0.005493 -9.228538 -4.537365 -4.47694
25869 1444831744.347244 12.08499 5.070203 -0.005493 -9.228538 -4.537365 -4.47694
25870 1444831744.354995 12.08499 5.070203 -0.005493 -9.228538 -4.537365 -4.47694
