32240 1444832138.438306 0.038452 0.010986 -10.008569
32241 1444832138.448482 0.038452 0.010986 -10.008569
32242 1444832138.458536 0.038452 0.010986 -10.008569
32243 1444832138.468536 0.038452 0.010986 -10.008569
32244 1444832138.475824 0.038452 0.010986 -10.008569
32245 1444832138.488747 0.038452 0.098877 -10.008569
32246 1444832138.498872 0.038452 0.010986 -10.008569
32247 1444832138.509030 0.038452 0.010986 -10.008569
32248 1444832138.515384 0.038452 0.010986 -10.008569
32249 1444832138.527194 0.038452 0.010986 -10.008569
32250 1444832138.540248 0.038452 0.010986 -10.008569
32251 1444832138.550223 0.038452 0.010986 -10.008569
32252 1444832138.560343 0.038452 0.010986 -10.008569
32253 1444832138.570258 0.038452 0.010986 -10.008569
32254 1444832138.580674 0.038452 0.010986 -10.008569
32255 1444832138.590707 0.038452 0.010986 -9.920679
32256 1444832138.600902 0.038452 0.010986 -10.008569
32257 1444832138.607606 0.038452 0.010986 -10.008569
32258 1444832138.615697 0.038452 0.010986 -10.008569
32259 1444832138.626080 0.038452 0.010986 -10.008569
32260 1444832138.641316 0.038452 0.010986 -10.008569
32261 1444832138.651428 0.038452 0.010986 -10.008569
32262 1444832138.656258 0.038452 0.010986 -10.008569
32263 1444832138.666387 0.038452 0.010986 -10.008569
32264 1444832138.678242 0.038452 0.010986 -10.008569
32265 1444832138.686498 0.038452 0.010986 -10.008569
32266 1444832138.701736 0.038452 0.010986 -10.008569
32267 1444832138.711775 0.038452 0.010986 -10.008569
32268 1444832138.715068 0.038452 0.010986 -10.008569
32269 1444832138.727379 0.038452 0.010986 -10.008569
32270 1444832138.735127 0.038452 0.010986 -10.008569
32271 1444832138.745237 0.038452 0.010986 -9.920679
32272 1444832138.755170 0.038452 0.010986 -10.008569
32273 1444832138.770261 0.038452 0.010986 -9.920679
32274 1444832138.780128 0.038452 0.010986 -10.008569
32275 1444832138.785572 0.038452 0.010986 -10.008569
32276 1444832138.800185 0.038452 0.010986 -10.008569
32277 1444832138.810268 0.038452 0.010986 -10.008569
32278 1444832138.820123 0.038452 0.010986 -9.920679
32279 1444832138.830503 0.038452 0.010986 -10.008569
32280 1444832138.840807 0.038452 0.010986 -10.008569
32281 1444832138.850901 0.038452 0.010986 -10.008569
32282 1444832138.861106 0.038452 0.010986 -10.008569
32283 1444832138.871233 0.038452 0.010986 -9.920679
32284 1444832138.881444 0.038452 0.010986 -10.008569
32285 1444832138.891597 0.038452 0.010986 -10.008569
32286 1444832138.901701 0.038452 0.010986 -10.008569
32287 1444832138.911919 0.038452 0.010986 -10.008569
32288 1444832138.921947 0.038452 0.010986 -10.008569
32289 1444832138.931969 0.038452 0.010986 -10.008569
32290 1444832138.942117 0.038452 0.010986 -10.008569
32291 1444832138.952230 0.038452 0.010986 -10.008569
32292 1444832138.962394 0.038452 0.010986 -10.008569
32293 1444832138.972532 0.038452 0.010986 -10.008569
32294 1444832138.982633 0.038452 0.010986 -10.008569
32295 1444832138.992776 0.038452 0.010986 -10.008569
32296 1444832139.002914 0.038452 0.010986 -10.008569
32297 1444832139.013039 0.038452 0.010986 -10.008569
32298 1444832139.023047 0.038452 0.010986 -10.008569
32299 1444832139.033070 0.038452 0.010986 -10.008569
32300 1444832139.043185 0.038452 0.010986 -10.008569
32301 1444832139.053305 0.038452 0.010986 -10.008569
32302 1444832139.063583 0.038452 0.010986 -10.008569
32303 1444832139.073760 -0.049439 0.010986 -10.008569
32304 1444832139.083829 0.038452 0.010986 -9.920679
32305 1444832139.093956 -0.049439 0.010986 -10.008569
32306 1444832139.100493 0.038452 0.010986 -10.008569
32307 1444832139.110639 -0.049439 0.010986 -10.008569
32308 1444832139.121836 -0.049439 0.010986 -10.008569
32309 1444832139.130049 -0.049439 0.010986 -10.008569
32310 1444832139.140919 -0.049439 0.010986 -10.008569
32311 1444832139.150778 0.038452 0.010986 -9.920679
32312 1444832139.160860 -0.049439 0.010986 -9.920679
32313 1444832139.172518 -0.049439 0.010986 -9.920679
32314 1444832139.182146 -0.049439 0.010986 -10.008569
32315 1444832139.192135 -0.049439 0.010986 -9.920679
32316 1444832139.201365 -0.049439 0.010986 -10.008569
32317 1444832139.213101 -0.049439 0.010986 -9.920679
32318 1444832139.222074 -0.049439 0.010986 -10.008569
32319 1444832139.232429 0.038452 0.010986 -10.008569
32320 1444832139.242313 -0.049439 0.010986 -10.008569
32321 1444832139.252516 0.038452 0.010986 -9.920679
32322 1444832139.262757 -0.049439 0.010986 -9.920679
32323 1444832139.270202 0.038452 0.010986 -10.008569
32324 1444832139.282620 -0.049439 0.010986 -9.920679
32325 1444832139.292749 0.038452 0.010986 -10.008569
32326 1444832139.303053 -0.049439 0.010986 -9.920679
32327 1444832139.313109 -0.049439 0.010986 -10.008569
32328 1444832139.325787 -0.049439 0.010986 -10.008569
32329 1444832139.333590 -0.049439 0.010986 -10.008569
32330 1444832139.343570 -0.049439 0.010986 -10.008569
32331 1444832139.353669 -0.049439 0.010986 -10.008569
32332 1444832139.365530 -0.049439 0.010986 -10.008569
32333 1444832139.375347 0.038452 0.010986 -10.008569
32334 1444832139.385233 -0.049439 0.010986 -9.920679
32335 1444832139.395337 0.038452 0.010986 -10.008569
32336 1444832139.405404 -0.049439 0.010986 -9.920679
32337 1444832139.415839 -0.049439 0.010986 -10.008569
32338 1444832139.425817 -0.049439 0.010986 -10.008569
32339 1444832139.436076 0.038452 0.010986 -9.920679
32340 1444832139.446184 -0.049439 0.010986 -10.008569
32341 1444832139.456193 -0.049439 0.010986 -10.008569
32342 1444832139.466388 -0.049439 0.010986 -10.008569
32343 1444832139.476471 -0.049439 0.010986 -10.008569
32344 1444832139.486550 0.038452 0.010986 -10.008569
32345 1444832139.496731 -0.049439 0.010986 -10.008569
32346 1444832139.506782 -0.049439 0.010986 -10.008569
32347 1444832139.516862 -0.049439 0.010986 -10.008569
32348 1444832139.526869 -0.049439 0.010986 -10.008569
32349 1444832139.536891 0.038452 0.010986 -9.920679
32350 1444832139.547017 -0.049439 0.010986 -9.920679
32351 1444832139.557141 0.038452 0.010986 -9.920679
32352 1444832139.562394 -0.049439 0.010986 -10.008569
32353 1444832139.575085 -0.049439 0.010986 -10.008569
32354 1444832139.587464 -0.049439 0.010986 -9.920679
32355 1444832139.597616 0.038452 0.010986 -9.920679
32356 1444832139.607775 -0.049439 0.010986 -10.008569
32357 1444832139.615219 -0.049439 0.010986 -10.008569
32358 1444832139.625194 -0.049439 0.010986 -10.008569
32359 1444832139.636346 -0.049439 0.010986 -9.920679
32360 1444832139.645121 -0.049439 0.010986 -10.008569
32361 1444832139.653221 0.038452 0.010986 -10.008569
32362 1444832139.668247 0.038452 0.010986 -10.008569
32363 1444832139.678368 0.038452 0.010986 -10.008569
32364 1444832139.688470 0.038452 0.010986 -10.008569
32365 1444832139.695016 0.038452 0.010986 -10.008569
32366 1444832139.705040 -0.049439 0.010986 -9.920679
32367 1444832139.715711 0.038452 0.010986 -10.008569
32368 1444832139.725346 -0.049439 0.010986 -10.008569
32369 1444832139.735830 0.038452 0.010986 -10.008569
32370 1444832139.745726 -0.049439 0.010986 -9.920679
32371 1444832139.755857 -0.049439 0.010986 -10.008569
32372 1444832139.766066 0.038452 0.010986 -10.008569
32373 1444832139.776549 0.038452 0.010986 -10.008569
32374 1444832139.786667 -0.049439 0.010986 -10.008569
32375 1444832139.796960 -0.049439 0.010986 -10.008569
32376 1444832139.807029 -0.049439 0.010986 -10.008569
32377 1444832139.817189 0.038452 0.010986 -10.008569
32378 1444832139.826866 -0.049439 0.010986 -9.920679
32379 1444832139.837301 -0.049439 0.010986 -10.008569
32380 1444832139.847587 -0.049439 0.010986 -10.008569
32381 1444832139.857575 -0.049439 0.010986 -9.920679
32382 1444832139.867548 -0.049439 0.010986 -10.008569
32383 1444832139.877499 -0.049439 0.010986 -9.920679
32384 1444832139.887646 -0.049439 0.010986 -10.008569
32385 1444832139.897914 -0.049439 0.010986 -10.008569
32386 1444832139.908268 0.038452 0.010986 -9.920679
32387 1444832139.918136 -0.049439 0.010986 -10.008569
32388 1444832139.928325 0.038452 0.010986 -10.008569
32389 1444832139.938503 -0.049439 0.010986 -9.920679
32390 1444832139.948641 0.038452 0.010986 -9.920679
32391 1444832139.958753 -0.049439 0.010986 -10.008569
32392 1444832139.965940 -0.049439 0.010986 -10.008569
32393 1444832139.975170 0.038452 0.010986 -10.008569
32394 1444832139.989137 0.038452 0.010986 -10.008569
32395 1444832140.000097 -0.049439 0.010986 -10.008569
32396 1444832140.010112 -0.049439 0.010986 -10.008569
32397 1444832140.016821 -0.049439 0.010986 -10.008569
32398 1444832140.030241 -0.049439 0.010986 -10.008569
32399 1444832140.040281 -0.049439 0.010986 -10.008569
32400 1444832140.050278 0.038452 0.010986 -10.008569
32401 1444832140.060465 -0.049439 0.010986 -9.920679
32402 1444832140.070521 -0.049439 0.010986 -10.008569
32403 1444832140.080939 0.038452 0.010986 -10.008569
32404 1444832140.091036 -0.049439 0.010986 -10.008569
32405 1444832140.101080 -0.049439 0.010986 -10.008569
32406 1444832140.111134 -0.049439 0.010986 -10.008569
32407 1444832140.121368 -0.049439 0.010986 -10.008569
32408 1444832140.127396 -0.049439 0.010986 -10.008569
32409 1444832140.137262 -0.049439 0.010986 -10.008569
32410 1444832140.147640 0.038452 0.010986 -9.920679
32411 1444832140.157015 -0.049439 0.010986 -10.008569
32412 1444832140.171843 -0.049439 0.010986 -10.008569
32413 1444832140.177601 -0.049439 0.010986 -10.008569
32414 1444832140.187860 0.038452 0.010986 -10.008569
32415 1444832140.198061 0.038452 0.010986 -10.008569
32416 1444832140.208189 0.038452 0.010986 -10.008569
32417 1444832140.215509 -0.049439 0.010986 -10.008569
32418 1444832140.225507 0.038452 0.010986 -9.920679
32419 1444832140.238450 -0.049439 0.010986 -10.008569
32420 1444832140.248525 -0.049439 0.010986 -10.008569
32421 1444832140.255110 -0.049439 0.010986 -10.008569
32422 1444832140.266196 -0.049439 0.010986 -10.008569
32423 1444832140.276352 -0.049439 0.010986 -10.008569
32424 1444832140.290576 -0.049439 0.010986 -10.008569
32425 1444832140.300700 -0.049439 0.010986 -9.920679
32426 1444832140.311007 -0.049439 0.010986 -10.008569
32427 1444832140.322020 -0.049439 0.010986 -10.008569
32428 1444832140.330969 0.038452 0.010986 -10.008569
32429 1444832140.341375 0.038452 0.010986 -9.920679
32430 1444832140.351752 -0.049439 0.010986 -10.008569
32431 1444832140.361954 -0.049439 0.010986 -9.920679
32432 1444832140.371982 -0.049439 0.010986 -10.008569
32433 1444832140.381917 0.038452 0.010986 -9.920679
32434 1444832140.392064 -0.049439 0.010986 -10.008569
32435 1444832140.402190 0.038452 0.010986 -10.008569
32436 1444832140.412556 -0.049439 0.010986 -10.008569
32437 1444832140.422656 -0.049439 0.010986 -10.008569
32438 1444832140.432888 -0.049439 0.010986 -10.008569
32439 1444832140.442880 0.038452 0.010986 -10.008569
32440 1444832140.452978 -0.049439 0.010986 -10.008569
32441 1444832140.463147 -0.049439 0.010986 -10.008569
32442 1444832140.470398 -0.049439 0.010986 -9.920679
32443 1444832140.483448 -0.049439 0.010986 -10.008569
32444 1444832140.490043 -0.049439 0.010986 -10.008569
32445 1444832140.500569 -0.049439 0.010986 -10.008569
32446 1444832140.510428 0.038452 0.010986 -10.008569
32447 1444832140.521035 -0.049439 0.010986 -10.008569
32448 1444832140.530053 -0.049439 0.010986 -10.008569
32449 1444832140.540292 0.038452 0.010986 -10.008569
32450 1444832140.550425 -0.049439 0.010986 -10.008569
32451 1444832140.560812 0.038452 0.010986 -10.008569
32452 1444832140.571086 -0.049439 0.010986 -10.008569
32453 1444832140.581066 0.038452 0.010986 -10.008569
32454 1444832140.591132 -0.049439 0.010986 -10.008569
32455 1444832140.601156 -0.049439 0.010986 -9.920679
32456 1444832140.611251 0.038452 0.010986 -10.008569
32457 1444832140.620631 -0.049439 0.010986 -10.008569
32458 1444832140.631337 0.038452 0.010986 -10.008569
32459 1444832140.641505 -0.049439 0.010986 -10.008569
32460 1444832140.651611 -0.049439 0.010986 -10.008569
32461 1444832140.661791 -0.049439 0.010986 -10.008569
32462 1444832140.671071 -0.049439 0.010986 -10.008569
32463 1444832140.682020 -0.049439 0.010986 -10.008569
32464 1444832140.692138 -0.049439 0.010986 -10.008569
32465 1444832140.702447 -0.049439 0.010986 -10.008569
32466 1444832140.712681 -0.049439 0.010986 -10.008569
32467 1444832140.720071 -0.049439 0.010986 -10.008569
32468 1444832140.733009 -0.049439 0.010986 -10.008569
32469 1444832140.743091 -0.049439 0.010986 -10.008569
32470 1444832140.753129 -0.049439 0.010986 -10.008569
32471 1444832140.760327 -0.049439 0.010986 -10.008569
32472 1444832140.771070 -0.049439 0.010986 -10.008569
32473 1444832140.780188 0.038452 0.010986 -9.920679
32474 1444832140.790298 -0.049439 0.010986 -10.008569
32475 1444832140.800477 -0.049439 0.010986 -10.008569
32476 1444832140.816075 0.038452 0.010986 -9.920679
32477 1444832140.825243 -0.049439 0.010986 -10.008569
32478 1444832140.835342 -0.049439 0.010986 -10.008569
32479 1444832140.845535 -0.049439 0.010986 -10.008569
32480 1444832140.855586 -0.049439 0.010986 -10.008569
32481 1444832140.865818 -0.049439 0.010986 -10.008569
32482 1444832140.875900 -0.049439 0.010986 -10.008569
32483 1444832140.885994 -0.049439 0.010986 -10.008569
32484 1444832140.896220 -0.049439 0.010986 -9.920679
32485 1444832140.906322 -0.049439 0.010986 -10.008569
32486 1444832140.916444 -0.049439 0.010986 -10.008569
32487 1444832140.926546 -0.049439 0.010986 -10.008569
32488 1444832140.936560 0.038452 0.010986 -10.008569
32489 1444832140.946679 -0.049439 0.010986 -10.008569
32490 1444832140.956782 0.038452 0.010986 -10.008569
32491 1444832140.966854 -0.049439 0.010986 -10.008569
32492 1444832140.976919 0.038452 0.010986 -9.920679
32493 1444832140.987123 -0.049439 0.010986 -10.008569
32494 1444832140.997919 0.038452 0.010986 -10.008569
32495 1444832141.002974 -0.049439 0.010986 -9.920679
32496 1444832141.013326 0.038452 0.010986 -10.008569
32497 1444832141.022051 0.038452 0.010986 -10.008569
32498 1444832141.030299 -0.049439 0.010986 -10.008569
32499 1444832141.043714 -0.049439 0.010986 -10.008569
32500 1444832141.055032 0.038452 0.010986 -10.008569
32501 1444832141.060477 -0.049439 0.010986 -10.008569
32502 1444832141.071059 -0.049439 0.010986 -10.008569
32503 1444832141.081048 -0.049439 0.010986 -10.008569
32504 1444832141.095119 0.038452 0.010986 -10.008569
32505 1444832141.105453 -0.049439 0.010986 -10.008569
32506 1444832141.115670 -0.049439 0.010986 -10.008569
32507 1444832141.122423 -0.049439 0.010986 -10.008569
32508 1444832141.135598 -0.049439 0.010986 -10.008569
32509 1444832141.145706 -0.049439 0.010986 -10.008569
32510 1444832141.156050 -0.049439 0.010986 -10.008569
32511 1444832141.165384 -0.049439 0.010986 -10.008569
32512 1444832141.175784 -0.049439 0.010986 -10.008569
32513 1444832141.186238 0.038452 0.010986 -10.008569
32514 1444832141.196337 -0.049439 0.010986 -10.008569
32515 1444832141.206651 -0.049439 0.010986 -10.008569
32516 1444832141.216426 -0.049439 0.010986 -10.008569
32517 1444832141.226703 -0.049439 0.010986 -10.008569
32518 1444832141.236968 -0.049439 0.010986 -10.008569
32519 1444832141.247054 -0.049439 0.010986 -10.008569
32520 1444832141.257342 -0.049439 0.010986 -10.008569
32521 1444832141.267059 0.038452 0.010986 -9.920679
32522 1444832141.275227 -0.049439 0.010986 -10.008569
32523 1444832141.287516 -0.049439 0.010986 -10.008569
32524 1444832141.297843 -0.049439 0.010986 -10.008569
32525 1444832141.305291 -0.049439 0.010986 -10.008569
32526 1444832141.315119 -0.049439 0.010986 -10.008569
32527 1444832141.326299 -0.049439 0.010986 -10.008569
32528 1444832141.335369 -0.049439 0.010986 -10.008569
32529 1444832141.345314 -0.049439 0.010986 -10.008569
32530 1444832141.358564 -0.049439 0.010986 -10.008569
32531 1444832141.366155 0.038452 0.010986 -10.008569
32532 1444832141.376476 -0.049439 0.010986 -10.008569
32533 1444832141.385851 -0.049439 0.010986 -10.008569
32534 1444832141.395903 -0.049439 0.010986 -10.008569
32535 1444832141.406075 0.038452 0.010986 -10.008569
32536 1444832141.417479 -0.049439 0.010986 -10.008569
32537 1444832141.430055 -0.049439 0.010986 -10.008569
32538 1444832141.440341 -0.049439 0.010986 -10.008569
32539 1444832141.450529 -0.049439 0.010986 -10.008569
32540 1444832141.460346 -0.049439 0.010986 -9.920679
32541 1444832141.466956 -0.049439 0.010986 -10.008569
32542 1444832141.476510 -0.049439 0.010986 -10.008569
32543 1444832141.486848 -0.049439 0.010986 -9.920679
32544 1444832141.496811 0.038452 0.010986 -9.920679
32545 1444832141.506887 -0.049439 0.010986 -10.008569
32546 1444832141.516921 -0.049439 0.010986 -9.920679
32547 1444832141.527292 -0.049439 0.010986 -10.008569
32548 1444832141.538216 -0.049439 0.010986 -10.008569
32549 1444832141.548402 -0.049439 0.010986 -10.008569
32550 1444832141.558655 -0.049439 0.010986 -10.008569
32551 1444832141.565464 0.038452 0.010986 -10.008569
32552 1444832141.575597 -0.049439 0.010986 -10.008569
32553 1444832141.585472 0.038452 0.010986 -10.008569
32554 1444832141.600251 0.038452 0.010986 -10.008569
32555 1444832141.610434 0.038452 0.010986 -10.008569
32556 1444832141.620378 -0.049439 0.010986 -10.008569
32557 1444832141.630604 -0.049439 0.010986 -10.008569
32558 1444832141.640587 0.038452 0.010986 -10.008569
32559 1444832141.650893 -0.049439 0.010986 -10.008569
32560 1444832141.660803 -0.049439 0.010986 -10.008569
32561 1444832141.670996 0.038452 0.010986 -10.008569
32562 1444832141.681062 -0.049439 0.010986 -10.008569
32563 1444832141.691167 0.038452 0.010986 -10.008569
32564 1444832141.701427 -0.049439 0.010986 -10.008569
32565 1444832141.711590 -0.049439 0.010986 -9.920679
32566 1444832141.721519 0.038452 0.010986 -9.920679
32567 1444832141.731572 0.038452 0.010986 -10.008569
32568 1444832141.741849 -0.049439 0.010986 -10.008569
32569 1444832141.751892 -0.049439 0.010986 -10.008569
32570 1444832141.762091 -0.049439 0.010986 -10.008569
32571 1444832141.772145 0.038452 0.010986 -10.008569
32572 1444832141.783159 0.038452 0.010986 -10.008569
32573 1444832141.793304 -0.049439 0.010986 -10.008569
32574 1444832141.803326 -0.049439 0.010986 -10.008569
32575 1444832141.813514 -0.049439 0.010986 -9.920679
32576 1444832141.820172 -0.049439 0.010986 -10.008569
32577 1444832141.833778 -0.049439 0.010986 -10.008569
32578 1444832141.843779 -0.049439 0.010986 -10.008569
32579 1444832141.853899 -0.049439 0.010986 -10.008569
32580 1444832141.864028 -0.049439 0.010986 -10.008569
32581 1444832141.865850 0.038452 0.010986 -10.008569
32582 1444832141.876991 -0.049439 0.010986 -10.008569
32583 1444832141.885960 -0.049439 0.010986 -10.008569
32584 1444832141.900164 -0.049439 0.010986 -10.008569
32585 1444832141.910221 -0.049439 0.010986 -10.008569
32586 1444832141.920208 -0.049439 0.010986 -10.008569
32587 1444832141.930182 -0.049439 0.010986 -10.008569
32588 1444832141.941083 -0.049439 0.010986 -10.008569
32589 1444832141.950988 -0.049439 0.010986 -10.008569
32590 1444832141.961179 -0.049439 0.010986 -10.008569
32591 1444832141.971447 -0.049439 0.010986 -10.008569
32592 1444832141.981357 -0.049439 0.010986 -10.008569
32593 1444832141.991900 -0.049439 0.010986 -10.008569
32594 1444832142.001610 -0.049439 0.010986 -10.008569
32595 1444832142.011689 -0.049439 0.010986 -10.008569
32596 1444832142.020310 -0.049439 0.010986 -10.008569
32597 1444832142.031837 -0.049439 0.010986 -10.008569
32598 1444832142.042308 -0.049439 0.010986 -10.008569
32599 1444832142.052326 -0.049439 0.010986 -10.008569
32600 1444832142.062373 0.038452 0.010986 -10.008569
32601 1444832142.070132 -0.049439 0.010986 -10.008569
32602 1444832142.082669 -0.049439 0.010986 -10.008569
32603 1444832142.092833 -0.049439 0.010986 -10.008569
32604 1444832142.102907 -0.049439 0.010986 -10.008569
32605 1444832142.113101 -0.049439 0.010986 -10.008569
32606 1444832142.121197 -0.049439 0.010986 -10.008569
32607 1444832142.133429 0.038452 0.010986 -10.008569
32608 1444832142.143527 0.038452 0.010986 -9.920679
32609 1444832142.150388 -0.049439 0.010986 -10.008569
32610 1444832142.160078 0.038452 0.010986 -10.008569
32611 1444832142.171661 -0.049439 0.010986 -9.920679
32612 1444832142.180439 -0.049439 0.010986 -10.008569
32613 1444832142.190206 -0.049439 0.010986 -10.008569
32614 1444832142.200540 0.038452 0.010986 -10.008569
32615 1444832142.215127 -0.049439 0.010986 -10.008569
32616 1444832142.222265 -0.049439 0.010986 -10.008569
32617 1444832142.235123 -0.049439 0.010986 -10.008569
32618 1444832142.245265 0.038452 0.010986 -10.008569
32619 1444832142.256198 0.038452 0.010986 -10.008569
32620 1444832142.266217 -0.049439 0.010986 -10.008569
32621 1444832142.276371 -0.049439 0.010986 -9.920679
32622 1444832142.286537 0.038452 0.010986 -10.008569
32623 1444832142.296819 0.038452 0.010986 -10.008569
32624 1444832142.306770 0.038452 0.010986 -10.008569
32625 1444832142.316936 -0.049439 0.010986 -10.008569
32626 1444832142.326994 -0.049439 0.010986 -10.008569
32627 1444832142.337117 0.038452 0.010986 -10.008569
32628 1444832142.342207 -0.049439 0.010986 -10.008569
32629 1444832142.352329 -0.049439 0.010986 -10.008569
32630 1444832142.362372 -0.049439 0.010986 -10.008569
32631 1444832142.372349 0.038452 0.010986 -10.008569
32632 1444832142.382732 -0.049439 0.010986 -9.920679
32633 1444832142.392785 -0.049439 0.010986 -9.920679
32634 1444832142.402930 -0.049439 0.010986 -10.008569
32635 1444832142.413231 -0.049439 0.010986 -10.008569
32636 1444832142.425643 0.038452 0.010986 -10.008569
32637 1444832142.433448 0.038452 0.010986 -10.008569
32638 1444832142.443525 -0.049439 0.010986 -10.008569
32639 1444832142.453491 0.038452 0.010986 -10.008569
32640 1444832142.465887 0.038452 0.010986 -10.008569
32641 1444832142.473770 -0.049439 0.010986 -10.008569
32642 1444832142.480040 -0.049439 0.010986 -10.008569
32643 1444832142.495975 -0.049439 0.010986 -10.008569
32644 1444832142.505258 0.038452 0.010986 -10.008569
32645 1444832142.516634 -0.049439 0.010986 -10.008569
32646 1444832142.527425 0.038452 0.010986 -10.008569
32647 1444832142.536135 0.038452 0.010986 -10.008569
32648 1444832142.545551 0.038452 0.010986 -10.008569
32649 1444832142.555476 0.038452 0.010986 -9.920679
32650 1444832142.566985 0.038452 0.010986 -10.008569
32651 1444832142.576537 0.038452 0.010986 -10.008569
32652 1444832142.586583 0.038452 0.010986 -10.008569
32653 1444832142.596567 -0.049439 0.010986 -10.008569
32654 1444832142.606703 -0.049439 0.010986 -10.008569
32655 1444832142.616432 0.038452 0.010986 -9.920679
32656 1444832142.625226 -0.049439 0.010986 -10.008569
32657 1444832142.637080 -0.049439 0.010986 -10.008569
32658 1444832142.647071 -0.049439 0.010986 -10.008569
32659 1444832142.657220 -0.049439 0.010986 -10.008569
32660 1444832142.665583 -0.049439 0.010986 -9.920679
32661 1444832142.675261 -0.049439 0.010986 -9.920679
32662 1444832142.687553 -0.049439 0.010986 -9.920679
32663 1444832142.695261 -0.049439 0.010986 -9.920679
32664 1444832142.707798 0.038452 0.010986 -10.008569
32665 1444832142.716017 -0.049439 0.010986 -9.920679
32666 1444832142.728176 -0.049439 0.010986 -10.008569
32667 1444832142.735645 -0.049439 0.010986 -10.008569
32668 1444832142.745487 -0.049439 0.010986 -10.008569
32669 1444832142.755791 -0.049439 0.010986 -9.920679
32670 1444832142.766402 -0.049439 0.010986 -9.920679
32671 1444832142.776017 -0.049439 0.010986 -10.008569
32672 1444832142.785679 -0.049439 0.010986 -9.920679
32673 1444832142.795986 -0.049439 0.010986 -9.920679
32674 1444832142.805942 -0.049439 0.010986 -9.920679
32675 1444832142.816257 -0.049439 0.010986 -9.920679
32676 1444832142.826247 -0.049439 0.010986 -9.920679
32677 1444832142.836386 -0.049439 0.010986 -9.920679
32678 1444832142.846469 -0.049439 0.010986 -9.920679
32679 1444832142.856594 -0.049439 0.010986 -9.920679
32680 1444832142.866513 -0.049439 0.010986 -9.920679
32681 1444832142.876601 -0.049439 0.010986 -10.008569
32682 1444832142.886852 -0.049439 0.010986 -9.920679
32683 1444832142.896945 -0.049439 0.010986 -9.920679
32684 1444832142.907029 -0.049439 0.010986 -9.920679
32685 1444832142.917218 -0.049439 0.010986 -9.920679
32686 1444832142.927449 -0.049439 0.010986 -9.920679
32687 1444832142.937523 -0.049439 0.010986 -9.920679
32688 1444832142.947824 -0.049439 0.010986 -9.920679
32689 1444832142.957843 -0.049439 0.010986 -9.920679
32690 1444832142.968081 -0.049439 0.010986 -9.920679
32691 1444832142.978093 -0.049439 0.010986 -9.920679
32692 1444832142.988193 -0.049439 0.010986 -9.920679
32693 1444832142.998133 -0.049439 0.010986 -9.920679
32694 1444832143.008500 -0.049439 0.010986 -9.920679
32695 1444832143.015199 -0.049439 0.010986 -9.920679
32696 1444832143.026323 0.038452 0.010986 -9.920679
32697 1444832143.040470 -0.049439 0.010986 -9.920679
32698 1444832143.050471 -0.049439 0.010986 -9.920679
32699 1444832143.060513 -0.049439 0.010986 -9.920679
32700 1444832143.070557 -0.049439 0.010986 -9.920679
32701 1444832143.081495 -0.049439 0.010986 -9.920679
32702 1444832143.091753 -0.049439 0.010986 -9.920679
32703 1444832143.101848 0.038452 0.010986 -9.920679
32704 1444832143.106953 -0.049439 0.010986 -9.920679
32705 1444832143.117004 -0.049439 0.010986 -9.920679
32706 1444832143.132154 0.038452 0.010986 -9.920679
32707 1444832143.137322 0.038452 0.010986 -9.920679
32708 1444832143.147829 -0.049439 0.010986 -9.920679
32709 1444832143.157520 0.038452 0.010986 -9.920679
32710 1444832143.167809 0.038452 0.010986 -9.920679
32711 1444832143.177877 -0.049439 0.010986 -9.920679
32712 1444832143.188062 -0.049439 0.010986 -9.920679
32713 1444832143.198336 -0.049439 0.010986 -9.920679
32714 1444832143.208344 -0.049439 0.010986 -9.920679
32715 1444832143.215434 -0.049439 -0.076904 -9.920679
32716 1444832143.228413 -0.049439 -0.076904 -9.920679
32717 1444832143.238728 -0.049439 -0.076904 -9.920679
32718 1444832143.248634 -0.049439 -0.076904 -9.832788
32719 1444832143.258742 -0.049439 -0.076904 -9.832788
32720 1444832143.270154 -0.049439 -0.076904 -9.832788
32721 1444832143.280099 -0.049439 -0.076904 -9.832788
32722 1444832143.290220 -0.049439 -0.076904 -9.832788
32723 1444832143.300434 -0.049439 -0.076904 -9.832788
32724 1444832143.310496 -0.049439 -0.076904 -9.744897
32725 1444832143.320626 -0.049439 -0.076904 -9.832788
32726 1444832143.330462 -0.049439 -0.076904 -9.744897
32727 1444832143.340872 -0.049439 -0.164795 -9.744897
32728 1444832143.350927 -0.049439 -0.164795 -9.744897
32729 1444832143.360953 -0.049439 -0.076904 -9.744897
32730 1444832143.370592 -0.049439 -0.164795 -9.744897
32731 1444832143.381426 -0.049439 -0.076904 -9.744897
32732 1444832143.391915 -0.049439 -0.076904 -9.657006
32733 1444832143.401803 -0.049439 -0.076904 -9.657006
32734 1444832143.411944 -0.049439 -0.076904 -9.744897
32735 1444832143.421934 -0.049439 -0.076904 -9.657006
32736 1444832143.432099 -0.049439 -0.076904 -9.657006
32737 1444832143.442232 -0.049439 -0.076904 -9.744897
32738 1444832143.452535 -0.049439 -0.076904 -9.657006
32739 1444832143.463850 -0.049439 -0.076904 -9.657006
32740 1444832143.470979 -0.049439 -0.076904 -9.744897
32741 1444832143.483722 -0.049439 -0.076904 -9.657006
32742 1444832143.493880 -0.049439 -0.076904 -9.657006
32743 1444832143.503981 -0.049439 -0.076904 -9.657006
32744 1444832143.510135 -0.049439 -0.076904 -9.657006
32745 1444832143.520523 -0.049439 -0.076904 -9.657006
32746 1444832143.530219 -0.049439 -0.076904 -9.657006
32747 1444832143.540201 -0.049439 -0.076904 -9.657006
32748 1444832143.550479 -0.049439 -0.076904 -9.657006
32749 1444832143.560640 -0.049439 -0.076904 -9.657006
32750 1444832143.571214 -0.049439 -0.076904 -9.657006
32751 1444832143.580667 -0.049439 -0.076904 -9.657006
32752 1444832143.591616 -0.049439 -0.076904 -9.657006
32753 1444832143.601666 -0.049439 -0.076904 -9.657006
32754 1444832143.611986 -0.049439 -0.076904 -9.657006
32755 1444832143.622032 -0.049439 -0.076904 -9.657006
32756 1444832143.632078 -0.049439 -0.076904 -9.657006
32757 1444832143.642067 -0.049439 -0.076904 -9.657006
32758 1444832143.652234 -0.049439 -0.076904 -9.657006
32759 1444832143.662526 0.038452 -0.076904 -9.657006
32760 1444832143.672684 -0.049439 -0.076904 -9.657006
32761 1444832143.682563 -0.049439 -0.076904 -9.657006
32762 1444832143.692721 -0.049439 -0.076904 -9.657006
32763 1444832143.702868 -0.049439 -0.076904 -9.657006
32764 1444832143.712975 -0.049439 -0.076904 -9.657006
32765 1444832143.723171 0.038452 0.010986 -9.657006
32766 1444832143.733348 0.038452 0.010986 -9.569115
32767 1444832143.743465 0.038452 0.010986 -9.657006
0 1444832143.753597 0.038452 0.010986 -9.569115
1 1444832143.765445 0.038452 0.010986 -9.569115
2 1444832143.773974 0.038452 0.010986 -9.569115
3 1444832143.785105 0.038452 0.010986 -9.657006
4 1444832143.790962 0.038452 0.010986 -9.657006
5 1444832143.805164 0.038452 0.010986 -9.657006
6 1444832143.815677 0.038452 0.010986 -9.657006
7 1444832143.826005 0.038452 0.010986 -9.657006
8 1444832143.835958 0.038452 0.010986 -9.657006
9 1444832143.845998 0.038452 0.010986 -9.657006
10 1444832143.856789 0.038452 0.010986 -9.657006
11 1444832143.866968 0.038452 0.010986 -9.657006
12 1444832143.877038 0.038452 0.010986 -9.569115
13 1444832143.887153 0.038452 0.010986 -9.569115
14 1444832143.897338 0.038452 0.010986 -9.569115
15 1444832143.902619 0.038452 0.010986 -9.569115
16 1444832143.912817 0.038452 0.010986 -9.569115
17 1444832143.922757 0.038452 0.010986 -9.569115
18 1444832143.932889 0.038452 0.010986 -9.569115
19 1444832143.942941 0.038452 0.010986 -9.569115
20 1444832143.953302 0.038452 0.010986 -9.569115
21 1444832143.963405 0.038452 0.010986 -9.569115
22 1444832143.975101 0.038452 0.010986 -9.569115
23 1444832143.983646 0.038452 0.098877 -9.569115
24 1444832143.993632 0.038452 0.098877 -9.481224
25 1444832144.003753 0.126343 0.098877 -9.481224
26 1444832144.015574 0.126343 0.098877 -9.481224
27 1444832144.025510 0.038452 0.098877 -9.481224
28 1444832144.035335 0.126343 0.098877 -9.481224
29 1444832144.045504 0.126343 0.098877 -9.481224
30 1444832144.055534 0.126343 0.186768 -9.481224
31 1444832144.065864 0.126343 0.098877 -9.481224
32 1444832144.075593 0.126343 0.186768 -9.481224
33 1444832144.085956 0.126343 0.186768 -9.481224
34 1444832144.096093 0.126343 0.186768 -9.481224
35 1444832144.106153 0.126343 0.098877 -9.481224
36 1444832144.116253 0.126343 0.186768 -9.481224
37 1444832144.126469 0.126343 0.186768 -9.393333
38 1444832144.136375 0.126343 0.186768 -9.481224
39 1444832144.146521 0.126343 0.186768 -9.393333
40 1444832144.156810 0.126343 0.186768 -9.393333
41 1444832144.166788 0.126343 0.186768 -9.393333
42 1444832144.176805 0.126343 0.186768 -9.481224
43 1444832144.187023 0.126343 0.186768 -9.481224
44 1444832144.197066 0.126343 0.098877 -9.481224
45 1444832144.207352 0.126343 0.186768 -9.481224
46 1444832144.217290 0.126343 0.098877 -9.481224
47 1444832144.225071 0.126343 0.186768 -9.481224
48 1444832144.237876 0.126343 0.098877 -9.393333
49 1444832144.248021 0.126343 0.098877 -9.393333
50 1444832144.257755 0.126343 0.186768 -9.393333
51 1444832144.265421 0.126343 0.098877 -9.393333
52 1444832144.276308 0.126343 0.098877 -9.393333
53 1444832144.285355 0.126343 0.098877 -9.393333
54 1444832144.296300 0.126343 0.098877 -9.393333
55 1444832144.305424 0.126343 0.098877 -9.393333
56 1444832144.315876 0.126343 0.098877 -9.393333
57 1444832144.326731 0.126343 0.098877 -9.393333
58 1444832144.335702 0.126343 0.098877 -9.393333
59 1444832144.345586 0.126343 0.098877 -9.393333
60 1444832144.355950 0.126343 0.098877 -9.393333
61 1444832144.365955 0.126343 0.098877 -9.393333
62 1444832144.375721 0.126343 0.098877 -9.393333
63 1444832144.386217 0.126343 0.098877 -9.393333
64 1444832144.396247 0.038452 0.098877 -9.393333
65 1444832144.406674 0.126343 0.098877 -9.393333
66 1444832144.416585 0.126343 0.098877 -9.393333
67 1444832144.426971 0.126343 0.098877 -9.393333
68 1444832144.437091 0.126343 0.098877 -9.393333
69 1444832144.447204 0.126343 0.098877 -9.393333
70 1444832144.457339 0.126343 0.098877 -9.393333
71 1444832144.467360 0.126343 0.098877 -9.393333
72 1444832144.477479 0.126343 0.098877 -9.393333
73 1444832144.487616 0.038452 0.098877 -9.393333
74 1444832144.497799 0.126343 0.098877 -9.393333
75 1444832144.507835 0.038452 0.098877 -9.393333
76 1444832144.518002 0.038452 0.098877 -9.305443
77 1444832144.527961 0.038452 0.098877 -9.393333
78 1444832144.538211 0.038452 0.098877 -9.305443
79 1444832144.548460 0.038452 0.098877 -9.393333
80 1444832144.558577 0.038452 0.098877 -9.393333
81 1444832144.566022 0.038452 0.098877 -9.393333
82 1444832144.576566 0.038452 0.098877 -9.305443
83 1444832144.591049 0.038452 0.098877 -9.393333
84 1444832144.600984 0.038452 0.098877 -9.393333
85 1444832144.611165 0.038452 0.098877 -9.305443
86 1444832144.621174 0.038452 0.098877 -9.393333
87 1444832144.631136 0.038452 0.098877 -9.305443
88 1444832144.641504 0.038452 0.098877 -9.305443
89 1444832144.651600 0.038452 0.098877 -9.305443
90 1444832144.661805 0.038452 0.098877 -9.305443
91 1444832144.672303 0.038452 0.098877 -9.305443
92 1444832144.682323 0.038452 0.098877 -9.305443
93 1444832144.690762 0.038452 0.098877 -9.393333
94 1444832144.697438 0.038452 0.098877 -9.305443
95 1444832144.707788 0.126343 0.098877 -9.393333
96 1444832144.717950 0.038452 0.098877 -9.305443
97 1444832144.727995 0.038452 0.098877 -9.305443
98 1444832144.738103 0.038452 0.098877 -9.393333
99 1444832144.748196 0.038452 0.098877 -9.305443
100 1444832144.758337 0.038452 0.098877 -9.305443
101 1444832144.768400 0.038452 0.098877 -9.393333
102 1444832144.778562 0.038452 0.098877 -9.393333
103 1444832144.788734 0.038452 0.098877 -9.393333
104 1444832144.798747 0.038452 0.098877 -9.393333
105 1444832144.808876 0.038452 0.098877 -9.393333
106 1444832144.820691 0.038452 0.010986 -9.393333
107 1444832144.830579 0.038452 0.010986 -9.393333
108 1444832144.840515 0.038452 0.010986 -9.393333
109 1444832144.849297 0.038452 0.010986 -9.393333
110 1444832144.860441 0.038452 0.010986 -9.393333
111 1444832144.870844 0.038452 0.010986 -9.393333
112 1444832144.880493 0.038452 0.010986 -9.393333
113 1444832144.890991 0.038452 0.098877 -9.393333
114 1444832144.901092 0.038452 0.010986 -9.393333
115 1444832144.911085 0.038452 0.010986 -9.305443
116 1444832144.921309 0.038452 0.098877 -9.393333
117 1444832144.931111 0.038452 0.098877 -9.393333
118 1444832144.941441 0.038452 0.098877 -9.393333
119 1444832144.951459 0.038452 0.010986 -9.393333
120 1444832144.961554 0.038452 0.098877 -9.305443
121 1444832144.971610 0.038452 0.010986 -9.393333
122 1444832144.981667 0.038452 0.010986 -9.393333
123 1444832144.991730 0.038452 0.098877 -9.393333
124 1444832145.001852 0.038452 0.010986 -9.305443
125 1444832145.012018 0.038452 0.098877 -9.305443
126 1444832145.022142 0.038452 0.010986 -9.393333
127 1444832145.032320 0.038452 0.010986 -9.393333
128 1444832145.042501 0.038452 0.010986 -9.305443
129 1444832145.052523 0.038452 0.010986 -9.305443
130 1444832145.062535 0.038452 0.010986 -9.305443
131 1444832145.072787 -0.049439 0.010986 -9.305443
132 1444832145.083073 0.038452 0.010986 -9.305443
133 1444832145.093115 0.038452 0.010986 -9.305443
134 1444832145.103192 0.038452 0.010986 -9.305443
135 1444832145.113400 0.038452 0.010986 -9.305443
136 1444832145.121666 -0.049439 0.010986 -9.305443
137 1444832145.133748 -0.049439 0.010986 -9.305443
138 1444832145.144166 -0.049439 0.010986 -9.305443
139 1444832145.154190 -0.049439 -0.076904 -9.305443
140 1444832145.165581 -0.049439 0.010986 -9.305443
141 1444832145.174177 -0.049439 0.010986 -9.305443
142 1444832145.185834 -0.049439 0.010986 -9.305443
143 1444832145.196012 -0.049439 -0.076904 -9.305443
144 1444832145.206052 -0.049439 -0.076904 -9.305443
145 1444832145.211482 -0.049439 -0.076904 -9.305443
146 1444832145.221521 -0.049439 -0.076904 -9.305443
147 1444832145.231689 -0.049439 -0.076904 -9.305443
148 1444832145.241802 -0.049439 -0.076904 -9.305443
149 1444832145.252308 -0.049439 -0.076904 -9.305443
150 1444832145.262039 -0.049439 -0.076904 -9.305443
151 1444832145.272495 -0.049439 -0.076904 -9.305443
152 1444832145.282036 -0.049439 -0.076904 -9.305443
153 1444832145.292334 -0.049439 -0.076904 -9.305443
154 1444832145.302470 -0.049439 -0.076904 -9.305443
155 1444832145.312911 -0.049439 -0.076904 -9.305443
156 1444832145.322818 -0.049439 -0.076904 -9.217552
157 1444832145.332911 -0.049439 -0.076904 -9.305443
158 1444832145.343052 -0.049439 -0.076904 -9.305443
159 1444832145.353224 -0.049439 -0.076904 -9.305443
160 1444832145.363523 -0.049439 -0.076904 -9.305443
161 1444832145.373540 -0.049439 -0.076904 -9.305443
162 1444832145.383568 -0.049439 -0.076904 -9.305443
163 1444832145.393600 -0.049439 -0.076904 -9.305443
164 1444832145.403607 -0.049439 -0.076904 -9.305443
165 1444832145.413794 -0.049439 -0.076904 -9.217552
166 1444832145.423871 -0.049439 -0.076904 -9.305443
167 1444832145.434009 -0.049439 -0.076904 -9.305443
168 1444832145.444156 -0.049439 -0.076904 -9.305443
169 1444832145.454214 -0.049439 -0.076904 -9.305443
170 1444832145.460673 -0.049439 -0.076904 -9.305443
171 1444832145.471798 -0.049439 -0.076904 -9.217552
172 1444832145.480810 -0.049439 -0.076904 -9.217552
173 1444832145.490890 -0.049439 -0.076904 -9.217552
174 1444832145.501100 -0.049439 -0.076904 -9.305443
175 1444832145.515517 -0.049439 -0.076904 -9.305443
176 1444832145.525471 -0.049439 -0.076904 -9.305443
177 1444832145.535851 -0.049439 -0.076904 -9.217552
178 1444832145.546005 -0.049439 -0.076904 -9.305443
179 1444832145.556709 -0.049439 -0.076904 -9.305443
180 1444832145.566959 -0.049439 -0.076904 -9.305443
181 1444832145.576570 -0.049439 -0.076904 -9.217552
182 1444832145.586917 -0.049439 -0.076904 -9.217552
183 1444832145.597047 -0.049439 -0.076904 -9.217552
184 1444832145.607161 -0.049439 -0.076904 -9.217552
185 1444832145.617139 -0.049439 -0.076904 -9.217552
186 1444832145.628443 -0.049439 -0.076904 -9.305443
187 1444832145.638596 -0.049439 -0.076904 -9.217552
188 1444832145.648656 -0.049439 -0.076904 -9.217552
189 1444832145.658591 -0.049439 -0.076904 -9.305443
190 1444832145.668720 -0.049439 -0.076904 -9.305443
191 1444832145.678877 -0.049439 -0.076904 -9.305443
192 1444832145.689000 -0.049439 -0.076904 -9.217552
193 1444832145.699117 -0.049439 -0.076904 -9.305443
194 1444832145.709220 -0.049439 -0.076904 -9.217552
195 1444832145.715870 -0.049439 -0.076904 -9.217552
196 1444832145.725528 -0.049439 -0.076904 -9.305443
197 1444832145.735355 -0.049439 -0.076904 -9.305443
198 1444832145.740718 -0.049439 -0.076904 -9.217552
199 1444832145.755501 -0.049439 -0.076904 -9.305443
200 1444832145.766199 -0.049439 -0.076904 -9.305443
201 1444832145.775677 -0.049439 -0.076904 -9.305443
202 1444832145.785741 -0.049439 -0.076904 -9.217552
203 1444832145.796249 -0.049439 -0.076904 -9.305443
204 1444832145.806305 -0.049439 -0.076904 -9.217552
205 1444832145.816628 -0.049439 -0.076904 -9.217552
206 1444832145.826498 -0.049439 -0.076904 -9.305443
207 1444832145.836585 -0.049439 -0.076904 -9.217552
208 1444832145.846894 -0.049439 -0.076904 -9.217552
209 1444832145.856922 -0.049439 -0.076904 -9.217552
210 1444832145.867392 -0.049439 -0.076904 -9.305443
211 1444832145.877110 -0.049439 -0.076904 -9.305443
212 1444832145.887201 -0.049439 -0.076904 -9.305443
213 1444832145.897486 -0.049439 -0.076904 -9.305443
214 1444832145.907614 -0.049439 -0.076904 -9.305443
215 1444832145.917771 -0.049439 -0.076904 -9.217552
216 1444832145.927603 -0.049439 -0.076904 -9.305443
217 1444832145.937792 -0.049439 -0.076904 -9.217552
218 1444832145.947835 -0.049439 -0.076904 -9.217552
219 1444832145.957938 -0.049439 -0.076904 -9.217552
220 1444832145.965884 -0.049439 -0.076904 -9.217552
221 1444832145.976355 -0.049439 -0.076904 -9.217552
222 1444832145.985352 -0.049439 -0.076904 -9.305443
223 1444832145.998584 -0.049439 -0.076904 -9.217552
224 1444832146.005512 -0.049439 -0.076904 -9.305443
225 1444832146.015657 -0.049439 -0.076904 -9.305443
226 1444832146.025825 -0.049439 -0.076904 -9.305443
227 1444832146.035763 -0.049439 -0.076904 -9.217552
228 1444832146.045875 -0.049439 -0.076904 -9.305443
229 1444832146.060437 -0.049439 -0.076904 -9.305443
230 1444832146.070333 -0.049439 -0.076904 -9.305443
231 1444832146.080403 -0.049439 -0.076904 -9.305443
232 1444832146.086570 -0.049439 -0.076904 -9.217552
233 1444832146.096802 -0.049439 -0.076904 -9.305443
234 1444832146.106900 -0.049439 -0.076904 -9.305443
235 1444832146.117002 -0.049439 -0.076904 -9.305443
236 1444832146.127363 -0.049439 -0.076904 -9.305443
237 1444832146.137241 -0.049439 -0.076904 -9.305443
238 1444832146.147687 -0.049439 -0.076904 -9.305443
239 1444832146.157788 -0.049439 -0.076904 -9.217552
240 1444832146.167992 -0.049439 -0.076904 -9.305443
241 1444832146.178023 -0.049439 -0.076904 -9.305443
242 1444832146.188126 -0.049439 -0.076904 -9.217552
243 1444832146.198275 -0.049439 -0.076904 -9.217552
244 1444832146.208715 -0.049439 -0.076904 -9.305443
245 1444832146.218455 -0.049439 -0.076904 -9.217552
246 1444832146.228627 -0.049439 -0.076904 -9.305443
247 1444832146.238875 -0.049439 -0.076904 -9.217552
248 1444832146.248991 -0.049439 -0.076904 -9.305443
249 1444832146.259107 -0.049439 -0.076904 -9.305443
250 1444832146.270420 -0.049439 -0.076904 -9.305443
251 1444832146.279502 -0.049439 -0.076904 -9.305443
252 1444832146.285456 -0.049439 -0.076904 -9.305443
253 1444832146.300410 -0.049439 -0.076904 -9.305443
254 1444832146.310359 -0.049439 -0.076904 -9.305443
255 1444832146.320851 -0.049439 -0.076904 -9.305443
256 1444832146.330479 -0.049439 -0.076904 -9.217552
257 1444832146.340554 -0.049439 -0.076904 -9.217552
258 1444832146.350742 -0.049439 -0.076904 -9.305443
259 1444832146.360959 -0.049439 -0.076904 -9.305443
260 1444832146.371031 -0.049439 -0.076904 -9.305443
261 1444832146.381490 -0.049439 -0.076904 -9.305443
262 1444832146.392091 -0.049439 -0.076904 -9.305443
263 1444832146.402246 -0.049439 -0.076904 -9.305443
264 1444832146.412477 -0.049439 -0.076904 -9.305443
265 1444832146.422348 -0.049439 -0.076904 -9.217552
266 1444832146.432261 -0.049439 0.010986 -9.217552
267 1444832146.442442 -0.049439 0.010986 -9.217552
268 1444832146.452501 -0.049439 0.010986 -9.129661
269 1444832146.462950 -0.049439 0.010986 -9.04177
270 1444832146.473764 -0.049439 0.010986 -8.953879
271 1444832146.483885 -0.049439 0.010986 -8.778098
272 1444832146.493939 -0.049439 0.010986 -8.602316
273 1444832146.504068 0.038452 0.010986 -8.338643
274 1444832146.514243 0.038452 0.010986 -8.074971
275 1444832146.520459 0.038452 0.010986 -7.811298
276 1444832146.534502 0.038452 0.010986 -7.459735
277 1444832146.540664 0.038452 0.010986 -7.020281
278 1444832146.550389 -0.049439 0.010986 -6.668717
279 1444832146.560993 0.038452 0.098877 -6.229263
280 1444832146.571759 0.038452 0.098877 -5.789809
281 1444832146.581497 0.038452 0.098877 -5.262464
282 1444832146.591885 0.038452 0.098877 -4.735119
283 1444832146.601877 -0.049439 0.098877 -4.290172
284 1444832146.612064 0.038452 0.098877 -3.762827
285 1444832146.622360 0.038452 0.098877 -3.147591
286 1444832146.632124 0.038452 0.098877 -2.532355
287 1444832146.642253 0.038452 0.098877 -2.00501
288 1444832146.652194 0.038452 0.098877 -1.301883
289 1444832146.662566 -0.049439 0.098877 -0.686647
290 1444832146.672643 0.038452 0.098877 0.01648
291 1444832146.682660 0.038452 0.098877 0.631715
292 1444832146.692631 0.038452 0.098877 1.422733
293 1444832146.702788 0.038452 0.098877 2.213751
294 1444832146.712997 -0.049439 0.098877 3.004768
295 1444832146.723053 -0.049439 0.098877 3.795786
296 1444832146.733156 -0.049439 0.098877 4.674694
297 1444832146.743334 -0.049439 0.098877 5.553602
298 1444832146.753510 -0.049439 0.098877 6.432511
299 1444832146.765709 -0.049439 0.098877 7.838764
300 1444832146.773955 -0.049439 0.098877 8.278218
301 1444832146.783799 -0.049439 0.098877 9.245018
302 1444832146.790666 -0.049439 0.098877 10.211817
303 1444832146.800825 -0.049439 0.098877 11.266507
304 1444832146.810579 -0.049439 0.098877 12.233306
305 1444832146.821045 -0.049439 0.098877 13.200105
306 1444832146.831509 -0.049439 0.098877 14.254796
307 1444832146.845307 -0.049439 0.098877 15.836831
308 1444832146.851673 -0.049439 0.098877 16.364176
309 1444832146.865492 -0.049439 0.098877 17.951704
310 1444832146.875489 -0.049439 0.098877 19.094285
311 1444832146.885715 -0.049439 0.098877 20.148975
312 1444832146.895781 -0.049439 0.098877 21.203665
313 1444832146.905910 -0.049439 0.098877 22.346246
314 1444832146.916010 -0.049439 0.010986 23.488827
315 1444832146.926280 -0.049439 0.098877 24.543517
316 1444832146.936563 -0.049439 0.098877 25.686098
317 1444832146.946937 -0.049439 0.010986 26.740788
318 1444832146.957178 -0.049439 0.010986 27.795478
319 1444832146.962975 -0.049439 0.010986 28.322823
320 1444832146.973083 -0.049439 0.010986 29.465404
321 1444832146.983025 -0.049439 0.010986 30.520094
322 1444832146.993138 -0.049439 0.010986 31.574784
323 1444832147.003398 -0.137329 0.010986 32.629474
324 1444832147.013534 -0.137329 0.010986 33.596273
325 1444832147.023547 -0.137329 0.010986 34.738854
326 1444832147.033660 -0.137329 0.010986 35.705654
327 1444832147.043763 -0.137329 0.010986 36.672453
328 1444832147.054354 -0.137329 0.010986 37.639252
329 1444832147.065535 -0.137329 -0.076904 39.045505
330 1444832147.075515 -0.137329 0.010986 39.924414
331 1444832147.085453 -0.137329 0.010986 40.808815
332 1444832147.095626 -0.137329 0.010986 41.599833
333 1444832147.105751 -0.137329 0.010986 42.478741
334 1444832147.116214 -0.137329 -0.076904 43.181868
335 1444832147.125984 -0.137329 -0.076904 43.972886
336 1444832147.136122 -0.137329 -0.076904 44.676012
337 1444832147.146619 -0.137329 -0.076904 45.379139
338 1444832147.156787 -0.137329 -0.076904 46.082266
339 1444832147.167121 -0.137329 -0.076904 46.697502
340 1444832147.176601 -0.137329 -0.076904 47.312738
341 1444832147.186907 -0.137329 -0.076904 47.840083
342 1444832147.196800 -0.049439 -0.076904 48.279537
343 1444832147.207368 -0.049439 -0.076904 48.718991
344 1444832147.217305 -0.049439 -0.076904 49.158445
345 1444832147.227216 -0.049439 -0.076904 49.510009
346 1444832147.237279 -0.137329 -0.076904 49.949463
347 1444832147.247422 -0.137329 -0.076904 50.213135
348 1444832147.257520 -0.049439 -0.076904 50.564699
349 1444832147.267785 -0.049439 -0.076904 50.828371
350 1444832147.276061 -0.049439 -0.076904 51.092044
351 1444832147.287751 -0.049439 -0.076904 51.267825
352 1444832147.297883 -0.049439 -0.076904 51.531498
353 1444832147.308128 -0.137329 -0.076904 51.619389
354 1444832147.315547 -0.049439 -0.076904 51.79517
355 1444832147.326962 -0.049439 -0.076904 51.883061
356 1444832147.339208 -0.049439 -0.164795 51.883061
357 1444832147.349378 -0.137329 -0.076904 51.970952
358 1444832147.359581 -0.137329 -0.076904 51.970952
359 1444832147.366053 -0.137329 -0.076904 51.883061
360 1444832147.376230 -0.137329 -0.076904 51.883061
361 1444832147.385761 -0.137329 -0.076904 51.79517
362 1444832147.395875 -0.137329 -0.076904 51.70728
363 1444832147.405713 -0.137329 -0.164795 51.70728
364 1444832147.415996 -0.137329 -0.164795 51.619389
365 1444832147.426037 -0.137329 -0.164795 51.619389
366 1444832147.436170 -0.137329 -0.164795 51.531498
367 1444832147.446275 -0.137329 -0.164795 51.531498
368 1444832147.456490 -0.137329 -0.164795 51.531498
369 1444832147.466828 -0.137329 -0.164795 51.443607
370 1444832147.476919 -0.137329 -0.164795 51.443607
371 1444832147.486795 -0.137329 -0.164795 51.531498
372 1444832147.497172 -0.137329 -0.164795 51.531498
373 1444832147.507255 -0.137329 -0.164795 51.531498
374 1444832147.517309 -0.137329 -0.164795 51.619389
375 1444832147.527575 -0.137329 -0.164795 51.619389
376 1444832147.537659 -0.137329 -0.164795 51.619389
377 1444832147.547694 -0.137329 -0.164795 51.70728
378 1444832147.558026 -0.22522 -0.164795 51.79517
379 1444832147.568468 -0.137329 -0.164795 51.883061
380 1444832147.578358 -0.137329 -0.164795 51.970952
381 1444832147.588565 -0.137329 -0.076904 51.970952
382 1444832147.598476 -0.137329 -0.076904 52.058843
383 1444832147.608560 -0.137329 -0.076904 52.146734
384 1444832147.615701 -0.137329 -0.076904 52.146734
385 1444832147.626027 -0.22522 -0.076904 52.234625
386 1444832147.638920 -0.22522 -0.076904 52.234625
387 1444832147.649043 -0.22522 -0.076904 52.234625
388 1444832147.660291 -0.22522 -0.076904 52.322515
389 1444832147.670544 -0.22522 -0.076904 52.322515
390 1444832147.680558 -0.22522 -0.164795 52.322515
391 1444832147.690623 -0.22522 -0.076904 52.322515
392 1444832147.700735 -0.22522 -0.076904 52.234625
393 1444832147.710550 -0.22522 -0.076904 52.234625
394 1444832147.720706 -0.22522 -0.164795 52.234625
395 1444832147.730586 -0.22522 -0.164795 52.234625
396 1444832147.741073 -0.137329 -0.076904 52.234625
397 1444832147.751218 -0.137329 -0.164795 52.146734
398 1444832147.761411 -0.137329 -0.076904 52.146734
399 1444832147.771459 -0.137329 -0.076904 52.146734
400 1444832147.782571 -0.137329 -0.164795 52.146734
401 1444832147.787489 -0.137329 -0.076904 52.146734
402 1444832147.797622 -0.22522 -0.076904 52.146734
403 1444832147.807836 -0.22522 -0.076904 52.234625
404 1444832147.818460 -0.22522 -0.164795 52.146734
405 1444832147.828752 -0.22522 -0.076904 52.234625
406 1444832147.840376 -0.22522 -0.076904 52.234625
407 1444832147.849000 -0.22522 -0.076904 52.234625
408 1444832147.860263 -0.22522 -0.164795 52.234625
409 1444832147.865356 -0.22522 -0.076904 52.234625
410 1444832147.876126 -0.22522 -0.076904 52.234625
411 1444832147.890377 -0.22522 -0.076904 52.234625
412 1444832147.900681 -0.137329 -0.076904 52.146734
413 1444832147.910855 -0.137329 -0.076904 52.146734
414 1444832147.921468 -0.137329 -0.076904 52.146734
415 1444832147.931026 -0.137329 -0.076904 52.146734
416 1444832147.941396 -0.137329 -0.076904 52.146734
417 1444832147.951404 -0.137329 -0.076904 52.146734
418 1444832147.961427 -0.137329 -0.164795 52.146734
419 1444832147.971249 -0.22522 -0.076904 52.146734
420 1444832147.981245 -0.22522 -0.164795 52.146734
421 1444832147.991822 -0.22522 -0.076904 52.146734
422 1444832148.001596 -0.137329 -0.076904 52.146734
423 1444832148.011573 -0.22522 -0.076904 52.234625
424 1444832148.021566 -0.22522 -0.076904 52.234625
425 1444832148.031854 -0.22522 -0.076904 52.234625
426 1444832148.041900 -0.137329 -0.076904 52.234625
427 1444832148.052106 -0.137329 -0.076904 52.234625
428 1444832148.062593 -0.137329 -0.076904 52.234625
429 1444832148.072506 -0.137329 -0.076904 52.234625
430 1444832148.082519 -0.137329 -0.076904 52.146734
431 1444832148.092630 -0.137329 -0.076904 52.234625
432 1444832148.102851 -0.137329 -0.076904 52.146734
433 1444832148.112870 -0.137329 -0.076904 52.146734
434 1444832148.122932 -0.137329 -0.076904 52.146734
435 1444832148.133026 -0.137329 -0.076904 52.146734
436 1444832148.143153 -0.137329 -0.076904 52.146734
437 1444832148.153237 -0.137329 -0.076904 52.146734
438 1444832148.163481 -0.137329 -0.076904 52.146734
439 1444832148.171025 -0.137329 -0.076904 52.234625
440 1444832148.184595 -0.137329 -0.076904 52.146734
441 1444832148.190395 -0.137329 -0.076904 52.146734
442 1444832148.200575 -0.137329 -0.076904 52.234625
443 1444832148.210597 -0.137329 -0.076904 52.234625
444 1444832148.220966 -0.137329 -0.076904 52.146734
445 1444832148.231390 -0.137329 -0.076904 52.234625
446 1444832148.241369 -0.137329 -0.076904 52.146734
447 1444832148.251569 -0.137329 -0.076904 52.146734
448 1444832148.261678 -0.137329 -0.076904 52.146734
449 1444832148.271871 -0.137329 -0.076904 52.146734
450 1444832148.281797 -0.137329 -0.076904 52.146734
451 1444832148.291985 -0.137329 -0.076904 52.146734
452 1444832148.302129 -0.137329 -0.076904 52.146734
453 1444832148.312393 -0.137329 -0.076904 52.146734
454 1444832148.322420 -0.137329 -0.076904 52.058843
455 1444832148.332684 -0.137329 -0.076904 52.058843
456 1444832148.343036 -0.137329 -0.076904 52.058843
457 1444832148.352827 -0.137329 -0.076904 52.058843
458 1444832148.363231 -0.137329 -0.076904 52.058843
459 1444832148.373315 -0.137329 -0.076904 51.970952
460 1444832148.383486 -0.137329 0.010986 51.970952
461 1444832148.393599 -0.137329 0.010986 51.970952
462 1444832148.403678 -0.137329 0.010986 51.970952
463 1444832148.415659 -0.049439 0.010986 51.970952
464 1444832148.423867 -0.049439 0.010986 51.970952
465 1444832148.433952 -0.049439 0.010986 51.970952
466 1444832148.444119 -0.049439 0.010986 51.970952
467 1444832148.454357 -0.049439 0.010986 51.883061
468 1444832148.461382 -0.137329 0.010986 51.883061
469 1444832148.472456 -0.137329 0.010986 51.883061
470 1444832148.481712 -0.137329 0.010986 51.883061
471 1444832148.495244 -0.049439 0.010986 51.883061
472 1444832148.505414 -0.049439 0.010986 51.883061
473 1444832148.516191 -0.049439 0.010986 51.883061
474 1444832148.526261 -0.049439 0.010986 51.883061
475 1444832148.535803 -0.137329 0.010986 51.883061
476 1444832148.545869 -0.049439 0.010986 51.883061
477 1444832148.556033 -0.137329 0.010986 51.883061
478 1444832148.566738 -0.049439 0.010986 51.883061
479 1444832148.576693 -0.137329 0.010986 51.970952
480 1444832148.587725 -0.049439 0.010986 51.970952
481 1444832148.597866 -0.137329 0.010986 51.970952
482 1444832148.608041 -0.049439 0.010986 51.970952
483 1444832148.618327 -0.049439 0.010986 51.970952
484 1444832148.628323 -0.049439 0.010986 51.970952
485 1444832148.638323 -0.137329 0.010986 51.970952
486 1444832148.648479 -0.049439 0.010986 51.970952
487 1444832148.653627 -0.049439 0.010986 51.970952
488 1444832148.663781 -0.137329 0.010986 51.970952
489 1444832148.674000 -0.049439 0.098877 51.970952
490 1444832148.684108 -0.049439 0.098877 51.970952
491 1444832148.694338 -0.049439 0.010986 51.970952
492 1444832148.700422 -0.137329 0.010986 51.970952
493 1444832148.715364 -0.137329 0.098877 51.970952
494 1444832148.726602 -0.137329 0.010986 51.970952
495 1444832148.736662 -0.137329 0.010986 51.970952
496 1444832148.746207 -0.137329 0.098877 51.970952
497 1444832148.756388 -0.137329 0.010986 51.970952
498 1444832148.766910 -0.137329 0.098877 51.970952
499 1444832148.776949 -0.137329 0.010986 51.970952
500 1444832148.786857 -0.049439 0.010986 51.970952
501 1444832148.796996 -0.049439 0.010986 51.970952
502 1444832148.807215 -0.049439 0.098877 51.970952
503 1444832148.817067 -0.049439 0.098877 51.970952
504 1444832148.825561 -0.137329 0.010986 51.970952
505 1444832148.837215 -0.137329 0.010986 51.970952
506 1444832148.847421 -0.137329 0.010986 51.970952
507 1444832148.857399 -0.049439 0.010986 51.970952
508 1444832148.865441 -0.137329 0.098877 51.970952
509 1444832148.877593 -0.137329 0.010986 51.970952
510 1444832148.885405 -0.137329 0.010986 51.970952
511 1444832148.897983 -0.137329 0.010986 51.970952
512 1444832148.908064 -0.137329 0.010986 51.970952
513 1444832148.918972 -0.137329 0.098877 51.970952
514 1444832148.930326 -0.137329 0.010986 51.970952
515 1444832148.940329 -0.137329 0.010986 51.970952
516 1444832148.949495 -0.049439 0.010986 51.970952
517 1444832148.959598 -0.049439 0.010986 51.970952
518 1444832148.965838 -0.049439 0.098877 51.970952
519 1444832148.980774 -0.049439 0.010986 51.970952
520 1444832148.985586 -0.049439 0.098877 51.970952
521 1444832148.995536 -0.049439 0.010986 51.970952
522 1444832149.005801 -0.049439 0.010986 51.970952
523 1444832149.016069 -0.137329 0.010986 51.970952
524 1444832149.026357 -0.137329 0.010986 51.970952
525 1444832149.036559 -0.049439 0.010986 51.970952
526 1444832149.046847 -0.137329 0.010986 51.970952
527 1444832149.056733 -0.137329 0.010986 51.970952
528 1444832149.067014 -0.137329 0.010986 51.970952
529 1444832149.076967 -0.049439 0.010986 51.970952
530 1444832149.087111 -0.137329 0.010986 51.970952
531 1444832149.097394 -0.049439 0.010986 51.970952
532 1444832149.107532 -0.049439 0.010986 51.970952
533 1444832149.117645 -0.049439 0.098877 51.970952
534 1444832149.127716 -0.049439 0.010986 51.970952
535 1444832149.137855 -0.049439 0.010986 51.970952
536 1444832149.148046 -0.049439 0.098877 51.970952
537 1444832149.158170 -0.049439 0.098877 51.970952
538 1444832149.168338 -0.049439 0.010986 51.970952
539 1444832149.178510 -0.137329 0.098877 51.970952
540 1444832149.188736 -0.049439 0.010986 51.970952
541 1444832149.198867 -0.049439 0.098877 51.970952
542 1444832149.208818 -0.049439 0.098877 51.970952
543 1444832149.216383 -0.137329 0.010986 51.970952
544 1444832149.226557 -0.049439 0.010986 51.970952
545 1444832149.240295 -0.049439 0.010986 51.970952
546 1444832149.250333 -0.049439 0.098877 51.970952
547 1444832149.260436 -0.137329 0.010986 51.970952
548 1444832149.270539 -0.049439 0.098877 51.970952
549 1444832149.280379 -0.049439 0.010986 51.970952
550 1444832149.290514 -0.049439 0.010986 51.970952
551 1444832149.300507 -0.049439 0.010986 51.970952
552 1444832149.310632 -0.137329 0.010986 51.970952
553 1444832149.320926 -0.137329 0.010986 51.970952
554 1444832149.330684 -0.137329 0.010986 51.970952
555 1444832149.341057 -0.049439 0.010986 51.970952
556 1444832149.352008 -0.137329 0.098877 51.970952
557 1444832149.362359 -0.049439 0.010986 51.970952
558 1444832149.372446 -0.049439 0.098877 51.970952
559 1444832149.382552 -0.049439 0.098877 51.970952
560 1444832149.392891 -0.049439 0.010986 51.970952
561 1444832149.403137 -0.049439 0.010986 51.970952
562 1444832149.413362 -0.137329 0.010986 51.970952
563 1444832149.423599 -0.049439 0.010986 51.970952
564 1444832149.433505 -0.137329 0.098877 51.970952
565 1444832149.443597 -0.137329 0.098877 51.970952
566 1444832149.453630 -0.049439 0.098877 51.970952
567 1444832149.463797 -0.137329 0.098877 51.970952
568 1444832149.474009 -0.137329 0.010986 51.970952
569 1444832149.484267 -0.049439 0.010986 51.970952
570 1444832149.494356 -0.137329 0.010986 51.970952
571 1444832149.504392 -0.137329 0.098877 51.970952
572 1444832149.510375 -0.049439 0.010986 51.970952
573 1444832149.520448 -0.137329 0.010986 51.970952
574 1444832149.530687 -0.137329 0.098877 51.970952
575 1444832149.540852 -0.049439 0.010986 51.970952
576 1444832149.551043 -0.137329 0.010986 51.970952
577 1444832149.561133 -0.137329 0.010986 51.970952
578 1444832149.571482 -0.049439 0.010986 51.970952
579 1444832149.581361 -0.049439 0.098877 51.970952
580 1444832149.591512 -0.137329 0.010986 51.970952
581 1444832149.601556 -0.049439 0.010986 51.970952
582 1444832149.611705 -0.137329 0.010986 52.058843
583 1444832149.621751 -0.137329 0.098877 51.970952
584 1444832149.631831 -0.137329 0.010986 51.970952
585 1444832149.641895 -0.137329 0.010986 52.058843
586 1444832149.652282 -0.137329 0.098877 52.058843
587 1444832149.663598 -0.049439 0.098877 51.970952
588 1444832149.673627 -0.049439 0.098877 51.970952
589 1444832149.683956 -0.049439 0.010986 51.970952
590 1444832149.693840 -0.137329 0.098877 51.970952
591 1444832149.703990 -0.137329 0.098877 51.970952
592 1444832149.710364 -0.049439 0.098877 51.970952
593 1444832149.721451 -0.137329 0.098877 52.058843
594 1444832149.730517 -0.137329 0.010986 52.058843
595 1444832149.745485 -0.137329 0.010986 51.970952
596 1444832149.755600 -0.049439 0.098877 51.970952
597 1444832149.766180 -0.049439 0.098877 51.970952
598 1444832149.776192 -0.049439 0.010986 52.058843
599 1444832149.785976 -0.049439 0.010986 51.970952
600 1444832149.796036 -0.049439 0.010986 51.970952
601 1444832149.806225 -0.137329 0.098877 51.970952
602 1444832149.816713 -0.137329 0.010986 51.970952
603 1444832149.826366 -0.049439 0.010986 51.970952
604 1444832149.836406 -0.137329 0.010986 51.970952
605 1444832149.846472 -0.137329 0.010986 51.970952
606 1444832149.856883 -0.137329 0.098877 51.970952
607 1444832149.862278 -0.137329 0.098877 51.970952
608 1444832149.877085 -0.049439 0.010986 51.970952
609 1444832149.882508 -0.137329 0.010986 51.970952
610 1444832149.892372 -0.049439 0.010986 51.970952
611 1444832149.902494 -0.137329 0.010986 51.970952
612 1444832149.912849 -0.137329 0.098877 51.970952
613 1444832149.922968 -0.137329 0.098877 51.970952
614 1444832149.932967 -0.137329 0.098877 51.970952
615 1444832149.943042 -0.137329 0.010986 51.970952
616 1444832149.953185 -0.049439 0.010986 51.970952
617 1444832149.963581 -0.137329 0.010986 51.970952
618 1444832149.973412 -0.049439 0.010986 51.970952
619 1444832149.983555 -0.049439 0.010986 51.970952
620 1444832149.993665 -0.137329 0.098877 51.970952
621 1444832150.003754 -0.137329 0.098877 51.970952
622 1444832150.016081 -0.137329 0.010986 51.970952
623 1444832150.025567 -0.049439 0.010986 51.970952
624 1444832150.035391 -0.049439 0.098877 51.970952
625 1444832150.045264 -0.137329 0.010986 51.970952
626 1444832150.055695 -0.049439 0.098877 51.970952
627 1444832150.066038 -0.137329 0.098877 51.970952
628 1444832150.076183 -0.049439 0.010986 51.970952
629 1444832150.085929 -0.137329 0.098877 52.058843
630 1444832150.095856 -0.049439 0.010986 52.058843
631 1444832150.105734 -0.049439 0.010986 52.058843
632 1444832150.116049 -0.137329 0.098877 51.970952
633 1444832150.126336 -0.137329 0.010986 52.058843
634 1444832150.136217 -0.049439 0.098877 51.970952
635 1444832150.146844 -0.049439 0.010986 51.970952
636 1444832150.156353 -0.049439 0.010986 51.970952
637 1444832150.166306 -0.137329 0.098877 51.970952
638 1444832150.176512 -0.137329 0.010986 51.970952
639 1444832150.187226 -0.049439 0.010986 51.970952
640 1444832150.197675 -0.049439 0.098877 51.970952
641 1444832150.207736 -0.137329 0.098877 51.970952
642 1444832150.217844 -0.137329 0.098877 51.970952
643 1444832150.227969 -0.137329 0.098877 51.970952
644 1444832150.238281 -0.137329 0.010986 52.058843
645 1444832150.248360 -0.137329 0.098877 51.970952
646 1444832150.258460 -0.137329 0.010986 51.970952
647 1444832150.268682 -0.137329 0.098877 52.058843
648 1444832150.279047 -0.137329 0.010986 51.970952
649 1444832150.288934 -0.049439 0.010986 51.970952
650 1444832150.295461 -0.049439 0.010986 52.058843
651 1444832150.305489 -0.137329 0.010986 51.970952
652 1444832150.316162 -0.049439 0.010986 51.970952
653 1444832150.326457 -0.137329 0.010986 52.058843
654 1444832150.336020 -0.049439 0.010986 51.970952
655 1444832150.346007 -0.137329 0.010986 52.058843
656 1444832150.356098 -0.049439 0.010986 51.970952
657 1444832150.366413 -0.049439 0.010986 51.970952
658 1444832150.376361 -0.049439 0.010986 51.970952
659 1444832150.386445 -0.049439 0.010986 51.970952
660 1444832150.396566 -0.049439 0.010986 51.970952
661 1444832150.406660 -0.137329 0.010986 51.970952
662 1444832150.416813 -0.137329 0.098877 51.970952
663 1444832150.427087 -0.137329 0.010986 51.970952
664 1444832150.437339 -0.137329 0.098877 51.970952
665 1444832150.447571 -0.049439 0.098877 52.058843
666 1444832150.457606 -0.137329 0.098877 51.970952
667 1444832150.468097 -0.049439 0.010986 51.970952
668 1444832150.477524 -0.049439 0.098877 51.970952
669 1444832150.488173 -0.137329 0.010986 51.970952
670 1444832150.498198 -0.137329 0.010986 51.970952
671 1444832150.508319 -0.049439 0.098877 51.970952
672 1444832150.515790 -0.137329 0.098877 51.970952
673 1444832150.526944 -0.049439 0.098877 51.970952
674 1444832150.538544 -0.137329 0.010986 51.970952
675 1444832150.548543 -0.049439 0.010986 51.970952
676 1444832150.555731 -0.049439 0.098877 51.970952
677 1444832150.565269 -0.137329 0.010986 51.970952
678 1444832150.575423 -0.137329 0.010986 51.970952
679 1444832150.585364 -0.137329 0.010986 51.970952
680 1444832150.595689 -0.049439 0.010986 51.970952
681 1444832150.610666 -0.137329 0.098877 51.970952
682 1444832150.620750 -0.137329 0.010986 51.970952
683 1444832150.630744 -0.049439 0.010986 51.970952
684 1444832150.641048 -0.049439 0.010986 51.970952
685 1444832150.651624 -0.137329 0.010986 51.970952
686 1444832150.661628 -0.137329 0.010986 51.970952
687 1444832150.671723 -0.137329 0.010986 51.970952
688 1444832150.681609 -0.137329 0.010986 51.970952
689 1444832150.691905 -0.049439 0.010986 51.970952
690 1444832150.701785 -0.049439 0.010986 51.970952
691 1444832150.712000 -0.137329 0.010986 52.058843
692 1444832150.721913 -0.049439 0.010986 51.970952
693 1444832150.732058 -0.137329 0.010986 51.970952
694 1444832150.742239 -0.049439 0.098877 51.970952
695 1444832150.752293 -0.137329 0.010986 51.970952
696 1444832150.762498 -0.137329 0.010986 51.970952
697 1444832150.772457 -0.049439 0.010986 51.970952
698 1444832150.782548 -0.049439 0.098877 51.970952
699 1444832150.792675 -0.137329 0.010986 51.970952
700 1444832150.802930 -0.137329 0.098877 51.970952
701 1444832150.813069 -0.137329 0.010986 51.970952
702 1444832150.817991 -0.049439 0.010986 51.970952
703 1444832150.833233 -0.049439 0.098877 51.970952
704 1444832150.838417 -0.049439 0.098877 51.970952
705 1444832150.848397 -0.049439 0.010986 52.058843
706 1444832150.858722 -0.049439 0.010986 51.970952
707 1444832150.868819 -0.137329 0.010986 51.970952
708 1444832150.875304 -0.049439 0.010986 51.970952
709 1444832150.888997 -0.049439 0.010986 51.970952
710 1444832150.900558 -0.049439 0.010986 51.970952
711 1444832150.910522 -0.049439 0.010986 51.970952
712 1444832150.920580 -0.137329 0.010986 51.970952
713 1444832150.930745 -0.137329 0.098877 51.970952
714 1444832150.941158 -0.137329 0.098877 51.970952
715 1444832150.951435 -0.137329 0.010986 51.970952
716 1444832150.961427 -0.137329 0.098877 51.970952
717 1444832150.971469 -0.137329 0.010986 51.970952
718 1444832150.981410 -0.137329 0.010986 51.970952
719 1444832150.992216 -0.137329 0.010986 51.970952
720 1444832151.002472 -0.049439 0.010986 51.970952
721 1444832151.012813 -0.137329 0.010986 52.058843
722 1444832151.022878 -0.049439 0.010986 51.970952
723 1444832151.032982 -0.137329 0.010986 51.970952
724 1444832151.043107 -0.049439 0.010986 51.970952
725 1444832151.053210 -0.137329 0.010986 51.970952
726 1444832151.063496 -0.137329 0.010986 51.970952
727 1444832151.073393 -0.137329 0.010986 51.970952
728 1444832151.083619 -0.137329 0.010986 51.970952
729 1444832151.093732 -0.137329 0.010986 51.970952
730 1444832151.103822 -0.049439 0.010986 51.970952
731 1444832151.113897 -0.049439 0.010986 51.970952
732 1444832151.120759 -0.137329 0.010986 51.970952
733 1444832151.135350 -0.137329 0.010986 51.970952
734 1444832151.145363 -0.137329 0.010986 51.970952
735 1444832151.155532 -0.137329 0.010986 51.970952
736 1444832151.160896 -0.137329 0.010986 51.970952
737 1444832151.171365 -0.137329 0.010986 52.058843
738 1444832151.185760 -0.049439 0.010986 51.970952
739 1444832151.195813 -0.137329 0.010986 51.970952
740 1444832151.205750 -0.049439 0.010986 52.058843
741 1444832151.215944 -0.049439 0.010986 51.970952
742 1444832151.225907 -0.137329 0.010986 51.970952
743 1444832151.232310 -0.137329 0.098877 51.970952
744 1444832151.241898 -0.049439 0.010986 51.970952
745 1444832151.251780 -0.137329 0.010986 51.970952
746 1444832151.261940 -0.137329 0.010986 51.970952
747 1444832151.272532 -0.137329 0.010986 51.970952
748 1444832151.282305 -0.049439 0.010986 51.970952
749 1444832151.292195 -0.137329 0.010986 51.970952
750 1444832151.302459 -0.049439 0.010986 51.970952
751 1444832151.312514 -0.137329 0.010986 51.970952
752 1444832151.323608 -0.049439 0.010986 51.970952
753 1444832151.332912 -0.049439 0.010986 51.970952
754 1444832151.343098 -0.137329 0.010986 51.970952
755 1444832151.353076 -0.049439 0.010986 51.970952
756 1444832151.363510 -0.137329 0.010986 51.970952
757 1444832151.375400 -0.137329 0.010986 51.970952
758 1444832151.383605 -0.049439 0.010986 51.970952
759 1444832151.393690 -0.137329 0.010986 51.970952
760 1444832151.403791 -0.049439 0.010986 51.970952
761 1444832151.415612 -0.049439 0.010986 52.058843
762 1444832151.420932 -0.137329 0.010986 51.970952
763 1444832151.430532 -0.049439 0.010986 51.970952
764 1444832151.440685 -0.137329 0.010986 51.970952
765 1444832151.450691 -0.137329 0.010986 51.970952
766 1444832151.465352 -0.049439 0.010986 51.970952
767 1444832151.471486 -0.137329 0.010986 51.970952
768 1444832151.481468 -0.137329 0.010986 51.970952
769 1444832151.495234 -0.137329 0.010986 51.970952
770 1444832151.505352 -0.137329 0.010986 51.970952
771 1444832151.515910 -0.137329 0.010986 51.970952
772 1444832151.527102 -0.137329 0.010986 51.970952
773 1444832151.537377 -0.137329 0.010986 51.970952
774 1444832151.547613 -0.137329 0.010986 51.970952
775 1444832151.557594 -0.137329 0.010986 51.970952
776 1444832151.567666 -0.049439 0.010986 51.970952
777 1444832151.577808 -0.137329 0.010986 51.970952
778 1444832151.588095 -0.137329 0.010986 51.970952
779 1444832151.598170 -0.049439 0.010986 51.970952
780 1444832151.608303 -0.137329 0.010986 51.970952
781 1444832151.615481 -0.049439 0.010986 52.058843
782 1444832151.625591 -0.137329 0.010986 51.970952
783 1444832151.633759 -0.049439 0.010986 51.970952
784 1444832151.645518 -0.137329 0.010986 52.058843
785 1444832151.655612 -0.137329 0.010986 51.970952
786 1444832151.666197 -0.137329 0.010986 51.970952
787 1444832151.676076 -0.049439 0.010986 51.970952
788 1444832151.685453 -0.137329 0.010986 51.970952
789 1444832151.695419 -0.137329 0.010986 51.970952
790 1444832151.705647 -0.049439 0.010986 51.970952
791 1444832151.716154 -0.137329 0.010986 51.970952
792 1444832151.726661 -0.137329 0.010986 52.058843
793 1444832151.735951 -0.137329 0.010986 51.970952
794 1444832151.746330 -0.137329 0.010986 51.970952
795 1444832151.756047 -0.137329 0.010986 51.970952
796 1444832151.766927 -0.049439 0.010986 51.970952
797 1444832151.776824 -0.137329 0.010986 51.970952
798 1444832151.786549 -0.137329 0.010986 51.970952
799 1444832151.796670 -0.137329 0.010986 51.970952
800 1444832151.806874 -0.137329 0.010986 51.970952
801 1444832151.817065 -0.137329 0.010986 51.970952
802 1444832151.827056 -0.137329 0.010986 51.970952
803 1444832151.837232 -0.137329 0.010986 51.970952
804 1444832151.847413 -0.137329 0.010986 51.970952
805 1444832151.857368 -0.137329 0.010986 51.970952
806 1444832151.867352 -0.137329 0.010986 51.970952
807 1444832151.877590 -0.049439 0.010986 51.970952
808 1444832151.887639 -0.137329 0.010986 51.970952
809 1444832151.898581 -0.137329 0.010986 51.970952
810 1444832151.908713 -0.049439 0.010986 51.970952
811 1444832151.918792 -0.137329 0.010986 52.058843
812 1444832151.926289 -0.137329 0.010986 51.970952
813 1444832151.939121 -0.137329 0.010986 51.970952
814 1444832151.950454 -0.049439 0.010986 51.970952
815 1444832151.960464 -0.137329 0.010986 51.970952
816 1444832151.970707 -0.137329 0.010986 51.970952
817 1444832151.980239 -0.137329 0.010986 51.970952
818 1444832151.990579 -0.137329 0.010986 51.970952
819 1444832152.000679 -0.137329 0.010986 51.970952
820 1444832152.010933 -0.049439 0.010986 51.970952
821 1444832152.020524 -0.137329 0.010986 51.970952
822 1444832152.031256 -0.137329 0.010986 51.970952
823 1444832152.035817 -0.137329 0.010986 51.970952
824 1444832152.045912 -0.137329 0.010986 51.970952
825 1444832152.059692 -0.137329 0.010986 51.970952
826 1444832152.071548 -0.137329 0.010986 51.970952
827 1444832152.081703 -0.137329 0.010986 51.970952
828 1444832152.091888 -0.137329 0.010986 51.970952
829 1444832152.101939 -0.049439 0.010986 51.970952
830 1444832152.112054 -0.137329 0.010986 51.970952
831 1444832152.116995 -0.137329 0.010986 51.970952
832 1444832152.132216 -0.137329 0.010986 51.970952
833 1444832152.137162 -0.137329 0.010986 51.970952
834 1444832152.147432 -0.137329 0.010986 51.970952
835 1444832152.157600 -0.049439 0.010986 51.970952
836 1444832152.167948 -0.137329 0.010986 52.058843
837 1444832152.178066 -0.137329 0.010986 51.970952
838 1444832152.188253 -0.137329 0.010986 51.970952
839 1444832152.198366 -0.137329 0.010986 51.970952
