20908 1444995704.545866 -1.929199 -28.301147 -127.656128 -1.43042 -2.53067 -0.132782
20909 1444995704.555931 -1.889008 -28.257874 -127.656128 -1.43042 -2.526886 -0.128143
20910 1444995704.565994 -2.009583 -28.387695 -127.543457 -1.429474 -2.528778 -0.128723
20911 1444995704.576056 -1.848816 -28.171326 -127.656128 -1.429474 -2.528778 -0.133942
20912 1444995704.586119 -1.889008 -28.2146 -127.543457 -1.429474 -2.53067 -0.128723
20913 1444995704.596184 -2.009583 -28.257874 -127.487122 -1.428528 -2.531616 -0.125824
20914 1444995704.606324 -2.009583 -28.257874 -127.487122 -1.428528 -2.528778 -0.129303
20915 1444995704.616386 -1.969391 -28.301147 -127.656128 -1.43042 -2.531616 -0.128723
20916 1444995704.626591 -2.009583 -28.387695 -127.656128 -1.431366 -2.528778 -0.126404
20917 1444995704.636873 -1.969391 -28.257874 -127.599792 -1.429474 -2.528778 -0.126984
20918 1444995704.647160 -1.969391 -28.301147 -127.543457 -1.431366 -2.531616 -0.134521
20919 1444995704.657866 -1.929199 -28.171326 -127.599792 -1.428528 -2.528778 -0.129883
20920 1444995704.667928 -1.929199 -28.257874 -127.543457 -1.43042 -2.53067 -0.129303
20921 1444995704.677990 -1.929199 -28.301147 -127.543457 -1.43042 -2.529724 -0.128143
20922 1444995704.688052 -2.089966 -28.171326 -127.656128 -1.43042 -2.53067 -0.132202
20923 1444995704.698116 -1.929199 -28.257874 -127.712463 -1.43042 -2.529724 -0.131622
20924 1444995704.708179 -2.049774 -28.257874 -127.543457 -1.429474 -2.528778 -0.133362
20925 1444995704.718274 -2.089966 -28.301147 -127.543457 -1.431366 -2.527832 -0.128723
20926 1444995704.728403 -1.929199 -28.257874 -127.599792 -1.429474 -2.527832 -0.131622
20927 1444995704.738500 -1.929199 -28.301147 -127.656128 -1.43042 -2.527832 -0.129303
20928 1444995704.748599 -1.929199 -28.2146 -127.543457 -1.429474 -2.528778 -0.128143
20929 1444995704.758651 -1.929199 -28.2146 -127.543457 -1.429474 -2.52594 -0.126984
20930 1444995704.768713 -2.009583 -28.344421 -127.599792 -1.428528 -2.52594 -0.129303
20931 1444995704.778785 -1.848816 -28.257874 -127.599792 -1.429474 -2.528778 -0.128143
20932 1444995704.788853 -1.929199 -28.2146 -127.656128 -1.429474 -2.52594 -0.129303
20933 1444995704.798917 -2.049774 -28.171326 -127.599792 -1.428528 -2.527832 -0.128143
20934 1444995704.808981 -1.969391 -28.344421 -127.599792 -1.428528 -2.529724 -0.129883
20935 1444995704.819043 -1.969391 -28.257874 -127.487122 -1.43042 -2.528778 -0.128723
20936 1444995704.829101 -2.009583 -28.301147 -127.487122 -1.43042 -2.529724 -0.133362
20937 1444995704.839125 -2.009583 -28.2146 -127.543457 -1.429474 -2.53067 -0.130463
20938 1444995704.849216 -1.889008 -28.344421 -127.599792 -1.43042 -2.532562 -0.129303
20939 1444995704.859282 -1.929199 -28.2146 -127.599792 -1.429474 -2.53067 -0.131042
20940 1444995704.869352 -2.009583 -28.2146 -127.430786 -1.429474 -2.531616 -0.131042
20941 1444995704.879415 -1.969391 -28.344421 -127.599792 -1.431366 -2.531616 -0.126404
20942 1444995704.889477 -2.049774 -28.257874 -127.656128 -1.431366 -2.53067 -0.133362
20943 1444995704.899541 -1.969391 -28.2146 -127.487122 -1.43042 -2.526886 -0.128143
20944 1444995704.909610 -1.969391 -28.301147 -127.487122 -1.429474 -2.528778 -0.129303
20945 1444995704.919673 -2.009583 -28.171326 -127.487122 -1.429474 -2.53067 -0.126404
20946 1444995704.929737 -1.889008 -28.257874 -127.599792 -1.429474 -2.53067 -0.128143
20947 1444995704.939860 -1.929199 -28.2146 -127.543457 -1.428528 -2.531616 -0.133362
20948 1444995704.950052 -1.969391 -28.301147 -127.543457 -1.429474 -2.528778 -0.126984
20949 1444995704.960115 -1.969391 -28.171326 -127.487122 -1.429474 -2.528778 -0.131042
20950 1444995704.970177 -2.049774 -28.344421 -127.543457 -1.43042 -2.53067 -0.129303
20951 1444995704.980240 -2.049774 -28.257874 -127.487122 -1.428528 -2.528778 -0.131622
20952 1444995704.990321 -1.969391 -28.257874 -127.656128 -1.428528 -2.528778 -0.129303
20953 1444995705.000374 -2.009583 -28.301147 -127.599792 -1.43042 -2.528778 -0.126984
20954 1444995705.010435 -1.929199 -28.257874 -127.656128 -1.43042 -2.529724 -0.129883
20955 1444995705.020498 -2.049774 -28.128052 -127.656128 -1.428528 -2.529724 -0.131042
20956 1444995705.030561 -1.848816 -28.301147 -127.487122 -1.429474 -2.53067 -0.129303
20957 1444995705.040639 -1.929199 -28.2146 -127.599792 -1.43042 -2.527832 -0.128143
20958 1444995705.050703 -1.929199 -28.344421 -127.656128 -1.432312 -2.531616 -0.129883
20959 1444995705.060795 -1.889008 -28.344421 -127.712463 -1.43042 -2.532562 -0.128143
20960 1444995705.070818 -1.848816 -28.257874 -127.543457 -1.43042 -2.533508 -0.129303
20961 1444995705.080876 -2.009583 -28.257874 -127.543457 -1.429474 -2.532562 -0.128723
20962 1444995705.090973 -1.969391 -28.2146 -127.656128 -1.428528 -2.529724 -0.132782
20963 1444995705.101006 -2.009583 -28.2146 -127.599792 -1.429474 -2.528778 -0.130463
20964 1444995705.111072 -1.929199 -28.257874 -127.599792 -1.429474 -2.529724 -0.131622
20965 1444995705.121132 -1.848816 -28.301147 -127.656128 -1.43042 -2.53067 -0.132782
20966 1444995705.131199 -2.009583 -28.257874 -127.487122 -1.428528 -2.53067 -0.131622
20967 1444995705.141265 -2.089966 -28.301147 -127.487122 -1.43042 -2.53067 -0.132202
20968 1444995705.151338 -2.049774 -28.257874 -127.487122 -1.428528 -2.529724 -0.126984
20969 1444995705.161440 -1.848816 -28.257874 -127.487122 -1.43042 -2.53067 -0.130463
20970 1444995705.171503 -1.848816 -28.257874 -127.318115 -1.429474 -2.531616 -0.128143
20971 1444995705.181565 -1.969391 -28.2146 -127.487122 -1.429474 -2.529724 -0.131622
20972 1444995705.191637 -2.089966 -28.301147 -127.543457 -1.429474 -2.527832 -0.128723
20973 1444995705.201699 -2.049774 -28.344421 -127.599792 -1.43042 -2.529724 -0.128723
20974 1444995705.211762 -1.929199 -28.387695 -127.543457 -1.43042 -2.531616 -0.126404
20975 1444995705.221824 -2.009583 -28.257874 -127.599792 -1.429474 -2.53067 -0.125244
20976 1444995705.231884 -1.929199 -28.257874 -127.712463 -1.43042 -2.531616 -0.132202
20977 1444995705.241947 -2.009583 -28.257874 -127.599792 -1.429474 -2.529724 -0.132782
20978 1444995705.251998 -2.049774 -28.2146 -127.543457 -1.43042 -2.528778 -0.126984
20979 1444995705.262027 -1.848816 -28.301147 -127.487122 -1.429474 -2.53067 -0.129883
20980 1444995705.272089 -1.969391 -28.301147 -127.599792 -1.429474 -2.526886 -0.131042
20981 1444995705.282159 -1.929199 -28.2146 -127.543457 -1.429474 -2.527832 -0.133942
20982 1444995705.292223 -2.009583 -28.257874 -127.487122 -1.43042 -2.529724 -0.131622
20983 1444995705.302285 -1.889008 -28.257874 -127.599792 -1.43042 -2.528778 -0.129883
20984 1444995705.312374 -1.889008 -28.301147 -127.543457 -1.429474 -2.528778 -0.131042
20985 1444995705.322437 -2.009583 -28.2146 -127.599792 -1.429474 -2.528778 -0.128143
20986 1444995705.332499 -1.969391 -28.387695 -127.543457 -1.431366 -2.529724 -0.128723
20987 1444995705.342663 -1.969391 -28.344421 -127.599792 -1.429474 -2.531616 -0.130463
20988 1444995705.352749 -1.929199 -28.2146 -127.430786 -1.429474 -2.531616 -0.126984
20989 1444995705.362810 -2.009583 -28.301147 -127.543457 -1.429474 -2.528778 -0.129883
20990 1444995705.372870 -1.808624 -28.257874 -127.487122 -1.428528 -2.532562 -0.129303
20991 1444995705.382932 -2.009583 -28.301147 -127.656128 -1.43042 -2.53067 -0.128143
20992 1444995705.392995 -2.009583 -28.301147 -127.656128 -1.43042 -2.53067 -0.126404
20993 1444995705.403057 -2.049774 -28.2146 -127.487122 -1.429474 -2.529724 -0.128143
20994 1444995705.413120 -1.969391 -28.257874 -127.543457 -1.429474 -2.529724 -0.129303
20995 1444995705.423181 -2.089966 -28.301147 -127.487122 -1.43042 -2.53067 -0.126404
20996 1444995705.433243 -1.889008 -28.301147 -127.543457 -1.43042 -2.529724 -0.125824
20997 1444995705.443287 -2.009583 -28.257874 -127.543457 -1.429474 -2.531616 -0.127563
20998 1444995705.453397 -2.049774 -28.301147 -127.599792 -1.43042 -2.533508 -0.129303
20999 1444995705.463476 -2.009583 -28.301147 -127.656128 -1.429474 -2.532562 -0.128143
21000 1444995705.473537 -2.089966 -28.301147 -127.599792 -1.429474 -2.531616 -0.129883
21001 1444995705.483610 -1.929199 -28.2146 -127.543457 -1.428528 -2.532562 -0.125244
21002 1444995705.493671 -2.049774 -28.344421 -127.487122 -1.429474 -2.5354 -0.127563
21003 1444995705.503749 -1.929199 -28.2146 -127.599792 -1.428528 -2.531616 -0.127563
21004 1444995705.513810 -2.009583 -28.301147 -127.656128 -1.43042 -2.531616 -0.128143
21005 1444995705.523866 -1.889008 -28.171326 -127.599792 -1.43042 -2.532562 -0.131042
21006 1444995705.533929 -1.969391 -28.301147 -127.599792 -1.427582 -2.529724 -0.129303
21007 1444995705.544007 -2.089966 -28.344421 -127.599792 -1.433258 -2.529724 -0.126984
21008 1444995705.554070 -1.969391 -28.301147 -127.656128 -1.429474 -2.53067 -0.130463
21009 1444995705.564132 -1.969391 -28.344421 -127.656128 -1.429474 -2.53067 -0.129883
21010 1444995705.574266 -2.009583 -28.257874 -127.543457 -1.43042 -2.53067 -0.131042
21011 1444995705.584328 -1.929199 -28.344421 -127.712463 -1.43042 -2.529724 -0.128143
21012 1444995705.594408 -2.089966 -28.301147 -127.712463 -1.431366 -2.529724 -0.126984
21013 1444995705.604453 -2.009583 -28.257874 -127.543457 -1.43042 -2.53067 -0.130463
21014 1444995705.614516 -2.089966 -28.301147 -127.599792 -1.43042 -2.53067 -0.129303
21015 1444995705.624577 -2.009583 -28.257874 -127.599792 -1.43042 -2.529724 -0.129303
21016 1444995705.634640 -1.969391 -28.387695 -127.487122 -1.431366 -2.53067 -0.126404
21017 1444995705.644706 -2.009583 -28.2146 -127.543457 -1.429474 -2.532562 -0.124664
21018 1444995705.654768 -1.929199 -28.257874 -127.487122 -1.43042 -2.531616 -0.127563
21019 1444995705.664831 -2.009583 -28.344421 -127.543457 -1.43042 -2.532562 -0.127563
21020 1444995705.674893 -1.969391 -28.344421 -127.487122 -1.431366 -2.527832 -0.130463
21021 1444995705.684955 -2.009583 -28.387695 -127.599792 -1.431366 -2.528778 -0.127563
21022 1444995705.695019 -2.049774 -28.2146 -127.656128 -1.43042 -2.531616 -0.127563
21023 1444995705.705082 -1.848816 -28.257874 -127.599792 -1.429474 -2.532562 -0.127563
21024 1444995705.715152 -2.049774 -28.301147 -127.656128 -1.429474 -2.533508 -0.128723
21025 1444995705.725215 -1.929199 -28.2146 -127.599792 -1.431366 -2.531616 -0.127563
21026 1444995705.735300 -1.969391 -28.301147 -127.712463 -1.43042 -2.531616 -0.128723
21027 1444995705.745363 -2.009583 -28.301147 -127.487122 -1.43042 -2.532562 -0.129303
21028 1444995705.755451 -1.969391 -28.257874 -127.656128 -1.43042 -2.53067 -0.131622
21029 1444995705.765514 -1.929199 -28.2146 -127.656128 -1.429474 -2.531616 -0.130463
21030 1444995705.775716 -1.889008 -28.344421 -127.656128 -1.43042 -2.53067 -0.131042
21031 1444995705.786001 -2.089966 -28.2146 -127.656128 -1.429474 -2.531616 -0.128143
21032 1444995705.796016 -1.929199 -28.2146 -127.599792 -1.429474 -2.532562 -0.133362
21033 1444995705.806096 -2.009583 -28.171326 -127.768799 -1.429474 -2.533508 -0.129303
21034 1444995705.816159 -2.049774 -28.344421 -127.88147 -1.43042 -2.532562 -0.133362
21035 1444995705.826224 -1.969391 -28.2146 -127.825134 -1.429474 -2.532562 -0.129303
21036 1444995705.836299 -2.009583 -28.2146 -127.825134 -1.43042 -2.531616 -0.135681
21037 1444995705.846363 -1.929199 -28.257874 -127.656128 -1.429474 -2.533508 -0.129303
21038 1444995705.856427 -1.929199 -28.301147 -127.712463 -1.43042 -2.534454 -0.135101
21039 1444995705.866496 -1.929199 -28.257874 -127.712463 -1.43042 -2.53067 -0.129303
21040 1444995705.876559 -1.969391 -28.2146 -127.656128 -1.43042 -2.531616 -0.129303
21041 1444995705.886652 -1.969391 -28.257874 -127.825134 -1.431366 -2.531616 -0.129303
21042 1444995705.896715 -2.049774 -28.387695 -127.712463 -1.431366 -2.533508 -0.129883
21043 1444995705.906781 -1.929199 -28.257874 -127.599792 -1.429474 -2.532562 -0.129883
21044 1444995705.916813 -1.889008 -28.171326 -127.712463 -1.427582 -2.531616 -0.131622
21045 1444995705.926827 -1.969391 -28.344421 -127.768799 -1.431366 -2.533508 -0.132782
21046 1444995705.936893 -1.929199 -28.301147 -127.825134 -1.431366 -2.537292 -0.130463
21047 1444995705.946957 -1.969391 -28.257874 -127.768799 -1.431366 -2.532562 -0.130463
21048 1444995705.957020 -1.929199 -28.257874 -127.543457 -1.43042 -2.532562 -0.135101
21049 1444995705.967082 -1.969391 -28.257874 -127.656128 -1.429474 -2.53067 -0.131622
21050 1444995705.977146 -2.049774 -28.344421 -127.712463 -1.43042 -2.531616 -0.129883
21051 1444995705.987210 -2.049774 -28.2146 -127.768799 -1.429474 -2.529724 -0.131042
21052 1444995705.997308 -1.969391 -28.301147 -127.656128 -1.431366 -2.531616 -0.130463
21053 1444995706.007369 -1.969391 -28.257874 -127.599792 -1.43042 -2.533508 -0.127563
21054 1444995706.017432 -1.929199 -28.301147 -127.768799 -1.43042 -2.53067 -0.128723
21055 1444995706.027494 -1.848816 -28.171326 -127.768799 -1.429474 -2.5354 -0.129303
21056 1444995706.037609 -1.969391 -28.301147 -127.768799 -1.43042 -2.533508 -0.132782
21057 1444995706.047672 -1.969391 -28.344421 -127.768799 -1.431366 -2.532562 -0.132202
21058 1444995706.057694 -1.969391 -28.301147 -127.712463 -1.429474 -2.531616 -0.129883
21059 1444995706.067755 -1.929199 -28.257874 -127.599792 -1.429474 -2.532562 -0.129303
21060 1444995706.077818 -1.929199 -28.257874 -127.599792 -1.429474 -2.534454 -0.129883
21061 1444995706.087898 -2.009583 -28.257874 -127.712463 -1.43042 -2.533508 -0.129303
21062 1444995706.097960 -2.009583 -28.2146 -127.656128 -1.429474 -2.5354 -0.129883
21063 1444995706.108023 -2.089966 -28.2146 -127.825134 -1.43042 -2.531616 -0.131622
21064 1444995706.118086 -1.969391 -28.257874 -127.656128 -1.43042 -2.531616 -0.130463
21065 1444995706.128148 -1.929199 -28.301147 -127.712463 -1.43042 -2.533508 -0.129303
21066 1444995706.138296 -1.969391 -28.257874 -127.768799 -1.429474 -2.531616 -0.130463
21067 1444995706.148411 -2.089966 -28.2146 -127.656128 -1.43042 -2.531616 -0.133942
21068 1444995706.158483 -2.009583 -28.171326 -127.712463 -1.429474 -2.534454 -0.135101
21069 1444995706.168545 -2.009583 -28.344421 -127.656128 -1.429474 -2.532562 -0.130463
21070 1444995706.178588 -1.929199 -28.2146 -127.768799 -1.432312 -2.532562 -0.126984
21071 1444995706.188680 -1.889008 -28.2146 -127.768799 -1.43042 -2.533508 -0.135101
21072 1444995706.198744 -2.009583 -28.257874 -127.88147 -1.429474 -2.53067 -0.130463
21073 1444995706.208804 -2.009583 -28.2146 -127.656128 -1.431366 -2.533508 -0.129883
21074 1444995706.218865 -1.969391 -28.2146 -127.599792 -1.43042 -2.532562 -0.135101
21075 1444995706.228926 -2.130157 -28.257874 -127.768799 -1.429474 -2.532562 -0.131042
21076 1444995706.239012 -2.049774 -28.257874 -127.768799 -1.43042 -2.529724 -0.129883
21077 1444995706.249051 -2.009583 -28.387695 -127.768799 -1.431366 -2.529724 -0.130463
21078 1444995706.259113 -2.009583 -28.171326 -127.768799 -1.43042 -2.531616 -0.133362
21079 1444995706.269170 -2.089966 -28.301147 -127.656128 -1.431366 -2.532562 -0.129303
21080 1444995706.279234 -2.009583 -28.171326 -127.656128 -1.429474 -2.531616 -0.130463
21081 1444995706.289307 -2.089966 -28.257874 -127.599792 -1.429474 -2.533508 -0.133362
21082 1444995706.299370 -2.049774 -28.301147 -127.88147 -1.431366 -2.5354 -0.133942
21083 1444995706.309416 -1.969391 -28.2146 -127.88147 -1.43042 -2.5354 -0.134521
21084 1444995706.319498 -2.009583 -28.257874 -127.937805 -1.43042 -2.531616 -0.131042
21085 1444995706.329561 -2.049774 -28.387695 -127.768799 -1.43042 -2.534454 -0.134521
21086 1444995706.339652 -2.009583 -28.171326 -127.768799 -1.43042 -2.532562 -0.130463
21087 1444995706.349714 -2.009583 -28.344421 -127.88147 -1.431366 -2.533508 -0.132782
21088 1444995706.359779 -1.929199 -28.344421 -127.712463 -1.431366 -2.532562 -0.136841
21089 1444995706.369861 -2.049774 -28.128052 -127.712463 -1.428528 -2.531616 -0.134521
21090 1444995706.379926 -2.089966 -28.301147 -127.712463 -1.43042 -2.533508 -0.135681
21091 1444995706.390049 -2.089966 -28.171326 -127.768799 -1.429474 -2.532562 -0.132782
21092 1444995706.400158 -2.009583 -28.301147 -127.825134 -1.43042 -2.532562 -0.132202
21093 1444995706.410172 -1.929199 -28.344421 -127.825134 -1.431366 -2.534454 -0.14032
21094 1444995706.420246 -1.848816 -28.2146 -127.656128 -1.428528 -2.532562 -0.13974
21095 1444995706.430325 -1.929199 -28.257874 -127.712463 -1.428528 -2.533508 -0.131622
21096 1444995706.440392 -2.009583 -28.257874 -127.656128 -1.43042 -2.533508 -0.131622
21097 1444995706.450460 -1.969391 -28.301147 -127.825134 -1.429474 -2.532562 -0.132782
21098 1444995706.460523 -1.969391 -28.2146 -127.768799 -1.429474 -2.533508 -0.135681
21099 1444995706.470588 -1.969391 -28.257874 -127.712463 -1.429474 -2.531616 -0.134521
21100 1444995706.480652 -2.089966 -28.257874 -127.656128 -1.429474 -2.531616 -0.129303
21101 1444995706.490724 -2.009583 -28.257874 -127.656128 -1.429474 -2.533508 -0.131042
21102 1444995706.500803 -1.969391 -28.301147 -127.656128 -1.43042 -2.533508 -0.132782
21103 1444995706.510864 -1.889008 -28.301147 -127.656128 -1.431366 -2.5354 -0.134521
21104 1444995706.521054 -2.089966 -28.128052 -127.599792 -1.428528 -2.537292 -0.131622
21105 1444995706.531118 -2.089966 -28.2146 -127.825134 -1.43042 -2.534454 -0.135101
21106 1444995706.541191 -2.049774 -28.128052 -127.712463 -1.428528 -2.534454 -0.133942
21107 1444995706.551256 -2.009583 -28.301147 -127.656128 -1.43042 -2.5354 -0.135101
21108 1444995706.561322 -2.009583 -28.257874 -127.712463 -1.428528 -2.536346 -0.132782
21109 1444995706.571391 -2.049774 -28.171326 -127.825134 -1.429474 -2.536346 -0.134521
21110 1444995706.581477 -2.009583 -28.2146 -127.768799 -1.429474 -2.533508 -0.132202
21111 1444995706.591544 -1.929199 -28.257874 -127.88147 -1.43042 -2.5354 -0.133362
21112 1444995706.601587 -2.049774 -28.301147 -127.656128 -1.429474 -2.534454 -0.132202
21113 1444995706.611650 -2.170349 -28.301147 -127.768799 -1.433258 -2.532562 -0.132782
21114 1444995706.621726 -2.089966 -28.344421 -127.712463 -1.43042 -2.534454 -0.132202
21115 1444995706.631794 -2.130157 -28.257874 -127.768799 -1.43042 -2.537292 -0.131622
21116 1444995706.641857 -2.049774 -28.257874 -127.656128 -1.43042 -2.536346 -0.127563
21117 1444995706.651919 -2.170349 -28.344421 -127.656128 -1.431366 -2.534454 -0.135101
21118 1444995706.661982 -2.009583 -28.171326 -127.599792 -1.428528 -2.537292 -0.131622
21119 1444995706.672045 -2.049774 -28.171326 -127.712463 -1.429474 -2.5354 -0.134521
21120 1444995706.682132 -1.969391 -28.2146 -127.768799 -1.43042 -2.533508 -0.136261
21121 1444995706.692268 -1.969391 -28.257874 -127.825134 -1.43042 -2.538239 -0.136841
21122 1444995706.702351 -1.969391 -28.301147 -127.825134 -1.43042 -2.533508 -0.136841
21123 1444995706.712414 -1.969391 -28.128052 -127.768799 -1.428528 -2.536346 -0.135681
21124 1444995706.722478 -1.969391 -28.171326 -127.768799 -1.43042 -2.538239 -0.134521
21125 1444995706.732538 -1.969391 -28.2146 -127.712463 -1.429474 -2.534454 -0.133362
21126 1444995706.742602 -2.009583 -28.344421 -127.825134 -1.43042 -2.534454 -0.132782
21127 1444995706.752669 -1.929199 -28.257874 -127.656128 -1.429474 -2.537292 -0.131622
21128 1444995706.762734 -2.130157 -28.2146 -127.712463 -1.43042 -2.5354 -0.136841
21129 1444995706.772796 -1.969391 -28.257874 -127.825134 -1.43042 -2.5354 -0.133362
21130 1444995706.782859 -1.969391 -28.301147 -127.656128 -1.429474 -2.537292 -0.138
21131 1444995706.792950 -2.049774 -28.257874 -127.599792 -1.429474 -2.5354 -0.131622
21132 1444995706.803064 -1.889008 -28.171326 -127.88147 -1.43042 -2.537292 -0.135101
21133 1444995706.813139 -2.130157 -28.171326 -127.768799 -1.429474 -2.5354 -0.137421
21134 1444995706.823202 -1.969391 -28.257874 -127.768799 -1.428528 -2.532562 -0.136841
21135 1444995706.833264 -2.009583 -28.2146 -127.937805 -1.432312 -2.533508 -0.130463
21136 1444995706.843305 -2.009583 -28.257874 -127.825134 -1.43042 -2.532562 -0.131622
21137 1444995706.853382 -1.929199 -28.2146 -127.599792 -1.43042 -2.5354 -0.136261
21138 1444995706.863453 -1.969391 -28.2146 -127.825134 -1.429474 -2.537292 -0.136261
21139 1444995706.873515 -1.969391 -28.2146 -127.712463 -1.43042 -2.536346 -0.131622
21140 1444995706.883578 -1.969391 -28.171326 -127.656128 -1.429474 -2.536346 -0.136261
21141 1444995706.893680 -2.049774 -28.171326 -127.543457 -1.429474 -2.5354 -0.133362
21142 1444995706.903744 -2.049774 -28.301147 -127.768799 -1.429474 -2.5354 -0.133942
21143 1444995706.913814 -1.969391 -28.171326 -127.656128 -1.428528 -2.536346 -0.128723
21144 1444995706.923875 -2.089966 -28.257874 -127.656128 -1.428528 -2.536346 -0.135101
21145 1444995706.933959 -1.969391 -28.257874 -127.656128 -1.43042 -2.536346 -0.133362
21146 1444995706.944023 -1.929199 -28.257874 -127.825134 -1.429474 -2.537292 -0.132782
21147 1444995706.954075 -1.969391 -28.257874 -127.599792 -1.43042 -2.538239 -0.133362
21148 1444995706.964143 -1.969391 -28.171326 -127.656128 -1.427582 -2.536346 -0.133362
21149 1444995706.974203 -1.929199 -28.301147 -127.599792 -1.43042 -2.537292 -0.134521
21150 1444995706.984265 -2.009583 -28.257874 -127.599792 -1.429474 -2.536346 -0.132202
21151 1444995706.994328 -2.089966 -28.128052 -127.712463 -1.429474 -2.537292 -0.133362
21152 1444995707.004392 -1.969391 -28.2146 -127.768799 -1.43042 -2.537292 -0.130463
21153 1444995707.014454 -2.009583 -28.257874 -127.768799 -1.429474 -2.537292 -0.135101
21154 1444995707.024516 -1.969391 -28.171326 -127.656128 -1.429474 -2.538239 -0.132782
21155 1444995707.034633 -1.969391 -28.2146 -127.656128 -1.43042 -2.537292 -0.133942
21156 1444995707.044696 -2.089966 -28.344421 -127.712463 -1.43042 -2.5354 -0.132202
21157 1444995707.054759 -1.929199 -28.257874 -127.712463 -1.431366 -2.537292 -0.133362
21158 1444995707.064822 -1.969391 -28.301147 -127.937805 -1.429474 -2.537292 -0.135101
21159 1444995707.074890 -2.089966 -28.084778 -127.712463 -1.431366 -2.539185 -0.132202
21160 1444995707.084904 -1.929199 -28.171326 -127.768799 -1.429474 -2.537292 -0.134521
21161 1444995707.094965 -2.049774 -28.301147 -127.768799 -1.429474 -2.537292 -0.134521
21162 1444995707.105333 -1.969391 -28.2146 -127.712463 -1.43042 -2.537292 -0.136261
21163 1444995707.115467 -1.929199 -28.128052 -127.88147 -1.429474 -2.536346 -0.133942
21164 1444995707.125528 -2.049774 -28.430969 -127.768799 -1.43042 -2.5354 -0.132782
21165 1444995707.135590 -1.929199 -28.2146 -127.656128 -1.43042 -2.538239 -0.132782
21166 1444995707.145654 -2.009583 -28.257874 -127.712463 -1.428528 -2.540131 -0.132782
21167 1444995707.155739 -1.929199 -28.257874 -127.599792 -1.43042 -2.537292 -0.132782
21168 1444995707.165825 -2.089966 -28.257874 -127.656128 -1.429474 -2.539185 -0.132202
21169 1444995707.175881 -1.969391 -28.301147 -127.712463 -1.429474 -2.539185 -0.135101
21170 1444995707.185945 -2.049774 -28.257874 -127.656128 -1.431366 -2.538239 -0.135681
21171 1444995707.196010 -1.969391 -28.257874 -127.768799 -1.431366 -2.539185 -0.131042
21172 1444995707.206076 -1.969391 -28.301147 -127.768799 -1.428528 -2.5354 -0.134521
21173 1444995707.216142 -1.929199 -28.171326 -127.768799 -1.429474 -2.5354 -0.130463
21174 1444995707.226226 -2.049774 -28.257874 -127.712463 -1.43042 -2.536346 -0.133942
21175 1444995707.236396 -1.969391 -28.128052 -127.599792 -1.428528 -2.536346 -0.136261
21176 1444995707.246458 -1.969391 -28.128052 -127.599792 -1.429474 -2.537292 -0.134521
21177 1444995707.256522 -1.929199 -28.2146 -127.712463 -1.428528 -2.537292 -0.135101
21178 1444995707.266586 -2.089966 -28.257874 -127.712463 -1.429474 -2.538239 -0.133362
21179 1444995707.276648 -2.049774 -28.301147 -127.768799 -1.43042 -2.536346 -0.133942
21180 1444995707.286712 -2.089966 -28.2146 -127.712463 -1.43042 -2.536346 -0.137421
21181 1444995707.296784 -2.049774 -28.2146 -127.712463 -1.427582 -2.537292 -0.130463
21182 1444995707.306847 -2.009583 -28.171326 -127.656128 -1.429474 -2.5354 -0.130463
21183 1444995707.316909 -2.009583 -28.301147 -127.656128 -1.43042 -2.537292 -0.135101
21184 1444995707.327055 -1.889008 -28.301147 -127.712463 -1.43042 -2.5354 -0.136261
21185 1444995707.337107 -2.049774 -28.257874 -127.712463 -1.43042 -2.532562 -0.134521
21186 1444995707.347169 -2.089966 -28.257874 -127.543457 -1.429474 -2.537292 -0.132782
21187 1444995707.357231 -2.049774 -28.257874 -127.599792 -1.429474 -2.533508 -0.135681
21188 1444995707.367296 -1.969391 -28.2146 -127.543457 -1.428528 -2.536346 -0.133942
21189 1444995707.377358 -2.009583 -28.2146 -127.599792 -1.429474 -2.533508 -0.135101
21190 1444995707.387421 -2.130157 -28.257874 -127.88147 -1.431366 -2.534454 -0.132782
21191 1444995707.397487 -2.009583 -28.301147 -127.656128 -1.43042 -2.539185 -0.131042
21192 1444995707.407549 -2.170349 -28.171326 -127.599792 -1.429474 -2.538239 -0.136261
21193 1444995707.417612 -2.049774 -28.301147 -127.656128 -1.43042 -2.537292 -0.136261
21194 1444995707.427674 -2.170349 -28.128052 -127.599792 -1.43042 -2.539185 -0.135681
21195 1444995707.437754 -2.049774 -28.2146 -127.712463 -1.429474 -2.536346 -0.135101
21196 1444995707.447816 -2.049774 -28.2146 -127.599792 -1.429474 -2.538239 -0.129883
21197 1444995707.457880 -2.089966 -28.257874 -127.599792 -1.429474 -2.539185 -0.135681
21198 1444995707.467942 -1.969391 -28.171326 -127.768799 -1.427582 -2.5354 -0.138
21199 1444995707.478004 -2.049774 -28.257874 -127.656128 -1.43042 -2.534454 -0.132782
21200 1444995707.488067 -1.929199 -28.301147 -127.768799 -1.43042 -2.533508 -0.136261
21201 1444995707.498153 -2.009583 -28.171326 -127.712463 -1.429474 -2.534454 -0.135101
21202 1444995707.508214 -2.049774 -28.2146 -127.656128 -1.429474 -2.536346 -0.137421
21203 1444995707.518274 -1.969391 -28.301147 -127.712463 -1.429474 -2.5354 -0.13858
21204 1444995707.528339 -2.009583 -28.257874 -127.656128 -1.43042 -2.536346 -0.133362
21205 1444995707.538416 -1.969391 -28.344421 -127.656128 -1.429474 -2.534454 -0.133942
21206 1444995707.548479 -2.049774 -28.2146 -127.656128 -1.428528 -2.533508 -0.133942
21207 1444995707.558542 -2.009583 -28.171326 -127.656128 -1.43042 -2.537292 -0.132782
21208 1444995707.568605 -1.969391 -28.2146 -127.599792 -1.429474 -2.537292 -0.132782
21209 1444995707.578681 -1.929199 -28.2146 -127.656128 -1.428528 -2.537292 -0.135101
21210 1444995707.588729 -2.049774 -28.2146 -127.656128 -1.43042 -2.536346 -0.131622
21211 1444995707.598807 -2.009583 -28.171326 -127.825134 -1.429474 -2.5354 -0.136841
21212 1444995707.608870 -2.009583 -28.2146 -127.712463 -1.429474 -2.537292 -0.134521
21213 1444995707.618934 -2.009583 -28.2146 -127.656128 -1.431366 -2.536346 -0.135101
21214 1444995707.628995 -2.009583 -28.257874 -127.656128 -1.43042 -2.536346 -0.138
21215 1444995707.639057 -2.009583 -28.2146 -127.825134 -1.429474 -2.536346 -0.135681
21216 1444995707.649129 -2.009583 -28.257874 -127.712463 -1.429474 -2.537292 -0.135681
21217 1444995707.659171 -1.969391 -28.257874 -127.768799 -1.429474 -2.539185 -0.135101
21218 1444995707.669236 -1.969391 -28.301147 -127.768799 -1.43042 -2.538239 -0.135681
21219 1444995707.679299 -2.009583 -28.128052 -127.825134 -1.43042 -2.533508 -0.135681
21220 1444995707.689363 -1.848816 -28.301147 -127.768799 -1.43042 -2.533508 -0.136261
21221 1444995707.699428 -1.929199 -28.344421 -127.712463 -1.43042 -2.5354 -0.132202
21222 1444995707.709489 -2.049774 -28.2146 -127.825134 -1.43042 -2.536346 -0.135101
21223 1444995707.719554 -1.929199 -28.171326 -127.712463 -1.428528 -2.536346 -0.136261
21224 1444995707.729652 -2.130157 -28.301147 -127.656128 -1.43042 -2.537292 -0.134521
21225 1444995707.739686 -2.049774 -28.257874 -127.768799 -1.429474 -2.537292 -0.134521
21226 1444995707.749749 -2.049774 -28.2146 -127.712463 -1.43042 -2.541077 -0.138
21227 1444995707.759812 -2.049774 -28.128052 -127.88147 -1.428528 -2.540131 -0.135681
21228 1444995707.769878 -2.049774 -28.171326 -127.88147 -1.428528 -2.538239 -0.13974
21229 1444995707.779942 -1.969391 -28.2146 -127.543457 -1.428528 -2.537292 -0.133942
21230 1444995707.790004 -1.929199 -28.171326 -127.712463 -1.429474 -2.539185 -0.135681
21231 1444995707.800068 -2.009583 -28.171326 -127.825134 -1.427582 -2.539185 -0.135681
21232 1444995707.810127 -1.889008 -28.2146 -127.712463 -1.43042 -2.536346 -0.134521
21233 1444995707.820190 -1.929199 -28.301147 -127.825134 -1.43042 -2.537292 -0.14032
21234 1444995707.830252 -1.889008 -28.128052 -127.712463 -1.429474 -2.536346 -0.134521
21235 1444995707.840315 -1.969391 -28.171326 -127.825134 -1.428528 -2.534454 -0.137421
21236 1444995707.850354 -1.929199 -28.257874 -127.825134 -1.43042 -2.5354 -0.136261
21237 1444995707.860418 -2.009583 -28.344421 -127.768799 -1.431366 -2.539185 -0.134521
21238 1444995707.870481 -1.929199 -28.257874 -127.712463 -1.429474 -2.538239 -0.137421
21239 1444995707.880544 -2.009583 -28.2146 -127.712463 -1.429474 -2.536346 -0.138
21240 1444995707.890606 -1.929199 -28.171326 -127.712463 -1.428528 -2.537292 -0.133942
21241 1444995707.900673 -2.049774 -28.257874 -127.712463 -1.429474 -2.538239 -0.135101
21242 1444995707.910735 -2.009583 -28.257874 -127.768799 -1.43042 -2.539185 -0.13858
21243 1444995707.920798 -2.089966 -28.257874 -127.712463 -1.43042 -2.540131 -0.138
21244 1444995707.930859 -2.009583 -28.257874 -127.768799 -1.43042 -2.540131 -0.135681
21245 1444995707.940937 -1.889008 -28.171326 -127.712463 -1.43042 -2.537292 -0.135101
21246 1444995707.951007 -2.089966 -28.344421 -127.712463 -1.429474 -2.539185 -0.138
21247 1444995707.961077 -2.130157 -28.301147 -127.825134 -1.43042 -2.541077 -0.136261
21248 1444995707.971197 -2.089966 -28.128052 -127.825134 -1.429474 -2.541077 -0.138
21249 1444995707.981259 -2.009583 -28.2146 -127.599792 -1.429474 -2.542023 -0.13858
21250 1444995707.991393 -2.009583 -28.128052 -127.712463 -1.429474 -2.543915 -0.13858
21251 1444995708.001455 -2.210541 -28.171326 -127.656128 -1.429474 -2.539185 -0.137421
21252 1444995708.011519 -2.049774 -28.301147 -127.825134 -1.429474 -2.541077 -0.136261
21253 1444995708.021593 -2.049774 -28.2146 -127.88147 -1.43042 -2.541077 -0.13974
21254 1444995708.031690 -2.009583 -28.257874 -127.712463 -1.429474 -2.539185 -0.13858
21255 1444995708.041791 -2.049774 -28.2146 -127.656128 -1.429474 -2.541077 -0.135681
21256 1444995708.051907 -1.969391 -28.171326 -127.487122 -1.427582 -2.540131 -0.13916
21257 1444995708.062013 -2.049774 -28.2146 -127.599792 -1.429474 -2.541077 -0.13858
21258 1444995708.072097 -2.170349 -28.257874 -127.88147 -1.431366 -2.539185 -0.136261
21259 1444995708.082161 -2.049774 -28.387695 -127.712463 -1.43042 -2.542023 -0.13916
21260 1444995708.092230 -2.170349 -28.257874 -127.656128 -1.427582 -2.538239 -0.137421
21261 1444995708.102316 -2.130157 -28.2146 -127.768799 -1.43042 -2.539185 -0.132782
21262 1444995708.112380 -1.929199 -28.257874 -127.825134 -1.43042 -2.539185 -0.136841
21263 1444995708.122513 -2.049774 -28.171326 -127.768799 -1.428528 -2.540131 -0.13916
21264 1444995708.132601 -2.009583 -28.257874 -127.768799 -1.43042 -2.542023 -0.136261
21265 1444995708.142665 -2.170349 -28.301147 -127.712463 -1.429474 -2.537292 -0.133942
21266 1444995708.152727 -2.089966 -28.128052 -127.825134 -1.428528 -2.539185 -0.135101
21267 1444995708.162794 -1.929199 -28.128052 -127.712463 -1.429474 -2.538239 -0.137421
21268 1444995708.172856 -2.009583 -28.301147 -127.825134 -1.429474 -2.536346 -0.137421
21269 1444995708.182919 -1.929199 -28.128052 -127.712463 -1.429474 -2.541077 -0.14032
21270 1444995708.193012 -1.929199 -28.171326 -127.656128 -1.428528 -2.538239 -0.13974
21271 1444995708.203095 -1.969391 -28.2146 -127.825134 -1.429474 -2.534454 -0.138
21272 1444995708.213158 -1.929199 -28.128052 -127.825134 -1.43042 -2.536346 -0.135681
21273 1444995708.223222 -1.889008 -28.171326 -127.712463 -1.429474 -2.539185 -0.13858
21274 1444995708.233287 -2.049774 -28.2146 -127.768799 -1.429474 -2.539185 -0.14032
21275 1444995708.243376 -2.049774 -28.257874 -127.768799 -1.43042 -2.540131 -0.13916
21276 1444995708.253465 -1.929199 -28.171326 -127.656128 -1.429474 -2.541077 -0.138
21277 1444995708.263528 -1.929199 -28.2146 -127.768799 -1.429474 -2.540131 -0.144379
21278 1444995708.273590 -1.969391 -28.171326 -127.712463 -1.43042 -2.541077 -0.13916
21279 1444995708.283653 -2.049774 -28.257874 -127.768799 -1.429474 -2.542023 -0.14032
21280 1444995708.293760 -2.049774 -28.257874 -127.88147 -1.429474 -2.541077 -0.136261
21281 1444995708.303830 -1.929199 -28.171326 -127.599792 -1.428528 -2.542969 -0.1409
21282 1444995708.313894 -2.009583 -28.171326 -127.712463 -1.429474 -2.541077 -0.136261
21283 1444995708.323952 -1.969391 -28.128052 -127.768799 -1.428528 -2.541077 -0.13974
21284 1444995708.334018 -2.170349 -28.257874 -127.768799 -1.43042 -2.542023 -0.13916
21285 1444995708.344122 -1.969391 -28.171326 -127.825134 -1.429474 -2.539185 -0.136841
21286 1444995708.354186 -2.049774 -28.2146 -127.768799 -1.429474 -2.538239 -0.137421
21287 1444995708.364255 -2.049774 -28.171326 -127.88147 -1.429474 -2.543915 -0.1409
21288 1444995708.374298 -2.009583 -28.2146 -127.712463 -1.429474 -2.539185 -0.13916
21289 1444995708.384376 -2.009583 -28.171326 -127.825134 -1.429474 -2.539185 -0.137421
21290 1444995708.394473 -2.130157 -28.171326 -127.712463 -1.429474 -2.544861 -0.135681
21291 1444995708.404648 -2.009583 -28.257874 -127.768799 -1.429474 -2.542969 -0.13974
21292 1444995708.414662 -2.130157 -28.301147 -127.768799 -1.431366 -2.541077 -0.13974
21293 1444995708.424727 -2.089966 -28.171326 -127.768799 -1.428528 -2.539185 -0.13858
21294 1444995708.434847 -1.929199 -28.171326 -127.768799 -1.428528 -2.543915 -0.1409
21295 1444995708.444871 -2.089966 -28.257874 -127.712463 -1.43042 -2.542969 -0.13974
21296 1444995708.454961 -2.130157 -28.2146 -127.656128 -1.429474 -2.542023 -0.135101
21297 1444995708.465023 -2.009583 -28.301147 -127.825134 -1.429474 -2.542969 -0.136841
21298 1444995708.475087 -2.130157 -28.257874 -127.768799 -1.428528 -2.539185 -0.136841
21299 1444995708.485147 -2.089966 -28.2146 -127.768799 -1.429474 -2.542023 -0.138
21300 1444995708.495229 -2.089966 -28.301147 -127.712463 -1.43042 -2.542969 -0.138
21301 1444995708.505291 -1.969391 -28.301147 -127.88147 -1.429474 -2.542969 -0.13916
21302 1444995708.515366 -2.009583 -28.2146 -127.656128 -1.428528 -2.540131 -0.142059
21303 1444995708.525455 -2.049774 -28.171326 -127.656128 -1.427582 -2.542969 -0.13974
21304 1444995708.535518 -1.969391 -28.257874 -127.712463 -1.43042 -2.538239 -0.135681
21305 1444995708.545587 -1.929199 -28.171326 -127.88147 -1.429474 -2.541077 -0.13916
21306 1444995708.555650 -2.009583 -28.2146 -127.656128 -1.428528 -2.542023 -0.13916
21307 1444995708.565712 -2.009583 -28.257874 -127.768799 -1.43042 -2.542023 -0.138
21308 1444995708.575774 -2.089966 -28.301147 -127.88147 -1.43042 -2.541077 -0.136841
21309 1444995708.585849 -2.009583 -28.171326 -127.825134 -1.429474 -2.543915 -0.13916
21310 1444995708.595912 -2.089966 -28.2146 -127.825134 -1.428528 -2.541077 -0.14032
21311 1444995708.605980 -2.049774 -28.2146 -127.88147 -1.431366 -2.540131 -0.138
21312 1444995708.616059 -2.089966 -28.257874 -127.656128 -1.43042 -2.542969 -0.138
21313 1444995708.626147 -2.089966 -28.128052 -127.712463 -1.429474 -2.542023 -0.137421
21314 1444995708.636211 -2.009583 -28.2146 -127.656128 -1.429474 -2.542023 -0.141479
21315 1444995708.646274 -1.969391 -28.2146 -127.656128 -1.427582 -2.543915 -0.138
21316 1444995708.656335 -2.009583 -28.171326 -127.712463 -1.429474 -2.542969 -0.13858
21317 1444995708.666391 -2.009583 -28.2146 -127.712463 -1.43042 -2.542969 -0.142639
21318 1444995708.676455 -1.969391 -28.128052 -127.712463 -1.429474 -2.539185 -0.141479
21319 1444995708.686537 -2.009583 -28.2146 -127.768799 -1.428528 -2.539185 -0.136841
21320 1444995708.696601 -2.089966 -28.128052 -127.656128 -1.429474 -2.541077 -0.13858
21321 1444995708.706708 -2.049774 -28.301147 -127.712463 -1.429474 -2.544861 -0.14032
21322 1444995708.716774 -2.049774 -28.257874 -127.712463 -1.43042 -2.543915 -0.138
21323 1444995708.726840 -2.049774 -28.084778 -127.712463 -1.429474 -2.543915 -0.13858
21324 1444995708.736973 -2.130157 -28.344421 -127.712463 -1.429474 -2.543915 -0.14032
21325 1444995708.747053 -2.009583 -28.2146 -127.656128 -1.429474 -2.541077 -0.13858
21326 1444995708.757104 -2.049774 -28.171326 -127.656128 -1.429474 -2.540131 -0.13858
21327 1444995708.767166 -2.130157 -28.2146 -127.599792 -1.427582 -2.540131 -0.137421
21328 1444995708.777438 -2.009583 -28.2146 -127.656128 -1.429474 -2.543915 -0.14032
21329 1444995708.787608 -1.969391 -28.128052 -127.656128 -1.427582 -2.542969 -0.143219
21330 1444995708.797646 -2.049774 -28.2146 -127.712463 -1.428528 -2.542023 -0.138
21331 1444995708.807709 -2.089966 -28.257874 -127.656128 -1.429474 -2.539185 -0.13858
21332 1444995708.817770 -1.929199 -28.257874 -127.768799 -1.429474 -2.540131 -0.14032
21333 1444995708.827832 -2.049774 -28.257874 -127.712463 -1.429474 -2.541077 -0.1409
21334 1444995708.837898 -2.049774 -28.171326 -127.768799 -1.429474 -2.542969 -0.136841
21335 1444995708.847961 -1.929199 -28.128052 -127.712463 -1.428528 -2.543915 -0.13916
21336 1444995708.858022 -2.009583 -28.2146 -127.712463 -1.429474 -2.541077 -0.13916
21337 1444995708.868084 -2.130157 -28.2146 -127.768799 -1.429474 -2.541077 -0.135101
21338 1444995708.878147 -2.089966 -28.301147 -127.656128 -1.429474 -2.543915 -0.1409
21339 1444995708.888225 -2.049774 -28.171326 -127.768799 -1.429474 -2.542023 -0.142639
21340 1444995708.898288 -2.049774 -28.257874 -127.656128 -1.43042 -2.544861 -0.13858
21341 1444995708.908425 -1.969391 -28.2146 -127.599792 -1.427582 -2.544861 -0.13858
21342 1444995708.918481 -2.009583 -28.2146 -127.599792 -1.429474 -2.544861 -0.13974
21343 1444995708.928544 -1.969391 -28.128052 -127.656128 -1.428528 -2.540131 -0.136261
21344 1444995708.938604 -2.130157 -28.257874 -127.712463 -1.429474 -2.544861 -0.136841
21345 1444995708.948667 -1.969391 -28.2146 -127.712463 -1.431366 -2.545807 -0.14032
21346 1444995708.958730 -2.009583 -28.301147 -127.656128 -1.429474 -2.542969 -0.14032
21347 1444995708.968793 -2.049774 -28.257874 -127.768799 -1.428528 -2.540131 -0.1409
21348 1444995708.978855 -2.089966 -28.171326 -127.599792 -1.428528 -2.540131 -0.138
21349 1444995708.988923 -2.009583 -28.171326 -127.712463 -1.43042 -2.542023 -0.1409
21350 1444995708.998985 -2.089966 -28.344421 -127.712463 -1.43042 -2.540131 -0.137421
21351 1444995709.009047 -2.009583 -28.2146 -127.599792 -1.428528 -2.542969 -0.13858
21352 1444995709.019111 -1.889008 -28.2146 -127.656128 -1.429474 -2.542969 -0.14032
21353 1444995709.029174 -2.130157 -28.257874 -127.656128 -1.429474 -2.543915 -0.13916
21354 1444995709.039251 -2.089966 -28.2146 -127.712463 -1.43042 -2.541077 -0.136261
21355 1444995709.049312 -2.089966 -28.171326 -127.712463 -1.429474 -2.542969 -0.14032
21356 1444995709.059375 -2.049774 -28.301147 -127.656128 -1.429474 -2.542969 -0.14032
21357 1444995709.069439 -1.969391 -28.171326 -127.656128 -1.43042 -2.544861 -0.138
21358 1444995709.079502 -1.969391 -28.2146 -127.487122 -1.428528 -2.541077 -0.135101
21359 1444995709.089568 -1.969391 -28.171326 -127.712463 -1.429474 -2.544861 -0.133942
21360 1444995709.099630 -2.089966 -28.301147 -127.599792 -1.429474 -2.545807 -0.142059
21361 1444995709.109715 -2.049774 -28.2146 -127.712463 -1.43042 -2.542969 -0.14032
21362 1444995709.119779 -2.130157 -28.257874 -127.656128 -1.43042 -2.540131 -0.135681
21363 1444995709.129841 -1.969391 -28.2146 -127.599792 -1.43042 -2.540131 -0.138
21364 1444995709.139927 -2.210541 -28.257874 -127.599792 -1.431366 -2.545807 -0.133362
21365 1444995709.149989 -2.089966 -28.257874 -127.599792 -1.431366 -2.543915 -0.13916
21366 1444995709.160076 -2.049774 -28.301147 -127.768799 -1.43042 -2.541077 -0.142059
21367 1444995709.170145 -2.089966 -28.257874 -127.712463 -1.43042 -2.542023 -0.135101
21368 1444995709.180228 -2.009583 -28.128052 -127.599792 -1.428528 -2.542023 -0.13916
21369 1444995709.190323 -2.089966 -28.171326 -127.768799 -1.43042 -2.539185 -0.138
21370 1444995709.200415 -2.049774 -28.344421 -127.656128 -1.43042 -2.540131 -0.137421
21371 1444995709.210511 -1.969391 -28.344421 -127.656128 -1.43042 -2.541077 -0.136841
21372 1444995709.220578 -2.130157 -28.171326 -127.712463 -1.43042 -2.545807 -0.138
21373 1444995709.230642 -2.009583 -28.2146 -127.712463 -1.429474 -2.542969 -0.137421
21374 1444995709.240715 -1.969391 -28.301147 -127.599792 -1.429474 -2.542969 -0.135681
21375 1444995709.250796 -2.089966 -28.257874 -127.825134 -1.429474 -2.542023 -0.138
21376 1444995709.260894 -2.009583 -28.171326 -127.768799 -1.428528 -2.542969 -0.13974
21377 1444995709.270958 -2.089966 -28.257874 -127.825134 -1.43042 -2.541077 -0.13916
21378 1444995709.281023 -2.009583 -28.2146 -127.712463 -1.43042 -2.542969 -0.136841
21379 1444995709.291086 -2.049774 -28.2146 -127.712463 -1.428528 -2.542969 -0.142639
21380 1444995709.301169 -2.130157 -28.301147 -127.656128 -1.429474 -2.540131 -0.13858
21381 1444995709.311255 -2.049774 -28.257874 -127.656128 -1.43042 -2.543915 -0.136261
21382 1444995709.321303 -2.089966 -28.2146 -127.656128 -1.429474 -2.544861 -0.138
21383 1444995709.331382 -1.969391 -28.2146 -127.825134 -1.43042 -2.540131 -0.13974
21384 1444995709.341528 -2.089966 -28.2146 -127.768799 -1.43042 -2.540131 -0.13916
21385 1444995709.351591 -2.009583 -28.128052 -127.712463 -1.43042 -2.541077 -0.134521
21386 1444995709.361653 -1.889008 -28.2146 -127.712463 -1.429474 -2.543915 -0.138
21387 1444995709.371715 -2.089966 -28.257874 -127.712463 -1.431366 -2.540131 -0.136261
21388 1444995709.381777 -2.049774 -28.2146 -127.768799 -1.428528 -2.542969 -0.137421
21389 1444995709.391844 -2.009583 -28.171326 -127.656128 -1.43042 -2.544861 -0.136261
21390 1444995709.401906 -2.049774 -28.257874 -127.656128 -1.43042 -2.543915 -0.14032
21391 1444995709.411968 -2.049774 -28.171326 -127.656128 -1.43042 -2.542023 -0.137421
21392 1444995709.422040 -2.089966 -28.2146 -127.712463 -1.429474 -2.542023 -0.13916
21393 1444995709.432078 -2.130157 -28.257874 -127.768799 -1.429474 -2.541077 -0.14032
21394 1444995709.442145 -2.130157 -28.301147 -127.712463 -1.431366 -2.542969 -0.14032
21395 1444995709.452205 -1.969391 -28.2146 -127.656128 -1.429474 -2.541077 -0.13858
21396 1444995709.462271 -2.009583 -28.171326 -127.768799 -1.429474 -2.545807 -0.138
21397 1444995709.472369 -2.049774 -28.171326 -127.712463 -1.43042 -2.542023 -0.142059
21398 1444995709.482456 -2.089966 -28.2146 -127.712463 -1.428528 -2.543915 -0.13916
21399 1444995709.492557 -2.049774 -28.2146 -127.712463 -1.428528 -2.543915 -0.136261
21400 1444995709.502884 -2.130157 -28.2146 -127.768799 -1.429474 -2.544861 -0.143219
21401 1444995709.512990 -2.009583 -28.171326 -127.825134 -1.428528 -2.542969 -0.14032
21402 1444995709.523055 -1.929199 -28.171326 -127.712463 -1.429474 -2.542023 -0.14032
21403 1444995709.533120 -2.049774 -28.171326 -127.937805 -1.428528 -2.542969 -0.14032
21404 1444995709.543189 -2.009583 -28.257874 -127.768799 -1.431366 -2.541077 -0.13916
21405 1444995709.553254 -2.009583 -28.2146 -127.712463 -1.43042 -2.542023 -0.13858
21406 1444995709.563353 -2.049774 -28.128052 -127.825134 -1.427582 -2.540131 -0.141479
21407 1444995709.573422 -2.049774 -28.2146 -127.712463 -1.429474 -2.542023 -0.13916
21408 1444995709.583452 -2.009583 -28.171326 -127.825134 -1.429474 -2.543915 -0.141479
21409 1444995709.593529 -2.130157 -28.257874 -127.937805 -1.431366 -2.542023 -0.137421
21410 1444995709.603614 -2.049774 -28.128052 -127.712463 -1.428528 -2.542969 -0.13858
21411 1444995709.613702 -2.009583 -28.301147 -127.768799 -1.431366 -2.540131 -0.13974
21412 1444995709.623764 -2.089966 -28.2146 -127.768799 -1.429474 -2.542969 -0.138
21413 1444995709.633904 -1.889008 -28.2146 -127.768799 -1.43042 -2.540131 -0.13858
21414 1444995709.643981 -2.049774 -28.2146 -127.825134 -1.43042 -2.545807 -0.13974
21415 1444995709.654117 -1.929199 -28.2146 -127.599792 -1.429474 -2.543915 -0.138
21416 1444995709.664176 -2.009583 -28.2146 -127.656128 -1.429474 -2.542969 -0.141479
21417 1444995709.674237 -2.049774 -28.257874 -127.768799 -1.43042 -2.541077 -0.1409
21418 1444995709.684299 -2.009583 -28.2146 -127.768799 -1.429474 -2.541077 -0.1409
21419 1444995709.694372 -2.009583 -28.171326 -127.825134 -1.428528 -2.542023 -0.13916
21420 1444995709.704455 -2.049774 -28.257874 -127.768799 -1.431366 -2.542969 -0.141479
21421 1444995709.714573 -2.089966 -28.2146 -127.768799 -1.428528 -2.541077 -0.137421
21422 1444995709.724634 -1.969391 -28.257874 -127.712463 -1.431366 -2.543915 -0.134521
21423 1444995709.734697 -2.049774 -28.171326 -127.599792 -1.429474 -2.543915 -0.14032
21424 1444995709.744760 -1.889008 -28.171326 -127.656128 -1.428528 -2.542969 -0.143219
21425 1444995709.754823 -2.049774 -28.257874 -127.768799 -1.429474 -2.542023 -0.13974
21426 1444995709.764885 -2.009583 -28.128052 -127.825134 -1.428528 -2.541077 -0.13916
21427 1444995709.774950 -1.969391 -28.2146 -127.712463 -1.429474 -2.542969 -0.141479
21428 1444995709.785030 -1.969391 -28.2146 -127.825134 -1.428528 -2.544861 -0.141479
21429 1444995709.795094 -2.009583 -28.301147 -127.937805 -1.431366 -2.544861 -0.143219
21430 1444995709.805157 -1.969391 -28.171326 -127.88147 -1.428528 -2.544861 -0.143219
21431 1444995709.815219 -2.009583 -28.257874 -127.712463 -1.429474 -2.545807 -0.142059
21432 1444995709.825282 -2.049774 -28.128052 -127.88147 -1.428528 -2.543915 -0.142059
21433 1444995709.835392 -1.969391 -28.257874 -127.825134 -1.428528 -2.544861 -0.142639
21434 1444995709.845448 -2.009583 -28.257874 -127.825134 -1.428528 -2.545807 -0.142059
21435 1444995709.855512 -2.049774 -28.171326 -127.825134 -1.43042 -2.542969 -0.138
21436 1444995709.865609 -1.969391 -28.257874 -127.656128 -1.43042 -2.544861 -0.142059
21437 1444995709.875677 -1.969391 -28.257874 -127.656128 -1.429474 -2.542969 -0.144379
21438 1444995709.885758 -1.969391 -28.171326 -127.543457 -1.429474 -2.543915 -0.13974
21439 1444995709.895841 -2.009583 -28.171326 -127.768799 -1.429474 -2.545807 -0.138
21440 1444995709.905949 -2.009583 -28.344421 -127.825134 -1.431366 -2.542023 -0.142639
21441 1444995709.916017 -2.130157 -28.257874 -127.656128 -1.43042 -2.541077 -0.136841
21442 1444995709.926080 -2.049774 -28.2146 -127.656128 -1.429474 -2.542969 -0.14032
21443 1444995709.936154 -2.089966 -28.171326 -127.656128 -1.428528 -2.542969 -0.142059
21444 1444995709.946216 -1.969391 -28.171326 -127.712463 -1.429474 -2.544861 -0.141479
21445 1444995709.956282 -2.049774 -28.171326 -127.712463 -1.429474 -2.542969 -0.143799
21446 1444995709.966320 -1.969391 -28.257874 -127.656128 -1.429474 -2.544861 -0.142639
21447 1444995709.976382 -2.089966 -28.2146 -127.656128 -1.428528 -2.542969 -0.135101
21448 1444995709.986444 -1.969391 -28.2146 -127.712463 -1.428528 -2.546753 -0.1409
21449 1444995709.996506 -2.089966 -28.2146 -127.487122 -1.428528 -2.545807 -0.136261
21450 1444995710.006611 -2.049774 -28.2146 -127.543457 -1.429474 -2.546753 -0.136261
21451 1444995710.016677 -2.049774 -28.301147 -127.599792 -1.43042 -2.546753 -0.14032
21452 1444995710.026738 -2.009583 -28.2146 -127.712463 -1.429474 -2.543915 -0.14032
21453 1444995710.036801 -2.049774 -28.171326 -127.599792 -1.43042 -2.544861 -0.13916
21454 1444995710.046868 -2.130157 -28.301147 -127.599792 -1.429474 -2.546753 -0.13916
21455 1444995710.056929 -2.130157 -28.2146 -127.599792 -1.429474 -2.544861 -0.13974
21456 1444995710.066985 -2.049774 -28.301147 -127.656128 -1.428528 -2.546753 -0.1409
21457 1444995710.077047 -2.009583 -28.128052 -127.656128 -1.428528 -2.544861 -0.136841
21458 1444995710.087131 -2.009583 -28.257874 -127.656128 -1.428528 -2.544861 -0.13974
21459 1444995710.097192 -2.130157 -28.257874 -127.656128 -1.43042 -2.543915 -0.14032
21460 1444995710.107262 -2.089966 -28.171326 -127.656128 -1.428528 -2.543915 -0.13858
21461 1444995710.117325 -2.009583 -28.128052 -127.712463 -1.428528 -2.543915 -0.14032
21462 1444995710.127481 -2.130157 -28.257874 -127.712463 -1.431366 -2.543915 -0.13916
21463 1444995710.137545 -2.130157 -28.171326 -127.712463 -1.428528 -2.543915 -0.141479
21464 1444995710.147608 -2.089966 -28.301147 -127.656128 -1.43042 -2.546753 -0.138
21465 1444995710.157670 -2.130157 -28.171326 -127.599792 -1.429474 -2.546753 -0.138
21466 1444995710.167735 -2.049774 -28.171326 -127.487122 -1.429474 -2.546753 -0.1409
21467 1444995710.177797 -2.210541 -28.084778 -127.656128 -1.429474 -2.544861 -0.144379
21468 1444995710.187859 -2.049774 -28.084778 -127.599792 -1.429474 -2.544861 -0.1409
21469 1444995710.197922 -1.969391 -28.128052 -127.543457 -1.428528 -2.544861 -0.142059
21470 1444995710.208009 -2.049774 -28.171326 -127.599792 -1.429474 -2.545807 -0.142059
21471 1444995710.218073 -2.130157 -28.257874 -127.712463 -1.43042 -2.543915 -0.141479
21472 1444995710.228137 -1.929199 -28.257874 -127.768799 -1.429474 -2.542023 -0.146118
21473 1444995710.238200 -1.969391 -28.2146 -127.656128 -1.429474 -2.543915 -0.144379
21474 1444995710.248262 -1.929199 -28.171326 -127.599792 -1.428528 -2.545807 -0.142639
21475 1444995710.258324 -1.929199 -28.301147 -127.656128 -1.43042 -2.542969 -0.143219
21476 1444995710.268393 -2.009583 -28.171326 -127.712463 -1.428528 -2.541077 -0.142059
21477 1444995710.278455 -2.049774 -28.084778 -127.599792 -1.427582 -2.542969 -0.141479
21478 1444995710.288517 -2.009583 -28.128052 -127.599792 -1.429474 -2.542023 -0.143799
21479 1444995710.298580 -2.009583 -28.2146 -127.656128 -1.429474 -2.543915 -0.14032
21480 1444995710.308642 -2.049774 -28.257874 -127.543457 -1.43042 -2.546753 -0.1409
21481 1444995710.318721 -1.929199 -28.257874 -127.543457 -1.428528 -2.544861 -0.13916
21482 1444995710.328783 -2.089966 -28.2146 -127.599792 -1.43042 -2.544861 -0.1409
21483 1444995710.338846 -1.969391 -28.171326 -127.599792 -1.429474 -2.543915 -0.136841
21484 1444995710.348909 -1.929199 -28.2146 -127.768799 -1.43042 -2.544861 -0.142059
21485 1444995710.358971 -2.089966 -28.257874 -127.712463 -1.43042 -2.543915 -0.136261
21486 1444995710.369033 -2.089966 -28.171326 -127.599792 -1.429474 -2.546753 -0.13858
21487 1444995710.379096 -2.009583 -28.2146 -127.543457 -1.43042 -2.547699 -0.141479
21488 1444995710.389163 -2.049774 -28.171326 -127.599792 -1.428528 -2.549591 -0.142059
21489 1444995710.399226 -2.009583 -28.257874 -127.599792 -1.429474 -2.545807 -0.14032
21490 1444995710.409288 -2.049774 -28.171326 -127.656128 -1.428528 -2.542023 -0.13858
21491 1444995710.419350 -2.089966 -28.2146 -127.712463 -1.43042 -2.544861 -0.145538
21492 1444995710.429435 -2.009583 -28.2146 -127.712463 -1.43042 -2.543915 -0.143799
21493 1444995710.439497 -2.089966 -28.257874 -127.599792 -1.43042 -2.543915 -0.14032
21494 1444995710.449559 -2.049774 -28.257874 -127.712463 -1.431366 -2.545807 -0.142639
21495 1444995710.459622 -2.049774 -28.2146 -127.656128 -1.429474 -2.543915 -0.142639
21496 1444995710.469684 -2.089966 -28.2146 -127.768799 -1.429474 -2.542969 -0.1409
21497 1444995710.479746 -2.049774 -28.128052 -127.825134 -1.429474 -2.543915 -0.14032
21498 1444995710.489823 -2.049774 -28.2146 -127.656128 -1.429474 -2.545807 -0.13974
21499 1444995710.499886 -2.130157 -28.2146 -127.599792 -1.431366 -2.542023 -0.136261
21500 1444995710.509949 -2.009583 -28.257874 -127.656128 -1.429474 -2.546753 -0.13974
21501 1444995710.520010 -1.889008 -28.2146 -127.599792 -1.428528 -2.545807 -0.13916
21502 1444995710.530072 -2.049774 -28.128052 -127.656128 -1.43042 -2.542023 -0.14032
21503 1444995710.540141 -2.009583 -28.171326 -127.656128 -1.429474 -2.548645 -0.1409
21504 1444995710.550202 -2.009583 -28.171326 -127.599792 -1.428528 -2.542023 -0.13916
21505 1444995710.560263 -2.009583 -28.2146 -127.487122 -1.428528 -2.543915 -0.13974
21506 1444995710.570324 -2.009583 -28.2146 -127.543457 -1.428528 -2.543915 -0.138
21507 1444995710.580389 -2.089966 -28.171326 -127.656128 -1.43042 -2.543915 -0.138
21508 1444995710.590450 -2.009583 -28.2146 -127.599792 -1.43042 -2.546753 -0.143219
21509 1444995710.600535 -2.089966 -28.171326 -127.712463 -1.43042 -2.545807 -0.142059
21510 1444995710.610595 -2.009583 -28.171326 -127.599792 -1.429474 -2.545807 -0.1409
21511 1444995710.620657 -2.049774 -28.257874 -127.599792 -1.428528 -2.545807 -0.143219
21512 1444995710.630719 -2.009583 -28.2146 -127.712463 -1.428528 -2.545807 -0.142059
21513 1444995710.640801 -2.009583 -28.257874 -127.768799 -1.429474 -2.543915 -0.1409
21514 1444995710.650862 -1.889008 -28.171326 -127.656128 -1.431366 -2.543915 -0.143219
21515 1444995710.660925 -2.130157 -28.2146 -127.656128 -1.429474 -2.545807 -0.142639
21516 1444995710.670988 -2.009583 -28.128052 -127.656128 -1.429474 -2.545807 -0.14032
21517 1444995710.681050 -2.009583 -28.2146 -127.543457 -1.429474 -2.543915 -0.14032
21518 1444995710.691121 -1.969391 -28.128052 -127.543457 -1.428528 -2.544861 -0.13916
21519 1444995710.701183 -2.009583 -28.2146 -127.768799 -1.43042 -2.544861 -0.13974
21520 1444995710.711305 -1.929199 -28.171326 -127.599792 -1.429474 -2.546753 -0.142059
21521 1444995710.721374 -2.009583 -28.387695 -127.656128 -1.431366 -2.542969 -0.136841
21522 1444995710.731435 -2.170349 -28.171326 -127.712463 -1.431366 -2.544861 -0.138
21523 1444995710.741534 -2.049774 -28.257874 -127.656128 -1.43042 -2.544861 -0.136841
21524 1444995710.751596 -2.049774 -28.257874 -127.543457 -1.429474 -2.544861 -0.137421
21525 1444995710.761658 -2.009583 -28.344421 -127.656128 -1.431366 -2.543915 -0.136261
21526 1444995710.771705 -2.009583 -28.257874 -127.374451 -1.429474 -2.543915 -0.14032
21527 1444995710.781756 -2.009583 -28.301147 -127.543457 -1.431366 -2.547699 -0.136841
21528 1444995710.791830 -1.969391 -28.301147 -127.487122 -1.43042 -2.543915 -0.13916
21529 1444995710.801844 -1.969391 -28.344421 -127.430786 -1.432312 -2.544861 -0.13916
21530 1444995710.811906 -2.049774 -28.257874 -127.599792 -1.429474 -2.544861 -0.141479
21531 1444995710.822058 -1.929199 -28.171326 -127.487122 -1.428528 -2.544861 -0.143799
21532 1444995710.832123 -2.089966 -28.171326 -127.487122 -1.428528 -2.541077 -0.135681
21533 1444995710.842191 -2.009583 -28.171326 -127.656128 -1.428528 -2.543915 -0.147278
21534 1444995710.852264 -1.929199 -28.2146 -127.487122 -1.429474 -2.547699 -0.141479
21535 1444995710.862321 -1.929199 -28.128052 -127.543457 -1.428528 -2.545807 -0.137421
21536 1444995710.872383 -1.969391 -28.257874 -127.543457 -1.429474 -2.543915 -0.138
21537 1444995710.882445 -2.089966 -28.257874 -127.487122 -1.429474 -2.544861 -0.1409
21538 1444995710.892527 -2.009583 -28.171326 -127.599792 -1.428528 -2.542023 -0.142059
21539 1444995710.902590 -2.089966 -28.2146 -127.543457 -1.428528 -2.542969 -0.137421
21540 1444995710.912654 -2.049774 -28.257874 -127.487122 -1.429474 -2.544861 -0.13974
21541 1444995710.922723 -2.009583 -28.257874 -127.487122 -1.43042 -2.544861 -0.136261
21542 1444995710.932783 -2.130157 -28.301147 -127.487122 -1.43042 -2.545807 -0.135681
21543 1444995710.942847 -2.009583 -28.171326 -127.599792 -1.428528 -2.545807 -0.13916
21544 1444995710.952908 -2.170349 -28.2146 -127.487122 -1.428528 -2.547699 -0.141479
21545 1444995710.962969 -2.089966 -28.171326 -127.430786 -1.431366 -2.546753 -0.137421
21546 1444995710.973052 -1.969391 -28.257874 -127.543457 -1.429474 -2.546753 -0.136841
21547 1444995710.983092 -2.130157 -28.128052 -127.599792 -1.431366 -2.542969 -0.13858
21548 1444995710.993154 -2.009583 -28.257874 -127.599792 -1.428528 -2.546753 -0.142639
21549 1444995711.003216 -2.049774 -28.128052 -127.599792 -1.428528 -2.545807 -0.137421
21550 1444995711.013277 -2.130157 -28.2146 -127.599792 -1.43042 -2.542969 -0.14032
21551 1444995711.023344 -2.049774 -28.2146 -127.656128 -1.429474 -2.542023 -0.1409
21552 1444995711.033407 -2.089966 -28.2146 -127.599792 -1.429474 -2.543915 -0.141479
21553 1444995711.043481 -1.969391 -28.2146 -127.487122 -1.429474 -2.545807 -0.142059
21554 1444995711.053543 -2.009583 -28.2146 -127.599792 -1.43042 -2.545807 -0.141479
21555 1444995711.063606 -2.049774 -28.301147 -127.543457 -1.43042 -2.545807 -0.141479
21556 1444995711.073670 -2.130157 -28.301147 -127.599792 -1.429474 -2.543915 -0.142639
21557 1444995711.083737 -2.130157 -28.171326 -127.599792 -1.43042 -2.542969 -0.14032
21558 1444995711.093829 -2.049774 -28.171326 -127.543457 -1.429474 -2.544861 -0.141479
21559 1444995711.103902 -2.049774 -28.344421 -127.487122 -1.428528 -2.546753 -0.13858
21560 1444995711.113951 -2.009583 -28.128052 -127.712463 -1.427582 -2.542969 -0.13916
21561 1444995711.124014 -2.089966 -28.257874 -127.656128 -1.429474 -2.543915 -0.13858
21562 1444995711.134094 -2.170349 -28.257874 -127.487122 -1.429474 -2.542969 -0.13916
21563 1444995711.144178 -2.049774 -28.2146 -127.712463 -1.428528 -2.544861 -0.13974
21564 1444995711.154240 -1.969391 -28.171326 -127.599792 -1.428528 -2.545807 -0.13916
21565 1444995711.164303 -2.049774 -28.171326 -127.543457 -1.429474 -2.545807 -0.13858
21566 1444995711.174371 -2.089966 -28.2146 -127.543457 -1.429474 -2.547699 -0.141479
21567 1444995711.184446 -2.009583 -28.2146 -127.543457 -1.43042 -2.542969 -0.13916
21568 1444995711.194504 -2.009583 -28.257874 -127.599792 -1.429474 -2.542969 -0.143799
21569 1444995711.204646 -2.009583 -28.301147 -127.487122 -1.43042 -2.542023 -0.13858
21570 1444995711.214707 -1.969391 -28.171326 -127.487122 -1.431366 -2.544861 -0.142639
21571 1444995711.224770 -2.009583 -28.344421 -127.374451 -1.43042 -2.540131 -0.136261
21572 1444995711.234819 -1.889008 -28.387695 -127.543457 -1.429474 -2.541077 -0.136261
21573 1444995711.244894 -2.009583 -28.301147 -127.430786 -1.431366 -2.543915 -0.13858
21574 1444995711.254956 -2.009583 -28.2146 -127.430786 -1.428528 -2.544861 -0.13858
21575 1444995711.265018 -2.130157 -28.257874 -127.430786 -1.429474 -2.545807 -0.137421
21576 1444995711.275131 -2.170349 -28.171326 -127.318115 -1.429474 -2.546753 -0.137421
21577 1444995711.285192 -2.009583 -28.2146 -127.26178 -1.427582 -2.546753 -0.14032
21578 1444995711.295256 -2.009583 -28.301147 -127.430786 -1.429474 -2.544861 -0.138
21579 1444995711.305318 -2.089966 -28.2146 -127.599792 -1.43042 -2.546753 -0.13916
21580 1444995711.315381 -2.250732 -28.171326 -127.487122 -1.429474 -2.547699 -0.142639
21581 1444995711.325444 -2.009583 -28.2146 -127.487122 -1.428528 -2.548645 -0.14032
21582 1444995711.335507 -1.969391 -28.171326 -127.543457 -1.428528 -2.548645 -0.13858
21583 1444995711.345569 -2.049774 -28.2146 -127.656128 -1.43042 -2.544861 -0.144379
21584 1444995711.355635 -1.969391 -28.2146 -127.599792 -1.429474 -2.545807 -0.137421
21585 1444995711.365698 -2.009583 -28.2146 -127.487122 -1.428528 -2.545807 -0.141479
21586 1444995711.375759 -2.049774 -28.257874 -127.599792 -1.429474 -2.545807 -0.137421
21587 1444995711.385819 -2.170349 -28.128052 -127.599792 -1.428528 -2.546753 -0.13916
21588 1444995711.395882 -2.089966 -28.171326 -127.543457 -1.429474 -2.547699 -0.14032
21589 1444995711.405947 -2.130157 -28.2146 -127.656128 -1.429474 -2.550537 -0.143219
21590 1444995711.416009 -2.130157 -28.128052 -127.712463 -1.428528 -2.548645 -0.138
21591 1444995711.426044 -2.130157 -28.2146 -127.712463 -1.431366 -2.546753 -0.14032
21592 1444995711.436107 -2.089966 -28.301147 -127.487122 -1.43042 -2.547699 -0.13916
21593 1444995711.446170 -2.049774 -28.2146 -127.712463 -1.428528 -2.548645 -0.14032
21594 1444995711.456234 -2.049774 -28.084778 -127.825134 -1.428528 -2.547699 -0.142059
21595 1444995711.466294 -2.130157 -28.257874 -127.768799 -1.431366 -2.548645 -0.141479
21596 1444995711.476357 -2.089966 -28.2146 -127.712463 -1.429474 -2.546753 -0.1409
21597 1444995711.486420 -1.969391 -28.2146 -127.712463 -1.43042 -2.546753 -0.1409
21598 1444995711.496483 -1.969391 -28.171326 -127.768799 -1.428528 -2.545807 -0.143799
21599 1444995711.506546 -2.009583 -28.257874 -127.599792 -1.431366 -2.547699 -0.143219
21600 1444995711.516608 -2.009583 -28.301147 -127.768799 -1.431366 -2.547699 -0.141479
21601 1444995711.526672 -2.049774 -28.2146 -127.599792 -1.429474 -2.546753 -0.13858
21602 1444995711.536790 -2.049774 -28.2146 -127.712463 -1.43042 -2.547699 -0.14032
21603 1444995711.546852 -1.929199 -28.257874 -127.656128 -1.427582 -2.545807 -0.1409
21604 1444995711.556916 -2.130157 -28.344421 -127.768799 -1.431366 -2.546753 -0.13858
21605 1444995711.566988 -2.009583 -28.171326 -127.825134 -1.43042 -2.545807 -0.142639
21606 1444995711.577046 -1.969391 -28.2146 -127.88147 -1.429474 -2.546753 -0.142639
21607 1444995711.587134 -2.009583 -28.2146 -127.825134 -1.429474 -2.546753 -0.1409
21608 1444995711.597198 -2.009583 -28.171326 -127.768799 -1.428528 -2.545807 -0.1409
21609 1444995711.607262 -1.969391 -28.257874 -127.656128 -1.43042 -2.549591 -0.14032
21610 1444995711.617324 -1.969391 -28.2146 -127.712463 -1.429474 -2.547699 -0.143219
21611 1444995711.627385 -2.170349 -28.2146 -127.768799 -1.43042 -2.548645 -0.142059
21612 1444995711.637479 -2.049774 -28.257874 -127.825134 -1.43042 -2.546753 -0.142639
21613 1444995711.647549 -1.969391 -28.257874 -127.656128 -1.429474 -2.546753 -0.142059
21614 1444995711.657572 -2.130157 -28.2146 -127.712463 -1.429474 -2.547699 -0.14032
21615 1444995711.667634 -2.049774 -28.301147 -127.825134 -1.429474 -2.546753 -0.143219
21616 1444995711.677700 -1.969391 -28.171326 -127.712463 -1.429474 -2.547699 -0.13858
21617 1444995711.687763 -1.929199 -28.2146 -127.712463 -1.429474 -2.547699 -0.142059
21618 1444995711.697797 -1.929199 -28.2146 -127.656128 -1.429474 -2.543915 -0.1409
21619 1444995711.707869 -1.929199 -28.2146 -127.712463 -1.429474 -2.542969 -0.143219
21620 1444995711.717951 -2.009583 -28.2146 -127.712463 -1.43042 -2.544861 -0.141479
21621 1444995711.728025 -2.009583 -28.2146 -127.768799 -1.43042 -2.544861 -0.137421
21622 1444995711.738138 -2.049774 -28.128052 -127.768799 -1.431366 -2.544861 -0.138
21623 1444995711.748201 -1.929199 -28.171326 -127.712463 -1.429474 -2.548645 -0.144379
21624 1444995711.758240 -1.929199 -28.2146 -127.543457 -1.429474 -2.545807 -0.142059
21625 1444995711.768306 -1.969391 -28.2146 -127.768799 -1.43042 -2.542969 -0.138
21626 1444995711.778365 -1.969391 -28.257874 -127.712463 -1.429474 -2.544861 -0.141479
21627 1444995711.788432 -2.049774 -28.257874 -127.712463 -1.43042 -2.544861 -0.143799
21628 1444995711.798499 -1.969391 -28.2146 -127.712463 -1.43042 -2.542969 -0.143799
21629 1444995711.808574 -2.130157 -28.2146 -127.599792 -1.429474 -2.542969 -0.13916
21630 1444995711.818631 -2.049774 -28.301147 -127.599792 -1.43042 -2.543915 -0.13974
21631 1444995711.828697 -2.009583 -28.344421 -127.656128 -1.43042 -2.546753 -0.13974
21632 1444995711.838785 -2.089966 -28.171326 -127.599792 -1.429474 -2.546753 -0.142059
21633 1444995711.848848 -2.009583 -28.301147 -127.656128 -1.43042 -2.545807 -0.1409
21634 1444995711.858919 -2.009583 -28.257874 -127.599792 -1.429474 -2.544861 -0.13974
21635 1444995711.869013 -2.049774 -28.2146 -127.599792 -1.428528 -2.545807 -0.144379
21636 1444995711.879075 -2.009583 -28.128052 -127.599792 -1.428528 -2.546753 -0.142639
21637 1444995711.889158 -2.170349 -28.2146 -127.543457 -1.429474 -2.542969 -0.1409
21638 1444995711.899222 -2.009583 -28.2146 -127.768799 -1.429474 -2.543915 -0.14032
21639 1444995711.909285 -2.130157 -28.171326 -127.543457 -1.428528 -2.548645 -0.143219
21640 1444995711.919359 -1.969391 -28.2146 -127.543457 -1.427582 -2.542969 -0.1409
21641 1444995711.929427 -1.929199 -28.2146 -127.543457 -1.43042 -2.543915 -0.141479
21642 1444995711.939492 -2.009583 -28.301147 -127.599792 -1.429474 -2.544861 -0.142059
21643 1444995711.949574 -1.929199 -28.2146 -127.599792 -1.428528 -2.542969 -0.141479
21644 1444995711.959644 -2.009583 -28.257874 -127.543457 -1.429474 -2.543915 -0.136841
21645 1444995711.969707 -1.929199 -28.257874 -127.487122 -1.429474 -2.544861 -0.143799
21646 1444995711.979775 -1.929199 -28.301147 -127.656128 -1.43042 -2.542969 -0.144958
21647 1444995711.989836 -2.009583 -28.2146 -127.712463 -1.429474 -2.542969 -0.141479
21648 1444995711.999912 -2.130157 -28.2146 -127.656128 -1.429474 -2.544861 -0.143219
21649 1444995712.009986 -2.049774 -28.171326 -127.487122 -1.428528 -2.545807 -0.142639
21650 1444995712.020053 -2.009583 -28.2146 -127.543457 -1.429474 -2.546753 -0.14032
21651 1444995712.030116 -2.009583 -28.2146 -127.599792 -1.428528 -2.544861 -0.143219
21652 1444995712.040204 -2.009583 -28.2146 -127.543457 -1.429474 -2.543915 -0.141479
21653 1444995712.050266 -2.049774 -28.171326 -127.599792 -1.43042 -2.546753 -0.144379
21654 1444995712.060361 -1.969391 -28.128052 -127.599792 -1.428528 -2.545807 -0.142059
21655 1444995712.070443 -2.170349 -28.257874 -127.599792 -1.429474 -2.543915 -0.14032
21656 1444995712.080508 -2.089966 -28.2146 -127.599792 -1.428528 -2.544861 -0.144958
21657 1444995712.090571 -1.969391 -28.2146 -127.543457 -1.429474 -2.546753 -0.14032
21658 1444995712.100648 -1.969391 -28.171326 -127.543457 -1.429474 -2.547699 -0.144958
21659 1444995712.110712 -1.969391 -28.301147 -127.599792 -1.429474 -2.547699 -0.142059
21660 1444995712.120766 -2.049774 -28.2146 -127.599792 -1.429474 -2.545807 -0.143219
21661 1444995712.130829 -1.929199 -28.171326 -127.487122 -1.428528 -2.546753 -0.143799
21662 1444995712.140892 -2.009583 -28.2146 -127.599792 -1.429474 -2.543915 -0.142639
21663 1444995712.150955 -2.130157 -28.2146 -127.599792 -1.43042 -2.545807 -0.143799
21664 1444995712.161007 -2.009583 -28.2146 -127.656128 -1.428528 -2.547699 -0.141479
21665 1444995712.171079 -2.049774 -28.171326 -127.712463 -1.43042 -2.545807 -0.141479
21666 1444995712.181122 -2.049774 -28.2146 -127.599792 -1.429474 -2.548645 -0.143799
21667 1444995712.191202 -2.049774 -28.301147 -127.656128 -1.429474 -2.546753 -0.13858
21668 1444995712.201275 -2.049774 -28.128052 -127.599792 -1.427582 -2.548645 -0.147858
21669 1444995712.211374 -2.009583 -28.257874 -127.599792 -1.429474 -2.544861 -0.143799
21670 1444995712.221436 -2.130157 -28.257874 -127.768799 -1.431366 -2.545807 -0.144958
21671 1444995712.231499 -1.929199 -28.2146 -127.656128 -1.429474 -2.545807 -0.13916
21672 1444995712.241563 -2.089966 -28.257874 -127.599792 -1.427582 -2.547699 -0.144379
21673 1444995712.251648 -2.049774 -28.171326 -127.599792 -1.429474 -2.547699 -0.141479
21674 1444995712.261686 -2.089966 -28.257874 -127.768799 -1.43042 -2.547699 -0.142059
21675 1444995712.271746 -2.089966 -28.128052 -127.712463 -1.429474 -2.547699 -0.143799
21676 1444995712.281807 -2.049774 -28.128052 -127.825134 -1.429474 -2.546753 -0.144379
21677 1444995712.291875 -2.089966 -28.171326 -127.712463 -1.428528 -2.545807 -0.146698
21678 1444995712.301939 -2.049774 -28.128052 -127.599792 -1.43042 -2.549591 -0.1409
21679 1444995712.312007 -2.049774 -28.2146 -127.543457 -1.428528 -2.546753 -0.150177
21680 1444995712.322071 -1.969391 -28.171326 -127.487122 -1.429474 -2.545807 -0.143799
21681 1444995712.332140 -2.009583 -28.128052 -127.656128 -1.428528 -2.545807 -0.143799
21682 1444995712.342202 -1.889008 -28.171326 -127.656128 -1.429474 -2.547699 -0.142059
21683 1444995712.352266 -2.170349 -28.128052 -127.712463 -1.429474 -2.547699 -0.143219
21684 1444995712.362329 -2.130157 -28.2146 -127.656128 -1.43042 -2.547699 -0.14032
21685 1444995712.372398 -1.889008 -28.2146 -127.712463 -1.43042 -2.550537 -0.143219
21686 1444995712.382462 -1.969391 -28.2146 -127.599792 -1.429474 -2.544861 -0.142059
21687 1444995712.392537 -1.969391 -28.257874 -127.599792 -1.43042 -2.547699 -0.142639
21688 1444995712.402604 -2.009583 -28.128052 -127.712463 -1.43042 -2.544861 -0.142639
21689 1444995712.412679 -1.969391 -28.257874 -127.543457 -1.429474 -2.546753 -0.144958
21690 1444995712.422741 -1.969391 -28.171326 -127.768799 -1.429474 -2.546753 -0.145538
21691 1444995712.432801 -2.009583 -28.128052 -127.768799 -1.427582 -2.545807 -0.143799
21692 1444995712.442865 -2.049774 -28.301147 -127.656128 -1.429474 -2.545807 -0.142639
21693 1444995712.452927 -1.969391 -28.2146 -127.543457 -1.429474 -2.546753 -0.141479
21694 1444995712.462990 -2.009583 -28.2146 -127.599792 -1.427582 -2.548645 -0.142639
21695 1444995712.473102 -1.848816 -28.301147 -127.543457 -1.431366 -2.549591 -0.143219
21696 1444995712.483144 -2.049774 -28.257874 -127.656128 -1.429474 -2.549591 -0.13858
21697 1444995712.493189 -2.089966 -28.171326 -127.712463 -1.429474 -2.548645 -0.145538
21698 1444995712.503304 -2.049774 -28.171326 -127.656128 -1.428528 -2.547699 -0.142639
21699 1444995712.513376 -2.049774 -28.171326 -127.599792 -1.428528 -2.546753 -0.142639
21700 1444995712.523437 -1.969391 -28.171326 -127.656128 -1.429474 -2.545807 -0.142059
21701 1444995712.533502 -2.049774 -28.171326 -127.656128 -1.428528 -2.549591 -0.143799
21702 1444995712.543587 -2.009583 -28.171326 -127.656128 -1.431366 -2.549591 -0.144379
21703 1444995712.553651 -2.089966 -28.301147 -127.599792 -1.429474 -2.548645 -0.144958
21704 1444995712.563740 -2.089966 -28.2146 -127.656128 -1.429474 -2.547699 -0.144379
21705 1444995712.573803 -2.130157 -28.2146 -127.712463 -1.43042 -2.548645 -0.143799
21706 1444995712.583906 -2.009583 -28.171326 -127.768799 -1.429474 -2.550537 -0.14032
21707 1444995712.593970 -2.049774 -28.2146 -127.712463 -1.43042 -2.547699 -0.144958
21708 1444995712.604033 -2.009583 -28.2146 -127.656128 -1.431366 -2.546753 -0.13974
21709 1444995712.614095 -2.049774 -28.2146 -127.487122 -1.429474 -2.548645 -0.14032
21710 1444995712.624160 -2.089966 -28.171326 -127.599792 -1.43042 -2.549591 -0.144958
21711 1444995712.634227 -1.969391 -28.171326 -127.656128 -1.429474 -2.549591 -0.143219
21712 1444995712.644268 -2.049774 -28.257874 -127.656128 -1.428528 -2.547699 -0.145538
21713 1444995712.654340 -1.969391 -28.257874 -127.543457 -1.43042 -2.546753 -0.143219
21714 1444995712.664407 -2.049774 -28.128052 -127.599792 -1.428528 -2.547699 -0.144379
21715 1444995712.674438 -2.049774 -28.171326 -127.599792 -1.427582 -2.548645 -0.149017
21716 1444995712.684524 -2.089966 -28.2146 -127.656128 -1.429474 -2.547699 -0.13916
21717 1444995712.694573 -2.130157 -28.171326 -127.543457 -1.429474 -2.546753 -0.146698
21718 1444995712.704646 -2.049774 -28.257874 -127.487122 -1.43042 -2.547699 -0.142639
21719 1444995712.714708 -2.009583 -28.301147 -127.599792 -1.43042 -2.548645 -0.141479
21720 1444995712.724772 -1.969391 -28.128052 -127.487122 -1.43042 -2.547699 -0.143219
21721 1444995712.734846 -2.089966 -28.2146 -127.543457 -1.427582 -2.548645 -0.143799
21722 1444995712.744926 -1.969391 -28.171326 -127.543457 -1.429474 -2.547699 -0.1409
21723 1444995712.755041 -1.969391 -28.171326 -127.487122 -1.429474 -2.548645 -0.143799
21724 1444995712.765108 -1.969391 -28.128052 -127.543457 -1.429474 -2.544861 -0.144958
21725 1444995712.775168 -2.049774 -28.2146 -127.543457 -1.43042 -2.543915 -0.144958
21726 1444995712.785240 -2.049774 -28.171326 -127.599792 -1.43042 -2.545807 -0.14032
21727 1444995712.795302 -2.009583 -28.171326 -127.712463 -1.43042 -2.546753 -0.142639
21728 1444995712.805365 -2.089966 -28.171326 -127.487122 -1.429474 -2.545807 -0.146698
21729 1444995712.815428 -2.130157 -28.2146 -127.656128 -1.431366 -2.543915 -0.14032
21730 1444995712.825490 -2.049774 -28.257874 -127.487122 -1.431366 -2.547699 -0.142639
21731 1444995712.835554 -2.009583 -28.301147 -127.487122 -1.428528 -2.546753 -0.143219
21732 1444995712.845617 -2.049774 -28.2146 -127.712463 -1.431366 -2.547699 -0.13916
21733 1444995712.855690 -2.049774 -28.171326 -127.656128 -1.431366 -2.545807 -0.142059
21734 1444995712.865752 -2.089966 -28.2146 -127.487122 -1.428528 -2.548645 -0.1409
21735 1444995712.875815 -2.210541 -28.128052 -127.768799 -1.43042 -2.546753 -0.146118
21736 1444995712.885882 -2.130157 -28.301147 -127.599792 -1.431366 -2.544861 -0.13974
