5575 1444996211.416981 -7.557861 -32.976562 -132.910065 1.144318 -2.156067 0.023773
5576 1444996211.427044 -7.706055 -32.933624 -132.910065 1.144318 -2.15332 0.020294
5577 1444996211.437106 -7.631958 -33.019501 -132.855347 1.146088 -2.155151 0.028412
5578 1444996211.447214 -7.520813 -32.976562 -132.745911 1.143433 -2.155151 0.027252
5579 1444996211.457276 -7.520813 -32.976562 -132.800629 1.143433 -2.15332 0.026672
5580 1444996211.467363 -7.631958 -32.933624 -133.019501 1.146088 -2.15332 0.019135
5581 1444996211.477427 -7.706055 -32.976562 -132.964783 1.144318 -2.156067 0.027832
5582 1444996211.487512 -7.483765 -32.976562 -132.855347 1.146088 -2.155151 0.027832
5583 1444996211.497574 -7.59491 -32.933624 -132.636475 1.143433 -2.155151 0.025513
5584 1444996211.507635 -7.59491 -33.019501 -132.745911 1.142548 -2.154236 0.023193
5585 1444996211.517696 -7.669006 -33.019501 -132.800629 1.142548 -2.156982 0.024353
5586 1444996211.527803 -7.557861 -32.976562 -132.800629 1.144318 -2.155151 0.022614
5587 1444996211.537865 -7.631958 -32.933624 -132.636475 1.145203 -2.155151 0.023773
5588 1444996211.547927 -7.557861 -32.933624 -132.581757 1.143433 -2.15332 0.030151
5589 1444996211.557993 -7.706055 -33.062439 -132.910065 1.143433 -2.154236 0.022034
5590 1444996211.568054 -7.59491 -32.933624 -132.691193 1.144318 -2.156982 0.026672
5591 1444996211.578116 -7.631958 -32.933624 -132.745911 1.144318 -2.155151 0.027252
5592 1444996211.588177 -7.669006 -33.062439 -132.745911 1.142548 -2.154236 0.025513
5593 1444996211.598240 -7.669006 -33.105377 -132.855347 1.143433 -2.154236 0.03363
5594 1444996211.608345 -7.557861 -33.019501 -132.855347 1.143433 -2.155151 0.029572
5595 1444996211.618408 -7.706055 -32.976562 -132.691193 1.144318 -2.155151 0.020294
5596 1444996211.628469 -7.631958 -33.062439 -132.910065 1.143433 -2.152405 0.025513
5597 1444996211.638553 -7.631958 -33.019501 -132.855347 1.144318 -2.155151 0.027832
5598 1444996211.648614 -7.669006 -33.105377 -132.855347 1.145203 -2.152405 0.026093
5599 1444996211.658677 -7.631958 -33.062439 -132.855347 1.143433 -2.15332 0.029572
5600 1444996211.668739 -7.59491 -33.062439 -132.855347 1.145203 -2.152405 0.030151
5601 1444996211.678801 -7.669006 -33.019501 -132.855347 1.145203 -2.15332 0.026093
5602 1444996211.688863 -7.557861 -32.976562 -132.855347 1.145203 -2.15332 0.027252
5603 1444996211.698924 -7.59491 -32.933624 -132.964783 1.145203 -2.155151 0.028412
5604 1444996211.708987 -7.483765 -32.976562 -132.855347 1.143433 -2.156067 0.023773
5605 1444996211.719067 -7.780151 -33.062439 -132.636475 1.147858 -2.151489 0.020294
5606 1444996211.729130 -7.669006 -32.933624 -132.800629 1.146088 -2.156067 0.022034
5607 1444996211.739202 -7.483765 -33.019501 -132.910065 1.145203 -2.154236 0.031311
5608 1444996211.749270 -7.59491 -32.976562 -132.910065 1.143433 -2.155151 0.025513
5609 1444996211.759334 -7.483765 -32.976562 -132.745911 1.145203 -2.156067 0.027832
5610 1444996211.769395 -7.557861 -32.933624 -132.745911 1.144318 -2.158813 0.028412
5611 1444996211.779459 -7.631958 -33.062439 -132.800629 1.145203 -2.157898 0.025513
5612 1444996211.789521 -7.631958 -32.933624 -132.745911 1.143433 -2.155151 0.027832
5613 1444996211.799584 -7.520813 -32.933624 -132.745911 1.142548 -2.156982 0.028992
5614 1444996211.809644 -7.631958 -33.019501 -132.800629 1.143433 -2.156982 0.023773
5615 1444996211.819726 -7.631958 -33.019501 -132.636475 1.143433 -2.156982 0.024933
5616 1444996211.829804 -7.520813 -33.019501 -132.745911 1.143433 -2.156982 0.029572
5617 1444996211.839839 -7.780151 -32.976562 -132.745911 1.143433 -2.156982 0.022614
5618 1444996211.849901 -7.743103 -33.019501 -132.636475 1.144318 -2.160645 0.020874
5619 1444996211.859983 -7.669006 -32.976562 -132.691193 1.142548 -2.156982 0.026093
5620 1444996211.870071 -7.743103 -32.976562 -132.691193 1.143433 -2.151489 0.018555
5621 1444996211.880172 -7.669006 -32.976562 -132.800629 1.145203 -2.152405 0.019714
5622 1444996211.890235 -7.59491 -32.890686 -132.745911 1.141663 -2.156067 0.031311
5623 1444996211.900297 -7.669006 -33.191254 -132.691193 1.142548 -2.152405 0.024933
5624 1444996211.910360 -7.59491 -33.062439 -132.800629 1.143433 -2.150574 0.029572
5625 1444996211.920438 -7.59491 -32.933624 -132.855347 1.144318 -2.150574 0.026672
5626 1444996211.930501 -7.706055 -32.890686 -132.964783 1.144318 -2.148743 0.019135
5627 1444996211.940599 -7.483765 -32.933624 -132.745911 1.142548 -2.151489 0.027252
5628 1444996211.950677 -7.59491 -33.105377 -132.964783 1.141663 -2.15332 0.028992
5629 1444996211.960740 -7.631958 -33.105377 -132.855347 1.145203 -2.15332 0.031311
5630 1444996211.970810 -7.631958 -32.976562 -132.964783 1.143433 -2.152405 0.026672
5631 1444996211.980889 -7.854248 -33.019501 -132.855347 1.146088 -2.155151 0.020874
5632 1444996211.990958 -7.669006 -32.976562 -132.910065 1.143433 -2.152405 0.022614
5633 1444996212.001020 -7.854248 -32.976562 -132.910065 1.144318 -2.152405 0.019135
5634 1444996212.011083 -7.669006 -33.019501 -132.800629 1.143433 -2.152405 0.027832
5635 1444996212.021160 -7.631958 -32.847748 -133.019501 1.146088 -2.15332 0.024933
5636 1444996212.031242 -7.669006 -32.890686 -133.074219 1.145203 -2.151489 0.023193
5637 1444996212.041310 -7.706055 -32.847748 -132.910065 1.144318 -2.150574 0.025513
5638 1444996212.051372 -7.669006 -32.976562 -132.855347 1.143433 -2.15332 0.022034
5639 1444996212.061435 -7.557861 -33.105377 -132.910065 1.144318 -2.155151 0.028412
5640 1444996212.071536 -7.59491 -32.976562 -132.855347 1.142548 -2.155151 0.024933
5641 1444996212.081598 -7.743103 -33.019501 -132.855347 1.144318 -2.154236 0.024353
5642 1444996212.091663 -7.520813 -33.019501 -132.800629 1.142548 -2.155151 0.032471
5643 1444996212.101743 -7.557861 -32.847748 -132.800629 1.143433 -2.152405 0.032471
5644 1444996212.111814 -7.706055 -32.976562 -132.636475 1.142548 -2.152405 0.024353
5645 1444996212.121890 -7.743103 -33.062439 -132.800629 1.142548 -2.156067 0.026093
5646 1444996212.131959 -7.631958 -33.105377 -132.800629 1.141663 -2.149658 0.026672
5647 1444996212.142021 -7.669006 -33.019501 -132.745911 1.143433 -2.15332 0.023193
5648 1444996212.152083 -7.669006 -32.890686 -132.910065 1.140778 -2.151489 0.020874
5649 1444996212.162145 -7.59491 -32.890686 -132.745911 1.142548 -2.156067 0.029572
5650 1444996212.172240 -7.59491 -32.933624 -132.527039 1.143433 -2.15332 0.025513
5651 1444996212.182297 -7.706055 -32.847748 -132.745911 1.144318 -2.15332 0.017975
5652 1444996212.192359 -7.669006 -33.062439 -132.745911 1.144318 -2.158813 0.030151
5653 1444996212.202425 -7.520813 -33.062439 -132.745911 1.142548 -2.156982 0.029572
5654 1444996212.212488 -7.706055 -32.933624 -132.745911 1.143433 -2.151489 0.024933
5655 1444996212.222551 -7.483765 -33.105377 -132.745911 1.143433 -2.154236 0.032471
5656 1444996212.232611 -7.483765 -32.933624 -133.019501 1.145203 -2.159729 0.029572
5657 1444996212.242675 -7.706055 -33.019501 -132.745911 1.143433 -2.160645 0.030151
5658 1444996212.252742 -7.631958 -32.933624 -132.910065 1.144318 -2.151489 0.028412
5659 1444996212.262804 -7.743103 -33.019501 -132.745911 1.145203 -2.156982 0.027252
5660 1444996212.272886 -7.59491 -33.019501 -132.910065 1.143433 -2.15332 0.027832
5661 1444996212.282935 -7.557861 -32.890686 -132.910065 1.144318 -2.156067 0.028992
5662 1444996212.292996 -7.631958 -32.847748 -133.019501 1.146088 -2.156067 0.024353
5663 1444996212.303056 -7.631958 -32.933624 -132.855347 1.144318 -2.156982 0.024933
5664 1444996212.313118 -7.8172 -33.105377 -132.855347 1.145203 -2.154236 0.026093
5665 1444996212.323180 -7.483765 -32.890686 -133.019501 1.142548 -2.154236 0.032471
5666 1444996212.333241 -7.669006 -32.890686 -132.855347 1.144318 -2.156982 0.024933
5667 1444996212.343314 -7.743103 -32.976562 -132.800629 1.142548 -2.156067 0.026672
5668 1444996212.353397 -7.706055 -33.019501 -132.855347 1.145203 -2.158813 0.024933
5669 1444996212.363464 -7.780151 -33.105377 -132.855347 1.142548 -2.158813 0.020294
5670 1444996212.373543 -7.706055 -32.933624 -132.800629 1.142548 -2.16156 0.023193
5671 1444996212.383605 -7.891296 -32.976562 -132.745911 1.142548 -2.160645 0.022614
5672 1444996212.393682 -7.8172 -33.062439 -132.800629 1.142548 -2.16156 0.020874
5673 1444996212.403784 -7.8172 -33.105377 -132.636475 1.141663 -2.160645 0.027832
5674 1444996212.413812 -7.669006 -33.062439 -132.745911 1.144318 -2.157898 0.026672
5675 1444996212.423912 -7.631958 -33.062439 -132.855347 1.141663 -2.157898 0.028412
5676 1444996212.433975 -7.669006 -33.191254 -132.691193 1.142548 -2.16156 0.030731
5677 1444996212.444037 -7.59491 -32.976562 -132.964783 1.143433 -2.160645 0.030151
5678 1444996212.454056 -7.669006 -33.019501 -132.910065 1.145203 -2.162476 0.027252
5679 1444996212.464121 -7.706055 -33.062439 -132.636475 1.142548 -2.159729 0.032471
5680 1444996212.474218 -7.59491 -33.019501 -132.745911 1.143433 -2.16156 0.030151
5681 1444996212.484280 -7.59491 -33.062439 -132.855347 1.144318 -2.160645 0.028992
5682 1444996212.494343 -7.706055 -32.890686 -132.855347 1.144318 -2.159729 0.03421
5683 1444996212.504428 -7.59491 -33.019501 -132.800629 1.145203 -2.162476 0.029572
5684 1444996212.514491 -7.631958 -32.976562 -132.745911 1.144318 -2.158813 0.025513
5685 1444996212.524553 -7.669006 -32.976562 -132.745911 1.145203 -2.16156 0.028992
5686 1444996212.534852 -7.669006 -33.019501 -132.964783 1.144318 -2.157898 0.027832
5687 1444996212.544913 -7.557861 -32.847748 -132.964783 1.146088 -2.157898 0.026672
5688 1444996212.554983 -7.557861 -33.105377 -132.855347 1.144318 -2.156982 0.029572
5689 1444996212.565048 -7.59491 -33.019501 -132.855347 1.144318 -2.157898 0.03595
5690 1444996212.575124 -7.706055 -33.062439 -132.855347 1.143433 -2.155151 0.033051
5691 1444996212.585186 -7.631958 -32.847748 -132.800629 1.145203 -2.158813 0.029572
5692 1444996212.595290 -7.59491 -32.890686 -132.910065 1.142548 -2.158813 0.025513
5693 1444996212.605340 -7.669006 -32.976562 -132.745911 1.145203 -2.159729 0.024933
5694 1444996212.615403 -7.854248 -32.976562 -132.910065 1.142548 -2.156067 0.030151
5695 1444996212.625525 -7.780151 -33.019501 -132.800629 1.144318 -2.156067 0.028412
5696 1444996212.635602 -7.780151 -33.148315 -132.855347 1.143433 -2.156067 0.031311
5697 1444996212.645664 -7.59491 -33.019501 -132.910065 1.144318 -2.156067 0.028412
5698 1444996212.655725 -7.631958 -33.019501 -132.910065 1.141663 -2.15332 0.030151
5699 1444996212.665787 -7.520813 -32.976562 -132.910065 1.143433 -2.156982 0.030731
5700 1444996212.675907 -7.743103 -33.019501 -132.745911 1.143433 -2.156982 0.032471
5701 1444996212.685942 -7.706055 -33.148315 -132.964783 1.141663 -2.157898 0.022614
5702 1444996212.696040 -7.743103 -32.847748 -132.745911 1.143433 -2.158813 0.026672
5703 1444996212.706113 -7.743103 -33.019501 -132.910065 1.144318 -2.154236 0.024353
5704 1444996212.716140 -7.59491 -32.890686 -132.855347 1.143433 -2.156067 0.027832
5705 1444996212.726203 -7.743103 -32.933624 -132.800629 1.142548 -2.15332 0.031311
5706 1444996212.736284 -7.669006 -33.234192 -132.745911 1.140778 -2.156982 0.028412
5707 1444996212.746346 -7.669006 -33.019501 -132.800629 1.143433 -2.157898 0.03421
5708 1444996212.756408 -7.706055 -33.062439 -132.800629 1.143433 -2.15332 0.025513
5709 1444996212.766470 -7.743103 -32.890686 -133.019501 1.144318 -2.154236 0.023773
5710 1444996212.776531 -7.631958 -32.890686 -132.964783 1.143433 -2.156067 0.030151
5711 1444996212.786592 -7.669006 -33.105377 -132.855347 1.142548 -2.151489 0.028992
5712 1444996212.796638 -7.706055 -33.019501 -132.855347 1.143433 -2.156982 0.026672
5713 1444996212.806700 -7.669006 -33.062439 -132.964783 1.144318 -2.156067 0.03363
5714 1444996212.816763 -7.706055 -32.976562 -132.964783 1.146088 -2.15332 0.028992
5715 1444996212.826855 -7.59491 -33.019501 -132.855347 1.142548 -2.155151 0.031891
5716 1444996212.836916 -7.743103 -32.933624 -132.964783 1.144318 -2.155151 0.03363
5717 1444996212.846978 -7.631958 -33.105377 -132.964783 1.144318 -2.154236 0.030731
5718 1444996212.857040 -7.669006 -32.976562 -132.745911 1.143433 -2.148743 0.030731
5719 1444996212.867102 -7.59491 -32.976562 -132.855347 1.143433 -2.149658 0.03421
5720 1444996212.877164 -7.743103 -32.976562 -132.800629 1.143433 -2.151489 0.03421
5721 1444996212.887227 -7.669006 -32.976562 -133.019501 1.144318 -2.149658 0.027832
5722 1444996212.897291 -7.743103 -33.019501 -132.691193 1.143433 -2.152405 0.027832
5723 1444996212.907353 -7.743103 -33.234192 -132.745911 1.141663 -2.148743 0.03595
5724 1444996212.917415 -7.706055 -32.890686 -133.019501 1.143433 -2.151489 0.03363
5725 1444996212.927479 -7.743103 -33.191254 -132.964783 1.145203 -2.151489 0.031891
5726 1444996212.937541 -7.706055 -32.890686 -132.800629 1.144318 -2.148743 0.03653
5727 1444996212.947618 -7.59491 -33.062439 -132.800629 1.143433 -2.154236 0.032471
5728 1444996212.957682 -7.631958 -32.976562 -132.800629 1.141663 -2.15332 0.037109
5729 1444996212.967744 -7.669006 -33.019501 -132.910065 1.144318 -2.151489 0.030731
5730 1444996212.977806 -7.743103 -32.933624 -132.800629 1.142548 -2.155151 0.03479
5731 1444996212.987886 -7.631958 -33.062439 -132.745911 1.142548 -2.155151 0.03595
5732 1444996212.997950 -7.706055 -33.062439 -132.855347 1.141663 -2.15332 0.03363
5733 1444996213.008017 -7.706055 -33.105377 -132.855347 1.142548 -2.155151 0.03595
5734 1444996213.018074 -7.706055 -33.062439 -132.855347 1.144318 -2.15332 0.027252
5735 1444996213.028144 -7.854248 -32.976562 -132.855347 1.143433 -2.156067 0.028412
5736 1444996213.038230 -8.03949 -33.062439 -132.745911 1.143433 -2.155151 0.027832
5737 1444996213.048274 -7.965393 -33.105377 -132.964783 1.143433 -2.154236 0.032471
5738 1444996213.058400 -7.743103 -32.976562 -132.964783 1.145203 -2.155151 0.03479
5739 1444996213.068465 -7.854248 -33.019501 -132.691193 1.143433 -2.159729 0.03479
5740 1444996213.078560 -7.631958 -33.148315 -132.800629 1.142548 -2.157898 0.03595
5741 1444996213.088627 -7.631958 -32.976562 -132.745911 1.144318 -2.158813 0.041168
5742 1444996213.098689 -7.743103 -33.105377 -132.636475 1.144318 -2.157898 0.037689
5743 1444996213.108751 -7.59491 -33.105377 -132.745911 1.143433 -2.159729 0.039429
5744 1444996213.118814 -7.706055 -32.976562 -132.855347 1.143433 -2.157898 0.03653
5745 1444996213.128979 -7.8172 -33.105377 -132.800629 1.144318 -2.158813 0.03363
5746 1444996213.139049 -7.743103 -33.019501 -132.691193 1.142548 -2.156982 0.037109
5747 1444996213.149109 -7.743103 -33.019501 -132.910065 1.143433 -2.158813 0.03479
5748 1444996213.159168 -7.8172 -33.019501 -132.691193 1.144318 -2.158813 0.032471
5749 1444996213.169246 -7.780151 -33.105377 -132.855347 1.144318 -2.159729 0.03537
5750 1444996213.179308 -7.854248 -33.062439 -132.581757 1.143433 -2.164307 0.037689
5751 1444996213.189373 -7.854248 -33.191254 -132.745911 1.144318 -2.164307 0.03653
5752 1444996213.199433 -7.780151 -33.105377 -132.691193 1.144318 -2.165222 0.038849
5753 1444996213.209492 -7.891296 -33.234192 -132.800629 1.143433 -2.165222 0.040009
5754 1444996213.219554 -7.854248 -33.191254 -132.855347 1.143433 -2.165222 0.037689
5755 1444996213.229628 -8.002441 -33.105377 -132.636475 1.145203 -2.164307 0.040009
5756 1444996213.239691 -7.854248 -33.148315 -132.691193 1.143433 -2.165222 0.03421
5757 1444996213.249776 -7.8172 -33.105377 -132.745911 1.142548 -2.159729 0.038269
5758 1444996213.259836 -7.780151 -33.019501 -132.855347 1.144318 -2.160645 0.03537
5759 1444996213.269883 -7.854248 -33.062439 -132.636475 1.142548 -2.165222 0.042328
5760 1444996213.279951 -7.706055 -33.019501 -132.636475 1.143433 -2.158813 0.040588
5761 1444996213.290012 -7.8172 -33.062439 -132.910065 1.144318 -2.16156 0.040009
5762 1444996213.300072 -7.780151 -33.105377 -132.800629 1.143433 -2.166138 0.037109
5763 1444996213.310135 -7.780151 -33.062439 -132.800629 1.144318 -2.167969 0.03537
5764 1444996213.320156 -7.8172 -32.976562 -132.855347 1.143433 -2.167053 0.040588
5765 1444996213.330220 -7.8172 -33.191254 -132.745911 1.144318 -2.168884 0.040588
5766 1444996213.340320 -7.854248 -33.062439 -132.581757 1.145203 -2.165222 0.042328
5767 1444996213.350381 -7.706055 -33.148315 -132.691193 1.146088 -2.166138 0.03595
5768 1444996213.360442 -7.854248 -33.062439 -132.581757 1.141663 -2.166138 0.047546
5769 1444996213.370475 -7.706055 -33.191254 -132.855347 1.144318 -2.164307 0.041748
5770 1444996213.380535 -7.780151 -32.976562 -132.581757 1.144318 -2.157898 0.039429
5771 1444996213.390595 -7.631958 -32.976562 -132.636475 1.142548 -2.156067 0.041168
5772 1444996213.400657 -7.557861 -32.933624 -132.691193 1.145203 -2.155151 0.039429
5773 1444996213.410696 -7.780151 -33.019501 -132.636475 1.141663 -2.152405 0.043488
5774 1444996213.420745 -7.669006 -33.105377 -132.745911 1.143433 -2.162476 0.040009
5775 1444996213.430807 -7.780151 -33.019501 -132.691193 1.143433 -2.160645 0.042328
5776 1444996213.440869 -7.669006 -33.105377 -132.636475 1.144318 -2.159729 0.038269
5777 1444996213.450904 -7.706055 -33.062439 -132.800629 1.142548 -2.159729 0.041748
5778 1444996213.460965 -7.743103 -33.148315 -132.800629 1.142548 -2.157898 0.044647
5779 1444996213.471026 -7.891296 -33.062439 -132.581757 1.144318 -2.16156 0.041748
5780 1444996213.481089 -7.854248 -33.062439 -132.800629 1.145203 -2.156067 0.037109
5781 1444996213.491150 -7.706055 -33.148315 -132.636475 1.144318 -2.155151 0.044067
5782 1444996213.501213 -7.780151 -33.019501 -132.581757 1.143433 -2.15332 0.041748
5783 1444996213.511277 -7.706055 -33.148315 -132.800629 1.143433 -2.152405 0.041748
5784 1444996213.521338 -7.706055 -33.019501 -132.855347 1.143433 -2.156982 0.043488
5785 1444996213.531400 -7.706055 -33.148315 -132.745911 1.144318 -2.154236 0.041748
5786 1444996213.541444 -7.743103 -33.019501 -132.800629 1.141663 -2.152405 0.048126
5787 1444996213.551490 -7.743103 -33.062439 -132.855347 1.143433 -2.150574 0.040009
5788 1444996213.561548 -7.854248 -33.062439 -132.745911 1.143433 -2.151489 0.041168
5789 1444996213.571632 -7.891296 -33.062439 -132.855347 1.144318 -2.152405 0.041168
5790 1444996213.581696 -7.854248 -33.105377 -132.910065 1.144318 -2.15332 0.043488
5791 1444996213.591764 -7.780151 -33.019501 -132.691193 1.145203 -2.156067 0.044647
5792 1444996213.601825 -7.891296 -33.105377 -132.745911 1.145203 -2.156982 0.039429
5793 1444996213.611880 -7.854248 -33.062439 -132.691193 1.143433 -2.151489 0.044067
5794 1444996213.621942 -7.891296 -33.105377 -132.855347 1.145203 -2.149658 0.03653
5795 1444996213.632005 -7.669006 -33.105377 -132.691193 1.144318 -2.15332 0.045807
5796 1444996213.642066 -7.854248 -33.105377 -132.800629 1.144318 -2.152405 0.044647
5797 1444996213.652126 -7.891296 -33.105377 -132.745911 1.144318 -2.155151 0.042908
5798 1444996213.662187 -7.928345 -33.105377 -132.855347 1.143433 -2.151489 0.043488
5799 1444996213.672251 -7.928345 -33.191254 -132.745911 1.144318 -2.154236 0.043488
5800 1444996213.682313 -7.743103 -33.105377 -132.855347 1.142548 -2.15332 0.048706
5801 1444996213.692375 -7.706055 -33.019501 -132.691193 1.143433 -2.15332 0.046387
5802 1444996213.702436 -7.743103 -33.105377 -132.910065 1.144318 -2.157898 0.051605
5803 1444996213.712501 -7.780151 -33.148315 -132.800629 1.144318 -2.158813 0.048706
5804 1444996213.722562 -7.928345 -33.062439 -132.745911 1.143433 -2.156982 0.046387
5805 1444996213.732622 -7.780151 -33.019501 -132.691193 1.143433 -2.156982 0.046967
5806 1444996213.742684 -7.965393 -33.062439 -132.745911 1.143433 -2.155151 0.052765
5807 1444996213.752745 -7.965393 -33.234192 -132.636475 1.142548 -2.160645 0.053345
5808 1444996213.762807 -7.8172 -33.191254 -132.745911 1.142548 -2.16156 0.061462
5809 1444996213.772883 -7.891296 -33.234192 -132.527039 1.141663 -2.167053 0.056824
5810 1444996213.782946 -8.03949 -33.234192 -132.691193 1.141663 -2.166138 0.059143
5811 1444996213.793008 -8.03949 -33.148315 -132.691193 1.142548 -2.166138 0.057983
5812 1444996213.803069 -7.891296 -33.234192 -132.855347 1.143433 -2.165222 0.063782
5813 1444996213.813129 -8.002441 -33.191254 -132.800629 1.145203 -2.164307 0.060303
5814 1444996213.823191 -7.928345 -33.320068 -132.691193 1.142548 -2.16156 0.060303
5815 1444996213.833236 -7.891296 -33.148315 -132.855347 1.143433 -2.163391 0.060303
5816 1444996213.843298 -8.03949 -33.105377 -132.800629 1.144318 -2.163391 0.060303
5817 1444996213.853359 -7.854248 -33.105377 -132.855347 1.144318 -2.156982 0.060883
5818 1444996213.863421 -8.076538 -33.105377 -132.636475 1.142548 -2.156982 0.062042
5819 1444996213.873481 -8.002441 -33.105377 -132.964783 1.144318 -2.156067 0.053925
5820 1444996213.883541 -7.965393 -33.191254 -132.691193 1.142548 -2.156067 0.057983
5821 1444996213.893604 -8.113586 -33.105377 -132.745911 1.144318 -2.159729 0.057983
5822 1444996213.903663 -8.03949 -33.148315 -132.855347 1.144318 -2.157898 0.056244
5823 1444996213.913725 -7.928345 -33.234192 -133.019501 1.143433 -2.158813 0.052765
5824 1444996213.923790 -8.002441 -33.234192 -132.964783 1.143433 -2.160645 0.051025
5825 1444996213.933862 -7.854248 -33.191254 -132.855347 1.144318 -2.157898 0.055664
5826 1444996213.943924 -8.002441 -33.191254 -132.691193 1.143433 -2.156982 0.051605
5827 1444996213.953992 -8.002441 -33.191254 -132.745911 1.144318 -2.154236 0.054504
5828 1444996213.964053 -7.928345 -33.148315 -132.800629 1.145203 -2.154236 0.056824
5829 1444996213.974119 -7.928345 -33.191254 -132.800629 1.145203 -2.15332 0.055664
5830 1444996213.984174 -7.965393 -33.191254 -132.745911 1.142548 -2.151489 0.057983
5831 1444996213.994236 -7.891296 -33.27713 -132.636475 1.141663 -2.150574 0.060303
5832 1444996214.004298 -7.854248 -33.191254 -132.581757 1.142548 -2.152405 0.060883
5833 1444996214.014360 -8.03949 -33.234192 -132.910065 1.141663 -2.150574 0.055664
5834 1444996214.024386 -7.891296 -33.234192 -132.800629 1.143433 -2.15332 0.058563
5835 1444996214.034446 -7.854248 -33.27713 -132.691193 1.141663 -2.15332 0.066681
5836 1444996214.044506 -7.928345 -33.405945 -132.636475 1.141663 -2.154236 0.063782
5837 1444996214.054567 -7.965393 -33.105377 -132.691193 1.142548 -2.154236 0.059143
5838 1444996214.064627 -7.891296 -33.105377 -132.855347 1.143433 -2.151489 0.055084
5839 1444996214.074695 -8.03949 -33.148315 -132.581757 1.142548 -2.151489 0.051605
5840 1444996214.084763 -7.965393 -33.320068 -132.636475 1.143433 -2.148743 0.052765
5841 1444996214.094825 -8.150635 -33.27713 -132.691193 1.142548 -2.147827 0.057404
5842 1444996214.104845 -8.002441 -33.191254 -132.691193 1.143433 -2.148743 0.055664
5843 1444996214.114908 -8.150635 -33.191254 -132.691193 1.144318 -2.145996 0.051605
5844 1444996214.124973 -7.928345 -33.320068 -132.691193 1.141663 -2.149658 0.057404
5845 1444996214.135032 -7.854248 -33.234192 -132.581757 1.142548 -2.152405 0.060303
5846 1444996214.145094 -7.854248 -33.27713 -132.581757 1.143433 -2.149658 0.056824
5847 1444996214.155132 -8.002441 -33.320068 -132.745911 1.143433 -2.150574 0.058563
5848 1444996214.165238 -7.891296 -33.191254 -132.800629 1.142548 -2.148743 0.056824
5849 1444996214.175303 -7.965393 -33.234192 -132.910065 1.144318 -2.150574 0.055084
5850 1444996214.185365 -7.8172 -33.191254 -132.800629 1.143433 -2.145996 0.058563
5851 1444996214.195425 -7.8172 -33.019501 -132.855347 1.145203 -2.148743 0.052765
5852 1444996214.205485 -8.076538 -33.105377 -132.800629 1.144318 -2.148743 0.051025
5853 1444996214.215547 -7.928345 -33.105377 -132.964783 1.144318 -2.150574 0.056244
5854 1444996214.225607 -7.891296 -33.148315 -132.855347 1.145203 -2.145996 0.057404
5855 1444996214.235660 -7.928345 -33.191254 -132.910065 1.143433 -2.147827 0.056244
5856 1444996214.245722 -8.076538 -33.148315 -132.800629 1.143433 -2.149658 0.057404
5857 1444996214.255785 -8.076538 -33.27713 -132.800629 1.144318 -2.151489 0.053345
5858 1444996214.265845 -7.965393 -33.191254 -132.800629 1.142548 -2.149658 0.053925
5859 1444996214.275908 -8.002441 -33.105377 -132.910065 1.144318 -2.154236 0.053925
5860 1444996214.285967 -7.854248 -33.191254 -132.745911 1.142548 -2.154236 0.062622
5861 1444996214.296028 -7.965393 -33.27713 -132.855347 1.141663 -2.157898 0.056824
5862 1444996214.306088 -7.891296 -33.105377 -132.745911 1.143433 -2.152405 0.051605
5863 1444996214.316149 -7.928345 -33.191254 -132.691193 1.144318 -2.158813 0.053345
5864 1444996214.326313 -8.002441 -33.234192 -132.581757 1.142548 -2.154236 0.053345
5865 1444996214.336349 -7.965393 -33.320068 -132.910065 1.141663 -2.15332 0.056244
5866 1444996214.346408 -7.8172 -33.191254 -132.800629 1.141663 -2.152405 0.059143
5867 1444996214.356469 -8.002441 -33.234192 -132.636475 1.143433 -2.154236 0.053345
5868 1444996214.366529 -7.780151 -33.234192 -132.691193 1.142548 -2.155151 0.056824
5869 1444996214.376611 -7.743103 -33.062439 -132.800629 1.141663 -2.157898 0.053925
5870 1444996214.386673 -8.002441 -33.191254 -132.581757 1.142548 -2.157898 0.053925
5871 1444996214.396738 -7.891296 -33.234192 -132.800629 1.141663 -2.160645 0.056244
5872 1444996214.406797 -8.187683 -33.234192 -132.636475 1.144318 -2.159729 0.053345
5873 1444996214.416835 -7.928345 -33.27713 -132.745911 1.142548 -2.160645 0.057404
5874 1444996214.426897 -8.076538 -32.976562 -132.855347 1.145203 -2.164307 0.058563
5875 1444996214.436961 -8.03949 -33.27713 -132.855347 1.143433 -2.16156 0.053345
5876 1444996214.447020 -8.113586 -33.191254 -132.636475 1.143433 -2.162476 0.051605
5877 1444996214.457081 -7.928345 -33.105377 -132.964783 1.144318 -2.158813 0.056824
5878 1444996214.467144 -7.854248 -33.234192 -132.855347 1.146088 -2.159729 0.054504
5879 1444996214.477204 -8.03949 -33.062439 -132.800629 1.145203 -2.160645 0.053925
5880 1444996214.487271 -7.928345 -33.148315 -132.800629 1.144318 -2.16156 0.055084
5881 1444996214.497337 -7.928345 -33.148315 -132.855347 1.145203 -2.16156 0.056244
5882 1444996214.507399 -7.928345 -33.148315 -132.800629 1.144318 -2.162476 0.055084
5883 1444996214.517462 -7.965393 -33.191254 -132.855347 1.143433 -2.160645 0.059143
5884 1444996214.527524 -7.854248 -33.148315 -132.800629 1.144318 -2.16156 0.054504
5885 1444996214.537549 -7.891296 -33.148315 -132.910065 1.145203 -2.16156 0.052765
5886 1444996214.547612 -8.03949 -33.105377 -132.745911 1.145203 -2.168884 0.052185
5887 1444996214.557672 -7.891296 -33.27713 -132.745911 1.143433 -2.165222 0.058563
5888 1444996214.567694 -7.965393 -33.062439 -132.855347 1.146088 -2.163391 0.051605
5889 1444996214.577719 -8.002441 -33.062439 -132.855347 1.143433 -2.159729 0.046967
5890 1444996214.587780 -7.854248 -33.27713 -132.855347 1.142548 -2.160645 0.060883
5891 1444996214.597842 -7.891296 -33.191254 -132.745911 1.143433 -2.163391 0.057983
5892 1444996214.607905 -8.002441 -33.148315 -132.581757 1.142548 -2.164307 0.054504
5893 1444996214.617966 -7.8172 -33.234192 -132.745911 1.142548 -2.167053 0.062622
5894 1444996214.628031 -8.002441 -33.27713 -132.800629 1.145203 -2.162476 0.052765
5895 1444996214.638091 -7.965393 -33.320068 -132.636475 1.142548 -2.16156 0.052185
5896 1444996214.648143 -7.8172 -33.062439 -132.745911 1.143433 -2.165222 0.058563
5897 1444996214.658207 -7.928345 -33.191254 -132.581757 1.142548 -2.163391 0.057404
5898 1444996214.668269 -7.928345 -33.148315 -132.745911 1.143433 -2.163391 0.054504
5899 1444996214.678350 -7.928345 -33.148315 -132.691193 1.143433 -2.16156 0.059143
5900 1444996214.688392 -7.854248 -33.019501 -132.691193 1.145203 -2.155151 0.052185
5901 1444996214.698455 -7.854248 -33.019501 -132.800629 1.142548 -2.157898 0.055084
5902 1444996214.708522 -7.965393 -33.191254 -132.855347 1.144318 -2.158813 0.055084
5903 1444996214.718584 -7.965393 -33.191254 -132.800629 1.145203 -2.16156 0.052185
5904 1444996214.728646 -7.965393 -33.191254 -132.636475 1.143433 -2.156982 0.053925
5905 1444996214.738707 -7.891296 -33.105377 -132.855347 1.146088 -2.156982 0.055664
5906 1444996214.748788 -7.854248 -33.105377 -132.581757 1.142548 -2.156982 0.060303
5907 1444996214.758877 -7.8172 -33.27713 -132.855347 1.143433 -2.151489 0.055084
5908 1444996214.768912 -7.965393 -33.148315 -132.855347 1.143433 -2.155151 0.052185
5909 1444996214.778978 -8.002441 -33.234192 -132.910065 1.144318 -2.155151 0.054504
5910 1444996214.789044 -7.965393 -33.105377 -132.910065 1.145203 -2.15332 0.051025
5911 1444996214.799097 -8.002441 -33.234192 -132.691193 1.143433 -2.154236 0.051605
5912 1444996214.809159 -7.891296 -33.234192 -132.800629 1.144318 -2.156982 0.053925
5913 1444996214.819235 -8.03949 -33.019501 -132.800629 1.145203 -2.155151 0.054504
5914 1444996214.829330 -7.928345 -33.234192 -132.910065 1.144318 -2.156067 0.053925
5915 1444996214.839393 -7.965393 -33.105377 -132.800629 1.143433 -2.15332 0.059723
5916 1444996214.849502 -7.928345 -33.234192 -132.691193 1.145203 -2.154236 0.057404
5917 1444996214.859564 -7.8172 -33.062439 -132.745911 1.142548 -2.154236 0.057404
5918 1444996214.869628 -8.150635 -33.27713 -132.745911 1.141663 -2.155151 0.058563
5919 1444996214.879707 -7.928345 -33.27713 -132.691193 1.143433 -2.156067 0.056244
5920 1444996214.889769 -8.113586 -33.191254 -132.800629 1.142548 -2.152405 0.056244
5921 1444996214.899790 -8.002441 -33.234192 -132.745911 1.144318 -2.156067 0.057404
5922 1444996214.909879 -8.076538 -33.148315 -132.745911 1.144318 -2.158813 0.057983
5923 1444996214.919941 -7.965393 -33.191254 -132.691193 1.143433 -2.155151 0.056244
5924 1444996214.930003 -7.891296 -33.234192 -132.691193 1.143433 -2.151489 0.055084
5925 1444996214.940066 -7.8172 -33.148315 -132.745911 1.143433 -2.15332 0.056824
5926 1444996214.950133 -7.965393 -33.191254 -132.800629 1.144318 -2.154236 0.050446
5927 1444996214.960233 -8.076538 -33.234192 -132.800629 1.141663 -2.154236 0.052185
5928 1444996214.970274 -7.928345 -33.27713 -132.800629 1.142548 -2.156982 0.055664
5929 1444996214.980336 -8.03949 -33.191254 -132.745911 1.143433 -2.158813 0.053345
5930 1444996214.990423 -7.891296 -33.191254 -132.745911 1.144318 -2.157898 0.060303
5931 1444996215.000438 -7.928345 -33.234192 -132.691193 1.143433 -2.157898 0.059723
5932 1444996215.010501 -7.965393 -33.148315 -132.691193 1.144318 -2.158813 0.053345
5933 1444996215.020581 -7.965393 -33.234192 -132.800629 1.144318 -2.159729 0.057404
5934 1444996215.030645 -7.891296 -33.148315 -132.855347 1.144318 -2.156982 0.056244
5935 1444996215.040707 -7.965393 -33.234192 -132.855347 1.144318 -2.156982 0.053345
5936 1444996215.050802 -7.891296 -33.320068 -132.800629 1.143433 -2.160645 0.059143
5937 1444996215.060853 -7.8172 -33.191254 -132.855347 1.143433 -2.157898 0.059143
5938 1444996215.070914 -7.854248 -33.148315 -132.745911 1.145203 -2.159729 0.055664
5939 1444996215.080988 -8.002441 -33.148315 -132.855347 1.144318 -2.159729 0.057404
5940 1444996215.091064 -8.002441 -33.191254 -132.855347 1.142548 -2.156982 0.056244
5941 1444996215.101131 -7.891296 -33.148315 -132.964783 1.144318 -2.160645 0.055664
5942 1444996215.111201 -8.03949 -33.148315 -132.800629 1.142548 -2.159729 0.056824
5943 1444996215.121262 -8.002441 -33.105377 -132.800629 1.145203 -2.16156 0.053925
5944 1444996215.131327 -7.965393 -33.191254 -132.636475 1.143433 -2.164307 0.053345
5945 1444996215.141437 -7.891296 -33.191254 -132.855347 1.142548 -2.163391 0.055084
5946 1444996215.151461 -8.113586 -33.320068 -132.800629 1.143433 -2.162476 0.058563
5947 1444996215.161603 -7.965393 -33.234192 -132.745911 1.143433 -2.164307 0.053345
5948 1444996215.171646 -8.187683 -33.191254 -132.910065 1.143433 -2.162476 0.048126
5949 1444996215.181707 -7.965393 -33.191254 -132.855347 1.143433 -2.167969 0.047546
5950 1444996215.191769 -7.965393 -33.148315 -132.745911 1.144318 -2.167053 0.054504
5951 1444996215.201829 -7.965393 -33.320068 -132.581757 1.141663 -2.166138 0.049866
5952 1444996215.211863 -7.854248 -33.191254 -132.636475 1.143433 -2.164307 0.057983
5953 1444996215.221926 -7.965393 -33.27713 -132.800629 1.143433 -2.1698 0.056824
5954 1444996215.231989 -8.002441 -33.234192 -132.910065 1.143433 -2.164307 0.053925
5955 1444996215.242049 -8.03949 -33.320068 -132.800629 1.141663 -2.166138 0.055664
5956 1444996215.252109 -7.891296 -33.234192 -132.745911 1.142548 -2.164307 0.058563
5957 1444996215.262171 -7.965393 -33.191254 -132.800629 1.145203 -2.166138 0.056244
5958 1444996215.272237 -8.002441 -33.234192 -132.745911 1.143433 -2.165222 0.058563
5959 1444996215.282299 -7.928345 -33.191254 -132.800629 1.143433 -2.167053 0.058563
5960 1444996215.292360 -8.076538 -33.320068 -132.745911 1.143433 -2.164307 0.050446
5961 1444996215.302485 -7.965393 -33.234192 -132.745911 1.145203 -2.167053 0.052765
5962 1444996215.312547 -8.113586 -33.191254 -132.964783 1.143433 -2.167053 0.055084
5963 1444996215.322599 -7.854248 -33.234192 -132.855347 1.145203 -2.166138 0.051025
5964 1444996215.332639 -8.002441 -33.148315 -132.910065 1.143433 -2.163391 0.055664
5965 1444996215.342702 -7.891296 -33.148315 -132.855347 1.144318 -2.167053 0.055084
5966 1444996215.352765 -7.891296 -33.191254 -132.800629 1.142548 -2.166138 0.056244
5967 1444996215.362826 -7.928345 -33.148315 -132.745911 1.143433 -2.162476 0.053345
5968 1444996215.372889 -7.854248 -33.105377 -132.800629 1.144318 -2.166138 0.052185
5969 1444996215.382952 -7.780151 -33.019501 -132.910065 1.143433 -2.167053 0.052185
5970 1444996215.393012 -8.03949 -33.191254 -132.745911 1.142548 -2.165222 0.047546
5971 1444996215.403076 -7.891296 -33.27713 -132.745911 1.141663 -2.165222 0.055664
5972 1444996215.413139 -7.854248 -33.191254 -132.691193 1.145203 -2.164307 0.056824
5973 1444996215.423202 -7.891296 -33.234192 -132.910065 1.143433 -2.160645 0.055664
5974 1444996215.433264 -7.706055 -33.105377 -133.019501 1.143433 -2.156067 0.057404
5975 1444996215.443326 -7.854248 -33.019501 -132.745911 1.143433 -2.155151 0.052765
5976 1444996215.453387 -7.8172 -33.062439 -132.691193 1.141663 -2.16156 0.051605
5977 1444996215.463454 -7.928345 -33.148315 -132.745911 1.145203 -2.159729 0.055084
5978 1444996215.473522 -7.631958 -33.191254 -132.855347 1.143433 -2.157898 0.058563
5979 1444996215.483591 -7.928345 -33.148315 -132.800629 1.143433 -2.157898 0.056244
5980 1444996215.493652 -7.965393 -33.148315 -133.019501 1.141663 -2.16156 0.057404
5981 1444996215.503712 -8.03949 -33.148315 -132.636475 1.144318 -2.163391 0.054504
5982 1444996215.513738 -7.8172 -33.105377 -132.800629 1.142548 -2.157898 0.053925
5983 1444996215.523799 -7.965393 -33.191254 -132.910065 1.145203 -2.158813 0.053345
5984 1444996215.533860 -8.002441 -33.062439 -132.800629 1.144318 -2.16156 0.057983
5985 1444996215.543921 -7.8172 -33.191254 -132.855347 1.144318 -2.157898 0.050446
5986 1444996215.553980 -8.076538 -33.234192 -132.910065 1.144318 -2.160645 0.048706
5987 1444996215.564040 -8.03949 -33.27713 -132.800629 1.142548 -2.160645 0.055084
5988 1444996215.574067 -7.965393 -33.191254 -132.855347 1.144318 -2.159729 0.057983
5989 1444996215.584128 -7.891296 -33.148315 -132.800629 1.141663 -2.159729 0.051025
5990 1444996215.594194 -7.928345 -33.191254 -132.800629 1.145203 -2.156067 0.058563
5991 1444996215.604255 -7.928345 -33.148315 -132.855347 1.143433 -2.158813 0.054504
5992 1444996215.614316 -8.002441 -33.191254 -132.691193 1.143433 -2.158813 0.053345
5993 1444996215.624369 -8.002441 -33.320068 -132.691193 1.144318 -2.158813 0.055664
5994 1444996215.634431 -7.854248 -33.062439 -132.800629 1.144318 -2.158813 0.058563
5995 1444996215.644487 -8.002441 -33.320068 -132.745911 1.144318 -2.16156 0.053345
5996 1444996215.654528 -8.076538 -33.191254 -132.855347 1.143433 -2.160645 0.053345
5997 1444996215.664591 -7.928345 -33.234192 -132.855347 1.142548 -2.156982 0.057983
5998 1444996215.674651 -7.891296 -33.234192 -132.800629 1.141663 -2.158813 0.055664
5999 1444996215.684713 -7.965393 -33.062439 -132.800629 1.143433 -2.158813 0.054504
6000 1444996215.694775 -7.8172 -33.062439 -132.855347 1.143433 -2.160645 0.045807
6001 1444996215.704836 -8.076538 -33.148315 -132.800629 1.141663 -2.160645 0.046967
6002 1444996215.714856 -8.224731 -33.363007 -132.691193 1.143433 -2.157898 0.049286
6003 1444996215.724930 -7.928345 -33.234192 -132.855347 1.142548 -2.16156 0.058563
6004 1444996215.734993 -8.076538 -33.234192 -132.910065 1.143433 -2.159729 0.051025
6005 1444996215.745056 -8.076538 -33.191254 -133.019501 1.142548 -2.157898 0.049286
6006 1444996215.755119 -7.854248 -33.062439 -132.910065 1.143433 -2.158813 0.055664
6007 1444996215.765182 -7.928345 -33.105377 -132.855347 1.143433 -2.163391 0.052185
6008 1444996215.775246 -7.891296 -33.191254 -132.800629 1.144318 -2.159729 0.049286
6009 1444996215.785310 -7.928345 -33.148315 -133.074219 1.143433 -2.162476 0.054504
6010 1444996215.795370 -7.928345 -33.191254 -133.019501 1.143433 -2.159729 0.051025
6011 1444996215.805431 -7.891296 -33.148315 -132.800629 1.142548 -2.159729 0.051605
6012 1444996215.815494 -8.002441 -33.234192 -132.855347 1.142548 -2.164307 0.053345
6013 1444996215.825558 -7.891296 -33.191254 -132.745911 1.145203 -2.165222 0.055084
6014 1444996215.835620 -7.965393 -33.105377 -132.910065 1.145203 -2.165222 0.050446
6015 1444996215.845683 -7.8172 -33.105377 -132.910065 1.143433 -2.163391 0.055084
6016 1444996215.855743 -7.928345 -33.148315 -132.800629 1.144318 -2.167053 0.057404
6017 1444996215.865809 -7.891296 -33.234192 -132.855347 1.144318 -2.164307 0.055084
6018 1444996215.875871 -7.965393 -33.191254 -132.855347 1.144318 -2.164307 0.051605
6019 1444996215.885934 -8.002441 -33.105377 -132.855347 1.143433 -2.165222 0.054504
6020 1444996215.895970 -7.891296 -33.191254 -132.800629 1.144318 -2.170715 0.053345
6021 1444996215.906032 -8.002441 -33.234192 -132.910065 1.144318 -2.164307 0.052765
6022 1444996215.916094 -7.965393 -33.234192 -132.745911 1.143433 -2.165222 0.052765
6023 1444996215.926178 -8.002441 -33.234192 -132.855347 1.142548 -2.165222 0.060303
6024 1444996215.936240 -8.076538 -33.27713 -132.800629 1.142548 -2.164307 0.053345
6025 1444996215.946302 -8.03949 -33.148315 -133.019501 1.142548 -2.164307 0.047546
6026 1444996215.956364 -7.891296 -33.234192 -132.910065 1.143433 -2.172546 0.054504
6027 1444996215.966425 -7.965393 -33.062439 -132.745911 1.143433 -2.167969 0.055084
6028 1444996215.976444 -7.854248 -33.191254 -132.636475 1.144318 -2.1698 0.056244
6029 1444996215.986506 -7.928345 -33.062439 -132.691193 1.142548 -2.167053 0.058563
6030 1444996215.996568 -7.928345 -33.191254 -132.800629 1.144318 -2.167053 0.050446
6031 1444996216.006630 -8.03949 -33.191254 -132.855347 1.144318 -2.168884 0.052765
6032 1444996216.016693 -8.113586 -33.320068 -132.855347 1.142548 -2.170715 0.054504
6033 1444996216.026762 -7.928345 -33.105377 -132.910065 1.143433 -2.167053 0.048706
6034 1444996216.036824 -8.002441 -33.191254 -132.800629 1.143433 -2.167969 0.052765
6035 1444996216.046886 -8.113586 -33.148315 -132.855347 1.145203 -2.167053 0.057404
6036 1444996216.056948 -7.928345 -33.234192 -132.964783 1.143433 -2.166138 0.053925
6037 1444996216.067009 -7.928345 -33.191254 -132.910065 1.145203 -2.165222 0.058563
6038 1444996216.077086 -8.150635 -33.234192 -132.745911 1.143433 -2.168884 0.052185
6039 1444996216.087147 -8.03949 -33.27713 -132.800629 1.143433 -2.167053 0.051605
6040 1444996216.097208 -7.965393 -33.191254 -132.745911 1.144318 -2.168884 0.059143
6041 1444996216.107272 -7.891296 -33.191254 -132.855347 1.142548 -2.167969 0.057404
6042 1444996216.117332 -7.965393 -33.148315 -132.910065 1.145203 -2.168884 0.054504
6043 1444996216.127397 -7.965393 -33.27713 -133.019501 1.141663 -2.166138 0.052185
6044 1444996216.137460 -7.891296 -33.234192 -132.855347 1.143433 -2.165222 0.051605
6045 1444996216.147487 -7.8172 -33.105377 -132.745911 1.144318 -2.167969 0.057404
6046 1444996216.157549 -7.854248 -33.191254 -132.855347 1.141663 -2.167053 0.050446
6047 1444996216.167610 -7.928345 -33.234192 -132.636475 1.141663 -2.163391 0.052765
6048 1444996216.177630 -7.8172 -33.234192 -132.800629 1.143433 -2.164307 0.054504
6049 1444996216.187692 -7.965393 -33.191254 -132.800629 1.141663 -2.165222 0.054504
6050 1444996216.197783 -7.891296 -33.148315 -132.800629 1.146088 -2.165222 0.050446
6051 1444996216.207864 -7.854248 -33.191254 -132.581757 1.140778 -2.163391 0.053925
6052 1444996216.217926 -7.780151 -33.105377 -132.527039 1.142548 -2.164307 0.052185
6053 1444996216.228020 -7.854248 -33.062439 -132.745911 1.143433 -2.16156 0.055664
6054 1444996216.238051 -7.706055 -33.105377 -132.800629 1.144318 -2.16156 0.058563
6055 1444996216.248112 -7.928345 -33.191254 -132.745911 1.143433 -2.163391 0.054504
6056 1444996216.258174 -7.8172 -33.27713 -132.691193 1.143433 -2.163391 0.055664
6057 1444996216.268236 -7.8172 -33.062439 -132.855347 1.143433 -2.16156 0.059143
6058 1444996216.278308 -7.928345 -33.105377 -132.745911 1.145203 -2.163391 0.052765
6059 1444996216.288380 -8.002441 -33.062439 -132.745911 1.144318 -2.162476 0.046967
6060 1444996216.298442 -7.928345 -33.191254 -132.800629 1.143433 -2.159729 0.055084
6061 1444996216.308512 -7.928345 -33.105377 -132.910065 1.143433 -2.160645 0.051025
6062 1444996216.318597 -7.965393 -33.234192 -132.964783 1.142548 -2.160645 0.055084
6063 1444996216.328663 -8.002441 -33.27713 -132.910065 1.144318 -2.162476 0.052765
6064 1444996216.338716 -7.780151 -33.148315 -132.855347 1.143433 -2.156067 0.051025
6065 1444996216.348779 -7.928345 -33.148315 -132.855347 1.143433 -2.158813 0.051025
6066 1444996216.358844 -7.891296 -33.148315 -132.855347 1.144318 -2.164307 0.055664
6067 1444996216.368899 -7.854248 -33.148315 -132.745911 1.143433 -2.157898 0.052185
6068 1444996216.378964 -8.03949 -33.062439 -132.855347 1.144318 -2.158813 0.049286
6069 1444996216.389032 -7.928345 -33.234192 -132.855347 1.144318 -2.159729 0.053925
6070 1444996216.399092 -8.113586 -33.105377 -132.745911 1.143433 -2.160645 0.055664
6071 1444996216.409179 -7.854248 -33.27713 -132.855347 1.143433 -2.158813 0.050446
6072 1444996216.419222 -8.076538 -33.191254 -132.745911 1.143433 -2.16156 0.053345
6073 1444996216.429284 -7.965393 -33.191254 -132.855347 1.141663 -2.160645 0.050446
6074 1444996216.439412 -8.150635 -33.191254 -132.910065 1.145203 -2.164307 0.046967
6075 1444996216.449455 -7.928345 -33.405945 -132.636475 1.141663 -2.160645 0.056244
6076 1444996216.459520 -7.743103 -33.27713 -132.800629 1.142548 -2.158813 0.059723
6077 1444996216.469593 -7.965393 -33.105377 -132.910065 1.140778 -2.160645 0.057404
6078 1444996216.479659 -7.854248 -33.27713 -132.964783 1.144318 -2.164307 0.049286
6079 1444996216.489725 -8.03949 -33.105377 -132.964783 1.141663 -2.160645 0.052185
6080 1444996216.499787 -7.965393 -33.062439 -132.800629 1.143433 -2.165222 0.046967
6081 1444996216.509853 -7.965393 -33.019501 -132.636475 1.144318 -2.167053 0.048706
6082 1444996216.519915 -8.076538 -33.105377 -132.745911 1.143433 -2.164307 0.048706
6083 1444996216.529980 -7.965393 -33.191254 -132.800629 1.145203 -2.165222 0.046967
6084 1444996216.540206 -7.891296 -33.148315 -132.691193 1.142548 -2.167969 0.057404
6085 1444996216.550266 -7.928345 -33.105377 -132.855347 1.143433 -2.166138 0.051025
6086 1444996216.560329 -7.854248 -33.105377 -132.800629 1.143433 -2.162476 0.048706
6087 1444996216.570391 -7.891296 -33.191254 -132.910065 1.143433 -2.163391 0.051025
6088 1444996216.580453 -8.002441 -33.105377 -132.964783 1.143433 -2.167969 0.048126
6089 1444996216.590514 -8.03949 -33.27713 -132.855347 1.142548 -2.171631 0.048126
6090 1444996216.600576 -8.113586 -33.148315 -133.074219 1.145203 -2.167969 0.048706
6091 1444996216.610636 -8.002441 -33.234192 -132.964783 1.145203 -2.172546 0.048126
6092 1444996216.620716 -8.002441 -33.148315 -132.910065 1.144318 -2.170715 0.051605
6093 1444996216.630817 -8.03949 -33.191254 -132.855347 1.143433 -2.1698 0.048706
6094 1444996216.640888 -8.002441 -33.27713 -132.964783 1.145203 -2.1698 0.055084
6095 1444996216.650972 -7.854248 -33.191254 -132.910065 1.144318 -2.174377 0.057404
6096 1444996216.661035 -7.854248 -33.105377 -132.800629 1.146088 -2.171631 0.051025
6097 1444996216.671107 -7.743103 -33.148315 -132.964783 1.143433 -2.167969 0.052185
6098 1444996216.681171 -7.743103 -33.019501 -132.964783 1.142548 -2.1698 0.055084
6099 1444996216.691235 -7.928345 -33.148315 -132.855347 1.142548 -2.167053 0.047546
6100 1444996216.701296 -7.854248 -33.148315 -132.855347 1.143433 -2.170715 0.055664
6101 1444996216.711358 -7.8172 -33.191254 -132.800629 1.142548 -2.168884 0.052765
6102 1444996216.721421 -7.891296 -33.191254 -132.800629 1.143433 -2.168884 0.046967
6103 1444996216.731480 -7.928345 -33.019501 -132.910065 1.141663 -2.1698 0.050446
6104 1444996216.741556 -7.965393 -33.320068 -132.745911 1.141663 -2.171631 0.049286
6105 1444996216.751621 -7.891296 -33.148315 -133.019501 1.144318 -2.1698 0.052765
6106 1444996216.761687 -7.8172 -33.148315 -132.855347 1.142548 -2.166138 0.052765
6107 1444996216.771750 -7.854248 -33.105377 -132.855347 1.142548 -2.168884 0.051605
6108 1444996216.781811 -7.854248 -33.191254 -132.745911 1.141663 -2.162476 0.051025
6109 1444996216.791877 -7.780151 -33.148315 -132.910065 1.143433 -2.166138 0.049866
6110 1444996216.801940 -7.965393 -33.191254 -132.964783 1.142548 -2.167969 0.049866
6111 1444996216.812003 -7.928345 -33.062439 -132.800629 1.146088 -2.167969 0.044067
6112 1444996216.822065 -8.113586 -33.148315 -132.910065 1.144318 -2.167969 0.045807
6113 1444996216.832124 -7.965393 -33.191254 -132.855347 1.143433 -2.170715 0.053345
6114 1444996216.842190 -8.002441 -33.148315 -132.910065 1.143433 -2.172546 0.051025
6115 1444996216.852274 -8.002441 -33.191254 -133.074219 1.145203 -2.170715 0.046967
6116 1444996216.862335 -8.03949 -33.320068 -133.019501 1.144318 -2.1698 0.053925
6117 1444996216.872397 -7.854248 -33.148315 -133.128937 1.145203 -2.170715 0.053925
6118 1444996216.882458 -8.03949 -33.062439 -133.128937 1.144318 -2.167969 0.045227
6119 1444996216.892520 -7.854248 -33.234192 -133.019501 1.143433 -2.167969 0.050446
6120 1444996216.902580 -7.780151 -33.105377 -133.019501 1.141663 -2.163391 0.049866
6121 1444996216.912640 -7.854248 -33.062439 -133.019501 1.144318 -2.168884 0.055084
6122 1444996216.922705 -7.780151 -33.320068 -132.910065 1.141663 -2.170715 0.056244
6123 1444996216.932767 -7.891296 -33.191254 -132.800629 1.142548 -2.167969 0.052765
6124 1444996216.942829 -7.891296 -33.405945 -132.855347 1.140778 -2.163391 0.048706
6125 1444996216.952893 -7.928345 -33.105377 -132.855347 1.144318 -2.167969 0.055664
6126 1444996216.962949 -7.965393 -33.234192 -133.019501 1.141663 -2.167053 0.050446
6127 1444996216.973033 -7.965393 -33.234192 -132.745911 1.141663 -2.167053 0.043488
6128 1444996216.983127 -7.965393 -33.27713 -132.745911 1.140778 -2.167969 0.048706
6129 1444996216.993159 -7.854248 -33.27713 -132.910065 1.141663 -2.164307 0.047546
6130 1444996217.003222 -7.8172 -33.191254 -132.910065 1.140778 -2.163391 0.048126
6131 1444996217.013284 -7.8172 -33.234192 -132.745911 1.142548 -2.166138 0.051605
6132 1444996217.023345 -7.928345 -33.234192 -132.855347 1.140778 -2.165222 0.052765
6133 1444996217.033408 -7.891296 -33.27713 -132.964783 1.142548 -2.167053 0.046387
6134 1444996217.043470 -8.03949 -33.363007 -132.800629 1.140778 -2.164307 0.052185
6135 1444996217.053533 -7.854248 -33.191254 -132.964783 1.142548 -2.164307 0.051605
6136 1444996217.063610 -7.928345 -33.27713 -132.800629 1.140778 -2.165222 0.046967
6137 1444996217.073671 -8.076538 -33.191254 -132.855347 1.142548 -2.166138 0.046387
6138 1444996217.083733 -7.8172 -33.191254 -132.910065 1.143433 -2.16156 0.052765
6139 1444996217.093796 -7.780151 -33.148315 -133.074219 1.142548 -2.164307 0.049866
6140 1444996217.103851 -7.891296 -33.148315 -132.800629 1.142548 -2.165222 0.046387
6141 1444996217.113912 -7.854248 -33.27713 -133.074219 1.143433 -2.165222 0.048706
6142 1444996217.123975 -8.002441 -33.234192 -132.910065 1.143433 -2.166138 0.051605
6143 1444996217.134035 -7.965393 -33.320068 -133.074219 1.143433 -2.164307 0.053925
6144 1444996217.144098 -7.854248 -33.234192 -132.800629 1.142548 -2.164307 0.057983
6145 1444996217.154159 -7.965393 -33.234192 -133.128937 1.143433 -2.159729 0.046387
6146 1444996217.164221 -7.8172 -33.148315 -133.128937 1.141663 -2.164307 0.048706
6147 1444996217.174284 -7.780151 -33.062439 -132.964783 1.142548 -2.162476 0.051025
6148 1444996217.184360 -7.8172 -33.234192 -132.910065 1.143433 -2.163391 0.043488
6149 1444996217.194421 -7.928345 -33.234192 -133.019501 1.141663 -2.162476 0.050446
6150 1444996217.204483 -7.8172 -33.191254 -133.074219 1.142548 -2.165222 0.051605
6151 1444996217.214545 -8.002441 -33.105377 -133.019501 1.141663 -2.166138 0.047546
6152 1444996217.224615 -8.002441 -33.191254 -132.745911 1.140778 -2.171631 0.044647
6153 1444996217.234683 -7.965393 -33.363007 -133.019501 1.142548 -2.168884 0.048126
6154 1444996217.244768 -7.928345 -33.27713 -132.964783 1.140778 -2.171631 0.054504
6155 1444996217.254807 -7.780151 -33.27713 -132.800629 1.140778 -2.167053 0.053345
6156 1444996217.264871 -7.854248 -33.191254 -132.745911 1.139008 -2.166138 0.051025
6157 1444996217.274952 -7.891296 -33.234192 -132.910065 1.140778 -2.167969 0.046967
6158 1444996217.284988 -7.891296 -33.320068 -132.964783 1.140778 -2.166138 0.051025
6159 1444996217.295049 -7.854248 -33.105377 -132.964783 1.140778 -2.168884 0.047546
6160 1444996217.305111 -7.891296 -33.27713 -132.910065 1.140778 -2.167053 0.054504
6161 1444996217.315173 -7.743103 -33.363007 -132.800629 1.139008 -2.167053 0.053925
6162 1444996217.325222 -7.928345 -33.27713 -132.910065 1.141663 -2.167053 0.049286
6163 1444996217.335285 -7.965393 -33.320068 -132.910065 1.140778 -2.171631 0.049286
6164 1444996217.345347 -7.780151 -33.191254 -132.800629 1.140778 -2.173462 0.053925
6165 1444996217.355406 -7.8172 -33.234192 -132.964783 1.143433 -2.170715 0.053345
6166 1444996217.365451 -7.965393 -33.320068 -132.964783 1.142548 -2.1698 0.049866
6167 1444996217.375529 -7.8172 -33.405945 -132.855347 1.140778 -2.170715 0.053345
6168 1444996217.385590 -7.928345 -33.148315 -132.910065 1.141663 -2.171631 0.052185
6169 1444996217.395652 -7.8172 -33.234192 -133.019501 1.142548 -2.1698 0.045807
6170 1444996217.405718 -7.928345 -33.148315 -133.074219 1.141663 -2.171631 0.054504
6171 1444996217.415747 -7.854248 -33.234192 -133.074219 1.142548 -2.167053 0.048706
6172 1444996217.425827 -7.928345 -33.191254 -133.019501 1.142548 -2.167053 0.042908
6173 1444996217.435847 -7.854248 -33.234192 -132.910065 1.142548 -2.173462 0.051605
6174 1444996217.445909 -7.891296 -33.320068 -132.964783 1.144318 -2.172546 0.052765
6175 1444996217.455971 -7.965393 -33.27713 -132.964783 1.141663 -2.174377 0.046967
6176 1444996217.466035 -7.928345 -33.320068 -132.745911 1.143433 -2.171631 0.053345
6177 1444996217.476129 -7.706055 -33.27713 -132.855347 1.141663 -2.170715 0.053345
6178 1444996217.486234 -7.891296 -33.148315 -133.019501 1.142548 -2.170715 0.049866
6179 1444996217.496296 -7.743103 -33.234192 -133.019501 1.140778 -2.171631 0.053345
6180 1444996217.506364 -7.8172 -33.148315 -132.855347 1.144318 -2.173462 0.056244
6181 1444996217.516424 -7.780151 -33.27713 -132.745911 1.139893 -2.171631 0.048126
6182 1444996217.526490 -7.891296 -33.234192 -132.800629 1.141663 -2.173462 0.048126
6183 1444996217.536551 -7.891296 -33.191254 -132.910065 1.140778 -2.1698 0.049286
6184 1444996217.546613 -7.891296 -33.234192 -132.800629 1.142548 -2.167969 0.048126
6185 1444996217.556675 -7.780151 -33.191254 -132.910065 1.139893 -2.170715 0.051605
6186 1444996217.566736 -7.854248 -33.148315 -133.019501 1.141663 -2.170715 0.048706
6187 1444996217.576814 -7.928345 -33.363007 -132.691193 1.139893 -2.1698 0.045807
6188 1444996217.586877 -7.965393 -33.234192 -132.855347 1.140778 -2.167053 0.048706
6189 1444996217.596938 -7.891296 -33.148315 -132.855347 1.140778 -2.173462 0.053345
6190 1444996217.607003 -8.002441 -33.405945 -132.910065 1.142548 -2.1698 0.044067
6191 1444996217.617064 -7.965393 -33.234192 -132.855347 1.140778 -2.171631 0.053345
6192 1444996217.627127 -7.743103 -33.234192 -132.800629 1.141663 -2.172546 0.056824
6193 1444996217.637187 -7.928345 -33.27713 -132.910065 1.139893 -2.1698 0.049286
6194 1444996217.647247 -7.780151 -33.234192 -133.019501 1.142548 -2.168884 0.049286
6195 1444996217.657271 -7.780151 -33.062439 -132.910065 1.142548 -2.168884 0.053925
6196 1444996217.667335 -8.002441 -33.363007 -132.855347 1.141663 -2.168884 0.051605
6197 1444996217.677412 -7.891296 -33.27713 -132.910065 1.141663 -2.168884 0.050446
6198 1444996217.687474 -7.743103 -33.234192 -132.855347 1.142548 -2.170715 0.051605
6199 1444996217.697534 -7.891296 -33.27713 -132.855347 1.142548 -2.171631 0.052185
6200 1444996217.707597 -7.854248 -33.148315 -133.074219 1.142548 -2.167969 0.043488
6201 1444996217.717659 -7.891296 -33.363007 -132.855347 1.143433 -2.1698 0.047546
6202 1444996217.727726 -7.928345 -33.148315 -132.964783 1.142548 -2.171631 0.049286
6203 1444996217.737788 -7.8172 -33.234192 -132.910065 1.142548 -2.167053 0.049866
6204 1444996217.747896 -8.002441 -33.234192 -132.910065 1.141663 -2.167053 0.053925
6205 1444996217.757921 -8.002441 -33.148315 -132.964783 1.142548 -2.168884 0.050446
6206 1444996217.767983 -8.002441 -33.27713 -132.910065 1.142548 -2.165222 0.051605
6207 1444996217.778047 -7.854248 -33.320068 -132.855347 1.140778 -2.167969 0.052765
6208 1444996217.788111 -7.891296 -33.320068 -132.745911 1.141663 -2.165222 0.052765
6209 1444996217.798201 -7.8172 -33.234192 -132.745911 1.140778 -2.167053 0.057983
6210 1444996217.808262 -7.8172 -33.320068 -132.910065 1.139893 -2.164307 0.055664
6211 1444996217.818278 -7.965393 -33.27713 -132.855347 1.140778 -2.167053 0.049286
6212 1444996217.828340 -7.965393 -33.27713 -132.745911 1.141663 -2.168884 0.048706
6213 1444996217.838367 -7.854248 -33.191254 -132.910065 1.142548 -2.166138 0.048706
6214 1444996217.848393 -7.854248 -33.191254 -132.800629 1.140778 -2.163391 0.046967
6215 1444996217.858408 -7.928345 -33.234192 -132.745911 1.141663 -2.167053 0.045227
6216 1444996217.868434 -7.8172 -33.363007 -132.745911 1.142548 -2.167053 0.047546
6217 1444996217.878518 -7.854248 -33.234192 -132.745911 1.141663 -2.162476 0.054504
6218 1444996217.888581 -7.743103 -33.320068 -132.636475 1.140778 -2.164307 0.055084
6219 1444996217.898643 -7.780151 -33.27713 -132.691193 1.140778 -2.163391 0.048706
6220 1444996217.908723 -8.002441 -33.105377 -132.855347 1.141663 -2.1698 0.046387
6221 1444996217.918767 -8.002441 -33.320068 -132.855347 1.142548 -2.170715 0.052185
6222 1444996217.928851 -7.669006 -33.148315 -132.800629 1.141663 -2.166138 0.056244
6223 1444996217.938909 -7.891296 -33.27713 -132.745911 1.140778 -2.166138 0.049286
6224 1444996217.948975 -7.928345 -33.363007 -132.636475 1.139893 -2.1698 0.051605
6225 1444996217.959037 -7.854248 -33.320068 -132.800629 1.143433 -2.166138 0.054504
6226 1444996217.969098 -7.631958 -33.320068 -132.855347 1.141663 -2.165222 0.060303
6227 1444996217.979165 -7.669006 -33.191254 -132.691193 1.142548 -2.165222 0.055084
6228 1444996217.989228 -7.780151 -33.148315 -132.745911 1.142548 -2.168884 0.050446
6229 1444996217.999322 -7.8172 -33.148315 -132.910065 1.140778 -2.168884 0.052185
6230 1444996218.009468 -8.002441 -33.105377 -132.964783 1.144318 -2.1698 0.041168
6231 1444996218.019531 -7.8172 -33.191254 -132.691193 1.141663 -2.174377 0.053345
6232 1444996218.029594 -7.854248 -33.105377 -132.855347 1.141663 -2.171631 0.053345
6233 1444996218.039656 -7.780151 -33.27713 -132.800629 1.142548 -2.173462 0.051025
6234 1444996218.049745 -7.854248 -33.27713 -132.800629 1.141663 -2.174377 0.055084
6235 1444996218.059803 -7.854248 -33.27713 -132.691193 1.140778 -2.173462 0.050446
6236 1444996218.069971 -7.891296 -33.148315 -132.745911 1.140778 -2.173462 0.044647
6237 1444996218.080100 -7.8172 -33.27713 -132.800629 1.140778 -2.174377 0.051605
6238 1444996218.090163 -7.965393 -33.320068 -132.745911 1.140778 -2.171631 0.049866
6239 1444996218.100223 -7.669006 -33.320068 -132.800629 1.143433 -2.171631 0.046967
6240 1444996218.110285 -7.8172 -33.234192 -132.855347 1.140778 -2.170715 0.052185
6241 1444996218.120346 -7.928345 -33.27713 -132.855347 1.142548 -2.175293 0.052185
6242 1444996218.130411 -7.891296 -33.191254 -132.745911 1.141663 -2.176208 0.045227
6243 1444996218.140479 -7.928345 -33.148315 -132.964783 1.142548 -2.172546 0.045227
6244 1444996218.150541 -7.891296 -33.27713 -132.745911 1.139893 -2.177124 0.053925
6245 1444996218.160618 -7.854248 -33.27713 -132.745911 1.142548 -2.172546 0.052185
6246 1444996218.170704 -7.891296 -33.27713 -132.855347 1.141663 -2.1698 0.046967
6247 1444996218.180741 -7.743103 -33.234192 -132.855347 1.140778 -2.175293 0.053925
6248 1444996218.190821 -7.854248 -33.062439 -132.855347 1.143433 -2.172546 0.043488
6249 1444996218.200843 -8.002441 -33.320068 -132.745911 1.143433 -2.174377 0.042328
6250 1444996218.210926 -7.780151 -33.27713 -132.910065 1.141663 -2.173462 0.057983
6251 1444996218.220992 -7.8172 -33.234192 -132.800629 1.142548 -2.173462 0.053925
6252 1444996218.231078 -8.03949 -33.191254 -132.910065 1.140778 -2.171631 0.037109
6253 1444996218.241140 -8.03949 -33.148315 -132.745911 1.142548 -2.177124 0.048126
6254 1444996218.251203 -7.8172 -33.363007 -132.800629 1.142548 -2.175293 0.051605
6255 1444996218.261220 -7.891296 -33.062439 -132.800629 1.141663 -2.172546 0.051025
6256 1444996218.271291 -7.8172 -33.27713 -132.745911 1.140778 -2.173462 0.052185
6257 1444996218.281366 -7.891296 -33.234192 -132.800629 1.139893 -2.172546 0.053925
6258 1444996218.291463 -7.706055 -33.363007 -132.800629 1.142548 -2.173462 0.048126
6259 1444996218.301526 -7.743103 -33.27713 -132.800629 1.140778 -2.173462 0.051025
6260 1444996218.311622 -7.706055 -33.148315 -132.910065 1.142548 -2.172546 0.049286
6261 1444996218.321665 -7.854248 -33.105377 -132.964783 1.141663 -2.173462 0.046967
6262 1444996218.331728 -7.928345 -33.148315 -132.910065 1.140778 -2.172546 0.052185
6263 1444996218.341807 -7.891296 -33.27713 -132.855347 1.141663 -2.170715 0.050446
6264 1444996218.351869 -7.965393 -33.234192 -132.855347 1.143433 -2.175293 0.045227
6265 1444996218.361932 -7.8172 -33.234192 -132.636475 1.139893 -2.171631 0.052185
6266 1444996218.371994 -7.891296 -33.234192 -132.964783 1.143433 -2.172546 0.044067
6267 1444996218.382057 -7.965393 -33.320068 -132.800629 1.143433 -2.171631 0.042908
6268 1444996218.392176 -7.891296 -33.320068 -132.745911 1.139008 -2.172546 0.052765
6269 1444996218.402183 -7.854248 -33.27713 -132.855347 1.140778 -2.173462 0.046387
6270 1444996218.412245 -7.965393 -33.191254 -132.910065 1.140778 -2.171631 0.046387
6271 1444996218.422327 -7.8172 -33.320068 -132.910065 1.141663 -2.167053 0.053925
6272 1444996218.432389 -7.891296 -33.062439 -132.855347 1.142548 -2.171631 0.038269
6273 1444996218.442453 -7.854248 -33.148315 -132.800629 1.139893 -2.172546 0.050446
6274 1444996218.452481 -7.854248 -33.27713 -132.964783 1.142548 -2.167053 0.048706
6275 1444996218.462543 -7.854248 -33.234192 -132.691193 1.141663 -2.167969 0.046967
6276 1444996218.472601 -7.669006 -33.234192 -133.074219 1.142548 -2.170715 0.045227
6277 1444996218.482662 -7.854248 -33.191254 -132.745911 1.139893 -2.174377 0.054504
6278 1444996218.492723 -7.743103 -33.27713 -132.855347 1.141663 -2.168884 0.042328
6279 1444996218.502786 -7.780151 -33.234192 -132.745911 1.140778 -2.168884 0.049286
6280 1444996218.512846 -7.706055 -33.148315 -132.910065 1.142548 -2.167969 0.052765
6281 1444996218.522949 -7.854248 -33.191254 -132.745911 1.142548 -2.167969 0.048126
6282 1444996218.533022 -7.780151 -33.363007 -132.910065 1.141663 -2.166138 0.044647
6283 1444996218.543095 -7.743103 -33.234192 -132.745911 1.140778 -2.171631 0.056244
6284 1444996218.553156 -7.706055 -33.191254 -132.800629 1.143433 -2.173462 0.045227
6285 1444996218.563219 -7.928345 -33.234192 -132.855347 1.142548 -2.170715 0.044067
6286 1444996218.573288 -8.002441 -33.320068 -132.745911 1.141663 -2.171631 0.049286
6287 1444996218.583353 -7.965393 -33.363007 -132.691193 1.140778 -2.170715 0.045807
6288 1444996218.593390 -7.780151 -33.320068 -132.691193 1.141663 -2.166138 0.049866
6289 1444996218.603454 -7.8172 -33.105377 -133.019501 1.141663 -2.168884 0.050446
6290 1444996218.613518 -7.854248 -33.191254 -132.964783 1.140778 -2.170715 0.048126
6291 1444996218.623621 -7.780151 -33.320068 -132.910065 1.141663 -2.173462 0.046387
6292 1444996218.633684 -8.002441 -33.320068 -132.855347 1.141663 -2.174377 0.048706
6293 1444996218.643747 -7.928345 -33.191254 -132.855347 1.142548 -2.170715 0.051605
6294 1444996218.653809 -7.854248 -33.234192 -132.910065 1.142548 -2.170715 0.049866
6295 1444996218.663870 -7.891296 -33.320068 -133.019501 1.139893 -2.167969 0.044647
6296 1444996218.673931 -7.928345 -33.234192 -132.855347 1.141663 -2.173462 0.048126
6297 1444996218.683995 -8.03949 -33.27713 -132.964783 1.140778 -2.170715 0.044647
6298 1444996218.694114 -7.8172 -33.234192 -132.964783 1.142548 -2.177124 0.046967
6299 1444996218.704174 -7.891296 -33.148315 -132.745911 1.141663 -2.171631 0.052185
6300 1444996218.714185 -7.891296 -33.320068 -132.636475 1.139893 -2.1698 0.051605
6301 1444996218.724246 -7.780151 -33.234192 -132.855347 1.141663 -2.1698 0.047546
6302 1444996218.734307 -7.8172 -33.234192 -132.910065 1.140778 -2.172546 0.052765
6303 1444996218.744370 -7.8172 -33.405945 -132.855347 1.141663 -2.171631 0.051605
6304 1444996218.754430 -7.631958 -33.320068 -132.855347 1.140778 -2.168884 0.052765
6305 1444996218.764490 -7.965393 -33.105377 -133.019501 1.142548 -2.171631 0.048706
6306 1444996218.774554 -7.854248 -33.363007 -132.800629 1.141663 -2.172546 0.046967
6307 1444996218.784616 -7.854248 -33.148315 -132.800629 1.140778 -2.173462 0.047546
6308 1444996218.794680 -7.706055 -33.27713 -132.800629 1.140778 -2.175293 0.049866
6309 1444996218.804756 -8.002441 -33.27713 -132.855347 1.140778 -2.173462 0.046967
6310 1444996218.814778 -7.965393 -33.27713 -132.745911 1.139893 -2.172546 0.045227
6311 1444996218.824840 -8.002441 -33.363007 -132.855347 1.142548 -2.176208 0.047546
6312 1444996218.834908 -7.854248 -33.27713 -132.800629 1.140778 -2.173462 0.053925
6313 1444996218.844969 -7.631958 -33.234192 -132.855347 1.143433 -2.17804 0.051605
6314 1444996218.855040 -7.780151 -33.148315 -132.636475 1.140778 -2.176208 0.052765
6315 1444996218.865102 -7.743103 -33.234192 -132.855347 1.139893 -2.173462 0.049866
6316 1444996218.875234 -7.743103 -33.363007 -132.745911 1.142548 -2.177124 0.050446
6317 1444996218.885297 -7.8172 -33.191254 -132.855347 1.141663 -2.178955 0.047546
6318 1444996218.895357 -7.928345 -33.363007 -132.910065 1.142548 -2.180786 0.051605
6319 1444996218.905421 -7.854248 -33.27713 -132.910065 1.141663 -2.173462 0.045227
6320 1444996218.915482 -7.8172 -33.320068 -132.745911 1.141663 -2.175293 0.049286
6321 1444996218.925568 -7.743103 -33.27713 -132.800629 1.140778 -2.180786 0.052765
6322 1444996218.935627 -7.891296 -33.320068 -132.800629 1.142548 -2.173462 0.052765
6323 1444996218.945688 -7.854248 -33.363007 -133.019501 1.141663 -2.174377 0.046967
6324 1444996218.955757 -7.780151 -33.234192 -132.745911 1.141663 -2.176208 0.046967
6325 1444996218.965821 -7.780151 -33.191254 -132.855347 1.141663 -2.174377 0.044067
6326 1444996218.975883 -7.780151 -33.148315 -132.855347 1.141663 -2.178955 0.044647
6327 1444996218.985947 -7.965393 -33.234192 -132.855347 1.140778 -2.174377 0.042328
6328 1444996218.996009 -7.965393 -33.234192 -132.800629 1.141663 -2.176208 0.045227
6329 1444996219.006074 -7.780151 -33.27713 -132.910065 1.141663 -2.177124 0.051025
6330 1444996219.016137 -7.669006 -33.234192 -132.964783 1.141663 -2.173462 0.048706
6331 1444996219.026219 -7.743103 -33.234192 -132.910065 1.141663 -2.173462 0.052765
6332 1444996219.036231 -7.854248 -33.234192 -132.855347 1.141663 -2.173462 0.044067
6333 1444996219.046293 -7.854248 -33.320068 -132.964783 1.141663 -2.173462 0.045227
6334 1444996219.056370 -7.706055 -33.320068 -132.910065 1.141663 -2.172546 0.051025
6335 1444996219.066430 -7.780151 -33.191254 -132.745911 1.141663 -2.173462 0.050446
6336 1444996219.076493 -7.780151 -33.27713 -132.855347 1.141663 -2.174377 0.050446
6337 1444996219.086554 -7.743103 -33.27713 -132.855347 1.141663 -2.176208 0.051025
6338 1444996219.096626 -7.8172 -33.363007 -132.964783 1.143433 -2.175293 0.044647
6339 1444996219.106686 -7.965393 -33.191254 -132.964783 1.141663 -2.175293 0.038269
6340 1444996219.116774 -8.002441 -33.234192 -132.800629 1.141663 -2.178955 0.042328
6341 1444996219.126880 -7.965393 -33.27713 -132.964783 1.140778 -2.175293 0.045807
6342 1444996219.136944 -7.891296 -33.234192 -132.964783 1.139893 -2.173462 0.041168
6343 1444996219.147007 -7.8172 -33.148315 -132.855347 1.142548 -2.171631 0.049866
6344 1444996219.157069 -7.8172 -33.27713 -132.910065 1.142548 -2.172546 0.045807
6345 1444996219.167123 -7.854248 -33.148315 -132.800629 1.140778 -2.172546 0.048126
6346 1444996219.177185 -7.780151 -33.320068 -132.855347 1.143433 -2.174377 0.043488
6347 1444996219.187248 -7.891296 -33.27713 -132.745911 1.139893 -2.175293 0.044647
6348 1444996219.197309 -7.965393 -33.405945 -132.855347 1.139893 -2.1698 0.044067
6349 1444996219.207372 -7.743103 -33.191254 -132.910065 1.141663 -2.170715 0.046387
6350 1444996219.217433 -7.928345 -33.27713 -132.855347 1.140778 -2.170715 0.044067
6351 1444996219.227506 -7.965393 -33.363007 -132.964783 1.141663 -2.168884 0.047546
6352 1444996219.237566 -7.743103 -33.27713 -132.855347 1.141663 -2.173462 0.048126
6353 1444996219.247628 -7.669006 -33.191254 -132.910065 1.141663 -2.173462 0.041168
6354 1444996219.257689 -7.8172 -33.27713 -132.964783 1.139893 -2.174377 0.046387
6355 1444996219.267806 -7.891296 -33.019501 -132.910065 1.143433 -2.173462 0.048126
6356 1444996219.277873 -7.669006 -33.27713 -132.910065 1.141663 -2.176208 0.048126
6357 1444996219.287936 -7.8172 -33.105377 -132.910065 1.141663 -2.168884 0.038849
6358 1444996219.298037 -7.891296 -33.234192 -132.855347 1.139008 -2.170715 0.048126
6359 1444996219.308099 -7.854248 -33.363007 -132.964783 1.141663 -2.1698 0.042908
6360 1444996219.318161 -7.780151 -33.27713 -132.855347 1.141663 -2.172546 0.049286
6361 1444996219.328234 -7.891296 -33.363007 -132.910065 1.140778 -2.173462 0.046387
6362 1444996219.338295 -7.854248 -33.234192 -132.855347 1.139893 -2.170715 0.043488
6363 1444996219.348358 -7.928345 -33.148315 -132.855347 1.140778 -2.173462 0.040588
6364 1444996219.358420 -7.854248 -33.363007 -132.910065 1.141663 -2.172546 0.048126
6365 1444996219.368486 -7.780151 -33.191254 -133.019501 1.141663 -2.171631 0.046387
6366 1444996219.378596 -7.743103 -33.148315 -132.910065 1.140778 -2.173462 0.045227
6367 1444996219.388637 -7.8172 -33.27713 -132.910065 1.141663 -2.174377 0.042908
6368 1444996219.398700 -7.891296 -33.320068 -132.745911 1.140778 -2.17804 0.048706
6369 1444996219.408771 -7.854248 -33.27713 -132.800629 1.142548 -2.172546 0.042328
6370 1444996219.418842 -7.891296 -33.191254 -132.964783 1.142548 -2.174377 0.042908
6371 1444996219.428905 -7.780151 -33.320068 -132.855347 1.141663 -2.173462 0.050446
6372 1444996219.439052 -7.8172 -33.405945 -132.800629 1.139008 -2.174377 0.045227
6373 1444996219.449114 -7.854248 -33.27713 -132.745911 1.140778 -2.176208 0.044647
6374 1444996219.459182 -7.8172 -33.363007 -132.800629 1.141663 -2.177124 0.048126
6375 1444996219.469245 -7.743103 -33.234192 -132.745911 1.140778 -2.170715 0.048706
6376 1444996219.479315 -7.743103 -33.27713 -132.855347 1.141663 -2.171631 0.046967
6377 1444996219.489391 -7.706055 -33.148315 -132.691193 1.141663 -2.172546 0.048126
6378 1444996219.499454 -7.743103 -33.320068 -132.964783 1.140778 -2.174377 0.043488
6379 1444996219.509497 -7.854248 -33.191254 -132.855347 1.140778 -2.176208 0.040588
6380 1444996219.519564 -7.928345 -33.148315 -132.855347 1.143433 -2.178955 0.040009
6381 1444996219.529599 -7.780151 -33.191254 -132.800629 1.142548 -2.177124 0.046387
6382 1444996219.539663 -7.706055 -33.27713 -132.800629 1.141663 -2.172546 0.051605
6383 1444996219.549725 -7.706055 -33.363007 -132.691193 1.141663 -2.170715 0.045807
6384 1444996219.559788 -7.669006 -33.27713 -132.855347 1.139893 -2.170715 0.049286
6385 1444996219.569851 -7.706055 -33.191254 -132.636475 1.141663 -2.174377 0.043488
6386 1444996219.579913 -7.891296 -33.148315 -132.855347 1.141663 -2.174377 0.044647
6387 1444996219.589975 -7.706055 -33.320068 -132.800629 1.141663 -2.175293 0.048126
6388 1444996219.600046 -7.8172 -33.27713 -132.964783 1.143433 -2.175293 0.045227
6389 1444996219.610100 -7.854248 -33.234192 -132.855347 1.140778 -2.179871 0.048126
6390 1444996219.620179 -7.780151 -33.148315 -132.691193 1.140778 -2.17804 0.043488
6391 1444996219.630241 -7.854248 -33.320068 -132.964783 1.143433 -2.179871 0.044067
6392 1444996219.640303 -7.928345 -33.191254 -132.964783 1.141663 -2.177124 0.045227
6393 1444996219.650365 -7.854248 -33.105377 -132.910065 1.143433 -2.179871 0.040588
6394 1444996219.660426 -7.854248 -33.27713 -132.855347 1.142548 -2.177124 0.046967
6395 1444996219.670488 -7.706055 -33.320068 -132.745911 1.140778 -2.177124 0.047546
6396 1444996219.680550 -7.743103 -33.234192 -132.800629 1.142548 -2.176208 0.048706
6397 1444996219.690613 -7.706055 -33.234192 -132.855347 1.141663 -2.174377 0.045807
6398 1444996219.700676 -7.706055 -33.062439 -132.910065 1.142548 -2.174377 0.044647
6399 1444996219.710737 -7.706055 -33.27713 -132.910065 1.139008 -2.174377 0.046967
6400 1444996219.720814 -7.780151 -33.27713 -132.745911 1.139893 -2.173462 0.044067
6401 1444996219.730877 -7.780151 -33.234192 -132.800629 1.142548 -2.178955 0.040009
6402 1444996219.740940 -7.743103 -33.148315 -132.910065 1.142548 -2.17804 0.046387
6403 1444996219.751025 -7.8172 -33.191254 -132.800629 1.141663 -2.17804 0.048126
6404 1444996219.761084 -7.743103 -33.234192 -132.745911 1.141663 -2.180786 0.045807
6405 1444996219.771144 -7.854248 -33.234192 -132.745911 1.141663 -2.177124 0.044647
6406 1444996219.781251 -7.928345 -33.234192 -132.964783 1.141663 -2.177124 0.043488
6407 1444996219.791336 -7.8172 -33.148315 -132.910065 1.141663 -2.175293 0.042328
6408 1444996219.801372 -7.928345 -33.320068 -132.855347 1.141663 -2.173462 0.041168
6409 1444996219.811436 -7.8172 -33.234192 -132.910065 1.141663 -2.174377 0.050446
6410 1444996219.821500 -7.780151 -33.27713 -132.855347 1.144318 -2.178955 0.048126
6411 1444996219.831561 -7.854248 -33.320068 -132.855347 1.140778 -2.176208 0.042328
6412 1444996219.841627 -7.891296 -33.234192 -132.910065 1.140778 -2.172546 0.047546
6413 1444996219.851697 -7.557861 -33.27713 -132.964783 1.140778 -2.174377 0.045227
6414 1444996219.861735 -7.669006 -33.105377 -132.800629 1.141663 -2.174377 0.039429
6415 1444996219.871817 -7.669006 -33.191254 -132.855347 1.142548 -2.172546 0.045227
6416 1444996219.881881 -7.743103 -33.363007 -132.910065 1.142548 -2.174377 0.046967
6417 1444996219.891943 -7.8172 -33.148315 -132.910065 1.142548 -2.177124 0.038849
6418 1444996219.902004 -7.780151 -33.234192 -133.019501 1.142548 -2.173462 0.046967
6419 1444996219.912092 -7.8172 -33.062439 -132.910065 1.142548 -2.175293 0.046387
6420 1444996219.922157 -7.8172 -33.363007 -132.855347 1.141663 -2.171631 0.045227
6421 1444996219.932232 -7.8172 -33.191254 -132.910065 1.140778 -2.170715 0.044067
6422 1444996219.942303 -7.854248 -33.27713 -132.910065 1.141663 -2.174377 0.043488
6423 1444996219.952366 -7.8172 -33.234192 -132.910065 1.141663 -2.176208 0.044647
6424 1444996219.962450 -7.891296 -33.148315 -132.855347 1.142548 -2.174377 0.03537
6425 1444996219.972560 -7.8172 -33.148315 -132.800629 1.141663 -2.173462 0.042908
6426 1444996219.982619 -7.59491 -33.191254 -132.910065 1.142548 -2.17804 0.042328
6427 1444996219.992676 -7.854248 -33.363007 -132.745911 1.141663 -2.17804 0.039429
6428 1444996220.002755 -7.743103 -33.320068 -132.855347 1.142548 -2.175293 0.049286
6429 1444996220.012801 -7.669006 -33.105377 -132.855347 1.141663 -2.177124 0.044647
6430 1444996220.022864 -7.8172 -33.234192 -132.855347 1.142548 -2.175293 0.039429
6431 1444996220.032925 -7.965393 -33.105377 -132.800629 1.141663 -2.17804 0.040009
6432 1444996220.043069 -7.8172 -33.320068 -132.691193 1.142548 -2.178955 0.042908
6433 1444996220.053130 -7.8172 -33.105377 -132.855347 1.141663 -2.174377 0.039429
6434 1444996220.063191 -7.780151 -33.27713 -132.800629 1.143433 -2.175293 0.041168
6435 1444996220.073265 -7.891296 -33.320068 -132.964783 1.141663 -2.177124 0.044647
6436 1444996220.083345 -7.743103 -33.234192 -132.691193 1.140778 -2.174377 0.042908
6437 1444996220.093394 -7.631958 -33.191254 -132.910065 1.143433 -2.171631 0.040009
6438 1444996220.103453 -7.669006 -32.976562 -132.855347 1.141663 -2.173462 0.044647
6439 1444996220.113517 -7.669006 -33.27713 -133.019501 1.144318 -2.175293 0.039429
6440 1444996220.123646 -7.59491 -33.191254 -132.855347 1.141663 -2.174377 0.038269
6441 1444996220.133666 -7.631958 -33.148315 -132.855347 1.140778 -2.170715 0.040588
6442 1444996220.143766 -7.631958 -33.27713 -132.910065 1.142548 -2.174377 0.041168
6443 1444996220.153793 -7.891296 -33.105377 -133.019501 1.143433 -2.174377 0.040009
6444 1444996220.163874 -7.891296 -33.27713 -132.855347 1.142548 -2.175293 0.03479
6445 1444996220.173962 -7.780151 -33.148315 -132.964783 1.140778 -2.175293 0.039429
6446 1444996220.184031 -7.780151 -33.234192 -132.800629 1.140778 -2.179871 0.040009
6447 1444996220.194058 -7.928345 -33.27713 -132.964783 1.142548 -2.172546 0.037109
6448 1444996220.204120 -7.743103 -33.191254 -132.910065 1.140778 -2.172546 0.037689
6449 1444996220.214182 -7.891296 -33.27713 -132.964783 1.141663 -2.172546 0.043488
6450 1444996220.224245 -7.669006 -33.27713 -132.964783 1.140778 -2.176208 0.041748
6451 1444996220.234309 -7.780151 -33.148315 -132.910065 1.144318 -2.174377 0.039429
6452 1444996220.244373 -7.59491 -33.27713 -132.855347 1.139893 -2.174377 0.045227
6453 1444996220.254433 -7.557861 -33.019501 -132.855347 1.140778 -2.172546 0.040009
6454 1444996220.264493 -7.743103 -33.148315 -133.074219 1.142548 -2.173462 0.037689
6455 1444996220.274575 -7.743103 -33.148315 -133.074219 1.140778 -2.177124 0.043488
6456 1444996220.284626 -7.59491 -33.062439 -132.800629 1.142548 -2.177124 0.039429
6457 1444996220.294686 -7.706055 -33.148315 -132.855347 1.141663 -2.171631 0.038269
6458 1444996220.304784 -7.743103 -33.105377 -132.910065 1.139008 -2.175293 0.046387
6459 1444996220.314848 -7.631958 -33.234192 -132.910065 1.141663 -2.171631 0.039429
6460 1444996220.324921 -7.780151 -33.363007 -132.855347 1.140778 -2.173462 0.045227
6461 1444996220.334937 -7.631958 -33.105377 -132.964783 1.141663 -2.178955 0.042908
6462 1444996220.345037 -7.780151 -33.234192 -132.855347 1.141663 -2.180786 0.037689
6463 1444996220.355100 -7.780151 -33.105377 -132.910065 1.142548 -2.175293 0.040009
6464 1444996220.365163 -7.743103 -33.148315 -132.800629 1.141663 -2.178955 0.038269
6465 1444996220.375232 -7.743103 -33.234192 -132.964783 1.141663 -2.178955 0.042328
6466 1444996220.385739 -7.780151 -33.191254 -132.800629 1.141663 -2.181702 0.043488
6467 1444996220.395794 -7.854248 -33.234192 -132.855347 1.142548 -2.179871 0.038269
