29971 1444995796.667896 -0.049439 0.010986 -9.920679
29972 1444995796.678065 -0.049439 -0.076904 -10.008569
29973 1444995796.688182 0.038452 0.010986 -10.008569
29974 1444995796.698451 0.038452 0.010986 -10.008569
29975 1444995796.708562 -0.049439 0.010986 -10.008569
29976 1444995796.718588 0.038452 0.010986 -10.008569
29977 1444995796.728597 0.038452 0.010986 -10.008569
29978 1444995796.738740 0.038452 0.010986 -10.008569
29979 1444995796.745317 0.038452 0.010986 -10.008569
29980 1444995796.755122 0.038452 0.010986 -9.920679
29981 1444995796.769157 0.038452 -0.076904 -10.008569
29982 1444995796.779378 -0.049439 0.010986 -10.008569
29983 1444995796.785364 0.038452 0.010986 -10.008569
29984 1444995796.795598 -0.049439 0.010986 -10.008569
29985 1444995796.805248 0.038452 0.010986 -10.008569
29986 1444995796.815390 0.038452 0.010986 -10.008569
29987 1444995796.825701 0.038452 0.010986 -10.008569
29988 1444995796.835855 -0.049439 0.010986 -10.008569
29989 1444995796.846317 0.038452 0.010986 -10.008569
29990 1444995796.856064 0.038452 0.010986 -10.008569
29991 1444995796.866361 0.038452 0.010986 -10.008569
29992 1444995796.876100 -0.049439 0.010986 -10.008569
29993 1444995796.886692 0.038452 -0.076904 -10.008569
29994 1444995796.897076 -0.049439 0.010986 -10.008569
29995 1444995796.906826 0.038452 0.010986 -10.008569
29996 1444995796.916989 0.038452 0.010986 -10.008569
29997 1444995796.927145 -0.049439 0.010986 -10.008569
29998 1444995796.937210 -0.049439 0.010986 -10.008569
29999 1444995796.947115 0.038452 -0.076904 -10.008569
30000 1444995796.957409 0.038452 0.010986 -10.008569
30001 1444995796.967670 0.038452 0.010986 -10.008569
30002 1444995796.977823 0.038452 0.010986 -10.008569
30003 1444995796.987928 0.038452 0.010986 -10.008569
30004 1444995797.000059 0.038452 0.010986 -10.008569
30005 1444995797.008337 -0.049439 0.010986 -10.008569
30006 1444995797.020192 0.038452 0.010986 -10.008569
30007 1444995797.028548 0.038452 0.010986 -10.008569
30008 1444995797.038588 0.038452 0.010986 -10.008569
30009 1444995797.050585 -0.049439 0.010986 -10.008569
30010 1444995797.060758 0.038452 0.010986 -9.920679
30011 1444995797.070426 -0.049439 0.010986 -10.008569
30012 1444995797.080344 0.038452 0.010986 -10.008569
30013 1444995797.090842 0.038452 0.010986 -10.008569
30014 1444995797.100939 -0.049439 0.010986 -10.008569
30015 1444995797.111218 -0.049439 0.010986 -10.008569
30016 1444995797.120993 -0.049439 0.010986 -10.008569
30017 1444995797.131148 0.038452 0.010986 -10.008569
30018 1444995797.141369 0.038452 0.010986 -10.008569
30019 1444995797.151673 0.038452 0.010986 -10.008569
30020 1444995797.161604 0.038452 0.010986 -10.008569
30021 1444995797.171602 -0.049439 0.010986 -10.008569
30022 1444995797.181773 -0.049439 0.010986 -10.008569
30023 1444995797.192717 -0.049439 0.010986 -10.008569
30024 1444995797.202359 0.038452 0.010986 -10.008569
30025 1444995797.212194 0.038452 0.010986 -10.008569
30026 1444995797.222294 -0.049439 0.010986 -10.008569
30027 1444995797.232273 -0.049439 0.010986 -10.008569
30028 1444995797.242726 0.038452 0.010986 -10.008569
30029 1444995797.252469 0.038452 0.010986 -10.008569
30030 1444995797.262759 -0.049439 0.010986 -10.008569
30031 1444995797.272790 -0.049439 0.010986 -10.008569
30032 1444995797.282924 -0.049439 0.010986 -10.008569
30033 1444995797.293234 -0.049439 0.010986 -10.008569
30034 1444995797.303357 0.038452 0.010986 -10.008569
30035 1444995797.313433 0.038452 0.010986 -10.008569
30036 1444995797.323580 0.038452 0.010986 -10.008569
30037 1444995797.333652 0.038452 0.010986 -10.008569
30038 1444995797.338685 -0.049439 0.010986 -10.008569
30039 1444995797.350288 -0.049439 0.010986 -10.008569
30040 1444995797.360348 -0.049439 -0.076904 -10.008569
30041 1444995797.365166 0.038452 -0.076904 -10.008569
30042 1444995797.380291 -0.049439 0.010986 -10.008569
30043 1444995797.390175 -0.049439 0.010986 -10.008569
30044 1444995797.400129 -0.049439 0.010986 -10.008569
30045 1444995797.410629 0.038452 0.010986 -10.008569
30046 1444995797.420689 0.038452 0.010986 -10.008569
30047 1444995797.430556 -0.049439 0.010986 -10.008569
30048 1444995797.440861 0.038452 0.010986 -10.008569
30049 1444995797.451279 -0.049439 0.010986 -10.008569
30050 1444995797.462723 0.038452 0.010986 -9.920679
30051 1444995797.472600 0.038452 0.010986 -9.920679
30052 1444995797.482311 -0.049439 -0.076904 -10.008569
30053 1444995797.493090 0.038452 0.010986 -10.008569
30054 1444995797.502134 -0.049439 0.010986 -10.008569
30055 1444995797.512866 -0.049439 0.010986 -10.008569
30056 1444995797.522870 0.038452 0.010986 -10.008569
30057 1444995797.532875 -0.049439 0.010986 -10.008569
30058 1444995797.544100 -0.049439 0.010986 -10.008569
30059 1444995797.553482 0.038452 0.010986 -10.008569
30060 1444995797.563361 -0.049439 0.010986 -10.008569
30061 1444995797.573456 -0.049439 -0.076904 -10.008569
30062 1444995797.583570 0.038452 -0.076904 -10.008569
30063 1444995797.595149 -0.049439 0.010986 -10.008569
30064 1444995797.605099 -0.049439 0.010986 -10.008569
30065 1444995797.610198 0.038452 0.010986 -10.008569
30066 1444995797.625141 0.038452 0.010986 -10.008569
30067 1444995797.635359 -0.049439 0.010986 -10.008569
30068 1444995797.645829 0.038452 -0.076904 -10.008569
30069 1444995797.655548 -0.049439 -0.076904 -10.008569
30070 1444995797.665396 0.038452 0.010986 -10.008569
30071 1444995797.675765 0.038452 0.010986 -10.008569
30072 1444995797.685710 -0.049439 0.010986 -10.008569
30073 1444995797.696008 0.038452 0.010986 -10.008569
30074 1444995797.705879 -0.049439 0.010986 -10.008569
30075 1444995797.715873 0.038452 0.010986 -9.920679
30076 1444995797.726197 -0.049439 0.010986 -10.008569
30077 1444995797.736293 -0.049439 0.010986 -10.008569
30078 1444995797.746481 0.038452 0.010986 -10.008569
30079 1444995797.756545 0.038452 0.010986 -10.008569
30080 1444995797.766605 -0.049439 0.010986 -10.008569
30081 1444995797.776714 0.038452 0.010986 -10.008569
30082 1444995797.786910 0.038452 0.010986 -10.008569
30083 1444995797.796995 -0.049439 0.010986 -10.008569
30084 1444995797.802231 0.038452 0.010986 -10.008569
30085 1444995797.812467 0.038452 0.010986 -10.008569
30086 1444995797.822214 0.038452 0.010986 -10.008569
30087 1444995797.832426 -0.049439 0.010986 -10.008569
30088 1444995797.842618 0.038452 0.010986 -10.008569
30089 1444995797.852518 -0.049439 0.010986 -10.008569
30090 1444995797.862713 0.038452 0.010986 -10.008569
30091 1444995797.872721 -0.049439 0.010986 -9.920679
30092 1444995797.882834 0.038452 0.010986 -10.008569
30093 1444995797.893031 -0.049439 0.010986 -10.008569
30094 1444995797.900134 0.038452 0.010986 -10.008569
30095 1444995797.910099 0.038452 0.010986 -10.008569
30096 1444995797.923456 0.038452 0.010986 -10.008569
30097 1444995797.933520 0.038452 0.010986 -10.008569
30098 1444995797.945543 -0.049439 0.010986 -10.008569
30099 1444995797.953754 -0.049439 0.010986 -10.008569
30100 1444995797.960578 0.038452 0.010986 -10.008569
30101 1444995797.970382 0.038452 0.010986 -9.920679
30102 1444995797.980522 0.038452 0.010986 -10.008569
30103 1444995797.995644 0.038452 -0.076904 -10.008569
30104 1444995798.002072 0.038452 0.010986 -10.008569
30105 1444995798.015006 0.038452 0.010986 -10.008569
30106 1444995798.025702 0.038452 0.010986 -10.008569
30107 1444995798.036248 0.038452 -0.076904 -10.008569
30108 1444995798.045717 -0.049439 0.010986 -10.008569
30109 1444995798.055481 0.038452 0.010986 -10.008569
30110 1444995798.065676 -0.049439 0.010986 -10.008569
30111 1444995798.076212 0.038452 0.010986 -9.920679
30112 1444995798.086295 -0.049439 0.010986 -10.008569
30113 1444995798.096416 0.038452 0.010986 -10.008569
30114 1444995798.106661 0.038452 0.010986 -10.008569
30115 1444995798.116928 0.038452 0.010986 -10.008569
30116 1444995798.127105 0.038452 0.010986 -10.008569
30117 1444995798.137163 -0.049439 0.010986 -9.920679
30118 1444995798.147462 -0.049439 0.010986 -10.008569
30119 1444995798.157501 0.038452 0.010986 -10.008569
30120 1444995798.167902 -0.049439 0.010986 -10.008569
30121 1444995798.178022 -0.049439 0.010986 -10.008569
30122 1444995798.188141 0.038452 0.010986 -10.008569
30123 1444995798.198354 0.038452 0.010986 -10.008569
30124 1444995798.208390 0.038452 0.010986 -10.008569
30125 1444995798.218482 0.038452 0.010986 -10.008569
30126 1444995798.228564 -0.049439 0.010986 -10.008569
30127 1444995798.238660 0.038452 0.010986 -10.008569
30128 1444995798.245311 -0.049439 0.010986 -9.920679
30129 1444995798.259378 0.038452 0.010986 -10.008569
30130 1444995798.268989 0.038452 0.010986 -10.008569
30131 1444995798.279141 0.038452 -0.076904 -10.008569
30132 1444995798.289249 0.038452 -0.076904 -10.008569
30133 1444995798.295860 0.038452 0.010986 -10.008569
30134 1444995798.305164 0.038452 -0.076904 -10.008569
30135 1444995798.315208 -0.049439 0.010986 -10.008569
30136 1444995798.325500 -0.049439 0.010986 -10.008569
30137 1444995798.336072 0.038452 0.010986 -10.008569
30138 1444995798.346511 0.038452 -0.076904 -10.008569
30139 1444995798.356206 0.038452 0.010986 -10.008569
30140 1444995798.366350 0.038452 0.010986 -10.008569
30141 1444995798.376335 0.038452 0.010986 -10.008569
30142 1444995798.386559 0.038452 0.010986 -10.008569
30143 1444995798.396619 0.038452 0.010986 -10.008569
30144 1444995798.406701 -0.049439 0.010986 -10.008569
30145 1444995798.416845 0.038452 -0.076904 -10.008569
30146 1444995798.426965 -0.049439 0.010986 -10.008569
30147 1444995798.437645 -0.049439 0.010986 -10.008569
30148 1444995798.445270 0.038452 0.010986 -10.008569
30149 1444995798.457687 0.038452 0.010986 -10.008569
30150 1444995798.467797 -0.049439 0.010986 -10.008569
30151 1444995798.477964 -0.049439 0.010986 -10.008569
30152 1444995798.487867 -0.049439 0.010986 -10.008569
30153 1444995798.500554 -0.049439 0.010986 -10.008569
30154 1444995798.510712 0.038452 0.010986 -10.008569
30155 1444995798.520119 -0.049439 0.010986 -10.008569
30156 1444995798.530108 0.038452 0.010986 -10.008569
30157 1444995798.540405 0.038452 0.010986 -10.008569
30158 1444995798.550524 -0.049439 -0.076904 -10.008569
30159 1444995798.561093 0.038452 -0.076904 -10.008569
30160 1444995798.570827 0.038452 0.010986 -10.008569
30161 1444995798.581067 0.038452 0.010986 -10.008569
30162 1444995798.591166 -0.049439 0.010986 -10.008569
30163 1444995798.601236 -0.049439 0.010986 -10.008569
30164 1444995798.611571 0.038452 0.010986 -10.008569
30165 1444995798.621390 0.038452 -0.076904 -10.008569
30166 1444995798.631536 -0.049439 0.010986 -10.008569
30167 1444995798.641714 0.038452 0.010986 -10.008569
30168 1444995798.651529 0.038452 0.010986 -10.008569
30169 1444995798.661832 0.038452 0.010986 -10.008569
30170 1444995798.671970 0.038452 -0.076904 -10.008569
30171 1444995798.682010 0.038452 0.010986 -10.008569
30172 1444995798.692216 -0.049439 0.010986 -10.008569
30173 1444995798.702362 0.038452 0.010986 -10.008569
30174 1444995798.707318 0.038452 0.010986 -10.008569
30175 1444995798.722794 0.038452 -0.076904 -10.008569
30176 1444995798.732912 0.038452 -0.076904 -10.008569
30177 1444995798.738149 0.038452 0.010986 -10.008569
30178 1444995798.748533 -0.049439 0.010986 -10.008569
30179 1444995798.760999 0.038452 0.010986 -10.008569
30180 1444995798.769985 -0.049439 0.010986 -10.008569
30181 1444995798.780013 0.038452 0.010986 -10.008569
30182 1444995798.789161 0.038452 0.010986 -10.008569
30183 1444995798.801218 -0.049439 0.010986 -10.008569
30184 1444995798.811693 0.038452 0.010986 -10.008569
30185 1444995798.821185 0.038452 0.010986 -10.008569
30186 1444995798.830997 0.038452 0.010986 -10.008569
30187 1444995798.841331 0.038452 0.010986 -10.008569
30188 1444995798.850642 -0.049439 0.010986 -10.008569
30189 1444995798.862157 0.038452 0.010986 -10.008569
30190 1444995798.871227 -0.049439 0.010986 -10.008569
30191 1444995798.881896 0.038452 0.010986 -9.920679
30192 1444995798.892140 -0.049439 0.010986 -10.008569
30193 1444995798.902058 0.038452 0.010986 -10.008569
30194 1444995798.912358 -0.049439 0.010986 -10.008569
30195 1444995798.922637 -0.049439 0.010986 -10.008569
30196 1444995798.932995 0.038452 0.010986 -10.008569
30197 1444995798.943169 0.038452 0.010986 -10.008569
30198 1444995798.953164 -0.049439 0.010986 -10.008569
30199 1444995798.960349 0.038452 0.010986 -10.008569
30200 1444995798.973417 -0.049439 -0.076904 -10.008569
30201 1444995798.983635 0.038452 0.010986 -10.008569
30202 1444995798.993635 0.038452 0.010986 -10.008569
30203 1444995799.000863 -0.049439 -0.076904 -10.008569
30204 1444995799.011032 0.038452 0.010986 -10.008569
30205 1444995799.023977 0.038452 0.010986 -10.008569
30206 1444995799.030170 -0.049439 0.010986 -10.008569
30207 1444995799.045361 -0.049439 0.010986 -10.008569
30208 1444995799.054984 0.038452 0.010986 -10.008569
30209 1444995799.065083 -0.049439 -0.076904 -10.008569
30210 1444995799.075138 -0.049439 0.010986 -10.008569
30211 1444995799.085676 0.038452 0.010986 -10.008569
30212 1444995799.091191 0.038452 0.010986 -10.008569
30213 1444995799.105628 0.038452 0.010986 -10.008569
30214 1444995799.115757 -0.049439 0.010986 -10.008569
30215 1444995799.121353 0.038452 0.010986 -10.008569
30216 1444995799.130791 -0.049439 0.010986 -10.008569
30217 1444995799.141641 -0.049439 0.010986 -10.008569
30218 1444995799.151611 0.038452 0.010986 -10.008569
30219 1444995799.164866 0.038452 -0.076904 -10.008569
30220 1444995799.171902 -0.049439 0.010986 -10.008569
30221 1444995799.181941 0.038452 0.010986 -10.008569
30222 1444995799.192413 -0.049439 -0.076904 -10.008569
30223 1444995799.202207 0.038452 -0.076904 -10.008569
30224 1444995799.212476 -0.049439 0.010986 -10.008569
30225 1444995799.222372 -0.049439 0.010986 -10.008569
30226 1444995799.232617 -0.049439 0.010986 -10.008569
30227 1444995799.242887 -0.049439 0.010986 -10.008569
30228 1444995799.252961 -0.049439 0.010986 -10.008569
30229 1444995799.265170 0.038452 -0.076904 -9.920679
30230 1444995799.273725 0.038452 -0.076904 -10.008569
30231 1444995799.283619 0.038452 0.010986 -10.008569
30232 1444995799.295786 0.038452 0.010986 -10.008569
30233 1444995799.305313 -0.049439 0.010986 -10.008569
30234 1444995799.315145 -0.049439 0.010986 -10.008569
30235 1444995799.325396 0.038452 0.010986 -10.008569
30236 1444995799.335770 0.038452 0.010986 -10.008569
30237 1444995799.345677 0.038452 0.010986 -10.008569
30238 1444995799.355872 0.038452 0.010986 -10.008569
30239 1444995799.365948 -0.049439 0.010986 -9.920679
30240 1444995799.376033 -0.049439 0.010986 -10.008569
30241 1444995799.386205 0.038452 -0.076904 -10.008569
30242 1444995799.396492 -0.049439 0.010986 -10.008569
30243 1444995799.406421 -0.049439 -0.076904 -10.008569
30244 1444995799.416463 0.038452 0.010986 -10.008569
30245 1444995799.426701 0.038452 0.010986 -10.008569
30246 1444995799.436814 0.038452 0.010986 -10.008569
30247 1444995799.446940 -0.049439 0.010986 -9.920679
30248 1444995799.457019 -0.049439 0.010986 -10.008569
30249 1444995799.467103 -0.049439 -0.076904 -10.008569
30250 1444995799.477222 0.038452 0.010986 -10.008569
30251 1444995799.487364 0.038452 0.010986 -10.008569
30252 1444995799.497540 0.038452 0.010986 -10.008569
30253 1444995799.507597 0.038452 0.010986 -10.008569
30254 1444995799.517755 -0.049439 0.010986 -10.008569
30255 1444995799.527866 -0.049439 0.010986 -10.008569
30256 1444995799.538095 0.038452 0.010986 -10.008569
30257 1444995799.548001 0.038452 0.010986 -10.008569
30258 1444995799.558177 0.038452 -0.076904 -10.008569
30259 1444995799.568332 -0.049439 0.010986 -10.008569
30260 1444995799.578372 0.038452 0.010986 -10.008569
30261 1444995799.588535 -0.049439 0.010986 -9.920679
30262 1444995799.596105 -0.049439 0.010986 -10.008569
30263 1444995799.604965 -0.049439 0.010986 -10.008569
30264 1444995799.614962 0.038452 0.010986 -10.008569
30265 1444995799.624944 -0.049439 -0.076904 -10.008569
30266 1444995799.635148 -0.049439 0.010986 -10.008569
30267 1444995799.646228 0.038452 0.010986 -10.008569
30268 1444995799.659985 0.038452 0.010986 -10.008569
30269 1444995799.670188 0.038452 0.010986 -10.008569
30270 1444995799.680179 0.038452 0.010986 -10.008569
30271 1444995799.690385 0.038452 0.010986 -10.008569
30272 1444995799.700456 -0.049439 0.010986 -10.008569
30273 1444995799.710897 -0.049439 0.010986 -10.008569
30274 1444995799.720902 -0.049439 0.010986 -10.008569
30275 1444995799.730924 0.038452 0.010986 -10.008569
30276 1444995799.736976 -0.049439 0.010986 -10.008569
30277 1444995799.745411 -0.049439 0.010986 -10.008569
30278 1444995799.756990 -0.049439 -0.076904 -10.008569
30279 1444995799.767091 -0.049439 0.010986 -10.008569
30280 1444995799.777088 -0.049439 0.010986 -10.008569
30281 1444995799.787208 -0.049439 0.010986 -10.008569
30282 1444995799.795712 -0.049439 0.010986 -10.008569
30283 1444995799.807534 0.038452 0.010986 -10.008569
30284 1444995799.817570 0.038452 0.010986 -10.008569
30285 1444995799.827765 -0.049439 0.010986 -10.008569
30286 1444995799.837979 -0.049439 0.010986 -10.008569
30287 1444995799.845562 -0.049439 0.010986 -10.008569
30288 1444995799.858248 0.038452 0.010986 -10.008569
30289 1444995799.868367 -0.049439 -0.076904 -10.008569
30290 1444995799.878614 0.038452 0.010986 -10.008569
30291 1444995799.888750 -0.049439 0.010986 -10.008569
30292 1444995799.896215 0.038452 0.010986 -10.008569
30293 1444995799.905408 0.038452 0.010986 -10.008569
30294 1444995799.915498 -0.049439 0.010986 -10.008569
30295 1444995799.930016 -0.049439 0.010986 -10.008569
30296 1444995799.940150 0.038452 -0.076904 -10.008569
30297 1444995799.950324 0.038452 0.010986 -10.008569
30298 1444995799.960609 -0.049439 0.010986 -10.008569
30299 1444995799.970561 0.038452 0.010986 -10.008569
30300 1444995799.980483 0.038452 0.010986 -10.008569
30301 1444995799.990817 0.038452 -0.076904 -9.920679
30302 1444995800.000741 0.038452 -0.076904 -10.008569
30303 1444995800.011125 -0.049439 0.010986 -10.008569
30304 1444995800.021185 -0.049439 0.010986 -10.008569
30305 1444995800.031333 0.038452 0.010986 -10.008569
30306 1444995800.041327 -0.049439 0.010986 -9.920679
30307 1444995800.051432 0.038452 0.010986 -10.008569
30308 1444995800.061912 -0.049439 0.010986 -10.008569
30309 1444995800.071835 0.038452 0.010986 -10.008569
30310 1444995800.081864 -0.049439 0.010986 -10.008569
30311 1444995800.092006 0.038452 -0.076904 -10.008569
30312 1444995800.100199 0.038452 0.010986 -10.008569
30313 1444995800.112156 -0.049439 0.010986 -10.008569
30314 1444995800.122242 0.038452 0.010986 -10.008569
30315 1444995800.132307 -0.049439 0.010986 -10.008569
30316 1444995800.142535 -0.049439 0.010986 -9.920679
30317 1444995800.150568 -0.049439 0.010986 -9.920679
30318 1444995800.162635 0.038452 0.010986 -10.008569
30319 1444995800.170203 0.038452 0.010986 -10.008569
30320 1444995800.183076 0.038452 -0.076904 -9.920679
30321 1444995800.193284 0.038452 0.010986 -10.008569
30322 1444995800.200672 0.038452 0.010986 -9.920679
30323 1444995800.211021 0.038452 0.010986 -9.920679
30324 1444995800.220669 0.038452 -0.076904 -9.920679
30325 1444995800.231318 0.038452 -0.076904 -10.008569
30326 1444995800.240717 -0.049439 0.010986 -9.920679
30327 1444995800.251139 0.038452 0.010986 -10.008569
30328 1444995800.261783 -0.049439 0.010986 -9.920679
30329 1444995800.271171 -0.049439 0.010986 -9.920679
30330 1444995800.281171 0.038452 0.010986 -9.920679
30331 1444995800.291489 0.038452 -0.076904 -9.920679
30332 1444995800.301015 -0.049439 -0.076904 -9.920679
30333 1444995800.312381 0.038452 -0.076904 -9.920679
30334 1444995800.321578 -0.049439 -0.076904 -9.920679
30335 1444995800.331703 -0.049439 -0.076904 -9.920679
30336 1444995800.341961 0.038452 0.010986 -9.920679
30337 1444995800.351963 -0.049439 -0.076904 -9.920679
30338 1444995800.362291 -0.049439 -0.076904 -9.920679
30339 1444995800.372169 -0.049439 -0.076904 -9.920679
30340 1444995800.382336 -0.049439 -0.076904 -9.920679
30341 1444995800.392487 -0.049439 -0.076904 -9.920679
30342 1444995800.402351 -0.049439 -0.076904 -9.920679
30343 1444995800.410203 -0.049439 0.010986 -9.920679
30344 1444995800.422724 -0.049439 0.010986 -9.920679
30345 1444995800.432852 0.038452 0.010986 -9.920679
30346 1444995800.443049 0.038452 -0.076904 -9.920679
30347 1444995800.450187 0.038452 -0.076904 -9.920679
30348 1444995800.460396 0.038452 0.010986 -9.920679
30349 1444995800.470001 0.038452 0.010986 -9.920679
30350 1444995800.480212 0.038452 0.010986 -9.920679
30351 1444995800.493532 -0.049439 0.010986 -9.920679
30352 1444995800.501896 0.038452 0.010986 -9.920679
30353 1444995800.510916 0.038452 0.010986 -9.920679
30354 1444995800.520348 -0.049439 0.010986 -9.920679
30355 1444995800.534955 0.038452 0.010986 -9.920679
30356 1444995800.545944 0.038452 0.010986 -9.920679
30357 1444995800.555049 0.038452 0.010986 -9.920679
30358 1444995800.565002 0.038452 0.010986 -9.920679
30359 1444995800.575428 0.038452 0.010986 -9.832788
30360 1444995800.585453 0.038452 0.010986 -9.920679
30361 1444995800.595502 0.038452 0.010986 -9.920679
30362 1444995800.605707 0.038452 0.010986 -9.832788
30363 1444995800.615682 0.038452 0.010986 -9.832788
30364 1444995800.626057 0.038452 0.010986 -9.832788
30365 1444995800.636361 0.038452 0.010986 -9.832788
30366 1444995800.646222 0.038452 0.010986 -9.832788
30367 1444995800.656585 0.038452 0.010986 -9.832788
30368 1444995800.666442 0.038452 0.010986 -9.832788
30369 1444995800.676731 0.038452 0.010986 -9.832788
30370 1444995800.686996 0.038452 0.010986 -9.832788
30371 1444995800.696981 0.038452 0.010986 -9.832788
30372 1444995800.707155 -0.049439 0.010986 -9.832788
30373 1444995800.717161 0.038452 0.010986 -9.832788
30374 1444995800.727124 0.038452 0.010986 -9.832788
30375 1444995800.737391 0.038452 0.010986 -9.832788
30376 1444995800.747710 -0.049439 0.010986 -9.832788
30377 1444995800.757841 0.038452 0.010986 -9.832788
30378 1444995800.767560 0.038452 0.010986 -9.832788
30379 1444995800.777712 -0.049439 -0.076904 -9.832788
30380 1444995800.787852 0.038452 0.010986 -9.832788
30381 1444995800.795186 -0.049439 -0.076904 -9.744897
30382 1444995800.808170 -0.049439 0.010986 -9.744897
30383 1444995800.818157 -0.049439 -0.076904 -9.744897
30384 1444995800.824079 -0.049439 -0.076904 -9.744897
30385 1444995800.830820 -0.049439 -0.076904 -9.744897
30386 1444995800.845771 0.038452 0.010986 -9.744897
30387 1444995800.855124 0.038452 0.010986 -9.744897
30388 1444995800.865153 0.038452 0.010986 -9.744897
30389 1444995800.875492 0.038452 0.010986 -9.744897
30390 1444995800.885651 0.038452 0.010986 -9.744897
30391 1444995800.895888 0.038452 0.010986 -9.744897
30392 1444995800.905870 -0.049439 0.010986 -9.657006
30393 1444995800.916335 -0.049439 0.010986 -9.744897
30394 1444995800.926641 -0.049439 0.010986 -9.744897
30395 1444995800.936657 0.038452 0.010986 -9.657006
30396 1444995800.946711 0.038452 0.010986 -9.657006
30397 1444995800.957052 0.038452 0.010986 -9.657006
30398 1444995800.966947 0.038452 0.010986 -9.657006
30399 1444995800.977144 0.038452 0.010986 -9.657006
30400 1444995800.987352 0.038452 0.010986 -9.657006
30401 1444995800.994954 0.038452 0.010986 -9.657006
30402 1444995801.007599 0.038452 0.010986 -9.657006
30403 1444995801.017710 0.038452 0.010986 -9.657006
30404 1444995801.027979 0.038452 0.010986 -9.657006
30405 1444995801.038004 0.038452 0.010986 -9.657006
30406 1444995801.045613 0.038452 0.098877 -9.657006
30407 1444995801.058278 0.038452 0.098877 -9.657006
30408 1444995801.068358 0.038452 0.098877 -9.657006
30409 1444995801.078524 0.038452 0.098877 -9.657006
30410 1444995801.088670 0.038452 0.098877 -9.657006
30411 1444995801.095968 0.038452 0.098877 -9.657006
30412 1444995801.110120 0.038452 0.098877 -9.657006
30413 1444995801.120067 0.038452 0.098877 -9.657006
30414 1444995801.130178 0.038452 0.098877 -9.657006
30415 1444995801.140373 0.038452 0.098877 -9.657006
30416 1444995801.150398 0.038452 0.098877 -9.657006
30417 1444995801.160485 0.038452 0.098877 -9.657006
30418 1444995801.170519 0.038452 0.098877 -9.657006
30419 1444995801.180538 0.038452 0.098877 -9.657006
30420 1444995801.190861 0.038452 0.098877 -9.657006
30421 1444995801.200953 0.038452 0.098877 -9.569115
30422 1444995801.206640 0.038452 0.098877 -9.569115
30423 1444995801.216902 0.038452 0.098877 -9.657006
30424 1444995801.226639 0.038452 0.098877 -9.569115
30425 1444995801.236732 0.038452 0.098877 -9.569115
30426 1444995801.247147 0.038452 0.098877 -9.657006
30427 1444995801.257283 0.038452 0.098877 -9.569115
30428 1444995801.267350 0.038452 0.098877 -9.657006
30429 1444995801.277564 0.038452 0.098877 -9.569115
30430 1444995801.287602 0.038452 0.098877 -9.569115
30431 1444995801.297318 0.038452 0.098877 -9.569115
30432 1444995801.308286 0.038452 0.098877 -9.569115
30433 1444995801.318420 0.038452 0.098877 -9.569115
30434 1444995801.328535 0.038452 0.098877 -9.569115
30435 1444995801.338604 0.038452 0.098877 -9.569115
30436 1444995801.346005 0.038452 0.010986 -9.569115
30437 1444995801.355209 0.038452 0.098877 -9.569115
30438 1444995801.365066 0.038452 0.010986 -9.569115
30439 1444995801.375126 0.038452 0.010986 -9.569115
30440 1444995801.385478 0.038452 0.010986 -9.569115
30441 1444995801.396477 0.038452 0.010986 -9.569115
30442 1444995801.410136 0.038452 0.010986 -9.569115
30443 1444995801.420376 0.038452 0.098877 -9.569115
30444 1444995801.430504 0.038452 0.010986 -9.569115
30445 1444995801.440661 0.038452 0.010986 -9.569115
30446 1444995801.450275 0.038452 0.010986 -9.569115
30447 1444995801.460980 0.038452 0.010986 -9.569115
30448 1444995801.471038 0.038452 0.010986 -9.569115
30449 1444995801.481080 0.038452 0.010986 -9.569115
30450 1444995801.491317 0.038452 0.010986 -9.569115
30451 1444995801.500331 0.038452 0.010986 -9.569115
30452 1444995801.511186 0.038452 0.010986 -9.569115
30453 1444995801.521689 0.038452 0.010986 -9.569115
30454 1444995801.531816 0.038452 0.010986 -9.569115
30455 1444995801.541937 0.038452 0.010986 -9.569115
30456 1444995801.551600 0.038452 0.098877 -9.569115
30457 1444995801.562040 0.038452 0.010986 -9.569115
30458 1444995801.572394 0.038452 0.010986 -9.569115
30459 1444995801.582290 0.038452 0.010986 -9.569115
30460 1444995801.590078 0.038452 0.010986 -9.569115
30461 1444995801.600671 0.038452 0.010986 -9.569115
30462 1444995801.612824 0.038452 0.010986 -9.569115
30463 1444995801.620474 0.038452 0.010986 -9.569115
30464 1444995801.630520 0.038452 0.010986 -9.569115
30465 1444995801.640770 0.038452 0.010986 -9.569115
30466 1444995801.651616 0.038452 0.010986 -9.569115
30467 1444995801.661179 0.038452 0.010986 -9.569115
30468 1444995801.671162 0.038452 0.010986 -9.569115
30469 1444995801.680647 0.038452 0.010986 -9.569115
30470 1444995801.691254 0.038452 0.010986 -9.569115
30471 1444995801.701600 0.038452 0.010986 -9.569115
30472 1444995801.711504 0.038452 0.010986 -9.569115
30473 1444995801.721585 0.038452 0.010986 -9.569115
30474 1444995801.731504 0.038452 0.010986 -9.569115
30475 1444995801.741798 0.038452 0.010986 -9.569115
30476 1444995801.751756 0.038452 0.010986 -9.569115
30477 1444995801.762048 0.038452 0.010986 -9.569115
30478 1444995801.772120 0.038452 0.010986 -9.569115
30479 1444995801.782094 0.038452 0.010986 -9.569115
30480 1444995801.792475 0.038452 0.010986 -9.569115
30481 1444995801.802284 0.038452 0.010986 -9.569115
30482 1444995801.812552 0.038452 0.010986 -9.569115
30483 1444995801.822609 0.038452 0.010986 -9.569115
30484 1444995801.832744 0.038452 0.010986 -9.569115
30485 1444995801.842902 0.038452 0.010986 -9.569115
30486 1444995801.852847 -0.049439 0.010986 -9.569115
30487 1444995801.863089 0.038452 0.010986 -9.569115
30488 1444995801.873199 0.038452 0.010986 -9.569115
30489 1444995801.883255 0.038452 0.010986 -9.569115
30490 1444995801.893479 0.038452 0.010986 -9.569115
30491 1444995801.903524 0.038452 0.010986 -9.481224
30492 1444995801.913633 0.038452 0.010986 -9.569115
30493 1444995801.921033 0.038452 0.010986 -9.569115
30494 1444995801.933847 0.038452 0.010986 -9.569115
30495 1444995801.945326 -0.049439 0.010986 -9.569115
30496 1444995801.951227 0.038452 0.010986 -9.569115
30497 1444995801.965209 -0.049439 0.010986 -9.569115
30498 1444995801.975003 0.038452 -0.076904 -9.481224
30499 1444995801.985076 -0.049439 0.010986 -9.481224
30500 1444995801.995195 -0.049439 -0.076904 -9.481224
30501 1444995802.005428 0.038452 -0.076904 -9.481224
30502 1444995802.015580 0.038452 -0.076904 -9.481224
30503 1444995802.025842 -0.049439 -0.076904 -9.481224
30504 1444995802.035887 -0.049439 -0.076904 -9.481224
30505 1444995802.045940 -0.049439 -0.076904 -9.481224
30506 1444995802.056014 -0.049439 -0.076904 -9.481224
30507 1444995802.066070 -0.049439 -0.076904 -9.481224
30508 1444995802.076383 -0.049439 -0.076904 -9.481224
30509 1444995802.086298 -0.049439 -0.076904 -9.481224
30510 1444995802.096383 -0.049439 -0.076904 -9.481224
30511 1444995802.102878 -0.049439 -0.076904 -9.481224
30512 1444995802.113432 -0.049439 -0.076904 -9.481224
30513 1444995802.122863 -0.049439 -0.076904 -9.393333
30514 1444995802.132992 -0.049439 -0.076904 -9.481224
30515 1444995802.143034 -0.049439 -0.076904 -9.393333
30516 1444995802.154976 -0.049439 -0.076904 -9.481224
30517 1444995802.164967 -0.049439 -0.076904 -9.393333
30518 1444995802.175107 -0.049439 -0.076904 -9.481224
30519 1444995802.185236 -0.049439 -0.076904 -9.481224
30520 1444995802.196045 -0.049439 -0.076904 -9.481224
30521 1444995802.205585 -0.049439 -0.076904 -9.481224
30522 1444995802.215463 -0.049439 -0.076904 -9.481224
30523 1444995802.225562 -0.049439 -0.076904 -9.481224
30524 1444995802.236313 -0.049439 -0.076904 -9.481224
30525 1444995802.246581 -0.049439 -0.076904 -9.393333
30526 1444995802.256329 -0.049439 -0.076904 -9.481224
30527 1444995802.265966 -0.049439 -0.076904 -9.481224
30528 1444995802.276467 -0.049439 -0.076904 -9.481224
30529 1444995802.286531 -0.049439 -0.076904 -9.393333
30530 1444995802.296838 -0.049439 -0.076904 -9.393333
30531 1444995802.306910 -0.049439 -0.076904 -9.393333
30532 1444995802.316833 -0.049439 -0.076904 -9.393333
30533 1444995802.327038 -0.049439 -0.076904 -9.393333
30534 1444995802.337162 -0.049439 -0.076904 -9.393333
30535 1444995802.347013 -0.049439 0.010986 -9.393333
30536 1444995802.357289 -0.049439 0.010986 -9.393333
30537 1444995802.367225 0.038452 0.010986 -9.393333
30538 1444995802.377456 0.038452 0.010986 -9.305443
30539 1444995802.387352 -0.049439 0.010986 -9.305443
30540 1444995802.397990 0.038452 0.010986 -9.305443
30541 1444995802.407941 0.038452 0.010986 -9.305443
30542 1444995802.415092 0.038452 0.010986 -9.305443
30543 1444995802.425213 0.038452 0.010986 -9.393333
30544 1444995802.435243 0.038452 0.010986 -9.305443
30545 1444995802.446518 0.038452 0.010986 -9.305443
30546 1444995802.455884 0.038452 0.010986 -9.393333
30547 1444995802.465213 0.038452 0.010986 -9.305443
30548 1444995802.475692 0.038452 0.010986 -9.305443
30549 1444995802.486079 0.038452 0.010986 -9.305443
30550 1444995802.496568 0.038452 0.010986 -9.305443
30551 1444995802.506309 0.038452 0.010986 -9.305443
30552 1444995802.516367 0.038452 0.010986 -9.305443
30553 1444995802.526701 0.038452 0.010986 -9.305443
30554 1444995802.536672 -0.049439 0.010986 -9.305443
30555 1444995802.546822 0.038452 0.010986 -9.305443
30556 1444995802.556998 -0.049439 0.010986 -9.305443
30557 1444995802.566935 0.038452 0.010986 -9.305443
30558 1444995802.577072 0.038452 0.010986 -9.305443
30559 1444995802.587167 0.038452 0.010986 -9.305443
30560 1444995802.597528 0.038452 0.010986 -9.305443
30561 1444995802.607857 -0.049439 0.010986 -9.305443
30562 1444995802.618036 -0.049439 0.010986 -9.305443
30563 1444995802.628063 0.038452 0.010986 -9.305443
30564 1444995802.638163 0.038452 0.010986 -9.305443
30565 1444995802.648344 0.038452 0.010986 -9.305443
30566 1444995802.658399 0.038452 0.010986 -9.305443
30567 1444995802.668444 0.038452 0.010986 -9.305443
30568 1444995802.678624 0.038452 0.010986 -9.305443
30569 1444995802.688643 0.038452 0.010986 -9.305443
30570 1444995802.700129 0.038452 0.010986 -9.305443
30571 1444995802.710169 -0.049439 0.010986 -9.305443
30572 1444995802.720108 0.038452 0.010986 -9.305443
30573 1444995802.730108 -0.049439 0.010986 -9.305443
30574 1444995802.740343 0.038452 0.010986 -9.305443
30575 1444995802.750463 -0.049439 0.010986 -9.305443
30576 1444995802.760485 0.038452 0.010986 -9.305443
30577 1444995802.770373 0.038452 0.010986 -9.305443
30578 1444995802.780628 0.038452 0.010986 -9.305443
30579 1444995802.790862 0.038452 0.010986 -9.305443
30580 1444995802.801040 -0.049439 0.010986 -9.305443
30581 1444995802.811208 0.038452 0.010986 -9.305443
30582 1444995802.821143 0.038452 0.010986 -9.305443
30583 1444995802.831414 0.038452 0.010986 -9.305443
30584 1444995802.841493 0.038452 0.010986 -9.305443
30585 1444995802.851435 0.038452 0.010986 -9.305443
30586 1444995802.857496 0.038452 0.010986 -9.305443
30587 1444995802.867403 0.038452 0.010986 -9.305443
30588 1444995802.877472 0.038452 0.010986 -9.305443
30589 1444995802.887680 0.038452 0.010986 -9.305443
30590 1444995802.900322 0.038452 0.010986 -9.305443
30591 1444995802.908120 0.038452 0.010986 -9.305443
30592 1444995802.918121 0.038452 0.010986 -9.305443
30593 1444995802.928156 -0.049439 0.010986 -9.305443
30594 1444995802.938404 -0.049439 0.010986 -9.305443
30595 1444995802.950205 0.038452 0.010986 -9.305443
30596 1444995802.960518 -0.049439 0.010986 -9.305443
30597 1444995802.970311 0.038452 0.010986 -9.305443
30598 1444995802.980429 -0.049439 0.010986 -9.305443
30599 1444995802.990399 -0.049439 0.010986 -9.305443
30600 1444995803.001379 -0.049439 0.010986 -9.305443
30601 1444995803.011660 -0.049439 0.010986 -9.305443
30602 1444995803.020981 -0.049439 0.010986 -9.305443
30603 1444995803.031001 -0.049439 0.010986 -9.305443
30604 1444995803.041381 -0.049439 0.010986 -9.305443
30605 1444995803.052002 -0.049439 0.010986 -9.305443
30606 1444995803.062287 -0.049439 0.010986 -9.305443
30607 1444995803.072349 -0.049439 0.010986 -9.305443
30608 1444995803.082081 -0.049439 0.010986 -9.305443
30609 1444995803.092274 -0.049439 0.010986 -9.305443
30610 1444995803.102174 -0.049439 0.010986 -9.305443
30611 1444995803.112380 0.038452 0.010986 -9.305443
30612 1444995803.122325 -0.049439 0.010986 -9.305443
30613 1444995803.132325 0.038452 0.010986 -9.305443
30614 1444995803.142525 -0.049439 0.010986 -9.305443
30615 1444995803.152457 0.038452 0.010986 -9.305443
30616 1444995803.162802 0.038452 0.010986 -9.305443
30617 1444995803.172801 -0.049439 0.010986 -9.305443
30618 1444995803.182869 -0.049439 0.010986 -9.305443
30619 1444995803.193042 0.038452 0.010986 -9.305443
30620 1444995803.200418 -0.049439 0.010986 -9.305443
30621 1444995803.212508 -0.049439 0.010986 -9.305443
30622 1444995803.220488 -0.049439 0.010986 -9.305443
30623 1444995803.231225 -0.049439 0.010986 -9.305443
30624 1444995803.240629 -0.049439 0.010986 -9.305443
30625 1444995803.252427 0.038452 0.010986 -9.305443
30626 1444995803.261304 -0.049439 0.010986 -9.305443
30627 1444995803.270880 -0.049439 0.010986 -9.305443
30628 1444995803.281060 -0.049439 0.010986 -9.305443
30629 1444995803.291160 -0.049439 0.010986 -9.305443
30630 1444995803.301343 -0.049439 0.010986 -9.305443
30631 1444995803.312542 -0.049439 0.010986 -9.305443
30632 1444995803.321948 -0.049439 0.010986 -9.305443
30633 1444995803.332094 -0.049439 0.010986 -9.305443
30634 1444995803.342617 -0.049439 0.010986 -9.305443
30635 1444995803.352345 -0.049439 0.010986 -9.305443
30636 1444995803.362658 -0.049439 0.010986 -9.305443
30637 1444995803.372554 -0.049439 0.010986 -9.305443
30638 1444995803.382577 -0.049439 0.010986 -9.305443
30639 1444995803.392915 -0.049439 0.010986 -9.305443
30640 1444995803.402767 -0.049439 0.010986 -9.305443
30641 1444995803.412917 -0.049439 0.010986 -9.305443
30642 1444995803.423011 -0.049439 0.010986 -9.305443
30643 1444995803.433153 -0.049439 0.010986 -9.305443
30644 1444995803.443309 -0.049439 0.010986 -9.305443
30645 1444995803.453664 -0.049439 0.010986 -9.305443
30646 1444995803.463668 -0.049439 0.010986 -9.305443
30647 1444995803.473727 0.038452 0.010986 -9.305443
30648 1444995803.483824 -0.049439 0.010986 -9.305443
30649 1444995803.495155 -0.049439 0.010986 -9.305443
30650 1444995803.504972 0.038452 0.010986 -9.305443
30651 1444995803.515036 -0.049439 0.010986 -9.305443
30652 1444995803.525124 0.038452 0.010986 -9.305443
30653 1444995803.535248 0.038452 0.010986 -9.305443
30654 1444995803.545625 0.038452 0.010986 -9.305443
30655 1444995803.555511 -0.049439 0.010986 -9.305443
30656 1444995803.565428 -0.049439 0.010986 -9.305443
30657 1444995803.575689 -0.049439 0.010986 -9.305443
30658 1444995803.585673 -0.049439 0.010986 -9.305443
30659 1444995803.595462 0.038452 0.010986 -9.305443
30660 1444995803.605766 -0.049439 0.010986 -9.305443
30661 1444995803.615627 -0.049439 0.010986 -9.305443
30662 1444995803.625924 -0.049439 0.010986 -9.305443
30663 1444995803.636091 -0.049439 0.010986 -9.305443
30664 1444995803.645103 -0.049439 0.010986 -9.305443
30665 1444995803.656210 -0.049439 0.010986 -9.305443
30666 1444995803.666479 -0.049439 0.010986 -9.305443
30667 1444995803.676609 -0.049439 0.010986 -9.305443
30668 1444995803.686777 -0.049439 0.010986 -9.305443
30669 1444995803.696944 0.038452 0.010986 -9.305443
30670 1444995803.702744 -0.049439 0.010986 -9.305443
30671 1444995803.712885 -0.049439 0.010986 -9.305443
30672 1444995803.723027 -0.049439 0.010986 -9.305443
30673 1444995803.733053 -0.049439 0.010986 -9.305443
30674 1444995803.746391 -0.049439 0.010986 -9.305443
30675 1444995803.753710 -0.049439 0.010986 -9.305443
30676 1444995803.760076 -0.049439 0.010986 -9.305443
30677 1444995803.769988 -0.049439 0.010986 -9.305443
30678 1444995803.779984 -0.049439 0.010986 -9.305443
30679 1444995803.795124 -0.049439 0.010986 -9.305443
30680 1444995803.800460 -0.049439 0.010986 -9.305443
30681 1444995803.815234 -0.049439 0.010986 -9.305443
30682 1444995803.825524 -0.049439 0.010986 -9.305443
30683 1444995803.836165 0.038452 0.010986 -9.305443
30684 1444995803.847427 -0.049439 0.010986 -9.305443
30685 1444995803.856350 -0.049439 0.010986 -9.305443
30686 1444995803.866341 -0.049439 0.010986 -9.305443
30687 1444995803.876703 -0.049439 0.010986 -9.305443
30688 1444995803.886424 -0.049439 0.010986 -9.305443
30689 1444995803.896899 -0.049439 0.010986 -9.305443
30690 1444995803.906777 -0.049439 0.010986 -9.305443
30691 1444995803.916933 -0.049439 0.010986 -9.305443
30692 1444995803.927090 -0.049439 0.010986 -9.305443
30693 1444995803.937292 -0.049439 0.010986 -9.305443
30694 1444995803.947654 -0.049439 0.010986 -9.305443
30695 1444995803.957664 -0.049439 0.010986 -9.305443
30696 1444995803.967807 -0.049439 0.010986 -9.305443
30697 1444995803.978015 -0.049439 0.010986 -9.305443
30698 1444995803.988132 -0.049439 0.010986 -9.305443
30699 1444995803.998638 -0.049439 0.010986 -9.305443
30700 1444995804.008915 -0.049439 0.010986 -9.305443
30701 1444995804.015167 -0.049439 0.010986 -9.305443
30702 1444995804.025129 -0.049439 0.010986 -9.217552
30703 1444995804.035344 -0.049439 0.010986 -9.129661
30704 1444995804.045492 -0.049439 -0.076904 -9.04177
30705 1444995804.055673 -0.049439 0.010986 -8.865988
30706 1444995804.065644 -0.049439 0.010986 -8.690207
30707 1444995804.076234 -0.049439 -0.076904 -8.602316
30708 1444995804.086175 -0.049439 -0.076904 -8.338643
30709 1444995804.096420 -0.049439 -0.076904 -8.074971
30710 1444995804.106972 -0.049439 -0.076904 -7.899189
30711 1444995804.116817 -0.049439 -0.076904 -7.547626
30712 1444995804.128530 -0.049439 -0.076904 -7.196062
30713 1444995804.137187 -0.049439 -0.076904 -6.93239
30714 1444995804.147631 -0.049439 -0.076904 -6.580827
30715 1444995804.157357 -0.049439 -0.076904 -6.229263
30716 1444995804.167425 -0.049439 -0.076904 -5.789809
30717 1444995804.177580 -0.049439 -0.076904 -5.350355
30718 1444995804.187813 -0.049439 0.010986 -4.910901
30719 1444995804.200282 -0.049439 0.010986 -4.290172
30720 1444995804.210453 -0.049439 0.010986 -3.762827
30721 1444995804.219983 -0.049439 0.010986 -3.235482
30722 1444995804.230106 -0.049439 0.010986 -2.708136
30723 1444995804.240369 -0.049439 0.010986 -2.180791
30724 1444995804.250911 -0.049439 0.010986 -1.565556
30725 1444995804.260946 -0.049439 0.010986 -0.95032
30726 1444995804.270354 -0.049439 0.010986 -0.335084
30727 1444995804.280567 -0.049439 0.010986 0.368043
30728 1444995804.290488 -0.049439 0.010986 1.07117
30729 1444995804.300849 -0.049439 0.010986 1.774296
30730 1444995804.310998 -0.049439 0.010986 2.477423
30731 1444995804.321082 -0.049439 0.010986 3.18055
30732 1444995804.330837 -0.049439 0.010986 4.059458
30733 1444995804.341078 -0.049439 0.098877 4.850476
30734 1444995804.351137 -0.049439 0.098877 5.729384
30735 1444995804.361254 -0.049439 0.098877 6.520402
30736 1444995804.371087 -0.049439 0.098877 7.39931
30737 1444995804.381471 -0.049439 0.098877 8.278218
30738 1444995804.387056 -0.049439 0.098877 8.717673
30739 1444995804.397523 -0.049439 0.098877 9.596581
30740 1444995804.407543 -0.049439 0.098877 10.56338
30741 1444995804.417600 -0.049439 0.098877 11.53018
30742 1444995804.428010 -0.049439 0.098877 12.409088
30743 1444995804.438057 -0.049439 0.098877 13.463778
30744 1444995804.448197 -0.049439 0.098877 14.342686
30745 1444995804.460932 -0.049439 0.098877 15.836831
30746 1444995804.470665 -0.049439 0.098877 16.80363
30747 1444995804.481179 -0.049439 0.098877 17.770429
30748 1444995804.490161 -0.049439 0.098877 18.830612
30749 1444995804.500945 -0.049439 0.098877 19.885302
30750 1444995804.511007 -0.049439 0.098877 20.852102
30751 1444995804.520787 -0.049439 0.098877 21.818901
30752 1444995804.530802 -0.049439 0.098877 22.873591
30753 1444995804.541089 -0.049439 0.098877 23.84039
30754 1444995804.551447 -0.049439 0.098877 24.89508
30755 1444995804.561587 -0.049439 0.098877 25.86188
30756 1444995804.571704 -0.049439 0.098877 26.828679
30757 1444995804.581738 -0.049439 0.098877 27.795478
30758 1444995804.591940 -0.049439 0.098877 28.762277
30759 1444995804.601949 -0.049439 0.098877 29.729076
30760 1444995804.612068 -0.049439 0.098877 30.607985
30761 1444995804.622080 -0.049439 0.010986 31.662675
30762 1444995804.632113 -0.049439 0.010986 32.453693
30763 1444995804.642253 -0.049439 0.010986 33.420492
30764 1444995804.652265 -0.049439 0.010986 34.2994
30765 1444995804.662504 -0.049439 0.010986 35.178309
30766 1444995804.672410 -0.049439 0.010986 35.969326
30767 1444995804.682409 -0.137329 0.010986 36.760344
30768 1444995804.692647 -0.137329 0.010986 37.551361
30769 1444995804.700211 -0.137329 0.010986 38.342379
30770 1444995804.712775 -0.049439 0.010986 39.045505
30771 1444995804.722806 -0.137329 0.010986 39.748632
30772 1444995804.732954 -0.049439 0.010986 40.457252
30773 1444995804.743204 -0.137329 0.010986 41.072488
30774 1444995804.753191 -0.137329 0.010986 41.687724
30775 1444995804.763180 -0.049439 0.010986 42.215069
30776 1444995804.770064 -0.049439 -0.076904 42.830305
30777 1444995804.780120 -0.137329 -0.076904 43.35765
30778 1444995804.793911 -0.137329 -0.076904 43.797104
30779 1444995804.800366 -0.137329 -0.076904 44.324449
30780 1444995804.810617 -0.137329 -0.076904 44.763903
30781 1444995804.820514 -0.137329 -0.076904 45.203357
30782 1444995804.830618 -0.137329 -0.076904 45.554921
30783 1444995804.840991 -0.137329 -0.076904 45.906484
30784 1444995804.851185 -0.137329 -0.076904 46.170157
30785 1444995804.863003 -0.137329 -0.076904 46.52172
30786 1444995804.871765 -0.137329 -0.076904 46.697502
30787 1444995804.882771 -0.137329 -0.076904 46.961174
30788 1444995804.892559 -0.137329 -0.076904 47.136956
30789 1444995804.902322 -0.049439 -0.076904 47.312738
30790 1444995804.912649 -0.049439 -0.076904 47.400628
30791 1444995804.922895 -0.049439 -0.076904 47.400628
30792 1444995804.933035 -0.049439 -0.076904 47.488519
30793 1444995804.945135 -0.049439 -0.076904 47.488519
30794 1444995804.953364 -0.049439 -0.076904 47.488519
30795 1444995804.963530 -0.049439 -0.076904 47.488519
30796 1444995804.973515 -0.049439 -0.164795 47.400628
30797 1444995804.983624 -0.049439 -0.164795 47.400628
30798 1444995804.995560 -0.049439 -0.164795 47.400628
30799 1444995805.005019 -0.137329 -0.164795 47.312738
30800 1444995805.015084 -0.137329 -0.164795 47.312738
30801 1444995805.025209 -0.049439 -0.164795 47.224847
30802 1444995805.034981 -0.137329 -0.164795 47.224847
30803 1444995805.045461 -0.137329 -0.164795 47.136956
30804 1444995805.055151 -0.137329 -0.164795 47.049065
30805 1444995805.065562 -0.22522 -0.164795 47.049065
30806 1444995805.075755 -0.22522 -0.252686 47.049065
30807 1444995805.085273 -0.22522 -0.252686 47.049065
30808 1444995805.096064 -0.22522 -0.252686 46.961174
30809 1444995805.105483 -0.22522 -0.252686 46.961174
30810 1444995805.115562 -0.22522 -0.252686 46.785393
30811 1444995805.121820 -0.137329 -0.252686 46.785393
30812 1444995805.136104 -0.049439 -0.164795 46.697502
30813 1444995805.146374 0.038452 -0.164795 46.609611
30814 1444995805.156510 0.038452 -0.076904 46.609611
30815 1444995805.166324 0.126343 -0.076904 46.52172
30816 1444995805.176524 0.126343 -0.076904 46.52172
30817 1444995805.186580 0.214234 0.010986 46.52172
30818 1444995805.192732 0.214234 0.010986 46.52172
30819 1444995805.202443 0.214234 0.098877 46.52172
30820 1444995805.212737 0.214234 0.098877 46.609611
30821 1444995805.222827 0.214234 0.098877 46.609611
30822 1444995805.232877 0.126343 0.186768 46.697502
30823 1444995805.242970 0.126343 0.274659 46.697502
30824 1444995805.253061 0.126343 0.274659 46.697502
30825 1444995805.263083 0.038452 0.274659 46.785393
30826 1444995805.273428 0.038452 0.274659 46.785393
30827 1444995805.285035 -0.049439 0.274659 46.873283
30828 1444995805.296059 -0.049439 0.274659 46.873283
30829 1444995805.305210 -0.049439 0.274659 46.873283
30830 1444995805.315822 -0.137329 0.274659 46.961174
30831 1444995805.325423 -0.049439 0.274659 46.961174
30832 1444995805.335511 -0.049439 0.186768 47.049065
30833 1444995805.346501 -0.049439 0.186768 47.136956
30834 1444995805.355503 -0.049439 0.186768 47.136956
30835 1444995805.365521 -0.049439 0.186768 47.136956
30836 1444995805.376444 -0.049439 0.186768 47.224847
30837 1444995805.386405 -0.049439 0.098877 47.224847
30838 1444995805.397132 -0.049439 0.098877 47.136956
30839 1444995805.406587 -0.049439 0.098877 47.136956
30840 1444995805.416494 -0.049439 0.098877 47.136956
30841 1444995805.426636 -0.049439 0.098877 47.136956
30842 1444995805.436738 -0.049439 0.098877 47.136956
30843 1444995805.447058 -0.049439 0.098877 47.136956
30844 1444995805.457324 -0.049439 0.098877 47.136956
30845 1444995805.467460 -0.137329 0.098877 47.136956
30846 1444995805.477365 -0.137329 0.098877 47.136956
30847 1444995805.487736 -0.137329 0.010986 47.136956
30848 1444995805.498359 -0.22522 0.010986 47.136956
30849 1444995805.507853 -0.22522 0.010986 47.136956
30850 1444995805.517931 -0.22522 0.010986 47.136956
30851 1444995805.528508 -0.137329 0.010986 47.049065
30852 1444995805.538415 -0.137329 0.010986 46.961174
30853 1444995805.545391 -0.137329 0.010986 46.961174
30854 1444995805.555146 -0.049439 0.010986 46.873283
30855 1444995805.568792 -0.049439 0.010986 46.785393
30856 1444995805.575022 0.038452 0.010986 46.785393
30857 1444995805.585055 0.038452 0.010986 46.697502
30858 1444995805.596081 0.038452 0.098877 46.785393
30859 1444995805.605792 0.038452 0.010986 46.785393
30860 1444995805.615833 -0.049439 0.010986 46.785393
30861 1444995805.625909 -0.049439 0.098877 46.873283
30862 1444995805.636137 -0.049439 0.010986 46.873283
30863 1444995805.646196 -0.049439 0.098877 46.873283
30864 1444995805.656206 -0.049439 0.098877 46.873283
30865 1444995805.666187 -0.049439 0.098877 46.961174
30866 1444995805.676709 -0.049439 0.098877 46.961174
30867 1444995805.687102 -0.049439 0.098877 46.961174
30868 1444995805.697495 -0.049439 0.098877 46.961174
30869 1444995805.707714 -0.049439 0.098877 46.961174
30870 1444995805.717702 -0.049439 0.098877 46.961174
30871 1444995805.727791 -0.049439 0.098877 47.049065
30872 1444995805.737841 -0.049439 0.098877 47.049065
30873 1444995805.747927 -0.137329 0.010986 47.136956
30874 1444995805.758129 -0.137329 0.010986 47.136956
30875 1444995805.768178 -0.137329 0.010986 47.136956
30876 1444995805.780241 -0.137329 0.010986 47.224847
30877 1444995805.790444 -0.137329 -0.076904 47.224847
30878 1444995805.800857 -0.137329 0.010986 47.136956
30879 1444995805.809053 -0.137329 0.010986 47.136956
30880 1444995805.820673 -0.049439 0.010986 47.136956
30881 1444995805.830498 -0.049439 0.010986 47.136956
30882 1444995805.840588 -0.049439 -0.076904 47.136956
30883 1444995805.850979 -0.137329 -0.076904 47.136956
30884 1444995805.861155 -0.137329 -0.076904 47.136956
30885 1444995805.870907 -0.137329 -0.076904 47.136956
30886 1444995805.880937 -0.137329 -0.076904 47.136956
30887 1444995805.891410 -0.137329 0.010986 47.049065
30888 1444995805.901212 -0.049439 0.010986 46.961174
30889 1444995805.911507 -0.049439 0.010986 46.961174
30890 1444995805.921397 -0.049439 0.010986 46.873283
30891 1444995805.931445 0.038452 0.010986 46.873283
30892 1444995805.941790 0.038452 0.010986 46.873283
30893 1444995805.951753 0.038452 0.010986 46.873283
30894 1444995805.961832 -0.049439 0.010986 46.873283
30895 1444995805.967606 -0.049439 0.010986 46.873283
30896 1444995805.977434 -0.049439 0.010986 46.873283
30897 1444995805.987671 -0.049439 0.010986 46.873283
30898 1444995805.997836 -0.049439 0.010986 46.961174
30899 1444995806.007851 -0.049439 0.010986 46.961174
30900 1444995806.018010 -0.049439 0.010986 46.961174
30901 1444995806.028080 -0.049439 0.010986 46.961174
30902 1444995806.038291 -0.049439 0.010986 46.961174
30903 1444995806.045436 -0.049439 -0.076904 46.961174
30904 1444995806.058396 -0.049439 -0.076904 47.049065
30905 1444995806.068521 -0.137329 -0.076904 47.049065
30906 1444995806.080051 -0.137329 -0.164795 47.136956
30907 1444995806.090436 -0.137329 -0.164795 47.224847
30908 1444995806.100521 -0.137329 -0.164795 47.224847
30909 1444995806.111354 -0.137329 -0.164795 47.312738
30910 1444995806.120547 -0.137329 -0.164795 47.312738
30911 1444995806.130810 -0.137329 -0.164795 47.224847
30912 1444995806.140959 -0.137329 -0.164795 47.224847
30913 1444995806.151766 -0.049439 -0.164795 47.224847
30914 1444995806.161949 -0.137329 -0.164795 47.136956
30915 1444995806.171427 -0.137329 -0.164795 47.136956
30916 1444995806.181274 -0.137329 -0.164795 47.136956
30917 1444995806.192038 -0.137329 -0.164795 47.049065
30918 1444995806.201975 -0.137329 -0.164795 47.049065
30919 1444995806.212200 -0.049439 -0.076904 46.961174
30920 1444995806.221832 -0.049439 -0.076904 46.961174
30921 1444995806.232008 -0.049439 0.010986 46.873283
30922 1444995806.242475 0.038452 0.010986 46.873283
30923 1444995806.252499 0.038452 0.010986 46.873283
30924 1444995806.262783 0.038452 0.010986 46.873283
30925 1444995806.272713 0.038452 0.010986 46.873283
30926 1444995806.282681 -0.049439 0.010986 46.873283
30927 1444995806.293005 -0.049439 0.010986 46.873283
30928 1444995806.302889 -0.049439 0.010986 46.961174
30929 1444995806.313160 0.038452 0.010986 46.961174
30930 1444995806.323375 0.038452 0.010986 47.049065
30931 1444995806.333089 0.038452 0.010986 47.049065
30932 1444995806.343365 -0.049439 0.010986 47.136956
30933 1444995806.353362 -0.049439 0.010986 47.136956
30934 1444995806.363514 -0.049439 -0.076904 47.224847
30935 1444995806.370123 -0.049439 -0.076904 47.312738
30936 1444995806.383716 -0.049439 -0.076904 47.312738
30937 1444995806.393771 -0.049439 -0.076904 47.312738
30938 1444995806.400226 -0.049439 -0.076904 47.312738
30939 1444995806.410742 -0.049439 -0.076904 47.224847
30940 1444995806.420717 -0.049439 -0.076904 47.224847
30941 1444995806.430707 -0.049439 -0.076904 47.224847
30942 1444995806.440820 -0.049439 -0.076904 47.136956
30943 1444995806.450874 -0.049439 -0.076904 47.136956
30944 1444995806.461132 -0.049439 -0.076904 47.049065
30945 1444995806.471054 -0.049439 0.010986 47.049065
30946 1444995806.481078 -0.049439 -0.076904 46.961174
30947 1444995806.491387 -0.049439 0.010986 46.873283
30948 1444995806.501522 0.038452 0.010986 46.873283
30949 1444995806.512391 0.038452 0.010986 46.873283
30950 1444995806.522535 0.038452 0.010986 46.873283
30951 1444995806.532380 0.038452 0.010986 46.873283
30952 1444995806.542576 0.038452 0.010986 46.873283
30953 1444995806.552621 0.038452 0.010986 46.961174
30954 1444995806.562910 0.038452 0.010986 46.961174
30955 1444995806.573043 0.038452 0.010986 47.049065
30956 1444995806.583202 -0.049439 0.010986 47.136956
30957 1444995806.595778 -0.049439 -0.076904 47.224847
30958 1444995806.603574 -0.049439 -0.076904 47.312738
30959 1444995806.613743 -0.049439 -0.164795 47.312738
30960 1444995806.623673 -0.049439 -0.164795 47.400628
30961 1444995806.633787 -0.049439 -0.164795 47.400628
30962 1444995806.645426 -0.049439 -0.164795 47.400628
30963 1444995806.655091 -0.049439 -0.164795 47.312738
30964 1444995806.665172 -0.049439 -0.164795 47.312738
30965 1444995806.675394 -0.049439 -0.164795 47.224847
30966 1444995806.685487 0.038452 -0.076904 47.136956
30967 1444995806.696000 0.038452 -0.076904 47.049065
30968 1444995806.705632 0.038452 0.010986 46.961174
30969 1444995806.715348 0.126343 0.010986 46.873283
30970 1444995806.725785 0.126343 0.010986 46.873283
30971 1444995806.736001 0.126343 0.010986 46.873283
30972 1444995806.746055 0.126343 0.010986 46.873283
30973 1444995806.756071 0.038452 0.098877 46.873283
30974 1444995806.766154 0.038452 0.098877 46.873283
30975 1444995806.776297 0.038452 0.010986 46.961174
30976 1444995806.786377 -0.049439 0.010986 47.049065
30977 1444995806.796938 -0.049439 0.010986 47.136956
30978 1444995806.806788 -0.049439 -0.076904 47.224847
30979 1444995806.816697 -0.049439 -0.076904 47.312738
30980 1444995806.827529 -0.049439 -0.076904 47.312738
30981 1444995806.837297 0.038452 -0.076904 47.312738
30982 1444995806.847924 0.038452 -0.076904 47.312738
30983 1444995806.857723 0.038452 -0.076904 47.224847
30984 1444995806.868079 0.126343 -0.076904 47.224847
30985 1444995806.878291 0.126343 0.010986 47.136956
30986 1444995806.888385 0.214234 0.010986 47.136956
30987 1444995806.898476 0.214234 0.010986 47.136956
30988 1444995806.908625 0.126343 0.010986 47.049065
30989 1444995806.918765 0.126343 0.010986 47.049065
30990 1444995806.928861 0.038452 0.010986 47.049065
30991 1444995806.930531 0.038452 0.010986 47.049065
30992 1444995806.940461 0.038452 0.010986 47.049065
30993 1444995806.951515 0.038452 0.010986 47.049065
30994 1444995806.969186 -0.049439 0.010986 47.136956
30995 1444995806.975046 -0.049439 0.010986 47.049065
30996 1444995806.985093 -0.049439 0.010986 47.136956
30997 1444995806.995219 -0.049439 0.010986 47.136956
30998 1444995807.005695 0.038452 0.010986 47.136956
30999 1444995807.015917 0.038452 0.010986 47.136956
31000 1444995807.026220 0.038452 0.010986 47.136956
31001 1444995807.036229 0.126343 0.010986 47.136956
31002 1444995807.046506 0.126343 0.010986 47.136956
31003 1444995807.056713 0.126343 0.010986 47.136956
31004 1444995807.066788 0.126343 0.010986 47.136956
31005 1444995807.077214 0.126343 0.010986 47.136956
31006 1444995807.087533 0.126343 0.010986 47.136956
31007 1444995807.097797 0.126343 0.010986 47.136956
31008 1444995807.107738 0.126343 0.010986 47.049065
31009 1444995807.117817 0.038452 -0.076904 47.049065
31010 1444995807.127971 0.038452 0.010986 47.049065
31011 1444995807.138046 0.038452 -0.076904 47.049065
31012 1444995807.148027 0.038452 -0.076904 47.136956
31013 1444995807.160186 0.038452 0.010986 47.136956
31014 1444995807.170047 0.038452 0.010986 47.136956
31015 1444995807.179964 0.038452 0.010986 47.136956
31016 1444995807.190066 0.038452 0.010986 47.136956
31017 1444995807.200112 0.038452 0.010986 47.136956
31018 1444995807.210089 0.126343 0.010986 47.136956
31019 1444995807.220150 0.126343 0.010986 47.136956
31020 1444995807.230130 0.126343 0.010986 47.136956
31021 1444995807.240137 0.126343 0.010986 47.136956
31022 1444995807.250499 0.126343 0.010986 47.136956
31023 1444995807.260867 0.126343 0.010986 47.136956
31024 1444995807.270501 0.038452 0.010986 47.136956
31025 1444995807.281102 0.038452 0.010986 47.136956
31026 1444995807.291341 0.038452 0.010986 47.049065
31027 1444995807.301370 0.038452 0.010986 47.136956
31028 1444995807.311501 0.038452 0.010986 47.136956
31029 1444995807.321434 0.038452 0.010986 47.136956
31030 1444995807.331463 0.038452 0.010986 47.136956
31031 1444995807.341821 0.038452 0.010986 47.136956
31032 1444995807.351917 0.038452 0.010986 47.136956
31033 1444995807.361959 0.038452 0.010986 47.136956
31034 1444995807.372062 0.126343 0.010986 47.136956
31035 1444995807.382126 0.038452 0.010986 47.136956
31036 1444995807.392356 0.038452 0.010986 47.136956
31037 1444995807.402512 0.038452 0.010986 47.136956
31038 1444995807.407614 0.038452 0.010986 47.136956
31039 1444995807.417627 0.038452 0.010986 47.136956
31040 1444995807.427731 0.038452 0.010986 47.136956
31041 1444995807.437895 0.038452 0.010986 47.049065
31042 1444995807.445147 0.038452 0.010986 47.136956
31043 1444995807.458137 0.038452 0.010986 47.136956
31044 1444995807.468322 0.038452 0.010986 47.049065
31045 1444995807.475302 0.038452 0.010986 47.049065
31046 1444995807.485362 0.038452 0.010986 47.136956
31047 1444995807.500425 0.038452 0.010986 47.136956
31048 1444995807.511036 0.038452 0.010986 47.136956
31049 1444995807.520639 0.038452 0.010986 47.136956
31050 1444995807.530812 0.038452 0.010986 47.136956
31051 1444995807.540575 0.126343 0.010986 47.049065
31052 1444995807.550939 0.038452 0.010986 47.136956
31053 1444995807.560941 0.038452 0.010986 47.136956
31054 1444995807.571115 0.038452 0.010986 47.136956
31055 1444995807.581732 0.038452 0.010986 47.136956
31056 1444995807.592655 0.038452 0.010986 47.136956
31057 1444995807.601596 0.038452 0.010986 47.136956
31058 1444995807.611854 0.038452 0.010986 47.136956
31059 1444995807.621820 0.038452 0.010986 47.136956
31060 1444995807.631916 0.126343 0.010986 47.136956
31061 1444995807.642153 0.038452 0.010986 47.136956
31062 1444995807.652067 0.038452 0.010986 47.136956
31063 1444995807.662213 0.038452 0.010986 47.136956
31064 1444995807.672387 0.126343 0.010986 47.136956
31065 1444995807.682492 0.038452 0.010986 47.136956
31066 1444995807.693184 0.038452 0.010986 47.049065
31067 1444995807.703734 0.038452 0.010986 47.136956
31068 1444995807.713861 0.038452 0.010986 47.136956
31069 1444995807.723988 0.038452 0.010986 47.136956
31070 1444995807.734114 0.038452 0.010986 47.049065
31071 1444995807.740125 0.038452 0.010986 47.136956
31072 1444995807.750386 0.038452 0.010986 47.136956
31073 1444995807.761152 0.038452 0.010986 47.136956
31074 1444995807.770795 0.038452 0.010986 47.136956
31075 1444995807.780827 0.038452 0.010986 47.136956
31076 1444995807.790828 0.038452 0.010986 47.136956
31077 1444995807.800862 0.038452 0.010986 47.136956
31078 1444995807.811825 0.038452 0.010986 47.049065
31079 1444995807.821416 0.038452 0.010986 47.049065
31080 1444995807.831594 0.038452 0.010986 47.136956
31081 1444995807.841859 0.038452 0.010986 47.049065
31082 1444995807.852097 0.038452 0.010986 47.136956
31083 1444995807.862093 0.038452 0.010986 47.136956
31084 1444995807.871706 0.038452 0.010986 47.136956
31085 1444995807.881733 0.038452 0.010986 47.049065
31086 1444995807.892042 0.038452 0.010986 47.136956
31087 1444995807.901785 0.038452 0.010986 47.136956
31088 1444995807.911982 0.038452 0.010986 47.136956
31089 1444995807.922073 0.038452 0.010986 47.136956
31090 1444995807.932238 0.038452 0.010986 47.136956
31091 1444995807.942433 0.038452 0.010986 47.136956
31092 1444995807.952409 0.038452 0.010986 47.136956
31093 1444995807.962688 0.038452 0.010986 47.049065
31094 1444995807.972719 0.038452 0.010986 47.136956
31095 1444995807.983074 0.038452 0.010986 47.136956
31096 1444995807.993315 0.038452 0.010986 47.136956
31097 1444995808.003316 0.038452 0.010986 47.136956
31098 1444995808.013404 0.038452 0.010986 47.136956
31099 1444995808.023461 0.038452 0.010986 47.136956
31100 1444995808.033740 0.038452 0.010986 47.049065
31101 1444995808.040777 0.038452 0.010986 47.136956
31102 1444995808.051023 0.038452 0.010986 47.136956
31103 1444995808.061757 0.038452 0.010986 47.136956
31104 1444995808.075043 0.038452 0.010986 47.136956
31105 1444995808.084988 0.038452 0.010986 47.136956
31106 1444995808.095577 0.038452 0.010986 47.136956
31107 1444995808.105348 0.038452 0.010986 47.136956
31108 1444995808.115308 0.038452 0.010986 47.049065
31109 1444995808.125491 0.038452 0.010986 47.136956
31110 1444995808.135892 0.038452 0.010986 47.136956
31111 1444995808.146150 0.038452 0.010986 47.136956
31112 1444995808.156610 0.038452 0.010986 47.136956
31113 1444995808.166542 0.038452 0.010986 47.136956
31114 1444995808.176768 0.038452 0.010986 47.136956
31115 1444995808.186914 0.038452 0.010986 47.136956
31116 1444995808.197170 0.038452 0.010986 47.136956
31117 1444995808.207334 0.038452 0.010986 47.136956
31118 1444995808.217421 0.038452 0.010986 47.136956
31119 1444995808.227568 0.038452 0.010986 47.136956
31120 1444995808.237751 0.038452 0.010986 47.136956
31121 1444995808.247678 0.038452 0.010986 47.136956
31122 1444995808.257820 0.038452 0.010986 47.049065
31123 1444995808.267862 0.038452 0.010986 47.136956
31124 1444995808.278069 0.038452 0.010986 47.136956
31125 1444995808.288205 0.038452 0.010986 47.136956
31126 1444995808.298147 0.038452 0.010986 47.136956
31127 1444995808.303349 0.038452 0.010986 47.136956
31128 1444995808.310287 0.038452 0.010986 47.136956
31129 1444995808.323555 0.038452 0.010986 47.136956
31130 1444995808.333585 0.038452 0.010986 47.049065
31131 1444995808.346017 0.038452 0.010986 47.136956
31132 1444995808.355200 0.038452 0.010986 47.136956
31133 1444995808.361404 0.038452 0.010986 47.136956
31134 1444995808.375328 0.038452 0.010986 47.136956
31135 1444995808.385324 0.038452 0.010986 47.136956
31136 1444995808.395934 0.038452 0.010986 47.136956
31137 1444995808.405438 0.038452 0.010986 47.136956
31138 1444995808.415759 0.038452 0.010986 47.136956
31139 1444995808.426188 0.038452 0.010986 47.136956
31140 1444995808.436220 0.038452 0.010986 47.136956
31141 1444995808.446003 0.038452 0.010986 47.136956
31142 1444995808.456194 0.038452 0.010986 47.136956
31143 1444995808.466436 0.038452 0.010986 47.136956
31144 1444995808.476882 0.038452 0.010986 47.136956
31145 1444995808.486927 0.038452 0.010986 47.136956
31146 1444995808.496965 0.038452 0.010986 47.136956
31147 1444995808.506986 0.038452 0.010986 47.136956
31148 1444995808.516877 0.038452 0.010986 47.049065
31149 1444995808.527524 0.038452 0.010986 47.136956
31150 1444995808.537096 0.038452 0.010986 47.136956
31151 1444995808.545013 0.038452 0.010986 47.136956
31152 1444995808.557543 0.038452 0.010986 47.136956
31153 1444995808.567538 0.038452 0.010986 47.136956
31154 1444995808.577637 0.038452 0.010986 47.136956
31155 1444995808.587788 0.038452 0.010986 47.136956
31156 1444995808.595200 0.038452 0.010986 47.136956
31157 1444995808.608193 0.038452 0.010986 47.136956
31158 1444995808.618390 0.038452 0.010986 47.136956
31159 1444995808.628500 0.038452 0.010986 47.136956
31160 1444995808.638735 0.038452 0.010986 47.136956
31161 1444995808.650129 0.038452 0.010986 47.136956
31162 1444995808.658753 0.038452 0.010986 47.136956
31163 1444995808.670410 0.038452 0.010986 47.136956
31164 1444995808.680395 0.038452 0.010986 47.049065
31165 1444995808.690735 0.038452 0.010986 47.049065
31166 1444995808.700808 0.038452 0.010986 47.136956
31167 1444995808.705835 0.038452 0.010986 47.049065
31168 1444995808.717674 0.038452 0.010986 47.049065
31169 1444995808.731173 0.038452 0.010986 47.136956
31170 1444995808.741269 0.038452 0.010986 47.136956
31171 1444995808.746945 0.038452 0.010986 47.136956
31172 1444995808.756310 0.038452 0.010986 47.136956
31173 1444995808.766496 0.038452 0.010986 47.136956
31174 1444995808.777013 0.038452 0.010986 47.136956
31175 1444995808.786796 0.038452 0.010986 47.136956
31176 1444995808.797026 0.038452 0.010986 47.136956
31177 1444995808.807531 0.038452 0.010986 47.136956
31178 1444995808.817028 0.038452 0.010986 47.136956
31179 1444995808.827197 0.038452 0.010986 47.136956
31180 1444995808.837855 0.038452 0.010986 47.136956
31181 1444995808.848038 0.038452 0.010986 47.136956
31182 1444995808.858103 0.038452 0.010986 47.136956
31183 1444995808.867982 0.038452 0.010986 47.136956
31184 1444995808.878128 0.038452 0.010986 47.049065
31185 1444995808.888154 0.038452 0.010986 47.136956
31186 1444995808.898359 0.038452 0.010986 47.136956
31187 1444995808.908368 0.038452 0.010986 47.136956
31188 1444995808.918416 0.038452 0.010986 47.136956
31189 1444995808.928535 0.038452 0.010986 47.136956
31190 1444995808.935237 0.038452 0.010986 47.136956
31191 1444995808.946294 0.038452 0.010986 47.136956
31192 1444995808.955580 0.038452 0.010986 47.136956
31193 1444995808.965455 0.038452 0.010986 47.136956
31194 1444995808.975614 0.038452 0.010986 47.136956
31195 1444995808.985730 0.038452 0.010986 47.136956
31196 1444995808.997221 0.038452 0.010986 47.136956
31197 1444995809.010279 0.038452 0.010986 47.136956
31198 1444995809.020241 0.038452 0.010986 47.049065
31199 1444995809.030829 0.038452 0.010986 47.049065
31200 1444995809.040956 0.038452 0.010986 47.136956
31201 1444995809.050392 0.038452 0.010986 47.136956
31202 1444995809.061153 0.038452 0.010986 47.136956
31203 1444995809.071197 0.038452 0.010986 47.136956
31204 1444995809.081358 0.038452 0.010986 47.136956
31205 1444995809.091638 0.038452 0.010986 47.136956
31206 1444995809.101848 0.038452 0.010986 47.049065
31207 1444995809.112148 0.038452 0.010986 47.136956
31208 1444995809.121894 0.038452 0.010986 47.049065
31209 1444995809.131874 0.038452 0.010986 47.136956
31210 1444995809.141908 0.038452 0.010986 47.136956
31211 1444995809.150072 0.038452 0.010986 47.136956
31212 1444995809.162059 0.038452 0.010986 47.049065
31213 1444995809.172111 0.038452 0.010986 47.136956
31214 1444995809.182241 0.038452 0.010986 47.136956
31215 1444995809.193369 0.038452 0.010986 47.136956
31216 1444995809.203423 0.038452 0.010986 47.049065
31217 1444995809.210191 0.038452 0.010986 47.136956
31218 1444995809.220078 0.038452 0.010986 47.136956
31219 1444995809.233793 0.038452 0.010986 47.136956
31220 1444995809.240027 0.038452 0.010986 47.049065
31221 1444995809.250637 0.038452 0.010986 47.049065
31222 1444995809.260561 0.038452 0.010986 47.049065
31223 1444995809.270350 -0.049439 0.010986 47.136956
31224 1444995809.280652 0.038452 0.010986 47.049065
31225 1444995809.290667 -0.049439 0.010986 47.049065
31226 1444995809.300864 0.038452 0.010986 47.049065
31227 1444995809.311351 -0.049439 0.010986 47.049065
31228 1444995809.320787 -0.049439 0.010986 47.136956
31229 1444995809.330667 -0.049439 0.010986 47.049065
31230 1444995809.341687 -0.049439 0.010986 47.049065
31231 1444995809.351554 0.038452 0.010986 47.136956
31232 1444995809.361620 0.038452 0.010986 47.136956
31233 1444995809.371522 0.038452 0.010986 47.049065
31234 1444995809.381755 0.038452 0.010986 47.136956
31235 1444995809.391933 -0.049439 0.010986 47.136956
31236 1444995809.401715 0.038452 0.010986 47.049065
31237 1444995809.411980 0.038452 0.010986 47.136956
31238 1444995809.421999 0.038452 0.010986 47.136956
31239 1444995809.432105 0.038452 0.010986 47.136956
31240 1444995809.442141 -0.049439 0.010986 47.049065
31241 1444995809.452086 0.038452 0.010986 47.049065
31242 1444995809.462469 -0.049439 0.010986 47.049065
31243 1444995809.472515 -0.049439 0.010986 47.049065
31244 1444995809.482616 -0.049439 0.010986 47.136956
31245 1444995809.492764 0.038452 0.010986 47.136956
31246 1444995809.502707 0.038452 0.010986 47.136956
31247 1444995809.513034 0.038452 0.010986 47.049065
31248 1444995809.523085 0.038452 0.010986 47.136956
31249 1444995809.533253 0.038452 0.010986 47.136956
31250 1444995809.540532 0.038452 0.010986 47.136956
31251 1444995809.550442 -0.049439 0.010986 47.049065
31252 1444995809.560678 0.038452 0.010986 47.049065
31253 1444995809.570518 0.038452 0.010986 47.136956
31254 1444995809.580281 0.038452 0.010986 47.049065
31255 1444995809.595202 0.038452 0.010986 47.136956
31256 1444995809.601215 -0.049439 0.010986 47.049065
31257 1444995809.611725 -0.049439 0.010986 47.049065
31258 1444995809.625284 -0.049439 0.010986 47.049065
31259 1444995809.635095 -0.049439 0.010986 47.049065
31260 1444995809.645678 -0.049439 0.010986 47.049065
31261 1444995809.655507 0.038452 0.010986 47.049065
31262 1444995809.665642 -0.049439 0.010986 47.049065
31263 1444995809.675773 0.038452 0.010986 47.049065
31264 1444995809.685979 -0.049439 0.010986 47.049065
31265 1444995809.696442 -0.049439 0.010986 47.049065
31266 1444995809.707068 -0.049439 0.010986 47.049065
31267 1444995809.717275 0.038452 0.010986 47.049065
31268 1444995809.727660 0.038452 0.010986 47.049065
31269 1444995809.737747 0.038452 0.010986 47.049065
31270 1444995809.747619 0.038452 0.010986 47.136956
31271 1444995809.757865 -0.049439 0.010986 47.049065
31272 1444995809.767954 0.038452 0.010986 47.136956
31273 1444995809.778081 0.038452 0.010986 47.136956
31274 1444995809.788137 0.038452 0.010986 47.136956
31275 1444995809.798143 -0.049439 0.010986 47.049065
31276 1444995809.808214 0.038452 0.010986 47.049065
31277 1444995809.814999 0.038452 0.010986 47.049065
31278 1444995809.828592 -0.049439 0.010986 47.049065
31279 1444995809.833944 -0.049439 0.010986 47.136956
31280 1444995809.845358 -0.049439 0.010986 47.049065
31281 1444995809.850896 -0.049439 0.010986 47.049065
31282 1444995809.861253 -0.049439 0.010986 47.049065
31283 1444995809.875062 -0.049439 0.010986 47.136956
31284 1444995809.885868 0.038452 0.010986 47.049065
31285 1444995809.895872 -0.049439 0.010986 47.049065
31286 1444995809.905905 0.038452 0.010986 47.136956
31287 1444995809.915828 -0.049439 0.010986 47.049065
31288 1444995809.926221 0.038452 0.010986 47.049065
31289 1444995809.936611 -0.049439 0.010986 47.049065
31290 1444995809.946929 0.038452 0.010986 47.049065
31291 1444995809.957098 -0.049439 0.010986 47.136956
31292 1444995809.967124 0.038452 0.010986 47.049065
31293 1444995809.977407 -0.049439 0.010986 47.049065
31294 1444995809.988338 0.038452 0.010986 47.049065
31295 1444995809.998511 -0.049439 0.010986 47.049065
31296 1444995810.008657 -0.049439 0.010986 47.049065
31297 1444995810.018858 -0.049439 0.010986 47.136956
31298 1444995810.028912 -0.049439 0.010986 47.136956
31299 1444995810.039002 -0.049439 0.010986 47.049065
31300 1444995810.045226 0.038452 0.010986 47.136956
31301 1444995810.059413 -0.049439 0.010986 47.049065
31302 1444995810.065201 -0.049439 0.010986 47.136956
31303 1444995810.076060 0.038452 0.010986 47.136956
31304 1444995810.086073 -0.049439 0.010986 47.136956
31305 1444995810.096663 -0.049439 0.010986 47.049065
31306 1444995810.106102 0.038452 0.010986 47.136956
31307 1444995810.116066 -0.049439 0.010986 47.049065
31308 1444995810.126428 -0.049439 0.010986 47.136956
31309 1444995810.136434 -0.049439 0.010986 47.049065
31310 1444995810.146627 0.038452 0.010986 47.049065
31311 1444995810.156634 -0.049439 0.010986 47.136956
31312 1444995810.166792 0.038452 0.010986 47.136956
31313 1444995810.176895 -0.049439 0.010986 47.136956
31314 1444995810.186998 0.038452 0.010986 47.049065
31315 1444995810.197042 -0.049439 0.010986 47.049065
31316 1444995810.207392 -0.049439 0.010986 47.136956
31317 1444995810.217308 -0.049439 0.010986 47.136956
31318 1444995810.227655 -0.049439 0.010986 47.049065
31319 1444995810.237578 -0.049439 0.010986 47.136956
31320 1444995810.250357 0.038452 0.010986 47.049065
31321 1444995810.257906 0.038452 0.010986 47.049065
31322 1444995810.268063 0.038452 0.010986 47.049065
31323 1444995810.278136 -0.049439 0.010986 47.136956
31324 1444995810.288270 0.038452 0.010986 47.049065
31325 1444995810.300497 0.038452 0.010986 47.049065
31326 1444995810.310047 -0.049439 0.010986 47.049065
31327 1444995810.320202 -0.049439 0.010986 47.049065
31328 1444995810.330175 -0.049439 0.010986 47.049065
31329 1444995810.339968 -0.049439 0.010986 47.049065
31330 1444995810.350228 0.038452 0.010986 47.049065
31331 1444995810.360893 -0.049439 0.010986 47.049065
31332 1444995810.371045 -0.049439 0.010986 47.049065
31333 1444995810.380681 -0.049439 -0.076904 47.049065
31334 1444995810.391390 0.038452 0.010986 47.049065
31335 1444995810.401765 -0.049439 0.010986 47.049065
31336 1444995810.412004 0.038452 0.010986 47.049065
31337 1444995810.422044 0.038452 0.010986 47.136956
31338 1444995810.432192 -0.049439 0.010986 47.049065
31339 1444995810.442377 -0.049439 0.010986 47.049065
31340 1444995810.452301 0.038452 0.010986 47.136956
31341 1444995810.462667 0.038452 0.010986 47.049065
31342 1444995810.472665 -0.049439 0.010986 47.136956
31343 1444995810.482688 -0.049439 0.010986 47.136956
31344 1444995810.492839 -0.049439 0.010986 47.049065
31345 1444995810.502871 -0.049439 0.010986 47.049065
31346 1444995810.513047 -0.049439 0.010986 47.049065
31347 1444995810.518029 -0.049439 0.010986 47.049065
31348 1444995810.528389 -0.049439 0.010986 47.136956
31349 1444995810.538593 -0.049439 0.010986 47.049065
31350 1444995810.550250 -0.049439 0.010986 47.049065
31351 1444995810.558932 0.038452 0.010986 47.049065
31352 1444995810.569995 -0.049439 0.010986 47.049065
31353 1444995810.580099 0.038452 0.010986 47.136956
31354 1444995810.590084 -0.049439 0.010986 47.049065
31355 1444995810.600286 -0.049439 0.010986 47.049065
31356 1444995810.610638 0.038452 0.010986 47.049065
31357 1444995810.620403 0.038452 0.010986 47.136956
31358 1444995810.630521 0.038452 0.010986 47.049065
31359 1444995810.641280 0.038452 0.010986 47.049065
31360 1444995810.651320 -0.049439 0.010986 47.049065
31361 1444995810.661837 0.038452 0.010986 47.136956
31362 1444995810.671730 -0.049439 0.010986 47.136956
31363 1444995810.681813 -0.049439 0.010986 47.049065
31364 1444995810.692015 -0.049439 0.010986 47.049065
31365 1444995810.701932 -0.049439 0.010986 47.049065
31366 1444995810.712067 0.038452 0.010986 47.136956
31367 1444995810.722043 0.038452 0.010986 47.049065
31368 1444995810.732164 -0.049439 0.010986 47.136956
31369 1444995810.742353 -0.049439 0.010986 47.136956
31370 1444995810.750174 0.038452 0.010986 47.136956
31371 1444995810.760185 -0.049439 0.010986 47.049065
31372 1444995810.773571 0.038452 0.010986 47.049065
31373 1444995810.780104 0.038452 0.010986 47.049065
31374 1444995810.790099 0.038452 0.010986 47.049065
31375 1444995810.800613 -0.049439 0.010986 47.136956
31376 1444995810.811177 -0.049439 0.010986 47.049065
31377 1444995810.820514 0.038452 0.010986 47.049065
31378 1444995810.830653 -0.049439 0.010986 47.049065
31379 1444995810.840631 0.038452 0.010986 47.136956
31380 1444995810.851197 -0.049439 0.010986 47.136956
31381 1444995810.861603 -0.049439 -0.076904 47.049065
31382 1444995810.871051 0.038452 0.010986 47.136956
31383 1444995810.880840 -0.049439 0.010986 47.136956
31384 1444995810.891307 -0.049439 0.010986 47.049065
31385 1444995810.901962 0.038452 0.010986 47.136956
31386 1444995810.911950 -0.049439 0.010986 47.049065
31387 1444995810.921737 -0.049439 0.010986 47.136956
31388 1444995810.931677 -0.049439 0.010986 47.049065
31389 1444995810.941910 0.038452 0.010986 47.136956
31390 1444995810.951871 -0.049439 0.010986 47.136956
31391 1444995810.962106 -0.049439 0.010986 47.049065
31392 1444995810.972124 -0.049439 0.010986 47.136956
31393 1444995810.982273 -0.049439 0.010986 47.136956
31394 1444995810.992426 0.038452 0.010986 47.049065
31395 1444995811.000996 0.038452 0.010986 47.049065
31396 1444995811.012678 -0.049439 0.010986 47.136956
31397 1444995811.022713 -0.049439 0.010986 47.049065
31398 1444995811.032957 -0.049439 0.010986 47.136956
31399 1444995811.043113 -0.049439 0.010986 47.049065
31400 1444995811.053102 -0.049439 0.010986 47.136956
31401 1444995811.063326 -0.049439 0.010986 47.136956
31402 1444995811.073388 -0.049439 0.010986 47.136956
31403 1444995811.083508 0.038452 0.010986 47.136956
31404 1444995811.095998 -0.049439 0.010986 47.136956
31405 1444995811.105110 -0.049439 0.010986 47.136956
31406 1444995811.113748 -0.049439 -0.076904 47.136956
31407 1444995811.120598 -0.049439 0.010986 47.136956
31408 1444995811.130725 0.038452 -0.076904 47.136956
31409 1444995811.145567 -0.049439 0.010986 47.136956
31410 1444995811.155275 -0.049439 0.010986 47.136956
31411 1444995811.165200 0.038452 0.010986 47.136956
31412 1444995811.175467 -0.049439 0.010986 47.136956
31413 1444995811.185573 -0.049439 0.010986 47.136956
31414 1444995811.196685 -0.049439 0.010986 47.136956
31415 1444995811.206013 0.038452 0.010986 47.136956
31416 1444995811.216937 0.038452 -0.076904 47.136956
31417 1444995811.227259 -0.049439 0.010986 47.136956
31418 1444995811.232703 -0.049439 0.010986 47.049065
31419 1444995811.243321 -0.049439 0.010986 47.136956
31420 1444995811.252815 -0.049439 0.010986 47.136956
31421 1444995811.263045 -0.049439 0.010986 47.136956
31422 1444995811.273105 -0.049439 -0.076904 47.136956
31423 1444995811.283628 -0.049439 0.010986 47.136956
31424 1444995811.293600 -0.049439 0.010986 47.136956
31425 1444995811.300306 -0.049439 0.010986 47.136956
31426 1444995811.310092 -0.049439 0.010986 47.136956
31427 1444995811.320050 -0.049439 0.010986 47.136956
31428 1444995811.334993 0.038452 0.010986 47.136956
31429 1444995811.345649 -0.049439 -0.076904 47.136956
31430 1444995811.355394 -0.049439 0.010986 47.136956
31431 1444995811.365496 0.038452 0.010986 47.136956
31432 1444995811.375678 -0.049439 0.010986 47.136956
31433 1444995811.385590 0.038452 -0.076904 47.049065
31434 1444995811.396232 -0.049439 0.010986 47.136956
31435 1444995811.405828 0.038452 0.010986 47.136956
31436 1444995811.415719 -0.049439 0.010986 47.136956
31437 1444995811.426088 -0.049439 -0.076904 47.136956
31438 1444995811.436170 0.038452 -0.076904 47.049065
31439 1444995811.446105 -0.049439 -0.076904 47.136956
31440 1444995811.456147 -0.049439 0.010986 47.136956
31441 1444995811.466667 -0.049439 0.010986 47.136956
31442 1444995811.476561 0.038452 0.010986 47.136956
31443 1444995811.486668 -0.049439 0.010986 47.136956
31444 1444995811.496582 -0.049439 0.010986 47.136956
31445 1444995811.506627 0.038452 0.010986 47.136956
31446 1444995811.516786 -0.049439 0.010986 47.136956
31447 1444995811.527768 0.038452 0.010986 47.136956
31448 1444995811.537745 -0.049439 0.010986 47.136956
31449 1444995811.547560 -0.049439 -0.076904 47.136956
31450 1444995811.557387 -0.049439 0.010986 47.136956
31451 1444995811.567652 -0.049439 0.010986 47.136956
31452 1444995811.578192 -0.049439 -0.076904 47.136956
31453 1444995811.588373 0.038452 -0.076904 47.136956
31454 1444995811.595427 -0.049439 0.010986 47.136956
31455 1444995811.608981 0.038452 0.010986 47.136956
31456 1444995811.619129 -0.049439 0.010986 47.136956
31457 1444995811.629322 0.038452 0.010986 47.136956
31458 1444995811.635385 -0.049439 0.010986 47.136956
31459 1444995811.646481 -0.049439 -0.076904 47.136956
31460 1444995811.655410 -0.049439 -0.076904 47.136956
31461 1444995811.665415 -0.049439 0.010986 47.136956
31462 1444995811.675697 -0.049439 -0.076904 47.136956
31463 1444995811.685791 -0.049439 -0.076904 47.136956
31464 1444995811.697005 0.038452 0.010986 47.049065
31465 1444995811.706147 -0.049439 0.010986 47.136956
31466 1444995811.716257 -0.049439 0.010986 47.136956
31467 1444995811.726366 -0.049439 0.010986 47.136956
31468 1444995811.736585 -0.049439 0.010986 47.136956
31469 1444995811.747388 -0.049439 0.010986 47.136956
31470 1444995811.756721 -0.049439 0.010986 47.136956
31471 1444995811.766761 -0.049439 -0.076904 47.136956
31472 1444995811.777390 -0.049439 0.010986 47.136956
31473 1444995811.787117 -0.049439 0.010986 47.136956
31474 1444995811.797405 -0.049439 -0.076904 47.136956
31475 1444995811.807504 0.038452 0.010986 47.136956
31476 1444995811.817698 -0.049439 0.010986 47.136956
31477 1444995811.827946 0.038452 -0.076904 47.136956
31478 1444995811.837999 -0.049439 0.010986 47.136956
31479 1444995811.848270 -0.049439 0.010986 47.136956
31480 1444995811.858465 -0.049439 -0.076904 47.136956
31481 1444995811.868497 0.038452 -0.076904 47.136956
31482 1444995811.878670 -0.049439 0.010986 47.136956
31483 1444995811.888741 -0.049439 0.010986 47.136956
31484 1444995811.896051 0.038452 0.010986 47.136956
31485 1444995811.910028 -0.049439 0.010986 47.136956
31486 1444995811.920081 -0.049439 0.010986 47.136956
31487 1444995811.930147 -0.049439 0.010986 47.136956
31488 1444995811.940602 -0.049439 0.010986 47.136956
31489 1444995811.950771 -0.049439 -0.076904 47.136956
31490 1444995811.960912 0.038452 -0.076904 47.049065
31491 1444995811.970838 -0.049439 0.010986 47.136956
31492 1444995811.981116 -0.049439 -0.076904 47.136956
31493 1444995811.991083 -0.049439 0.010986 47.136956
31494 1444995812.001359 -0.049439 0.010986 47.136956
31495 1444995812.011670 -0.049439 0.010986 47.136956
31496 1444995812.021688 -0.049439 0.010986 47.136956
31497 1444995812.031587 -0.049439 0.010986 47.136956
31498 1444995812.036655 0.038452 0.010986 47.136956
31499 1444995812.045472 -0.049439 -0.076904 47.136956
31500 1444995812.062806 -0.049439 -0.076904 47.136956
31501 1444995812.072791 -0.049439 0.010986 47.136956
31502 1444995812.082848 -0.049439 -0.076904 47.136956
31503 1444995812.092995 0.038452 0.010986 47.136956
31504 1444995812.100471 0.038452 0.010986 47.136956
31505 1444995812.110149 -0.049439 0.010986 47.136956
31506 1444995812.119991 -0.049439 0.010986 47.136956
31507 1444995812.130136 -0.049439 0.010986 47.136956
31508 1444995812.140155 -0.049439 0.010986 47.136956
31509 1444995812.150871 -0.049439 0.010986 47.136956
31510 1444995812.160744 0.038452 0.010986 47.136956
31511 1444995812.170712 -0.049439 0.010986 47.136956
31512 1444995812.180805 -0.049439 0.010986 47.136956
31513 1444995812.190936 0.038452 0.010986 47.136956
31514 1444995812.200909 0.038452 0.010986 47.136956
31515 1444995812.211507 0.038452 0.010986 47.136956
31516 1444995812.221222 -0.049439 0.010986 47.136956
31517 1444995812.231183 -0.049439 -0.076904 47.136956
31518 1444995812.241503 -0.049439 -0.076904 47.049065
31519 1444995812.251356 0.038452 0.010986 47.136956
31520 1444995812.261574 -0.049439 -0.076904 47.136956
31521 1444995812.271716 -0.049439 0.010986 47.136956
31522 1444995812.281639 -0.049439 0.010986 47.136956
31523 1444995812.291796 -0.049439 0.010986 47.136956
31524 1444995812.301974 -0.049439 0.010986 47.136956
31525 1444995812.312128 0.038452 0.010986 47.136956
31526 1444995812.322151 -0.049439 0.010986 47.136956
31527 1444995812.332142 -0.049439 -0.076904 47.049065
31528 1444995812.342502 -0.049439 0.010986 47.136956
31529 1444995812.353814 -0.049439 0.010986 47.136956
31530 1444995812.363898 0.038452 -0.076904 47.136956
31531 1444995812.373936 -0.049439 0.010986 47.136956
31532 1444995812.383814 -0.049439 0.010986 47.136956
31533 1444995812.393898 -0.049439 0.010986 47.136956
31534 1444995812.403928 -0.049439 -0.076904 47.136956
31535 1444995812.414048 0.038452 -0.076904 47.136956
31536 1444995812.424179 -0.049439 -0.076904 47.136956
31537 1444995812.434315 -0.049439 0.010986 47.136956
31538 1444995812.440098 0.038452 0.010986 47.136956
31539 1444995812.451010 0.038452 0.010986 47.136956
31540 1444995812.460931 -0.049439 -0.076904 47.136956
31541 1444995812.470393 -0.049439 0.010986 47.136956
31542 1444995812.480800 -0.049439 0.010986 47.136956
31543 1444995812.490731 -0.049439 0.010986 47.136956
31544 1444995812.500629 0.038452 -0.076904 47.136956
31545 1444995812.515916 -0.049439 0.010986 47.136956
31546 1444995812.521488 0.038452 0.010986 47.136956
31547 1444995812.531002 -0.049439 0.010986 47.136956
31548 1444995812.546094 -0.049439 0.010986 47.136956
31549 1444995812.554734 -0.049439 0.010986 47.136956
31550 1444995812.566268 0.038452 -0.076904 47.136956
31551 1444995812.571868 -0.049439 0.010986 47.136956
31552 1444995812.581949 -0.049439 0.010986 47.136956
31553 1444995812.592187 -0.049439 0.010986 47.136956
31554 1444995812.602111 -0.049439 0.010986 47.136956
31555 1444995812.612247 0.038452 0.010986 47.136956
31556 1444995812.622296 0.038452 0.010986 47.136956
31557 1444995812.632596 -0.049439 0.010986 47.136956
31558 1444995812.642561 -0.049439 0.010986 47.136956
31559 1444995812.652559 0.038452 0.010986 47.136956
31560 1444995812.662696 -0.049439 0.010986 47.136956
31561 1444995812.672831 0.038452 0.010986 47.136956
31562 1444995812.682931 -0.049439 0.010986 47.136956
31563 1444995812.693191 0.038452 0.010986 47.136956
31564 1444995812.703194 0.038452 0.010986 47.136956
31565 1444995812.713589 0.038452 0.010986 47.136956
31566 1444995812.723876 -0.049439 0.010986 47.136956
31567 1444995812.733839 0.038452 -0.076904 47.136956
31568 1444995812.745397 0.038452 -0.076904 47.136956
31569 1444995812.755040 -0.049439 -0.076904 47.136956
31570 1444995812.765100 -0.049439 0.010986 47.136956
31571 1444995812.775048 -0.049439 0.010986 47.136956
31572 1444995812.785192 -0.049439 0.010986 47.136956
31573 1444995812.795201 -0.049439 -0.076904 47.136956
31574 1444995812.805315 -0.049439 0.010986 47.136956
31575 1444995812.815439 -0.049439 -0.076904 47.136956
31576 1444995812.825551 -0.049439 0.010986 47.136956
31577 1444995812.835723 -0.049439 -0.076904 47.136956
31578 1444995812.845970 -0.049439 0.010986 47.136956
31579 1444995812.855900 -0.049439 0.010986 47.136956
