8555 1444992280.047767 0.038452 0.010986 -10.008569
8556 1444992280.056937 0.038452 0.010986 -10.008569
8557 1444992280.067190 0.038452 0.010986 -10.008569
8558 1444992280.077232 -0.049439 0.010986 -10.008569
8559 1444992280.087516 0.038452 0.010986 -10.008569
8560 1444992280.097586 0.038452 0.010986 -10.008569
8561 1444992280.108148 -0.049439 0.010986 -10.008569
8562 1444992280.118769 0.038452 0.010986 -10.008569
8563 1444992280.128277 -0.049439 0.010986 -10.008569
8564 1444992280.138255 0.038452 0.010986 -10.008569
8565 1444992280.148582 0.038452 0.010986 -10.008569
8566 1444992280.161097 0.038452 -0.076904 -10.008569
8567 1444992280.171521 0.038452 0.010986 -10.008569
8568 1444992280.179576 0.038452 0.010986 -10.008569
8569 1444992280.191725 -0.049439 0.010986 -10.008569
8570 1444992280.201416 0.038452 0.010986 -10.008569
8571 1444992280.211751 0.038452 0.010986 -10.008569
8572 1444992280.221507 -0.049439 0.010986 -10.008569
8573 1444992280.231244 0.038452 0.010986 -10.008569
8574 1444992280.241374 0.038452 0.010986 -10.008569
8575 1444992280.252217 -0.049439 0.010986 -10.008569
8576 1444992280.257578 0.038452 0.010986 -10.008569
8577 1444992280.272277 -0.049439 0.010986 -10.008569
8578 1444992280.282209 0.038452 0.010986 -10.008569
8579 1444992280.292262 0.038452 0.010986 -10.008569
8580 1444992280.302671 0.038452 0.010986 -10.008569
8581 1444992280.312680 0.038452 0.010986 -10.008569
8582 1444992280.322678 0.038452 0.010986 -10.008569
8583 1444992280.332587 0.038452 0.010986 -10.008569
8584 1444992280.342719 0.038452 0.010986 -10.008569
8585 1444992280.352958 0.038452 0.010986 -10.008569
8586 1444992280.363100 0.038452 0.010986 -10.008569
8587 1444992280.373161 0.038452 0.010986 -10.008569
8588 1444992280.383201 0.038452 0.010986 -10.008569
8589 1444992280.393219 0.038452 0.010986 -10.008569
8590 1444992280.403157 0.038452 0.010986 -10.008569
8591 1444992280.413472 0.038452 0.010986 -10.008569
8592 1444992280.423501 0.038452 0.010986 -10.008569
8593 1444992280.428698 0.038452 0.010986 -10.008569
8594 1444992280.438795 0.038452 0.010986 -10.008569
8595 1444992280.449014 0.038452 0.010986 -10.008569
8596 1444992280.456308 -0.049439 0.010986 -10.008569
8597 1444992280.469351 -0.049439 0.010986 -10.008569
8598 1444992280.479507 0.038452 0.010986 -10.008569
8599 1444992280.489614 -0.049439 0.010986 -10.008569
8600 1444992280.499753 0.038452 0.010986 -10.008569
8601 1444992280.506307 -0.049439 0.010986 -10.008569
8602 1444992280.516106 -0.049439 0.010986 -10.008569
8603 1444992280.526426 0.038452 0.010986 -10.008569
8604 1444992280.541071 -0.049439 0.010986 -10.008569
8605 1444992280.551624 0.038452 0.010986 -10.008569
8606 1444992280.561315 0.038452 0.010986 -10.008569
8607 1444992280.572831 0.038452 0.010986 -10.008569
8608 1444992280.582890 -0.049439 0.010986 -10.008569
8609 1444992280.592887 0.038452 0.010986 -10.008569
8610 1444992280.603848 0.038452 0.010986 -10.008569
8611 1444992280.613282 0.038452 0.010986 -10.008569
8612 1444992280.623512 -0.049439 0.010986 -10.008569
8613 1444992280.633160 0.038452 0.010986 -10.008569
8614 1444992280.643544 0.038452 0.010986 -10.008569
8615 1444992280.653547 0.038452 0.010986 -10.008569
8616 1444992280.663660 -0.049439 0.010986 -10.008569
8617 1444992280.673721 0.038452 0.010986 -10.008569
8618 1444992280.683959 -0.049439 0.010986 -10.008569
8619 1444992280.694091 0.038452 0.010986 -10.008569
8620 1444992280.704046 0.038452 0.010986 -10.008569
8621 1444992280.714205 0.038452 0.010986 -10.008569
8622 1444992280.724330 -0.049439 0.010986 -10.008569
8623 1444992280.734531 -0.049439 0.010986 -10.008569
8624 1444992280.744708 0.038452 0.010986 -10.008569
8625 1444992280.750886 0.038452 0.010986 -10.008569
8626 1444992280.764971 -0.049439 0.010986 -10.008569
8627 1444992280.775125 -0.049439 0.010986 -10.008569
8628 1444992280.785249 0.038452 0.010986 -10.008569
8629 1444992280.790863 -0.049439 0.010986 -10.008569
8630 1444992280.801374 0.038452 0.010986 -10.008569
8631 1444992280.811234 -0.049439 0.010986 -10.008569
8632 1444992280.821419 -0.049439 0.010986 -10.008569
8633 1444992280.831533 0.038452 -0.076904 -10.008569
8634 1444992280.841817 0.038452 0.010986 -10.008569
8635 1444992280.852178 0.038452 0.010986 -10.008569
8636 1444992280.866430 -0.049439 -0.076904 -10.008569
8637 1444992280.872238 0.038452 0.010986 -10.008569
8638 1444992280.882063 0.038452 0.010986 -10.008569
8639 1444992280.892443 0.038452 0.010986 -10.008569
8640 1444992280.902714 -0.049439 0.010986 -10.008569
8641 1444992280.913195 -0.049439 0.010986 -10.008569
8642 1444992280.922761 -0.049439 0.010986 -10.008569
8643 1444992280.932653 -0.049439 0.010986 -10.008569
8644 1444992280.942916 0.038452 0.010986 -10.008569
8645 1444992280.953120 -0.049439 0.010986 -10.008569
8646 1444992280.963194 0.038452 0.010986 -10.008569
8647 1444992280.973269 0.038452 -0.076904 -10.008569
8648 1444992280.983408 0.038452 0.010986 -10.008569
8649 1444992280.993361 0.038452 0.010986 -10.008569
8650 1444992281.003430 0.038452 -0.076904 -10.008569
8651 1444992281.013543 0.038452 0.010986 -10.008569
8652 1444992281.023664 0.038452 0.010986 -10.008569
8653 1444992281.033796 0.038452 0.010986 -10.008569
8654 1444992281.044006 0.038452 0.010986 -10.008569
8655 1444992281.056674 -0.049439 0.010986 -10.008569
8656 1444992281.061407 0.038452 0.010986 -10.008569
8657 1444992281.076580 -0.049439 0.010986 -10.008569
8658 1444992281.084614 -0.049439 0.010986 -10.008569
8659 1444992281.096108 0.038452 0.010986 -10.008569
8660 1444992281.107618 -0.049439 0.010986 -10.008569
8661 1444992281.116873 0.038452 0.010986 -10.008569
8662 1444992281.126893 -0.049439 0.010986 -10.008569
8663 1444992281.137030 0.038452 0.010986 -10.008569
8664 1444992281.147224 0.038452 0.010986 -10.008569
8665 1444992281.157393 0.038452 0.010986 -10.008569
8666 1444992281.167366 0.038452 0.010986 -10.008569
8667 1444992281.177409 0.038452 -0.076904 -10.008569
8668 1444992281.187631 0.038452 0.010986 -10.008569
8669 1444992281.197706 0.038452 0.010986 -10.008569
8670 1444992281.207729 0.038452 0.010986 -10.008569
8671 1444992281.217925 -0.049439 0.010986 -10.008569
8672 1444992281.228049 -0.049439 0.010986 -10.008569
8673 1444992281.238300 0.038452 0.010986 -10.008569
8674 1444992281.248311 0.038452 0.010986 -10.008569
8675 1444992281.258291 0.038452 0.010986 -10.008569
8676 1444992281.268658 0.038452 0.010986 -10.008569
8677 1444992281.278728 0.038452 0.010986 -10.008569
8678 1444992281.288844 0.038452 0.010986 -10.008569
8679 1444992281.299092 -0.049439 0.010986 -10.008569
8680 1444992281.309004 0.038452 0.010986 -10.008569
8681 1444992281.319144 0.038452 0.010986 -10.008569
8682 1444992281.329229 -0.049439 0.010986 -10.008569
8683 1444992281.339369 0.038452 0.010986 -10.008569
8684 1444992281.349497 -0.049439 0.010986 -10.008569
8685 1444992281.357544 0.038452 0.010986 -10.008569
8686 1444992281.364692 -0.049439 0.010986 -10.008569
8687 1444992281.376281 0.038452 0.010986 -10.008569
8688 1444992281.386091 0.038452 0.010986 -10.008569
8689 1444992281.396536 -0.049439 0.010986 -10.008569
8690 1444992281.406759 0.038452 0.010986 -10.008569
8691 1444992281.416848 0.038452 0.010986 -10.008569
8692 1444992281.426682 -0.049439 0.010986 -10.008569
8693 1444992281.436888 0.038452 0.010986 -10.008569
8694 1444992281.447001 0.038452 -0.076904 -10.008569
8695 1444992281.458273 -0.049439 0.010986 -10.008569
8696 1444992281.467241 0.038452 0.010986 -10.008569
8697 1444992281.477328 0.038452 0.010986 -10.008569
8698 1444992281.487169 0.038452 0.010986 -10.008569
8699 1444992281.497394 0.038452 0.010986 -10.008569
8700 1444992281.506981 0.038452 0.010986 -10.008569
8701 1444992281.517636 0.038452 0.010986 -10.008569
8702 1444992281.527712 -0.049439 0.010986 -10.008569
8703 1444992281.538691 0.038452 0.010986 -10.008569
8704 1444992281.548709 0.038452 0.010986 -10.008569
8705 1444992281.558732 0.038452 0.010986 -10.008569
8706 1444992281.568180 0.038452 0.010986 -10.008569
8707 1444992281.579103 0.038452 0.010986 -10.008569
8708 1444992281.589199 -0.049439 0.010986 -10.008569
8709 1444992281.599382 0.038452 0.010986 -10.008569
8710 1444992281.609524 0.038452 0.010986 -10.008569
8711 1444992281.619535 0.038452 0.010986 -10.008569
8712 1444992281.629659 0.038452 0.010986 -10.008569
8713 1444992281.639948 -0.049439 0.010986 -10.008569
8714 1444992281.650535 0.038452 0.010986 -10.008569
8715 1444992281.661379 0.038452 0.010986 -10.008569
8716 1444992281.671069 -0.049439 0.010986 -10.008569
8717 1444992281.681360 0.038452 0.010986 -10.008569
8718 1444992281.691468 0.038452 0.010986 -10.008569
8719 1444992281.696524 0.038452 0.010986 -10.008569
8720 1444992281.711731 0.038452 0.010986 -10.008569
8721 1444992281.721732 0.038452 0.010986 -10.008569
8722 1444992281.731787 -0.049439 0.010986 -10.008569
8723 1444992281.741841 0.038452 -0.076904 -10.008569
8724 1444992281.747017 0.038452 0.010986 -10.008569
8725 1444992281.757168 0.038452 -0.076904 -10.008569
8726 1444992281.772234 -0.049439 0.010986 -10.008569
8727 1444992281.777386 -0.049439 0.010986 -10.008569
8728 1444992281.787455 0.038452 0.010986 -10.008569
8729 1444992281.797445 0.038452 0.010986 -10.008569
8730 1444992281.807661 0.038452 0.010986 -10.008569
8731 1444992281.817672 0.038452 0.010986 -10.008569
8732 1444992281.827943 0.038452 0.010986 -10.008569
8733 1444992281.838032 0.038452 0.010986 -10.008569
8734 1444992281.848007 -0.049439 0.010986 -10.008569
8735 1444992281.858452 0.038452 0.010986 -10.008569
8736 1444992281.868579 0.038452 0.010986 -10.008569
8737 1444992281.878790 0.038452 0.010986 -10.008569
8738 1444992281.889263 0.038452 0.010986 -10.008569
8739 1444992281.902098 -0.049439 -0.076904 -10.008569
8740 1444992281.912258 -0.049439 0.010986 -10.008569
8741 1444992281.919337 0.038452 0.010986 -10.008569
8742 1444992281.929368 0.038452 0.010986 -10.008569
8743 1444992281.939439 0.038452 0.010986 -10.008569
8744 1444992281.951978 0.038452 0.010986 -10.008569
8745 1444992281.961838 0.038452 0.010986 -10.008569
8746 1444992281.971727 0.038452 0.010986 -10.008569
8747 1444992281.981393 0.038452 0.010986 -10.008569
8748 1444992281.991952 0.038452 0.010986 -10.008569
8749 1444992282.002579 0.038452 0.010986 -10.008569
8750 1444992282.012399 -0.049439 0.010986 -10.008569
8751 1444992282.022103 0.038452 0.010986 -10.008569
8752 1444992282.032558 0.038452 0.010986 -10.008569
8753 1444992282.042165 0.038452 -0.076904 -10.008569
8754 1444992282.052894 0.038452 -0.076904 -10.008569
8755 1444992282.062880 0.038452 -0.076904 -10.008569
8756 1444992282.072404 0.038452 0.010986 -10.008569
8757 1444992282.082383 0.038452 0.010986 -10.008569
8758 1444992282.092602 0.038452 0.010986 -10.008569
8759 1444992282.102668 0.038452 0.010986 -10.008569
8760 1444992282.113216 0.038452 0.010986 -10.008569
8761 1444992282.123056 0.038452 0.010986 -10.008569
8762 1444992282.133076 0.038452 0.010986 -10.008569
8763 1444992282.143148 0.038452 -0.076904 -10.008569
8764 1444992282.153461 -0.049439 0.010986 -10.008569
8765 1444992282.163699 0.038452 0.010986 -10.008569
8766 1444992282.174077 0.038452 0.010986 -10.008569
8767 1444992282.184014 0.038452 0.010986 -10.008569
8768 1444992282.194167 0.038452 0.010986 -10.008569
8769 1444992282.204357 0.038452 0.010986 -10.008569
8770 1444992282.214463 -0.049439 -0.076904 -10.008569
8771 1444992282.224564 -0.049439 0.010986 -10.008569
8772 1444992282.234638 0.038452 0.010986 -10.008569
8773 1444992282.244761 0.038452 0.010986 -10.008569
8774 1444992282.250853 0.038452 0.010986 -10.008569
8775 1444992282.265030 -0.049439 0.010986 -10.008569
8776 1444992282.275153 0.038452 0.010986 -10.008569
8777 1444992282.285299 0.038452 0.010986 -10.008569
8778 1444992282.291045 0.038452 0.010986 -10.008569
8779 1444992282.301441 0.038452 0.010986 -10.008569
8780 1444992282.311436 -0.049439 0.010986 -10.008569
8781 1444992282.321426 0.038452 0.010986 -10.008569
8782 1444992282.331690 0.038452 0.010986 -10.008569
8783 1444992282.341487 -0.049439 -0.076904 -10.008569
8784 1444992282.352148 0.038452 0.010986 -10.008569
8785 1444992282.361907 -0.049439 0.010986 -10.008569
8786 1444992282.372082 0.038452 0.010986 -10.008569
8787 1444992282.382046 0.038452 0.010986 -10.008569
8788 1444992282.392150 0.038452 0.010986 -10.008569
8789 1444992282.403311 0.038452 0.010986 -10.008569
8790 1444992282.413208 0.038452 0.010986 -10.008569
8791 1444992282.422796 0.038452 0.010986 -10.008569
8792 1444992282.432991 -0.049439 0.010986 -10.008569
8793 1444992282.443047 -0.049439 0.010986 -10.008569
8794 1444992282.456100 -0.049439 0.010986 -10.008569
8795 1444992282.463239 0.038452 0.010986 -10.008569
8796 1444992282.473305 0.038452 0.010986 -10.008569
8797 1444992282.483343 0.038452 0.010986 -10.008569
8798 1444992282.493449 0.038452 0.010986 -10.008569
8799 1444992282.503417 -0.049439 0.010986 -10.008569
8800 1444992282.516265 0.038452 0.010986 -10.008569
8801 1444992282.524107 0.038452 0.010986 -10.008569
8802 1444992282.534099 0.038452 0.010986 -10.008569
8803 1444992282.544231 -0.049439 0.010986 -10.008569
8804 1444992282.556812 0.038452 0.010986 -10.008569
8805 1444992282.566347 0.038452 0.010986 -10.008569
8806 1444992282.576070 0.038452 0.010986 -10.008569
8807 1444992282.586461 0.038452 0.010986 -10.008569
8808 1444992282.596165 0.038452 0.010986 -10.008569
8809 1444992282.606808 0.038452 0.010986 -10.008569
8810 1444992282.616529 0.038452 0.010986 -10.008569
8811 1444992282.626667 -0.049439 0.010986 -10.008569
8812 1444992282.637042 -0.049439 0.010986 -10.008569
8813 1444992282.647271 0.038452 0.010986 -10.008569
8814 1444992282.657303 0.038452 0.010986 -10.008569
8815 1444992282.667227 -0.049439 0.010986 -10.008569
8816 1444992282.677626 0.038452 0.010986 -10.008569
8817 1444992282.687733 0.038452 0.010986 -10.008569
8818 1444992282.697936 0.038452 0.010986 -10.008569
8819 1444992282.707928 0.038452 0.010986 -10.008569
8820 1444992282.718050 -0.049439 0.010986 -10.008569
8821 1444992282.728311 0.038452 0.010986 -10.008569
8822 1444992282.738452 0.038452 0.010986 -10.008569
8823 1444992282.748602 0.038452 0.010986 -10.008569
8824 1444992282.753653 0.038452 0.010986 -10.008569
8825 1444992282.763634 -0.049439 0.010986 -10.008569
8826 1444992282.773942 0.038452 0.010986 -10.008569
8827 1444992282.784012 0.038452 0.010986 -10.008569
8828 1444992282.794116 0.038452 0.010986 -10.008569
8829 1444992282.806952 0.038452 0.010986 -10.008569
8830 1444992282.814608 -0.049439 0.010986 -10.008569
8831 1444992282.826093 -0.049439 0.010986 -10.008569
8832 1444992282.836223 0.038452 0.010986 -10.008569
8833 1444992282.846988 0.038452 0.010986 -10.008569
8834 1444992282.857635 -0.049439 0.010986 -10.008569
8835 1444992282.867584 -0.049439 0.010986 -10.008569
8836 1444992282.877307 0.038452 0.010986 -10.008569
8837 1444992282.887440 0.038452 -0.076904 -10.008569
8838 1444992282.897046 0.038452 0.010986 -10.008569
8839 1444992282.907343 0.038452 0.010986 -10.008569
8840 1444992282.917182 0.038452 0.010986 -10.008569
8841 1444992282.927242 -0.049439 0.010986 -10.008569
8842 1444992282.937143 0.038452 0.010986 -10.008569
8843 1444992282.947153 -0.049439 0.010986 -10.008569
8844 1444992282.958078 -0.049439 0.010986 -10.008569
8845 1444992282.968157 0.038452 0.010986 -10.008569
8846 1444992282.978025 -0.049439 0.010986 -10.008569
8847 1444992282.988311 -0.049439 0.010986 -10.008569
8848 1444992282.998188 0.038452 0.010986 -10.008569
8849 1444992283.009661 -0.049439 0.010986 -10.008569
8850 1444992283.018526 -0.049439 -0.076904 -10.008569
8851 1444992283.028748 0.038452 0.010986 -10.008569
8852 1444992283.038614 0.038452 0.010986 -10.008569
8853 1444992283.049005 -0.049439 0.010986 -10.008569
8854 1444992283.058941 -0.049439 0.010986 -10.008569
8855 1444992283.069080 0.038452 0.010986 -10.008569
8856 1444992283.079128 0.038452 0.010986 -10.008569
8857 1444992283.089376 0.038452 0.010986 -10.008569
8858 1444992283.099524 0.038452 0.010986 -10.008569
8859 1444992283.106404 0.038452 0.010986 -10.008569
8860 1444992283.116255 0.038452 0.010986 -10.008569
8861 1444992283.126270 0.038452 0.010986 -10.008569
8862 1444992283.140851 0.038452 0.010986 -10.008569
8863 1444992283.146522 0.038452 0.010986 -10.008569
8864 1444992283.156968 0.038452 0.010986 -10.008569
8865 1444992283.171160 0.038452 -0.076904 -10.008569
8866 1444992283.176666 -0.049439 0.010986 -10.008569
8867 1444992283.187044 -0.049439 0.010986 -10.008569
8868 1444992283.197008 0.038452 0.010986 -10.008569
8869 1444992283.207343 0.038452 0.010986 -10.008569
8870 1444992283.217142 0.038452 0.010986 -10.008569
8871 1444992283.227344 0.038452 0.010986 -10.008569
8872 1444992283.237485 0.038452 0.010986 -10.008569
8873 1444992283.247595 0.038452 0.010986 -10.008569
8874 1444992283.257694 0.038452 0.010986 -10.008569
8875 1444992283.267644 0.038452 0.010986 -10.008569
8876 1444992283.277875 -0.049439 0.010986 -10.008569
8877 1444992283.287903 -0.049439 0.010986 -10.008569
8878 1444992283.298029 0.038452 0.010986 -10.008569
8879 1444992283.307986 0.038452 0.010986 -10.008569
8880 1444992283.318221 -0.049439 0.010986 -10.008569
8881 1444992283.331059 0.038452 0.010986 -10.008569
8882 1444992283.338503 0.038452 0.010986 -10.008569
8883 1444992283.351476 0.038452 0.010986 -10.008569
8884 1444992283.361766 -0.049439 0.010986 -10.008569
8885 1444992283.371084 -0.049439 0.010986 -10.008569
8886 1444992283.381115 -0.049439 0.010986 -10.008569
8887 1444992283.391149 -0.049439 0.010986 -10.008569
8888 1444992283.402201 0.038452 0.010986 -10.008569
8889 1444992283.411336 0.038452 0.010986 -10.008569
8890 1444992283.419363 0.038452 0.010986 -10.008569
8891 1444992283.431502 -0.049439 0.010986 -10.008569
8892 1444992283.441072 0.038452 0.010986 -10.008569
8893 1444992283.451502 0.038452 0.010986 -10.008569
8894 1444992283.462485 -0.049439 0.010986 -10.008569
8895 1444992283.471804 -0.049439 0.010986 -10.008569
8896 1444992283.481836 0.038452 0.010986 -10.008569
8897 1444992283.491186 0.038452 0.010986 -10.008569
8898 1444992283.501352 -0.049439 0.010986 -10.008569
8899 1444992283.513011 -0.049439 0.010986 -10.008569
8900 1444992283.523224 0.038452 0.010986 -10.008569
8901 1444992283.533308 -0.049439 0.010986 -10.008569
8902 1444992283.543386 0.038452 0.010986 -10.008569
8903 1444992283.553391 0.038452 0.010986 -10.008569
8904 1444992283.563393 0.038452 0.010986 -10.008569
8905 1444992283.573288 -0.049439 0.010986 -10.008569
8906 1444992283.583416 0.038452 0.010986 -10.008569
8907 1444992283.593431 -0.049439 -0.076904 -10.008569
8908 1444992283.603524 -0.049439 0.010986 -10.008569
8909 1444992283.613609 0.038452 0.010986 -10.008569
8910 1444992283.623796 0.038452 0.010986 -10.008569
8911 1444992283.633911 -0.049439 0.010986 -10.008569
8912 1444992283.643975 0.038452 0.010986 -10.008569
8913 1444992283.654103 0.038452 0.010986 -10.008569
8914 1444992283.661140 0.038452 0.010986 -10.008569
8915 1444992283.674625 -0.049439 0.010986 -10.008569
8916 1444992283.684787 0.038452 -0.076904 -10.008569
8917 1444992283.690773 0.038452 0.010986 -10.008569
8918 1444992283.701273 -0.049439 0.010986 -10.008569
8919 1444992283.711163 0.038452 0.010986 -10.008569
8920 1444992283.721140 0.038452 0.010986 -10.008569
8921 1444992283.731046 -0.049439 0.010986 -10.008569
8922 1444992283.741199 -0.049439 0.010986 -10.008569
8923 1444992283.751644 -0.049439 0.010986 -10.008569
8924 1444992283.761625 0.038452 0.010986 -10.008569
8925 1444992283.771461 -0.049439 0.010986 -10.008569
8926 1444992283.781527 -0.049439 0.010986 -10.008569
8927 1444992283.791702 0.038452 -0.076904 -10.008569
8928 1444992283.802000 -0.049439 0.010986 -10.008569
8929 1444992283.812026 0.038452 0.010986 -10.008569
8930 1444992283.822137 0.038452 -0.076904 -10.008569
8931 1444992283.832048 0.038452 0.010986 -10.008569
8932 1444992283.842452 0.038452 0.010986 -10.008569
8933 1444992283.854069 0.038452 0.010986 -10.008569
8934 1444992283.862948 -0.049439 0.010986 -10.008569
8935 1444992283.872959 -0.049439 -0.076904 -10.008569
8936 1444992283.883134 -0.049439 -0.076904 -10.008569
8937 1444992283.893148 -0.049439 0.010986 -10.008569
8938 1444992283.903703 -0.049439 0.010986 -10.008569
8939 1444992283.914623 0.038452 -0.076904 -10.008569
8940 1444992283.924518 0.038452 0.010986 -10.008569
8941 1444992283.933603 -0.049439 -0.076904 -10.008569
8942 1444992283.944667 0.038452 0.010986 -10.008569
8943 1444992283.956244 -0.049439 0.010986 -10.008569
8944 1444992283.966080 -0.049439 0.010986 -10.008569
8945 1444992283.976314 -0.049439 0.010986 -10.008569
8946 1444992283.986202 -0.049439 -0.076904 -10.008569
8947 1444992283.996197 0.038452 -0.076904 -10.008569
8948 1444992284.006562 -0.049439 0.010986 -10.008569
8949 1444992284.016426 -0.049439 0.010986 -10.008569
8950 1444992284.021489 0.038452 0.010986 -10.008569
8951 1444992284.037053 -0.049439 0.010986 -10.008569
8952 1444992284.047002 -0.049439 0.010986 -10.008569
8953 1444992284.057373 0.038452 0.010986 -10.008569
8954 1444992284.067201 0.038452 0.010986 -10.008569
8955 1444992284.077464 -0.049439 0.010986 -10.008569
8956 1444992284.087467 0.038452 0.010986 -10.008569
8957 1444992284.097600 -0.049439 -0.076904 -10.008569
8958 1444992284.102458 -0.049439 0.010986 -10.008569
8959 1444992284.112590 -0.049439 0.010986 -10.008569
8960 1444992284.122868 -0.049439 -0.076904 -10.008569
8961 1444992284.132553 -0.049439 0.010986 -10.008569
8962 1444992284.143219 0.038452 0.010986 -10.008569
8963 1444992284.153326 0.038452 0.010986 -9.920679
8964 1444992284.163833 0.038452 0.010986 -9.920679
8965 1444992284.173814 0.038452 0.010986 -9.920679
8966 1444992284.184150 0.038452 0.010986 -9.920679
8967 1444992284.194093 0.038452 0.010986 -9.920679
8968 1444992284.201711 0.038452 0.010986 -9.920679
8969 1444992284.216038 0.038452 0.010986 -9.920679
8970 1444992284.226638 0.038452 0.010986 -9.920679
8971 1444992284.236280 0.038452 0.010986 -9.920679
8972 1444992284.245968 0.038452 0.010986 -9.920679
8973 1444992284.257277 0.038452 0.010986 -9.920679
8974 1444992284.266404 0.038452 0.010986 -9.920679
8975 1444992284.277367 0.038452 0.010986 -9.920679
8976 1444992284.287518 0.038452 0.010986 -9.920679
8977 1444992284.297632 0.038452 0.010986 -9.920679
8978 1444992284.308322 0.038452 0.010986 -9.920679
8979 1444992284.317427 0.038452 0.010986 -9.832788
8980 1444992284.327012 0.038452 0.010986 -9.744897
8981 1444992284.337217 0.038452 0.010986 -9.744897
8982 1444992284.347203 0.038452 0.010986 -9.657006
8983 1444992284.358188 -0.049439 0.010986 -9.657006
8984 1444992284.367954 0.038452 0.010986 -9.657006
8985 1444992284.377611 0.038452 0.010986 -9.569115
8986 1444992284.387745 0.038452 0.010986 -9.569115
8987 1444992284.397762 0.038452 0.010986 -9.481224
8988 1444992284.408147 0.038452 0.010986 -9.393333
8989 1444992284.418623 0.038452 0.010986 -9.393333
8990 1444992284.428716 0.038452 0.010986 -9.305443
8991 1444992284.438821 0.038452 0.010986 -9.305443
8992 1444992284.448893 0.038452 0.010986 -9.217552
8993 1444992284.459373 0.038452 0.010986 -9.217552
8994 1444992284.469358 0.038452 0.010986 -9.129661
8995 1444992284.479514 0.038452 0.010986 -9.04177
8996 1444992284.489395 0.038452 0.010986 -9.04177
8997 1444992284.499645 0.038452 0.010986 -8.953879
8998 1444992284.509828 0.038452 0.010986 -8.953879
8999 1444992284.519903 0.038452 0.010986 -8.865988
9000 1444992284.530025 0.038452 0.010986 -8.865988
9001 1444992284.536096 0.038452 0.010986 -8.778098
9002 1444992284.545841 0.038452 0.010986 -8.778098
9003 1444992284.556159 0.038452 0.098877 -8.690207
9004 1444992284.571174 0.038452 0.098877 -8.690207
9005 1444992284.581301 0.038452 0.010986 -8.690207
9006 1444992284.591429 0.038452 0.098877 -8.602316
9007 1444992284.596479 0.038452 0.010986 -8.602316
9008 1444992284.607322 0.038452 0.010986 -8.602316
9009 1444992284.616458 0.038452 0.010986 -8.514425
9010 1444992284.626911 0.038452 0.010986 -8.514425
9011 1444992284.636924 0.038452 0.010986 -8.426534
9012 1444992284.647062 0.038452 0.010986 -8.426534
9013 1444992284.657079 0.038452 0.010986 -8.426534
9014 1444992284.667096 0.038452 0.010986 -8.338643
9015 1444992284.677250 0.038452 0.010986 -8.338643
9016 1444992284.687585 0.038452 0.010986 -8.250753
9017 1444992284.697621 0.038452 0.010986 -8.250753
9018 1444992284.707685 0.038452 0.010986 -8.162862
9019 1444992284.717982 0.038452 0.010986 -8.162862
9020 1444992284.728349 0.038452 0.010986 -8.074971
9021 1444992284.738325 -0.049439 0.010986 -8.074971
9022 1444992284.748493 0.038452 0.010986 -7.98708
9023 1444992284.758611 0.038452 0.010986 -7.98708
9024 1444992284.768518 0.038452 0.010986 -7.98708
9025 1444992284.778919 0.038452 0.010986 -7.899189
9026 1444992284.789398 0.038452 0.010986 -7.899189
9027 1444992284.802365 -0.049439 0.010986 -7.811298
9028 1444992284.812238 0.038452 0.010986 -7.723408
9029 1444992284.821109 0.038452 0.010986 -7.723408
9030 1444992284.831754 -0.049439 0.010986 -7.635517
9031 1444992284.841660 0.038452 0.010986 -7.635517
9032 1444992284.852765 -0.049439 0.010986 -7.547626
9033 1444992284.863065 -0.049439 0.010986 -7.459735
9034 1444992284.872690 0.038452 0.010986 -7.371844
9035 1444992284.882814 -0.049439 0.010986 -7.283953
9036 1444992284.892477 0.038452 0.010986 -7.283953
9037 1444992284.903465 0.038452 0.010986 -7.196062
9038 1444992284.913368 0.038452 0.010986 -7.108172
9039 1444992284.923461 0.038452 0.010986 -7.020281
9040 1444992284.933216 0.038452 0.010986 -6.93239
9041 1444992284.943109 0.038452 0.010986 -6.93239
9042 1444992284.953469 0.038452 0.010986 -6.844499
9043 1444992284.963241 0.038452 0.010986 -6.756608
9044 1444992284.973658 0.038452 0.010986 -6.668717
9045 1444992284.983424 0.038452 0.010986 -6.668717
9046 1444992284.993330 0.038452 0.010986 -6.580827
9047 1444992285.003982 0.038452 0.010986 -6.492936
9048 1444992285.013432 0.038452 0.010986 -6.405045
9049 1444992285.023809 0.038452 0.010986 -6.317154
9050 1444992285.034031 0.038452 0.010986 -6.229263
9051 1444992285.044185 -0.049439 0.010986 -6.141372
9052 1444992285.054334 0.038452 0.010986 -6.053482
9053 1444992285.064353 0.038452 0.010986 -5.965591
9054 1444992285.074444 0.038452 0.010986 -5.8777
9055 1444992285.084573 -0.049439 0.010986 -5.789809
9056 1444992285.094707 -0.049439 0.010986 -5.701918
9057 1444992285.102196 -0.049439 0.010986 -5.614027
9058 1444992285.112070 0.038452 0.010986 -5.614027
9059 1444992285.121502 -0.049439 0.010986 -5.526137
9060 1444992285.131057 -0.049439 0.010986 -5.350355
9061 1444992285.141994 0.038452 0.010986 -5.262464
9062 1444992285.152066 -0.049439 0.010986 -5.174573
9063 1444992285.161294 -0.049439 0.010986 -5.086682
9064 1444992285.172116 -0.049439 0.010986 -4.998792
9065 1444992285.182285 -0.049439 0.010986 -4.910901
9066 1444992285.191856 -0.049439 0.010986 -4.735119
9067 1444992285.203224 -0.049439 0.010986 -4.641735
9068 1444992285.213246 -0.049439 0.010986 -4.553844
9069 1444992285.222535 -0.049439 0.010986 -4.465953
9070 1444992285.232544 -0.049439 0.010986 -4.378062
9071 1444992285.242563 -0.049439 0.010986 -4.290172
9072 1444992285.256197 -0.049439 -0.076904 -4.202281
9073 1444992285.263469 -0.049439 0.010986 -4.11439
9074 1444992285.273470 -0.049439 0.010986 -4.026499
9075 1444992285.283672 -0.049439 0.010986 -3.938608
9076 1444992285.293776 -0.049439 -0.076904 -3.762827
9077 1444992285.303900 -0.049439 0.010986 -3.762827
9078 1444992285.314039 -0.049439 -0.076904 -3.587045
9079 1444992285.324336 -0.049439 0.010986 -3.499154
9080 1444992285.336092 -0.049439 0.010986 -3.411263
9081 1444992285.344471 -0.049439 0.010986 -3.323372
9082 1444992285.356739 -0.049439 0.010986 -3.147591
9083 1444992285.366484 -0.049439 0.010986 -3.0597
9084 1444992285.376306 -0.049439 0.010986 -2.971809
9085 1444992285.386462 -0.049439 0.010986 -2.883918
9086 1444992285.396592 -0.049439 0.010986 -2.708136
9087 1444992285.407101 -0.049439 0.010986 -2.620246
9088 1444992285.416363 -0.049439 0.010986 -2.532355
9089 1444992285.426806 -0.049439 0.010986 -2.444464
9090 1444992285.436283 -0.049439 0.010986 -2.356573
9091 1444992285.446553 -0.049439 0.010986 -2.268682
9092 1444992285.457481 0.038452 0.010986 -2.092901
9093 1444992285.467261 -0.049439 0.010986 -2.00501
9094 1444992285.477289 0.038452 0.010986 -1.917119
9095 1444992285.487156 -0.049439 0.010986 -1.829228
9096 1444992285.497310 -0.049439 0.010986 -1.741337
9097 1444992285.507836 0.038452 0.010986 -1.565556
9098 1444992285.517508 -0.049439 0.010986 -1.477665
9099 1444992285.526224 -0.049439 0.010986 -1.301883
9100 1444992285.537751 -0.049439 0.010986 -1.213992
9101 1444992285.547805 -0.049439 0.010986 -1.126101
9102 1444992285.557971 -0.049439 0.010986 -1.038211
9103 1444992285.567987 -0.049439 0.010986 -0.862429
9104 1444992285.578096 -0.049439 0.010986 -0.774538
9105 1444992285.588087 -0.049439 0.010986 -0.598756
9106 1444992285.598077 -0.049439 0.010986 -0.510866
9107 1444992285.608213 -0.049439 0.010986 -0.422975
9108 1444992285.618357 -0.049439 -0.076904 -0.335084
9109 1444992285.628448 -0.049439 0.010986 -0.159302
9110 1444992285.638696 -0.049439 0.010986 0.01648
9111 1444992285.648738 -0.049439 -0.076904 0.10437
9112 1444992285.656093 -0.049439 0.010986 0.192261
9113 1444992285.664117 -0.049439 0.010986 0.280152
9114 1444992285.674297 -0.049439 0.010986 0.368043
9115 1444992285.685804 -0.049439 0.010986 0.631715
9116 1444992285.696295 -0.049439 0.010986 0.719606
9117 1444992285.706573 -0.049439 0.010986 0.895388
9118 1444992285.716478 -0.049439 0.010986 1.07117
9119 1444992285.726628 0.038452 0.010986 1.15906
9120 1444992285.736707 -0.049439 0.010986 1.246951
9121 1444992285.746813 -0.049439 0.010986 1.422733
9122 1444992285.756915 -0.049439 0.010986 1.510624
9123 1444992285.766919 0.038452 0.010986 1.686405
9124 1444992285.777311 -0.049439 0.010986 1.862187
9125 1444992285.787379 -0.049439 0.010986 1.950078
9126 1444992285.797511 -0.049439 0.010986 2.037969
9127 1444992285.807728 -0.049439 0.010986 2.213751
9128 1444992285.817912 -0.049439 0.010986 2.389532
9129 1444992285.827762 -0.049439 0.010986 2.477423
9130 1444992285.838073 -0.049439 0.010986 2.653205
9131 1444992285.848225 -0.049439 0.010986 2.741096
9132 1444992285.858796 -0.049439 0.010986 2.916877
9133 1444992285.868454 -0.049439 0.010986 3.092659
9134 1444992285.878590 -0.049439 0.010986 3.18055
9135 1444992285.888806 -0.049439 0.010986 3.268441
9136 1444992285.899082 -0.049439 0.010986 3.444222
9137 1444992285.909348 -0.049439 0.010986 3.620004
9138 1444992285.919223 -0.049439 -0.076904 3.707895
9139 1444992285.929279 -0.049439 0.010986 3.883676
9140 1444992285.939491 -0.049439 0.010986 4.059458
9141 1444992285.949506 -0.049439 0.010986 4.23524
9142 1444992285.959684 -0.049439 0.010986 4.323131
9143 1444992285.970878 -0.049439 0.010986 4.586803
9144 1444992285.979776 -0.049439 0.010986 4.674694
9145 1444992285.990855 -0.049439 0.010986 4.938367
9146 1444992285.999951 -0.049439 0.010986 4.938367
9147 1444992286.005819 -0.049439 0.010986 5.114148
9148 1444992286.019393 -0.049439 0.010986 5.28993
9149 1444992286.026167 -0.049439 0.010986 5.465712
9150 1444992286.036248 -0.049439 0.010986 5.553602
9151 1444992286.046314 -0.049439 0.010986 5.729384
9152 1444992286.056717 -0.049439 0.010986 5.817275
9153 1444992286.066669 -0.049439 0.010986 5.993057
9154 1444992286.076817 -0.049439 0.010986 6.168838
9155 1444992286.086949 -0.049439 -0.076904 6.256729
9156 1444992286.097274 -0.049439 0.010986 6.432511
9157 1444992286.108422 -0.049439 -0.076904 6.608293
9158 1444992286.117653 -0.049439 0.010986 6.784074
9159 1444992286.128657 -0.049439 0.010986 6.871965
9160 1444992286.138299 -0.049439 0.010986 7.047747
9161 1444992286.148977 -0.049439 0.010986 7.223528
9162 1444992286.158828 -0.049439 -0.076904 7.39931
9163 1444992286.168314 -0.049439 0.010986 7.487201
9164 1444992286.178256 -0.049439 0.010986 7.662983
9165 1444992286.188459 -0.049439 0.010986 7.838764
9166 1444992286.198481 -0.049439 0.010986 8.014546
9167 1444992286.209110 -0.049439 0.010986 8.102437
9168 1444992286.219442 -0.049439 0.010986 8.278218
9169 1444992286.229626 -0.049439 0.010986 8.454
9170 1444992286.236006 -0.049439 0.010986 8.629782
9171 1444992286.251009 -0.049439 0.010986 8.805563
9172 1444992286.261356 -0.049439 0.010986 8.981345
9173 1444992286.271349 -0.049439 0.010986 9.157127
9174 1444992286.281424 -0.049439 0.010986 9.332909
9175 1444992286.291885 -0.049439 0.010986 9.420799
9176 1444992286.302763 -0.049439 0.010986 9.596581
9177 1444992286.312845 -0.049439 0.010986 9.772363
9178 1444992286.322392 -0.049439 -0.076904 9.948144
9179 1444992286.332079 -0.049439 0.010986 10.036035
9180 1444992286.342567 -0.049439 -0.076904 10.211817
9181 1444992286.347245 -0.049439 -0.076904 10.299708
9182 1444992286.357274 -0.049439 -0.076904 10.475489
9183 1444992286.373099 -0.049439 -0.076904 10.739162
9184 1444992286.383091 -0.049439 -0.076904 10.914944
9185 1444992286.393229 -0.049439 0.010986 11.002834
9186 1444992286.403482 -0.049439 0.010986 11.178616
9187 1444992286.413478 -0.049439 0.010986 11.354398
9188 1444992286.423591 -0.049439 0.010986 11.53018
9189 1444992286.433461 -0.049439 0.010986 11.705961
9190 1444992286.443584 -0.049439 0.010986 11.881743
9191 1444992286.450925 -0.049439 0.010986 11.969634
9192 1444992286.463640 -0.049439 0.010986 12.145415
9193 1444992286.473853 -0.049439 0.010986 12.321197
9194 1444992286.484013 -0.049439 0.010986 12.496979
9195 1444992286.491106 -0.049439 0.010986 12.67276
9196 1444992286.501727 -0.049439 0.010986 12.848542
9197 1444992286.511522 -0.049439 0.010986 13.024324
9198 1444992286.521236 -0.049439 0.010986 13.112215
9199 1444992286.531703 -0.049439 0.010986 13.287996
9200 1444992286.541589 -0.049439 0.010986 13.551669
9201 1444992286.551794 -0.049439 -0.076904 13.63956
9202 1444992286.561456 -0.049439 -0.076904 13.815341
9203 1444992286.571676 -0.049439 -0.076904 13.991123
9204 1444992286.581305 -0.049439 -0.076904 14.166905
9205 1444992286.591393 -0.049439 -0.076904 14.342686
9206 1444992286.602051 -0.049439 0.010986 14.518468
9207 1444992286.611979 -0.049439 0.010986 14.69425
9208 1444992286.622089 -0.049439 0.010986 14.870031
9209 1444992286.632522 -0.049439 0.010986 14.957922
9210 1444992286.642501 -0.049439 0.010986 15.133704
9211 1444992286.652751 -0.049439 0.010986 15.309486
9212 1444992286.662626 -0.049439 0.010986 15.485267
9213 1444992286.672926 -0.049439 0.010986 15.661049
9214 1444992286.683019 -0.049439 0.010986 15.836831
9215 1444992286.693292 -0.049439 0.010986 16.012612
9216 1444992286.703282 -0.049439 0.010986 16.188394
9217 1444992286.713775 -0.049439 0.010986 16.364176
9218 1444992286.723896 -0.049439 0.010986 16.539957
9219 1444992286.733881 -0.049439 0.010986 16.715739
9220 1444992286.743999 -0.049439 0.010986 16.891521
9221 1444992286.755904 -0.049439 0.010986 17.067302
9222 1444992286.764296 -0.049439 0.010986 17.155193
9223 1444992286.774424 -0.049439 0.010986 17.330975
9224 1444992286.784553 -0.049439 0.010986 17.506757
9225 1444992286.795847 -0.049439 0.010986 17.770429
9226 1444992286.806513 -0.049439 -0.076904 17.951704
9227 1444992286.816224 -0.049439 0.010986 18.039595
9228 1444992286.826209 -0.049439 0.010986 18.215377
9229 1444992286.836179 -0.049439 0.010986 18.391158
9230 1444992286.846347 -0.049439 0.010986 18.56694
9231 1444992286.856995 -0.049439 0.010986 18.742722
9232 1444992286.866432 -0.049439 0.010986 18.918503
9233 1444992286.876518 -0.049439 0.010986 19.094285
9234 1444992286.886619 -0.049439 0.010986 19.270067
9235 1444992286.896741 -0.049439 0.010986 19.357957
9236 1444992286.906751 -0.049439 0.010986 19.533739
9237 1444992286.916731 -0.049439 0.010986 19.709521
9238 1444992286.927078 -0.049439 0.010986 19.885302
9239 1444992286.936912 -0.049439 0.010986 20.061084
9240 1444992286.947102 -0.049439 0.010986 20.148975
9241 1444992286.957127 -0.049439 0.010986 20.412647
9242 1444992286.967188 -0.049439 0.010986 20.500538
9243 1444992286.977298 -0.049439 0.010986 20.67632
9244 1444992286.987447 -0.049439 0.010986 20.852102
9245 1444992286.997532 -0.049439 0.010986 21.027883
9246 1444992287.006083 -0.049439 0.010986 21.203665
9247 1444992287.017693 -0.049439 -0.076904 21.379447
9248 1444992287.027832 -0.049439 -0.076904 21.467338
9249 1444992287.037854 -0.049439 -0.076904 21.643119
9250 1444992287.048022 -0.049439 0.010986 21.818901
9251 1444992287.055808 -0.049439 -0.076904 21.994683
9252 1444992287.068288 -0.049439 0.010986 22.170464
9253 1444992287.078368 -0.049439 0.010986 22.346246
9254 1444992287.084306 -0.049439 0.010986 22.434137
9255 1444992287.094648 -0.049439 0.010986 22.522028
9256 1444992287.105766 -0.049439 0.010986 22.7857
9257 1444992287.110858 -0.049439 0.010986 22.873591
9258 1444992287.125746 -0.049439 0.010986 23.137264
9259 1444992287.135823 -0.049439 0.010986 23.225154
9260 1444992287.145748 -0.049439 0.010986 23.400936
9261 1444992287.156518 -0.049439 0.010986 23.576718
9262 1444992287.166088 -0.049439 0.010986 23.752499
9263 1444992287.176723 -0.049439 0.010986 23.928281
9264 1444992287.186623 -0.049439 0.010986 24.104063
9265 1444992287.196823 -0.049439 0.010986 24.279844
9266 1444992287.206328 -0.049439 0.010986 24.367735
9267 1444992287.216461 -0.049439 0.010986 24.543517
9268 1444992287.226657 -0.049439 0.010986 24.719299
9269 1444992287.236997 -0.049439 -0.076904 24.807189
9270 1444992287.247029 0.038452 0.010986 24.982971
9271 1444992287.255905 -0.049439 -0.076904 25.158753
9272 1444992287.267389 -0.049439 -0.076904 25.334535
9273 1444992287.277668 -0.049439 0.010986 25.510316
9274 1444992287.287975 -0.049439 0.010986 25.598207
9275 1444992287.297982 -0.049439 0.010986 25.773989
9276 1444992287.308278 -0.049439 -0.076904 25.94977
9277 1444992287.318031 -0.049439 0.010986 26.125552
9278 1444992287.328795 0.038452 0.010986 26.213443
9279 1444992287.338208 -0.049439 0.010986 26.389225
9280 1444992287.348255 0.038452 0.010986 26.477115
9281 1444992287.358460 -0.049439 0.010986 26.652897
9282 1444992287.368481 -0.049439 0.010986 26.828679
9283 1444992287.378689 0.038452 0.010986 27.00446
9284 1444992287.388845 -0.049439 0.010986 27.180242
9285 1444992287.399055 -0.049439 0.010986 27.356024
9286 1444992287.409086 -0.049439 0.010986 27.443915
9287 1444992287.419162 -0.049439 0.010986 27.531805
9288 1444992287.429267 -0.049439 0.010986 27.795478
9289 1444992287.439390 -0.049439 0.010986 27.883369
9290 1444992287.449457 -0.049439 -0.076904 28.059151
9291 1444992287.456497 -0.049439 -0.076904 28.234932
9292 1444992287.469691 -0.049439 -0.076904 28.322823
9293 1444992287.480806 -0.049439 0.010986 28.586496
9294 1444992287.491055 -0.049439 0.010986 28.674386
9295 1444992287.501243 -0.049439 -0.076904 28.850168
9296 1444992287.511144 -0.049439 0.010986 29.02595
9297 1444992287.521200 -0.049439 0.010986 29.201731
9298 1444992287.531330 -0.049439 0.010986 29.289622
9299 1444992287.541316 -0.049439 0.010986 29.377513
9300 1444992287.547020 -0.049439 0.010986 29.553295
9301 1444992287.561584 -0.049439 0.010986 29.729076
9302 1444992287.571619 -0.049439 0.010986 29.904858
9303 1444992287.577367 0.038452 0.010986 29.904858
9304 1444992287.587414 0.038452 0.010986 30.08064
9305 1444992287.597342 -0.049439 0.010986 30.256422
9306 1444992287.608636 -0.049439 0.010986 30.344312
9307 1444992287.618334 -0.049439 0.010986 30.520094
9308 1444992287.628486 -0.049439 0.010986 30.607985
9309 1444992287.638495 -0.049439 0.010986 30.695876
9310 1444992287.648617 -0.049439 0.010986 30.871657
9311 1444992287.658363 -0.049439 0.010986 31.047439
9312 1444992287.668952 -0.049439 0.010986 31.13533
9313 1444992287.679057 -0.049439 0.010986 31.311112
9314 1444992287.689206 -0.049439 0.010986 31.399002
9315 1444992287.695936 -0.049439 -0.076904 31.574784
9316 1444992287.706004 0.038452 0.010986 31.662675
9317 1444992287.719507 -0.049439 -0.076904 31.838457
9318 1444992287.725779 -0.049439 0.010986 31.926347
9319 1444992287.740764 -0.049439 -0.076904 32.102129
9320 1444992287.751355 0.038452 0.010986 32.277911
9321 1444992287.761446 -0.049439 -0.076904 32.365802
9322 1444992287.771213 -0.049439 -0.076904 32.453693
9323 1444992287.781358 0.038452 0.010986 32.629474
9324 1444992287.791248 0.038452 0.010986 32.717365
9325 1444992287.801683 0.038452 0.010986 32.893147
9326 1444992287.812417 0.038452 -0.076904 32.981038
9327 1444992287.821934 -0.049439 0.010986 33.156819
9328 1444992287.832088 0.038452 -0.076904 33.24471
9329 1444992287.842251 0.038452 -0.076904 33.420492
9330 1444992287.852953 0.038452 -0.076904 33.508383
9331 1444992287.863051 0.038452 0.010986 33.596273
9332 1444992287.872743 0.038452 0.010986 33.772055
9333 1444992287.882959 0.038452 0.010986 33.859946
9334 1444992287.893140 -0.049439 0.010986 34.035728
9335 1444992287.903534 -0.049439 0.010986 34.123618
9336 1444992287.913658 0.038452 -0.076904 34.211509
9337 1444992287.923532 -0.049439 0.010986 34.387291
9338 1444992287.933301 -0.049439 0.010986 34.475182
9339 1444992287.943489 0.038452 0.010986 34.563073
9340 1444992287.950870 -0.049439 -0.076904 34.738854
9341 1444992287.960788 -0.049439 -0.076904 34.826745
9342 1444992287.974023 0.038452 0.010986 34.914636
9343 1444992287.983991 -0.049439 0.010986 35.002527
9344 1444992287.990953 0.038452 0.010986 35.178309
9345 1444992288.001472 0.038452 0.010986 35.266199
9346 1444992288.011675 -0.049439 0.010986 35.35409
9347 1444992288.021180 0.038452 0.010986 35.441981
9348 1444992288.031065 -0.049439 0.010986 35.529872
9349 1444992288.041607 -0.049439 0.010986 35.705654
9350 1444992288.052010 0.038452 0.010986 35.793544
9351 1444992288.062047 -0.049439 0.010986 35.881435
9352 1444992288.072048 -0.049439 0.010986 35.969326
9353 1444992288.081909 0.038452 -0.076904 36.057217
9354 1444992288.092035 0.038452 -0.076904 36.145108
9355 1444992288.102163 -0.049439 -0.076904 36.320889
9356 1444992288.112032 0.038452 0.010986 36.40878
9357 1444992288.122394 0.038452 0.010986 36.496671
9358 1444992288.132351 0.038452 0.010986 36.584562
9359 1444992288.142487 0.038452 0.010986 36.672453
9360 1444992288.152833 0.038452 0.010986 36.760344
9361 1444992288.162558 0.038452 0.010986 36.936125
9362 1444992288.172853 -0.049439 0.010986 37.024016
9363 1444992288.183640 -0.049439 -0.076904 37.111907
9364 1444992288.193789 -0.049439 0.010986 37.199798
9365 1444992288.203854 0.038452 0.010986 37.287689
9366 1444992288.213988 -0.049439 0.010986 37.37558
9367 1444992288.224185 0.038452 0.010986 37.46347
9368 1444992288.234428 0.038452 0.010986 37.551361
9369 1444992288.244487 0.038452 0.010986 37.639252
9370 1444992288.254561 0.038452 0.010986 37.727143
9371 1444992288.264714 0.038452 0.010986 37.815034
9372 1444992288.274835 0.038452 0.010986 37.902925
9373 1444992288.284863 0.038452 0.010986 37.990815
9374 1444992288.295006 0.038452 0.010986 38.078706
9375 1444992288.300944 0.038452 -0.076904 38.166597
9376 1444992288.310987 0.038452 0.010986 38.254488
9377 1444992288.321056 0.038452 0.010986 38.342379
9378 1444992288.332203 0.038452 -0.076904 38.43027
9379 1444992288.342212 0.038452 0.010986 38.51816
9380 1444992288.353509 0.038452 0.010986 38.606051
9381 1444992288.363419 -0.049439 0.010986 38.606051
9382 1444992288.373147 0.038452 0.010986 38.693942
9383 1444992288.383070 -0.049439 0.010986 38.781833
9384 1444992288.393250 0.038452 0.010986 38.869724
9385 1444992288.403240 0.038452 0.010986 38.957615
9386 1444992288.413836 0.038452 0.010986 39.045505
9387 1444992288.423972 0.038452 0.010986 39.133396
9388 1444992288.434098 0.038452 -0.076904 39.221287
9389 1444992288.444202 0.038452 -0.076904 39.221287
9390 1444992288.456032 0.038452 0.010986 39.309178
9391 1444992288.464371 0.038452 0.010986 39.397069
9392 1444992288.474515 0.038452 0.010986 39.48496
9393 1444992288.484526 0.038452 0.010986 39.48496
9394 1444992288.495754 0.038452 0.010986 39.660741
9395 1444992288.506493 0.038452 0.010986 39.748632
9396 1444992288.515879 0.038452 0.010986 39.748632
9397 1444992288.526053 0.038452 0.010986 39.836523
9398 1444992288.536230 0.038452 0.010986 39.924414
9399 1444992288.546436 0.038452 0.010986 40.012305
9400 1444992288.556578 0.038452 0.010986 40.012305
9401 1444992288.566536 0.038452 0.010986 40.100196
9402 1444992288.576681 0.038452 0.010986 40.188086
9403 1444992288.586787 0.038452 0.010986 40.275977
9404 1444992288.596997 0.038452 0.010986 40.275977
9405 1444992288.606431 0.038452 0.010986 40.369361
9406 1444992288.616746 0.038452 -0.076904 40.457252
9407 1444992288.627082 0.038452 0.010986 40.457252
9408 1444992288.637309 0.038452 0.010986 40.545143
9409 1444992288.647418 0.038452 0.010986 40.633034
9410 1444992288.657274 0.038452 0.010986 40.633034
9411 1444992288.667459 0.038452 0.010986 40.720925
9412 1444992288.678132 0.038452 0.010986 40.808815
9413 1444992288.688293 0.038452 0.010986 40.808815
9414 1444992288.698132 0.038452 0.010986 40.896706
9415 1444992288.708276 0.038452 0.010986 40.984597
9416 1444992288.718345 0.038452 0.010986 41.072488
9417 1444992288.728587 0.038452 0.010986 41.072488
9418 1444992288.738760 0.038452 0.010986 41.160379
9419 1444992288.748693 0.038452 0.010986 41.160379
9420 1444992288.756773 0.038452 0.010986 41.24827
9421 1444992288.766163 0.038452 0.010986 41.33616
9422 1444992288.779090 0.038452 0.010986 41.33616
9423 1444992288.789211 0.038452 0.010986 41.424051
9424 1444992288.799335 0.038452 -0.076904 41.424051
9425 1444992288.806676 0.038452 -0.076904 41.511942
9426 1444992288.816077 0.038452 0.010986 41.599833
9427 1444992288.826172 0.038452 -0.076904 41.599833
9428 1444992288.836204 0.038452 0.010986 41.599833
9429 1444992288.846327 0.038452 -0.076904 41.687724
9430 1444992288.856934 0.038452 -0.076904 41.687724
9431 1444992288.866616 0.038452 -0.076904 41.775615
9432 1444992288.877043 0.038452 0.010986 41.775615
9433 1444992288.887093 0.038452 -0.076904 41.863506
9434 1444992288.897048 0.038452 -0.076904 41.863506
9435 1444992288.907556 0.038452 0.010986 41.863506
9436 1444992288.917340 0.038452 -0.076904 41.951396
9437 1444992288.927485 0.038452 -0.076904 41.951396
9438 1444992288.937650 0.038452 -0.076904 42.039287
9439 1444992288.947628 0.038452 0.010986 42.039287
9440 1444992288.957609 0.038452 0.010986 42.127178
9441 1444992288.967526 0.038452 0.010986 42.127178
9442 1444992288.977975 0.038452 -0.076904 42.215069
9443 1444992288.987980 0.038452 -0.076904 42.215069
9444 1444992288.998053 0.038452 0.010986 42.215069
9445 1444992289.008596 0.038452 0.010986 42.30296
9446 1444992289.018174 0.038452 -0.076904 42.215069
9447 1444992289.028143 0.038452 0.010986 42.30296
9448 1444992289.038260 0.038452 0.010986 42.30296
9449 1444992289.048555 0.038452 0.010986 42.30296
9450 1444992289.059027 0.038452 0.010986 42.30296
9451 1444992289.069249 0.038452 0.010986 42.30296
9452 1444992289.079240 0.038452 0.010986 42.390851
9453 1444992289.089397 0.038452 0.010986 42.390851
9454 1444992289.100984 0.038452 0.010986 42.390851
9455 1444992289.106631 0.038452 0.010986 42.390851
9456 1444992289.116039 0.038452 0.010986 42.478741
9457 1444992289.130964 0.038452 0.010986 42.478741
9458 1444992289.141117 0.038452 0.010986 42.478741
9459 1444992289.151442 0.038452 0.010986 42.478741
9460 1444992289.161420 0.038452 0.010986 42.566632
9461 1444992289.171552 0.038452 0.010986 42.566632
9462 1444992289.181379 0.038452 0.010986 42.566632
9463 1444992289.191592 0.038452 0.010986 42.566632
9464 1444992289.201823 0.038452 0.010986 42.654523
9465 1444992289.211999 0.038452 0.010986 42.566632
9466 1444992289.221736 0.038452 0.010986 42.654523
9467 1444992289.231919 0.038452 0.010986 42.654523
9468 1444992289.241901 0.038452 0.010986 42.654523
9469 1444992289.252226 0.038452 0.010986 42.654523
9470 1444992289.257142 0.038452 0.010986 42.654523
9471 1444992289.272321 0.038452 0.010986 42.654523
9472 1444992289.282205 0.038452 0.010986 42.742414
9473 1444992289.292285 0.038452 0.010986 42.742414
9474 1444992289.297601 0.038452 0.010986 42.742414
9475 1444992289.312542 0.038452 0.010986 42.742414
9476 1444992289.322639 0.038452 0.010986 42.742414
9477 1444992289.332800 0.038452 0.010986 42.742414
9478 1444992289.342909 0.038452 0.010986 42.830305
9479 1444992289.353039 0.038452 0.010986 42.830305
9480 1444992289.358143 0.038452 0.010986 42.830305
9481 1444992289.373219 0.038452 0.010986 42.830305
9482 1444992289.379238 0.038452 0.010986 42.918196
9483 1444992289.388414 0.038452 0.010986 42.830305
9484 1444992289.398846 0.038452 0.010986 42.918196
9485 1444992289.409683 0.038452 0.010986 42.918196
9486 1444992289.419794 0.038452 0.010986 42.918196
9487 1444992289.429862 0.038452 0.010986 42.918196
9488 1444992289.440798 0.038452 0.010986 42.918196
9489 1444992289.452962 0.038452 0.010986 42.918196
9490 1444992289.461503 0.038452 0.010986 42.918196
9491 1444992289.471411 0.038452 0.010986 42.918196
9492 1444992289.481221 0.038452 0.010986 42.918196
9493 1444992289.491640 0.038452 0.010986 42.918196
9494 1444992289.503019 0.038452 0.010986 42.918196
9495 1444992289.512525 0.038452 0.010986 42.918196
9496 1444992289.521729 0.038452 0.010986 42.918196
9497 1444992289.531867 0.038452 0.010986 42.918196
9498 1444992289.542244 0.038452 0.010986 42.918196
9499 1444992289.552739 0.038452 0.010986 42.918196
9500 1444992289.562711 0.038452 0.010986 42.918196
9501 1444992289.572610 0.038452 0.010986 42.918196
9502 1444992289.582843 0.038452 0.010986 42.918196
9503 1444992289.592772 0.038452 0.010986 42.918196
9504 1444992289.603359 0.038452 0.010986 42.918196
9505 1444992289.613137 0.038452 0.010986 42.918196
9506 1444992289.623094 0.038452 0.010986 42.918196
9507 1444992289.633108 0.038452 0.010986 42.918196
9508 1444992289.643403 0.038452 0.010986 42.918196
9509 1444992289.654154 0.038452 0.010986 42.918196
9510 1444992289.663847 0.038452 0.010986 42.918196
9511 1444992289.673861 0.038452 0.010986 42.918196
9512 1444992289.684057 0.038452 0.010986 42.918196
9513 1444992289.694229 0.038452 0.010986 42.918196
9514 1444992289.700820 0.038452 0.010986 42.918196
9515 1444992289.714244 0.038452 0.010986 42.918196
9516 1444992289.724401 0.038452 0.010986 42.918196
9517 1444992289.734529 0.038452 0.010986 42.918196
9518 1444992289.741411 0.038452 0.010986 42.918196
9519 1444992289.752222 0.038452 0.010986 42.918196
9520 1444992289.762070 0.038452 0.010986 42.918196
9521 1444992289.772092 0.038452 0.010986 42.918196
9522 1444992289.782070 0.038452 0.010986 42.918196
9523 1444992289.792501 0.038452 0.010986 42.918196
9524 1444992289.802616 0.038452 0.010986 42.918196
9525 1444992289.813211 0.038452 0.010986 42.918196
9526 1444992289.822660 0.038452 0.010986 42.918196
9527 1444992289.832261 0.038452 0.010986 42.918196
9528 1444992289.842307 0.038452 0.010986 42.918196
9529 1444992289.853114 0.038452 0.010986 42.918196
9530 1444992289.863181 0.038452 0.010986 42.918196
9531 1444992289.873214 0.038452 0.010986 42.918196
9532 1444992289.883205 0.038452 0.010986 42.918196
9533 1444992289.893357 0.038452 0.010986 42.830305
9534 1444992289.903491 0.038452 0.010986 42.830305
9535 1444992289.913573 0.038452 0.010986 42.742414
9536 1444992289.923573 0.038452 0.010986 42.654523
9537 1444992289.933631 0.038452 -0.076904 42.654523
9538 1444992289.943806 0.038452 0.010986 42.566632
9539 1444992289.951120 0.038452 0.010986 42.390851
9540 1444992289.961167 0.038452 -0.076904 42.30296
9541 1444992289.974098 0.038452 0.010986 42.127178
9542 1444992289.984229 0.038452 0.010986 42.039287
9543 1444992289.995965 0.038452 0.010986 41.687724
9544 1444992290.006123 0.038452 -0.076904 41.511942
9545 1444992290.011490 0.038452 0.010986 41.424051
9546 1444992290.025847 0.038452 0.010986 40.984597
9547 1444992290.035799 0.038452 0.010986 40.720925
9548 1444992290.045915 0.038452 0.010986 40.457252
9549 1444992290.056777 -0.049439 -0.076904 40.100196
9550 1444992290.066741 0.038452 0.010986 39.748632
9551 1444992290.076646 -0.049439 0.010986 39.397069
9552 1444992290.086871 0.038452 0.010986 39.045505
9553 1444992290.096733 -0.049439 0.010986 38.606051
9554 1444992290.107786 -0.049439 0.010986 38.166597
9555 1444992290.117273 0.038452 0.010986 37.639252
9556 1444992290.127550 0.038452 0.010986 37.199798
9557 1444992290.137348 0.038452 0.010986 36.672453
9558 1444992290.147453 -0.049439 0.010986 36.057217
9559 1444992290.157299 0.038452 0.010986 35.441981
9560 1444992290.167555 0.038452 0.010986 34.826745
9561 1444992290.178000 -0.049439 0.010986 34.211509
9562 1444992290.188142 -0.049439 0.010986 33.596273
9563 1444992290.198156 0.038452 0.010986 32.893147
9564 1444992290.208139 -0.049439 0.010986 32.19002
9565 1444992290.218297 0.038452 0.010986 31.399002
9566 1444992290.228680 -0.049439 0.010986 30.607985
9567 1444992290.238664 -0.049439 0.010986 29.816967
9568 1444992290.248792 0.038452 0.010986 29.02595
9569 1444992290.256913 -0.049439 0.010986 28.147041
9570 1444992290.266345 -0.049439 0.010986 27.356024
9571 1444992290.276479 -0.049439 0.010986 26.477115
9572 1444992290.286505 -0.049439 0.010986 25.598207
9573 1444992290.296613 0.038452 0.010986 24.719299
9574 1444992290.307147 0.038452 0.010986 23.84039
9575 1444992290.317067 0.038452 0.010986 22.961482
9576 1444992290.327221 -0.049439 0.010986 22.082573
9577 1444992290.337355 0.038452 0.010986 21.203665
9578 1444992290.347466 0.038452 0.010986 20.236866
9579 1444992290.357864 0.038452 -0.076904 19.357957
9580 1444992290.368019 0.038452 -0.076904 18.479049
9581 1444992290.377775 0.038452 -0.076904 17.506757
9582 1444992290.387766 0.038452 -0.076904 16.539957
9583 1444992290.397991 0.038452 0.010986 15.74894
9584 1444992290.408674 0.038452 -0.076904 14.782141
9585 1444992290.418397 0.038452 0.010986 13.903232
9586 1444992290.429137 0.038452 -0.076904 12.936433
9587 1444992290.439056 0.038452 -0.076904 12.057525
9588 1444992290.449255 0.038452 0.010986 11.090725
9589 1444992290.456089 -0.049439 0.010986 10.211817
9590 1444992290.469450 0.038452 -0.076904 9.245018
9591 1444992290.479516 0.038452 -0.076904 8.366109
9592 1444992290.489940 -0.049439 -0.076904 7.487201
9593 1444992290.496316 0.038452 0.010986 6.608293
9594 1444992290.510965 0.038452 -0.076904 5.28993
9595 1444992290.521020 -0.049439 -0.076904 4.498912
9596 1444992290.526983 -0.049439 -0.076904 4.059458
9597 1444992290.536907 -0.049439 0.010986 3.268441
9598 1444992290.547010 0.038452 -0.076904 2.565314
9599 1444992290.557402 -0.049439 -0.076904 1.774296
9600 1444992290.567181 0.038452 0.010986 1.07117
9601 1444992290.577314 0.038452 -0.076904 0.368043
9602 1444992290.587494 0.038452 -0.076904 -0.247193
9603 1444992290.597570 0.038452 0.010986 -0.862429
9604 1444992290.607491 -0.049439 -0.076904 -1.477665
9605 1444992290.617636 0.038452 0.010986 -2.00501
9606 1444992290.627952 0.038452 0.010986 -2.620246
9607 1444992290.638028 0.038452 0.010986 -3.147591
9608 1444992290.648246 0.038452 0.010986 -3.674936
9609 1444992290.658369 0.038452 0.010986 -4.11439
9610 1444992290.668492 0.038452 0.010986 -4.553844
9611 1444992290.678662 0.038452 0.010986 -4.998792
9612 1444992290.688666 0.038452 0.010986 -5.438246
9613 1444992290.698833 0.038452 0.010986 -5.789809
9614 1444992290.708972 0.038452 0.010986 -6.141372
9615 1444992290.718983 0.038452 0.010986 -6.405045
9616 1444992290.729076 0.038452 0.010986 -6.756608
9617 1444992290.739196 0.038452 0.010986 -7.020281
9618 1444992290.752051 0.038452 0.010986 -7.547626
9619 1444992290.755963 0.038452 -0.076904 -7.635517
9620 1444992290.769517 0.038452 -0.076904 -7.98708
9621 1444992290.776141 0.038452 0.010986 -8.250753
9622 1444992290.786177 0.038452 0.010986 -8.514425
9623 1444992290.800777 0.038452 0.010986 -8.865988
9624 1444992290.811420 0.038452 -0.076904 -9.129661
9625 1444992290.821299 0.038452 0.010986 -9.305443
9626 1444992290.831531 0.038452 0.010986 -9.481224
9627 1444992290.841624 0.038452 0.010986 -9.657006
9628 1444992290.852295 0.038452 0.010986 -9.832788
9629 1444992290.861850 0.038452 0.010986 -9.920679
9630 1444992290.872346 0.038452 0.010986 -10.09646
9631 1444992290.882228 0.038452 0.098877 -10.184351
9632 1444992290.892580 0.038452 0.010986 -10.272242
9633 1444992290.903281 0.038452 0.098877 -10.360133
9634 1444992290.913351 0.038452 0.098877 -10.535914
9635 1444992290.922677 0.038452 0.010986 -10.623805
9636 1444992290.932388 0.038452 0.010986 -10.711696
9637 1444992290.942659 0.038452 0.010986 -10.799587
9638 1444992290.952855 0.038452 0.010986 -10.887478
9639 1444992290.963776 0.038452 0.010986 -10.975369
9640 1444992290.973274 0.038452 0.010986 -11.063259
9641 1444992290.983219 0.038452 0.010986 -11.15115
9642 1444992290.993329 0.038452 0.010986 -11.15115
9643 1444992291.003354 0.038452 0.010986 -11.15115
9644 1444992291.010812 0.038452 0.098877 -11.15115
9645 1444992291.023662 0.038452 0.098877 -11.239041
9646 1444992291.034634 0.038452 0.098877 -11.239041
9647 1444992291.044699 0.038452 0.098877 -11.239041
9648 1444992291.050846 0.038452 0.010986 -11.15115
9649 1444992291.064927 0.038452 0.098877 -11.239041
9650 1444992291.070904 0.038452 0.010986 -11.15115
9651 1444992291.080887 0.038452 0.010986 -11.15115
9652 1444992291.091098 0.038452 0.098877 -11.15115
9653 1444992291.101540 0.038452 0.098877 -11.15115
9654 1444992291.111565 0.038452 0.010986 -11.15115
9655 1444992291.121556 0.038452 0.098877 -11.063259
9656 1444992291.131572 0.038452 0.010986 -11.063259
9657 1444992291.141922 0.038452 0.010986 -11.063259
9658 1444992291.152255 0.038452 0.010986 -11.063259
9659 1444992291.162075 0.038452 0.010986 -10.975369
9660 1444992291.172282 0.038452 0.010986 -10.975369
9661 1444992291.182328 0.038452 0.010986 -10.887478
9662 1444992291.192474 0.038452 0.010986 -10.887478
9663 1444992291.202725 0.038452 0.010986 -10.887478
9664 1444992291.212602 0.038452 0.010986 -10.799587
9665 1444992291.222887 0.038452 0.010986 -10.711696
9666 1444992291.232962 0.038452 0.010986 -10.711696
9667 1444992291.242975 0.038452 0.010986 -10.623805
9668 1444992291.253122 0.038452 0.010986 -10.623805
9669 1444992291.263293 0.038452 0.010986 -10.535914
9670 1444992291.273791 0.038452 0.010986 -10.535914
9671 1444992291.283535 0.038452 0.010986 -10.448024
9672 1444992291.293800 0.038452 0.010986 -10.360133
9673 1444992291.306339 0.038452 0.010986 -10.272242
9674 1444992291.314008 -0.049439 -0.076904 -10.184351
9675 1444992291.325844 -0.049439 0.010986 -10.09646
9676 1444992291.334332 -0.049439 0.010986 -10.008569
9677 1444992291.346087 -0.049439 0.010986 -9.832788
9678 1444992291.356689 -0.049439 -0.076904 -9.744897
9679 1444992291.366122 -0.049439 -0.076904 -9.569115
9680 1444992291.376406 -0.049439 -0.076904 -9.393333
9681 1444992291.386140 -0.049439 -0.076904 -9.305443
9682 1444992291.396268 -0.049439 -0.076904 -9.217552
9683 1444992291.406693 -0.049439 -0.076904 -9.129661
9684 1444992291.416597 -0.049439 -0.076904 -9.129661
9685 1444992291.426594 -0.049439 -0.076904 -9.04177
9686 1444992291.436808 -0.049439 -0.076904 -9.04177
9687 1444992291.446749 -0.049439 -0.076904 -9.04177
9688 1444992291.456697 -0.049439 -0.076904 -9.04177
9689 1444992291.466787 -0.049439 -0.076904 -9.04177
9690 1444992291.476817 -0.049439 -0.076904 -9.04177
9691 1444992291.486990 -0.049439 -0.076904 -9.129661
9692 1444992291.497025 -0.049439 0.010986 -9.217552
9693 1444992291.507053 -0.049439 0.010986 -9.305443
9694 1444992291.517156 -0.049439 0.010986 -9.305443
9695 1444992291.527479 -0.049439 -0.076904 -9.393333
9696 1444992291.537525 -0.049439 -0.076904 -9.481224
9697 1444992291.547663 -0.049439 0.010986 -9.569115
9698 1444992291.558004 -0.049439 0.010986 -9.657006
9699 1444992291.568225 -0.049439 0.010986 -9.744897
9700 1444992291.573298 -0.049439 0.010986 -9.832788
9701 1444992291.583567 -0.049439 0.010986 -9.920679
9702 1444992291.593510 -0.049439 0.010986 -10.008569
9703 1444992291.603623 0.038452 0.010986 -10.09646
9704 1444992291.613939 0.038452 0.010986 -10.184351
9705 1444992291.623802 0.038452 0.010986 -10.272242
9706 1444992291.634090 0.038452 0.010986 -10.360133
9707 1444992291.644080 0.038452 0.010986 -10.448024
9708 1444992291.654227 0.038452 0.010986 -10.535914
9709 1444992291.660816 0.038452 0.010986 -10.623805
9710 1444992291.674771 0.038452 0.010986 -10.711696
9711 1444992291.680935 0.038452 0.010986 -10.799587
9712 1444992291.691029 0.038452 0.010986 -10.799587
9713 1444992291.705944 0.038452 0.010986 -10.887478
9714 1444992291.715930 0.038452 0.010986 -10.975369
9715 1444992291.726086 0.038452 0.010986 -10.975369
9716 1444992291.736128 0.038452 0.010986 -11.063259
9717 1444992291.746222 0.038452 0.010986 -11.063259
9718 1444992291.756726 0.038452 0.010986 -11.063259
9719 1444992291.766862 0.038452 0.010986 -11.063259
9720 1444992291.777076 0.038452 0.010986 -11.063259
9721 1444992291.787162 0.038452 0.098877 -11.063259
9722 1444992291.797224 0.038452 0.010986 -11.063259
9723 1444992291.807572 0.038452 0.098877 -11.063259
9724 1444992291.816961 0.038452 0.098877 -11.063259
9725 1444992291.827831 0.038452 0.010986 -10.975369
9726 1444992291.837793 0.038452 0.098877 -10.975369
9727 1444992291.847731 0.038452 0.010986 -11.063259
9728 1444992291.858005 0.038452 0.010986 -10.975369
9729 1444992291.868341 0.038452 0.098877 -10.975369
9730 1444992291.878523 0.038452 0.010986 -11.063259
9731 1444992291.888603 0.038452 0.010986 -10.975369
9732 1444992291.898619 0.038452 0.010986 -10.975369
9733 1444992291.908957 0.038452 0.010986 -10.975369
9734 1444992291.918980 0.038452 0.010986 -10.975369
9735 1444992291.929054 0.038452 0.010986 -10.975369
9736 1444992291.935787 0.038452 0.010986 -10.975369
9737 1444992291.949191 0.038452 0.010986 -10.975369
9738 1444992291.956460 0.038452 0.010986 -10.887478
9739 1444992291.966214 0.038452 0.010986 -10.887478
9740 1444992291.979561 0.038452 0.010986 -10.799587
9741 1444992291.986439 0.038452 0.010986 -10.799587
9742 1444992292.000966 0.038452 0.010986 -10.711696
9743 1444992292.010802 0.038452 0.010986 -10.623805
9744 1444992292.016235 0.038452 0.010986 -10.623805
9745 1444992292.026848 0.038452 -0.076904 -10.535914
9746 1444992292.036750 0.038452 0.010986 -10.535914
9747 1444992292.046918 0.038452 0.010986 -10.448024
9748 1444992292.057024 0.038452 0.010986 -10.448024
9749 1444992292.067248 0.038452 0.010986 -10.360133
9750 1444992292.077442 0.038452 0.010986 -10.360133
9751 1444992292.087582 -0.049439 0.010986 -10.272242
9752 1444992292.097574 0.038452 0.010986 -10.184351
9753 1444992292.107772 0.038452 0.010986 -10.184351
9754 1444992292.117863 0.038452 -0.076904 -10.09646
9755 1444992292.128089 0.038452 -0.076904 -10.09646
9756 1444992292.138207 0.038452 0.010986 -10.09646
9757 1444992292.148315 0.038452 0.010986 -10.008569
9758 1444992292.158256 0.038452 0.010986 -10.008569
9759 1444992292.168549 0.038452 0.010986 -9.920679
9760 1444992292.178590 -0.049439 0.010986 -9.920679
9761 1444992292.188690 0.038452 0.010986 -9.832788
9762 1444992292.198820 -0.049439 -0.076904 -9.832788
9763 1444992292.208819 0.038452 0.010986 -9.832788
9764 1444992292.219089 -0.049439 -0.076904 -9.832788
9765 1444992292.229156 -0.049439 0.010986 -9.744897
9766 1444992292.239343 0.038452 -0.076904 -9.744897
9767 1444992292.251163 -0.049439 -0.076904 -9.744897
9768 1444992292.260862 -0.049439 -0.076904 -9.744897
9769 1444992292.269709 -0.049439 -0.076904 -9.744897
9770 1444992292.276249 -0.049439 -0.076904 -9.744897
9771 1444992292.286114 -0.049439 -0.076904 -9.744897
9772 1444992292.302437 -0.049439 -0.076904 -9.744897
9773 1444992292.312420 -0.049439 -0.076904 -9.744897
9774 1444992292.321788 -0.049439 -0.076904 -9.744897
9775 1444992292.332041 -0.049439 -0.076904 -9.744897
9776 1444992292.341699 -0.049439 -0.076904 -9.744897
9777 1444992292.352953 -0.049439 -0.076904 -9.744897
9778 1444992292.363055 -0.049439 -0.076904 -9.744897
9779 1444992292.372227 -0.049439 -0.076904 -9.744897
9780 1444992292.382235 -0.049439 -0.076904 -9.744897
9781 1444992292.392464 -0.049439 -0.076904 -9.832788
9782 1444992292.403271 -0.049439 -0.076904 -9.832788
9783 1444992292.413488 -0.049439 0.010986 -9.832788
9784 1444992292.422908 -0.049439 -0.076904 -9.832788
9785 1444992292.432753 0.038452 0.010986 -9.832788
9786 1444992292.442801 0.038452 0.010986 -9.920679
9787 1444992292.452759 0.038452 0.010986 -9.920679
9788 1444992292.463044 0.038452 0.010986 -9.920679
9789 1444992292.473119 0.038452 0.010986 -9.920679
9790 1444992292.483406 0.038452 0.098877 -9.920679
9791 1444992292.493802 0.038452 0.098877 -10.008569
9792 1444992292.504164 0.038452 0.098877 -10.008569
9793 1444992292.514249 0.038452 0.098877 -10.008569
9794 1444992292.524309 0.038452 0.098877 -10.09646
9795 1444992292.534510 0.038452 0.098877 -10.09646
9796 1444992292.544537 0.038452 0.098877 -10.184351
9797 1444992292.550932 0.038452 0.098877 -10.184351
9798 1444992292.564757 0.126343 0.098877 -10.184351
9799 1444992292.574890 0.126343 0.186768 -10.184351
9800 1444992292.585003 0.126343 0.186768 -10.272242
9801 1444992292.595150 0.126343 0.186768 -10.272242
9802 1444992292.601185 0.126343 0.186768 -10.272242
9803 1444992292.611065 0.126343 0.186768 -10.272242
9804 1444992292.621269 0.038452 0.186768 -10.272242
9805 1444992292.631430 0.126343 0.186768 -10.272242
9806 1444992292.641608 0.038452 0.186768 -10.272242
9807 1444992292.652299 0.038452 0.186768 -10.360133
9808 1444992292.662406 0.038452 0.098877 -10.360133
9809 1444992292.672208 0.038452 0.098877 -10.360133
9810 1444992292.682135 0.038452 0.098877 -10.360133
9811 1444992292.692224 0.038452 0.098877 -10.360133
9812 1444992292.702498 0.038452 0.098877 -10.360133
9813 1444992292.710978 0.038452 0.098877 -10.360133
9814 1444992292.722567 0.038452 0.098877 -10.360133
9815 1444992292.732525 0.038452 0.010986 -10.360133
9816 1444992292.742979 0.038452 0.010986 -10.360133
9817 1444992292.753229 0.038452 0.010986 -10.448024
9818 1444992292.763577 0.038452 0.010986 -10.448024
9819 1444992292.773496 0.038452 0.010986 -10.448024
9820 1444992292.783655 0.038452 0.010986 -10.448024
9821 1444992292.793916 -0.049439 0.010986 -10.448024
9822 1444992292.803821 0.038452 0.010986 -10.448024
9823 1444992292.813968 -0.049439 0.010986 -10.448024
9824 1444992292.824102 -0.049439 0.010986 -10.448024
9825 1444992292.830838 -0.049439 -0.076904 -10.535914
9826 1444992292.846043 -0.049439 -0.076904 -10.448024
9827 1444992292.856582 -0.049439 -0.076904 -10.535914
9828 1444992292.865836 -0.049439 -0.076904 -10.535914
9829 1444992292.876390 -0.049439 -0.076904 -10.535914
9830 1444992292.886160 -0.049439 -0.076904 -10.535914
9831 1444992292.896223 0.038452 -0.076904 -10.535914
9832 1444992292.906961 0.038452 -0.076904 -10.535914
9833 1444992292.917174 -0.049439 -0.076904 -10.535914
9834 1444992292.927473 -0.049439 -0.076904 -10.535914
9835 1444992292.937472 -0.049439 -0.076904 -10.535914
9836 1444992292.947612 -0.049439 -0.076904 -10.535914
9837 1444992292.957655 -0.049439 -0.076904 -10.535914
9838 1444992292.967749 -0.049439 -0.076904 -10.535914
9839 1444992292.977846 0.038452 -0.076904 -10.535914
9840 1444992292.987964 0.038452 -0.076904 -10.535914
9841 1444992292.998123 0.038452 -0.076904 -10.535914
9842 1444992293.008221 0.038452 -0.076904 -10.535914
9843 1444992293.018544 -0.049439 -0.076904 -10.535914
9844 1444992293.028636 0.038452 -0.076904 -10.448024
9845 1444992293.038661 -0.049439 -0.076904 -10.535914
9846 1444992293.048782 -0.049439 -0.076904 -10.448024
9847 1444992293.058859 0.038452 -0.076904 -10.535914
9848 1444992293.069161 -0.049439 -0.076904 -10.535914
9849 1444992293.079148 -0.049439 -0.076904 -10.535914
9850 1444992293.089426 0.038452 -0.076904 -10.535914
9851 1444992293.099597 -0.049439 -0.076904 -10.535914
9852 1444992293.109626 -0.049439 -0.076904 -10.535914
9853 1444992293.119654 -0.049439 -0.076904 -10.448024
9854 1444992293.129684 -0.049439 -0.076904 -10.448024
9855 1444992293.139711 -0.049439 -0.076904 -10.535914
9856 1444992293.149838 -0.049439 -0.076904 -10.448024
9857 1444992293.160048 -0.049439 -0.076904 -10.535914
9858 1444992293.170137 -0.049439 -0.076904 -10.448024
9859 1444992293.180281 -0.049439 -0.076904 -10.448024
9860 1444992293.190401 -0.049439 -0.076904 -10.535914
9861 1444992293.200524 -0.049439 -0.076904 -10.448024
9862 1444992293.210653 -0.049439 -0.076904 -10.448024
9863 1444992293.215871 -0.049439 -0.076904 -10.448024
9864 1444992293.226093 0.038452 -0.076904 -10.535914
9865 1444992293.236168 -0.049439 -0.076904 -10.448024
9866 1444992293.246248 -0.049439 -0.076904 -10.448024
9867 1444992293.256232 0.038452 -0.076904 -10.535914
9868 1444992293.266425 0.038452 -0.076904 -10.535914
9869 1444992293.276654 -0.049439 -0.076904 -10.535914
9870 1444992293.287019 -0.049439 -0.076904 -10.535914
9871 1444992293.297657 -0.049439 -0.076904 -10.448024
9872 1444992293.305841 0.038452 -0.076904 -10.535914
9873 1444992293.317508 0.038452 -0.076904 -10.448024
9874 1444992293.328006 0.038452 0.010986 -10.448024
9875 1444992293.338012 0.038452 -0.076904 -10.448024
9876 1444992293.348259 0.038452 0.010986 -10.535914
9877 1444992293.358343 0.038452 0.010986 -10.448024
9878 1444992293.368556 0.038452 0.010986 -10.535914
9879 1444992293.378582 0.038452 0.010986 -10.448024
9880 1444992293.388771 0.038452 0.010986 -10.448024
9881 1444992293.398841 0.038452 0.010986 -10.448024
9882 1444992293.411450 0.038452 0.010986 -10.448024
9883 1444992293.420790 0.038452 0.010986 -10.448024
9884 1444992293.430957 0.038452 0.010986 -10.448024
9885 1444992293.440855 -0.049439 0.010986 -10.448024
9886 1444992293.451233 0.038452 0.010986 -10.360133
9887 1444992293.461510 0.038452 0.010986 -10.360133
9888 1444992293.471632 0.038452 0.010986 -10.360133
9889 1444992293.481673 0.038452 0.010986 -10.360133
9890 1444992293.491932 0.038452 0.098877 -10.360133
9891 1444992293.502357 0.038452 0.098877 -10.360133
9892 1444992293.512254 0.038452 0.010986 -10.272242
9893 1444992293.522531 0.038452 0.010986 -10.272242
9894 1444992293.532430 0.038452 0.010986 -10.272242
9895 1444992293.542392 0.038452 0.098877 -10.272242
9896 1444992293.552590 0.038452 0.098877 -10.272242
9897 1444992293.563045 0.038452 0.098877 -10.272242
9898 1444992293.572868 0.038452 0.098877 -10.272242
9899 1444992293.583008 0.038452 0.098877 -10.272242
9900 1444992293.593126 0.038452 0.098877 -10.272242
9901 1444992293.597970 0.038452 0.098877 -10.272242
9902 1444992293.613321 0.038452 0.098877 -10.272242
9903 1444992293.623244 0.038452 0.098877 -10.272242
9904 1444992293.633493 0.038452 0.098877 -10.272242
9905 1444992293.643548 0.038452 0.098877 -10.272242
9906 1444992293.653579 0.038452 0.098877 -10.184351
9907 1444992293.663650 0.038452 0.098877 -10.184351
9908 1444992293.673790 0.038452 0.098877 -10.184351
9909 1444992293.678851 0.038452 0.010986 -10.184351
9910 1444992293.689043 0.038452 0.098877 -10.272242
9911 1444992293.696977 0.038452 0.098877 -10.184351
9912 1444992293.706844 0.038452 0.010986 -10.184351
9913 1444992293.719242 0.038452 0.010986 -10.272242
9914 1444992293.726480 0.038452 0.098877 -10.184351
9915 1444992293.739494 0.038452 0.010986 -10.184351
9916 1444992293.751080 0.038452 0.010986 -10.184351
9917 1444992293.761779 0.038452 0.010986 -10.272242
9918 1444992293.771142 0.038452 0.098877 -10.184351
9919 1444992293.777447 0.038452 0.010986 -10.184351
9920 1444992293.787621 0.038452 0.010986 -10.184351
9921 1444992293.801156 0.038452 0.010986 -10.184351
9922 1444992293.810857 0.038452 0.010986 -10.184351
9923 1444992293.821765 0.038452 0.010986 -10.184351
9924 1444992293.832170 0.038452 0.010986 -10.184351
9925 1444992293.842121 0.038452 0.010986 -10.184351
9926 1444992293.853365 0.038452 0.010986 -10.184351
9927 1444992293.863140 0.038452 0.010986 -10.184351
9928 1444992293.872222 0.038452 0.010986 -10.184351
9929 1444992293.883117 0.038452 0.010986 -10.184351
9930 1444992293.892421 0.038452 0.010986 -10.184351
9931 1444992293.902817 0.038452 0.010986 -10.184351
9932 1444992293.912223 -0.049439 0.010986 -10.184351
9933 1444992293.922409 0.038452 0.010986 -10.184351
9934 1444992293.932521 0.038452 0.010986 -10.184351
9935 1444992293.942830 0.038452 0.010986 -10.184351
9936 1444992293.953777 0.038452 0.098877 -10.184351
9937 1444992293.963475 0.038452 0.010986 -10.184351
9938 1444992293.973717 0.038452 0.010986 -10.184351
9939 1444992293.983750 0.038452 0.010986 -10.184351
9940 1444992293.993796 0.038452 0.098877 -10.184351
9941 1444992294.004024 0.038452 0.010986 -10.184351
9942 1444992294.014075 0.038452 0.010986 -10.184351
9943 1444992294.024196 0.038452 0.010986 -10.184351
9944 1444992294.034320 0.038452 0.010986 -10.272242
9945 1444992294.040795 -0.049439 0.010986 -10.184351
9946 1444992294.056171 0.038452 0.010986 -10.184351
9947 1444992294.065783 -0.049439 0.010986 -10.184351
9948 1444992294.076184 -0.049439 0.098877 -10.184351
9949 1444992294.085996 0.038452 0.098877 -10.184351
9950 1444992294.096258 -0.049439 0.010986 -10.184351
9951 1444992294.106384 -0.049439 0.010986 -10.184351
9952 1444992294.116463 0.038452 0.010986 -10.184351
9953 1444992294.126510 -0.049439 0.010986 -10.184351
9954 1444992294.136600 -0.049439 0.010986 -10.184351
9955 1444992294.146766 0.038452 0.010986 -10.184351
9956 1444992294.152028 -0.049439 0.010986 -10.184351
9957 1444992294.166891 -0.049439 0.098877 -10.184351
9958 1444992294.177089 -0.049439 0.010986 -10.184351
9959 1444992294.182086 -0.049439 0.098877 -10.184351
9960 1444992294.192194 -0.049439 0.010986 -10.184351
9961 1444992294.202604 -0.049439 0.010986 -10.184351
9962 1444992294.212352 0.038452 0.010986 -10.184351
9963 1444992294.222424 -0.049439 0.010986 -10.184351
9964 1444992294.232585 0.038452 0.010986 -10.184351
9965 1444992294.242666 -0.049439 0.010986 -10.184351
9966 1444992294.252566 0.038452 0.010986 -10.184351
9967 1444992294.261509 -0.049439 0.010986 -10.184351
9968 1444992294.272821 0.038452 0.010986 -10.184351
9969 1444992294.283566 0.038452 0.010986 -10.184351
9970 1444992294.293684 -0.049439 0.010986 -10.184351
9971 1444992294.301993 0.038452 0.010986 -10.184351
9972 1444992294.311920 -0.049439 0.010986 -10.184351
9973 1444992294.321010 -0.049439 0.010986 -10.184351
9974 1444992294.335808 -0.049439 0.010986 -10.184351
9975 1444992294.344599 -0.049439 0.010986 -10.184351
9976 1444992294.356591 -0.049439 0.010986 -10.184351
9977 1444992294.362052 0.038452 0.010986 -10.184351
9978 1444992294.376220 -0.049439 0.010986 -10.184351
9979 1444992294.386235 -0.049439 0.010986 -10.184351
9980 1444992294.396686 -0.049439 0.010986 -10.184351
9981 1444992294.407072 -0.049439 0.010986 -10.184351
9982 1444992294.416821 -0.049439 0.010986 -10.184351
9983 1444992294.427091 -0.049439 0.010986 -10.184351
9984 1444992294.437160 -0.049439 0.010986 -10.184351
9985 1444992294.447503 -0.049439 0.010986 -10.184351
9986 1444992294.457719 -0.049439 0.010986 -10.184351
9987 1444992294.467705 -0.049439 0.010986 -10.184351
9988 1444992294.478072 -0.049439 0.010986 -10.184351
9989 1444992294.488019 -0.049439 0.010986 -10.272242
9990 1444992294.498219 -0.049439 0.010986 -10.184351
9991 1444992294.508456 0.038452 0.010986 -10.184351
9992 1444992294.518471 -0.049439 0.010986 -10.272242
9993 1444992294.528656 -0.049439 0.010986 -10.272242
9994 1444992294.538857 -0.049439 0.010986 -10.272242
9995 1444992294.548931 -0.049439 0.010986 -10.272242
9996 1444992294.559211 -0.049439 0.010986 -10.272242
9997 1444992294.569243 -0.049439 0.010986 -10.272242
9998 1444992294.579427 0.038452 0.010986 -10.184351
9999 1444992294.589397 0.038452 0.010986 -10.272242
10000 1444992294.599557 0.038452 0.010986 -10.272242
10001 1444992294.609715 -0.049439 0.010986 -10.184351
10002 1444992294.619846 -0.049439 0.010986 -10.184351
10003 1444992294.625843 -0.049439 0.010986 -10.184351
10004 1444992294.636071 -0.049439 0.010986 -10.184351
10005 1444992294.645991 -0.049439 0.010986 -10.184351
10006 1444992294.655811 -0.049439 0.098877 -10.184351
10007 1444992294.661313 -0.049439 0.010986 -10.272242
10008 1444992294.676082 -0.049439 0.010986 -10.184351
10009 1444992294.685986 -0.049439 0.010986 -10.184351
10010 1444992294.696424 -0.049439 0.010986 -10.272242
10011 1444992294.706363 -0.049439 0.010986 -10.272242
10012 1444992294.716393 -0.049439 0.010986 -10.272242
10013 1444992294.726620 -0.049439 0.010986 -10.272242
10014 1444992294.736745 -0.049439 0.010986 -10.272242
10015 1444992294.746697 -0.049439 0.010986 -10.272242
10016 1444992294.756524 -0.049439 0.010986 -10.272242
10017 1444992294.766658 -0.049439 0.010986 -10.272242
10018 1444992294.777049 -0.049439 0.010986 -10.272242
10019 1444992294.787107 -0.049439 -0.076904 -10.272242
10020 1444992294.797235 -0.049439 -0.076904 -10.272242
10021 1444992294.806752 -0.049439 -0.076904 -10.272242
10022 1444992294.817595 -0.049439 -0.076904 -10.272242
10023 1444992294.827923 -0.049439 -0.076904 -10.272242
10024 1444992294.838075 -0.049439 -0.076904 -10.360133
10025 1444992294.847992 -0.049439 -0.076904 -10.360133
10026 1444992294.856134 -0.049439 -0.076904 -10.360133
10027 1444992294.868352 -0.049439 -0.076904 -10.360133
10028 1444992294.879378 -0.049439 -0.076904 -10.360133
10029 1444992294.889404 -0.049439 -0.076904 -10.360133
10030 1444992294.899630 -0.049439 -0.076904 -10.360133
10031 1444992294.907094 -0.049439 -0.076904 -10.360133
10032 1444992294.921083 -0.049439 -0.076904 -10.360133
10033 1444992294.931134 -0.049439 -0.076904 -10.360133
10034 1444992294.941254 -0.049439 -0.076904 -10.360133
10035 1444992294.951698 -0.049439 -0.076904 -10.360133
10036 1444992294.961823 -0.049439 -0.076904 -10.360133
10037 1444992294.971795 -0.049439 -0.076904 -10.360133
10038 1444992294.981970 -0.049439 -0.076904 -10.360133
10039 1444992294.992064 -0.049439 -0.076904 -10.360133
10040 1444992294.997209 -0.049439 -0.076904 -10.360133
10041 1444992295.006963 -0.049439 -0.076904 -10.360133
10042 1444992295.017255 -0.049439 -0.076904 -10.360133
10043 1444992295.027615 -0.049439 -0.076904 -10.360133
10044 1444992295.037683 -0.049439 -0.076904 -10.360133
10045 1444992295.047777 -0.049439 -0.076904 -10.360133
10046 1444992295.056031 -0.049439 -0.076904 -10.360133
10047 1444992295.067636 -0.049439 -0.076904 -10.360133
10048 1444992295.078025 -0.049439 -0.076904 -10.360133
10049 1444992295.088045 -0.049439 -0.076904 -10.272242
10050 1444992295.098230 -0.049439 -0.076904 -10.360133
10051 1444992295.108270 -0.049439 -0.076904 -10.360133
10052 1444992295.118692 -0.049439 -0.076904 -10.360133
10053 1444992295.128858 -0.049439 -0.076904 -10.272242
10054 1444992295.139055 -0.049439 -0.076904 -10.360133
10055 1444992295.146079 -0.049439 -0.076904 -10.360133
10056 1444992295.156630 -0.049439 -0.076904 -10.360133
10057 1444992295.169166 -0.049439 -0.076904 -10.360133
10058 1444992295.176322 -0.049439 -0.076904 -10.360133
10059 1444992295.186433 -0.049439 -0.076904 -10.360133
10060 1444992295.196460 -0.049439 -0.076904 -10.360133
10061 1444992295.207331 -0.049439 -0.076904 -10.360133
10062 1444992295.216806 -0.049439 -0.076904 -10.360133
10063 1444992295.231097 -0.049439 -0.076904 -10.360133
10064 1444992295.241154 -0.049439 -0.076904 -10.360133
10065 1444992295.252053 -0.049439 -0.076904 -10.360133
10066 1444992295.261887 -0.049439 -0.076904 -10.360133
10067 1444992295.271694 -0.049439 -0.076904 -10.360133
10068 1444992295.281555 -0.049439 -0.076904 -10.360133
10069 1444992295.291943 -0.049439 -0.076904 -10.360133
10070 1444992295.302675 -0.049439 -0.076904 -10.360133
10071 1444992295.312749 -0.049439 -0.076904 -10.360133
10072 1444992295.322620 -0.049439 -0.076904 -10.360133
10073 1444992295.332544 -0.049439 -0.076904 -10.360133
10074 1444992295.342827 -0.049439 -0.076904 -10.360133
10075 1444992295.353114 -0.049439 -0.076904 -10.360133
10076 1444992295.363302 -0.049439 -0.076904 -10.360133
10077 1444992295.373254 -0.049439 -0.076904 -10.360133
10078 1444992295.383399 -0.049439 -0.076904 -10.360133
10079 1444992295.393463 -0.049439 -0.076904 -10.360133
10080 1444992295.403917 -0.049439 -0.076904 -10.360133
10081 1444992295.410809 -0.049439 -0.076904 -10.360133
10082 1444992295.424100 -0.049439 -0.076904 -10.360133
10083 1444992295.434199 -0.049439 -0.076904 -10.360133
10084 1444992295.444382 -0.049439 -0.076904 -10.360133
10085 1444992295.451196 -0.049439 -0.076904 -10.360133
10086 1444992295.464525 -0.049439 -0.076904 -10.360133
10087 1444992295.474644 -0.049439 -0.076904 -10.360133
10088 1444992295.484771 -0.049439 -0.076904 -10.360133
10089 1444992295.494919 -0.049439 -0.076904 -10.360133
10090 1444992295.500811 -0.049439 -0.076904 -10.360133
10091 1444992295.511167 -0.049439 -0.076904 -10.360133
10092 1444992295.520831 -0.049439 -0.076904 -10.360133
10093 1444992295.531088 -0.049439 -0.076904 -10.360133
10094 1444992295.541009 -0.049439 -0.076904 -10.360133
10095 1444992295.551855 -0.049439 -0.076904 -10.360133
10096 1444992295.561879 -0.049439 -0.076904 -10.360133
10097 1444992295.571842 -0.049439 -0.076904 -10.360133
10098 1444992295.582020 -0.049439 -0.076904 -10.360133
10099 1444992295.592019 -0.049439 -0.076904 -10.360133
10100 1444992295.602461 -0.049439 -0.076904 -10.360133
10101 1444992295.612364 -0.049439 -0.076904 -10.360133
10102 1444992295.622198 -0.049439 -0.076904 -10.360133
10103 1444992295.632419 -0.049439 -0.076904 -10.360133
10104 1444992295.642541 -0.049439 -0.076904 -10.360133
10105 1444992295.652491 -0.049439 -0.076904 -10.360133
10106 1444992295.662462 -0.049439 -0.076904 -10.360133
10107 1444992295.672633 -0.049439 -0.076904 -10.360133
10108 1444992295.682961 -0.049439 -0.076904 -10.360133
10109 1444992295.692848 -0.049439 -0.076904 -10.360133
10110 1444992295.702935 -0.049439 -0.076904 -10.360133
10111 1444992295.713727 -0.049439 -0.076904 -10.360133
10112 1444992295.724100 -0.049439 -0.076904 -10.360133
10113 1444992295.736095 -0.049439 -0.076904 -10.360133
10114 1444992295.746166 -0.049439 -0.076904 -10.360133
10115 1444992295.756538 -0.049439 -0.076904 -10.360133
10116 1444992295.766303 -0.049439 -0.076904 -10.360133
10117 1444992295.776575 -0.049439 -0.076904 -10.360133
10118 1444992295.786494 -0.049439 -0.076904 -10.360133
10119 1444992295.796282 -0.049439 -0.076904 -10.360133
10120 1444992295.806795 -0.049439 -0.076904 -10.272242
10121 1444992295.816535 -0.049439 -0.076904 -10.360133
10122 1444992295.826864 -0.049439 -0.076904 -10.360133
10123 1444992295.836959 -0.049439 -0.076904 -10.360133
10124 1444992295.847037 -0.049439 -0.076904 -10.360133
10125 1444992295.857045 -0.049439 -0.076904 -10.360133
10126 1444992295.867167 -0.049439 -0.076904 -10.272242
10127 1444992295.877268 -0.049439 -0.076904 -10.272242
