12668 1444992651.313143 0.038452 0.010986 -10.008569
12669 1444992651.322966 -0.049439 0.010986 -10.008569
12670 1444992651.333082 -0.049439 0.010986 -10.008569
12671 1444992651.343726 -0.049439 0.010986 -10.008569
12672 1444992651.353927 0.038452 0.010986 -10.008569
12673 1444992651.364103 -0.049439 -0.076904 -10.008569
12674 1444992651.374557 -0.049439 0.010986 -10.008569
12675 1444992651.384442 0.038452 0.010986 -10.008569
12676 1444992651.395698 0.038452 0.010986 -10.008569
12677 1444992651.405476 0.038452 -0.076904 -10.008569
12678 1444992651.415619 0.038452 0.010986 -10.008569
12679 1444992651.427388 -0.049439 0.010986 -10.008569
12680 1444992651.435866 -0.049439 0.010986 -10.008569
12681 1444992651.446086 0.038452 0.010986 -10.008569
12682 1444992651.456216 -0.049439 0.010986 -10.008569
12683 1444992651.466394 -0.049439 0.010986 -10.008569
12684 1444992651.477564 0.038452 0.010986 -9.920679
12685 1444992651.487506 0.038452 0.010986 -10.008569
12686 1444992651.497399 0.038452 0.010986 -9.920679
12687 1444992651.507779 0.038452 0.010986 -10.008569
12688 1444992651.517738 -0.049439 0.010986 -9.920679
12689 1444992651.528414 -0.049439 0.010986 -10.008569
12690 1444992651.539405 0.038452 0.010986 -10.008569
12691 1444992651.549358 0.038452 0.010986 -10.008569
12692 1444992651.559301 -0.049439 0.010986 -10.008569
12693 1444992651.569587 -0.049439 0.010986 -10.008569
12694 1444992651.579705 -0.049439 0.010986 -10.008569
12695 1444992651.589710 0.038452 0.010986 -10.008569
12696 1444992651.599947 0.038452 0.010986 -10.008569
12697 1444992651.604864 -0.049439 0.010986 -10.008569
12698 1444992651.614900 0.038452 0.010986 -10.008569
12699 1444992651.625297 0.038452 0.010986 -9.920679
12700 1444992651.635429 0.038452 0.010986 -9.920679
12701 1444992651.645735 -0.049439 0.010986 -10.008569
12702 1444992651.657531 0.038452 0.010986 -10.008569
12703 1444992651.667981 -0.049439 0.010986 -10.008569
12704 1444992651.678406 0.038452 0.010986 -9.920679
12705 1444992651.688377 0.038452 -0.076904 -10.008569
12706 1444992651.697892 0.038452 0.010986 -10.008569
12707 1444992651.707992 -0.049439 0.010986 -10.008569
12708 1444992651.718288 -0.049439 0.010986 -10.008569
12709 1444992651.729465 0.038452 0.010986 -10.008569
12710 1444992651.738721 -0.049439 0.010986 -10.008569
12711 1444992651.748564 0.038452 0.010986 -10.008569
12712 1444992651.758631 -0.049439 0.010986 -10.008569
12713 1444992651.768641 0.038452 0.010986 -10.008569
12714 1444992651.778921 0.038452 0.010986 -10.008569
12715 1444992651.788708 0.038452 0.010986 -10.008569
12716 1444992651.798937 0.038452 0.010986 -10.008569
12717 1444992651.809155 0.038452 0.010986 -9.920679
12718 1444992651.819227 0.038452 0.010986 -10.008569
12719 1444992651.829395 -0.049439 0.010986 -10.008569
12720 1444992651.839617 0.038452 0.010986 -10.008569
12721 1444992651.849659 -0.049439 0.010986 -10.008569
12722 1444992651.859615 0.038452 0.010986 -10.008569
12723 1444992651.869723 -0.049439 0.010986 -10.008569
12724 1444992651.879869 -0.049439 0.010986 -10.008569
12725 1444992651.890006 0.038452 0.010986 -10.008569
12726 1444992651.900305 -0.049439 0.010986 -10.008569
12727 1444992651.910327 -0.049439 0.010986 -10.008569
12728 1444992651.920381 0.038452 0.010986 -10.008569
12729 1444992651.930539 -0.049439 0.010986 -10.008569
12730 1444992651.940665 -0.049439 0.010986 -10.008569
12731 1444992651.950853 -0.049439 0.010986 -10.008569
12732 1444992651.960962 0.038452 -0.076904 -10.008569
12733 1444992651.967466 -0.049439 0.010986 -10.008569
12734 1444992651.978143 0.038452 -0.076904 -9.920679
12735 1444992651.988447 -0.049439 0.010986 -9.920679
12736 1444992652.002328 -0.049439 0.010986 -9.920679
12737 1444992652.012491 0.038452 0.010986 -10.008569
12738 1444992652.022722 -0.049439 0.010986 -10.008569
12739 1444992652.032938 0.038452 0.010986 -10.008569
12740 1444992652.042902 0.038452 0.010986 -10.008569
12741 1444992652.053028 0.038452 0.010986 -10.008569
12742 1444992652.063066 0.038452 0.010986 -10.008569
12743 1444992652.073182 -0.049439 0.010986 -10.008569
12744 1444992652.078008 0.038452 0.010986 -10.008569
12745 1444992652.093408 -0.049439 0.010986 -10.008569
12746 1444992652.103519 0.038452 0.010986 -10.008569
12747 1444992652.108547 0.038452 0.010986 -9.920679
12748 1444992652.118465 -0.049439 0.010986 -10.008569
12749 1444992652.128713 0.038452 0.010986 -10.008569
12750 1444992652.138811 0.038452 0.010986 -10.008569
12751 1444992652.149725 0.038452 0.010986 -10.008569
12752 1444992652.160015 -0.049439 0.010986 -10.008569
12753 1444992652.170219 -0.049439 0.010986 -10.008569
12754 1444992652.182405 -0.049439 0.010986 -10.008569
12755 1444992652.188318 0.038452 0.010986 -10.008569
12756 1444992652.197277 -0.049439 0.010986 -10.008569
12757 1444992652.211414 -0.049439 0.010986 -9.920679
12758 1444992652.217549 0.038452 0.010986 -10.008569
12759 1444992652.228158 0.038452 0.010986 -10.008569
12760 1444992652.242320 0.038452 0.010986 -10.008569
12761 1444992652.252827 0.038452 0.010986 -9.920679
12762 1444992652.262950 0.038452 0.010986 -10.008569
12763 1444992652.272963 -0.049439 0.010986 -10.008569
12764 1444992652.282925 -0.049439 -0.076904 -10.008569
12765 1444992652.293105 -0.049439 0.010986 -10.008569
12766 1444992652.303187 0.038452 0.010986 -10.008569
12767 1444992652.313254 0.038452 0.010986 -10.008569
12768 1444992652.323429 0.038452 -0.076904 -9.920679
12769 1444992652.333673 -0.049439 0.010986 -10.008569
12770 1444992652.344108 0.038452 0.010986 -9.920679
12771 1444992652.354242 0.038452 0.010986 -10.008569
12772 1444992652.364278 0.038452 0.010986 -10.008569
12773 1444992652.374974 -0.049439 0.010986 -10.008569
12774 1444992652.385060 -0.049439 0.010986 -10.008569
12775 1444992652.394924 0.038452 0.010986 -10.008569
12776 1444992652.404972 0.038452 0.010986 -10.008569
12777 1444992652.415145 0.038452 0.010986 -10.008569
12778 1444992652.425492 0.038452 0.010986 -10.008569
12779 1444992652.435366 0.038452 0.010986 -10.008569
12780 1444992652.445533 -0.049439 -0.076904 -10.008569
12781 1444992652.455671 0.038452 0.010986 -9.920679
12782 1444992652.465851 0.038452 0.010986 -9.920679
12783 1444992652.475933 0.038452 0.010986 -9.920679
12784 1444992652.486131 0.038452 0.010986 -9.920679
12785 1444992652.496225 0.038452 0.010986 -10.008569
12786 1444992652.507608 0.038452 0.010986 -10.008569
12787 1444992652.517629 -0.049439 0.010986 -10.008569
12788 1444992652.526749 0.038452 0.010986 -10.008569
12789 1444992652.532617 0.038452 0.010986 -10.008569
12790 1444992652.543292 -0.049439 0.010986 -10.008569
12791 1444992652.553535 0.038452 0.010986 -10.008569
12792 1444992652.563681 0.038452 0.010986 -9.920679
12793 1444992652.574562 0.038452 0.010986 -10.008569
12794 1444992652.584546 -0.049439 0.010986 -10.008569
12795 1444992652.594383 0.038452 0.010986 -9.920679
12796 1444992652.604594 0.038452 -0.076904 -10.008569
12797 1444992652.614596 0.038452 0.010986 -10.008569
12798 1444992652.624941 -0.049439 0.010986 -10.008569
12799 1444992652.635260 -0.049439 0.010986 -9.920679
12800 1444992652.645483 -0.049439 -0.076904 -10.008569
12801 1444992652.655675 0.038452 0.010986 -10.008569
12802 1444992652.665735 -0.049439 0.010986 -10.008569
12803 1444992652.675917 -0.049439 0.010986 -10.008569
12804 1444992652.682460 -0.049439 0.010986 -10.008569
12805 1444992652.692443 -0.049439 0.010986 -10.008569
12806 1444992652.706167 0.038452 0.010986 -10.008569
12807 1444992652.717359 -0.049439 0.010986 -10.008569
12808 1444992652.727194 -0.049439 0.010986 -10.008569
12809 1444992652.732611 0.038452 0.010986 -9.920679
12810 1444992652.748987 -0.049439 0.010986 -9.920679
12811 1444992652.754429 -0.049439 0.010986 -10.008569
12812 1444992652.764402 0.038452 0.010986 -10.008569
12813 1444992652.774618 0.038452 0.010986 -9.920679
12814 1444992652.784461 -0.049439 0.010986 -10.008569
12815 1444992652.794675 0.038452 0.010986 -10.008569
12816 1444992652.804897 0.038452 -0.076904 -9.920679
12817 1444992652.815042 0.038452 -0.076904 -10.008569
12818 1444992652.825274 0.038452 0.010986 -10.008569
12819 1444992652.835513 -0.049439 0.010986 -10.008569
12820 1444992652.845473 0.038452 0.010986 -10.008569
12821 1444992652.855832 -0.049439 0.010986 -10.008569
12822 1444992652.865808 0.038452 0.010986 -10.008569
12823 1444992652.875946 -0.049439 0.010986 -10.008569
12824 1444992652.882882 -0.049439 0.010986 -10.008569
12825 1444992652.892563 0.038452 0.010986 -10.008569
12826 1444992652.906296 -0.049439 0.010986 -10.008569
12827 1444992652.912506 -0.049439 0.010986 -10.008569
12828 1444992652.927821 0.038452 0.010986 -10.008569
12829 1444992652.937422 0.038452 0.010986 -10.008569
12830 1444992652.947582 -0.049439 0.010986 -9.920679
12831 1444992652.957683 0.038452 0.010986 -10.008569
12832 1444992652.967952 0.038452 0.010986 -9.920679
12833 1444992652.978144 -0.049439 0.010986 -10.008569
12834 1444992652.987955 0.038452 0.010986 -9.920679
12835 1444992652.998116 0.038452 0.010986 -10.008569
12836 1444992653.008054 0.038452 0.010986 -9.920679
12837 1444992653.018412 -0.049439 0.010986 -10.008569
12838 1444992653.028912 0.038452 0.010986 -10.008569
12839 1444992653.038836 -0.049439 0.010986 -10.008569
12840 1444992653.048979 0.038452 0.010986 -10.008569
12841 1444992653.059130 -0.049439 0.010986 -10.008569
12842 1444992653.069240 -0.049439 0.010986 -9.920679
12843 1444992653.079544 0.038452 0.010986 -10.008569
12844 1444992653.089557 -0.049439 0.010986 -10.008569
12845 1444992653.099663 -0.049439 0.010986 -10.008569
12846 1444992653.109637 -0.049439 0.010986 -10.008569
12847 1444992653.119963 -0.049439 0.010986 -9.920679
12848 1444992653.130063 0.038452 0.010986 -10.008569
12849 1444992653.140109 -0.049439 0.010986 -10.008569
12850 1444992653.150139 -0.049439 -0.076904 -10.008569
12851 1444992653.160222 0.038452 0.010986 -10.008569
12852 1444992653.170350 -0.049439 0.010986 -10.008569
12853 1444992653.177309 -0.049439 0.010986 -10.008569
12854 1444992653.187590 -0.049439 0.010986 -9.920679
12855 1444992653.201036 -0.049439 0.010986 -10.008569
12856 1444992653.212414 -0.049439 0.010986 -10.008569
12857 1444992653.222370 0.038452 0.010986 -10.008569
12858 1444992653.228216 0.038452 0.010986 -10.008569
12859 1444992653.238092 -0.049439 0.010986 -10.008569
12860 1444992653.248079 -0.049439 0.010986 -10.008569
12861 1444992653.258102 0.038452 0.010986 -10.008569
12862 1444992653.268137 -0.049439 0.010986 -10.008569
12863 1444992653.278341 0.038452 0.010986 -9.920679
12864 1444992653.288503 -0.049439 0.010986 -10.008569
12865 1444992653.298483 0.038452 -0.076904 -10.008569
12866 1444992653.308989 -0.049439 0.010986 -10.008569
12867 1444992653.319073 0.038452 0.010986 -10.008569
12868 1444992653.329011 -0.049439 0.010986 -10.008569
12869 1444992653.339237 0.038452 0.010986 -10.008569
12870 1444992653.349512 0.038452 0.010986 -10.008569
12871 1444992653.359701 -0.049439 0.010986 -10.008569
12872 1444992653.369853 0.038452 0.010986 -10.008569
12873 1444992653.379969 0.038452 0.010986 -10.008569
12874 1444992653.389989 0.038452 0.010986 -10.008569
12875 1444992653.400133 0.038452 0.010986 -10.008569
12876 1444992653.410268 0.038452 0.010986 -10.008569
12877 1444992653.420353 0.038452 -0.076904 -10.008569
12878 1444992653.430429 0.038452 0.010986 -9.920679
12879 1444992653.440603 -0.049439 0.010986 -10.008569
12880 1444992653.450769 0.038452 -0.076904 -10.008569
12881 1444992653.460812 -0.049439 0.010986 -10.008569
12882 1444992653.467470 -0.049439 0.010986 -10.008569
12883 1444992653.477556 0.038452 -0.076904 -10.008569
12884 1444992653.487587 0.038452 0.010986 -10.008569
12885 1444992653.497381 -0.049439 0.010986 -10.008569
12886 1444992653.507566 -0.049439 0.010986 -9.920679
12887 1444992653.522385 -0.049439 0.010986 -10.008569
12888 1444992653.530010 -0.049439 0.010986 -10.008569
12889 1444992653.542543 -0.049439 0.010986 -10.008569
12890 1444992653.552896 0.038452 -0.076904 -10.008569
12891 1444992653.563746 -0.049439 0.010986 -10.008569
12892 1444992653.573733 0.038452 0.010986 -10.008569
12893 1444992653.583072 -0.049439 0.010986 -10.008569
12894 1444992653.594142 -0.049439 0.010986 -10.008569
12895 1444992653.603911 -0.049439 0.010986 -10.008569
12896 1444992653.613796 -0.049439 0.010986 -10.008569
12897 1444992653.623850 -0.049439 0.010986 -10.008569
12898 1444992653.633885 -0.049439 -0.076904 -9.920679
12899 1444992653.644550 -0.049439 0.010986 -10.008569
12900 1444992653.654895 -0.049439 0.010986 -10.008569
12901 1444992653.664671 -0.049439 0.010986 -10.008569
12902 1444992653.674801 0.038452 0.010986 -10.008569
12903 1444992653.684797 -0.049439 0.010986 -10.008569
12904 1444992653.694971 -0.049439 0.010986 -10.008569
12905 1444992653.705065 0.038452 0.010986 -10.008569
12906 1444992653.715359 0.038452 0.010986 -9.920679
12907 1444992653.725435 0.038452 0.010986 -10.008569
12908 1444992653.735587 -0.049439 0.010986 -10.008569
12909 1444992653.745762 0.038452 0.010986 -10.008569
12910 1444992653.755891 -0.049439 0.010986 -10.008569
12911 1444992653.765968 0.038452 0.010986 -10.008569
12912 1444992653.776056 0.038452 0.010986 -10.008569
12913 1444992653.786357 0.038452 0.010986 -10.008569
12914 1444992653.796385 0.038452 0.010986 -10.008569
12915 1444992653.806442 -0.049439 0.010986 -10.008569
12916 1444992653.816544 0.038452 0.010986 -10.008569
12917 1444992653.822336 0.038452 0.010986 -10.008569
12918 1444992653.832643 -0.049439 0.010986 -10.008569
12919 1444992653.842541 0.038452 0.010986 -10.008569
12920 1444992653.853298 0.038452 0.010986 -10.008569
12921 1444992653.863164 0.038452 0.010986 -10.008569
12922 1444992653.873527 -0.049439 0.010986 -10.008569
12923 1444992653.883650 -0.049439 0.010986 -10.008569
12924 1444992653.893959 0.038452 -0.076904 -10.008569
12925 1444992653.904025 0.038452 0.010986 -10.008569
12926 1444992653.914069 0.038452 -0.076904 -10.008569
12927 1444992653.924246 -0.049439 0.010986 -10.008569
12928 1444992653.932540 0.038452 0.010986 -10.008569
12929 1444992653.944518 0.038452 0.010986 -10.008569
12930 1444992653.955030 0.038452 0.010986 -10.008569
12931 1444992653.965402 -0.049439 -0.076904 -10.008569
12932 1444992653.976960 0.038452 0.010986 -10.008569
12933 1444992653.987058 0.038452 0.010986 -10.008569
12934 1444992653.996298 0.038452 -0.076904 -10.008569
12935 1444992654.007454 -0.049439 0.010986 -10.008569
12936 1444992654.016352 0.038452 0.010986 -10.008569
12937 1444992654.027243 0.038452 -0.076904 -10.008569
12938 1444992654.033127 -0.049439 0.010986 -10.008569
12939 1444992654.043053 0.038452 0.010986 -10.008569
12940 1444992654.053135 -0.049439 0.010986 -10.008569
12941 1444992654.063190 0.038452 0.010986 -10.008569
12942 1444992654.073314 0.038452 0.010986 -10.008569
12943 1444992654.083551 0.038452 0.010986 -10.008569
12944 1444992654.093551 0.038452 0.010986 -9.920679
12945 1444992654.103827 0.038452 -0.076904 -10.008569
12946 1444992654.113631 -0.049439 0.010986 -10.008569
12947 1444992654.123935 0.038452 0.010986 -10.008569
12948 1444992654.133759 0.038452 0.010986 -10.008569
12949 1444992654.144120 0.038452 0.010986 -10.008569
12950 1444992654.154168 0.038452 0.010986 -10.008569
12951 1444992654.164283 0.038452 0.010986 -10.008569
12952 1444992654.174537 0.038452 0.010986 -10.008569
12953 1444992654.184588 0.038452 0.010986 -10.008569
12954 1444992654.194679 0.038452 -0.076904 -10.008569
12955 1444992654.204809 0.038452 -0.076904 -9.920679
12956 1444992654.214946 0.038452 0.010986 -10.008569
12957 1444992654.225120 -0.049439 0.010986 -9.920679
12958 1444992654.235089 0.038452 0.010986 -10.008569
12959 1444992654.245288 0.038452 0.010986 -10.008569
12960 1444992654.255507 0.038452 0.010986 -10.008569
12961 1444992654.265524 0.038452 0.010986 -10.008569
12962 1444992654.275682 0.038452 -0.076904 -10.008569
12963 1444992654.283355 0.038452 0.010986 -10.008569
12964 1444992654.292467 0.038452 -0.076904 -10.008569
12965 1444992654.305847 -0.049439 -0.076904 -10.008569
12966 1444992654.312313 0.038452 0.010986 -10.008569
12967 1444992654.329215 0.038452 0.010986 -10.008569
12968 1444992654.337377 0.038452 0.010986 -9.920679
12969 1444992654.342437 -0.049439 0.010986 -10.008569
12970 1444992654.352723 -0.049439 -0.076904 -10.008569
12971 1444992654.367467 0.038452 0.010986 -10.008569
12972 1444992654.378747 -0.049439 0.010986 -10.008569
12973 1444992654.388633 -0.049439 0.010986 -10.008569
12974 1444992654.398164 -0.049439 0.010986 -10.008569
12975 1444992654.409088 0.038452 -0.076904 -10.008569
12976 1444992654.419587 0.038452 0.010986 -10.008569
12977 1444992654.430001 -0.049439 0.010986 -10.008569
12978 1444992654.439807 0.038452 0.010986 -10.008569
12979 1444992654.449088 0.038452 0.010986 -10.008569
12980 1444992654.459474 -0.049439 0.010986 -9.920679
12981 1444992654.469477 0.038452 0.010986 -9.920679
12982 1444992654.479566 0.038452 0.010986 -10.008569
12983 1444992654.489933 -0.049439 0.010986 -10.008569
12984 1444992654.500069 -0.049439 0.010986 -10.008569
12985 1444992654.510157 0.038452 0.010986 -9.920679
12986 1444992654.520391 -0.049439 -0.076904 -10.008569
12987 1444992654.530493 -0.049439 0.010986 -10.008569
12988 1444992654.540687 0.038452 0.010986 -10.008569
12989 1444992654.550732 0.038452 0.010986 -9.920679
12990 1444992654.560853 0.038452 0.010986 -10.008569
12991 1444992654.570976 0.038452 -0.076904 -10.008569
12992 1444992654.577482 0.038452 0.010986 -10.008569
12993 1444992654.587914 0.038452 0.010986 -10.008569
12994 1444992654.597482 0.038452 0.010986 -10.008569
12995 1444992654.607452 -0.049439 0.010986 -10.008569
12996 1444992654.617506 0.038452 0.010986 -10.008569
12997 1444992654.627913 0.038452 -0.076904 -10.008569
12998 1444992654.637931 0.038452 0.010986 -10.008569
12999 1444992654.648061 0.038452 0.010986 -9.920679
13000 1444992654.658149 0.038452 0.010986 -10.008569
13001 1444992654.668230 0.038452 0.010986 -10.008569
13002 1444992654.678517 0.038452 0.010986 -9.920679
13003 1444992654.688510 0.038452 0.010986 -10.008569
13004 1444992654.698506 0.038452 0.010986 -10.008569
13005 1444992654.708619 0.038452 0.010986 -10.008569
13006 1444992654.718700 -0.049439 0.010986 -10.008569
13007 1444992654.729124 0.038452 0.010986 -9.920679
13008 1444992654.738725 -0.049439 0.010986 -10.008569
13009 1444992654.749050 0.038452 0.010986 -10.008569
13010 1444992654.759176 0.038452 -0.076904 -10.008569
13011 1444992654.769228 0.038452 0.010986 -10.008569
13012 1444992654.779348 -0.049439 0.010986 -9.920679
13013 1444992654.789470 0.038452 -0.076904 -9.920679
13014 1444992654.799655 0.038452 0.010986 -10.008569
13015 1444992654.809827 -0.049439 0.010986 -9.920679
13016 1444992654.819833 -0.049439 0.010986 -9.920679
13017 1444992654.829815 0.038452 0.010986 -9.920679
13018 1444992654.837635 0.038452 0.010986 -9.920679
13019 1444992654.850522 -0.049439 0.010986 -9.920679
13020 1444992654.860761 0.038452 0.010986 -9.920679
13021 1444992654.870783 -0.049439 0.010986 -9.920679
13022 1444992654.878422 0.038452 0.010986 -9.920679
13023 1444992654.888755 0.038452 0.010986 -9.920679
13024 1444992654.902548 -0.049439 0.010986 -9.920679
13025 1444992654.912908 0.038452 0.010986 -9.920679
13026 1444992654.922580 0.038452 0.010986 -9.920679
13027 1444992654.932982 0.038452 -0.076904 -9.920679
13028 1444992654.942745 -0.049439 -0.076904 -9.832788
13029 1444992654.953028 0.038452 -0.076904 -9.832788
13030 1444992654.962891 -0.049439 -0.076904 -9.744897
13031 1444992654.973064 -0.049439 -0.076904 -9.744897
13032 1444992654.983781 -0.049439 -0.076904 -9.744897
13033 1444992654.993380 -0.049439 -0.076904 -9.657006
13034 1444992655.003442 -0.049439 -0.076904 -9.569115
13035 1444992655.013558 -0.049439 -0.076904 -9.481224
13036 1444992655.023746 -0.049439 0.010986 -9.481224
13037 1444992655.033841 -0.049439 -0.076904 -9.393333
13038 1444992655.044007 -0.049439 0.010986 -9.305443
13039 1444992655.054131 -0.049439 0.010986 -9.305443
13040 1444992655.064355 -0.049439 0.010986 -9.217552
13041 1444992655.074590 -0.049439 -0.076904 -9.129661
13042 1444992655.084820 -0.049439 0.010986 -9.04177
13043 1444992655.094836 0.038452 0.010986 -9.04177
13044 1444992655.104980 0.038452 0.010986 -8.953879
13045 1444992655.115004 0.038452 0.010986 -8.865988
13046 1444992655.125157 0.038452 0.010986 -8.778098
13047 1444992655.128114 0.038452 0.010986 -8.778098
13048 1444992655.137512 0.038452 0.010986 -8.690207
13049 1444992655.150509 0.038452 0.010986 -8.690207
13050 1444992655.160628 0.038452 0.010986 -8.602316
13051 1444992655.170898 0.038452 0.010986 -8.514425
13052 1444992655.177980 0.038452 0.010986 -8.514425
13053 1444992655.187931 0.038452 0.098877 -8.426534
13054 1444992655.201193 0.038452 0.010986 -8.338643
13055 1444992655.211402 0.038452 0.010986 -8.338643
13056 1444992655.217749 0.038452 0.098877 -8.250753
13057 1444992655.232389 0.038452 0.098877 -8.162862
13058 1444992655.242329 0.038452 0.010986 -8.162862
13059 1444992655.252542 0.038452 0.010986 -8.074971
13060 1444992655.262627 0.038452 0.098877 -8.074971
13061 1444992655.272590 0.038452 0.010986 -7.98708
13062 1444992655.282760 0.038452 0.010986 -7.98708
13063 1444992655.292764 0.038452 0.010986 -7.899189
13064 1444992655.303016 0.038452 0.010986 -7.899189
13065 1444992655.313153 0.038452 0.010986 -7.811298
13066 1444992655.323158 0.038452 0.010986 -7.811298
13067 1444992655.333382 0.038452 0.010986 -7.811298
13068 1444992655.343781 0.038452 0.010986 -7.723408
13069 1444992655.353959 -0.049439 0.010986 -7.723408
13070 1444992655.364163 0.038452 0.010986 -7.635517
13071 1444992655.374180 -0.049439 0.010986 -7.635517
13072 1444992655.384363 -0.049439 0.010986 -7.547626
13073 1444992655.394461 -0.049439 0.010986 -7.547626
13074 1444992655.404435 0.038452 0.010986 -7.459735
13075 1444992655.414626 0.038452 0.010986 -7.371844
13076 1444992655.425820 0.038452 0.010986 -7.371844
13077 1444992655.437434 0.038452 0.010986 -7.283953
13078 1444992655.445793 0.038452 0.010986 -7.196062
13079 1444992655.455813 0.038452 0.010986 -7.196062
13080 1444992655.465531 0.038452 0.010986 -7.108172
13081 1444992655.477673 0.038452 0.010986 -7.020281
13082 1444992655.487572 0.038452 0.010986 -6.93239
13083 1444992655.492893 0.038452 0.010986 -6.93239
13084 1444992655.502598 0.038452 0.010986 -6.844499
13085 1444992655.512634 0.038452 0.010986 -6.844499
13086 1444992655.528249 0.038452 0.098877 -6.756608
13087 1444992655.533416 0.038452 0.098877 -6.668717
13088 1444992655.548399 0.038452 0.010986 -6.580827
13089 1444992655.558433 0.038452 0.098877 -6.492936
13090 1444992655.568597 0.038452 0.010986 -6.405045
13091 1444992655.573755 0.038452 0.010986 -6.405045
13092 1444992655.583760 0.038452 0.010986 -6.317154
13093 1444992655.593771 0.038452 0.010986 -6.229263
13094 1444992655.603946 0.038452 0.010986 -6.141372
13095 1444992655.614098 0.038452 0.010986 -6.053482
13096 1444992655.624190 0.038452 0.010986 -6.053482
13097 1444992655.634244 0.038452 0.010986 -5.965591
13098 1444992655.644452 0.038452 0.010986 -5.8777
13099 1444992655.654819 0.038452 0.010986 -5.789809
13100 1444992655.665060 0.038452 0.010986 -5.701918
13101 1444992655.678110 0.038452 0.010986 -5.614027
13102 1444992655.688020 0.038452 0.010986 -5.526137
13103 1444992655.695611 0.038452 0.010986 -5.438246
13104 1444992655.705590 0.038452 0.010986 -5.350355
13105 1444992655.715686 -0.049439 0.010986 -5.262464
13106 1444992655.729251 0.038452 0.010986 -5.174573
13107 1444992655.738638 -0.049439 0.010986 -4.998792
13108 1444992655.747596 0.038452 0.010986 -4.998792
13109 1444992655.757795 -0.049439 0.010986 -4.910901
13110 1444992655.768034 0.038452 0.010986 -4.735119
13111 1444992655.778702 -0.049439 0.010986 -4.735119
13112 1444992655.788596 0.038452 0.010986 -4.553844
13113 1444992655.798389 -0.049439 0.010986 -4.465953
13114 1444992655.808450 -0.049439 0.010986 -4.378062
13115 1444992655.818550 0.038452 0.010986 -4.290172
13116 1444992655.829190 -0.049439 0.010986 -4.202281
13117 1444992655.838570 -0.049439 0.010986 -4.11439
13118 1444992655.848719 -0.049439 0.010986 -4.026499
13119 1444992655.858926 -0.049439 0.010986 -3.850717
13120 1444992655.869102 0.038452 0.010986 -3.762827
13121 1444992655.879157 0.038452 0.010986 -3.674936
13122 1444992655.889346 -0.049439 -0.076904 -3.587045
13123 1444992655.899576 -0.049439 -0.076904 -3.411263
13124 1444992655.909704 -0.049439 0.010986 -3.323372
13125 1444992655.919818 -0.049439 0.010986 -3.235482
13126 1444992655.929891 -0.049439 0.010986 -3.0597
13127 1444992655.940029 -0.049439 0.010986 -2.971809
13128 1444992655.950122 -0.049439 0.010986 -2.883918
13129 1444992655.960290 -0.049439 0.010986 -2.708136
13130 1444992655.970377 -0.049439 0.010986 -2.620246
13131 1444992655.980601 0.038452 0.010986 -2.444464
13132 1444992655.987480 -0.049439 0.010986 -2.356573
13133 1444992656.000835 -0.049439 0.010986 -2.268682
13134 1444992656.010948 -0.049439 0.010986 -2.180791
13135 1444992656.021120 -0.049439 0.010986 -2.00501
13136 1444992656.027818 0.038452 0.010986 -1.917119
13137 1444992656.037601 -0.049439 0.010986 -1.829228
13138 1444992656.047485 0.038452 0.010986 -1.741337
13139 1444992656.057357 0.038452 0.010986 -1.565556
13140 1444992656.067475 -0.049439 0.010986 -1.477665
13141 1444992656.077837 -0.049439 0.010986 -1.389774
13142 1444992656.088050 0.038452 0.010986 -1.213992
13143 1444992656.097873 -0.049439 0.010986 -1.126101
13144 1444992656.108027 -0.049439 0.010986 -1.038211
13145 1444992656.118067 -0.049439 -0.076904 -0.862429
13146 1444992656.129891 -0.049439 0.010986 -0.774538
13147 1444992656.138602 -0.049439 0.010986 -0.686647
13148 1444992656.148453 -0.049439 0.010986 -0.598756
13149 1444992656.158603 -0.049439 0.010986 -0.422975
13150 1444992656.168705 -0.049439 -0.076904 -0.335084
13151 1444992656.179033 -0.049439 0.010986 -0.159302
13152 1444992656.189136 0.038452 0.010986 -0.071411
13153 1444992656.199153 -0.049439 0.010986 0.01648
13154 1444992656.209351 -0.049439 0.010986 0.10437
13155 1444992656.219319 -0.049439 0.010986 0.280152
13156 1444992656.229408 -0.049439 0.010986 0.368043
13157 1444992656.239515 0.038452 0.010986 0.543825
13158 1444992656.249595 0.038452 0.010986 0.631715
13159 1444992656.259705 -0.049439 0.010986 0.719606
13160 1444992656.269754 -0.049439 0.010986 0.895388
13161 1444992656.282447 0.038452 0.010986 1.07117
13162 1444992656.289952 0.038452 0.010986 1.15906
13163 1444992656.300012 -0.049439 0.010986 1.246951
13164 1444992656.310604 -0.049439 0.010986 1.334842
13165 1444992656.321251 -0.049439 0.010986 1.510624
13166 1444992656.329341 0.038452 0.010986 1.598515
13167 1444992656.339155 -0.049439 0.010986 1.774296
13168 1444992656.352531 -0.049439 0.010986 1.950078
13169 1444992656.362700 0.038452 0.010986 2.037969
13170 1444992656.372870 -0.049439 0.010986 2.213751
13171 1444992656.383115 0.038452 0.010986 2.301641
13172 1444992656.393480 -0.049439 0.010986 2.477423
13173 1444992656.403758 -0.049439 0.010986 2.565314
13174 1444992656.413674 -0.049439 0.010986 2.741096
13175 1444992656.423733 -0.049439 -0.076904 2.916877
13176 1444992656.433812 -0.049439 -0.076904 3.092659
13177 1444992656.444056 -0.049439 -0.076904 3.18055
13178 1444992656.454215 -0.049439 -0.076904 3.268441
13179 1444992656.459620 -0.049439 -0.076904 3.356331
13180 1444992656.469677 -0.049439 0.010986 3.532113
13181 1444992656.479856 -0.049439 -0.076904 3.707895
13182 1444992656.489812 -0.049439 0.010986 3.795786
13183 1444992656.499999 -0.049439 0.010986 3.971567
13184 1444992656.510181 -0.049439 0.010986 4.147349
13185 1444992656.520184 -0.049439 0.010986 4.323131
13186 1444992656.530266 -0.049439 0.010986 4.411022
13187 1444992656.540336 0.038452 0.010986 4.586803
13188 1444992656.550463 -0.049439 0.010986 4.762585
13189 1444992656.560585 -0.049439 0.010986 4.938367
13190 1444992656.570663 -0.049439 0.010986 5.026257
13191 1444992656.580750 0.038452 0.010986 5.202039
13192 1444992656.590853 -0.049439 0.010986 5.377821
13193 1444992656.600978 -0.049439 0.010986 5.553602
13194 1444992656.611095 0.038452 0.010986 5.641493
13195 1444992656.621203 -0.049439 0.010986 5.817275
13196 1444992656.632316 0.038452 0.010986 6.080947
13197 1444992656.642456 0.038452 0.010986 6.256729
13198 1444992656.652505 -0.049439 -0.076904 6.432511
13199 1444992656.662788 -0.049439 -0.076904 6.520402
13200 1444992656.673316 -0.049439 -0.076904 6.696183
13201 1444992656.682821 -0.049439 0.010986 6.871965
13202 1444992656.693763 -0.049439 -0.076904 7.047747
13203 1444992656.704424 -0.049439 0.010986 7.223528
13204 1444992656.714297 -0.049439 -0.076904 7.311419
13205 1444992656.724055 -0.049439 -0.076904 7.487201
13206 1444992656.734690 -0.049439 0.010986 7.662983
13207 1444992656.744962 -0.049439 0.010986 7.838764
13208 1444992656.755239 -0.049439 0.010986 8.014546
13209 1444992656.765385 -0.049439 0.010986 8.102437
13210 1444992656.775598 -0.049439 0.010986 8.278218
13211 1444992656.782496 0.038452 0.010986 8.454
13212 1444992656.795698 0.038452 0.010986 8.541891
13213 1444992656.802383 0.038452 0.010986 8.717673
13214 1444992656.812729 -0.049439 0.010986 8.893454
13215 1444992656.822771 -0.049439 0.010986 8.981345
13216 1444992656.833029 -0.049439 0.010986 9.157127
13217 1444992656.842773 -0.049439 0.010986 9.332909
13218 1444992656.853022 -0.049439 0.010986 9.420799
13219 1444992656.863046 -0.049439 0.010986 9.596581
13220 1444992656.872893 -0.049439 -0.076904 9.772363
13221 1444992656.883257 -0.049439 -0.076904 9.948144
13222 1444992656.893020 -0.049439 -0.076904 10.036035
13223 1444992656.903142 -0.049439 -0.076904 10.211817
13224 1444992656.913240 -0.049439 -0.076904 10.387599
13225 1444992656.923389 -0.049439 0.010986 10.56338
13226 1444992656.933649 -0.049439 -0.076904 10.651271
13227 1444992656.943699 -0.049439 -0.076904 10.827053
13228 1444992656.953763 -0.049439 0.010986 11.002834
13229 1444992656.963969 -0.049439 0.010986 11.178616
13230 1444992656.974113 -0.049439 -0.076904 11.354398
13231 1444992656.983961 -0.049439 0.010986 11.442289
13232 1444992656.994167 -0.049439 0.010986 11.61807
13233 1444992657.004426 0.038452 0.010986 11.793852
13234 1444992657.014442 -0.049439 0.010986 11.969634
13235 1444992657.024457 -0.049439 0.010986 12.145415
13236 1444992657.034679 -0.049439 0.010986 12.321197
13237 1444992657.044822 -0.049439 0.010986 12.409088
13238 1444992657.054852 -0.049439 0.010986 12.58487
13239 1444992657.064936 -0.049439 0.010986 12.760651
13240 1444992657.075080 0.038452 0.010986 12.936433
13241 1444992657.087616 -0.049439 0.010986 13.200105
13242 1444992657.095187 -0.049439 0.010986 13.200105
13243 1444992657.105162 -0.049439 0.010986 13.375887
13244 1444992657.116331 -0.049439 0.010986 13.63956
13245 1444992657.128391 -0.049439 0.010986 13.815341
13246 1444992657.138124 -0.049439 0.010986 13.991123
13247 1444992657.148151 -0.049439 -0.076904 14.166905
13248 1444992657.157920 -0.049439 -0.076904 14.342686
13249 1444992657.167952 -0.049439 0.010986 14.518468
13250 1444992657.178145 -0.049439 0.010986 14.69425
13251 1444992657.188848 -0.049439 -0.076904 14.870031
13252 1444992657.198321 -0.049439 0.010986 15.045813
13253 1444992657.208311 -0.049439 0.010986 15.221595
13254 1444992657.218380 -0.049439 0.010986 15.397376
13255 1444992657.228832 -0.049439 0.010986 15.573158
13256 1444992657.239033 -0.049439 0.010986 15.74894
13257 1444992657.249082 -0.049439 0.010986 15.924721
13258 1444992657.259186 -0.049439 0.010986 16.100503
13259 1444992657.269236 -0.049439 0.010986 16.276285
13260 1444992657.279148 -0.049439 0.010986 16.452067
13261 1444992657.289272 -0.049439 0.010986 16.539957
13262 1444992657.299476 -0.049439 0.010986 16.80363
13263 1444992657.309488 -0.049439 0.010986 16.891521
13264 1444992657.319580 -0.049439 0.010986 17.067302
13265 1444992657.329805 -0.049439 0.010986 17.243084
13266 1444992657.339943 -0.049439 0.010986 17.418866
13267 1444992657.346811 -0.049439 0.010986 17.594647
13268 1444992657.358569 -0.049439 -0.076904 17.770429
13269 1444992657.365672 -0.049439 -0.076904 17.863813
13270 1444992657.375504 -0.049439 0.010986 18.039595
13271 1444992657.385802 -0.049439 0.010986 18.215377
13272 1444992657.395970 -0.049439 0.010986 18.303267
13273 1444992657.406191 -0.049439 -0.076904 18.479049
13274 1444992657.416204 -0.049439 0.010986 18.654831
13275 1444992657.428616 -0.049439 0.010986 18.918503
13276 1444992657.438843 -0.049439 0.010986 19.094285
13277 1444992657.447540 -0.049439 0.010986 19.270067
13278 1444992657.457566 -0.049439 0.010986 19.357957
13279 1444992657.467614 -0.049439 0.010986 19.533739
13280 1444992657.478537 -0.049439 0.010986 19.709521
13281 1444992657.488257 -0.049439 0.010986 19.885302
13282 1444992657.498756 -0.049439 0.010986 20.061084
13283 1444992657.508810 -0.049439 0.010986 20.148975
13284 1444992657.518764 -0.049439 0.010986 20.412647
13285 1444992657.530913 -0.049439 0.010986 20.500538
13286 1444992657.539325 -0.049439 0.010986 20.67632
13287 1444992657.549693 -0.049439 0.010986 20.852102
13288 1444992657.559037 -0.049439 0.010986 21.027883
13289 1444992657.568946 -0.049439 0.010986 21.115774
13290 1444992657.579349 -0.049439 -0.076904 21.291556
13291 1444992657.589492 -0.049439 -0.076904 21.467338
13292 1444992657.599176 -0.049439 -0.076904 21.643119
13293 1444992657.610056 -0.049439 0.010986 21.818901
13294 1444992657.619838 -0.049439 0.010986 21.906792
13295 1444992657.630104 -0.049439 0.010986 22.082573
13296 1444992657.639846 -0.049439 0.010986 22.258355
13297 1444992657.650157 -0.049439 0.010986 22.434137
13298 1444992657.660288 0.038452 0.010986 22.609918
13299 1444992657.670459 -0.049439 0.010986 22.7857
13300 1444992657.680598 -0.049439 0.010986 22.961482
13301 1444992657.690707 -0.049439 0.010986 23.049373
13302 1444992657.700827 -0.049439 0.010986 23.225154
13303 1444992657.710950 -0.049439 0.010986 23.400936
13304 1444992657.721083 -0.049439 0.010986 23.576718
13305 1444992657.729113 -0.049439 0.010986 23.664609
13306 1444992657.738535 -0.049439 0.010986 23.84039
13307 1444992657.752423 -0.049439 0.010986 24.104063
13308 1444992657.757568 -0.049439 0.010986 24.191954
13309 1444992657.772561 -0.049439 0.010986 24.367735
13310 1444992657.778131 -0.049439 -0.076904 24.455626
13311 1444992657.792522 -0.049439 0.010986 24.807189
13312 1444992657.798584 -0.049439 0.010986 24.807189
13313 1444992657.812906 -0.049439 0.010986 24.982971
13314 1444992657.823001 -0.049439 -0.076904 25.158753
13315 1444992657.832859 -0.049439 0.010986 25.334535
13316 1444992657.843034 -0.049439 0.010986 25.510316
13317 1444992657.848989 -0.049439 0.010986 25.598207
13318 1444992657.858522 -0.049439 0.010986 25.773989
13319 1444992657.869049 -0.049439 0.010986 25.94977
13320 1444992657.883399 -0.049439 0.010986 26.125552
13321 1444992657.889848 -0.049439 0.010986 26.213443
13322 1444992657.899550 0.038452 0.010986 26.389225
13323 1444992657.909351 -0.049439 0.010986 26.565006
13324 1444992657.919440 -0.049439 0.010986 26.740788
13325 1444992657.930340 -0.049439 0.010986 26.828679
13326 1444992657.939968 -0.049439 0.010986 27.00446
13327 1444992657.949872 -0.049439 0.010986 27.180242
13328 1444992657.960007 -0.049439 0.010986 27.356024
13329 1444992657.970092 -0.049439 0.010986 27.531805
13330 1444992657.982825 -0.049439 0.010986 27.707587
13331 1444992657.990440 -0.049439 0.010986 27.795478
13332 1444992658.000517 -0.049439 0.010986 27.97126
13333 1444992658.010806 0.038452 0.010986 28.059151
13334 1444992658.020773 0.038452 0.010986 28.234932
13335 1444992658.032458 -0.049439 -0.076904 28.498605
13336 1444992658.042590 -0.049439 -0.076904 28.586496
13337 1444992658.052574 -0.049439 -0.076904 28.762277
13338 1444992658.062785 -0.049439 -0.076904 28.850168
13339 1444992658.072729 -0.049439 -0.076904 29.02595
13340 1444992658.083310 -0.049439 0.010986 29.113841
13341 1444992658.093122 0.038452 0.010986 29.289622
13342 1444992658.103146 0.038452 0.010986 29.465404
13343 1444992658.113215 0.038452 0.010986 29.553295
13344 1444992658.123486 0.038452 0.010986 29.729076
13345 1444992658.134126 -0.049439 -0.076904 29.816967
13346 1444992658.144309 0.038452 0.010986 29.992749
13347 1444992658.154369 -0.049439 0.010986 30.168531
13348 1444992658.164548 -0.049439 0.010986 30.256422
13349 1444992658.174396 0.038452 0.010986 30.432203
13350 1444992658.184673 -0.049439 0.010986 30.520094
13351 1444992658.194956 -0.049439 0.010986 30.695876
13352 1444992658.205134 -0.049439 0.010986 30.783767
13353 1444992658.215222 -0.049439 0.010986 30.959548
13354 1444992658.225485 -0.049439 0.010986 31.047439
13355 1444992658.232360 0.038452 0.010986 31.13533
13356 1444992658.245591 -0.049439 0.010986 31.311112
13357 1444992658.255614 0.038452 0.010986 31.486893
13358 1444992658.265735 -0.049439 -0.076904 31.574784
13359 1444992658.275899 -0.049439 0.010986 31.750566
13360 1444992658.282831 -0.049439 -0.076904 31.838457
13361 1444992658.296062 -0.049439 0.010986 32.014238
13362 1444992658.302377 -0.049439 0.010986 32.102129
13363 1444992658.312575 -0.049439 0.010986 32.277911
13364 1444992658.322353 -0.049439 -0.076904 32.365802
13365 1444992658.329349 -0.049439 0.010986 32.453693
13366 1444992658.342655 -0.049439 0.010986 32.629474
13367 1444992658.352902 -0.049439 0.010986 32.717365
13368 1444992658.363078 -0.049439 0.010986 32.893147
13369 1444992658.373287 0.038452 0.010986 32.981038
13370 1444992658.384960 -0.049439 0.010986 33.068928
13371 1444992658.394687 -0.049439 0.010986 33.24471
13372 1444992658.404465 -0.049439 0.010986 33.420492
13373 1444992658.414284 -0.049439 0.010986 33.508383
13374 1444992658.423816 -0.049439 0.010986 33.596273
13375 1444992658.434439 -0.049439 0.010986 33.772055
13376 1444992658.444936 -0.049439 0.010986 33.859946
13377 1444992658.455331 -0.049439 0.010986 34.035728
13378 1444992658.464835 -0.049439 0.010986 34.123618
13379 1444992658.474351 -0.049439 0.010986 34.211509
13380 1444992658.485445 -0.049439 0.010986 34.387291
13381 1444992658.494428 -0.049439 0.010986 34.475182
13382 1444992658.505481 -0.049439 -0.076904 34.563073
13383 1444992658.514997 -0.049439 0.010986 34.738854
13384 1444992658.525306 -0.049439 0.010986 34.826745
13385 1444992658.537784 -0.049439 0.010986 35.002527
13386 1444992658.546159 -0.049439 0.010986 35.090418
13387 1444992658.552309 -0.049439 -0.076904 35.178309
13388 1444992658.567431 -0.049439 0.010986 35.35409
13389 1444992658.577954 -0.049439 0.010986 35.441981
13390 1444992658.587636 -0.049439 -0.076904 35.529872
13391 1444992658.597942 -0.049439 0.010986 35.617763
13392 1444992658.607837 -0.049439 -0.076904 35.793544
13393 1444992658.617913 -0.049439 0.010986 35.881435
13394 1444992658.628431 -0.049439 0.010986 35.969326
13395 1444992658.638562 -0.049439 0.010986 36.057217
13396 1444992658.648288 -0.049439 -0.076904 36.145108
13397 1444992658.658580 -0.049439 0.010986 36.232999
13398 1444992658.668613 -0.049439 0.010986 36.40878
13399 1444992658.678960 -0.049439 0.010986 36.496671
13400 1444992658.688786 0.038452 0.010986 36.584562
13401 1444992658.698821 -0.049439 0.010986 36.672453
13402 1444992658.708960 -0.049439 0.010986 36.760344
13403 1444992658.719000 -0.049439 0.010986 36.848234
13404 1444992658.727436 -0.049439 0.010986 37.024016
13405 1444992658.739014 -0.049439 0.010986 37.111907
13406 1444992658.749296 -0.049439 0.010986 37.199798
13407 1444992658.759513 0.038452 0.010986 37.287689
13408 1444992658.769635 -0.049439 0.010986 37.37558
13409 1444992658.777738 -0.049439 0.010986 37.46347
13410 1444992658.787414 -0.049439 0.010986 37.551361
13411 1444992658.795327 0.038452 0.010986 37.639252
13412 1444992658.807365 0.038452 0.010986 37.727143
13413 1444992658.815361 0.038452 0.010986 37.815034
13414 1444992658.827915 0.038452 0.010986 37.902925
13415 1444992658.838143 0.038452 0.010986 37.990815
13416 1444992658.845787 0.038452 -0.076904 37.990815
13417 1444992658.857670 0.038452 0.010986 38.166597
13418 1444992658.867752 0.038452 -0.076904 38.254488
13419 1444992658.878361 0.038452 0.010986 38.342379
13420 1444992658.888421 0.038452 0.010986 38.51816
13421 1444992658.896337 0.038452 0.010986 38.51816
13422 1444992658.908424 -0.049439 -0.076904 38.606051
13423 1444992658.918473 0.038452 -0.076904 38.693942
13424 1444992658.928699 -0.049439 -0.076904 38.781833
13425 1444992658.938414 -0.049439 -0.076904 38.869724
13426 1444992658.948375 0.038452 -0.076904 38.957615
13427 1444992658.958847 0.038452 0.010986 39.045505
13428 1444992658.968418 0.038452 -0.076904 39.133396
13429 1444992658.979192 -0.049439 0.010986 39.221287
13430 1444992658.989195 -0.049439 -0.076904 39.221287
13431 1444992658.999328 0.038452 0.010986 39.309178
13432 1444992659.009353 0.038452 0.010986 39.397069
13433 1444992659.019620 0.038452 0.010986 39.48496
13434 1444992659.029664 0.038452 0.010986 39.572851
13435 1444992659.039890 0.038452 0.010986 39.660741
13436 1444992659.050001 0.038452 0.010986 39.660741
13437 1444992659.060427 0.038452 0.010986 39.748632
13438 1444992659.070489 0.038452 0.010986 39.836523
13439 1444992659.080586 0.038452 0.010986 39.836523
13440 1444992659.090969 0.038452 0.010986 39.924414
13441 1444992659.101086 0.038452 0.010986 40.012305
13442 1444992659.111194 0.038452 0.010986 40.100196
13443 1444992659.121319 0.038452 0.010986 40.100196
13444 1444992659.127887 0.038452 0.010986 40.188086
13445 1444992659.137498 0.038452 0.010986 40.275977
13446 1444992659.151677 0.038452 0.010986 40.369361
13447 1444992659.157703 0.038452 0.010986 40.369361
13448 1444992659.168049 0.038452 0.010986 40.457252
13449 1444992659.182349 0.038452 0.010986 40.545143
13450 1444992659.192368 0.038452 -0.076904 40.633034
13451 1444992659.198420 0.038452 0.010986 40.633034
13452 1444992659.208021 -0.049439 0.010986 40.720925
13453 1444992659.218349 0.038452 0.010986 40.720925
13454 1444992659.228831 0.038452 -0.076904 40.808815
13455 1444992659.239799 0.038452 -0.076904 40.896706
13456 1444992659.248695 0.038452 0.010986 40.896706
13457 1444992659.258704 0.038452 0.010986 40.984597
13458 1444992659.268962 0.038452 0.010986 40.984597
13459 1444992659.279217 0.038452 0.010986 41.072488
13460 1444992659.289243 0.038452 0.010986 41.072488
13461 1444992659.299351 0.038452 0.010986 41.160379
13462 1444992659.310324 0.038452 0.010986 41.160379
13463 1444992659.319578 0.038452 0.010986 41.24827
13464 1444992659.330409 0.038452 0.010986 41.24827
13465 1444992659.340380 0.038452 0.010986 41.33616
13466 1444992659.349989 0.038452 0.010986 41.424051
13467 1444992659.360662 0.038452 0.010986 41.424051
13468 1444992659.370845 0.038452 0.010986 41.511942
13469 1444992659.378148 0.038452 0.010986 41.599833
13470 1444992659.388032 0.038452 0.010986 41.599833
13471 1444992659.402336 0.038452 -0.076904 41.687724
13472 1444992659.407741 -0.049439 0.010986 41.687724
13473 1444992659.417751 0.038452 -0.076904 41.687724
13474 1444992659.432795 0.038452 -0.076904 41.687724
13475 1444992659.442808 0.038452 0.010986 41.775615
13476 1444992659.453117 -0.049439 0.010986 41.775615
13477 1444992659.462893 0.038452 0.010986 41.863506
13478 1444992659.473043 0.038452 -0.076904 41.863506
13479 1444992659.483321 0.038452 -0.076904 41.951396
13480 1444992659.493124 0.038452 0.010986 41.951396
13481 1444992659.503240 0.038452 0.010986 42.039287
13482 1444992659.513646 0.038452 0.010986 42.127178
13483 1444992659.523738 0.038452 0.010986 42.127178
13484 1444992659.533499 0.038452 0.010986 42.127178
13485 1444992659.543835 0.038452 0.010986 42.215069
13486 1444992659.553904 0.038452 0.010986 42.215069
13487 1444992659.564073 0.038452 -0.076904 42.30296
13488 1444992659.574279 0.038452 0.010986 42.30296
13489 1444992659.584722 0.038452 0.010986 42.30296
13490 1444992659.594354 0.038452 0.010986 42.390851
13491 1444992659.604656 0.038452 -0.076904 42.390851
13492 1444992659.614742 0.038452 0.010986 42.478741
13493 1444992659.624893 0.038452 -0.076904 42.478741
13494 1444992659.634929 0.038452 -0.076904 42.478741
13495 1444992659.645023 0.038452 -0.076904 42.478741
13496 1444992659.655084 0.038452 -0.076904 42.566632
13497 1444992659.665177 0.038452 -0.076904 42.566632
13498 1444992659.675474 0.038452 -0.076904 42.566632
13499 1444992659.685492 0.038452 -0.076904 42.654523
13500 1444992659.695536 0.038452 0.010986 42.654523
13501 1444992659.705725 0.038452 0.010986 42.654523
13502 1444992659.715824 0.038452 -0.076904 42.742414
13503 1444992659.725917 0.038452 0.010986 42.742414
13504 1444992659.732932 0.038452 -0.076904 42.742414
13505 1444992659.746171 0.038452 0.010986 42.830305
13506 1444992659.756275 -0.049439 -0.076904 42.830305
13507 1444992659.766347 0.038452 0.010986 42.830305
13508 1444992659.771428 0.038452 0.010986 42.830305
13509 1444992659.784230 0.038452 0.010986 42.918196
13510 1444992659.793636 0.038452 0.010986 42.918196
13511 1444992659.804032 0.038452 -0.076904 42.918196
13512 1444992659.813365 0.038452 0.010986 42.918196
13513 1444992659.823460 0.038452 0.010986 42.918196
13514 1444992659.833949 0.038452 -0.076904 42.918196
13515 1444992659.843985 0.038452 0.010986 42.918196
13516 1444992659.854058 0.038452 0.010986 43.006086
13517 1444992659.863836 0.038452 0.010986 43.006086
13518 1444992659.873959 0.038452 0.010986 43.006086
13519 1444992659.884952 0.038452 0.010986 43.006086
13520 1444992659.895063 0.038452 0.010986 43.006086
13521 1444992659.904947 0.038452 0.010986 43.093977
13522 1444992659.915322 0.038452 0.010986 43.093977
13523 1444992659.925669 0.038452 0.010986 43.093977
13524 1444992659.935722 0.038452 0.010986 43.093977
13525 1444992659.945689 0.038452 0.010986 43.093977
13526 1444992659.955875 0.038452 0.010986 43.093977
13527 1444992659.965913 0.038452 0.010986 43.181868
13528 1444992659.976084 0.038452 0.010986 43.181868
13529 1444992659.986144 0.038452 0.010986 43.181868
13530 1444992659.996291 0.038452 0.010986 43.181868
13531 1444992660.006393 0.038452 0.010986 43.181868
13532 1444992660.016534 0.038452 0.010986 43.269759
13533 1444992660.027820 0.038452 0.010986 43.269759
13534 1444992660.037680 -0.049439 0.010986 43.269759
13535 1444992660.047701 0.038452 0.010986 43.269759
13536 1444992660.057725 0.038452 0.010986 43.269759
13537 1444992660.067951 0.038452 0.010986 43.181868
13538 1444992660.078220 0.038452 0.010986 43.269759
13539 1444992660.087689 0.038452 0.010986 43.269759
13540 1444992660.098172 0.038452 0.010986 43.269759
13541 1444992660.108249 0.038452 0.010986 43.269759
13542 1444992660.118398 -0.049439 0.010986 43.269759
13543 1444992660.123527 0.038452 0.010986 43.269759
13544 1444992660.133568 0.038452 0.010986 43.269759
13545 1444992660.143792 0.038452 0.010986 43.269759
13546 1444992660.153978 0.038452 0.010986 43.35765
13547 1444992660.164134 0.038452 0.010986 43.35765
13548 1444992660.178849 0.038452 0.010986 43.35765
13549 1444992660.184488 0.038452 0.010986 43.35765
13550 1444992660.194505 0.038452 0.010986 43.35765
13551 1444992660.204519 0.038452 0.010986 43.35765
13552 1444992660.214496 0.038452 0.010986 43.35765
13553 1444992660.227731 0.038452 0.010986 43.35765
13554 1444992660.237782 0.038452 0.010986 43.35765
13555 1444992660.245721 0.038452 0.010986 43.35765
13556 1444992660.255922 0.038452 0.010986 43.35765
13557 1444992660.265798 0.038452 0.010986 43.35765
13558 1444992660.275955 0.038452 0.010986 43.35765
13559 1444992660.289117 0.038452 0.010986 43.35765
13560 1444992660.297642 0.038452 0.010986 43.35765
13561 1444992660.307923 0.038452 0.010986 43.35765
13562 1444992660.318099 0.038452 0.010986 43.35765
13563 1444992660.329664 0.038452 0.010986 43.35765
13564 1444992660.339247 0.038452 0.010986 43.35765
13565 1444992660.349108 0.038452 0.010986 43.35765
13566 1444992660.359637 0.038452 0.010986 43.35765
13567 1444992660.369373 0.038452 0.010986 43.35765
13568 1444992660.379672 0.038452 0.010986 43.35765
13569 1444992660.389818 0.038452 0.010986 43.35765
13570 1444992660.399837 0.038452 0.010986 43.35765
13571 1444992660.409988 0.038452 0.010986 43.35765
13572 1444992660.419979 0.038452 -0.076904 43.35765
13573 1444992660.430177 0.038452 0.010986 43.35765
13574 1444992660.440239 0.038452 0.010986 43.35765
13575 1444992660.450385 0.038452 0.010986 43.35765
13576 1444992660.460443 0.038452 0.010986 43.35765
13577 1444992660.470645 0.038452 0.010986 43.35765
13578 1444992660.478124 0.038452 0.010986 43.35765
13579 1444992660.488791 0.038452 0.010986 43.35765
13580 1444992660.498031 0.038452 0.010986 43.269759
13581 1444992660.507742 0.038452 0.010986 43.181868
13582 1444992660.521112 0.038452 0.010986 43.093977
13583 1444992660.528772 0.038452 0.010986 43.006086
13584 1444992660.538415 0.038452 0.010986 42.918196
13585 1444992660.548649 0.038452 0.010986 42.742414
13586 1444992660.558186 0.038452 0.010986 42.566632
13587 1444992660.568266 0.038452 0.010986 42.390851
13588 1444992660.579883 0.038452 0.010986 42.127178
13589 1444992660.589754 0.038452 0.010986 41.863506
13590 1444992660.599157 0.038452 0.010986 41.599833
13591 1444992660.609697 0.038452 0.010986 41.24827
13592 1444992660.618565 0.038452 0.010986 40.896706
13593 1444992660.630853 0.038452 0.010986 40.457252
13594 1444992660.639353 0.038452 -0.076904 40.100196
13595 1444992660.649276 -0.049439 0.010986 39.660741
13596 1444992660.659225 0.038452 0.010986 39.133396
13597 1444992660.669243 0.038452 0.010986 38.606051
13598 1444992660.679701 0.038452 -0.076904 38.166597
13599 1444992660.689645 0.038452 0.010986 37.551361
13600 1444992660.699654 0.038452 0.010986 37.024016
13601 1444992660.709808 0.038452 0.010986 36.40878
13602 1444992660.719898 0.038452 0.010986 35.793544
13603 1444992660.730410 0.038452 0.010986 35.090418
13604 1444992660.740416 -0.049439 0.010986 34.387291
13605 1444992660.750598 -0.049439 0.010986 33.684164
13606 1444992660.760592 -0.049439 0.010986 32.981038
13607 1444992660.770768 -0.049439 0.010986 32.19002
13608 1444992660.780947 -0.049439 0.010986 31.399002
13609 1444992660.791065 0.038452 0.010986 30.607985
13610 1444992660.801206 -0.049439 0.010986 29.816967
13611 1444992660.811344 0.038452 0.010986 28.938059
13612 1444992660.821357 -0.049439 0.010986 28.059151
13613 1444992660.832700 0.038452 0.010986 26.740788
13614 1444992660.838055 -0.049439 0.010986 26.301334
13615 1444992660.852892 0.038452 0.010986 24.982971
13616 1444992660.862803 -0.049439 -0.076904 24.104063
13617 1444992660.872942 0.038452 0.010986 23.225154
13618 1444992660.883308 -0.049439 0.010986 22.346246
13619 1444992660.893202 0.038452 -0.076904 21.379447
13620 1444992660.903329 0.038452 -0.076904 20.500538
13621 1444992660.913419 0.038452 -0.076904 19.533739
13622 1444992660.923539 -0.049439 -0.076904 18.654831
13623 1444992660.933362 0.038452 -0.076904 17.770429
13624 1444992660.940744 0.038452 0.010986 17.243084
13625 1444992660.949233 -0.049439 -0.076904 16.364176
13626 1444992660.960786 0.038452 -0.076904 15.485267
13627 1444992660.970975 0.038452 -0.076904 14.606359
13628 1444992660.983272 0.038452 0.010986 13.112215
13629 1444992660.991162 0.038452 0.010986 12.67276
13630 1444992661.001306 0.038452 0.010986 11.793852
13631 1444992661.013000 -0.049439 0.010986 10.387599
13632 1444992661.022652 -0.049439 0.010986 9.420799
13633 1444992661.032899 -0.049439 0.010986 8.541891
13634 1444992661.037860 -0.049439 0.010986 8.102437
13635 1444992661.052776 0.038452 0.010986 6.696183
13636 1444992661.062766 0.038452 0.010986 5.817275
13637 1444992661.073163 0.038452 0.010986 4.938367
13638 1444992661.084036 -0.049439 -0.076904 4.147349
13639 1444992661.093157 -0.049439 0.010986 3.356331
13640 1444992661.103182 -0.049439 -0.076904 2.565314
13641 1444992661.113296 0.038452 -0.076904 1.774296
13642 1444992661.123559 0.038452 0.010986 1.07117
13643 1444992661.133779 0.038452 -0.076904 0.368043
13644 1444992661.144123 -0.049439 0.010986 -0.335084
13645 1444992661.154178 0.038452 -0.076904 -0.95032
13646 1444992661.164284 0.038452 0.010986 -1.565556
13647 1444992661.174603 0.038452 -0.076904 -2.180791
13648 1444992661.184234 0.038452 -0.076904 -2.796027
13649 1444992661.194618 0.038452 -0.076904 -3.323372
13650 1444992661.204703 0.038452 -0.076904 -3.850717
13651 1444992661.214769 0.038452 0.010986 -4.378062
13652 1444992661.225018 0.038452 0.010986 -4.910901
13653 1444992661.235094 0.038452 -0.076904 -5.350355
13654 1444992661.245064 0.038452 0.010986 -5.8777
13655 1444992661.255150 0.038452 0.010986 -6.229263
13656 1444992661.265097 0.038452 0.010986 -6.668717
13657 1444992661.275357 0.038452 0.010986 -7.020281
13658 1444992661.285331 0.038452 0.010986 -7.371844
13659 1444992661.295526 0.038452 0.010986 -7.723408
13660 1444992661.305493 0.038452 0.010986 -7.98708
13661 1444992661.315583 0.038452 0.098877 -8.250753
13662 1444992661.322712 0.126343 0.098877 -8.514425
13663 1444992661.333431 0.038452 0.098877 -8.778098
13664 1444992661.343389 0.126343 0.098877 -8.953879
13665 1444992661.356184 0.126343 0.098877 -9.129661
13666 1444992661.366267 0.126343 0.098877 -9.305443
13667 1444992661.376454 0.126343 0.098877 -9.481224
13668 1444992661.383541 0.126343 0.098877 -9.657006
13669 1444992661.393849 0.038452 0.098877 -9.832788
13670 1444992661.403540 0.126343 0.098877 -10.008569
13671 1444992661.417592 0.126343 0.098877 -10.184351
13672 1444992661.423563 0.038452 0.098877 -10.272242
13673 1444992661.437753 0.126343 0.010986 -10.448024
13674 1444992661.447827 0.126343 0.010986 -10.535914
13675 1444992661.457918 0.126343 0.010986 -10.711696
13676 1444992661.463604 0.126343 0.010986 -10.799587
13677 1444992661.474310 0.038452 0.010986 -10.887478
13678 1444992661.484254 0.038452 0.010986 -10.975369
13679 1444992661.494404 0.038452 0.010986 -11.063259
13680 1444992661.504550 0.038452 0.010986 -11.15115
13681 1444992661.514879 0.038452 0.010986 -11.15115
13682 1444992661.524793 0.038452 0.010986 -11.15115
13683 1444992661.535754 0.038452 0.010986 -11.15115
13684 1444992661.545736 0.038452 0.010986 -11.15115
13685 1444992661.555560 0.038452 0.010986 -11.15115
13686 1444992661.565711 0.038452 0.010986 -11.15115
13687 1444992661.575861 0.038452 0.010986 -11.15115
13688 1444992661.587918 0.038452 0.010986 -11.15115
13689 1444992661.596203 0.038452 0.010986 -11.15115
13690 1444992661.607616 0.038452 0.010986 -11.15115
13691 1444992661.616517 0.038452 0.098877 -11.15115
13692 1444992661.628031 0.038452 0.098877 -11.15115
13693 1444992661.637863 0.038452 0.098877 -11.063259
13694 1444992661.647932 0.038452 0.010986 -11.063259
13695 1444992661.657804 0.038452 0.010986 -11.063259
13696 1444992661.667934 0.038452 0.010986 -11.063259
13697 1444992661.678359 0.038452 0.010986 -11.063259
13698 1444992661.688320 0.126343 0.010986 -10.975369
13699 1444992661.698438 0.126343 0.010986 -10.975369
13700 1444992661.708495 0.126343 0.010986 -10.975369
13701 1444992661.718370 0.126343 0.010986 -10.975369
13702 1444992661.729349 0.126343 0.010986 -10.887478
13703 1444992661.738163 0.038452 0.010986 -10.887478
13704 1444992661.748525 0.038452 0.010986 -10.799587
13705 1444992661.758921 0.038452 0.010986 -10.711696
13706 1444992661.768784 0.038452 0.010986 -10.711696
13707 1444992661.778927 0.038452 0.010986 -10.623805
13708 1444992661.789007 0.038452 0.010986 -10.535914
13709 1444992661.799171 0.038452 0.010986 -10.535914
13710 1444992661.809321 0.038452 0.010986 -10.448024
13711 1444992661.819522 0.038452 0.010986 -10.448024
13712 1444992661.829572 0.038452 0.010986 -10.360133
13713 1444992661.837892 0.038452 0.010986 -10.272242
13714 1444992661.849779 0.038452 0.010986 -10.272242
13715 1444992661.859890 0.038452 0.010986 -10.184351
13716 1444992661.870012 0.038452 0.010986 -10.184351
13717 1444992661.878455 0.038452 0.010986 -10.09646
13718 1444992661.888076 0.038452 0.010986 -10.09646
13719 1444992661.896461 0.038452 0.010986 -10.09646
13720 1444992661.902981 0.038452 0.010986 -10.09646
13721 1444992661.913067 0.038452 -0.076904 -10.008569
13722 1444992661.928925 0.038452 -0.076904 -10.008569
13723 1444992661.938534 0.038452 -0.076904 -10.008569
13724 1444992661.948087 0.038452 -0.076904 -10.008569
13725 1444992661.958659 0.038452 -0.076904 -10.008569
13726 1444992661.968449 0.038452 -0.076904 -10.008569
13727 1444992661.978719 -0.049439 -0.076904 -10.008569
13728 1444992661.989171 0.038452 -0.076904 -10.008569
13729 1444992661.998828 0.038452 -0.076904 -10.008569
13730 1444992662.008719 0.038452 -0.076904 -10.008569
13731 1444992662.018897 0.038452 -0.076904 -10.008569
13732 1444992662.029029 0.038452 -0.076904 -10.008569
13733 1444992662.039134 0.038452 -0.076904 -10.008569
13734 1444992662.049285 0.038452 -0.076904 -10.008569
13735 1444992662.059402 0.038452 -0.076904 -10.008569
13736 1444992662.069547 0.038452 -0.076904 -10.008569
13737 1444992662.079773 0.038452 -0.076904 -10.008569
13738 1444992662.089839 0.038452 -0.076904 -10.008569
13739 1444992662.100024 -0.049439 -0.076904 -10.008569
13740 1444992662.109957 0.038452 -0.076904 -10.008569
13741 1444992662.120073 0.038452 -0.076904 -10.008569
13742 1444992662.130241 0.038452 -0.076904 -10.008569
13743 1444992662.140344 0.038452 -0.076904 -10.008569
13744 1444992662.150487 0.038452 -0.076904 -10.008569
13745 1444992662.160598 0.038452 -0.076904 -10.008569
13746 1444992662.168283 -0.049439 -0.076904 -10.008569
13747 1444992662.179256 0.038452 -0.076904 -10.008569
13748 1444992662.189341 0.038452 -0.076904 -9.920679
13749 1444992662.198424 -0.049439 -0.076904 -10.008569
13750 1444992662.208614 0.038452 0.010986 -9.920679
13751 1444992662.221404 -0.049439 -0.076904 -9.832788
13752 1444992662.229082 -0.049439 -0.076904 -9.744897
13753 1444992662.239691 -0.049439 -0.076904 -9.569115
13754 1444992662.252834 -0.049439 -0.076904 -9.305443
13755 1444992662.262693 -0.049439 -0.076904 -9.217552
13756 1444992662.272804 -0.049439 -0.076904 -9.04177
13757 1444992662.283283 -0.049439 -0.076904 -8.953879
13758 1444992662.293477 -0.049439 0.010986 -8.953879
13759 1444992662.299794 -0.049439 0.010986 -8.953879
13760 1444992662.310015 -0.049439 0.010986 -8.953879
13761 1444992662.319702 -0.049439 0.010986 -9.04177
13762 1444992662.329754 -0.049439 0.010986 -9.04177
13763 1444992662.337972 -0.049439 0.010986 -9.129661
13764 1444992662.350228 -0.049439 0.010986 -9.129661
13765 1444992662.360353 -0.049439 0.010986 -9.217552
13766 1444992662.370462 -0.049439 0.010986 -9.217552
13767 1444992662.380599 -0.049439 0.010986 -9.305443
13768 1444992662.390836 -0.049439 0.010986 -9.393333
13769 1444992662.400955 0.038452 0.098877 -9.481224
13770 1444992662.411175 0.038452 0.010986 -9.569115
13771 1444992662.421193 -0.049439 0.010986 -9.657006
13772 1444992662.432917 0.038452 0.010986 -9.744897
13773 1444992662.438129 -0.049439 0.010986 -9.832788
13774 1444992662.452635 0.038452 0.098877 -10.008569
13775 1444992662.463052 0.038452 0.098877 -10.09646
13776 1444992662.472869 0.038452 0.098877 -10.184351
13777 1444992662.483111 -0.049439 0.098877 -10.272242
13778 1444992662.493023 0.038452 0.098877 -10.360133
13779 1444992662.503049 0.038452 0.098877 -10.448024
13780 1444992662.513121 0.038452 0.098877 -10.448024
13781 1444992662.523241 -0.049439 0.098877 -10.535914
13782 1444992662.532705 0.038452 0.098877 -10.623805
13783 1444992662.543760 0.038452 0.098877 -10.711696
13784 1444992662.554070 0.038452 0.098877 -10.711696
13785 1444992662.564157 0.038452 0.098877 -10.799587
13786 1444992662.574173 0.038452 0.098877 -10.799587
13787 1444992662.584331 0.038452 0.098877 -10.799587
13788 1444992662.594362 0.038452 0.098877 -10.887478
13789 1444992662.604528 0.038452 0.098877 -10.887478
13790 1444992662.614616 0.038452 0.010986 -10.887478
13791 1444992662.625064 0.038452 0.098877 -10.887478
13792 1444992662.634679 0.038452 0.098877 -10.887478
13793 1444992662.644815 0.038452 0.098877 -10.887478
13794 1444992662.654980 0.038452 0.098877 -10.799587
13795 1444992662.665056 0.038452 0.098877 -10.799587
13796 1444992662.675135 0.038452 0.010986 -10.799587
13797 1444992662.683091 0.038452 0.098877 -10.799587
13798 1444992662.695489 0.038452 0.098877 -10.799587
13799 1444992662.702843 0.038452 0.098877 -10.711696
13800 1444992662.712924 0.038452 0.098877 -10.711696
13801 1444992662.722832 0.038452 0.098877 -10.623805
13802 1444992662.733585 0.038452 0.098877 -10.623805
13803 1444992662.743402 0.038452 0.098877 -10.535914
13804 1444992662.753242 0.038452 0.010986 -10.535914
13805 1444992662.762987 0.038452 0.010986 -10.448024
13806 1444992662.772801 0.038452 0.010986 -10.448024
13807 1444992662.784181 0.038452 0.010986 -10.360133
13808 1444992662.793575 0.038452 0.010986 -10.360133
13809 1444992662.803647 -0.049439 0.010986 -10.272242
13810 1444992662.813931 0.038452 0.010986 -10.272242
13811 1444992662.824101 -0.049439 0.010986 -10.184351
13812 1444992662.834235 -0.049439 0.010986 -10.184351
13813 1444992662.844307 -0.049439 0.010986 -10.184351
13814 1444992662.854719 -0.049439 0.010986 -10.184351
13815 1444992662.864624 -0.049439 0.010986 -10.184351
13816 1444992662.874746 -0.049439 0.010986 -10.184351
13817 1444992662.885132 -0.049439 0.010986 -10.184351
13818 1444992662.895180 -0.049439 -0.076904 -10.184351
13819 1444992662.905194 -0.049439 0.010986 -10.184351
13820 1444992662.915337 -0.049439 -0.076904 -10.184351
13821 1444992662.925628 -0.049439 0.010986 -10.184351
13822 1444992662.935768 -0.049439 -0.076904 -10.184351
13823 1444992662.945839 -0.049439 0.010986 -10.184351
13824 1444992662.955796 -0.049439 -0.076904 -10.184351
13825 1444992662.965858 -0.049439 0.010986 -10.184351
13826 1444992662.977500 -0.049439 -0.076904 -10.184351
13827 1444992662.987685 -0.049439 0.010986 -10.184351
13828 1444992662.996347 -0.049439 0.010986 -10.184351
13829 1444992663.006473 -0.049439 0.010986 -10.184351
13830 1444992663.012531 -0.049439 0.010986 -10.184351
13831 1444992663.027914 -0.049439 0.010986 -10.184351
13832 1444992663.037513 -0.049439 0.010986 -10.184351
13833 1444992663.047978 -0.049439 -0.076904 -10.184351
13834 1444992663.057970 -0.049439 0.010986 -10.184351
13835 1444992663.068083 -0.049439 0.010986 -10.184351
13836 1444992663.078519 -0.049439 0.010986 -10.184351
13837 1444992663.087821 -0.049439 0.010986 -10.184351
13838 1444992663.098128 -0.049439 0.010986 -10.184351
13839 1444992663.108234 -0.049439 0.010986 -10.184351
13840 1444992663.118494 -0.049439 0.010986 -10.184351
13841 1444992663.128862 -0.049439 0.010986 -10.184351
13842 1444992663.138892 -0.049439 0.010986 -10.184351
13843 1444992663.148864 -0.049439 0.010986 -10.184351
13844 1444992663.159012 -0.049439 0.010986 -10.184351
13845 1444992663.169180 -0.049439 0.010986 -10.184351
13846 1444992663.175175 -0.049439 0.010986 -10.184351
13847 1444992663.189256 -0.049439 0.010986 -10.184351
13848 1444992663.195359 -0.049439 0.010986 -10.184351
13849 1444992663.205816 -0.049439 0.010986 -10.184351
13850 1444992663.215747 -0.049439 -0.076904 -10.184351
13851 1444992663.227715 -0.049439 0.010986 -10.184351
13852 1444992663.238564 -0.049439 -0.076904 -10.184351
13853 1444992663.247842 -0.049439 0.010986 -10.184351
13854 1444992663.257801 -0.049439 -0.076904 -10.184351
13855 1444992663.267903 -0.049439 0.010986 -10.184351
13856 1444992663.278554 -0.049439 -0.076904 -10.184351
13857 1444992663.288768 -0.049439 0.010986 -10.184351
13858 1444992663.297995 -0.049439 0.010986 -10.184351
13859 1444992663.308613 -0.049439 0.010986 -10.184351
13860 1444992663.318503 -0.049439 -0.076904 -10.184351
13861 1444992663.329823 -0.049439 0.010986 -10.184351
13862 1444992663.339487 -0.049439 0.010986 -10.184351
13863 1444992663.349070 -0.049439 -0.076904 -10.184351
13864 1444992663.359147 -0.049439 -0.076904 -10.184351
13865 1444992663.369068 -0.049439 0.010986 -10.184351
13866 1444992663.379702 -0.049439 0.010986 -10.184351
13867 1444992663.389619 -0.049439 0.010986 -10.184351
13868 1444992663.399703 -0.049439 0.010986 -10.184351
13869 1444992663.409802 -0.049439 0.010986 -10.184351
13870 1444992663.419570 -0.049439 0.010986 -10.184351
13871 1444992663.429720 -0.049439 0.010986 -10.184351
13872 1444992663.439944 -0.049439 0.010986 -10.184351
13873 1444992663.450100 -0.049439 0.010986 -10.184351
13874 1444992663.460174 -0.049439 0.010986 -10.184351
13875 1444992663.470336 -0.049439 0.010986 -10.184351
13876 1444992663.478201 -0.049439 0.010986 -10.184351
13877 1444992663.488818 -0.049439 0.010986 -10.184351
13878 1444992663.497694 -0.049439 0.010986 -10.184351
13879 1444992663.508238 -0.049439 0.010986 -10.184351
13880 1444992663.517976 -0.049439 0.010986 -10.184351
13881 1444992663.530614 -0.049439 0.010986 -10.184351
13882 1444992663.536994 -0.049439 0.010986 -10.184351
13883 1444992663.548180 -0.049439 0.010986 -10.184351
13884 1444992663.558031 -0.049439 -0.076904 -10.184351
13885 1444992663.568392 -0.049439 -0.076904 -10.272242
13886 1444992663.578606 -0.049439 -0.076904 -10.272242
13887 1444992663.588645 -0.049439 -0.076904 -10.184351
13888 1444992663.598841 -0.049439 -0.076904 -10.272242
13889 1444992663.608754 -0.049439 -0.076904 -10.184351
13890 1444992663.618940 -0.049439 -0.076904 -10.184351
13891 1444992663.629477 -0.049439 -0.076904 -10.184351
13892 1444992663.639780 -0.049439 -0.076904 -10.272242
13893 1444992663.649798 -0.049439 -0.076904 -10.272242
13894 1444992663.659886 -0.049439 -0.076904 -10.272242
13895 1444992663.670013 -0.049439 -0.076904 -10.184351
13896 1444992663.680117 -0.049439 -0.076904 -10.184351
13897 1444992663.690106 -0.049439 -0.076904 -10.272242
13898 1444992663.700296 -0.049439 -0.076904 -10.272242
13899 1444992663.710488 -0.049439 -0.076904 -10.272242
13900 1444992663.720562 -0.049439 -0.076904 -10.272242
13901 1444992663.730682 -0.049439 -0.076904 -10.272242
13902 1444992663.740790 -0.049439 -0.076904 -10.272242
13903 1444992663.750967 -0.049439 0.010986 -10.272242
13904 1444992663.761066 -0.049439 -0.076904 -10.272242
13905 1444992663.771123 -0.049439 -0.076904 -10.272242
13906 1444992663.782561 -0.049439 0.010986 -10.272242
13907 1444992663.791503 -0.049439 0.010986 -10.272242
13908 1444992663.801517 -0.049439 0.010986 -10.272242
13909 1444992663.807611 -0.049439 0.010986 -10.272242
13910 1444992663.822493 -0.049439 0.010986 -10.360133
13911 1444992663.832855 -0.049439 0.010986 -10.360133
13912 1444992663.842716 -0.049439 0.010986 -10.360133
13913 1444992663.853128 -0.049439 0.010986 -10.360133
13914 1444992663.863081 -0.049439 0.010986 -10.360133
13915 1444992663.872934 -0.049439 0.010986 -10.360133
13916 1444992663.883190 -0.049439 0.010986 -10.360133
13917 1444992663.893272 0.038452 0.098877 -10.360133
13918 1444992663.903527 0.038452 0.098877 -10.360133
13919 1444992663.913578 0.038452 0.010986 -10.360133
13920 1444992663.923684 0.038452 0.098877 -10.360133
13921 1444992663.933729 0.038452 0.098877 -10.360133
13922 1444992663.943996 -0.049439 0.098877 -10.360133
13923 1444992663.954117 -0.049439 0.098877 -10.360133
13924 1444992663.964294 -0.049439 0.098877 -10.360133
13925 1444992663.970539 -0.049439 0.098877 -10.360133
13926 1444992663.977680 0.038452 0.098877 -10.360133
13927 1444992663.987562 -0.049439 0.098877 -10.360133
13928 1444992663.997681 -0.049439 0.098877 -10.360133
13929 1444992664.010865 -0.049439 0.010986 -10.360133
13930 1444992664.020998 -0.049439 0.098877 -10.360133
13931 1444992664.027748 -0.049439 0.098877 -10.360133
13932 1444992664.037856 -0.049439 0.098877 -10.360133
13933 1444992664.051352 -0.049439 0.010986 -10.360133
13934 1444992664.061487 -0.049439 0.098877 -10.360133
13935 1444992664.067776 -0.049439 0.010986 -10.360133
13936 1444992664.083203 -0.049439 0.010986 -10.360133
13937 1444992664.092561 -0.049439 0.010986 -10.360133
13938 1444992664.103242 -0.049439 0.098877 -10.360133
13939 1444992664.113273 -0.049439 0.010986 -10.360133
13940 1444992664.123152 -0.049439 0.098877 -10.360133
13941 1444992664.133565 0.038452 0.098877 -10.360133
13942 1444992664.143032 -0.049439 0.098877 -10.360133
13943 1444992664.153324 -0.049439 0.098877 -10.360133
13944 1444992664.163455 -0.049439 0.010986 -10.360133
13945 1444992664.173511 -0.049439 0.010986 -10.360133
13946 1444992664.183291 -0.049439 0.010986 -10.360133
13947 1444992664.193667 0.038452 0.010986 -10.360133
13948 1444992664.203729 -0.049439 0.010986 -10.360133
13949 1444992664.213823 0.038452 0.010986 -10.360133
13950 1444992664.223981 -0.049439 0.010986 -10.448024
13951 1444992664.232679 -0.049439 0.098877 -10.360133
13952 1444992664.243938 -0.049439 0.010986 -10.360133
13953 1444992664.254290 -0.049439 0.098877 -10.360133
13954 1444992664.264822 -0.049439 0.010986 -10.360133
13955 1444992664.275097 0.038452 0.098877 -10.448024
13956 1444992664.284908 -0.049439 0.010986 -10.360133
13957 1444992664.295518 -0.049439 0.010986 -10.360133
13958 1444992664.305698 -0.049439 0.098877 -10.360133
13959 1444992664.315844 -0.049439 0.098877 -10.360133
13960 1444992664.325957 -0.049439 0.098877 -10.360133
13961 1444992664.333528 -0.049439 0.098877 -10.360133
13962 1444992664.345893 -0.049439 0.010986 -10.360133
13963 1444992664.353042 -0.049439 0.010986 -10.360133
13964 1444992664.363063 -0.049439 0.010986 -10.360133
13965 1444992664.373453 -0.049439 0.098877 -10.360133
13966 1444992664.383370 -0.049439 0.010986 -10.360133
13967 1444992664.393461 -0.049439 0.010986 -10.360133
13968 1444992664.402909 -0.049439 0.098877 -10.360133
13969 1444992664.413888 -0.049439 0.010986 -10.360133
13970 1444992664.423854 -0.049439 0.098877 -10.360133
13971 1444992664.434079 -0.049439 0.098877 -10.360133
13972 1444992664.444918 -0.049439 0.010986 -10.360133
13973 1444992664.455139 -0.049439 0.010986 -10.448024
13974 1444992664.465095 -0.049439 0.010986 -10.360133
13975 1444992664.475157 -0.049439 0.010986 -10.360133
13976 1444992664.485129 -0.049439 0.098877 -10.360133
13977 1444992664.495535 -0.049439 0.010986 -10.360133
13978 1444992664.505548 -0.049439 0.010986 -10.360133
13979 1444992664.515554 0.038452 0.098877 -10.360133
13980 1444992664.527927 -0.049439 0.010986 -10.360133
13981 1444992664.535991 -0.049439 0.010986 -10.360133
13982 1444992664.545941 -0.049439 0.010986 -10.448024
13983 1444992664.556071 -0.049439 0.010986 -10.448024
13984 1444992664.566224 -0.049439 0.010986 -10.360133
13985 1444992664.577832 -0.049439 0.010986 -10.360133
13986 1444992664.587942 -0.049439 0.010986 -10.360133
13987 1444992664.597786 -0.049439 0.098877 -10.360133
13988 1444992664.607750 -0.049439 0.098877 -10.360133
13989 1444992664.617756 0.038452 0.010986 -10.360133
13990 1444992664.628508 -0.049439 0.098877 -10.360133
13991 1444992664.638140 -0.049439 0.010986 -10.360133
13992 1444992664.648390 -0.049439 0.010986 -10.360133
13993 1444992664.658386 -0.049439 0.010986 -10.360133
13994 1444992664.668280 -0.049439 0.010986 -10.360133
13995 1444992664.678303 -0.049439 0.010986 -10.360133
13996 1444992664.688260 -0.049439 0.010986 -10.360133
13997 1444992664.698754 -0.049439 0.010986 -10.360133
13998 1444992664.708863 -0.049439 0.010986 -10.360133
13999 1444992664.718798 -0.049439 0.010986 -10.360133
14000 1444992664.729100 -0.049439 0.098877 -10.360133
14001 1444992664.737740 -0.049439 0.010986 -10.360133
14002 1444992664.749214 -0.049439 0.010986 -10.360133
14003 1444992664.759310 -0.049439 0.010986 -10.360133
14004 1444992664.769442 -0.049439 0.010986 -10.360133
14005 1444992664.777917 -0.049439 0.010986 -10.360133
14006 1444992664.788039 -0.049439 0.010986 -10.360133
14007 1444992664.795988 -0.049439 0.010986 -10.360133
14008 1444992664.807649 -0.049439 0.010986 -10.360133
14009 1444992664.817626 0.038452 0.010986 -10.360133
14010 1444992664.828417 -0.049439 0.010986 -10.360133
14011 1444992664.838507 0.038452 0.010986 -10.360133
14012 1444992664.848114 -0.049439 0.010986 -10.360133
14013 1444992664.858058 -0.049439 0.010986 -10.448024
14014 1444992664.868224 -0.049439 0.010986 -10.360133
14015 1444992664.878770 0.038452 0.010986 -10.360133
14016 1444992664.888267 -0.049439 0.010986 -10.360133
14017 1444992664.898682 -0.049439 0.010986 -10.360133
14018 1444992664.908703 -0.049439 0.010986 -10.360133
14019 1444992664.918746 -0.049439 0.010986 -10.360133
14020 1444992664.929941 -0.049439 0.010986 -10.360133
14021 1444992664.939187 -0.049439 0.010986 -10.360133
14022 1444992664.949388 -0.049439 0.010986 -10.360133
14023 1444992664.959686 -0.049439 0.010986 -10.360133
14024 1444992664.969552 -0.049439 0.010986 -10.360133
14025 1444992664.977613 -0.049439 0.010986 -10.360133
14026 1444992664.989519 -0.049439 0.010986 -10.360133
14027 1444992664.999528 -0.049439 0.010986 -10.360133
14028 1444992665.009957 -0.049439 0.010986 -10.360133
14029 1444992665.019739 -0.049439 0.010986 -10.360133
14030 1444992665.027979 -0.049439 0.010986 -10.360133
14031 1444992665.037592 -0.049439 0.010986 -10.360133
14032 1444992665.050372 -0.049439 0.010986 -10.360133
14033 1444992665.060537 -0.049439 0.010986 -10.360133
14034 1444992665.070613 -0.049439 0.010986 -10.360133
14035 1444992665.077853 -0.049439 0.010986 -10.360133
14036 1444992665.088196 -0.049439 0.010986 -10.360133
14037 1444992665.097713 -0.049439 0.010986 -10.360133
14038 1444992665.107780 -0.049439 0.010986 -10.360133
14039 1444992665.117571 -0.049439 0.010986 -10.360133
14040 1444992665.130254 -0.049439 0.010986 -10.360133
14041 1444992665.139659 -0.049439 0.010986 -10.360133
14042 1444992665.148530 -0.049439 0.010986 -10.360133
14043 1444992665.158498 -0.049439 0.010986 -10.360133
14044 1444992665.168474 -0.049439 0.010986 -10.360133
14045 1444992665.179234 -0.049439 0.010986 -10.360133
14046 1444992665.189034 -0.049439 0.010986 -10.360133
14047 1444992665.198904 -0.049439 0.010986 -10.360133
14048 1444992665.209570 -0.049439 0.010986 -10.360133
14049 1444992665.219331 -0.049439 0.010986 -10.360133
14050 1444992665.229947 -0.049439 0.010986 -10.360133
14051 1444992665.240032 -0.049439 0.010986 -10.360133
14052 1444992665.250084 -0.049439 0.010986 -10.360133
14053 1444992665.259871 -0.049439 0.010986 -10.360133
14054 1444992665.270176 -0.049439 0.010986 -10.360133
14055 1444992665.280208 -0.049439 0.010986 -10.360133
14056 1444992665.288036 -0.049439 0.010986 -10.360133
14057 1444992665.300465 -0.049439 0.010986 -10.360133
14058 1444992665.310578 -0.049439 0.010986 -10.272242
14059 1444992665.320731 -0.049439 0.010986 -10.360133
14060 1444992665.328379 -0.049439 0.010986 -10.360133
14061 1444992665.338870 -0.049439 0.010986 -10.272242
14062 1444992665.347638 -0.049439 0.010986 -10.272242
14063 1444992665.357575 -0.049439 -0.076904 -10.272242
14064 1444992665.367773 -0.049439 -0.076904 -10.272242
14065 1444992665.382727 -0.049439 -0.076904 -10.272242
14066 1444992665.392604 -0.049439 -0.076904 -10.272242
14067 1444992665.402988 -0.049439 -0.076904 -10.272242
14068 1444992665.413012 -0.049439 -0.076904 -10.272242
14069 1444992665.422836 -0.049439 -0.076904 -10.272242
14070 1444992665.432917 -0.049439 -0.076904 -10.272242
14071 1444992665.443054 -0.049439 -0.076904 -10.272242
14072 1444992665.453372 -0.049439 -0.076904 -10.272242
14073 1444992665.463467 -0.049439 -0.076904 -10.272242
14074 1444992665.473612 -0.049439 -0.076904 -10.272242
14075 1444992665.483681 -0.049439 -0.076904 -10.272242
14076 1444992665.493774 -0.049439 -0.076904 -10.272242
14077 1444992665.504036 -0.049439 -0.076904 -10.272242
14078 1444992665.514108 -0.049439 -0.076904 -10.272242
14079 1444992665.524024 -0.049439 -0.076904 -10.272242
14080 1444992665.534790 -0.049439 -0.076904 -10.272242
14081 1444992665.540054 -0.049439 -0.076904 -10.272242
14082 1444992665.550157 -0.049439 -0.076904 -10.272242
14083 1444992665.560483 -0.049439 -0.076904 -10.272242
14084 1444992665.570349 -0.049439 -0.076904 -10.272242
14085 1444992665.580626 -0.049439 -0.076904 -10.184351
14086 1444992665.590472 -0.049439 -0.076904 -10.272242
14087 1444992665.600615 -0.049439 -0.076904 -10.272242
14088 1444992665.610839 -0.049439 -0.076904 -10.272242
14089 1444992665.620988 -0.049439 -0.076904 -10.272242
14090 1444992665.632786 -0.049439 -0.076904 -10.272242
14091 1444992665.637686 -0.049439 -0.076904 -10.272242
14092 1444992665.652690 -0.049439 -0.076904 -10.272242
14093 1444992665.662732 -0.049439 -0.076904 -10.272242
14094 1444992665.672761 -0.049439 -0.076904 -10.272242
14095 1444992665.683121 -0.049439 -0.076904 -10.272242
14096 1444992665.692720 -0.049439 -0.076904 -10.272242
14097 1444992665.702872 -0.049439 -0.076904 -10.272242
14098 1444992665.713023 -0.049439 -0.076904 -10.272242
14099 1444992665.723142 -0.049439 -0.076904 -10.272242
14100 1444992665.732684 -0.049439 -0.076904 -10.272242
14101 1444992665.743330 -0.049439 -0.076904 -10.272242
14102 1444992665.753620 -0.049439 -0.076904 -10.272242
14103 1444992665.764018 -0.049439 -0.076904 -10.272242
14104 1444992665.774031 -0.049439 -0.076904 -10.272242
14105 1444992665.784675 -0.049439 -0.076904 -10.272242
14106 1444992665.794266 -0.049439 -0.076904 -10.272242
14107 1444992665.804272 -0.049439 -0.076904 -10.184351
14108 1444992665.814714 -0.049439 -0.076904 -10.272242
14109 1444992665.824906 -0.049439 -0.076904 -10.272242
14110 1444992665.834821 -0.049439 -0.076904 -10.272242
14111 1444992665.844996 -0.049439 -0.076904 -10.272242
14112 1444992665.854938 0.038452 -0.076904 -10.272242
14113 1444992665.864949 0.038452 -0.076904 -10.272242
14114 1444992665.875443 0.038452 -0.076904 -10.272242
14115 1444992665.885574 0.038452 -0.076904 -10.272242
14116 1444992665.895495 0.038452 -0.076904 -10.272242
14117 1444992665.905617 0.038452 -0.076904 -10.272242
14118 1444992665.915663 0.038452 -0.076904 -10.272242
14119 1444992665.925897 0.038452 -0.076904 -10.272242
14120 1444992665.932830 0.038452 -0.076904 -10.272242
14121 1444992665.945933 0.038452 -0.076904 -10.272242
14122 1444992665.956057 0.038452 -0.076904 -10.272242
14123 1444992665.963120 0.038452 -0.076904 -10.272242
14124 1444992665.972945 0.038452 -0.076904 -10.272242
14125 1444992665.984561 0.038452 -0.076904 -10.272242
14126 1444992665.997430 0.038452 -0.076904 -10.272242
14127 1444992666.007529 0.038452 -0.076904 -10.272242
14128 1444992666.017605 0.038452 -0.076904 -10.272242
14129 1444992666.028006 0.038452 -0.076904 -10.272242
14130 1444992666.037811 0.038452 -0.076904 -10.272242
14131 1444992666.047842 0.038452 -0.076904 -10.272242
14132 1444992666.057889 0.038452 -0.076904 -10.272242
14133 1444992666.067884 0.038452 -0.076904 -10.272242
14134 1444992666.078474 0.038452 -0.076904 -10.272242
14135 1444992666.088187 0.038452 -0.076904 -10.272242
14136 1444992666.098742 0.038452 -0.076904 -10.272242
14137 1444992666.104189 0.038452 -0.076904 -10.272242
14138 1444992666.114058 0.038452 -0.076904 -10.272242
14139 1444992666.124337 0.038452 -0.076904 -10.272242
14140 1444992666.134422 0.038452 -0.076904 -10.272242
