21777 1444827812.881481 -23.081116 -36.497498 -142.814026 0.630127 1.708374 0.754364
21778 1444827812.891545 -23.118164 -36.368683 -142.759308 0.633667 1.713867 0.736389
21779 1444827812.901605 -23.044067 -36.540436 -143.25177 0.635437 1.70929 0.746246
21780 1444827812.911665 -23.118164 -36.239868 -143.689514 0.646057 1.713867 0.742767
21781 1444827812.921911 -23.155212 -36.282806 -143.52536 0.648712 1.717529 0.738708
21782 1444827812.931972 -23.451599 -36.325745 -144.07254 0.652252 1.718445 0.743347
21783 1444827812.942051 -23.377502 -36.411621 -144.181976 0.654022 1.71936 0.745667
21784 1444827812.952113 -23.562744 -36.411621 -144.729156 0.661102 1.722107 0.73465
21785 1444827812.962187 -23.303406 -36.368683 -144.455566 0.664642 1.696472 0.736389
21786 1444827812.972250 -23.044067 -36.325745 -144.400848 0.667297 1.669922 0.740448
21787 1444827812.982312 -23.192261 -36.454559 -143.963104 0.661102 1.660767 0.741608
21788 1444827812.992375 -22.784729 -36.411621 -143.744232 0.654022 1.656189 0.747986
21789 1444827813.002436 -22.932922 -36.411621 -142.868744 0.641632 1.665344 0.749725
21790 1444827813.012487 -22.821777 -36.583374 -142.321564 0.619507 1.675415 0.760742
21791 1444827813.022552 -22.821777 -36.798065 -141.664948 0.600922 1.698303 0.772919
21792 1444827813.032615 -22.969971 -36.841003 -140.789459 0.588531 1.733093 0.782196
21793 1444827813.042677 -23.118164 -37.012756 -140.023407 0.577911 1.758728 0.781616
21794 1444827813.052757 -23.081116 -37.098633 -140.406433 0.576141 1.768799 0.786255
21795 1444827813.062812 -23.229309 -36.92688 -140.680023 0.580566 1.780701 0.781616
21796 1444827813.072879 -23.340454 -36.92688 -141.172485 0.591187 1.780701 0.782776
21797 1444827813.082940 -23.118164 -36.66925 -141.993256 0.610657 1.766052 0.763641
21798 1444827813.093003 -23.081116 -36.497498 -142.97818 0.629242 1.748657 0.753204
21799 1444827813.103065 -23.155212 -36.411621 -143.634796 0.646057 1.732178 0.750885
21800 1444827813.113128 -22.932922 -36.153992 -144.510284 0.666412 1.723022 0.752625
21801 1444827813.123220 -23.229309 -35.982239 -144.783875 0.677032 1.738586 0.741028
21802 1444827813.133282 -23.377502 -36.153992 -145.221619 0.676147 1.760559 0.741608
21803 1444827813.143346 -23.377502 -36.19693 -145.331055 0.672607 1.77887 0.740448
21804 1444827813.153409 -23.488647 -36.19693 -145.057465 0.664642 1.799011 0.747406
21805 1444827813.163471 -23.562744 -36.325745 -144.510284 0.658447 1.809998 0.741028
21806 1444827813.173532 -23.488647 -36.411621 -144.017822 0.644287 1.801758 0.747406
21807 1444827813.183595 -23.266357 -36.454559 -143.470642 0.638092 1.786194 0.750305
21808 1444827813.193657 -23.303406 -36.497498 -142.923462 0.633667 1.768799 0.747406
21809 1444827813.203719 -22.932922 -36.454559 -142.485718 0.625702 1.74408 0.754944
21810 1444827813.213781 -23.081116 -36.712189 -142.212128 0.616852 1.730347 0.753784
21811 1444827813.223851 -22.488342 -36.454559 -141.829102 0.612427 1.701965 0.762482
21812 1444827813.233916 -22.710632 -36.626312 -141.500793 0.604462 1.694641 0.775238
21813 1444827813.243979 -22.747681 -36.798065 -140.953613 0.598267 1.694641 0.773499
21814 1444827813.254055 -22.895874 -36.841003 -141.281921 0.594727 1.703796 0.775238
21815 1444827813.264116 -23.044067 -36.92688 -141.227203 0.594727 1.710205 0.783356
21816 1444827813.274179 -23.229309 -36.92688 -141.829102 0.602692 1.731262 0.772339
21817 1444827813.284242 -23.192261 -36.798065 -142.047974 0.610657 1.733093 0.773499
21818 1444827813.294302 -23.081116 -36.755127 -142.70459 0.623047 1.725769 0.774658
21819 1444827813.304378 -23.229309 -36.454559 -143.580078 0.640747 1.71936 0.760742
21820 1444827813.314441 -23.451599 -36.325745 -144.017822 0.658447 1.707458 0.749146
21821 1444827813.324503 -23.192261 -36.368683 -144.61972 0.669067 1.680908 0.745667
21822 1444827813.334566 -23.118164 -36.239868 -144.729156 0.677917 1.669922 0.730011
21823 1444827813.344629 -23.192261 -35.939301 -145.276337 0.684998 1.664429 0.736969
21824 1444827813.354695 -23.192261 -36.111053 -145.002747 0.681458 1.658936 0.728851
21825 1444827813.364734 -23.007019 -36.239868 -144.61972 0.670837 1.660767 0.725952
21826 1444827813.374799 -23.229309 -36.19693 -144.34613 0.661987 1.662598 0.73233
21827 1444827813.384861 -23.044067 -36.540436 -143.52536 0.646057 1.669006 0.73291
21828 1444827813.394924 -23.155212 -36.497498 -142.868744 0.634552 1.680908 0.73349
21829 1444827813.405007 -23.118164 -36.497498 -142.376282 0.623047 1.682739 0.748566
21830 1444827813.415071 -22.969971 -36.583374 -141.938538 0.618622 1.683655 0.743927
21831 1444827813.425134 -22.932922 -36.626312 -141.88382 0.616852 1.669922 0.757263
21832 1444827813.435232 -22.932922 -36.755127 -141.938538 0.614197 1.657104 0.764221
21833 1444827813.445296 -22.710632 -36.66925 -141.446075 0.614197 1.645203 0.757843
21834 1444827813.455385 -22.821777 -36.712189 -141.774384 0.615967 1.637878 0.771179
21835 1444827813.465472 -22.562439 -36.66925 -141.993256 0.616852 1.636047 0.775238
21836 1444827813.475535 -22.747681 -36.66925 -142.212128 0.618622 1.64978 0.772919
21837 1444827813.485596 -22.858826 -36.583374 -142.814026 0.625702 1.66626 0.779297
21838 1444827813.495682 -23.044067 -36.626312 -142.868744 0.628357 1.686401 0.76886
21839 1444827813.505771 -23.377502 -36.583374 -143.470642 0.639862 1.706543 0.76712
21840 1444827813.515888 -23.266357 -36.454559 -143.908386 0.649597 1.71936 0.763062
21841 1444827813.525986 -23.414551 -36.239868 -144.07254 0.660217 1.732178 0.749146
21842 1444827813.536049 -23.451599 -36.325745 -144.34613 0.665527 1.734009 0.749725
21843 1444827813.546111 -23.340454 -36.239868 -144.729156 0.669067 1.730347 0.735809
21844 1444827813.556191 -23.266357 -36.068115 -144.455566 0.667297 1.726685 0.73407
21845 1444827813.566254 -23.266357 -36.153992 -144.291412 0.661987 1.723022 0.726532
21846 1444827813.576319 -23.081116 -36.239868 -143.744232 0.652252 1.717529 0.730591
21847 1444827813.586383 -23.044067 -36.411621 -143.25177 0.639862 1.720276 0.73349
21848 1444827813.596468 -23.192261 -36.454559 -142.814026 0.628357 1.732178 0.742188
21849 1444827813.606542 -23.081116 -36.454559 -142.540436 0.621277 1.745911 0.747986
21850 1444827813.616605 -23.229309 -36.755127 -141.829102 0.609772 1.759644 0.754944
21851 1444827813.626687 -23.081116 -36.755127 -141.829102 0.606232 1.766968 0.763062
21852 1444827813.636749 -23.229309 -36.66925 -142.047974 0.608887 1.772461 0.760742
21853 1444827813.646818 -22.969971 -36.626312 -141.938538 0.608002 1.760559 0.778717
21854 1444827813.656889 -23.192261 -36.66925 -141.993256 0.614197 1.763306 0.776398
21855 1444827813.666952 -23.044067 -36.540436 -142.321564 0.620392 1.75415 0.779877
21856 1444827813.677020 -23.044067 -36.497498 -142.868744 0.624817 1.739502 0.781036
21857 1444827813.687066 -23.229309 -36.368683 -142.868744 0.628357 1.736755 0.782196
21858 1444827813.697128 -23.081116 -36.540436 -143.415924 0.631897 1.73584 0.782776
21859 1444827813.707190 -23.007019 -36.411621 -143.470642 0.637207 1.733093 0.778137
21860 1444827813.717254 -23.007019 -36.411621 -143.634796 0.640747 1.741333 0.77002
21861 1444827813.727306 -23.266357 -36.239868 -143.853668 0.646942 1.755066 0.761902
21862 1444827813.737367 -23.229309 -36.239868 -143.963104 0.649597 1.763306 0.745667
21863 1444827813.747432 -23.488647 -36.454559 -143.908386 0.651367 1.765137 0.746826
21864 1444827813.757515 -23.488647 -36.368683 -143.744232 0.652252 1.759644 0.73465
21865 1444827813.767578 -23.451599 -36.325745 -143.963104 0.653137 1.756897 0.731171
21866 1444827813.777639 -23.192261 -36.282806 -143.79895 0.648712 1.733093 0.73233
21867 1444827813.787700 -23.155212 -36.454559 -143.689514 0.641632 1.717529 0.747406
21868 1444827813.797763 -22.969971 -36.282806 -143.032898 0.637207 1.705627 0.743927
21869 1444827813.807899 -23.303406 -36.540436 -143.25177 0.634552 1.707458 0.735809
21870 1444827813.817933 -22.895874 -36.325745 -142.649872 0.629242 1.69281 0.748566
21871 1444827813.827994 -23.007019 -36.411621 -142.321564 0.626587 1.700134 0.745667
21872 1444827813.838056 -23.007019 -36.583374 -142.540436 0.623047 1.695557 0.747406
21873 1444827813.848118 -23.044067 -36.66925 -142.321564 0.617737 1.696472 0.756104
21874 1444827813.858231 -22.784729 -36.368683 -142.15741 0.619507 1.697388 0.756104
21875 1444827813.868292 -23.118164 -36.712189 -142.15741 0.622162 1.69281 0.757263
21876 1444827813.878360 -22.969971 -36.755127 -142.431 0.621277 1.682739 0.76828
21877 1444827813.888424 -23.229309 -36.540436 -142.70459 0.628357 1.690979 0.757263
21878 1444827813.898458 -22.858826 -36.540436 -143.032898 0.632782 1.668091 0.764801
21879 1444827813.908540 -23.081116 -36.411621 -143.25177 0.645172 1.670837 0.754364
21880 1444827813.918602 -22.895874 -36.583374 -143.744232 0.646057 1.661682 0.746246
21881 1444827813.928666 -23.229309 -36.368683 -143.908386 0.654022 1.66626 0.746826
21882 1444827813.938730 -23.303406 -36.19693 -143.744232 0.657562 1.681824 0.735809
21883 1444827813.948797 -23.155212 -36.19693 -144.236694 0.660217 1.673584 0.750885
21884 1444827813.958917 -23.303406 -36.411621 -143.79895 0.654907 1.687317 0.730011
21885 1444827813.968978 -23.229309 -36.411621 -143.744232 0.650482 1.689148 0.73291
21886 1444827813.979042 -23.007019 -36.368683 -143.470642 0.645172 1.687317 0.749146
21887 1444827813.989108 -23.414551 -36.66925 -143.197052 0.639862 1.695557 0.714935
21888 1444827813.999191 -22.969971 -36.368683 -143.197052 0.634552 1.679077 0.746826
21889 1444827814.009273 -23.229309 -36.325745 -142.649872 0.633667 1.688232 0.735809
21890 1444827814.019316 -23.229309 -36.841003 -142.212128 0.624817 1.690979 0.730011
21891 1444827814.029377 -22.969971 -36.583374 -142.376282 0.623932 1.6745 0.747986
21892 1444827814.039439 -22.895874 -36.239868 -142.70459 0.631897 1.683655 0.738708
21893 1444827814.049501 -23.118164 -36.497498 -142.266846 0.627472 1.691895 0.753204
21894 1444827814.059563 -22.858826 -36.583374 -142.595154 0.625702 1.688232 0.7677
21895 1444827814.069637 -22.858826 -36.411621 -142.814026 0.631012 1.704712 0.750885
21896 1444827814.079683 -23.118164 -36.583374 -142.70459 0.624817 1.713867 0.772919
21897 1444827814.089734 -23.303406 -36.626312 -142.97818 0.629242 1.725769 0.764221
21898 1444827814.099803 -22.932922 -36.540436 -142.923462 0.631012 1.723022 0.77002
21899 1444827814.109873 -23.118164 -36.497498 -143.52536 0.635437 1.725769 0.76828
21900 1444827814.119954 -23.377502 -36.454559 -143.25177 0.641632 1.738586 0.756104
21901 1444827814.130035 -23.229309 -36.66925 -143.52536 0.639862 1.731262 0.751465
21902 1444827814.140098 -23.155212 -36.239868 -143.744232 0.648712 1.730347 0.748566
21903 1444827814.150159 -23.192261 -36.239868 -143.853668 0.650482 1.734924 0.741028
21904 1444827814.160221 -23.118164 -36.282806 -143.908386 0.648712 1.731262 0.744507
21905 1444827814.170295 -23.377502 -36.368683 -143.580078 0.646942 1.750488 0.728271
21906 1444827814.180358 -23.192261 -36.282806 -143.361206 0.641632 1.747742 0.735809
21907 1444827814.190420 -23.340454 -36.497498 -142.814026 0.634552 1.755981 0.743347
21908 1444827814.200482 -23.303406 -36.411621 -142.814026 0.631897 1.756897 0.736969
21909 1444827814.210545 -23.118164 -36.798065 -142.595154 0.623047 1.750488 0.745087
21910 1444827814.220608 -23.081116 -36.540436 -142.431 0.623047 1.749573 0.746826
21911 1444827814.230670 -23.007019 -36.411621 -142.595154 0.623932 1.74408 0.749725
21912 1444827814.240733 -23.377502 -36.540436 -142.321564 0.622162 1.74408 0.754944
21913 1444827814.250798 -22.932922 -36.755127 -142.431 0.620392 1.734924 0.764801
21914 1444827814.260861 -23.155212 -36.626312 -142.97818 0.626587 1.733093 0.756683
21915 1444827814.270925 -23.192261 -36.626312 -142.431 0.626587 1.733093 0.76944
21916 1444827814.280993 -23.081116 -36.755127 -142.97818 0.630127 1.721191 0.765381
21917 1444827814.291056 -22.969971 -36.712189 -143.142334 0.631012 1.722107 0.782196
21918 1444827814.301118 -23.155212 -36.841003 -143.25177 0.630127 1.718445 0.80307
21919 1444827814.311189 -23.007019 -36.755127 -143.470642 0.631897 1.714783 0.799591
21920 1444827814.321251 -23.118164 -36.454559 -143.580078 0.642517 1.717529 0.790314
21921 1444827814.331316 -23.118164 -36.497498 -143.634796 0.648712 1.720276 0.764801
21922 1444827814.341378 -23.155212 -36.325745 -143.853668 0.656677 1.71936 0.754944
21923 1444827814.351441 -23.192261 -36.153992 -143.470642 0.657562 1.717529 0.73291
21924 1444827814.361538 -23.303406 -36.411621 -143.142334 0.647827 1.717529 0.708557
21925 1444827814.371604 -23.007019 -36.454559 -142.814026 0.641632 1.704712 0.691742
21926 1444827814.381682 -23.155212 -36.282806 -142.485718 0.630127 1.704712 0.695801
21927 1444827814.391749 -23.044067 -36.540436 -141.993256 0.619507 1.69281 0.6987
21928 1444827814.401811 -23.118164 -36.583374 -141.938538 0.615967 1.688232 0.694641
21929 1444827814.411874 -23.118164 -36.540436 -141.774384 0.615967 1.689148 0.69812
21930 1444827814.421936 -23.044067 -36.755127 -142.321564 0.620392 1.686401 0.711456
21931 1444827814.431997 -23.118164 -36.540436 -142.540436 0.631012 1.68457 0.736969
21932 1444827814.442072 -23.155212 -36.239868 -143.197052 0.647827 1.68457 0.739288
21933 1444827814.452155 -23.340454 -36.368683 -143.52536 0.654022 1.688232 0.750885
21934 1444827814.462192 -23.155212 -36.66925 -143.853668 0.654022 1.68457 0.776978
21935 1444827814.472259 -23.340454 -36.454559 -143.79895 0.656677 1.681824 0.782776
21936 1444827814.482320 -23.229309 -36.540436 -144.181976 0.654022 1.6745 0.787994
21937 1444827814.492387 -23.081116 -36.583374 -143.689514 0.642517 1.663513 0.800751
21938 1444827814.502450 -22.895874 -36.540436 -143.52536 0.638977 1.658936 0.80423
21939 1444827814.512543 -23.229309 -36.583374 -143.25177 0.631897 1.66626 0.792633
21940 1444827814.522609 -22.821777 -36.497498 -142.923462 0.630127 1.66626 0.783936
21941 1444827814.532672 -23.007019 -36.454559 -142.595154 0.629242 1.679993 0.757263
21942 1444827814.542735 -23.118164 -36.712189 -142.595154 0.628357 1.685486 0.744507
21943 1444827814.552798 -22.932922 -36.497498 -142.431 0.631012 1.690063 0.730591
21944 1444827814.562881 -23.044067 -36.325745 -142.595154 0.636322 1.698303 0.718994
21945 1444827814.572944 -22.821777 -36.153992 -142.376282 0.639862 1.703796 0.705078
21946 1444827814.583006 -23.340454 -36.325745 -142.649872 0.637207 1.716614 0.69928
21947 1444827814.593067 -23.155212 -36.497498 -142.321564 0.631897 1.712952 0.701599
21948 1444827814.603130 -23.007019 -36.411621 -142.540436 0.630127 1.712036 0.705078
21949 1444827814.613192 -23.118164 -36.282806 -142.70459 0.629242 1.713867 0.719574
21950 1444827814.623239 -23.118164 -36.540436 -142.97818 0.628357 1.712952 0.728851
21951 1444827814.633278 -23.118164 -36.712189 -143.361206 0.635437 1.713867 0.738129
21952 1444827814.643340 -23.118164 -36.239868 -143.580078 0.644287 1.721191 0.756683
21953 1444827814.653403 -23.229309 -36.368683 -144.291412 0.653137 1.725769 0.758423
21954 1444827814.663477 -23.192261 -36.368683 -144.181976 0.656677 1.729431 0.777557
21955 1444827814.673540 -23.340454 -36.411621 -144.181976 0.657562 1.739502 0.785675
21956 1444827814.683602 -23.303406 -36.583374 -144.07254 0.654907 1.734924 0.788574
21957 1444827814.693665 -23.303406 -36.583374 -144.127258 0.650482 1.73584 0.788574
21958 1444827814.703732 -23.118164 -36.368683 -143.306488 0.640747 1.734924 0.786835
21959 1444827814.713793 -23.192261 -36.66925 -142.814026 0.623932 1.731262 0.788574
21960 1444827814.723830 -23.044067 -36.626312 -142.431 0.615967 1.732178 0.770599
21961 1444827814.733893 -23.081116 -36.66925 -141.938538 0.606232 1.731262 0.773499
21962 1444827814.743972 -22.599487 -36.66925 -141.88382 0.604462 1.723938 0.745667
21963 1444827814.754043 -23.081116 -36.626312 -141.88382 0.608887 1.742249 0.741608
21964 1444827814.764092 -23.229309 -36.497498 -141.829102 0.615967 1.747742 0.724792
21965 1444827814.774131 -23.044067 -36.540436 -142.212128 0.626587 1.750488 0.69928
21966 1444827814.784193 -23.192261 -36.540436 -142.759308 0.633667 1.746826 0.716675
21967 1444827814.794256 -23.414551 -36.111053 -142.923462 0.644287 1.755981 0.712616
21968 1444827814.804319 -23.155212 -36.068115 -143.361206 0.650482 1.748657 0.714355
21969 1444827814.814384 -23.525696 -36.368683 -143.79895 0.649597 1.743164 0.73175
21970 1444827814.824428 -23.229309 -36.325745 -143.908386 0.649597 1.736755 0.742188
21971 1444827814.834492 -23.488647 -36.325745 -144.017822 0.651367 1.729431 0.753204
21972 1444827814.844556 -23.081116 -36.282806 -144.34613 0.652252 1.714783 0.76944
21973 1444827814.854692 -23.266357 -36.497498 -144.07254 0.651367 1.715698 0.763641
21974 1444827814.864885 -23.155212 -36.325745 -144.291412 0.655792 1.712036 0.776978
21975 1444827814.874942 -23.155212 -36.282806 -144.181976 0.657562 1.706543 0.784515
21976 1444827814.885009 -23.229309 -36.497498 -143.744232 0.654022 1.703796 0.774658
21977 1444827814.895088 -23.044067 -36.411621 -143.361206 0.645172 1.70105 0.783936
21978 1444827814.905190 -23.007019 -36.540436 -143.087616 0.635437 1.693726 0.783356
21979 1444827814.915618 -23.118164 -36.583374 -142.321564 0.624817 1.695557 0.760162
21980 1444827814.925679 -22.969971 -36.798065 -141.719666 0.610657 1.687317 0.765381
21981 1444827814.935736 -23.044067 -36.755127 -141.500793 0.607117 1.683655 0.746826
21982 1444827814.945895 -22.747681 -36.841003 -141.281921 0.600037 1.679077 0.746826
21983 1444827814.956012 -22.821777 -36.454559 -141.336639 0.608002 1.678162 0.731171
21984 1444827814.966394 -22.932922 -36.626312 -141.664948 0.611542 1.679077 0.735229
21985 1444827814.976251 -23.118164 -36.583374 -142.047974 0.625702 1.679993 0.718414
21986 1444827814.986348 -23.081116 -36.497498 -143.087616 0.638092 1.679993 0.713196
21987 1444827814.996363 -22.969971 -36.153992 -143.306488 0.650482 1.681824 0.724213
21988 1444827815.006427 -23.414551 -36.497498 -143.963104 0.657562 1.690063 0.710876
21989 1444827815.016498 -23.118164 -36.325745 -144.181976 0.664642 1.688232 0.730591
21990 1444827815.026560 -23.488647 -36.368683 -144.565002 0.667297 1.694641 0.724792
21991 1444827815.036623 -23.081116 -36.239868 -144.893311 0.667297 1.679077 0.743927
21992 1444827815.046688 -23.303406 -36.282806 -144.61972 0.661987 1.690063 0.77002
21993 1444827815.056762 -23.340454 -36.19693 -144.236694 0.661102 1.69281 0.747406
21994 1444827815.066849 -23.007019 -36.66925 -143.963104 0.646057 1.6745 0.774078
21995 1444827815.076917 -23.155212 -36.368683 -143.79895 0.647827 1.682739 0.765961
21996 1444827815.086984 -23.266357 -36.325745 -143.032898 0.641632 1.693726 0.772339
21997 1444827815.097090 -23.007019 -36.454559 -143.142334 0.635437 1.68457 0.774658
21998 1444827815.107160 -23.044067 -36.626312 -142.540436 0.626587 1.694641 0.754364
21999 1444827815.117248 -22.932922 -36.368683 -142.047974 0.623047 1.702881 0.756683
22000 1444827815.127312 -23.044067 -36.540436 -141.829102 0.615082 1.702881 0.762482
22001 1444827815.137372 -22.784729 -36.712189 -141.719666 0.607117 1.699219 0.752625
22002 1444827815.147436 -22.932922 -36.66925 -141.391357 0.604462 1.712036 0.752625
22003 1444827815.157499 -23.118164 -36.626312 -141.446075 0.605347 1.718445 0.745087
22004 1444827815.167561 -22.932922 -36.540436 -141.774384 0.608887 1.717529 0.745087
22005 1444827815.177651 -23.081116 -36.583374 -142.431 0.616852 1.722107 0.742767
22006 1444827815.187718 -23.044067 -36.368683 -142.923462 0.631012 1.724854 0.747406
22007 1444827815.197781 -23.266357 -36.411621 -143.52536 0.643402 1.733093 0.739868
22008 1444827815.207874 -23.081116 -36.19693 -143.963104 0.655792 1.734924 0.751465
22009 1444827815.217937 -23.451599 -36.19693 -144.455566 0.665527 1.744995 0.747986
22010 1444827815.228000 -23.451599 -36.111053 -144.565002 0.669067 1.748657 0.746246
22011 1444827815.238113 -23.451599 -36.325745 -144.674438 0.664642 1.750488 0.755524
22012 1444827815.248135 -23.340454 -36.368683 -144.127258 0.657562 1.755066 0.7677
22013 1444827815.258198 -23.303406 -36.325745 -143.580078 0.645172 1.75415 0.776398
22014 1444827815.268261 -23.377502 -36.583374 -142.70459 0.628357 1.758728 0.772919
22015 1444827815.278323 -22.932922 -36.626312 -142.431 0.615082 1.759644 0.781616
22016 1444827815.288386 -23.155212 -36.755127 -142.047974 0.604462 1.776123 0.781036
22017 1444827815.298448 -23.155212 -36.626312 -141.938538 0.602692 1.782532 0.777557
22018 1444827815.308516 -23.081116 -36.755127 -141.664948 0.600922 1.77887 0.772919
22019 1444827815.318578 -23.229309 -36.712189 -141.88382 0.608002 1.780701 0.761322
22020 1444827815.328662 -23.229309 -36.626312 -142.266846 0.619507 1.772461 0.746246
22021 1444827815.338819 -23.155212 -36.497498 -142.868744 0.631012 1.755981 0.752045
22022 1444827815.349015 -23.007019 -36.368683 -143.142334 0.644287 1.740417 0.730011
22023 1444827815.359071 -23.081116 -36.368683 -143.744232 0.650482 1.718445 0.736969
22024 1444827815.369135 -23.081116 -36.19693 -144.017822 0.657562 1.70929 0.73175
22025 1444827815.379254 -23.303406 -36.454559 -144.181976 0.658447 1.702881 0.725372
22026 1444827815.389316 -22.895874 -36.325745 -143.853668 0.654907 1.690063 0.743347
22027 1444827815.399400 -23.192261 -36.282806 -144.34613 0.657562 1.693726 0.741028
22028 1444827815.409494 -23.303406 -36.239868 -144.017822 0.654022 1.697388 0.746826
22029 1444827815.419549 -23.192261 -36.368683 -143.963104 0.650482 1.700134 0.748566
22030 1444827815.429607 -23.377502 -36.540436 -143.908386 0.647827 1.698303 0.754944
22031 1444827815.439676 -23.229309 -36.368683 -143.52536 0.644287 1.690063 0.759583
22032 1444827815.449757 -23.192261 -36.368683 -143.197052 0.645172 1.678162 0.756104
22033 1444827815.459838 -23.044067 -36.540436 -143.087616 0.640747 1.65802 0.761322
22034 1444827815.469924 -22.932922 -36.626312 -142.649872 0.637207 1.639709 0.756104
22035 1444827815.479977 -22.673584 -36.497498 -142.70459 0.633667 1.615906 0.765381
22036 1444827815.490044 -22.821777 -36.626312 -142.266846 0.625702 1.616821 0.765381
22037 1444827815.500107 -22.784729 -36.626312 -142.102692 0.622162 1.61499 0.754364
22038 1444827815.510219 -22.710632 -36.798065 -141.938538 0.617737 1.614075 0.759583
22039 1444827815.520281 -22.932922 -36.626312 -141.774384 0.615967 1.625977 0.756683
22040 1444827815.530389 -22.969971 -36.626312 -142.15741 0.623047 1.637878 0.749725
22041 1444827815.540482 -22.895874 -36.497498 -142.540436 0.632782 1.646118 0.746826
22042 1444827815.550548 -23.081116 -36.626312 -142.868744 0.639862 1.656189 0.735809
22043 1444827815.560670 -23.118164 -36.411621 -143.52536 0.652252 1.656189 0.736969
22044 1444827815.570735 -23.155212 -36.282806 -143.744232 0.659332 1.65802 0.73233
22045 1444827815.580807 -23.155212 -36.282806 -144.127258 0.666412 1.656189 0.729431
22046 1444827815.590878 -23.044067 -36.282806 -144.291412 0.667297 1.647034 0.73233
22047 1444827815.600995 -23.155212 -36.325745 -144.07254 0.666412 1.654358 0.73465
22048 1444827815.611065 -23.155212 -36.368683 -143.908386 0.659332 1.659851 0.738708
22049 1444827815.621122 -23.192261 -36.454559 -144.017822 0.652252 1.669922 0.749146
22050 1444827815.631193 -23.081116 -36.411621 -143.470642 0.646942 1.685486 0.753204
22051 1444827815.641518 -22.932922 -36.368683 -143.415924 0.638092 1.698303 0.76712
22052 1444827815.651617 -23.118164 -36.626312 -143.032898 0.632782 1.708374 0.757843
22053 1444827815.661765 -23.266357 -36.626312 -142.485718 0.628357 1.723022 0.756104
22054 1444827815.671892 -23.229309 -36.626312 -142.485718 0.626587 1.728516 0.760162
22055 1444827815.681958 -23.007019 -36.583374 -142.376282 0.623932 1.726685 0.761902
22056 1444827815.692076 -22.969971 -36.66925 -142.102692 0.620392 1.729431 0.756104
22057 1444827815.702233 -23.266357 -36.798065 -141.88382 0.615967 1.736755 0.760162
22058 1444827815.712292 -22.821777 -36.798065 -142.047974 0.615082 1.729431 0.764801
22059 1444827815.722353 -23.118164 -36.712189 -141.938538 0.616852 1.738586 0.754944
22060 1444827815.732845 -23.118164 -36.626312 -142.431 0.620392 1.746826 0.761902
22061 1444827815.743006 -23.229309 -36.583374 -142.540436 0.623932 1.755981 0.750305
22062 1444827815.753074 -23.081116 -36.497498 -142.759308 0.628357 1.763306 0.760162
22063 1444827815.763139 -23.303406 -36.497498 -143.306488 0.638092 1.781616 0.749725
22064 1444827815.773542 -23.266357 -36.19693 -143.634796 0.649597 1.789856 0.753784
22065 1444827815.783621 -23.599792 -36.068115 -144.07254 0.660217 1.796265 0.742767
22066 1444827815.793711 -23.414551 -36.19693 -144.017822 0.658447 1.788025 0.741608
22067 1444827815.803772 -23.488647 -36.368683 -144.017822 0.656677 1.783447 0.748566
22068 1444827815.813835 -23.192261 -36.282806 -144.07254 0.654907 1.772461 0.748566
22069 1444827815.823968 -23.192261 -36.19693 -143.744232 0.650482 1.761475 0.747406
22070 1444827815.834034 -23.229309 -36.583374 -143.52536 0.638977 1.759644 0.756104
22071 1444827815.844067 -23.229309 -36.540436 -142.97818 0.635437 1.75415 0.753784
22072 1444827815.854127 -23.192261 -36.497498 -142.814026 0.630127 1.750488 0.748566
22073 1444827815.864191 -23.118164 -36.712189 -142.376282 0.620392 1.750488 0.765381
22074 1444827815.874225 -23.192261 -36.712189 -142.321564 0.620392 1.749573 0.752045
22075 1444827815.884289 -22.895874 -36.540436 -142.047974 0.619507 1.740417 0.760742
22076 1444827815.894346 -23.192261 -36.411621 -142.321564 0.623932 1.740417 0.754364
22077 1444827815.904407 -22.969971 -36.368683 -142.15741 0.625702 1.725769 0.755524
22078 1444827815.914468 -23.044067 -36.583374 -142.485718 0.624817 1.716614 0.764801
22079 1444827815.924527 -22.858826 -36.325745 -142.540436 0.631012 1.700134 0.757263
22080 1444827815.934591 -23.266357 -36.540436 -142.814026 0.632782 1.696472 0.743347
22081 1444827815.944653 -23.044067 -36.66925 -142.649872 0.631012 1.68457 0.757843
22082 1444827815.954731 -23.044067 -36.282806 -143.415924 0.641632 1.6745 0.747406
22083 1444827815.964813 -23.081116 -36.282806 -143.25177 0.647827 1.676331 0.742188
22084 1444827815.974874 -23.192261 -36.411621 -143.79895 0.651367 1.672668 0.749725
22085 1444827815.984972 -23.155212 -36.368683 -144.017822 0.658447 1.670837 0.742767
22086 1444827815.995034 -23.155212 -36.325745 -143.908386 0.659332 1.675415 0.73349
22087 1444827816.005099 -23.118164 -36.411621 -144.181976 0.661987 1.667175 0.739868
22088 1444827816.016482 -23.192261 -36.368683 -143.853668 0.660217 1.667175 0.736969
22089 1444827816.026547 -23.155212 -36.454559 -143.744232 0.654022 1.660767 0.736969
22090 1444827816.036610 -23.007019 -36.497498 -143.634796 0.648712 1.645203 0.749725
22091 1444827816.046693 -23.081116 -36.454559 -142.923462 0.642517 1.646118 0.739868
22092 1444827816.056802 -22.932922 -36.540436 -142.868744 0.636322 1.635132 0.746826
22093 1444827816.066902 -23.007019 -36.626312 -142.540436 0.629242 1.635132 0.751465
22094 1444827816.076964 -22.969971 -36.583374 -142.321564 0.627472 1.638794 0.747986
22095 1444827816.087028 -22.784729 -36.583374 -142.15741 0.622162 1.635132 0.760162
22096 1444827816.097114 -22.969971 -36.497498 -142.485718 0.627472 1.648865 0.751465
22097 1444827816.107226 -22.858826 -36.497498 -142.102692 0.626587 1.653442 0.756683
22098 1444827816.117264 -23.081116 -36.626312 -142.540436 0.629242 1.661682 0.761322
22099 1444827816.127327 -23.044067 -36.540436 -142.431 0.632782 1.668091 0.758423
22100 1444827816.137449 -22.821777 -36.626312 -142.97818 0.637207 1.662598 0.759003
22101 1444827816.147512 -22.932922 -36.411621 -143.142334 0.639862 1.671753 0.761902
22102 1444827816.157574 -23.266357 -36.626312 -143.470642 0.642517 1.676331 0.754944
22103 1444827816.167649 -23.044067 -36.454559 -143.580078 0.647827 1.672668 0.747986
22104 1444827816.177713 -22.858826 -36.454559 -143.580078 0.646057 1.681824 0.751465
22105 1444827816.187776 -23.192261 -36.411621 -143.853668 0.651367 1.695557 0.745087
22106 1444827816.197832 -23.081116 -36.368683 -143.634796 0.648712 1.700134 0.744507
22107 1444827816.207902 -23.266357 -36.497498 -143.744232 0.648712 1.714783 0.745667
22108 1444827816.217964 -23.155212 -36.411621 -143.79895 0.646942 1.725769 0.747406
22109 1444827816.228049 -23.266357 -36.454559 -143.25177 0.643402 1.740417 0.745087
22110 1444827816.238087 -23.118164 -36.325745 -143.087616 0.639862 1.740417 0.744507
22111 1444827816.248170 -23.155212 -36.540436 -142.868744 0.633667 1.741333 0.749725
22112 1444827816.258254 -23.266357 -36.411621 -142.97818 0.630127 1.749573 0.749725
22113 1444827816.268317 -23.044067 -36.583374 -142.376282 0.621277 1.740417 0.760742
22114 1444827816.278379 -23.007019 -36.583374 -142.540436 0.620392 1.740417 0.76712
22115 1444827816.288444 -23.007019 -36.583374 -142.15741 0.620392 1.747742 0.765961
22116 1444827816.298509 -23.229309 -36.66925 -142.485718 0.618622 1.749573 0.764801
22117 1444827816.308593 -23.044067 -36.712189 -142.814026 0.622162 1.748657 0.764221
22118 1444827816.318657 -23.007019 -36.540436 -142.376282 0.625702 1.757812 0.76944
22119 1444827816.328740 -23.155212 -36.66925 -142.759308 0.624817 1.758728 0.765381
22120 1444827816.338803 -23.488647 -36.66925 -142.70459 0.629242 1.773376 0.7677
22121 1444827816.348827 -23.044067 -36.497498 -143.197052 0.637207 1.761475 0.759003
22122 1444827816.358884 -23.118164 -36.583374 -143.52536 0.638977 1.755981 0.76712
22123 1444827816.368946 -23.266357 -36.325745 -143.197052 0.642517 1.766052 0.758423
22124 1444827816.378983 -23.229309 -36.497498 -143.415924 0.642517 1.755066 0.756104
22125 1444827816.389096 -23.192261 -36.497498 -143.580078 0.644287 1.749573 0.749146
22126 1444827816.399159 -23.155212 -36.282806 -143.470642 0.643402 1.751404 0.752045
22127 1444827816.409222 -23.340454 -36.497498 -143.415924 0.640747 1.742249 0.753204
22128 1444827816.419305 -22.895874 -36.454559 -143.361206 0.640747 1.732178 0.743927
22129 1444827816.429366 -23.266357 -36.411621 -143.634796 0.641632 1.732178 0.745087
22130 1444827816.439516 -23.192261 -36.19693 -143.25177 0.644287 1.724854 0.743927
22131 1444827816.449599 -23.044067 -36.540436 -143.087616 0.637207 1.717529 0.742767
22132 1444827816.459683 -22.858826 -36.583374 -142.814026 0.632782 1.704712 0.752625
22133 1444827816.469808 -23.266357 -36.540436 -142.595154 0.631897 1.70929 0.742188
22134 1444827816.479828 -23.007019 -36.583374 -142.759308 0.627472 1.695557 0.753784
22135 1444827816.489894 -22.895874 -36.712189 -142.540436 0.626587 1.678162 0.759583
22136 1444827816.499970 -23.118164 -36.540436 -142.814026 0.630127 1.676331 0.751465
22137 1444827816.510032 -23.081116 -36.583374 -142.431 0.628357 1.6745 0.765381
22138 1444827816.520142 -23.229309 -36.583374 -142.595154 0.631897 1.66626 0.760162
22139 1444827816.530204 -22.932922 -36.583374 -143.142334 0.637207 1.653442 0.754944
22140 1444827816.540267 -22.895874 -36.368683 -143.306488 0.642517 1.658936 0.766541
22141 1444827816.550328 -22.932922 -36.411621 -143.25177 0.646057 1.661682 0.760742
22142 1444827816.560392 -22.969971 -36.497498 -143.853668 0.650482 1.651611 0.744507
22143 1444827816.570454 -23.044067 -36.282806 -143.361206 0.650482 1.65802 0.753784
22144 1444827816.580517 -23.451599 -36.239868 -143.25177 0.654022 1.668091 0.743927
22145 1444827816.590579 -22.895874 -36.454559 -143.744232 0.651367 1.647949 0.745087
22146 1444827816.600669 -23.081116 -36.325745 -143.580078 0.651367 1.653442 0.73465
22147 1444827816.610731 -23.266357 -36.239868 -143.197052 0.649597 1.665344 0.73291
22148 1444827816.620813 -23.081116 -36.368683 -143.25177 0.645172 1.656189 0.73349
22149 1444827816.630874 -23.155212 -36.411621 -143.306488 0.645172 1.657104 0.730011
22150 1444827816.640938 -23.044067 -36.153992 -142.97818 0.642517 1.659851 0.743347
22151 1444827816.651031 -22.969971 -36.239868 -142.923462 0.644287 1.65802 0.736969
22152 1444827816.661112 -23.007019 -36.583374 -143.032898 0.638092 1.664429 0.730011
22153 1444827816.671322 -22.932922 -36.239868 -142.70459 0.637207 1.669922 0.753784
22154 1444827816.681415 -23.155212 -36.540436 -142.814026 0.635437 1.683655 0.736389
22155 1444827816.691481 -23.007019 -36.66925 -142.868744 0.631897 1.676331 0.756683
22156 1444827816.701545 -23.081116 -36.282806 -142.70459 0.635437 1.691895 0.752045
22157 1444827816.711651 -22.932922 -36.411621 -142.97818 0.635437 1.690063 0.753784
22158 1444827816.721877 -23.451599 -36.583374 -142.70459 0.635437 1.710205 0.754944
22159 1444827816.731941 -22.932922 -36.282806 -143.25177 0.639862 1.698303 0.763062
22160 1444827816.742004 -23.192261 -36.540436 -143.361206 0.640747 1.707458 0.760742
22161 1444827816.752073 -23.155212 -36.454559 -143.032898 0.640747 1.715698 0.761902
22162 1444827816.762134 -23.192261 -36.368683 -143.197052 0.643402 1.723938 0.744507
22163 1444827816.772194 -23.451599 -36.368683 -143.25177 0.644287 1.726685 0.759583
22164 1444827816.782260 -23.303406 -36.497498 -143.415924 0.642517 1.736755 0.743927
22165 1444827816.792324 -22.895874 -36.325745 -143.306488 0.641632 1.732178 0.750305
22166 1444827816.802386 -23.340454 -36.454559 -143.087616 0.638092 1.751404 0.748566
22167 1444827816.812464 -23.229309 -36.540436 -143.142334 0.636322 1.757812 0.736389
22168 1444827816.822527 -23.192261 -36.497498 -143.032898 0.633667 1.746826 0.752045
22169 1444827816.832589 -23.192261 -36.19693 -143.032898 0.638092 1.75415 0.741608
22170 1444827816.842655 -23.229309 -36.497498 -142.814026 0.632782 1.755981 0.743347
22171 1444827816.852718 -23.155212 -36.540436 -143.087616 0.632782 1.745911 0.756683
22172 1444827816.862786 -23.007019 -36.411621 -142.97818 0.635437 1.753235 0.743927
22173 1444827816.872848 -23.340454 -36.411621 -142.70459 0.634552 1.761475 0.746826
22174 1444827816.882909 -23.118164 -36.66925 -143.032898 0.631012 1.748657 0.762482
22175 1444827816.892971 -23.414551 -36.497498 -142.97818 0.634552 1.75415 0.754944
22176 1444827816.903049 -23.192261 -36.540436 -142.485718 0.630127 1.755981 0.761322
22177 1444827816.913111 -23.118164 -36.540436 -143.25177 0.632782 1.744995 0.76886
22178 1444827816.923174 -23.303406 -36.411621 -142.814026 0.634552 1.751404 0.756683
22179 1444827816.933237 -23.377502 -36.626312 -142.70459 0.631012 1.750488 0.772339
22180 1444827816.943300 -23.303406 -36.583374 -143.142334 0.634552 1.738586 0.754944
22181 1444827816.953379 -23.118164 -36.454559 -143.197052 0.639862 1.732178 0.743347
22182 1444827816.963442 -23.007019 -36.712189 -143.142334 0.634552 1.723022 0.764801
22183 1444827816.973474 -23.192261 -36.411621 -143.197052 0.640747 1.725769 0.748566
22184 1444827816.983535 -23.118164 -36.325745 -143.306488 0.645172 1.717529 0.735229
22185 1444827816.993597 -22.969971 -36.583374 -143.25177 0.639862 1.705627 0.755524
22186 1444827817.003660 -23.340454 -36.497498 -143.361206 0.643402 1.714783 0.73291
22187 1444827817.013722 -22.969971 -36.325745 -143.197052 0.644287 1.700134 0.73465
22188 1444827817.023786 -23.155212 -36.583374 -143.087616 0.641632 1.700134 0.735229
22189 1444827817.033847 -23.081116 -36.497498 -143.087616 0.639862 1.694641 0.740448
22190 1444827817.043909 -23.081116 -36.66925 -143.087616 0.636322 1.681824 0.749725
22191 1444827817.053972 -23.044067 -36.411621 -143.361206 0.641632 1.678162 0.740448
22192 1444827817.064035 -23.118164 -36.497498 -142.868744 0.641632 1.677246 0.743347
22193 1444827817.074102 -23.044067 -36.626312 -143.032898 0.638977 1.670837 0.750305
22194 1444827817.084165 -22.932922 -36.411621 -142.923462 0.642517 1.662598 0.749146
22195 1444827817.094227 -23.155212 -36.626312 -143.087616 0.640747 1.662598 0.747986
22196 1444827817.104289 -22.895874 -36.454559 -143.197052 0.640747 1.647034 0.759583
22197 1444827817.114352 -23.155212 -36.626312 -142.923462 0.640747 1.658936 0.750885
22198 1444827817.124414 -22.858826 -36.583374 -143.032898 0.639862 1.652527 0.754944
22199 1444827817.134481 -23.081116 -36.66925 -142.97818 0.637207 1.654358 0.754944
22200 1444827817.144543 -22.932922 -36.626312 -142.97818 0.637207 1.657104 0.757263
22201 1444827817.154607 -23.044067 -36.540436 -142.97818 0.638977 1.65802 0.750885
22202 1444827817.164685 -22.858826 -36.583374 -143.197052 0.640747 1.655273 0.754364
22203 1444827817.174814 -23.192261 -36.583374 -142.97818 0.639862 1.667175 0.744507
22204 1444827817.184888 -22.784729 -36.497498 -142.97818 0.640747 1.660767 0.742767
22205 1444827817.194905 -23.118164 -36.411621 -143.032898 0.645172 1.672668 0.738129
22206 1444827817.204967 -23.118164 -36.583374 -143.087616 0.641632 1.673584 0.736969
22207 1444827817.215029 -23.118164 -36.411621 -143.361206 0.643402 1.681824 0.747406
22208 1444827817.225093 -23.155212 -36.282806 -142.97818 0.645172 1.690063 0.735229
22209 1444827817.235156 -23.118164 -36.540436 -143.087616 0.642517 1.690063 0.741608
22210 1444827817.245216 -23.081116 -36.325745 -142.814026 0.644287 1.701965 0.717834
22211 1444827817.255279 -23.155212 -36.454559 -143.032898 0.641632 1.708374 0.714935
22212 1444827817.265341 -23.081116 -36.239868 -142.649872 0.642517 1.712952 0.713196
22213 1444827817.275407 -23.155212 -36.540436 -142.595154 0.633667 1.717529 0.725372
22214 1444827817.285473 -23.192261 -36.66925 -142.649872 0.623047 1.710205 0.754364
22215 1444827817.295536 -23.118164 -36.626312 -142.923462 0.624817 1.716614 0.755524
22216 1444827817.305598 -23.303406 -36.626312 -142.97818 0.629242 1.723938 0.776398
22217 1444827817.315662 -23.192261 -36.626312 -143.415924 0.635437 1.720276 0.791473
22218 1444827817.325722 -23.155212 -36.497498 -143.634796 0.646057 1.730347 0.787415
22219 1444827817.335782 -23.118164 -36.368683 -144.017822 0.654022 1.73584 0.796692
22220 1444827817.345845 -23.155212 -36.19693 -143.908386 0.660217 1.745911 0.776978
22221 1444827817.355883 -23.377502 -36.368683 -143.853668 0.656677 1.752319 0.789154
22222 1444827817.365945 -23.155212 -36.325745 -143.634796 0.650482 1.747742 0.786255
22223 1444827817.376008 -23.118164 -36.368683 -143.306488 0.638977 1.750488 0.766541
22224 1444827817.386070 -23.118164 -36.540436 -142.595154 0.624817 1.747742 0.77002
22225 1444827817.396133 -23.081116 -36.626312 -142.266846 0.615082 1.750488 0.757843
22226 1444827817.406236 -23.007019 -36.626312 -142.212128 0.612427 1.753235 0.738129
22227 1444827817.416299 -23.007019 -36.540436 -141.88382 0.612427 1.744995 0.740448
22228 1444827817.426359 -23.340454 -36.66925 -142.212128 0.618622 1.758728 0.724792
22229 1444827817.436421 -23.081116 -36.66925 -142.102692 0.623932 1.755066 0.713196
22230 1444827817.446486 -23.266357 -36.325745 -142.97818 0.639862 1.755066 0.706238
22231 1444827817.456575 -23.266357 -36.239868 -143.25177 0.652252 1.758728 0.710297
22232 1444827817.466612 -23.266357 -36.19693 -143.52536 0.654022 1.755066 0.720734
22233 1444827817.476675 -23.266357 -36.239868 -143.634796 0.654907 1.745911 0.73465
22234 1444827817.486745 -23.377502 -36.325745 -143.580078 0.650482 1.746826 0.745087
22235 1444827817.496807 -23.081116 -36.368683 -143.689514 0.646057 1.729431 0.764801
22236 1444827817.506870 -23.192261 -36.454559 -143.853668 0.642517 1.716614 0.774658
22237 1444827817.516934 -22.969971 -36.411621 -143.634796 0.639862 1.707458 0.786255
22238 1444827817.526996 -23.192261 -36.626312 -143.415924 0.639862 1.707458 0.782196
22239 1444827817.537059 -23.081116 -36.626312 -143.470642 0.638092 1.699219 0.785095
22240 1444827817.547121 -23.007019 -36.583374 -143.361206 0.640747 1.693726 0.789734
22241 1444827817.557182 -23.192261 -36.411621 -143.142334 0.646057 1.698303 0.77002
22242 1444827817.567246 -23.155212 -36.540436 -143.25177 0.645172 1.694641 0.760742
22243 1444827817.577308 -22.969971 -36.583374 -142.814026 0.638092 1.689148 0.760162
22244 1444827817.587371 -23.007019 -36.497498 -142.649872 0.637207 1.689148 0.744507
22245 1444827817.597433 -23.081116 -36.540436 -142.212128 0.629242 1.683655 0.738708
22246 1444827817.607512 -22.969971 -36.626312 -142.266846 0.623932 1.672668 0.738708
22247 1444827817.617542 -22.895874 -36.411621 -142.047974 0.623932 1.669006 0.725952
22248 1444827817.627610 -23.155212 -36.626312 -142.266846 0.619507 1.671753 0.731171
22249 1444827817.637676 -22.932922 -36.282806 -142.15741 0.630127 1.670837 0.718994
22250 1444827817.647738 -23.007019 -36.368683 -143.032898 0.638092 1.668091 0.706818
22251 1444827817.657801 -23.081116 -36.454559 -143.25177 0.645172 1.667175 0.730591
22252 1444827817.667864 -23.266357 -36.111053 -143.744232 0.659332 1.675415 0.727112
22253 1444827817.677927 -23.229309 -36.068115 -144.017822 0.670837 1.677246 0.714355
22254 1444827817.687965 -23.155212 -36.282806 -144.291412 0.669067 1.670837 0.747986
22255 1444827817.698027 -23.303406 -36.282806 -144.127258 0.668182 1.677246 0.750305
22256 1444827817.708098 -23.303406 -36.239868 -144.291412 0.665527 1.673584 0.753204
22257 1444827817.718159 -23.044067 -36.325745 -143.744232 0.655792 1.670837 0.77002
22258 1444827817.728222 -23.081116 -36.712189 -143.634796 0.641632 1.670837 0.780457
22259 1444827817.738283 -23.118164 -36.497498 -143.142334 0.638977 1.670837 0.77002
22260 1444827817.748347 -22.858826 -36.583374 -143.032898 0.632782 1.669006 0.778137
22261 1444827817.758418 -23.044067 -36.583374 -142.540436 0.629242 1.679077 0.774078
22262 1444827817.768460 -22.932922 -36.540436 -142.376282 0.631012 1.688232 0.757263
22263 1444827817.778527 -22.969971 -36.497498 -142.266846 0.629242 1.695557 0.746826
22264 1444827817.788583 -23.044067 -36.755127 -142.431 0.626587 1.699219 0.746246
22265 1444827817.798674 -23.155212 -36.368683 -142.15741 0.630127 1.712036 0.728271
22266 1444827817.808738 -23.081116 -36.540436 -142.15741 0.626587 1.713867 0.73407
22267 1444827817.818801 -23.118164 -36.626312 -142.212128 0.623047 1.71936 0.73233
22268 1444827817.828879 -23.266357 -36.454559 -142.540436 0.628357 1.724854 0.720154
22269 1444827817.838943 -23.044067 -36.497498 -142.70459 0.630127 1.7276 0.741608
22270 1444827817.849006 -23.192261 -36.454559 -143.25177 0.637207 1.732178 0.728851
22271 1444827817.859069 -23.266357 -36.540436 -143.415924 0.643402 1.737671 0.736389
22272 1444827817.869133 -23.303406 -36.368683 -144.017822 0.654022 1.741333 0.743927
22273 1444827817.879196 -23.414551 -36.411621 -143.908386 0.660217 1.746826 0.747406
22274 1444827817.889259 -23.377502 -36.497498 -144.181976 0.660217 1.749573 0.753204
22275 1444827817.899287 -23.340454 -36.19693 -144.400848 0.664642 1.749573 0.759003
22276 1444827817.909350 -23.340454 -36.282806 -144.34613 0.663757 1.753235 0.754364
22277 1444827817.919412 -23.229309 -36.239868 -143.908386 0.658447 1.750488 0.765961
22278 1444827817.929547 -23.118164 -36.368683 -143.470642 0.646057 1.742249 0.775238
22279 1444827817.939609 -23.377502 -36.755127 -143.087616 0.631897 1.745911 0.773499
22280 1444827817.949669 -22.858826 -36.583374 -142.376282 0.622162 1.737671 0.781036
22281 1444827817.959730 -23.340454 -36.454559 -142.15741 0.619507 1.74408 0.762482
22282 1444827817.969815 -22.821777 -36.841003 -141.938538 0.608002 1.733093 0.770599
22283 1444827817.979878 -23.229309 -36.712189 -141.88382 0.613312 1.737671 0.756683
22284 1444827817.989941 -23.118164 -36.540436 -141.719666 0.617737 1.737671 0.750305
22285 1444827818.000015 -22.932922 -36.540436 -141.993256 0.621277 1.733093 0.742767
22286 1444827818.010077 -23.192261 -36.368683 -142.321564 0.632782 1.737671 0.731171
22287 1444827818.020112 -23.007019 -36.411621 -142.431 0.632782 1.733093 0.729431
22288 1444827818.030156 -23.081116 -36.368683 -142.923462 0.634552 1.729431 0.741608
22289 1444827818.040218 -23.303406 -36.368683 -143.142334 0.641632 1.725769 0.736389
22290 1444827818.050280 -23.118164 -36.325745 -143.306488 0.645172 1.716614 0.738129
22291 1444827818.060343 -23.118164 -36.454559 -143.908386 0.649597 1.711121 0.740448
22292 1444827818.070404 -23.118164 -36.497498 -144.017822 0.653137 1.706543 0.747406
22293 1444827818.080470 -23.451599 -36.454559 -143.963104 0.658447 1.710205 0.738708
22294 1444827818.090532 -23.192261 -36.454559 -143.963104 0.658447 1.705627 0.754944
22295 1444827818.100592 -23.303406 -36.497498 -144.34613 0.662872 1.700134 0.743347
22296 1444827818.110659 -23.118164 -36.325745 -144.017822 0.661987 1.69281 0.753204
22297 1444827818.120752 -23.044067 -36.411621 -143.634796 0.653137 1.690063 0.763062
22298 1444827818.130814 -23.266357 -36.626312 -143.197052 0.645172 1.691895 0.750305
22299 1444827818.140875 -22.969971 -36.540436 -142.814026 0.636322 1.673584 0.759583
22300 1444827818.150937 -22.895874 -36.755127 -142.266846 0.624817 1.676331 0.754364
22301 1444827818.161002 -23.118164 -36.583374 -141.938538 0.620392 1.673584 0.754364
22302 1444827818.171028 -22.821777 -36.712189 -141.938538 0.614197 1.664429 0.759003
22303 1444827818.181090 -22.969971 -36.755127 -141.500793 0.614197 1.670837 0.742188
22304 1444827818.191152 -23.007019 -36.755127 -141.664948 0.615967 1.668091 0.751465
22305 1444827818.201213 -22.932922 -36.497498 -142.102692 0.625702 1.672668 0.746246
22306 1444827818.211278 -23.044067 -36.712189 -142.485718 0.631897 1.678162 0.73407
22307 1444827818.221298 -23.081116 -36.368683 -142.540436 0.641632 1.676331 0.738708
22308 1444827818.231361 -23.229309 -36.583374 -143.142334 0.646942 1.68457 0.741608
22309 1444827818.241444 -23.340454 -36.282806 -143.689514 0.656677 1.68457 0.726532
22310 1444827818.251506 -23.118164 -36.325745 -143.963104 0.660217 1.685486 0.740448
22311 1444827818.261569 -23.044067 -36.325745 -144.181976 0.660217 1.683655 0.740448
22312 1444827818.271683 -23.081116 -36.19693 -144.181976 0.661102 1.685486 0.751465
22313 1444827818.281790 -23.155212 -36.325745 -144.017822 0.655792 1.693726 0.753204
22314 1444827818.291853 -23.340454 -36.368683 -143.79895 0.657562 1.698303 0.741608
22315 1444827818.301914 -23.118164 -36.325745 -143.963104 0.656677 1.694641 0.757843
22316 1444827818.311975 -23.192261 -36.454559 -143.415924 0.652252 1.702881 0.747406
22317 1444827818.322038 -23.229309 -36.712189 -143.361206 0.645172 1.710205 0.745087
22318 1444827818.332127 -23.155212 -36.497498 -143.032898 0.638977 1.712036 0.754944
22319 1444827818.342157 -22.932922 -36.411621 -142.485718 0.635437 1.712952 0.750885
22320 1444827818.352220 -23.007019 -36.626312 -142.376282 0.627472 1.711121 0.748566
22321 1444827818.362285 -23.044067 -36.583374 -142.15741 0.621277 1.716614 0.752045
22322 1444827818.372353 -22.895874 -36.626312 -141.774384 0.616852 1.717529 0.744507
22323 1444827818.382416 -22.858826 -36.540436 -141.88382 0.614197 1.71936 0.762482
22324 1444827818.392478 -22.969971 -36.66925 -141.829102 0.614197 1.726685 0.746246
22325 1444827818.402547 -23.007019 -36.66925 -142.212128 0.616852 1.7276 0.752625
22326 1444827818.412606 -23.118164 -36.583374 -142.595154 0.625702 1.734924 0.752045
22327 1444827818.422670 -22.932922 -36.325745 -142.431 0.635437 1.738586 0.745667
22328 1444827818.432733 -23.377502 -36.540436 -142.649872 0.636322 1.746826 0.759583
22329 1444827818.442795 -23.229309 -36.583374 -143.142334 0.638977 1.717529 0.754944
22330 1444827818.452857 -22.969971 -36.282806 -142.814026 0.642517 1.707458 0.748566
22331 1444827818.462934 -23.192261 -36.626312 -142.431 0.632782 1.691895 0.763062
22332 1444827818.473015 -23.044067 -36.712189 -142.649872 0.629242 1.658936 0.760162
22333 1444827818.483078 -22.710632 -36.583374 -142.97818 0.631897 1.611328 0.766541
22334 1444827818.493141 -22.784729 -36.540436 -143.087616 0.639862 1.602173 0.752045
22335 1444827818.503203 -22.932922 -36.497498 -144.017822 0.648712 1.614075 0.753204
22336 1444827818.513274 -22.821777 -36.153992 -144.07254 0.663757 1.625977 0.739288
22337 1444827818.523337 -23.155212 -36.153992 -144.893311 0.677917 1.656189 0.73349
22338 1444827818.533370 -23.340454 -36.111053 -144.729156 0.685883 1.685486 0.721893
22339 1444827818.543431 -23.377502 -36.068115 -145.057465 0.686768 1.699219 0.721893
22340 1444827818.553507 -23.377502 -36.111053 -144.948029 0.685883 1.704712 0.718994
22341 1444827818.563570 -23.525696 -36.19693 -144.455566 0.672607 1.716614 0.707977
22342 1444827818.573652 -23.266357 -36.454559 -143.908386 0.657562 1.711121 0.728271
22343 1444827818.583715 -23.081116 -36.325745 -143.634796 0.648712 1.70929 0.727112
22344 1444827818.593777 -23.007019 -36.497498 -142.923462 0.631897 1.706543 0.740448
22345 1444827818.603846 -22.969971 -36.540436 -142.485718 0.622162 1.703796 0.749725
22346 1444827818.613926 -22.821777 -36.626312 -142.047974 0.614197 1.705627 0.754944
22347 1444827818.623988 -22.895874 -36.712189 -141.719666 0.608887 1.722107 0.764221
22348 1444827818.634052 -22.969971 -36.626312 -141.938538 0.613312 1.742249 0.762482
22349 1444827818.644120 -23.192261 -36.755127 -141.88382 0.613312 1.77063 0.765961
22350 1444827818.654221 -23.118164 -36.626312 -142.102692 0.619507 1.78894 0.777557
22351 1444827818.664329 -23.229309 -36.497498 -142.540436 0.624817 1.806335 0.771759
22352 1444827818.674472 -23.303406 -36.540436 -142.485718 0.623932 1.811829 0.781036
22353 1444827818.684605 -23.340454 -36.583374 -142.595154 0.623932 1.809998 0.779297
22354 1444827818.694629 -23.266357 -36.540436 -142.759308 0.623047 1.800842 0.774658
22355 1444827818.704692 -23.155212 -36.626312 -142.923462 0.622162 1.792603 0.76886
22356 1444827818.714738 -23.192261 -36.540436 -143.142334 0.629242 1.790771 0.764801
22357 1444827818.724802 -23.414551 -36.497498 -143.689514 0.638092 1.796265 0.765381
22358 1444827818.734865 -23.192261 -36.153992 -143.963104 0.652252 1.795349 0.749146
22359 1444827818.744950 -23.636841 -36.239868 -144.455566 0.660217 1.804504 0.73233
22360 1444827818.755002 -23.377502 -36.325745 -144.455566 0.664642 1.814575 0.737549
22361 1444827818.765065 -23.562744 -36.025177 -144.400848 0.667297 1.825562 0.721313
22362 1444827818.775130 -23.451599 -36.325745 -143.963104 0.657562 1.820068 0.73175
22363 1444827818.785192 -23.451599 -36.025177 -143.963104 0.658447 1.822815 0.724792
22364 1444827818.795255 -23.266357 -36.411621 -143.25177 0.637207 1.806335 0.735809
22365 1444827818.805316 -23.340454 -36.626312 -142.97818 0.625702 1.790771 0.738708
22366 1444827818.815378 -23.266357 -36.540436 -142.814026 0.623932 1.779785 0.744507
22367 1444827818.825440 -23.155212 -36.626312 -142.047974 0.611542 1.749573 0.753204
22368 1444827818.835502 -22.895874 -36.583374 -142.321564 0.613312 1.725769 0.76944
22369 1444827818.845564 -22.895874 -36.325745 -142.212128 0.619507 1.716614 0.771179
22370 1444827818.855633 -23.081116 -36.454559 -141.993256 0.621277 1.714783 0.770599
22371 1444827818.865690 -22.858826 -36.497498 -142.649872 0.627472 1.698303 0.772339
22372 1444827818.875751 -22.932922 -36.540436 -142.97818 0.634552 1.697388 0.76828
22373 1444827818.885804 -23.192261 -36.368683 -142.759308 0.639862 1.707458 0.765381
22374 1444827818.895846 -23.118164 -36.325745 -143.197052 0.644287 1.698303 0.764801
22375 1444827818.905909 -23.081116 -36.411621 -143.361206 0.645172 1.691895 0.757843
22376 1444827818.915997 -23.155212 -36.583374 -143.306488 0.641632 1.681824 0.753784
22377 1444827818.926059 -22.895874 -36.068115 -143.580078 0.653137 1.669006 0.736389
22378 1444827818.936121 -23.192261 -36.239868 -143.52536 0.651367 1.667175 0.708557
22379 1444827818.946182 -23.081116 -36.583374 -143.634796 0.646942 1.641541 0.73233
22380 1444827818.956264 -22.821777 -36.239868 -144.07254 0.656677 1.626892 0.718994
22381 1444827818.966356 -23.118164 -36.368683 -143.689514 0.658447 1.633301 0.705658
22382 1444827818.976383 -22.969971 -36.325745 -143.853668 0.661102 1.627808 0.730591
22383 1444827818.986449 -22.969971 -36.239868 -144.291412 0.666412 1.633301 0.721893
22384 1444827818.996510 -23.081116 -36.411621 -143.963104 0.660217 1.640625 0.736969
22385 1444827819.006573 -23.118164 -36.368683 -143.634796 0.654907 1.647034 0.754364
22386 1444827819.016655 -23.192261 -36.540436 -143.361206 0.648712 1.651611 0.738708
22387 1444827819.026720 -22.932922 -36.66925 -143.032898 0.636322 1.641541 0.772339
22388 1444827819.036786 -23.081116 -36.712189 -142.759308 0.631897 1.641541 0.761902
22389 1444827819.046859 -22.821777 -36.712189 -142.321564 0.624817 1.638794 0.775818
22390 1444827819.056922 -23.044067 -36.755127 -142.431 0.623047 1.639709 0.775238
22391 1444827819.066997 -22.858826 -36.712189 -142.212128 0.621277 1.638794 0.76944
22392 1444827819.077113 -22.969971 -36.755127 -142.649872 0.623047 1.644287 0.77002
22393 1444827819.087199 -22.969971 -36.798065 -142.540436 0.626587 1.659851 0.759583
22394 1444827819.097256 -23.044067 -36.454559 -142.814026 0.635437 1.669006 0.748566
22395 1444827819.107298 -22.932922 -36.540436 -142.868744 0.636322 1.681824 0.759583
22396 1444827819.117379 -23.229309 -36.282806 -143.25177 0.646057 1.707458 0.73233
22397 1444827819.127463 -23.044067 -36.282806 -143.361206 0.647827 1.722107 0.740448
22398 1444827819.137525 -23.303406 -36.368683 -143.415924 0.649597 1.738586 0.725952
22399 1444827819.147587 -23.155212 -36.325745 -143.689514 0.646942 1.737671 0.73349
22400 1444827819.157743 -23.192261 -36.325745 -143.908386 0.648712 1.743164 0.737549
22401 1444827819.167828 -23.192261 -36.368683 -143.52536 0.646942 1.749573 0.738129
22402 1444827819.177890 -23.303406 -36.368683 -143.963104 0.647827 1.750488 0.736969
22403 1444827819.187952 -23.192261 -36.153992 -143.634796 0.650482 1.75415 0.735809
22404 1444827819.198014 -23.155212 -36.497498 -143.689514 0.646057 1.764221 0.750305
22405 1444827819.208117 -23.303406 -36.325745 -143.634796 0.647827 1.77063 0.745667
22406 1444827819.218190 -23.377502 -36.282806 -143.580078 0.645172 1.784363 0.752045
22407 1444827819.228253 -23.229309 -36.325745 -143.087616 0.638092 1.791687 0.763641
22408 1444827819.238316 -23.192261 -36.626312 -143.032898 0.630127 1.792603 0.771179
22409 1444827819.248430 -23.414551 -36.583374 -142.649872 0.621277 1.804504 0.771759
22410 1444827819.258540 -23.118164 -36.712189 -142.321564 0.613312 1.795349 0.782776
22411 1444827819.268609 -23.118164 -36.540436 -142.15741 0.614197 1.799011 0.753784
22412 1444827819.278669 -22.969971 -36.540436 -142.047974 0.615967 1.799011 0.731171
22413 1444827819.288745 -23.155212 -36.411621 -141.938538 0.617737 1.799011 0.730011
22414 1444827819.298808 -23.081116 -36.411621 -141.993256 0.618622 1.789856 0.723633
22415 1444827819.308996 -23.229309 -36.583374 -142.485718 0.615967 1.781616 0.73349
22416 1444827819.319061 -22.969971 -36.497498 -142.759308 0.618622 1.766968 0.759583
22417 1444827819.329125 -23.229309 -36.497498 -143.306488 0.629242 1.774292 0.749725
22418 1444827819.339189 -23.266357 -36.540436 -143.908386 0.638977 1.766968 0.781036
22419 1444827819.349285 -23.266357 -36.368683 -144.400848 0.655792 1.768799 0.783356
22420 1444827819.359417 -23.451599 -36.239868 -145.221619 0.669067 1.767883 0.781036
22421 1444827819.369480 -23.710938 -36.282806 -145.057465 0.677917 1.766968 0.775238
22422 1444827819.379563 -23.229309 -36.111053 -145.002747 0.680573 1.753235 0.776398
22423 1444827819.389650 -23.414551 -36.282806 -145.057465 0.676147 1.741333 0.77002
22424 1444827819.399712 -23.340454 -36.454559 -144.61972 0.666412 1.733093 0.775238
22425 1444827819.409776 -23.229309 -36.411621 -143.963104 0.655792 1.721191 0.760742
22426 1444827819.419845 -22.858826 -36.712189 -143.52536 0.638092 1.707458 0.753204
22427 1444827819.429907 -22.969971 -36.626312 -142.649872 0.621277 1.696472 0.757263
22428 1444827819.439970 -23.081116 -36.712189 -141.719666 0.608887 1.695557 0.745667
22429 1444827819.450033 -22.895874 -36.841003 -141.281921 0.600922 1.683655 0.73233
22430 1444827819.460098 -22.858826 -36.798065 -141.227203 0.600922 1.681824 0.728271
22431 1444827819.470159 -23.081116 -36.755127 -141.117767 0.609772 1.690063 0.712616
22432 1444827819.480223 -22.821777 -36.454559 -141.610229 0.618622 1.68457 0.709717
22433 1444827819.490286 -23.081116 -36.497498 -142.212128 0.633667 1.687317 0.712616
22434 1444827819.500348 -23.229309 -36.540436 -142.923462 0.642517 1.687317 0.722473
22435 1444827819.510433 -23.007019 -36.368683 -143.197052 0.651367 1.6745 0.730011
22436 1444827819.520494 -23.266357 -36.497498 -144.017822 0.654022 1.673584 0.731171
22437 1444827819.530558 -23.007019 -36.282806 -144.07254 0.660217 1.654358 0.760742
22438 1444827819.540622 -23.118164 -36.368683 -144.893311 0.665527 1.656189 0.759003
22439 1444827819.550686 -23.118164 -36.454559 -144.783875 0.664642 1.650696 0.76944
22440 1444827819.560827 -23.192261 -36.368683 -144.893311 0.670837 1.64978 0.771759
22441 1444827819.570893 -23.044067 -36.454559 -144.948029 0.669952 1.654358 0.76886
22442 1444827819.580983 -23.044067 -36.325745 -144.510284 0.669952 1.664429 0.766541
22443 1444827819.591072 -23.229309 -36.325745 -144.565002 0.668182 1.6745 0.754944
22444 1444827819.601140 -23.118164 -36.411621 -144.127258 0.657562 1.680908 0.754364
22445 1444827819.611378 -23.044067 -36.325745 -143.415924 0.647827 1.690979 0.745087
22446 1444827819.621679 -23.118164 -36.454559 -142.70459 0.633667 1.701965 0.741028
22447 1444827819.631743 -23.007019 -36.712189 -142.047974 0.615967 1.693726 0.740448
22448 1444827819.641870 -22.932922 -36.66925 -141.664948 0.608002 1.694641 0.724213
22449 1444827819.651935 -22.673584 -36.626312 -141.336639 0.600037 1.682739 0.735809
22450 1444827819.661998 -22.969971 -36.798065 -141.446075 0.599152 1.685486 0.729431
22451 1444827819.672064 -22.747681 -36.626312 -141.446075 0.605347 1.680908 0.728271
22452 1444827819.682144 -22.969971 -36.66925 -142.15741 0.615082 1.68457 0.735809
22453 1444827819.692168 -23.192261 -36.626312 -142.70459 0.629242 1.700134 0.725372
22454 1444827819.702295 -22.969971 -36.368683 -142.97818 0.643402 1.707458 0.739868
22455 1444827819.712451 -23.229309 -36.454559 -144.017822 0.654022 1.716614 0.748566
22456 1444827819.722527 -23.266357 -36.282806 -144.400848 0.663757 1.728516 0.746826
22457 1444827819.732600 -23.340454 -36.325745 -144.893311 0.666412 1.734924 0.760162
22458 1444827819.742660 -23.340454 -36.19693 -144.838593 0.667297 1.739502 0.772339
22459 1444827819.752789 -23.525696 -36.368683 -144.893311 0.663757 1.738586 0.76828
22460 1444827819.762919 -23.340454 -36.325745 -144.565002 0.657562 1.733093 0.772339
22461 1444827819.772981 -23.377502 -36.368683 -144.181976 0.652252 1.733093 0.760162
22462 1444827819.783077 -23.007019 -36.411621 -143.963104 0.646942 1.721191 0.766541
22463 1444827819.793137 -23.155212 -36.66925 -143.634796 0.642517 1.7276 0.752045
22464 1444827819.803211 -23.044067 -36.454559 -143.25177 0.638092 1.729431 0.746826
22465 1444827819.813315 -23.266357 -36.368683 -142.868744 0.634552 1.738586 0.742188
22466 1444827819.823377 -22.932922 -36.325745 -142.485718 0.627472 1.737671 0.741608
22467 1444827819.833459 -23.118164 -36.66925 -141.829102 0.613312 1.744995 0.731171
22468 1444827819.843534 -23.266357 -36.798065 -141.555511 0.607117 1.747742 0.738708
22469 1444827819.853651 -23.081116 -36.540436 -141.829102 0.610657 1.743164 0.730591
22470 1444827819.863725 -23.192261 -36.712189 -141.500793 0.608002 1.743164 0.73465
22471 1444827819.873790 -22.969971 -36.583374 -142.102692 0.609772 1.734924 0.742188
22472 1444827819.883872 -23.192261 -36.798065 -142.595154 0.615967 1.729431 0.739288
22473 1444827819.893957 -22.969971 -36.626312 -142.923462 0.627472 1.725769 0.756104
22474 1444827819.904060 -23.229309 -36.282806 -143.470642 0.646057 1.729431 0.742188
22475 1444827819.914124 -23.266357 -36.497498 -144.291412 0.656677 1.714783 0.763641
22476 1444827819.924186 -23.266357 -36.325745 -144.729156 0.664642 1.723938 0.760162
22477 1444827819.934249 -23.340454 -36.111053 -145.002747 0.675262 1.7276 0.752045
22478 1444827819.944315 -23.192261 -36.239868 -145.002747 0.675262 1.722107 0.771759
22479 1444827819.954376 -23.377502 -36.19693 -144.948029 0.669952 1.728516 0.758423
22480 1444827819.964440 -23.192261 -36.325745 -144.61972 0.660217 1.718445 0.76712
22481 1444827819.974502 -23.155212 -36.497498 -144.291412 0.649597 1.715698 0.762482
22482 1444827819.984564 -23.155212 -36.497498 -143.361206 0.638977 1.714783 0.753784
22483 1444827819.994633 -22.895874 -36.497498 -142.923462 0.627472 1.695557 0.753204
22484 1444827820.004690 -23.377502 -36.712189 -142.15741 0.620392 1.703796 0.742188
22485 1444827820.014770 -22.969971 -36.712189 -141.938538 0.617737 1.690063 0.740448
22486 1444827820.024838 -22.858826 -36.497498 -141.993256 0.620392 1.686401 0.727112
22487 1444827820.034851 -22.858826 -36.540436 -142.102692 0.619507 1.682739 0.735809
22488 1444827820.044927 -23.081116 -36.626312 -141.993256 0.621277 1.686401 0.724213
22489 1444827820.055007 -22.932922 -36.626312 -142.15741 0.623932 1.687317 0.728271
22490 1444827820.065081 -23.081116 -36.583374 -142.376282 0.627472 1.690063 0.736969
22491 1444827820.075142 -23.044067 -36.497498 -142.97818 0.634552 1.68457 0.745087
22492 1444827820.085205 -23.007019 -36.583374 -143.197052 0.637207 1.68457 0.749725
22493 1444827820.095305 -23.192261 -36.454559 -143.634796 0.646942 1.690063 0.755524
22494 1444827820.105472 -23.303406 -36.454559 -144.34613 0.655792 1.686401 0.754364
22495 1444827820.115514 -23.266357 -36.411621 -144.181976 0.660217 1.68457 0.756683
22496 1444827820.125577 -23.229309 -36.325745 -144.729156 0.667297 1.682739 0.756104
22497 1444827820.135640 -23.155212 -36.068115 -144.838593 0.674377 1.680908 0.753784
22498 1444827820.145703 -23.118164 -36.411621 -144.565002 0.668182 1.682739 0.751465
22499 1444827820.155766 -23.488647 -36.411621 -144.236694 0.662872 1.690979 0.752045
22500 1444827820.165829 -23.007019 -36.325745 -143.908386 0.655792 1.679077 0.744507
22501 1444827820.175861 -23.007019 -36.411621 -143.470642 0.645172 1.690979 0.736389
22502 1444827820.185923 -23.192261 -36.583374 -142.759308 0.630127 1.69281 0.748566
22503 1444827820.195994 -23.081116 -36.798065 -142.212128 0.618622 1.693726 0.745667
22504 1444827820.206057 -22.932922 -36.454559 -141.88382 0.615967 1.697388 0.730011
22505 1444827820.216121 -22.969971 -36.454559 -141.938538 0.613312 1.698303 0.741608
22506 1444827820.226185 -23.229309 -36.755127 -141.774384 0.613312 1.711121 0.736389
22507 1444827820.236248 -22.821777 -36.497498 -141.993256 0.619507 1.701965 0.731171
22508 1444827820.246310 -22.784729 -36.540436 -142.868744 0.626587 1.701965 0.737549
22509 1444827820.256381 -23.266357 -36.712189 -142.814026 0.631897 1.71936 0.736389
22510 1444827820.266453 -23.118164 -36.325745 -143.25177 0.644287 1.725769 0.746826
22511 1444827820.276557 -23.266357 -36.368683 -143.908386 0.648712 1.73584 0.747406
22512 1444827820.286793 -23.229309 -36.497498 -143.908386 0.649597 1.742249 0.760742
22513 1444827820.296874 -23.414551 -36.368683 -144.34613 0.654907 1.753235 0.764801
22514 1444827820.307030 -23.303406 -36.325745 -144.291412 0.655792 1.755066 0.771179
22515 1444827820.317120 -23.266357 -36.282806 -144.34613 0.655792 1.756897 0.764221
22516 1444827820.327200 -23.118164 -36.368683 -144.510284 0.654907 1.746826 0.773499
22517 1444827820.337277 -23.229309 -36.368683 -144.400848 0.654022 1.750488 0.76828
22518 1444827820.347406 -22.969971 -36.239868 -143.853668 0.649597 1.750488 0.76886
22519 1444827820.357471 -23.266357 -36.411621 -143.744232 0.645172 1.751404 0.750305
22520 1444827820.367533 -23.155212 -36.368683 -143.470642 0.642517 1.755066 0.745667
22521 1444827820.377595 -23.118164 -36.282806 -143.52536 0.637207 1.760559 0.748566
22522 1444827820.387656 -23.414551 -36.454559 -142.868744 0.631012 1.784363 0.73407
22523 1444827820.397771 -23.118164 -36.454559 -142.376282 0.622162 1.793518 0.735809
22524 1444827820.407846 -23.229309 -36.540436 -142.321564 0.617737 1.794434 0.753784
22525 1444827820.417910 -23.266357 -36.626312 -142.102692 0.612427 1.792603 0.741028
22526 1444827820.428025 -22.969971 -36.540436 -142.047974 0.611542 1.780701 0.742767
22527 1444827820.438240 -23.266357 -36.626312 -142.212128 0.612427 1.782532 0.750305
22528 1444827820.448303 -23.266357 -36.626312 -142.212128 0.615967 1.784363 0.750305
22529 1444827820.458367 -23.044067 -36.712189 -142.759308 0.620392 1.761475 0.756104
22530 1444827820.468459 -23.229309 -36.626312 -142.97818 0.630127 1.748657 0.760162
22531 1444827820.478563 -23.340454 -36.626312 -142.97818 0.633667 1.734924 0.76828
22532 1444827820.488646 -22.969971 -36.454559 -143.032898 0.637207 1.712952 0.776978
22533 1444827820.498988 -23.081116 -36.66925 -143.361206 0.638092 1.693726 0.77002
22534 1444827820.509125 -23.192261 -36.755127 -143.415924 0.638977 1.683655 0.772339
22535 1444827820.519241 -23.044067 -36.454559 -143.580078 0.645172 1.679993 0.774078
22536 1444827820.529338 -23.155212 -36.368683 -144.127258 0.650482 1.672668 0.751465
22537 1444827820.539425 -23.081116 -36.497498 -143.580078 0.646942 1.660767 0.760742
22538 1444827820.549529 -23.229309 -36.497498 -143.744232 0.653137 1.653442 0.743927
22539 1444827820.559656 -22.895874 -36.325745 -143.79895 0.654907 1.635132 0.738708
22540 1444827820.569722 -23.081116 -36.239868 -143.853668 0.655792 1.637878 0.730591
22541 1444827820.579788 -23.303406 -36.411621 -143.361206 0.654022 1.635132 0.714935
22542 1444827820.589855 -22.932922 -36.540436 -143.415924 0.649597 1.614075 0.714355
22543 1444827820.599924 -23.044067 -36.282806 -143.415924 0.653137 1.611328 0.709717
22544 1444827820.610039 -23.192261 -36.282806 -143.142334 0.649597 1.610413 0.719574
22545 1444827820.620149 -22.858826 -36.454559 -142.814026 0.642517 1.592102 0.724213
22546 1444827820.630240 -22.821777 -36.626312 -142.759308 0.638092 1.589355 0.714935
22547 1444827820.640302 -23.081116 -36.583374 -142.814026 0.635437 1.593933 0.73349
22548 1444827820.650342 -23.044067 -36.626312 -142.759308 0.633667 1.594849 0.747406
22549 1444827820.660430 -22.895874 -36.583374 -142.814026 0.634552 1.603088 0.738129
22550 1444827820.670563 -22.747681 -36.626312 -143.142334 0.639862 1.597595 0.760742
22551 1444827820.680684 -22.969971 -36.368683 -143.415924 0.649597 1.608582 0.748566
22552 1444827820.690804 -23.081116 -36.411621 -143.361206 0.651367 1.616821 0.762482
22553 1444827820.700877 -23.118164 -36.497498 -143.415924 0.650482 1.620483 0.763641
22554 1444827820.711047 -23.007019 -36.411621 -143.415924 0.648712 1.630554 0.754944
22555 1444827820.721046 -23.192261 -36.583374 -143.580078 0.644287 1.637878 0.763062
22556 1444827820.731104 -23.007019 -36.497498 -143.306488 0.643402 1.650696 0.756104
22557 1444827820.741193 -23.044067 -36.540436 -143.470642 0.642517 1.663513 0.747986
22558 1444827820.751310 -22.932922 -36.540436 -143.634796 0.640747 1.661682 0.758423
22559 1444827820.761388 -23.266357 -36.411621 -143.032898 0.643402 1.695557 0.731171
22560 1444827820.771451 -23.155212 -36.411621 -142.97818 0.641632 1.701965 0.735809
22561 1444827820.781513 -23.192261 -36.497498 -143.580078 0.641632 1.716614 0.73233
22562 1444827820.791584 -23.377502 -36.153992 -142.923462 0.645172 1.742249 0.711456
22563 1444827820.801672 -23.229309 -36.540436 -143.25177 0.638977 1.738586 0.728271
22564 1444827820.811740 -23.044067 -36.411621 -143.25177 0.637207 1.744995 0.739288
22565 1444827820.821803 -23.155212 -36.325745 -142.97818 0.638977 1.764221 0.724213
22566 1444827820.831868 -23.377502 -36.454559 -142.97818 0.634552 1.767883 0.752045
22567 1444827820.841933 -23.451599 -36.712189 -142.814026 0.629242 1.777954 0.750305
22568 1444827820.852023 -23.044067 -36.626312 -143.25177 0.628357 1.775208 0.757263
22569 1444827820.862086 -23.377502 -36.497498 -143.25177 0.631012 1.78894 0.76886
22570 1444827820.872149 -23.303406 -36.626312 -143.142334 0.627472 1.79718 0.772339
22571 1444827820.882174 -23.266357 -36.540436 -143.306488 0.629242 1.795349 0.784515
22572 1444827820.892283 -23.340454 -36.626312 -143.142334 0.630127 1.803589 0.774078
22573 1444827820.902355 -23.229309 -36.540436 -142.923462 0.631897 1.806335 0.775818
22574 1444827820.912419 -23.414551 -36.626312 -143.197052 0.631897 1.809082 0.781616
22575 1444827820.922503 -23.229309 -36.368683 -143.25177 0.635437 1.808167 0.771759
22576 1444827820.932562 -23.266357 -36.540436 -143.142334 0.630127 1.801758 0.772339
22577 1444827820.942625 -23.303406 -36.411621 -143.142334 0.630127 1.796265 0.761322
22578 1444827820.952680 -23.192261 -36.497498 -142.868744 0.627472 1.793518 0.757843
22579 1444827820.962736 -23.451599 -36.66925 -142.814026 0.625702 1.786194 0.750885
22580 1444827820.972794 -23.266357 -36.66925 -143.032898 0.627472 1.774292 0.749146
22581 1444827820.982865 -23.081116 -36.497498 -142.97818 0.631897 1.765137 0.735229
22582 1444827820.992927 -23.229309 -36.583374 -143.142334 0.633667 1.757812 0.741608
22583 1444827821.002992 -23.266357 -36.497498 -143.361206 0.640747 1.749573 0.727692
22584 1444827821.013032 -23.229309 -36.411621 -143.142334 0.639862 1.742249 0.750305
22585 1444827821.023093 -23.266357 -36.411621 -143.25177 0.644287 1.733093 0.743347
22586 1444827821.033164 -23.340454 -36.325745 -143.415924 0.646057 1.728516 0.738708
22587 1444827821.043246 -23.044067 -36.325745 -143.415924 0.642517 1.707458 0.757263
22588 1444827821.053331 -23.118164 -36.540436 -143.634796 0.645172 1.695557 0.747406
22589 1444827821.063393 -23.118164 -36.540436 -143.744232 0.643402 1.685486 0.759003
22590 1444827821.073458 -23.007019 -36.411621 -143.25177 0.641632 1.669922 0.7677
22591 1444827821.083559 -23.155212 -36.583374 -143.25177 0.638977 1.657104 0.766541
22592 1444827821.093583 -23.007019 -36.66925 -143.306488 0.639862 1.642456 0.765961
22593 1444827821.103743 -22.932922 -36.497498 -143.415924 0.641632 1.636047 0.759003
22594 1444827821.113807 -23.044067 -36.540436 -143.306488 0.642517 1.629639 0.765961
22595 1444827821.123868 -23.081116 -36.626312 -143.142334 0.640747 1.625977 0.753204
22596 1444827821.133928 -23.007019 -36.497498 -142.923462 0.643402 1.621399 0.746246
22597 1444827821.143993 -22.747681 -36.583374 -143.197052 0.642517 1.603088 0.745667
22598 1444827821.154054 -22.821777 -36.497498 -142.97818 0.640747 1.609497 0.747406
22599 1444827821.164146 -23.007019 -36.540436 -143.032898 0.642517 1.612244 0.730011
22600 1444827821.174247 -22.821777 -36.368683 -143.25177 0.642517 1.601257 0.736969
22601 1444827821.184356 -23.081116 -36.411621 -143.142334 0.643402 1.605835 0.730591
22602 1444827821.194340 -22.821777 -36.454559 -143.142334 0.646057 1.60675 0.73233
22603 1444827821.204431 -22.858826 -36.540436 -143.415924 0.648712 1.605835 0.735809
22604 1444827821.214496 -23.118164 -36.368683 -143.634796 0.651367 1.620483 0.73407
22605 1444827821.224575 -23.192261 -36.454559 -143.470642 0.651367 1.624146 0.741608
22606 1444827821.234638 -23.007019 -36.583374 -143.52536 0.650482 1.628723 0.738708
22607 1444827821.244703 -23.007019 -36.368683 -143.744232 0.654022 1.635132 0.738708
22608 1444827821.254802 -23.155212 -36.583374 -143.470642 0.646942 1.647034 0.759003
22609 1444827821.264923 -23.377502 -36.626312 -143.470642 0.646942 1.657104 0.754944
22610 1444827821.275000 -22.821777 -36.540436 -143.470642 0.644287 1.653442 0.760742
22611 1444827821.285081 -22.858826 -36.583374 -143.032898 0.636322 1.66626 0.76944
22612 1444827821.295182 -23.118164 -36.66925 -143.306488 0.633667 1.678162 0.76712
22613 1444827821.305248 -22.969971 -36.454559 -143.25177 0.633667 1.686401 0.770599
22614 1444827821.315299 -23.007019 -36.411621 -143.032898 0.632782 1.703796 0.760162
22615 1444827821.325365 -22.969971 -36.540436 -142.814026 0.631012 1.708374 0.756104
22616 1444827821.335433 -23.192261 -36.540436 -142.923462 0.631897 1.717529 0.762482
22617 1444827821.345495 -22.858826 -36.583374 -142.97818 0.629242 1.722107 0.759003
22618 1444827821.355561 -23.192261 -36.454559 -142.649872 0.630127 1.745911 0.756683
22619 1444827821.365626 -22.969971 -36.583374 -143.032898 0.630127 1.748657 0.752625
22620 1444827821.375699 -23.007019 -36.454559 -143.197052 0.632782 1.758728 0.748566
22621 1444827821.385772 -23.303406 -36.454559 -143.032898 0.632782 1.774292 0.759583
22622 1444827821.395844 -23.192261 -36.454559 -143.087616 0.633667 1.779785 0.745087
22623 1444827821.405931 -23.303406 -36.626312 -143.306488 0.632782 1.777954 0.750305
22624 1444827821.415995 -23.266357 -36.411621 -143.361206 0.636322 1.789856 0.755524
22625 1444827821.426033 -23.340454 -36.325745 -143.52536 0.641632 1.79718 0.746246
22626 1444827821.436099 -23.377502 -36.583374 -143.634796 0.640747 1.788025 0.757843
22627 1444827821.446161 -23.414551 -36.66925 -143.634796 0.638092 1.794434 0.758423
22628 1444827821.456223 -23.562744 -36.583374 -143.415924 0.638092 1.799927 0.764801
22629 1444827821.466284 -23.451599 -36.712189 -143.25177 0.634552 1.791687 0.772919
22630 1444827821.476345 -23.229309 -36.368683 -143.306488 0.638977 1.788025 0.764801
22631 1444827821.486409 -23.229309 -36.540436 -143.142334 0.633667 1.785278 0.773499
22632 1444827821.496561 -23.044067 -36.583374 -142.814026 0.629242 1.776123 0.766541
22633 1444827821.506661 -23.118164 -36.325745 -142.97818 0.629242 1.768799 0.757843
22634 1444827821.516797 -23.081116 -36.368683 -142.759308 0.624817 1.759644 0.766541
22635 1444827821.527036 -23.266357 -36.454559 -142.70459 0.623932 1.755066 0.748566
22636 1444827821.537102 -23.007019 -36.583374 -142.431 0.622162 1.738586 0.759003
22637 1444827821.547133 -23.081116 -36.583374 -142.759308 0.627472 1.736755 0.748566
22638 1444827821.557190 -23.266357 -36.626312 -142.485718 0.629242 1.741333 0.739868
22639 1444827821.567233 -23.081116 -36.497498 -142.923462 0.631012 1.716614 0.746826
22640 1444827821.577289 -22.932922 -36.368683 -143.52536 0.641632 1.708374 0.743347
22641 1444827821.587346 -23.229309 -36.454559 -143.361206 0.644287 1.704712 0.744507
22642 1444827821.597366 -23.192261 -36.282806 -143.744232 0.650482 1.697388 0.739288
22643 1444827821.607434 -23.155212 -36.411621 -143.79895 0.652252 1.68457 0.73175
22644 1444827821.617507 -23.229309 -36.755127 -143.963104 0.648712 1.671753 0.751465
22645 1444827821.627564 -23.192261 -36.325745 -143.580078 0.654022 1.665344 0.743927
22646 1444827821.637654 -23.192261 -36.497498 -143.963104 0.652252 1.656189 0.746826
22647 1444827821.647701 -22.932922 -36.497498 -143.79895 0.649597 1.638794 0.750885
22648 1444827821.657762 -23.007019 -36.411621 -143.79895 0.650482 1.640625 0.744507
22649 1444827821.667825 -23.007019 -36.454559 -143.25177 0.646057 1.633301 0.763641
22650 1444827821.677891 -22.969971 -36.411621 -143.470642 0.646942 1.620483 0.746826
22651 1444827821.687950 -22.784729 -36.626312 -143.142334 0.641632 1.619568 0.754364
22652 1444827821.698012 -23.155212 -36.454559 -142.814026 0.639862 1.621399 0.753784
22653 1444827821.708077 -22.932922 -36.540436 -142.649872 0.636322 1.614075 0.753784
22654 1444827821.718147 -22.895874 -36.540436 -142.595154 0.631897 1.612244 0.743927
22655 1444827821.728217 -22.784729 -36.755127 -142.595154 0.630127 1.610413 0.752625
22656 1444827821.738277 -22.969971 -36.626312 -142.70459 0.631012 1.614075 0.759583
22657 1444827821.748348 -23.081116 -36.66925 -142.97818 0.633667 1.617737 0.760162
22658 1444827821.758411 -23.229309 -36.626312 -142.923462 0.639862 1.634216 0.750885
22659 1444827821.768471 -22.784729 -36.454559 -143.470642 0.647827 1.626892 0.747986
22660 1444827821.778531 -23.007019 -36.325745 -143.744232 0.654907 1.638794 0.742767
22661 1444827821.788543 -23.266357 -36.497498 -143.853668 0.653137 1.654358 0.752045
22662 1444827821.798615 -23.118164 -36.583374 -143.963104 0.650482 1.647034 0.7677
22663 1444827821.808674 -23.118164 -36.626312 -144.07254 0.647827 1.651611 0.794373
22664 1444827821.818797 -23.155212 -36.497498 -144.181976 0.650482 1.66626 0.770599
22665 1444827821.828923 -23.081116 -36.497498 -143.963104 0.653137 1.672668 0.765381
22666 1444827821.838964 -23.081116 -36.325745 -143.963104 0.656677 1.679993 0.763641
22667 1444827821.849039 -23.192261 -36.282806 -143.908386 0.656677 1.703796 0.73349
22668 1444827821.859102 -23.340454 -36.282806 -143.197052 0.649597 1.711121 0.723053
22669 1444827821.869165 -23.081116 -36.497498 -142.814026 0.637207 1.718445 0.710876
22670 1444827821.879226 -23.118164 -36.583374 -142.15741 0.624817 1.729431 0.710297
22671 1444827821.889284 -23.044067 -36.540436 -142.212128 0.615082 1.731262 0.727112
22672 1444827821.899348 -23.118164 -36.540436 -141.719666 0.608887 1.747742 0.717834
22673 1444827821.909429 -23.044067 -36.540436 -141.938538 0.608887 1.748657 0.736389
22674 1444827821.919491 -23.044067 -36.626312 -141.938538 0.610657 1.75415 0.73465
22675 1444827821.929553 -23.155212 -36.755127 -142.923462 0.623932 1.76239 0.747986
22676 1444827821.939613 -23.192261 -36.497498 -143.415924 0.634552 1.771545 0.759583
22677 1444827821.949729 -23.377502 -36.454559 -143.634796 0.646057 1.783447 0.757843
22678 1444827821.959791 -23.340454 -36.325745 -144.291412 0.655792 1.780701 0.778717
22679 1444827821.969862 -23.451599 -36.282806 -144.400848 0.656677 1.786194 0.785675
22680 1444827821.979925 -23.525696 -36.497498 -144.34613 0.653137 1.784363 0.787415
22681 1444827821.989987 -23.192261 -36.540436 -144.291412 0.646942 1.774292 0.800171
22682 1444827822.000042 -23.340454 -36.540436 -143.963104 0.639862 1.780701 0.791473
22683 1444827822.010099 -23.118164 -36.497498 -143.744232 0.633667 1.767883 0.795532
22684 1444827822.020155 -23.229309 -36.540436 -143.634796 0.631012 1.767883 0.775818
22685 1444827822.030242 -23.044067 -36.583374 -143.142334 0.627472 1.766052 0.766541
22686 1444827822.040305 -22.932922 -36.497498 -142.923462 0.625702 1.763306 0.763062
22687 1444827822.050410 -23.377502 -36.411621 -142.814026 0.631012 1.77063 0.727112
22688 1444827822.060437 -23.007019 -36.454559 -142.649872 0.630127 1.755981 0.728271
22689 1444827822.070498 -23.229309 -36.454559 -142.595154 0.631897 1.755981 0.720154
22690 1444827822.080558 -23.118164 -36.497498 -142.595154 0.629242 1.747742 0.706238
22691 1444827822.090619 -23.081116 -36.540436 -142.485718 0.624817 1.730347 0.723633
22692 1444827822.100694 -23.303406 -36.540436 -142.595154 0.626587 1.732178 0.706818
22693 1444827822.110750 -23.118164 -36.583374 -142.649872 0.626587 1.716614 0.729431
22694 1444827822.120811 -22.969971 -36.626312 -143.032898 0.626587 1.699219 0.747406
22695 1444827822.130874 -23.266357 -36.454559 -143.415924 0.639862 1.698303 0.736969
22696 1444827822.140937 -23.118164 -36.540436 -143.52536 0.644287 1.679077 0.761902
22697 1444827822.151175 -23.229309 -36.540436 -144.127258 0.656677 1.676331 0.750305
22698 1444827822.161260 -23.155212 -36.368683 -144.674438 0.665527 1.669922 0.77002
22699 1444827822.171347 -23.192261 -36.282806 -144.61972 0.669067 1.661682 0.766541
22700 1444827822.181421 -23.044067 -36.497498 -144.34613 0.666412 1.654358 0.772339
22701 1444827822.191482 -23.081116 -36.239868 -144.61972 0.664642 1.646118 0.775818
22702 1444827822.201555 -23.081116 -36.497498 -143.634796 0.653137 1.641541 0.7677
22703 1444827822.211618 -22.932922 -36.583374 -143.470642 0.641632 1.632385 0.764221
22704 1444827822.221682 -22.895874 -36.411621 -142.868744 0.636322 1.625061 0.757263
22705 1444827822.231757 -22.895874 -36.540436 -142.540436 0.625702 1.629639 0.756683
22706 1444827822.241852 -22.969971 -36.66925 -142.485718 0.623047 1.625061 0.730591
22707 1444827822.251918 -22.895874 -36.626312 -142.15741 0.621277 1.62323 0.73175
22708 1444827822.261980 -22.932922 -36.540436 -142.212128 0.627472 1.632385 0.714355
22709 1444827822.272041 -22.784729 -36.540436 -142.485718 0.631897 1.621399 0.720154
22710 1444827822.282105 -23.118164 -36.411621 -142.595154 0.640747 1.638794 0.707397
22711 1444827822.292169 -23.118164 -36.454559 -143.142334 0.645172 1.640625 0.716095
22712 1444827822.302281 -22.969971 -36.497498 -143.142334 0.645172 1.646118 0.728271
22713 1444827822.312415 -23.081116 -36.583374 -143.908386 0.648712 1.650696 0.721313
22714 1444827822.322480 -23.303406 -36.411621 -143.689514 0.651367 1.654358 0.737549
22715 1444827822.332542 -23.081116 -36.540436 -143.689514 0.649597 1.657104 0.753204
22716 1444827822.342558 -23.155212 -36.626312 -144.236694 0.652252 1.659851 0.747406
22717 1444827822.352712 -23.340454 -36.411621 -144.07254 0.656677 1.673584 0.759003
22718 1444827822.362774 -23.118164 -36.497498 -144.291412 0.657562 1.6745 0.766541
22719 1444827822.372829 -23.081116 -36.411621 -144.510284 0.660217 1.681824 0.764221
22720 1444827822.382886 -23.044067 -36.368683 -144.181976 0.656677 1.690979 0.779297
22721 1444827822.392942 -23.081116 -36.153992 -143.79895 0.652252 1.708374 0.77002
22722 1444827822.402999 -23.044067 -36.411621 -143.361206 0.640747 1.712036 0.766541
22723 1444827822.413055 -23.118164 -36.583374 -142.97818 0.627472 1.71936 0.764801
22724 1444827822.423112 -22.969971 -36.454559 -142.70459 0.621277 1.725769 0.755524
22725 1444827822.433167 -23.340454 -36.755127 -141.719666 0.609772 1.744995 0.747986
22726 1444827822.443222 -22.895874 -36.798065 -141.993256 0.608887 1.734009 0.743347
22727 1444827822.453290 -23.192261 -36.540436 -141.938538 0.608002 1.749573 0.745087
22728 1444827822.463346 -23.229309 -36.411621 -141.88382 0.614197 1.76239 0.73291
22729 1444827822.473402 -23.118164 -36.454559 -142.431 0.622162 1.760559 0.73465
22730 1444827822.483458 -23.081116 -36.540436 -142.868744 0.631012 1.767883 0.727112
22731 1444827822.493514 -23.340454 -36.411621 -143.197052 0.639862 1.779785 0.739868
22732 1444827822.503577 -23.118164 -36.239868 -143.634796 0.647827 1.774292 0.741608
22733 1444827822.513645 -23.340454 -36.454559 -144.236694 0.652252 1.779785 0.743927
22734 1444827822.523707 -23.340454 -36.325745 -144.181976 0.654907 1.780701 0.756683
22735 1444827822.533770 -23.377502 -36.411621 -144.181976 0.654907 1.780701 0.757263
22736 1444827822.543830 -23.192261 -36.368683 -144.236694 0.650482 1.768799 0.774658
22737 1444827822.553893 -23.377502 -36.282806 -144.181976 0.648712 1.771545 0.777557
22738 1444827822.563955 -23.118164 -36.325745 -143.963104 0.643402 1.77063 0.779877
22739 1444827822.574021 -23.451599 -36.497498 -143.634796 0.643402 1.76239 0.771179
22740 1444827822.584079 -23.155212 -36.583374 -143.470642 0.636322 1.75415 0.779297
22741 1444827822.594139 -23.229309 -36.540436 -143.306488 0.638092 1.751404 0.765961
22742 1444827822.604200 -23.229309 -36.626312 -142.97818 0.631897 1.746826 0.764221
22743 1444827822.614262 -23.118164 -36.583374 -142.649872 0.627472 1.738586 0.750305
22744 1444827822.624317 -23.266357 -36.583374 -142.212128 0.625702 1.736755 0.747986
22745 1444827822.634356 -22.784729 -36.583374 -142.321564 0.619507 1.714783 0.750305
22746 1444827822.644411 -23.007019 -36.66925 -142.212128 0.615082 1.715698 0.744507
22747 1444827822.654467 -23.155212 -36.540436 -141.88382 0.615967 1.711121 0.742767
22748 1444827822.664582 -22.969971 -36.583374 -142.321564 0.619507 1.696472 0.739868
22749 1444827822.674655 -22.969971 -36.540436 -142.540436 0.625702 1.690063 0.729431
22750 1444827822.684720 -23.044067 -36.368683 -143.087616 0.639862 1.679077 0.740448
22751 1444827822.694782 -23.155212 -36.454559 -143.744232 0.649597 1.677246 0.73407
