21757 1444827812.743181 11.9971 5.070203 -0.005493 -10.019556 -2.867439 -4.47694
21758 1444827812.753347 11.9971 5.070203 -0.005493 -10.019556 -2.867439 -4.47694
21759 1444827812.761450 11.9971 5.070203 -0.005493 -9.931665 -2.867439 -4.47694
21760 1444827812.773656 11.9971 5.070203 -0.005493 -10.019556 -2.867439 -4.47694
21761 1444827812.784010 11.9971 5.070203 -0.005493 -9.931665 -2.867439 -4.47694
21762 1444827812.794017 11.9971 5.070203 -0.005493 -10.019556 -2.867439 -4.47694
21763 1444827812.806511 11.9971 5.070203 -0.005493 -10.019556 -2.867439 -4.47694
21764 1444827812.816919 11.9971 5.070203 -0.005493 -10.019556 -2.867439 -4.47694
21765 1444827812.824523 11.9971 5.070203 -0.005493 -10.019556 -2.867439 -4.47694
21766 1444827812.835665 11.9971 5.070203 -0.005493 -10.019556 -2.867439 -4.47694
21767 1444827812.846993 12.08499 5.070203 -0.005493 -9.931665 -2.867439 -4.47694
21768 1444827812.858513 11.9971 5.070203 -0.005493 -9.931665 -2.867439 -4.47694
21769 1444827812.867850 11.9971 5.070203 -0.005493 -10.019556 -2.867439 -4.47694
21770 1444827812.876440 11.9971 5.070203 -0.005493 -10.019556 -2.867439 -4.47694
21771 1444827812.887421 11.9971 5.070203 -0.005493 -9.931665 -2.867439 -4.47694
21772 1444827812.896941 11.9971 5.070203 -0.005493 -10.019556 -2.867439 -4.47694
21773 1444827812.908042 11.9971 5.070203 -0.005493 -9.931665 -2.867439 -4.47694
21774 1444827812.917731 11.9971 5.070203 -0.005493 -10.019556 -2.867439 -4.47694
21775 1444827812.927423 11.9971 5.070203 -0.005493 -10.019556 -2.867439 -4.47694
21776 1444827812.937511 11.9971 5.070203 -0.005493 -10.019556 -2.867439 -4.47694
21777 1444827812.947534 11.9971 5.070203 -0.005493 -10.019556 -2.867439 -4.47694
21778 1444827812.957812 11.9971 5.070203 -0.005493 -10.019556 -2.867439 -4.47694
21779 1444827812.968000 11.9971 5.070203 -0.005493 -10.019556 -2.867439 -4.47694
21780 1444827812.978128 11.9971 5.070203 -0.005493 -9.931665 -2.867439 -4.47694
21781 1444827812.988303 11.9971 5.070203 -0.005493 -9.931665 -2.867439 -4.47694
21782 1444827812.998402 12.08499 5.070203 -0.005493 -10.019556 -2.867439 -4.47694
21783 1444827813.008512 11.9971 5.070203 -0.005493 -9.931665 -2.867439 -4.47694
21784 1444827813.018504 11.9971 5.070203 -0.005493 -10.019556 -2.867439 -4.47694
21785 1444827813.028658 11.9971 5.070203 0.082398 -10.019556 -2.867439 -4.47694
21786 1444827813.038784 11.9971 5.070203 -0.005493 -10.019556 -2.867439 -4.47694
21787 1444827813.048955 11.9971 5.070203 -0.005493 -10.019556 -2.867439 -4.47694
21788 1444827813.059015 11.9971 5.070203 -0.005493 -10.019556 -2.867439 -4.47694
21789 1444827813.069077 11.9971 5.070203 -0.005493 -9.931665 -2.867439 -4.47694
21790 1444827813.079270 11.9971 5.070203 -0.005493 -9.931665 -2.867439 -4.47694
21791 1444827813.089301 11.9971 5.070203 -0.005493 -10.019556 -2.867439 -4.47694
21792 1444827813.099442 11.9971 5.070203 0.082398 -10.019556 -2.867439 -4.47694
21793 1444827813.107474 11.9971 5.070203 0.082398 -10.019556 -2.867439 -4.47694
21794 1444827813.117731 11.9971 5.070203 -0.005493 -10.019556 -2.867439 -4.47694
21795 1444827813.129699 11.9971 5.070203 -0.005493 -9.931665 -2.867439 -4.47694
21796 1444827813.140077 11.9971 5.070203 -0.005493 -10.019556 -2.867439 -4.47694
21797 1444827813.150206 11.9971 5.070203 -0.005493 -9.931665 -2.867439 -4.47694
21798 1444827813.157960 11.9971 5.070203 -0.005493 -9.931665 -2.867439 -4.47694
21799 1444827813.168143 11.9971 5.070203 -0.005493 -10.019556 -2.867439 -4.47694
21800 1444827813.177835 11.9971 5.070203 -0.005493 -9.931665 -2.867439 -4.47694
21801 1444827813.187726 11.9971 5.070203 -0.005493 -10.019556 -2.867439 -4.47694
21802 1444827813.197773 11.9971 5.070203 -0.005493 -10.019556 -2.867439 -4.47694
21803 1444827813.208782 11.9971 5.070203 -0.005493 -9.931665 -2.867439 -4.47694
21804 1444827813.217801 11.9971 5.070203 -0.005493 -10.019556 -2.867439 -4.47694
21805 1444827813.227818 11.9971 5.070203 -0.005493 -9.931665 -2.867439 -4.47694
21806 1444827813.238356 11.9971 5.070203 -0.005493 -10.019556 -2.867439 -4.47694
21807 1444827813.248343 11.9971 5.070203 -0.005493 -10.019556 -2.867439 -4.47694
21808 1444827813.258966 11.9971 5.070203 -0.005493 -10.019556 -2.867439 -4.47694
21809 1444827813.268825 11.9971 5.070203 -0.005493 -10.019556 -2.779548 -4.47694
21810 1444827813.279207 11.9971 5.070203 -0.005493 -10.019556 -2.867439 -4.47694
21811 1444827813.289321 11.9971 5.070203 -0.005493 -10.019556 -2.867439 -4.47694
21812 1444827813.299431 12.08499 5.070203 -0.005493 -10.019556 -2.867439 -4.47694
21813 1444827813.309606 11.9971 5.070203 -0.005493 -10.019556 -2.867439 -4.47694
21814 1444827813.319739 11.9971 5.070203 -0.005493 -10.019556 -2.867439 -4.47694
21815 1444827813.329814 11.9971 5.070203 -0.005493 -10.019556 -2.867439 -4.47694
21816 1444827813.339937 11.9971 5.070203 -0.005493 -10.019556 -2.867439 -4.47694
21817 1444827813.350120 11.9971 5.070203 -0.005493 -10.019556 -2.867439 -4.47694
21818 1444827813.356791 11.9971 5.070203 -0.005493 -10.019556 -2.867439 -4.47694
21819 1444827813.367306 11.9971 5.070203 0.082398 -10.019556 -2.867439 -4.47694
21820 1444827813.379616 11.9971 5.070203 -0.005493 -9.931665 -2.867439 -4.47694
21821 1444827813.391083 11.9971 5.070203 -0.005493 -10.019556 -2.867439 -4.47694
21822 1444827813.401400 11.9971 5.070203 -0.005493 -9.931665 -2.867439 -4.47694
21823 1444827813.411893 11.9971 5.070203 0.082398 -10.019556 -2.867439 -4.47694
21824 1444827813.421619 11.9971 5.070203 -0.005493 -10.019556 -2.867439 -4.47694
21825 1444827813.431795 11.9971 5.070203 -0.005493 -10.019556 -2.867439 -4.47694
21826 1444827813.441859 11.9971 5.070203 -0.005493 -9.931665 -2.867439 -4.47694
21827 1444827813.451968 11.9971 5.070203 -0.005493 -9.931665 -2.867439 -4.47694
21828 1444827813.462164 12.08499 5.070203 -0.005493 -10.019556 -2.867439 -4.47694
21829 1444827813.472138 11.9971 5.070203 -0.005493 -10.019556 -2.867439 -4.47694
21830 1444827813.482357 11.9971 5.070203 -0.005493 -10.019556 -2.867439 -4.47694
21831 1444827813.492334 11.9971 5.070203 -0.005493 -10.019556 -2.867439 -4.47694
21832 1444827813.502501 11.9971 5.070203 -0.005493 -10.019556 -2.867439 -4.47694
21833 1444827813.512494 11.9971 5.070203 -0.005493 -10.019556 -2.867439 -4.47694
21834 1444827813.522033 11.9971 5.070203 -0.005493 -10.019556 -2.867439 -4.47694
21835 1444827813.532806 11.9971 5.070203 0.082398 -10.019556 -2.867439 -4.47694
21836 1444827813.542871 11.9971 5.070203 -0.005493 -9.931665 -2.867439 -4.47694
21837 1444827813.553059 11.9971 5.070203 -0.005493 -9.931665 -2.867439 -4.47694
21838 1444827813.561675 11.9971 5.070203 -0.005493 -10.019556 -2.867439 -4.47694
21839 1444827813.573112 11.9971 5.070203 -0.005493 -10.019556 -2.867439 -4.47694
21840 1444827813.582972 11.9971 5.070203 -0.005493 -10.019556 -2.867439 -4.47694
21841 1444827813.593130 11.9971 5.070203 -0.005493 -10.019556 -2.867439 -4.47694
21842 1444827813.601884 11.9971 5.070203 -0.005493 -10.019556 -2.867439 -4.47694
21843 1444827813.612359 11.9971 5.070203 -0.005493 -10.019556 -2.867439 -4.47694
21844 1444827813.621667 11.9971 5.070203 -0.005493 -10.019556 -2.867439 -4.47694
21845 1444827813.629338 11.9971 5.070203 -0.005493 -10.019556 -2.867439 -4.47694
21846 1444827813.639170 11.9971 5.070203 -0.005493 -10.019556 -2.867439 -4.47694
21847 1444827813.649158 11.9971 5.070203 -0.005493 -10.019556 -2.867439 -4.47694
21848 1444827813.662601 11.9971 5.070203 -0.005493 -10.019556 -2.867439 -4.47694
21849 1444827813.669882 11.9971 5.070203 -0.005493 -10.019556 -2.867439 -4.47694
21850 1444827813.682317 11.9971 5.070203 -0.005493 -9.931665 -2.867439 -4.47694
21851 1444827813.689936 11.9971 5.070203 -0.005493 -10.019556 -2.867439 -4.47694
21852 1444827813.702357 12.08499 5.070203 -0.005493 -10.019556 -2.867439 -4.47694
21853 1444827813.712956 12.08499 5.070203 -0.005493 -9.931665 -2.867439 -4.47694
21854 1444827813.723331 11.9971 5.070203 -0.005493 -10.019556 -2.867439 -4.47694
21855 1444827813.732152 11.9971 5.070203 -0.005493 -9.931665 -2.867439 -4.47694
21856 1444827813.742928 11.9971 5.070203 -0.005493 -9.931665 -2.867439 -4.47694
21857 1444827813.753227 12.08499 5.070203 -0.005493 -9.931665 -2.867439 -4.47694
21858 1444827813.763937 11.9971 5.070203 -0.005493 -10.019556 -2.867439 -4.47694
21859 1444827813.773586 11.9971 5.070203 -0.005493 -10.019556 -2.867439 -4.47694
21860 1444827813.783840 12.08499 5.070203 -0.005493 -10.019556 -2.867439 -4.47694
21861 1444827813.793860 11.9971 5.070203 -0.005493 -10.019556 -2.867439 -4.47694
21862 1444827813.804189 11.9971 5.070203 -0.005493 -10.019556 -2.867439 -4.47694
21863 1444827813.814091 11.9971 5.070203 -0.005493 -10.019556 -2.867439 -4.47694
21864 1444827813.824266 11.9971 5.070203 -0.005493 -10.019556 -2.867439 -4.47694
21865 1444827813.834338 11.9971 5.070203 -0.005493 -10.019556 -2.867439 -4.47694
21866 1444827813.844424 11.9971 5.070203 -0.005493 -10.019556 -2.867439 -4.47694
21867 1444827813.854602 11.9971 5.070203 -0.005493 -10.019556 -2.867439 -4.47694
21868 1444827813.862858 11.9971 5.070203 -0.005493 -10.019556 -2.867439 -4.47694
21869 1444827813.872339 11.9971 5.070203 -0.005493 -9.931665 -2.867439 -4.47694
21870 1444827813.884800 11.9971 5.070203 -0.005493 -10.019556 -2.867439 -4.47694
21871 1444827813.894933 11.9971 5.070203 -0.005493 -10.019556 -2.867439 -4.47694
21872 1444827813.905114 11.9971 5.070203 -0.005493 -10.019556 -2.867439 -4.47694
21873 1444827813.911590 11.9971 5.070203 -0.005493 -9.931665 -2.867439 -4.47694
21874 1444827813.925270 11.9971 5.070203 -0.005493 -10.019556 -2.867439 -4.47694
21875 1444827813.932663 11.9971 5.070203 -0.005493 -9.931665 -2.867439 -4.47694
21876 1444827813.941360 11.9971 5.070203 -0.005493 -9.931665 -2.867439 -4.47694
21877 1444827813.951516 11.9971 5.070203 -0.005493 -10.019556 -2.867439 -4.47694
21878 1444827813.961969 11.9971 5.070203 -0.005493 -10.019556 -2.867439 -4.47694
21879 1444827813.971965 11.9971 5.070203 -0.005493 -10.019556 -2.867439 -4.47694
21880 1444827813.981745 12.08499 5.070203 -0.005493 -10.019556 -2.867439 -4.47694
21881 1444827813.991996 11.9971 5.070203 -0.005493 -10.019556 -2.867439 -4.47694
21882 1444827814.002223 11.9971 5.070203 -0.005493 -10.019556 -2.867439 -4.47694
21883 1444827814.013580 11.9971 5.070203 -0.005493 -10.019556 -2.867439 -4.47694
21884 1444827814.022372 11.9971 5.070203 -0.005493 -10.019556 -2.867439 -4.47694
21885 1444827814.032463 11.9971 5.070203 -0.005493 -9.931665 -2.867439 -4.47694
21886 1444827814.042569 11.9971 5.070203 -0.005493 -10.019556 -2.867439 -4.47694
21887 1444827814.053812 11.9971 5.070203 -0.005493 -10.019556 -2.867439 -4.47694
21888 1444827814.064039 11.9971 5.070203 -0.005493 -10.019556 -2.867439 -4.47694
21889 1444827814.073738 11.9971 5.070203 -0.005493 -9.931665 -2.867439 -4.47694
21890 1444827814.083425 11.9971 5.070203 -0.005493 -10.019556 -2.867439 -4.47694
21891 1444827814.094041 11.9971 5.070203 -0.005493 -10.019556 -2.867439 -4.47694
21892 1444827814.106372 11.9971 5.070203 -0.005493 -10.019556 -2.867439 -4.47694
21893 1444827814.115838 12.08499 5.070203 -0.005493 -10.019556 -2.867439 -4.47694
21894 1444827814.124720 11.9971 5.070203 -0.005493 -10.019556 -2.867439 -4.47694
21895 1444827814.134975 11.9971 5.070203 0.082398 -10.019556 -2.867439 -4.47694
21896 1444827814.145095 11.9971 5.070203 -0.005493 -10.019556 -2.867439 -4.47694
21897 1444827814.154672 11.9971 5.070203 -0.005493 -9.931665 -2.867439 -4.47694
21898 1444827814.166499 11.9971 5.070203 -0.005493 -9.931665 -2.867439 -4.47694
21899 1444827814.176451 11.9971 5.070203 -0.005493 -9.931665 -2.867439 -4.47694
21900 1444827814.186624 12.08499 5.070203 -0.005493 -10.019556 -2.867439 -4.47694
21901 1444827814.196720 11.9971 5.070203 -0.005493 -10.019556 -2.867439 -4.47694
21902 1444827814.207094 11.9971 5.070203 -0.005493 -10.019556 -2.867439 -4.47694
21903 1444827814.216934 11.9971 5.070203 -0.005493 -10.019556 -2.867439 -4.47694
21904 1444827814.227201 11.9971 5.070203 -0.005493 -10.019556 -2.867439 -4.47694
21905 1444827814.237354 11.9971 5.070203 -0.005493 -10.019556 -2.867439 -4.47694
21906 1444827814.247516 11.9971 5.070203 -0.005493 -9.931665 -2.867439 -4.47694
21907 1444827814.257632 11.9971 5.070203 -0.005493 -9.931665 -2.867439 -4.47694
21908 1444827814.267744 11.9971 5.070203 -0.005493 -10.019556 -2.867439 -4.47694
21909 1444827814.277736 11.9971 5.070203 0.082398 -9.931665 -2.867439 -4.47694
21910 1444827814.287917 11.9971 5.070203 -0.005493 -10.019556 -2.867439 -4.47694
21911 1444827814.298002 11.9971 5.070203 -0.005493 -10.019556 -2.867439 -4.47694
21912 1444827814.308094 11.9971 5.070203 -0.005493 -10.019556 -2.867439 -4.47694
21913 1444827814.318026 11.9971 5.070203 -0.005493 -10.019556 -2.867439 -4.47694
21914 1444827814.328118 12.08499 5.070203 -0.005493 -10.019556 -2.867439 -4.47694
21915 1444827814.338450 11.9971 5.070203 -0.005493 -10.019556 -2.867439 -4.47694
21916 1444827814.348479 11.9971 5.070203 -0.005493 -10.019556 -2.867439 -4.47694
21917 1444827814.356993 11.9971 5.070203 -0.005493 -9.931665 -2.867439 -4.47694
21918 1444827814.368754 11.9971 5.070203 0.082398 -9.931665 -2.867439 -4.47694
21919 1444827814.379011 11.9971 5.070203 -0.005493 -10.019556 -2.867439 -4.47694
21920 1444827814.387419 11.9971 5.070203 -0.005493 -9.931665 -2.867439 -4.47694
21921 1444827814.394170 11.9971 5.070203 -0.005493 -10.019556 -2.867439 -4.47694
21922 1444827814.407167 11.9971 5.070203 -0.005493 -10.019556 -2.867439 -4.47694
21923 1444827814.414730 11.9971 5.070203 -0.005493 -9.931665 -2.867439 -4.47694
21924 1444827814.424680 11.9971 5.070203 -0.005493 -10.019556 -2.867439 -4.47694
21925 1444827814.435716 11.9971 5.070203 -0.005493 -10.019556 -2.867439 -4.47694
21926 1444827814.446523 11.9971 5.070203 -0.005493 -9.931665 -2.867439 -4.47694
21927 1444827814.457450 11.9971 5.070203 -0.005493 -10.019556 -2.867439 -4.47694
21928 1444827814.468050 11.9971 5.070203 -0.005493 -9.931665 -2.867439 -4.47694
21929 1444827814.476670 11.9971 5.070203 -0.005493 -10.019556 -2.867439 -4.47694
21930 1444827814.486502 11.9971 5.070203 0.082398 -10.019556 -2.867439 -4.47694
21931 1444827814.496784 11.9971 5.070203 -0.005493 -10.019556 -2.867439 -4.47694
21932 1444827814.508485 11.9971 5.070203 -0.005493 -10.019556 -2.867439 -4.47694
21933 1444827814.517905 11.9971 5.070203 -0.005493 -10.019556 -2.867439 -4.47694
21934 1444827814.527627 11.9971 5.070203 -0.005493 -9.931665 -2.867439 -4.47694
21935 1444827814.537597 11.9971 5.070203 -0.005493 -10.019556 -2.867439 -4.47694
21936 1444827814.547632 11.9971 5.070203 -0.005493 -10.019556 -2.867439 -4.47694
21937 1444827814.558657 11.9971 5.070203 -0.005493 -10.019556 -2.867439 -4.47694
21938 1444827814.568102 11.9971 5.070203 -0.005493 -10.019556 -2.867439 -4.47694
21939 1444827814.578598 11.9971 5.070203 -0.005493 -9.931665 -2.867439 -4.47694
21940 1444827814.588225 11.9971 5.070203 -0.005493 -10.019556 -2.867439 -4.47694
21941 1444827814.598312 12.08499 5.070203 -0.005493 -10.019556 -2.867439 -4.47694
21942 1444827814.608369 11.9971 5.070203 -0.005493 -10.019556 -2.867439 -4.47694
21943 1444827814.618330 11.9971 5.070203 -0.005493 -10.019556 -2.867439 -4.47694
21944 1444827814.628555 11.9971 5.070203 -0.005493 -9.931665 -2.867439 -4.47694
21945 1444827814.638698 11.9971 5.070203 -0.005493 -10.019556 -2.867439 -4.47694
21946 1444827814.649203 11.9971 5.070203 -0.005493 -10.019556 -2.867439 -4.47694
21947 1444827814.659141 11.9971 5.070203 -0.005493 -10.019556 -2.867439 -4.47694
21948 1444827814.669859 11.9971 5.070203 -0.005493 -9.931665 -2.867439 -4.47694
21949 1444827814.679811 11.9971 5.070203 -0.005493 -9.931665 -2.867439 -4.47694
21950 1444827814.690039 11.9971 5.070203 -0.005493 -10.019556 -2.867439 -4.47694
21951 1444827814.700099 11.9971 5.070203 -0.005493 -10.019556 -2.867439 -4.47694
21952 1444827814.706820 11.9971 5.070203 -0.005493 -9.931665 -2.867439 -4.47694
21953 1444827814.717037 11.9971 5.070203 -0.005493 -10.019556 -2.867439 -4.47694
21954 1444827814.726526 11.9971 5.070203 -0.005493 -10.019556 -2.867439 -4.47694
21955 1444827814.741387 11.9971 5.070203 -0.005493 -10.019556 -2.867439 -4.47694
21956 1444827814.751467 12.08499 5.070203 -0.005493 -10.019556 -2.867439 -4.47694
21957 1444827814.757622 11.9971 5.070203 -0.005493 -9.931665 -2.867439 -4.47694
21958 1444827814.766567 11.9971 5.070203 -0.005493 -9.931665 -2.867439 -4.47694
21959 1444827814.781739 11.9971 5.070203 -0.005493 -9.931665 -2.867439 -4.47694
21960 1444827814.791873 11.9971 5.070203 -0.005493 -10.019556 -2.867439 -4.47694
21961 1444827814.797017 11.9971 5.070203 -0.005493 -9.931665 -2.867439 -4.47694
21962 1444827814.811714 11.9971 5.070203 -0.005493 -9.931665 -2.867439 -4.47694
21963 1444827814.821925 11.9971 5.070203 -0.005493 -10.019556 -2.867439 -4.47694
21964 1444827814.832041 11.9971 5.070203 -0.005493 -10.019556 -2.867439 -4.47694
21965 1444827814.842091 11.9971 5.070203 -0.005493 -10.019556 -2.867439 -4.47694
21966 1444827814.847811 11.9971 5.070203 -0.005493 -10.019556 -2.867439 -4.47694
21967 1444827814.857719 11.9971 5.070203 0.082398 -10.019556 -2.867439 -4.47694
21968 1444827814.867899 11.9971 5.070203 0.082398 -10.019556 -2.867439 -4.47694
21969 1444827814.877964 11.9971 5.070203 -0.005493 -9.931665 -2.867439 -4.47694
21970 1444827814.889148 11.9971 5.070203 -0.005493 -10.019556 -2.867439 -4.47694
21971 1444827814.898620 11.9971 5.070203 -0.005493 -10.019556 -2.867439 -4.47694
21972 1444827814.911862 11.9971 5.070203 -0.005493 -10.019556 -2.867439 -4.47694
21973 1444827814.921423 11.9971 5.070203 -0.005493 -10.019556 -2.867439 -4.47694
21974 1444827814.929975 11.9971 5.070203 -0.005493 -9.931665 -2.867439 -4.47694
21975 1444827814.939985 11.9971 5.070203 -0.005493 -10.019556 -2.867439 -4.47694
21976 1444827814.950052 11.9971 5.070203 -0.005493 -10.019556 -2.867439 -4.47694
21977 1444827814.957460 11.9971 5.070203 -0.005493 -10.019556 -2.867439 -4.47694
21978 1444827814.967201 11.9971 5.070203 -0.005493 -10.019556 -2.867439 -4.47694
21979 1444827814.981442 11.9971 5.070203 -0.005493 -10.019556 -2.867439 -4.47694
21980 1444827814.991743 11.9971 5.070203 -0.005493 -10.019556 -2.867439 -4.47694
21981 1444827815.001639 11.9971 5.070203 -0.005493 -10.019556 -2.867439 -4.47694
21982 1444827815.011720 11.9971 5.070203 -0.005493 -10.019556 -2.867439 -4.47694
21983 1444827815.021775 11.9971 5.070203 -0.005493 -10.019556 -2.867439 -4.47694
21984 1444827815.031912 11.9971 5.070203 -0.005493 -10.019556 -2.867439 -4.47694
21985 1444827815.041928 11.9971 5.070203 -0.005493 -9.931665 -2.867439 -4.47694
21986 1444827815.052159 11.9971 5.070203 -0.005493 -10.019556 -2.867439 -4.47694
21987 1444827815.062639 11.9971 5.070203 -0.005493 -10.019556 -2.867439 -4.47694
21988 1444827815.072653 11.9971 5.070203 -0.005493 -9.931665 -2.867439 -4.47694
21989 1444827815.082618 11.9971 5.070203 -0.005493 -10.019556 -2.867439 -4.47694
21990 1444827815.092769 11.9971 5.070203 -0.005493 -10.019556 -2.867439 -4.47694
21991 1444827815.103081 11.9971 5.070203 -0.005493 -9.931665 -2.867439 -4.47694
21992 1444827815.112942 11.9971 5.070203 -0.005493 -9.931665 -2.867439 -4.47694
21993 1444827815.123105 11.9971 5.070203 -0.005493 -10.019556 -2.867439 -4.47694
21994 1444827815.133155 11.9971 5.070203 -0.005493 -9.931665 -2.867439 -4.47694
21995 1444827815.143580 11.9971 5.070203 -0.005493 -10.019556 -2.867439 -4.47694
21996 1444827815.153899 11.9971 5.070203 -0.005493 -10.019556 -2.867439 -4.47694
21997 1444827815.164016 11.9971 5.070203 -0.005493 -9.931665 -2.867439 -4.47694
21998 1444827815.174028 12.08499 5.070203 -0.005493 -10.019556 -2.867439 -4.47694
21999 1444827815.184095 11.9971 5.070203 -0.005493 -9.931665 -2.867439 -4.47694
22000 1444827815.194065 11.9971 5.070203 -0.005493 -9.931665 -2.867439 -4.47694
22001 1444827815.204186 12.08499 5.070203 -0.005493 -10.019556 -2.867439 -4.47694
22002 1444827815.212285 11.9971 5.070203 -0.005493 -10.019556 -2.867439 -4.47694
22003 1444827815.221640 11.9971 5.070203 -0.005493 -9.931665 -2.867439 -4.47694
22004 1444827815.231658 11.9971 5.070203 -0.005493 -10.019556 -2.867439 -4.47694
22005 1444827815.242060 11.9971 5.070203 -0.005493 -10.019556 -2.867439 -4.47694
22006 1444827815.251981 11.9971 5.070203 -0.005493 -10.019556 -2.867439 -4.47694
22007 1444827815.262302 11.9971 5.070203 -0.005493 -10.019556 -2.867439 -4.47694
22008 1444827815.271890 11.9971 5.070203 -0.005493 -9.931665 -2.867439 -4.47694
22009 1444827815.282284 11.9971 5.070203 0.082398 -10.019556 -2.867439 -4.47694
22010 1444827815.292258 11.9971 5.070203 -0.005493 -9.931665 -2.867439 -4.47694
22011 1444827815.302740 11.9971 5.070203 -0.005493 -10.019556 -2.867439 -4.47694
22012 1444827815.312740 11.9971 5.070203 -0.005493 -9.931665 -2.867439 -4.47694
22013 1444827815.323216 11.9971 5.070203 -0.005493 -10.019556 -2.867439 -4.47694
22014 1444827815.332784 11.9971 5.070203 -0.005493 -9.931665 -2.867439 -4.47694
22015 1444827815.343029 11.9971 5.070203 -0.005493 -10.019556 -2.867439 -4.47694
22016 1444827815.354726 11.9971 5.070203 -0.005493 -10.019556 -2.867439 -4.47694
22017 1444827815.363939 11.9971 5.070203 -0.005493 -10.019556 -2.867439 -4.47694
22018 1444827815.373520 11.9971 5.070203 -0.005493 -10.019556 -2.867439 -4.47694
22019 1444827815.384410 11.9971 5.070203 -0.005493 -9.931665 -2.867439 -4.47694
22020 1444827815.394182 11.9971 5.070203 -0.005493 -9.931665 -2.867439 -4.47694
22021 1444827815.404053 11.9971 5.070203 -0.005493 -9.931665 -2.867439 -4.47694
22022 1444827815.414320 11.9971 5.070203 -0.005493 -10.019556 -2.867439 -4.47694
22023 1444827815.424351 11.9971 5.070203 -0.005493 -10.019556 -2.867439 -4.47694
22024 1444827815.434523 11.9971 5.070203 0.082398 -10.019556 -2.867439 -4.47694
22025 1444827815.444749 11.9971 5.070203 -0.005493 -9.931665 -2.867439 -4.47694
22026 1444827815.454984 11.9971 5.070203 -0.005493 -10.019556 -2.867439 -4.47694
22027 1444827815.465305 12.08499 5.070203 -0.005493 -10.019556 -2.867439 -4.47694
22028 1444827815.476393 11.9971 5.070203 -0.005493 -10.019556 -2.867439 -4.47694
22029 1444827815.481407 11.9971 5.070203 0.082398 -10.019556 -2.867439 -4.47694
22030 1444827815.492924 11.9971 5.070203 -0.005493 -10.019556 -2.867439 -4.47694
22031 1444827815.506432 11.9971 5.070203 -0.005493 -10.019556 -2.867439 -4.47694
22032 1444827815.515880 11.9971 5.070203 -0.005493 -9.931665 -2.867439 -4.47694
22033 1444827815.527130 11.9971 5.070203 -0.005493 -10.019556 -2.867439 -4.47694
22034 1444827815.537040 11.9971 5.070203 0.082398 -9.931665 -2.867439 -4.47694
22035 1444827815.547029 11.9971 5.070203 -0.005493 -10.019556 -2.867439 -4.47694
22036 1444827815.556423 11.9971 5.070203 -0.005493 -10.019556 -2.867439 -4.47694
22037 1444827815.564578 11.9971 5.070203 -0.005493 -10.019556 -2.867439 -4.47694
22038 1444827815.574712 11.9971 5.070203 0.082398 -10.019556 -2.867439 -4.47694
22039 1444827815.585283 11.9971 5.070203 -0.005493 -10.019556 -2.867439 -4.47694
22040 1444827815.596512 11.9971 5.070203 -0.005493 -9.931665 -2.867439 -4.47694
22041 1444827815.601426 11.9971 5.070203 -0.005493 -10.019556 -2.867439 -4.47694
22042 1444827815.614799 11.9971 5.070203 -0.005493 -10.019556 -2.867439 -4.47694
22043 1444827815.626390 11.9971 5.070203 -0.005493 -10.019556 -2.867439 -4.47694
22044 1444827815.636573 11.9971 5.070203 -0.005493 -10.019556 -2.867439 -4.47694
22045 1444827815.646794 11.9971 5.070203 -0.005493 -10.019556 -2.867439 -4.47694
22046 1444827815.656743 11.9971 5.070203 -0.005493 -10.019556 -2.867439 -4.47694
22047 1444827815.667251 11.9971 5.070203 -0.005493 -10.019556 -2.867439 -4.47694
22048 1444827815.677016 11.9971 5.070203 -0.005493 -10.019556 -2.867439 -4.47694
22049 1444827815.687178 11.9971 5.070203 -0.005493 -10.019556 -2.867439 -4.47694
22050 1444827815.697359 11.9971 5.070203 -0.005493 -10.019556 -2.867439 -4.47694
22051 1444827815.707569 11.9971 5.070203 0.082398 -10.019556 -2.867439 -4.47694
22052 1444827815.717393 11.9971 5.070203 -0.005493 -9.931665 -2.867439 -4.47694
22053 1444827815.727592 11.9971 5.070203 -0.005493 -10.019556 -2.867439 -4.47694
22054 1444827815.737708 11.9971 5.070203 -0.005493 -10.019556 -2.867439 -4.47694
22055 1444827815.747852 11.9971 5.070203 -0.005493 -10.019556 -2.867439 -4.47694
22056 1444827815.757900 11.9971 5.070203 -0.005493 -10.019556 -2.867439 -4.47694
22057 1444827815.768182 11.9971 5.070203 -0.005493 -10.019556 -2.867439 -4.47694
22058 1444827815.778373 11.9971 5.070203 -0.005493 -10.019556 -2.867439 -4.47694
22059 1444827815.788308 11.9971 5.070203 -0.005493 -10.019556 -2.867439 -4.47694
22060 1444827815.798457 11.9971 5.070203 -0.005493 -9.931665 -2.867439 -4.47694
22061 1444827815.806629 11.9971 5.070203 -0.005493 -10.019556 -2.867439 -4.47694
22062 1444827815.818689 12.08499 5.070203 -0.005493 -10.019556 -2.867439 -4.47694
22063 1444827815.828938 11.9971 5.070203 -0.005493 -10.019556 -2.867439 -4.47694
22064 1444827815.838830 11.9971 5.070203 -0.005493 -10.019556 -2.867439 -4.47694
22065 1444827815.849025 11.9971 5.070203 -0.005493 -10.019556 -2.867439 -4.47694
22066 1444827815.859169 11.9971 5.070203 -0.005493 -10.019556 -2.867439 -4.47694
22067 1444827815.869246 11.9971 5.070203 -0.005493 -10.019556 -2.867439 -4.47694
22068 1444827815.876445 11.9971 5.070203 -0.005493 -10.019556 -2.867439 -4.47694
22069 1444827815.887383 11.9971 5.070203 -0.005493 -10.019556 -2.867439 -4.47694
22070 1444827815.897007 11.9971 5.070203 -0.005493 -9.931665 -2.867439 -4.47694
22071 1444827815.907610 11.9971 5.070203 -0.005493 -10.019556 -2.867439 -4.47694
22072 1444827815.917634 11.9971 5.070203 -0.005493 -10.019556 -2.867439 -4.47694
22073 1444827815.927471 11.9971 5.070203 -0.005493 -10.019556 -2.867439 -4.47694
22074 1444827815.937688 11.9971 5.070203 -0.005493 -9.931665 -2.867439 -4.47694
22075 1444827815.947771 11.9971 5.070203 -0.005493 -10.019556 -2.867439 -4.47694
22076 1444827815.958201 11.9971 5.070203 -0.005493 -10.019556 -2.867439 -4.47694
22077 1444827815.968065 11.9971 5.070203 -0.005493 -10.019556 -2.867439 -4.47694
22078 1444827815.978224 12.08499 5.070203 -0.005493 -9.931665 -2.867439 -4.47694
22079 1444827815.988383 11.9971 5.070203 -0.005493 -10.019556 -2.867439 -4.47694
22080 1444827815.999063 11.9971 5.070203 -0.005493 -10.019556 -2.867439 -4.47694
22081 1444827816.009368 11.9971 5.070203 -0.005493 -10.019556 -2.867439 -4.47694
22082 1444827816.018690 11.9971 5.070203 -0.005493 -10.019556 -2.867439 -4.47694
22083 1444827816.029067 11.9971 5.070203 -0.005493 -10.019556 -2.867439 -4.47694
22084 1444827816.039310 11.9971 5.070203 -0.005493 -10.019556 -2.867439 -4.47694
22085 1444827816.049329 11.9971 5.070203 0.082398 -10.019556 -2.867439 -4.47694
22086 1444827816.059689 11.9971 5.070203 -0.005493 -10.019556 -2.867439 -4.47694
22087 1444827816.069530 11.9971 5.070203 -0.005493 -10.019556 -2.867439 -4.47694
22088 1444827816.079644 11.9971 5.070203 -0.005493 -10.019556 -2.867439 -4.47694
22089 1444827816.089664 11.9971 5.070203 -0.005493 -10.019556 -2.867439 -4.47694
22090 1444827816.099856 11.9971 5.070203 -0.005493 -10.019556 -2.867439 -4.47694
22091 1444827816.110047 11.9971 5.070203 -0.005493 -10.019556 -2.867439 -4.47694
22092 1444827816.120095 11.9971 5.070203 -0.005493 -10.019556 -2.867439 -4.47694
22093 1444827816.130120 11.9971 5.070203 -0.005493 -10.019556 -2.867439 -4.47694
22094 1444827816.136438 11.9971 5.070203 -0.005493 -9.931665 -2.867439 -4.47694
22095 1444827816.150303 11.9971 5.070203 -0.005493 -10.019556 -2.867439 -4.47694
22096 1444827816.158871 11.9971 5.070203 -0.005493 -9.931665 -2.867439 -4.47694
22097 1444827816.168008 11.9971 5.070203 -0.005493 -10.019556 -2.867439 -4.47694
22098 1444827816.177613 11.9971 5.070203 -0.005493 -10.019556 -2.867439 -4.47694
22099 1444827816.187801 11.9971 5.070203 -0.005493 -9.931665 -2.867439 -4.47694
22100 1444827816.200367 11.9971 5.070203 -0.005493 -10.019556 -2.867439 -4.47694
22101 1444827816.209352 12.08499 5.070203 -0.005493 -10.019556 -2.867439 -4.47694
22102 1444827816.221510 11.9971 5.070203 0.082398 -9.931665 -2.867439 -4.47694
22103 1444827816.231933 11.9971 5.070203 0.082398 -9.931665 -2.867439 -4.47694
22104 1444827816.241737 11.9971 5.070203 -0.005493 -9.931665 -2.867439 -4.47694
22105 1444827816.251731 11.9971 5.070203 -0.005493 -10.019556 -2.867439 -4.47694
22106 1444827816.261861 11.9971 5.070203 -0.005493 -10.019556 -2.867439 -4.47694
22107 1444827816.272070 11.9971 5.070203 -0.005493 -9.931665 -2.867439 -4.47694
22108 1444827816.282214 11.9971 5.070203 -0.005493 -10.019556 -2.867439 -4.47694
22109 1444827816.287953 11.9971 5.070203 -0.005493 -10.019556 -2.867439 -4.47694
22110 1444827816.298072 11.9971 5.070203 0.082398 -9.931665 -2.867439 -4.47694
22111 1444827816.310270 11.9971 5.070203 -0.005493 -9.931665 -2.867439 -4.47694
22112 1444827816.318527 11.9971 5.070203 -0.005493 -10.019556 -2.867439 -4.47694
22113 1444827816.328887 11.9971 5.070203 -0.005493 -10.019556 -2.867439 -4.47694
22114 1444827816.339339 11.9971 5.070203 -0.005493 -9.931665 -2.867439 -4.47694
22115 1444827816.349019 12.08499 5.070203 -0.005493 -10.019556 -2.867439 -4.47694
22116 1444827816.362131 11.9971 5.070203 -0.005493 -10.019556 -2.867439 -4.47694
22117 1444827816.369355 11.9971 5.070203 -0.005493 -10.019556 -2.867439 -4.47694
22118 1444827816.379428 11.9971 5.070203 -0.005493 -10.019556 -2.867439 -4.47694
22119 1444827816.391608 11.9971 5.070203 -0.005493 -9.931665 -2.867439 -4.47694
22120 1444827816.401596 11.9971 5.070203 -0.005493 -10.019556 -2.867439 -4.47694
22121 1444827816.412734 11.9971 5.070203 -0.005493 -10.019556 -2.867439 -4.47694
22122 1444827816.421685 11.9971 5.070203 -0.005493 -10.019556 -2.867439 -4.47694
22123 1444827816.432298 11.9971 5.070203 -0.005493 -10.019556 -2.867439 -4.47694
22124 1444827816.442226 11.9971 5.070203 -0.005493 -10.019556 -2.867439 -4.47694
22125 1444827816.451833 11.9971 5.070203 -0.005493 -9.931665 -2.867439 -4.47694
22126 1444827816.462229 11.9971 5.070203 -0.005493 -10.019556 -2.867439 -4.47694
22127 1444827816.472761 12.08499 5.070203 -0.005493 -10.019556 -2.867439 -4.47694
22128 1444827816.482677 11.9971 5.070203 -0.005493 -10.019556 -2.867439 -4.47694
22129 1444827816.492628 11.9971 5.070203 -0.005493 -10.019556 -2.867439 -4.47694
22130 1444827816.502871 11.9971 5.070203 -0.005493 -10.019556 -2.867439 -4.47694
22131 1444827816.513155 12.08499 5.070203 -0.005493 -9.931665 -2.867439 -4.47694
22132 1444827816.523102 11.9971 5.070203 -0.005493 -10.019556 -2.867439 -4.47694
22133 1444827816.532934 12.08499 5.070203 -0.005493 -10.019556 -2.867439 -4.47694
22134 1444827816.543145 11.9971 5.070203 -0.005493 -9.931665 -2.867439 -4.47694
22135 1444827816.553584 11.9971 5.070203 -0.005493 -10.019556 -2.867439 -4.47694
22136 1444827816.563262 11.9971 5.070203 -0.005493 -10.019556 -2.867439 -4.47694
22137 1444827816.573462 11.9971 5.070203 -0.005493 -10.019556 -2.867439 -4.47694
22138 1444827816.583472 11.9971 5.070203 -0.005493 -10.019556 -2.867439 -4.47694
22139 1444827816.593563 11.9971 5.070203 -0.005493 -10.019556 -2.867439 -4.47694
22140 1444827816.603825 11.9971 5.070203 0.082398 -10.019556 -2.867439 -4.47694
22141 1444827816.613937 11.9971 5.070203 -0.005493 -10.019556 -2.867439 -4.47694
22142 1444827816.623914 11.9971 5.070203 -0.005493 -10.019556 -2.867439 -4.47694
22143 1444827816.634053 11.9971 5.070203 -0.005493 -10.019556 -2.867439 -4.47694
22144 1444827816.644172 11.9971 5.070203 -0.005493 -10.019556 -2.867439 -4.47694
22145 1444827816.654263 11.9971 5.070203 -0.005493 -10.019556 -2.867439 -4.47694
22146 1444827816.661838 11.9971 5.070203 -0.005493 -10.019556 -2.867439 -4.47694
22147 1444827816.670273 11.9971 5.070203 -0.005493 -10.019556 -2.867439 -4.47694
22148 1444827816.676535 11.9971 5.070203 -0.005493 -10.019556 -2.867439 -4.47694
22149 1444827816.686577 11.9971 5.070203 -0.005493 -10.019556 -2.867439 -4.47694
22150 1444827816.697007 11.9971 5.070203 -0.005493 -10.019556 -2.867439 -4.47694
22151 1444827816.707635 11.9971 5.070203 -0.005493 -10.019556 -2.867439 -4.47694
22152 1444827816.721723 11.9971 5.070203 -0.005493 -9.931665 -2.867439 -4.47694
22153 1444827816.732168 11.9971 5.070203 -0.005493 -10.019556 -2.867439 -4.47694
22154 1444827816.741928 11.9971 5.070203 -0.005493 -10.019556 -2.867439 -4.47694
22155 1444827816.753387 11.9971 5.070203 0.082398 -10.019556 -2.867439 -4.47694
22156 1444827816.764119 11.9971 5.070203 -0.005493 -10.019556 -2.867439 -4.47694
22157 1444827816.773537 11.9971 5.070203 -0.005493 -10.019556 -2.867439 -4.47694
22158 1444827816.783614 12.08499 5.070203 -0.005493 -10.019556 -2.867439 -4.47694
22159 1444827816.793558 11.9971 5.070203 -0.005493 -9.931665 -2.867439 -4.47694
22160 1444827816.804226 12.08499 5.070203 -0.005493 -9.931665 -2.867439 -4.47694
22161 1444827816.815541 11.9971 5.070203 -0.005493 -10.019556 -2.867439 -4.47694
22162 1444827816.823927 11.9971 5.070203 0.082398 -10.019556 -2.867439 -4.47694
22163 1444827816.833771 11.9971 5.070203 -0.005493 -10.019556 -2.867439 -4.47694
22164 1444827816.843954 11.9971 5.070203 -0.005493 -10.019556 -2.867439 -4.47694
22165 1444827816.854530 11.9971 5.070203 -0.005493 -10.019556 -2.867439 -4.47694
22166 1444827816.864330 11.9971 5.070203 -0.005493 -9.931665 -2.867439 -4.47694
22167 1444827816.874635 11.9971 5.070203 -0.005493 -10.019556 -2.867439 -4.47694
22168 1444827816.884517 11.9971 5.070203 0.082398 -10.019556 -2.867439 -4.47694
22169 1444827816.894811 11.9971 5.070203 -0.005493 -9.931665 -2.867439 -4.47694
22170 1444827816.906725 11.9971 5.070203 -0.005493 -10.019556 -2.867439 -4.47694
22171 1444827816.915403 11.9971 5.070203 0.082398 -9.931665 -2.867439 -4.47694
22172 1444827816.926576 11.9971 5.070203 -0.005493 -10.019556 -2.867439 -4.47694
22173 1444827816.936666 11.9971 5.070203 0.082398 -10.019556 -2.867439 -4.47694
22174 1444827816.946498 11.9971 5.070203 -0.005493 -10.019556 -2.867439 -4.47694
22175 1444827816.956463 11.9971 5.070203 -0.005493 -10.019556 -2.867439 -4.47694
22176 1444827816.966533 11.9971 5.070203 -0.005493 -10.019556 -2.867439 -4.47694
22177 1444827816.976683 11.9971 5.070203 -0.005493 -10.019556 -2.867439 -4.47694
22178 1444827816.986883 11.9971 5.070203 -0.005493 -9.931665 -2.867439 -4.47694
22179 1444827816.996788 11.9971 5.070203 -0.005493 -10.019556 -2.867439 -4.47694
22180 1444827817.007041 11.9971 5.070203 -0.005493 -10.019556 -2.867439 -4.47694
22181 1444827817.013578 11.9971 5.070203 -0.005493 -10.019556 -2.867439 -4.47694
22182 1444827817.023132 11.9971 5.070203 -0.005493 -10.019556 -2.867439 -4.47694
22183 1444827817.033334 12.08499 5.070203 -0.005493 -10.019556 -2.867439 -4.47694
22184 1444827817.043473 11.9971 5.070203 -0.005493 -10.019556 -2.867439 -4.47694
22185 1444827817.053598 11.9971 5.070203 -0.005493 -10.019556 -2.867439 -4.47694
22186 1444827817.066545 12.08499 5.070203 -0.005493 -10.019556 -2.867439 -4.47694
22187 1444827817.074364 11.9971 5.070203 -0.005493 -10.019556 -2.867439 -4.47694
22188 1444827817.084384 11.9971 5.070203 -0.005493 -10.019556 -2.867439 -4.47694
22189 1444827817.094481 11.9971 5.070203 -0.005493 -10.019556 -2.867439 -4.47694
22190 1444827817.106440 11.9971 5.070203 -0.005493 -9.931665 -2.867439 -4.47694
22191 1444827817.117455 11.9971 5.070203 -0.005493 -10.019556 -2.867439 -4.47694
22192 1444827817.125910 11.9971 5.070203 -0.005493 -10.019556 -2.867439 -4.47694
22193 1444827817.136828 11.9971 5.070203 -0.005493 -10.019556 -2.867439 -4.47694
22194 1444827817.146631 11.9971 5.070203 -0.005493 -9.931665 -2.867439 -4.47694
22195 1444827817.158022 11.9971 5.070203 -0.005493 -10.019556 -2.867439 -4.47694
22196 1444827817.167611 11.9971 5.070203 -0.005493 -10.019556 -2.867439 -4.47694
22197 1444827817.177420 11.9971 5.070203 -0.005493 -9.931665 -2.867439 -4.47694
22198 1444827817.187070 11.9971 5.070203 -0.005493 -9.931665 -2.867439 -4.47694
22199 1444827817.197785 11.9971 5.070203 -0.005493 -9.931665 -2.867439 -4.47694
22200 1444827817.208207 11.9971 5.070203 -0.005493 -9.931665 -2.867439 -4.47694
22201 1444827817.217716 11.9971 5.070203 -0.005493 -9.931665 -2.867439 -4.47694
22202 1444827817.227657 11.9971 5.070203 -0.005493 -10.019556 -2.867439 -4.47694
22203 1444827817.237499 11.9971 5.070203 -0.005493 -10.019556 -2.867439 -4.47694
22204 1444827817.247817 11.9971 5.070203 -0.005493 -10.019556 -2.867439 -4.47694
22205 1444827817.257591 11.9971 5.070203 0.082398 -10.019556 -2.867439 -4.47694
22206 1444827817.267398 11.9971 5.070203 -0.005493 -10.019556 -2.867439 -4.47694
22207 1444827817.277676 11.9971 5.070203 0.082398 -9.931665 -2.867439 -4.47694
22208 1444827817.287915 11.9971 5.070203 -0.005493 -10.019556 -2.867439 -4.47694
22209 1444827817.298287 11.9971 5.070203 -0.005493 -10.019556 -2.867439 -4.47694
22210 1444827817.307908 12.08499 5.070203 -0.005493 -10.019556 -2.867439 -4.47694
22211 1444827817.318426 11.9971 5.070203 -0.005493 -10.019556 -2.867439 -4.47694
22212 1444827817.328500 11.9971 5.070203 -0.005493 -9.931665 -2.867439 -4.47694
22213 1444827817.338703 11.9971 5.070203 0.082398 -10.019556 -2.867439 -4.47694
22214 1444827817.348827 11.9971 5.070203 -0.005493 -10.019556 -2.867439 -4.47694
22215 1444827817.358946 11.9971 5.070203 -0.005493 -10.019556 -2.867439 -4.47694
22216 1444827817.368929 11.9971 5.070203 -0.005493 -10.019556 -2.867439 -4.47694
22217 1444827817.379066 11.9971 5.070203 -0.005493 -10.019556 -2.867439 -4.47694
22218 1444827817.389217 11.9971 5.070203 -0.005493 -10.019556 -2.867439 -4.47694
22219 1444827817.399431 11.9971 5.070203 -0.005493 -10.019556 -2.867439 -4.47694
22220 1444827817.409962 11.9971 5.070203 -0.005493 -10.019556 -2.867439 -4.47694
22221 1444827817.420110 12.08499 5.070203 -0.005493 -10.019556 -2.867439 -4.47694
22222 1444827817.421680 11.9971 5.070203 -0.005493 -10.019556 -2.867439 -4.47694
22223 1444827817.431969 11.9971 5.070203 -0.005493 -9.931665 -2.867439 -4.47694
22224 1444827817.441919 11.9971 5.070203 -0.005493 -10.019556 -2.867439 -4.47694
22225 1444827817.456578 11.9971 5.070203 -0.005493 -9.931665 -2.867439 -4.47694
22226 1444827817.466635 11.9971 5.070203 -0.005493 -10.019556 -2.867439 -4.47694
22227 1444827817.476859 11.9971 5.070203 -0.005493 -10.019556 -2.867439 -4.47694
22228 1444827817.487002 11.9971 5.070203 -0.005493 -10.019556 -2.867439 -4.47694
22229 1444827817.497282 11.9971 5.070203 -0.005493 -10.019556 -2.867439 -4.47694
22230 1444827817.508119 11.9971 5.070203 -0.005493 -10.019556 -2.867439 -4.47694
22231 1444827817.517351 11.9971 5.070203 -0.005493 -9.931665 -2.867439 -4.47694
22232 1444827817.527674 11.9971 5.070203 -0.005493 -10.019556 -2.867439 -4.47694
22233 1444827817.537918 11.9971 5.070203 -0.005493 -10.019556 -2.867439 -4.47694
22234 1444827817.547776 11.9971 5.070203 -0.005493 -10.019556 -2.867439 -4.47694
22235 1444827817.558816 11.9971 5.070203 -0.005493 -10.019556 -2.867439 -4.47694
22236 1444827817.568508 11.9971 5.070203 -0.005493 -10.019556 -2.867439 -4.47694
22237 1444827817.578670 11.9971 5.070203 -0.005493 -9.931665 -2.867439 -4.47694
22238 1444827817.588691 11.9971 5.070203 -0.005493 -10.019556 -2.867439 -4.47694
22239 1444827817.598711 11.9971 5.070203 -0.005493 -10.019556 -2.867439 -4.47694
22240 1444827817.610500 11.9971 5.070203 -0.005493 -10.019556 -2.867439 -4.47694
22241 1444827817.618982 11.9971 5.070203 -0.005493 -10.019556 -2.867439 -4.47694
22242 1444827817.629022 11.9971 5.070203 -0.005493 -9.931665 -2.867439 -4.47694
22243 1444827817.639110 11.9971 5.070203 -0.005493 -10.019556 -2.867439 -4.47694
22244 1444827817.649353 11.9971 5.070203 -0.005493 -10.019556 -2.867439 -4.47694
22245 1444827817.659509 11.9971 5.070203 -0.005493 -9.931665 -2.867439 -4.47694
22246 1444827817.669545 11.9971 5.070203 -0.005493 -10.019556 -2.867439 -4.47694
22247 1444827817.679518 11.9971 5.070203 -0.005493 -10.019556 -2.867439 -4.47694
22248 1444827817.689600 11.9971 5.070203 -0.005493 -10.019556 -2.867439 -4.47694
22249 1444827817.701526 11.9971 5.070203 -0.005493 -9.931665 -2.867439 -4.47694
22250 1444827817.710011 11.9971 5.070203 -0.005493 -10.019556 -2.867439 -4.47694
22251 1444827817.721745 11.9971 5.070203 -0.005493 -10.019556 -2.867439 -4.47694
22252 1444827817.731868 11.9971 5.070203 -0.005493 -9.931665 -2.867439 -4.47694
22253 1444827817.742079 11.9971 5.070203 -0.005493 -10.019556 -2.867439 -4.47694
22254 1444827817.751793 11.9971 5.070203 -0.005493 -9.931665 -2.867439 -4.47694
22255 1444827817.761742 11.9971 5.070203 -0.005493 -10.019556 -2.867439 -4.47694
22256 1444827817.772088 11.9971 5.070203 -0.005493 -10.019556 -2.867439 -4.47694
22257 1444827817.777985 11.9971 5.070203 -0.005493 -10.019556 -2.867439 -4.47694
22258 1444827817.787912 11.9971 5.070203 -0.005493 -10.019556 -2.867439 -4.47694
22259 1444827817.798084 11.9971 5.070203 -0.005493 -9.931665 -2.867439 -4.47694
22260 1444827817.808282 11.9971 5.070203 0.082398 -10.019556 -2.867439 -4.47694
22261 1444827817.818342 11.9971 5.070203 -0.005493 -9.931665 -2.867439 -4.47694
22262 1444827817.828543 11.9971 5.070203 -0.005493 -10.019556 -2.867439 -4.47694
22263 1444827817.838825 11.9971 5.070203 -0.005493 -9.931665 -2.867439 -4.47694
22264 1444827817.848794 11.9971 5.070203 -0.005493 -10.019556 -2.867439 -4.47694
22265 1444827817.858881 11.9971 5.070203 0.082398 -10.019556 -2.867439 -4.47694
22266 1444827817.869101 11.9971 5.070203 -0.005493 -10.019556 -2.867439 -4.47694
22267 1444827817.879159 11.9971 5.070203 -0.005493 -10.019556 -2.867439 -4.47694
22268 1444827817.889268 11.9971 5.070203 -0.005493 -10.019556 -2.867439 -4.47694
22269 1444827817.899490 11.9971 5.070203 -0.005493 -10.019556 -2.867439 -4.47694
22270 1444827817.909370 11.9971 5.070203 0.082398 -10.019556 -2.867439 -4.47694
22271 1444827817.919660 11.9971 5.070203 0.082398 -10.019556 -2.867439 -4.47694
22272 1444827817.929978 11.9971 5.070203 -0.005493 -10.019556 -2.867439 -4.47694
22273 1444827817.940017 11.9971 5.070203 -0.005493 -9.931665 -2.867439 -4.47694
22274 1444827817.950267 11.9971 5.070203 -0.005493 -10.019556 -2.867439 -4.47694
22275 1444827817.961963 11.9971 5.070203 -0.005493 -10.019556 -2.867439 -4.47694
22276 1444827817.971745 12.08499 5.070203 -0.005493 -10.019556 -2.867439 -4.47694
22277 1444827817.981651 11.9971 5.070203 -0.005493 -10.019556 -2.867439 -4.47694
22278 1444827817.991818 11.9971 5.070203 -0.005493 -9.931665 -2.867439 -4.47694
22279 1444827818.001832 11.9971 5.070203 -0.005493 -10.019556 -2.867439 -4.47694
22280 1444827818.013698 11.9971 5.070203 -0.005493 -9.931665 -2.867439 -4.47694
22281 1444827818.022393 11.9971 5.070203 -0.005493 -10.019556 -2.867439 -4.47694
22282 1444827818.032515 11.9971 5.070203 -0.005493 -10.019556 -2.867439 -4.47694
22283 1444827818.042388 11.9971 5.070203 -0.005493 -9.931665 -2.867439 -4.47694
22284 1444827818.053391 11.9971 5.070203 -0.005493 -9.931665 -2.867439 -4.47694
22285 1444827818.063196 11.9971 5.070203 -0.005493 -9.931665 -2.867439 -4.47694
22286 1444827818.072785 11.9971 5.070203 -0.005493 -10.019556 -2.867439 -4.47694
22287 1444827818.083156 11.9971 5.070203 -0.005493 -9.931665 -2.867439 -4.47694
22288 1444827818.092970 11.9971 5.070203 0.082398 -10.019556 -2.867439 -4.47694
22289 1444827818.103621 11.9971 5.070203 -0.005493 -10.019556 -2.867439 -4.47694
22290 1444827818.113542 11.9971 5.070203 -0.005493 -9.931665 -2.867439 -4.47694
22291 1444827818.123202 12.08499 5.070203 -0.005493 -10.019556 -2.867439 -4.47694
22292 1444827818.133476 11.9971 5.070203 -0.005493 -10.019556 -2.867439 -4.47694
22293 1444827818.143555 11.9971 5.070203 -0.005493 -10.019556 -2.867439 -4.47694
22294 1444827818.153534 12.08499 5.070203 -0.005493 -9.931665 -2.867439 -4.47694
22295 1444827818.161570 11.9971 5.070203 -0.005493 -9.931665 -2.867439 -4.47694
22296 1444827818.173749 11.9971 5.070203 -0.005493 -10.019556 -2.867439 -4.47694
22297 1444827818.183834 11.9971 5.070203 -0.005493 -10.019556 -2.867439 -4.47694
22298 1444827818.194082 11.9971 5.070203 -0.005493 -9.931665 -2.867439 -4.47694
22299 1444827818.204115 11.9971 5.070203 -0.005493 -10.019556 -2.867439 -4.47694
22300 1444827818.214132 11.9971 5.070203 -0.005493 -10.019556 -2.867439 -4.47694
22301 1444827818.224885 11.9971 5.070203 -0.005493 -10.019556 -2.867439 -4.47694
22302 1444827818.234987 11.9971 5.070203 -0.005493 -10.019556 -2.867439 -4.47694
22303 1444827818.245449 11.9971 5.070203 -0.005493 -10.019556 -2.867439 -4.47694
22304 1444827818.251425 11.9971 5.070203 -0.005493 -9.931665 -2.867439 -4.47694
22305 1444827818.261538 11.9971 5.070203 -0.005493 -10.019556 -2.867439 -4.47694
22306 1444827818.271461 11.9971 5.070203 -0.005493 -10.019556 -2.867439 -4.47694
22307 1444827818.281670 12.08499 5.070203 -0.005493 -10.019556 -2.867439 -4.47694
22308 1444827818.291844 11.9971 5.070203 -0.005493 -10.019556 -2.867439 -4.47694
22309 1444827818.302443 11.9971 5.070203 -0.005493 -9.931665 -2.867439 -4.47694
22310 1444827818.312607 11.9971 5.070203 -0.005493 -10.019556 -2.867439 -4.47694
22311 1444827818.323478 11.9971 5.070203 -0.005493 -10.019556 -2.867439 -4.47694
22312 1444827818.332670 12.08499 5.070203 -0.005493 -10.019556 -2.867439 -4.47694
22313 1444827818.343370 11.9971 5.070203 -0.005493 -9.931665 -2.867439 -4.47694
22314 1444827818.353829 11.9971 5.070203 -0.005493 -10.019556 -2.867439 -4.47694
22315 1444827818.363923 11.9971 5.070203 0.082398 -10.019556 -2.867439 -4.47694
22316 1444827818.373683 11.9971 5.070203 -0.005493 -10.019556 -2.867439 -4.47694
22317 1444827818.383782 11.9971 5.070203 -0.005493 -9.931665 -2.867439 -4.47694
22318 1444827818.393807 11.9971 5.070203 -0.005493 -9.931665 -2.867439 -4.47694
22319 1444827818.404266 11.9971 5.070203 -0.005493 -9.931665 -2.867439 -4.47694
22320 1444827818.414167 11.9971 5.070203 -0.005493 -10.019556 -2.867439 -4.47694
22321 1444827818.424283 11.9971 5.070203 -0.005493 -10.019556 -2.867439 -4.47694
22322 1444827818.434396 11.9971 5.070203 -0.005493 -10.019556 -2.867439 -4.47694
22323 1444827818.444530 11.9971 5.070203 -0.005493 -9.931665 -2.867439 -4.47694
22324 1444827818.454755 11.9971 5.070203 -0.005493 -9.931665 -2.867439 -4.47694
22325 1444827818.465922 11.9971 5.070203 -0.005493 -10.019556 -2.867439 -4.47694
22326 1444827818.475930 11.9971 5.070203 -0.005493 -10.019556 -2.867439 -4.47694
22327 1444827818.481901 11.9971 5.070203 -0.005493 -9.931665 -2.867439 -4.47694
22328 1444827818.492155 12.08499 5.070203 -0.005493 -10.019556 -2.867439 -4.47694
22329 1444827818.506572 11.9971 5.070203 -0.005493 -10.019556 -2.867439 -4.47694
22330 1444827818.512809 11.9971 5.070203 -0.005493 -10.019556 -2.867439 -4.47694
22331 1444827818.525200 11.9971 5.070203 -0.005493 -10.019556 -2.867439 -4.47694
22332 1444827818.535058 11.9971 5.070203 -0.005493 -10.019556 -2.867439 -4.47694
22333 1444827818.546403 11.9971 5.070203 -0.005493 -10.019556 -2.867439 -4.47694
22334 1444827818.556683 11.9971 5.070203 -0.005493 -10.019556 -2.867439 -4.47694
22335 1444827818.566808 11.9971 5.070203 -0.005493 -10.019556 -2.867439 -4.47694
22336 1444827818.577804 11.9971 5.070203 -0.005493 -9.931665 -2.867439 -4.47694
22337 1444827818.587869 11.9971 5.070203 -0.005493 -9.931665 -2.867439 -4.47694
22338 1444827818.598047 11.9971 5.070203 -0.005493 -9.931665 -2.867439 -4.47694
22339 1444827818.608166 11.9971 5.070203 0.082398 -9.931665 -2.867439 -4.47694
22340 1444827818.618181 11.9971 5.070203 -0.005493 -10.019556 -2.867439 -4.47694
22341 1444827818.628310 12.08499 5.070203 0.082398 -10.019556 -2.867439 -4.47694
22342 1444827818.638449 11.9971 5.070203 -0.005493 -9.931665 -2.867439 -4.47694
22343 1444827818.648800 11.9971 5.070203 -0.005493 -10.019556 -2.867439 -4.47694
22344 1444827818.658791 11.9971 5.070203 -0.005493 -9.931665 -2.867439 -4.47694
22345 1444827818.668921 11.9971 5.070203 -0.005493 -10.019556 -2.867439 -4.47694
22346 1444827818.679016 11.9971 5.070203 -0.005493 -10.019556 -2.867439 -4.47694
22347 1444827818.689127 11.9971 5.070203 0.082398 -10.019556 -2.867439 -4.47694
22348 1444827818.699318 11.9971 5.070203 0.082398 -10.019556 -2.867439 -4.47694
22349 1444827818.709281 11.9971 5.070203 -0.005493 -10.019556 -2.867439 -4.47694
22350 1444827818.719387 11.9971 5.070203 -0.005493 -10.019556 -2.867439 -4.47694
22351 1444827818.727963 11.9971 5.070203 -0.005493 -9.931665 -2.867439 -4.47694
22352 1444827818.731444 11.9971 5.070203 -0.005493 -10.019556 -2.867439 -4.47694
22353 1444827818.742409 11.9971 5.070203 -0.005493 -9.931665 -2.867439 -4.47694
22354 1444827818.751510 11.9971 5.070203 -0.005493 -10.019556 -2.867439 -4.47694
22355 1444827818.762030 12.08499 5.070203 -0.005493 -10.019556 -2.867439 -4.47694
22356 1444827818.776891 11.9971 5.070203 -0.005493 -10.019556 -2.867439 -4.47694
22357 1444827818.786017 11.9971 5.070203 -0.005493 -10.019556 -2.867439 -4.47694
22358 1444827818.791731 11.9971 5.070203 -0.005493 -10.019556 -2.867439 -4.47694
22359 1444827818.808706 11.9971 5.070203 0.082398 -9.931665 -2.867439 -4.47694
22360 1444827818.817543 11.9971 5.070203 -0.005493 -10.019556 -2.867439 -4.47694
22361 1444827818.827352 11.9971 5.070203 -0.005493 -9.931665 -2.867439 -4.47694
22362 1444827818.837265 11.9971 5.070203 -0.005493 -9.931665 -2.867439 -4.47694
22363 1444827818.847363 11.9971 5.070203 -0.005493 -9.931665 -2.867439 -4.47694
22364 1444827818.857695 11.9971 5.070203 0.082398 -9.931665 -2.867439 -4.47694
22365 1444827818.867738 11.9971 5.070203 -0.005493 -10.019556 -2.867439 -4.47694
22366 1444827818.878165 11.9971 5.070203 -0.005493 -10.019556 -2.867439 -4.47694
22367 1444827818.888314 11.9971 5.070203 -0.005493 -10.019556 -2.867439 -4.47694
22368 1444827818.898259 11.9971 5.070203 -0.005493 -9.931665 -2.867439 -4.47694
22369 1444827818.908013 11.9971 5.070203 -0.005493 -10.019556 -2.867439 -4.47694
22370 1444827818.918172 12.08499 5.070203 0.082398 -9.931665 -2.867439 -4.47694
22371 1444827818.928364 11.9971 5.070203 -0.005493 -10.019556 -2.867439 -4.47694
22372 1444827818.938580 11.9971 5.070203 -0.005493 -9.931665 -2.867439 -4.47694
22373 1444827818.948890 12.08499 5.070203 0.082398 -10.019556 -2.867439 -4.47694
22374 1444827818.956718 11.9971 5.070203 -0.005493 -9.931665 -2.867439 -4.47694
22375 1444827818.966870 11.9971 5.070203 -0.005493 -9.931665 -2.867439 -4.47694
22376 1444827818.979092 11.9971 5.070203 -0.005493 -10.019556 -2.867439 -4.47694
22377 1444827818.990091 11.9971 5.070203 -0.005493 -10.019556 -2.867439 -4.47694
22378 1444827819.000243 12.08499 5.070203 -0.005493 -10.019556 -2.867439 -4.47694
22379 1444827819.007061 11.9971 5.070203 -0.005493 -10.019556 -2.867439 -4.47694
22380 1444827819.017234 11.9971 5.070203 -0.005493 -9.931665 -2.867439 -4.47694
22381 1444827819.026672 11.9971 5.070203 -0.005493 -10.019556 -2.867439 -4.47694
22382 1444827819.036717 11.9971 5.070203 -0.005493 -10.019556 -2.867439 -4.47694
22383 1444827819.046689 11.9971 5.070203 -0.005493 -10.019556 -2.867439 -4.47694
22384 1444827819.060102 12.08499 5.070203 -0.005493 -10.019556 -2.867439 -4.47694
22385 1444827819.070270 11.9971 5.070203 -0.005493 -10.019556 -2.867439 -4.47694
22386 1444827819.081712 11.9971 5.070203 -0.005493 -10.019556 -2.867439 -4.47694
22387 1444827819.090245 11.9971 5.070203 -0.005493 -10.019556 -2.867439 -4.47694
22388 1444827819.100420 11.9971 5.070203 -0.005493 -10.019556 -2.867439 -4.47694
22389 1444827819.110718 11.9971 5.070203 -0.005493 -10.019556 -2.867439 -4.47694
22390 1444827819.120611 11.9971 5.070203 -0.005493 -9.931665 -2.867439 -4.47694
22391 1444827819.130717 11.9971 5.070203 -0.005493 -10.019556 -2.867439 -4.47694
22392 1444827819.140769 11.9971 5.070203 -0.005493 -10.019556 -2.867439 -4.47694
22393 1444827819.150880 11.9971 5.070203 0.082398 -10.019556 -2.867439 -4.47694
22394 1444827819.158050 11.9971 5.070203 -0.005493 -10.019556 -2.867439 -4.47694
22395 1444827819.167607 11.9971 5.070203 -0.005493 -10.019556 -2.867439 -4.47694
22396 1444827819.178222 11.9971 5.070203 -0.005493 -10.019556 -2.867439 -4.47694
22397 1444827819.188268 11.9971 5.070203 -0.005493 -9.931665 -2.867439 -4.47694
22398 1444827819.198572 11.9971 5.070203 0.082398 -10.019556 -2.867439 -4.47694
22399 1444827819.208558 11.9971 5.070203 -0.005493 -10.019556 -2.867439 -4.47694
22400 1444827819.221163 11.9971 5.070203 -0.005493 -10.019556 -2.867439 -4.47694
22401 1444827819.231964 11.9971 5.070203 -0.005493 -10.019556 -2.867439 -4.47694
22402 1444827819.237688 11.9971 5.070203 -0.005493 -10.019556 -2.867439 -4.47694
22403 1444827819.246904 11.9971 5.070203 -0.005493 -10.019556 -2.867439 -4.47694
22404 1444827819.262651 11.9971 5.070203 -0.005493 -10.019556 -2.867439 -4.47694
22405 1444827819.272023 11.9971 5.070203 -0.005493 -10.019556 -2.867439 -4.47694
22406 1444827819.282949 11.9971 5.070203 -0.005493 -10.019556 -2.867439 -4.47694
22407 1444827819.293031 11.9971 5.070203 -0.005493 -9.931665 -2.867439 -4.47694
22408 1444827819.303098 11.9971 5.070203 -0.005493 -10.019556 -2.867439 -4.47694
22409 1444827819.313195 11.9971 5.070203 -0.005493 -9.931665 -2.867439 -4.47694
22410 1444827819.318223 11.9971 5.070203 -0.005493 -9.931665 -2.867439 -4.47694
22411 1444827819.331714 11.9971 5.070203 -0.005493 -10.019556 -2.867439 -4.47694
22412 1444827819.341769 11.9971 5.070203 -0.005493 -10.019556 -2.867439 -4.47694
22413 1444827819.348604 11.9971 5.070203 -0.005493 -10.019556 -2.867439 -4.47694
22414 1444827819.362007 11.9971 5.070203 -0.005493 -10.019556 -2.867439 -4.47694
22415 1444827819.368866 11.9971 5.070203 -0.005493 -9.931665 -2.867439 -4.47694
22416 1444827819.378863 11.9971 5.070203 -0.005493 -10.019556 -2.867439 -4.47694
22417 1444827819.389451 11.9971 5.070203 -0.005493 -10.019556 -2.867439 -4.47694
22418 1444827819.399936 11.9971 5.070203 -0.005493 -10.019556 -2.867439 -4.47694
22419 1444827819.412297 11.9971 5.070203 -0.005493 -10.019556 -2.867439 -4.47694
22420 1444827819.421185 11.9971 5.070203 -0.005493 -10.019556 -2.867439 -4.47694
22421 1444827819.431955 11.9971 5.070203 -0.005493 -10.019556 -2.867439 -4.47694
22422 1444827819.441234 12.08499 5.070203 -0.005493 -10.019556 -2.867439 -4.47694
22423 1444827819.451794 11.9971 5.070203 -0.005493 -10.019556 -2.867439 -4.47694
22424 1444827819.462389 11.9971 5.070203 -0.005493 -10.019556 -2.867439 -4.47694
22425 1444827819.469981 11.9971 5.070203 0.082398 -9.931665 -2.867439 -4.47694
22426 1444827819.482058 11.9971 5.070203 -0.005493 -10.019556 -2.867439 -4.47694
22427 1444827819.491988 11.9971 5.070203 -0.005493 -10.019556 -2.867439 -4.47694
22428 1444827819.502090 11.9971 5.070203 -0.005493 -10.019556 -2.867439 -4.47694
22429 1444827819.512035 11.9971 5.070203 -0.005493 -10.019556 -2.867439 -4.47694
22430 1444827819.522709 11.9971 5.070203 -0.005493 -9.931665 -2.867439 -4.47694
22431 1444827819.532834 11.9971 5.070203 -0.005493 -10.019556 -2.867439 -4.47694
22432 1444827819.542647 11.9971 5.070203 -0.005493 -10.019556 -2.867439 -4.47694
22433 1444827819.552863 11.9971 5.070203 -0.005493 -10.019556 -2.867439 -4.47694
22434 1444827819.563018 11.9971 5.070203 -0.005493 -10.019556 -2.867439 -4.47694
22435 1444827819.572817 11.9971 5.070203 -0.005493 -9.931665 -2.867439 -4.47694
22436 1444827819.583031 11.9971 5.070203 -0.005493 -10.019556 -2.867439 -4.47694
22437 1444827819.593137 11.9971 5.070203 -0.005493 -10.019556 -2.867439 -4.47694
22438 1444827819.604460 11.9971 5.070203 0.082398 -10.019556 -2.867439 -4.47694
22439 1444827819.614538 11.9971 5.070203 -0.005493 -10.019556 -2.867439 -4.47694
22440 1444827819.624437 11.9971 5.070203 -0.005493 -10.019556 -2.867439 -4.47694
22441 1444827819.634589 11.9971 5.070203 0.082398 -9.931665 -2.867439 -4.47694
22442 1444827819.644761 11.9971 5.070203 -0.005493 -9.931665 -2.867439 -4.47694
22443 1444827819.654942 11.9971 5.070203 -0.005493 -9.931665 -2.867439 -4.47694
22444 1444827819.665028 11.9971 5.070203 -0.005493 -9.931665 -2.867439 -4.47694
22445 1444827819.675086 11.9971 5.070203 -0.005493 -10.019556 -2.867439 -4.47694
22446 1444827819.685079 11.9971 5.070203 -0.005493 -10.019556 -2.867439 -4.47694
22447 1444827819.695211 11.9971 5.070203 -0.005493 -10.019556 -2.867439 -4.47694
22448 1444827819.705340 11.9971 5.070203 -0.005493 -10.019556 -2.867439 -4.47694
22449 1444827819.712778 11.9971 5.070203 0.082398 -10.019556 -2.867439 -4.47694
22450 1444827819.725569 12.08499 5.070203 -0.005493 -10.019556 -2.867439 -4.47694
22451 1444827819.732821 11.9971 5.070203 -0.005493 -9.931665 -2.867439 -4.47694
22452 1444827819.745851 11.9971 5.070203 -0.005493 -10.019556 -2.867439 -4.47694
22453 1444827819.753003 11.9971 5.070203 -0.005493 -10.019556 -2.867439 -4.47694
22454 1444827819.761734 11.9971 5.070203 -0.005493 -10.019556 -2.867439 -4.47694
22455 1444827819.771727 11.9971 5.070203 -0.005493 -10.019556 -2.867439 -4.47694
22456 1444827819.782200 11.9971 5.070203 -0.005493 -10.019556 -2.867439 -4.47694
22457 1444827819.792988 11.9971 5.070203 -0.005493 -10.019556 -2.867439 -4.47694
22458 1444827819.803923 11.9971 5.070203 -0.005493 -10.019556 -2.867439 -4.47694
22459 1444827819.813985 11.9971 5.070203 -0.005493 -10.019556 -2.867439 -4.47694
22460 1444827819.823120 11.9971 5.070203 -0.005493 -10.019556 -2.867439 -4.47694
22461 1444827819.832955 11.9971 5.070203 -0.005493 -10.019556 -2.867439 -4.47694
22462 1444827819.842975 11.9971 5.070203 -0.005493 -9.931665 -2.867439 -4.47694
22463 1444827819.853547 11.9971 5.070203 -0.005493 -10.019556 -2.867439 -4.47694
22464 1444827819.863693 11.9971 5.070203 -0.005493 -10.019556 -2.867439 -4.47694
22465 1444827819.873735 11.9971 5.070203 -0.005493 -10.019556 -2.867439 -4.47694
22466 1444827819.883686 11.9971 5.070203 -0.005493 -10.019556 -2.867439 -4.47694
22467 1444827819.893967 11.9971 5.070203 -0.005493 -10.019556 -2.867439 -4.47694
22468 1444827819.904443 11.9971 5.070203 0.082398 -10.019556 -2.867439 -4.47694
22469 1444827819.912395 11.9971 5.070203 -0.005493 -10.019556 -2.867439 -4.47694
22470 1444827819.924458 11.9971 5.070203 -0.005493 -9.931665 -2.867439 -4.47694
22471 1444827819.934575 11.9971 5.070203 -0.005493 -10.019556 -2.867439 -4.47694
22472 1444827819.944404 11.9971 5.070203 -0.005493 -10.019556 -2.867439 -4.47694
22473 1444827819.957289 11.9971 5.070203 -0.005493 -10.019556 -2.867439 -4.47694
22474 1444827819.966199 11.9971 5.070203 -0.005493 -10.019556 -2.867439 -4.47694
22475 1444827819.975029 11.9971 5.070203 0.082398 -10.019556 -2.867439 -4.47694
22476 1444827819.985107 11.9971 5.070203 -0.005493 -10.019556 -2.867439 -4.47694
22477 1444827819.991909 11.9971 5.070203 0.082398 -10.019556 -2.867439 -4.47694
22478 1444827820.005141 11.9971 5.070203 -0.005493 -10.019556 -2.867439 -4.47694
22479 1444827820.015290 11.9971 5.070203 -0.005493 -10.019556 -2.867439 -4.47694
22480 1444827820.024986 11.9971 5.070203 -0.005493 -10.019556 -2.867439 -4.47694
22481 1444827820.036776 11.9971 5.070203 -0.005493 -10.019556 -2.867439 -4.47694
22482 1444827820.047366 12.08499 5.070203 -0.005493 -9.931665 -2.867439 -4.47694
22483 1444827820.056201 11.9971 5.070203 -0.005493 -9.931665 -2.867439 -4.47694
22484 1444827820.067950 11.9971 5.070203 -0.005493 -10.019556 -2.867439 -4.47694
22485 1444827820.077742 11.9971 5.070203 -0.005493 -9.931665 -2.867439 -4.47694
22486 1444827820.088128 11.9971 5.070203 -0.005493 -10.019556 -2.867439 -4.47694
22487 1444827820.098186 11.9971 5.070203 -0.005493 -10.019556 -2.867439 -4.47694
22488 1444827820.106574 11.9971 5.070203 -0.005493 -9.931665 -2.867439 -4.47694
22489 1444827820.118309 11.9971 5.070203 -0.005493 -10.019556 -2.867439 -4.47694
22490 1444827820.126693 11.9971 5.070203 -0.005493 -9.931665 -2.867439 -4.47694
22491 1444827820.133327 11.9971 5.070203 -0.005493 -10.019556 -2.867439 -4.47694
22492 1444827820.146832 11.9971 5.070203 -0.005493 -10.019556 -2.867439 -4.47694
22493 1444827820.153637 11.9971 5.070203 -0.005493 -10.019556 -2.867439 -4.47694
22494 1444827820.163586 11.9971 5.070203 -0.005493 -10.019556 -2.867439 -4.47694
22495 1444827820.173721 11.9971 5.070203 -0.005493 -10.019556 -2.867439 -4.47694
22496 1444827820.183845 11.9971 5.070203 0.082398 -10.019556 -2.867439 -4.47694
22497 1444827820.193992 11.9971 5.070203 -0.005493 -9.931665 -2.867439 -4.47694
22498 1444827820.204072 11.9971 5.070203 -0.005493 -9.931665 -2.867439 -4.47694
22499 1444827820.212265 11.9971 5.070203 -0.005493 -9.931665 -2.867439 -4.47694
22500 1444827820.224160 11.9971 5.070203 -0.005493 -10.019556 -2.867439 -4.47694
22501 1444827820.234270 11.9971 5.070203 -0.005493 -10.019556 -2.867439 -4.47694
22502 1444827820.242370 11.9971 5.070203 -0.005493 -10.019556 -2.867439 -4.47694
22503 1444827820.254910 11.9971 5.070203 -0.005493 -9.931665 -2.867439 -4.47694
22504 1444827820.267574 11.9971 5.070203 -0.005493 -10.019556 -2.867439 -4.47694
22505 1444827820.275347 11.9971 5.070203 -0.005493 -10.019556 -2.867439 -4.47694
22506 1444827820.282454 11.9971 5.070203 0.082398 -10.019556 -2.867439 -4.47694
22507 1444827820.295415 11.9971 5.070203 -0.005493 -10.019556 -2.867439 -4.47694
22508 1444827820.306134 11.9971 5.070203 -0.005493 -10.019556 -2.867439 -4.47694
22509 1444827820.312602 11.9971 5.070203 -0.005493 -10.019556 -2.867439 -4.47694
22510 1444827820.326222 11.9971 5.070203 -0.005493 -9.931665 -2.867439 -4.47694
22511 1444827820.335075 11.9971 5.070203 -0.005493 -9.931665 -2.867439 -4.47694
22512 1444827820.344959 11.9971 5.070203 0.082398 -10.019556 -2.867439 -4.47694
22513 1444827820.356956 11.9971 5.070203 -0.005493 -9.931665 -2.867439 -4.47694
22514 1444827820.365661 11.9971 5.070203 0.082398 -10.019556 -2.867439 -4.47694
22515 1444827820.376690 11.9971 5.070203 -0.005493 -10.019556 -2.867439 -4.47694
22516 1444827820.387515 11.9971 5.070203 -0.005493 -10.019556 -2.867439 -4.47694
22517 1444827820.397498 11.9971 5.070203 -0.005493 -10.019556 -2.867439 -4.47694
22518 1444827820.408319 12.08499 5.070203 -0.005493 -10.019556 -2.867439 -4.47694
22519 1444827820.417102 11.9971 5.070203 -0.005493 -9.931665 -2.867439 -4.47694
22520 1444827820.426539 11.9971 5.070203 -0.005493 -10.019556 -2.867439 -4.47694
22521 1444827820.432345 11.9971 5.070203 -0.005493 -10.019556 -2.867439 -4.47694
22522 1444827820.442024 11.9971 5.070203 -0.005493 -10.019556 -2.867439 -4.47694
22523 1444827820.453538 11.9971 5.070203 -0.005493 -10.019556 -2.867439 -4.47694
22524 1444827820.466948 11.9971 5.070203 -0.005493 -10.019556 -2.867439 -4.47694
22525 1444827820.477281 11.9971 5.070203 -0.005493 -9.931665 -2.867439 -4.47694
22526 1444827820.487873 11.9971 5.070203 -0.005493 -10.019556 -2.867439 -4.47694
22527 1444827820.497910 11.9971 5.070203 -0.005493 -10.019556 -2.867439 -4.47694
22528 1444827820.507534 11.9971 5.070203 -0.005493 -10.019556 -2.867439 -4.47694
22529 1444827820.517916 11.9971 5.070203 -0.005493 -10.019556 -2.867439 -4.47694
22530 1444827820.527976 11.9971 5.070203 -0.005493 -9.931665 -2.867439 -4.47694
22531 1444827820.538189 11.9971 5.070203 -0.005493 -10.019556 -2.867439 -4.47694
22532 1444827820.548406 11.9971 5.070203 -0.005493 -10.019556 -2.867439 -4.47694
22533 1444827820.559020 11.9971 5.070203 -0.005493 -10.019556 -2.867439 -4.47694
22534 1444827820.568562 11.9971 5.070203 -0.005493 -10.019556 -2.867439 -4.47694
22535 1444827820.578512 11.9971 5.070203 -0.005493 -9.931665 -2.867439 -4.47694
22536 1444827820.588677 11.9971 5.070203 -0.005493 -10.019556 -2.867439 -4.47694
22537 1444827820.597275 11.9971 5.070203 -0.005493 -9.931665 -2.867439 -4.47694
22538 1444827820.606762 11.9971 5.070203 -0.005493 -10.019556 -2.867439 -4.47694
22539 1444827820.617009 11.9971 5.070203 -0.005493 -9.931665 -2.867439 -4.47694
22540 1444827820.627398 11.9971 5.070203 -0.005493 -10.019556 -2.867439 -4.47694
22541 1444827820.637414 11.9971 5.070203 -0.005493 -10.019556 -2.867439 -4.47694
22542 1444827820.647812 11.9971 5.070203 -0.005493 -9.931665 -2.867439 -4.47694
22543 1444827820.661352 11.9971 5.070203 -0.005493 -10.019556 -2.867439 -4.47694
22544 1444827820.667139 11.9971 5.070203 -0.005493 -10.019556 -2.867439 -4.47694
22545 1444827820.677914 11.9971 5.070203 -0.005493 -9.931665 -2.867439 -4.47694
22546 1444827820.688054 11.9971 5.070203 -0.005493 -10.019556 -2.867439 -4.47694
22547 1444827820.698035 12.08499 5.070203 -0.005493 -9.931665 -2.867439 -4.47694
22548 1444827820.708927 11.9971 5.070203 -0.005493 -10.019556 -2.867439 -4.47694
22549 1444827820.717213 11.9971 5.070203 -0.005493 -10.019556 -2.867439 -4.47694
22550 1444827820.727399 11.9971 5.070203 -0.005493 -10.019556 -2.867439 -4.47694
22551 1444827820.737036 11.9971 5.070203 -0.005493 -10.019556 -2.867439 -4.47694
22552 1444827820.746947 11.9971 5.070203 -0.005493 -9.931665 -2.867439 -4.47694
22553 1444827820.757931 11.9971 5.070203 0.082398 -10.019556 -2.867439 -4.47694
22554 1444827820.769414 11.9971 5.070203 0.082398 -10.019556 -2.867439 -4.47694
22555 1444827820.778032 11.9971 5.070203 -0.005493 -9.931665 -2.867439 -4.47694
22556 1444827820.787535 12.08499 5.070203 -0.005493 -9.931665 -2.867439 -4.47694
22557 1444827820.800881 11.9971 5.070203 0.082398 -9.931665 -2.867439 -4.47694
22558 1444827820.808446 11.9971 5.070203 -0.005493 -9.931665 -2.867439 -4.47694
22559 1444827820.818347 11.9971 5.070203 0.082398 -10.019556 -2.867439 -4.47694
22560 1444827820.832548 11.9971 5.070203 -0.005493 -9.931665 -2.867439 -4.47694
22561 1444827820.843199 11.9971 5.070203 -0.005493 -9.931665 -2.867439 -4.47694
22562 1444827820.852156 11.9971 5.070203 -0.005493 -10.019556 -2.867439 -4.47694
22563 1444827820.858082 11.9971 5.070203 -0.005493 -9.931665 -2.867439 -4.47694
22564 1444827820.867374 11.9971 5.070203 -0.005493 -10.019556 -2.867439 -4.47694
22565 1444827820.877558 11.9971 5.070203 -0.005493 -10.019556 -2.867439 -4.47694
22566 1444827820.889766 11.9971 5.070203 -0.005493 -10.019556 -2.867439 -4.47694
22567 1444827820.897110 12.08499 5.070203 -0.005493 -10.019556 -2.867439 -4.47694
22568 1444827820.911792 11.9971 5.070203 -0.005493 -10.019556 -2.867439 -4.47694
22569 1444827820.917678 11.9971 5.070203 -0.005493 -10.019556 -2.867439 -4.47694
22570 1444827820.927411 11.9971 5.070203 0.082398 -10.019556 -2.867439 -4.47694
22571 1444827820.942430 12.08499 5.070203 -0.005493 -10.019556 -2.867439 -4.47694
22572 1444827820.947166 11.9971 5.070203 -0.005493 -10.019556 -2.867439 -4.47694
22573 1444827820.961173 11.9971 5.070203 -0.005493 -10.019556 -2.867439 -4.47694
22574 1444827820.971372 11.9971 5.070203 -0.005493 -10.019556 -2.867439 -4.47694
22575 1444827820.981473 12.08499 5.070203 -0.005493 -10.019556 -2.867439 -4.47694
22576 1444827820.992212 11.9971 5.070203 -0.005493 -10.019556 -2.867439 -4.47694
22577 1444827821.001768 11.9971 5.070203 -0.005493 -10.019556 -2.867439 -4.47694
22578 1444827821.012142 11.9971 5.070203 -0.005493 -10.019556 -2.867439 -4.47694
22579 1444827821.022256 12.08499 5.070203 -0.005493 -10.019556 -2.867439 -4.47694
22580 1444827821.033170 11.9971 5.070203 -0.005493 -10.019556 -2.867439 -4.47694
22581 1444827821.043540 11.9971 5.070203 -0.005493 -10.019556 -2.867439 -4.47694
22582 1444827821.053995 11.9971 5.070203 -0.005493 -9.931665 -2.867439 -4.47694
22583 1444827821.057486 11.9971 5.070203 -0.005493 -10.019556 -2.867439 -4.47694
22584 1444827821.068344 11.9971 5.070203 -0.005493 -10.019556 -2.867439 -4.47694
22585 1444827821.081983 12.08499 5.070203 -0.005493 -10.019556 -2.867439 -4.47694
22586 1444827821.091983 11.9971 5.070203 -0.005493 -10.019556 -2.867439 -4.47694
22587 1444827821.102059 11.9971 5.070203 -0.005493 -9.931665 -2.867439 -4.47694
22588 1444827821.111846 11.9971 5.070203 -0.005493 -10.019556 -2.867439 -4.47694
22589 1444827821.122871 11.9971 5.070203 -0.005493 -10.019556 -2.867439 -4.47694
22590 1444827821.133275 11.9971 5.070203 -0.005493 -10.019556 -2.867439 -4.47694
22591 1444827821.143886 11.9971 5.070203 -0.005493 -9.931665 -2.867439 -4.47694
22592 1444827821.154512 11.9971 5.070203 -0.005493 -10.019556 -2.867439 -4.47694
22593 1444827821.165896 11.9971 5.070203 -0.005493 -10.019556 -2.867439 -4.47694
22594 1444827821.177047 11.9971 5.070203 -0.005493 -10.019556 -2.867439 -4.47694
22595 1444827821.185102 11.9971 5.070203 -0.005493 -10.019556 -2.867439 -4.47694
22596 1444827821.191712 11.9971 5.070203 -0.005493 -9.931665 -2.867439 -4.47694
22597 1444827821.201700 11.9971 5.070203 -0.005493 -9.931665 -2.867439 -4.47694
22598 1444827821.211731 11.9971 5.070203 -0.005493 -10.019556 -2.867439 -4.47694
22599 1444827821.222490 11.9971 5.070203 -0.005493 -10.019556 -2.867439 -4.47694
22600 1444827821.232970 11.9971 5.070203 -0.005493 -9.931665 -2.867439 -4.47694
22601 1444827821.243207 11.9971 5.070203 -0.005493 -10.019556 -2.867439 -4.47694
22602 1444827821.253194 11.9971 5.070203 -0.005493 -10.019556 -2.867439 -4.47694
22603 1444827821.262288 11.9971 5.070203 -0.005493 -10.019556 -2.867439 -4.47694
22604 1444827821.271953 11.9971 5.070203 0.082398 -10.019556 -2.867439 -4.47694
22605 1444827821.283931 11.9971 5.070203 -0.005493 -10.019556 -2.867439 -4.47694
22606 1444827821.294010 11.9971 5.070203 -0.005493 -9.931665 -2.867439 -4.47694
22607 1444827821.304125 11.9971 5.070203 -0.005493 -10.019556 -2.779548 -4.47694
22608 1444827821.316911 11.9971 5.070203 -0.005493 -9.931665 -2.867439 -4.47694
22609 1444827821.325650 11.9971 5.070203 -0.005493 -10.019556 -2.867439 -4.47694
22610 1444827821.332894 11.9971 5.070203 -0.005493 -10.019556 -2.867439 -4.47694
22611 1444827821.346995 11.9971 5.070203 -0.005493 -10.019556 -2.867439 -4.47694
22612 1444827821.357884 11.9971 5.070203 -0.005493 -9.931665 -2.867439 -4.47694
22613 1444827821.362905 11.9971 5.070203 -0.005493 -10.019556 -2.867439 -4.47694
22614 1444827821.373740 11.9971 5.070203 -0.005493 -10.019556 -2.867439 -4.47694
22615 1444827821.383965 11.9971 5.070203 -0.005493 -9.931665 -2.867439 -4.47694
22616 1444827821.394099 11.9971 5.070203 -0.005493 -10.019556 -2.867439 -4.47694
22617 1444827821.404524 11.9971 5.070203 0.082398 -10.019556 -2.867439 -4.47694
22618 1444827821.415179 11.9971 5.070203 -0.005493 -10.019556 -2.867439 -4.47694
22619 1444827821.426626 11.9971 5.070203 -0.005493 -9.931665 -2.867439 -4.47694
22620 1444827821.436850 11.9971 5.070203 -0.005493 -10.019556 -2.867439 -4.47694
22621 1444827821.447006 11.9971 5.070203 -0.005493 -10.019556 -2.867439 -4.47694
22622 1444827821.457679 11.9971 5.070203 -0.005493 -10.019556 -2.867439 -4.47694
22623 1444827821.467785 11.9971 5.070203 -0.005493 -10.019556 -2.867439 -4.47694
22624 1444827821.477836 11.9971 5.070203 -0.005493 -10.019556 -2.867439 -4.47694
22625 1444827821.487988 11.9971 5.070203 -0.005493 -10.019556 -2.867439 -4.47694
22626 1444827821.496423 11.9971 5.070203 -0.005493 -10.019556 -2.867439 -4.47694
22627 1444827821.506881 11.9971 5.070203 -0.005493 -10.019556 -2.867439 -4.47694
22628 1444827821.516944 11.9971 5.070203 -0.005493 -9.931665 -2.867439 -4.47694
22629 1444827821.526941 11.9971 5.070203 -0.005493 -10.019556 -2.867439 -4.47694
22630 1444827821.537003 11.9971 5.070203 -0.005493 -10.019556 -2.867439 -4.47694
22631 1444827821.547061 12.08499 5.070203 -0.005493 -10.019556 -2.867439 -4.47694
22632 1444827821.557389 11.9971 5.070203 0.082398 -10.019556 -2.867439 -4.47694
22633 1444827821.567586 11.9971 5.070203 -0.005493 -9.931665 -2.867439 -4.47694
22634 1444827821.577822 11.9971 5.070203 -0.005493 -10.019556 -2.867439 -4.47694
22635 1444827821.588019 11.9971 5.070203 -0.005493 -9.931665 -2.867439 -4.47694
22636 1444827821.598090 11.9971 5.070203 -0.005493 -9.931665 -2.867439 -4.47694
22637 1444827821.608393 11.9971 5.070203 -0.005493 -10.019556 -2.867439 -4.47694
22638 1444827821.618494 12.08499 5.070203 0.082398 -10.019556 -2.867439 -4.47694
22639 1444827821.628839 11.9971 5.070203 -0.005493 -10.019556 -2.867439 -4.47694
22640 1444827821.639255 11.9971 5.070203 -0.005493 -10.019556 -2.867439 -4.47694
22641 1444827821.649329 11.9971 5.070203 -0.005493 -10.019556 -2.867439 -4.47694
22642 1444827821.660135 11.9971 5.070203 -0.005493 -9.931665 -2.867439 -4.47694
22643 1444827821.669842 11.9971 5.070203 -0.005493 -9.931665 -2.867439 -4.47694
22644 1444827821.680415 11.9971 5.070203 0.082398 -10.019556 -2.867439 -4.47694
22645 1444827821.690502 11.9971 5.070203 -0.005493 -10.019556 -2.867439 -4.47694
22646 1444827821.700577 11.9971 5.070203 -0.005493 -10.019556 -2.867439 -4.47694
22647 1444827821.710844 11.9971 5.070203 0.082398 -10.019556 -2.867439 -4.47694
22648 1444827821.720946 11.9971 5.070203 -0.005493 -9.931665 -2.867439 -4.47694
22649 1444827821.731026 11.9971 5.070203 -0.005493 -10.019556 -2.867439 -4.47694
22650 1444827821.735339 11.9971 5.070203 0.082398 -10.019556 -2.867439 -4.47694
22651 1444827821.745446 11.9971 5.070203 -0.005493 -10.019556 -2.867439 -4.47694
22652 1444827821.756657 11.9971 5.070203 -0.005493 -9.931665 -2.867439 -4.47694
22653 1444827821.766767 11.9971 5.070203 -0.005493 -10.019556 -2.867439 -4.47694
22654 1444827821.777000 11.9971 5.070203 -0.005493 -9.931665 -2.867439 -4.47694
22655 1444827821.787084 11.9971 5.070203 -0.005493 -10.019556 -2.867439 -4.47694
22656 1444827821.797217 11.9971 5.070203 -0.005493 -10.019556 -2.867439 -4.47694
22657 1444827821.810924 11.9971 5.070203 -0.005493 -10.019556 -2.867439 -4.47694
22658 1444827821.822626 11.9971 5.070203 0.082398 -10.019556 -2.867439 -4.47694
22659 1444827821.832820 12.08499 5.070203 -0.005493 -9.931665 -2.867439 -4.47694
