6955 1444993913.808667 0.038452 0.010986 -10.008569
6956 1444993913.818090 -0.049439 0.010986 -10.008569
6957 1444993913.828394 0.038452 0.010986 -10.008569
6958 1444993913.838533 0.038452 0.010986 -10.008569
6959 1444993913.848583 -0.049439 0.010986 -10.008569
6960 1444993913.858631 0.038452 0.010986 -10.008569
6961 1444993913.869543 0.038452 0.010986 -10.008569
6962 1444993913.879200 0.038452 0.010986 -10.008569
6963 1444993913.889393 0.038452 0.010986 -10.008569
6964 1444993913.899460 -0.049439 0.010986 -10.008569
6965 1444993913.909514 0.038452 0.010986 -10.008569
6966 1444993913.919555 -0.049439 0.010986 -9.920679
6967 1444993913.929722 -0.049439 0.010986 -10.008569
6968 1444993913.937594 -0.049439 0.010986 -10.008569
6969 1444993913.950088 -0.049439 0.010986 -10.008569
6970 1444993913.962386 -0.049439 0.010986 -10.008569
6971 1444993913.967538 -0.049439 0.010986 -10.008569
6972 1444993913.980377 0.038452 0.010986 -10.008569
6973 1444993913.990464 0.038452 0.010986 -10.008569
6974 1444993914.000486 0.038452 0.010986 -10.008569
6975 1444993914.010583 -0.049439 0.010986 -10.008569
6976 1444993914.018406 0.038452 0.010986 -9.920679
6977 1444993914.027588 0.038452 0.010986 -10.008569
6978 1444993914.038744 0.038452 0.010986 -10.008569
6979 1444993914.047716 -0.049439 0.010986 -10.008569
6980 1444993914.057607 0.038452 0.010986 -10.008569
6981 1444993914.068245 0.038452 0.010986 -10.008569
6982 1444993914.078394 -0.049439 0.010986 -10.008569
6983 1444993914.089164 -0.049439 0.010986 -10.008569
6984 1444993914.099254 0.038452 0.010986 -10.008569
6985 1444993914.109102 0.038452 0.010986 -10.008569
6986 1444993914.118845 0.038452 0.010986 -10.008569
6987 1444993914.128910 -0.049439 0.010986 -9.920679
6988 1444993914.139647 -0.049439 0.010986 -10.008569
6989 1444993914.149710 0.038452 0.010986 -10.008569
6990 1444993914.159746 0.038452 0.010986 -10.008569
6991 1444993914.169855 -0.049439 0.010986 -10.008569
6992 1444993914.179918 0.038452 0.010986 -10.008569
6993 1444993914.190093 -0.049439 0.010986 -10.008569
6994 1444993914.200412 -0.049439 0.010986 -9.920679
6995 1444993914.210602 0.038452 0.010986 -10.008569
6996 1444993914.220746 0.038452 0.010986 -10.008569
6997 1444993914.230818 -0.049439 0.010986 -10.008569
6998 1444993914.237402 0.038452 -0.076904 -9.920679
6999 1444993914.250933 0.038452 0.010986 -10.008569
7000 1444993914.257601 0.038452 0.010986 -10.008569
7001 1444993914.268604 0.038452 0.010986 -10.008569
7002 1444993914.278699 0.038452 0.010986 -10.008569
7003 1444993914.288260 -0.049439 0.010986 -10.008569
7004 1444993914.302420 0.038452 -0.076904 -10.008569
7005 1444993914.312491 -0.049439 0.010986 -10.008569
7006 1444993914.322570 0.038452 0.010986 -10.008569
7007 1444993914.332843 -0.049439 0.010986 -10.008569
7008 1444993914.342843 -0.049439 0.010986 -10.008569
7009 1444993914.352900 -0.049439 0.010986 -10.008569
7010 1444993914.363167 -0.049439 0.010986 -10.008569
7011 1444993914.373276 0.038452 0.010986 -10.008569
7012 1444993914.383230 0.038452 0.010986 -10.008569
7013 1444993914.393778 -0.049439 0.010986 -10.008569
7014 1444993914.403880 -0.049439 0.010986 -10.008569
7015 1444993914.415115 -0.049439 0.010986 -10.008569
7016 1444993914.425308 0.038452 0.010986 -9.920679
7017 1444993914.435027 -0.049439 0.010986 -10.008569
7018 1444993914.445406 0.038452 0.010986 -10.008569
7019 1444993914.455510 0.038452 0.010986 -10.008569
7020 1444993914.465860 0.038452 0.010986 -10.008569
7021 1444993914.475834 -0.049439 0.010986 -10.008569
7022 1444993914.485724 0.038452 0.010986 -10.008569
7023 1444993914.495890 0.038452 0.010986 -9.920679
7024 1444993914.506047 -0.049439 0.010986 -10.008569
7025 1444993914.516107 0.038452 0.010986 -10.008569
7026 1444993914.522841 0.038452 0.010986 -10.008569
7027 1444993914.529700 0.038452 0.010986 -10.008569
7028 1444993914.542397 -0.049439 0.010986 -10.008569
7029 1444993914.553317 0.038452 0.010986 -9.920679
7030 1444993914.563678 0.038452 0.010986 -10.008569
7031 1444993914.573601 -0.049439 0.010986 -10.008569
7032 1444993914.583606 0.038452 0.010986 -10.008569
7033 1444993914.593503 0.038452 0.010986 -10.008569
7034 1444993914.603079 0.038452 0.010986 -10.008569
7035 1444993914.613864 -0.049439 0.010986 -10.008569
7036 1444993914.623518 0.038452 0.010986 -9.920679
7037 1444993914.633676 -0.049439 0.010986 -10.008569
7038 1444993914.643707 0.038452 0.010986 -10.008569
7039 1444993914.654158 -0.049439 -0.076904 -10.008569
7040 1444993914.664199 -0.049439 0.010986 -9.920679
7041 1444993914.674241 -0.049439 -0.076904 -10.008569
7042 1444993914.684442 0.038452 0.010986 -10.008569
7043 1444993914.694595 0.038452 0.010986 -10.008569
7044 1444993914.704569 -0.049439 0.010986 -10.008569
7045 1444993914.714645 -0.049439 0.010986 -10.008569
7046 1444993914.722652 -0.049439 0.010986 -9.920679
7047 1444993914.735314 -0.049439 0.010986 -10.008569
7048 1444993914.745355 0.038452 0.010986 -10.008569
7049 1444993914.755718 0.038452 0.010986 -10.008569
7050 1444993914.762769 0.038452 0.010986 -10.008569
7051 1444993914.777069 0.038452 0.010986 -10.008569
7052 1444993914.788103 -0.049439 0.010986 -10.008569
7053 1444993914.792643 0.038452 0.010986 -10.008569
7054 1444993914.808223 0.038452 0.010986 -10.008569
7055 1444993914.813110 -0.049439 0.010986 -10.008569
7056 1444993914.828330 -0.049439 0.010986 -9.920679
7057 1444993914.833116 0.038452 0.010986 -10.008569
7058 1444993914.843346 -0.049439 0.010986 -10.008569
7059 1444993914.853524 -0.049439 0.010986 -10.008569
7060 1444993914.864051 -0.049439 0.010986 -10.008569
7061 1444993914.874205 0.038452 0.010986 -10.008569
7062 1444993914.884325 -0.049439 -0.076904 -9.920679
7063 1444993914.894390 0.038452 0.010986 -10.008569
7064 1444993914.904443 0.038452 0.010986 -10.008569
7065 1444993914.914650 0.038452 0.010986 -10.008569
7066 1444993914.924607 -0.049439 0.010986 -10.008569
7067 1444993914.934823 0.038452 0.010986 -10.008569
7068 1444993914.944860 -0.049439 0.010986 -10.008569
7069 1444993914.954933 0.038452 0.010986 -10.008569
7070 1444993914.965132 0.038452 -0.076904 -10.008569
7071 1444993914.972464 0.038452 0.010986 -10.008569
7072 1444993914.985288 -0.049439 0.010986 -10.008569
7073 1444993914.995412 -0.049439 0.010986 -10.008569
7074 1444993915.005701 0.038452 0.010986 -10.008569
7075 1444993915.013265 -0.049439 -0.076904 -10.008569
7076 1444993915.023087 0.038452 0.010986 -10.008569
7077 1444993915.032816 0.038452 0.010986 -10.008569
7078 1444993915.047497 -0.049439 0.010986 -10.008569
7079 1444993915.057907 -0.049439 -0.076904 -10.008569
7080 1444993915.068132 0.038452 0.010986 -10.008569
7081 1444993915.078148 0.038452 0.010986 -10.008569
7082 1444993915.087969 0.038452 0.010986 -10.008569
7083 1444993915.098651 0.038452 0.010986 -10.008569
7084 1444993915.108762 0.038452 0.010986 -10.008569
7085 1444993915.118922 -0.049439 0.010986 -10.008569
7086 1444993915.129108 -0.049439 0.010986 -10.008569
7087 1444993915.139316 0.038452 0.010986 -10.008569
7088 1444993915.149360 0.038452 0.010986 -10.008569
7089 1444993915.159553 0.038452 0.010986 -10.008569
7090 1444993915.169549 -0.049439 0.010986 -10.008569
7091 1444993915.179482 -0.049439 0.010986 -10.008569
7092 1444993915.189735 -0.049439 0.010986 -10.008569
7093 1444993915.199873 0.038452 0.010986 -10.008569
7094 1444993915.209861 0.038452 0.010986 -10.008569
7095 1444993915.220006 0.038452 0.010986 -10.008569
7096 1444993915.230178 0.038452 -0.076904 -10.008569
7097 1444993915.240339 0.038452 0.010986 -10.008569
7098 1444993915.250622 -0.049439 -0.076904 -10.008569
7099 1444993915.260880 -0.049439 0.010986 -10.008569
7100 1444993915.267424 -0.049439 0.010986 -10.008569
7101 1444993915.280628 0.038452 0.010986 -10.008569
7102 1444993915.290906 -0.049439 0.010986 -10.008569
7103 1444993915.300964 -0.049439 0.010986 -10.008569
7104 1444993915.307426 0.038452 0.010986 -10.008569
7105 1444993915.317507 0.038452 -0.076904 -10.008569
7106 1444993915.327422 -0.049439 -0.076904 -10.008569
7107 1444993915.337584 -0.049439 0.010986 -10.008569
7108 1444993915.347571 0.038452 0.010986 -10.008569
7109 1444993915.357977 0.038452 0.010986 -10.008569
7110 1444993915.367770 -0.049439 0.010986 -10.008569
7111 1444993915.377889 0.038452 -0.076904 -10.008569
7112 1444993915.388180 -0.049439 0.010986 -10.008569
7113 1444993915.398528 0.038452 0.010986 -10.008569
7114 1444993915.408741 -0.049439 0.010986 -10.008569
7115 1444993915.418846 0.038452 0.010986 -10.008569
7116 1444993915.428542 -0.049439 0.010986 -10.008569
7117 1444993915.439174 -0.049439 -0.076904 -10.008569
7118 1444993915.449079 0.038452 0.010986 -10.008569
7119 1444993915.459241 0.038452 0.010986 -9.920679
7120 1444993915.469083 0.038452 0.010986 -10.008569
7121 1444993915.479152 0.038452 0.010986 -10.008569
7122 1444993915.489372 0.038452 0.010986 -10.008569
7123 1444993915.499485 0.038452 0.010986 -10.008569
7124 1444993915.509676 0.038452 0.010986 -10.008569
7125 1444993915.520793 0.038452 0.010986 -10.008569
7126 1444993915.531144 -0.049439 0.010986 -10.008569
7127 1444993915.541236 -0.049439 0.010986 -10.008569
7128 1444993915.552656 -0.049439 0.010986 -10.008569
7129 1444993915.563052 0.038452 0.010986 -10.008569
7130 1444993915.572667 -0.049439 0.010986 -10.008569
7131 1444993915.583117 0.038452 0.010986 -10.008569
7132 1444993915.592987 0.038452 0.010986 -10.008569
7133 1444993915.602849 -0.049439 0.010986 -10.008569
7134 1444993915.613059 -0.049439 0.010986 -10.008569
7135 1444993915.623305 0.038452 0.010986 -10.008569
7136 1444993915.633487 -0.049439 -0.076904 -10.008569
7137 1444993915.643674 -0.049439 0.010986 -10.008569
7138 1444993915.653771 0.038452 0.010986 -10.008569
7139 1444993915.659220 -0.049439 0.010986 -10.008569
7140 1444993915.669404 -0.049439 0.010986 -10.008569
7141 1444993915.679089 -0.049439 0.010986 -9.920679
7142 1444993915.689684 0.038452 0.010986 -10.008569
7143 1444993915.699814 -0.049439 0.010986 -10.008569
7144 1444993915.707542 0.038452 0.010986 -10.008569
7145 1444993915.717796 -0.049439 0.010986 -10.008569
7146 1444993915.728284 0.038452 0.010986 -10.008569
7147 1444993915.740201 -0.049439 0.010986 -9.920679
7148 1444993915.750311 -0.049439 0.010986 -10.008569
7149 1444993915.757504 -0.049439 0.010986 -10.008569
7150 1444993915.768284 0.038452 0.010986 -10.008569
7151 1444993915.777499 0.038452 0.010986 -10.008569
7152 1444993915.790901 -0.049439 0.010986 -10.008569
7153 1444993915.798153 -0.049439 0.010986 -10.008569
7154 1444993915.812442 -0.049439 0.010986 -10.008569
7155 1444993915.822599 0.038452 0.010986 -9.920679
7156 1444993915.832893 0.038452 0.010986 -9.920679
7157 1444993915.843036 0.038452 0.010986 -10.008569
7158 1444993915.853545 0.038452 0.010986 -10.008569
7159 1444993915.863923 -0.049439 0.010986 -10.008569
7160 1444993915.874043 0.038452 0.010986 -10.008569
7161 1444993915.883912 0.038452 0.010986 -10.008569
7162 1444993915.894068 -0.049439 -0.076904 -10.008569
7163 1444993915.904211 0.038452 -0.076904 -9.920679
7164 1444993915.914509 -0.049439 0.010986 -10.008569
7165 1444993915.924578 0.038452 0.010986 -10.008569
7166 1444993915.934439 -0.049439 0.010986 -10.008569
7167 1444993915.944568 0.038452 0.010986 -10.008569
7168 1444993915.954731 -0.049439 0.010986 -10.008569
7169 1444993915.965028 -0.049439 0.010986 -10.008569
7170 1444993915.974906 -0.049439 -0.076904 -10.008569
7171 1444993915.985389 0.038452 0.010986 -10.008569
7172 1444993915.995549 0.038452 0.010986 -9.920679
7173 1444993916.005251 -0.049439 0.010986 -10.008569
7174 1444993916.015883 -0.049439 0.010986 -10.008569
7175 1444993916.025801 -0.049439 0.010986 -10.008569
7176 1444993916.035554 0.038452 0.010986 -10.008569
7177 1444993916.045671 -0.049439 0.010986 -10.008569
7178 1444993916.055683 0.038452 -0.076904 -10.008569
7179 1444993916.066307 -0.049439 0.010986 -9.920679
7180 1444993916.076572 0.038452 0.010986 -10.008569
7181 1444993916.086803 0.038452 0.010986 -10.008569
7182 1444993916.096924 -0.049439 0.010986 -10.008569
7183 1444993916.102411 0.038452 0.010986 -10.008569
7184 1444993916.112471 -0.049439 0.010986 -10.008569
7185 1444993916.122463 -0.049439 -0.076904 -10.008569
7186 1444993916.132841 -0.049439 0.010986 -10.008569
7187 1444993916.143139 -0.049439 0.010986 -10.008569
7188 1444993916.153604 -0.049439 -0.076904 -10.008569
7189 1444993916.163906 0.038452 0.010986 -10.008569
7190 1444993916.173839 0.038452 0.010986 -9.920679
7191 1444993916.183863 0.038452 0.010986 -10.008569
7192 1444993916.194166 -0.049439 0.010986 -10.008569
7193 1444993916.204137 0.038452 0.010986 -10.008569
7194 1444993916.214384 -0.049439 0.010986 -10.008569
7195 1444993916.224600 0.038452 0.010986 -10.008569
7196 1444993916.234502 -0.049439 -0.076904 -10.008569
7197 1444993916.244628 -0.049439 0.010986 -10.008569
7198 1444993916.255070 0.038452 0.010986 -10.008569
7199 1444993916.264790 -0.049439 0.010986 -10.008569
7200 1444993916.272896 -0.049439 0.010986 -10.008569
7201 1444993916.285217 -0.049439 0.010986 -10.008569
7202 1444993916.296009 0.038452 0.010986 -10.008569
7203 1444993916.306092 -0.049439 0.010986 -10.008569
7204 1444993916.313476 0.038452 0.010986 -10.008569
7205 1444993916.323215 -0.049439 0.010986 -10.008569
7206 1444993916.332914 0.038452 0.010986 -10.008569
7207 1444993916.343148 -0.049439 0.010986 -10.008569
7208 1444993916.353166 -0.049439 0.010986 -10.008569
7209 1444993916.367421 -0.049439 0.010986 -10.008569
7210 1444993916.377444 -0.049439 0.010986 -10.008569
7211 1444993916.387499 0.038452 -0.076904 -10.008569
7212 1444993916.397601 0.038452 0.010986 -10.008569
7213 1444993916.407720 0.038452 0.010986 -10.008569
7214 1444993916.418183 0.038452 -0.076904 -10.008569
7215 1444993916.428747 0.038452 -0.076904 -10.008569
7216 1444993916.438651 0.038452 0.010986 -9.920679
7217 1444993916.449003 0.038452 0.010986 -10.008569
7218 1444993916.459221 0.038452 0.010986 -10.008569
7219 1444993916.469453 0.038452 0.010986 -9.920679
7220 1444993916.479125 -0.049439 0.010986 -10.008569
7221 1444993916.489374 0.038452 0.010986 -10.008569
7222 1444993916.499730 0.038452 0.010986 -10.008569
7223 1444993916.509695 -0.049439 0.010986 -10.008569
7224 1444993916.514981 -0.049439 -0.076904 -9.920679
7225 1444993916.524871 -0.049439 0.010986 -10.008569
7226 1444993916.535092 0.038452 -0.076904 -10.008569
7227 1444993916.545215 0.038452 0.010986 -10.008569
7228 1444993916.552654 -0.049439 0.010986 -10.008569
7229 1444993916.562602 0.038452 0.010986 -10.008569
7230 1444993916.573102 -0.049439 0.010986 -10.008569
7231 1444993916.585801 0.038452 0.010986 -10.008569
7232 1444993916.592872 0.038452 0.010986 -9.920679
7233 1444993916.607515 -0.049439 0.010986 -10.008569
7234 1444993916.613927 -0.049439 0.010986 -9.920679
7235 1444993916.627748 -0.049439 0.010986 -10.008569
7236 1444993916.637884 -0.049439 0.010986 -10.008569
7237 1444993916.647627 0.038452 0.010986 -10.008569
7238 1444993916.657676 -0.049439 0.010986 -9.920679
7239 1444993916.668547 0.038452 0.010986 -10.008569
7240 1444993916.678737 0.038452 0.010986 -10.008569
7241 1444993916.688873 0.038452 0.010986 -9.920679
7242 1444993916.698866 0.038452 0.010986 -10.008569
7243 1444993916.709017 -0.049439 0.010986 -10.008569
7244 1444993916.718925 -0.049439 0.010986 -10.008569
7245 1444993916.729107 0.038452 0.010986 -10.008569
7246 1444993916.739243 -0.049439 0.010986 -10.008569
7247 1444993916.749384 0.038452 0.010986 -10.008569
7248 1444993916.759515 -0.049439 0.010986 -10.008569
7249 1444993916.769366 -0.049439 0.010986 -9.920679
7250 1444993916.779491 -0.049439 -0.076904 -10.008569
7251 1444993916.789742 0.038452 0.010986 -10.008569
7252 1444993916.799922 -0.049439 0.010986 -10.008569
7253 1444993916.810032 0.038452 0.010986 -10.008569
7254 1444993916.817485 -0.049439 0.010986 -10.008569
7255 1444993916.827409 -0.049439 -0.076904 -9.920679
7256 1444993916.841036 0.038452 0.010986 -9.920679
7257 1444993916.847616 0.038452 0.010986 -10.008569
7258 1444993916.857598 -0.049439 0.010986 -9.920679
7259 1444993916.868092 -0.049439 0.010986 -10.008569
7260 1444993916.877899 0.038452 0.010986 -10.008569
7261 1444993916.887757 -0.049439 0.010986 -10.008569
7262 1444993916.897914 0.038452 0.010986 -9.920679
7263 1444993916.907906 -0.049439 0.010986 -10.008569
7264 1444993916.918109 0.038452 0.010986 -10.008569
7265 1444993916.928184 0.038452 0.010986 -10.008569
7266 1444993916.938234 0.038452 0.010986 -10.008569
7267 1444993916.948294 0.038452 0.010986 -10.008569
7268 1444993916.958287 0.038452 -0.076904 -10.008569
7269 1444993916.968268 0.038452 0.010986 -10.008569
7270 1444993916.978231 -0.049439 0.010986 -10.008569
7271 1444993916.988588 -0.049439 0.010986 -10.008569
7272 1444993916.998760 0.038452 0.010986 -10.008569
7273 1444993917.009173 0.038452 0.010986 -10.008569
7274 1444993917.018781 0.038452 0.010986 -10.008569
7275 1444993917.029079 0.038452 0.010986 -9.920679
7276 1444993917.039499 0.038452 0.010986 -9.920679
7277 1444993917.049553 0.038452 0.010986 -9.920679
7278 1444993917.059719 0.038452 0.010986 -9.920679
7279 1444993917.069763 0.038452 0.010986 -9.920679
7280 1444993917.078214 0.038452 0.010986 -9.920679
7281 1444993917.090227 0.038452 0.010986 -9.920679
7282 1444993917.100711 0.038452 0.010986 -9.832788
7283 1444993917.110906 0.038452 0.010986 -9.832788
7284 1444993917.117727 0.038452 0.010986 -9.832788
7285 1444993917.128937 0.038452 0.010986 -9.744897
7286 1444993917.137429 0.038452 0.010986 -9.744897
7287 1444993917.152576 0.038452 0.010986 -9.657006
7288 1444993917.157619 0.038452 0.010986 -9.657006
7289 1444993917.173136 0.038452 0.010986 -9.569115
7290 1444993917.182777 0.038452 0.010986 -9.481224
7291 1444993917.192739 0.038452 0.010986 -9.481224
7292 1444993917.202882 0.038452 0.010986 -9.393333
7293 1444993917.213668 0.038452 0.098877 -9.305443
7294 1444993917.223596 0.038452 0.098877 -9.305443
7295 1444993917.233430 0.038452 0.098877 -9.305443
7296 1444993917.243428 0.038452 0.098877 -9.217552
7297 1444993917.253350 0.038452 0.098877 -9.129661
7298 1444993917.263622 0.038452 0.098877 -9.129661
7299 1444993917.273584 0.038452 0.098877 -9.04177
7300 1444993917.284143 0.038452 0.098877 -8.953879
7301 1444993917.294374 0.038452 0.098877 -8.953879
7302 1444993917.304323 0.038452 0.098877 -8.865988
7303 1444993917.309267 0.038452 0.098877 -8.865988
7304 1444993917.317897 0.038452 0.010986 -8.778098
7305 1444993917.334682 0.038452 0.010986 -8.778098
7306 1444993917.344764 0.038452 0.010986 -8.690207
7307 1444993917.355028 0.038452 0.010986 -8.690207
7308 1444993917.359781 0.038452 0.010986 -8.690207
7309 1444993917.367801 0.038452 0.010986 -8.690207
7310 1444993917.377985 0.038452 0.098877 -8.602316
7311 1444993917.395277 0.038452 0.010986 -8.514425
7312 1444993917.405326 0.038452 0.010986 -8.514425
7313 1444993917.410368 0.038452 0.010986 -8.514425
7314 1444993917.418155 0.038452 0.010986 -8.426534
7315 1444993917.430668 0.038452 0.010986 -8.426534
7316 1444993917.441049 0.038452 0.010986 -8.426534
7317 1444993917.448265 0.038452 0.010986 -8.338643
7318 1444993917.463408 0.038452 0.010986 -8.250753
7319 1444993917.472524 -0.049439 0.010986 -8.250753
7320 1444993917.482746 0.038452 0.010986 -8.162862
7321 1444993917.492583 0.038452 0.010986 -8.162862
7322 1444993917.502603 0.038452 0.010986 -8.162862
7323 1444993917.512783 0.038452 0.010986 -8.074971
7324 1444993917.522712 0.038452 0.010986 -8.074971
7325 1444993917.533325 0.038452 0.010986 -8.074971
7326 1444993917.543510 0.038452 0.010986 -7.98708
7327 1444993917.553867 0.038452 0.010986 -7.98708
7328 1444993917.564680 0.038452 0.010986 -7.899189
7329 1444993917.574610 -0.049439 0.010986 -7.899189
7330 1444993917.584755 0.038452 0.010986 -7.811298
7331 1444993917.594894 0.038452 0.010986 -7.723408
7332 1444993917.605045 -0.049439 0.010986 -7.723408
7333 1444993917.615169 -0.049439 0.010986 -7.635517
7334 1444993917.625177 -0.049439 0.010986 -7.547626
7335 1444993917.635247 -0.049439 0.010986 -7.459735
7336 1444993917.645372 -0.049439 0.010986 -7.459735
7337 1444993917.655537 0.038452 0.010986 -7.371844
7338 1444993917.665633 -0.049439 0.010986 -7.283953
7339 1444993917.675700 -0.049439 0.010986 -7.196062
7340 1444993917.685947 -0.049439 0.010986 -7.108172
7341 1444993917.692882 -0.049439 0.010986 -7.020281
7342 1444993917.702824 -0.049439 0.010986 -7.020281
7343 1444993917.717443 -0.049439 0.010986 -6.844499
7344 1444993917.722848 0.038452 0.010986 -6.844499
7345 1444993917.737803 -0.049439 0.010986 -6.756608
7346 1444993917.747523 0.038452 0.010986 -6.668717
7347 1444993917.757645 0.038452 0.010986 -6.580827
7348 1444993917.763882 0.038452 0.010986 -6.492936
7349 1444993917.773507 0.038452 0.010986 -6.492936
7350 1444993917.783517 0.038452 0.010986 -6.317154
7351 1444993917.793700 0.038452 0.010986 -6.317154
7352 1444993917.803758 0.038452 0.010986 -6.229263
7353 1444993917.814124 0.038452 0.010986 -6.141372
7354 1444993917.823846 -0.049439 0.010986 -6.053482
7355 1444993917.834118 -0.049439 0.010986 -5.965591
7356 1444993917.844524 0.038452 0.010986 -5.8777
7357 1444993917.854362 -0.049439 0.010986 -5.789809
7358 1444993917.864395 -0.049439 0.010986 -5.701918
7359 1444993917.874816 0.038452 0.010986 -5.614027
7360 1444993917.884636 -0.049439 0.010986 -5.614027
7361 1444993917.895071 0.038452 0.010986 -5.526137
7362 1444993917.905180 0.038452 0.010986 -5.438246
7363 1444993917.915098 -0.049439 0.010986 -5.350355
7364 1444993917.925231 -0.049439 0.010986 -5.262464
7365 1444993917.935504 -0.049439 0.010986 -5.174573
7366 1444993917.945558 -0.049439 0.010986 -5.086682
7367 1444993917.955716 -0.049439 0.010986 -4.998792
7368 1444993917.967371 -0.049439 0.010986 -4.82301
7369 1444993917.977606 -0.049439 0.010986 -4.735119
7370 1444993917.987572 0.038452 0.010986 -4.641735
7371 1444993917.997845 -0.049439 0.010986 -4.553844
7372 1444993918.007849 0.038452 0.010986 -4.465953
7373 1444993918.018062 -0.049439 0.010986 -4.378062
7374 1444993918.027895 -0.049439 0.010986 -4.290172
7375 1444993918.038330 -0.049439 0.010986 -4.202281
7376 1444993918.048234 -0.049439 -0.076904 -4.11439
7377 1444993918.058368 -0.049439 0.010986 -4.026499
7378 1444993918.068309 -0.049439 -0.076904 -3.850717
7379 1444993918.078663 -0.049439 0.010986 -3.762827
7380 1444993918.088686 -0.049439 0.010986 -3.674936
7381 1444993918.098720 -0.049439 0.010986 -3.587045
7382 1444993918.108874 -0.049439 0.010986 -3.499154
7383 1444993918.119146 -0.049439 0.010986 -3.411263
7384 1444993918.129083 -0.049439 0.010986 -3.235482
7385 1444993918.139291 -0.049439 0.010986 -3.147591
7386 1444993918.149311 -0.049439 0.010986 -3.0597
7387 1444993918.159310 0.038452 0.010986 -2.971809
7388 1444993918.169375 -0.049439 0.010986 -2.883918
7389 1444993918.179570 0.038452 0.010986 -2.708136
7390 1444993918.189727 -0.049439 0.010986 -2.620246
7391 1444993918.199819 -0.049439 0.010986 -2.532355
7392 1444993918.210336 -0.049439 0.010986 -2.444464
7393 1444993918.220263 -0.049439 0.010986 -2.356573
7394 1444993918.230374 0.038452 0.010986 -2.180791
7395 1444993918.240624 -0.049439 0.010986 -2.180791
7396 1444993918.250730 -0.049439 0.010986 -2.00501
7397 1444993918.261028 -0.049439 0.010986 -1.917119
7398 1444993918.271195 0.038452 0.010986 -1.829228
7399 1444993918.281181 -0.049439 0.010986 -1.653446
7400 1444993918.291310 -0.049439 0.010986 -1.565556
7401 1444993918.297857 -0.049439 0.010986 -1.389774
7402 1444993918.307880 -0.049439 0.010986 -1.301883
7403 1444993918.318212 -0.049439 0.010986 -1.213992
7404 1444993918.329189 -0.049439 0.010986 -1.126101
7405 1444993918.338514 -0.049439 0.010986 -0.95032
7406 1444993918.348101 -0.049439 0.010986 -0.862429
7407 1444993918.358321 -0.049439 0.010986 -0.686647
7408 1444993918.368576 -0.049439 0.010986 -0.598756
7409 1444993918.378678 -0.049439 -0.076904 -0.510866
7410 1444993918.388494 -0.049439 -0.076904 -0.422975
7411 1444993918.398743 -0.049439 0.010986 -0.247193
7412 1444993918.409030 -0.049439 -0.076904 -0.159302
7413 1444993918.419191 -0.049439 0.010986 0.01648
7414 1444993918.429211 -0.049439 0.010986 0.10437
7415 1444993918.439558 -0.049439 0.010986 0.280152
7416 1444993918.450308 -0.049439 0.010986 0.368043
7417 1444993918.460323 -0.049439 0.010986 0.543825
7418 1444993918.470392 -0.049439 0.010986 0.631715
7419 1444993918.480453 -0.049439 0.010986 0.807497
7420 1444993918.490623 -0.049439 0.010986 0.983279
7421 1444993918.500722 0.038452 0.010986 1.07117
7422 1444993918.510860 -0.049439 0.010986 1.246951
7423 1444993918.517875 -0.049439 0.010986 1.334842
7424 1444993918.528918 -0.049439 0.010986 1.510624
7425 1444993918.537797 0.038452 0.010986 1.598515
7426 1444993918.551382 0.038452 0.010986 1.774296
7427 1444993918.557811 -0.049439 0.010986 1.862187
7428 1444993918.568475 -0.049439 0.010986 2.037969
7429 1444993918.577876 0.038452 0.010986 2.12586
7430 1444993918.587809 -0.049439 0.010986 2.301641
7431 1444993918.597928 -0.049439 0.010986 2.477423
7432 1444993918.612866 -0.049439 0.010986 2.653205
7433 1444993918.618277 -0.049439 0.010986 2.741096
7434 1444993918.632696 -0.049439 0.010986 2.916877
7435 1444993918.642776 -0.049439 0.010986 3.092659
7436 1444993918.653189 -0.049439 0.010986 3.18055
7437 1444993918.663682 -0.049439 0.010986 3.356331
7438 1444993918.667771 -0.049439 0.010986 3.444222
7439 1444993918.683738 -0.049439 0.010986 3.620004
7440 1444993918.693657 -0.049439 0.010986 3.795786
7441 1444993918.703873 -0.049439 0.010986 3.883676
7442 1444993918.714039 -0.049439 0.010986 4.059458
7443 1444993918.724397 0.038452 0.010986 4.23524
7444 1444993918.734174 -0.049439 0.010986 4.323131
7445 1444993918.744519 0.038452 0.010986 4.498912
7446 1444993918.754557 -0.049439 0.010986 4.674694
7447 1444993918.759502 -0.049439 0.010986 4.762585
7448 1444993918.769733 0.038452 0.010986 4.850476
7449 1444993918.779435 -0.049439 0.010986 5.026257
7450 1444993918.787740 0.038452 0.010986 5.114148
7451 1444993918.804982 -0.049439 0.010986 5.377821
7452 1444993918.815160 -0.049439 0.010986 5.553602
7453 1444993918.818018 -0.049439 0.010986 5.641493
7454 1444993918.835382 0.038452 0.010986 5.817275
7455 1444993918.845442 -0.049439 0.010986 5.993057
7456 1444993918.855487 0.038452 0.010986 6.168838
7457 1444993918.865611 -0.049439 0.010986 6.256729
7458 1444993918.876075 -0.049439 0.010986 6.432511
7459 1444993918.886147 -0.049439 0.010986 6.608293
7460 1444993918.896236 -0.049439 0.010986 6.784074
7461 1444993918.898372 -0.049439 -0.076904 6.784074
7462 1444993918.916386 -0.049439 -0.076904 7.047747
7463 1444993918.919258 -0.049439 -0.076904 7.135638
7464 1444993918.930671 -0.049439 -0.076904 7.223528
7465 1444993918.943423 -0.049439 -0.076904 7.487201
7466 1444993918.953510 -0.049439 -0.076904 7.662983
7467 1444993918.963773 -0.049439 -0.076904 7.838764
7468 1444993918.974004 -0.049439 0.010986 7.926655
7469 1444993918.983908 -0.049439 -0.076904 8.102437
7470 1444993918.994107 -0.049439 0.010986 8.278218
7471 1444993919.004211 -0.049439 0.010986 8.454
7472 1444993919.014491 -0.049439 0.010986 8.629782
7473 1444993919.024262 -0.049439 0.010986 8.717673
7474 1444993919.034548 -0.049439 0.010986 8.893454
7475 1444993919.044730 -0.049439 0.010986 9.069236
7476 1444993919.054823 -0.049439 0.010986 9.245018
7477 1444993919.065042 -0.049439 0.010986 9.332909
7478 1444993919.074825 -0.049439 -0.076904 9.50869
7479 1444993919.085107 -0.049439 -0.076904 9.684472
7480 1444993919.095158 -0.049439 -0.076904 9.860254
7481 1444993919.105520 -0.049439 -0.076904 10.036035
7482 1444993919.115606 -0.049439 0.010986 10.211817
7483 1444993919.125710 -0.049439 -0.076904 10.299708
7484 1444993919.135756 -0.049439 0.010986 10.475489
7485 1444993919.145808 -0.049439 -0.076904 10.651271
7486 1444993919.155863 -0.049439 0.010986 10.827053
7487 1444993919.167892 -0.049439 0.010986 11.002834
7488 1444993919.176246 -0.049439 0.010986 11.178616
7489 1444993919.187815 -0.049439 0.010986 11.354398
7490 1444993919.196538 -0.049439 0.010986 11.442289
7491 1444993919.202822 -0.049439 0.010986 11.61807
7492 1444993919.213620 -0.049439 0.010986 11.793852
7493 1444993919.223693 -0.049439 0.010986 11.881743
7494 1444993919.237754 -0.049439 0.010986 12.145415
7495 1444993919.248273 -0.049439 0.010986 12.321197
7496 1444993919.258235 -0.049439 0.010986 12.496979
7497 1444993919.268414 -0.049439 0.010986 12.67276
7498 1444993919.278303 -0.049439 0.010986 12.760651
7499 1444993919.288665 -0.049439 0.010986 12.936433
7500 1444993919.298934 -0.049439 0.010986 13.112215
7501 1444993919.309182 -0.049439 0.010986 13.287996
7502 1444993919.319232 -0.049439 0.010986 13.463778
7503 1444993919.329288 -0.049439 0.010986 13.63956
7504 1444993919.340192 -0.049439 -0.076904 13.727451
7505 1444993919.350493 -0.049439 0.010986 13.903232
7506 1444993919.360571 -0.049439 -0.076904 14.079014
7507 1444993919.362970 -0.049439 0.010986 14.166905
7508 1444993919.380812 -0.049439 0.010986 14.342686
7509 1444993919.390872 -0.049439 -0.076904 14.606359
7510 1444993919.401042 -0.049439 0.010986 14.782141
7511 1444993919.406106 -0.049439 0.010986 14.782141
7512 1444993919.413777 -0.049439 0.010986 14.957922
7513 1444993919.423097 -0.049439 0.010986 15.133704
7514 1444993919.432701 -0.049439 0.010986 15.309486
7515 1444993919.443637 -0.049439 0.010986 15.485267
7516 1444993919.453385 -0.049439 0.010986 15.661049
7517 1444993919.464809 -0.049439 0.010986 15.836831
7518 1444993919.477682 -0.049439 0.010986 16.012612
7519 1444993919.487913 -0.049439 0.010986 16.188394
7520 1444993919.497886 -0.049439 0.010986 16.452067
7521 1444993919.508054 -0.049439 0.010986 16.539957
7522 1444993919.517776 -0.049439 0.010986 16.715739
7523 1444993919.528437 -0.049439 0.010986 16.891521
7524 1444993919.538662 -0.049439 0.010986 17.067302
7525 1444993919.548835 -0.049439 0.010986 17.243084
7526 1444993919.558893 -0.049439 -0.076904 17.418866
7527 1444993919.569080 -0.049439 0.010986 17.594647
7528 1444993919.579179 -0.049439 0.010986 17.770429
7529 1444993919.589635 -0.049439 0.010986 17.951704
7530 1444993919.599749 -0.049439 0.010986 18.039595
7531 1444993919.609805 -0.049439 0.010986 18.215377
7532 1444993919.619944 -0.049439 0.010986 18.391158
7533 1444993919.630069 -0.049439 0.010986 18.56694
7534 1444993919.640351 -0.049439 0.010986 18.742722
7535 1444993919.650572 -0.049439 0.010986 18.918503
7536 1444993919.660642 -0.049439 0.010986 19.094285
7537 1444993919.668474 -0.049439 0.010986 19.270067
7538 1444993919.677836 -0.049439 0.010986 19.445848
7539 1444993919.691350 -0.049439 0.010986 19.62163
7540 1444993919.702660 -0.049439 0.010986 19.797412
7541 1444993919.711648 -0.049439 0.010986 19.885302
7542 1444993919.721737 -0.049439 0.010986 20.061084
7543 1444993919.732909 -0.049439 0.010986 20.236866
7544 1444993919.743378 0.038452 -0.076904 20.500538
7545 1444993919.752900 0.038452 -0.076904 20.588429
7546 1444993919.758692 0.038452 -0.076904 20.764211
7547 1444993919.769040 0.038452 -0.076904 20.939993
7548 1444993919.778722 0.038452 -0.076904 21.027883
7549 1444993919.789041 0.038452 0.010986 21.203665
7550 1444993919.799127 0.038452 0.010986 21.379447
7551 1444993919.809274 0.038452 0.010986 21.555228
7552 1444993919.819384 0.038452 0.010986 21.73101
7553 1444993919.829597 0.038452 0.010986 21.818901
7554 1444993919.839869 0.038452 0.010986 21.994683
7555 1444993919.850054 0.038452 -0.076904 22.170464
7556 1444993919.860147 0.038452 0.010986 22.434137
7557 1444993919.870133 0.038452 0.010986 22.522028
7558 1444993919.880191 0.038452 0.010986 22.697809
7559 1444993919.890440 0.038452 0.010986 22.873591
7560 1444993919.900588 0.038452 0.010986 23.049373
7561 1444993919.910740 0.038452 0.010986 23.225154
7562 1444993919.920731 0.038452 0.010986 23.313045
7563 1444993919.928352 0.038452 0.010986 23.488827
7564 1444993919.937857 0.038452 0.010986 23.664609
7565 1444993919.947671 0.038452 0.010986 23.84039
7566 1444993919.961338 0.038452 0.010986 24.016172
7567 1444993919.968368 0.038452 0.010986 24.191954
7568 1444993919.977875 0.038452 0.010986 24.279844
7569 1444993919.987787 0.038452 0.010986 24.455626
7570 1444993919.997758 0.038452 0.010986 24.631408
7571 1444993920.012894 0.038452 0.010986 24.807189
7572 1444993920.017999 0.038452 0.010986 24.89508
7573 1444993920.028734 0.038452 0.010986 25.070862
7574 1444993920.042669 0.038452 0.010986 25.334535
7575 1444993920.052789 0.038452 0.010986 25.422425
7576 1444993920.063208 0.038452 0.010986 25.598207
7577 1444993920.073928 0.038452 0.010986 25.773989
7578 1444993920.084074 0.038452 0.010986 25.94977
7579 1444993920.094240 0.038452 0.010986 26.125552
7580 1444993920.104202 0.038452 0.010986 26.213443
7581 1444993920.114408 0.038452 0.010986 26.389225
7582 1444993920.124383 0.038452 0.010986 26.565006
7583 1444993920.134553 0.038452 0.010986 26.740788
7584 1444993920.144654 0.038452 0.010986 26.828679
7585 1444993920.154719 0.038452 0.010986 27.00446
7586 1444993920.164727 0.038452 -0.076904 27.180242
7587 1444993920.174786 0.038452 0.010986 27.356024
7588 1444993920.186131 0.038452 0.010986 27.443915
7589 1444993920.196167 0.038452 0.010986 27.619696
7590 1444993920.206285 0.038452 0.010986 27.707587
7591 1444993920.216521 0.038452 0.010986 27.883369
7592 1444993920.226726 0.038452 0.010986 28.059151
7593 1444993920.236829 0.038452 0.010986 28.147041
7594 1444993920.246939 0.038452 0.010986 28.322823
7595 1444993920.252635 0.038452 0.010986 28.498605
7596 1444993920.262863 0.038452 0.010986 28.586496
7597 1444993920.273129 0.038452 -0.076904 28.762277
7598 1444993920.283260 0.038452 0.010986 28.938059
7599 1444993920.293297 0.038452 0.010986 29.02595
7600 1444993920.303590 0.038452 0.010986 29.201731
7601 1444993920.313727 0.038452 0.010986 29.289622
7602 1444993920.323755 0.038452 0.010986 29.465404
7603 1444993920.333810 0.038452 0.010986 29.641186
7604 1444993920.343900 0.038452 0.010986 29.729076
7605 1444993920.354114 0.038452 0.010986 29.904858
7606 1444993920.364310 0.038452 0.010986 29.992749
7607 1444993920.374290 0.038452 0.010986 30.168531
7608 1444993920.384340 0.038452 0.010986 30.256422
7609 1444993920.394400 0.038452 0.010986 30.432203
7610 1444993920.404622 0.038452 0.010986 30.520094
7611 1444993920.414712 0.038452 0.010986 30.695876
7612 1444993920.424793 0.038452 0.010986 30.871657
7613 1444993920.434882 0.038452 -0.076904 30.959548
7614 1444993920.445069 0.038452 0.010986 31.13533
7615 1444993920.455070 0.038452 0.010986 31.223221
7616 1444993920.465169 0.038452 -0.076904 31.399002
7617 1444993920.475294 0.038452 0.010986 31.486893
7618 1444993920.485463 0.038452 0.010986 31.662675
7619 1444993920.495621 0.038452 0.010986 31.750566
7620 1444993920.505599 0.038452 0.010986 31.926347
7621 1444993920.513105 0.038452 0.010986 32.014238
7622 1444993920.528736 0.038452 -0.076904 32.19002
7623 1444993920.538172 0.038452 -0.076904 32.365802
7624 1444993920.546235 0.038452 0.010986 32.365802
7625 1444993920.558478 0.038452 0.010986 32.541583
7626 1444993920.566950 0.038452 0.010986 32.629474
7627 1444993920.578847 0.038452 0.010986 32.805256
7628 1444993920.588548 0.038452 0.010986 32.981038
7629 1444993920.598695 0.038452 0.010986 33.068928
7630 1444993920.608480 0.038452 0.010986 33.24471
7631 1444993920.619325 0.038452 0.010986 33.332601
7632 1444993920.628680 0.038452 0.010986 33.508383
7633 1444993920.639361 0.038452 0.010986 33.596273
7634 1444993920.649152 0.038452 0.010986 33.684164
7635 1444993920.659376 0.038452 0.010986 33.859946
7636 1444993920.669461 0.038452 0.010986 33.947837
7637 1444993920.679580 0.038452 0.010986 34.123618
7638 1444993920.689787 0.038452 0.010986 34.211509
7639 1444993920.700076 0.038452 0.010986 34.2994
7640 1444993920.710157 0.038452 -0.076904 34.475182
7641 1444993920.715485 0.038452 0.010986 34.475182
7642 1444993920.725297 0.038452 0.010986 34.650964
7643 1444993920.735382 0.038452 0.010986 34.738854
7644 1444993920.745510 0.038452 0.010986 34.826745
7645 1444993920.755634 0.038452 -0.076904 34.914636
7646 1444993920.765813 0.038452 0.010986 35.090418
7647 1444993920.772878 0.038452 0.010986 35.178309
7648 1444993920.786146 0.038452 -0.076904 35.35409
7649 1444993920.796104 0.038452 0.010986 35.441981
7650 1444993920.806229 0.038452 0.010986 35.529872
7651 1444993920.813592 0.038452 -0.076904 35.617763
7652 1444993920.826665 0.038452 0.010986 35.705654
7653 1444993920.836695 0.038452 0.010986 35.793544
7654 1444993920.842885 0.038452 0.010986 35.969326
7655 1444993920.857748 0.038452 0.010986 36.057217
7656 1444993920.867937 0.038452 0.010986 36.232999
7657 1444993920.877950 0.038452 0.010986 36.232999
7658 1444993920.887802 0.038452 0.010986 36.40878
7659 1444993920.898050 0.038452 0.010986 36.496671
7660 1444993920.908197 0.038452 -0.076904 36.584562
7661 1444993920.918425 0.038452 0.010986 36.672453
7662 1444993920.928377 0.038452 0.010986 36.848234
7663 1444993920.938640 0.038452 0.010986 36.936125
7664 1444993920.948622 0.038452 -0.076904 37.024016
7665 1444993920.958681 0.038452 0.010986 37.111907
7666 1444993920.968637 0.038452 0.010986 37.199798
7667 1444993920.978583 0.038452 0.010986 37.287689
7668 1444993920.989372 0.038452 0.010986 37.37558
7669 1444993920.999746 0.038452 0.010986 37.46347
7670 1444993921.009697 0.038452 0.010986 37.551361
7671 1444993921.019854 0.038452 0.010986 37.727143
7672 1444993921.029845 0.038452 0.010986 37.815034
7673 1444993921.040135 0.038452 0.010986 37.815034
7674 1444993921.050201 0.038452 0.010986 37.902925
7675 1444993921.060214 0.038452 0.010986 38.078706
7676 1444993921.068052 0.038452 0.010986 38.166597
7677 1444993921.077782 0.038452 0.010986 38.254488
7678 1444993921.090705 0.038452 0.010986 38.342379
7679 1444993921.100803 0.038452 0.010986 38.43027
7680 1444993921.107758 0.038452 0.010986 38.51816
7681 1444993921.121125 0.038452 -0.076904 38.606051
7682 1444993921.132733 0.038452 -0.076904 38.693942
7683 1444993921.138145 0.038452 -0.076904 38.693942
7684 1444993921.148276 0.038452 0.010986 38.781833
7685 1444993921.158332 0.038452 0.010986 38.957615
7686 1444993921.168385 0.038452 0.010986 38.957615
7687 1444993921.178561 0.038452 0.010986 39.045505
7688 1444993921.188781 0.038452 0.010986 39.133396
7689 1444993921.199092 0.038452 0.010986 39.221287
7690 1444993921.209350 0.038452 0.010986 39.309178
7691 1444993921.219424 0.038452 -0.076904 39.309178
7692 1444993921.229441 0.038452 0.010986 39.397069
7693 1444993921.239574 0.038452 0.010986 39.48496
7694 1444993921.249725 0.038452 0.010986 39.572851
7695 1444993921.259821 0.038452 0.010986 39.572851
7696 1444993921.269942 0.038452 0.010986 39.660741
7697 1444993921.280037 0.038452 0.010986 39.748632
7698 1444993921.290289 0.038452 -0.076904 39.836523
7699 1444993921.300317 0.038452 -0.076904 39.836523
7700 1444993921.310447 0.038452 -0.076904 39.924414
7701 1444993921.317866 0.038452 0.010986 40.012305
7702 1444993921.327994 0.038452 0.010986 40.100196
7703 1444993921.340872 0.038452 0.010986 40.188086
7704 1444993921.351064 0.038452 0.010986 40.275977
7705 1444993921.362609 0.038452 0.010986 40.275977
7706 1444993921.368414 0.038452 0.010986 40.369361
7707 1444993921.377869 0.038452 0.010986 40.457252
7708 1444993921.392767 0.038452 0.010986 40.545143
7709 1444993921.402622 0.038452 0.010986 40.633034
7710 1444993921.413104 0.038452 0.010986 40.633034
7711 1444993921.422671 0.038452 0.010986 40.720925
7712 1444993921.432905 0.038452 0.010986 40.808815
7713 1444993921.443189 0.038452 0.010986 40.808815
7714 1444993921.453289 0.038452 0.010986 40.896706
7715 1444993921.463367 0.038452 0.010986 40.984597
7716 1444993921.473621 0.038452 0.010986 40.984597
7717 1444993921.483658 0.038452 0.010986 40.984597
7718 1444993921.493552 0.038452 0.010986 41.072488
7719 1444993921.503702 0.038452 0.010986 41.072488
7720 1444993921.514360 0.038452 0.010986 41.160379
7721 1444993921.523803 0.038452 0.010986 41.160379
7722 1444993921.534327 0.038452 0.010986 41.24827
7723 1444993921.544185 0.038452 0.010986 41.33616
7724 1444993921.555058 0.038452 0.010986 41.33616
7725 1444993921.559517 0.038452 0.010986 41.33616
7726 1444993921.575646 0.038452 0.010986 41.424051
7727 1444993921.585288 0.038452 0.010986 41.511942
7728 1444993921.595525 0.038452 0.010986 41.599833
7729 1444993921.605861 0.038452 0.010986 41.599833
7730 1444993921.615730 0.038452 0.010986 41.599833
7731 1444993921.626093 0.038452 0.010986 41.687724
7732 1444993921.636181 0.038452 0.010986 41.687724
7733 1444993921.646304 0.038452 -0.076904 41.775615
7734 1444993921.656421 0.038452 -0.076904 41.775615
7735 1444993921.666695 0.038452 0.010986 41.775615
7736 1444993921.668899 0.038452 0.010986 41.863506
7737 1444993921.682597 0.038452 0.010986 41.863506
7738 1444993921.692912 0.038452 0.010986 41.951396
7739 1444993921.703144 0.038452 0.010986 41.951396
7740 1444993921.713309 0.038452 0.010986 42.039287
7741 1444993921.723245 0.038452 0.010986 42.039287
7742 1444993921.733294 0.038452 0.010986 42.127178
7743 1444993921.743658 0.038452 -0.076904 42.127178
7744 1444993921.753767 0.038452 0.010986 42.215069
7745 1444993921.764234 0.038452 0.010986 42.215069
7746 1444993921.774141 0.038452 -0.076904 42.30296
7747 1444993921.784161 0.038452 0.010986 42.30296
7748 1444993921.794243 0.038452 -0.076904 42.30296
7749 1444993921.804626 0.038452 -0.076904 42.30296
7750 1444993921.814885 0.038452 -0.076904 42.390851
7751 1444993921.824860 0.038452 -0.076904 42.478741
7752 1444993921.834867 0.038452 -0.076904 42.478741
7753 1444993921.844800 0.038452 -0.076904 42.478741
7754 1444993921.855123 0.038452 0.010986 42.478741
7755 1444993921.868302 0.038452 0.010986 42.566632
7756 1444993921.878110 0.038452 0.010986 42.566632
7757 1444993921.885574 0.038452 0.010986 42.566632
7758 1444993921.895681 0.038452 0.010986 42.654523
7759 1444993921.905800 0.038452 0.010986 42.654523
7760 1444993921.918271 0.038452 0.010986 42.654523
7761 1444993921.927883 0.038452 0.010986 42.742414
7762 1444993921.937698 0.038452 0.010986 42.742414
7763 1444993921.946293 0.038452 -0.076904 42.742414
7764 1444993921.957859 0.038452 0.010986 42.830305
7765 1444993921.968137 0.038452 -0.076904 42.830305
7766 1444993921.978259 0.038452 0.010986 42.830305
7767 1444993921.988485 0.038452 0.010986 42.830305
7768 1444993921.998484 0.038452 0.010986 42.830305
7769 1444993922.008782 0.038452 0.010986 42.918196
7770 1444993922.019142 0.038452 0.010986 42.918196
7771 1444993922.028865 0.038452 0.010986 42.918196
7772 1444993922.038920 0.038452 0.010986 42.918196
7773 1444993922.049025 0.038452 0.010986 42.918196
7774 1444993922.059158 0.038452 0.010986 43.006086
7775 1444993922.069431 0.038452 0.010986 43.006086
7776 1444993922.074965 0.038452 0.010986 43.006086
7777 1444993922.084922 0.038452 0.010986 43.006086
7778 1444993922.095121 0.038452 0.010986 43.006086
7779 1444993922.105260 0.038452 0.010986 43.006086
7780 1444993922.115203 0.038452 0.010986 43.006086
7781 1444993922.125310 0.038452 0.010986 43.093977
7782 1444993922.135607 0.038452 0.010986 43.093977
7783 1444993922.145734 0.038452 0.010986 43.093977
7784 1444993922.155843 0.038452 0.010986 43.093977
7785 1444993922.166055 0.038452 0.010986 43.093977
7786 1444993922.178006 0.038452 0.010986 43.181868
7787 1444993922.182773 0.038452 0.010986 43.181868
7788 1444993922.192742 0.038452 0.010986 43.181868
7789 1444993922.207770 0.038452 0.010986 43.181868
7790 1444993922.213448 0.038452 0.010986 43.181868
7791 1444993922.227905 0.038452 0.010986 43.181868
7792 1444993922.237832 0.038452 0.010986 43.181868
7793 1444993922.248190 0.038452 0.010986 43.269759
7794 1444993922.258436 0.038452 0.010986 43.269759
7795 1444993922.268705 0.038452 0.010986 43.269759
7796 1444993922.278419 0.038452 0.010986 43.269759
7797 1444993922.288649 0.038452 0.010986 43.269759
7798 1444993922.298740 0.038452 0.010986 43.269759
7799 1444993922.308884 0.038452 -0.076904 43.35765
7800 1444993922.319042 0.038452 0.010986 43.35765
7801 1444993922.328996 0.038452 0.010986 43.35765
7802 1444993922.339203 0.038452 0.010986 43.35765
7803 1444993922.349302 0.038452 0.010986 43.35765
7804 1444993922.360507 0.038452 0.010986 43.35765
7805 1444993922.367759 0.038452 0.010986 43.35765
7806 1444993922.377687 0.038452 0.010986 43.35765
7807 1444993922.387591 0.038452 0.010986 43.35765
7808 1444993922.401034 0.038452 0.010986 43.35765
7809 1444993922.407753 0.038452 -0.076904 43.35765
7810 1444993922.418423 0.038452 0.010986 43.35765
7811 1444993922.428062 0.038452 0.010986 43.35765
7812 1444993922.437909 0.038452 0.010986 43.35765
7813 1444993922.448106 0.038452 0.010986 43.35765
7814 1444993922.458368 0.038452 0.010986 43.35765
7815 1444993922.468524 0.038452 0.010986 43.35765
7816 1444993922.478617 0.038452 0.010986 43.35765
7817 1444993922.488841 0.038452 0.010986 43.35765
7818 1444993922.498857 0.038452 -0.076904 43.35765
7819 1444993922.508923 0.038452 0.010986 43.35765
7820 1444993922.518988 0.038452 0.010986 43.35765
7821 1444993922.529702 0.038452 0.010986 43.35765
7822 1444993922.539827 0.038452 0.010986 43.35765
7823 1444993922.550098 0.038452 0.010986 43.35765
7824 1444993922.559943 0.038452 0.010986 43.35765
7825 1444993922.570143 0.038452 0.010986 43.35765
7826 1444993922.580117 0.038452 0.010986 43.35765
7827 1444993922.590308 0.038452 0.010986 43.35765
7828 1444993922.600415 0.038452 0.010986 43.35765
7829 1444993922.610511 0.038452 0.010986 43.35765
7830 1444993922.618859 0.038452 0.010986 43.35765
7831 1444993922.627636 0.038452 -0.076904 43.35765
7832 1444993922.640859 0.038452 -0.076904 43.35765
7833 1444993922.650886 0.038452 -0.076904 43.35765
7834 1444993922.662635 0.038452 0.010986 43.35765
7835 1444993922.668158 0.038452 0.010986 43.35765
7836 1444993922.678069 0.038452 0.010986 43.35765
7837 1444993922.692690 0.038452 0.010986 43.269759
7838 1444993922.698237 0.038452 -0.076904 43.269759
7839 1444993922.713346 0.038452 0.010986 43.181868
7840 1444993922.722926 0.038452 0.010986 43.093977
7841 1444993922.733157 0.038452 0.010986 43.006086
7842 1444993922.743313 0.038452 0.010986 42.918196
7843 1444993922.753516 0.038452 0.010986 42.830305
7844 1444993922.763827 0.038452 0.010986 42.654523
7845 1444993922.773925 0.038452 0.010986 42.478741
7846 1444993922.784089 0.038452 0.010986 42.215069
7847 1444993922.793939 0.038452 0.010986 42.039287
7848 1444993922.804048 0.038452 0.010986 41.687724
7849 1444993922.814509 0.038452 0.010986 41.424051
7850 1444993922.824408 0.038452 0.010986 41.072488
7851 1444993922.834463 0.038452 0.010986 40.633034
7852 1444993922.844564 0.038452 0.010986 40.275977
7853 1444993922.854631 0.038452 0.010986 39.836523
7854 1444993922.864893 0.038452 0.010986 39.397069
7855 1444993922.874944 0.038452 0.010986 38.869724
7856 1444993922.885146 -0.049439 0.010986 38.342379
7857 1444993922.890326 0.038452 0.010986 38.078706
7858 1444993922.903680 0.038452 -0.076904 37.199798
7859 1444993922.910412 0.038452 0.010986 36.936125
7860 1444993922.920748 0.038452 -0.076904 36.320889
7861 1444993922.930818 -0.049439 0.010986 35.617763
7862 1444993922.942629 0.038452 0.010986 34.650964
7863 1444993922.952513 0.038452 0.010986 33.947837
7864 1444993922.962721 0.038452 0.010986 33.156819
7865 1444993922.973093 -0.049439 0.010986 32.453693
7866 1444993922.982773 0.038452 0.010986 31.662675
7867 1444993922.992805 -0.049439 0.010986 30.871657
7868 1444993923.002903 -0.049439 -0.076904 30.08064
7869 1444993923.014118 -0.049439 0.010986 29.201731
7870 1444993923.023418 -0.049439 0.010986 28.322823
7871 1444993923.033334 -0.049439 0.010986 27.443915
7872 1444993923.043124 -0.049439 -0.076904 26.565006
7873 1444993923.053140 -0.049439 -0.076904 25.686098
7874 1444993923.063754 -0.049439 -0.076904 24.807189
7875 1444993923.073825 -0.049439 -0.076904 23.84039
7876 1444993923.083862 0.038452 -0.076904 22.961482
7877 1444993923.093900 0.038452 -0.076904 22.082573
7878 1444993923.104114 0.038452 -0.076904 21.115774
7879 1444993923.115616 0.038452 -0.076904 20.236866
7880 1444993923.124718 0.038452 0.010986 19.270067
7881 1444993923.134201 0.038452 0.010986 18.391158
7882 1444993923.145214 0.038452 -0.076904 17.418866
7883 1444993923.154426 -0.049439 -0.076904 16.539957
7884 1444993923.165198 -0.049439 -0.076904 15.573158
7885 1444993923.175815 -0.049439 0.010986 14.606359
7886 1444993923.184869 -0.049439 -0.076904 13.727451
7887 1444993923.195344 -0.049439 0.010986 12.760651
7888 1444993923.205315 -0.049439 0.010986 11.881743
7889 1444993923.216289 -0.049439 0.010986 10.914944
7890 1444993923.226081 -0.049439 0.010986 9.948144
7891 1444993923.235797 -0.049439 0.010986 9.069236
7892 1444993923.245689 -0.049439 0.010986 8.102437
7893 1444993923.256319 -0.049439 -0.076904 7.223528
7894 1444993923.263108 0.038452 -0.076904 6.34462
7895 1444993923.272756 0.038452 0.010986 5.465712
7896 1444993923.287554 -0.049439 0.010986 4.23524
7897 1444993923.297689 -0.049439 -0.076904 3.444222
7898 1444993923.307636 0.038452 0.010986 2.653205
7899 1444993923.317723 0.038452 0.010986 1.862187
7900 1444993923.327861 -0.049439 0.010986 1.15906
7901 1444993923.338189 0.038452 0.010986 0.455934
7902 1444993923.348210 0.038452 0.010986 -0.159302
7903 1444993923.358276 0.038452 0.010986 -0.862429
7904 1444993923.368344 0.038452 0.010986 -1.477665
7905 1444993923.377508 0.038452 0.010986 -2.092901
7906 1444993923.384077 0.038452 0.010986 -2.356573
7907 1444993923.398643 0.038452 0.010986 -3.147591
7908 1444993923.404118 0.038452 0.010986 -3.411263
7909 1444993923.418010 0.038452 0.010986 -4.202281
7910 1444993923.428911 0.038452 0.010986 -4.641735
7911 1444993923.434545 -0.049439 0.010986 -4.910901
7912 1444993923.444407 -0.049439 0.010986 -5.262464
7913 1444993923.454487 0.038452 0.010986 -5.701918
7914 1444993923.467837 -0.049439 0.010986 -6.229263
7915 1444993923.477541 0.038452 0.010986 -6.580827
7916 1444993923.484856 -0.049439 0.010986 -6.756608
7917 1444993923.494932 0.038452 0.010986 -7.020281
7918 1444993923.505298 0.038452 0.010986 -7.283953
7919 1444993923.517894 0.038452 0.010986 -7.723408
7920 1444993923.527778 0.038452 0.010986 -7.899189
7921 1444993923.535755 -0.049439 0.010986 -8.074971
7922 1444993923.547631 -0.049439 0.010986 -8.338643
7923 1444993923.557775 0.038452 0.010986 -8.602316
7924 1444993923.568562 -0.049439 0.010986 -8.778098
7925 1444993923.578204 0.038452 0.010986 -8.953879
7926 1444993923.586149 0.038452 0.010986 -9.04177
7927 1444993923.598362 0.038452 0.010986 -9.305443
7928 1444993923.608621 0.038452 0.010986 -9.481224
7929 1444993923.619152 0.038452 0.098877 -9.657006
7930 1444993923.628659 -0.049439 0.098877 -9.744897
7931 1444993923.638728 0.038452 0.098877 -9.920679
7932 1444993923.648525 0.038452 0.098877 -10.008569
7933 1444993923.658798 0.038452 0.010986 -10.09646
7934 1444993923.669618 0.038452 0.010986 -10.272242
7935 1444993923.678780 0.038452 0.010986 -10.360133
7936 1444993923.688801 0.038452 0.010986 -10.448024
7937 1444993923.699189 0.038452 0.010986 -10.535914
7938 1444993923.709124 0.038452 0.010986 -10.623805
7939 1444993923.719187 0.038452 0.010986 -10.711696
7940 1444993923.729183 0.038452 0.010986 -10.799587
7941 1444993923.739481 0.038452 0.010986 -10.799587
7942 1444993923.749392 0.038452 0.010986 -10.887478
7943 1444993923.759725 0.038452 0.010986 -10.975369
7944 1444993923.769714 0.038452 0.010986 -10.975369
7945 1444993923.779792 0.038452 0.010986 -10.975369
7946 1444993923.789899 0.038452 0.010986 -11.063259
7947 1444993923.800097 0.038452 0.010986 -11.063259
7948 1444993923.810163 0.038452 0.010986 -11.063259
7949 1444993923.818117 0.038452 0.010986 -11.063259
7950 1444993923.827657 0.038452 0.010986 -11.063259
7951 1444993923.840806 0.038452 0.010986 -11.063259
7952 1444993923.850960 0.038452 0.010986 -11.063259
7953 1444993923.861122 -0.049439 0.010986 -10.975369
7954 1444993923.871153 0.038452 0.010986 -10.975369
7955 1444993923.881281 0.038452 0.010986 -10.975369
7956 1444993923.891400 -0.049439 0.010986 -10.975369
7957 1444993923.897533 -0.049439 0.010986 -10.975369
7958 1444993923.907818 -0.049439 0.010986 -10.887478
7959 1444993923.921842 0.038452 0.098877 -10.799587
7960 1444993923.928257 -0.049439 0.098877 -10.711696
7961 1444993923.938541 -0.049439 0.010986 -10.448024
7962 1444993923.948563 -0.137329 0.010986 -10.272242
7963 1444993923.958592 -0.137329 0.010986 -10.008569
7964 1444993923.969148 -0.049439 0.010986 -9.744897
7965 1444993923.978929 -0.049439 0.010986 -9.481224
7966 1444993923.989128 -0.137329 0.010986 -9.305443
7967 1444993923.999236 -0.137329 0.010986 -9.129661
7968 1444993924.009329 -0.137329 0.010986 -9.04177
7969 1444993924.019534 -0.137329 0.098877 -9.04177
7970 1444993924.029649 -0.137329 0.098877 -8.953879
7971 1444993924.039810 -0.137329 0.098877 -9.04177
7972 1444993924.049911 -0.137329 0.098877 -9.04177
7973 1444993924.062656 -0.137329 0.010986 -9.217552
7974 1444993924.070588 -0.137329 0.010986 -9.217552
7975 1444993924.082525 -0.049439 0.010986 -9.393333
7976 1444993924.090576 -0.049439 0.010986 -9.393333
7977 1444993924.102637 -0.137329 0.010986 -9.569115
7978 1444993924.112684 -0.137329 0.010986 -9.657006
7979 1444993924.123028 -0.137329 0.010986 -9.744897
7980 1444993924.132704 -0.137329 -0.076904 -9.832788
7981 1444993924.142859 -0.137329 -0.076904 -9.920679
7982 1444993924.153061 -0.137329 -0.076904 -10.008569
7983 1444993924.158335 -0.137329 -0.076904 -10.09646
7984 1444993924.168414 -0.137329 -0.076904 -10.184351
7985 1444993924.178453 -0.137329 -0.076904 -10.360133
7986 1444993924.188604 -0.137329 -0.076904 -10.448024
7987 1444993924.198750 -0.049439 -0.076904 -10.535914
7988 1444993924.208764 -0.137329 -0.076904 -10.623805
7989 1444993924.218858 -0.049439 -0.076904 -10.711696
7990 1444993924.229098 -0.049439 -0.076904 -10.799587
7991 1444993924.239326 -0.049439 0.010986 -10.887478
7992 1444993924.249366 -0.049439 0.010986 -10.975369
7993 1444993924.259622 -0.049439 0.010986 -10.975369
7994 1444993924.269763 -0.049439 0.010986 -11.063259
7995 1444993924.280141 -0.049439 0.010986 -11.063259
7996 1444993924.290330 -0.049439 0.010986 -11.063259
7997 1444993924.300492 -0.049439 0.010986 -11.063259
7998 1444993924.310460 -0.049439 0.010986 -11.063259
7999 1444993924.322664 -0.049439 0.010986 -10.975369
8000 1444993924.330723 -0.049439 0.010986 -11.063259
8001 1444993924.341166 -0.049439 0.010986 -10.975369
8002 1444993924.351004 -0.049439 0.010986 -11.063259
8003 1444993924.363401 -0.049439 0.010986 -10.975369
8004 1444993924.373445 -0.049439 0.010986 -10.975369
8005 1444993924.381460 -0.049439 0.010986 -10.975369
8006 1444993924.391487 -0.049439 0.010986 -11.063259
8007 1444993924.401633 -0.049439 0.010986 -11.063259
8008 1444993924.408047 -0.049439 0.010986 -10.975369
8009 1444993924.422572 -0.049439 0.010986 -10.975369
8010 1444993924.432610 -0.049439 0.010986 -10.975369
8011 1444993924.442651 -0.049439 0.010986 -10.975369
8012 1444993924.452687 -0.049439 0.010986 -10.975369
8013 1444993924.464282 -0.049439 0.010986 -10.975369
8014 1444993924.473698 -0.049439 0.010986 -10.975369
8015 1444993924.484141 -0.049439 0.010986 -10.887478
8016 1444993924.493621 -0.049439 0.010986 -10.799587
8017 1444993924.504320 -0.049439 0.010986 -10.799587
8018 1444993924.514646 -0.049439 0.010986 -10.623805
8019 1444993924.525622 -0.049439 0.010986 -10.535914
8020 1444993924.534443 -0.049439 0.010986 -10.448024
8021 1444993924.544720 -0.049439 0.010986 -10.360133
8022 1444993924.554090 -0.049439 0.098877 -10.184351
8023 1444993924.565488 -0.049439 0.098877 -10.09646
8024 1444993924.575860 -0.049439 0.010986 -9.920679
8025 1444993924.585253 -0.049439 0.098877 -9.832788
8026 1444993924.595425 -0.049439 0.098877 -9.744897
8027 1444993924.605419 -0.049439 0.010986 -9.657006
8028 1444993924.615525 -0.049439 0.010986 -9.569115
8029 1444993924.617672 -0.049439 0.010986 -9.569115
8030 1444993924.636238 -0.049439 0.010986 -9.481224
8031 1444993924.646345 -0.049439 0.010986 -9.481224
8032 1444993924.656429 -0.137329 0.010986 -9.481224
8033 1444993924.666444 -0.137329 0.010986 -9.481224
8034 1444993924.676833 -0.137329 0.010986 -9.481224
8035 1444993924.686851 -0.137329 0.010986 -9.481224
8036 1444993924.696918 -0.137329 0.010986 -9.481224
8037 1444993924.707116 -0.137329 0.010986 -9.481224
8038 1444993924.712672 -0.137329 0.010986 -9.481224
8039 1444993924.722621 -0.137329 0.010986 -9.569115
8040 1444993924.734192 -0.137329 0.010986 -9.569115
8041 1444993924.744276 -0.137329 0.010986 -9.569115
8042 1444993924.754353 -0.137329 0.010986 -9.569115
8043 1444993924.764683 -0.137329 0.010986 -9.657006
8044 1444993924.775699 -0.137329 -0.076904 -9.657006
8045 1444993924.784848 -0.137329 -0.076904 -9.744897
8046 1444993924.795252 -0.137329 -0.076904 -9.744897
8047 1444993924.807583 -0.137329 -0.076904 -9.832788
8048 1444993924.816463 -0.137329 -0.076904 -9.832788
8049 1444993924.827691 -0.137329 -0.076904 -9.920679
8050 1444993924.837612 -0.137329 0.010986 -9.920679
8051 1444993924.842604 -0.049439 0.010986 -9.920679
8052 1444993924.857698 -0.137329 0.010986 -9.920679
8053 1444993924.868310 -0.137329 0.010986 -10.008569
8054 1444993924.878542 -0.137329 0.010986 -10.008569
8055 1444993924.888395 -0.137329 0.010986 -10.09646
8056 1444993924.898262 -0.049439 0.010986 -10.184351
8057 1444993924.908583 -0.137329 -0.076904 -10.184351
8058 1444993924.918803 -0.137329 -0.076904 -10.272242
8059 1444993924.923336 -0.137329 -0.076904 -10.272242
8060 1444993924.938881 -0.137329 -0.076904 -10.360133
8061 1444993924.948931 -0.137329 0.010986 -10.360133
8062 1444993924.953755 -0.137329 -0.076904 -10.360133
8063 1444993924.963846 -0.137329 -0.076904 -10.360133
8064 1444993924.973982 -0.137329 -0.076904 -10.448024
8065 1444993924.984245 -0.137329 -0.076904 -10.448024
8066 1444993924.994333 -0.137329 -0.076904 -10.448024
8067 1444993925.004398 -0.049439 -0.076904 -10.535914
8068 1444993925.014576 -0.049439 -0.076904 -10.535914
8069 1444993925.027630 -0.049439 -0.076904 -10.535914
8070 1444993925.034905 -0.049439 -0.076904 -10.535914
8071 1444993925.045235 -0.049439 -0.076904 -10.535914
8072 1444993925.055432 -0.049439 -0.076904 -10.535914
8073 1444993925.067639 -0.049439 -0.076904 -10.535914
8074 1444993925.072507 -0.049439 -0.076904 -10.535914
8075 1444993925.085836 -0.049439 -0.076904 -10.535914
8076 1444993925.095866 -0.049439 -0.076904 -10.535914
8077 1444993925.108218 -0.049439 -0.076904 -10.535914
8078 1444993925.117923 -0.049439 -0.076904 -10.535914
8079 1444993925.128630 -0.049439 -0.076904 -10.535914
8080 1444993925.136514 -0.049439 -0.076904 -10.535914
8081 1444993925.147540 -0.049439 -0.076904 -10.535914
8082 1444993925.158460 -0.049439 -0.076904 -10.535914
8083 1444993925.169259 -0.049439 -0.076904 -10.535914
8084 1444993925.178258 -0.049439 -0.076904 -10.535914
8085 1444993925.189401 -0.049439 -0.076904 -10.535914
8086 1444993925.198810 -0.049439 -0.076904 -10.535914
8087 1444993925.208921 -0.049439 -0.076904 -10.535914
8088 1444993925.220086 -0.049439 -0.076904 -10.535914
8089 1444993925.228756 -0.049439 -0.076904 -10.535914
8090 1444993925.238736 -0.049439 -0.076904 -10.535914
8091 1444993925.249198 -0.049439 -0.076904 -10.535914
8092 1444993925.258752 -0.049439 -0.076904 -10.535914
8093 1444993925.269402 -0.049439 -0.076904 -10.535914
8094 1444993925.279133 -0.049439 -0.076904 -10.535914
8095 1444993925.289240 -0.049439 -0.076904 -10.535914
8096 1444993925.299409 -0.049439 -0.076904 -10.535914
8097 1444993925.309454 -0.049439 0.010986 -10.535914
8098 1444993925.319687 -0.049439 -0.076904 -10.535914
8099 1444993925.329747 -0.049439 -0.076904 -10.535914
8100 1444993925.339806 -0.049439 -0.076904 -10.535914
8101 1444993925.349919 -0.049439 -0.076904 -10.535914
8102 1444993925.360267 -0.049439 -0.076904 -10.535914
8103 1444993925.370131 -0.049439 0.010986 -10.535914
8104 1444993925.380178 -0.049439 0.010986 -10.448024
8105 1444993925.390360 -0.049439 -0.076904 -10.448024
8106 1444993925.400585 -0.049439 -0.076904 -10.448024
8107 1444993925.410686 -0.049439 -0.076904 -10.448024
8108 1444993925.417635 -0.049439 -0.076904 -10.448024
8109 1444993925.430867 -0.049439 0.010986 -10.535914
8110 1444993925.440943 -0.049439 0.010986 -10.535914
8111 1444993925.451154 -0.049439 -0.076904 -10.535914
8112 1444993925.461254 -0.049439 0.010986 -10.535914
8113 1444993925.471359 -0.049439 0.010986 -10.448024
8114 1444993925.481581 -0.049439 0.010986 -10.535914
8115 1444993925.487423 -0.049439 0.010986 -10.448024
8116 1444993925.497477 -0.049439 0.010986 -10.448024
8117 1444993925.507651 -0.049439 0.010986 -10.448024
8118 1444993925.517550 -0.049439 0.010986 -10.535914
8119 1444993925.528573 -0.049439 0.010986 -10.448024
8120 1444993925.538132 -0.049439 0.010986 -10.448024
8121 1444993925.548004 -0.049439 0.010986 -10.448024
8122 1444993925.558456 -0.049439 0.010986 -10.448024
8123 1444993925.568363 -0.049439 0.010986 -10.448024
8124 1444993925.578548 -0.049439 0.010986 -10.448024
8125 1444993925.588819 -0.049439 0.010986 -10.448024
8126 1444993925.598870 0.038452 0.010986 -10.360133
8127 1444993925.608942 0.038452 0.010986 -10.360133
8128 1444993925.619461 0.038452 0.098877 -10.360133
8129 1444993925.629183 0.038452 0.098877 -10.360133
8130 1444993925.639638 0.038452 0.098877 -10.360133
8131 1444993925.649579 0.038452 0.098877 -10.360133
8132 1444993925.659715 0.038452 0.098877 -10.360133
8133 1444993925.669749 0.038452 0.098877 -10.360133
8134 1444993925.679677 0.038452 0.098877 -10.272242
8135 1444993925.689913 0.038452 0.098877 -10.272242
8136 1444993925.700000 0.038452 0.186768 -10.272242
8137 1444993925.710158 0.038452 0.098877 -10.272242
8138 1444993925.720224 0.038452 0.186768 -10.272242
8139 1444993925.730251 0.038452 0.186768 -10.272242
8140 1444993925.740501 0.038452 0.098877 -10.272242
8141 1444993925.750636 0.038452 0.186768 -10.272242
8142 1444993925.762767 0.126343 0.186768 -10.272242
8143 1444993925.773320 0.038452 0.098877 -10.272242
8144 1444993925.782505 0.038452 0.186768 -10.272242
8145 1444993925.793162 0.038452 0.098877 -10.272242
8146 1444993925.803136 0.038452 0.098877 -10.272242
8147 1444993925.813932 0.038452 0.186768 -10.272242
8148 1444993925.823532 0.038452 0.098877 -10.272242
8149 1444993925.833395 0.038452 0.098877 -10.272242
8150 1444993925.843216 0.038452 0.098877 -10.272242
8151 1444993925.853290 0.038452 0.098877 -10.272242
8152 1444993925.864750 0.038452 0.098877 -10.272242
8153 1444993925.874266 0.038452 0.186768 -10.272242
8154 1444993925.884150 0.038452 0.098877 -10.272242
8155 1444993925.894103 0.038452 0.186768 -10.272242
8156 1444993925.903901 0.038452 0.098877 -10.272242
8157 1444993925.914261 0.038452 0.098877 -10.272242
8158 1444993925.924434 0.038452 0.098877 -10.272242
8159 1444993925.934761 0.038452 0.098877 -10.272242
8160 1444993925.944728 0.038452 0.098877 -10.272242
8161 1444993925.955086 0.038452 0.098877 -10.272242
8162 1444993925.959824 0.038452 0.098877 -10.272242
8163 1444993925.975609 0.038452 0.098877 -10.272242
8164 1444993925.985670 0.038452 0.098877 -10.272242
8165 1444993925.995811 0.038452 0.098877 -10.272242
8166 1444993926.005862 0.038452 0.098877 -10.272242
8167 1444993926.010831 0.038452 0.098877 -10.272242
8168 1444993926.018590 0.038452 0.098877 -10.272242
8169 1444993926.028306 0.038452 0.098877 -10.272242
8170 1444993926.038331 0.038452 0.098877 -10.272242
8171 1444993926.052483 0.038452 0.098877 -10.272242
8172 1444993926.062928 0.038452 0.098877 -10.272242
8173 1444993926.072852 0.038452 0.098877 -10.272242
8174 1444993926.082811 0.038452 0.010986 -10.184351
8175 1444993926.093160 0.038452 0.098877 -10.184351
8176 1444993926.104194 0.038452 0.010986 -10.184351
8177 1444993926.114686 0.038452 0.010986 -10.184351
8178 1444993926.124192 0.038452 0.010986 -10.184351
8179 1444993926.134663 0.038452 0.010986 -10.184351
8180 1444993926.144494 0.038452 0.010986 -10.184351
8181 1444993926.154814 0.038452 0.010986 -10.184351
8182 1444993926.164568 0.038452 0.010986 -10.184351
8183 1444993926.175079 0.038452 0.010986 -10.184351
8184 1444993926.185040 0.038452 0.010986 -10.184351
8185 1444993926.195129 0.038452 0.010986 -10.184351
8186 1444993926.205197 0.038452 0.010986 -10.184351
8187 1444993926.215604 0.038452 0.010986 -10.184351
8188 1444993926.226083 0.038452 0.098877 -10.184351
8189 1444993926.236372 0.038452 0.010986 -10.184351
8190 1444993926.246490 -0.049439 0.010986 -10.184351
8191 1444993926.256635 0.038452 0.010986 -10.184351
8192 1444993926.266763 0.038452 0.010986 -10.184351
8193 1444993926.277048 0.038452 0.010986 -10.184351
8194 1444993926.286949 0.038452 0.010986 -10.184351
8195 1444993926.297045 0.038452 0.010986 -10.184351
8196 1444993926.302589 0.038452 0.010986 -10.184351
8197 1444993926.312799 0.038452 0.010986 -10.184351
8198 1444993926.322602 0.038452 0.010986 -10.184351
8199 1444993926.333297 0.038452 0.010986 -10.184351
8200 1444993926.343653 0.038452 0.010986 -10.184351
8201 1444993926.353660 0.038452 0.010986 -10.184351
8202 1444993926.363998 0.038452 0.010986 -10.184351
8203 1444993926.374372 0.038452 0.010986 -10.184351
8204 1444993926.384452 0.038452 0.010986 -10.184351
8205 1444993926.394443 0.038452 0.010986 -10.184351
8206 1444993926.404627 0.038452 0.010986 -10.184351
8207 1444993926.415027 0.038452 0.098877 -10.184351
8208 1444993926.425178 0.038452 0.010986 -10.184351
8209 1444993926.435210 0.038452 0.010986 -10.184351
8210 1444993926.445417 0.038452 0.010986 -10.184351
8211 1444993926.455581 0.038452 0.010986 -10.184351
8212 1444993926.465751 0.038452 0.010986 -10.184351
8213 1444993926.477556 0.038452 0.010986 -10.184351
8214 1444993926.487815 0.038452 0.010986 -10.184351
8215 1444993926.497445 -0.049439 0.010986 -10.184351
8216 1444993926.507624 0.038452 0.010986 -10.184351
8217 1444993926.518448 0.038452 0.010986 -10.184351
8218 1444993926.529186 0.038452 0.010986 -10.184351
8219 1444993926.538058 0.038452 0.010986 -10.184351
8220 1444993926.547868 0.038452 0.010986 -10.184351
8221 1444993926.557830 0.038452 0.010986 -10.272242
8222 1444993926.568086 -0.049439 0.010986 -10.272242
8223 1444993926.578459 0.038452 0.010986 -10.272242
8224 1444993926.588222 0.038452 0.010986 -10.272242
8225 1444993926.598599 -0.049439 0.010986 -10.272242
8226 1444993926.608664 0.038452 0.010986 -10.272242
8227 1444993926.619606 0.038452 0.010986 -10.184351
8228 1444993926.629875 0.038452 0.010986 -10.272242
8229 1444993926.639546 0.038452 0.010986 -10.272242
8230 1444993926.649705 0.038452 0.010986 -10.272242
8231 1444993926.659821 0.038452 0.010986 -10.272242
8232 1444993926.669914 0.038452 0.010986 -10.272242
8233 1444993926.680167 0.038452 0.010986 -10.184351
8234 1444993926.690409 -0.049439 0.010986 -10.272242
8235 1444993926.700474 0.038452 0.010986 -10.272242
8236 1444993926.710387 -0.049439 0.010986 -10.272242
8237 1444993926.720614 -0.049439 0.010986 -10.272242
8238 1444993926.730609 0.038452 0.010986 -10.272242
8239 1444993926.740629 -0.049439 0.010986 -10.272242
8240 1444993926.750750 0.038452 0.010986 -10.272242
8241 1444993926.756025 -0.049439 0.010986 -10.272242
8242 1444993926.763099 -0.049439 0.010986 -10.272242
8243 1444993926.773123 -0.049439 0.010986 -10.272242
8244 1444993926.787458 -0.049439 -0.076904 -10.272242
8245 1444993926.797527 -0.049439 0.010986 -10.272242
8246 1444993926.808519 -0.049439 0.010986 -10.272242
8247 1444993926.819202 -0.049439 -0.076904 -10.272242
8248 1444993926.828548 -0.049439 0.010986 -10.272242
8249 1444993926.839160 -0.049439 0.010986 -10.272242
8250 1444993926.848869 -0.049439 -0.076904 -10.272242
8251 1444993926.858753 -0.049439 0.010986 -10.272242
8252 1444993926.869279 -0.049439 0.010986 -10.272242
8253 1444993926.878791 -0.049439 0.010986 -10.272242
8254 1444993926.888707 -0.049439 0.010986 -10.272242
8255 1444993926.899657 -0.049439 0.010986 -10.272242
8256 1444993926.909400 -0.049439 0.010986 -10.272242
8257 1444993926.920169 -0.049439 0.010986 -10.272242
8258 1444993926.929491 -0.049439 -0.076904 -10.272242
8259 1444993926.939716 -0.049439 0.010986 -10.272242
8260 1444993926.949689 0.038452 -0.076904 -10.272242
8261 1444993926.959890 -0.049439 0.010986 -10.272242
8262 1444993926.970042 -0.049439 0.010986 -10.272242
8263 1444993926.980025 -0.049439 -0.076904 -10.272242
8264 1444993926.990274 -0.049439 0.010986 -10.272242
8265 1444993927.000347 -0.049439 -0.076904 -10.272242
8266 1444993927.010514 -0.049439 -0.076904 -10.272242
8267 1444993927.020592 -0.049439 -0.076904 -10.272242
8268 1444993927.030813 -0.049439 -0.076904 -10.272242
8269 1444993927.040755 -0.049439 -0.076904 -10.272242
8270 1444993927.052595 -0.049439 0.010986 -10.272242
8271 1444993927.062576 -0.049439 -0.076904 -10.272242
8272 1444993927.071114 -0.049439 -0.076904 -10.272242
8273 1444993927.082432 -0.049439 0.010986 -10.272242
8274 1444993927.091429 -0.049439 0.010986 -10.272242
8275 1444993927.101915 -0.049439 0.010986 -10.272242
8276 1444993927.107450 -0.049439 -0.076904 -10.272242
8277 1444993927.117584 -0.049439 -0.076904 -10.272242
8278 1444993927.127713 -0.049439 -0.076904 -10.272242
8279 1444993927.138184 -0.049439 -0.076904 -10.272242
8280 1444993927.153426 -0.049439 0.010986 -10.272242
8281 1444993927.158484 -0.049439 -0.076904 -10.272242
8282 1444993927.168663 -0.049439 -0.076904 -10.272242
8283 1444993927.178608 -0.049439 0.010986 -10.272242
8284 1444993927.188831 -0.049439 0.010986 -10.272242
8285 1444993927.198825 -0.049439 0.010986 -10.272242
8286 1444993927.208916 -0.049439 0.010986 -10.272242
8287 1444993927.219119 -0.049439 0.010986 -10.272242
8288 1444993927.229204 -0.049439 0.010986 -10.272242
8289 1444993927.239335 -0.049439 -0.076904 -10.272242
8290 1444993927.249305 -0.049439 -0.076904 -10.272242
8291 1444993927.259511 -0.049439 -0.076904 -10.272242
8292 1444993927.269490 -0.049439 -0.076904 -10.272242
8293 1444993927.279551 -0.049439 -0.076904 -10.272242
8294 1444993927.289819 -0.049439 -0.076904 -10.272242
8295 1444993927.299893 -0.049439 -0.076904 -10.272242
8296 1444993927.309977 -0.049439 -0.076904 -10.272242
8297 1444993927.317525 -0.049439 -0.076904 -10.272242
8298 1444993927.327764 -0.049439 -0.076904 -10.272242
8299 1444993927.340392 -0.049439 -0.076904 -10.272242
8300 1444993927.350475 -0.049439 -0.076904 -10.272242
8301 1444993927.362500 -0.049439 0.010986 -10.272242
8302 1444993927.372623 -0.049439 0.010986 -10.272242
8303 1444993927.382607 -0.049439 -0.076904 -10.272242
8304 1444993927.392686 -0.049439 -0.076904 -10.272242
8305 1444993927.402566 -0.049439 -0.076904 -10.272242
8306 1444993927.412789 -0.049439 -0.076904 -10.272242
8307 1444993927.422903 -0.049439 -0.076904 -10.272242
8308 1444993927.432889 -0.049439 -0.076904 -10.272242
8309 1444993927.442912 -0.049439 0.010986 -10.272242
8310 1444993927.453034 -0.049439 -0.076904 -10.272242
8311 1444993927.463721 -0.049439 0.010986 -10.272242
8312 1444993927.473776 -0.049439 0.010986 -10.272242
8313 1444993927.483698 -0.049439 0.010986 -10.272242
8314 1444993927.493624 -0.049439 -0.076904 -10.272242
8315 1444993927.503779 -0.049439 -0.076904 -10.272242
8316 1444993927.514101 -0.049439 0.010986 -10.272242
8317 1444993927.524260 -0.049439 -0.076904 -10.272242
8318 1444993927.534250 -0.049439 -0.076904 -10.272242
8319 1444993927.544371 -0.049439 -0.076904 -10.272242
8320 1444993927.554398 -0.049439 -0.076904 -10.272242
8321 1444993927.564582 -0.049439 0.010986 -10.272242
8322 1444993927.574742 -0.049439 -0.076904 -10.272242
8323 1444993927.584664 -0.049439 0.010986 -10.272242
8324 1444993927.594797 -0.049439 -0.076904 -10.272242
8325 1444993927.605282 -0.049439 -0.076904 -10.272242
8326 1444993927.615803 -0.049439 0.010986 -10.272242
8327 1444993927.625854 -0.049439 -0.076904 -10.272242
8328 1444993927.635738 -0.049439 0.010986 -10.272242
8329 1444993927.645740 -0.049439 -0.076904 -10.272242
8330 1444993927.655863 -0.049439 0.010986 -10.272242
8331 1444993927.666724 -0.049439 -0.076904 -10.272242
8332 1444993927.676650 -0.049439 0.010986 -10.272242
8333 1444993927.686397 -0.049439 0.010986 -10.272242
8334 1444993927.696490 0.038452 0.010986 -10.272242
8335 1444993927.706520 -0.049439 0.010986 -10.360133
8336 1444993927.712541 0.038452 -0.076904 -10.272242
8337 1444993927.722474 -0.049439 0.010986 -10.272242
8338 1444993927.732506 -0.049439 0.010986 -10.272242
8339 1444993927.742660 -0.049439 -0.076904 -10.272242
8340 1444993927.752772 -0.049439 0.010986 -10.360133
8341 1444993927.763226 -0.049439 -0.076904 -10.360133
8342 1444993927.773403 -0.049439 0.010986 -10.272242
8343 1444993927.783652 0.038452 0.010986 -10.272242
8344 1444993927.793439 0.038452 -0.076904 -10.272242
8345 1444993927.803631 0.038452 0.010986 -10.360133
8346 1444993927.815042 0.038452 -0.076904 -10.272242
8347 1444993927.824320 0.038452 -0.076904 -10.272242
8348 1444993927.834719 0.038452 -0.076904 -10.360133
8349 1444993927.844480 0.038452 -0.076904 -10.272242
8350 1444993927.855195 0.038452 0.010986 -10.360133
8351 1444993927.865605 0.038452 -0.076904 -10.360133
8352 1444993927.875452 0.038452 0.010986 -10.360133
8353 1444993927.885396 0.038452 0.010986 -10.272242
8354 1444993927.895544 0.038452 -0.076904 -10.272242
8355 1444993927.905587 0.038452 -0.076904 -10.360133
8356 1444993927.915750 0.038452 -0.076904 -10.360133
8357 1444993927.925852 0.038452 -0.076904 -10.360133
8358 1444993927.936026 0.038452 -0.076904 -10.360133
8359 1444993927.946175 0.038452 -0.076904 -10.360133
8360 1444993927.956192 0.038452 0.010986 -10.360133
8361 1444993927.962712 0.038452 0.010986 -10.360133
8362 1444993927.972806 0.038452 0.010986 -10.272242
8363 1444993927.982775 0.038452 0.010986 -10.360133
8364 1444993927.992936 0.038452 0.010986 -10.272242
8365 1444993928.007535 0.038452 0.010986 -10.360133
8366 1444993928.017647 0.038452 0.010986 -10.360133
8367 1444993928.027853 0.038452 -0.076904 -10.360133
8368 1444993928.038040 0.038452 -0.076904 -10.360133
8369 1444993928.047929 0.038452 -0.076904 -10.360133
8370 1444993928.058168 0.038452 -0.076904 -10.360133
8371 1444993928.068549 0.038452 0.010986 -10.360133
8372 1444993928.078637 0.038452 0.010986 -10.360133
8373 1444993928.088763 0.038452 0.010986 -10.360133
8374 1444993928.098753 0.038452 -0.076904 -10.360133
8375 1444993928.108700 0.038452 0.010986 -10.360133
8376 1444993928.119059 0.038452 -0.076904 -10.272242
8377 1444993928.129025 0.038452 -0.076904 -10.360133
8378 1444993928.139127 0.038452 0.010986 -10.360133
8379 1444993928.149516 0.038452 0.010986 -10.360133
8380 1444993928.159666 0.038452 -0.076904 -10.360133
8381 1444993928.170029 0.038452 -0.076904 -10.360133
8382 1444993928.179769 0.038452 0.010986 -10.272242
8383 1444993928.189709 0.038452 -0.076904 -10.360133
8384 1444993928.200109 0.038452 -0.076904 -10.360133
8385 1444993928.210182 0.038452 0.010986 -10.360133
8386 1444993928.217598 0.038452 0.010986 -10.360133
8387 1444993928.227668 0.038452 0.010986 -10.272242
8388 1444993928.240641 0.038452 -0.076904 -10.360133
8389 1444993928.250845 0.038452 0.010986 -10.272242
8390 1444993928.260910 0.038452 0.010986 -10.272242
8391 1444993928.268398 0.038452 -0.076904 -10.360133
8392 1444993928.277935 0.038452 -0.076904 -10.360133
8393 1444993928.287918 0.038452 -0.076904 -10.360133
8394 1444993928.297441 0.038452 0.010986 -10.360133
8395 1444993928.308244 0.038452 0.010986 -10.272242
8396 1444993928.318509 0.038452 0.010986 -10.360133
8397 1444993928.328449 0.038452 0.010986 -10.360133
8398 1444993928.337903 0.038452 -0.076904 -10.360133
8399 1444993928.348626 0.038452 0.010986 -10.272242
8400 1444993928.358774 0.038452 0.010986 -10.360133
8401 1444993928.369452 0.038452 0.010986 -10.360133
8402 1444993928.379480 0.038452 -0.076904 -10.360133
8403 1444993928.389511 0.038452 -0.076904 -10.360133
8404 1444993928.399600 0.038452 0.010986 -10.360133
8405 1444993928.409662 0.038452 0.010986 -10.360133
8406 1444993928.419826 0.038452 -0.076904 -10.360133
8407 1444993928.429897 0.038452 0.010986 -10.360133
8408 1444993928.440038 0.038452 -0.076904 -10.272242
8409 1444993928.450165 0.038452 0.010986 -10.360133
8410 1444993928.460215 0.038452 0.010986 -10.360133
8411 1444993928.470220 0.038452 -0.076904 -10.360133
8412 1444993928.480369 0.038452 -0.076904 -10.360133
8413 1444993928.490713 0.038452 -0.076904 -10.360133
8414 1444993928.500820 0.038452 -0.076904 -10.360133
8415 1444993928.512610 0.038452 -0.076904 -10.360133
8416 1444993928.522648 0.038452 -0.076904 -10.360133
8417 1444993928.531336 0.038452 0.010986 -10.360133
8418 1444993928.541416 0.038452 0.010986 -10.360133
8419 1444993928.552570 0.038452 0.010986 -10.360133
8420 1444993928.563068 0.038452 -0.076904 -10.360133
8421 1444993928.572948 0.038452 0.010986 -10.360133
8422 1444993928.582915 0.038452 -0.076904 -10.360133
8423 1444993928.592903 0.038452 -0.076904 -10.272242
8424 1444993928.603110 0.038452 0.010986 -10.360133
8425 1444993928.613412 0.038452 -0.076904 -10.360133
8426 1444993928.623226 0.038452 0.010986 -10.272242
8427 1444993928.633605 0.038452 0.010986 -10.360133
8428 1444993928.643736 0.038452 0.010986 -10.360133
8429 1444993928.653862 0.038452 0.010986 -10.360133
