7906 1444828663.364542 54.169617 120.076721 -123.901367 1.852112 -0.105286 0.528809
7907 1444828663.374607 54.091675 120.120117 -124.11499 1.82373 -0.099792 0.528229
7908 1444828663.384666 54.169617 120.120117 -124.168396 1.808167 -0.101624 0.525909
7909 1444828663.394727 54.28653 120.250305 -124.328613 1.806335 -0.109863 0.516052
7910 1444828663.404839 54.169617 120.337097 -124.275208 1.79718 -0.113525 0.508514
7911 1444828663.414950 54.28653 120.293701 -124.275208 1.802673 -0.118103 0.496918
7912 1444828663.425029 54.247559 120.380493 -124.275208 1.825562 -0.12085 0.476624
7913 1444828663.435089 54.208588 120.337097 -124.275208 1.839294 -0.12085 0.471985
7914 1444828663.445151 54.364471 120.423889 -124.11499 1.860352 -0.122681 0.458649
7915 1444828663.455214 54.3255 120.423889 -124.328613 1.868591 -0.126343 0.45343
7916 1444828663.465299 54.3255 120.250305 -124.328613 1.875916 -0.136414 0.442993
7917 1444828663.475388 54.247559 120.423889 -124.328613 1.882324 -0.140991 0.439514
7918 1444828663.485450 54.364471 120.423889 -124.328613 1.855774 -0.138245 0.434875
7919 1444828663.495564 54.3255 120.597473 -124.488831 1.853027 -0.141907 0.415741
7920 1444828663.505627 54.3255 120.640869 -124.328613 1.84021 -0.143738 0.413422
7921 1444828663.515702 54.3255 120.727661 -124.275208 1.824646 -0.13916 0.411102
7922 1444828663.525850 54.247559 120.814453 -124.061584 1.829224 -0.145569 0.412842
7923 1444828663.535933 54.247559 120.597473 -124.008179 1.819153 -0.140991 0.422699
7924 1444828663.545997 54.247559 120.684265 -124.275208 1.834717 -0.133667 0.427917
7925 1444828663.556071 54.130646 120.467285 -124.221802 1.832886 -0.138245 0.442993
7926 1444828663.566190 54.442413 120.510681 -124.11499 1.852112 -0.13092 0.444733
7927 1444828663.576267 54.247559 120.554077 -124.328613 1.857605 -0.123596 0.442413
7928 1444828663.586330 54.3255 120.423889 -124.008179 1.854858 -0.110779 0.437775
7929 1444828663.596396 54.364471 120.467285 -124.11499 1.853943 -0.114441 0.428497
7930 1444828663.606457 54.364471 120.684265 -124.168396 1.853027 -0.108032 0.41748
7931 1444828663.616519 54.442413 120.988037 -124.008179 1.837463 -0.115356 0.38327
7932 1444828663.626609 54.598297 121.031433 -124.168396 1.82373 -0.130005 0.342102
7933 1444828663.636657 54.520355 121.378601 -124.595642 1.822815 -0.131836 0.31427
7934 1444828663.646736 54.71521 121.552185 -124.435425 1.827393 -0.129089 0.284119
7935 1444828663.656778 54.793152 121.682373 -124.542236 1.835632 -0.137329 0.24527
7936 1444828663.666835 54.832123 121.942749 -124.435425 1.838379 -0.137329 0.206421
7937 1444828663.677034 54.676239 121.942749 -123.954773 1.851196 -0.122681 0.195404
7938 1444828663.687126 54.871094 122.116333 -124.168396 1.885986 -0.117188 0.13916
7939 1444828663.697195 54.754181 122.420105 -124.008179 1.908875 -0.083313 0.096252
7940 1444828663.707308 54.910065 122.376709 -124.275208 1.906128 -0.098877 0.075378
7941 1444828663.717394 54.832123 122.203125 -124.275208 1.888733 -0.095215 0.078857
7942 1444828663.727455 54.871094 122.420105 -124.275208 1.887817 -0.086975 0.097992
7943 1444828663.737518 54.793152 122.289917 -124.488831 1.872253 -0.075073 0.111908
7944 1444828663.747585 54.71521 122.420105 -124.328613 1.834717 -0.063171 0.134521
7945 1444828663.757647 54.949036 122.420105 -124.595642 1.830139 -0.07782 0.13916
7946 1444828663.767733 54.871094 122.246521 -124.595642 1.809998 -0.080566 0.155396
7947 1444828663.777800 55.026978 122.333313 -124.969482 1.792603 -0.066833 0.162354
7948 1444828663.787861 54.871094 122.420105 -124.862671 1.799011 -0.053101 0.169891
7949 1444828663.797931 54.949036 122.289917 -125.022888 1.807251 -0.043945 0.166992
7950 1444828663.807992 55.026978 122.376709 -125.076294 1.815491 -0.041199 0.163513
7951 1444828663.818053 54.949036 122.246521 -124.595642 1.83197 -0.024719 0.154236
7952 1444828663.828114 54.949036 122.333313 -124.809265 1.845703 -0.031128 0.147278
7953 1444828663.838174 55.026978 122.333313 -124.809265 1.859436 -0.054932 0.131622
7954 1444828663.848266 54.871094 122.506897 -124.916077 1.861267 -0.075989 0.114807
7955 1444828663.858331 54.949036 122.463501 -124.862671 1.863098 -0.099792 0.095093
7956 1444828663.868394 54.793152 122.593689 -124.595642 1.864014 -0.107117 0.084076
7957 1444828663.878456 54.754181 122.463501 -124.809265 1.854858 -0.118103 0.073639
7958 1444828663.888518 54.793152 122.810669 -124.435425 1.851196 -0.113525 0.067261
7959 1444828663.898579 54.754181 122.680481 -124.542236 1.842957 -0.119934 0.057983
7960 1444828663.908644 54.832123 122.767273 -124.542236 1.841125 -0.106201 0.064362
7961 1444828663.918707 54.754181 122.680481 -124.595642 1.84845 -0.082397 0.07132
7962 1444828663.928767 54.832123 122.593689 -124.328613 1.859436 -0.065002 0.091614
7963 1444828663.938829 54.754181 122.420105 -124.168396 1.858521 -0.054932 0.114227
7964 1444828663.948849 54.949036 122.420105 -124.168396 1.865845 -0.052185 0.132782
7965 1444828663.958916 54.832123 122.203125 -124.221802 1.868591 -0.053101 0.147278
7966 1444828663.969021 54.832123 122.203125 -124.168396 1.859436 -0.046692 0.163513
7967 1444828663.979081 55.026978 122.072937 -124.275208 1.846619 -0.058594 0.164673
7968 1444828663.989142 54.71521 122.203125 -124.275208 1.838379 -0.067749 0.172211
7969 1444828663.999230 54.871094 122.289917 -124.168396 1.836548 -0.05127 0.172791
7970 1444828664.009292 54.793152 122.246521 -124.275208 1.821899 -0.056763 0.168152
7971 1444828664.019382 54.871094 122.289917 -124.11499 1.820068 -0.049438 0.162933
7972 1444828664.029444 54.910065 122.420105 -124.382019 1.826477 -0.03479 0.153656
7973 1444828664.039509 54.754181 122.289917 -124.221802 1.828308 -0.048523 0.144379
7974 1444828664.049572 54.754181 122.550293 -124.328613 1.856689 -0.056763 0.126984
7975 1444828664.059634 54.832123 122.246521 -124.11499 1.86676 -0.067749 0.118286
7976 1444828664.069731 54.832123 122.506897 -124.221802 1.877747 -0.062256 0.118286
7977 1444828664.079796 54.793152 122.376709 -124.061584 1.886902 -0.075073 0.109589
7978 1444828664.089859 54.832123 122.463501 -124.275208 1.886902 -0.100708 0.10495
7979 1444828664.099921 54.793152 122.420105 -124.008179 1.880493 -0.094299 0.098572
7980 1444828664.110004 54.832123 122.420105 -124.542236 1.876831 -0.097046 0.089294
7981 1444828664.120066 54.754181 122.550293 -124.11499 1.863098 -0.102539 0.095093
7982 1444828664.130128 54.871094 122.637085 -124.275208 1.849365 -0.084229 0.089294
7983 1444828664.140195 54.910065 122.593689 -124.649048 1.837463 -0.095215 0.094513
7984 1444828664.150256 54.832123 122.463501 -124.595642 1.825562 -0.084229 0.107849
7985 1444828664.160318 54.754181 122.506897 -124.542236 1.828308 -0.065002 0.124084
7986 1444828664.170370 54.754181 122.376709 -124.702454 1.831055 -0.048523 0.147278
7987 1444828664.180430 54.832123 122.289917 -124.542236 1.835632 -0.047607 0.162354
7988 1444828664.190493 54.793152 122.289917 -124.755859 1.837463 -0.042114 0.171051
7989 1444828664.200554 54.910065 122.203125 -124.595642 1.842041 -0.041199 0.179169
7990 1444828664.210616 54.988007 122.159729 -124.702454 1.835632 -0.035706 0.182648
7991 1444828664.220679 54.910065 122.289917 -124.702454 1.838379 -0.04303 0.178009
7992 1444828664.230740 54.832123 122.289917 -124.542236 1.832886 -0.044861 0.169312
7993 1444828664.240801 54.988007 122.376709 -124.595642 1.82373 -0.046692 0.165253
7994 1444828664.250863 54.871094 122.420105 -124.542236 1.827393 -0.06134 0.152496
7995 1444828664.260925 54.910065 122.420105 -124.702454 1.822815 -0.068665 0.13916
7996 1444828664.270988 54.949036 122.333313 -124.595642 1.833801 -0.073242 0.122345
7997 1444828664.281051 54.832123 122.420105 -124.435425 1.844788 -0.075073 0.118866
7998 1444828664.291157 54.871094 122.203125 -124.168396 1.842957 -0.087891 0.107269
7999 1444828664.301224 54.793152 122.506897 -124.328613 1.873169 -0.074158 0.107849
8000 1444828664.311281 54.676239 122.333313 -124.275208 1.873169 -0.076904 0.110168
8001 1444828664.321379 54.793152 122.463501 -124.382019 1.880493 -0.078735 0.109009
8002 1444828664.331440 54.832123 122.333313 -123.901367 1.887817 -0.082397 0.10379
8003 1444828664.341499 54.832123 122.289917 -124.061584 1.872253 -0.08606 0.114227
8004 1444828664.351560 54.793152 122.420105 -124.061584 1.86676 -0.084229 0.121765
8005 1444828664.361620 54.793152 122.420105 -124.061584 1.865845 -0.071411 0.120026
8006 1444828664.371682 54.676239 122.506897 -123.901367 1.850281 -0.066833 0.133942
8007 1444828664.381743 54.832123 122.333313 -124.11499 1.83197 -0.065002 0.153076
8008 1444828664.391806 54.871094 122.333313 -124.221802 1.831055 -0.052185 0.157135
8009 1444828664.401874 54.910065 122.246521 -124.328613 1.835632 -0.038452 0.158295
8010 1444828664.411935 54.949036 122.116333 -124.328613 1.828308 -0.040283 0.172211
8011 1444828664.421998 54.910065 122.159729 -124.328613 1.841125 -0.032959 0.168152
8012 1444828664.432059 54.910065 122.116333 -124.435425 1.847534 -0.029297 0.171631
8013 1444828664.442120 54.754181 122.203125 -124.435425 1.845703 -0.032959 0.177429
8014 1444828664.452181 54.910065 122.203125 -124.221802 1.855774 -0.035706 0.172211
8015 1444828664.462243 54.871094 122.159729 -124.328613 1.853027 -0.05127 0.157715
8016 1444828664.472309 54.793152 122.420105 -124.382019 1.849365 -0.057678 0.148438
8017 1444828664.482370 54.871094 122.420105 -124.488831 1.846619 -0.070496 0.136841
8018 1444828664.492432 54.793152 122.420105 -124.435425 1.847534 -0.071411 0.117126
8019 1444828664.502495 54.832123 122.420105 -124.488831 1.84021 -0.080566 0.112488
8020 1444828664.512556 54.871094 122.463501 -124.488831 1.843872 -0.079651 0.111328
8021 1444828664.522627 54.793152 122.333313 -124.382019 1.845703 -0.07782 0.107269
8022 1444828664.532688 54.793152 122.463501 -124.542236 1.851196 -0.075989 0.113647
8023 1444828664.542736 54.793152 122.376709 -124.702454 1.855774 -0.06958 0.112488
8024 1444828664.552797 54.910065 122.463501 -124.702454 1.865845 -0.064087 0.117706
8025 1444828664.562867 54.832123 122.289917 -124.542236 1.864014 -0.060425 0.128723
8026 1444828664.572929 54.871094 122.333313 -124.488831 1.859436 -0.054016 0.13916
8027 1444828664.583024 54.832123 122.203125 -124.435425 1.853027 -0.043945 0.14032
8028 1444828664.593039 54.793152 122.289917 -124.595642 1.837463 -0.044861 0.146118
8029 1444828664.603109 54.754181 122.246521 -124.328613 1.838379 -0.038452 0.147858
8030 1444828664.613169 54.793152 122.203125 -124.649048 1.82373 -0.039368 0.152496
8031 1444828664.623333 54.793152 122.333313 -124.382019 1.826477 -0.030212 0.160614
8032 1444828664.633394 54.793152 122.159729 -124.382019 1.82373 -0.036621 0.165253
8033 1444828664.643456 54.832123 122.333313 -124.488831 1.831055 -0.027466 0.17511
8034 1444828664.653517 54.871094 122.246521 -124.435425 1.839294 -0.031128 0.168152
8035 1444828664.663578 54.949036 122.203125 -124.488831 1.846619 -0.039368 0.161194
8036 1444828664.673639 54.871094 122.203125 -124.435425 1.853943 -0.039368 0.155396
8037 1444828664.683700 54.832123 122.159729 -124.328613 1.863098 -0.04303 0.150757
8038 1444828664.693761 54.832123 122.246521 -124.168396 1.864014 -0.046692 0.146698
8039 1444828664.703805 54.988007 122.420105 -124.275208 1.864014 -0.054932 0.13858
8040 1444828664.713854 54.988007 122.420105 -124.221802 1.864014 -0.066833 0.120605
8041 1444828664.723907 54.871094 122.420105 -124.435425 1.858521 -0.064087 0.120605
8042 1444828664.733970 55.026978 122.420105 -124.221802 1.858521 -0.075073 0.113647
8043 1444828664.744049 54.754181 122.376709 -124.328613 1.859436 -0.073242 0.108429
8044 1444828664.754111 54.754181 122.420105 -124.221802 1.854858 -0.072327 0.115387
8045 1444828664.764173 54.793152 122.463501 -124.061584 1.859436 -0.060425 0.117126
8046 1444828664.774321 54.71521 122.333313 -124.11499 1.855774 -0.054932 0.122925
8047 1444828664.784357 54.871094 122.376709 -124.221802 1.858521 -0.047607 0.136841
8048 1444828664.794389 54.871094 122.246521 -124.168396 1.859436 -0.04303 0.137421
8049 1444828664.804427 54.910065 122.072937 -124.328613 1.855774 -0.044861 0.154236
8050 1444828664.814493 54.988007 122.289917 -124.275208 1.858521 -0.039368 0.153656
8051 1444828664.824546 54.832123 122.116333 -124.488831 1.844788 -0.037537 0.164093
8052 1444828664.834590 54.871094 122.333313 -124.435425 1.844788 -0.025635 0.169312
8053 1444828664.844650 54.949036 122.203125 -124.435425 1.834717 -0.023804 0.166992
8054 1444828664.854713 54.910065 122.289917 -124.702454 1.830139 -0.033875 0.165253
8055 1444828664.864773 54.71521 122.289917 -124.328613 1.832886 -0.032043 0.162354
8056 1444828664.874836 54.910065 122.376709 -124.382019 1.833801 -0.032959 0.159454
8057 1444828664.884897 54.832123 122.506897 -124.649048 1.847534 -0.041199 0.147278
8058 1444828664.894969 54.832123 122.376709 -124.542236 1.844788 -0.04303 0.149017
8059 1444828664.905031 54.871094 122.289917 -124.542236 1.847534 -0.04303 0.138
8060 1444828664.915119 54.871094 122.420105 -124.595642 1.864929 -0.048523 0.132202
8061 1444828664.925208 54.832123 122.203125 -124.435425 1.861267 -0.053101 0.132202
8062 1444828664.935232 54.910065 122.333313 -124.649048 1.862183 -0.048523 0.132782
8063 1444828664.945251 54.871094 122.289917 -124.542236 1.862183 -0.059509 0.124664
8064 1444828664.955295 54.910065 122.420105 -124.595642 1.864929 -0.055847 0.123505
8065 1444828664.965363 54.871094 122.246521 -124.435425 1.853027 -0.057678 0.122345
8066 1444828664.975427 54.832123 122.376709 -124.328613 1.853027 -0.054932 0.127563
8067 1444828664.985490 54.793152 122.420105 -124.595642 1.851196 -0.048523 0.126984
8068 1444828664.995552 54.71521 122.289917 -124.221802 1.849365 -0.037537 0.133362
8069 1444828665.005614 54.871094 122.289917 -124.328613 1.851196 -0.035706 0.138
8070 1444828665.015694 54.832123 122.203125 -124.221802 1.847534 -0.032959 0.151337
8071 1444828665.025738 54.910065 122.203125 -124.168396 1.851196 -0.02655 0.157135
8072 1444828665.035799 54.793152 122.246521 -124.328613 1.853943 -0.021973 0.166412
8073 1444828665.045907 54.871094 122.116333 -124.275208 1.852112 -0.015564 0.169312
8074 1444828665.055939 54.871094 122.203125 -124.435425 1.852112 -0.023804 0.166412
8075 1444828665.066023 54.910065 122.203125 -124.435425 1.851196 -0.020142 0.161774
8076 1444828665.076086 54.793152 121.986145 -124.328613 1.842957 -0.02655 0.166412
8077 1444828665.086149 54.988007 122.333313 -124.275208 1.854858 -0.022888 0.155396
8078 1444828665.096208 54.910065 122.159729 -124.435425 1.843872 -0.032043 0.153656
8079 1444828665.106271 54.988007 122.289917 -124.328613 1.852112 -0.041199 0.138
8080 1444828665.116359 54.871094 122.333313 -124.382019 1.855774 -0.038452 0.134521
8081 1444828665.126416 54.871094 122.246521 -124.328613 1.853943 -0.04303 0.136261
8082 1444828665.136481 54.910065 122.159729 -124.328613 1.853027 -0.050354 0.138
8083 1444828665.146543 54.988007 122.289917 -124.328613 1.864014 -0.047607 0.132782
8084 1444828665.156605 54.871094 122.246521 -124.275208 1.871338 -0.053101 0.130463
8085 1444828665.166669 54.871094 122.333313 -124.382019 1.865845 -0.044861 0.133942
8086 1444828665.176757 54.949036 122.246521 -124.168396 1.86676 -0.04303 0.133942
8087 1444828665.186817 54.910065 122.420105 -124.382019 1.862183 -0.041199 0.13974
8088 1444828665.196877 54.871094 122.333313 -124.435425 1.854858 -0.042114 0.136261
8089 1444828665.206940 54.871094 122.246521 -124.275208 1.852112 -0.038452 0.144958
8090 1444828665.217017 54.793152 122.246521 -124.488831 1.842041 -0.032043 0.150177
8091 1444828665.227114 54.793152 122.289917 -124.488831 1.845703 -0.030212 0.150177
8092 1444828665.237176 54.832123 122.116333 -124.382019 1.842957 -0.027466 0.160034
8093 1444828665.247244 54.754181 122.246521 -124.435425 1.841125 -0.025635 0.165253
8094 1444828665.257306 54.871094 122.289917 -124.488831 1.845703 -0.02655 0.165253
8095 1444828665.267372 54.988007 122.246521 -124.595642 1.844788 -0.029297 0.166412
8096 1444828665.277399 54.910065 122.246521 -124.488831 1.84845 -0.023804 0.172211
8097 1444828665.287469 54.988007 122.203125 -124.649048 1.846619 -0.030212 0.165833
8098 1444828665.297531 54.910065 122.246521 -124.435425 1.852112 -0.028381 0.160034
8099 1444828665.307592 54.949036 122.289917 -124.382019 1.851196 -0.038452 0.158295
8100 1444828665.317717 54.910065 122.289917 -124.542236 1.853943 -0.047607 0.150757
8101 1444828665.327812 54.949036 122.203125 -124.328613 1.851196 -0.047607 0.148438
8102 1444828665.337873 54.910065 122.376709 -124.435425 1.854858 -0.046692 0.141479
8103 1444828665.347935 54.910065 122.246521 -124.328613 1.850281 -0.054016 0.13858
8104 1444828665.357996 54.910065 122.289917 -124.382019 1.857605 -0.060425 0.129883
8105 1444828665.368109 54.910065 122.289917 -124.435425 1.861267 -0.054016 0.134521
8106 1444828665.378258 54.832123 122.333313 -124.382019 1.860352 -0.052185 0.135681
8107 1444828665.388348 54.832123 122.333313 -124.328613 1.864929 -0.046692 0.141479
8108 1444828665.398428 54.871094 122.246521 -124.435425 1.863098 -0.054932 0.14032
8109 1444828665.408490 54.871094 122.333313 -124.328613 1.861267 -0.048523 0.149017
8110 1444828665.418551 54.832123 122.246521 -124.275208 1.858521 -0.04303 0.148438
8111 1444828665.428611 54.754181 122.333313 -124.221802 1.859436 -0.035706 0.154236
8112 1444828665.438674 54.832123 122.159729 -124.168396 1.851196 -0.036621 0.156555
8113 1444828665.448736 54.871094 122.289917 -124.221802 1.850281 -0.03479 0.160034
8114 1444828665.458797 54.910065 122.289917 -124.435425 1.849365 -0.039368 0.153656
8115 1444828665.468858 54.871094 122.203125 -124.382019 1.847534 -0.037537 0.160614
8116 1444828665.478921 54.793152 122.072937 -124.328613 1.842957 -0.033875 0.165833
8117 1444828665.489008 54.832123 122.116333 -124.435425 1.845703 -0.03479 0.166992
8118 1444828665.499069 54.871094 122.159729 -124.488831 1.850281 -0.037537 0.168732
8119 1444828665.509134 54.871094 122.246521 -124.328613 1.854858 -0.040283 0.162933
8120 1444828665.519196 54.754181 122.203125 -124.168396 1.854858 -0.037537 0.161774
8121 1444828665.529256 54.910065 122.289917 -124.542236 1.860352 -0.046692 0.153656
8122 1444828665.539351 54.871094 122.203125 -124.488831 1.858521 -0.046692 0.147858
8123 1444828665.549385 54.871094 122.289917 -124.382019 1.858521 -0.043945 0.147278
8124 1444828665.559449 54.871094 122.246521 -124.328613 1.857605 -0.049438 0.14032
8125 1444828665.569521 54.910065 122.333313 -124.328613 1.859436 -0.049438 0.136841
8126 1444828665.579583 54.871094 122.246521 -124.328613 1.853027 -0.054932 0.141479
8127 1444828665.589646 54.871094 122.463501 -124.435425 1.856689 -0.052185 0.137421
8128 1444828665.599710 54.910065 122.376709 -124.382019 1.854858 -0.054932 0.135101
8129 1444828665.609771 54.754181 122.246521 -124.382019 1.853943 -0.049438 0.136261
8130 1444828665.619837 54.832123 122.289917 -124.542236 1.862183 -0.066833 0.150177
8131 1444828665.629897 54.793152 122.289917 -124.382019 1.859436 -0.057678 0.155975
8132 1444828665.639960 54.871094 122.072937 -124.542236 1.838379 -0.038452 0.160614
8133 1444828665.650024 54.949036 122.246521 -124.809265 1.841125 -0.038452 0.167572
8134 1444828665.660086 54.988007 122.289917 -124.649048 1.82373 -0.022888 0.170471
8135 1444828665.670169 54.910065 122.116333 -124.755859 1.809998 -0.021973 0.179169
8136 1444828665.680209 54.988007 122.289917 -124.916077 1.825562 -0.015564 0.176849
8137 1444828665.690276 54.988007 122.159729 -125.076294 1.822815 -0.016479 0.184387
8138 1444828665.700378 54.832123 122.246521 -124.649048 1.826477 -0.013733 0.17395
8139 1444828665.710445 55.065948 122.203125 -124.649048 1.847534 -0.031128 0.166412
8140 1444828665.720529 54.949036 122.246521 -124.382019 1.853943 -0.037537 0.162354
8141 1444828665.730602 54.910065 122.116333 -124.328613 1.859436 -0.04303 0.152496
8142 1444828665.740661 54.949036 122.289917 -124.382019 1.870422 -0.062256 0.136841
8143 1444828665.750720 54.910065 122.333313 -124.168396 1.877747 -0.055847 0.133942
8144 1444828665.760797 54.793152 122.333313 -124.008179 1.875916 -0.065002 0.122345
8145 1444828665.770845 54.832123 122.246521 -123.794556 1.874084 -0.068665 0.118286
8146 1444828665.780914 54.793152 122.246521 -123.580933 1.872253 -0.063171 0.111908
8147 1444828665.790975 54.793152 122.376709 -123.74115 1.874084 -0.055847 0.112488
8148 1444828665.801037 54.910065 122.289917 -123.901367 1.868591 -0.057678 0.124664
8149 1444828665.811102 54.910065 122.203125 -123.847961 1.865845 -0.055847 0.125244
8150 1444828665.821167 54.910065 122.203125 -124.061584 1.862183 -0.044861 0.143219
8151 1444828665.831233 54.871094 122.246521 -123.901367 1.862183 -0.031128 0.150757
8152 1444828665.841303 54.754181 122.159729 -123.954773 1.862183 -0.019226 0.159454
8153 1444828665.851369 54.871094 122.116333 -123.901367 1.862183 -0.018311 0.167572
8154 1444828665.861431 54.793152 122.116333 -123.954773 1.859436 -0.021057 0.176849
8155 1444828665.871491 54.793152 121.986145 -124.008179 1.857605 -0.022888 0.181488
8156 1444828665.881532 54.910065 122.116333 -124.168396 1.853027 -0.021057 0.190186
8157 1444828665.891596 54.754181 122.159729 -124.11499 1.850281 -0.022888 0.189026
8158 1444828665.901661 55.026978 122.116333 -124.328613 1.838379 -0.031128 0.176849
8159 1444828665.911723 54.949036 122.289917 -124.542236 1.835632 -0.027466 0.170471
8160 1444828665.921785 54.832123 122.246521 -124.542236 1.833801 -0.020142 0.160034
8161 1444828665.931847 54.832123 122.203125 -124.435425 1.834717 -0.016479 0.160614
8162 1444828665.941912 54.949036 122.289917 -124.595642 1.845703 -0.023804 0.143799
8163 1444828665.951947 54.832123 122.376709 -124.649048 1.84845 -0.030212 0.142639
8164 1444828665.962007 54.949036 122.333313 -124.595642 1.853943 -0.039368 0.137421
8165 1444828665.972074 54.871094 122.376709 -124.702454 1.864014 -0.037537 0.129883
8166 1444828665.982135 54.832123 122.246521 -124.595642 1.862183 -0.055847 0.125824
8167 1444828665.992158 54.793152 122.333313 -124.595642 1.856689 -0.066833 0.128143
8168 1444828666.002204 54.832123 122.420105 -124.542236 1.858521 -0.060425 0.133362
8169 1444828666.012266 54.793152 122.376709 -124.595642 1.851196 -0.055847 0.133362
8170 1444828666.022349 54.871094 122.376709 -124.595642 1.845703 -0.05127 0.13858
8171 1444828666.032390 54.832123 122.289917 -124.809265 1.842041 -0.040283 0.137421
8172 1444828666.042451 54.754181 122.333313 -124.488831 1.842041 -0.025635 0.146118
8173 1444828666.052514 54.754181 122.246521 -124.382019 1.834717 -0.015564 0.161194
8174 1444828666.062573 54.910065 122.376709 -124.435425 1.839294 -0.00824 0.165253
8175 1444828666.072657 54.910065 122.159729 -124.328613 1.843872 -0.00824 0.17453
8176 1444828666.082717 54.793152 122.072937 -124.328613 1.84845 -0.00824 0.183228
8177 1444828666.092777 54.871094 122.203125 -124.221802 1.849365 -0.021057 0.182648
8178 1444828666.102839 54.949036 122.246521 -124.221802 1.853027 -0.027466 0.181488
8179 1444828666.112902 54.832123 122.116333 -124.061584 1.854858 -0.017395 0.183807
8180 1444828666.122964 54.871094 122.159729 -123.901367 1.862183 -0.02655 0.17337
8181 1444828666.133027 54.949036 122.376709 -123.954773 1.855774 -0.031128 0.167572
8182 1444828666.143124 55.14389 122.289917 -124.061584 1.854858 -0.039368 0.153076
8183 1444828666.153187 54.871094 122.203125 -123.901367 1.860352 -0.035706 0.142059
8184 1444828666.163298 54.793152 122.159729 -123.901367 1.86676 -0.027466 0.147858
8185 1444828666.173359 54.910065 122.246521 -123.847961 1.859436 -0.036621 0.149597
8186 1444828666.183419 54.910065 122.246521 -124.008179 1.868591 -0.036621 0.1409
8187 1444828666.193480 54.910065 122.246521 -123.954773 1.874084 -0.042114 0.136261
8188 1444828666.203541 54.793152 122.203125 -124.061584 1.862183 -0.043945 0.13858
8189 1444828666.213588 54.910065 122.289917 -123.954773 1.864014 -0.037537 0.138
8190 1444828666.223651 54.949036 122.203125 -124.008179 1.864014 -0.050354 0.127563
8191 1444828666.233711 54.793152 122.289917 -124.168396 1.859436 -0.044861 0.132202
8192 1444828666.243772 54.832123 122.289917 -124.061584 1.862183 -0.038452 0.13974
8193 1444828666.253841 54.871094 122.203125 -124.221802 1.857605 -0.03479 0.142059
8194 1444828666.263933 54.910065 122.246521 -124.275208 1.854858 -0.027466 0.149597
8195 1444828666.273995 54.949036 122.333313 -124.275208 1.855774 -0.021973 0.152496
8196 1444828666.284057 54.832123 122.246521 -124.488831 1.854858 -0.019226 0.154816
8197 1444828666.294108 54.949036 122.203125 -124.542236 1.846619 -0.020142 0.162933
8198 1444828666.304130 54.949036 122.203125 -124.649048 1.84021 -0.018311 0.164673
8199 1444828666.314195 54.988007 122.289917 -124.649048 1.845703 -0.012817 0.169312
8200 1444828666.324256 54.871094 122.203125 -124.755859 1.835632 -0.018311 0.170471
8201 1444828666.334351 54.832123 122.203125 -124.755859 1.83197 -0.017395 0.172211
8202 1444828666.344374 54.988007 122.246521 -124.702454 1.835632 -0.023804 0.169312
8203 1444828666.354436 54.871094 122.203125 -124.649048 1.837463 -0.016479 0.165253
8204 1444828666.364536 55.026978 122.203125 -124.702454 1.842041 -0.022888 0.160614
8205 1444828666.374597 54.910065 122.246521 -124.702454 1.839294 -0.029297 0.161194
8206 1444828666.384636 54.949036 122.289917 -124.542236 1.839294 -0.024719 0.154816
8207 1444828666.394694 54.832123 122.289917 -124.755859 1.856689 -0.020142 0.146698
8208 1444828666.404762 54.910065 122.159729 -124.542236 1.856689 -0.022888 0.144958
8209 1444828666.414828 54.988007 122.289917 -124.595642 1.854858 -0.027466 0.136841
8210 1444828666.424886 54.832123 122.246521 -124.435425 1.856689 -0.033875 0.133362
8211 1444828666.434930 55.026978 122.203125 -124.542236 1.856689 -0.035706 0.132782
8212 1444828666.445023 54.949036 122.246521 -124.435425 1.860352 -0.040283 0.132782
8213 1444828666.455083 54.988007 122.246521 -124.275208 1.860352 -0.041199 0.135681
8214 1444828666.465145 54.910065 122.376709 -124.168396 1.857605 -0.037537 0.130463
8215 1444828666.475209 55.104919 122.289917 -124.168396 1.86676 -0.04303 0.131042
8216 1444828666.485271 54.949036 122.289917 -124.061584 1.879578 -0.036621 0.138
8217 1444828666.495305 54.871094 122.116333 -124.061584 1.860352 -0.028381 0.149017
8218 1444828666.505356 55.026978 122.159729 -123.954773 1.851196 -0.029297 0.155975
8219 1444828666.515485 54.832123 122.159729 -124.168396 1.851196 -0.007324 0.172791
8220 1444828666.525558 54.871094 122.072937 -124.061584 1.854858 -0.003662 0.177429
8221 1444828666.535619 54.871094 122.159729 -123.954773 1.851196 -0.004578 0.185547
8222 1444828666.545661 54.871094 121.986145 -124.168396 1.842957 -0.010071 0.179749
8223 1444828666.555724 54.871094 122.203125 -124.275208 1.849365 -0.000916 0.188446
8224 1444828666.565855 54.871094 121.986145 -124.328613 1.849365 0.012817 0.186707
8225 1444828666.575895 54.871094 122.203125 -124.755859 1.852112 0.006409 0.178589
8226 1444828666.585957 54.949036 122.289917 -124.435425 1.844788 0.001831 0.160614
8227 1444828666.596020 54.988007 122.246521 -124.168396 1.841125 -0.003662 0.152496
8228 1444828666.606082 55.104919 122.376709 -124.382019 1.849365 -0.003662 0.151337
8229 1444828666.616145 54.949036 122.246521 -124.595642 1.847534 -0.021057 0.146118
8230 1444828666.626207 55.026978 122.420105 -124.702454 1.855774 -0.030212 0.129303
8231 1444828666.636270 54.949036 122.289917 -124.702454 1.857605 -0.042114 0.125244
8232 1444828666.646334 54.910065 122.333313 -124.488831 1.858521 -0.05127 0.127563
8233 1444828666.656396 54.910065 122.203125 -124.382019 1.86676 -0.04303 0.128143
8234 1444828666.666459 54.910065 122.420105 -124.542236 1.86676 -0.033875 0.133942
8235 1444828666.676539 55.104919 122.376709 -124.649048 1.852112 -0.032959 0.130463
8236 1444828666.686600 54.988007 122.463501 -124.862671 1.84845 -0.016479 0.136841
8237 1444828666.696633 54.988007 122.289917 -124.595642 1.850281 -0.005493 0.135681
8238 1444828666.706692 54.988007 122.333313 -124.702454 1.843872 0.002747 0.142059
8239 1444828666.716774 54.949036 122.376709 -124.702454 1.847534 0.006409 0.160614
8240 1444828666.726841 54.871094 122.203125 -124.488831 1.841125 0.010986 0.160614
8241 1444828666.736903 54.910065 122.246521 -124.542236 1.839294 0.004578 0.17337
8242 1444828666.746964 54.910065 122.072937 -124.435425 1.835632 0.007324 0.182068
8243 1444828666.756985 54.871094 122.159729 -124.382019 1.838379 0.009155 0.185547
8244 1444828666.767048 54.949036 122.116333 -124.168396 1.84021 0.003662 0.179749
8245 1444828666.777111 55.026978 122.159729 -124.382019 1.839294 0.013733 0.17337
8246 1444828666.787172 54.910065 122.159729 -124.382019 1.851196 0.021057 0.165253
8247 1444828666.797194 54.988007 122.203125 -124.435425 1.850281 0.029297 0.161774
8248 1444828666.807263 55.104919 122.333313 -124.221802 1.853027 0.031128 0.149017
8249 1444828666.817381 55.026978 122.246521 -124.435425 1.851196 0.020142 0.138
8250 1444828666.827444 55.065948 122.333313 -124.11499 1.853943 0.022888 0.131042
8251 1444828666.837509 54.988007 122.289917 -124.061584 1.864014 0.013733 0.126404
8252 1444828666.847571 54.871094 122.333313 -124.008179 1.862183 0.000916 0.124084
8253 1444828666.857633 55.065948 122.463501 -124.008179 1.86676 -0.007324 0.123505
8254 1444828666.867695 54.988007 122.376709 -124.008179 1.875 -0.005493 0.121765
8255 1444828666.877757 54.949036 122.289917 -123.901367 1.868591 -0.007324 0.129303
8256 1444828666.887821 54.910065 122.289917 -123.794556 1.871338 0.004578 0.126984
8257 1444828666.897885 55.065948 122.420105 -124.061584 1.867676 0.013733 0.128723
8258 1444828666.907954 54.949036 122.246521 -123.901367 1.854858 0.019226 0.135681
8259 1444828666.918056 54.910065 122.289917 -124.061584 1.857605 0.031128 0.143799
8260 1444828666.928168 55.065948 122.289917 -124.221802 1.853943 0.02655 0.147858
8261 1444828666.938239 54.910065 122.203125 -124.221802 1.842957 0.035706 0.157715
8262 1444828666.948304 54.910065 122.203125 -124.435425 1.844788 0.045776 0.158875
8263 1444828666.958490 54.871094 122.116333 -124.328613 1.841125 0.04303 0.164093
8264 1444828666.968569 54.832123 122.159729 -124.382019 1.84021 0.035706 0.17395
8265 1444828666.978623 54.988007 122.246521 -124.702454 1.845703 0.016479 0.17453
8266 1444828666.988661 55.026978 122.246521 -124.755859 1.850281 -0.00824 0.163513
8267 1444828666.998739 54.910065 122.159729 -124.755859 1.857605 -0.013733 0.156555
8268 1444828667.008801 55.026978 122.159729 -125.022888 1.861267 -0.032959 0.150177
8269 1444828667.018870 55.14389 122.506897 -124.916077 1.84845 -0.021973 0.13858
8270 1444828667.028934 54.988007 122.463501 -125.076294 1.81366 0.030212 0.121765
8271 1444828667.039002 55.14389 122.637085 -125.1297 1.801758 0.048523 0.120605
8272 1444828667.049067 55.104919 122.767273 -125.236511 1.796265 0.068665 0.114807
8273 1444828667.059119 55.221832 122.593689 -125.343323 1.796265 0.06958 0.120605
8274 1444828667.069283 55.299774 122.593689 -125.183105 1.808167 0.047607 0.126984
8275 1444828667.079348 55.14389 122.376709 -124.755859 1.824646 0.040283 0.13858
8276 1444828667.089410 54.949036 122.203125 -124.275208 1.859436 0.024719 0.158875
8277 1444828667.099474 55.026978 122.029541 -123.794556 1.882324 -0.003662 0.165253
8278 1444828667.109537 55.026978 121.855957 -123.74115 1.886902 -0.017395 0.178009
8279 1444828667.119622 54.949036 121.855957 -123.260498 1.893311 -0.027466 0.180328
8280 1444828667.129682 54.988007 121.942749 -123.313904 1.898804 -0.021973 0.179169
8281 1444828667.139743 54.910065 122.072937 -123.153687 1.88324 -0.002747 0.169312
8282 1444828667.149807 54.988007 122.333313 -123.313904 1.867676 0.021057 0.160034
8283 1444828667.159870 55.026978 122.203125 -123.313904 1.849365 0.054016 0.141479
8284 1444828667.169940 55.026978 122.333313 -123.634338 1.837463 0.070496 0.134521
8285 1444828667.179997 55.026978 122.333313 -123.580933 1.831055 0.088806 0.135101
8286 1444828667.190058 55.14389 122.463501 -123.794556 1.838379 0.068665 0.133362
8287 1444828667.200121 55.065948 122.506897 -123.687744 1.859436 0.048523 0.135101
8288 1444828667.210187 55.065948 122.203125 -123.580933 1.878662 0.017395 0.136841
8289 1444828667.220253 54.754181 122.072937 -123.580933 1.896057 0.005493 0.150177
8290 1444828667.230316 54.949036 121.986145 -123.527527 1.905212 -0.010986 0.148438
8291 1444828667.240379 54.871094 122.116333 -123.580933 1.907043 -0.024719 0.152496
8292 1444828667.250469 54.910065 122.203125 -123.687744 1.886902 -0.017395 0.142639
8293 1444828667.260522 55.026978 122.376709 -124.061584 1.876831 -0.005493 0.150177
8294 1444828667.270705 54.988007 122.376709 -124.168396 1.853943 0.006409 0.14032
8295 1444828667.280630 55.14389 122.463501 -124.916077 1.818237 0.04303 0.131622
8296 1444828667.290694 54.949036 122.550293 -124.702454 1.814575 0.06134 0.136261
8297 1444828667.300770 55.104919 122.506897 -125.183105 1.79718 0.078735 0.144379
8298 1444828667.310848 55.065948 122.593689 -125.1297 1.807251 0.082397 0.138
8299 1444828667.320964 54.988007 122.420105 -125.076294 1.816406 0.075989 0.151337
8300 1444828667.331026 55.065948 122.246521 -124.969482 1.826477 0.054932 0.163513
8301 1444828667.341196 54.988007 122.203125 -125.1297 1.843872 0.029297 0.178009
8302 1444828667.351300 54.988007 122.159729 -124.916077 1.850281 0.020142 0.179749
8303 1444828667.361370 54.988007 122.246521 -124.969482 1.861267 0.001831 0.176849
8304 1444828667.371419 54.949036 122.159729 -124.862671 1.856689 -0.005493 0.176849
8305 1444828667.381482 54.949036 122.246521 -124.916077 1.843872 0.010071 0.158875
8306 1444828667.391571 54.910065 122.463501 -124.969482 1.835632 0.021057 0.147858
8307 1444828667.401638 55.065948 122.376709 -124.916077 1.818237 0.029297 0.13974
8308 1444828667.411701 55.026978 122.637085 -124.916077 1.819153 0.050354 0.131622
8309 1444828667.421766 55.026978 122.463501 -124.916077 1.814575 0.065002 0.122345
8310 1444828667.431827 55.14389 122.550293 -124.916077 1.818237 0.060425 0.124664
8311 1444828667.441895 55.026978 122.420105 -124.435425 1.841125 0.063171 0.129883
8312 1444828667.451956 55.026978 122.376709 -124.221802 1.860352 0.052185 0.13974
8313 1444828667.462029 54.949036 122.159729 -123.901367 1.882324 0.024719 0.146118
8314 1444828667.472121 54.793152 121.986145 -123.527527 1.893311 0.011902 0.152496
8315 1444828667.482182 54.871094 122.116333 -123.420715 1.891479 0.003662 0.160034
8316 1444828667.492251 54.871094 122.159729 -123.580933 1.887817 0.005493 0.160614
8317 1444828667.502339 54.832123 122.203125 -123.36731 1.875 0.016479 0.153656
8318 1444828667.512401 55.026978 122.203125 -123.687744 1.864929 0.032043 0.147278
8319 1444828667.522463 54.910065 122.333313 -123.474121 1.851196 0.039368 0.147278
8320 1444828667.532551 55.026978 122.420105 -123.634338 1.842041 0.059509 0.146698
8321 1444828667.542613 54.988007 122.420105 -123.74115 1.84021 0.071411 0.149597
8322 1444828667.552676 54.910065 122.203125 -123.74115 1.837463 0.075073 0.155975
8323 1444828667.562738 55.065948 122.333313 -123.634338 1.854858 0.067749 0.157715
8324 1444828667.572897 54.949036 122.159729 -123.74115 1.867676 0.059509 0.164673
8325 1444828667.582960 54.949036 122.029541 -123.74115 1.876831 0.041199 0.170471
8326 1444828667.593028 54.988007 122.116333 -123.901367 1.88324 0.022888 0.165253
8327 1444828667.603126 54.949036 122.029541 -124.008179 1.881409 0.001831 0.157715
8328 1444828667.613189 54.910065 122.116333 -124.221802 1.874084 -0.006409 0.157715
8329 1444828667.623300 55.026978 122.289917 -124.168396 1.857605 0.001831 0.150177
8330 1444828667.633342 55.026978 122.376709 -124.488831 1.844788 0.002747 0.134521
8331 1444828667.643408 54.910065 122.506897 -124.435425 1.834717 0.019226 0.130463
8332 1444828667.653470 55.065948 122.506897 -124.542236 1.82373 0.033875 0.130463
8333 1444828667.663569 54.949036 122.463501 -125.022888 1.817322 0.041199 0.132202
8334 1444828667.673667 55.14389 122.593689 -124.916077 1.828308 0.044861 0.126404
8335 1444828667.683896 55.026978 122.333313 -124.862671 1.828308 0.042114 0.146118
8336 1444828667.693959 55.182861 122.420105 -124.809265 1.842957 0.03479 0.155975
8337 1444828667.704020 55.026978 122.203125 -125.022888 1.851196 0.020142 0.161194
8338 1444828667.714082 55.026978 122.246521 -124.809265 1.853943 0.010986 0.166992
8339 1444828667.724193 54.871094 122.029541 -124.755859 1.849365 0.009155 0.17511
8340 1444828667.734237 54.949036 122.159729 -124.649048 1.852112 0.001831 0.168732
8341 1444828667.744313 54.949036 122.246521 -124.702454 1.842041 0.005493 0.171051
8342 1444828667.754373 54.988007 122.289917 -124.649048 1.83197 0.00824 0.165833
8343 1444828667.764444 55.104919 122.333313 -124.755859 1.824646 0.019226 0.162354
8344 1444828667.774520 55.065948 122.506897 -124.595642 1.82373 0.032043 0.153656
8345 1444828667.784583 55.065948 122.376709 -124.435425 1.82373 0.042114 0.151917
8346 1444828667.794668 55.104919 122.203125 -124.382019 1.829224 0.046692 0.149597
8347 1444828667.804733 55.065948 122.246521 -124.435425 1.841125 0.043945 0.148438
8348 1444828667.814865 54.949036 122.246521 -124.275208 1.856689 0.04303 0.157135
8349 1444828667.824931 54.910065 122.246521 -124.11499 1.872253 0.024719 0.160614
8350 1444828667.835093 54.871094 122.116333 -124.008179 1.875 0.017395 0.166412
8351 1444828667.845155 54.988007 122.116333 -123.580933 1.88324 0.007324 0.158875
8352 1444828667.855224 54.949036 122.333313 -123.687744 1.879578 -0.005493 0.154816
8353 1444828667.865286 54.871094 122.116333 -123.527527 1.86676 -0.001831 0.148438
8354 1444828667.875359 54.949036 122.333313 -123.687744 1.870422 0.005493 0.145538
8355 1444828667.885421 54.988007 122.203125 -123.847961 1.851196 0.004578 0.14032
8356 1444828667.895486 54.988007 122.463501 -123.74115 1.847534 0.018311 0.146698
8357 1444828667.905545 55.026978 122.376709 -123.847961 1.853027 0.028381 0.135101
8358 1444828667.915607 54.949036 122.159729 -124.11499 1.849365 0.031128 0.143219
8359 1444828667.925699 54.949036 122.246521 -123.954773 1.853943 0.046692 0.150757
8360 1444828667.935765 55.065948 122.203125 -124.168396 1.860352 0.044861 0.156555
8361 1444828667.945832 54.949036 121.986145 -123.954773 1.861267 0.032043 0.165833
8362 1444828667.955895 54.910065 122.029541 -124.008179 1.864014 0.028381 0.171631
8363 1444828667.965953 55.026978 122.116333 -124.168396 1.86676 0.021057 0.172791
8364 1444828667.976032 55.065948 122.116333 -124.328613 1.853027 0.00824 0.170471
8365 1444828667.986077 54.949036 122.246521 -124.328613 1.852112 0.013733 0.165833
8366 1444828667.996140 55.065948 122.246521 -124.382019 1.841125 0.016479 0.165253
8367 1444828668.006202 55.065948 122.072937 -124.488831 1.83197 0.013733 0.157135
8368 1444828668.016274 55.104919 122.333313 -124.649048 1.831055 0.022888 0.149017
8369 1444828668.026337 54.871094 122.246521 -124.595642 1.826477 0.032959 0.151917
8370 1444828668.036399 54.910065 122.420105 -124.649048 1.834717 0.039368 0.150757
8371 1444828668.046461 54.910065 122.333313 -124.702454 1.834717 0.035706 0.155396
8372 1444828668.056522 54.988007 122.333313 -124.649048 1.84845 0.033875 0.157135
8373 1444828668.066612 55.065948 122.333313 -124.809265 1.854858 0.027466 0.153076
8374 1444828668.076676 54.910065 122.203125 -124.702454 1.851196 0.021973 0.157135
8375 1444828668.086729 54.949036 122.289917 -124.542236 1.860352 0.020142 0.154816
8376 1444828668.096793 54.871094 122.159729 -124.595642 1.84845 0.004578 0.154816
8377 1444828668.106858 54.949036 122.289917 -124.435425 1.843872 0.010071 0.155975
8378 1444828668.116918 55.065948 122.376709 -124.595642 1.843872 0.013733 0.153656
8379 1444828668.127044 54.988007 122.333313 -124.488831 1.836548 0.023804 0.162354
8380 1444828668.137111 54.910065 122.289917 -124.382019 1.834717 0.031128 0.171051
8381 1444828668.147184 54.949036 122.333313 -124.542236 1.834717 0.040283 0.177429
8382 1444828668.157276 55.065948 122.159729 -124.275208 1.842957 0.048523 0.182648
8383 1444828668.167704 54.949036 122.116333 -124.382019 1.842957 0.058594 0.193665
8384 1444828668.178016 54.949036 122.333313 -124.382019 1.851196 0.049438 0.180328
8385 1444828668.188134 55.065948 122.203125 -124.168396 1.853943 0.03479 0.167572
8386 1444828668.198194 54.949036 122.072937 -124.061584 1.84845 0.021973 0.171631
8387 1444828668.208255 54.949036 122.203125 -123.954773 1.861267 0.024719 0.163513
8388 1444828668.218331 54.871094 122.246521 -123.954773 1.864929 0.00824 0.156555
8389 1444828668.228418 54.871094 122.159729 -123.901367 1.860352 0.017395 0.152496
8390 1444828668.238497 54.832123 122.289917 -124.008179 1.860352 0.012817 0.154236
8391 1444828668.248562 54.910065 122.116333 -123.634338 1.865845 0.014648 0.145538
8392 1444828668.258617 54.949036 122.420105 -123.794556 1.872253 0.023804 0.150757
8393 1444828668.268695 54.949036 122.203125 -123.794556 1.864014 0.025635 0.148438
8394 1444828668.278780 55.026978 122.376709 -123.901367 1.864014 0.032959 0.146118
8395 1444828668.288833 55.065948 122.203125 -123.954773 1.864014 0.041199 0.156555
8396 1444828668.298849 54.832123 121.986145 -123.901367 1.858521 0.032959 0.161194
8397 1444828668.308944 54.949036 122.159729 -123.954773 1.863098 0.029297 0.161194
8398 1444828668.319021 54.949036 122.159729 -124.168396 1.851196 0.02655 0.176849
8399 1444828668.329083 54.793152 122.116333 -124.008179 1.853027 0.025635 0.180908
8400 1444828668.339146 54.949036 122.116333 -124.11499 1.851196 0.02655 0.180328
8401 1444828668.349208 54.871094 122.203125 -124.488831 1.832886 0.024719 0.195984
8402 1444828668.359273 54.793152 122.116333 -124.382019 1.826477 0.04303 0.187286
8403 1444828668.369367 55.104919 122.203125 -124.595642 1.824646 0.040283 0.187286
8404 1444828668.379430 54.910065 122.159729 -124.542236 1.830139 0.053101 0.197723
8405 1444828668.389473 55.14389 122.289917 -124.862671 1.829224 0.056763 0.172211
8406 1444828668.399538 55.260803 122.420105 -124.702454 1.829224 0.059509 0.17395
8407 1444828668.409600 55.026978 122.203125 -124.702454 1.84021 0.05127 0.168732
8408 1444828668.419677 55.221832 122.333313 -124.542236 1.851196 0.050354 0.150757
8409 1444828668.429739 55.065948 122.203125 -124.435425 1.843872 0.050354 0.148438
8410 1444828668.439802 54.832123 122.203125 -124.221802 1.84021 0.03479 0.147278
8411 1444828668.449864 54.988007 122.159729 -123.954773 1.880493 -0.000916 0.13916
8412 1444828668.459951 54.949036 122.246521 -124.328613 1.88324 -0.028381 0.147278
8413 1444828668.470045 55.026978 122.246521 -123.847961 1.88324 -0.036621 0.137421
8414 1444828668.480156 54.793152 122.246521 -123.901367 1.879578 -0.011902 0.149597
8415 1444828668.490251 54.793152 122.072937 -124.061584 1.863098 -0.001831 0.149017
8416 1444828668.500481 54.949036 122.420105 -124.11499 1.865845 0.021973 0.1409
8417 1444828668.510495 55.14389 122.289917 -124.221802 1.843872 0.036621 0.144379
8418 1444828668.520559 54.949036 122.333313 -124.328613 1.835632 0.045776 0.153076
8419 1444828668.530621 55.065948 122.420105 -124.382019 1.842041 0.053101 0.158875
8420 1444828668.540682 54.949036 122.159729 -124.595642 1.836548 0.055847 0.17453
8421 1444828668.550709 54.793152 122.159729 -124.542236 1.836548 0.06134 0.168732
8422 1444828668.560725 55.065948 122.116333 -124.328613 1.834717 0.03479 0.186127
8423 1444828668.570788 54.988007 122.072937 -124.328613 1.838379 0.028381 0.193085
8424 1444828668.580876 54.832123 122.029541 -124.435425 1.84845 0.023804 0.197723
8425 1444828668.590947 54.910065 122.072937 -124.382019 1.849365 0.001831 0.198303
8426 1444828668.601008 54.832123 121.986145 -124.542236 1.842957 -0.001831 0.194824
8427 1444828668.611071 55.104919 122.029541 -124.221802 1.845703 0.006409 0.179169
8428 1444828668.621132 55.104919 122.246521 -124.11499 1.846619 0.016479 0.17395
8429 1444828668.631150 55.104919 122.333313 -124.435425 1.847534 0.029297 0.168732
8430 1444828668.641212 55.065948 122.246521 -124.542236 1.837463 0.033875 0.158295
8431 1444828668.651279 55.221832 122.420105 -124.542236 1.835632 0.032959 0.155396
8432 1444828668.661358 54.910065 122.333313 -124.488831 1.842957 0.032043 0.149017
8433 1444828668.671447 55.026978 122.333313 -124.382019 1.850281 0.020142 0.136261
8434 1444828668.681547 54.910065 122.289917 -124.435425 1.853027 0.003662 0.149597
8435 1444828668.691610 54.949036 122.203125 -124.168396 1.862183 -0.006409 0.147278
8436 1444828668.701673 55.026978 122.333313 -124.11499 1.867676 -0.011902 0.146118
8437 1444828668.711720 54.910065 122.159729 -124.11499 1.871338 -0.012817 0.160034
8438 1444828668.721801 54.871094 122.072937 -124.008179 1.864929 -0.021973 0.154236
8439 1444828668.731861 55.104919 122.289917 -123.954773 1.859436 -0.017395 0.157135
8440 1444828668.741903 54.988007 122.116333 -124.11499 1.850281 0.0 0.167572
8441 1444828668.751964 55.065948 122.246521 -124.11499 1.852112 0.007324 0.159454
8442 1444828668.762028 55.221832 122.246521 -124.275208 1.842041 0.027466 0.17569
8443 1444828668.772092 55.182861 122.116333 -124.328613 1.832886 0.031128 0.17569
8444 1444828668.782156 55.065948 122.289917 -124.168396 1.835632 0.039368 0.17511
8445 1444828668.792216 54.988007 122.289917 -124.168396 1.844788 0.045776 0.188446
8446 1444828668.802279 54.910065 121.986145 -124.275208 1.838379 0.037537 0.187286
8447 1444828668.812342 54.910065 121.986145 -124.275208 1.844788 0.022888 0.195404
8448 1444828668.822404 54.793152 121.986145 -124.275208 1.853027 0.011902 0.186707
8449 1444828668.832469 54.793152 122.072937 -124.221802 1.859436 -0.001831 0.184967
8450 1444828668.842491 54.949036 122.246521 -123.901367 1.864014 -0.006409 0.17453
8451 1444828668.852552 55.026978 122.029541 -123.954773 1.849365 -0.005493 0.17337
8452 1444828668.862612 55.026978 122.376709 -124.061584 1.860352 0.002747 0.158875
8453 1444828668.872674 55.026978 122.333313 -124.275208 1.855774 0.011902 0.149597
8454 1444828668.882724 55.065948 122.289917 -124.221802 1.851196 0.007324 0.143219
8455 1444828668.892786 54.949036 122.376709 -124.221802 1.843872 0.016479 0.143799
8456 1444828668.902848 54.988007 122.376709 -124.061584 1.853027 0.027466 0.144958
8457 1444828668.912911 54.988007 122.333313 -124.328613 1.853027 0.021057 0.144958
8458 1444828668.922981 54.910065 122.289917 -124.275208 1.858521 0.021973 0.153656
8459 1444828668.933045 54.988007 122.116333 -124.275208 1.852112 0.007324 0.158875
8460 1444828668.943104 54.988007 122.289917 -124.008179 1.861267 0.004578 0.166992
8461 1444828668.953164 54.988007 122.203125 -124.11499 1.864014 0.004578 0.166412
8462 1444828668.963193 55.026978 122.159729 -124.221802 1.850281 0.000916 0.178009
8463 1444828668.973256 54.949036 122.159729 -124.061584 1.849365 0.012817 0.177429
8464 1444828668.983287 54.988007 122.246521 -124.275208 1.842041 0.021057 0.178009
8465 1444828668.993349 54.988007 122.159729 -124.168396 1.833801 0.033875 0.179169
8466 1444828669.003413 54.949036 122.159729 -124.168396 1.835632 0.036621 0.182648
8467 1444828669.013478 54.949036 122.376709 -124.275208 1.836548 0.044861 0.17627
8468 1444828669.023540 55.026978 122.246521 -124.328613 1.841125 0.045776 0.17337
8469 1444828669.033605 54.910065 122.246521 -124.328613 1.847534 0.043945 0.181488
8470 1444828669.043667 54.949036 122.116333 -124.328613 1.842957 0.025635 0.170471
8471 1444828669.053763 54.988007 122.289917 -124.11499 1.860352 0.028381 0.17395
8472 1444828669.063859 54.871094 122.029541 -124.061584 1.856689 0.018311 0.17337
8473 1444828669.073944 54.949036 122.289917 -124.061584 1.862183 0.013733 0.166992
8474 1444828669.083984 54.910065 122.159729 -123.901367 1.863098 0.00824 0.165833
8475 1444828669.094054 54.949036 122.246521 -123.954773 1.862183 0.009155 0.160614
8476 1444828669.104121 54.910065 122.246521 -124.275208 1.853027 0.013733 0.155975
8477 1444828669.114190 55.026978 122.289917 -124.061584 1.851196 0.019226 0.149597
8478 1444828669.124332 55.026978 122.289917 -124.275208 1.845703 0.024719 0.151337
8479 1444828669.134395 55.026978 122.203125 -124.221802 1.847534 0.032959 0.147858
8480 1444828669.144459 54.949036 122.333313 -124.382019 1.849365 0.041199 0.153656
8481 1444828669.154521 54.949036 122.029541 -124.328613 1.846619 0.037537 0.158295
8482 1444828669.164599 54.910065 122.246521 -124.328613 1.852112 0.027466 0.161194
8483 1444828669.174660 54.949036 122.203125 -124.275208 1.853027 0.029297 0.157715
8484 1444828669.184722 54.949036 122.116333 -124.11499 1.868591 0.025635 0.160614
8485 1444828669.194784 54.910065 122.159729 -124.061584 1.887817 0.030212 0.162354
8486 1444828669.204830 54.910065 122.203125 -124.061584 1.869507 0.017395 0.166992
8487 1444828669.214892 54.871094 122.159729 -123.901367 1.84021 0.011902 0.169891
8488 1444828669.224976 54.871094 122.116333 -124.061584 1.838379 0.029297 0.179169
8489 1444828669.235039 54.871094 122.289917 -124.435425 1.847534 0.04303 0.182068
8490 1444828669.245101 55.026978 122.203125 -124.382019 1.84021 0.035706 0.17627
8491 1444828669.255165 55.065948 122.159729 -124.221802 1.829224 0.029297 0.17627
8492 1444828669.265340 54.949036 122.159729 -124.382019 1.827393 0.032043 0.182648
8493 1444828669.275459 54.949036 122.159729 -124.595642 1.844788 0.054932 0.189606
8494 1444828669.285520 54.949036 122.159729 -124.755859 1.855774 0.056763 0.184967
8495 1444828669.295600 54.988007 122.203125 -124.702454 1.84845 0.047607 0.178009
8496 1444828669.305664 54.988007 122.072937 -124.221802 1.839294 0.038452 0.171631
8497 1444828669.315836 54.949036 122.246521 -124.328613 1.850281 0.037537 0.166412
8498 1444828669.325882 54.910065 122.159729 -124.435425 1.856689 0.024719 0.154816
8499 1444828669.335952 55.065948 122.376709 -124.702454 1.852112 0.006409 0.150757
8500 1444828669.345980 55.104919 122.203125 -124.702454 1.84021 -0.022888 0.144958
8501 1444828669.356030 55.026978 122.246521 -124.488831 1.847534 -0.020142 0.146698
8502 1444828669.366092 54.910065 122.246521 -124.382019 1.857605 0.005493 0.151917
8503 1444828669.376160 54.871094 122.246521 -124.168396 1.845703 0.010986 0.153076
8504 1444828669.386247 54.910065 122.246521 -124.328613 1.842957 0.02655 0.150177
8505 1444828669.396285 55.065948 122.289917 -124.488831 1.84845 0.038452 0.153076
8506 1444828669.406348 54.988007 122.159729 -124.435425 1.852112 0.048523 0.164673
8507 1444828669.416390 55.065948 122.246521 -124.382019 1.859436 0.054016 0.166412
8508 1444828669.426453 54.988007 122.116333 -124.488831 1.845703 0.030212 0.171051
8509 1444828669.436514 55.065948 122.159729 -124.11499 1.849365 0.029297 0.181488
8510 1444828669.446576 54.910065 122.029541 -124.382019 1.853943 0.019226 0.180328
8511 1444828669.456638 54.910065 122.072937 -124.275208 1.852112 0.013733 0.187866
8512 1444828669.466746 54.910065 121.986145 -124.221802 1.84021 0.007324 0.185547
8513 1444828669.476807 55.065948 122.116333 -124.061584 1.844788 0.001831 0.182648
8514 1444828669.486869 54.910065 122.116333 -124.061584 1.84021 0.00824 0.182648
8515 1444828669.496932 55.104919 122.246521 -124.275208 1.849365 0.016479 0.171051
8516 1444828669.507000 55.14389 122.289917 -124.11499 1.84845 0.031128 0.167572
8517 1444828669.517077 54.988007 122.072937 -124.11499 1.851196 0.038452 0.156555
8518 1444828669.527139 54.949036 122.159729 -124.275208 1.855774 0.029297 0.159454
8519 1444828669.537202 54.910065 122.203125 -124.008179 1.865845 0.024719 0.163513
8520 1444828669.547262 54.988007 122.246521 -124.168396 1.864929 0.013733 0.159454
8521 1444828669.557325 55.026978 122.203125 -124.061584 1.868591 -0.003662 0.151917
8522 1444828669.567351 54.949036 122.203125 -124.275208 1.864929 -0.003662 0.154236
8523 1444828669.577367 54.949036 122.289917 -124.168396 1.865845 -0.010986 0.150757
8524 1444828669.587428 54.988007 122.203125 -123.954773 1.864014 -0.013733 0.154236
8525 1444828669.597496 54.988007 122.246521 -123.954773 1.854858 -0.017395 0.152496
8526 1444828669.607559 54.871094 122.203125 -124.008179 1.845703 -0.010071 0.156555
8527 1444828669.617621 55.065948 122.376709 -124.382019 1.849365 0.009155 0.160614
8528 1444828669.627682 55.065948 122.203125 -124.488831 1.842041 0.013733 0.166412
8529 1444828669.637723 55.182861 122.159729 -124.435425 1.843872 0.023804 0.168152
8530 1444828669.647784 54.949036 122.072937 -124.435425 1.842041 0.028381 0.17627
8531 1444828669.657852 55.14389 122.116333 -124.488831 1.843872 0.031128 0.181488
8532 1444828669.667915 55.065948 122.029541 -124.488831 1.846619 0.028381 0.188446
8533 1444828669.677984 54.910065 122.029541 -124.382019 1.846619 0.027466 0.191345
8534 1444828669.688048 55.026978 122.246521 -124.542236 1.845703 0.019226 0.193665
8535 1444828669.698108 54.988007 122.159729 -124.328613 1.84021 0.015564 0.186707
8536 1444828669.708138 55.026978 122.246521 -124.328613 1.842957 0.010071 0.179749
8537 1444828669.718201 54.988007 122.203125 -124.488831 1.841125 0.010071 0.166992
8538 1444828669.728259 54.910065 122.116333 -124.382019 1.836548 0.005493 0.162933
8539 1444828669.738323 54.949036 122.159729 -124.435425 1.842957 0.005493 0.161194
8540 1444828669.748385 55.026978 122.289917 -124.328613 1.851196 0.015564 0.158875
8541 1444828669.758447 54.988007 122.246521 -124.382019 1.84845 0.016479 0.163513
8542 1444828669.768510 54.949036 122.246521 -124.275208 1.857605 0.015564 0.156555
8543 1444828669.778595 54.988007 122.289917 -124.328613 1.859436 0.010071 0.156555
8544 1444828669.788659 55.104919 122.246521 -124.382019 1.859436 0.014648 0.160034
8545 1444828669.798721 55.065948 122.246521 -124.221802 1.864014 0.018311 0.160614
8546 1444828669.808782 55.065948 122.246521 -124.11499 1.862183 0.014648 0.159454
8547 1444828669.818868 54.910065 122.246521 -124.008179 1.856689 0.013733 0.161774
8548 1444828669.829009 54.949036 122.376709 -124.168396 1.855774 0.006409 0.164093
8549 1444828669.839035 54.949036 122.072937 -124.008179 1.84845 0.010071 0.166992
8550 1444828669.849096 54.871094 122.203125 -124.061584 1.84845 0.015564 0.172211
8551 1444828669.859159 54.910065 122.159729 -124.11499 1.849365 0.018311 0.17453
8552 1444828669.869220 54.871094 122.116333 -124.168396 1.841125 0.024719 0.184387
8553 1444828669.879284 55.065948 122.203125 -124.221802 1.853027 0.035706 0.178009
8554 1444828669.889309 54.910065 122.029541 -124.328613 1.84845 0.042114 0.188446
8555 1444828669.899395 54.988007 122.159729 -124.11499 1.851196 0.050354 0.181488
8556 1444828669.909436 55.065948 122.246521 -124.221802 1.853943 0.054932 0.180328
8557 1444828669.919518 55.026978 122.116333 -124.488831 1.853943 0.03479 0.17453
8558 1444828669.929581 54.949036 122.159729 -124.328613 1.853943 0.027466 0.17627
8559 1444828669.939642 54.949036 122.029541 -124.061584 1.856689 0.021973 0.17337
8560 1444828669.949727 55.065948 122.203125 -124.168396 1.853027 0.012817 0.162933
8561 1444828669.959765 54.949036 122.203125 -124.275208 1.852112 0.006409 0.161774
8562 1444828669.969830 54.754181 122.246521 -124.221802 1.853943 0.013733 0.163513
8563 1444828669.979893 54.949036 122.333313 -124.275208 1.855774 0.014648 0.153076
8564 1444828669.989954 54.871094 122.203125 -124.275208 1.84845 0.009155 0.150757
8565 1444828670.000038 54.910065 122.289917 -124.328613 1.853027 0.027466 0.153656
8566 1444828670.010103 54.988007 122.203125 -124.435425 1.852112 0.031128 0.154816
8567 1444828670.020165 54.988007 122.246521 -124.221802 1.852112 0.031128 0.160034
8568 1444828670.030228 54.949036 122.289917 -124.275208 1.853943 0.040283 0.166992
8569 1444828670.040292 54.910065 122.159729 -124.328613 1.84845 0.03479 0.170471
8570 1444828670.050356 54.949036 122.203125 -124.275208 1.853027 0.031128 0.171051
8571 1444828670.060418 54.988007 122.116333 -124.435425 1.849365 0.027466 0.17337
8572 1444828670.070478 55.026978 122.116333 -124.328613 1.847534 0.022888 0.179749
8573 1444828670.080539 55.026978 122.116333 -124.435425 1.841125 0.018311 0.177429
8574 1444828670.090602 54.910065 122.159729 -124.275208 1.837463 0.02655 0.184967
8575 1444828670.100665 54.910065 122.116333 -124.328613 1.841125 0.036621 0.187286
8576 1444828670.110729 54.949036 122.159729 -124.488831 1.836548 0.035706 0.184387
8577 1444828670.120846 54.910065 122.072937 -124.221802 1.841125 0.044861 0.180908
8578 1444828670.130843 55.026978 122.246521 -124.435425 1.846619 0.045776 0.17627
8579 1444828670.140905 54.949036 122.159729 -124.435425 1.850281 0.039368 0.17337
8580 1444828670.150966 54.988007 122.116333 -124.382019 1.858521 0.038452 0.168732
8581 1444828670.161029 54.871094 122.289917 -124.382019 1.860352 0.033875 0.162354
8582 1444828670.171091 54.988007 122.029541 -124.168396 1.853943 0.021973 0.165253
8583 1444828670.181154 54.949036 122.203125 -124.11499 1.861267 0.021973 0.158295
8584 1444828670.191216 54.832123 122.116333 -124.168396 1.856689 0.014648 0.158295
8585 1444828670.201278 54.910065 122.246521 -124.221802 1.857605 0.013733 0.161774
8586 1444828670.211340 55.026978 122.246521 -124.275208 1.853027 0.005493 0.154236
8587 1444828670.221438 54.910065 122.289917 -124.11499 1.855774 0.021057 0.154816
8588 1444828670.231501 54.871094 122.072937 -124.328613 1.851196 0.021057 0.157135
8589 1444828670.241538 54.988007 122.159729 -124.328613 1.854858 0.02655 0.163513
8590 1444828670.251605 54.910065 122.072937 -124.061584 1.853943 0.038452 0.171051
8591 1444828670.261665 55.065948 122.116333 -124.221802 1.853943 0.030212 0.17337
8592 1444828670.271728 55.065948 122.203125 -124.328613 1.853943 0.036621 0.180328
8593 1444828670.281791 55.104919 122.029541 -124.11499 1.850281 0.033875 0.184387
8594 1444828670.291852 54.949036 122.289917 -124.275208 1.854858 0.031128 0.183228
8595 1444828670.301870 55.026978 122.159729 -124.382019 1.849365 0.021973 0.180908
8596 1444828670.311933 54.949036 122.159729 -124.221802 1.847534 0.02655 0.183807
8597 1444828670.322001 55.026978 122.029541 -124.221802 1.841125 0.019226 0.180328
8598 1444828670.332055 54.988007 122.159729 -124.328613 1.846619 0.020142 0.17627
8599 1444828670.342129 54.871094 122.029541 -124.435425 1.843872 0.022888 0.17569
8600 1444828670.352191 55.026978 122.246521 -124.328613 1.850281 0.020142 0.165833
8601 1444828670.362259 54.871094 122.116333 -124.328613 1.845703 0.020142 0.168732
8602 1444828670.372320 54.988007 122.159729 -124.221802 1.853943 0.030212 0.168152
8603 1444828670.382382 54.949036 122.159729 -124.542236 1.851196 0.028381 0.166412
8604 1444828670.392444 55.104919 122.116333 -124.702454 1.852112 0.009155 0.157135
8605 1444828670.402473 55.026978 122.203125 -124.488831 1.851196 0.011902 0.167572
8606 1444828670.412535 54.988007 122.246521 -124.435425 1.853943 0.012817 0.161774
8607 1444828670.422619 54.910065 122.203125 -124.488831 1.851196 0.005493 0.164093
8608 1444828670.432680 55.104919 122.203125 -124.542236 1.853027 0.000916 0.172211
8609 1444828670.442743 54.871094 121.986145 -124.328613 1.843872 0.005493 0.17511
8610 1444828670.452818 54.988007 122.203125 -124.488831 1.845703 0.003662 0.161774
8611 1444828670.462878 54.871094 122.159729 -124.435425 1.844788 0.012817 0.167572
8612 1444828670.472939 54.988007 122.159729 -124.488831 1.847534 0.014648 0.171051
8613 1444828670.483000 54.949036 122.116333 -124.488831 1.841125 0.018311 0.179749
8614 1444828670.493061 54.988007 122.116333 -124.382019 1.845703 0.028381 0.17395
8615 1444828670.503122 54.949036 122.116333 -124.275208 1.851196 0.025635 0.184967
8616 1444828670.513182 55.14389 122.116333 -124.488831 1.849365 0.021057 0.17627
8617 1444828670.523254 54.910065 122.029541 -124.168396 1.84845 0.021973 0.180328
8618 1444828670.533332 54.988007 122.116333 -124.382019 1.853943 0.024719 0.176849
8619 1444828670.543394 54.910065 122.116333 -124.168396 1.853027 0.020142 0.179749
8620 1444828670.553456 54.988007 122.116333 -124.275208 1.851196 0.015564 0.182648
8621 1444828670.563516 54.832123 122.203125 -124.168396 1.853943 0.016479 0.183228
8622 1444828670.573576 55.065948 122.289917 -124.221802 1.854858 0.013733 0.178009
8623 1444828670.583641 55.065948 122.203125 -124.328613 1.853027 0.010071 0.17337
8624 1444828670.593705 55.065948 122.203125 -124.275208 1.855774 0.014648 0.164673
8625 1444828670.603766 54.949036 122.116333 -124.275208 1.853943 0.021973 0.165253
8626 1444828670.613847 54.910065 122.072937 -124.221802 1.851196 0.020142 0.164093
8627 1444828670.623931 55.026978 122.159729 -124.168396 1.857605 0.016479 0.166412
8628 1444828670.633993 54.910065 122.159729 -124.275208 1.860352 0.021973 0.17337
8629 1444828670.644056 55.026978 122.203125 -124.328613 1.853943 0.017395 0.168732
8630 1444828670.654117 54.949036 122.246521 -124.382019 1.856689 0.021057 0.172791
8631 1444828670.664178 54.910065 122.072937 -124.168396 1.856689 0.015564 0.17511
8632 1444828670.674254 54.988007 122.203125 -124.275208 1.849365 0.014648 0.178009
8633 1444828670.684316 54.988007 122.116333 -124.061584 1.847534 0.024719 0.179749
8634 1444828670.694380 54.988007 122.116333 -124.435425 1.843872 0.017395 0.178009
8635 1444828670.704442 54.910065 122.116333 -124.328613 1.843872 0.019226 0.184967
8636 1444828670.714504 54.988007 122.203125 -124.488831 1.843872 0.028381 0.183228
8637 1444828670.724567 55.026978 122.246521 -124.328613 1.846619 0.027466 0.179169
8638 1444828670.734628 54.988007 122.159729 -124.382019 1.847534 0.032043 0.186707
8639 1444828670.744720 54.832123 122.072937 -124.168396 1.849365 0.041199 0.193085
8640 1444828670.754783 54.988007 122.159729 -124.328613 1.846619 0.043945 0.185547
8641 1444828670.764864 54.988007 122.159729 -124.275208 1.850281 0.030212 0.177429
8642 1444828670.775039 55.065948 122.203125 -124.382019 1.853943 0.027466 0.178009
8643 1444828670.785100 54.871094 122.159729 -124.061584 1.853943 0.023804 0.176849
8644 1444828670.795160 54.949036 122.159729 -124.061584 1.84845 0.027466 0.178009
8645 1444828670.805222 54.871094 122.203125 -124.275208 1.852112 0.019226 0.170471
8646 1444828670.815334 54.949036 122.116333 -124.275208 1.851196 0.019226 0.162933
8647 1444828670.825396 54.910065 122.246521 -124.382019 1.853027 0.021973 0.166992
8648 1444828670.835456 54.949036 121.986145 -124.11499 1.84845 0.029297 0.169891
8649 1444828670.845515 55.065948 122.116333 -124.11499 1.850281 0.025635 0.172211
8650 1444828670.855575 54.949036 122.203125 -124.221802 1.856689 0.031128 0.170471
8651 1444828670.865651 54.988007 122.159729 -124.061584 1.856689 0.036621 0.177429
8652 1444828670.875698 54.949036 122.116333 -124.11499 1.853943 0.032959 0.178009
8653 1444828670.885758 54.988007 122.246521 -124.11499 1.859436 0.043945 0.17453
8654 1444828670.895992 54.949036 122.159729 -124.168396 1.853943 0.035706 0.179749
8655 1444828670.906053 54.988007 122.116333 -124.221802 1.854858 0.036621 0.17569
8656 1444828670.916136 54.832123 122.029541 -124.008179 1.852112 0.029297 0.17627
8657 1444828670.926197 54.871094 122.072937 -124.275208 1.846619 0.029297 0.183228
8658 1444828670.936252 54.988007 122.203125 -124.11499 1.847534 0.03479 0.180908
8659 1444828670.946316 54.871094 122.159729 -124.221802 1.850281 0.035706 0.179749
8660 1444828670.956378 54.988007 122.159729 -124.221802 1.849365 0.03479 0.182068
8661 1444828670.966438 54.910065 122.029541 -124.221802 1.846619 0.040283 0.179169
8662 1444828670.976468 54.910065 122.159729 -124.168396 1.855774 0.04303 0.179169
8663 1444828670.986527 54.988007 122.029541 -124.275208 1.849365 0.035706 0.182068
8664 1444828670.996544 54.988007 122.072937 -124.328613 1.84845 0.033875 0.182648
8665 1444828671.006606 54.910065 122.159729 -124.168396 1.854858 0.032043 0.186707
8666 1444828671.016736 54.949036 122.203125 -124.328613 1.855774 0.032959 0.186707
8667 1444828671.026799 54.988007 122.116333 -124.382019 1.837463 0.014648 0.187286
8668 1444828671.036866 55.026978 122.203125 -124.488831 1.832886 0.028381 0.190186
8669 1444828671.046914 54.949036 122.029541 -124.702454 1.836548 0.025635 0.189026
8670 1444828671.056978 54.949036 122.333313 -124.702454 1.842041 0.032043 0.187866
8671 1444828671.067055 55.026978 122.072937 -124.542236 1.836548 0.032959 0.179749
8672 1444828671.077098 55.026978 122.289917 -124.382019 1.844788 0.027466 0.17337
8673 1444828671.087158 55.026978 122.203125 -124.488831 1.857605 0.043945 0.166992
8674 1444828671.097227 54.949036 122.116333 -124.435425 1.856689 0.027466 0.169312
8675 1444828671.107318 55.065948 122.333313 -124.221802 1.856689 0.02655 0.154816
8676 1444828671.117381 55.026978 122.203125 -124.328613 1.854858 0.018311 0.154236
8677 1444828671.127449 54.949036 122.116333 -123.954773 1.858521 0.00824 0.158295
8678 1444828671.137510 54.832123 122.203125 -124.061584 1.861267 0.010071 0.160034
8679 1444828671.147569 54.910065 122.203125 -123.794556 1.859436 -0.000916 0.169891
8680 1444828671.157627 54.871094 122.072937 -123.901367 1.855774 0.001831 0.177429
8681 1444828671.167689 54.910065 122.116333 -123.901367 1.853943 0.004578 0.181488
8682 1444828671.177753 54.871094 122.159729 -123.954773 1.862183 0.021057 0.191925
8683 1444828671.187814 54.949036 122.029541 -124.061584 1.855774 0.036621 0.198303
8684 1444828671.197831 55.065948 121.986145 -124.11499 1.84021 0.036621 0.190765
8685 1444828671.207895 55.065948 122.289917 -124.11499 1.842957 0.041199 0.172211
8686 1444828671.217975 55.14389 122.289917 -123.954773 1.843872 0.020142 0.147278
8687 1444828671.228036 55.104919 122.376709 -123.794556 1.846619 0.010071 0.131622
8688 1444828671.238099 54.910065 122.203125 -123.794556 1.846619 0.006409 0.145538
8689 1444828671.248166 54.988007 121.942749 -123.74115 1.874084 0.010071 0.169312
8690 1444828671.258226 54.793152 121.942749 -123.580933 1.907959 0.025635 0.190765
8691 1444828671.268325 54.949036 121.769165 -123.794556 1.902466 0.020142 0.213379
8692 1444828671.278379 54.949036 121.682373 -123.794556 1.895142 0.017395 0.218018
8693 1444828671.288440 54.871094 121.638977 -124.061584 1.864929 0.036621 0.233093
8694 1444828671.298459 55.026978 121.942749 -124.221802 1.851196 0.046692 0.223816
8695 1444828671.308520 55.026978 121.986145 -124.542236 1.821899 0.056763 0.216858
8696 1444828671.318583 55.104919 122.246521 -124.702454 1.792603 0.060425 0.204681
8697 1444828671.328630 55.14389 122.289917 -124.755859 1.786194 0.055847 0.191925
8698 1444828671.338698 55.065948 122.333313 -124.862671 1.787109 0.048523 0.190186
8699 1444828671.348818 55.065948 122.246521 -124.916077 1.803589 0.038452 0.193085
8700 1444828671.358885 55.065948 122.159729 -124.702454 1.818237 0.022888 0.186127
8701 1444828671.368953 55.065948 122.159729 -124.809265 1.843872 0.010986 0.186127
8702 1444828671.379015 54.988007 122.072937 -124.649048 1.871338 0.002747 0.185547
8703 1444828671.389077 54.832123 122.029541 -124.595642 1.886902 0.010071 0.182068
8704 1444828671.399138 55.026978 122.116333 -124.755859 1.885071 0.003662 0.170471
8705 1444828671.409204 54.832123 122.289917 -124.702454 1.884155 0.005493 0.160614
8706 1444828671.419320 55.065948 122.203125 -124.702454 1.872253 0.011902 0.153656
8707 1444828671.429362 55.026978 122.289917 -124.595642 1.852112 0.002747 0.141479
8708 1444828671.439428 55.065948 122.593689 -124.595642 1.836548 0.00824 0.134521
8709 1444828671.449488 54.988007 122.289917 -124.702454 1.819153 0.012817 0.138
8710 1444828671.459550 55.065948 122.463501 -124.488831 1.815491 0.014648 0.151917
8711 1444828671.469611 55.104919 122.289917 -124.435425 1.825562 0.016479 0.154236
8712 1444828671.479625 54.910065 122.203125 -124.435425 1.836548 0.021057 0.183228
8713 1444828671.489688 54.988007 122.072937 -124.008179 1.850281 0.040283 0.204102
8714 1444828671.499750 54.910065 121.725769 -123.901367 1.86676 0.040283 0.226715
8715 1444828671.509812 54.949036 121.812561 -123.847961 1.876831 0.047607 0.237152
8716 1444828671.519873 54.832123 121.595581 -123.954773 1.875 0.053101 0.232513
8717 1444828671.529945 54.871094 121.769165 -123.847961 1.865845 0.054932 0.227875
8718 1444828671.540025 54.988007 121.986145 -123.847961 1.846619 0.043945 0.219177
8719 1444828671.550114 54.832123 122.072937 -123.901367 1.841125 0.05127 0.201202
8720 1444828671.560177 55.065948 122.072937 -124.061584 1.834717 0.045776 0.204102
8721 1444828671.570266 55.026978 122.246521 -124.061584 1.825562 0.038452 0.172791
8722 1444828671.580322 54.949036 122.289917 -124.008179 1.828308 0.025635 0.161774
8723 1444828671.590405 55.026978 122.203125 -124.061584 1.83197 0.019226 0.162354
8724 1444828671.600479 54.949036 122.203125 -124.11499 1.850281 0.016479 0.157715
8725 1444828671.610540 54.949036 122.159729 -124.168396 1.875 0.013733 0.157135
8726 1444828671.620612 54.988007 121.986145 -124.008179 1.877747 0.001831 0.160614
8727 1444828671.630682 54.871094 122.029541 -123.954773 1.896057 0.003662 0.161774
8728 1444828671.640763 54.910065 121.942749 -123.954773 1.896057 0.010986 0.161194
8729 1444828671.650865 54.910065 122.029541 -124.221802 1.889648 0.005493 0.161774
8730 1444828671.661033 54.910065 122.072937 -124.328613 1.869507 0.009155 0.168732
8731 1444828671.671094 55.026978 122.029541 -124.328613 1.849365 0.022888 0.166992
8732 1444828671.681158 54.949036 122.289917 -124.702454 1.838379 0.022888 0.169312
8733 1444828671.691253 54.910065 122.289917 -124.862671 1.821899 0.032043 0.17453
8734 1444828671.701347 55.026978 122.289917 -124.862671 1.807251 0.035706 0.177429
8735 1444828671.711470 54.988007 122.246521 -124.809265 1.807251 0.042114 0.192505
8736 1444828671.721555 55.026978 122.203125 -124.755859 1.816406 0.050354 0.197723
8737 1444828671.731621 54.988007 122.029541 -124.809265 1.828308 0.044861 0.207581
8738 1444828671.741686 54.871094 121.855957 -124.755859 1.84021 0.049438 0.219177
8739 1444828671.751746 54.949036 121.899353 -124.542236 1.849365 0.040283 0.218018
8740 1444828671.761809 54.754181 121.769165 -124.595642 1.853943 0.04303 0.223236
8741 1444828671.771889 55.026978 121.899353 -124.595642 1.859436 0.043945 0.216278
8742 1444828671.781960 55.026978 121.986145 -124.702454 1.846619 0.035706 0.201202
8743 1444828671.792037 55.104919 122.116333 -124.328613 1.836548 0.024719 0.183228
8744 1444828671.802101 55.065948 122.420105 -124.649048 1.841125 0.032043 0.158295
8745 1444828671.812164 54.949036 122.246521 -124.542236 1.832886 0.015564 0.153076
8746 1444828671.822302 55.026978 122.376709 -124.328613 1.833801 0.020142 0.144958
8747 1444828671.832342 54.910065 122.246521 -124.328613 1.842957 0.004578 0.146118
8748 1444828671.842406 55.14389 122.203125 -124.328613 1.853027 0.001831 0.153076
8749 1444828671.852468 54.988007 122.159729 -124.221802 1.870422 -0.000916 0.158295
8750 1444828671.862505 54.949036 121.855957 -123.954773 1.876831 -0.001831 0.171051
8751 1444828671.872568 54.832123 121.899353 -124.11499 1.875916 0.007324 0.192505
8752 1444828671.882631 54.871094 121.812561 -123.847961 1.88324 0.015564 0.193665
8753 1444828671.892679 55.026978 121.986145 -124.168396 1.874084 0.025635 0.189606
8754 1444828671.902747 54.910065 121.899353 -124.11499 1.859436 0.029297 0.197723
8755 1444828671.912805 54.949036 122.029541 -124.008179 1.84845 0.043945 0.196564
8756 1444828671.922890 54.949036 122.029541 -124.168396 1.827393 0.046692 0.198303
8757 1444828671.932955 54.793152 121.986145 -124.11499 1.826477 0.048523 0.200623
8758 1444828671.943040 54.832123 122.029541 -124.061584 1.824646 0.045776 0.20816
8759 1444828671.953119 54.871094 121.942749 -124.168396 1.821899 0.031128 0.223816
8760 1444828671.963182 54.832123 121.899353 -123.847961 1.84021 0.02655 0.248169
8761 1444828671.973339 54.832123 121.682373 -124.11499 1.850281 0.017395 0.258026
8762 1444828671.983533 54.793152 121.595581 -124.008179 1.853943 0.010071 0.263824
8763 1444828671.993679 54.949036 121.725769 -124.168396 1.864929 0.010071 0.252808
8764 1444828672.003785 54.871094 121.595581 -124.11499 1.860352 0.014648 0.246429
8765 1444828672.013847 54.988007 121.682373 -124.168396 1.862183 0.014648 0.226135
8766 1444828672.023917 54.832123 121.986145 -124.275208 1.860352 0.015564 0.215118
8767 1444828672.034036 54.949036 121.899353 -124.168396 1.842957 0.00824 0.200623
8768 1444828672.044153 55.026978 122.072937 -124.382019 1.861267 0.009155 0.189606
8769 1444828672.054256 54.793152 122.116333 -124.221802 1.864929 -0.005493 0.186707
8770 1444828672.064439 54.793152 122.072937 -124.382019 1.842957 -0.003662 0.193085
8771 1444828672.074593 54.793152 121.899353 -124.382019 1.831055 -0.018311 0.199463
8772 1444828672.084774 54.793152 121.855957 -124.328613 1.853027 -0.004578 0.233673
8773 1444828672.094901 54.71521 121.682373 -124.435425 1.850281 -0.004578 0.231934
8774 1444828672.104974 54.910065 121.682373 -124.435425 1.857605 -0.00824 0.241791
8775 1444828672.115072 54.793152 121.552185 -124.382019 1.84021 -0.010986 0.266144
8776 1444828672.125800 54.871094 121.682373 -124.328613 1.842041 0.024719 0.27948
8777 1444828672.135935 54.793152 121.552185 -124.649048 1.844788 0.05127 0.284119
8778 1444828672.146001 54.949036 121.595581 -124.595642 1.837463 0.058594 0.276001
