2359 1444830516.680856 0.038452 0.010986 -10.008569
2360 1444830516.691070 0.038452 0.010986 -10.008569
2361 1444830516.701043 -0.049439 0.010986 -10.008569
2362 1444830516.711034 0.038452 0.010986 -10.008569
2363 1444830516.721082 0.038452 0.010986 -10.008569
2364 1444830516.728440 0.038452 0.010986 -10.008569
2365 1444830516.741395 -0.049439 0.010986 -10.008569
2366 1444830516.751586 0.038452 0.010986 -10.008569
2367 1444830516.761568 0.038452 0.010986 -10.008569
2368 1444830516.771974 0.038452 0.010986 -10.008569
2369 1444830516.781987 0.038452 0.010986 -10.008569
2370 1444830516.788074 0.038452 0.010986 -10.008569
2371 1444830516.799026 -0.049439 0.010986 -10.008569
2372 1444830516.808949 0.038452 0.010986 -10.008569
2373 1444830516.823117 -0.049439 0.010986 -10.008569
2374 1444830516.828189 -0.049439 0.010986 -10.008569
2375 1444830516.838655 0.038452 0.010986 -10.008569
2376 1444830516.848903 -0.049439 0.010986 -10.008569
2377 1444830516.858883 -0.049439 0.010986 -10.008569
2378 1444830516.873461 -0.049439 0.010986 -10.008569
2379 1444830516.883313 0.038452 0.010986 -10.008569
2380 1444830516.889125 0.038452 0.010986 -9.920679
2381 1444830516.898671 0.038452 0.010986 -10.008569
2382 1444830516.908509 -0.049439 0.010986 -10.008569
2383 1444830516.918953 0.038452 0.010986 -10.008569
2384 1444830516.929228 -0.049439 0.010986 -10.008569
2385 1444830516.939410 -0.049439 0.010986 -10.008569
2386 1444830516.954102 -0.049439 0.010986 -10.008569
2387 1444830516.959694 -0.049439 0.010986 -10.008569
2388 1444830516.969755 -0.049439 0.010986 -10.008569
2389 1444830516.980000 -0.049439 0.010986 -10.008569
2390 1444830516.994517 0.038452 0.010986 -10.008569
2391 1444830517.003457 0.038452 0.010986 -10.008569
2392 1444830517.011539 0.038452 0.010986 -10.008569
2393 1444830517.020636 -0.049439 0.010986 -10.008569
2394 1444830517.031175 -0.049439 0.010986 -10.008569
2395 1444830517.041960 -0.049439 0.010986 -10.008569
2396 1444830517.053459 0.038452 0.010986 -10.008569
2397 1444830517.058868 0.038452 0.010986 -10.008569
2398 1444830517.068506 -0.049439 0.010986 -10.008569
2399 1444830517.078639 0.038452 0.010986 -10.008569
2400 1444830517.088522 -0.049439 0.010986 -10.008569
2401 1444830517.103414 -0.049439 0.010986 -10.008569
2402 1444830517.113263 -0.049439 0.010986 -10.008569
2403 1444830517.123665 -0.049439 0.010986 -10.008569
2404 1444830517.133369 -0.049439 0.010986 -10.008569
2405 1444830517.143647 0.038452 0.010986 -10.008569
2406 1444830517.153869 -0.049439 0.010986 -10.008569
2407 1444830517.163750 0.038452 0.010986 -10.008569
2408 1444830517.173916 0.038452 0.010986 -10.008569
2409 1444830517.183976 -0.049439 0.010986 -9.920679
2410 1444830517.194226 0.038452 0.010986 -10.008569
2411 1444830517.204213 0.038452 0.010986 -10.008569
2412 1444830517.214533 -0.049439 0.010986 -10.008569
2413 1444830517.224722 0.038452 0.010986 -10.008569
2414 1444830517.234839 -0.049439 0.010986 -10.008569
2415 1444830517.244970 -0.049439 0.010986 -10.008569
2416 1444830517.255084 -0.049439 0.010986 -10.008569
2417 1444830517.265321 -0.049439 0.010986 -10.008569
2418 1444830517.275590 -0.049439 0.010986 -9.920679
2419 1444830517.285704 0.038452 0.010986 -10.008569
2420 1444830517.295852 -0.049439 0.010986 -10.008569
2421 1444830517.303666 0.038452 0.010986 -10.008569
2422 1444830517.316034 -0.049439 0.010986 -10.008569
2423 1444830517.326238 0.038452 0.010986 -10.008569
2424 1444830517.336254 -0.049439 0.010986 -10.008569
2425 1444830517.346346 0.038452 0.010986 -10.008569
2426 1444830517.353885 0.038452 0.010986 -10.008569
2427 1444830517.363889 0.038452 0.010986 -10.008569
2428 1444830517.376683 -0.049439 0.010986 -10.008569
2429 1444830517.386818 -0.049439 0.010986 -10.008569
2430 1444830517.396994 -0.049439 0.010986 -10.008569
2431 1444830517.407158 0.038452 0.010986 -10.008569
2432 1444830517.417253 -0.049439 0.010986 -10.008569
2433 1444830517.424377 0.038452 0.010986 -10.008569
2434 1444830517.434279 -0.049439 0.010986 -10.008569
2435 1444830517.444292 -0.049439 0.010986 -10.008569
2436 1444830517.454536 0.038452 0.010986 -10.008569
2437 1444830517.464550 -0.049439 0.010986 -10.008569
2438 1444830517.474480 0.038452 0.010986 -10.008569
2439 1444830517.483993 0.038452 0.010986 -10.008569
2440 1444830517.494625 -0.049439 0.010986 -10.008569
2441 1444830517.504922 0.038452 0.010986 -10.008569
2442 1444830517.514903 0.038452 0.010986 -10.008569
2443 1444830517.525677 -0.049439 0.010986 -10.008569
2444 1444830517.535206 -0.049439 0.010986 -10.008569
2445 1444830517.545196 -0.049439 0.010986 -10.008569
2446 1444830517.553174 0.038452 0.010986 -10.008569
2447 1444830517.563184 0.038452 0.010986 -10.008569
2448 1444830517.575519 -0.049439 0.010986 -10.008569
2449 1444830517.585715 -0.049439 0.010986 -10.008569
2450 1444830517.595892 0.038452 0.010986 -10.008569
2451 1444830517.602974 -0.049439 0.010986 -10.008569
2452 1444830517.613353 -0.049439 0.010986 -10.008569
2453 1444830517.626265 0.038452 0.010986 -10.008569
2454 1444830517.636544 -0.049439 0.010986 -10.008569
2455 1444830517.646737 0.038452 0.010986 -10.008569
2456 1444830517.653532 0.038452 0.010986 -10.008569
2457 1444830517.667978 0.038452 0.010986 -10.008569
2458 1444830517.678120 0.038452 0.010986 -10.008569
2459 1444830517.688231 0.038452 0.010986 -10.008569
2460 1444830517.698433 0.038452 0.010986 -10.008569
2461 1444830517.708200 -0.049439 0.010986 -10.008569
2462 1444830517.718624 -0.049439 0.010986 -10.008569
2463 1444830517.728661 0.038452 0.010986 -10.008569
2464 1444830517.738940 -0.049439 0.010986 -10.008569
2465 1444830517.749098 -0.049439 0.010986 -10.008569
2466 1444830517.759084 0.038452 0.010986 -10.008569
2467 1444830517.769278 -0.049439 0.010986 -10.008569
2468 1444830517.779415 0.038452 0.010986 -10.008569
2469 1444830517.789490 0.038452 0.010986 -10.008569
2470 1444830517.799827 0.038452 0.010986 -10.008569
2471 1444830517.809847 -0.049439 0.010986 -10.008569
2472 1444830517.819866 0.038452 0.010986 -10.008569
2473 1444830517.829937 -0.049439 0.010986 -10.008569
2474 1444830517.840074 0.038452 0.010986 -10.008569
2475 1444830517.850216 0.038452 0.010986 -10.008569
2476 1444830517.860006 -0.049439 0.010986 -10.008569
2477 1444830517.870081 0.038452 0.010986 -10.008569
2478 1444830517.880168 0.038452 0.010986 -10.008569
2479 1444830517.890229 0.038452 0.010986 -10.008569
2480 1444830517.900405 0.038452 0.010986 -10.008569
2481 1444830517.908815 -0.049439 0.010986 -10.008569
2482 1444830517.920542 0.038452 0.010986 -10.008569
2483 1444830517.928435 -0.049439 0.010986 -10.008569
2484 1444830517.938043 0.038452 0.010986 -10.008569
2485 1444830517.948482 0.038452 0.010986 -10.008569
2486 1444830517.957992 0.038452 0.010986 -10.008569
2487 1444830517.971498 -0.049439 0.010986 -10.008569
2488 1444830517.978114 -0.049439 0.010986 -10.008569
2489 1444830517.988373 -0.049439 0.010986 -10.008569
2490 1444830517.998549 0.038452 0.010986 -10.008569
2491 1444830518.008264 -0.049439 0.010986 -10.008569
2492 1444830518.018604 0.038452 0.010986 -10.008569
2493 1444830518.028979 0.038452 0.010986 -10.008569
2494 1444830518.039223 -0.049439 0.010986 -10.008569
2495 1444830518.049485 0.038452 0.010986 -10.008569
2496 1444830518.059610 -0.049439 0.010986 -10.008569
2497 1444830518.069538 0.038452 0.010986 -10.008569
2498 1444830518.079646 0.038452 0.010986 -10.008569
2499 1444830518.089794 0.038452 0.010986 -10.008569
2500 1444830518.100059 -0.049439 0.010986 -10.008569
2501 1444830518.109998 -0.049439 0.010986 -10.008569
2502 1444830518.120054 0.038452 0.010986 -10.008569
2503 1444830518.130132 -0.049439 0.010986 -10.008569
2504 1444830518.140373 -0.049439 0.010986 -10.008569
2505 1444830518.150586 -0.049439 0.010986 -10.008569
2506 1444830518.160693 0.038452 0.010986 -10.008569
2507 1444830518.170797 -0.049439 0.010986 -10.008569
2508 1444830518.180919 0.038452 0.010986 -10.008569
2509 1444830518.191047 0.038452 0.010986 -10.008569
2510 1444830518.201211 -0.049439 0.010986 -10.008569
2511 1444830518.211256 0.038452 0.010986 -10.008569
2512 1444830518.221496 -0.049439 0.010986 -10.008569
2513 1444830518.231706 -0.049439 0.010986 -10.008569
2514 1444830518.241807 -0.049439 0.010986 -10.008569
2515 1444830518.251885 0.038452 0.010986 -10.008569
2516 1444830518.259432 0.038452 0.010986 -10.008569
2517 1444830518.269545 0.038452 0.010986 -10.008569
2518 1444830518.278335 0.038452 0.010986 -10.008569
2519 1444830518.292951 -0.049439 0.010986 -10.008569
2520 1444830518.303148 0.038452 0.010986 -10.008569
2521 1444830518.313024 0.038452 0.010986 -10.008569
2522 1444830518.323227 -0.049439 0.010986 -10.008569
2523 1444830518.333402 0.038452 0.010986 -10.008569
2524 1444830518.343626 0.038452 0.010986 -10.008569
2525 1444830518.353325 0.038452 0.010986 -10.008569
2526 1444830518.363434 -0.049439 0.010986 -10.008569
2527 1444830518.373898 -0.049439 0.010986 -10.008569
2528 1444830518.383874 0.038452 0.010986 -10.008569
2529 1444830518.394028 0.038452 0.010986 -10.008569
2530 1444830518.403942 0.038452 0.010986 -10.008569
2531 1444830518.414204 -0.049439 0.010986 -10.008569
2532 1444830518.424602 -0.049439 0.010986 -10.008569
2533 1444830518.434455 -0.049439 0.010986 -10.008569
2534 1444830518.444686 0.038452 0.010986 -10.008569
2535 1444830518.454652 0.038452 0.010986 -10.008569
2536 1444830518.464806 0.038452 0.010986 -10.008569
2537 1444830518.471079 -0.049439 0.010986 -10.008569
2538 1444830518.480864 -0.049439 0.010986 -10.008569
2539 1444830518.490982 -0.049439 0.010986 -10.008569
2540 1444830518.498587 -0.049439 0.010986 -10.008569
2541 1444830518.510266 -0.049439 0.010986 -10.008569
2542 1444830518.522314 0.038452 0.010986 -10.008569
2543 1444830518.533186 0.038452 0.010986 -10.008569
2544 1444830518.543323 0.038452 0.010986 -10.008569
2545 1444830518.553252 -0.049439 0.010986 -10.008569
2546 1444830518.563368 0.038452 0.010986 -10.008569
2547 1444830518.573508 -0.049439 0.010986 -10.008569
2548 1444830518.583683 -0.049439 0.010986 -10.008569
2549 1444830518.593871 -0.049439 0.010986 -10.008569
2550 1444830518.603619 0.038452 0.010986 -10.008569
2551 1444830518.613696 0.038452 0.010986 -10.008569
2552 1444830518.624020 -0.049439 0.010986 -10.008569
2553 1444830518.634123 0.038452 0.010986 -10.008569
2554 1444830518.644402 0.038452 0.010986 -10.008569
2555 1444830518.654502 0.038452 0.010986 -10.008569
2556 1444830518.664366 -0.049439 0.010986 -10.008569
2557 1444830518.674593 0.038452 0.010986 -10.008569
2558 1444830518.684728 -0.049439 0.010986 -10.008569
2559 1444830518.694980 0.038452 0.010986 -10.008569
2560 1444830518.704919 -0.049439 0.010986 -10.008569
2561 1444830518.715034 0.038452 0.010986 -10.008569
2562 1444830518.725429 0.038452 0.010986 -10.008569
2563 1444830518.735542 0.038452 0.010986 -9.920679
2564 1444830518.745528 0.038452 0.010986 -10.008569
2565 1444830518.753010 0.038452 0.010986 -10.008569
2566 1444830518.765662 0.038452 0.010986 -10.008569
2567 1444830518.775833 0.038452 0.010986 -10.008569
2568 1444830518.785872 0.038452 0.010986 -10.008569
2569 1444830518.796068 -0.049439 0.010986 -10.008569
2570 1444830518.806162 -0.049439 0.010986 -10.008569
2571 1444830518.816208 0.038452 0.010986 -10.008569
2572 1444830518.826389 -0.049439 0.010986 -10.008569
2573 1444830518.833420 0.038452 0.010986 -10.008569
2574 1444830518.842974 -0.049439 0.010986 -10.008569
2575 1444830518.853427 -0.049439 0.010986 -10.008569
2576 1444830518.863723 -0.049439 0.010986 -10.008569
2577 1444830518.873694 0.038452 0.010986 -10.008569
2578 1444830518.887983 -0.049439 0.010986 -10.008569
2579 1444830518.894021 -0.049439 0.010986 -10.008569
2580 1444830518.904106 -0.049439 0.010986 -10.008569
2581 1444830518.918064 0.038452 0.010986 -10.008569
2582 1444830518.923916 0.038452 0.010986 -10.008569
2583 1444830518.933880 -0.049439 0.010986 -10.008569
2584 1444830518.943999 0.038452 0.010986 -10.008569
2585 1444830518.953904 -0.049439 0.010986 -10.008569
2586 1444830518.964066 -0.049439 0.010986 -10.008569
2587 1444830518.974366 0.038452 0.010986 -10.008569
2588 1444830518.984597 0.038452 0.010986 -10.008569
2589 1444830518.994710 0.038452 0.010986 -10.008569
2590 1444830519.004708 -0.049439 0.010986 -10.008569
2591 1444830519.014959 -0.049439 0.010986 -10.008569
2592 1444830519.025234 0.038452 0.010986 -10.008569
2593 1444830519.035488 -0.049439 0.010986 -10.008569
2594 1444830519.046222 -0.049439 0.010986 -10.008569
2595 1444830519.054445 -0.049439 0.010986 -10.008569
2596 1444830519.064260 0.038452 0.010986 -10.008569
2597 1444830519.073320 -0.049439 0.010986 -10.008569
2598 1444830519.083098 0.038452 0.010986 -10.008569
2599 1444830519.093191 -0.049439 0.010986 -10.008569
2600 1444830519.104887 -0.049439 0.010986 -10.008569
2601 1444830519.114696 -0.049439 0.010986 -10.008569
2602 1444830519.124919 -0.049439 0.010986 -10.008569
2603 1444830519.138139 -0.049439 0.010986 -10.008569
2604 1444830519.148366 -0.049439 0.010986 -10.008569
2605 1444830519.158842 -0.049439 0.010986 -9.920679
2606 1444830519.169367 -0.049439 -0.076904 -9.920679
2607 1444830519.179449 -0.049439 0.010986 -9.920679
2608 1444830519.189631 -0.049439 0.010986 -9.920679
2609 1444830519.199829 -0.049439 0.010986 -9.920679
2610 1444830519.209735 -0.049439 0.010986 -9.920679
2611 1444830519.220036 -0.049439 -0.076904 -9.920679
2612 1444830519.230137 -0.049439 -0.076904 -9.920679
2613 1444830519.235840 -0.049439 -0.076904 -9.832788
2614 1444830519.245851 -0.049439 -0.076904 -9.832788
2615 1444830519.253325 -0.049439 -0.076904 -9.832788
2616 1444830519.263073 -0.049439 -0.076904 -9.744897
2617 1444830519.276221 -0.049439 -0.076904 -9.744897
2618 1444830519.286375 -0.049439 -0.076904 -9.744897
2619 1444830519.298014 -0.049439 -0.076904 -9.657006
2620 1444830519.308319 -0.049439 -0.076904 -9.657006
2621 1444830519.318189 -0.049439 -0.076904 -9.569115
2622 1444830519.328620 -0.049439 -0.076904 -9.569115
2623 1444830519.338674 -0.049439 -0.076904 -9.569115
2624 1444830519.348852 -0.049439 -0.076904 -9.481224
2625 1444830519.358911 -0.049439 -0.076904 -9.393333
2626 1444830519.368938 -0.049439 -0.164795 -9.393333
2627 1444830519.379238 -0.049439 -0.076904 -9.305443
2628 1444830519.389335 -0.049439 -0.076904 -9.305443
2629 1444830519.399713 -0.049439 -0.076904 -9.217552
2630 1444830519.409504 -0.049439 -0.076904 -9.129661
2631 1444830519.419814 -0.049439 -0.076904 -9.129661
2632 1444830519.429838 -0.049439 -0.076904 -9.04177
2633 1444830519.439911 -0.049439 -0.076904 -8.953879
2634 1444830519.449913 -0.049439 -0.076904 -8.865988
2635 1444830519.460200 -0.049439 -0.076904 -8.865988
2636 1444830519.470468 -0.049439 -0.076904 -8.778098
2637 1444830519.480488 0.038452 0.010986 -8.778098
2638 1444830519.490778 -0.049439 0.010986 -8.690207
2639 1444830519.500835 0.038452 0.010986 -8.690207
2640 1444830519.509263 0.038452 0.010986 -8.690207
2641 1444830519.518173 0.038452 0.010986 -8.602316
2642 1444830519.527974 -0.049439 0.010986 -8.602316
2643 1444830519.541282 0.038452 0.010986 -8.514425
2644 1444830519.551332 0.038452 0.010986 -8.514425
2645 1444830519.558520 0.038452 0.010986 -8.426534
2646 1444830519.568125 0.038452 0.098877 -8.426534
2647 1444830519.578517 0.038452 0.098877 -8.338643
2648 1444830519.588341 0.038452 0.098877 -8.338643
2649 1444830519.598548 0.038452 0.098877 -8.250753
2650 1444830519.609134 0.038452 0.098877 -8.250753
2651 1444830519.618604 0.038452 0.098877 -8.162862
2652 1444830519.628649 0.038452 0.098877 -8.074971
2653 1444830519.638631 0.038452 0.098877 -8.074971
2654 1444830519.648921 0.038452 0.098877 -8.074971
2655 1444830519.658998 0.038452 0.098877 -8.074971
2656 1444830519.669197 0.038452 0.010986 -7.98708
2657 1444830519.679235 0.038452 0.010986 -7.98708
2658 1444830519.689632 0.038452 0.010986 -7.899189
2659 1444830519.700052 0.038452 0.010986 -7.899189
2660 1444830519.710112 0.038452 0.010986 -7.899189
2661 1444830519.720174 -0.049439 0.010986 -7.811298
2662 1444830519.730085 0.038452 0.010986 -7.723408
2663 1444830519.740332 -0.049439 0.010986 -7.723408
2664 1444830519.750535 -0.049439 0.010986 -7.635517
2665 1444830519.758392 0.038452 0.010986 -7.547626
2666 1444830519.770782 0.038452 0.010986 -7.547626
2667 1444830519.780876 -0.049439 0.010986 -7.459735
2668 1444830519.791018 -0.049439 0.010986 -7.371844
2669 1444830519.801276 -0.049439 0.010986 -7.283953
2670 1444830519.809582 -0.049439 0.010986 -7.196062
2671 1444830519.818237 -0.049439 0.010986 -7.196062
2672 1444830519.829386 -0.049439 0.010986 -7.108172
2673 1444830519.838280 -0.049439 0.010986 -7.020281
2674 1444830519.849392 0.038452 0.010986 -6.93239
2675 1444830519.860107 0.038452 0.010986 -6.844499
2676 1444830519.869123 -0.049439 0.010986 -6.844499
2677 1444830519.879663 0.038452 0.010986 -6.756608
2678 1444830519.893558 0.038452 0.010986 -6.668717
2679 1444830519.903524 0.038452 0.010986 -6.580827
2680 1444830519.913538 0.038452 0.010986 -6.492936
2681 1444830519.923631 0.038452 0.010986 -6.405045
2682 1444830519.933795 0.038452 0.010986 -6.317154
2683 1444830519.943942 0.038452 0.010986 -6.229263
2684 1444830519.954262 0.038452 0.010986 -6.229263
2685 1444830519.964000 -0.049439 0.010986 -6.141372
2686 1444830519.974429 -0.049439 0.010986 -6.053482
2687 1444830519.984385 0.038452 0.010986 -5.965591
2688 1444830519.994606 -0.049439 0.010986 -5.965591
2689 1444830520.003236 0.038452 0.010986 -5.8777
2690 1444830520.014687 0.038452 0.010986 -5.789809
2691 1444830520.025719 0.038452 0.010986 -5.701918
2692 1444830520.030740 0.038452 0.010986 -5.614027
2693 1444830520.041105 0.038452 0.010986 -5.526137
2694 1444830520.051471 -0.049439 0.010986 -5.438246
2695 1444830520.059018 0.038452 0.010986 -5.350355
2696 1444830520.071695 0.038452 0.010986 -5.262464
2697 1444830520.078136 -0.049439 0.010986 -5.174573
2698 1444830520.088789 0.038452 0.010986 -5.086682
2699 1444830520.099895 -0.049439 0.010986 -4.998792
2700 1444830520.109914 -0.049439 0.010986 -4.910901
2701 1444830520.118690 -0.049439 0.010986 -4.82301
2702 1444830520.133488 -0.049439 -0.076904 -4.641735
2703 1444830520.143704 -0.049439 0.010986 -4.553844
2704 1444830520.153786 -0.049439 0.010986 -4.465953
2705 1444830520.163979 -0.049439 -0.076904 -4.378062
2706 1444830520.174020 -0.049439 0.010986 -4.290172
2707 1444830520.183987 -0.049439 0.010986 -4.202281
2708 1444830520.194366 -0.049439 -0.076904 -4.11439
2709 1444830520.204063 -0.049439 -0.076904 -4.026499
2710 1444830520.214519 -0.049439 0.010986 -3.938608
2711 1444830520.224768 -0.049439 0.010986 -3.762827
2712 1444830520.234688 -0.049439 0.010986 -3.674936
2713 1444830520.244835 0.038452 0.010986 -3.587045
2714 1444830520.254709 -0.049439 0.010986 -3.499154
2715 1444830520.263490 0.038452 0.010986 -3.323372
2716 1444830520.275196 0.038452 0.010986 -3.235482
2717 1444830520.285394 -0.049439 0.010986 -3.147591
2718 1444830520.295528 0.038452 0.010986 -3.0597
2719 1444830520.305097 -0.049439 0.010986 -2.971809
2720 1444830520.313593 0.038452 0.010986 -2.796027
2721 1444830520.323462 0.038452 0.010986 -2.708136
2722 1444830520.333329 0.038452 0.010986 -2.620246
2723 1444830520.343645 0.038452 0.010986 -2.444464
2724 1444830520.354328 -0.049439 0.010986 -2.444464
2725 1444830520.364566 0.038452 0.010986 -2.268682
2726 1444830520.374026 0.038452 0.010986 -2.180791
2727 1444830520.384360 0.038452 0.010986 -2.00501
2728 1444830520.394016 0.038452 0.010986 -1.917119
2729 1444830520.404748 0.038452 0.010986 -1.829228
2730 1444830520.418348 0.038452 0.010986 -1.653446
2731 1444830520.424430 0.038452 0.010986 -1.565556
2732 1444830520.434406 0.038452 0.010986 -1.477665
2733 1444830520.444451 0.038452 0.010986 -1.389774
2734 1444830520.454728 0.038452 0.010986 -1.301883
2735 1444830520.464819 0.038452 0.010986 -1.126101
2736 1444830520.475002 0.038452 0.010986 -1.038211
2737 1444830520.485423 0.038452 0.010986 -0.95032
2738 1444830520.495793 0.038452 0.010986 -0.774538
2739 1444830520.505541 -0.049439 0.010986 -0.686647
2740 1444830520.515659 0.038452 0.010986 -0.510866
2741 1444830520.526397 0.038452 0.010986 -0.422975
2742 1444830520.536463 -0.049439 0.010986 -0.335084
2743 1444830520.546462 0.038452 0.010986 -0.159302
2744 1444830520.553617 0.038452 0.010986 -0.071411
2745 1444830520.563277 0.038452 0.010986 0.10437
2746 1444830520.576714 0.038452 0.010986 0.192261
2747 1444830520.587061 0.038452 0.010986 0.368043
2748 1444830520.597106 -0.049439 0.010986 0.455934
2749 1444830520.608259 0.038452 0.010986 0.631715
2750 1444830520.618549 0.038452 0.010986 0.807497
2751 1444830520.628691 0.038452 0.010986 0.895388
2752 1444830520.638842 0.038452 0.010986 1.07117
2753 1444830520.648829 0.038452 0.010986 1.246951
2754 1444830520.658899 0.038452 0.010986 1.334842
2755 1444830520.668954 0.038452 0.010986 1.422733
2756 1444830520.679956 -0.049439 0.010986 1.598515
2757 1444830520.690013 -0.049439 0.010986 1.686405
2758 1444830520.695183 0.038452 0.010986 1.774296
2759 1444830520.708057 0.038452 0.010986 1.950078
2760 1444830520.715544 0.038452 0.010986 2.037969
2761 1444830520.725917 0.038452 0.010986 2.12586
2762 1444830520.735656 0.038452 0.010986 2.301641
2763 1444830520.745657 0.038452 0.010986 2.477423
2764 1444830520.758447 0.038452 0.010986 2.653205
2765 1444830520.766076 -0.049439 0.010986 2.741096
2766 1444830520.776299 -0.049439 0.010986 2.828986
2767 1444830520.786380 -0.049439 0.010986 3.004768
2768 1444830520.798572 -0.049439 0.010986 3.18055
2769 1444830520.809622 -0.049439 0.010986 3.268441
2770 1444830520.818727 -0.049439 0.010986 3.444222
2771 1444830520.828720 0.038452 0.010986 3.620004
2772 1444830520.838510 0.038452 0.010986 3.707895
2773 1444830520.849562 -0.049439 0.010986 3.883676
2774 1444830520.859666 -0.049439 0.010986 3.971567
2775 1444830520.869231 -0.049439 -0.076904 4.147349
2776 1444830520.879148 0.038452 0.010986 4.323131
2777 1444830520.889246 0.038452 0.010986 4.411022
2778 1444830520.899494 0.038452 0.010986 4.586803
2779 1444830520.909717 -0.049439 0.010986 4.762585
2780 1444830520.919472 -0.049439 0.010986 4.938367
2781 1444830520.929843 -0.049439 0.010986 5.026257
2782 1444830520.939867 -0.049439 0.010986 5.202039
2783 1444830520.949964 -0.049439 0.010986 5.377821
2784 1444830520.959859 -0.049439 0.010986 5.465712
2785 1444830520.970040 -0.049439 0.010986 5.641493
2786 1444830520.980229 -0.049439 0.010986 5.729384
2787 1444830520.989962 0.038452 -0.076904 5.905166
2788 1444830521.000496 0.038452 -0.076904 6.080947
2789 1444830521.010832 -0.049439 0.010986 6.256729
2790 1444830521.021002 -0.049439 -0.076904 6.34462
2791 1444830521.032049 -0.049439 -0.076904 6.520402
2792 1444830521.042162 -0.049439 0.010986 6.696183
2793 1444830521.047964 -0.049439 0.010986 6.871965
2794 1444830521.058670 -0.049439 0.010986 6.959856
2795 1444830521.068196 -0.049439 0.010986 7.135638
2796 1444830521.078139 -0.049439 0.010986 7.311419
2797 1444830521.088670 -0.049439 0.010986 7.487201
2798 1444830521.099032 -0.049439 0.010986 7.575092
2799 1444830521.109210 -0.049439 -0.076904 7.750873
2800 1444830521.119154 -0.049439 -0.076904 7.926655
2801 1444830521.129140 -0.049439 -0.076904 8.102437
2802 1444830521.139410 -0.049439 0.010986 8.278218
2803 1444830521.149738 0.038452 0.010986 8.454
2804 1444830521.159763 0.038452 0.010986 8.541891
2805 1444830521.169958 0.038452 0.010986 8.717673
2806 1444830521.179912 -0.049439 0.010986 8.893454
2807 1444830521.190031 -0.049439 0.010986 9.069236
2808 1444830521.200276 -0.049439 0.010986 9.245018
2809 1444830521.210564 -0.049439 0.010986 9.420799
2810 1444830521.220509 0.038452 0.010986 9.50869
2811 1444830521.230606 -0.049439 -0.076904 9.684472
2812 1444830521.240773 0.038452 0.010986 9.860254
2813 1444830521.251578 -0.049439 0.010986 10.036035
2814 1444830521.261121 -0.049439 0.010986 10.211817
2815 1444830521.271140 -0.049439 0.010986 10.387599
2816 1444830521.281648 -0.049439 -0.076904 10.56338
2817 1444830521.291675 -0.049439 -0.076904 10.651271
2818 1444830521.303653 -0.049439 0.010986 10.914944
2819 1444830521.312986 -0.049439 0.010986 11.090725
2820 1444830521.318775 -0.049439 0.010986 11.178616
2821 1444830521.332982 0.038452 0.010986 11.354398
2822 1444830521.343327 -0.049439 0.010986 11.53018
2823 1444830521.353548 -0.049439 0.010986 11.705961
2824 1444830521.364439 -0.049439 0.010986 11.881743
2825 1444830521.374593 -0.049439 0.010986 12.057525
2826 1444830521.383024 -0.049439 0.010986 12.233306
2827 1444830521.389939 -0.049439 0.010986 12.321197
2828 1444830521.399951 0.038452 0.010986 12.496979
2829 1444830521.410019 -0.049439 0.010986 12.58487
2830 1444830521.420080 0.038452 0.010986 12.760651
2831 1444830521.430267 0.038452 0.010986 12.936433
2832 1444830521.445466 -0.049439 0.010986 13.200105
2833 1444830521.455704 -0.049439 0.010986 13.375887
2834 1444830521.465572 -0.049439 0.010986 13.551669
2835 1444830521.475832 -0.049439 0.010986 13.727451
2836 1444830521.485968 -0.049439 0.010986 13.815341
2837 1444830521.490870 0.038452 -0.076904 13.903232
2838 1444830521.500930 -0.049439 0.010986 14.079014
2839 1444830521.508510 -0.049439 -0.076904 14.254796
2840 1444830521.518000 -0.049439 0.010986 14.342686
2841 1444830521.531405 -0.049439 0.010986 14.606359
2842 1444830521.538009 -0.049439 0.010986 14.782141
2843 1444830521.554106 -0.049439 -0.076904 14.957922
2844 1444830521.563255 -0.049439 0.010986 15.133704
2845 1444830521.573169 -0.049439 0.010986 15.309486
2846 1444830521.583171 -0.049439 0.010986 15.485267
2847 1444830521.593258 -0.049439 0.010986 15.661049
2848 1444830521.603670 0.038452 0.010986 15.836831
2849 1444830521.613662 -0.049439 0.010986 15.924721
2850 1444830521.623653 -0.049439 0.010986 16.100503
2851 1444830521.633821 -0.049439 -0.076904 16.276285
2852 1444830521.643764 -0.049439 -0.076904 16.539957
2853 1444830521.653953 -0.049439 0.010986 16.627848
2854 1444830521.663794 -0.049439 0.010986 16.80363
2855 1444830521.673992 -0.049439 0.010986 16.979412
2856 1444830521.684093 -0.049439 0.010986 17.155193
2857 1444830521.694609 -0.049439 -0.076904 17.330975
2858 1444830521.704282 -0.049439 0.010986 17.418866
2859 1444830521.714339 -0.049439 0.010986 17.594647
2860 1444830521.725261 -0.049439 0.010986 17.770429
2861 1444830521.734953 -0.049439 0.010986 17.951704
2862 1444830521.744936 -0.049439 0.010986 18.127486
2863 1444830521.754981 -0.049439 0.010986 18.303267
2864 1444830521.765141 -0.049439 0.010986 18.479049
2865 1444830521.775395 -0.049439 0.010986 18.654831
2866 1444830521.785701 -0.049439 0.010986 18.830612
2867 1444830521.795581 -0.049439 0.010986 18.918503
2868 1444830521.805792 -0.049439 0.010986 19.094285
2869 1444830521.813352 -0.049439 0.010986 19.270067
2870 1444830521.826297 -0.049439 0.010986 19.445848
2871 1444830521.838009 -0.049439 0.010986 19.709521
2872 1444830521.848360 -0.049439 0.010986 19.885302
2873 1444830521.858346 -0.049439 0.010986 20.061084
2874 1444830521.868524 -0.049439 0.010986 20.148975
2875 1444830521.878667 -0.049439 0.010986 20.324757
2876 1444830521.888780 -0.049439 0.010986 20.500538
2877 1444830521.893656 -0.049439 0.010986 20.588429
2878 1444830521.908943 -0.049439 0.010986 20.852102
2879 1444830521.919094 -0.049439 0.010986 21.027883
2880 1444830521.928942 -0.049439 -0.076904 21.115774
2881 1444830521.939234 -0.049439 0.010986 21.291556
2882 1444830521.949532 -0.049439 -0.076904 21.467338
2883 1444830521.953629 -0.049439 0.010986 21.555228
2884 1444830521.969549 -0.049439 0.010986 21.818901
2885 1444830521.979543 -0.049439 0.010986 21.994683
2886 1444830521.989820 0.038452 0.010986 22.170464
2887 1444830521.999944 -0.049439 0.010986 22.258355
2888 1444830522.006678 -0.049439 0.010986 22.434137
2889 1444830522.015106 -0.049439 0.010986 22.522028
2890 1444830522.025312 -0.049439 0.010986 22.697809
2891 1444830522.035460 -0.049439 0.010986 22.873591
2892 1444830522.043473 -0.049439 0.010986 23.049373
2893 1444830522.054122 -0.049439 0.010986 23.137264
2894 1444830522.063791 -0.049439 0.010986 23.313045
2895 1444830522.076234 -0.049439 0.010986 23.488827
2896 1444830522.088150 -0.049439 0.010986 23.752499
2897 1444830522.096612 -0.049439 0.010986 23.84039
2898 1444830522.108289 -0.049439 -0.076904 24.016172
2899 1444830522.118716 -0.049439 -0.076904 24.279844
2900 1444830522.128835 -0.049439 0.010986 24.367735
2901 1444830522.139376 -0.049439 0.010986 24.543517
2902 1444830522.149655 -0.049439 0.010986 24.719299
2903 1444830522.160008 -0.049439 0.010986 24.807189
2904 1444830522.170047 -0.049439 0.010986 24.982971
2905 1444830522.180167 -0.049439 0.010986 25.158753
2906 1444830522.190332 -0.049439 0.010986 25.334535
2907 1444830522.200672 -0.049439 0.010986 25.510316
2908 1444830522.210713 -0.049439 0.010986 25.598207
2909 1444830522.220873 -0.049439 0.010986 25.773989
2910 1444830522.230809 -0.049439 0.010986 25.94977
2911 1444830522.240962 -0.049439 0.010986 26.125552
2912 1444830522.251041 -0.049439 0.010986 26.213443
2913 1444830522.261177 -0.049439 0.010986 26.389225
2914 1444830522.271329 -0.049439 0.010986 26.565006
2915 1444830522.281424 -0.049439 -0.076904 26.740788
2916 1444830522.291436 -0.049439 0.010986 26.91657
2917 1444830522.301570 -0.049439 -0.076904 27.00446
2918 1444830522.307968 -0.049439 -0.076904 27.180242
2919 1444830522.321819 -0.049439 0.010986 27.356024
2920 1444830522.331809 -0.049439 -0.076904 27.443915
2921 1444830522.342073 -0.049439 0.010986 27.619696
2922 1444830522.352082 -0.049439 0.010986 27.795478
2923 1444830522.358080 -0.049439 0.010986 27.97126
2924 1444830522.372446 -0.049439 0.010986 28.059151
2925 1444830522.378511 -0.049439 -0.076904 28.234932
2926 1444830522.388686 -0.049439 -0.076904 28.410714
2927 1444830522.398683 -0.049439 -0.076904 28.498605
2928 1444830522.408091 -0.049439 0.010986 28.674386
2929 1444830522.418720 -0.049439 0.010986 28.762277
2930 1444830522.429358 -0.049439 0.010986 28.938059
2931 1444830522.439761 -0.049439 0.010986 29.02595
2932 1444830522.449427 -0.049439 0.010986 29.201731
2933 1444830522.458563 -0.049439 0.010986 29.377513
2934 1444830522.469634 -0.049439 0.010986 29.465404
2935 1444830522.479713 -0.049439 0.010986 29.641186
2936 1444830522.489840 -0.049439 0.010986 29.816967
2937 1444830522.500238 -0.049439 0.010986 29.904858
2938 1444830522.510456 -0.049439 0.010986 29.992749
2939 1444830522.520549 -0.049439 0.010986 30.168531
2940 1444830522.528015 -0.049439 0.010986 30.344312
2941 1444830522.541861 -0.049439 0.010986 30.520094
2942 1444830522.551975 -0.049439 0.010986 30.607985
2943 1444830522.558985 -0.049439 0.010986 30.695876
2944 1444830522.573437 -0.049439 0.010986 30.959548
2945 1444830522.583474 -0.049439 0.010986 31.047439
2946 1444830522.593545 -0.049439 0.010986 31.13533
2947 1444830522.603734 -0.049439 0.010986 31.311112
2948 1444830522.613677 -0.049439 0.010986 31.486893
2949 1444830522.623935 -0.049439 0.010986 31.574784
2950 1444830522.634076 -0.049439 0.010986 31.750566
2951 1444830522.644175 -0.049439 0.010986 31.838457
2952 1444830522.654058 -0.049439 0.010986 32.014238
2953 1444830522.664373 -0.049439 -0.076904 32.102129
2954 1444830522.669869 -0.049439 0.010986 32.19002
2955 1444830522.679786 -0.049439 0.010986 32.277911
2956 1444830522.690153 -0.049439 0.010986 32.365802
2957 1444830522.700518 -0.049439 0.010986 32.541583
2958 1444830522.710329 0.038452 0.010986 32.629474
2959 1444830522.720454 0.038452 0.010986 32.805256
2960 1444830522.730173 -0.049439 0.010986 32.893147
2961 1444830522.740756 -0.049439 0.010986 33.068928
2962 1444830522.750977 -0.049439 0.010986 33.156819
2963 1444830522.759784 0.038452 0.010986 33.332601
2964 1444830522.771423 0.038452 0.010986 33.420492
2965 1444830522.781644 -0.049439 -0.076904 33.596273
2966 1444830522.788376 -0.049439 0.010986 33.684164
2967 1444830522.798995 -0.049439 0.010986 33.772055
2968 1444830522.809372 0.038452 0.010986 33.947837
2969 1444830522.818887 0.038452 0.010986 34.035728
2970 1444830522.829255 0.038452 0.010986 34.211509
2971 1444830522.839669 0.038452 0.010986 34.2994
2972 1444830522.853788 -0.049439 0.010986 34.475182
2973 1444830522.863469 -0.049439 0.010986 34.563073
2974 1444830522.873594 0.038452 0.010986 34.738854
2975 1444830522.884266 -0.049439 0.010986 34.826745
2976 1444830522.894509 0.038452 0.010986 34.914636
2977 1444830522.904364 -0.049439 0.010986 35.002527
2978 1444830522.914394 -0.049439 -0.076904 35.178309
2979 1444830522.924854 -0.049439 0.010986 35.266199
2980 1444830522.935084 -0.049439 -0.076904 35.35409
2981 1444830522.945162 -0.049439 -0.076904 35.441981
2982 1444830522.955150 -0.049439 0.010986 35.617763
2983 1444830522.965054 -0.049439 0.010986 35.705654
2984 1444830522.975431 -0.049439 0.010986 35.881435
2985 1444830522.985541 -0.049439 0.010986 35.969326
2986 1444830522.995605 -0.049439 0.010986 36.057217
2987 1444830523.004441 0.038452 0.010986 36.145108
2988 1444830523.013399 -0.049439 0.010986 36.232999
2989 1444830523.026348 0.038452 0.010986 36.320889
2990 1444830523.036400 -0.049439 0.010986 36.40878
2991 1444830523.046520 -0.049439 0.010986 36.496671
2992 1444830523.053940 0.038452 0.010986 36.672453
2993 1444830523.064109 0.038452 0.010986 36.760344
2994 1444830523.076982 -0.049439 0.010986 36.848234
2995 1444830523.087119 -0.049439 0.010986 36.936125
2996 1444830523.097237 0.038452 -0.076904 37.024016
2997 1444830523.103355 0.038452 0.010986 37.199798
2998 1444830523.117493 -0.049439 0.010986 37.287689
2999 1444830523.127563 -0.049439 0.010986 37.37558
3000 1444830523.137686 0.038452 0.010986 37.37558
3001 1444830523.147828 -0.049439 0.010986 37.551361
3002 1444830523.153470 -0.049439 0.010986 37.639252
3003 1444830523.163364 0.038452 0.010986 37.727143
3004 1444830523.173676 -0.049439 0.010986 37.815034
3005 1444830523.183840 -0.049439 0.010986 37.902925
3006 1444830523.194644 -0.049439 0.010986 37.990815
3007 1444830523.205146 0.038452 -0.076904 38.078706
3008 1444830523.214626 -0.049439 0.010986 38.166597
3009 1444830523.224634 -0.049439 0.010986 38.254488
3010 1444830523.234976 0.038452 0.010986 38.342379
3011 1444830523.244566 0.038452 -0.076904 38.43027
3012 1444830523.255103 -0.049439 0.010986 38.51816
3013 1444830523.264999 -0.049439 -0.076904 38.606051
3014 1444830523.275097 0.038452 -0.076904 38.606051
3015 1444830523.285224 -0.049439 -0.076904 38.781833
3016 1444830523.295453 0.038452 -0.076904 38.869724
3017 1444830523.303554 -0.049439 -0.076904 38.957615
3018 1444830523.315933 -0.049439 -0.076904 38.957615
3019 1444830523.326513 -0.049439 0.010986 39.045505
3020 1444830523.336533 0.038452 0.010986 39.133396
3021 1444830523.343351 0.038452 0.010986 39.221287
3022 1444830523.353730 0.038452 0.010986 39.309178
3023 1444830523.363981 0.038452 0.010986 39.309178
3024 1444830523.378295 0.038452 0.010986 39.48496
3025 1444830523.388405 0.038452 0.010986 39.48496
3026 1444830523.398395 0.038452 0.010986 39.572851
3027 1444830523.408802 0.038452 0.010986 39.660741
3028 1444830523.418631 0.038452 0.010986 39.748632
3029 1444830523.428705 -0.049439 0.010986 39.836523
3030 1444830523.439343 0.038452 0.010986 39.836523
3031 1444830523.449592 0.038452 0.010986 39.924414
3032 1444830523.459702 0.038452 0.010986 40.012305
3033 1444830523.469819 0.038452 0.010986 40.012305
3034 1444830523.479804 0.038452 0.010986 40.100196
3035 1444830523.489904 0.038452 0.010986 40.188086
3036 1444830523.500050 0.038452 0.010986 40.275977
3037 1444830523.510245 0.038452 0.010986 40.275977
3038 1444830523.520259 0.038452 0.010986 40.369361
3039 1444830523.530358 0.038452 0.010986 40.457252
3040 1444830523.540500 0.038452 0.010986 40.545143
3041 1444830523.545554 0.038452 0.010986 40.545143
3042 1444830523.553545 0.038452 0.010986 40.633034
3043 1444830523.563918 0.038452 0.010986 40.720925
3044 1444830523.575890 0.038452 -0.076904 40.720925
3045 1444830523.585969 0.038452 0.010986 40.808815
3046 1444830523.595969 0.038452 0.010986 40.896706
3047 1444830523.603816 0.038452 0.010986 40.896706
3048 1444830523.613532 0.038452 -0.076904 40.984597
3049 1444830523.626427 0.038452 0.010986 40.984597
3050 1444830523.636597 0.038452 0.010986 41.072488
3051 1444830523.646696 0.038452 0.010986 41.072488
3052 1444830523.653967 0.038452 0.010986 41.072488
3053 1444830523.664442 0.038452 0.010986 41.160379
3054 1444830523.677138 0.038452 0.010986 41.24827
3055 1444830523.684109 0.038452 0.010986 41.24827
3056 1444830523.698367 0.038452 0.010986 41.33616
3057 1444830523.704425 0.038452 0.010986 41.424051
3058 1444830523.718398 0.038452 0.010986 41.424051
3059 1444830523.728404 0.038452 0.010986 41.511942
3060 1444830523.738449 0.038452 0.010986 41.511942
3061 1444830523.748486 0.038452 0.010986 41.599833
3062 1444830523.759141 0.038452 -0.076904 41.599833
3063 1444830523.768734 0.038452 -0.076904 41.687724
3064 1444830523.778985 0.038452 0.010986 41.687724
3065 1444830523.789045 0.038452 -0.076904 41.687724
3066 1444830523.799081 0.038452 0.010986 41.775615
3067 1444830523.809200 0.038452 0.010986 41.863506
3068 1444830523.819371 0.038452 0.010986 41.863506
3069 1444830523.829218 0.038452 0.010986 41.863506
3070 1444830523.839569 0.038452 -0.076904 41.951396
3071 1444830523.849647 0.038452 0.010986 42.039287
3072 1444830523.860984 0.038452 0.010986 42.039287
3073 1444830523.870961 0.038452 -0.076904 42.127178
3074 1444830523.880875 0.038452 0.010986 42.127178
3075 1444830523.891164 0.038452 -0.076904 42.215069
3076 1444830523.901336 0.038452 0.010986 42.215069
3077 1444830523.908812 0.038452 -0.076904 42.30296
3078 1444830523.921414 0.038452 -0.076904 42.30296
3079 1444830523.931458 0.038452 0.010986 42.390851
3080 1444830523.941595 0.038452 -0.076904 42.390851
3081 1444830523.951983 0.038452 0.010986 42.478741
3082 1444830523.958882 0.038452 0.010986 42.478741
3083 1444830523.968379 0.038452 0.010986 42.478741
3084 1444830523.978560 0.038452 0.010986 42.566632
3085 1444830523.988547 0.038452 -0.076904 42.566632
3086 1444830523.998691 0.038452 0.010986 42.654523
3087 1444830524.013498 0.038452 0.010986 42.654523
3088 1444830524.023511 0.038452 0.010986 42.654523
3089 1444830524.033611 0.038452 0.010986 42.742414
3090 1444830524.038954 0.038452 0.010986 42.742414
3091 1444830524.049050 0.038452 0.010986 42.742414
3092 1444830524.059255 0.038452 0.010986 42.742414
3093 1444830524.069349 0.038452 0.010986 42.830305
3094 1444830524.079570 0.038452 0.010986 42.830305
3095 1444830524.089451 0.038452 0.010986 42.918196
3096 1444830524.100112 0.038452 0.010986 42.918196
3097 1444830524.109802 0.038452 0.010986 42.918196
3098 1444830524.119986 0.038452 0.010986 42.918196
3099 1444830524.129970 0.038452 0.010986 42.918196
3100 1444830524.140217 0.038452 0.010986 42.918196
3101 1444830524.150590 0.038452 0.010986 43.006086
3102 1444830524.160506 0.038452 0.010986 43.006086
3103 1444830524.170812 0.038452 0.010986 43.006086
3104 1444830524.180662 0.038452 0.010986 43.006086
3105 1444830524.188906 0.038452 0.010986 43.093977
3106 1444830524.200957 0.038452 0.010986 43.093977
3107 1444830524.210111 0.038452 0.010986 43.093977
3108 1444830524.218528 0.038452 0.010986 43.093977
3109 1444830524.228818 0.038452 0.010986 43.093977
3110 1444830524.238483 0.038452 0.010986 43.181868
3111 1444830524.253748 0.038452 0.010986 43.181868
3112 1444830524.263927 0.038452 0.010986 43.181868
3113 1444830524.274063 0.038452 0.010986 43.181868
3114 1444830524.284094 0.038452 0.010986 43.269759
3115 1444830524.294173 0.038452 0.010986 43.269759
3116 1444830524.304459 0.038452 0.010986 43.269759
3117 1444830524.314428 0.038452 0.010986 43.269759
3118 1444830524.324537 0.038452 0.010986 43.269759
3119 1444830524.334819 0.038452 0.010986 43.269759
3120 1444830524.344683 0.038452 0.010986 43.269759
3121 1444830524.355132 0.038452 0.010986 43.269759
3122 1444830524.365331 0.038452 0.010986 43.269759
3123 1444830524.375593 0.038452 0.010986 43.269759
3124 1444830524.385660 0.038452 0.010986 43.269759
3125 1444830524.395749 0.038452 0.010986 43.269759
3126 1444830524.405777 0.038452 0.010986 43.35765
3127 1444830524.414369 0.038452 0.010986 43.269759
3128 1444830524.421282 0.038452 0.010986 43.269759
3129 1444830524.431370 0.038452 0.010986 43.35765
3130 1444830524.441418 0.038452 0.010986 43.35765
3131 1444830524.451520 0.038452 0.010986 43.35765
3132 1444830524.463442 0.038452 0.010986 43.35765
3133 1444830524.471889 0.038452 0.010986 43.35765
3134 1444830524.481998 0.038452 0.010986 43.35765
3135 1444830524.493772 0.038452 0.010986 43.35765
3136 1444830524.504056 0.038452 0.010986 43.35765
3137 1444830524.509702 0.038452 0.010986 43.35765
3138 1444830524.519208 0.038452 0.010986 43.35765
3139 1444830524.529643 0.038452 0.010986 43.35765
3140 1444830524.543829 0.038452 0.010986 43.35765
3141 1444830524.553900 0.038452 0.010986 43.35765
3142 1444830524.563887 0.038452 0.010986 43.445541
3143 1444830524.573419 0.038452 0.010986 43.445541
3144 1444830524.584007 0.038452 0.010986 43.445541
3145 1444830524.594074 0.038452 0.010986 43.445541
3146 1444830524.604515 0.038452 0.010986 43.445541
3147 1444830524.613928 0.038452 -0.076904 43.445541
3148 1444830524.624405 0.038452 0.010986 43.445541
3149 1444830524.634449 0.038452 0.010986 43.445541
3150 1444830524.644629 0.038452 0.010986 43.445541
3151 1444830524.654891 0.038452 0.010986 43.445541
3152 1444830524.664790 0.038452 0.010986 43.445541
3153 1444830524.676283 0.038452 0.010986 43.445541
3154 1444830524.686586 0.038452 -0.076904 43.445541
3155 1444830524.696783 0.038452 0.010986 43.445541
3156 1444830524.706803 0.038452 0.010986 43.445541
3157 1444830524.713344 0.038452 0.010986 43.445541
3158 1444830524.726930 0.038452 0.010986 43.445541
3159 1444830524.733475 0.038452 0.010986 43.445541
3160 1444830524.747036 0.038452 0.010986 43.445541
3161 1444830524.754030 0.038452 0.010986 43.445541
3162 1444830524.764184 0.038452 0.010986 43.445541
3163 1444830524.773931 0.038452 -0.076904 43.445541
3164 1444830524.784076 0.038452 0.010986 43.445541
3165 1444830524.794008 0.038452 0.010986 43.445541
3166 1444830524.804625 0.038452 0.010986 43.445541
3167 1444830524.814461 0.038452 0.010986 43.445541
3168 1444830524.824574 0.038452 0.010986 43.445541
3169 1444830524.834429 0.038452 0.010986 43.445541
3170 1444830524.844488 0.038452 0.010986 43.445541
3171 1444830524.854554 0.038452 0.010986 43.445541
3172 1444830524.864836 0.038452 0.010986 43.35765
3173 1444830524.874953 0.038452 0.010986 43.35765
3174 1444830524.885003 0.038452 0.010986 43.181868
3175 1444830524.894914 0.038452 0.010986 43.093977
3176 1444830524.905214 0.038452 0.010986 42.918196
3177 1444830524.914925 0.038452 0.010986 42.830305
3178 1444830524.925805 0.038452 0.010986 42.654523
3179 1444830524.935471 0.038452 0.010986 42.390851
3180 1444830524.945699 0.038452 0.010986 42.127178
3181 1444830524.953723 0.038452 0.010986 41.863506
3182 1444830524.965830 0.038452 0.010986 41.511942
3183 1444830524.976175 0.038452 0.010986 41.160379
3184 1444830524.986333 0.038452 0.010986 40.896706
3185 1444830524.996343 0.038452 0.010986 40.457252
3186 1444830525.006671 0.038452 0.010986 39.924414
3187 1444830525.013493 0.038452 0.010986 39.48496
3188 1444830525.026995 0.038452 0.010986 38.957615
3189 1444830525.033260 0.038452 0.010986 38.51816
3190 1444830525.047164 0.038452 0.010986 37.902925
3191 1444830525.058995 0.038452 0.010986 37.024016
3192 1444830525.068817 0.038452 0.010986 36.40878
3193 1444830525.079014 0.038452 0.010986 35.793544
3194 1444830525.088935 0.038452 0.010986 35.090418
3195 1444830525.099426 0.038452 0.010986 34.387291
3196 1444830525.109430 0.038452 0.010986 33.684164
3197 1444830525.119533 0.038452 0.010986 32.981038
3198 1444830525.129543 0.038452 0.010986 32.19002
3199 1444830525.139712 0.038452 0.010986 31.399002
3200 1444830525.149898 0.038452 0.010986 30.607985
3201 1444830525.160022 0.038452 0.010986 29.729076
3202 1444830525.170020 0.038452 0.010986 28.850168
3203 1444830525.180236 -0.049439 0.010986 27.97126
3204 1444830525.190263 0.038452 0.010986 27.092351
3205 1444830525.200555 0.038452 -0.076904 26.213443
3206 1444830525.210471 0.038452 0.010986 25.334535
3207 1444830525.220662 0.038452 -0.076904 24.455626
3208 1444830525.230667 -0.049439 -0.076904 23.576718
3209 1444830525.240698 -0.049439 -0.076904 22.609918
3210 1444830525.250943 0.038452 0.010986 21.73101
3211 1444830525.260992 -0.049439 0.010986 20.764211
3212 1444830525.271208 0.038452 0.010986 19.797412
3213 1444830525.281256 0.038452 -0.076904 18.918503
3214 1444830525.291447 -0.049439 -0.076904 17.951704
3215 1444830525.301624 0.038452 -0.076904 17.067302
3216 1444830525.308921 0.038452 -0.076904 16.100503
3217 1444830525.321835 0.038452 0.010986 15.221595
3218 1444830525.328299 0.038452 -0.076904 14.254796
3219 1444830525.338576 0.038452 0.010986 13.375887
3220 1444830525.348672 -0.049439 -0.076904 12.409088
3221 1444830525.354644 -0.049439 0.010986 11.881743
3222 1444830525.368243 -0.049439 0.010986 10.475489
3223 1444830525.378966 0.038452 0.010986 9.596581
3224 1444830525.388452 -0.049439 0.010986 8.629782
3225 1444830525.398965 0.038452 0.010986 7.750873
3226 1444830525.409445 0.038452 0.010986 6.871965
3227 1444830525.418777 0.038452 0.010986 5.993057
3228 1444830525.428968 0.038452 0.010986 5.114148
3229 1444830525.439093 0.038452 -0.076904 4.23524
3230 1444830525.449851 0.038452 -0.076904 3.444222
3231 1444830525.459143 -0.049439 -0.076904 2.653205
3232 1444830525.469620 0.038452 0.010986 1.950078
3233 1444830525.479722 0.038452 -0.076904 1.15906
3234 1444830525.490088 0.038452 -0.076904 0.455934
3235 1444830525.500325 0.038452 0.010986 -0.159302
3236 1444830525.510500 0.038452 0.010986 -0.862429
3237 1444830525.520311 0.038452 0.010986 -1.477665
3238 1444830525.530660 0.038452 0.010986 -2.00501
3239 1444830525.540859 0.038452 0.010986 -2.620246
3240 1444830525.551010 0.038452 0.010986 -3.147591
3241 1444830525.561802 0.038452 0.010986 -3.674936
3242 1444830525.571653 0.038452 0.010986 -4.202281
3243 1444830525.581761 0.038452 0.010986 -4.553844
3244 1444830525.591899 0.038452 0.010986 -4.998792
3245 1444830525.603483 0.038452 0.010986 -5.614027
3246 1444830525.613464 0.038452 0.010986 -6.053482
3247 1444830525.623308 0.038452 0.010986 -6.317154
3248 1444830525.633399 0.038452 0.010986 -6.668717
3249 1444830525.643629 0.038452 0.010986 -6.93239
3250 1444830525.653840 0.038452 0.010986 -7.196062
3251 1444830525.663847 0.038452 0.010986 -7.459735
3252 1444830525.673579 0.038452 0.098877 -7.635517
3253 1444830525.683708 0.038452 0.098877 -7.899189
3254 1444830525.693813 0.038452 0.010986 -8.074971
3255 1444830525.704018 0.038452 0.010986 -8.250753
3256 1444830525.713977 0.038452 0.010986 -8.426534
3257 1444830525.719469 0.038452 0.010986 -8.514425
3258 1444830525.734380 0.038452 0.098877 -8.690207
3259 1444830525.744431 0.038452 0.098877 -8.865988
3260 1444830525.754280 0.038452 0.010986 -9.04177
3261 1444830525.764456 0.038452 0.098877 -9.129661
3262 1444830525.770045 0.038452 0.098877 -9.217552
3263 1444830525.780281 0.038452 0.010986 -9.305443
3264 1444830525.790431 0.038452 0.010986 -9.481224
3265 1444830525.805056 0.038452 0.010986 -9.657006
3266 1444830525.815147 0.038452 0.010986 -9.832788
3267 1444830525.825224 0.038452 0.010986 -9.920679
3268 1444830525.830800 0.038452 0.010986 -10.008569
3269 1444830525.840822 0.038452 0.098877 -10.09646
3270 1444830525.850932 0.038452 0.010986 -10.184351
3271 1444830525.858362 0.038452 0.010986 -10.360133
3272 1444830525.870853 0.038452 0.010986 -10.448024
3273 1444830525.881002 0.038452 0.010986 -10.535914
3274 1444830525.891153 0.038452 0.010986 -10.623805
3275 1444830525.901349 0.038452 0.010986 -10.623805
3276 1444830525.908541 0.038452 0.010986 -10.711696
3277 1444830525.918299 0.038452 0.010986 -10.799587
3278 1444830525.931715 0.038452 0.010986 -10.887478
3279 1444830525.938712 -0.049439 0.010986 -10.887478
3280 1444830525.948368 0.038452 0.010986 -10.975369
3281 1444830525.964429 0.038452 0.010986 -10.975369
3282 1444830525.974534 0.038452 0.010986 -10.975369
3283 1444830525.985044 0.038452 0.010986 -11.063259
3284 1444830525.994881 0.038452 0.010986 -11.063259
3285 1444830526.005299 0.038452 0.010986 -11.063259
3286 1444830526.014647 0.038452 0.010986 -11.063259
3287 1444830526.025045 0.038452 0.010986 -11.063259
3288 1444830526.034943 0.038452 0.010986 -11.063259
3289 1444830526.045205 0.038452 0.010986 -11.063259
3290 1444830526.055348 0.038452 0.010986 -11.063259
3291 1444830526.065535 0.038452 0.010986 -11.063259
3292 1444830526.075611 0.038452 0.010986 -11.063259
3293 1444830526.085696 0.038452 0.010986 -11.063259
3294 1444830526.095938 0.038452 0.010986 -11.063259
3295 1444830526.106014 0.038452 0.010986 -10.975369
3296 1444830526.116098 0.038452 0.010986 -10.975369
3297 1444830526.126430 0.038452 0.010986 -10.975369
3298 1444830526.136417 0.038452 0.010986 -10.975369
3299 1444830526.146348 0.038452 0.010986 -10.975369
3300 1444830526.156609 0.038452 0.010986 -10.975369
3301 1444830526.163218 0.038452 0.010986 -10.887478
3302 1444830526.176844 0.038452 0.010986 -10.887478
3303 1444830526.186999 0.038452 0.010986 -10.799587
3304 1444830526.197053 0.038452 0.010986 -10.799587
3305 1444830526.203628 0.038452 0.010986 -10.799587
3306 1444830526.213537 0.038452 0.010986 -10.711696
3307 1444830526.223513 -0.049439 0.010986 -10.623805
3308 1444830526.238284 -0.049439 0.010986 -10.623805
3309 1444830526.243512 -0.049439 -0.076904 -10.535914
3310 1444830526.253503 -0.049439 -0.076904 -10.535914
3311 1444830526.268791 -0.049439 0.010986 -10.448024
3312 1444830526.278783 -0.049439 0.010986 -10.448024
3313 1444830526.288880 -0.049439 -0.076904 -10.360133
3314 1444830526.297378 0.038452 0.010986 -10.360133
3315 1444830526.303972 -0.049439 0.010986 -10.272242
3316 1444830526.318995 -0.049439 0.010986 -10.272242
3317 1444830526.328989 -0.049439 0.010986 -10.184351
3318 1444830526.339208 -0.049439 0.010986 -10.09646
3319 1444830526.345009 -0.049439 0.010986 -10.008569
3320 1444830526.354417 0.038452 0.010986 -9.920679
3321 1444830526.364651 -0.049439 0.010986 -9.657006
3322 1444830526.375444 -0.049439 0.010986 -9.481224
3323 1444830526.385262 -0.049439 -0.076904 -9.217552
3324 1444830526.395583 -0.049439 -0.076904 -9.04177
3325 1444830526.403564 -0.049439 -0.076904 -8.778098
3326 1444830526.416088 -0.049439 -0.076904 -8.602316
3327 1444830526.426679 -0.049439 -0.076904 -8.514425
3328 1444830526.438421 -0.049439 0.010986 -8.426534
3329 1444830526.448510 -0.049439 0.010986 -8.426534
3330 1444830526.459133 -0.049439 0.010986 -8.426534
3331 1444830526.468678 -0.049439 0.010986 -8.426534
3332 1444830526.478695 -0.049439 0.010986 -8.426534
3333 1444830526.488792 -0.049439 0.010986 -8.514425
3334 1444830526.498964 -0.049439 0.010986 -8.602316
3335 1444830526.509240 -0.049439 0.010986 -8.690207
3336 1444830526.519034 -0.049439 0.010986 -8.778098
3337 1444830526.529132 -0.049439 0.010986 -8.865988
3338 1444830526.539438 -0.049439 0.010986 -8.953879
3339 1444830526.549824 -0.049439 -0.076904 -9.129661
3340 1444830526.559844 -0.049439 -0.076904 -9.305443
3341 1444830526.569804 -0.049439 -0.076904 -9.393333
3342 1444830526.579870 -0.049439 -0.076904 -9.569115
3343 1444830526.589895 -0.049439 -0.076904 -9.744897
3344 1444830526.600082 -0.049439 0.010986 -9.832788
3345 1444830526.610226 -0.049439 0.010986 -9.920679
3346 1444830526.620256 -0.049439 0.010986 -10.09646
3347 1444830526.630377 -0.049439 0.010986 -10.184351
3348 1444830526.640460 0.038452 0.010986 -10.272242
3349 1444830526.650651 0.038452 0.010986 -10.360133
3350 1444830526.660602 0.038452 0.010986 -10.448024
3351 1444830526.670683 -0.049439 0.010986 -10.535914
3352 1444830526.680849 0.038452 0.010986 -10.623805
3353 1444830526.690993 -0.049439 0.010986 -10.711696
3354 1444830526.701213 -0.049439 0.010986 -10.799587
3355 1444830526.708385 -0.049439 0.010986 -10.799587
3356 1444830526.721310 -0.049439 0.010986 -10.799587
3357 1444830526.731409 -0.049439 0.010986 -10.799587
3358 1444830526.741563 -0.049439 0.010986 -10.799587
3359 1444830526.751736 -0.049439 0.010986 -10.799587
3360 1444830526.761914 -0.049439 0.010986 -10.799587
3361 1444830526.772013 -0.049439 0.010986 -10.711696
3362 1444830526.782150 -0.049439 0.010986 -10.711696
3363 1444830526.789556 -0.049439 0.010986 -10.711696
3364 1444830526.794268 -0.049439 0.010986 -10.711696
3365 1444830526.808481 -0.049439 0.010986 -10.711696
3366 1444830526.819946 -0.049439 0.010986 -10.711696
3367 1444830526.830034 -0.049439 0.010986 -10.623805
3368 1444830526.839900 -0.049439 0.010986 -10.711696
3369 1444830526.850562 0.038452 0.010986 -10.711696
3370 1444830526.860683 0.038452 0.010986 -10.623805
3371 1444830526.870458 -0.049439 0.010986 -10.711696
3372 1444830526.880409 -0.049439 0.010986 -10.623805
3373 1444830526.890655 -0.049439 0.010986 -10.623805
3374 1444830526.900876 -0.049439 0.010986 -10.623805
3375 1444830526.910996 -0.049439 0.010986 -10.623805
3376 1444830526.921060 0.038452 0.010986 -10.623805
3377 1444830526.931348 0.038452 0.098877 -10.623805
3378 1444830526.941490 0.038452 0.098877 -10.623805
3379 1444830526.951788 0.038452 0.098877 -10.623805
3380 1444830526.958403 0.038452 0.010986 -10.623805
3381 1444830526.971965 -0.049439 0.010986 -10.535914
3382 1444830526.982143 -0.049439 0.010986 -10.535914
3383 1444830526.988311 -0.049439 0.010986 -10.535914
3384 1444830527.003353 -0.049439 0.010986 -10.535914
3385 1444830527.013354 -0.049439 0.010986 -10.535914
3386 1444830527.023162 0.038452 0.010986 -10.448024
3387 1444830527.033307 0.038452 0.010986 -10.535914
3388 1444830527.043402 -0.049439 0.010986 -10.448024
3389 1444830527.053719 0.038452 0.098877 -10.448024
3390 1444830527.063616 0.038452 0.098877 -10.448024
3391 1444830527.073818 -0.049439 0.098877 -10.448024
3392 1444830527.083863 -0.049439 0.098877 -10.360133
3393 1444830527.093788 -0.049439 0.098877 -10.360133
3394 1444830527.103973 -0.049439 0.098877 -10.360133
3395 1444830527.114086 0.038452 0.098877 -10.360133
3396 1444830527.124243 0.038452 0.098877 -10.272242
3397 1444830527.134563 0.038452 0.098877 -10.272242
3398 1444830527.139566 0.038452 0.098877 -10.272242
3399 1444830527.149685 0.038452 0.098877 -10.272242
3400 1444830527.159623 0.038452 0.010986 -10.272242
3401 1444830527.169967 0.038452 0.098877 -10.184351
3402 1444830527.180130 0.038452 0.010986 -10.184351
3403 1444830527.190270 -0.049439 0.098877 -10.184351
3404 1444830527.200477 0.038452 0.010986 -10.09646
3405 1444830527.208388 -0.049439 0.010986 -10.09646
3406 1444830527.220397 -0.049439 0.010986 -10.09646
3407 1444830527.230638 -0.049439 0.010986 -10.09646
3408 1444830527.241024 -0.049439 0.010986 -10.09646
3409 1444830527.251301 -0.049439 0.010986 -10.008569
3410 1444830527.258276 -0.049439 0.010986 -10.008569
3411 1444830527.271567 -0.049439 0.010986 -10.008569
3412 1444830527.281985 -0.049439 0.010986 -10.008569
3413 1444830527.288280 -0.049439 0.010986 -10.008569
3414 1444830527.303614 -0.049439 0.010986 -10.008569
3415 1444830527.308974 -0.049439 0.010986 -10.008569
3416 1444830527.318589 -0.049439 0.010986 -10.008569
3417 1444830527.333281 -0.049439 0.098877 -10.09646
3418 1444830527.343847 -0.049439 0.010986 -10.008569
3419 1444830527.353915 -0.049439 0.098877 -10.008569
3420 1444830527.363977 -0.049439 0.010986 -10.008569
3421 1444830527.373566 -0.049439 0.010986 -10.008569
3422 1444830527.383664 -0.049439 0.010986 -10.008569
3423 1444830527.393819 -0.049439 0.010986 -10.008569
3424 1444830527.404895 -0.049439 0.010986 -10.008569
3425 1444830527.414913 -0.049439 0.010986 -10.008569
3426 1444830527.425230 -0.049439 0.098877 -10.008569
3427 1444830527.435178 -0.049439 0.010986 -10.008569
3428 1444830527.445379 -0.049439 0.010986 -10.008569
3429 1444830527.455580 -0.049439 0.010986 -10.008569
3430 1444830527.465257 -0.049439 0.010986 -10.008569
3431 1444830527.475383 -0.049439 0.010986 -10.008569
3432 1444830527.485597 -0.049439 0.010986 -10.008569
3433 1444830527.495628 -0.049439 0.010986 -10.008569
3434 1444830527.505936 -0.049439 0.010986 -10.09646
3435 1444830527.515923 -0.049439 0.010986 -10.09646
3436 1444830527.526114 -0.049439 0.010986 -10.09646
3437 1444830527.536134 -0.049439 0.010986 -10.09646
3438 1444830527.546272 -0.049439 0.098877 -10.09646
3439 1444830527.556459 -0.049439 0.098877 -10.09646
3440 1444830527.566548 -0.049439 0.098877 -10.09646
3441 1444830527.576778 -0.049439 0.010986 -10.09646
3442 1444830527.586902 -0.049439 0.010986 -10.09646
3443 1444830527.597018 -0.049439 0.010986 -10.09646
3444 1444830527.603523 -0.049439 0.010986 -10.09646
3445 1444830527.613283 -0.049439 0.098877 -10.09646
3446 1444830527.623311 -0.049439 0.010986 -10.09646
3447 1444830527.638160 -0.049439 0.010986 -10.184351
3448 1444830527.648285 -0.049439 0.010986 -10.184351
3449 1444830527.659391 -0.049439 0.010986 -10.184351
3450 1444830527.668418 -0.049439 -0.076904 -10.184351
3451 1444830527.679402 -0.049439 -0.076904 -10.272242
3452 1444830527.689632 -0.049439 -0.076904 -10.272242
3453 1444830527.699608 -0.049439 -0.076904 -10.272242
3454 1444830527.703909 -0.049439 -0.076904 -10.360133
3455 1444830527.719793 -0.049439 -0.076904 -10.360133
3456 1444830527.729951 -0.049439 -0.076904 -10.360133
3457 1444830527.739693 -0.137329 -0.164795 -10.360133
3458 1444830527.744182 -0.049439 -0.076904 -10.360133
3459 1444830527.760215 -0.049439 -0.164795 -10.360133
3460 1444830527.770252 -0.137329 -0.164795 -10.448024
3461 1444830527.780307 -0.049439 -0.164795 -10.360133
3462 1444830527.790414 -0.137329 -0.164795 -10.448024
3463 1444830527.800749 -0.049439 -0.076904 -10.448024
3464 1444830527.810892 -0.049439 -0.076904 -10.448024
3465 1444830527.820943 -0.049439 -0.076904 -10.448024
3466 1444830527.831061 -0.049439 -0.164795 -10.448024
3467 1444830527.835918 -0.049439 -0.076904 -10.448024
3468 1444830527.846077 -0.049439 -0.076904 -10.448024
3469 1444830527.853974 -0.049439 -0.076904 -10.448024
3470 1444830527.864119 -0.049439 -0.076904 -10.448024
3471 1444830527.873186 -0.049439 -0.076904 -10.448024
3472 1444830527.884055 -0.049439 -0.076904 -10.448024
3473 1444830527.893384 -0.049439 -0.076904 -10.448024
3474 1444830527.908245 -0.049439 -0.076904 -10.448024
3475 1444830527.914335 -0.049439 -0.076904 -10.448024
3476 1444830527.928604 -0.049439 -0.076904 -10.448024
3477 1444830527.938814 -0.049439 -0.076904 -10.448024
3478 1444830527.948580 -0.049439 -0.076904 -10.448024
3479 1444830527.958859 -0.049439 -0.076904 -10.448024
3480 1444830527.968917 -0.049439 -0.076904 -10.448024
3481 1444830527.979330 -0.049439 -0.076904 -10.448024
3482 1444830527.989567 -0.049439 -0.076904 -10.448024
3483 1444830528.000254 -0.049439 -0.164795 -10.448024
3484 1444830528.009844 -0.049439 -0.164795 -10.448024
3485 1444830528.020037 -0.049439 -0.076904 -10.448024
3486 1444830528.030131 -0.049439 -0.076904 -10.448024
3487 1444830528.040263 -0.049439 -0.076904 -10.448024
3488 1444830528.050436 -0.049439 -0.076904 -10.448024
3489 1444830528.060444 -0.049439 -0.076904 -10.448024
3490 1444830528.070596 -0.049439 -0.076904 -10.448024
3491 1444830528.080788 -0.049439 -0.076904 -10.448024
3492 1444830528.090910 -0.049439 -0.076904 -10.448024
3493 1444830528.101076 -0.049439 -0.076904 -10.448024
3494 1444830528.111135 -0.137329 -0.076904 -10.448024
3495 1444830528.121287 -0.049439 -0.164795 -10.448024
3496 1444830528.131308 -0.137329 -0.076904 -10.448024
3497 1444830528.142099 -0.049439 -0.076904 -10.535914
3498 1444830528.151946 -0.049439 -0.076904 -10.448024
3499 1444830528.162416 -0.137329 -0.076904 -10.535914
3500 1444830528.173349 -0.049439 -0.076904 -10.448024
3501 1444830528.178408 -0.137329 -0.076904 -10.448024
3502 1444830528.188367 -0.137329 -0.076904 -10.448024
3503 1444830528.198616 -0.137329 -0.076904 -10.448024
3504 1444830528.213919 -0.137329 -0.076904 -10.448024
3505 1444830528.223919 -0.137329 -0.076904 -10.448024
3506 1444830528.234004 -0.049439 -0.076904 -10.448024
3507 1444830528.244086 -0.049439 -0.164795 -10.448024
3508 1444830528.249513 -0.049439 -0.076904 -10.448024
3509 1444830528.264330 -0.049439 -0.164795 -10.448024
3510 1444830528.274455 -0.049439 -0.076904 -10.448024
3511 1444830528.284524 -0.049439 -0.076904 -10.448024
3512 1444830528.294635 -0.049439 -0.076904 -10.448024
3513 1444830528.300096 -0.049439 -0.076904 -10.448024
3514 1444830528.310070 -0.049439 -0.076904 -10.448024
3515 1444830528.320132 -0.049439 -0.076904 -10.448024
3516 1444830528.329815 -0.049439 -0.076904 -10.448024
3517 1444830528.340266 -0.049439 -0.076904 -10.448024
3518 1444830528.350079 -0.049439 -0.076904 -10.448024
3519 1444830528.358215 -0.049439 -0.076904 -10.448024
3520 1444830528.370323 -0.049439 -0.076904 -10.448024
3521 1444830528.380270 -0.049439 -0.076904 -10.448024
3522 1444830528.390645 -0.049439 -0.076904 -10.448024
3523 1444830528.400566 -0.049439 -0.076904 -10.448024
3524 1444830528.410206 -0.049439 -0.076904 -10.448024
3525 1444830528.418281 -0.049439 -0.076904 -10.448024
3526 1444830528.428408 -0.049439 -0.076904 -10.448024
3527 1444830528.441394 -0.049439 -0.076904 -10.448024
3528 1444830528.451709 -0.049439 -0.076904 -10.448024
3529 1444830528.458161 -0.049439 -0.076904 -10.448024
3530 1444830528.471911 -0.049439 -0.076904 -10.448024
3531 1444830528.483176 -0.049439 -0.076904 -10.448024
3532 1444830528.493074 -0.049439 -0.076904 -10.448024
3533 1444830528.503629 -0.137329 -0.076904 -10.448024
3534 1444830528.513466 -0.049439 -0.076904 -10.448024
3535 1444830528.523612 -0.049439 -0.076904 -10.448024
3536 1444830528.533784 -0.049439 -0.076904 -10.448024
3537 1444830528.543965 -0.049439 -0.076904 -10.448024
3538 1444830528.554133 -0.049439 -0.076904 -10.448024
3539 1444830528.564082 -0.049439 -0.076904 -10.448024
3540 1444830528.574182 -0.049439 -0.076904 -10.448024
3541 1444830528.584329 -0.049439 -0.076904 -10.448024
3542 1444830528.595065 -0.049439 -0.076904 -10.448024
3543 1444830528.605579 -0.049439 -0.076904 -10.448024
3544 1444830528.615476 -0.049439 -0.076904 -10.448024
3545 1444830528.625615 -0.049439 -0.076904 -10.448024
3546 1444830528.635898 -0.049439 -0.076904 -10.448024
3547 1444830528.645912 -0.049439 0.010986 -10.448024
3548 1444830528.656036 -0.049439 0.010986 -10.448024
3549 1444830528.666149 -0.049439 0.010986 -10.360133
3550 1444830528.676359 -0.049439 0.010986 -10.448024
3551 1444830528.686426 -0.049439 0.010986 -10.360133
3552 1444830528.696559 -0.049439 0.010986 -10.360133
3553 1444830528.706671 0.038452 0.010986 -10.360133
3554 1444830528.716898 -0.049439 0.010986 -10.360133
3555 1444830528.727094 -0.049439 0.010986 -10.360133
3556 1444830528.737207 -0.049439 0.010986 -10.360133
3557 1444830528.747312 -0.049439 0.098877 -10.360133
3558 1444830528.753176 0.038452 0.098877 -10.360133
3559 1444830528.763290 0.038452 0.098877 -10.272242
3560 1444830528.773367 0.038452 0.098877 -10.272242
3561 1444830528.783551 0.038452 0.098877 -10.272242
3562 1444830528.793635 0.038452 0.098877 -10.272242
3563 1444830528.803850 0.038452 0.098877 -10.360133
3564 1444830528.813824 0.038452 0.098877 -10.272242
3565 1444830528.823854 0.038452 0.098877 -10.272242
3566 1444830528.834022 0.038452 0.098877 -10.360133
3567 1444830528.844044 0.038452 0.098877 -10.272242
3568 1444830528.854120 0.038452 0.098877 -10.272242
3569 1444830528.864223 0.038452 0.098877 -10.272242
3570 1444830528.874514 0.038452 0.098877 -10.272242
3571 1444830528.884693 0.038452 0.186768 -10.272242
3572 1444830528.894673 0.038452 0.098877 -10.272242
3573 1444830528.904681 0.038452 0.098877 -10.272242
3574 1444830528.914787 0.038452 0.098877 -10.272242
3575 1444830528.926350 0.038452 0.186768 -10.272242
3576 1444830528.935678 0.038452 0.098877 -10.272242
3577 1444830528.945381 0.038452 0.098877 -10.272242
3578 1444830528.953561 0.038452 0.098877 -10.272242
3579 1444830528.965330 0.038452 0.098877 -10.272242
3580 1444830528.976049 0.038452 0.186768 -10.272242
3581 1444830528.986184 0.038452 0.098877 -10.272242
3582 1444830528.996174 0.038452 0.098877 -10.272242
3583 1444830529.008364 0.038452 0.098877 -10.272242
3584 1444830529.014139 0.038452 0.098877 -10.272242
3585 1444830529.028255 0.038452 0.098877 -10.272242
3586 1444830529.038478 0.038452 0.098877 -10.272242
3587 1444830529.048638 0.038452 0.186768 -10.272242
3588 1444830529.058940 0.038452 0.098877 -10.272242
3589 1444830529.068999 0.038452 0.098877 -10.272242
3590 1444830529.079055 0.038452 0.098877 -10.272242
3591 1444830529.089574 0.038452 0.186768 -10.272242
3592 1444830529.099682 0.038452 0.098877 -10.272242
3593 1444830529.109691 0.038452 0.098877 -10.272242
3594 1444830529.119987 0.038452 0.098877 -10.272242
3595 1444830529.129822 0.126343 0.098877 -10.272242
3596 1444830529.139858 0.038452 0.186768 -10.272242
3597 1444830529.150172 0.038452 0.186768 -10.272242
3598 1444830529.160297 0.126343 0.186768 -10.272242
3599 1444830529.170313 0.126343 0.186768 -10.272242
3600 1444830529.180286 0.126343 0.098877 -10.272242
3601 1444830529.190439 0.038452 0.098877 -10.272242
3602 1444830529.200823 0.126343 0.098877 -10.272242
3603 1444830529.210844 0.126343 0.098877 -10.272242
3604 1444830529.220793 0.126343 0.186768 -10.272242
3605 1444830529.230834 0.038452 0.098877 -10.272242
3606 1444830529.240942 0.126343 0.098877 -10.272242
3607 1444830529.251137 0.126343 0.098877 -10.272242
3608 1444830529.261354 0.038452 0.098877 -10.272242
3609 1444830529.271336 0.038452 0.098877 -10.272242
3610 1444830529.281379 0.038452 0.186768 -10.272242
3611 1444830529.286464 0.038452 0.186768 -10.272242
3612 1444830529.299925 0.038452 0.186768 -10.272242
3613 1444830529.303941 0.038452 0.186768 -10.272242
3614 1444830529.313800 0.038452 0.186768 -10.272242
3615 1444830529.326880 0.038452 0.098877 -10.272242
3616 1444830529.333090 0.038452 0.098877 -10.272242
3617 1444830529.343342 0.038452 0.098877 -10.272242
3618 1444830529.358758 0.038452 0.098877 -10.272242
3619 1444830529.368528 0.038452 0.186768 -10.272242
3620 1444830529.378637 0.038452 0.098877 -10.272242
3621 1444830529.388773 0.038452 0.098877 -10.272242
3622 1444830529.398834 0.038452 0.098877 -10.272242
3623 1444830529.408338 0.126343 0.098877 -10.272242
3624 1444830529.418829 0.038452 0.186768 -10.272242
3625 1444830529.429031 0.038452 0.186768 -10.272242
3626 1444830529.439454 0.038452 0.098877 -10.272242
3627 1444830529.449490 0.038452 0.098877 -10.272242
3628 1444830529.459749 0.038452 0.098877 -10.272242
3629 1444830529.469711 0.126343 0.186768 -10.272242
3630 1444830529.480039 0.038452 0.186768 -10.272242
3631 1444830529.489988 0.126343 0.186768 -10.272242
3632 1444830529.500161 0.126343 0.186768 -10.272242
3633 1444830529.511090 0.126343 0.186768 -10.272242
3634 1444830529.520256 0.126343 0.098877 -10.360133
3635 1444830529.530231 0.126343 0.098877 -10.360133
3636 1444830529.540216 0.126343 0.098877 -10.360133
3637 1444830529.551105 0.126343 0.098877 -10.360133
3638 1444830529.558220 0.126343 0.098877 -10.360133
3639 1444830529.570612 0.126343 0.098877 -10.360133
3640 1444830529.581469 0.038452 0.098877 -10.360133
3641 1444830529.591775 0.126343 0.098877 -10.360133
3642 1444830529.598476 0.038452 0.098877 -10.272242
3643 1444830529.608942 0.038452 0.098877 -10.272242
3644 1444830529.618678 0.038452 0.098877 -10.272242
3645 1444830529.628733 0.038452 0.098877 -10.272242
3646 1444830529.643057 0.126343 0.098877 -10.272242
3647 1444830529.653566 0.126343 0.098877 -10.272242
3648 1444830529.663681 0.126343 0.098877 -10.272242
3649 1444830529.673586 0.126343 0.098877 -10.272242
3650 1444830529.683699 0.126343 0.098877 -10.272242
3651 1444830529.689495 0.126343 0.098877 -10.272242
3652 1444830529.699623 0.126343 0.098877 -10.272242
3653 1444830529.709807 0.126343 0.098877 -10.272242
3654 1444830529.719783 0.126343 0.098877 -10.272242
3655 1444830529.729846 0.126343 0.098877 -10.272242
3656 1444830529.740113 0.126343 0.186768 -10.272242
3657 1444830529.750529 0.126343 0.098877 -10.272242
3658 1444830529.760387 0.126343 0.098877 -10.272242
3659 1444830529.770480 0.126343 0.098877 -10.272242
3660 1444830529.780588 0.126343 0.098877 -10.272242
3661 1444830529.790666 0.126343 0.098877 -10.272242
3662 1444830529.800878 0.038452 0.098877 -10.184351
3663 1444830529.810946 0.038452 0.098877 -10.184351
3664 1444830529.821077 0.126343 0.098877 -10.184351
3665 1444830529.831217 0.038452 0.098877 -10.184351
3666 1444830529.843320 0.038452 0.098877 -10.184351
3667 1444830529.851532 0.038452 0.098877 -10.184351
3668 1444830529.863825 0.038452 0.098877 -10.184351
3669 1444830529.871810 0.038452 0.098877 -10.184351
3670 1444830529.883577 0.038452 0.098877 -10.09646
3671 1444830529.893304 0.038452 0.098877 -10.09646
3672 1444830529.904570 0.038452 0.010986 -10.09646
3673 1444830529.914221 0.038452 0.010986 -10.09646
3674 1444830529.923975 0.038452 0.010986 -10.008569
3675 1444830529.933540 0.038452 0.010986 -10.008569
3676 1444830529.944228 0.038452 0.010986 -10.008569
3677 1444830529.954646 0.038452 0.010986 -10.008569
3678 1444830529.964879 -0.049439 0.010986 -10.008569
3679 1444830529.974152 -0.049439 0.010986 -10.008569
3680 1444830529.984497 -0.049439 0.010986 -10.008569
3681 1444830529.994594 -0.049439 0.010986 -10.008569
3682 1444830530.004896 -0.049439 0.010986 -10.008569
3683 1444830530.014701 -0.049439 -0.076904 -10.008569
3684 1444830530.024729 -0.049439 0.010986 -9.920679
3685 1444830530.035164 -0.049439 -0.076904 -10.008569
3686 1444830530.045168 -0.049439 -0.076904 -10.008569
3687 1444830530.055677 -0.049439 -0.076904 -10.008569
3688 1444830530.065723 -0.049439 0.010986 -9.920679
3689 1444830530.075743 -0.049439 -0.076904 -9.920679
3690 1444830530.085927 -0.049439 -0.076904 -10.008569
3691 1444830530.095989 -0.049439 0.010986 -9.920679
3692 1444830530.106161 0.038452 -0.076904 -10.008569
3693 1444830530.116193 -0.049439 0.010986 -10.008569
3694 1444830530.126478 0.038452 0.010986 -9.920679
3695 1444830530.131866 0.038452 0.010986 -10.008569
3696 1444830530.141991 -0.049439 0.010986 -10.008569
3697 1444830530.153114 0.038452 0.010986 -10.008569
3698 1444830530.163084 0.038452 0.010986 -10.008569
3699 1444830530.168040 0.038452 -0.076904 -10.008569
3700 1444830530.183179 0.038452 -0.076904 -10.008569
3701 1444830530.193306 -0.049439 -0.076904 -10.008569
3702 1444830530.203568 -0.049439 -0.076904 -10.008569
3703 1444830530.213475 -0.049439 -0.164795 -10.09646
3704 1444830530.223629 -0.049439 -0.076904 -10.09646
3705 1444830530.233676 -0.049439 -0.164795 -10.09646
3706 1444830530.243790 -0.049439 -0.164795 -10.184351
3707 1444830530.254379 -0.137329 -0.252686 -10.184351
3708 1444830530.264394 -0.137329 -0.252686 -10.184351
3709 1444830530.274348 -0.137329 -0.252686 -10.272242
3710 1444830530.284477 -0.137329 -0.252686 -10.272242
3711 1444830530.294577 -0.137329 -0.252686 -10.360133
3712 1444830530.304657 -0.22522 -0.340577 -10.360133
3713 1444830530.314413 -0.22522 -0.340577 -10.360133
3714 1444830530.325141 -0.22522 -0.340577 -10.448024
3715 1444830530.335001 -0.22522 -0.340577 -10.448024
3716 1444830530.344971 -0.22522 -0.340577 -10.448024
3717 1444830530.353588 -0.22522 -0.340577 -10.448024
3718 1444830530.363735 -0.22522 -0.340577 -10.448024
3719 1444830530.375140 -0.137329 -0.340577 -10.448024
3720 1444830530.385479 -0.22522 -0.340577 -10.448024
3721 1444830530.395521 -0.22522 -0.340577 -10.448024
3722 1444830530.405500 -0.137329 -0.340577 -10.535914
3723 1444830530.415601 -0.137329 -0.252686 -10.535914
3724 1444830530.425813 -0.137329 -0.340577 -10.535914
3725 1444830530.435843 -0.137329 -0.340577 -10.535914
3726 1444830530.446054 -0.137329 -0.252686 -10.535914
3727 1444830530.456070 -0.137329 -0.252686 -10.535914
3728 1444830530.464312 -0.137329 -0.252686 -10.535914
3729 1444830530.478111 -0.137329 -0.252686 -10.535914
3730 1444830530.488211 -0.137329 -0.252686 -10.535914
3731 1444830530.498569 -0.137329 -0.252686 -10.535914
3732 1444830530.508721 -0.137329 -0.252686 -10.535914
3733 1444830530.518623 -0.137329 -0.252686 -10.535914
3734 1444830530.528668 -0.137329 -0.252686 -10.535914
3735 1444830530.538786 -0.137329 -0.252686 -10.535914
3736 1444830530.548912 -0.137329 -0.252686 -10.623805
3737 1444830530.559037 -0.137329 -0.252686 -10.623805
3738 1444830530.569412 -0.137329 -0.252686 -10.623805
3739 1444830530.579499 -0.137329 -0.252686 -10.623805
3740 1444830530.589559 -0.137329 -0.252686 -10.623805
3741 1444830530.595409 -0.137329 -0.252686 -10.623805
3742 1444830530.609889 -0.137329 -0.252686 -10.623805
3743 1444830530.619867 -0.049439 -0.252686 -10.623805
3744 1444830530.629994 -0.137329 -0.252686 -10.623805
3745 1444830530.635677 -0.137329 -0.252686 -10.623805
3746 1444830530.645663 -0.137329 -0.164795 -10.623805
3747 1444830530.655859 -0.049439 -0.164795 -10.623805
3748 1444830530.665715 -0.049439 -0.252686 -10.623805
3749 1444830530.675857 -0.049439 -0.252686 -10.623805
3750 1444830530.685884 -0.049439 -0.252686 -10.623805
3751 1444830530.695982 -0.049439 -0.164795 -10.623805
3752 1444830530.705992 -0.049439 -0.164795 -10.623805
3753 1444830530.716055 -0.049439 -0.164795 -10.623805
3754 1444830530.726337 -0.049439 -0.164795 -10.623805
3755 1444830530.736455 -0.049439 -0.164795 -10.623805
3756 1444830530.746586 -0.049439 -0.164795 -10.623805
3757 1444830530.756751 -0.049439 -0.164795 -10.623805
3758 1444830530.766800 -0.049439 -0.164795 -10.535914
3759 1444830530.776892 -0.049439 -0.164795 -10.535914
3760 1444830530.787052 -0.049439 -0.164795 -10.535914
3761 1444830530.798151 -0.049439 -0.164795 -10.535914
3762 1444830530.809542 -0.049439 -0.164795 -10.535914
3763 1444830530.818535 -0.049439 -0.164795 -10.535914
3764 1444830530.828414 -0.049439 -0.076904 -10.535914
3765 1444830530.838557 -0.049439 -0.076904 -10.535914
3766 1444830530.849815 -0.049439 -0.076904 -10.448024
3767 1444830530.860098 -0.049439 -0.076904 -10.448024
3768 1444830530.869381 0.038452 -0.076904 -10.448024
3769 1444830530.879245 -0.049439 0.010986 -10.448024
3770 1444830530.889171 0.038452 0.010986 -10.360133
3771 1444830530.899178 0.038452 0.010986 -10.360133
3772 1444830530.909339 0.038452 0.098877 -10.360133
3773 1444830530.919842 0.038452 0.098877 -10.272242
3774 1444830530.930498 0.126343 0.098877 -10.272242
3775 1444830530.939646 0.126343 0.186768 -10.272242
3776 1444830530.951001 0.126343 0.186768 -10.184351
3777 1444830530.960917 0.126343 0.186768 -10.184351
3778 1444830530.970616 0.126343 0.186768 -10.184351
3779 1444830530.980725 0.126343 0.186768 -10.184351
3780 1444830530.990692 0.126343 0.274659 -10.184351
3781 1444830531.000856 0.214234 0.274659 -10.184351
3782 1444830531.011370 0.214234 0.274659 -10.09646
3783 1444830531.018170 0.126343 0.274659 -10.184351
3784 1444830531.028040 0.214234 0.274659 -10.184351
3785 1444830531.038350 0.214234 0.274659 -10.09646
3786 1444830531.048622 0.126343 0.274659 -10.09646
3787 1444830531.059018 0.126343 0.274659 -10.184351
3788 1444830531.068760 0.126343 0.274659 -10.09646
3789 1444830531.078373 0.126343 0.274659 -10.09646
3790 1444830531.089021 0.126343 0.274659 -10.09646
3791 1444830531.103189 0.126343 0.274659 -10.09646
3792 1444830531.113043 0.126343 0.274659 -10.09646
3793 1444830531.123220 0.126343 0.274659 -10.09646
3794 1444830531.133425 0.126343 0.274659 -10.09646
3795 1444830531.143612 0.126343 0.274659 -10.09646
3796 1444830531.149540 0.126343 0.274659 -10.09646
3797 1444830531.160053 0.126343 0.274659 -10.09646
3798 1444830531.169639 0.126343 0.274659 -10.09646
3799 1444830531.179666 0.126343 0.274659 -10.09646
3800 1444830531.189821 0.126343 0.274659 -10.09646
3801 1444830531.200085 0.126343 0.274659 -10.09646
3802 1444830531.210175 0.126343 0.274659 -10.09646
3803 1444830531.220171 0.126343 0.274659 -10.09646
3804 1444830531.230205 0.126343 0.274659 -10.008569
3805 1444830531.240346 0.126343 0.274659 -10.008569
3806 1444830531.250617 0.126343 0.274659 -10.008569
3807 1444830531.260666 0.214234 0.274659 -10.09646
3808 1444830531.270732 0.126343 0.274659 -10.09646
3809 1444830531.280842 0.126343 0.274659 -10.09646
3810 1444830531.290897 0.126343 0.274659 -10.09646
3811 1444830531.303422 0.126343 0.274659 -10.09646
3812 1444830531.314133 0.126343 0.186768 -10.008569
3813 1444830531.323159 0.126343 0.274659 -10.09646
3814 1444830531.333509 0.126343 0.274659 -10.09646
3815 1444830531.343331 0.126343 0.274659 -10.09646
3816 1444830531.354153 0.126343 0.274659 -10.09646
3817 1444830531.363539 0.126343 0.274659 -10.008569
3818 1444830531.373630 0.126343 0.274659 -10.008569
3819 1444830531.383569 0.126343 0.274659 -10.09646
3820 1444830531.393643 0.126343 0.274659 -10.008569
3821 1444830531.403665 0.126343 0.186768 -10.09646
3822 1444830531.413557 0.126343 0.186768 -10.09646
3823 1444830531.423770 0.126343 0.186768 -10.09646
3824 1444830531.434242 0.126343 0.186768 -10.09646
3825 1444830531.444434 0.038452 0.186768 -10.184351
3826 1444830531.454545 0.126343 0.186768 -10.09646
3827 1444830531.464390 0.038452 0.186768 -10.184351
3828 1444830531.474983 0.038452 0.098877 -10.184351
3829 1444830531.484976 0.038452 0.098877 -10.184351
3830 1444830531.494898 0.038452 0.098877 -10.184351
3831 1444830531.504159 0.038452 0.098877 -10.184351
3832 1444830531.513998 0.038452 0.098877 -10.184351
3833 1444830531.525155 0.038452 0.098877 -10.272242
3834 1444830531.535388 0.038452 0.098877 -10.272242
3835 1444830531.545478 0.038452 0.010986 -10.272242
3836 1444830531.555540 -0.049439 0.010986 -10.272242
3837 1444830531.565933 -0.049439 0.010986 -10.360133
3838 1444830531.576094 -0.049439 -0.076904 -10.360133
3839 1444830531.586299 -0.049439 -0.076904 -10.360133
3840 1444830531.596452 -0.049439 -0.076904 -10.360133
3841 1444830531.603255 -0.049439 -0.076904 -10.360133
3842 1444830531.613351 -0.049439 -0.076904 -10.360133
3843 1444830531.623691 -0.049439 -0.164795 -10.448024
3844 1444830531.633553 -0.049439 -0.076904 -10.448024
3845 1444830531.643614 -0.049439 -0.164795 -10.448024
3846 1444830531.654470 -0.049439 -0.164795 -10.448024
3847 1444830531.664788 -0.049439 -0.164795 -10.448024
3848 1444830531.673854 -0.049439 -0.164795 -10.448024
3849 1444830531.683873 -0.049439 -0.164795 -10.448024
3850 1444830531.693980 -0.049439 -0.164795 -10.448024
3851 1444830531.705318 -0.049439 -0.164795 -10.448024
3852 1444830531.714879 -0.049439 -0.164795 -10.448024
3853 1444830531.725555 -0.049439 -0.076904 -10.448024
3854 1444830531.735141 -0.049439 -0.164795 -10.448024
3855 1444830531.745510 -0.049439 -0.164795 -10.448024
3856 1444830531.755856 -0.049439 -0.164795 -10.448024
3857 1444830531.764977 -0.049439 -0.164795 -10.448024
3858 1444830531.774874 -0.049439 -0.164795 -10.448024
3859 1444830531.785962 -0.049439 -0.164795 -10.448024
3860 1444830531.795650 -0.049439 -0.076904 -10.448024
3861 1444830531.806413 -0.049439 -0.076904 -10.448024
3862 1444830531.815712 -0.049439 -0.076904 -10.448024
3863 1444830531.826505 -0.049439 -0.076904 -10.448024
3864 1444830531.836661 -0.049439 -0.164795 -10.448024
3865 1444830531.846006 -0.049439 -0.164795 -10.448024
3866 1444830531.856358 -0.049439 -0.164795 -10.448024
3867 1444830531.866346 -0.049439 -0.164795 -10.448024
3868 1444830531.876340 -0.049439 -0.076904 -10.448024
3869 1444830531.886466 -0.049439 -0.076904 -10.448024
3870 1444830531.896527 -0.049439 -0.076904 -10.535914
3871 1444830531.906678 -0.049439 -0.076904 -10.448024
3872 1444830531.913595 -0.049439 -0.076904 -10.448024
3873 1444830531.923326 -0.049439 -0.164795 -10.448024
3874 1444830531.938260 -0.049439 -0.076904 -10.448024
3875 1444830531.948392 -0.049439 -0.076904 -10.448024
3876 1444830531.958532 -0.049439 -0.076904 -10.448024
3877 1444830531.968379 -0.049439 -0.164795 -10.448024
3878 1444830531.978502 -0.049439 -0.076904 -10.448024
3879 1444830531.988625 -0.049439 -0.076904 -10.448024
3880 1444830531.998649 -0.049439 -0.076904 -10.448024
3881 1444830532.008863 -0.049439 -0.076904 -10.535914
3882 1444830532.019021 -0.049439 -0.164795 -10.448024
3883 1444830532.028776 -0.049439 -0.164795 -10.535914
3884 1444830532.037495 -0.049439 -0.164795 -10.448024
3885 1444830532.044375 -0.049439 -0.076904 -10.448024
3886 1444830532.054682 -0.049439 -0.164795 -10.448024
3887 1444830532.069409 -0.049439 -0.076904 -10.448024
3888 1444830532.079515 -0.049439 -0.076904 -10.448024
3889 1444830532.089594 -0.049439 -0.164795 -10.535914
3890 1444830532.095111 -0.049439 -0.076904 -10.535914
3891 1444830532.109782 -0.049439 -0.164795 -10.448024
3892 1444830532.115593 -0.049439 -0.076904 -10.448024
3893 1444830532.128112 -0.049439 -0.076904 -10.448024
3894 1444830532.136000 -0.049439 -0.076904 -10.448024
3895 1444830532.148384 -0.049439 -0.076904 -10.448024
3896 1444830532.158765 -0.049439 -0.076904 -10.448024
3897 1444830532.166687 -0.049439 -0.076904 -10.448024
3898 1444830532.176683 -0.049439 -0.076904 -10.448024
3899 1444830532.188305 -0.049439 -0.076904 -10.448024
3900 1444830532.198506 -0.049439 -0.076904 -10.448024
3901 1444830532.209952 -0.049439 -0.076904 -10.448024
3902 1444830532.218762 -0.049439 -0.076904 -10.448024
3903 1444830532.228652 -0.049439 -0.076904 -10.448024
3904 1444830532.238849 -0.049439 -0.076904 -10.448024
3905 1444830532.248731 -0.049439 -0.076904 -10.448024
3906 1444830532.260242 -0.049439 -0.076904 -10.448024
3907 1444830532.269136 -0.049439 -0.076904 -10.448024
3908 1444830532.279071 -0.049439 -0.076904 -10.360133
3909 1444830532.288812 -0.049439 -0.076904 -10.360133
3910 1444830532.299136 -0.049439 -0.076904 -10.360133
3911 1444830532.309926 0.038452 0.010986 -10.360133
3912 1444830532.319852 -0.049439 0.010986 -10.360133
3913 1444830532.329695 -0.049439 0.010986 -10.360133
3914 1444830532.340032 0.038452 0.010986 -10.360133
3915 1444830532.350729 0.038452 0.010986 -10.360133
3916 1444830532.360537 0.038452 0.010986 -10.272242
3917 1444830532.370301 0.038452 0.010986 -10.272242
3918 1444830532.380461 0.038452 0.010986 -10.272242
3919 1444830532.390480 0.038452 0.098877 -10.272242
3920 1444830532.401152 0.038452 0.098877 -10.272242
3921 1444830532.411208 0.038452 0.098877 -10.272242
3922 1444830532.420989 0.038452 0.098877 -10.272242
3923 1444830532.431046 0.038452 0.098877 -10.272242
3924 1444830532.441030 0.038452 0.098877 -10.272242
3925 1444830532.451764 0.038452 0.098877 -10.272242
3926 1444830532.458361 0.038452 0.098877 -10.272242
3927 1444830532.471654 0.038452 0.098877 -10.272242
3928 1444830532.481779 0.038452 0.098877 -10.272242
3929 1444830532.488025 0.038452 0.098877 -10.272242
3930 1444830532.502151 0.038452 0.010986 -10.272242
3931 1444830532.510075 0.038452 0.098877 -10.272242
3932 1444830532.518978 0.038452 0.098877 -10.272242
3933 1444830532.530166 0.038452 0.098877 -10.272242
3934 1444830532.538798 0.038452 0.098877 -10.272242
3935 1444830532.548621 0.038452 0.098877 -10.272242
3936 1444830532.559212 0.038452 0.098877 -10.272242
3937 1444830532.568845 0.038452 0.098877 -10.272242
3938 1444830532.578759 0.038452 0.010986 -10.272242
3939 1444830532.588952 0.038452 0.098877 -10.272242
3940 1444830532.599375 0.038452 0.010986 -10.272242
3941 1444830532.610775 0.038452 0.098877 -10.272242
3942 1444830532.619237 0.038452 0.010986 -10.272242
3943 1444830532.629170 0.038452 0.098877 -10.272242
3944 1444830532.639622 0.038452 0.010986 -10.272242
3945 1444830532.651679 0.038452 0.010986 -10.272242
3946 1444830532.663381 0.038452 0.010986 -10.272242
3947 1444830532.671422 0.038452 0.010986 -10.272242
3948 1444830532.681467 0.038452 0.010986 -10.272242
3949 1444830532.691416 0.038452 0.010986 -10.272242
3950 1444830532.701894 0.038452 0.010986 -10.272242
3951 1444830532.713430 0.038452 0.010986 -10.184351
3952 1444830532.721318 0.038452 0.010986 -10.272242
3953 1444830532.730944 0.038452 0.010986 -10.272242
3954 1444830532.741670 0.038452 0.010986 -10.272242
3955 1444830532.753038 -0.049439 0.010986 -10.272242
3956 1444830532.763563 0.038452 0.010986 -10.272242
3957 1444830532.773428 0.038452 0.010986 -10.272242
3958 1444830532.783719 0.038452 0.010986 -10.272242
3959 1444830532.793507 0.038452 0.010986 -10.272242
3960 1444830532.804234 0.038452 0.010986 -10.272242
3961 1444830532.813886 0.038452 0.010986 -10.272242
3962 1444830532.824089 0.038452 0.010986 -10.272242
3963 1444830532.834049 0.038452 0.010986 -10.272242
3964 1444830532.843993 0.038452 0.010986 -10.272242
3965 1444830532.853951 0.038452 0.010986 -10.272242
3966 1444830532.864734 0.038452 0.010986 -10.272242
3967 1444830532.874216 0.038452 0.010986 -10.272242
3968 1444830532.884361 0.038452 0.010986 -10.272242
3969 1444830532.894344 0.038452 0.010986 -10.272242
3970 1444830532.904324 0.038452 0.010986 -10.272242
3971 1444830532.913600 0.038452 0.010986 -10.272242
3972 1444830532.920201 0.038452 0.010986 -10.272242
3973 1444830532.930387 0.038452 0.010986 -10.272242
3974 1444830532.940419 0.038452 0.010986 -10.272242
3975 1444830532.953212 0.038452 0.010986 -10.272242
3976 1444830532.964374 -0.049439 0.010986 -10.272242
3977 1444830532.973222 -0.049439 0.010986 -10.272242
3978 1444830532.983969 0.038452 0.010986 -10.272242
3979 1444830532.993506 -0.049439 0.010986 -10.272242
3980 1444830533.004508 0.038452 0.010986 -10.272242
3981 1444830533.014766 0.038452 0.010986 -10.272242
3982 1444830533.023840 0.038452 0.010986 -10.272242
3983 1444830533.033825 0.038452 0.010986 -10.272242
3984 1444830533.044377 0.038452 0.010986 -10.272242
3985 1444830533.055623 0.038452 0.010986 -10.272242
3986 1444830533.065082 0.038452 0.010986 -10.272242
3987 1444830533.073909 0.038452 0.010986 -10.272242
3988 1444830533.084970 0.038452 0.010986 -10.272242
3989 1444830533.094869 0.038452 0.010986 -10.272242
3990 1444830533.098045 0.038452 0.010986 -10.272242
3991 1444830533.115762 0.038452 0.010986 -10.272242
3992 1444830533.126338 0.038452 0.010986 -10.272242
3993 1444830533.135514 0.038452 0.010986 -10.272242
3994 1444830533.145287 0.038452 0.010986 -10.272242
3995 1444830533.155979 0.038452 0.010986 -10.272242
3996 1444830533.165589 0.038452 0.010986 -10.272242
3997 1444830533.175648 0.038452 0.010986 -10.272242
3998 1444830533.185822 0.038452 0.010986 -10.272242
3999 1444830533.196242 0.038452 0.010986 -10.272242
4000 1444830533.205780 0.038452 0.010986 -10.272242
4001 1444830533.216098 0.038452 0.010986 -10.272242
4002 1444830533.226756 0.038452 0.010986 -10.272242
4003 1444830533.236835 0.038452 0.010986 -10.272242
4004 1444830533.246868 0.038452 0.010986 -10.272242
4005 1444830533.257163 0.038452 0.010986 -10.272242
4006 1444830533.263044 0.038452 0.010986 -10.272242
4007 1444830533.277200 0.038452 0.010986 -10.272242
4008 1444830533.283146 0.038452 0.010986 -10.272242
4009 1444830533.293275 0.038452 0.010986 -10.272242
4010 1444830533.303814 0.038452 0.010986 -10.272242
4011 1444830533.313711 0.038452 0.010986 -10.272242
4012 1444830533.323772 0.038452 0.010986 -10.272242
4013 1444830533.333782 0.038452 0.010986 -10.272242
4014 1444830533.343969 0.038452 0.010986 -10.272242
4015 1444830533.354168 0.038452 0.010986 -10.272242
4016 1444830533.364279 0.038452 0.010986 -10.272242
4017 1444830533.374351 0.038452 0.010986 -10.272242
4018 1444830533.384359 0.038452 0.010986 -10.272242
4019 1444830533.395057 0.038452 0.010986 -10.272242
4020 1444830533.405823 0.038452 0.010986 -10.272242
4021 1444830533.415586 -0.049439 0.010986 -10.272242
4022 1444830533.425497 0.038452 0.010986 -10.272242
4023 1444830533.435588 0.038452 0.010986 -10.272242
4024 1444830533.445966 0.038452 0.010986 -10.272242
4025 1444830533.456150 0.038452 0.010986 -10.272242
4026 1444830533.466244 0.038452 0.010986 -10.272242
4027 1444830533.478270 0.038452 0.010986 -10.272242
4028 1444830533.488316 0.038452 0.010986 -10.272242
4029 1444830533.496399 0.038452 0.010986 -10.272242
4030 1444830533.508601 0.038452 0.010986 -10.272242
4031 1444830533.518208 0.038452 0.010986 -10.272242
4032 1444830533.526913 0.038452 0.010986 -10.272242
4033 1444830533.538312 0.038452 0.010986 -10.272242
4034 1444830533.548386 0.038452 0.010986 -10.272242
4035 1444830533.557338 0.038452 0.010986 -10.272242
4036 1444830533.568268 0.038452 0.010986 -10.272242
4037 1444830533.578199 0.038452 0.010986 -10.272242
4038 1444830533.588339 0.038452 0.010986 -10.272242
4039 1444830533.598733 0.038452 0.010986 -10.272242
4040 1444830533.603364 0.038452 0.010986 -10.272242
4041 1444830533.619707 0.038452 0.010986 -10.272242
4042 1444830533.629504 0.038452 0.010986 -10.272242
4043 1444830533.639664 0.038452 0.010986 -10.272242
4044 1444830533.649079 0.038452 0.010986 -10.272242
4045 1444830533.659240 0.038452 0.010986 -10.272242
4046 1444830533.669552 0.038452 0.010986 -10.272242
4047 1444830533.679702 0.038452 0.010986 -10.272242
4048 1444830533.689543 0.038452 0.010986 -10.272242
4049 1444830533.700075 0.038452 0.010986 -10.272242
4050 1444830533.710149 0.038452 0.010986 -10.272242
4051 1444830533.719977 0.038452 0.010986 -10.272242
4052 1444830533.730023 0.038452 0.010986 -10.272242
4053 1444830533.740279 0.038452 0.010986 -10.272242
4054 1444830533.750719 0.038452 0.010986 -10.272242
4055 1444830533.753128 0.038452 0.010986 -10.272242
4056 1444830533.770970 0.038452 0.010986 -10.272242
4057 1444830533.780606 0.038452 0.010986 -10.272242
4058 1444830533.791029 0.038452 0.010986 -10.272242
4059 1444830533.801009 0.038452 0.010986 -10.272242
4060 1444830533.808612 0.038452 0.010986 -10.272242
4061 1444830533.821400 0.038452 0.010986 -10.272242
4062 1444830533.826490 0.038452 0.010986 -10.272242
4063 1444830533.836732 0.038452 0.010986 -10.272242
4064 1444830533.848426 0.038452 0.010986 -10.272242
4065 1444830533.858502 0.038452 0.010986 -10.272242
4066 1444830533.871971 0.038452 0.010986 -10.272242
4067 1444830533.873203 0.038452 0.010986 -10.272242
4068 1444830533.883250 0.038452 0.010986 -10.272242
4069 1444830533.893507 0.038452 0.010986 -10.272242
4070 1444830533.904753 0.038452 0.010986 -10.272242
4071 1444830533.914631 0.038452 0.010986 -10.272242
4072 1444830533.928981 0.038452 0.010986 -10.272242
4073 1444830533.939348 0.038452 0.010986 -10.272242
4074 1444830533.949980 0.038452 0.010986 -10.272242
4075 1444830533.960634 0.038452 0.010986 -10.272242
4076 1444830533.970391 0.038452 0.010986 -10.272242
4077 1444830533.980533 0.038452 0.098877 -10.272242
4078 1444830533.990646 0.038452 0.010986 -10.272242
4079 1444830534.001038 0.038452 0.010986 -10.272242
4080 1444830534.010793 0.038452 0.010986 -10.272242
4081 1444830534.021002 0.038452 0.010986 -10.272242
4082 1444830534.030968 0.038452 0.010986 -10.272242
4083 1444830534.041150 0.038452 0.010986 -10.272242
4084 1444830534.051430 0.038452 0.010986 -10.272242
4085 1444830534.061395 0.038452 0.010986 -10.272242
4086 1444830534.071588 0.038452 0.010986 -10.272242
4087 1444830534.081655 0.038452 0.010986 -10.272242
4088 1444830534.088079 0.038452 0.010986 -10.272242
4089 1444830534.098219 0.038452 0.010986 -10.272242
4090 1444830534.108457 0.038452 0.010986 -10.272242
4091 1444830534.123562 0.038452 0.010986 -10.272242
4092 1444830534.133337 0.038452 0.010986 -10.272242
4093 1444830534.143747 0.038452 0.010986 -10.272242
4094 1444830534.153992 0.038452 0.010986 -10.272242
4095 1444830534.163969 0.038452 0.010986 -10.272242
4096 1444830534.173665 -0.049439 0.010986 -10.272242
4097 1444830534.183781 0.038452 0.010986 -10.272242
4098 1444830534.193841 0.038452 0.010986 -10.272242
4099 1444830534.199128 0.038452 0.010986 -10.272242
4100 1444830534.211056 0.038452 0.010986 -10.272242
4101 1444830534.224376 0.038452 0.010986 -10.272242
4102 1444830534.229528 0.038452 0.010986 -10.272242
4103 1444830534.239695 0.038452 0.010986 -10.272242
4104 1444830534.250940 0.038452 0.010986 -10.272242
4105 1444830534.260945 0.038452 0.010986 -10.272242
4106 1444830534.270987 0.038452 0.010986 -10.272242
4107 1444830534.281116 0.038452 0.010986 -10.272242
4108 1444830534.291033 0.038452 0.010986 -10.272242
4109 1444830534.301507 0.038452 0.010986 -10.272242
4110 1444830534.311204 0.038452 0.010986 -10.272242
4111 1444830534.321191 0.038452 0.010986 -10.272242
4112 1444830534.331605 0.038452 0.010986 -10.272242
4113 1444830534.341497 0.038452 0.010986 -10.272242
4114 1444830534.348314 0.038452 0.010986 -10.272242
4115 1444830534.363123 0.038452 0.010986 -10.272242
4116 1444830534.373102 -0.049439 0.010986 -10.272242
4117 1444830534.383345 -0.049439 0.010986 -10.272242
4118 1444830534.393692 -0.049439 0.010986 -10.272242
4119 1444830534.404166 -0.049439 0.010986 -10.272242
4120 1444830534.414153 -0.049439 0.010986 -10.272242
4121 1444830534.424210 -0.049439 0.010986 -10.272242
4122 1444830534.434030 0.038452 0.010986 -10.272242
4123 1444830534.444107 0.038452 0.010986 -10.272242
4124 1444830534.454390 -0.049439 0.010986 -10.272242
4125 1444830534.464257 -0.049439 0.010986 -10.272242
4126 1444830534.474480 -0.049439 0.010986 -10.272242
4127 1444830534.484451 -0.049439 0.010986 -10.272242
4128 1444830534.494617 -0.049439 0.010986 -10.272242
4129 1444830534.504746 -0.049439 0.010986 -10.272242
4130 1444830534.514807 0.038452 0.010986 -10.272242
4131 1444830534.519946 -0.049439 0.010986 -10.272242
4132 1444830534.535652 -0.049439 0.010986 -10.272242
4133 1444830534.545872 0.038452 0.010986 -10.272242
4134 1444830534.556173 -0.049439 0.010986 -10.272242
4135 1444830534.566059 0.038452 0.010986 -10.272242
4136 1444830534.576078 -0.049439 0.010986 -10.272242
4137 1444830534.586263 -0.049439 0.010986 -10.272242
4138 1444830534.596227 -0.049439 0.010986 -10.272242
4139 1444830534.603638 -0.049439 0.010986 -10.272242
4140 1444830534.614257 -0.049439 0.010986 -10.272242
4141 1444830534.623070 -0.049439 0.010986 -10.272242
4142 1444830534.633519 -0.049439 0.010986 -10.272242
4143 1444830534.643874 -0.049439 0.010986 -10.272242
4144 1444830534.653723 -0.049439 0.010986 -10.272242
4145 1444830534.663713 -0.049439 0.010986 -10.272242
4146 1444830534.674583 -0.049439 0.010986 -10.272242
4147 1444830534.684496 -0.049439 0.010986 -10.272242
4148 1444830534.694117 0.038452 0.010986 -10.272242
4149 1444830534.704880 -0.049439 0.010986 -10.272242
4150 1444830534.714399 -0.049439 0.010986 -10.272242
4151 1444830534.724610 -0.049439 0.010986 -10.272242
4152 1444830534.734670 0.038452 0.010986 -10.272242
4153 1444830534.744900 0.038452 0.010986 -10.272242
4154 1444830534.755190 0.038452 0.010986 -10.272242
4155 1444830534.765040 0.038452 0.010986 -10.272242
4156 1444830534.775384 -0.049439 0.010986 -10.272242
4157 1444830534.785513 0.038452 0.010986 -10.272242
4158 1444830534.795555 -0.049439 0.010986 -10.272242
4159 1444830534.805820 -0.049439 0.010986 -10.272242
4160 1444830534.815706 -0.049439 0.010986 -10.272242
4161 1444830534.826012 -0.049439 0.010986 -10.272242
4162 1444830534.836172 -0.049439 0.010986 -10.272242
4163 1444830534.846179 -0.049439 0.010986 -10.272242
4164 1444830534.858148 -0.049439 0.010986 -10.272242
4165 1444830534.866443 -0.049439 0.010986 -10.272242
4166 1444830534.876560 -0.049439 0.010986 -10.272242
4167 1444830534.886688 -0.049439 0.010986 -10.272242
4168 1444830534.898040 -0.049439 0.010986 -10.272242
4169 1444830534.908269 -0.049439 0.010986 -10.272242
4170 1444830534.913149 -0.049439 0.010986 -10.272242
4171 1444830534.928586 -0.049439 0.010986 -10.272242
4172 1444830534.933103 0.038452 0.010986 -10.272242
4173 1444830534.948398 -0.049439 0.010986 -10.272242
4174 1444830534.953959 -0.049439 0.010986 -10.272242
4175 1444830534.968880 -0.049439 0.010986 -10.272242
4176 1444830534.973485 -0.049439 0.010986 -10.272242
4177 1444830534.989141 -0.049439 0.010986 -10.272242
4178 1444830534.999081 -0.049439 0.010986 -10.272242
4179 1444830535.008947 -0.049439 0.010986 -10.272242
4180 1444830535.019073 -0.049439 0.010986 -10.272242
4181 1444830535.029386 -0.049439 0.010986 -10.272242
4182 1444830535.039405 -0.049439 0.010986 -10.272242
4183 1444830535.045391 -0.049439 0.010986 -10.272242
4184 1444830535.055546 -0.049439 0.010986 -10.272242
4185 1444830535.064960 -0.049439 -0.076904 -10.272242
4186 1444830535.080007 -0.049439 -0.076904 -10.272242
4187 1444830535.089973 -0.049439 0.010986 -10.272242
4188 1444830535.100159 -0.049439 0.010986 -10.272242
4189 1444830535.109991 -0.049439 0.010986 -10.272242
4190 1444830535.120258 -0.049439 -0.076904 -10.272242
4191 1444830535.130446 -0.049439 0.010986 -10.272242
4192 1444830535.135966 -0.049439 0.010986 -10.272242
4193 1444830535.146218 -0.049439 0.010986 -10.360133
4194 1444830535.156110 -0.049439 0.010986 -10.272242
4195 1444830535.166740 -0.049439 -0.076904 -10.272242
4196 1444830535.173335 -0.049439 0.010986 -10.272242
4197 1444830535.183106 -0.049439 0.010986 -10.272242
4198 1444830535.193054 -0.049439 0.010986 -10.272242
4199 1444830535.204054 -0.049439 0.010986 -10.272242
4200 1444830535.214200 -0.049439 -0.076904 -10.272242
4201 1444830535.228279 -0.049439 -0.076904 -10.272242
4202 1444830535.238467 -0.049439 -0.076904 -10.272242
4203 1444830535.248626 -0.049439 0.010986 -10.272242
4204 1444830535.258936 -0.049439 -0.076904 -10.272242
4205 1444830535.268813 -0.049439 0.010986 -10.272242
4206 1444830535.278825 -0.049439 -0.076904 -10.272242
4207 1444830535.288998 -0.049439 -0.076904 -10.360133
4208 1444830535.299107 -0.049439 -0.076904 -10.272242
4209 1444830535.309199 -0.049439 -0.076904 -10.360133
4210 1444830535.319230 -0.049439 0.010986 -10.272242
4211 1444830535.329575 -0.049439 -0.076904 -10.360133
4212 1444830535.339648 -0.049439 0.010986 -10.272242
4213 1444830535.349654 -0.049439 -0.076904 -10.272242
4214 1444830535.359962 -0.049439 -0.076904 -10.272242
4215 1444830535.369896 -0.049439 -0.076904 -10.272242
4216 1444830535.379967 -0.049439 -0.076904 -10.360133
4217 1444830535.390055 -0.049439 -0.076904 -10.272242
4218 1444830535.400220 -0.049439 -0.076904 -10.272242
4219 1444830535.410299 -0.049439 0.010986 -10.360133
4220 1444830535.420385 -0.049439 -0.076904 -10.272242
4221 1444830535.430541 -0.049439 -0.076904 -10.272242
4222 1444830535.440674 -0.049439 -0.076904 -10.272242
4223 1444830535.450932 -0.049439 -0.076904 -10.360133
4224 1444830535.460950 -0.049439 0.010986 -10.272242
4225 1444830535.471126 -0.049439 -0.076904 -10.272242
4226 1444830535.481546 -0.049439 0.010986 -10.272242
4227 1444830535.491670 -0.049439 0.010986 -10.272242
4228 1444830535.501930 -0.049439 0.010986 -10.272242
4229 1444830535.511794 -0.049439 0.010986 -10.360133
4230 1444830535.521789 -0.049439 -0.076904 -10.272242
4231 1444830535.532028 -0.049439 -0.076904 -10.360133
4232 1444830535.542166 -0.049439 0.010986 -10.360133
4233 1444830535.548970 -0.049439 -0.076904 -10.272242
4234 1444830535.563089 -0.049439 0.010986 -10.272242
4235 1444830535.573043 -0.049439 0.010986 -10.272242
4236 1444830535.583248 -0.049439 0.010986 -10.272242
4237 1444830535.593384 -0.049439 -0.076904 -10.360133
4238 1444830535.599249 -0.049439 0.010986 -10.272242
4239 1444830535.613556 -0.049439 -0.076904 -10.360133
4240 1444830535.623641 -0.049439 0.010986 -10.360133
4241 1444830535.633687 -0.049439 -0.076904 -10.272242
4242 1444830535.639949 -0.049439 -0.076904 -10.360133
4243 1444830535.649770 -0.049439 -0.076904 -10.360133
4244 1444830535.660595 -0.049439 -0.076904 -10.360133
4245 1444830535.670261 -0.049439 -0.076904 -10.360133
4246 1444830535.680426 -0.049439 -0.076904 -10.360133
4247 1444830535.690619 -0.049439 0.010986 -10.272242
4248 1444830535.701145 -0.049439 0.010986 -10.272242
4249 1444830535.711217 -0.049439 0.010986 -10.360133
4250 1444830535.721100 -0.049439 -0.076904 -10.272242
4251 1444830535.731361 -0.049439 0.010986 -10.272242
4252 1444830535.741416 -0.049439 -0.076904 -10.360133
4253 1444830535.748098 -0.049439 0.010986 -10.272242
4254 1444830535.763067 -0.049439 -0.076904 -10.272242
4255 1444830535.768193 -0.049439 0.010986 -10.272242
4256 1444830535.783084 -0.049439 -0.076904 -10.272242
4257 1444830535.793331 -0.049439 0.010986 -10.272242
4258 1444830535.803424 -0.049439 0.010986 -10.272242
4259 1444830535.814380 -0.049439 -0.076904 -10.272242
4260 1444830535.823993 -0.049439 0.010986 -10.272242
4261 1444830535.833444 -0.049439 -0.076904 -10.272242
4262 1444830535.843637 -0.049439 -0.076904 -10.360133
4263 1444830535.854639 -0.049439 -0.076904 -10.272242
4264 1444830535.864740 -0.049439 0.010986 -10.360133
4265 1444830535.874295 -0.049439 -0.076904 -10.272242
4266 1444830535.884866 -0.049439 -0.076904 -10.272242
4267 1444830535.894899 -0.049439 -0.076904 -10.360133
