13871 1445959911.806254 0.038452 0.010986 -10.008569
13872 1445959911.816223 -0.049439 0.010986 -9.920679
13873 1445959911.826259 -0.049439 0.010986 -10.008569
13874 1445959911.836414 -0.049439 0.010986 -10.008569
13875 1445959911.846196 0.038452 0.010986 -10.008569
13876 1445959911.856322 0.038452 0.010986 -10.008569
13877 1445959911.866581 0.038452 -0.076904 -10.008569
13878 1445959911.876416 0.038452 0.010986 -10.008569
13879 1445959911.886741 0.038452 0.010986 -10.008569
13880 1445959911.896297 -0.049439 0.010986 -10.008569
13881 1445959911.911459 -0.049439 0.010986 -9.920679
13882 1445959911.921468 -0.049439 0.010986 -9.920679
13883 1445959911.926501 0.038452 -0.076904 -10.008569
13884 1445959911.941860 -0.049439 0.010986 -10.008569
13885 1445959911.951549 -0.049439 0.010986 -10.008569
13886 1445959911.961695 -0.049439 0.010986 -10.008569
13887 1445959911.971733 0.038452 0.010986 -9.920679
13888 1445959911.982005 -0.049439 0.010986 -10.008569
13889 1445959911.991777 0.038452 0.010986 -10.008569
13890 1445959912.001772 0.038452 0.010986 -10.008569
13891 1445959912.011801 -0.049439 0.010986 -10.008569
13892 1445959912.021769 0.038452 0.010986 -10.008569
13893 1445959912.032102 0.038452 0.010986 -10.008569
13894 1445959912.042100 0.038452 0.010986 -9.920679
13895 1445959912.051847 0.038452 0.010986 -10.008569
13896 1445959912.061867 -0.049439 0.010986 -10.008569
13897 1445959912.071954 -0.049439 0.010986 -10.008569
13898 1445959912.082078 -0.049439 0.010986 -10.008569
13899 1445959912.092183 -0.049439 0.010986 -9.920679
13900 1445959912.102055 0.038452 0.010986 -9.920679
13901 1445959912.111925 0.038452 0.010986 -10.008569
13902 1445959912.121923 0.038452 0.010986 -10.008569
13903 1445959912.132209 0.038452 0.010986 -10.008569
13904 1445959912.142105 0.038452 0.010986 -10.008569
13905 1445959912.152078 0.038452 0.010986 -10.008569
13906 1445959912.162054 -0.049439 0.010986 -10.008569
13907 1445959912.172148 0.038452 0.010986 -10.008569
13908 1445959912.182463 -0.049439 0.010986 -10.008569
13909 1445959912.192248 0.038452 0.010986 -10.008569
13910 1445959912.202134 -0.049439 -0.076904 -10.008569
13911 1445959912.212193 -0.049439 0.010986 -10.008569
13912 1445959912.222210 -0.049439 0.010986 -10.008569
13913 1445959912.232502 0.038452 0.010986 -10.008569
13914 1445959912.242282 -0.049439 0.010986 -9.920679
13915 1445959912.252151 0.038452 0.010986 -10.008569
13916 1445959912.262180 0.038452 0.010986 -9.920679
13917 1445959912.272191 0.038452 0.010986 -10.008569
13918 1445959912.282610 -0.049439 0.010986 -9.920679
13919 1445959912.292548 -0.049439 0.010986 -9.920679
13920 1445959912.302315 -0.049439 0.010986 -10.008569
13921 1445959912.312415 0.038452 0.010986 -10.008569
13922 1445959912.322387 0.038452 0.010986 -9.920679
13923 1445959912.332637 0.038452 0.010986 -9.920679
13924 1445959912.342627 0.038452 0.010986 -9.920679
13925 1445959912.352470 -0.049439 0.010986 -10.008569
13926 1445959912.362538 0.038452 0.010986 -10.008569
13927 1445959912.372545 -0.049439 0.010986 -10.008569
13928 1445959912.382631 0.038452 0.010986 -9.920679
13929 1445959912.392697 0.038452 -0.076904 -9.920679
13930 1445959912.402675 0.038452 0.010986 -9.920679
13931 1445959912.412629 0.038452 0.010986 -10.008569
13932 1445959912.422649 -0.049439 0.010986 -9.920679
13933 1445959912.432930 0.038452 0.010986 -10.008569
13934 1445959912.442635 0.038452 0.010986 -9.920679
13935 1445959912.452714 -0.049439 -0.076904 -9.920679
13936 1445959912.462652 0.038452 0.010986 -10.008569
13937 1445959912.472712 -0.049439 0.010986 -9.920679
13938 1445959912.482960 -0.049439 0.010986 -10.008569
13939 1445959912.492896 0.038452 0.010986 -9.920679
13940 1445959912.502813 -0.049439 0.010986 -10.008569
13941 1445959912.512836 -0.049439 0.010986 -10.008569
13942 1445959912.522841 0.038452 0.010986 -9.920679
13943 1445959912.532906 -0.049439 0.010986 -9.920679
13944 1445959912.542939 0.038452 0.010986 -9.920679
13945 1445959912.552980 0.038452 0.010986 -10.008569
13946 1445959912.563046 0.038452 0.010986 -10.008569
13947 1445959912.572926 0.038452 0.010986 -9.920679
13948 1445959912.583119 0.038452 0.010986 -10.008569
13949 1445959912.593118 -0.049439 0.010986 -10.008569
13950 1445959912.603039 0.038452 0.010986 -9.920679
13951 1445959912.613086 -0.049439 0.010986 -10.008569
13952 1445959912.623092 -0.049439 -0.076904 -9.920679
13953 1445959912.633299 -0.049439 0.010986 -10.008569
13954 1445959912.643265 -0.049439 0.010986 -10.008569
13955 1445959912.653202 0.038452 0.010986 -9.920679
13956 1445959912.663194 -0.049439 0.010986 -9.920679
13957 1445959912.673200 -0.049439 -0.076904 -10.008569
13958 1445959912.683468 0.038452 -0.076904 -10.008569
13959 1445959912.693356 0.038452 0.010986 -10.008569
13960 1445959912.703422 0.038452 -0.076904 -10.008569
13961 1445959912.713437 0.038452 0.010986 -10.008569
13962 1445959912.723466 -0.049439 0.010986 -10.008569
13963 1445959912.733719 -0.049439 0.010986 -10.008569
13964 1445959912.743511 -0.049439 0.010986 -10.008569
13965 1445959912.753583 -0.049439 0.010986 -10.008569
13966 1445959912.763542 0.038452 0.010986 -10.008569
13967 1445959912.773606 0.038452 0.010986 -9.920679
13968 1445959912.783676 0.038452 0.010986 -10.008569
13969 1445959912.793697 0.038452 0.010986 -10.008569
13970 1445959912.803623 0.038452 0.010986 -10.008569
13971 1445959912.813666 -0.049439 0.010986 -9.920679
13972 1445959912.823668 -0.049439 0.010986 -9.920679
13973 1445959912.833827 0.038452 0.010986 -10.008569
13974 1445959912.843841 0.038452 0.010986 -10.008569
13975 1445959912.853816 -0.049439 0.010986 -9.920679
13976 1445959912.863834 0.038452 0.010986 -10.008569
13977 1445959912.873750 0.038452 0.010986 -10.008569
13978 1445959912.883908 -0.049439 0.010986 -10.008569
13979 1445959912.893799 0.038452 0.010986 -10.008569
13980 1445959912.903820 -0.049439 0.010986 -9.920679
13981 1445959912.913819 0.038452 0.010986 -10.008569
13982 1445959912.923840 0.038452 0.010986 -9.920679
13983 1445959912.933902 -0.049439 -0.076904 -9.920679
13984 1445959912.943921 -0.049439 0.010986 -10.008569
13985 1445959912.953913 0.038452 0.010986 -9.920679
13986 1445959912.963968 0.038452 0.010986 -10.008569
13987 1445959912.973978 0.038452 0.010986 -10.008569
13988 1445959912.984033 -0.049439 -0.076904 -10.008569
13989 1445959912.994070 -0.049439 -0.076904 -10.008569
13990 1445959913.004042 0.038452 -0.076904 -10.008569
13991 1445959913.014071 -0.049439 0.010986 -9.920679
13992 1445959913.024094 -0.049439 0.010986 -10.008569
13993 1445959913.034137 -0.049439 -0.076904 -10.008569
13994 1445959913.044086 -0.049439 0.010986 -9.920679
13995 1445959913.054163 -0.049439 0.010986 -10.008569
13996 1445959913.064145 0.038452 0.010986 -9.920679
13997 1445959913.074240 -0.049439 0.010986 -10.008569
13998 1445959913.084242 0.038452 0.010986 -9.920679
13999 1445959913.094265 0.038452 0.010986 -9.920679
14000 1445959913.104280 -0.049439 0.010986 -9.920679
14001 1445959913.114266 0.038452 0.010986 -10.008569
14002 1445959913.124292 -0.049439 0.010986 -10.008569
14003 1445959913.134322 0.038452 0.010986 -10.008569
14004 1445959913.140571 0.038452 0.010986 -9.920679
14005 1445959913.154446 -0.049439 0.010986 -9.920679
14006 1445959913.164451 -0.049439 0.010986 -10.008569
14007 1445959913.174465 0.038452 0.010986 -10.008569
14008 1445959913.184515 0.038452 0.010986 -10.008569
14009 1445959913.190606 -0.049439 0.010986 -10.008569
14010 1445959913.204528 -0.049439 0.010986 -10.008569
14011 1445959913.214555 -0.049439 0.010986 -10.008569
14012 1445959913.220425 0.038452 0.010986 -9.920679
14013 1445959913.235561 0.038452 0.010986 -9.920679
14014 1445959913.240697 0.038452 0.010986 -10.008569
14015 1445959913.250436 0.038452 0.010986 -9.920679
14016 1445959913.260578 0.038452 0.010986 -10.008569
14017 1445959913.270487 0.038452 0.010986 -10.008569
14018 1445959913.285609 -0.049439 0.010986 -10.008569
14019 1445959913.295602 -0.049439 0.010986 -10.008569
14020 1445959913.305458 -0.049439 0.010986 -10.008569
14021 1445959913.315466 -0.049439 0.010986 -10.008569
14022 1445959913.325550 0.038452 -0.076904 -10.008569
14023 1445959913.335808 0.038452 0.010986 -10.008569
14024 1445959913.345701 0.038452 -0.076904 -9.920679
14025 1445959913.355536 0.038452 0.010986 -9.920679
14026 1445959913.365579 -0.049439 -0.076904 -9.920679
14027 1445959913.375579 -0.049439 0.010986 -10.008569
14028 1445959913.385722 -0.049439 -0.076904 -9.920679
14029 1445959913.395829 0.038452 0.010986 -10.008569
14030 1445959913.405726 -0.049439 0.010986 -10.008569
14031 1445959913.415750 0.038452 0.010986 -10.008569
14032 1445959913.425675 -0.049439 -0.076904 -10.008569
14033 1445959913.435945 -0.049439 0.010986 -10.008569
14034 1445959913.445929 0.038452 0.010986 -10.008569
14035 1445959913.455816 0.038452 0.010986 -10.008569
14036 1445959913.465801 0.038452 0.010986 -10.008569
14037 1445959913.475806 0.038452 0.010986 -10.008569
14038 1445959913.486045 0.038452 0.010986 -10.008569
14039 1445959913.500893 0.038452 0.010986 -10.008569
14040 1445959913.510988 0.038452 0.010986 -10.008569
14041 1445959913.521030 0.038452 0.010986 -9.920679
14042 1445959913.531111 0.038452 -0.076904 -10.008569
14043 1445959913.541214 0.038452 0.010986 -10.008569
14044 1445959913.551161 0.038452 0.010986 -9.920679
14045 1445959913.561173 -0.049439 0.010986 -9.920679
14046 1445959913.571193 0.038452 0.010986 -9.920679
14047 1445959913.581423 0.038452 -0.076904 -9.920679
14048 1445959913.591667 -0.049439 0.010986 -9.920679
14049 1445959913.601280 0.038452 0.010986 -10.008569
14050 1445959913.611264 0.038452 0.010986 -10.008569
14051 1445959913.621252 -0.049439 -0.076904 -10.008569
14052 1445959913.631616 -0.049439 0.010986 -9.920679
14053 1445959913.641446 0.038452 -0.076904 -10.008569
14054 1445959913.651469 0.038452 0.010986 -10.008569
14055 1445959913.661415 -0.049439 0.010986 -9.920679
14056 1445959913.671579 -0.049439 0.010986 -9.920679
14057 1445959913.681753 -0.049439 0.010986 -9.920679
14058 1445959913.691826 0.038452 0.010986 -9.920679
14059 1445959913.701469 -0.049439 0.010986 -10.008569
14060 1445959913.711451 -0.049439 0.010986 -10.008569
14061 1445959913.721577 -0.049439 0.010986 -9.920679
14062 1445959913.731871 0.038452 0.010986 -10.008569
14063 1445959913.741792 0.038452 0.010986 -10.008569
14064 1445959913.751707 0.038452 0.010986 -10.008569
14065 1445959913.761803 -0.049439 0.010986 -9.920679
14066 1445959913.771839 0.038452 0.010986 -10.008569
14067 1445959913.781968 -0.049439 0.010986 -10.008569
14068 1445959913.791964 -0.049439 0.010986 -10.008569
14069 1445959913.801815 0.038452 0.010986 -9.920679
14070 1445959913.811915 0.038452 0.010986 -9.920679
14071 1445959913.821984 -0.049439 0.010986 -9.920679
14072 1445959913.832150 0.038452 -0.076904 -10.008569
14073 1445959913.842047 -0.049439 -0.076904 -10.008569
14074 1445959913.852033 0.038452 0.010986 -10.008569
14075 1445959913.861908 -0.049439 0.010986 -10.008569
14076 1445959913.871850 0.038452 0.010986 -10.008569
14077 1445959913.882080 0.038452 0.010986 -10.008569
14078 1445959913.892124 0.038452 0.010986 -10.008569
14079 1445959913.901911 -0.049439 0.010986 -10.008569
14080 1445959913.911962 -0.049439 -0.076904 -10.008569
14081 1445959913.921961 0.038452 0.010986 -9.920679
14082 1445959913.932267 0.038452 0.010986 -10.008569
14083 1445959913.942002 -0.049439 0.010986 -9.920679
14084 1445959913.951853 -0.049439 0.010986 -10.008569
14085 1445959913.962106 -0.049439 -0.076904 -10.008569
14086 1445959913.972195 0.038452 -0.076904 -9.920679
14087 1445959913.982419 -0.049439 0.010986 -10.008569
14088 1445959913.992407 0.038452 0.010986 -10.008569
14089 1445959914.002237 -0.049439 0.010986 -10.008569
14090 1445959914.012338 -0.049439 0.010986 -10.008569
14091 1445959914.022325 0.038452 -0.076904 -10.008569
14092 1445959914.032613 0.038452 0.010986 -10.008569
14093 1445959914.042580 0.038452 0.010986 -10.008569
14094 1445959914.052305 -0.049439 0.010986 -10.008569
14095 1445959914.062431 -0.049439 0.010986 -9.920679
14096 1445959914.072463 0.038452 -0.076904 -9.920679
14097 1445959914.082755 0.038452 0.010986 -10.008569
14098 1445959914.092625 0.038452 -0.076904 -9.920679
14099 1445959914.102542 -0.049439 0.010986 -9.920679
14100 1445959914.112531 -0.049439 0.010986 -10.008569
14101 1445959914.122548 0.038452 0.010986 -10.008569
14102 1445959914.132745 -0.049439 0.010986 -10.008569
14103 1445959914.142773 0.038452 0.010986 -10.008569
14104 1445959914.152676 -0.049439 -0.076904 -10.008569
14105 1445959914.162751 0.038452 0.010986 -9.920679
14106 1445959914.172741 -0.049439 -0.076904 -10.008569
14107 1445959914.182952 0.038452 0.010986 -10.008569
14108 1445959914.192778 -0.049439 0.010986 -10.008569
14109 1445959914.202726 0.038452 0.010986 -10.008569
14110 1445959914.212827 -0.049439 0.010986 -10.008569
14111 1445959914.222819 -0.049439 0.010986 -10.008569
14112 1445959914.233191 -0.049439 0.010986 -10.008569
14113 1445959914.242830 0.038452 0.010986 -10.008569
14114 1445959914.252818 -0.049439 0.010986 -9.920679
14115 1445959914.262794 0.038452 0.010986 -9.920679
14116 1445959914.272820 0.038452 0.010986 -10.008569
14117 1445959914.283043 -0.049439 0.010986 -10.008569
14118 1445959914.292979 -0.049439 -0.076904 -9.920679
14119 1445959914.302943 -0.049439 0.010986 -9.920679
14120 1445959914.312961 -0.049439 0.010986 -9.920679
14121 1445959914.322986 0.038452 0.010986 -10.008569
14122 1445959914.333070 -0.049439 0.010986 -10.008569
14123 1445959914.343102 -0.049439 -0.076904 -9.920679
14124 1445959914.353086 0.038452 0.010986 -9.920679
14125 1445959914.363101 -0.049439 0.010986 -10.008569
14126 1445959914.373108 0.038452 0.010986 -10.008569
14127 1445959914.383246 -0.049439 0.010986 -9.920679
14128 1445959914.393253 0.038452 0.010986 -10.008569
14129 1445959914.403208 -0.049439 0.010986 -10.008569
14130 1445959914.413283 0.038452 0.010986 -9.920679
14131 1445959914.423244 0.038452 0.010986 -10.008569
14132 1445959914.433463 -0.049439 0.010986 -9.920679
14133 1445959914.443343 -0.049439 0.010986 -10.008569
14134 1445959914.453419 0.038452 0.010986 -10.008569
14135 1445959914.463367 -0.049439 0.010986 -10.008569
14136 1445959914.473423 0.038452 0.010986 -9.920679
14137 1445959914.483480 0.038452 0.010986 -10.008569
14138 1445959914.493497 -0.049439 0.010986 -10.008569
14139 1445959914.503525 0.038452 -0.076904 -10.008569
14140 1445959914.513517 0.038452 0.010986 -10.008569
14141 1445959914.523574 -0.049439 0.010986 -10.008569
14142 1445959914.533649 0.038452 0.010986 -9.920679
14143 1445959914.543593 -0.049439 0.010986 -10.008569
14144 1445959914.553609 -0.049439 -0.076904 -10.008569
14145 1445959914.563675 -0.049439 0.010986 -10.008569
14146 1445959914.573663 0.038452 0.010986 -10.008569
14147 1445959914.583708 0.038452 0.010986 -10.008569
14148 1445959914.593659 -0.049439 0.010986 -9.920679
14149 1445959914.603696 0.038452 0.010986 -10.008569
14150 1445959914.613683 -0.049439 0.010986 -9.920679
14151 1445959914.623711 -0.049439 0.010986 -10.008569
14152 1445959914.633778 -0.049439 0.010986 -10.008569
14153 1445959914.643807 -0.049439 0.010986 -10.008569
14154 1445959914.653781 -0.049439 0.010986 -10.008569
14155 1445959914.663827 0.038452 0.010986 -9.920679
14156 1445959914.673826 -0.049439 0.010986 -10.008569
14157 1445959914.683954 0.038452 -0.076904 -10.008569
14158 1445959914.693967 -0.049439 0.010986 -10.008569
14159 1445959914.703977 -0.049439 0.010986 -9.920679
14160 1445959914.713973 0.038452 -0.076904 -10.008569
14161 1445959914.724000 0.038452 0.010986 -10.008569
14162 1445959914.734070 0.038452 0.010986 -10.008569
14163 1445959914.744020 0.038452 -0.076904 -10.008569
14164 1445959914.754088 0.038452 0.010986 -10.008569
14165 1445959914.764043 0.038452 0.010986 -10.008569
14166 1445959914.774132 0.038452 0.010986 -10.008569
14167 1445959914.784133 -0.049439 0.010986 -10.008569
14168 1445959914.794133 -0.049439 0.010986 -9.920679
14169 1445959914.804154 0.038452 0.010986 -10.008569
14170 1445959914.814157 0.038452 0.010986 -9.920679
14171 1445959914.824189 -0.049439 0.010986 -10.008569
14172 1445959914.834289 -0.049439 0.010986 -9.920679
14173 1445959914.844295 -0.049439 0.010986 -10.008569
14174 1445959914.854289 0.038452 0.010986 -9.920679
14175 1445959914.864305 0.038452 0.010986 -10.008569
14176 1445959914.874347 0.038452 0.010986 -9.920679
14177 1445959914.884420 -0.049439 0.010986 -10.008569
14178 1445959914.890527 0.038452 0.010986 -9.920679
14179 1445959914.904444 0.038452 0.010986 -10.008569
14180 1445959914.914433 0.038452 0.010986 -10.008569
14181 1445959914.924458 -0.049439 0.010986 -9.920679
14182 1445959914.934509 -0.049439 -0.076904 -10.008569
14183 1445959914.949528 -0.049439 0.010986 -10.008569
14184 1445959914.957885 -0.049439 0.010986 -10.008569
14185 1445959914.967900 -0.049439 0.010986 -10.008569
14186 1445959914.974578 0.038452 0.010986 -10.008569
14187 1445959914.985561 0.038452 0.010986 -10.008569
14188 1445959914.995486 -0.049439 0.010986 -10.008569
14189 1445959915.005442 0.038452 -0.076904 -10.008569
14190 1445959915.015474 0.038452 0.010986 -10.008569
14191 1445959915.029728 -0.049439 0.010986 -10.008569
14192 1445959915.040669 -0.049439 0.010986 -10.008569
14193 1445959915.045596 -0.049439 0.010986 -10.008569
14194 1445959915.060468 -0.049439 0.010986 -10.008569
14195 1445959915.070464 0.038452 0.010986 -10.008569
14196 1445959915.080481 0.038452 0.010986 -10.008569
14197 1445959915.090771 -0.049439 0.010986 -10.008569
14198 1445959915.100533 -0.049439 0.010986 -10.008569
14199 1445959915.110570 0.038452 0.010986 -10.008569
14200 1445959915.120593 0.038452 0.010986 -10.008569
14201 1445959915.130622 0.038452 0.010986 -10.008569
14202 1445959915.140915 -0.049439 0.010986 -9.920679
14203 1445959915.150604 -0.049439 0.010986 -9.920679
14204 1445959915.160784 0.038452 0.010986 -9.920679
14205 1445959915.170744 -0.049439 0.010986 -10.008569
14206 1445959915.180905 0.038452 0.010986 -9.920679
14207 1445959915.191097 -0.049439 0.010986 -9.920679
14208 1445959915.200841 -0.049439 0.010986 -10.008569
14209 1445959915.210953 0.038452 0.010986 -9.920679
14210 1445959915.220900 -0.049439 -0.076904 -10.008569
14211 1445959915.231110 0.038452 0.010986 -9.920679
14212 1445959915.241175 0.038452 0.010986 -10.008569
14213 1445959915.250899 0.038452 0.010986 -10.008569
14214 1445959915.260967 -0.049439 -0.076904 -9.920679
14215 1445959915.270937 -0.049439 0.010986 -9.920679
14216 1445959915.281148 0.038452 -0.076904 -10.008569
14217 1445959915.291277 -0.049439 0.010986 -10.008569
14218 1445959915.301065 -0.049439 0.010986 -10.008569
14219 1445959915.311158 -0.049439 0.010986 -10.008569
14220 1445959915.321105 0.038452 -0.076904 -9.920679
14221 1445959915.331470 0.038452 0.010986 -10.008569
14222 1445959915.341463 -0.049439 0.010986 -9.920679
14223 1445959915.351225 0.038452 0.010986 -10.008569
14224 1445959915.361434 -0.049439 0.010986 -10.008569
14225 1445959915.371310 -0.049439 0.010986 -10.008569
14226 1445959915.381609 0.038452 0.010986 -10.008569
14227 1445959915.391509 0.038452 -0.076904 -10.008569
14228 1445959915.401305 -0.049439 0.010986 -10.008569
14229 1445959915.411459 -0.049439 0.010986 -10.008569
14230 1445959915.421445 0.038452 0.010986 -10.008569
14231 1445959915.431669 -0.049439 0.010986 -9.920679
14232 1445959915.441314 0.038452 0.010986 -9.920679
14233 1445959915.451256 0.038452 0.010986 -10.008569
14234 1445959915.461530 -0.049439 0.010986 -10.008569
14235 1445959915.471552 0.038452 0.010986 -10.008569
14236 1445959915.481803 -0.049439 0.010986 -10.008569
14237 1445959915.491780 -0.049439 -0.076904 -10.008569
14238 1445959915.501785 0.038452 0.010986 -10.008569
14239 1445959915.511628 0.038452 0.010986 -9.920679
14240 1445959915.521692 -0.049439 0.010986 -9.920679
14241 1445959915.532067 0.038452 0.010986 -9.920679
14242 1445959915.542028 -0.049439 -0.076904 -10.008569
14243 1445959915.551711 0.038452 0.010986 -9.920679
14244 1445959915.561738 0.038452 0.010986 -10.008569
14245 1445959915.571758 0.038452 -0.076904 -9.920679
14246 1445959915.582006 -0.049439 0.010986 -10.008569
14247 1445959915.592048 -0.049439 0.010986 -9.920679
14248 1445959915.601769 0.038452 0.010986 -10.008569
14249 1445959915.611935 -0.049439 0.010986 -9.920679
14250 1445959915.621793 -0.049439 0.010986 -9.920679
14251 1445959915.632224 0.038452 0.010986 -10.008569
14252 1445959915.642010 -0.049439 0.010986 -9.920679
14253 1445959915.651928 0.038452 0.010986 -10.008569
14254 1445959915.661912 0.038452 0.010986 -10.008569
14255 1445959915.671953 -0.049439 -0.076904 -10.008569
14256 1445959915.682272 -0.049439 0.010986 -10.008569
14257 1445959915.692186 -0.049439 0.010986 -9.920679
14258 1445959915.702097 0.038452 0.010986 -10.008569
14259 1445959915.711978 -0.049439 0.010986 -10.008569
14260 1445959915.722030 -0.049439 0.010986 -9.920679
14261 1445959915.732236 0.038452 0.010986 -10.008569
14262 1445959915.742171 -0.049439 0.010986 -9.920679
14263 1445959915.752165 -0.049439 0.010986 -9.920679
14264 1445959915.762178 0.038452 0.010986 -9.920679
14265 1445959915.772157 0.038452 0.010986 -9.920679
14266 1445959915.782377 -0.049439 0.010986 -9.920679
14267 1445959915.792195 -0.049439 0.010986 -9.920679
14268 1445959915.802234 0.038452 0.010986 -9.920679
14269 1445959915.812272 0.038452 0.010986 -9.920679
14270 1445959915.822244 -0.049439 0.010986 -9.920679
14271 1445959915.832489 -0.049439 0.010986 -10.008569
14272 1445959915.842390 -0.049439 0.010986 -10.008569
14273 1445959915.852292 -0.049439 0.010986 -10.008569
14274 1445959915.862297 -0.049439 -0.076904 -10.008569
14275 1445959915.872440 -0.049439 0.010986 -10.008569
14276 1445959915.882495 0.038452 0.010986 -9.920679
14277 1445959915.892463 -0.049439 0.010986 -10.008569
14278 1445959915.902460 0.038452 0.010986 -10.008569
14279 1445959915.912429 -0.049439 0.010986 -10.008569
14280 1445959915.922456 -0.049439 0.010986 -9.920679
14281 1445959915.932589 0.038452 0.010986 -10.008569
14282 1445959915.942548 -0.049439 0.010986 -9.920679
14283 1445959915.952521 -0.049439 0.010986 -10.008569
14284 1445959915.962570 -0.049439 0.010986 -10.008569
14285 1445959915.972591 0.038452 0.010986 -10.008569
14286 1445959915.982654 -0.049439 0.010986 -10.008569
14287 1445959915.992644 -0.049439 0.010986 -10.008569
14288 1445959916.002654 -0.049439 0.010986 -10.008569
14289 1445959916.012634 0.038452 0.010986 -10.008569
14290 1445959916.022652 0.038452 0.010986 -10.008569
14291 1445959916.032880 0.038452 0.010986 -9.920679
14292 1445959916.042740 0.038452 0.010986 -9.920679
14293 1445959916.052724 -0.049439 -0.076904 -10.008569
14294 1445959916.062758 -0.049439 0.010986 -10.008569
14295 1445959916.072833 0.038452 0.010986 -9.920679
14296 1445959916.082940 0.038452 0.010986 -9.920679
14297 1445959916.092856 0.038452 0.010986 -10.008569
14298 1445959916.102872 0.038452 0.010986 -10.008569
14299 1445959916.112884 0.038452 -0.076904 -10.008569
14300 1445959916.122883 -0.049439 -0.076904 -9.920679
14301 1445959916.132966 -0.049439 0.010986 -10.008569
14302 1445959916.142944 -0.049439 0.010986 -10.008569
14303 1445959916.152932 0.038452 0.010986 -10.008569
14304 1445959916.162963 -0.049439 0.010986 -10.008569
14305 1445959916.172983 -0.049439 -0.076904 -10.008569
14306 1445959916.183059 0.038452 0.010986 -9.920679
14307 1445959916.193028 0.038452 0.010986 -10.008569
14308 1445959916.202998 -0.049439 0.010986 -9.920679
14309 1445959916.213046 0.038452 0.010986 -10.008569
14310 1445959916.223066 -0.049439 -0.076904 -9.920679
14311 1445959916.233192 -0.049439 0.010986 -10.008569
14312 1445959916.243192 0.038452 0.010986 -10.008569
14313 1445959916.253132 -0.049439 0.010986 -9.920679
14314 1445959916.263110 -0.049439 0.010986 -9.920679
14315 1445959916.273136 -0.049439 0.010986 -9.920679
14316 1445959916.283243 -0.049439 0.010986 -9.920679
14317 1445959916.293280 -0.049439 0.010986 -9.920679
14318 1445959916.303302 -0.049439 -0.076904 -9.920679
14319 1445959916.313287 0.038452 0.010986 -10.008569
14320 1445959916.323343 -0.049439 0.010986 -10.008569
14321 1445959916.338458 -0.049439 0.010986 -9.920679
14322 1445959916.348451 -0.049439 0.010986 -10.008569
14323 1445959916.358478 0.038452 0.010986 -10.008569
14324 1445959916.368474 0.038452 0.010986 -9.920679
14325 1445959916.378498 0.038452 0.010986 -10.008569
14326 1445959916.388608 0.038452 0.010986 -10.008569
14327 1445959916.398579 0.038452 0.010986 -10.008569
14328 1445959916.408554 -0.049439 0.010986 -10.008569
14329 1445959916.418563 0.038452 0.010986 -9.920679
14330 1445959916.428573 0.038452 -0.076904 -10.008569
14331 1445959916.438709 -0.049439 -0.076904 -10.008569
14332 1445959916.448711 0.038452 0.010986 -10.008569
14333 1445959916.458706 -0.049439 -0.076904 -10.008569
14334 1445959916.468750 0.038452 -0.076904 -10.008569
14335 1445959916.478739 0.038452 0.010986 -9.920679
14336 1445959916.488727 0.038452 0.010986 -10.008569
14337 1445959916.498732 0.038452 0.010986 -9.920679
14338 1445959916.508787 0.038452 0.010986 -10.008569
14339 1445959916.518832 0.038452 0.010986 -10.008569
14340 1445959916.528881 -0.049439 0.010986 -10.008569
14341 1445959916.538914 0.038452 0.010986 -10.008569
14342 1445959916.548889 -0.049439 0.010986 -10.008569
14343 1445959916.558949 0.038452 0.010986 -10.008569
14344 1445959916.568951 -0.049439 -0.076904 -9.920679
14345 1445959916.578949 -0.049439 0.010986 -10.008569
14346 1445959916.589023 -0.049439 0.010986 -10.008569
14347 1445959916.599003 0.038452 0.010986 -9.920679
14348 1445959916.609064 0.038452 0.010986 -9.920679
14349 1445959916.619093 0.038452 0.010986 -10.008569
14350 1445959916.629107 0.038452 0.010986 -10.008569
14351 1445959916.639095 -0.049439 0.010986 -10.008569
14352 1445959916.649129 0.038452 0.010986 -10.008569
14353 1445959916.659178 -0.049439 0.010986 -10.008569
14354 1445959916.669182 0.038452 0.010986 -9.920679
14355 1445959916.679282 -0.049439 -0.076904 -10.008569
14356 1445959916.689219 -0.049439 0.010986 -10.008569
14357 1445959916.699210 0.038452 0.010986 -10.008569
14358 1445959916.709290 -0.049439 -0.076904 -10.008569
14359 1445959916.719382 0.038452 0.010986 -10.008569
14360 1445959916.729394 0.038452 0.010986 -10.008569
14361 1445959916.740481 0.038452 0.010986 -10.008569
14362 1445959916.749435 -0.049439 -0.076904 -10.008569
14363 1445959916.759454 0.038452 0.010986 -10.008569
14364 1445959916.769420 0.038452 0.010986 -10.008569
14365 1445959916.779444 -0.049439 0.010986 -10.008569
14366 1445959916.790477 -0.049439 0.010986 -9.920679
14367 1445959916.799506 0.038452 0.010986 -10.008569
14368 1445959916.810549 -0.049439 -0.076904 -10.008569
14369 1445959916.819543 -0.049439 0.010986 -10.008569
14370 1445959916.829567 -0.049439 0.010986 -9.920679
14371 1445959916.840564 0.038452 0.010986 -10.008569
14372 1445959916.845573 -0.049439 0.010986 -10.008569
14373 1445959916.859653 0.038452 0.010986 -10.008569
14374 1445959916.869671 -0.049439 0.010986 -10.008569
14375 1445959916.875460 0.038452 0.010986 -10.008569
14376 1445959916.890635 -0.049439 -0.076904 -9.920679
14377 1445959916.900483 -0.049439 0.010986 -9.920679
14378 1445959916.910479 -0.049439 0.010986 -10.008569
14379 1445959916.920512 0.038452 -0.076904 -10.008569
14380 1445959916.930640 0.038452 0.010986 -10.008569
14381 1445959916.940747 0.038452 0.010986 -9.920679
14382 1445959916.950444 -0.049439 0.010986 -10.008569
14383 1445959916.960546 0.038452 0.010986 -10.008569
14384 1445959916.970613 -0.049439 0.010986 -9.920679
14385 1445959916.980543 -0.049439 0.010986 -10.008569
14386 1445959916.990850 0.038452 0.010986 -9.920679
14387 1445959917.000584 0.038452 0.010986 -10.008569
14388 1445959917.010563 -0.049439 0.010986 -10.008569
14389 1445959917.020585 -0.049439 0.010986 -10.008569
14390 1445959917.030668 -0.049439 0.010986 -10.008569
14391 1445959917.040887 0.038452 0.010986 -10.008569
14392 1445959917.050697 0.038452 0.010986 -10.008569
14393 1445959917.060746 -0.049439 0.010986 -10.008569
14394 1445959917.070798 0.038452 -0.076904 -10.008569
14395 1445959917.080909 -0.049439 0.010986 -10.008569
14396 1445959917.091032 -0.049439 0.010986 -10.008569
14397 1445959917.100818 0.038452 0.010986 -10.008569
14398 1445959917.110871 -0.049439 0.010986 -10.008569
14399 1445959917.120907 0.038452 0.010986 -10.008569
14400 1445959917.130911 0.038452 0.010986 -9.920679
14401 1445959917.141039 0.038452 0.010986 -9.920679
14402 1445959917.150965 -0.049439 0.010986 -10.008569
14403 1445959917.160961 0.038452 0.010986 -10.008569
14404 1445959917.171006 0.038452 0.010986 -9.920679
14405 1445959917.181063 0.038452 0.010986 -10.008569
14406 1445959917.191129 -0.049439 0.010986 -10.008569
14407 1445959917.201004 -0.049439 0.010986 -10.008569
14408 1445959917.211137 -0.049439 0.010986 -10.008569
14409 1445959917.221141 -0.049439 0.010986 -9.920679
14410 1445959917.231285 0.038452 0.010986 -10.008569
14411 1445959917.241310 -0.049439 0.010986 -9.920679
14412 1445959917.251198 0.038452 0.010986 -10.008569
14413 1445959917.261143 0.038452 0.010986 -9.920679
14414 1445959917.271185 -0.049439 0.010986 -10.008569
14415 1445959917.281445 0.038452 0.010986 -9.920679
14416 1445959917.291313 -0.049439 0.010986 -10.008569
14417 1445959917.301288 -0.049439 0.010986 -10.008569
14418 1445959917.311305 0.038452 0.010986 -9.920679
14419 1445959917.321369 -0.049439 0.010986 -10.008569
14420 1445959917.331580 0.038452 0.010986 -10.008569
14421 1445959917.341556 0.038452 0.010986 -10.008569
14422 1445959917.351439 0.038452 0.010986 -10.008569
14423 1445959917.361448 0.038452 0.010986 -9.920679
14424 1445959917.371486 0.038452 0.010986 -10.008569
14425 1445959917.381536 -0.049439 0.010986 -10.008569
14426 1445959917.391644 0.038452 0.010986 -10.008569
14427 1445959917.401528 -0.049439 0.010986 -10.008569
14428 1445959917.411512 -0.049439 0.010986 -9.920679
14429 1445959917.421530 0.038452 0.010986 -9.920679
14430 1445959917.431784 0.038452 0.010986 -10.008569
14431 1445959917.441779 -0.049439 -0.076904 -10.008569
14432 1445959917.451560 0.038452 0.010986 -10.008569
14433 1445959917.461592 0.038452 0.010986 -10.008569
14434 1445959917.471627 0.038452 0.010986 -9.920679
14435 1445959917.481872 0.038452 0.010986 -10.008569
14436 1445959917.491840 -0.049439 0.010986 -10.008569
14437 1445959917.501704 -0.049439 -0.076904 -10.008569
14438 1445959917.511714 0.038452 0.010986 -9.920679
14439 1445959917.521776 -0.049439 0.010986 -10.008569
14440 1445959917.532022 0.038452 0.010986 -9.920679
14441 1445959917.541837 -0.049439 0.010986 -10.008569
14442 1445959917.551841 -0.049439 0.010986 -9.920679
14443 1445959917.561908 0.038452 0.010986 -10.008569
14444 1445959917.571979 -0.049439 0.010986 -10.008569
14445 1445959917.582088 -0.049439 0.010986 -9.920679
14446 1445959917.592138 0.038452 0.010986 -9.920679
14447 1445959917.601993 0.038452 0.010986 -10.008569
14448 1445959917.612074 -0.049439 0.010986 -10.008569
14449 1445959917.621963 0.038452 0.010986 -9.920679
14450 1445959917.632126 0.038452 0.010986 -9.920679
14451 1445959917.647013 0.038452 0.010986 -10.008569
14452 1445959917.657107 0.038452 0.010986 -10.008569
14453 1445959917.667126 -0.049439 0.010986 -10.008569
14454 1445959917.677197 0.038452 0.010986 -10.008569
14455 1445959917.687259 0.038452 0.010986 -9.920679
14456 1445959917.697152 0.038452 0.010986 -10.008569
14457 1445959917.707372 -0.049439 0.010986 -10.008569
14458 1445959917.717243 -0.049439 0.010986 -10.008569
14459 1445959917.727224 0.038452 0.010986 -10.008569
14460 1445959917.737285 0.038452 0.010986 -10.008569
14461 1445959917.747221 0.038452 0.010986 -10.008569
14462 1445959917.757410 -0.049439 0.010986 -9.920679
14463 1445959917.767326 0.038452 0.010986 -9.920679
14464 1445959917.777410 -0.049439 0.010986 -9.920679
14465 1445959917.787442 0.038452 0.010986 -10.008569
14466 1445959917.797352 0.038452 0.010986 -10.008569
14467 1445959917.807449 0.038452 0.010986 -10.008569
14468 1445959917.817465 0.038452 0.010986 -10.008569
14469 1445959917.827437 0.038452 0.010986 -10.008569
14470 1445959917.837566 0.038452 0.010986 -10.008569
14471 1445959917.847525 -0.049439 0.010986 -10.008569
14472 1445959917.857601 -0.049439 0.010986 -10.008569
14473 1445959917.867565 -0.049439 0.010986 -10.008569
14474 1445959917.877619 -0.049439 0.010986 -10.008569
14475 1445959917.887787 0.038452 0.010986 -10.008569
14476 1445959917.897661 -0.049439 0.010986 -10.008569
14477 1445959917.907682 -0.049439 0.010986 -10.008569
14478 1445959917.917742 -0.049439 0.010986 -10.008569
14479 1445959917.927717 -0.049439 -0.076904 -10.008569
14480 1445959917.937835 0.038452 -0.076904 -10.008569
14481 1445959917.947810 0.038452 0.010986 -10.008569
14482 1445959917.957874 0.038452 0.010986 -10.008569
14483 1445959917.967891 -0.049439 -0.076904 -10.008569
14484 1445959917.977901 -0.049439 0.010986 -10.008569
14485 1445959917.987961 0.038452 0.010986 -9.920679
14486 1445959917.997823 -0.049439 -0.076904 -10.008569
14487 1445959918.007959 -0.049439 0.010986 -9.920679
14488 1445959918.017970 -0.049439 0.010986 -10.008569
14489 1445959918.028006 -0.049439 -0.076904 -10.008569
14490 1445959918.038110 0.038452 -0.076904 -9.920679
14491 1445959918.047957 -0.049439 0.010986 -10.008569
14492 1445959918.057959 0.038452 0.010986 -10.008569
14493 1445959918.068006 -0.049439 0.010986 -10.008569
14494 1445959918.078011 0.038452 -0.076904 -9.920679
14495 1445959918.088030 -0.049439 0.010986 -10.008569
14496 1445959918.097992 0.038452 0.010986 -9.920679
14497 1445959918.108077 -0.049439 0.010986 -10.008569
14498 1445959918.118086 -0.049439 0.010986 -9.920679
14499 1445959918.128118 -0.049439 0.010986 -10.008569
14500 1445959918.138142 -0.049439 0.010986 -9.920679
14501 1445959918.148107 0.038452 0.010986 -10.008569
14502 1445959918.158137 0.038452 0.010986 -10.008569
14503 1445959918.168191 -0.049439 0.010986 -10.008569
14504 1445959918.178237 -0.049439 0.010986 -10.008569
14505 1445959918.188433 0.038452 0.010986 -10.008569
14506 1445959918.198461 0.038452 0.010986 -10.008569
14507 1445959918.208488 0.038452 0.010986 -10.008569
14508 1445959918.218446 0.038452 0.010986 -10.008569
14509 1445959918.228493 0.038452 0.010986 -10.008569
14510 1445959918.238514 0.038452 -0.076904 -10.008569
14511 1445959918.248508 0.038452 0.010986 -10.008569
14512 1445959918.258583 0.038452 -0.076904 -10.008569
14513 1445959918.268582 0.038452 0.010986 -10.008569
14514 1445959918.278597 0.038452 0.010986 -10.008569
14515 1445959918.288621 -0.049439 0.010986 -10.008569
14516 1445959918.298631 0.038452 0.010986 -10.008569
14517 1445959918.308651 0.038452 0.010986 -10.008569
14518 1445959918.318664 0.038452 0.010986 -10.008569
14519 1445959918.328696 0.038452 0.010986 -10.008569
14520 1445959918.338724 0.038452 0.010986 -10.008569
14521 1445959918.348688 0.038452 0.010986 -10.008569
14522 1445959918.358805 -0.049439 0.010986 -10.008569
14523 1445959918.368818 0.038452 0.010986 -10.008569
14524 1445959918.378850 0.038452 0.010986 -10.008569
14525 1445959918.388831 0.038452 0.010986 -10.008569
14526 1445959918.398818 0.038452 0.010986 -10.008569
14527 1445959918.408908 0.038452 -0.076904 -10.008569
14528 1445959918.418915 0.038452 0.010986 -10.008569
14529 1445959918.428935 0.038452 0.010986 -10.008569
14530 1445959918.438921 0.038452 0.010986 -10.008569
14531 1445959918.448920 0.038452 -0.076904 -10.008569
14532 1445959918.459002 -0.049439 0.010986 -10.008569
14533 1445959918.469072 -0.049439 0.010986 -10.008569
14534 1445959918.478998 -0.049439 -0.076904 -10.008569
14535 1445959918.489038 -0.049439 0.010986 -10.008569
14536 1445959918.499029 0.038452 0.010986 -10.008569
14537 1445959918.509081 -0.049439 0.010986 -10.008569
14538 1445959918.519092 0.038452 0.010986 -10.008569
14539 1445959918.529112 0.038452 0.010986 -10.008569
14540 1445959918.539152 0.038452 0.010986 -10.008569
14541 1445959918.549142 -0.049439 -0.076904 -10.008569
14542 1445959918.559182 0.038452 0.010986 -10.008569
14543 1445959918.569201 0.038452 0.010986 -10.008569
14544 1445959918.579226 0.038452 0.010986 -10.008569
14545 1445959918.589260 0.038452 0.010986 -10.008569
14546 1445959918.599300 0.038452 0.010986 -10.008569
14547 1445959918.609368 0.038452 0.010986 -10.008569
14548 1445959918.619387 -0.049439 -0.076904 -10.008569
14549 1445959918.629385 0.038452 0.010986 -10.008569
14550 1445959918.635546 -0.049439 0.010986 -10.008569
14551 1445959918.645546 -0.049439 0.010986 -10.008569
14552 1445959918.659430 0.038452 0.010986 -10.008569
14553 1445959918.669467 0.038452 0.010986 -10.008569
14554 1445959918.679492 0.038452 -0.076904 -10.008569
14555 1445959918.685609 0.038452 0.010986 -10.008569
14556 1445959918.695576 -0.049439 0.010986 -10.008569
14557 1445959918.705449 0.038452 0.010986 -10.008569
14558 1445959918.715441 0.038452 0.010986 -10.008569
14559 1445959918.725470 -0.049439 -0.076904 -10.008569
14560 1445959918.735749 0.038452 -0.076904 -10.008569
14561 1445959918.745661 0.038452 0.010986 -10.008569
14562 1445959918.755541 0.038452 0.010986 -10.008569
14563 1445959918.765550 0.038452 -0.076904 -10.008569
14564 1445959918.775587 0.038452 0.010986 -10.008569
14565 1445959918.790575 0.038452 0.010986 -10.008569
14566 1445959918.795745 0.038452 0.010986 -10.008569
14567 1445959918.805613 -0.049439 0.010986 -10.008569
14568 1445959918.820466 0.038452 0.010986 -10.008569
14569 1445959918.830539 0.038452 0.010986 -10.008569
14570 1445959918.840638 0.038452 0.010986 -10.008569
14571 1445959918.850449 0.038452 0.010986 -10.008569
14572 1445959918.860523 0.038452 0.010986 -10.008569
14573 1445959918.870574 0.038452 0.010986 -10.008569
14574 1445959918.880641 0.038452 0.010986 -10.008569
14575 1445959918.890799 0.038452 0.010986 -10.008569
14576 1445959918.900574 -0.049439 0.010986 -10.008569
14577 1445959918.910627 0.038452 0.010986 -10.008569
14578 1445959918.920691 0.038452 0.010986 -10.008569
14579 1445959918.930681 0.038452 0.010986 -10.008569
14580 1445959918.940917 0.038452 0.010986 -10.008569
14581 1445959918.950783 0.038452 0.010986 -10.008569
14582 1445959918.960831 0.038452 0.010986 -10.008569
14583 1445959918.970856 0.038452 0.010986 -10.008569
14584 1445959918.986076 0.038452 0.010986 -10.008569
14585 1445959918.996065 0.038452 0.010986 -10.008569
14586 1445959919.005954 0.038452 0.010986 -10.008569
14587 1445959919.015985 0.038452 0.010986 -10.008569
14588 1445959919.025942 0.038452 0.010986 -10.008569
14589 1445959919.036298 0.038452 0.010986 -10.008569
14590 1445959919.046146 0.038452 -0.076904 -10.008569
14591 1445959919.056110 0.038452 0.010986 -10.008569
14592 1445959919.066086 0.038452 0.010986 -10.008569
14593 1445959919.076142 0.038452 0.010986 -10.008569
14594 1445959919.086198 -0.049439 0.010986 -10.008569
14595 1445959919.096207 -0.049439 0.010986 -10.008569
14596 1445959919.106181 0.038452 0.010986 -10.008569
14597 1445959919.116286 0.038452 0.010986 -10.008569
14598 1445959919.126247 -0.049439 0.010986 -10.008569
14599 1445959919.136455 -0.049439 0.010986 -10.008569
14600 1445959919.146255 0.038452 0.010986 -10.008569
14601 1445959919.156216 0.038452 0.010986 -10.008569
14602 1445959919.166269 0.038452 0.010986 -10.008569
14603 1445959919.176333 -0.049439 0.010986 -10.008569
14604 1445959919.186471 0.038452 0.010986 -10.008569
14605 1445959919.196405 0.038452 0.010986 -10.008569
14606 1445959919.206373 0.038452 0.010986 -10.008569
14607 1445959919.216324 -0.049439 0.010986 -10.008569
14608 1445959919.226410 0.038452 0.010986 -10.008569
14609 1445959919.236565 -0.049439 0.010986 -10.008569
14610 1445959919.246417 0.038452 0.010986 -10.008569
14611 1445959919.256545 0.038452 0.010986 -10.008569
14612 1445959919.266565 0.038452 0.010986 -10.008569
14613 1445959919.276528 0.038452 0.010986 -10.008569
14614 1445959919.286718 -0.049439 0.010986 -10.008569
14615 1445959919.296601 -0.049439 0.010986 -10.008569
14616 1445959919.306629 0.038452 0.010986 -10.008569
14617 1445959919.316645 -0.049439 0.010986 -10.008569
14618 1445959919.326722 -0.049439 0.010986 -10.008569
14619 1445959919.336924 -0.049439 0.010986 -10.008569
14620 1445959919.346794 0.038452 0.010986 -10.008569
14621 1445959919.356910 0.038452 0.010986 -10.008569
14622 1445959919.366902 -0.049439 0.010986 -10.008569
14623 1445959919.376901 -0.049439 0.010986 -10.008569
14624 1445959919.386941 -0.049439 0.010986 -10.008569
14625 1445959919.396828 -0.049439 0.010986 -10.008569
14626 1445959919.407022 0.038452 0.010986 -10.008569
14627 1445959919.417045 -0.049439 0.010986 -10.008569
14628 1445959919.427106 0.038452 0.010986 -10.008569
14629 1445959919.437056 -0.049439 0.010986 -10.008569
14630 1445959919.447053 -0.049439 0.010986 -10.008569
14631 1445959919.457058 0.038452 0.010986 -10.008569
14632 1445959919.467054 0.038452 0.010986 -10.008569
14633 1445959919.477066 -0.049439 -0.076904 -10.008569
14634 1445959919.487169 -0.049439 0.010986 -10.008569
14635 1445959919.497071 -0.049439 0.010986 -10.008569
14636 1445959919.507167 -0.049439 -0.076904 -10.008569
14637 1445959919.517178 -0.049439 0.010986 -10.008569
14638 1445959919.527184 -0.049439 0.010986 -10.008569
14639 1445959919.537262 -0.049439 0.010986 -10.008569
14640 1445959919.547178 -0.049439 -0.076904 -10.008569
14641 1445959919.557267 -0.049439 -0.076904 -10.008569
14642 1445959919.567282 -0.049439 0.010986 -10.008569
14643 1445959919.577233 -0.049439 0.010986 -10.008569
14644 1445959919.587428 -0.049439 0.010986 -10.008569
14645 1445959919.597299 -0.049439 0.010986 -10.008569
14646 1445959919.607339 -0.049439 0.010986 -10.008569
14647 1445959919.617370 -0.049439 0.010986 -10.008569
14648 1445959919.627387 -0.049439 0.010986 -10.008569
14649 1445959919.637550 -0.049439 -0.076904 -10.008569
14650 1445959919.647453 0.038452 -0.076904 -10.008569
14651 1445959919.657578 -0.049439 0.010986 -10.008569
14652 1445959919.667545 -0.049439 0.010986 -10.008569
14653 1445959919.677558 0.038452 -0.076904 -10.008569
14654 1445959919.687635 -0.049439 0.010986 -10.008569
14655 1445959919.697603 -0.049439 0.010986 -10.008569
14656 1445959919.707656 -0.049439 0.010986 -10.008569
14657 1445959919.717694 0.038452 0.010986 -10.09646
14658 1445959919.727736 0.038452 0.010986 -10.008569
14659 1445959919.737766 -0.049439 0.010986 -10.09646
14660 1445959919.747631 -0.049439 0.010986 -10.008569
14661 1445959919.757833 -0.049439 0.010986 -10.09646
14662 1445959919.767850 -0.049439 0.010986 -10.09646
14663 1445959919.777817 -0.049439 0.010986 -10.008569
14664 1445959919.787939 -0.049439 0.010986 -10.008569
14665 1445959919.797849 -0.049439 -0.076904 -10.008569
14666 1445959919.807950 -0.049439 0.010986 -10.008569
14667 1445959919.817959 -0.049439 -0.076904 -10.008569
14668 1445959919.827993 -0.049439 0.010986 -10.09646
14669 1445959919.837999 -0.049439 0.010986 -10.09646
14670 1445959919.847958 -0.049439 -0.076904 -10.008569
14671 1445959919.858035 -0.049439 0.010986 -10.008569
14672 1445959919.868011 -0.049439 0.010986 -10.008569
14673 1445959919.878033 -0.049439 -0.076904 -10.008569
14674 1445959919.888093 -0.049439 -0.076904 -10.008569
14675 1445959919.898091 -0.049439 0.010986 -10.008569
14676 1445959919.908138 -0.049439 0.010986 -10.008569
14677 1445959919.918153 -0.049439 0.010986 -10.008569
14678 1445959919.928207 -0.049439 0.010986 -10.09646
14679 1445959919.938263 -0.049439 0.010986 -10.09646
14680 1445959919.948245 -0.049439 -0.076904 -10.09646
14681 1445959919.958260 -0.049439 0.010986 -10.09646
14682 1445959919.968290 -0.049439 0.010986 -10.09646
14683 1445959919.978323 0.038452 0.010986 -10.09646
14684 1445959919.988402 -0.049439 0.010986 -10.09646
14685 1445959919.998460 -0.049439 0.010986 -10.09646
14686 1445959920.008463 -0.049439 -0.076904 -10.008569
14687 1445959920.018473 -0.049439 -0.076904 -10.008569
14688 1445959920.028495 -0.049439 0.010986 -10.09646
14689 1445959920.038541 -0.049439 0.010986 -10.008569
14690 1445959920.048496 -0.049439 -0.076904 -10.008569
14691 1445959920.058614 -0.049439 0.010986 -10.09646
14692 1445959920.068594 -0.049439 0.010986 -10.09646
14693 1445959920.083742 -0.049439 0.010986 -10.008569
14694 1445959920.093793 -0.049439 0.010986 -10.008569
14695 1445959920.103654 0.038452 0.010986 -10.008569
14696 1445959920.113709 -0.049439 0.010986 -10.008569
14697 1445959920.123880 -0.049439 0.010986 -10.008569
14698 1445959920.133964 0.038452 0.010986 -10.008569
14699 1445959920.143951 -0.049439 0.010986 -10.008569
14700 1445959920.153878 -0.049439 0.010986 -10.008569
14701 1445959920.163926 -0.049439 0.010986 -10.008569
14702 1445959920.173997 -0.049439 0.010986 -10.008569
14703 1445959920.184028 0.038452 0.010986 -10.008569
14704 1445959920.194044 -0.049439 0.010986 -10.008569
14705 1445959920.204171 -0.049439 0.010986 -10.09646
14706 1445959920.214004 -0.049439 0.010986 -10.09646
14707 1445959920.224028 -0.049439 0.010986 -10.008569
14708 1445959920.234085 -0.049439 0.010986 -10.09646
14709 1445959920.244181 -0.049439 0.010986 -10.008569
14710 1445959920.254142 -0.049439 0.010986 -10.008569
14711 1445959920.264231 -0.049439 0.010986 -10.008569
14712 1445959920.274152 -0.049439 0.010986 -10.008569
14713 1445959920.284282 -0.049439 0.010986 -10.008569
14714 1445959920.294184 -0.049439 0.010986 -10.008569
14715 1445959920.304245 -0.049439 0.010986 -10.008569
14716 1445959920.314216 -0.049439 0.010986 -10.008569
14717 1445959920.324223 -0.049439 0.010986 -10.008569
14718 1445959920.334303 -0.049439 0.010986 -10.008569
14719 1445959920.344383 -0.049439 0.010986 -10.008569
14720 1445959920.354371 -0.049439 0.010986 -10.008569
14721 1445959920.364349 -0.049439 0.010986 -10.008569
14722 1445959920.374386 -0.049439 0.010986 -10.008569
14723 1445959920.384422 -0.049439 0.010986 -10.008569
14724 1445959920.394461 -0.049439 0.010986 -10.008569
14725 1445959920.404475 -0.049439 0.010986 -10.008569
14726 1445959920.414532 -0.049439 0.010986 -10.008569
14727 1445959920.424489 0.038452 0.010986 -10.008569
14728 1445959920.434547 -0.049439 0.010986 -10.008569
14729 1445959920.444582 -0.049439 0.010986 -10.008569
14730 1445959920.454555 -0.049439 0.010986 -10.008569
14731 1445959920.464582 -0.049439 0.010986 -10.09646
14732 1445959920.474608 -0.049439 0.010986 -10.008569
14733 1445959920.485884 -0.049439 -0.076904 -10.09646
14734 1445959920.494734 -0.049439 0.010986 -10.09646
14735 1445959920.504739 -0.049439 0.010986 -10.008569
14736 1445959920.514767 -0.049439 0.010986 -10.008569
14737 1445959920.524772 -0.049439 0.010986 -10.008569
14738 1445959920.535879 -0.049439 0.010986 -10.008569
14739 1445959920.545925 -0.049439 -0.076904 -10.008569
14740 1445959920.554882 -0.049439 0.010986 -10.008569
14741 1445959920.564855 -0.049439 -0.076904 -10.008569
14742 1445959920.574891 -0.049439 0.010986 -10.008569
14743 1445959920.585862 -0.049439 0.010986 -10.09646
14744 1445959920.595804 -0.049439 0.010986 -10.008569
14745 1445959920.604947 -0.049439 -0.076904 -10.008569
14746 1445959920.614969 -0.049439 0.010986 -10.09646
14747 1445959920.625764 -0.049439 -0.076904 -10.008569
14748 1445959920.636090 -0.049439 0.010986 -10.008569
14749 1445959920.645937 -0.049439 -0.076904 -10.008569
14750 1445959920.655935 -0.049439 0.010986 -10.008569
14751 1445959920.665846 0.038452 -0.076904 -10.008569
14752 1445959920.675843 -0.049439 -0.076904 -10.008569
14753 1445959920.685994 -0.049439 -0.076904 -10.008569
14754 1445959920.696217 -0.049439 -0.076904 -10.008569
14755 1445959920.705997 -0.049439 0.010986 -10.008569
14756 1445959920.716012 -0.049439 0.010986 -10.008569
14757 1445959920.726031 0.038452 -0.076904 -10.008569
14758 1445959920.736296 -0.049439 -0.076904 -10.008569
14759 1445959920.746286 -0.049439 -0.076904 -10.09646
14760 1445959920.756119 0.038452 0.010986 -10.09646
14761 1445959920.766027 0.038452 0.010986 -10.09646
14762 1445959920.776187 0.038452 0.010986 -10.008569
14763 1445959920.786540 0.038452 0.010986 -10.008569
14764 1445959920.796441 -0.049439 0.010986 -10.008569
14765 1445959920.806255 0.038452 0.010986 -10.09646
14766 1445959920.816215 -0.049439 0.010986 -10.008569
14767 1445959920.826238 -0.049439 0.010986 -10.008569
14768 1445959920.836526 0.038452 0.010986 -10.008569
14769 1445959920.846393 -0.049439 0.010986 -10.008569
14770 1445959920.856400 -0.049439 0.010986 -10.008569
14771 1445959920.866284 -0.049439 0.010986 -10.008569
14772 1445959920.876303 -0.049439 -0.076904 -10.008569
14773 1445959920.886365 -0.049439 0.010986 -10.008569
14774 1445959920.896469 -0.049439 0.010986 -10.008569
14775 1445959920.906436 -0.049439 -0.076904 -10.008569
14776 1445959920.916376 -0.049439 -0.076904 -10.008569
14777 1445959920.926385 -0.049439 0.010986 -10.008569
14778 1445959920.936467 -0.049439 0.010986 -10.008569
14779 1445959920.946457 -0.049439 0.010986 -10.008569
14780 1445959920.956434 -0.049439 0.010986 -10.008569
14781 1445959920.966458 -0.049439 0.010986 -10.008569
14782 1445959920.976494 -0.049439 0.010986 -10.008569
14783 1445959920.986673 0.038452 0.010986 -10.008569
14784 1445959920.996611 0.038452 0.010986 -10.008569
14785 1445959921.006598 -0.049439 0.010986 -10.008569
14786 1445959921.016598 0.038452 0.010986 -10.008569
14787 1445959921.026588 0.038452 0.010986 -10.008569
14788 1445959921.036817 0.038452 0.010986 -10.008569
14789 1445959921.046615 0.038452 0.010986 -10.008569
14790 1445959921.056710 0.038452 0.010986 -10.008569
14791 1445959921.066673 0.038452 0.010986 -10.008569
14792 1445959921.076713 0.038452 0.010986 -10.008569
14793 1445959921.086822 0.038452 0.010986 -10.008569
14794 1445959921.096690 0.038452 0.010986 -10.008569
14795 1445959921.106837 0.038452 0.010986 -10.008569
14796 1445959921.116807 -0.049439 0.010986 -10.008569
14797 1445959921.126869 0.038452 0.010986 -10.008569
14798 1445959921.136826 -0.049439 0.010986 -10.008569
14799 1445959921.146895 -0.049439 -0.076904 -10.008569
14800 1445959921.156952 0.038452 -0.076904 -10.008569
14801 1445959921.166961 0.038452 0.010986 -10.008569
14802 1445959921.176971 -0.049439 -0.076904 -10.008569
14803 1445959921.186932 0.038452 -0.076904 -10.008569
14804 1445959921.196839 0.038452 -0.076904 -10.008569
14805 1445959921.207037 -0.049439 -0.076904 -10.008569
14806 1445959921.216990 0.038452 -0.076904 -10.008569
14807 1445959921.227012 0.038452 0.010986 -10.008569
14808 1445959921.237060 -0.049439 -0.076904 -10.008569
14809 1445959921.246960 -0.049439 -0.076904 -10.008569
14810 1445959921.257085 -0.049439 0.010986 -10.008569
14811 1445959921.267076 0.038452 -0.076904 -10.09646
14812 1445959921.277202 -0.049439 -0.076904 -10.008569
14813 1445959921.287152 -0.049439 -0.076904 -10.09646
14814 1445959921.297123 -0.049439 -0.076904 -10.09646
14815 1445959921.307155 -0.049439 -0.076904 -10.09646
14816 1445959921.317195 -0.049439 -0.076904 -10.008569
14817 1445959921.327218 -0.049439 -0.076904 -10.008569
14818 1445959921.337330 -0.049439 -0.076904 -10.008569
14819 1445959921.347233 -0.049439 -0.076904 -10.008569
14820 1445959921.357292 -0.049439 -0.076904 -10.008569
14821 1445959921.367289 -0.049439 -0.076904 -10.008569
14822 1445959921.377314 -0.049439 -0.076904 -10.008569
14823 1445959921.387453 -0.049439 -0.076904 -10.008569
14824 1445959921.397380 -0.049439 -0.076904 -10.008569
14825 1445959921.407444 -0.049439 -0.076904 -10.008569
14826 1445959921.417476 -0.049439 -0.076904 -10.09646
14827 1445959921.427480 -0.049439 -0.076904 -10.09646
14828 1445959921.437534 -0.049439 -0.076904 -10.09646
14829 1445959921.449232 -0.049439 -0.076904 -10.008569
14830 1445959921.462676 -0.049439 -0.076904 -10.09646
14831 1445959921.472668 -0.049439 -0.076904 -10.09646
14832 1445959921.482825 -0.049439 -0.076904 -10.008569
14833 1445959921.493022 -0.049439 -0.076904 -10.008569
14834 1445959921.502779 -0.049439 -0.076904 -10.09646
14835 1445959921.512829 -0.049439 -0.076904 -10.09646
14836 1445959921.522887 -0.049439 -0.076904 -10.008569
14837 1445959921.532961 -0.049439 -0.076904 -10.09646
14838 1445959921.542932 -0.049439 -0.076904 -10.008569
14839 1445959921.552873 -0.049439 -0.076904 -10.09646
14840 1445959921.562878 -0.049439 -0.076904 -10.09646
14841 1445959921.572905 -0.049439 -0.076904 -10.008569
14842 1445959921.583128 -0.049439 -0.076904 -10.09646
14843 1445959921.593026 -0.049439 -0.076904 -10.09646
14844 1445959921.602979 -0.049439 -0.076904 -10.09646
14845 1445959921.612970 -0.049439 -0.076904 -10.09646
14846 1445959921.623029 -0.049439 -0.076904 -10.09646
14847 1445959921.633120 -0.049439 -0.076904 -10.09646
14848 1445959921.643003 -0.049439 0.010986 -10.09646
14849 1445959921.653046 0.038452 0.010986 -10.09646
14850 1445959921.663062 -0.049439 0.010986 -10.09646
14851 1445959921.673043 -0.049439 0.010986 -10.09646
14852 1445959921.683192 -0.049439 0.010986 -10.09646
14853 1445959921.693211 0.038452 0.010986 -10.09646
14854 1445959921.703126 0.038452 0.010986 -10.09646
14855 1445959921.713206 0.038452 0.010986 -10.09646
14856 1445959921.723246 0.038452 0.010986 -10.09646
14857 1445959921.733361 0.038452 0.010986 -10.09646
14858 1445959921.743262 0.038452 0.010986 -10.09646
14859 1445959921.753206 0.038452 0.010986 -10.09646
14860 1445959921.763282 0.038452 0.010986 -10.09646
14861 1445959921.773383 0.038452 0.098877 -10.09646
14862 1445959921.783359 0.038452 0.098877 -10.09646
14863 1445959921.793416 0.038452 0.098877 -10.09646
14864 1445959921.803360 0.038452 0.098877 -10.09646
14865 1445959921.813408 0.038452 0.010986 -10.09646
14866 1445959921.823405 0.038452 0.098877 -10.09646
14867 1445959921.833544 0.038452 0.098877 -10.09646
14868 1445959921.843563 0.038452 0.098877 -10.09646
14869 1445959921.853483 0.126343 0.098877 -10.09646
14870 1445959921.863524 0.038452 0.098877 -10.184351
14871 1445959921.873521 0.126343 0.098877 -10.184351
14872 1445959921.883810 0.038452 0.098877 -10.09646
14873 1445959921.893766 0.038452 0.098877 -10.09646
14874 1445959921.903644 0.038452 0.098877 -10.184351
14875 1445959921.913664 0.038452 0.098877 -10.184351
14876 1445959921.923695 0.038452 0.098877 -10.09646
14877 1445959921.933829 0.038452 0.098877 -10.09646
14878 1445959921.943881 0.038452 0.098877 -10.184351
14879 1445959921.953770 0.038452 0.010986 -10.184351
14880 1445959921.963794 0.038452 0.098877 -10.09646
14881 1445959921.973933 0.038452 0.010986 -10.09646
14882 1445959921.984056 0.038452 0.098877 -10.184351
14883 1445959921.994002 0.126343 0.010986 -10.09646
14884 1445959922.003979 0.038452 0.010986 -10.09646
14885 1445959922.013933 0.038452 0.010986 -10.184351
14886 1445959922.023991 0.038452 0.098877 -10.184351
14887 1445959922.034083 0.126343 0.010986 -10.09646
14888 1445959922.044072 0.038452 0.010986 -10.184351
14889 1445959922.054075 0.038452 0.010986 -10.184351
14890 1445959922.064095 0.038452 0.010986 -10.184351
14891 1445959922.074072 0.038452 0.010986 -10.09646
14892 1445959922.084119 0.038452 0.098877 -10.184351
14893 1445959922.094175 0.038452 0.098877 -10.184351
14894 1445959922.104118 0.038452 0.098877 -10.184351
14895 1445959922.114144 0.126343 0.098877 -10.184351
14896 1445959922.124165 0.126343 0.098877 -10.184351
14897 1445959922.134219 0.038452 0.098877 -10.184351
14898 1445959922.144233 0.038452 0.098877 -10.184351
14899 1445959922.154225 0.126343 0.098877 -10.184351
14900 1445959922.164264 0.038452 0.098877 -10.184351
14901 1445959922.174289 0.126343 0.098877 -10.184351
14902 1445959922.184383 0.126343 0.098877 -10.184351
14903 1445959922.194273 0.126343 0.098877 -10.184351
14904 1445959922.204362 0.126343 0.098877 -10.184351
14905 1445959922.214382 0.126343 0.098877 -10.184351
14906 1445959922.224417 0.126343 0.098877 -10.184351
14907 1445959922.234459 0.038452 0.098877 -10.184351
14908 1445959922.240689 0.038452 0.098877 -10.184351
14909 1445959922.254459 0.038452 0.098877 -10.184351
14910 1445959922.264466 0.038452 0.098877 -10.184351
14911 1445959922.274500 0.038452 0.098877 -10.184351
14912 1445959922.284598 0.038452 0.098877 -10.184351
14913 1445959922.294497 0.038452 0.098877 -10.184351
14914 1445959922.304621 0.038452 0.098877 -10.272242
14915 1445959922.314611 0.038452 0.098877 -10.272242
14916 1445959922.324656 0.038452 0.098877 -10.272242
14917 1445959922.334702 0.038452 0.098877 -10.272242
14918 1445959922.340957 0.126343 0.098877 -10.272242
14919 1445959922.354710 0.126343 0.098877 -10.272242
14920 1445959922.360698 0.126343 0.010986 -10.272242
14921 1445959922.374709 0.126343 0.010986 -10.184351
14922 1445959922.384806 0.126343 0.098877 -10.184351
14923 1445959922.390948 0.126343 0.098877 -10.272242
14924 1445959922.404775 0.126343 0.098877 -10.184351
14925 1445959922.410670 0.126343 0.010986 -10.272242
14926 1445959922.420710 0.126343 0.010986 -10.184351
14927 1445959922.435643 0.038452 0.098877 -10.184351
14928 1445959922.440887 0.038452 0.010986 -10.184351
14929 1445959922.450721 0.038452 0.010986 -10.184351
14930 1445959922.460777 0.038452 0.010986 -10.184351
14931 1445959922.470722 0.038452 0.010986 -10.184351
14932 1445959922.485803 0.038452 -0.076904 -10.184351
14933 1445959922.495856 0.038452 -0.076904 -10.184351
14934 1445959922.505756 0.038452 -0.076904 -10.09646
14935 1445959922.515699 -0.049439 -0.076904 -10.09646
14936 1445959922.525688 0.038452 -0.076904 -10.09646
14937 1445959922.535993 -0.049439 -0.076904 -10.09646
14938 1445959922.545897 -0.049439 -0.076904 -10.008569
14939 1445959922.555835 -0.049439 -0.076904 -10.008569
14940 1445959922.565826 -0.049439 -0.164795 -10.008569
14941 1445959922.575827 -0.049439 -0.164795 -10.008569
14942 1445959922.586075 -0.049439 -0.164795 -10.008569
14943 1445959922.596088 -0.049439 -0.164795 -10.008569
14944 1445959922.605925 -0.049439 -0.164795 -10.008569
14945 1445959922.616180 -0.049439 -0.164795 -10.008569
14946 1445959922.625922 -0.049439 -0.164795 -10.008569
14947 1445959922.636214 -0.049439 -0.164795 -10.008569
14948 1445959922.646071 -0.049439 -0.164795 -10.008569
14949 1445959922.656013 -0.049439 -0.164795 -10.008569
14950 1445959922.665998 -0.049439 -0.164795 -10.008569
14951 1445959922.676097 -0.049439 -0.076904 -10.008569
14952 1445959922.686185 -0.049439 -0.076904 -9.920679
14953 1445959922.696148 -0.049439 -0.076904 -9.920679
14954 1445959922.706127 0.038452 -0.076904 -9.920679
14955 1445959922.716173 0.038452 -0.076904 -9.920679
14956 1445959922.726171 0.038452 -0.076904 -9.920679
14957 1445959922.736212 0.038452 -0.076904 -9.920679
14958 1445959922.746219 0.038452 -0.076904 -9.920679
14959 1445959922.756282 0.038452 -0.076904 -9.920679
14960 1445959922.766278 0.038452 -0.076904 -9.920679
14961 1445959922.776242 0.038452 -0.076904 -9.920679
14962 1445959922.786369 0.038452 0.010986 -9.920679
14963 1445959922.796418 0.038452 0.010986 -9.920679
14964 1445959922.806319 0.038452 0.010986 -9.832788
14965 1445959922.816280 0.038452 0.010986 -9.920679
14966 1445959922.826293 0.038452 0.010986 -9.920679
14967 1445959922.841691 0.038452 -0.076904 -9.920679
14968 1445959922.851505 0.038452 0.010986 -9.920679
14969 1445959922.861758 0.038452 0.010986 -9.832788
14970 1445959922.871643 0.038452 0.010986 -9.832788
14971 1445959922.881803 0.038452 0.010986 -9.832788
14972 1445959922.891921 0.038452 0.010986 -9.832788
14973 1445959922.901756 0.038452 0.010986 -9.832788
14974 1445959922.911809 0.038452 0.010986 -9.920679
14975 1445959922.921870 0.038452 0.010986 -9.832788
14976 1445959922.932070 0.038452 0.010986 -9.832788
14977 1445959922.942045 0.038452 0.010986 -9.832788
14978 1445959922.951862 0.038452 0.010986 -9.832788
14979 1445959922.961883 0.038452 0.010986 -9.832788
14980 1445959922.971927 0.038452 0.010986 -9.832788
14981 1445959922.982155 0.038452 0.010986 -9.832788
14982 1445959922.991868 0.038452 0.010986 -9.832788
14983 1445959923.001993 0.038452 0.010986 -9.832788
14984 1445959923.012054 0.038452 0.010986 -9.832788
14985 1445959923.022081 0.038452 0.010986 -9.832788
14986 1445959923.032384 0.038452 0.010986 -9.832788
14987 1445959923.042308 0.038452 0.010986 -9.832788
14988 1445959923.052078 0.038452 0.010986 -9.832788
14989 1445959923.062280 0.038452 0.010986 -9.832788
14990 1445959923.072181 0.038452 0.010986 -9.832788
14991 1445959923.082391 0.038452 0.010986 -9.832788
14992 1445959923.092497 0.038452 0.010986 -9.832788
14993 1445959923.102244 0.038452 0.010986 -9.832788
14994 1445959923.112405 0.038452 0.010986 -9.832788
14995 1445959923.122341 0.038452 0.010986 -9.832788
14996 1445959923.132643 0.038452 0.010986 -9.832788
14997 1445959923.142353 0.038452 0.010986 -9.832788
14998 1445959923.152462 0.038452 0.010986 -9.832788
14999 1445959923.162510 0.038452 0.010986 -9.832788
15000 1445959923.172435 0.038452 0.010986 -9.832788
15001 1445959923.182631 0.038452 0.010986 -9.832788
15002 1445959923.192465 0.038452 0.010986 -9.832788
15003 1445959923.202349 0.038452 0.010986 -9.832788
15004 1445959923.212414 0.038452 0.010986 -9.832788
15005 1445959923.222421 0.038452 0.010986 -9.832788
15006 1445959923.232624 0.038452 0.010986 -9.832788
15007 1445959923.242448 0.038452 0.010986 -9.832788
15008 1445959923.252385 0.038452 0.010986 -9.832788
15009 1445959923.262414 0.038452 0.010986 -9.832788
15010 1445959923.272508 0.038452 0.010986 -9.832788
15011 1445959923.282694 0.038452 0.010986 -9.832788
15012 1445959923.292678 0.038452 0.010986 -9.832788
15013 1445959923.302594 0.038452 0.010986 -9.832788
15014 1445959923.312696 0.038452 0.010986 -9.832788
15015 1445959923.322665 0.038452 0.010986 -9.832788
15016 1445959923.332872 0.038452 0.010986 -9.832788
15017 1445959923.342840 0.038452 0.010986 -9.832788
15018 1445959923.352767 0.038452 0.010986 -9.832788
15019 1445959923.362781 0.038452 0.010986 -9.832788
15020 1445959923.372800 0.038452 0.010986 -9.832788
15021 1445959923.382978 0.038452 0.010986 -9.832788
15022 1445959923.393004 0.038452 0.010986 -9.832788
15023 1445959923.402852 0.038452 0.010986 -9.832788
15024 1445959923.413080 0.038452 0.010986 -9.832788
15025 1445959923.422950 0.038452 0.010986 -9.832788
15026 1445959923.433094 0.038452 0.010986 -9.832788
15027 1445959923.442928 0.038452 0.010986 -9.832788
15028 1445959923.452981 0.038452 0.010986 -9.832788
15029 1445959923.462962 0.038452 0.010986 -9.832788
15030 1445959923.472953 0.038452 0.010986 -9.832788
15031 1445959923.483144 0.038452 0.010986 -9.832788
15032 1445959923.492958 0.038452 0.010986 -9.832788
15033 1445959923.502965 0.038452 0.010986 -9.920679
15034 1445959923.512952 0.038452 0.010986 -9.920679
15035 1445959923.523034 0.038452 0.010986 -9.920679
15036 1445959923.533095 0.038452 0.010986 -9.832788
15037 1445959923.543101 0.038452 0.010986 -9.920679
15038 1445959923.553070 0.038452 -0.076904 -9.920679
15039 1445959923.563104 0.038452 0.010986 -9.920679
15040 1445959923.573120 0.038452 0.010986 -9.920679
15041 1445959923.583203 0.038452 0.010986 -9.920679
15042 1445959923.593238 0.038452 0.010986 -9.920679
15043 1445959923.603221 0.038452 0.010986 -9.920679
15044 1445959923.613259 0.038452 0.010986 -9.920679
15045 1445959923.623281 0.038452 0.010986 -9.920679
15046 1445959923.633464 0.038452 0.010986 -9.920679
15047 1445959923.643436 0.038452 0.010986 -9.920679
15048 1445959923.653399 0.038452 0.010986 -9.920679
15049 1445959923.663424 0.038452 0.010986 -9.920679
15050 1445959923.673407 0.038452 0.010986 -9.920679
15051 1445959923.683635 0.038452 0.010986 -9.920679
15052 1445959923.693477 0.038452 0.010986 -10.008569
15053 1445959923.703588 0.038452 0.010986 -10.008569
15054 1445959923.713598 0.038452 0.010986 -10.008569
15055 1445959923.723636 0.038452 0.010986 -10.008569
15056 1445959923.733737 0.038452 0.010986 -10.008569
15057 1445959923.743528 0.038452 0.010986 -10.008569
15058 1445959923.753708 0.038452 0.010986 -10.008569
15059 1445959923.763723 0.038452 0.010986 -10.008569
15060 1445959923.773747 0.038452 0.010986 -10.008569
15061 1445959923.783881 0.038452 0.010986 -10.008569
15062 1445959923.793795 0.038452 0.010986 -10.008569
15063 1445959923.803819 0.038452 0.010986 -10.008569
15064 1445959923.813808 0.038452 0.010986 -10.008569
15065 1445959923.823861 0.038452 0.010986 -10.008569
15066 1445959923.833876 0.038452 0.010986 -10.008569
15067 1445959923.843927 0.038452 0.010986 -10.008569
15068 1445959923.853901 0.038452 0.010986 -10.008569
15069 1445959923.863954 0.038452 0.010986 -10.008569
15070 1445959923.873853 0.038452 0.010986 -10.008569
15071 1445959923.883967 0.038452 0.010986 -10.008569
15072 1445959923.893940 0.038452 0.010986 -10.008569
15073 1445959923.903980 0.038452 0.010986 -10.008569
15074 1445959923.914001 0.038452 0.010986 -10.008569
15075 1445959923.923965 0.038452 0.010986 -10.008569
15076 1445959923.934031 0.038452 0.010986 -10.008569
15077 1445959923.944067 0.038452 0.010986 -10.008569
15078 1445959923.954040 0.038452 0.010986 -10.008569
15079 1445959923.964066 0.038452 0.010986 -10.008569
15080 1445959923.974103 0.038452 0.010986 -10.008569
15081 1445959923.984179 0.038452 0.010986 -10.008569
15082 1445959923.994172 0.038452 0.010986 -10.008569
15083 1445959924.004168 0.038452 0.010986 -10.008569
15084 1445959924.014194 0.038452 0.010986 -10.008569
15085 1445959924.024218 0.038452 0.010986 -10.008569
15086 1445959924.034307 0.038452 0.010986 -10.008569
15087 1445959924.044202 0.038452 0.010986 -10.008569
15088 1445959924.054280 0.038452 0.010986 -10.008569
15089 1445959924.064403 0.038452 0.010986 -10.008569
15090 1445959924.074398 0.038452 0.010986 -10.008569
15091 1445959924.084524 0.038452 0.010986 -10.008569
15092 1445959924.094445 0.038452 0.010986 -10.008569
15093 1445959924.104479 0.038452 0.010986 -10.008569
15094 1445959924.114486 0.038452 -0.076904 -10.008569
15095 1445959924.124545 0.038452 0.010986 -10.008569
15096 1445959924.134663 0.038452 0.010986 -10.008569
15097 1445959924.140635 0.038452 0.010986 -10.008569
15098 1445959924.154594 0.038452 0.010986 -10.008569
15099 1445959924.164640 0.038452 0.010986 -10.008569
15100 1445959924.174658 0.038452 0.010986 -10.008569
15101 1445959924.189638 0.038452 0.010986 -10.008569
15102 1445959924.199704 0.038452 0.010986 -10.008569
15103 1445959924.209746 0.038452 0.010986 -10.008569
15104 1445959924.219822 0.038452 0.010986 -10.008569
15105 1445959924.230680 0.038452 0.010986 -10.008569
15106 1445959924.239824 0.038452 0.010986 -10.008569
15107 1445959924.250636 -0.049439 0.010986 -10.008569
15108 1445959924.260806 0.038452 0.010986 -10.008569
15109 1445959924.270703 0.038452 0.010986 -10.008569
15110 1445959924.280805 0.038452 0.010986 -10.008569
15111 1445959924.291030 0.038452 0.010986 -10.008569
15112 1445959924.300692 0.038452 0.010986 -10.008569
15113 1445959924.310785 0.038452 0.010986 -10.008569
15114 1445959924.320768 0.038452 0.010986 -10.008569
15115 1445959924.330790 0.038452 0.010986 -10.008569
15116 1445959924.341190 0.038452 0.010986 -10.008569
15117 1445959924.350780 0.038452 0.010986 -10.008569
15118 1445959924.360883 0.038452 0.010986 -10.008569
15119 1445959924.370863 0.038452 0.010986 -10.008569
15120 1445959924.380975 0.038452 0.010986 -10.008569
15121 1445959924.391192 0.038452 0.010986 -10.008569
15122 1445959924.400912 0.038452 0.010986 -10.008569
15123 1445959924.410982 0.038452 0.010986 -10.008569
15124 1445959924.421120 0.038452 0.010986 -10.008569
15125 1445959924.431133 0.038452 0.010986 -10.008569
15126 1445959924.441309 0.038452 0.010986 -10.008569
15127 1445959924.451065 0.038452 0.010986 -10.008569
15128 1445959924.461107 0.038452 0.010986 -10.008569
15129 1445959924.471176 0.038452 0.010986 -10.008569
15130 1445959924.481170 0.038452 0.010986 -10.008569
15131 1445959924.491460 0.038452 0.010986 -10.008569
15132 1445959924.501206 0.038452 0.010986 -10.008569
15133 1445959924.511184 0.038452 0.010986 -10.008569
15134 1445959924.521228 0.038452 0.010986 -10.008569
15135 1445959924.531237 0.038452 0.010986 -10.008569
15136 1445959924.541494 0.038452 0.010986 -10.008569
15137 1445959924.551341 0.038452 0.010986 -10.008569
15138 1445959924.561347 0.038452 0.010986 -10.008569
15139 1445959924.571459 0.038452 0.010986 -10.008569
15140 1445959924.581558 0.038452 0.010986 -10.008569
15141 1445959924.591621 0.038452 0.010986 -10.008569
15142 1445959924.601402 0.038452 0.010986 -10.008569
15143 1445959924.611355 0.038452 0.010986 -10.008569
15144 1445959924.621464 0.038452 0.010986 -10.008569
15145 1445959924.631725 0.038452 0.010986 -10.008569
15146 1445959924.641754 0.038452 0.010986 -10.008569
15147 1445959924.651538 0.038452 0.010986 -10.008569
15148 1445959924.661572 0.038452 0.010986 -10.008569
15149 1445959924.671615 0.038452 0.010986 -10.008569
15150 1445959924.681775 0.038452 0.010986 -10.008569
15151 1445959924.691945 0.038452 0.010986 -10.008569
15152 1445959924.701721 0.038452 0.010986 -10.008569
15153 1445959924.711826 0.038452 0.010986 -10.008569
15154 1445959924.721776 0.038452 0.010986 -10.008569
15155 1445959924.731967 0.038452 0.010986 -10.008569
15156 1445959924.742136 0.038452 0.010986 -10.008569
15157 1445959924.751886 0.038452 0.010986 -10.008569
15158 1445959924.761886 0.038452 0.010986 -10.008569
15159 1445959924.771951 0.038452 0.010986 -10.008569
15160 1445959924.782276 0.038452 0.010986 -10.008569
15161 1445959924.792389 0.038452 0.010986 -10.008569
15162 1445959924.802091 0.038452 0.010986 -10.008569
15163 1445959924.812146 0.038452 0.010986 -10.008569
15164 1445959924.822153 0.038452 0.010986 -10.008569
15165 1445959924.832496 0.038452 -0.076904 -10.008569
15166 1445959924.842171 0.038452 0.010986 -10.008569
15167 1445959924.852209 0.038452 0.010986 -10.008569
15168 1445959924.862218 0.038452 0.010986 -10.008569
15169 1445959924.872507 0.038452 0.010986 -10.008569
15170 1445959924.882653 -0.049439 0.010986 -10.008569
15171 1445959924.892300 0.038452 0.010986 -10.008569
15172 1445959924.902296 0.038452 0.010986 -10.008569
15173 1445959924.912337 0.038452 0.010986 -10.008569
15174 1445959924.922131 0.038452 0.010986 -10.008569
15175 1445959924.932318 0.038452 0.010986 -10.008569
15176 1445959924.942300 0.038452 0.010986 -10.008569
15177 1445959924.952217 0.038452 -0.076904 -10.008569
15178 1445959924.962259 0.038452 0.010986 -10.008569
15179 1445959924.972282 0.038452 0.010986 -10.008569
15180 1445959924.982426 0.038452 0.010986 -10.008569
15181 1445959924.992444 0.038452 0.010986 -10.008569
15182 1445959925.002315 0.038452 0.010986 -10.008569
15183 1445959925.012406 0.038452 0.010986 -10.008569
15184 1445959925.022435 0.038452 0.010986 -10.008569
15185 1445959925.032638 0.038452 0.010986 -10.008569
15186 1445959925.042592 0.038452 0.010986 -10.008569
15187 1445959925.052498 0.038452 0.010986 -10.008569
15188 1445959925.062539 0.038452 0.010986 -10.008569
15189 1445959925.072571 -0.049439 0.010986 -10.008569
15190 1445959925.082660 0.038452 0.010986 -10.008569
15191 1445959925.092559 0.038452 0.010986 -10.008569
15192 1445959925.102625 -0.049439 0.010986 -10.008569
15193 1445959925.112673 -0.049439 0.010986 -10.008569
15194 1445959925.122686 0.038452 0.010986 -10.008569
15195 1445959925.132842 -0.049439 0.010986 -10.008569
15196 1445959925.142661 -0.049439 0.010986 -10.008569
15197 1445959925.152782 -0.049439 0.010986 -10.008569
15198 1445959925.162720 -0.049439 0.010986 -10.008569
15199 1445959925.172776 0.038452 0.010986 -10.008569
15200 1445959925.182915 -0.049439 0.010986 -10.008569
15201 1445959925.192802 0.038452 0.010986 -10.008569
15202 1445959925.202824 -0.049439 0.010986 -10.008569
15203 1445959925.212831 -0.049439 0.010986 -10.008569
15204 1445959925.222889 0.038452 0.010986 -10.008569
15205 1445959925.233078 0.038452 0.010986 -10.008569
15206 1445959925.242923 0.038452 0.010986 -10.008569
15207 1445959925.252951 -0.049439 0.010986 -10.008569
15208 1445959925.262930 0.038452 0.010986 -10.008569
15209 1445959925.272970 0.038452 0.010986 -10.008569
15210 1445959925.283067 0.038452 0.010986 -10.008569
15211 1445959925.293063 0.038452 0.010986 -10.008569
15212 1445959925.303025 0.038452 0.010986 -10.008569
15213 1445959925.313063 0.038452 0.010986 -10.008569
15214 1445959925.323095 -0.049439 0.010986 -10.008569
15215 1445959925.333228 0.038452 0.010986 -10.008569
15216 1445959925.343185 0.038452 0.010986 -10.008569
15217 1445959925.353165 -0.049439 0.010986 -10.008569
15218 1445959925.363210 -0.049439 0.010986 -10.008569
15219 1445959925.373225 -0.049439 0.010986 -10.008569
15220 1445959925.383385 -0.049439 0.010986 -10.008569
15221 1445959925.393385 -0.049439 0.010986 -10.008569
15222 1445959925.403377 0.038452 0.010986 -10.008569
15223 1445959925.413404 0.038452 0.010986 -10.008569
15224 1445959925.423403 0.038452 0.010986 -10.008569
15225 1445959925.433616 -0.049439 0.010986 -10.008569
15226 1445959925.443563 -0.049439 0.010986 -10.008569
15227 1445959925.453569 0.038452 0.010986 -10.008569
15228 1445959925.463630 0.038452 0.010986 -10.008569
15229 1445959925.473617 -0.049439 -0.076904 -10.008569
15230 1445959925.483732 -0.049439 0.010986 -10.008569
15231 1445959925.493698 0.038452 0.010986 -10.008569
15232 1445959925.503660 -0.049439 0.010986 -10.008569
15233 1445959925.513703 0.038452 0.010986 -10.008569
15234 1445959925.523717 0.038452 0.010986 -10.008569
15235 1445959925.538752 -0.049439 0.010986 -10.008569
15236 1445959925.548801 0.038452 0.010986 -10.008569
15237 1445959925.558824 -0.049439 0.010986 -10.008569
15238 1445959925.568876 -0.049439 0.010986 -10.008569
15239 1445959925.578888 -0.049439 0.010986 -10.008569
15240 1445959925.588902 0.038452 0.010986 -10.008569
15241 1445959925.598845 0.038452 0.010986 -10.008569
15242 1445959925.608871 0.038452 0.010986 -10.008569
15243 1445959925.619086 0.038452 -0.076904 -10.008569
15244 1445959925.629081 0.038452 0.010986 -10.008569
15245 1445959925.639004 -0.049439 0.010986 -10.008569
15246 1445959925.648952 0.038452 0.010986 -10.008569
15247 1445959925.659009 0.038452 0.010986 -10.008569
15248 1445959925.669030 0.038452 0.010986 -10.008569
15249 1445959925.679039 0.038452 0.010986 -10.008569
15250 1445959925.689205 0.038452 0.010986 -10.008569
15251 1445959925.699132 0.038452 0.010986 -10.008569
15252 1445959925.709172 0.038452 0.010986 -10.008569
15253 1445959925.719237 0.038452 0.010986 -10.008569
15254 1445959925.729219 0.038452 0.010986 -10.008569
15255 1445959925.739224 0.038452 0.010986 -10.008569
15256 1445959925.749257 -0.049439 0.010986 -10.008569
15257 1445959925.759264 -0.049439 0.010986 -10.008569
15258 1445959925.769289 -0.049439 0.010986 -10.008569
15259 1445959925.779372 -0.049439 0.010986 -10.008569
15260 1445959925.789427 -0.049439 0.010986 -10.008569
15261 1445959925.799412 -0.049439 0.010986 -10.008569
15262 1445959925.809476 -0.049439 0.010986 -10.008569
15263 1445959925.819482 -0.049439 0.010986 -10.008569
15264 1445959925.829543 -0.049439 0.010986 -10.008569
15265 1445959925.840708 -0.049439 0.010986 -10.008569
15266 1445959925.849529 -0.049439 0.010986 -10.008569
15267 1445959925.859613 -0.049439 0.010986 -10.008569
15268 1445959925.869610 0.038452 0.010986 -10.008569
15269 1445959925.879642 -0.049439 0.010986 -10.008569
15270 1445959925.889635 0.038452 0.010986 -10.008569
15271 1445959925.895621 -0.049439 0.010986 -10.008569
15272 1445959925.909728 -0.049439 0.010986 -10.008569
15273 1445959925.920671 -0.049439 0.010986 -10.008569
15274 1445959925.930595 0.038452 0.010986 -10.008569
15275 1445959925.940803 -0.049439 0.010986 -10.008569
15276 1445959925.945589 -0.049439 0.010986 -10.008569
15277 1445959925.960591 -0.049439 0.010986 -10.008569
15278 1445959925.970668 -0.049439 0.010986 -10.008569
15279 1445959925.980783 0.038452 0.010986 -10.008569
15280 1445959925.990861 -0.049439 0.010986 -10.008569
15281 1445959926.000691 -0.049439 0.010986 -10.008569
15282 1445959926.010686 -0.049439 0.010986 -10.008569
15283 1445959926.020714 -0.049439 0.010986 -10.008569
15284 1445959926.030763 -0.049439 0.010986 -10.008569
15285 1445959926.041045 -0.049439 0.010986 -10.008569
15286 1445959926.050883 -0.049439 0.010986 -10.008569
15287 1445959926.060854 -0.049439 0.010986 -10.008569
15288 1445959926.070956 -0.049439 0.010986 -10.008569
15289 1445959926.081010 -0.049439 0.010986 -10.008569
15290 1445959926.091281 -0.049439 0.010986 -10.008569
15291 1445959926.100954 -0.049439 0.010986 -10.008569
15292 1445959926.110943 -0.049439 0.010986 -10.008569
15293 1445959926.121011 -0.049439 0.010986 -10.008569
15294 1445959926.131061 0.038452 0.010986 -10.008569
15295 1445959926.141362 -0.049439 0.010986 -10.008569
15296 1445959926.151119 0.038452 0.010986 -10.008569
15297 1445959926.161183 -0.049439 0.010986 -10.008569
15298 1445959926.171128 -0.049439 0.010986 -10.008569
15299 1445959926.181195 -0.049439 0.010986 -10.008569
15300 1445959926.191349 -0.049439 0.010986 -10.008569
15301 1445959926.201157 -0.049439 0.010986 -10.008569
15302 1445959926.211218 -0.049439 0.010986 -10.008569
15303 1445959926.221186 -0.049439 -0.076904 -10.008569
15304 1445959926.231212 -0.049439 0.010986 -10.008569
15305 1445959926.241451 -0.049439 0.010986 -10.008569
15306 1445959926.251225 -0.049439 0.010986 -10.008569
15307 1445959926.261270 0.038452 0.010986 -10.008569
15308 1445959926.271305 0.038452 0.010986 -10.008569
15309 1445959926.281229 -0.049439 0.010986 -10.008569
15310 1445959926.291576 -0.049439 0.010986 -10.008569
15311 1445959926.301236 -0.049439 0.010986 -10.008569
15312 1445959926.311525 -0.049439 0.010986 -10.008569
15313 1445959926.321534 -0.049439 0.010986 -10.008569
15314 1445959926.331435 -0.049439 0.010986 -10.008569
15315 1445959926.341525 -0.049439 -0.076904 -10.008569
15316 1445959926.351443 -0.049439 0.010986 -10.008569
15317 1445959926.361439 -0.049439 0.010986 -10.008569
15318 1445959926.371489 -0.049439 0.010986 -10.008569
15319 1445959926.381512 -0.049439 0.010986 -10.008569
15320 1445959926.391698 -0.049439 0.010986 -10.008569
15321 1445959926.401539 -0.049439 0.010986 -10.008569
15322 1445959926.411592 -0.049439 0.010986 -10.008569
15323 1445959926.421587 -0.049439 0.010986 -10.008569
15324 1445959926.431744 -0.049439 0.010986 -10.008569
15325 1445959926.441841 -0.049439 0.010986 -10.008569
15326 1445959926.451677 -0.049439 0.010986 -10.008569
15327 1445959926.461722 -0.049439 -0.076904 -10.008569
15328 1445959926.471757 -0.049439 0.010986 -10.008569
15329 1445959926.481948 -0.049439 0.010986 -10.008569
15330 1445959926.492029 -0.049439 0.010986 -10.008569
15331 1445959926.501829 -0.049439 0.010986 -10.008569
15332 1445959926.511871 -0.049439 0.010986 -10.008569
15333 1445959926.521859 -0.049439 0.010986 -10.008569
15334 1445959926.532076 -0.049439 0.010986 -10.008569
15335 1445959926.541896 -0.049439 0.010986 -10.008569
15336 1445959926.551925 -0.049439 0.010986 -10.008569
15337 1445959926.561976 -0.049439 0.010986 -10.008569
15338 1445959926.572020 -0.049439 0.010986 -10.008569
15339 1445959926.582188 -0.049439 0.010986 -10.008569
15340 1445959926.592309 -0.049439 0.010986 -10.008569
15341 1445959926.602147 -0.049439 0.010986 -10.008569
15342 1445959926.612075 -0.049439 0.010986 -10.008569
15343 1445959926.622085 0.038452 0.010986 -10.008569
15344 1445959926.632272 -0.049439 0.010986 -10.008569
15345 1445959926.642299 -0.049439 0.010986 -10.008569
15346 1445959926.652165 -0.049439 0.010986 -10.008569
15347 1445959926.662182 0.038452 0.010986 -10.008569
15348 1445959926.672223 -0.049439 0.010986 -10.008569
15349 1445959926.682507 -0.049439 0.010986 -10.008569
15350 1445959926.692346 -0.049439 0.010986 -10.008569
15351 1445959926.702289 -0.049439 0.010986 -10.008569
15352 1445959926.712324 -0.049439 -0.076904 -10.008569
15353 1445959926.722319 -0.049439 0.010986 -10.008569
15354 1445959926.732549 -0.049439 0.010986 -10.008569
15355 1445959926.742539 -0.049439 0.010986 -10.008569
15356 1445959926.752384 -0.049439 0.010986 -10.008569
15357 1445959926.762456 -0.049439 0.010986 -10.008569
15358 1445959926.772467 0.038452 0.010986 -10.008569
15359 1445959926.782665 -0.049439 0.010986 -10.008569
15360 1445959926.792686 -0.049439 0.010986 -10.008569
15361 1445959926.802577 0.038452 0.010986 -10.008569
15362 1445959926.812598 0.038452 0.010986 -10.008569
15363 1445959926.822660 -0.049439 0.010986 -10.008569
15364 1445959926.832797 0.038452 0.010986 -10.008569
15365 1445959926.842800 -0.049439 0.010986 -10.008569
15366 1445959926.852730 -0.049439 0.010986 -10.008569
15367 1445959926.862782 -0.049439 -0.076904 -10.008569
15368 1445959926.872787 -0.049439 0.010986 -10.008569
15369 1445959926.882907 0.038452 0.010986 -10.008569
15370 1445959926.892799 -0.049439 0.010986 -10.008569
15371 1445959926.902829 0.038452 0.010986 -10.008569
15372 1445959926.912893 -0.049439 0.010986 -10.008569
15373 1445959926.922896 -0.049439 0.010986 -10.008569
15374 1445959926.937922 -0.049439 -0.076904 -10.008569
15375 1445959926.947863 -0.049439 -0.076904 -10.008569
15376 1445959926.958055 -0.049439 0.010986 -10.008569
15377 1445959926.968069 -0.049439 0.010986 -10.008569
15378 1445959926.978104 -0.049439 0.010986 -10.008569
15379 1445959926.988123 0.038452 0.010986 -10.008569
15380 1445959926.998083 -0.049439 0.010986 -10.008569
15381 1445959927.008249 -0.049439 0.010986 -10.008569
15382 1445959927.018209 -0.049439 0.010986 -10.008569
15383 1445959927.028196 -0.049439 0.010986 -10.008569
15384 1445959927.038160 -0.049439 0.010986 -10.008569
15385 1445959927.048080 0.038452 0.010986 -10.008569
15386 1445959927.058113 0.038452 0.010986 -10.008569
15387 1445959927.068143 -0.049439 0.010986 -10.008569
15388 1445959927.078184 0.038452 0.010986 -10.008569
15389 1445959927.088275 -0.049439 0.010986 -10.008569
15390 1445959927.098208 -0.049439 0.010986 -10.008569
15391 1445959927.108270 -0.049439 0.010986 -10.008569
15392 1445959927.118288 -0.049439 0.010986 -10.008569
15393 1445959927.128337 -0.049439 0.010986 -10.008569
15394 1445959927.138508 -0.049439 0.010986 -10.008569
15395 1445959927.148354 -0.049439 0.010986 -10.008569
15396 1445959927.158477 -0.049439 0.010986 -10.008569
15397 1445959927.168518 0.038452 0.010986 -10.008569
15398 1445959927.178550 -0.049439 0.010986 -10.008569
15399 1445959927.188819 -0.049439 0.010986 -10.008569
15400 1445959927.198610 -0.049439 0.010986 -10.008569
15401 1445959927.208652 -0.049439 0.010986 -10.008569
15402 1445959927.218601 -0.049439 0.010986 -10.008569
15403 1445959927.228671 -0.049439 0.010986 -10.008569
15404 1445959927.238644 -0.049439 0.010986 -10.008569
15405 1445959927.248732 -0.049439 0.010986 -10.008569
15406 1445959927.258786 -0.049439 0.010986 -10.008569
15407 1445959927.268732 -0.049439 0.010986 -10.008569
15408 1445959927.278820 -0.049439 0.010986 -10.008569
15409 1445959927.288735 -0.049439 0.010986 -10.008569
15410 1445959927.298698 -0.049439 0.010986 -10.008569
15411 1445959927.308865 -0.049439 0.010986 -10.008569
15412 1445959927.318854 -0.049439 0.010986 -10.008569
15413 1445959927.328889 -0.049439 0.010986 -10.008569
15414 1445959927.338851 0.038452 0.010986 -10.008569
15415 1445959927.348824 0.038452 0.010986 -10.008569
15416 1445959927.358924 0.038452 0.010986 -10.008569
15417 1445959927.369009 -0.049439 0.010986 -10.008569
15418 1445959927.379051 -0.049439 0.010986 -10.008569
15419 1445959927.388984 -0.049439 0.010986 -10.008569
15420 1445959927.398969 -0.049439 0.010986 -10.008569
15421 1445959927.408988 -0.049439 0.010986 -10.008569
15422 1445959927.419009 -0.049439 0.010986 -10.008569
15423 1445959927.429010 -0.049439 0.010986 -10.008569
15424 1445959927.439102 -0.049439 0.010986 -10.008569
15425 1445959927.449047 -0.049439 0.010986 -10.008569
15426 1445959927.459074 -0.049439 0.010986 -10.008569
15427 1445959927.469098 -0.049439 0.010986 -10.008569
15428 1445959927.479142 -0.049439 0.010986 -10.008569
15429 1445959927.489215 -0.049439 0.010986 -10.008569
15430 1445959927.499186 -0.049439 0.010986 -10.008569
15431 1445959927.509218 0.038452 0.010986 -10.008569
15432 1445959927.519247 -0.049439 0.010986 -10.008569
15433 1445959927.529276 0.038452 0.010986 -10.008569
15434 1445959927.540637 -0.049439 0.010986 -10.008569
15435 1445959927.549354 -0.049439 0.010986 -10.008569
15436 1445959927.559361 -0.049439 0.010986 -10.008569
15437 1445959927.569389 -0.049439 0.010986 -10.008569
15438 1445959927.579437 -0.049439 0.010986 -10.008569
15439 1445959927.585630 -0.049439 0.010986 -10.008569
15440 1445959927.599504 -0.049439 0.010986 -10.008569
15441 1445959927.609539 -0.049439 0.010986 -10.008569
15442 1445959927.619588 -0.049439 0.010986 -10.008569
15443 1445959927.629572 -0.049439 0.010986 -10.008569
15444 1445959927.635725 0.038452 0.010986 -10.008569
15445 1445959927.645668 -0.049439 0.010986 -10.008569
15446 1445959927.659636 -0.049439 0.010986 -10.008569
15447 1445959927.669657 -0.049439 0.010986 -10.008569
15448 1445959927.679687 -0.049439 0.010986 -10.008569
15449 1445959927.685708 -0.049439 0.010986 -10.008569
15450 1445959927.695802 -0.049439 0.010986 -10.008569
15451 1445959927.705582 -0.049439 0.010986 -10.008569
15452 1445959927.715628 -0.049439 0.010986 -10.008569
15453 1445959927.725590 -0.049439 0.010986 -10.008569
15454 1445959927.740766 -0.049439 -0.076904 -10.008569
15455 1445959927.745863 -0.049439 0.010986 -10.008569
15456 1445959927.755711 -0.049439 0.010986 -10.008569
15457 1445959927.765696 -0.049439 0.010986 -10.008569
15458 1445959927.780589 -0.049439 0.010986 -10.008569
15459 1445959927.790796 0.038452 0.010986 -10.008569
15460 1445959927.800646 -0.049439 -0.076904 -10.008569
15461 1445959927.810672 -0.049439 0.010986 -10.008569
15462 1445959927.820697 -0.049439 0.010986 -10.008569
15463 1445959927.830751 -0.049439 0.010986 -10.008569
15464 1445959927.840894 -0.049439 0.010986 -10.008569
15465 1445959927.850752 -0.049439 0.010986 -10.008569
15466 1445959927.860815 -0.049439 0.010986 -10.008569
15467 1445959927.870802 0.038452 0.010986 -10.008569
15468 1445959927.880942 -0.049439 0.010986 -10.008569
15469 1445959927.891000 -0.049439 0.010986 -10.008569
15470 1445959927.900869 -0.049439 0.010986 -10.008569
15471 1445959927.910949 -0.049439 0.010986 -10.008569
15472 1445959927.920969 -0.049439 0.010986 -10.008569
15473 1445959927.931003 -0.049439 0.010986 -10.008569
15474 1445959927.941043 -0.049439 0.010986 -10.008569
15475 1445959927.951019 -0.049439 0.010986 -10.008569
15476 1445959927.961069 -0.049439 0.010986 -10.008569
15477 1445959927.971094 -0.049439 0.010986 -10.008569
15478 1445959927.981153 -0.049439 0.010986 -10.008569
15479 1445959927.991228 -0.049439 0.010986 -10.008569
15480 1445959928.001013 -0.049439 0.010986 -10.008569
15481 1445959928.011197 -0.049439 0.010986 -10.008569
15482 1445959928.021195 -0.049439 0.010986 -10.008569
15483 1445959928.031211 -0.049439 0.010986 -10.008569
15484 1445959928.041229 -0.049439 0.010986 -10.008569
15485 1445959928.051098 -0.049439 -0.076904 -10.008569
15486 1445959928.061142 0.038452 0.010986 -10.008569
15487 1445959928.071193 -0.049439 0.010986 -10.008569
15488 1445959928.081263 -0.049439 0.010986 -10.008569
15489 1445959928.091418 0.038452 0.010986 -10.008569
15490 1445959928.101235 0.038452 0.010986 -10.008569
15491 1445959928.111285 -0.049439 0.010986 -10.008569
15492 1445959928.121325 -0.049439 0.010986 -10.008569
15493 1445959928.131322 -0.049439 -0.076904 -10.008569
15494 1445959928.146581 -0.049439 0.010986 -10.008569
15495 1445959928.156535 -0.049439 0.010986 -10.008569
15496 1445959928.166416 -0.049439 0.010986 -10.008569
15497 1445959928.176461 -0.049439 0.010986 -10.008569
15498 1445959928.186846 -0.049439 0.010986 -10.008569
15499 1445959928.196792 -0.049439 0.010986 -10.008569
15500 1445959928.206628 0.038452 0.010986 -10.008569
15501 1445959928.216521 -0.049439 0.010986 -10.008569
15502 1445959928.226545 -0.049439 0.010986 -10.008569
15503 1445959928.236844 -0.049439 0.010986 -10.008569
15504 1445959928.246854 0.038452 0.010986 -10.008569
15505 1445959928.256760 -0.049439 0.010986 -10.008569
15506 1445959928.266748 -0.049439 0.010986 -10.008569
15507 1445959928.276782 0.038452 0.010986 -10.008569
15508 1445959928.286940 -0.049439 0.010986 -10.008569
15509 1445959928.296862 0.038452 0.010986 -10.008569
15510 1445959928.307004 -0.049439 0.010986 -10.008569
15511 1445959928.316908 -0.049439 0.010986 -10.008569
15512 1445959928.326919 -0.049439 0.010986 -10.008569
15513 1445959928.337086 -0.049439 0.010986 -10.008569
15514 1445959928.347039 -0.049439 0.010986 -10.008569
15515 1445959928.356997 0.038452 0.010986 -10.008569
15516 1445959928.367054 -0.049439 0.010986 -10.008569
15517 1445959928.376936 -0.049439 0.010986 -10.008569
15518 1445959928.387345 0.038452 0.010986 -10.008569
15519 1445959928.397066 0.038452 0.010986 -10.008569
15520 1445959928.407120 -0.049439 0.010986 -10.008569
15521 1445959928.417106 0.038452 0.010986 -10.008569
15522 1445959928.427140 -0.049439 0.010986 -10.008569
15523 1445959928.436987 -0.049439 0.010986 -10.008569
15524 1445959928.447053 -0.049439 0.010986 -10.008569
15525 1445959928.457248 0.038452 0.010986 -10.008569
15526 1445959928.467237 -0.049439 0.010986 -10.008569
15527 1445959928.477229 -0.049439 0.010986 -10.008569
15528 1445959928.487266 0.038452 0.010986 -10.008569
15529 1445959928.497163 0.038452 0.010986 -10.008569
15530 1445959928.507183 0.038452 0.010986 -10.008569
15531 1445959928.517147 -0.049439 0.010986 -10.008569
15532 1445959928.527345 -0.049439 0.010986 -10.008569
15533 1445959928.537419 -0.049439 0.010986 -10.008569
15534 1445959928.547258 -0.049439 0.010986 -10.008569
15535 1445959928.557336 -0.049439 0.010986 -10.008569
15536 1445959928.567293 0.038452 0.010986 -10.008569
15537 1445959928.577339 -0.049439 0.010986 -10.008569
15538 1445959928.587481 0.038452 0.010986 -10.008569
15539 1445959928.597411 0.038452 0.010986 -10.008569
15540 1445959928.607481 -0.049439 0.010986 -10.008569
15541 1445959928.617507 -0.049439 0.010986 -10.008569
15542 1445959928.627527 -0.049439 0.010986 -10.008569
15543 1445959928.637707 -0.049439 0.010986 -10.008569
15544 1445959928.647577 0.038452 0.010986 -10.008569
15545 1445959928.657585 -0.049439 0.010986 -10.008569
15546 1445959928.667669 -0.049439 0.010986 -10.008569
15547 1445959928.677661 -0.049439 0.010986 -10.008569
15548 1445959928.687868 0.038452 0.010986 -10.008569
15549 1445959928.697828 -0.049439 0.010986 -10.008569
15550 1445959928.707798 -0.049439 0.010986 -10.008569
15551 1445959928.717830 -0.049439 0.010986 -10.008569
15552 1445959928.727840 -0.049439 0.010986 -10.008569
15553 1445959928.737860 -0.049439 0.010986 -10.008569
15554 1445959928.747794 0.038452 0.010986 -10.008569
15555 1445959928.757980 -0.049439 0.010986 -10.008569
15556 1445959928.767986 -0.049439 0.010986 -10.008569
15557 1445959928.777951 0.038452 0.010986 -10.008569
15558 1445959928.787940 -0.049439 0.010986 -10.008569
15559 1445959928.797880 0.038452 0.010986 -10.008569
15560 1445959928.807962 0.038452 0.010986 -10.008569
15561 1445959928.818174 -0.049439 0.010986 -10.008569
15562 1445959928.828118 -0.049439 0.010986 -10.008569
15563 1445959928.838133 0.038452 0.010986 -10.008569
15564 1445959928.848025 0.038452 0.010986 -10.008569
15565 1445959928.858072 0.038452 0.010986 -10.008569
15566 1445959928.868089 0.038452 0.010986 -10.008569
15567 1445959928.878102 0.038452 0.010986 -10.008569
15568 1445959928.888185 0.038452 0.010986 -10.008569
15569 1445959928.898152 0.038452 0.010986 -10.008569
15570 1445959928.908176 0.038452 0.010986 -10.008569
15571 1445959928.918190 0.038452 0.010986 -10.008569
15572 1445959928.928213 0.038452 0.010986 -10.008569
15573 1445959928.938282 0.038452 0.010986 -10.008569
15574 1445959928.948275 0.038452 0.010986 -10.008569
15575 1445959928.958291 0.038452 0.010986 -10.008569
15576 1445959928.968321 0.038452 0.010986 -10.008569
15577 1445959928.978332 0.038452 0.010986 -10.008569
15578 1445959928.988291 0.038452 0.010986 -10.008569
15579 1445959928.998291 0.038452 0.010986 -10.008569
15580 1445959929.008477 0.038452 0.010986 -10.008569
15581 1445959929.018512 0.038452 0.010986 -10.008569
15582 1445959929.028582 0.038452 0.010986 -10.008569
15583 1445959929.038610 0.038452 -0.076904 -10.008569
15584 1445959929.048476 0.038452 0.010986 -10.008569
15585 1445959929.058654 0.038452 0.010986 -10.008569
15586 1445959929.068671 0.038452 0.010986 -10.008569
15587 1445959929.078694 0.038452 0.010986 -10.008569
15588 1445959929.088649 0.038452 0.010986 -10.008569
15589 1445959929.098578 0.038452 0.010986 -10.008569
15590 1445959929.108728 0.038452 -0.076904 -10.008569
15591 1445959929.118777 0.038452 0.010986 -10.008569
15592 1445959929.128762 0.038452 0.010986 -10.008569
15593 1445959929.138752 0.038452 -0.076904 -10.008569
15594 1445959929.148692 0.038452 0.010986 -10.008569
15595 1445959929.158818 0.038452 0.010986 -10.008569
15596 1445959929.168748 0.038452 0.010986 -10.008569
15597 1445959929.178773 0.038452 0.010986 -10.008569
15598 1445959929.188833 0.038452 0.010986 -10.008569
15599 1445959929.198832 0.038452 0.010986 -10.008569
15600 1445959929.208866 0.038452 0.010986 -10.008569
15601 1445959929.218876 0.038452 0.010986 -10.008569
15602 1445959929.228897 0.038452 0.010986 -10.008569
15603 1445959929.238964 0.038452 0.010986 -10.008569
15604 1445959929.248941 0.038452 0.010986 -10.008569
15605 1445959929.258968 0.038452 0.010986 -10.008569
15606 1445959929.268984 0.038452 0.010986 -10.008569
15607 1445959929.284081 0.038452 0.010986 -10.008569
15608 1445959929.294094 0.038452 0.010986 -10.008569
15609 1445959929.304063 0.038452 0.010986 -10.008569
15610 1445959929.314100 0.038452 0.010986 -10.008569
15611 1445959929.324123 0.038452 0.010986 -10.008569
15612 1445959929.334212 0.038452 0.010986 -10.008569
15613 1445959929.344205 0.038452 0.010986 -10.008569
15614 1445959929.354200 0.038452 0.010986 -10.008569
15615 1445959929.364230 0.038452 0.010986 -10.008569
15616 1445959929.374249 0.038452 0.010986 -10.008569
15617 1445959929.384445 0.038452 0.010986 -10.008569
15618 1445959929.394394 0.038452 0.010986 -10.008569
15619 1445959929.404315 0.038452 0.010986 -10.008569
15620 1445959929.414402 0.038452 -0.076904 -10.008569
15621 1445959929.424369 0.038452 0.010986 -10.008569
15622 1445959929.434486 0.038452 0.010986 -10.008569
15623 1445959929.444518 0.038452 0.010986 -10.008569
15624 1445959929.454495 0.038452 0.010986 -10.008569
15625 1445959929.464525 -0.049439 0.010986 -10.008569
15626 1445959929.474550 0.038452 -0.076904 -10.008569
15627 1445959929.484622 0.038452 0.010986 -10.008569
15628 1445959929.494665 0.038452 0.010986 -10.008569
15629 1445959929.504600 0.038452 0.010986 -10.008569
15630 1445959929.514640 0.038452 0.010986 -10.008569
15631 1445959929.525614 0.038452 0.010986 -10.008569
15632 1445959929.535867 0.038452 0.010986 -10.008569
15633 1445959929.545662 0.038452 -0.076904 -10.008569
15634 1445959929.555580 0.038452 0.010986 -10.008569
15635 1445959929.565649 0.038452 0.010986 -10.008569
15636 1445959929.575696 0.038452 0.010986 -10.008569
15637 1445959929.585994 0.038452 0.010986 -10.008569
15638 1445959929.595819 0.038452 0.010986 -10.008569
15639 1445959929.605644 0.038452 0.010986 -10.008569
15640 1445959929.615739 0.038452 0.010986 -10.008569
15641 1445959929.625605 0.038452 0.010986 -10.008569
15642 1445959929.635981 0.038452 0.010986 -10.008569
15643 1445959929.645922 0.038452 0.010986 -10.008569
15644 1445959929.655692 0.038452 0.010986 -10.008569
15645 1445959929.665744 0.038452 0.010986 -10.008569
15646 1445959929.675744 0.038452 0.010986 -10.008569
15647 1445959929.686012 0.038452 0.010986 -10.008569
15648 1445959929.695961 0.038452 0.010986 -10.008569
15649 1445959929.705833 0.038452 0.010986 -10.008569
15650 1445959929.715852 0.038452 0.010986 -10.008569
15651 1445959929.725789 0.038452 0.010986 -10.008569
15652 1445959929.736130 0.038452 0.010986 -10.008569
15653 1445959929.746064 0.038452 0.010986 -10.008569
15654 1445959929.755922 0.038452 0.010986 -10.008569
15655 1445959929.765889 0.038452 0.010986 -10.008569
15656 1445959929.775923 0.038452 0.010986 -10.008569
15657 1445959929.786219 0.038452 0.010986 -10.008569
15658 1445959929.796306 0.038452 0.010986 -10.008569
15659 1445959929.806006 0.038452 0.010986 -10.008569
15660 1445959929.816100 0.038452 0.010986 -10.008569
15661 1445959929.825981 0.038452 -0.076904 -10.008569
15662 1445959929.836351 0.038452 0.010986 -10.008569
15663 1445959929.846226 0.038452 0.010986 -10.008569
15664 1445959929.856194 0.038452 0.010986 -10.008569
15665 1445959929.866112 0.038452 0.010986 -10.008569
15666 1445959929.876134 0.038452 0.010986 -10.008569
15667 1445959929.886471 0.038452 0.010986 -10.008569
15668 1445959929.896368 0.038452 0.010986 -10.008569
15669 1445959929.906273 0.038452 0.010986 -10.008569
15670 1445959929.916261 0.038452 0.010986 -10.008569
15671 1445959929.926273 0.038452 0.010986 -10.008569
15672 1445959929.936613 0.038452 0.010986 -10.008569
15673 1445959929.946439 0.038452 0.010986 -10.008569
15674 1445959929.956357 0.038452 0.010986 -10.008569
15675 1445959929.966354 0.038452 0.010986 -10.008569
15676 1445959929.976391 0.038452 0.010986 -10.008569
15677 1445959929.986702 0.038452 0.010986 -10.008569
15678 1445959929.996461 0.038452 0.010986 -10.008569
15679 1445959930.006482 0.038452 0.010986 -10.008569
15680 1445959930.016359 0.038452 0.010986 -10.008569
15681 1445959930.026359 0.038452 0.010986 -10.008569
15682 1445959930.036710 0.038452 -0.076904 -10.008569
15683 1445959930.046619 0.038452 0.010986 -10.008569
15684 1445959930.056430 0.038452 -0.076904 -10.008569
15685 1445959930.066483 0.038452 0.010986 -10.008569
15686 1445959930.076499 0.038452 0.010986 -10.008569
15687 1445959930.086794 0.038452 0.010986 -10.008569
15688 1445959930.096699 0.038452 0.010986 -10.008569
15689 1445959930.106568 0.038452 0.010986 -10.008569
15690 1445959930.116691 0.038452 0.010986 -10.008569
15691 1445959930.126662 0.038452 0.010986 -10.008569
15692 1445959930.136918 0.038452 0.010986 -10.008569
15693 1445959930.146848 0.038452 0.010986 -10.008569
15694 1445959930.156736 0.038452 -0.076904 -10.008569
15695 1445959930.166764 0.038452 -0.076904 -10.008569
15696 1445959930.176905 0.038452 0.010986 -10.008569
15697 1445959930.186918 0.038452 -0.076904 -10.008569
15698 1445959930.196634 0.038452 0.010986 -10.008569
15699 1445959930.206697 0.038452 0.010986 -10.008569
15700 1445959930.216775 0.038452 0.010986 -10.008569
15701 1445959930.226814 0.038452 0.010986 -10.008569
15702 1445959930.236835 0.038452 0.010986 -10.008569
15703 1445959930.246851 0.038452 -0.076904 -10.008569
15704 1445959930.256897 0.038452 0.010986 -10.008569
15705 1445959930.266889 0.038452 0.010986 -10.008569
15706 1445959930.276857 0.038452 0.010986 -10.008569
15707 1445959930.286963 0.038452 -0.076904 -10.008569
15708 1445959930.296957 0.038452 0.010986 -10.008569
15709 1445959930.307035 0.038452 0.010986 -10.008569
15710 1445959930.317035 0.038452 -0.076904 -10.008569
15711 1445959930.326952 0.038452 0.010986 -10.008569
15712 1445959930.337061 0.038452 -0.076904 -10.008569
15713 1445959930.347013 0.038452 0.010986 -10.008569
15714 1445959930.356998 0.038452 0.010986 -10.008569
15715 1445959930.367016 0.038452 0.010986 -10.008569
15716 1445959930.377041 0.038452 -0.076904 -10.008569
15717 1445959930.387160 -0.049439 0.010986 -10.008569
15718 1445959930.397148 0.038452 0.010986 -10.008569
15719 1445959930.407146 0.038452 0.010986 -10.008569
15720 1445959930.417173 0.038452 0.010986 -10.008569
15721 1445959930.427203 -0.049439 0.010986 -10.008569
15722 1445959930.437334 0.038452 0.010986 -10.008569
15723 1445959930.447274 0.038452 0.010986 -10.008569
15724 1445959930.457298 0.038452 0.010986 -10.008569
15725 1445959930.467292 0.038452 0.010986 -10.008569
15726 1445959930.477325 0.038452 0.010986 -10.008569
15727 1445959930.487498 0.038452 0.010986 -10.008569
15728 1445959930.497363 0.038452 0.010986 -10.008569
15729 1445959930.507417 0.038452 0.010986 -10.008569
15730 1445959930.517450 0.038452 0.010986 -10.008569
15731 1445959930.527508 0.038452 0.010986 -10.008569
15732 1445959930.537464 0.038452 0.010986 -10.008569
15733 1445959930.547380 0.038452 0.010986 -10.008569
15734 1445959930.557532 0.038452 0.010986 -10.008569
15735 1445959930.567547 -0.049439 0.010986 -10.008569
15736 1445959930.577614 0.038452 0.010986 -10.008569
15737 1445959930.587591 0.038452 -0.076904 -10.008569
15738 1445959930.597544 0.038452 0.010986 -10.008569
15739 1445959930.607655 0.038452 0.010986 -10.008569
15740 1445959930.617712 0.038452 0.010986 -10.008569
15741 1445959930.627866 0.038452 0.010986 -10.008569
