5669 1444996211.257366 12.052031 4.718639 0.032959 -10.014063 -4.301158 -5.119641
5670 1444996211.262331 11.964141 4.718639 0.032959 -10.014063 -4.301158 -5.119641
5671 1444996211.274392 12.052031 4.718639 0.032959 -9.926172 -4.301158 -5.119641
5672 1444996211.285041 11.964141 4.718639 -0.054932 -10.014063 -4.301158 -5.119641
5673 1444996211.294719 11.964141 4.718639 0.032959 -10.014063 -4.301158 -5.119641
5674 1444996211.303466 12.052031 4.718639 -0.054932 -10.014063 -4.301158 -5.119641
5675 1444996211.313566 11.964141 4.718639 0.032959 -10.014063 -4.301158 -5.119641
5676 1444996211.323514 12.052031 4.718639 0.032959 -10.014063 -4.301158 -5.119641
5677 1444996211.333562 11.964141 4.718639 0.032959 -9.926172 -4.301158 -5.119641
5678 1444996211.343907 11.964141 4.718639 -0.054932 -10.014063 -4.301158 -5.119641
5679 1444996211.353952 12.052031 4.718639 0.032959 -9.926172 -4.301158 -5.119641
5680 1444996211.364647 12.052031 4.718639 0.032959 -9.926172 -4.301158 -5.119641
5681 1444996211.374731 11.964141 4.718639 0.032959 -10.014063 -4.301158 -5.119641
5682 1444996211.384809 12.052031 4.718639 0.032959 -10.014063 -4.301158 -5.119641
5683 1444996211.395018 12.052031 4.718639 0.032959 -10.014063 -4.301158 -5.119641
5684 1444996211.405224 11.964141 4.718639 0.032959 -9.926172 -4.301158 -5.119641
5685 1444996211.415377 12.052031 4.718639 0.032959 -10.014063 -4.301158 -5.119641
5686 1444996211.425513 11.964141 4.718639 -0.054932 -10.014063 -4.301158 -5.119641
5687 1444996211.435574 11.964141 4.718639 0.032959 -10.014063 -4.301158 -5.119641
5688 1444996211.446889 12.052031 4.718639 0.032959 -10.014063 -4.301158 -5.119641
5689 1444996211.457006 11.964141 4.718639 0.032959 -10.014063 -4.301158 -5.119641
5690 1444996211.467451 12.052031 4.718639 0.032959 -10.014063 -4.301158 -5.119641
5691 1444996211.477000 11.964141 4.718639 0.032959 -10.014063 -4.301158 -5.119641
5692 1444996211.487807 11.964141 4.718639 0.032959 -10.014063 -4.301158 -5.119641
5693 1444996211.499042 11.964141 4.718639 0.032959 -10.014063 -4.301158 -5.119641
5694 1444996211.509138 11.964141 4.718639 0.032959 -10.014063 -4.301158 -5.119641
5695 1444996211.515975 12.052031 4.718639 0.032959 -10.014063 -4.301158 -5.119641
5696 1444996211.524832 12.052031 4.718639 0.032959 -9.926172 -4.301158 -5.119641
5697 1444996211.534947 11.964141 4.718639 -0.054932 -10.014063 -4.301158 -5.119641
5698 1444996211.544920 11.964141 4.718639 -0.054932 -10.014063 -4.301158 -5.119641
5699 1444996211.555251 12.052031 4.718639 0.032959 -10.014063 -4.301158 -5.119641
5700 1444996211.565350 12.052031 4.718639 -0.054932 -10.014063 -4.301158 -5.119641
5701 1444996211.573265 12.052031 4.718639 -0.054932 -10.014063 -4.301158 -5.119641
5702 1444996211.585750 11.964141 4.718639 0.032959 -9.926172 -4.301158 -5.119641
5703 1444996211.593310 11.964141 4.718639 -0.054932 -10.014063 -4.301158 -5.119641
5704 1444996211.605808 11.964141 4.718639 0.032959 -10.014063 -4.301158 -5.119641
5705 1444996211.613362 11.964141 4.718639 0.032959 -10.014063 -4.301158 -5.119641
5706 1444996211.627034 11.964141 4.718639 -0.054932 -9.926172 -4.301158 -5.119641
5707 1444996211.636944 12.052031 4.718639 -0.054932 -10.014063 -4.301158 -5.119641
5708 1444996211.647061 11.964141 4.718639 0.032959 -10.014063 -4.301158 -5.119641
5709 1444996211.657215 12.052031 4.718639 0.032959 -10.014063 -4.301158 -5.119641
5710 1444996211.667353 12.052031 4.718639 -0.054932 -10.014063 -4.301158 -5.119641
5711 1444996211.677671 12.052031 4.718639 0.032959 -10.014063 -4.301158 -5.119641
5712 1444996211.687634 12.052031 4.718639 0.032959 -10.014063 -4.301158 -5.119641
5713 1444996211.697668 12.052031 4.718639 0.032959 -10.014063 -4.301158 -5.119641
5714 1444996211.707982 11.964141 4.718639 0.032959 -10.014063 -4.301158 -5.119641
5715 1444996211.718098 11.964141 4.718639 -0.054932 -10.014063 -4.301158 -5.119641
5716 1444996211.730148 11.964141 4.718639 -0.054932 -10.014063 -4.301158 -5.119641
5717 1444996211.738756 11.964141 4.718639 0.032959 -10.014063 -4.301158 -5.119641
5718 1444996211.748789 11.964141 4.718639 0.032959 -10.014063 -4.301158 -5.119641
5719 1444996211.758748 12.052031 4.718639 -0.054932 -9.926172 -4.301158 -5.119641
5720 1444996211.769670 12.052031 4.718639 -0.054932 -10.014063 -4.301158 -5.119641
5721 1444996211.780142 12.052031 4.718639 0.032959 -9.926172 -4.301158 -5.119641
5722 1444996211.789952 11.964141 4.718639 0.032959 -10.014063 -4.301158 -5.119641
5723 1444996211.799726 12.052031 4.718639 0.032959 -10.014063 -4.301158 -5.119641
5724 1444996211.809741 12.052031 4.718639 -0.054932 -9.926172 -4.301158 -5.119641
5725 1444996211.819823 12.052031 4.718639 -0.054932 -10.014063 -4.301158 -5.119641
5726 1444996211.828809 11.964141 4.718639 -0.054932 -10.014063 -4.301158 -5.119641
5727 1444996211.836974 11.964141 4.718639 0.032959 -10.014063 -4.301158 -5.119641
5728 1444996211.848490 11.964141 4.718639 0.032959 -9.926172 -4.301158 -5.119641
5729 1444996211.858609 11.964141 4.718639 0.032959 -10.014063 -4.301158 -5.119641
5730 1444996211.867133 12.052031 4.718639 0.032959 -10.014063 -4.301158 -5.119641
5731 1444996211.877951 11.964141 4.718639 -0.054932 -10.014063 -4.301158 -5.119641
5732 1444996211.887899 11.964141 4.718639 -0.054932 -10.014063 -4.301158 -5.119641
5733 1444996211.898000 11.964141 4.718639 0.032959 -9.926172 -4.301158 -5.119641
5734 1444996211.908023 12.052031 4.718639 0.032959 -10.014063 -4.301158 -5.119641
5735 1444996211.918224 12.052031 4.718639 -0.054932 -10.014063 -4.301158 -5.119641
5736 1444996211.928373 12.052031 4.718639 0.032959 -10.014063 -4.301158 -5.119641
5737 1444996211.938561 12.052031 4.718639 0.032959 -10.014063 -4.301158 -5.119641
5738 1444996211.948797 11.964141 4.718639 -0.054932 -10.014063 -4.301158 -5.119641
5739 1444996211.959031 11.964141 4.718639 -0.054932 -9.926172 -4.301158 -5.119641
5740 1444996211.969673 12.052031 4.718639 0.032959 -10.014063 -4.301158 -5.119641
5741 1444996211.979733 12.052031 4.718639 0.032959 -9.926172 -4.301158 -5.119641
5742 1444996211.991918 12.052031 4.718639 -0.054932 -10.014063 -4.301158 -5.119641
5743 1444996211.999868 11.964141 4.718639 0.032959 -10.014063 -4.301158 -5.119641
5744 1444996212.009990 11.964141 4.718639 0.032959 -10.014063 -4.301158 -5.119641
5745 1444996212.021755 12.052031 4.718639 0.032959 -10.014063 -4.301158 -5.119641
5746 1444996212.030425 11.964141 4.718639 -0.054932 -10.014063 -4.301158 -5.119641
5747 1444996212.042441 12.052031 4.718639 0.032959 -10.014063 -4.301158 -5.119641
5748 1444996212.051865 12.052031 4.718639 0.032959 -10.014063 -4.301158 -5.119641
5749 1444996212.060719 11.964141 4.718639 0.032959 -10.014063 -4.301158 -5.119641
5750 1444996212.072250 12.052031 4.718639 -0.054932 -9.926172 -4.301158 -5.119641
5751 1444996212.082500 12.052031 4.718639 0.032959 -10.014063 -4.301158 -5.119641
5752 1444996212.092817 11.964141 4.718639 0.032959 -10.014063 -4.301158 -5.119641
5753 1444996212.102155 12.052031 4.718639 0.032959 -10.014063 -4.301158 -5.119641
5754 1444996212.111982 11.964141 4.718639 -0.054932 -9.926172 -4.301158 -5.207532
5755 1444996212.122432 12.052031 4.718639 0.032959 -9.926172 -4.301158 -5.119641
5756 1444996212.132124 11.964141 4.718639 0.032959 -10.014063 -4.301158 -5.119641
5757 1444996212.142816 11.964141 4.718639 0.032959 -9.926172 -4.301158 -5.119641
5758 1444996212.152326 12.052031 4.718639 -0.054932 -9.926172 -4.301158 -5.119641
5759 1444996212.163284 12.052031 4.718639 -0.054932 -10.014063 -4.301158 -5.119641
5760 1444996212.169727 11.964141 4.718639 0.032959 -10.014063 -4.301158 -5.119641
5761 1444996212.183461 12.052031 4.718639 0.032959 -10.014063 -4.301158 -5.119641
5762 1444996212.193496 11.964141 4.718639 -0.054932 -10.014063 -4.301158 -5.119641
5763 1444996212.203618 11.964141 4.718639 0.032959 -10.014063 -4.301158 -5.119641
5764 1444996212.213662 11.964141 4.718639 0.032959 -10.014063 -4.301158 -5.119641
5765 1444996212.219249 11.964141 4.718639 0.032959 -10.014063 -4.301158 -5.119641
5766 1444996212.232738 11.964141 4.718639 -0.054932 -10.014063 -4.301158 -5.119641
5767 1444996212.242916 12.052031 4.718639 0.032959 -10.014063 -4.301158 -5.119641
5768 1444996212.254082 11.964141 4.718639 -0.054932 -10.014063 -4.301158 -5.119641
5769 1444996212.263047 11.964141 4.718639 0.032959 -10.014063 -4.301158 -5.119641
5770 1444996212.271851 11.964141 4.718639 0.032959 -10.014063 -4.301158 -5.119641
5771 1444996212.280600 11.964141 4.718639 0.032959 -10.014063 -4.301158 -5.119641
5772 1444996212.290648 12.052031 4.718639 -0.054932 -10.014063 -4.301158 -5.119641
5773 1444996212.300755 11.964141 4.718639 0.032959 -10.014063 -4.301158 -5.119641
5774 1444996212.310609 11.964141 4.718639 -0.054932 -10.014063 -4.301158 -5.119641
5775 1444996212.321941 11.964141 4.718639 0.032959 -9.926172 -4.301158 -5.119641
5776 1444996212.328544 11.964141 4.718639 0.032959 -10.014063 -4.301158 -5.119641
5777 1444996212.341975 11.964141 4.718639 0.032959 -10.014063 -4.301158 -5.119641
5778 1444996212.350822 11.964141 4.718639 0.032959 -10.014063 -4.301158 -5.119641
5779 1444996212.361922 12.052031 4.718639 0.032959 -9.926172 -4.301158 -5.119641
5780 1444996212.372386 11.964141 4.718639 -0.054932 -10.014063 -4.301158 -5.119641
5781 1444996212.382281 11.964141 4.718639 0.032959 -10.014063 -4.389049 -5.119641
5782 1444996212.392727 11.964141 4.718639 -0.054932 -9.926172 -4.301158 -5.119641
5783 1444996212.402570 12.052031 4.718639 0.032959 -10.014063 -4.301158 -5.119641
5784 1444996212.412503 11.964141 4.718639 -0.054932 -10.014063 -4.301158 -5.119641
5785 1444996212.423210 12.052031 4.718639 0.032959 -10.014063 -4.301158 -5.119641
5786 1444996212.432601 12.052031 4.718639 -0.054932 -10.014063 -4.301158 -5.119641
5787 1444996212.442816 11.964141 4.718639 -0.054932 -9.926172 -4.301158 -5.119641
5788 1444996212.452813 11.964141 4.718639 0.032959 -10.014063 -4.301158 -5.119641
5789 1444996212.463113 11.964141 4.718639 0.032959 -9.926172 -4.301158 -5.119641
5790 1444996212.473330 11.964141 4.718639 0.032959 -10.014063 -4.301158 -5.119641
5791 1444996212.483322 12.052031 4.718639 0.032959 -10.014063 -4.301158 -5.119641
5792 1444996212.493319 12.052031 4.718639 0.032959 -10.014063 -4.301158 -5.119641
5793 1444996212.503435 11.964141 4.718639 0.032959 -9.926172 -4.301158 -5.119641
5794 1444996212.513645 11.964141 4.718639 0.032959 -10.014063 -4.301158 -5.119641
5795 1444996212.524482 12.052031 4.718639 0.032959 -10.014063 -4.301158 -5.119641
5796 1444996212.534380 12.052031 4.718639 0.032959 -10.014063 -4.301158 -5.119641
5797 1444996212.542850 12.052031 4.718639 -0.054932 -10.014063 -4.301158 -5.119641
5798 1444996212.554584 11.964141 4.718639 0.032959 -10.014063 -4.301158 -5.119641
5799 1444996212.562992 12.052031 4.718639 -0.054932 -10.014063 -4.301158 -5.119641
5800 1444996212.575018 12.052031 4.718639 0.032959 -10.014063 -4.301158 -5.119641
5801 1444996212.584772 12.052031 4.718639 0.032959 -10.014063 -4.301158 -5.119641
5802 1444996212.594767 11.964141 4.718639 -0.054932 -10.014063 -4.301158 -5.119641
5803 1444996212.604987 12.052031 4.718639 0.032959 -10.014063 -4.301158 -5.119641
5804 1444996212.615084 12.052031 4.718639 0.032959 -10.014063 -4.301158 -5.119641
5805 1444996212.623969 11.964141 4.718639 0.032959 -9.926172 -4.301158 -5.119641
5806 1444996212.636180 12.052031 4.718639 0.032959 -10.014063 -4.301158 -5.119641
5807 1444996212.644032 11.964141 4.718639 -0.054932 -10.014063 -4.301158 -5.119641
5808 1444996212.653697 12.052031 4.718639 0.032959 -10.014063 -4.301158 -5.119641
5809 1444996212.662035 12.052031 4.718639 0.032959 -10.014063 -4.301158 -5.119641
5810 1444996212.672835 12.052031 4.718639 0.032959 -9.926172 -4.301158 -5.119641
5811 1444996212.682627 12.052031 4.718639 0.032959 -10.014063 -4.301158 -5.119641
5812 1444996212.693031 11.964141 4.718639 -0.054932 -9.926172 -4.301158 -5.119641
5813 1444996212.703106 11.964141 4.718639 0.032959 -10.014063 -4.301158 -5.119641
5814 1444996212.713177 12.052031 4.718639 0.032959 -10.014063 -4.301158 -5.119641
5815 1444996212.723417 11.964141 4.718639 -0.054932 -10.014063 -4.301158 -5.119641
5816 1444996212.734135 12.052031 4.718639 0.032959 -10.014063 -4.301158 -5.119641
5817 1444996212.744649 11.964141 4.718639 0.032959 -10.014063 -4.301158 -5.119641
5818 1444996212.754711 12.052031 4.718639 0.032959 -10.014063 -4.301158 -5.119641
5819 1444996212.764797 11.964141 4.718639 0.032959 -10.014063 -4.301158 -5.119641
5820 1444996212.775186 12.052031 4.718639 -0.054932 -9.926172 -4.301158 -5.119641
5821 1444996212.785048 12.052031 4.718639 0.032959 -10.014063 -4.301158 -5.119641
5822 1444996212.795118 12.052031 4.718639 -0.054932 -10.014063 -4.301158 -5.119641
5823 1444996212.805263 12.052031 4.718639 -0.054932 -9.926172 -4.301158 -5.119641
5824 1444996212.815348 11.964141 4.718639 0.032959 -10.014063 -4.301158 -5.119641
5825 1444996212.825523 12.052031 4.718639 -0.054932 -9.926172 -4.301158 -5.119641
5826 1444996212.835790 11.964141 4.718639 -0.054932 -10.014063 -4.301158 -5.119641
5827 1444996212.843762 12.052031 4.718639 -0.054932 -10.014063 -4.301158 -5.119641
5828 1444996212.855792 11.964141 4.718639 0.032959 -10.014063 -4.301158 -5.119641
5829 1444996212.866012 12.052031 4.718639 -0.054932 -10.014063 -4.301158 -5.119641
5830 1444996212.877233 12.052031 4.718639 0.032959 -9.926172 -4.301158 -5.119641
5831 1444996212.886998 11.964141 4.718639 0.032959 -10.014063 -4.301158 -5.119641
5832 1444996212.896813 11.964141 4.718639 -0.054932 -10.014063 -4.301158 -5.119641
5833 1444996212.904143 11.964141 4.718639 0.032959 -10.014063 -4.301158 -5.119641
5834 1444996212.916993 11.964141 4.718639 -0.054932 -10.014063 -4.301158 -5.119641
5835 1444996212.928055 11.964141 4.718639 0.032959 -10.014063 -4.301158 -5.119641
5836 1444996212.938051 11.964141 4.718639 -0.054932 -10.014063 -4.301158 -5.119641
5837 1444996212.948653 12.052031 4.718639 0.032959 -10.014063 -4.301158 -5.119641
5838 1444996212.955032 11.964141 4.718639 0.032959 -9.926172 -4.301158 -5.119641
5839 1444996212.965043 11.964141 4.718639 -0.054932 -9.926172 -4.301158 -5.119641
5840 1444996212.975199 11.964141 4.718639 -0.054932 -10.014063 -4.301158 -5.119641
5841 1444996212.985247 11.964141 4.718639 0.032959 -10.014063 -4.301158 -5.119641
5842 1444996212.995286 12.052031 4.718639 -0.054932 -9.926172 -4.301158 -5.119641
5843 1444996213.008978 12.052031 4.718639 0.032959 -9.926172 -4.301158 -5.119641
5844 1444996213.015852 12.052031 4.718639 0.032959 -10.014063 -4.301158 -5.119641
5845 1444996213.024581 11.964141 4.718639 0.032959 -9.926172 -4.301158 -5.119641
5846 1444996213.034749 11.964141 4.718639 -0.054932 -9.926172 -4.301158 -5.119641
5847 1444996213.044683 11.964141 4.718639 0.032959 -10.014063 -4.301158 -5.119641
5848 1444996213.054914 11.964141 4.718639 -0.054932 -10.014063 -4.301158 -5.119641
5849 1444996213.065019 11.964141 4.718639 0.032959 -10.014063 -4.301158 -5.119641
5850 1444996213.073196 12.052031 4.718639 -0.054932 -10.014063 -4.301158 -5.119641
5851 1444996213.085308 11.964141 4.718639 0.032959 -10.014063 -4.301158 -5.119641
5852 1444996213.093382 12.052031 4.718639 -0.054932 -10.014063 -4.389049 -5.119641
5853 1444996213.105637 11.964141 4.718639 0.032959 -10.014063 -4.301158 -5.119641
5854 1444996213.115764 11.964141 4.718639 0.032959 -9.926172 -4.301158 -5.119641
5855 1444996213.127257 11.964141 4.718639 -0.054932 -10.014063 -4.301158 -5.119641
5856 1444996213.136052 11.964141 4.718639 0.032959 -10.014063 -4.301158 -5.119641
5857 1444996213.146785 11.964141 4.718639 0.032959 -10.014063 -4.301158 -5.119641
5858 1444996213.157171 11.964141 4.718639 0.032959 -10.014063 -4.301158 -5.119641
5859 1444996213.167256 11.964141 4.718639 0.032959 -10.014063 -4.301158 -5.119641
5860 1444996213.177815 12.052031 4.718639 0.032959 -10.014063 -4.301158 -5.119641
5861 1444996213.187385 11.964141 4.718639 0.032959 -10.014063 -4.301158 -5.119641
5862 1444996213.197672 11.964141 4.718639 -0.054932 -10.014063 -4.301158 -5.119641
5863 1444996213.207798 12.052031 4.718639 0.032959 -10.014063 -4.301158 -5.119641
5864 1444996213.217793 12.052031 4.718639 0.032959 -10.014063 -4.301158 -5.119641
5865 1444996213.228287 11.964141 4.718639 0.032959 -10.014063 -4.301158 -5.119641
5866 1444996213.238171 12.052031 4.718639 0.032959 -10.014063 -4.301158 -5.119641
5867 1444996213.248321 11.964141 4.718639 0.032959 -10.014063 -4.301158 -5.119641
5868 1444996213.258323 11.964141 4.718639 -0.054932 -10.014063 -4.389049 -5.119641
5869 1444996213.268491 11.964141 4.718639 -0.054932 -10.014063 -4.301158 -5.119641
5870 1444996213.278945 11.964141 4.718639 -0.054932 -10.014063 -4.301158 -5.119641
5871 1444996213.288825 11.964141 4.718639 -0.054932 -10.014063 -4.301158 -5.119641
5872 1444996213.298835 11.964141 4.718639 0.032959 -10.014063 -4.301158 -5.119641
5873 1444996213.308993 12.052031 4.718639 -0.054932 -10.014063 -4.301158 -5.119641
5874 1444996213.318987 12.052031 4.718639 -0.054932 -9.926172 -4.301158 -5.119641
5875 1444996213.327950 11.964141 4.718639 0.032959 -10.014063 -4.301158 -5.119641
5876 1444996213.339603 11.964141 4.718639 0.032959 -10.014063 -4.301158 -5.119641
5877 1444996213.348023 12.052031 4.718639 0.032959 -10.014063 -4.301158 -5.119641
5878 1444996213.358116 11.964141 4.718639 0.032959 -10.014063 -4.301158 -5.119641
5879 1444996213.369625 11.964141 4.718639 0.032959 -10.014063 -4.301158 -5.119641
5880 1444996213.379705 12.052031 4.718639 -0.054932 -10.014063 -4.301158 -5.119641
5881 1444996213.389725 11.964141 4.718639 0.032959 -10.014063 -4.301158 -5.119641
5882 1444996213.399934 11.964141 4.718639 -0.054932 -9.926172 -4.301158 -5.119641
5883 1444996213.409882 11.964141 4.718639 0.032959 -10.014063 -4.301158 -5.119641
5884 1444996213.420095 11.964141 4.718639 0.032959 -10.014063 -4.301158 -5.119641
5885 1444996213.429016 12.052031 4.718639 0.032959 -10.014063 -4.301158 -5.119641
5886 1444996213.441513 11.964141 4.718639 -0.054932 -10.014063 -4.301158 -5.119641
5887 1444996213.452452 11.964141 4.718639 -0.054932 -10.014063 -4.301158 -5.119641
5888 1444996213.462156 11.964141 4.718639 0.032959 -10.014063 -4.301158 -5.119641
5889 1444996213.468851 11.964141 4.718639 -0.054932 -10.014063 -4.301158 -5.119641
5890 1444996213.479049 11.964141 4.718639 0.032959 -9.926172 -4.301158 -5.119641
5891 1444996213.489206 12.052031 4.718639 0.032959 -9.926172 -4.389049 -5.119641
5892 1444996213.499550 12.052031 4.718639 -0.054932 -10.014063 -4.301158 -5.119641
5893 1444996213.509760 11.964141 4.718639 -0.054932 -10.014063 -4.301158 -5.119641
5894 1444996213.519980 11.964141 4.718639 -0.054932 -10.014063 -4.301158 -5.119641
5895 1444996213.533394 11.964141 4.718639 0.032959 -10.014063 -4.301158 -5.119641
5896 1444996213.539721 11.964141 4.718639 0.032959 -10.014063 -4.301158 -5.119641
5897 1444996213.550938 11.964141 4.718639 0.032959 -10.014063 -4.301158 -5.119641
5898 1444996213.561088 11.964141 4.718639 0.032959 -9.926172 -4.301158 -5.119641
5899 1444996213.570206 11.964141 4.718639 -0.054932 -10.014063 -4.301158 -5.119641
5900 1444996213.579994 12.052031 4.718639 -0.054932 -9.926172 -4.301158 -5.119641
5901 1444996213.590342 12.052031 4.718639 -0.054932 -10.014063 -4.301158 -5.119641
5902 1444996213.600300 12.052031 4.718639 0.032959 -10.014063 -4.301158 -5.119641
5903 1444996213.610507 12.052031 4.718639 0.032959 -10.014063 -4.301158 -5.119641
5904 1444996213.620647 12.052031 4.718639 -0.054932 -10.014063 -4.301158 -5.119641
5905 1444996213.630670 11.964141 4.718639 0.032959 -9.926172 -4.301158 -5.119641
5906 1444996213.640848 12.052031 4.718639 0.032959 -10.014063 -4.301158 -5.119641
5907 1444996213.650917 12.052031 4.718639 0.032959 -10.014063 -4.301158 -5.119641
5908 1444996213.661021 12.052031 4.718639 0.032959 -10.014063 -4.301158 -5.119641
5909 1444996213.668561 12.052031 4.718639 0.032959 -10.014063 -4.301158 -5.119641
5910 1444996213.678682 11.964141 4.718639 -0.054932 -10.014063 -4.301158 -5.119641
5911 1444996213.692105 12.052031 4.718639 -0.054932 -9.926172 -4.301158 -5.119641
5912 1444996213.699083 12.052031 4.718639 0.032959 -10.014063 -4.301158 -5.119641
5913 1444996213.712047 11.964141 4.718639 -0.054932 -9.926172 -4.301158 -5.119641
5914 1444996213.722254 11.964141 4.718639 0.032959 -10.014063 -4.301158 -5.119641
5915 1444996213.731553 11.964141 4.718639 0.032959 -9.926172 -4.301158 -5.119641
5916 1444996213.742446 11.964141 4.718639 0.032959 -9.926172 -4.301158 -5.119641
5917 1444996213.752264 11.964141 4.718639 0.032959 -10.014063 -4.301158 -5.119641
5918 1444996213.762571 11.964141 4.718639 0.032959 -10.014063 -4.301158 -5.119641
5919 1444996213.773420 11.964141 4.718639 -0.054932 -10.014063 -4.301158 -5.119641
5920 1444996213.783526 11.964141 4.718639 0.032959 -10.014063 -4.301158 -5.119641
5921 1444996213.793585 11.964141 4.718639 -0.054932 -10.014063 -4.301158 -5.119641
5922 1444996213.803632 11.964141 4.718639 0.032959 -10.014063 -4.301158 -5.119641
5923 1444996213.813781 11.964141 4.718639 0.032959 -9.926172 -4.301158 -5.119641
5924 1444996213.824048 12.052031 4.718639 0.032959 -10.014063 -4.301158 -5.119641
5925 1444996213.834010 11.964141 4.718639 0.032959 -10.014063 -4.301158 -5.119641
5926 1444996213.842964 11.964141 4.718639 0.032959 -10.014063 -4.301158 -5.119641
5927 1444996213.854267 12.052031 4.718639 -0.054932 -9.926172 -4.301158 -5.119641
5928 1444996213.864856 11.964141 4.718639 -0.054932 -10.014063 -4.301158 -5.119641
5929 1444996213.873215 11.964141 4.718639 0.032959 -9.926172 -4.301158 -5.119641
5930 1444996213.885050 12.052031 4.718639 0.032959 -10.014063 -4.301158 -5.119641
5931 1444996213.893304 11.964141 4.718639 0.032959 -10.014063 -4.301158 -5.119641
5932 1444996213.903787 11.964141 4.718639 0.032959 -10.014063 -4.301158 -5.119641
5933 1444996213.913851 11.964141 4.718639 0.032959 -10.014063 -4.301158 -5.119641
5934 1444996213.921917 11.964141 4.718639 0.032959 -10.014063 -4.301158 -5.119641
5935 1444996213.934207 12.052031 4.718639 0.032959 -10.014063 -4.301158 -5.119641
5936 1444996213.943563 11.964141 4.718639 -0.054932 -10.014063 -4.301158 -5.119641
5937 1444996213.953428 11.964141 4.718639 -0.054932 -10.014063 -4.301158 -5.119641
5938 1444996213.962064 12.052031 4.718639 0.032959 -10.014063 -4.301158 -5.119641
5939 1444996213.972260 11.964141 4.718639 0.032959 -10.014063 -4.301158 -5.119641
5940 1444996213.982113 12.052031 4.718639 0.032959 -9.926172 -4.301158 -5.119641
5941 1444996213.992908 11.964141 4.718639 0.032959 -10.014063 -4.301158 -5.119641
5942 1444996214.002313 12.052031 4.718639 -0.054932 -10.014063 -4.301158 -5.119641
5943 1444996214.012757 12.052031 4.718639 0.032959 -9.926172 -4.301158 -5.119641
5944 1444996214.023395 11.964141 4.718639 -0.054932 -10.014063 -4.301158 -5.119641
5945 1444996214.032841 11.964141 4.718639 -0.054932 -10.014063 -4.301158 -5.119641
5946 1444996214.043285 12.052031 4.718639 0.032959 -10.014063 -4.301158 -5.119641
5947 1444996214.053256 11.964141 4.718639 0.032959 -10.014063 -4.301158 -5.119641
5948 1444996214.063370 11.964141 4.718639 0.032959 -10.014063 -4.301158 -5.119641
5949 1444996214.073730 11.964141 4.718639 -0.054932 -10.014063 -4.301158 -5.119641
5950 1444996214.082408 11.964141 4.718639 -0.054932 -10.014063 -4.301158 -5.119641
5951 1444996214.092437 12.052031 4.718639 0.032959 -10.014063 -4.301158 -5.119641
5952 1444996214.103772 12.052031 4.718639 -0.054932 -10.014063 -4.301158 -5.119641
5953 1444996214.112785 12.052031 4.718639 -0.054932 -10.014063 -4.301158 -5.119641
5954 1444996214.122866 12.052031 4.718639 0.032959 -10.014063 -4.301158 -5.119641
5955 1444996214.132937 11.964141 4.718639 0.032959 -10.014063 -4.301158 -5.119641
5956 1444996214.143109 12.052031 4.718639 0.032959 -10.014063 -4.301158 -5.119641
5957 1444996214.153251 12.052031 4.718639 0.032959 -10.014063 -4.301158 -5.119641
5958 1444996214.163229 12.052031 4.718639 -0.054932 -10.014063 -4.301158 -5.119641
5959 1444996214.172258 11.964141 4.718639 0.032959 -10.014063 -4.301158 -5.119641
5960 1444996214.183507 11.964141 4.718639 -0.054932 -9.926172 -4.301158 -5.119641
5961 1444996214.192606 11.964141 4.718639 -0.054932 -10.014063 -4.301158 -5.119641
5962 1444996214.203670 11.964141 4.718639 -0.054932 -9.926172 -4.301158 -5.119641
5963 1444996214.213163 11.964141 4.718639 -0.054932 -10.014063 -4.301158 -5.119641
5964 1444996214.227021 12.052031 4.718639 -0.054932 -10.014063 -4.301158 -5.119641
5965 1444996214.237243 11.964141 4.718639 0.032959 -10.014063 -4.301158 -5.119641
5966 1444996214.247201 11.964141 4.718639 -0.054932 -10.014063 -4.301158 -5.119641
5967 1444996214.257381 11.964141 4.718639 0.032959 -9.926172 -4.301158 -5.119641
5968 1444996214.267549 11.964141 4.718639 -0.054932 -9.926172 -4.301158 -5.119641
5969 1444996214.277785 11.964141 4.718639 0.032959 -9.926172 -4.301158 -5.119641
5970 1444996214.287726 12.052031 4.718639 0.032959 -10.014063 -4.301158 -5.119641
5971 1444996214.297834 11.964141 4.718639 0.032959 -9.926172 -4.301158 -5.119641
5972 1444996214.308022 11.964141 4.718639 -0.054932 -9.926172 -4.301158 -5.119641
5973 1444996214.318216 11.964141 4.718639 -0.054932 -10.014063 -4.301158 -5.119641
5974 1444996214.328174 11.964141 4.718639 -0.054932 -9.926172 -4.301158 -5.119641
5975 1444996214.338349 11.964141 4.718639 -0.054932 -10.014063 -4.301158 -5.119641
5976 1444996214.348739 11.964141 4.718639 0.032959 -10.014063 -4.301158 -5.119641
5977 1444996214.358913 12.052031 4.718639 -0.054932 -10.014063 -4.301158 -5.119641
5978 1444996214.365432 12.052031 4.718639 0.032959 -10.014063 -4.301158 -5.119641
5979 1444996214.374785 12.052031 4.718639 -0.054932 -10.014063 -4.389049 -5.119641
5980 1444996214.385644 11.964141 4.718639 -0.054932 -10.014063 -4.301158 -5.119641
5981 1444996214.394819 12.052031 4.718639 0.032959 -10.014063 -4.301158 -5.119641
5982 1444996214.409288 11.964141 4.718639 -0.054932 -10.014063 -4.389049 -5.119641
5983 1444996214.415047 11.964141 4.718639 0.032959 -10.014063 -4.301158 -5.119641
5984 1444996214.423621 11.964141 4.718639 0.032959 -9.926172 -4.301158 -5.119641
5985 1444996214.435187 11.964141 4.718639 0.032959 -10.014063 -4.301158 -5.119641
5986 1444996214.443446 11.964141 4.718639 0.032959 -10.014063 -4.301158 -5.119641
5987 1444996214.455323 11.964141 4.718639 0.032959 -10.014063 -4.301158 -5.119641
5988 1444996214.465605 12.052031 4.718639 0.032959 -10.014063 -4.301158 -5.119641
5989 1444996214.473934 12.052031 4.718639 0.032959 -9.926172 -4.301158 -5.119641
5990 1444996214.485925 12.052031 4.718639 -0.054932 -10.014063 -4.301158 -5.119641
5991 1444996214.494053 11.964141 4.718639 -0.054932 -10.014063 -4.301158 -5.119641
5992 1444996214.506127 11.964141 4.718639 0.032959 -10.014063 -4.301158 -5.119641
5993 1444996214.516230 11.964141 4.718639 -0.054932 -9.926172 -4.301158 -5.119641
5994 1444996214.527072 11.964141 4.718639 0.032959 -10.014063 -4.301158 -5.119641
5995 1444996214.534741 11.964141 4.718639 -0.054932 -10.014063 -4.301158 -5.119641
5996 1444996214.548264 11.964141 4.718639 0.032959 -9.926172 -4.301158 -5.119641
5997 1444996214.558613 11.964141 4.718639 -0.054932 -9.926172 -4.301158 -5.119641
5998 1444996214.569028 12.052031 4.718639 0.032959 -10.014063 -4.301158 -5.119641
5999 1444996214.576854 11.964141 4.718639 0.032959 -10.014063 -4.301158 -5.119641
6000 1444996214.589264 11.964141 4.718639 0.032959 -10.014063 -4.301158 -5.119641
6001 1444996214.599642 11.964141 4.718639 -0.054932 -10.014063 -4.301158 -5.119641
6002 1444996214.609441 11.964141 4.718639 0.032959 -10.014063 -4.301158 -5.119641
6003 1444996214.620040 11.964141 4.718639 0.032959 -10.014063 -4.301158 -5.119641
6004 1444996214.630025 11.964141 4.718639 -0.054932 -10.014063 -4.301158 -5.119641
6005 1444996214.640362 11.964141 4.718639 -0.054932 -10.014063 -4.301158 -5.119641
6006 1444996214.650103 11.964141 4.80653 0.032959 -10.014063 -4.301158 -5.119641
6007 1444996214.660188 12.052031 4.718639 0.032959 -10.014063 -4.301158 -5.119641
6008 1444996214.670517 12.052031 4.718639 0.032959 -10.014063 -4.301158 -5.119641
6009 1444996214.680246 12.052031 4.718639 0.032959 -10.014063 -4.301158 -5.119641
6010 1444996214.690552 11.964141 4.718639 0.032959 -9.926172 -4.301158 -5.119641
6011 1444996214.700589 11.964141 4.718639 0.032959 -10.014063 -4.301158 -5.119641
6012 1444996214.710915 11.964141 4.718639 -0.054932 -10.014063 -4.301158 -5.119641
6013 1444996214.721169 11.964141 4.718639 0.032959 -10.014063 -4.301158 -5.119641
6014 1444996214.731070 12.052031 4.718639 0.032959 -10.014063 -4.301158 -5.119641
6015 1444996214.739529 11.964141 4.718639 0.032959 -10.014063 -4.301158 -5.119641
6016 1444996214.749958 12.052031 4.718639 0.032959 -10.014063 -4.301158 -5.119641
6017 1444996214.761803 12.052031 4.718639 0.032959 -10.014063 -4.301158 -5.119641
6018 1444996214.769878 12.052031 4.718639 -0.054932 -10.014063 -4.301158 -5.119641
6019 1444996214.779579 12.052031 4.718639 -0.054932 -10.014063 -4.301158 -5.119641
6020 1444996214.789061 11.964141 4.718639 0.032959 -10.014063 -4.301158 -5.119641
6021 1444996214.799030 12.052031 4.718639 -0.054932 -10.014063 -4.301158 -5.119641
6022 1444996214.809116 12.052031 4.718639 0.032959 -10.014063 -4.301158 -5.119641
6023 1444996214.819254 11.964141 4.718639 0.032959 -10.014063 -4.301158 -5.119641
6024 1444996214.829486 11.964141 4.718639 0.032959 -10.014063 -4.301158 -5.119641
6025 1444996214.837779 11.964141 4.718639 0.032959 -10.014063 -4.301158 -5.119641
6026 1444996214.849593 11.964141 4.718639 0.032959 -10.014063 -4.301158 -5.119641
6027 1444996214.859740 11.964141 4.718639 -0.054932 -10.014063 -4.301158 -5.119641
6028 1444996214.868116 11.964141 4.718639 0.032959 -9.926172 -4.301158 -5.119641
6029 1444996214.880293 12.052031 4.718639 0.032959 -10.014063 -4.301158 -5.119641
6030 1444996214.890022 12.052031 4.718639 -0.054932 -10.014063 -4.301158 -5.119641
6031 1444996214.898744 11.964141 4.718639 0.032959 -9.926172 -4.301158 -5.119641
6032 1444996214.908599 11.964141 4.718639 0.032959 -10.014063 -4.301158 -5.119641
6033 1444996214.918544 11.964141 4.718639 0.032959 -10.014063 -4.301158 -5.119641
6034 1444996214.930248 11.964141 4.718639 0.032959 -10.014063 -4.301158 -5.119641
6035 1444996214.940568 12.052031 4.718639 0.032959 -10.014063 -4.301158 -5.119641
6036 1444996214.949239 11.964141 4.718639 -0.054932 -10.014063 -4.301158 -5.119641
6037 1444996214.960114 12.052031 4.718639 0.032959 -10.014063 -4.301158 -5.119641
6038 1444996214.970517 11.964141 4.718639 -0.054932 -10.014063 -4.301158 -5.119641
6039 1444996214.980715 12.052031 4.718639 -0.054932 -10.014063 -4.301158 -5.119641
6040 1444996214.990828 11.964141 4.718639 -0.054932 -9.926172 -4.301158 -5.119641
6041 1444996214.998506 12.052031 4.718639 0.032959 -10.014063 -4.301158 -5.119641
6042 1444996215.010510 11.964141 4.718639 -0.054932 -10.014063 -4.301158 -5.119641
6043 1444996215.020500 11.964141 4.718639 -0.054932 -10.014063 -4.301158 -5.119641
6044 1444996215.028826 11.964141 4.718639 0.032959 -10.014063 -4.301158 -5.119641
6045 1444996215.038968 12.052031 4.718639 0.032959 -10.014063 -4.301158 -5.119641
6046 1444996215.051275 12.052031 4.718639 0.032959 -10.014063 -4.301158 -5.119641
6047 1444996215.058905 11.964141 4.718639 -0.054932 -10.014063 -4.301158 -5.119641
6048 1444996215.073134 12.052031 4.718639 0.032959 -10.014063 -4.301158 -5.119641
6049 1444996215.082359 12.052031 4.718639 0.032959 -9.926172 -4.301158 -5.119641
6050 1444996215.092647 11.964141 4.718639 0.032959 -10.014063 -4.301158 -5.119641
6051 1444996215.102624 11.964141 4.718639 -0.054932 -10.014063 -4.301158 -5.119641
6052 1444996215.112680 11.964141 4.718639 -0.054932 -10.014063 -4.301158 -5.119641
6053 1444996215.122912 11.964141 4.718639 -0.054932 -10.014063 -4.301158 -5.119641
6054 1444996215.132716 12.052031 4.718639 0.032959 -9.926172 -4.301158 -5.119641
6055 1444996215.143279 11.964141 4.718639 -0.054932 -10.014063 -4.301158 -5.119641
6056 1444996215.153099 11.964141 4.718639 0.032959 -9.926172 -4.301158 -5.119641
6057 1444996215.163357 11.964141 4.718639 0.032959 -10.014063 -4.301158 -5.119641
6058 1444996215.173732 11.964141 4.718639 0.032959 -9.926172 -4.301158 -5.119641
6059 1444996215.182760 11.964141 4.718639 0.032959 -10.014063 -4.301158 -5.119641
6060 1444996215.192787 11.964141 4.718639 0.032959 -10.014063 -4.301158 -5.119641
6061 1444996215.204140 11.964141 4.718639 0.032959 -9.926172 -4.301158 -5.119641
6062 1444996215.214184 11.964141 4.718639 -0.054932 -9.926172 -4.301158 -5.119641
6063 1444996215.223058 12.052031 4.718639 0.032959 -10.014063 -4.301158 -5.119641
6064 1444996215.233304 11.964141 4.718639 0.032959 -9.926172 -4.301158 -5.119641
6065 1444996215.243506 11.964141 4.718639 -0.054932 -10.014063 -4.301158 -5.119641
6066 1444996215.253558 12.052031 4.718639 -0.054932 -9.926172 -4.301158 -5.119641
6067 1444996215.263614 12.052031 4.718639 0.032959 -10.014063 -4.301158 -5.119641
6068 1444996215.273898 11.964141 4.718639 -0.054932 -10.014063 -4.301158 -5.119641
6069 1444996215.283875 11.964141 4.718639 0.032959 -10.014063 -4.301158 -5.119641
6070 1444996215.293977 12.052031 4.718639 0.032959 -10.014063 -4.301158 -5.119641
6071 1444996215.304068 11.964141 4.718639 0.032959 -9.926172 -4.301158 -5.119641
6072 1444996215.310813 11.964141 4.718639 -0.054932 -10.014063 -4.301158 -5.119641
6073 1444996215.320985 12.052031 4.718639 -0.054932 -10.014063 -4.301158 -5.119641
6074 1444996215.329857 11.964141 4.718639 -0.054932 -10.014063 -4.301158 -5.119641
6075 1444996215.342168 11.964141 4.718639 -0.054932 -10.014063 -4.301158 -5.119641
6076 1444996215.351527 11.964141 4.718639 0.032959 -10.014063 -4.301158 -5.119641
6077 1444996215.361636 12.052031 4.718639 0.032959 -9.926172 -4.301158 -5.119641
6078 1444996215.372636 11.964141 4.718639 0.032959 -10.014063 -4.301158 -5.119641
6079 1444996215.379908 11.964141 4.718639 -0.054932 -9.926172 -4.301158 -5.119641
6080 1444996215.392605 12.052031 4.718639 0.032959 -10.014063 -4.301158 -5.119641
6081 1444996215.402634 11.964141 4.718639 0.032959 -10.014063 -4.301158 -5.119641
6082 1444996215.412742 11.964141 4.718639 0.032959 -10.014063 -4.301158 -5.119641
6083 1444996215.423367 12.052031 4.718639 0.032959 -9.926172 -4.301158 -5.119641
6084 1444996215.432954 11.964141 4.718639 0.032959 -10.014063 -4.301158 -5.119641
6085 1444996215.442920 12.052031 4.718639 0.032959 -10.014063 -4.301158 -5.119641
6086 1444996215.453184 11.964141 4.718639 -0.054932 -10.014063 -4.301158 -5.119641
6087 1444996215.463155 12.052031 4.718639 0.032959 -10.014063 -4.301158 -5.119641
6088 1444996215.473568 11.964141 4.718639 0.032959 -9.926172 -4.301158 -5.119641
6089 1444996215.482536 11.964141 4.718639 0.032959 -10.014063 -4.301158 -5.119641
6090 1444996215.495033 12.052031 4.718639 0.032959 -10.014063 -4.301158 -5.119641
6091 1444996215.505382 12.052031 4.718639 0.032959 -10.014063 -4.301158 -5.119641
6092 1444996215.515399 11.964141 4.718639 0.032959 -10.014063 -4.301158 -5.119641
6093 1444996215.525194 11.964141 4.718639 0.032959 -10.014063 -4.301158 -5.119641
6094 1444996215.535234 11.964141 4.718639 0.032959 -9.926172 -4.301158 -5.119641
6095 1444996215.543467 11.964141 4.718639 0.032959 -10.014063 -4.301158 -5.119641
6096 1444996215.555749 11.964141 4.718639 0.032959 -10.014063 -4.301158 -5.119641
6097 1444996215.565942 12.052031 4.718639 -0.054932 -9.926172 -4.301158 -5.119641
6098 1444996215.575843 11.964141 4.718639 -0.054932 -10.014063 -4.301158 -5.119641
6099 1444996215.586030 12.052031 4.718639 -0.054932 -10.014063 -4.301158 -5.119641
6100 1444996215.593978 11.964141 4.718639 0.032959 -10.014063 -4.301158 -5.119641
6101 1444996215.604060 12.052031 4.718639 -0.054932 -10.014063 -4.301158 -5.119641
6102 1444996215.617278 11.964141 4.718639 -0.054932 -9.926172 -4.301158 -5.119641
6103 1444996215.624186 11.964141 4.718639 0.032959 -10.014063 -4.301158 -5.119641
6104 1444996215.637612 12.052031 4.718639 -0.054932 -10.014063 -4.301158 -5.119641
6105 1444996215.647607 11.964141 4.718639 -0.054932 -10.014063 -4.301158 -5.119641
6106 1444996215.657691 12.052031 4.718639 0.032959 -10.014063 -4.301158 -5.119641
6107 1444996215.667781 12.052031 4.718639 0.032959 -9.926172 -4.301158 -5.119641
6108 1444996215.674944 12.052031 4.718639 0.032959 -10.014063 -4.301158 -5.119641
6109 1444996215.684899 11.964141 4.718639 0.032959 -10.014063 -4.301158 -5.119641
6110 1444996215.695005 11.964141 4.718639 0.032959 -10.014063 -4.389049 -5.119641
6111 1444996215.705096 12.052031 4.718639 0.032959 -10.014063 -4.301158 -5.119641
6112 1444996215.715183 11.964141 4.718639 -0.054932 -9.926172 -4.301158 -5.119641
6113 1444996215.725410 11.964141 4.718639 -0.054932 -10.014063 -4.389049 -5.119641
6114 1444996215.735352 12.052031 4.718639 0.032959 -10.014063 -4.301158 -5.119641
6115 1444996215.743727 12.052031 4.718639 -0.054932 -10.014063 -4.301158 -5.119641
6116 1444996215.753858 11.964141 4.718639 -0.054932 -10.014063 -4.301158 -5.119641
6117 1444996215.763930 12.052031 4.718639 0.032959 -10.014063 -4.301158 -5.119641
6118 1444996215.772980 11.964141 4.718639 -0.054932 -9.926172 -4.301158 -5.119641
6119 1444996215.783355 11.964141 4.718639 0.032959 -10.014063 -4.301158 -5.119641
6120 1444996215.793442 12.052031 4.718639 0.032959 -10.014063 -4.301158 -5.119641
6121 1444996215.803557 11.964141 4.718639 -0.054932 -10.014063 -4.301158 -5.119641
6122 1444996215.815169 11.964141 4.718639 -0.054932 -10.014063 -4.301158 -5.119641
6123 1444996215.822989 12.052031 4.718639 -0.054932 -10.014063 -4.301158 -5.119641
6124 1444996215.835362 11.964141 4.718639 0.032959 -10.014063 -4.301158 -5.119641
6125 1444996215.843473 12.052031 4.718639 -0.054932 -10.014063 -4.301158 -5.119641
6126 1444996215.855853 12.052031 4.718639 0.032959 -10.014063 -4.301158 -5.119641
6127 1444996215.865613 11.964141 4.718639 0.032959 -9.926172 -4.301158 -5.119641
6128 1444996215.877140 11.964141 4.718639 -0.054932 -10.014063 -4.301158 -5.119641
6129 1444996215.886312 11.964141 4.718639 0.032959 -10.014063 -4.301158 -5.119641
6130 1444996215.897707 11.964141 4.718639 0.032959 -10.014063 -4.301158 -5.119641
6131 1444996215.908147 11.964141 4.718639 -0.054932 -9.926172 -4.301158 -5.119641
6132 1444996215.917973 11.964141 4.718639 0.032959 -9.926172 -4.301158 -5.119641
6133 1444996215.928950 12.052031 4.718639 -0.054932 -10.014063 -4.301158 -5.119641
6134 1444996215.938364 11.964141 4.718639 -0.054932 -10.014063 -4.301158 -5.119641
6135 1444996215.948355 12.052031 4.718639 0.032959 -9.926172 -4.301158 -5.119641
6136 1444996215.959020 12.052031 4.718639 0.032959 -10.014063 -4.301158 -5.119641
6137 1444996215.968521 12.052031 4.718639 0.032959 -9.926172 -4.301158 -5.119641
6138 1444996215.979130 11.964141 4.718639 -0.054932 -10.014063 -4.301158 -5.119641
6139 1444996215.988703 12.052031 4.718639 -0.054932 -10.014063 -4.301158 -5.119641
6140 1444996215.998790 11.964141 4.80653 -0.054932 -10.014063 -4.301158 -5.119641
6141 1444996216.009063 11.964141 4.718639 -0.054932 -9.926172 -4.301158 -5.119641
6142 1444996216.019578 11.964141 4.718639 -0.054932 -9.926172 -4.301158 -5.207532
6143 1444996216.030036 11.964141 4.718639 -0.054932 -10.014063 -4.301158 -5.119641
6144 1444996216.040194 12.052031 4.718639 0.032959 -10.014063 -4.301158 -5.119641
6145 1444996216.050025 12.052031 4.718639 -0.054932 -10.014063 -4.389049 -5.119641
6146 1444996216.060163 11.964141 4.718639 0.032959 -10.014063 -4.301158 -5.119641
6147 1444996216.070450 12.052031 4.718639 0.032959 -10.014063 -4.301158 -5.119641
6148 1444996216.080363 11.964141 4.718639 -0.054932 -10.014063 -4.301158 -5.119641
6149 1444996216.090736 11.964141 4.718639 0.032959 -9.926172 -4.301158 -5.119641
6150 1444996216.100551 12.052031 4.718639 0.032959 -10.014063 -4.301158 -5.119641
6151 1444996216.110664 11.964141 4.718639 -0.054932 -10.014063 -4.301158 -5.119641
6152 1444996216.120833 11.964141 4.718639 0.032959 -10.014063 -4.301158 -5.119641
6153 1444996216.129259 11.964141 4.718639 0.032959 -9.926172 -4.301158 -5.119641
6154 1444996216.141102 11.964141 4.718639 0.032959 -10.014063 -4.301158 -5.119641
6155 1444996216.151065 12.052031 4.718639 0.032959 -10.014063 -4.301158 -5.119641
6156 1444996216.161145 11.964141 4.718639 0.032959 -10.014063 -4.301158 -5.119641
6157 1444996216.171363 11.964141 4.718639 0.032959 -10.014063 -4.301158 -5.119641
6158 1444996216.178954 11.964141 4.718639 0.032959 -10.014063 -4.301158 -5.119641
6159 1444996216.187050 11.964141 4.718639 -0.054932 -10.014063 -4.301158 -5.119641
6160 1444996216.198862 11.964141 4.718639 -0.054932 -9.926172 -4.301158 -5.119641
6161 1444996216.208964 11.964141 4.718639 -0.054932 -10.014063 -4.301158 -5.119641
6162 1444996216.217417 11.964141 4.718639 0.032959 -10.014063 -4.301158 -5.119641
6163 1444996216.229559 12.052031 4.718639 -0.054932 -10.014063 -4.301158 -5.119641
6164 1444996216.237559 11.964141 4.718639 0.032959 -10.014063 -4.301158 -5.119641
6165 1444996216.247586 11.964141 4.718639 -0.054932 -9.926172 -4.301158 -5.119641
6166 1444996216.257618 11.964141 4.718639 0.032959 -10.014063 -4.301158 -5.119641
6167 1444996216.267564 12.052031 4.718639 -0.054932 -10.014063 -4.301158 -5.119641
6168 1444996216.277830 11.964141 4.718639 0.032959 -10.014063 -4.301158 -5.119641
6169 1444996216.287827 11.964141 4.718639 -0.054932 -10.014063 -4.301158 -5.119641
6170 1444996216.298431 11.964141 4.718639 0.032959 -10.014063 -4.301158 -5.119641
6171 1444996216.308749 11.964141 4.718639 0.032959 -10.014063 -4.301158 -5.119641
6172 1444996216.318853 11.964141 4.718639 -0.054932 -10.014063 -4.301158 -5.119641
6173 1444996216.327980 12.052031 4.718639 0.032959 -10.014063 -4.301158 -5.119641
6174 1444996216.339926 12.052031 4.718639 0.032959 -10.014063 -4.301158 -5.119641
6175 1444996216.349177 12.052031 4.718639 0.032959 -10.014063 -4.301158 -5.119641
6176 1444996216.357867 11.964141 4.718639 -0.054932 -10.014063 -4.301158 -5.119641
6177 1444996216.367984 12.052031 4.718639 0.032959 -9.926172 -4.301158 -5.119641
6178 1444996216.378253 11.964141 4.718639 0.032959 -10.014063 -4.301158 -5.119641
6179 1444996216.390035 11.964141 4.718639 0.032959 -10.014063 -4.301158 -5.119641
6180 1444996216.400583 12.052031 4.718639 0.032959 -10.014063 -4.301158 -5.119641
6181 1444996216.410745 12.052031 4.718639 0.032959 -9.926172 -4.301158 -5.119641
6182 1444996216.422368 12.052031 4.718639 -0.054932 -10.014063 -4.301158 -5.119641
6183 1444996216.430949 11.964141 4.718639 0.032959 -9.926172 -4.301158 -5.119641
6184 1444996216.442563 12.052031 4.718639 -0.054932 -10.014063 -4.301158 -5.119641
6185 1444996216.452215 11.964141 4.718639 0.032959 -10.014063 -4.301158 -5.119641
6186 1444996216.462226 12.052031 4.718639 0.032959 -10.014063 -4.301158 -5.119641
6187 1444996216.472907 11.964141 4.718639 0.032959 -10.014063 -4.301158 -5.119641
6188 1444996216.482555 11.964141 4.718639 0.032959 -10.014063 -4.301158 -5.119641
6189 1444996216.492835 12.052031 4.718639 -0.054932 -10.014063 -4.301158 -5.119641
6190 1444996216.502958 12.052031 4.718639 -0.054932 -10.014063 -4.301158 -5.119641
6191 1444996216.513089 12.052031 4.718639 0.032959 -10.014063 -4.301158 -5.119641
6192 1444996216.523380 11.964141 4.718639 -0.054932 -10.014063 -4.301158 -5.119641
6193 1444996216.533722 12.052031 4.718639 0.032959 -10.014063 -4.301158 -5.119641
6194 1444996216.542707 11.964141 4.718639 0.032959 -10.014063 -4.301158 -5.119641
6195 1444996216.553964 11.964141 4.718639 0.032959 -10.014063 -4.301158 -5.119641
6196 1444996216.560778 12.052031 4.718639 -0.054932 -10.014063 -4.301158 -5.119641
6197 1444996216.569901 12.052031 4.718639 0.032959 -10.014063 -4.301158 -5.119641
6198 1444996216.581799 11.964141 4.718639 -0.054932 -10.014063 -4.301158 -5.119641
6199 1444996216.590240 11.964141 4.80653 0.032959 -9.926172 -4.301158 -5.119641
6200 1444996216.600015 12.052031 4.718639 -0.054932 -9.926172 -4.301158 -5.119641
6201 1444996216.609914 11.964141 4.718639 -0.054932 -9.926172 -4.301158 -5.119641
6202 1444996216.620252 11.964141 4.718639 0.032959 -10.014063 -4.301158 -5.119641
6203 1444996216.628350 12.052031 4.718639 -0.054932 -10.014063 -4.301158 -5.119641
6204 1444996216.640313 11.964141 4.718639 -0.054932 -9.926172 -4.301158 -5.119641
6205 1444996216.650861 11.964141 4.718639 0.032959 -10.014063 -4.301158 -5.119641
6206 1444996216.660799 11.964141 4.718639 -0.054932 -10.014063 -4.301158 -5.119641
6207 1444996216.670963 11.964141 4.718639 -0.054932 -10.014063 -4.301158 -5.119641
6208 1444996216.680742 12.052031 4.718639 0.032959 -10.014063 -4.301158 -5.119641
6209 1444996216.692290 11.964141 4.718639 0.032959 -10.014063 -4.301158 -5.119641
6210 1444996216.702332 12.052031 4.718639 -0.054932 -9.926172 -4.301158 -5.119641
6211 1444996216.708946 11.964141 4.718639 0.032959 -10.014063 -4.301158 -5.119641
6212 1444996216.722250 12.052031 4.718639 -0.054932 -10.014063 -4.301158 -5.119641
6213 1444996216.730021 12.052031 4.718639 0.032959 -10.014063 -4.301158 -5.119641
6214 1444996216.742868 12.052031 4.718639 0.032959 -10.014063 -4.301158 -5.119641
6215 1444996216.752934 11.964141 4.718639 0.032959 -10.014063 -4.301158 -5.119641
6216 1444996216.763243 12.052031 4.718639 -0.054932 -9.926172 -4.301158 -5.119641
6217 1444996216.773494 11.964141 4.718639 0.032959 -10.014063 -4.301158 -5.119641
6218 1444996216.783291 12.052031 4.718639 0.032959 -10.014063 -4.301158 -5.119641
6219 1444996216.793403 12.052031 4.718639 0.032959 -10.014063 -4.301158 -5.119641
6220 1444996216.803454 11.964141 4.718639 0.032959 -10.014063 -4.301158 -5.119641
6221 1444996216.813898 12.052031 4.718639 0.032959 -10.014063 -4.301158 -5.119641
6222 1444996216.824815 11.964141 4.718639 -0.054932 -10.014063 -4.301158 -5.119641
6223 1444996216.833912 12.052031 4.718639 0.032959 -10.014063 -4.301158 -5.119641
6224 1444996216.844023 11.964141 4.718639 0.032959 -10.014063 -4.301158 -5.119641
6225 1444996216.854213 11.964141 4.718639 -0.054932 -10.014063 -4.301158 -5.119641
6226 1444996216.864306 11.964141 4.718639 0.032959 -9.926172 -4.301158 -5.119641
6227 1444996216.875005 12.052031 4.718639 0.032959 -9.926172 -4.301158 -5.119641
6228 1444996216.884891 11.964141 4.718639 0.032959 -9.926172 -4.301158 -5.119641
6229 1444996216.894851 11.964141 4.718639 -0.054932 -10.014063 -4.301158 -5.119641
6230 1444996216.905005 12.052031 4.718639 0.032959 -9.926172 -4.301158 -5.119641
6231 1444996216.915502 11.964141 4.718639 0.032959 -9.926172 -4.301158 -5.119641
6232 1444996216.923645 12.052031 4.718639 0.032959 -9.926172 -4.301158 -5.119641
6233 1444996216.935504 11.964141 4.718639 0.032959 -9.926172 -4.301158 -5.119641
6234 1444996216.943749 11.964141 4.718639 0.032959 -10.014063 -4.301158 -5.119641
6235 1444996216.955850 11.964141 4.718639 0.032959 -9.926172 -4.301158 -5.119641
6236 1444996216.965992 12.052031 4.718639 0.032959 -10.014063 -4.301158 -5.119641
6237 1444996216.973963 12.052031 4.718639 0.032959 -10.014063 -4.301158 -5.119641
6238 1444996216.986069 11.964141 4.718639 0.032959 -10.014063 -4.301158 -5.119641
6239 1444996216.993937 11.964141 4.718639 0.032959 -10.014063 -4.301158 -5.119641
6240 1444996217.006271 12.052031 4.718639 0.032959 -10.014063 -4.301158 -5.119641
6241 1444996217.013647 12.052031 4.718639 0.032959 -10.014063 -4.301158 -5.119641
6242 1444996217.024183 11.964141 4.718639 0.032959 -9.926172 -4.301158 -5.119641
6243 1444996217.034151 11.964141 4.718639 -0.054932 -10.014063 -4.301158 -5.119641
6244 1444996217.047129 12.052031 4.718639 0.032959 -9.926172 -4.301158 -5.119641
6245 1444996217.054082 11.964141 4.718639 0.032959 -10.014063 -4.301158 -5.119641
6246 1444996217.064325 12.052031 4.718639 0.032959 -10.014063 -4.301158 -5.119641
6247 1444996217.074796 12.052031 4.718639 0.032959 -10.014063 -4.301158 -5.119641
6248 1444996217.084284 12.052031 4.718639 0.032959 -9.926172 -4.301158 -5.119641
6249 1444996217.094498 11.964141 4.718639 0.032959 -10.014063 -4.301158 -5.119641
6250 1444996217.104629 12.052031 4.718639 0.032959 -10.014063 -4.301158 -5.119641
6251 1444996217.114656 11.964141 4.718639 0.032959 -10.014063 -4.301158 -5.119641
6252 1444996217.123505 11.964141 4.718639 0.032959 -10.014063 -4.301158 -5.119641
6253 1444996217.132216 11.964141 4.718639 -0.054932 -10.014063 -4.301158 -5.119641
6254 1444996217.143343 12.052031 4.718639 -0.054932 -10.014063 -4.301158 -5.119641
6255 1444996217.153477 11.964141 4.718639 -0.054932 -10.014063 -4.301158 -5.119641
6256 1444996217.163683 11.964141 4.718639 0.032959 -10.014063 -4.301158 -5.119641
6257 1444996217.174083 11.964141 4.718639 0.032959 -10.014063 -4.301158 -5.119641
6258 1444996217.183706 11.964141 4.718639 0.032959 -10.014063 -4.301158 -5.119641
6259 1444996217.194085 12.052031 4.718639 -0.054932 -10.014063 -4.301158 -5.119641
6260 1444996217.204245 11.964141 4.718639 -0.054932 -10.014063 -4.301158 -5.119641
6261 1444996217.213132 12.052031 4.718639 0.032959 -10.014063 -4.301158 -5.119641
6262 1444996217.225301 11.964141 4.718639 0.032959 -9.926172 -4.301158 -5.119641
6263 1444996217.233330 12.052031 4.718639 0.032959 -10.014063 -4.301158 -5.119641
6264 1444996217.243414 12.052031 4.718639 0.032959 -10.014063 -4.301158 -5.119641
6265 1444996217.254888 11.964141 4.718639 0.032959 -10.014063 -4.301158 -5.119641
6266 1444996217.265265 12.052031 4.718639 0.032959 -10.014063 -4.301158 -5.119641
6267 1444996217.273712 11.964141 4.718639 0.032959 -10.014063 -4.301158 -5.119641
6268 1444996217.285300 11.964141 4.718639 0.032959 -9.926172 -4.301158 -5.119641
6269 1444996217.293653 11.964141 4.718639 -0.054932 -10.014063 -4.301158 -5.119641
6270 1444996217.305766 12.052031 4.718639 0.032959 -10.014063 -4.301158 -5.119641
6271 1444996217.316338 11.964141 4.718639 0.032959 -10.014063 -4.301158 -5.119641
6272 1444996217.328391 11.964141 4.718639 -0.054932 -10.014063 -4.301158 -5.119641
6273 1444996217.337251 12.052031 4.718639 -0.054932 -10.014063 -4.301158 -5.119641
6274 1444996217.347258 11.964141 4.718639 0.032959 -10.014063 -4.301158 -5.119641
6275 1444996217.357296 12.052031 4.718639 -0.054932 -10.014063 -4.301158 -5.119641
6276 1444996217.367389 11.964141 4.718639 0.032959 -10.014063 -4.301158 -5.119641
6277 1444996217.377552 12.052031 4.718639 -0.054932 -10.014063 -4.301158 -5.119641
6278 1444996217.387631 12.052031 4.718639 0.032959 -10.014063 -4.301158 -5.119641
6279 1444996217.397689 11.964141 4.718639 0.032959 -10.014063 -4.301158 -5.119641
6280 1444996217.407976 12.052031 4.718639 -0.054932 -10.014063 -4.301158 -5.119641
6281 1444996217.417938 11.964141 4.718639 -0.054932 -10.014063 -4.301158 -5.119641
6282 1444996217.428773 11.964141 4.718639 0.032959 -10.014063 -4.301158 -5.119641
6283 1444996217.438228 12.052031 4.718639 -0.054932 -10.014063 -4.301158 -5.119641
6284 1444996217.448319 12.052031 4.718639 -0.054932 -10.014063 -4.301158 -5.119641
6285 1444996217.458380 11.964141 4.718639 -0.054932 -10.014063 -4.301158 -5.119641
6286 1444996217.468545 11.964141 4.718639 -0.054932 -10.014063 -4.301158 -5.119641
6287 1444996217.477574 11.964141 4.718639 -0.054932 -10.014063 -4.301158 -5.119641
6288 1444996217.488690 11.964141 4.718639 0.032959 -9.926172 -4.301158 -5.119641
6289 1444996217.499662 11.964141 4.718639 -0.054932 -10.014063 -4.301158 -5.119641
6290 1444996217.509342 12.052031 4.718639 0.032959 -10.014063 -4.301158 -5.119641
6291 1444996217.520367 11.964141 4.718639 -0.054932 -10.014063 -4.301158 -5.119641
6292 1444996217.529647 12.052031 4.718639 0.032959 -10.014063 -4.301158 -5.119641
6293 1444996217.538662 12.052031 4.718639 0.032959 -9.926172 -4.301158 -5.119641
6294 1444996217.550520 11.964141 4.718639 -0.054932 -10.014063 -4.301158 -5.119641
6295 1444996217.560568 11.964141 4.718639 -0.054932 -10.014063 -4.301158 -5.119641
6296 1444996217.568829 11.964141 4.718639 0.032959 -10.014063 -4.301158 -5.119641
6297 1444996217.579111 11.964141 4.718639 0.032959 -9.926172 -4.301158 -5.119641
6298 1444996217.589189 11.964141 4.718639 -0.054932 -10.014063 -4.301158 -5.119641
6299 1444996217.599266 12.052031 4.718639 0.032959 -10.014063 -4.301158 -5.119641
6300 1444996217.610950 11.964141 4.718639 -0.054932 -9.926172 -4.301158 -5.119641
6301 1444996217.619476 12.052031 4.718639 -0.054932 -9.926172 -4.301158 -5.119641
6302 1444996217.629563 11.964141 4.718639 -0.054932 -10.014063 -4.301158 -5.119641
6303 1444996217.639628 12.052031 4.718639 0.032959 -10.014063 -4.301158 -5.119641
6304 1444996217.649758 12.052031 4.718639 0.032959 -10.014063 -4.301158 -5.119641
6305 1444996217.659825 12.052031 4.718639 -0.054932 -10.014063 -4.301158 -5.119641
6306 1444996217.667372 12.052031 4.718639 -0.054932 -10.014063 -4.301158 -5.119641
6307 1444996217.677526 12.052031 4.718639 0.032959 -10.014063 -4.301158 -5.119641
6308 1444996217.687345 11.964141 4.718639 -0.054932 -10.014063 -4.301158 -5.119641
6309 1444996217.697508 11.964141 4.718639 0.032959 -10.014063 -4.301158 -5.119641
6310 1444996217.707538 11.964141 4.718639 -0.054932 -10.014063 -4.301158 -5.119641
6311 1444996217.717614 12.052031 4.718639 0.032959 -10.014063 -4.301158 -5.119641
6312 1444996217.729007 11.964141 4.718639 -0.054932 -10.014063 -4.301158 -5.119641
6313 1444996217.738017 12.052031 4.718639 -0.054932 -10.014063 -4.301158 -5.119641
6314 1444996217.747913 11.964141 4.718639 0.032959 -10.014063 -4.301158 -5.119641
6315 1444996217.758227 11.964141 4.718639 0.032959 -9.926172 -4.301158 -5.119641
6316 1444996217.768275 12.052031 4.718639 0.032959 -10.014063 -4.301158 -5.119641
6317 1444996217.778366 11.964141 4.718639 0.032959 -10.014063 -4.301158 -5.119641
6318 1444996217.788684 12.052031 4.718639 0.032959 -10.014063 -4.301158 -5.119641
6319 1444996217.797485 12.052031 4.718639 0.032959 -10.014063 -4.301158 -5.119641
6320 1444996217.808855 12.052031 4.718639 0.032959 -10.014063 -4.301158 -5.119641
6321 1444996217.820264 12.052031 4.718639 0.032959 -10.014063 -4.301158 -5.119641
6322 1444996217.830437 11.964141 4.718639 0.032959 -10.014063 -4.301158 -5.119641
6323 1444996217.840446 11.964141 4.718639 -0.054932 -10.014063 -4.301158 -5.119641
6324 1444996217.850412 12.052031 4.718639 0.032959 -10.014063 -4.301158 -5.119641
6325 1444996217.860468 12.052031 4.718639 0.032959 -10.014063 -4.301158 -5.119641
6326 1444996217.870670 11.964141 4.718639 0.032959 -10.014063 -4.301158 -5.119641
6327 1444996217.880681 11.964141 4.718639 0.032959 -10.014063 -4.301158 -5.119641
6328 1444996217.891045 11.964141 4.718639 -0.054932 -10.014063 -4.301158 -5.119641
6329 1444996217.900931 12.052031 4.718639 0.032959 -10.014063 -4.301158 -5.119641
6330 1444996217.911036 11.964141 4.718639 -0.054932 -10.014063 -4.301158 -5.119641
6331 1444996217.921197 11.964141 4.718639 0.032959 -10.014063 -4.301158 -5.119641
6332 1444996217.929999 11.964141 4.718639 0.032959 -10.014063 -4.301158 -5.119641
6333 1444996217.938843 11.964141 4.718639 0.032959 -10.014063 -4.301158 -5.119641
6334 1444996217.948925 11.964141 4.718639 0.032959 -10.014063 -4.301158 -5.119641
6335 1444996217.958914 11.964141 4.718639 -0.054932 -10.014063 -4.301158 -5.119641
6336 1444996217.972686 12.052031 4.718639 0.032959 -9.926172 -4.301158 -5.119641
6337 1444996217.982257 11.964141 4.718639 0.032959 -10.014063 -4.301158 -5.119641
6338 1444996217.992721 11.964141 4.718639 0.032959 -10.014063 -4.301158 -5.119641
6339 1444996218.002520 12.052031 4.718639 -0.054932 -9.926172 -4.301158 -5.119641
6340 1444996218.012574 12.052031 4.718639 -0.054932 -10.014063 -4.301158 -5.119641
6341 1444996218.023252 11.964141 4.718639 0.032959 -10.014063 -4.301158 -5.119641
6342 1444996218.033029 11.964141 4.718639 0.032959 -10.014063 -4.301158 -5.119641
6343 1444996218.043742 11.964141 4.718639 -0.054932 -9.926172 -4.389049 -5.119641
6344 1444996218.053568 11.964141 4.718639 -0.054932 -10.014063 -4.301158 -5.119641
6345 1444996218.063615 11.964141 4.718639 -0.054932 -10.014063 -4.301158 -5.119641
6346 1444996218.074020 11.964141 4.718639 0.032959 -10.014063 -4.301158 -5.119641
6347 1444996218.082932 12.052031 4.718639 0.032959 -10.014063 -4.301158 -5.119641
6348 1444996218.092755 12.052031 4.718639 0.032959 -10.014063 -4.301158 -5.119641
6349 1444996218.104092 11.964141 4.718639 -0.054932 -10.014063 -4.301158 -5.119641
6350 1444996218.114079 11.964141 4.718639 -0.054932 -10.014063 -4.301158 -5.119641
6351 1444996218.123284 12.052031 4.718639 -0.054932 -9.926172 -4.301158 -5.119641
6352 1444996218.134586 12.052031 4.718639 -0.054932 -9.926172 -4.301158 -5.119641
6353 1444996218.143426 11.964141 4.718639 -0.054932 -10.014063 -4.301158 -5.119641
6354 1444996218.153515 11.964141 4.718639 0.032959 -10.014063 -4.301158 -5.119641
6355 1444996218.163603 11.964141 4.718639 -0.054932 -10.014063 -4.301158 -5.119641
6356 1444996218.173761 12.052031 4.718639 -0.054932 -10.014063 -4.301158 -5.119641
6357 1444996218.183687 11.964141 4.718639 0.032959 -9.926172 -4.301158 -5.119641
6358 1444996218.193932 12.052031 4.718639 0.032959 -10.014063 -4.301158 -5.119641
6359 1444996218.198338 11.964141 4.718639 0.032959 -10.014063 -4.301158 -5.119641
6360 1444996218.208641 11.964141 4.718639 -0.054932 -10.014063 -4.301158 -5.119641
6361 1444996218.221994 11.964141 4.718639 0.032959 -10.014063 -4.301158 -5.119641
6362 1444996218.228871 11.964141 4.718639 0.032959 -10.014063 -4.301158 -5.119641
6363 1444996218.242220 11.964141 4.718639 -0.054932 -10.014063 -4.301158 -5.119641
6364 1444996218.252111 11.964141 4.718639 0.032959 -10.014063 -4.301158 -5.119641
6365 1444996218.262143 12.052031 4.718639 0.032959 -9.926172 -4.301158 -5.119641
6366 1444996218.272740 12.052031 4.718639 0.032959 -10.014063 -4.301158 -5.119641
6367 1444996218.283210 11.964141 4.718639 0.032959 -10.014063 -4.301158 -5.119641
6368 1444996218.293387 11.964141 4.718639 0.032959 -10.014063 -4.301158 -5.119641
6369 1444996218.303369 11.964141 4.718639 0.032959 -10.014063 -4.301158 -5.119641
6370 1444996218.313472 12.052031 4.718639 0.032959 -10.014063 -4.301158 -5.119641
6371 1444996218.323721 12.052031 4.718639 0.032959 -10.014063 -4.301158 -5.119641
6372 1444996218.332662 12.052031 4.718639 0.032959 -10.014063 -4.301158 -5.119641
6373 1444996218.343749 11.964141 4.718639 0.032959 -10.014063 -4.301158 -5.119641
6374 1444996218.354063 11.964141 4.718639 0.032959 -10.014063 -4.301158 -5.119641
6375 1444996218.364138 12.052031 4.718639 0.032959 -10.014063 -4.301158 -5.119641
6376 1444996218.373072 12.052031 4.718639 0.032959 -10.014063 -4.301158 -5.119641
6377 1444996218.383178 11.964141 4.718639 0.032959 -10.014063 -4.301158 -5.119641
6378 1444996218.393121 12.052031 4.718639 0.032959 -10.014063 -4.301158 -5.119641
6379 1444996218.403201 11.964141 4.718639 -0.054932 -10.014063 -4.301158 -5.119641
6380 1444996218.413244 11.964141 4.718639 0.032959 -10.014063 -4.301158 -5.119641
6381 1444996218.423583 11.964141 4.718639 0.032959 -9.926172 -4.301158 -5.119641
6382 1444996218.434949 11.964141 4.718639 -0.054932 -10.014063 -4.301158 -5.119641
6383 1444996218.442569 12.052031 4.718639 0.032959 -10.014063 -4.301158 -5.119641
6384 1444996218.455072 12.052031 4.718639 0.032959 -10.014063 -4.301158 -5.119641
6385 1444996218.465576 11.964141 4.718639 0.032959 -10.014063 -4.301158 -5.119641
6386 1444996218.477009 11.964141 4.718639 -0.054932 -10.014063 -4.301158 -5.119641
6387 1444996218.487153 11.964141 4.718639 0.032959 -10.014063 -4.301158 -5.119641
6388 1444996218.493583 11.964141 4.718639 -0.054932 -10.014063 -4.301158 -5.119641
6389 1444996218.506310 12.052031 4.718639 -0.054932 -9.926172 -4.301158 -5.119641
6390 1444996218.517067 11.964141 4.718639 0.032959 -9.926172 -4.301158 -5.119641
6391 1444996218.522587 12.052031 4.718639 -0.054932 -10.014063 -4.301158 -5.119641
6392 1444996218.537100 12.052031 4.718639 -0.054932 -9.926172 -4.301158 -5.119641
6393 1444996218.547323 12.052031 4.718639 -0.054932 -10.014063 -4.301158 -5.119641
6394 1444996218.557579 11.964141 4.718639 0.032959 -9.926172 -4.301158 -5.119641
6395 1444996218.567587 11.964141 4.718639 -0.054932 -10.014063 -4.301158 -5.119641
6396 1444996218.575011 11.964141 4.718639 -0.054932 -9.926172 -4.301158 -5.119641
6397 1444996218.584405 11.964141 4.718639 0.032959 -10.014063 -4.301158 -5.119641
6398 1444996218.594919 11.964141 4.718639 0.032959 -10.014063 -4.301158 -5.119641
6399 1444996218.604924 11.964141 4.718639 0.032959 -10.014063 -4.301158 -5.119641
6400 1444996218.614961 11.964141 4.718639 -0.054932 -10.014063 -4.301158 -5.119641
6401 1444996218.625261 12.052031 4.718639 -0.054932 -10.014063 -4.301158 -5.119641
6402 1444996218.632265 11.964141 4.718639 -0.054932 -10.014063 -4.301158 -5.119641
6403 1444996218.642106 11.964141 4.718639 0.032959 -10.014063 -4.301158 -5.119641
6404 1444996218.652574 11.964141 4.718639 -0.054932 -9.926172 -4.301158 -5.119641
6405 1444996218.662684 12.052031 4.718639 -0.054932 -10.014063 -4.301158 -5.119641
6406 1444996218.672910 12.052031 4.718639 -0.054932 -10.014063 -4.301158 -5.119641
6407 1444996218.682953 11.964141 4.718639 0.032959 -10.014063 -4.301158 -5.119641
6408 1444996218.692958 11.964141 4.718639 0.032959 -10.014063 -4.301158 -5.119641
6409 1444996218.703148 11.964141 4.718639 -0.054932 -10.014063 -4.301158 -5.119641
6410 1444996218.713067 11.964141 4.718639 0.032959 -10.014063 -4.301158 -5.119641
6411 1444996218.723626 11.964141 4.718639 0.032959 -9.926172 -4.301158 -5.119641
6412 1444996218.735451 11.964141 4.718639 -0.054932 -10.014063 -4.301158 -5.119641
6413 1444996218.746015 11.964141 4.718639 0.032959 -10.014063 -4.301158 -5.119641
6414 1444996218.756132 11.964141 4.718639 0.032959 -10.014063 -4.301158 -5.119641
6415 1444996218.766306 12.052031 4.718639 0.032959 -10.014063 -4.301158 -5.119641
6416 1444996218.774006 11.964141 4.718639 -0.054932 -10.014063 -4.301158 -5.119641
6417 1444996218.786541 11.964141 4.718639 0.032959 -10.014063 -4.301158 -5.119641
6418 1444996218.797052 12.052031 4.718639 0.032959 -10.014063 -4.301158 -5.119641
6419 1444996218.807212 11.964141 4.718639 0.032959 -9.926172 -4.301158 -5.119641
6420 1444996218.817321 12.052031 4.718639 0.032959 -10.014063 -4.301158 -5.119641
6421 1444996218.827523 12.052031 4.718639 0.032959 -10.014063 -4.301158 -5.119641
6422 1444996218.837493 12.052031 4.718639 0.032959 -10.014063 -4.301158 -5.119641
6423 1444996218.847599 11.964141 4.718639 0.032959 -9.926172 -4.301158 -5.119641
6424 1444996218.857646 11.964141 4.718639 0.032959 -10.014063 -4.301158 -5.119641
6425 1444996218.867781 12.052031 4.718639 0.032959 -10.014063 -4.301158 -5.119641
6426 1444996218.878124 11.964141 4.718639 0.032959 -10.014063 -4.301158 -5.119641
6427 1444996218.888231 11.964141 4.718639 -0.054932 -10.014063 -4.301158 -5.119641
6428 1444996218.898256 11.964141 4.718639 0.032959 -10.014063 -4.301158 -5.119641
6429 1444996218.908154 12.052031 4.718639 -0.054932 -10.014063 -4.301158 -5.119641
6430 1444996218.918507 12.052031 4.718639 -0.054932 -10.014063 -4.301158 -5.119641
6431 1444996218.928679 11.964141 4.718639 -0.054932 -9.926172 -4.301158 -5.119641
6432 1444996218.938737 11.964141 4.718639 -0.054932 -10.014063 -4.301158 -5.119641
6433 1444996218.948812 11.964141 4.718639 0.032959 -10.014063 -4.301158 -5.119641
6434 1444996218.959235 11.964141 4.718639 0.032959 -10.014063 -4.301158 -5.119641
6435 1444996218.969441 12.052031 4.718639 0.032959 -10.014063 -4.301158 -5.119641
6436 1444996218.978512 11.964141 4.718639 -0.054932 -10.014063 -4.301158 -5.119641
6437 1444996218.988657 11.964141 4.718639 -0.054932 -10.014063 -4.301158 -5.119641
6438 1444996219.000156 12.052031 4.718639 -0.054932 -10.014063 -4.301158 -5.119641
6439 1444996219.007614 12.052031 4.718639 0.032959 -10.014063 -4.301158 -5.119641
6440 1444996219.017820 11.964141 4.718639 0.032959 -10.014063 -4.301158 -5.119641
6441 1444996219.027988 11.964141 4.718639 0.032959 -10.014063 -4.301158 -5.119641
6442 1444996219.038048 11.964141 4.718639 0.032959 -10.014063 -4.301158 -5.119641
6443 1444996219.048156 11.964141 4.718639 -0.054932 -10.014063 -4.301158 -5.119641
6444 1444996219.058256 12.052031 4.718639 0.032959 -10.014063 -4.301158 -5.119641
6445 1444996219.068323 11.964141 4.718639 0.032959 -10.014063 -4.301158 -5.119641
6446 1444996219.078685 12.052031 4.718639 0.032959 -10.014063 -4.301158 -5.119641
6447 1444996219.088689 11.964141 4.718639 0.032959 -9.926172 -4.301158 -5.119641
6448 1444996219.098824 11.964141 4.718639 -0.054932 -10.014063 -4.301158 -5.119641
6449 1444996219.108783 11.964141 4.718639 0.032959 -10.014063 -4.301158 -5.119641
6450 1444996219.118905 12.052031 4.718639 -0.054932 -10.014063 -4.301158 -5.119641
6451 1444996219.127886 11.964141 4.718639 0.032959 -10.014063 -4.301158 -5.119641
6452 1444996219.139245 11.964141 4.718639 -0.054932 -10.014063 -4.301158 -5.119641
6453 1444996219.147947 12.052031 4.718639 -0.054932 -10.014063 -4.301158 -5.119641
6454 1444996219.159825 12.052031 4.718639 -0.054932 -10.014063 -4.301158 -5.119641
6455 1444996219.169944 11.964141 4.718639 0.032959 -10.014063 -4.301158 -5.119641
6456 1444996219.179956 12.052031 4.718639 -0.054932 -10.014063 -4.301158 -5.119641
6457 1444996219.190367 11.964141 4.718639 0.032959 -10.014063 -4.301158 -5.119641
6458 1444996219.200420 12.052031 4.718639 0.032959 -10.014063 -4.301158 -5.119641
6459 1444996219.210223 11.964141 4.718639 0.032959 -9.926172 -4.301158 -5.119641
6460 1444996219.220437 11.964141 4.718639 0.032959 -9.926172 -4.301158 -5.119641
6461 1444996219.230245 12.052031 4.718639 0.032959 -9.926172 -4.301158 -5.119641
6462 1444996219.240709 11.964141 4.718639 0.032959 -9.926172 -4.301158 -5.119641
6463 1444996219.250817 11.964141 4.718639 0.032959 -10.014063 -4.301158 -5.119641
6464 1444996219.260622 12.052031 4.718639 0.032959 -10.014063 -4.301158 -5.119641
6465 1444996219.268807 11.964141 4.718639 0.032959 -9.926172 -4.301158 -5.119641
6466 1444996219.281320 11.964141 4.718639 0.032959 -10.014063 -4.301158 -5.119641
6467 1444996219.291261 11.964141 4.718639 0.032959 -10.014063 -4.301158 -5.119641
6468 1444996219.301231 11.964141 4.718639 0.032959 -10.014063 -4.301158 -5.119641
6469 1444996219.309577 12.052031 4.718639 -0.054932 -10.014063 -4.301158 -5.119641
6470 1444996219.319634 11.964141 4.718639 0.032959 -10.014063 -4.301158 -5.119641
6471 1444996219.329345 11.964141 4.718639 -0.054932 -10.014063 -4.301158 -5.119641
6472 1444996219.337435 12.052031 4.718639 0.032959 -10.014063 -4.301158 -5.119641
6473 1444996219.349226 12.052031 4.718639 -0.054932 -9.926172 -4.301158 -5.119641
6474 1444996219.359292 12.052031 4.718639 0.032959 -10.014063 -4.301158 -5.119641
6475 1444996219.369635 11.964141 4.718639 0.032959 -10.014063 -4.301158 -5.119641
6476 1444996219.379494 11.964141 4.718639 0.032959 -10.014063 -4.301158 -5.119641
6477 1444996219.389704 11.964141 4.718639 -0.054932 -9.926172 -4.301158 -5.119641
6478 1444996219.399765 11.964141 4.718639 0.032959 -10.014063 -4.301158 -5.119641
6479 1444996219.409977 11.964141 4.718639 -0.054932 -10.014063 -4.301158 -5.119641
6480 1444996219.420179 12.052031 4.718639 0.032959 -10.014063 -4.301158 -5.119641
6481 1444996219.427566 12.052031 4.718639 0.032959 -10.014063 -4.301158 -5.119641
6482 1444996219.437488 11.964141 4.718639 0.032959 -10.014063 -4.301158 -5.119641
6483 1444996219.447558 11.964141 4.718639 0.032959 -10.014063 -4.301158 -5.119641
6484 1444996219.459859 12.052031 4.718639 -0.054932 -10.014063 -4.301158 -5.119641
6485 1444996219.470168 12.052031 4.718639 -0.054932 -9.926172 -4.301158 -5.119641
6486 1444996219.480525 11.964141 4.718639 -0.054932 -10.014063 -4.301158 -5.119641
6487 1444996219.490947 11.964141 4.718639 0.032959 -10.014063 -4.301158 -5.119641
6488 1444996219.500599 12.052031 4.718639 0.032959 -10.014063 -4.301158 -5.119641
6489 1444996219.510685 12.052031 4.718639 0.032959 -10.014063 -4.301158 -5.119641
6490 1444996219.520905 12.052031 4.718639 -0.054932 -10.014063 -4.301158 -5.119641
6491 1444996219.528632 11.964141 4.718639 0.032959 -10.014063 -4.301158 -5.119641
6492 1444996219.541148 11.964141 4.718639 0.032959 -10.014063 -4.301158 -5.119641
6493 1444996219.551260 11.964141 4.718639 0.032959 -10.014063 -4.301158 -5.119641
6494 1444996219.561252 11.964141 4.718639 0.032959 -10.014063 -4.301158 -5.119641
6495 1444996219.572236 11.964141 4.718639 0.032959 -9.926172 -4.301158 -5.119641
6496 1444996219.578701 11.964141 4.718639 0.032959 -10.014063 -4.301158 -5.119641
6497 1444996219.592242 11.964141 4.718639 0.032959 -10.014063 -4.301158 -5.119641
6498 1444996219.602165 11.964141 4.718639 -0.054932 -10.014063 -4.301158 -5.119641
6499 1444996219.612321 11.964141 4.718639 0.032959 -10.014063 -4.301158 -5.119641
6500 1444996219.622560 11.964141 4.718639 0.032959 -10.014063 -4.301158 -5.119641
6501 1444996219.632502 12.052031 4.718639 -0.054932 -10.014063 -4.301158 -5.119641
6502 1444996219.642969 11.964141 4.718639 0.032959 -10.014063 -4.301158 -5.119641
6503 1444996219.652717 12.052031 4.718639 -0.054932 -10.014063 -4.301158 -5.119641
6504 1444996219.662819 11.964141 4.718639 0.032959 -10.014063 -4.301158 -5.119641
6505 1444996219.672920 12.052031 4.718639 0.032959 -9.926172 -4.301158 -5.119641
6506 1444996219.682988 12.052031 4.718639 -0.054932 -10.014063 -4.301158 -5.119641
6507 1444996219.693174 12.052031 4.718639 0.032959 -10.014063 -4.301158 -5.119641
6508 1444996219.703283 11.964141 4.718639 0.032959 -10.014063 -4.301158 -5.119641
6509 1444996219.713323 12.052031 4.718639 0.032959 -10.014063 -4.301158 -5.119641
6510 1444996219.723754 12.052031 4.718639 0.032959 -9.926172 -4.301158 -5.119641
6511 1444996219.733594 11.964141 4.718639 0.032959 -9.926172 -4.301158 -5.119641
6512 1444996219.743749 11.964141 4.718639 -0.054932 -10.014063 -4.301158 -5.119641
6513 1444996219.753794 11.964141 4.718639 0.032959 -10.014063 -4.301158 -5.119641
6514 1444996219.764000 11.964141 4.718639 -0.054932 -10.014063 -4.389049 -5.119641
6515 1444996219.774414 12.052031 4.718639 -0.054932 -10.014063 -4.301158 -5.119641
