20106 1444994376.338184 -0.049439 0.010986 -9.744897
20107 1444994376.344770 0.038452 -0.076904 -9.744897
20108 1444994376.359259 0.038452 0.010986 -9.744897
20109 1444994376.369964 -0.049439 0.010986 -9.744897
20110 1444994376.378784 -0.049439 0.010986 -9.744897
20111 1444994376.389463 -0.049439 0.010986 -9.744897
20112 1444994376.394918 -0.049439 0.010986 -9.744897
20113 1444994376.409603 0.038452 0.010986 -9.744897
20114 1444994376.420295 0.038452 0.010986 -9.744897
20115 1444994376.425711 -0.049439 0.010986 -9.744897
20116 1444994376.435080 -0.049439 0.010986 -9.744897
20117 1444994376.444871 0.038452 0.010986 -9.744897
20118 1444994376.454827 -0.049439 0.010986 -9.744897
20119 1444994376.464735 0.038452 0.010986 -9.744897
20120 1444994376.481717 0.038452 0.010986 -9.744897
20121 1444994376.491742 -0.049439 0.010986 -9.744897
20122 1444994376.500166 0.038452 0.010986 -9.744897
20123 1444994376.511842 -0.049439 0.010986 -9.744897
20124 1444994376.522580 -0.049439 0.010986 -9.744897
20125 1444994376.529321 -0.049439 0.010986 -9.744897
20126 1444994376.537395 0.038452 0.010986 -9.744897
20127 1444994376.547029 -0.049439 0.010986 -9.744897
20128 1444994376.554817 -0.049439 0.010986 -9.744897
20129 1444994376.564825 -0.049439 0.010986 -9.744897
20130 1444994376.575372 0.038452 0.010986 -9.744897
20131 1444994376.589336 -0.049439 0.010986 -9.744897
20132 1444994376.599764 -0.049439 0.010986 -9.744897
20133 1444994376.609820 -0.049439 0.010986 -9.744897
20134 1444994376.619940 -0.049439 0.010986 -9.744897
20135 1444994376.629893 -0.049439 -0.076904 -9.744897
20136 1444994376.639950 -0.049439 0.010986 -9.744897
20137 1444994376.650339 -0.049439 -0.076904 -9.744897
20138 1444994376.660355 0.038452 0.010986 -9.744897
20139 1444994376.670522 0.038452 0.010986 -9.744897
20140 1444994376.680559 -0.049439 0.010986 -9.744897
20141 1444994376.690866 -0.049439 0.010986 -9.744897
20142 1444994376.700958 0.038452 -0.076904 -9.744897
20143 1444994376.710962 0.038452 0.010986 -9.744897
20144 1444994376.721287 0.038452 0.010986 -9.744897
20145 1444994376.731480 -0.049439 0.010986 -9.744897
20146 1444994376.741509 -0.049439 0.010986 -9.744897
20147 1444994376.751823 -0.049439 -0.076904 -9.744897
20148 1444994376.761982 0.038452 0.010986 -9.744897
20149 1444994376.771831 -0.049439 0.010986 -9.744897
20150 1444994376.782042 0.038452 0.010986 -9.744897
20151 1444994376.792047 0.038452 -0.076904 -9.744897
20152 1444994376.799413 0.038452 -0.076904 -9.744897
20153 1444994376.809483 -0.049439 0.010986 -9.744897
20154 1444994376.822309 -0.049439 -0.076904 -9.744897
20155 1444994376.832408 -0.049439 0.010986 -9.744897
20156 1444994376.845269 -0.049439 0.010986 -9.744897
20157 1444994376.854468 -0.049439 0.010986 -9.657006
20158 1444994376.862810 -0.049439 0.010986 -9.744897
20159 1444994376.869677 -0.049439 0.010986 -9.744897
20160 1444994376.885477 -0.049439 0.010986 -9.744897
20161 1444994376.893459 0.038452 0.010986 -9.744897
20162 1444994376.905581 -0.049439 0.010986 -9.744897
20163 1444994376.915596 -0.049439 0.010986 -9.744897
20164 1444994376.926082 0.038452 0.010986 -9.744897
20165 1444994376.935970 -0.049439 0.010986 -9.744897
20166 1444994376.939585 -0.049439 0.010986 -9.744897
20167 1444994376.955882 -0.049439 0.010986 -9.744897
20168 1444994376.966446 0.038452 0.010986 -9.744897
20169 1444994376.976495 -0.049439 0.010986 -9.744897
20170 1444994376.986380 -0.049439 0.010986 -9.744897
20171 1444994376.996543 -0.049439 -0.076904 -9.744897
20172 1444994377.006832 -0.049439 0.010986 -9.744897
20173 1444994377.016874 -0.049439 -0.076904 -9.744897
20174 1444994377.027029 -0.049439 0.010986 -9.744897
20175 1444994377.036961 -0.049439 0.010986 -9.744897
20176 1444994377.047151 -0.049439 0.010986 -9.744897
20177 1444994377.052334 -0.049439 0.010986 -9.744897
20178 1444994377.062279 -0.049439 0.010986 -9.744897
20179 1444994377.077512 0.038452 -0.076904 -9.744897
20180 1444994377.087613 0.038452 0.010986 -9.744897
20181 1444994377.097698 -0.049439 0.010986 -9.744897
20182 1444994377.107736 -0.049439 0.010986 -9.744897
20183 1444994377.117871 0.038452 0.010986 -9.744897
20184 1444994377.127872 0.038452 0.010986 -9.744897
20185 1444994377.137999 -0.049439 0.010986 -9.744897
20186 1444994377.144541 0.038452 0.010986 -9.744897
20187 1444994377.149555 -0.049439 0.010986 -9.744897
20188 1444994377.164447 -0.049439 -0.076904 -9.744897
20189 1444994377.174541 0.038452 0.010986 -9.744897
20190 1444994377.184770 0.038452 0.010986 -9.744897
20191 1444994377.195071 0.038452 0.010986 -9.744897
20192 1444994377.204799 -0.049439 0.010986 -9.744897
20193 1444994377.214894 0.038452 0.010986 -9.744897
20194 1444994377.224987 0.038452 0.010986 -9.744897
20195 1444994377.235117 0.038452 0.010986 -9.744897
20196 1444994377.245490 0.038452 0.010986 -9.744897
20197 1444994377.255413 -0.049439 -0.076904 -9.744897
20198 1444994377.265499 0.038452 0.010986 -9.744897
20199 1444994377.275553 -0.049439 0.010986 -9.744897
20200 1444994377.285563 0.038452 0.010986 -9.744897
20201 1444994377.296569 -0.049439 0.010986 -9.744897
20202 1444994377.307018 0.038452 0.010986 -9.744897
20203 1444994377.316632 0.038452 0.010986 -9.744897
20204 1444994377.326940 0.038452 0.010986 -9.744897
20205 1444994377.336656 -0.049439 -0.076904 -9.744897
20206 1444994377.346734 0.038452 0.010986 -9.744897
20207 1444994377.359446 -0.049439 -0.076904 -9.744897
20208 1444994377.367361 0.038452 0.010986 -9.744897
20209 1444994377.377449 -0.049439 0.010986 -9.744897
20210 1444994377.389422 0.038452 0.010986 -9.744897
20211 1444994377.398403 -0.049439 0.010986 -9.744897
20212 1444994377.408708 0.038452 0.010986 -9.744897
20213 1444994377.419874 0.038452 0.010986 -9.744897
20214 1444994377.429821 0.038452 0.010986 -9.744897
20215 1444994377.438205 -0.049439 0.010986 -9.744897
20216 1444994377.444798 -0.049439 0.010986 -9.744897
20217 1444994377.460113 0.038452 0.010986 -9.744897
20218 1444994377.468447 0.038452 0.010986 -9.744897
20219 1444994377.480033 0.038452 0.010986 -9.744897
20220 1444994377.490258 0.038452 0.010986 -9.744897
20221 1444994377.497433 -0.049439 0.010986 -9.744897
20222 1444994377.505289 -0.049439 0.010986 -9.744897
20223 1444994377.515538 0.038452 0.010986 -9.744897
20224 1444994377.525573 0.038452 0.010986 -9.744897
20225 1444994377.535657 0.038452 0.010986 -9.744897
20226 1444994377.545869 0.038452 0.010986 -9.744897
20227 1444994377.555858 -0.049439 0.010986 -9.744897
20228 1444994377.566008 0.038452 0.010986 -9.744897
20229 1444994377.581187 -0.049439 0.010986 -9.744897
20230 1444994377.586231 0.038452 0.010986 -9.744897
20231 1444994377.596494 0.038452 0.010986 -9.744897
20232 1444994377.606469 -0.049439 0.010986 -9.744897
20233 1444994377.616526 -0.049439 0.010986 -9.744897
20234 1444994377.626608 0.038452 0.010986 -9.744897
20235 1444994377.636739 -0.049439 0.010986 -9.744897
20236 1444994377.647104 -0.049439 0.010986 -9.744897
20237 1444994377.657470 0.038452 -0.076904 -9.744897
20238 1444994377.667451 0.038452 0.010986 -9.744897
20239 1444994377.677551 0.038452 -0.076904 -9.744897
20240 1444994377.687694 -0.049439 0.010986 -9.744897
20241 1444994377.697524 0.038452 0.010986 -9.744897
20242 1444994377.707917 -0.049439 0.010986 -9.744897
20243 1444994377.717995 0.038452 0.010986 -9.744897
20244 1444994377.728198 0.038452 0.010986 -9.744897
20245 1444994377.738247 0.038452 0.010986 -9.744897
20246 1444994377.745149 0.038452 0.010986 -9.744897
20247 1444994377.759686 -0.049439 0.010986 -9.744897
20248 1444994377.769589 0.038452 0.010986 -9.744897
20249 1444994377.779715 0.038452 0.010986 -9.744897
20250 1444994377.789637 0.038452 0.010986 -9.744897
20251 1444994377.799918 0.038452 0.010986 -9.744897
20252 1444994377.810058 0.038452 0.010986 -9.744897
20253 1444994377.820063 0.038452 0.010986 -9.744897
20254 1444994377.830088 0.038452 0.010986 -9.744897
20255 1444994377.840227 -0.049439 0.010986 -9.744897
20256 1444994377.850471 0.038452 0.010986 -9.744897
20257 1444994377.860425 -0.049439 -0.076904 -9.744897
20258 1444994377.870380 -0.049439 0.010986 -9.744897
20259 1444994377.880482 -0.049439 0.010986 -9.744897
20260 1444994377.891724 0.038452 0.010986 -9.744897
20261 1444994377.903152 0.038452 0.010986 -9.744897
20262 1444994377.912450 -0.049439 0.010986 -9.744897
20263 1444994377.921800 -0.049439 -0.076904 -9.744897
20264 1444994377.932334 -0.049439 0.010986 -9.744897
20265 1444994377.941910 0.038452 0.010986 -9.744897
20266 1444994377.953093 0.038452 0.010986 -9.744897
20267 1444994377.962769 -0.049439 0.010986 -9.744897
20268 1444994377.972956 -0.049439 -0.076904 -9.744897
20269 1444994377.983107 0.038452 -0.076904 -9.744897
20270 1444994377.993413 0.038452 0.010986 -9.744897
20271 1444994377.999380 -0.049439 0.010986 -9.744897
20272 1444994378.014317 0.038452 0.010986 -9.744897
20273 1444994378.024441 0.038452 0.010986 -9.744897
20274 1444994378.034437 -0.049439 0.010986 -9.744897
20275 1444994378.039477 0.038452 0.010986 -9.744897
20276 1444994378.054558 0.038452 0.010986 -9.744897
20277 1444994378.060050 -0.049439 0.010986 -9.744897
20278 1444994378.074860 -0.049439 0.010986 -9.744897
20279 1444994378.084869 -0.049439 -0.076904 -9.744897
20280 1444994378.095198 0.038452 -0.076904 -9.744897
20281 1444994378.105177 -0.049439 0.010986 -9.744897
20282 1444994378.115253 -0.049439 0.010986 -9.744897
20283 1444994378.125397 -0.049439 0.010986 -9.744897
20284 1444994378.135474 0.038452 0.010986 -9.744897
20285 1444994378.140842 -0.049439 0.010986 -9.744897
20286 1444994378.155662 -0.049439 0.010986 -9.744897
20287 1444994378.161088 0.038452 0.010986 -9.744897
20288 1444994378.171333 -0.049439 0.010986 -9.744897
20289 1444994378.181334 -0.049439 0.010986 -9.744897
20290 1444994378.191459 0.038452 0.010986 -9.744897
20291 1444994378.199595 0.038452 -0.076904 -9.744897
20292 1444994378.211608 0.038452 0.010986 -9.744897
20293 1444994378.222328 0.038452 0.010986 -9.744897
20294 1444994378.232371 0.038452 0.010986 -9.744897
20295 1444994378.244962 0.038452 0.010986 -9.744897
20296 1444994378.255373 0.038452 0.010986 -9.744897
20297 1444994378.262592 0.038452 0.010986 -9.744897
20298 1444994378.274773 0.038452 0.010986 -9.744897
20299 1444994378.284406 -0.049439 0.010986 -9.744897
20300 1444994378.295677 -0.049439 0.010986 -9.744897
20301 1444994378.304507 0.038452 0.010986 -9.744897
20302 1444994378.310121 0.038452 0.010986 -9.744897
20303 1444994378.324509 -0.049439 0.010986 -9.744897
20304 1444994378.334778 0.038452 0.010986 -9.744897
20305 1444994378.345870 0.038452 -0.076904 -9.744897
20306 1444994378.355210 0.038452 0.010986 -9.744897
20307 1444994378.365362 0.038452 0.010986 -9.744897
20308 1444994378.375866 0.038452 0.010986 -9.744897
20309 1444994378.386215 -0.049439 0.010986 -9.744897
20310 1444994378.396827 0.038452 0.010986 -9.744897
20311 1444994378.406616 -0.049439 0.010986 -9.744897
20312 1444994378.416593 0.038452 0.010986 -9.744897
20313 1444994378.426611 -0.049439 0.010986 -9.744897
20314 1444994378.436601 0.038452 0.010986 -9.744897
20315 1444994378.446917 0.038452 0.010986 -9.744897
20316 1444994378.456983 -0.049439 0.010986 -9.744897
20317 1444994378.466979 -0.049439 0.010986 -9.744897
20318 1444994378.477138 -0.049439 -0.076904 -9.744897
20319 1444994378.487067 -0.049439 0.010986 -9.744897
20320 1444994378.497291 -0.049439 0.010986 -9.744897
20321 1444994378.507474 0.038452 0.010986 -9.744897
20322 1444994378.517443 0.038452 -0.076904 -9.744897
20323 1444994378.527663 0.038452 0.010986 -9.744897
20324 1444994378.537458 0.038452 0.010986 -9.744897
20325 1444994378.544625 0.038452 0.010986 -9.744897
20326 1444994378.554454 0.038452 -0.076904 -9.744897
20327 1444994378.567738 -0.049439 0.010986 -9.744897
20328 1444994378.577848 -0.049439 -0.076904 -9.744897
20329 1444994378.587971 -0.049439 0.010986 -9.744897
20330 1444994378.594741 0.038452 0.010986 -9.744897
20331 1444994378.604586 0.038452 0.010986 -9.744897
20332 1444994378.614697 -0.049439 -0.076904 -9.744897
20333 1444994378.624664 0.038452 0.010986 -9.744897
20334 1444994378.634706 0.038452 0.010986 -9.744897
20335 1444994378.645234 -0.049439 0.010986 -9.744897
20336 1444994378.654928 0.038452 0.010986 -9.744897
20337 1444994378.665100 -0.049439 0.010986 -9.744897
20338 1444994378.675304 -0.049439 0.010986 -9.744897
20339 1444994378.685413 0.038452 0.010986 -9.744897
20340 1444994378.697486 -0.049439 0.010986 -9.744897
20341 1444994378.705581 -0.049439 0.010986 -9.744897
20342 1444994378.715549 -0.049439 -0.076904 -9.744897
20343 1444994378.725700 0.038452 0.010986 -9.744897
20344 1444994378.735832 -0.049439 0.010986 -9.744897
20345 1444994378.746825 0.038452 0.010986 -9.744897
20346 1444994378.756023 0.038452 0.010986 -9.744897
20347 1444994378.767052 -0.049439 0.010986 -9.744897
20348 1444994378.776448 0.038452 0.010986 -9.744897
20349 1444994378.786610 0.038452 0.010986 -9.744897
20350 1444994378.796924 0.038452 0.010986 -9.744897
20351 1444994378.807565 -0.049439 0.010986 -9.744897
20352 1444994378.817789 0.038452 0.010986 -9.744897
20353 1444994378.827886 -0.049439 0.010986 -9.744897
20354 1444994378.838011 0.038452 0.010986 -9.744897
20355 1444994378.844555 0.038452 0.010986 -9.744897
20356 1444994378.854335 0.038452 0.010986 -9.744897
20357 1444994378.864351 -0.049439 0.010986 -9.744897
20358 1444994378.874343 0.038452 0.010986 -9.744897
20359 1444994378.889498 -0.049439 0.010986 -9.744897
20360 1444994378.900125 0.038452 -0.076904 -9.744897
20361 1444994378.910176 0.038452 0.010986 -9.744897
20362 1444994378.919956 0.038452 0.010986 -9.744897
20363 1444994378.929980 -0.049439 -0.076904 -9.744897
20364 1444994378.940226 -0.049439 0.010986 -9.744897
20365 1444994378.950461 0.038452 0.010986 -9.744897
20366 1444994378.960439 -0.049439 0.010986 -9.744897
20367 1444994378.970512 0.038452 0.010986 -9.744897
20368 1444994378.980497 -0.049439 0.010986 -9.744897
20369 1444994378.990600 -0.049439 -0.076904 -9.744897
20370 1444994379.000808 -0.049439 0.010986 -9.744897
20371 1444994379.010868 -0.049439 0.010986 -9.744897
20372 1444994379.020953 -0.049439 0.010986 -9.744897
20373 1444994379.031064 -0.049439 0.010986 -9.744897
20374 1444994379.041161 0.038452 0.010986 -9.744897
20375 1444994379.051390 0.038452 -0.076904 -9.744897
20376 1444994379.061398 0.038452 -0.076904 -9.744897
20377 1444994379.066854 -0.049439 0.010986 -9.744897
20378 1444994379.081688 0.038452 0.010986 -9.744897
20379 1444994379.086745 -0.049439 0.010986 -9.744897
20380 1444994379.096988 0.038452 0.010986 -9.744897
20381 1444994379.107304 -0.049439 0.010986 -9.744897
20382 1444994379.117249 0.038452 0.010986 -9.744897
20383 1444994379.129785 -0.049439 0.010986 -9.744897
20384 1444994379.137933 0.038452 0.010986 -9.744897
20385 1444994379.145349 0.038452 0.010986 -9.744897
20386 1444994379.160365 0.038452 -0.076904 -9.744897
20387 1444994379.170235 0.038452 0.010986 -9.744897
20388 1444994379.180574 0.038452 0.010986 -9.744897
20389 1444994379.190397 0.038452 0.010986 -9.744897
20390 1444994379.201877 0.038452 0.010986 -9.744897
20391 1444994379.210356 -0.049439 0.010986 -9.744897
20392 1444994379.220493 -0.049439 0.010986 -9.744897
20393 1444994379.230358 0.038452 0.010986 -9.744897
20394 1444994379.240488 -0.049439 0.010986 -9.744897
20395 1444994379.250842 -0.049439 0.010986 -9.744897
20396 1444994379.261012 -0.049439 -0.076904 -9.744897
20397 1444994379.271412 -0.049439 0.010986 -9.744897
20398 1444994379.281414 0.038452 0.010986 -9.744897
20399 1444994379.291533 -0.049439 0.010986 -9.744897
20400 1444994379.301603 -0.049439 0.010986 -9.744897
20401 1444994379.311590 0.038452 0.010986 -9.744897
20402 1444994379.322089 -0.049439 0.010986 -9.744897
20403 1444994379.332464 -0.049439 0.010986 -9.744897
20404 1444994379.342652 -0.049439 0.010986 -9.744897
20405 1444994379.352882 -0.049439 -0.076904 -9.744897
20406 1444994379.362886 -0.049439 0.010986 -9.744897
20407 1444994379.372821 -0.049439 -0.076904 -9.744897
20408 1444994379.382875 0.038452 0.010986 -9.744897
20409 1444994379.393144 -0.049439 -0.076904 -9.744897
20410 1444994379.399932 -0.049439 0.010986 -9.744897
20411 1444994379.409835 0.038452 -0.076904 -9.744897
20412 1444994379.419621 -0.049439 0.010986 -9.744897
20413 1444994379.429819 -0.049439 0.010986 -9.744897
20414 1444994379.439946 -0.049439 0.010986 -9.744897
20415 1444994379.450262 0.038452 0.010986 -9.744897
20416 1444994379.460376 0.038452 0.010986 -9.744897
20417 1444994379.470263 -0.049439 -0.076904 -9.744897
20418 1444994379.480277 -0.049439 0.010986 -9.744897
20419 1444994379.490547 -0.049439 0.010986 -9.744897
20420 1444994379.500847 -0.049439 0.010986 -9.744897
20421 1444994379.510527 -0.049439 0.010986 -9.744897
20422 1444994379.520708 -0.049439 0.010986 -9.744897
20423 1444994379.530709 -0.049439 0.010986 -9.744897
20424 1444994379.540855 -0.049439 0.010986 -9.744897
20425 1444994379.551940 -0.049439 0.010986 -9.744897
20426 1444994379.562100 -0.049439 0.010986 -9.744897
20427 1444994379.571405 0.038452 0.010986 -9.744897
20428 1444994379.581479 -0.049439 0.010986 -9.744897
20429 1444994379.591534 -0.049439 0.010986 -9.744897
20430 1444994379.599868 0.038452 0.010986 -9.744897
20431 1444994379.611748 -0.049439 -0.076904 -9.744897
20432 1444994379.622351 -0.049439 0.010986 -9.744897
20433 1444994379.632287 -0.049439 -0.076904 -9.744897
20434 1444994379.644608 0.038452 0.010986 -9.744897
20435 1444994379.653323 0.038452 0.010986 -9.744897
20436 1444994379.659513 -0.049439 0.010986 -9.744897
20437 1444994379.669507 -0.049439 0.010986 -9.744897
20438 1444994379.679454 -0.049439 0.010986 -9.744897
20439 1444994379.694314 0.038452 0.010986 -9.744897
20440 1444994379.704805 0.038452 0.010986 -9.744897
20441 1444994379.715017 0.038452 0.010986 -9.744897
20442 1444994379.725204 -0.049439 0.010986 -9.744897
20443 1444994379.735348 -0.049439 0.010986 -9.744897
20444 1444994379.745660 0.038452 0.010986 -9.744897
20445 1444994379.755581 -0.049439 0.010986 -9.744897
20446 1444994379.765673 -0.049439 0.010986 -9.744897
20447 1444994379.775942 -0.049439 0.010986 -9.744897
20448 1444994379.785798 -0.049439 0.010986 -9.744897
20449 1444994379.795944 -0.049439 0.010986 -9.744897
20450 1444994379.805899 -0.049439 0.010986 -9.744897
20451 1444994379.816144 0.038452 0.010986 -9.744897
20452 1444994379.826242 -0.049439 0.010986 -9.744897
20453 1444994379.836400 -0.049439 0.010986 -9.744897
20454 1444994379.846561 -0.049439 0.010986 -9.744897
20455 1444994379.856464 0.038452 0.010986 -9.744897
20456 1444994379.866497 0.038452 0.010986 -9.744897
20457 1444994379.876648 -0.049439 0.010986 -9.744897
20458 1444994379.886716 -0.049439 0.010986 -9.744897
20459 1444994379.896928 0.038452 0.010986 -9.744897
20460 1444994379.907055 0.038452 0.010986 -9.744897
20461 1444994379.917070 -0.049439 0.010986 -9.744897
20462 1444994379.927504 -0.049439 0.010986 -9.744897
20463 1444994379.937359 0.038452 0.010986 -9.744897
20464 1444994379.945624 -0.049439 0.010986 -9.744897
20465 1444994379.954926 0.038452 0.010986 -9.744897
20466 1444994379.964963 -0.049439 0.010986 -9.744897
20467 1444994379.974741 -0.049439 0.010986 -9.744897
20468 1444994379.985287 -0.049439 0.010986 -9.744897
20469 1444994379.996208 -0.049439 0.010986 -9.744897
20470 1444994380.005512 -0.049439 0.010986 -9.744897
20471 1444994380.015182 0.038452 -0.076904 -9.744897
20472 1444994380.024365 0.038452 0.010986 -9.744897
20473 1444994380.034405 0.038452 0.010986 -9.744897
20474 1444994380.046395 0.038452 0.010986 -9.744897
20475 1444994380.055809 0.038452 0.010986 -9.744897
20476 1444994380.065645 0.038452 0.010986 -9.744897
20477 1444994380.075362 0.038452 0.010986 -9.744897
20478 1444994380.085634 -0.049439 0.010986 -9.744897
20479 1444994380.096699 0.038452 0.010986 -9.744897
20480 1444994380.106331 -0.049439 0.010986 -9.744897
20481 1444994380.116394 0.038452 0.010986 -9.744897
20482 1444994380.126829 0.038452 0.010986 -9.744897
20483 1444994380.136715 -0.049439 0.010986 -9.744897
20484 1444994380.146971 0.038452 0.010986 -9.744897
20485 1444994380.156931 0.038452 0.010986 -9.744897
20486 1444994380.167430 0.038452 0.010986 -9.744897
20487 1444994380.177362 0.038452 0.010986 -9.744897
20488 1444994380.187625 0.038452 0.010986 -9.744897
20489 1444994380.197574 0.038452 0.010986 -9.744897
20490 1444994380.207625 -0.049439 0.010986 -9.744897
20491 1444994380.217803 -0.049439 0.010986 -9.744897
20492 1444994380.227794 -0.049439 0.010986 -9.744897
20493 1444994380.238115 -0.049439 0.010986 -9.744897
20494 1444994380.249351 0.038452 0.010986 -9.744897
20495 1444994380.259671 0.038452 0.010986 -9.744897
20496 1444994380.269433 -0.049439 0.010986 -9.744897
20497 1444994380.279540 0.038452 0.010986 -9.744897
20498 1444994380.289445 0.038452 0.010986 -9.744897
20499 1444994380.299844 0.038452 0.010986 -9.744897
20500 1444994380.309783 0.038452 0.010986 -9.744897
20501 1444994380.319696 -0.049439 0.010986 -9.744897
20502 1444994380.329746 0.038452 0.010986 -9.744897
20503 1444994380.339806 0.038452 0.010986 -9.744897
20504 1444994380.350087 -0.049439 0.010986 -9.832788
20505 1444994380.360208 -0.049439 0.010986 -9.744897
20506 1444994380.370190 -0.049439 -0.076904 -9.744897
20507 1444994380.380342 -0.049439 -0.076904 -9.744897
20508 1444994380.390457 0.038452 0.010986 -9.744897
20509 1444994380.400284 0.038452 0.010986 -9.744897
20510 1444994380.410710 -0.049439 0.010986 -9.744897
20511 1444994380.420745 -0.049439 0.010986 -9.744897
20512 1444994380.430798 -0.049439 0.010986 -9.744897
20513 1444994380.440931 0.038452 -0.076904 -9.744897
20514 1444994380.450805 -0.049439 0.010986 -9.744897
20515 1444994380.461064 -0.049439 0.010986 -9.744897
20516 1444994380.466537 0.038452 -0.076904 -9.832788
20517 1444994380.476558 0.038452 0.010986 -9.744897
20518 1444994380.486568 -0.049439 0.010986 -9.832788
20519 1444994380.496790 0.038452 -0.076904 -9.832788
20520 1444994380.509536 -0.049439 0.010986 -9.744897
20521 1444994380.517104 -0.049439 0.010986 -9.744897
20522 1444994380.529347 -0.049439 -0.076904 -9.744897
20523 1444994380.539528 -0.049439 0.010986 -9.744897
20524 1444994380.550596 -0.049439 -0.076904 -9.744897
20525 1444994380.559748 -0.049439 0.010986 -9.744897
20526 1444994380.568006 -0.049439 0.010986 -9.744897
20527 1444994380.574463 -0.049439 -0.076904 -9.744897
20528 1444994380.589450 -0.049439 0.010986 -9.832788
20529 1444994380.599474 -0.049439 0.010986 -9.832788
20530 1444994380.609860 -0.049439 0.010986 -9.744897
20531 1444994380.620379 0.038452 0.010986 -9.744897
20532 1444994380.630238 -0.049439 0.010986 -9.744897
20533 1444994380.640336 -0.049439 0.010986 -9.744897
20534 1444994380.650445 -0.049439 0.010986 -9.744897
20535 1444994380.660436 -0.049439 0.010986 -9.744897
20536 1444994380.670875 -0.049439 -0.076904 -9.744897
20537 1444994380.681150 -0.049439 0.010986 -9.744897
20538 1444994380.691242 -0.049439 0.010986 -9.744897
20539 1444994380.701426 0.038452 0.010986 -9.744897
20540 1444994380.711177 -0.049439 0.010986 -9.744897
20541 1444994380.721442 0.038452 0.010986 -9.832788
20542 1444994380.731575 0.038452 0.010986 -9.744897
20543 1444994380.741592 0.038452 0.010986 -9.744897
20544 1444994380.752209 -0.049439 0.010986 -9.832788
20545 1444994380.761663 -0.049439 0.010986 -9.744897
20546 1444994380.771741 0.038452 0.010986 -9.744897
20547 1444994380.782039 -0.049439 0.010986 -9.744897
20548 1444994380.792219 0.038452 0.010986 -9.744897
20549 1444994380.802558 0.038452 0.010986 -9.744897
20550 1444994380.812405 0.038452 0.010986 -9.744897
20551 1444994380.822446 -0.049439 0.010986 -9.744897
20552 1444994380.832530 -0.049439 0.010986 -9.744897
20553 1444994380.842749 0.038452 0.010986 -9.744897
20554 1444994380.852762 -0.049439 0.010986 -9.744897
20555 1444994380.862737 0.038452 0.010986 -9.744897
20556 1444994380.872855 0.038452 0.010986 -9.744897
20557 1444994380.882933 -0.049439 0.010986 -9.744897
20558 1444994380.893209 -0.049439 0.010986 -9.744897
20559 1444994380.899432 -0.049439 0.010986 -9.744897
20560 1444994380.909575 -0.049439 0.010986 -9.744897
20561 1444994380.924274 -0.049439 0.010986 -9.744897
20562 1444994380.933584 -0.049439 0.010986 -9.744897
20563 1444994380.943599 -0.049439 0.010986 -9.744897
20564 1444994380.949450 -0.049439 0.010986 -9.744897
20565 1444994380.959674 -0.049439 0.010986 -9.744897
20566 1444994380.969754 -0.049439 0.010986 -9.744897
20567 1444994380.979763 -0.049439 0.010986 -9.744897
20568 1444994380.990308 -0.049439 0.010986 -9.744897
20569 1444994381.001444 -0.049439 0.010986 -9.832788
20570 1444994381.011066 -0.049439 0.010986 -9.744897
20571 1444994381.020592 -0.049439 0.010986 -9.744897
20572 1444994381.030733 -0.049439 0.010986 -9.744897
20573 1444994381.042017 -0.049439 0.010986 -9.744897
20574 1444994381.052925 -0.049439 0.010986 -9.744897
20575 1444994381.062237 -0.049439 0.010986 -9.744897
20576 1444994381.073061 -0.049439 0.010986 -9.744897
20577 1444994381.082759 -0.049439 0.010986 -9.832788
20578 1444994381.094346 -0.049439 0.010986 -9.832788
20579 1444994381.099310 -0.049439 0.010986 -9.744897
20580 1444994381.109425 -0.049439 0.010986 -9.832788
20581 1444994381.124562 -0.049439 0.010986 -9.832788
20582 1444994381.134521 -0.049439 0.010986 -9.744897
20583 1444994381.144840 -0.049439 0.010986 -9.744897
20584 1444994381.154908 -0.049439 0.010986 -9.744897
20585 1444994381.164897 -0.049439 0.010986 -9.744897
20586 1444994381.174898 -0.049439 0.010986 -9.744897
20587 1444994381.185021 -0.049439 0.010986 -9.744897
20588 1444994381.195469 -0.049439 0.010986 -9.744897
20589 1444994381.205126 -0.049439 0.010986 -9.744897
20590 1444994381.215470 -0.049439 0.010986 -9.832788
20591 1444994381.225524 -0.049439 0.010986 -9.744897
20592 1444994381.235588 -0.049439 0.010986 -9.744897
20593 1444994381.245806 -0.049439 0.010986 -9.744897
20594 1444994381.255793 -0.049439 -0.076904 -9.832788
20595 1444994381.265879 -0.049439 0.010986 -9.832788
20596 1444994381.275846 -0.049439 0.010986 -9.744897
20597 1444994381.286016 -0.049439 0.010986 -9.744897
20598 1444994381.296277 0.038452 0.010986 -9.744897
20599 1444994381.306384 0.038452 0.010986 -9.744897
20600 1444994381.316493 -0.049439 0.010986 -9.744897
20601 1444994381.321404 0.038452 0.010986 -9.744897
20602 1444994381.336740 -0.049439 0.010986 -9.744897
20603 1444994381.346909 0.038452 0.010986 -9.744897
20604 1444994381.354905 -0.049439 0.010986 -9.744897
20605 1444994381.362204 0.038452 0.010986 -9.832788
20606 1444994381.377292 -0.049439 0.010986 -9.744897
20607 1444994381.384574 0.038452 0.010986 -9.744897
20608 1444994381.394824 0.038452 0.010986 -9.744897
20609 1444994381.404275 0.038452 0.010986 -9.744897
20610 1444994381.414690 -0.049439 0.010986 -9.744897
20611 1444994381.424853 0.038452 0.010986 -9.744897
20612 1444994381.434488 0.038452 0.010986 -9.744897
20613 1444994381.445904 0.038452 0.010986 -9.744897
20614 1444994381.454880 0.038452 0.010986 -9.744897
20615 1444994381.464253 0.038452 0.010986 -9.744897
20616 1444994381.475463 0.038452 0.010986 -9.744897
20617 1444994381.484673 0.038452 0.010986 -9.744897
20618 1444994381.497188 0.038452 0.010986 -9.744897
20619 1444994381.505350 0.038452 0.010986 -9.744897
20620 1444994381.515512 0.038452 0.010986 -9.744897
20621 1444994381.525481 0.038452 0.010986 -9.744897
20622 1444994381.536024 0.038452 0.010986 -9.744897
20623 1444994381.546255 0.038452 0.010986 -9.744897
20624 1444994381.556468 0.038452 0.010986 -9.744897
20625 1444994381.566493 0.038452 0.010986 -9.744897
20626 1444994381.576558 0.038452 0.010986 -9.744897
20627 1444994381.586835 0.038452 0.010986 -9.744897
20628 1444994381.597359 0.038452 0.010986 -9.744897
20629 1444994381.607367 0.038452 0.010986 -9.744897
20630 1444994381.617270 -0.049439 0.010986 -9.744897
20631 1444994381.627515 0.038452 0.010986 -9.744897
20632 1444994381.637739 0.038452 0.010986 -9.744897
20633 1444994381.647732 0.038452 0.010986 -9.744897
20634 1444994381.658010 0.038452 0.010986 -9.744897
20635 1444994381.667871 0.038452 0.010986 -9.744897
20636 1444994381.678052 0.038452 0.010986 -9.744897
20637 1444994381.688097 0.038452 0.010986 -9.744897
20638 1444994381.694304 -0.049439 0.010986 -9.744897
20639 1444994381.709290 -0.049439 0.010986 -9.744897
20640 1444994381.719542 -0.049439 0.010986 -9.744897
20641 1444994381.729356 0.038452 0.010986 -9.744897
20642 1444994381.739499 -0.049439 0.010986 -9.744897
20643 1444994381.749789 -0.049439 -0.076904 -9.744897
20644 1444994381.754706 -0.049439 0.010986 -9.744897
20645 1444994381.769706 -0.049439 0.010986 -9.744897
20646 1444994381.779899 -0.049439 0.010986 -9.744897
20647 1444994381.789883 -0.049439 0.010986 -9.744897
20648 1444994381.799828 -0.049439 0.010986 -9.744897
20649 1444994381.810236 -0.049439 0.010986 -9.744897
20650 1444994381.820234 -0.049439 0.010986 -9.744897
20651 1444994381.830278 -0.049439 0.010986 -9.744897
20652 1444994381.840395 -0.049439 0.010986 -9.744897
20653 1444994381.850210 -0.049439 0.010986 -9.744897
20654 1444994381.855793 -0.049439 -0.076904 -9.744897
20655 1444994381.870570 -0.049439 0.010986 -9.744897
20656 1444994381.876263 -0.049439 0.010986 -9.744897
20657 1444994381.886262 -0.049439 0.010986 -9.744897
20658 1444994381.899760 -0.049439 0.010986 -9.744897
20659 1444994381.907826 0.038452 0.010986 -9.744897
20660 1444994381.917771 0.038452 0.010986 -9.744897
20661 1444994381.927755 -0.049439 0.010986 -9.744897
20662 1444994381.938153 0.038452 0.010986 -9.744897
20663 1444994381.949733 -0.049439 0.010986 -9.744897
20664 1444994381.960229 0.038452 0.010986 -9.744897
20665 1444994381.968069 0.038452 0.010986 -9.744897
20666 1444994381.974675 0.038452 0.010986 -9.744897
20667 1444994381.989583 0.038452 0.010986 -9.744897
20668 1444994382.000200 -0.049439 0.010986 -9.744897
20669 1444994382.010170 0.038452 0.010986 -9.744897
20670 1444994382.020058 0.038452 0.010986 -9.744897
20671 1444994382.030041 0.038452 0.010986 -9.744897
20672 1444994382.040198 0.038452 0.010986 -9.744897
20673 1444994382.051012 0.038452 0.010986 -9.744897
20674 1444994382.060612 0.038452 0.010986 -9.744897
20675 1444994382.070916 0.038452 0.010986 -9.744897
20676 1444994382.081022 0.038452 0.010986 -9.744897
20677 1444994382.091107 0.038452 0.010986 -9.744897
20678 1444994382.101435 0.038452 0.010986 -9.744897
20679 1444994382.111550 0.038452 0.010986 -9.744897
20680 1444994382.121450 0.038452 0.010986 -9.744897
20681 1444994382.131573 0.038452 0.010986 -9.744897
20682 1444994382.141662 0.038452 0.010986 -9.744897
20683 1444994382.151831 0.038452 0.010986 -9.744897
20684 1444994382.161931 0.038452 0.010986 -9.744897
20685 1444994382.172025 0.038452 0.010986 -9.744897
20686 1444994382.182245 0.038452 0.010986 -9.744897
20687 1444994382.192228 0.038452 0.010986 -9.744897
20688 1444994382.200304 0.038452 0.010986 -9.744897
20689 1444994382.209938 0.038452 0.010986 -9.744897
20690 1444994382.222641 0.038452 0.010986 -9.744897
20691 1444994382.232738 0.038452 0.010986 -9.744897
20692 1444994382.242864 0.038452 0.010986 -9.744897
20693 1444994382.250713 0.038452 0.010986 -9.744897
20694 1444994382.260641 0.038452 0.010986 -9.744897
20695 1444994382.270061 0.038452 0.010986 -9.744897
20696 1444994382.280348 0.038452 0.010986 -9.744897
20697 1444994382.289964 0.038452 0.010986 -9.744897
20698 1444994382.301188 0.038452 0.010986 -9.744897
20699 1444994382.310316 0.038452 0.010986 -9.744897
20700 1444994382.320478 0.038452 0.010986 -9.744897
20701 1444994382.330670 0.038452 0.010986 -9.744897
20702 1444994382.340871 -0.049439 0.010986 -9.744897
20703 1444994382.351749 -0.049439 0.010986 -9.744897
20704 1444994382.361722 -0.049439 0.010986 -9.744897
20705 1444994382.371144 0.038452 0.010986 -9.744897
20706 1444994382.381635 -0.049439 0.010986 -9.744897
20707 1444994382.391540 0.038452 0.010986 -9.744897
20708 1444994382.401528 0.038452 0.010986 -9.744897
20709 1444994382.411592 0.038452 0.010986 -9.744897
20710 1444994382.421996 0.038452 0.010986 -9.744897
20711 1444994382.432282 0.038452 0.010986 -9.744897
20712 1444994382.442204 0.038452 0.010986 -9.744897
20713 1444994382.452136 0.038452 0.010986 -9.744897
20714 1444994382.462203 -0.049439 0.010986 -9.744897
20715 1444994382.472531 0.038452 0.010986 -9.744897
20716 1444994382.482603 -0.049439 0.010986 -9.744897
20717 1444994382.494329 -0.049439 0.010986 -9.744897
20718 1444994382.504352 0.038452 0.010986 -9.832788
20719 1444994382.512958 0.038452 0.010986 -9.832788
20720 1444994382.523067 0.038452 0.010986 -9.832788
20721 1444994382.533241 0.038452 0.010986 -9.832788
20722 1444994382.544618 0.038452 0.010986 -9.832788
20723 1444994382.554509 0.038452 0.010986 -9.832788
20724 1444994382.564457 0.038452 0.010986 -9.744897
20725 1444994382.574656 -0.049439 0.010986 -9.744897
20726 1444994382.584749 -0.049439 0.010986 -9.832788
20727 1444994382.595035 -0.049439 0.010986 -9.744897
20728 1444994382.604826 0.038452 0.010986 -9.832788
20729 1444994382.614954 -0.049439 0.010986 -9.832788
20730 1444994382.625048 0.038452 0.010986 -9.832788
20731 1444994382.635236 0.038452 0.010986 -9.744897
20732 1444994382.645532 0.038452 0.010986 -9.832788
20733 1444994382.655476 0.038452 0.010986 -9.832788
20734 1444994382.665478 0.038452 0.010986 -9.832788
20735 1444994382.675686 0.038452 0.010986 -9.832788
20736 1444994382.685722 0.038452 0.010986 -9.744897
20737 1444994382.695877 0.038452 0.010986 -9.744897
20738 1444994382.706093 0.038452 0.010986 -9.744897
20739 1444994382.711221 0.038452 0.010986 -9.744897
20740 1444994382.721416 0.038452 0.010986 -9.744897
20741 1444994382.736247 0.038452 0.010986 -9.744897
20742 1444994382.741547 0.038452 0.010986 -9.832788
20743 1444994382.751551 0.038452 0.010986 -9.744897
20744 1444994382.766659 0.038452 0.010986 -9.744897
20745 1444994382.776744 0.038452 0.010986 -9.832788
20746 1444994382.786874 0.038452 0.010986 -9.832788
20747 1444994382.791963 0.038452 0.010986 -9.744897
20748 1444994382.805230 0.038452 0.010986 -9.744897
20749 1444994382.812173 0.038452 0.010986 -9.744897
20750 1444994382.822502 0.038452 0.010986 -9.832788
20751 1444994382.832997 0.038452 0.010986 -9.832788
20752 1444994382.845970 0.038452 0.010986 -9.832788
20753 1444994382.854595 0.038452 0.010986 -9.832788
20754 1444994382.865111 0.038452 0.010986 -9.832788
20755 1444994382.874476 0.038452 0.010986 -9.832788
20756 1444994382.884609 0.038452 0.010986 -9.832788
20757 1444994382.894825 0.038452 0.010986 -9.832788
20758 1444994382.904843 0.038452 0.010986 -9.832788
20759 1444994382.914540 0.038452 0.010986 -9.832788
20760 1444994382.924826 0.038452 0.010986 -9.832788
20761 1444994382.934976 0.038452 0.010986 -9.832788
20762 1444994382.945657 0.038452 0.010986 -9.832788
20763 1444994382.955326 0.038452 0.010986 -9.832788
20764 1444994382.965428 0.038452 0.010986 -9.832788
20765 1444994382.975652 0.038452 0.010986 -9.832788
20766 1444994382.985679 0.038452 0.010986 -9.832788
20767 1444994382.996113 0.038452 0.010986 -9.832788
20768 1444994383.006170 0.038452 0.010986 -9.920679
20769 1444994383.016342 0.038452 0.010986 -9.920679
20770 1444994383.026908 0.038452 0.010986 -9.920679
20771 1444994383.036809 0.038452 0.010986 -9.920679
20772 1444994383.047442 0.038452 0.010986 -9.920679
20773 1444994383.057495 0.038452 0.010986 -9.920679
20774 1444994383.067518 0.038452 0.010986 -9.920679
20775 1444994383.077688 0.038452 0.010986 -9.920679
20776 1444994383.087785 0.038452 0.010986 -9.920679
20777 1444994383.097816 0.038452 0.010986 -9.920679
20778 1444994383.107944 0.038452 0.010986 -9.920679
20779 1444994383.118012 0.038452 0.010986 -9.920679
20780 1444994383.128186 0.038452 0.010986 -9.920679
20781 1444994383.138190 0.038452 0.010986 -9.920679
20782 1444994383.144315 0.038452 0.010986 -9.920679
20783 1444994383.158326 0.038452 0.010986 -9.920679
20784 1444994383.168502 0.038452 0.010986 -9.920679
20785 1444994383.178572 0.038452 0.010986 -9.920679
20786 1444994383.184465 0.038452 -0.076904 -9.920679
20787 1444994383.194650 0.038452 0.010986 -9.920679
20788 1444994383.204563 0.038452 -0.076904 -9.920679
20789 1444994383.214609 0.038452 0.010986 -9.920679
20790 1444994383.224832 0.038452 -0.076904 -9.920679
20791 1444994383.234924 0.038452 -0.076904 -9.920679
20792 1444994383.245206 0.038452 0.010986 -9.920679
20793 1444994383.255106 0.038452 0.010986 -9.920679
20794 1444994383.265525 0.038452 0.010986 -9.920679
20795 1444994383.276149 0.038452 0.010986 -9.920679
20796 1444994383.286642 0.038452 0.010986 -10.008569
20797 1444994383.297139 0.038452 0.010986 -10.008569
20798 1444994383.307076 0.038452 0.010986 -9.920679
20799 1444994383.316644 0.038452 0.010986 -10.008569
20800 1444994383.327230 0.038452 0.010986 -9.920679
20801 1444994383.336822 0.038452 0.010986 -9.920679
20802 1444994383.346995 0.038452 0.010986 -10.008569
20803 1444994383.357230 0.038452 0.010986 -10.008569
20804 1444994383.367171 0.038452 -0.076904 -9.920679
20805 1444994383.377287 0.038452 0.010986 -9.920679
20806 1444994383.384486 0.038452 0.010986 -10.008569
20807 1444994383.394822 0.038452 -0.076904 -10.008569
20808 1444994383.404714 0.038452 -0.076904 -10.008569
20809 1444994383.417983 0.038452 0.010986 -10.008569
20810 1444994383.427917 0.038452 0.010986 -10.008569
20811 1444994383.434308 0.038452 0.010986 -10.008569
20812 1444994383.445215 0.038452 0.010986 -10.008569
20813 1444994383.459408 0.038452 0.010986 -10.008569
20814 1444994383.469522 0.038452 -0.076904 -10.008569
20815 1444994383.479695 0.038452 -0.076904 -10.008569
20816 1444994383.489606 0.038452 0.010986 -10.09646
20817 1444994383.500366 0.038452 -0.076904 -10.09646
20818 1444994383.510792 0.038452 -0.076904 -10.09646
20819 1444994383.520795 0.038452 -0.076904 -10.09646
20820 1444994383.530709 0.038452 -0.076904 -10.09646
20821 1444994383.540913 0.038452 -0.076904 -10.09646
20822 1444994383.551402 0.038452 -0.076904 -10.09646
20823 1444994383.561163 0.038452 -0.076904 -10.184351
20824 1444994383.570954 0.038452 -0.076904 -10.184351
20825 1444994383.581215 0.038452 -0.076904 -10.184351
20826 1444994383.591443 0.038452 -0.076904 -10.184351
20827 1444994383.601632 0.038452 -0.076904 -10.184351
20828 1444994383.611646 0.038452 -0.076904 -10.184351
20829 1444994383.621787 0.038452 0.010986 -10.184351
20830 1444994383.631832 0.038452 0.010986 -10.272242
20831 1444994383.641841 0.038452 -0.076904 -10.184351
20832 1444994383.652097 0.038452 0.010986 -10.272242
20833 1444994383.662082 0.038452 -0.076904 -10.272242
20834 1444994383.672195 0.038452 0.010986 -10.272242
20835 1444994383.682335 0.126343 -0.076904 -10.272242
20836 1444994383.692377 0.038452 -0.076904 -10.272242
20837 1444994383.699768 0.038452 -0.076904 -10.272242
20838 1444994383.709779 0.038452 -0.076904 -10.272242
20839 1444994383.722641 0.038452 -0.076904 -10.272242
20840 1444994383.729647 0.038452 -0.076904 -10.272242
20841 1444994383.739637 0.038452 -0.076904 -10.272242
20842 1444994383.750614 0.038452 -0.076904 -10.272242
20843 1444994383.760379 0.038452 -0.076904 -10.272242
20844 1444994383.770090 0.038452 -0.076904 -10.272242
20845 1444994383.780228 0.038452 -0.076904 -10.360133
20846 1444994383.790580 0.038452 -0.076904 -10.360133
20847 1444994383.800537 0.038452 -0.076904 -10.360133
20848 1444994383.811526 0.038452 -0.076904 -10.360133
20849 1444994383.820611 -0.049439 -0.076904 -10.272242
20850 1444994383.830569 -0.049439 -0.164795 -10.360133
20851 1444994383.839864 0.038452 -0.076904 -10.360133
20852 1444994383.850389 0.038452 -0.076904 -10.272242
20853 1444994383.861002 0.038452 -0.076904 -10.360133
20854 1444994383.870751 0.038452 -0.076904 -10.360133
20855 1444994383.880635 0.038452 -0.076904 -10.360133
20856 1444994383.891126 0.038452 -0.076904 -10.360133
20857 1444994383.901186 0.038452 -0.076904 -10.360133
20858 1444994383.911194 0.038452 -0.076904 -10.360133
20859 1444994383.921403 0.038452 -0.076904 -10.360133
20860 1444994383.931324 0.038452 -0.076904 -10.360133
20861 1444994383.941484 0.038452 -0.076904 -10.360133
20862 1444994383.951637 0.038452 -0.076904 -10.360133
20863 1444994383.961766 0.038452 -0.076904 -10.360133
20864 1444994383.971913 0.038452 -0.076904 -10.360133
20865 1444994383.982072 0.038452 -0.076904 -10.360133
20866 1444994383.994283 0.038452 -0.076904 -10.360133
20867 1444994384.004291 0.038452 -0.076904 -10.360133
20868 1444994384.012429 0.038452 -0.076904 -10.272242
20869 1444994384.022978 0.038452 0.010986 -10.272242
20870 1444994384.032809 0.038452 0.010986 -10.184351
20871 1444994384.044624 0.038452 0.010986 -10.184351
20872 1444994384.054334 0.038452 0.098877 -10.09646
20873 1444994384.059479 0.038452 0.098877 -10.09646
20874 1444994384.069527 0.126343 0.098877 -10.09646
20875 1444994384.084330 0.126343 0.098877 -10.09646
20876 1444994384.094797 0.126343 0.186768 -10.008569
20877 1444994384.104606 0.126343 0.186768 -10.008569
20878 1444994384.114476 0.126343 0.186768 -10.09646
20879 1444994384.124784 0.126343 0.186768 -10.008569
20880 1444994384.134809 0.126343 0.186768 -10.09646
20881 1444994384.145133 0.126343 0.186768 -10.09646
20882 1444994384.155315 0.126343 0.186768 -10.09646
20883 1444994384.165409 0.126343 0.186768 -10.008569
20884 1444994384.175565 0.126343 0.186768 -10.008569
20885 1444994384.185599 0.126343 0.186768 -10.008569
20886 1444994384.195873 0.126343 0.186768 -10.008569
20887 1444994384.205703 0.126343 0.186768 -10.09646
20888 1444994384.215758 0.126343 0.186768 -10.008569
20889 1444994384.225952 0.126343 0.098877 -10.008569
20890 1444994384.236041 0.126343 0.098877 -10.008569
20891 1444994384.246310 0.126343 0.098877 -10.008569
20892 1444994384.256216 0.126343 0.098877 -10.008569
20893 1444994384.266321 0.038452 0.098877 -10.008569
20894 1444994384.276288 0.038452 0.098877 -9.920679
20895 1444994384.286465 0.038452 0.010986 -9.920679
20896 1444994384.296553 0.038452 0.010986 -9.920679
20897 1444994384.306664 0.038452 0.010986 -9.920679
20898 1444994384.316875 0.038452 0.010986 -9.920679
20899 1444994384.327205 0.038452 0.010986 -9.920679
20900 1444994384.336991 0.038452 0.010986 -9.920679
20901 1444994384.344953 0.038452 0.010986 -9.920679
20902 1444994384.354351 0.038452 0.010986 -9.920679
20903 1444994384.367592 0.038452 0.010986 -9.832788
20904 1444994384.377660 0.038452 -0.076904 -9.832788
20905 1444994384.383011 0.038452 0.010986 -9.832788
20906 1444994384.395506 0.038452 0.010986 -9.920679
20907 1444994384.404704 0.038452 0.010986 -9.832788
20908 1444994384.414943 0.038452 0.010986 -9.920679
20909 1444994384.425162 0.038452 0.010986 -9.832788
20910 1444994384.435301 0.038452 0.010986 -9.832788
20911 1444994384.446365 0.038452 0.010986 -9.832788
20912 1444994384.456046 0.038452 0.010986 -9.920679
20913 1444994384.466073 0.038452 0.010986 -9.920679
20914 1444994384.476133 0.038452 0.010986 -9.920679
20915 1444994384.486212 0.038452 0.010986 -9.832788
20916 1444994384.496246 0.038452 0.010986 -9.920679
20917 1444994384.506138 0.038452 0.010986 -9.832788
20918 1444994384.516397 0.038452 0.010986 -9.832788
20919 1444994384.526492 0.038452 0.010986 -9.920679
20920 1444994384.536626 0.038452 0.010986 -9.920679
20921 1444994384.546920 0.038452 0.010986 -9.832788
20922 1444994384.556772 0.038452 0.010986 -9.832788
20923 1444994384.567020 0.038452 0.010986 -9.832788
20924 1444994384.577030 0.038452 0.010986 -9.832788
20925 1444994384.585447 0.038452 0.010986 -9.832788
20926 1444994384.595762 0.038452 0.010986 -9.832788
20927 1444994384.604631 0.038452 0.010986 -9.832788
20928 1444994384.617719 0.038452 0.010986 -9.832788
20929 1444994384.627956 0.038452 0.010986 -9.832788
20930 1444994384.638077 0.038452 0.010986 -9.832788
20931 1444994384.647817 0.038452 0.010986 -9.920679
20932 1444994384.659472 0.038452 0.010986 -9.832788
20933 1444994384.668447 0.038452 0.010986 -9.832788
20934 1444994384.674267 0.038452 0.010986 -9.832788
20935 1444994384.689358 0.038452 0.010986 -9.920679
20936 1444994384.699339 0.038452 0.010986 -9.920679
20937 1444994384.709787 0.038452 0.010986 -9.832788
20938 1444994384.719467 0.038452 0.010986 -9.832788
20939 1444994384.729772 0.038452 0.010986 -9.920679
20940 1444994384.739700 0.038452 -0.076904 -9.832788
20941 1444994384.749753 0.038452 0.010986 -9.920679
20942 1444994384.760080 0.038452 0.010986 -9.920679
20943 1444994384.770142 0.038452 0.010986 -9.832788
20944 1444994384.780270 0.038452 0.010986 -9.920679
20945 1444994384.790359 0.038452 0.010986 -9.832788
20946 1444994384.800319 0.038452 0.010986 -9.832788
20947 1444994384.810581 0.038452 0.010986 -9.920679
20948 1444994384.820611 0.038452 0.010986 -9.832788
20949 1444994384.830819 0.038452 0.010986 -9.920679
20950 1444994384.841073 0.038452 0.010986 -9.832788
20951 1444994384.847209 0.038452 0.010986 -9.920679
20952 1444994384.856986 0.038452 0.010986 -9.920679
20953 1444994384.867236 0.038452 0.010986 -9.920679
20954 1444994384.877374 0.038452 0.010986 -9.832788
20955 1444994384.887433 0.038452 0.010986 -9.920679
20956 1444994384.897504 0.038452 0.010986 -9.920679
20957 1444994384.904545 0.038452 0.010986 -9.920679
20958 1444994384.917836 0.038452 0.010986 -9.920679
20959 1444994384.927959 0.038452 0.010986 -9.920679
20960 1444994384.938059 0.038452 0.010986 -9.920679
20961 1444994384.949353 0.038452 0.010986 -9.920679
20962 1444994384.960548 0.038452 0.010986 -9.832788
20963 1444994384.969810 0.038452 0.010986 -9.920679
20964 1444994384.979958 0.038452 0.010986 -9.920679
20965 1444994384.989751 0.038452 0.010986 -9.920679
20966 1444994384.999982 0.038452 0.010986 -9.920679
20967 1444994385.010610 0.038452 0.010986 -9.920679
20968 1444994385.020128 0.038452 0.010986 -9.920679
20969 1444994385.030195 0.038452 0.010986 -9.920679
20970 1444994385.040390 0.038452 0.010986 -9.920679
20971 1444994385.050440 0.038452 0.010986 -9.920679
20972 1444994385.060740 0.038452 0.010986 -9.920679
20973 1444994385.070558 0.038452 0.010986 -9.920679
20974 1444994385.080633 0.038452 0.010986 -9.920679
20975 1444994385.090686 0.038452 0.010986 -9.920679
20976 1444994385.101326 0.038452 0.010986 -9.920679
20977 1444994385.111561 0.038452 0.010986 -9.920679
20978 1444994385.121669 0.038452 0.010986 -9.920679
20979 1444994385.131664 0.038452 0.010986 -9.920679
20980 1444994385.141717 0.038452 0.010986 -9.920679
20981 1444994385.151845 0.038452 0.010986 -9.920679
20982 1444994385.159745 0.038452 0.010986 -9.920679
20983 1444994385.172230 0.038452 0.010986 -9.920679
20984 1444994385.182410 0.038452 -0.076904 -9.920679
20985 1444994385.192396 0.038452 -0.076904 -9.920679
20986 1444994385.199780 0.038452 -0.076904 -9.920679
20987 1444994385.209792 0.038452 -0.076904 -9.920679
20988 1444994385.219476 0.038452 -0.076904 -9.920679
20989 1444994385.232883 0.038452 -0.076904 -9.920679
20990 1444994385.239371 0.038452 -0.076904 -9.920679
20991 1444994385.250662 0.038452 0.010986 -9.920679
20992 1444994385.261082 0.038452 -0.076904 -9.920679
20993 1444994385.270327 0.038452 0.010986 -9.920679
20994 1444994385.280439 0.038452 -0.076904 -9.920679
20995 1444994385.290304 -0.049439 0.010986 -9.920679
20996 1444994385.300421 0.038452 -0.076904 -9.920679
20997 1444994385.310476 -0.049439 -0.076904 -9.920679
20998 1444994385.320468 0.038452 -0.076904 -9.920679
20999 1444994385.330596 -0.049439 -0.076904 -9.920679
21000 1444994385.340726 0.038452 0.010986 -9.920679
21001 1444994385.350812 -0.049439 0.010986 -9.920679
21002 1444994385.361133 0.038452 0.010986 -9.920679
21003 1444994385.371254 -0.049439 0.010986 -9.920679
21004 1444994385.381437 0.038452 0.010986 -9.920679
21005 1444994385.391502 0.038452 0.010986 -9.920679
21006 1444994385.401983 -0.049439 -0.076904 -9.920679
21007 1444994385.412004 -0.049439 0.010986 -9.920679
21008 1444994385.422261 -0.049439 0.010986 -10.008569
21009 1444994385.432604 -0.049439 -0.076904 -10.008569
21010 1444994385.442670 -0.049439 -0.076904 -10.008569
21011 1444994385.452455 -0.049439 -0.076904 -10.008569
21012 1444994385.461199 -0.049439 -0.076904 -9.920679
21013 1444994385.469319 -0.049439 0.010986 -10.008569
21014 1444994385.479324 -0.049439 -0.076904 -10.008569
21015 1444994385.494352 -0.049439 -0.076904 -10.008569
21016 1444994385.504278 -0.049439 -0.076904 -10.008569
21017 1444994385.509740 -0.049439 0.010986 -10.008569
21018 1444994385.524331 -0.049439 -0.076904 -10.008569
21019 1444994385.534459 -0.049439 0.010986 -10.008569
21020 1444994385.544943 -0.049439 0.010986 -10.008569
21021 1444994385.554657 -0.049439 0.010986 -10.008569
21022 1444994385.564541 -0.049439 0.010986 -10.008569
21023 1444994385.574860 -0.049439 0.010986 -10.008569
21024 1444994385.584897 -0.049439 -0.076904 -10.008569
21025 1444994385.594973 -0.049439 -0.076904 -10.008569
21026 1444994385.604962 -0.049439 0.010986 -10.008569
21027 1444994385.615249 -0.049439 -0.076904 -10.008569
21028 1444994385.625305 -0.049439 0.010986 -10.008569
21029 1444994385.635492 -0.049439 0.010986 -10.008569
21030 1444994385.645659 -0.049439 0.010986 -10.008569
21031 1444994385.655660 -0.049439 0.010986 -10.008569
21032 1444994385.665838 -0.049439 0.010986 -10.008569
21033 1444994385.675966 -0.049439 -0.076904 -10.008569
21034 1444994385.686158 -0.049439 0.010986 -10.008569
21035 1444994385.696301 -0.049439 -0.076904 -10.008569
21036 1444994385.704556 -0.049439 0.010986 -10.008569
21037 1444994385.716360 -0.049439 0.010986 -10.008569
21038 1444994385.726535 -0.049439 -0.076904 -10.008569
21039 1444994385.732660 -0.049439 -0.076904 -10.008569
21040 1444994385.744534 -0.049439 -0.076904 -10.008569
21041 1444994385.749402 -0.049439 0.010986 -10.008569
21042 1444994385.760357 -0.049439 0.010986 -10.008569
21043 1444994385.769554 -0.049439 0.010986 -10.008569
21044 1444994385.779492 -0.049439 0.010986 -10.008569
21045 1444994385.795225 -0.049439 0.010986 -10.008569
21046 1444994385.804728 -0.049439 -0.076904 -10.008569
21047 1444994385.814446 -0.049439 0.010986 -10.008569
21048 1444994385.824839 -0.049439 0.010986 -10.008569
21049 1444994385.835027 -0.049439 0.010986 -10.008569
21050 1444994385.845518 -0.049439 0.010986 -10.008569
21051 1444994385.855259 -0.049439 0.010986 -10.008569
21052 1444994385.865342 -0.049439 0.010986 -10.008569
21053 1444994385.875422 -0.049439 0.010986 -10.008569
21054 1444994385.885416 -0.049439 0.010986 -10.008569
21055 1444994385.895800 -0.049439 0.010986 -10.008569
21056 1444994385.905578 -0.049439 -0.076904 -10.008569
21057 1444994385.915692 -0.049439 0.010986 -9.920679
21058 1444994385.925803 -0.049439 -0.076904 -10.008569
21059 1444994385.936040 -0.049439 0.010986 -10.008569
21060 1444994385.946574 -0.049439 0.010986 -10.008569
21061 1444994385.956473 -0.049439 -0.076904 -10.008569
21062 1444994385.966865 -0.049439 0.010986 -10.008569
21063 1444994385.977009 -0.049439 0.010986 -10.008569
21064 1444994385.987094 -0.049439 0.010986 -10.008569
21065 1444994385.997350 -0.049439 -0.076904 -10.008569
21066 1444994386.004915 -0.049439 0.010986 -10.008569
21067 1444994386.017272 -0.049439 0.010986 -10.008569
21068 1444994386.024807 -0.049439 0.010986 -10.008569
21069 1444994386.037575 -0.049439 0.010986 -10.008569
21070 1444994386.045479 -0.049439 0.010986 -10.008569
21071 1444994386.054660 -0.049439 0.010986 -10.008569
21072 1444994386.065161 -0.049439 0.010986 -10.008569
21073 1444994386.074596 -0.049439 0.010986 -10.008569
21074 1444994386.084867 -0.049439 0.010986 -10.008569
21075 1444994386.095677 -0.049439 0.010986 -10.008569
21076 1444994386.105561 -0.049439 0.010986 -10.008569
21077 1444994386.114970 -0.049439 0.010986 -10.008569
21078 1444994386.125167 -0.049439 0.010986 -10.008569
21079 1444994386.139327 -0.049439 0.010986 -10.008569
21080 1444994386.149362 -0.049439 0.010986 -10.008569
21081 1444994386.159710 -0.049439 0.010986 -10.008569
21082 1444994386.169687 -0.049439 0.010986 -10.008569
21083 1444994386.179756 -0.049439 0.010986 -10.008569
21084 1444994386.189937 -0.049439 0.010986 -10.008569
21085 1444994386.200605 -0.049439 0.010986 -10.008569
21086 1444994386.205925 -0.049439 0.010986 -10.008569
21087 1444994386.216348 -0.049439 0.010986 -10.008569
21088 1444994386.226530 -0.049439 0.010986 -10.008569
21089 1444994386.236532 -0.049439 0.010986 -10.008569
21090 1444994386.247460 -0.049439 0.010986 -10.008569
21091 1444994386.256496 -0.049439 0.010986 -10.008569
21092 1444994386.266935 -0.049439 -0.076904 -10.008569
21093 1444994386.277021 -0.049439 0.010986 -10.008569
21094 1444994386.287133 -0.049439 0.010986 -10.008569
21095 1444994386.297274 -0.049439 0.010986 -10.008569
21096 1444994386.304348 -0.049439 0.010986 -10.008569
21097 1444994386.317953 -0.049439 0.010986 -10.008569
21098 1444994386.327982 -0.049439 0.010986 -10.008569
21099 1444994386.334352 -0.049439 0.010986 -10.008569
21100 1444994386.349488 -0.049439 0.010986 -10.008569
21101 1444994386.359667 -0.049439 0.010986 -10.008569
21102 1444994386.369592 -0.049439 0.010986 -10.008569
21103 1444994386.379797 -0.049439 0.010986 -10.008569
21104 1444994386.389817 -0.049439 0.010986 -10.008569
21105 1444994386.399958 -0.049439 0.010986 -10.008569
21106 1444994386.410416 -0.049439 0.010986 -10.008569
21107 1444994386.420190 -0.049439 0.010986 -10.008569
21108 1444994386.430198 -0.049439 0.010986 -10.008569
21109 1444994386.440330 -0.049439 0.010986 -10.008569
21110 1444994386.450636 -0.049439 -0.076904 -10.008569
21111 1444994386.460510 0.038452 0.010986 -10.008569
21112 1444994386.470566 -0.049439 0.010986 -10.008569
21113 1444994386.480696 -0.049439 0.010986 -10.008569
21114 1444994386.490698 -0.049439 -0.076904 -10.008569
21115 1444994386.499593 -0.049439 0.010986 -10.008569
21116 1444994386.510829 -0.049439 0.010986 -10.008569
21117 1444994386.521248 -0.049439 0.010986 -10.008569
21118 1444994386.529551 -0.049439 0.010986 -10.008569
21119 1444994386.541522 0.038452 0.010986 -10.008569
21120 1444994386.549512 -0.049439 0.010986 -10.008569
21121 1444994386.561619 -0.049439 0.010986 -10.008569
21122 1444994386.571712 -0.049439 0.010986 -10.008569
21123 1444994386.582694 -0.049439 0.010986 -10.008569
21124 1444994386.593109 -0.049439 0.010986 -10.008569
21125 1444994386.594670 -0.049439 0.010986 -10.008569
21126 1444994386.609390 -0.049439 0.010986 -10.008569
21127 1444994386.619531 -0.049439 -0.076904 -10.008569
21128 1444994386.629351 -0.049439 0.010986 -10.008569
21129 1444994386.639569 -0.049439 0.010986 -10.008569
21130 1444994386.650457 -0.049439 0.010986 -10.008569
21131 1444994386.660434 -0.049439 0.010986 -10.008569
21132 1444994386.670399 -0.049439 0.010986 -10.008569
21133 1444994386.679964 -0.049439 0.010986 -10.008569
21134 1444994386.690005 -0.049439 0.010986 -10.008569
21135 1444994386.700268 -0.049439 -0.076904 -10.008569
21136 1444994386.710494 -0.049439 0.010986 -10.008569
21137 1444994386.720969 -0.049439 0.010986 -10.008569
21138 1444994386.730925 0.038452 0.010986 -10.008569
21139 1444994386.741229 -0.049439 0.010986 -10.008569
21140 1444994386.750619 -0.049439 0.010986 -10.008569
21141 1444994386.761408 -0.049439 0.010986 -10.008569
21142 1444994386.771444 -0.049439 0.010986 -10.008569
21143 1444994386.781551 -0.049439 0.010986 -10.008569
21144 1444994386.791583 -0.049439 0.010986 -10.008569
21145 1444994386.801271 -0.049439 0.010986 -10.008569
21146 1444994386.811738 -0.049439 0.010986 -10.008569
21147 1444994386.821810 -0.049439 0.010986 -10.008569
21148 1444994386.831574 -0.049439 0.010986 -10.008569
21149 1444994386.841804 -0.049439 0.010986 -10.008569
21150 1444994386.850676 -0.049439 -0.076904 -10.008569
21151 1444994386.862040 -0.049439 0.010986 -10.008569
21152 1444994386.872222 -0.049439 -0.076904 -10.008569
21153 1444994386.882282 -0.049439 0.010986 -10.008569
21154 1444994386.892357 -0.049439 0.010986 -10.008569
21155 1444994386.902482 -0.049439 0.010986 -10.008569
21156 1444994386.912567 -0.049439 0.010986 -10.008569
21157 1444994386.922792 -0.049439 0.010986 -10.008569
21158 1444994386.933218 -0.049439 0.010986 -10.008569
21159 1444994386.944382 -0.049439 0.010986 -10.008569
21160 1444994386.954287 -0.049439 0.010986 -10.008569
21161 1444994386.963134 -0.049439 0.010986 -10.008569
21162 1444994386.973284 -0.049439 0.010986 -10.008569
21163 1444994386.979633 -0.049439 -0.076904 -10.008569
21164 1444994386.994360 -0.049439 0.010986 -10.008569
21165 1444994387.001775 -0.049439 0.010986 -10.008569
21166 1444994387.014283 -0.049439 0.010986 -10.008569
21167 1444994387.024593 -0.049439 -0.076904 -10.008569
21168 1444994387.034677 -0.049439 0.010986 -10.008569
21169 1444994387.045012 -0.049439 0.010986 -10.008569
21170 1444994387.054303 -0.049439 0.010986 -10.008569
21171 1444994387.064845 -0.049439 0.010986 -10.008569
21172 1444994387.074862 -0.049439 0.010986 -10.008569
21173 1444994387.085131 -0.049439 0.010986 -10.008569
21174 1444994387.095375 -0.049439 0.010986 -10.008569
21175 1444994387.104440 -0.049439 0.010986 -10.008569
21176 1444994387.116446 -0.049439 0.010986 -10.008569
21177 1444994387.126513 0.038452 0.010986 -10.008569
21178 1444994387.136648 -0.049439 -0.076904 -10.008569
21179 1444994387.146886 -0.049439 0.010986 -10.008569
21180 1444994387.154515 0.038452 0.010986 -10.008569
21181 1444994387.166957 -0.049439 0.010986 -10.008569
21182 1444994387.177102 -0.049439 0.010986 -10.008569
21183 1444994387.187191 0.038452 0.010986 -10.008569
21184 1444994387.192756 -0.049439 0.010986 -10.008569
21185 1444994387.204442 -0.049439 0.010986 -10.008569
21186 1444994387.214840 -0.049439 -0.076904 -10.008569
21187 1444994387.224671 -0.049439 -0.076904 -10.008569
21188 1444994387.234547 -0.049439 0.010986 -10.008569
21189 1444994387.245408 0.038452 0.010986 -10.008569
21190 1444994387.255078 -0.049439 -0.076904 -10.008569
21191 1444994387.264898 -0.049439 0.010986 -10.008569
21192 1444994387.275099 -0.049439 0.010986 -10.008569
21193 1444994387.285099 -0.049439 0.010986 -10.008569
21194 1444994387.295049 -0.049439 0.010986 -10.008569
21195 1444994387.304857 -0.049439 -0.076904 -10.008569
21196 1444994387.315474 -0.049439 0.010986 -10.008569
21197 1444994387.325645 -0.049439 0.010986 -10.008569
21198 1444994387.335468 -0.049439 -0.076904 -10.008569
21199 1444994387.345797 -0.049439 0.010986 -10.008569
21200 1444994387.355953 0.038452 0.010986 -10.008569
21201 1444994387.366195 -0.049439 -0.076904 -10.008569
21202 1444994387.376220 -0.049439 -0.076904 -10.008569
21203 1444994387.386548 -0.049439 0.010986 -10.008569
21204 1444994387.396770 -0.049439 0.010986 -10.008569
21205 1444994387.406538 -0.049439 0.010986 -10.008569
21206 1444994387.416394 0.038452 0.010986 -10.008569
21207 1444994387.426628 -0.049439 0.010986 -10.008569
21208 1444994387.436678 -0.049439 -0.076904 -10.008569
21209 1444994387.447231 0.038452 0.010986 -10.008569
21210 1444994387.454645 -0.049439 0.010986 -10.008569
21211 1444994387.467009 -0.049439 0.010986 -10.008569
21212 1444994387.477022 -0.049439 0.010986 -10.008569
21213 1444994387.487241 -0.049439 0.010986 -10.008569
21214 1444994387.494987 0.038452 0.010986 -10.008569
21215 1444994387.504765 0.038452 0.010986 -10.008569
21216 1444994387.514961 0.038452 0.010986 -10.008569
21217 1444994387.527698 -0.049439 0.010986 -10.008569
21218 1444994387.539491 -0.049439 -0.076904 -10.008569
21219 1444994387.549698 -0.049439 0.010986 -10.008569
21220 1444994387.555187 0.038452 0.010986 -10.008569
21221 1444994387.569824 -0.049439 -0.076904 -10.008569
21222 1444994387.579816 0.038452 -0.076904 -10.008569
21223 1444994387.585455 -0.049439 0.010986 -10.008569
21224 1444994387.600057 0.038452 0.010986 -10.008569
21225 1444994387.605597 -0.049439 -0.076904 -10.008569
21226 1444994387.615761 -0.049439 0.010986 -10.008569
21227 1444994387.625746 -0.049439 -0.076904 -10.008569
21228 1444994387.635754 -0.049439 0.010986 -10.008569
21229 1444994387.646185 -0.049439 0.010986 -10.008569
21230 1444994387.656547 -0.049439 -0.076904 -10.008569
21231 1444994387.666367 -0.049439 0.010986 -10.008569
21232 1444994387.676911 0.038452 0.010986 -10.008569
21233 1444994387.686519 -0.049439 -0.076904 -10.008569
21234 1444994387.697954 -0.049439 0.010986 -10.008569
21235 1444994387.707187 -0.049439 0.010986 -10.008569
21236 1444994387.717170 -0.049439 0.010986 -10.008569
21237 1444994387.728105 -0.049439 0.010986 -10.008569
21238 1444994387.737228 -0.049439 0.010986 -10.008569
21239 1444994387.749575 -0.049439 0.010986 -10.008569
21240 1444994387.759341 -0.049439 0.010986 -10.008569
21241 1444994387.769358 0.038452 0.010986 -10.008569
21242 1444994387.777866 0.038452 0.010986 -10.008569
21243 1444994387.789269 0.038452 0.010986 -10.008569
21244 1444994387.799686 0.038452 0.010986 -10.008569
21245 1444994387.809645 -0.049439 0.010986 -10.008569
21246 1444994387.819628 -0.049439 0.010986 -10.008569
21247 1444994387.829454 0.038452 0.010986 -10.008569
21248 1444994387.839457 0.038452 0.010986 -10.008569
21249 1444994387.849804 -0.049439 0.010986 -10.008569
21250 1444994387.860225 -0.049439 0.010986 -10.008569
21251 1444994387.869971 0.038452 0.010986 -10.008569
21252 1444994387.879872 -0.049439 0.010986 -10.008569
21253 1444994387.890185 -0.049439 0.010986 -10.008569
21254 1444994387.900089 -0.049439 0.010986 -10.008569
21255 1444994387.910504 0.038452 0.010986 -10.008569
21256 1444994387.920394 -0.049439 0.010986 -10.008569
21257 1444994387.930562 0.038452 0.010986 -10.008569
21258 1444994387.940499 0.038452 0.010986 -10.008569
21259 1444994387.950643 0.038452 -0.076904 -10.008569
21260 1444994387.961551 0.038452 0.010986 -10.008569
21261 1444994387.971880 0.038452 0.010986 -10.008569
21262 1444994387.982154 0.038452 0.010986 -10.008569
21263 1444994387.992223 0.038452 0.010986 -10.008569
21264 1444994387.999673 -0.049439 0.010986 -10.008569
21265 1444994388.009807 0.038452 -0.076904 -10.008569
21266 1444994388.022481 0.038452 0.010986 -10.008569
21267 1444994388.032612 0.038452 0.010986 -10.008569
21268 1444994388.042793 0.038452 0.010986 -10.008569
21269 1444994388.044338 0.038452 0.010986 -10.008569
21270 1444994388.062915 0.038452 0.010986 -10.008569
21271 1444994388.067988 -0.049439 -0.076904 -10.008569
21272 1444994388.074313 0.038452 -0.076904 -10.008569
21273 1444994388.088327 0.038452 0.010986 -10.008569
21274 1444994388.100157 -0.049439 0.010986 -10.008569
21275 1444994388.109580 0.038452 0.010986 -10.008569
21276 1444994388.119751 0.038452 0.010986 -10.008569
21277 1444994388.129829 -0.049439 0.010986 -10.008569
21278 1444994388.139893 -0.049439 0.010986 -10.008569
21279 1444994388.150152 0.038452 0.010986 -10.008569
21280 1444994388.160425 -0.049439 0.010986 -10.008569
21281 1444994388.170258 0.038452 0.010986 -10.008569
21282 1444994388.180466 0.038452 0.010986 -10.008569
21283 1444994388.190786 0.038452 0.010986 -10.008569
21284 1444994388.200764 0.038452 0.010986 -10.008569
21285 1444994388.211673 -0.049439 0.010986 -10.008569
21286 1444994388.221614 0.038452 0.010986 -10.008569
21287 1444994388.231254 -0.049439 0.010986 -10.008569
21288 1444994388.241065 0.038452 0.010986 -10.008569
21289 1444994388.251694 0.038452 0.010986 -10.008569
21290 1444994388.261727 0.038452 0.010986 -10.008569
21291 1444994388.271856 -0.049439 0.010986 -10.008569
21292 1444994388.281898 0.038452 0.010986 -10.008569
21293 1444994388.291998 0.038452 0.010986 -10.008569
21294 1444994388.302162 0.038452 0.010986 -10.008569
21295 1444994388.312190 0.038452 0.010986 -10.008569
21296 1444994388.322408 0.038452 0.010986 -10.008569
21297 1444994388.332443 0.038452 0.010986 -10.008569
21298 1444994388.342546 0.038452 0.010986 -10.008569
21299 1444994388.352427 0.038452 0.010986 -10.008569
21300 1444994388.359602 -0.049439 0.010986 -10.008569
21301 1444994388.369301 0.038452 0.010986 -10.008569
21302 1444994388.379552 0.038452 0.010986 -10.008569
21303 1444994388.389367 -0.049439 0.010986 -10.008569
21304 1444994388.400822 0.038452 0.010986 -10.008569
21305 1444994388.410133 0.038452 0.010986 -10.008569
21306 1444994388.419576 0.038452 0.010986 -10.008569
21307 1444994388.429798 0.038452 0.010986 -10.008569
21308 1444994388.444329 -0.049439 0.010986 -10.008569
21309 1444994388.454444 0.038452 0.010986 -10.008569
21310 1444994388.461451 -0.049439 0.010986 -10.008569
21311 1444994388.474799 0.038452 0.010986 -10.008569
21312 1444994388.485722 0.038452 0.010986 -10.008569
21313 1444994388.491259 0.038452 0.010986 -10.008569
21314 1444994388.501604 0.038452 0.010986 -10.008569
21315 1444994388.511744 0.038452 0.010986 -10.008569
21316 1444994388.521829 0.038452 0.010986 -10.008569
21317 1444994388.531746 0.038452 0.010986 -10.008569
21318 1444994388.542390 -0.049439 0.010986 -10.008569
21319 1444994388.552305 0.038452 0.010986 -10.008569
21320 1444994388.562358 0.038452 0.010986 -10.008569
21321 1444994388.572415 -0.049439 0.010986 -10.008569
21322 1444994388.582533 -0.049439 0.010986 -10.008569
21323 1444994388.594734 0.038452 0.010986 -10.008569
21324 1444994388.604703 0.038452 0.010986 -10.008569
21325 1444994388.612929 0.038452 0.010986 -10.008569
21326 1444994388.623001 -0.049439 0.010986 -10.008569
21327 1444994388.633011 -0.049439 0.010986 -10.008569
21328 1444994388.645315 0.038452 0.010986 -10.008569
21329 1444994388.655248 0.038452 0.010986 -10.008569
21330 1444994388.664543 -0.049439 -0.076904 -10.008569
21331 1444994388.674741 0.038452 0.010986 -10.008569
21332 1444994388.684851 -0.049439 0.010986 -10.008569
21333 1444994388.694993 0.038452 0.010986 -10.008569
21334 1444994388.704854 -0.049439 0.010986 -10.008569
21335 1444994388.714763 -0.049439 0.010986 -10.008569
21336 1444994388.724931 0.038452 0.010986 -10.008569
21337 1444994388.735387 0.038452 0.010986 -10.008569
21338 1444994388.746054 -0.049439 0.010986 -10.008569
21339 1444994388.755580 -0.049439 0.010986 -10.008569
21340 1444994388.765597 -0.049439 -0.076904 -10.008569
21341 1444994388.775930 -0.049439 0.010986 -10.008569
21342 1444994388.785842 0.038452 0.010986 -10.008569
21343 1444994388.796408 0.038452 0.010986 -10.008569
21344 1444994388.806334 0.038452 0.010986 -10.008569
21345 1444994388.816448 0.038452 0.010986 -10.008569
21346 1444994388.826445 -0.049439 0.010986 -10.008569
21347 1444994388.836612 0.038452 0.010986 -10.008569
21348 1444994388.844491 -0.049439 0.010986 -10.008569
21349 1444994388.854334 0.038452 0.010986 -10.008569
21350 1444994388.867817 -0.049439 0.010986 -10.008569
21351 1444994388.877847 0.038452 0.010986 -10.008569
21352 1444994388.887930 0.038452 0.010986 -10.008569
21353 1444994388.894651 0.038452 0.010986 -10.008569
21354 1444994388.904481 0.038452 0.010986 -10.008569
21355 1444994388.918349 0.038452 0.010986 -10.008569
21356 1444994388.928448 -0.049439 0.010986 -10.008569
21357 1444994388.938515 0.038452 0.010986 -10.008569
21358 1444994388.945243 0.038452 0.010986 -10.008569
21359 1444994388.955113 0.038452 0.010986 -10.008569
21360 1444994388.964746 -0.049439 0.010986 -10.008569
21361 1444994388.975151 -0.049439 0.010986 -10.008569
21362 1444994388.985497 0.038452 0.010986 -10.008569
21363 1444994388.995517 0.038452 0.010986 -10.008569
21364 1444994389.005523 0.038452 -0.076904 -10.008569
21365 1444994389.015661 0.038452 0.010986 -10.008569
21366 1444994389.025763 0.038452 0.010986 -10.008569
21367 1444994389.035818 -0.049439 0.010986 -10.008569
21368 1444994389.046337 0.038452 -0.076904 -10.008569
21369 1444994389.055866 0.038452 0.010986 -10.008569
21370 1444994389.065871 -0.049439 0.010986 -10.008569
21371 1444994389.076158 0.038452 0.010986 -10.008569
21372 1444994389.086200 0.038452 0.010986 -10.008569
21373 1444994389.096588 0.038452 0.010986 -10.008569
21374 1444994389.106440 0.038452 0.010986 -10.008569
21375 1444994389.116497 0.038452 0.010986 -10.008569
21376 1444994389.127732 0.038452 0.010986 -10.008569
21377 1444994389.136728 0.038452 0.010986 -10.008569
21378 1444994389.147243 -0.049439 0.010986 -10.008569
21379 1444994389.157152 0.038452 0.010986 -10.008569
21380 1444994389.167539 0.038452 -0.076904 -10.008569
21381 1444994389.177528 -0.049439 0.010986 -10.008569
21382 1444994389.187381 0.038452 0.010986 -10.008569
21383 1444994389.197792 -0.049439 0.010986 -10.008569
21384 1444994389.207811 -0.049439 0.010986 -10.008569
21385 1444994389.217874 0.038452 0.010986 -10.008569
21386 1444994389.224985 -0.049439 0.010986 -10.008569
21387 1444994389.234817 0.038452 -0.076904 -10.008569
21388 1444994389.245497 0.038452 0.010986 -10.008569
21389 1444994389.259559 0.038452 0.010986 -10.008569
21390 1444994389.269405 0.038452 0.010986 -10.008569
21391 1444994389.279615 0.038452 0.010986 -10.008569
21392 1444994389.289616 0.038452 0.010986 -10.008569
21393 1444994389.299877 0.038452 0.010986 -10.008569
21394 1444994389.310713 -0.049439 0.010986 -10.008569
21395 1444994389.320759 -0.049439 0.010986 -10.008569
21396 1444994389.330957 0.038452 0.010986 -10.008569
21397 1444994389.341182 -0.049439 0.010986 -10.008569
21398 1444994389.345831 -0.049439 -0.076904 -10.008569
21399 1444994389.361360 0.038452 0.010986 -10.008569
21400 1444994389.366002 0.038452 0.010986 -10.008569
21401 1444994389.376254 0.038452 0.010986 -10.008569
21402 1444994389.386227 0.038452 0.010986 -10.008569
21403 1444994389.396401 0.038452 0.010986 -10.008569
21404 1444994389.406457 0.038452 0.010986 -10.008569
21405 1444994389.416620 0.038452 -0.076904 -10.008569
21406 1444994389.426757 0.038452 0.010986 -10.008569
21407 1444994389.437013 0.038452 0.010986 -10.008569
21408 1444994389.449587 -0.049439 0.010986 -10.008569
21409 1444994389.457311 0.038452 -0.076904 -10.008569
21410 1444994389.467333 0.038452 0.010986 -10.008569
21411 1444994389.477332 0.038452 0.010986 -10.008569
21412 1444994389.487484 0.038452 0.010986 -10.008569
21413 1444994389.497669 0.038452 0.010986 -10.008569
21414 1444994389.507688 0.038452 0.010986 -10.008569
21415 1444994389.517995 -0.049439 0.010986 -10.008569
21416 1444994389.529492 0.038452 0.010986 -10.008569
21417 1444994389.539371 0.038452 0.010986 -10.008569
21418 1444994389.550517 0.038452 0.010986 -10.008569
21419 1444994389.560996 0.038452 0.010986 -10.008569
21420 1444994389.570012 0.038452 -0.076904 -10.008569
21421 1444994389.579794 0.038452 0.010986 -10.008569
21422 1444994389.589755 -0.049439 0.010986 -10.008569
21423 1444994389.600635 0.038452 0.010986 -10.008569
21424 1444994389.610802 0.038452 0.010986 -10.008569
21425 1444994389.620368 0.038452 0.010986 -10.008569
21426 1444994389.630365 0.038452 0.010986 -10.008569
21427 1444994389.640507 0.038452 -0.076904 -10.008569
21428 1444994389.651177 0.038452 -0.076904 -10.008569
21429 1444994389.661075 -0.049439 0.010986 -10.008569
21430 1444994389.670941 -0.049439 0.010986 -10.008569
21431 1444994389.680938 0.038452 0.010986 -10.008569
21432 1444994389.691719 0.038452 0.010986 -10.008569
21433 1444994389.700856 -0.049439 0.010986 -10.008569
21434 1444994389.711549 0.038452 0.010986 -10.008569
21435 1444994389.721395 -0.049439 0.010986 -10.008569
21436 1444994389.731169 0.038452 0.010986 -10.008569
21437 1444994389.741458 0.038452 -0.076904 -10.008569
21438 1444994389.751457 0.038452 0.010986 -10.008569
21439 1444994389.761883 -0.049439 0.010986 -10.008569
21440 1444994389.772026 -0.049439 0.010986 -10.008569
21441 1444994389.782026 -0.049439 0.010986 -10.008569
21442 1444994389.792219 0.038452 0.010986 -10.008569
21443 1444994389.799599 0.038452 0.010986 -10.008569
21444 1444994389.809444 0.038452 0.010986 -10.008569
21445 1444994389.823168 -0.049439 0.010986 -10.008569
21446 1444994389.833204 0.038452 0.010986 -10.008569
21447 1444994389.839497 0.038452 0.010986 -10.008569
21448 1444994389.849563 0.038452 0.010986 -10.008569
21449 1444994389.859755 0.038452 0.010986 -10.008569
21450 1444994389.869698 -0.049439 0.010986 -10.008569
21451 1444994389.880012 0.038452 0.010986 -10.008569
21452 1444994389.890132 -0.049439 0.010986 -10.008569
21453 1444994389.900362 -0.049439 0.010986 -10.008569
21454 1444994389.910611 0.038452 0.010986 -10.008569
21455 1444994389.920528 0.038452 0.010986 -10.008569
21456 1444994389.931005 0.038452 0.010986 -10.008569
21457 1444994389.941112 0.038452 0.010986 -10.008569
21458 1444994389.951442 0.038452 0.010986 -10.008569
21459 1444994389.961417 0.038452 0.010986 -10.008569
21460 1444994389.971650 0.038452 0.010986 -10.008569
21461 1444994389.981686 0.038452 -0.076904 -10.008569
21462 1444994389.991910 -0.049439 -0.076904 -10.008569
21463 1444994390.004471 0.038452 0.010986 -10.008569
21464 1444994390.012394 0.038452 -0.076904 -10.008569
21465 1444994390.022496 0.038452 -0.076904 -10.008569
21466 1444994390.032580 0.038452 0.010986 -10.008569
21467 1444994390.044601 0.038452 0.010986 -10.008569
21468 1444994390.054728 -0.049439 0.010986 -10.008569
21469 1444994390.064413 -0.049439 0.010986 -10.008569
21470 1444994390.074455 0.038452 0.010986 -10.008569
21471 1444994390.084470 -0.049439 0.010986 -10.008569
21472 1444994390.094864 0.038452 0.010986 -10.008569
21473 1444994390.104618 0.038452 0.010986 -10.008569
21474 1444994390.110882 0.038452 0.010986 -10.008569
21475 1444994390.124909 0.038452 0.010986 -10.008569
21476 1444994390.135142 0.038452 0.010986 -10.008569
21477 1444994390.145571 0.038452 0.010986 -10.008569
21478 1444994390.154592 0.038452 0.010986 -10.008569
21479 1444994390.165011 0.038452 -0.076904 -10.008569
21480 1444994390.175185 0.038452 0.010986 -10.008569
21481 1444994390.185744 -0.049439 0.010986 -10.008569
21482 1444994390.191179 -0.049439 0.010986 -10.008569
21483 1444994390.201278 0.038452 0.010986 -10.008569
21484 1444994390.216642 0.038452 0.010986 -10.008569
21485 1444994390.221373 0.038452 0.010986 -10.008569
21486 1444994390.231576 0.038452 0.010986 -10.008569
21487 1444994390.246847 0.038452 0.010986 -10.008569
21488 1444994390.251783 0.038452 -0.076904 -10.008569
21489 1444994390.261982 -0.049439 0.010986 -10.008569
21490 1444994390.272063 -0.049439 0.010986 -10.008569
21491 1444994390.282262 -0.049439 0.010986 -10.008569
21492 1444994390.292349 0.038452 0.010986 -10.008569
21493 1444994390.302570 -0.049439 0.010986 -10.008569
21494 1444994390.312826 0.038452 0.010986 -10.008569
21495 1444994390.323021 -0.049439 0.010986 -10.008569
21496 1444994390.333409 -0.049439 0.010986 -10.008569
21497 1444994390.344623 -0.049439 0.010986 -10.008569
21498 1444994390.354571 0.038452 0.010986 -10.008569
21499 1444994390.364537 -0.049439 -0.076904 -10.008569
21500 1444994390.374502 0.038452 0.010986 -10.008569
21501 1444994390.384706 0.038452 0.010986 -10.008569
21502 1444994390.395015 0.038452 0.010986 -10.008569
21503 1444994390.404819 -0.049439 0.010986 -10.008569
21504 1444994390.414753 0.038452 0.010986 -10.008569
21505 1444994390.424964 0.038452 -0.076904 -10.008569
21506 1444994390.435008 0.038452 0.010986 -10.008569
21507 1444994390.445343 -0.049439 0.010986 -10.008569
21508 1444994390.455240 0.038452 -0.076904 -10.008569
21509 1444994390.465306 0.038452 -0.076904 -10.008569
21510 1444994390.475542 -0.049439 0.010986 -10.008569
21511 1444994390.485563 0.038452 0.010986 -10.008569
21512 1444994390.496465 -0.049439 0.010986 -10.008569
21513 1444994390.505753 0.038452 0.010986 -10.008569
21514 1444994390.516186 0.038452 0.010986 -10.008569
21515 1444994390.525807 0.038452 0.010986 -10.008569
21516 1444994390.536213 -0.049439 0.010986 -10.008569
21517 1444994390.547364 0.038452 0.010986 -10.008569
21518 1444994390.556747 0.038452 0.010986 -10.008569
21519 1444994390.566768 0.038452 0.010986 -10.008569
21520 1444994390.576498 0.038452 0.010986 -10.008569
21521 1444994390.586831 0.038452 0.010986 -10.008569
21522 1444994390.596969 0.038452 0.010986 -10.008569
21523 1444994390.607028 0.038452 0.010986 -10.008569
21524 1444994390.617496 0.038452 0.010986 -10.008569
21525 1444994390.627577 0.038452 0.010986 -10.008569
21526 1444994390.637583 -0.049439 0.010986 -10.008569
21527 1444994390.649355 0.038452 -0.076904 -10.008569
21528 1444994390.659421 -0.049439 0.010986 -10.008569
21529 1444994390.669547 0.038452 0.010986 -10.008569
21530 1444994390.674458 0.038452 0.010986 -10.008569
21531 1444994390.684532 0.038452 0.010986 -10.008569
21532 1444994390.695103 -0.049439 0.010986 -10.008569
21533 1444994390.704778 -0.049439 0.010986 -10.008569
21534 1444994390.714755 -0.049439 0.010986 -10.008569
21535 1444994390.724898 0.038452 0.010986 -10.008569
21536 1444994390.735118 0.038452 0.010986 -10.008569
21537 1444994390.745470 0.038452 0.010986 -10.008569
21538 1444994390.755349 0.038452 0.010986 -10.008569
21539 1444994390.765556 -0.049439 0.010986 -10.008569
21540 1444994390.775878 -0.049439 0.010986 -10.008569
21541 1444994390.785786 0.038452 0.010986 -10.008569
21542 1444994390.795971 -0.049439 0.010986 -10.008569
21543 1444994390.805916 0.038452 0.010986 -10.008569
21544 1444994390.816665 0.038452 0.010986 -10.008569
21545 1444994390.826303 -0.049439 -0.076904 -10.008569
21546 1444994390.836541 -0.049439 -0.076904 -10.008569
21547 1444994390.846892 0.038452 0.010986 -10.008569
21548 1444994390.856884 0.038452 0.010986 -10.008569
21549 1444994390.866988 0.038452 0.010986 -10.008569
21550 1444994390.877169 -0.049439 0.010986 -10.008569
21551 1444994390.887175 0.038452 0.010986 -10.008569
21552 1444994390.897357 -0.049439 0.010986 -10.008569
21553 1444994390.907524 0.038452 0.010986 -10.008569
21554 1444994390.917561 -0.049439 0.010986 -10.008569
21555 1444994390.927792 -0.049439 0.010986 -10.008569
21556 1444994390.937814 0.038452 0.010986 -10.008569
21557 1444994390.949325 -0.049439 0.010986 -10.008569
21558 1444994390.958010 0.038452 0.010986 -10.008569
21559 1444994390.968151 0.038452 0.010986 -10.008569
21560 1444994390.978207 0.038452 0.010986 -10.008569
21561 1444994390.988358 -0.049439 0.010986 -10.008569
21562 1444994390.996174 0.038452 0.010986 -10.008569
21563 1444994391.010278 0.038452 0.010986 -10.008569
21564 1444994391.019742 -0.049439 0.010986 -10.008569
21565 1444994391.029872 0.038452 0.010986 -10.008569
21566 1444994391.040083 0.038452 0.010986 -10.008569
21567 1444994391.049984 0.038452 0.010986 -10.008569
21568 1444994391.061382 0.038452 0.010986 -10.008569
21569 1444994391.070671 -0.049439 0.010986 -10.008569
21570 1444994391.080215 0.038452 0.010986 -10.008569
21571 1444994391.090343 0.038452 0.010986 -10.008569
21572 1444994391.100886 0.038452 0.010986 -10.008569
21573 1444994391.111242 0.038452 0.010986 -10.008569
21574 1444994391.120924 -0.049439 0.010986 -10.008569
21575 1444994391.131090 0.038452 -0.076904 -9.920679
21576 1444994391.140988 -0.049439 0.010986 -10.008569
21577 1444994391.151501 0.038452 0.010986 -10.008569
21578 1444994391.161545 0.038452 0.010986 -10.008569
21579 1444994391.171378 0.038452 0.010986 -10.008569
21580 1444994391.181660 0.038452 0.010986 -10.008569
21581 1444994391.192290 -0.049439 -0.076904 -10.008569
21582 1444994391.203314 -0.049439 0.010986 -10.008569
21583 1444994391.213132 -0.049439 0.010986 -10.008569
21584 1444994391.219463 0.038452 0.010986 -10.008569
21585 1444994391.229473 0.038452 0.010986 -10.008569
21586 1444994391.239703 -0.049439 0.010986 -10.008569
21587 1444994391.250106 0.038452 0.010986 -10.008569
21588 1444994391.260343 0.038452 0.010986 -10.008569
21589 1444994391.269993 -0.049439 0.010986 -10.008569
21590 1444994391.280198 -0.049439 0.010986 -10.008569
21591 1444994391.290346 0.038452 0.010986 -10.008569
21592 1444994391.300534 -0.049439 0.010986 -10.008569
21593 1444994391.310857 -0.049439 0.010986 -10.008569
21594 1444994391.320696 0.038452 0.010986 -10.008569
21595 1444994391.330804 -0.049439 0.010986 -10.008569
21596 1444994391.340875 -0.049439 0.010986 -10.008569
21597 1444994391.351356 -0.049439 0.010986 -10.008569
21598 1444994391.361536 -0.049439 0.010986 -10.008569
21599 1444994391.371414 0.038452 0.010986 -10.008569
21600 1444994391.381504 0.038452 0.010986 -10.008569
21601 1444994391.392106 0.038452 0.010986 -10.008569
21602 1444994391.401692 0.038452 0.010986 -10.008569
21603 1444994391.411772 -0.049439 0.010986 -10.008569
21604 1444994391.422025 0.038452 0.010986 -10.008569
21605 1444994391.432030 0.038452 0.010986 -10.008569
21606 1444994391.442184 0.038452 0.010986 -10.008569
21607 1444994391.452133 -0.049439 0.010986 -10.008569
21608 1444994391.459365 -0.049439 0.010986 -10.008569
21609 1444994391.472312 0.038452 0.010986 -10.008569
21610 1444994391.479377 -0.049439 0.010986 -10.008569
21611 1444994391.492662 0.038452 0.010986 -10.008569
21612 1444994391.502765 0.038452 0.010986 -10.008569
21613 1444994391.512852 -0.049439 0.010986 -10.008569
21614 1444994391.522975 -0.049439 0.010986 -10.008569
21615 1444994391.529467 0.038452 0.010986 -10.008569
21616 1444994391.544514 -0.049439 -0.076904 -10.008569
21617 1444994391.550893 0.038452 0.010986 -10.008569
21618 1444994391.561189 0.038452 -0.076904 -10.008569
21619 1444994391.574469 -0.049439 0.010986 -10.008569
21620 1444994391.584874 0.038452 0.010986 -10.008569
21621 1444994391.595628 -0.049439 -0.076904 -10.008569
21622 1444994391.604748 0.038452 -0.076904 -10.008569
21623 1444994391.616104 0.038452 0.010986 -10.008569
21624 1444994391.626023 0.038452 0.010986 -10.008569
