12216 1444828376.423055 -10.744019 -30.013824 -141.829102 0.722168 0.839539 0.738708
12217 1444828376.433112 -10.669922 -30.013824 -141.555511 0.720398 0.837708 0.741608
12218 1444828376.443169 -10.595825 -30.013824 -141.664948 0.722168 0.836792 0.730591
12219 1444828376.453238 -10.595825 -30.099701 -141.555511 0.721283 0.837708 0.730591
12220 1444828376.463284 -10.595825 -29.842072 -141.555511 0.723053 0.837708 0.722473
12221 1444828376.473357 -10.595825 -29.927948 -141.664948 0.722168 0.839539 0.718994
12222 1444828376.483415 -10.632874 -29.927948 -141.664948 0.721283 0.840454 0.716095
12223 1444828376.493471 -10.781067 -30.056763 -141.664948 0.723053 0.844116 0.713196
12224 1444828376.503529 -10.70697 -29.927948 -141.610229 0.722168 0.845032 0.718414
12225 1444828376.513586 -10.632874 -29.927948 -141.610229 0.724823 0.845947 0.718994
12226 1444828376.523646 -10.632874 -29.970886 -141.664948 0.721283 0.845032 0.720734
12227 1444828376.533702 -10.70697 -29.927948 -141.664948 0.723053 0.845032 0.721893
12228 1444828376.543764 -10.632874 -29.927948 -141.829102 0.722168 0.842285 0.730011
12229 1444828376.553821 -10.781067 -29.927948 -141.719666 0.722168 0.842285 0.735229
12230 1444828376.563878 -10.669922 -30.056763 -141.664948 0.721283 0.837708 0.739868
12231 1444828376.573935 -10.521729 -30.056763 -141.664948 0.721283 0.835876 0.747406
12232 1444828376.583991 -10.558777 -30.056763 -141.774384 0.720398 0.836792 0.747406
12233 1444828376.594058 -10.70697 -30.056763 -141.774384 0.722168 0.839539 0.746246
12234 1444828376.604120 -10.595825 -30.013824 -141.719666 0.720398 0.837708 0.747986
12235 1444828376.614175 -10.70697 -30.013824 -141.774384 0.721283 0.844116 0.743347
12236 1444828376.624235 -10.669922 -30.056763 -141.719666 0.721283 0.846863 0.741028
12237 1444828376.634291 -10.669922 -30.142639 -141.664948 0.720398 0.845947 0.738708
12238 1444828376.644364 -10.669922 -29.927948 -141.664948 0.721283 0.845947 0.737549
12239 1444828376.654420 -10.669922 -30.013824 -141.500793 0.721283 0.844116 0.731171
12240 1444828376.664487 -10.595825 -30.056763 -141.555511 0.721283 0.843201 0.725372
12241 1444828376.674543 -10.744019 -30.013824 -141.500793 0.722168 0.842285 0.724792
12242 1444828376.684610 -10.632874 -29.88501 -141.610229 0.721283 0.842285 0.717255
12243 1444828376.694666 -10.558777 -29.970886 -141.555511 0.722168 0.842285 0.717834
12244 1444828376.704737 -10.558777 -29.88501 -141.719666 0.721283 0.845947 0.718994
12245 1444828376.714793 -10.632874 -29.970886 -141.555511 0.722168 0.845032 0.717255
12246 1444828376.724859 -10.70697 -30.013824 -141.555511 0.721283 0.848694 0.720734
12247 1444828376.734916 -10.632874 -30.013824 -141.500793 0.719513 0.849609 0.727692
12248 1444828376.744985 -10.632874 -29.927948 -141.610229 0.721283 0.85144 0.728851
12249 1444828376.755042 -10.632874 -29.970886 -141.555511 0.720398 0.849609 0.73233
12250 1444828376.765149 -10.595825 -30.056763 -141.555511 0.720398 0.850525 0.741028
12251 1444828376.775205 -10.669922 -29.970886 -141.555511 0.720398 0.846863 0.740448
12252 1444828376.785261 -10.632874 -30.013824 -141.610229 0.721283 0.843201 0.745087
12253 1444828376.795293 -10.595825 -30.013824 -141.719666 0.721283 0.845947 0.747406
12254 1444828376.805349 -10.595825 -30.099701 -141.664948 0.719513 0.845032 0.743927
12255 1444828376.815407 -10.558777 -29.88501 -141.719666 0.721283 0.845032 0.746246
12256 1444828376.825480 -10.632874 -30.056763 -141.719666 0.721283 0.845947 0.743927
12257 1444828376.835553 -10.632874 -29.970886 -141.774384 0.722168 0.847778 0.739288
12258 1444828376.845606 -10.632874 -30.013824 -141.664948 0.721283 0.846863 0.73465
12259 1444828376.855662 -10.744019 -29.970886 -141.719666 0.721283 0.85144 0.73407
12260 1444828376.865751 -10.70697 -29.970886 -141.719666 0.722168 0.852356 0.727112
12261 1444828376.875808 -10.669922 -30.013824 -141.774384 0.722168 0.853271 0.723633
12262 1444828376.885865 -10.632874 -29.927948 -141.610229 0.721283 0.849609 0.724213
12263 1444828376.895929 -10.632874 -30.099701 -141.555511 0.723053 0.850525 0.718414
12264 1444828376.906031 -10.595825 -29.927948 -141.719666 0.721283 0.850525 0.721313
12265 1444828376.916087 -10.70697 -30.099701 -141.719666 0.721283 0.847778 0.721313
12266 1444828376.926144 -10.669922 -29.970886 -141.664948 0.721283 0.848694 0.724213
12267 1444828376.936201 -10.632874 -29.88501 -141.555511 0.721283 0.846863 0.725372
12268 1444828376.946273 -10.632874 -30.056763 -141.664948 0.721283 0.846863 0.729431
12269 1444828376.956329 -10.595825 -30.056763 -141.555511 0.722168 0.846863 0.731171
12270 1444828376.966406 -10.669922 -30.056763 -141.555511 0.720398 0.846863 0.735229
12271 1444828376.976462 -10.595825 -29.970886 -141.555511 0.721283 0.846863 0.737549
12272 1444828376.986584 -10.669922 -29.970886 -141.719666 0.721283 0.846863 0.741608
12273 1444828376.996686 -10.595825 -30.056763 -141.664948 0.721283 0.847778 0.739288
12274 1444828377.006767 -10.595825 -29.927948 -141.664948 0.721283 0.845947 0.742767
12275 1444828377.016823 -10.558777 -29.970886 -141.664948 0.721283 0.842285 0.743927
12276 1444828377.026881 -10.669922 -29.970886 -141.774384 0.720398 0.843201 0.737549
12277 1444828377.036937 -10.669922 -30.099701 -141.555511 0.720398 0.839539 0.740448
12278 1444828377.046995 -10.447632 -29.970886 -141.610229 0.720398 0.842285 0.73465
12279 1444828377.057052 -10.669922 -29.927948 -141.610229 0.721283 0.843201 0.727692
12280 1444828377.067109 -10.669922 -29.970886 -141.610229 0.719513 0.844116 0.728851
12281 1444828377.077166 -10.744019 -30.056763 -141.500793 0.720398 0.843201 0.723633
12282 1444828377.087254 -10.744019 -30.013824 -141.719666 0.721283 0.844116 0.723633
12283 1444828377.097304 -10.669922 -29.970886 -141.719666 0.721283 0.845947 0.723633
12284 1444828377.107362 -10.669922 -29.970886 -141.719666 0.723938 0.845947 0.717834
12285 1444828377.117418 -10.669922 -29.88501 -141.664948 0.723053 0.845947 0.706238
12286 1444828377.127483 -10.70697 -29.927948 -141.555511 0.723053 0.84137 0.713776
12287 1444828377.137541 -10.595825 -30.056763 -141.610229 0.720398 0.838623 0.725952
12288 1444828377.147612 -10.558777 -29.927948 -141.719666 0.720398 0.839539 0.723633
12289 1444828377.157675 -10.70697 -30.185577 -141.555511 0.719513 0.839539 0.73349
12290 1444828377.167733 -10.558777 -30.056763 -141.555511 0.720398 0.835876 0.744507
12291 1444828377.177789 -10.595825 -30.099701 -141.829102 0.723053 0.840454 0.739868
12292 1444828377.187857 -10.669922 -29.927948 -141.774384 0.722168 0.840454 0.743347
12293 1444828377.197992 -10.558777 -30.013824 -141.719666 0.722168 0.837708 0.750885
12294 1444828377.208053 -10.632874 -30.056763 -141.938538 0.721283 0.840454 0.747406
12295 1444828377.218110 -10.70697 -30.056763 -141.719666 0.723938 0.844116 0.742188
12296 1444828377.228170 -10.632874 -30.013824 -141.610229 0.723938 0.842285 0.746246
12297 1444828377.238227 -10.595825 -29.970886 -141.829102 0.722168 0.842285 0.742767
12298 1444828377.248285 -10.595825 -29.927948 -141.719666 0.722168 0.843201 0.73465
12299 1444828377.258341 -10.669922 -29.970886 -141.555511 0.722168 0.84137 0.735809
12300 1444828377.268398 -10.595825 -30.099701 -141.664948 0.721283 0.839539 0.73291
12301 1444828377.278454 -10.595825 -29.927948 -141.610229 0.721283 0.842285 0.726532
12302 1444828377.288511 -10.669922 -30.056763 -141.500793 0.719513 0.840454 0.723053
12303 1444828377.298582 -10.669922 -30.056763 -141.555511 0.720398 0.842285 0.716675
12304 1444828377.308639 -10.818115 -30.013824 -141.555511 0.721283 0.845032 0.714355
12305 1444828377.318696 -10.669922 -29.927948 -141.610229 0.721283 0.844116 0.716675
12306 1444828377.328762 -10.70697 -30.013824 -141.610229 0.721283 0.845032 0.716095
12307 1444828377.338820 -10.632874 -29.927948 -141.555511 0.723053 0.846863 0.716675
12308 1444828377.348881 -10.669922 -30.099701 -141.610229 0.721283 0.845947 0.719574
12309 1444828377.358939 -10.632874 -30.056763 -141.391357 0.720398 0.846863 0.730011
12310 1444828377.368999 -10.558777 -29.970886 -141.500793 0.720398 0.843201 0.730011
12311 1444828377.379071 -10.669922 -30.013824 -141.555511 0.720398 0.845032 0.738708
12312 1444828377.389128 -10.669922 -30.099701 -141.610229 0.718628 0.842285 0.745667
12313 1444828377.399188 -10.595825 -30.099701 -141.500793 0.719513 0.840454 0.747986
12314 1444828377.409265 -10.558777 -30.056763 -141.664948 0.719513 0.84137 0.751465
12315 1444828377.419330 -10.595825 -30.099701 -141.774384 0.719513 0.843201 0.747986
12316 1444828377.429387 -10.669922 -29.970886 -141.664948 0.721283 0.845032 0.750305
12317 1444828377.439443 -10.632874 -30.013824 -141.88382 0.723938 0.847778 0.759003
12318 1444828377.449499 -10.632874 -29.970886 -141.938538 0.726593 0.849609 0.759583
12319 1444828377.459555 -10.632874 -29.842072 -141.993256 0.726593 0.849609 0.761322
12320 1444828377.469612 -10.669922 -30.099701 -142.376282 0.728363 0.845947 0.747406
12321 1444828377.479681 -10.632874 -30.056763 -142.102692 0.724823 0.842285 0.746246
12322 1444828377.489739 -10.632874 -29.970886 -142.047974 0.724823 0.84137 0.736389
12323 1444828377.499796 -10.70697 -29.88501 -141.88382 0.725708 0.840454 0.727112
12324 1444828377.509852 -10.521729 -29.88501 -141.88382 0.723938 0.837708 0.720734
12325 1444828377.519910 -10.558777 -29.927948 -141.829102 0.723053 0.836792 0.706818
12326 1444828377.529967 -10.48468 -29.88501 -141.555511 0.722168 0.836792 0.691742
12327 1444828377.540023 -10.521729 -29.799133 -141.008331 0.719513 0.84137 0.680725
12328 1444828377.550080 -10.558777 -29.842072 -141.227203 0.716858 0.847778 0.681305
12329 1444828377.560137 -10.632874 -29.842072 -141.281921 0.719513 0.850525 0.687103
12330 1444828377.570195 -10.595825 -29.88501 -141.336639 0.716858 0.854187 0.690582
12331 1444828377.580251 -10.669922 -29.970886 -140.953613 0.715088 0.854187 0.6987
12332 1444828377.590308 -10.70697 -30.013824 -140.789459 0.711548 0.853271 0.712036
12333 1444828377.600381 -10.669922 -30.056763 -141.063049 0.713318 0.849609 0.727692
12334 1444828377.610437 -10.48468 -30.142639 -141.172485 0.713318 0.838623 0.745667
12335 1444828377.620494 -10.447632 -30.142639 -141.336639 0.715088 0.830383 0.757843
12336 1444828377.630550 -10.447632 -30.228516 -141.172485 0.713318 0.829468 0.765961
12337 1444828377.640606 -10.48468 -30.142639 -141.281921 0.713318 0.829468 0.77002
12338 1444828377.650663 -10.48468 -30.185577 -141.391357 0.715973 0.831299 0.775238
12339 1444828377.660721 -10.410583 -30.142639 -141.610229 0.716858 0.834961 0.772339
12340 1444828377.670788 -10.447632 -30.056763 -141.391357 0.718628 0.843201 0.765961
12341 1444828377.680852 -10.558777 -30.013824 -141.500793 0.719513 0.853271 0.754944
12342 1444828377.690909 -10.744019 -30.056763 -141.774384 0.721283 0.861511 0.747406
12343 1444828377.700979 -10.744019 -29.970886 -141.88382 0.723938 0.865173 0.735809
12344 1444828377.711045 -10.744019 -29.927948 -141.993256 0.723938 0.863342 0.726532
12345 1444828377.721140 -10.669922 -29.799133 -141.938538 0.724823 0.863342 0.714935
12346 1444828377.731196 -10.781067 -29.842072 -141.829102 0.727478 0.857849 0.702179
12347 1444828377.741251 -10.632874 -29.799133 -141.993256 0.726593 0.856934 0.693481
12348 1444828377.751294 -10.632874 -29.756195 -141.993256 0.727478 0.853271 0.694061
12349 1444828377.761335 -10.70697 -29.842072 -141.88382 0.729248 0.853271 0.693481
12350 1444828377.771391 -10.669922 -29.756195 -141.993256 0.727478 0.856018 0.701599
12351 1444828377.781437 -10.744019 -29.970886 -142.047974 0.725708 0.861511 0.706238
12352 1444828377.791495 -10.781067 -29.927948 -141.829102 0.725708 0.863342 0.715515
12353 1444828377.801573 -10.818115 -30.056763 -141.829102 0.723053 0.864258 0.725952
12354 1444828377.811623 -10.744019 -29.927948 -141.774384 0.722168 0.861511 0.738708
12355 1444828377.821638 -10.744019 -30.013824 -141.829102 0.723938 0.858765 0.743927
12356 1444828377.831760 -10.669922 -29.927948 -141.774384 0.720398 0.853271 0.753204
12357 1444828377.841817 -10.632874 -30.013824 -141.500793 0.719513 0.846863 0.757263
12358 1444828377.851893 -10.558777 -30.099701 -141.446075 0.715973 0.838623 0.766541
12359 1444828377.861949 -10.521729 -30.142639 -141.500793 0.715973 0.834045 0.762482
12360 1444828377.872004 -10.48468 -30.271454 -141.610229 0.714203 0.835876 0.765961
12361 1444828377.882061 -10.521729 -30.185577 -141.172485 0.714203 0.834045 0.766541
12362 1444828377.892117 -10.521729 -30.013824 -141.281921 0.715088 0.835876 0.748566
12363 1444828377.902185 -10.595825 -30.013824 -141.336639 0.715973 0.843201 0.737549
12364 1444828377.912309 -10.632874 -29.970886 -141.117767 0.715973 0.846863 0.728851
12365 1444828377.922365 -10.744019 -30.099701 -141.391357 0.715973 0.85144 0.710876
12366 1444828377.932427 -10.669922 -29.88501 -141.227203 0.715973 0.850525 0.709717
12367 1444828377.942482 -10.669922 -29.842072 -141.281921 0.718628 0.847778 0.704498
12368 1444828377.952537 -10.521729 -30.013824 -141.281921 0.717743 0.847778 0.692322
12369 1444828377.962609 -10.632874 -29.799133 -141.391357 0.717743 0.846863 0.683624
12370 1444828377.972665 -10.558777 -29.927948 -141.336639 0.717743 0.843201 0.682465
12371 1444828377.982705 -10.558777 -29.88501 -141.555511 0.719513 0.843201 0.687103
12372 1444828377.992759 -10.632874 -29.88501 -141.446075 0.720398 0.845032 0.704498
12373 1444828378.002815 -10.70697 -29.927948 -141.719666 0.723053 0.847778 0.721313
12374 1444828378.012870 -10.744019 -29.970886 -141.993256 0.725708 0.850525 0.73465
12375 1444828378.022926 -10.632874 -30.013824 -141.88382 0.724823 0.849609 0.746246
12376 1444828378.032992 -10.632874 -30.056763 -141.829102 0.725708 0.849609 0.759003
12377 1444828378.043049 -10.669922 -30.013824 -141.993256 0.726593 0.845947 0.773499
12378 1444828378.053164 -10.632874 -29.970886 -142.376282 0.728363 0.846863 0.782196
12379 1444828378.063258 -10.669922 -30.056763 -142.540436 0.728363 0.844116 0.781036
12380 1444828378.073327 -10.558777 -30.056763 -142.485718 0.729248 0.838623 0.786255
12381 1444828378.083454 -10.558777 -30.099701 -141.993256 0.725708 0.83313 0.766541
12382 1444828378.093615 -10.48468 -30.013824 -141.938538 0.724823 0.831299 0.763062
12383 1444828378.103680 -10.447632 -29.88501 -142.15741 0.726593 0.834961 0.754944
12384 1444828378.113737 -10.558777 -29.970886 -142.047974 0.726593 0.840454 0.73407
12385 1444828378.123822 -10.595825 -29.799133 -141.610229 0.723053 0.845032 0.718414
12386 1444828378.133879 -10.669922 -29.88501 -141.446075 0.720398 0.847778 0.705658
12387 1444828378.143943 -10.781067 -29.927948 -141.610229 0.721283 0.849609 0.695221
12388 1444828378.154059 -10.70697 -29.927948 -141.500793 0.721283 0.846863 0.693481
12389 1444828378.164178 -10.669922 -29.88501 -141.063049 0.718628 0.842285 0.684784
12390 1444828378.174279 -10.521729 -29.88501 -141.117767 0.718628 0.839539 0.676666
12391 1444828378.184366 -10.70697 -29.756195 -141.063049 0.715088 0.836792 0.677246
12392 1444828378.194455 -10.48468 -29.842072 -141.117767 0.714203 0.834045 0.677826
12393 1444828378.204567 -10.48468 -30.185577 -140.898895 0.711548 0.828552 0.685364
12394 1444828378.214731 -10.558777 -29.970886 -140.734741 0.710663 0.834961 0.714355
12395 1444828378.224850 -10.595825 -30.056763 -141.172485 0.713318 0.838623 0.736389
12396 1444828378.234911 -10.48468 -30.142639 -141.555511 0.714203 0.836792 0.760162
12397 1444828378.244977 -10.595825 -30.142639 -141.500793 0.715088 0.838623 0.76886
12398 1444828378.255067 -10.558777 -30.35733 -141.172485 0.714203 0.840454 0.778137
12399 1444828378.265225 -10.669922 -30.013824 -141.500793 0.719513 0.844116 0.799011
12400 1444828378.275281 -10.669922 -30.185577 -142.321564 0.723938 0.845947 0.800751
12401 1444828378.285350 -10.70697 -30.099701 -142.321564 0.723938 0.842285 0.800751
12402 1444828378.295421 -10.558777 -30.013824 -142.212128 0.725708 0.83313 0.786835
12403 1444828378.305577 -10.48468 -30.013824 -141.88382 0.727478 0.828552 0.76944
12404 1444828378.315640 -10.447632 -29.842072 -142.102692 0.727478 0.83313 0.749725
12405 1444828378.325740 -10.521729 -29.927948 -142.321564 0.731903 0.838623 0.73465
12406 1444828378.335822 -10.632874 -29.842072 -142.266846 0.731018 0.849609 0.714355
12407 1444828378.345903 -10.781067 -29.756195 -141.88382 0.729248 0.85968 0.691742
12408 1444828378.355976 -10.855164 -29.842072 -141.938538 0.728363 0.864258 0.689423
12409 1444828378.366106 -10.892212 -29.756195 -141.88382 0.727478 0.870667 0.683044
12410 1444828378.376179 -10.781067 -29.842072 -142.047974 0.728363 0.86792 0.678406
12411 1444828378.386254 -10.818115 -29.799133 -141.664948 0.726593 0.861511 0.680725
12412 1444828378.396359 -10.781067 -29.756195 -141.664948 0.726593 0.855103 0.678406
12413 1444828378.406450 -10.744019 -29.799133 -141.719666 0.726593 0.850525 0.692322
12414 1444828378.416689 -10.669922 -29.927948 -141.774384 0.722168 0.840454 0.705658
12415 1444828378.426773 -10.558777 -30.056763 -141.610229 0.721283 0.835876 0.724213
12416 1444828378.436912 -10.521729 -30.013824 -141.446075 0.718628 0.830383 0.744507
12417 1444828378.447011 -10.410583 -30.013824 -141.281921 0.715973 0.828552 0.760742
12418 1444828378.457107 -10.595825 -30.314392 -141.281921 0.713318 0.834961 0.7677
12419 1444828378.467365 -10.521729 -30.185577 -141.172485 0.712433 0.837708 0.784515
12420 1444828378.477359 -10.558777 -30.142639 -141.008331 0.713318 0.839539 0.789734
12421 1444828378.487482 -10.595825 -30.228516 -141.172485 0.711548 0.845032 0.783356
12422 1444828378.497607 -10.595825 -30.142639 -141.172485 0.714203 0.845032 0.775238
12423 1444828378.507639 -10.447632 -30.185577 -141.391357 0.713318 0.842285 0.77002
12424 1444828378.517702 -10.447632 -30.099701 -141.117767 0.715088 0.835876 0.753204
12425 1444828378.527761 -10.48468 -30.013824 -141.117767 0.715973 0.83313 0.738129
12426 1444828378.537822 -10.558777 -30.056763 -141.227203 0.715973 0.83313 0.735229
12427 1444828378.547925 -10.595825 -30.056763 -141.555511 0.717743 0.839539 0.716095
12428 1444828378.558050 -10.632874 -30.013824 -141.446075 0.719513 0.844116 0.700439
12429 1444828378.568170 -10.70697 -29.842072 -141.281921 0.719513 0.848694 0.692902
12430 1444828378.578416 -10.669922 -29.842072 -141.500793 0.723053 0.85144 0.687683
12431 1444828378.588539 -10.744019 -29.713257 -141.719666 0.725708 0.858765 0.685944
12432 1444828378.598633 -10.855164 -29.756195 -141.774384 0.727478 0.860596 0.679565
12433 1444828378.608795 -10.781067 -29.927948 -141.555511 0.725708 0.862427 0.688263
12434 1444828378.618951 -10.744019 -29.927948 -141.664948 0.726593 0.860596 0.703918
12435 1444828378.629024 -10.818115 -29.88501 -142.102692 0.729248 0.85968 0.716095
12436 1444828378.639145 -10.744019 -29.927948 -142.212128 0.730133 0.855103 0.731171
12437 1444828378.649273 -10.855164 -29.970886 -142.15741 0.727478 0.85144 0.743927
12438 1444828378.659353 -10.632874 -29.927948 -141.88382 0.726593 0.842285 0.759583
12439 1444828378.669517 -10.595825 -30.056763 -142.212128 0.725708 0.840454 0.779877
12440 1444828378.679649 -10.48468 -30.142639 -142.266846 0.723053 0.837708 0.788574
12441 1444828378.689774 -10.595825 -30.185577 -142.102692 0.724823 0.839539 0.785095
12442 1444828378.699898 -10.558777 -30.099701 -141.719666 0.722168 0.837708 0.778717
12443 1444828378.709987 -10.595825 -30.142639 -141.719666 0.720398 0.840454 0.773499
12444 1444828378.720046 -10.632874 -30.142639 -141.664948 0.720398 0.84137 0.766541
12445 1444828378.730138 -10.595825 -30.013824 -141.555511 0.720398 0.844116 0.750885
12446 1444828378.740287 -10.632874 -29.970886 -141.446075 0.719513 0.844116 0.735809
12447 1444828378.750354 -10.558777 -29.927948 -141.227203 0.718628 0.845947 0.716095
12448 1444828378.760417 -10.632874 -30.013824 -141.172485 0.717743 0.847778 0.709137
12449 1444828378.770524 -10.744019 -30.013824 -141.172485 0.717743 0.845032 0.6987
12450 1444828378.780657 -10.632874 -29.970886 -141.117767 0.715973 0.840454 0.691162
12451 1444828378.790820 -10.669922 -29.970886 -141.063049 0.715088 0.839539 0.685364
12452 1444828378.800913 -10.70697 -30.013824 -141.117767 0.715973 0.837708 0.687103
12453 1444828378.811020 -10.521729 -29.970886 -141.117767 0.715973 0.839539 0.696381
12454 1444828378.821136 -10.595825 -29.842072 -141.172485 0.717743 0.839539 0.701019
12455 1444828378.831482 -10.669922 -29.88501 -141.172485 0.716858 0.844116 0.703918
12456 1444828378.841333 -10.595825 -29.88501 -141.227203 0.718628 0.843201 0.713776
12457 1444828378.851403 -10.558777 -30.013824 -141.555511 0.718628 0.845032 0.730591
12458 1444828378.861468 -10.744019 -30.099701 -141.500793 0.720398 0.846863 0.743347
12459 1444828378.871528 -10.632874 -30.142639 -141.664948 0.721283 0.844116 0.757263
12460 1444828378.881585 -10.70697 -30.056763 -141.774384 0.721283 0.843201 0.76886
12461 1444828378.891774 -10.632874 -30.013824 -141.938538 0.723053 0.842285 0.771759
12462 1444828378.901693 -10.558777 -30.056763 -141.938538 0.723053 0.839539 0.778137
12463 1444828378.911752 -10.595825 -30.013824 -141.993256 0.724823 0.838623 0.771179
12464 1444828378.921811 -10.632874 -30.142639 -141.993256 0.723938 0.835876 0.76944
12465 1444828378.931868 -10.521729 -30.056763 -141.88382 0.726593 0.836792 0.760162
12466 1444828378.941924 -10.595825 -29.927948 -141.938538 0.724823 0.842285 0.747986
12467 1444828378.951986 -10.781067 -29.970886 -141.88382 0.726593 0.848694 0.73407
12468 1444828378.962062 -10.70697 -29.927948 -141.774384 0.725708 0.852356 0.725372
12469 1444828378.972158 -10.744019 -29.927948 -141.829102 0.724823 0.856934 0.710876
12470 1444828378.982224 -10.70697 -29.799133 -141.664948 0.725708 0.853271 0.702179
12471 1444828378.992282 -10.70697 -29.88501 -141.610229 0.725708 0.852356 0.692902
12472 1444828379.002375 -10.669922 -29.842072 -141.555511 0.722168 0.848694 0.69754
12473 1444828379.012432 -10.669922 -29.88501 -141.610229 0.723053 0.847778 0.691162
12474 1444828379.022488 -10.669922 -30.013824 -141.391357 0.720398 0.842285 0.702179
12475 1444828379.032543 -10.558777 -29.970886 -141.555511 0.721283 0.842285 0.707977
12476 1444828379.042600 -10.558777 -29.970886 -141.446075 0.718628 0.840454 0.717255
12477 1444828379.052655 -10.595825 -30.013824 -141.227203 0.715973 0.835876 0.730011
12478 1444828379.062712 -10.521729 -30.142639 -141.227203 0.715973 0.835876 0.735229
12479 1444828379.072768 -10.595825 -29.970886 -141.336639 0.715973 0.839539 0.749725
12480 1444828379.082849 -10.70697 -30.099701 -141.500793 0.715973 0.839539 0.756104
12481 1444828379.092905 -10.632874 -30.013824 -141.336639 0.716858 0.840454 0.765961
12482 1444828379.102981 -10.595825 -30.142639 -141.391357 0.715973 0.840454 0.763062
12483 1444828379.113020 -10.669922 -30.142639 -141.446075 0.716858 0.839539 0.765961
12484 1444828379.123099 -10.558777 -30.142639 -141.391357 0.716858 0.838623 0.761322
12485 1444828379.133140 -10.558777 -30.099701 -141.446075 0.716858 0.836792 0.756683
12486 1444828379.143197 -10.521729 -30.099701 -141.500793 0.717743 0.835876 0.753784
12487 1444828379.153256 -10.595825 -30.099701 -141.555511 0.719513 0.837708 0.739868
12488 1444828379.163287 -10.558777 -29.970886 -141.610229 0.721283 0.842285 0.730011
12489 1444828379.173353 -10.558777 -29.88501 -141.610229 0.721283 0.847778 0.720154
12490 1444828379.183409 -10.632874 -29.842072 -141.610229 0.723938 0.85144 0.707977
12491 1444828379.193434 -10.70697 -29.88501 -141.664948 0.723053 0.852356 0.704498
12492 1444828379.203490 -10.669922 -29.842072 -141.829102 0.724823 0.856018 0.69754
12493 1444828379.213546 -10.632874 -29.88501 -141.664948 0.723938 0.856018 0.69696
12494 1444828379.223603 -10.669922 -29.799133 -141.664948 0.725708 0.856018 0.6987
12495 1444828379.233677 -10.744019 -29.799133 -141.829102 0.725708 0.857849 0.703339
12496 1444828379.243798 -10.669922 -29.756195 -141.829102 0.725708 0.853271 0.714935
12497 1444828379.253874 -10.669922 -29.842072 -141.88382 0.725708 0.850525 0.722473
12498 1444828379.263958 -10.70697 -29.970886 -141.829102 0.722168 0.848694 0.73291
12499 1444828379.274022 -10.595825 -30.142639 -141.774384 0.720398 0.846863 0.748566
12500 1444828379.284080 -10.48468 -29.927948 -141.500793 0.723053 0.843201 0.754364
12501 1444828379.294137 -10.632874 -30.099701 -141.829102 0.721283 0.846863 0.757843
12502 1444828379.304193 -10.558777 -30.013824 -141.610229 0.721283 0.843201 0.765961
12503 1444828379.314235 -10.595825 -30.099701 -141.610229 0.721283 0.844116 0.765961
12504 1444828379.324287 -10.632874 -30.056763 -141.664948 0.718628 0.845947 0.761902
12505 1444828379.334342 -10.744019 -30.056763 -141.610229 0.720398 0.843201 0.753784
12506 1444828379.344426 -10.744019 -30.056763 -141.555511 0.718628 0.843201 0.747986
12507 1444828379.354543 -10.70697 -30.056763 -141.446075 0.717743 0.842285 0.740448
12508 1444828379.364605 -10.669922 -30.099701 -141.391357 0.716858 0.842285 0.729431
12509 1444828379.374662 -10.744019 -29.927948 -141.336639 0.717743 0.843201 0.720154
12510 1444828379.384749 -10.558777 -30.013824 -141.281921 0.716858 0.838623 0.712036
12511 1444828379.394832 -10.669922 -30.099701 -141.446075 0.717743 0.843201 0.707397
12512 1444828379.404929 -10.595825 -29.927948 -141.281921 0.717743 0.843201 0.69986
12513 1444828379.415014 -10.632874 -29.970886 -141.172485 0.718628 0.845032 0.702759
12514 1444828379.425226 -10.632874 -29.970886 -141.172485 0.718628 0.846863 0.703339
12515 1444828379.435326 -10.669922 -29.927948 -141.172485 0.720398 0.845032 0.705078
12516 1444828379.445410 -10.632874 -30.056763 -141.391357 0.718628 0.847778 0.710876
12517 1444828379.455476 -10.669922 -29.88501 -141.391357 0.722168 0.846863 0.720154
12518 1444828379.465726 -10.70697 -30.099701 -141.500793 0.722168 0.845947 0.722473
12519 1444828379.476169 -10.632874 -30.013824 -141.500793 0.721283 0.845032 0.736969
12520 1444828379.486304 -10.558777 -30.056763 -141.719666 0.722168 0.842285 0.749146
12521 1444828379.496456 -10.669922 -30.056763 -141.664948 0.722168 0.843201 0.753204
12522 1444828379.506570 -10.595825 -30.013824 -141.774384 0.723053 0.843201 0.762482
12523 1444828379.516691 -10.558777 -29.970886 -141.829102 0.723053 0.840454 0.761322
12524 1444828379.526803 -10.781067 -30.185577 -141.774384 0.721283 0.842285 0.760742
12525 1444828379.536901 -10.521729 -30.056763 -141.719666 0.723053 0.839539 0.759003
12526 1444828379.546944 -10.595825 -29.970886 -141.829102 0.723938 0.843201 0.754364
12527 1444828379.557008 -10.669922 -30.013824 -141.938538 0.724823 0.847778 0.738129
12528 1444828379.567239 -10.669922 -29.970886 -141.774384 0.723938 0.847778 0.739868
12529 1444828379.577331 -10.70697 -29.88501 -141.664948 0.724823 0.847778 0.730591
12530 1444828379.587494 -10.595825 -29.927948 -141.774384 0.723938 0.845947 0.717255
12531 1444828379.597691 -10.632874 -29.88501 -141.500793 0.722168 0.846863 0.719574
12532 1444828379.607787 -10.669922 -29.927948 -141.664948 0.722168 0.845947 0.707977
12533 1444828379.617917 -10.595825 -30.056763 -141.446075 0.719513 0.843201 0.708557
12534 1444828379.628040 -10.632874 -29.927948 -141.555511 0.720398 0.843201 0.706818
12535 1444828379.638129 -10.669922 -29.88501 -141.391357 0.719513 0.840454 0.709137
12536 1444828379.648199 -10.632874 -29.88501 -141.500793 0.721283 0.844116 0.712616
12537 1444828379.658308 -10.558777 -29.842072 -141.500793 0.718628 0.84137 0.720734
12538 1444828379.668376 -10.595825 -29.927948 -141.446075 0.720398 0.844116 0.724213
12539 1444828379.678657 -10.558777 -29.970886 -141.336639 0.718628 0.842285 0.73233
12540 1444828379.688530 -10.558777 -29.927948 -141.446075 0.719513 0.843201 0.739288
12541 1444828379.698655 -10.595825 -30.013824 -141.391357 0.719513 0.84137 0.742767
12542 1444828379.708784 -10.558777 -30.013824 -141.391357 0.717743 0.839539 0.750885
12543 1444828379.718907 -10.521729 -30.056763 -141.391357 0.718628 0.840454 0.756104
12544 1444828379.729337 -10.558777 -30.013824 -141.500793 0.716858 0.838623 0.757843
12545 1444828379.739397 -10.70697 -30.228516 -141.391357 0.716858 0.839539 0.753204
12546 1444828379.749508 -10.595825 -30.142639 -141.446075 0.718628 0.839539 0.756104
12547 1444828379.759656 -10.48468 -30.099701 -141.555511 0.720398 0.840454 0.745087
12548 1444828379.769861 -10.558777 -30.056763 -141.664948 0.720398 0.839539 0.739868
12549 1444828379.779944 -10.632874 -30.013824 -141.555511 0.720398 0.845947 0.728271
12550 1444828379.790009 -10.595825 -29.88501 -141.610229 0.722168 0.847778 0.720734
12551 1444828379.800153 -10.669922 -29.970886 -141.719666 0.722168 0.848694 0.720734
12552 1444828379.810384 -10.669922 -29.970886 -141.500793 0.723053 0.85144 0.720154
12553 1444828379.820417 -10.744019 -29.88501 -141.664948 0.723938 0.85144 0.708557
12554 1444828379.830632 -10.781067 -29.927948 -141.719666 0.723938 0.850525 0.711456
12555 1444828379.840724 -10.70697 -29.927948 -141.719666 0.723938 0.85144 0.714355
12556 1444828379.850801 -10.744019 -30.013824 -141.719666 0.723053 0.848694 0.717834
12557 1444828379.860898 -10.669922 -29.88501 -141.774384 0.723938 0.847778 0.720154
12558 1444828379.871039 -10.70697 -30.013824 -141.664948 0.723938 0.847778 0.729431
12559 1444828379.881122 -10.632874 -30.013824 -141.774384 0.721283 0.845947 0.738129
12560 1444828379.891301 -10.558777 -30.013824 -141.719666 0.722168 0.845032 0.739288
12561 1444828379.901431 -10.558777 -30.056763 -141.664948 0.720398 0.842285 0.746826
12562 1444828379.911499 -10.632874 -30.056763 -141.664948 0.719513 0.842285 0.746826
12563 1444828379.921644 -10.669922 -30.056763 -141.555511 0.720398 0.844116 0.747986
12564 1444828379.931730 -10.595825 -29.970886 -141.500793 0.719513 0.844116 0.754944
12565 1444828379.941915 -10.595825 -30.056763 -141.500793 0.719513 0.843201 0.747986
12566 1444828379.952056 -10.595825 -30.056763 -141.391357 0.719513 0.842285 0.751465
12567 1444828379.962080 -10.521729 -30.013824 -141.336639 0.718628 0.842285 0.746826
12568 1444828379.972210 -10.558777 -30.013824 -141.281921 0.717743 0.840454 0.741028
12569 1444828379.982272 -10.595825 -30.056763 -141.172485 0.717743 0.84137 0.731171
12570 1444828379.992338 -10.48468 -29.970886 -141.281921 0.715973 0.844116 0.727692
12571 1444828380.002403 -10.595825 -29.927948 -141.391357 0.718628 0.843201 0.717255
12572 1444828380.012613 -10.595825 -30.056763 -141.391357 0.717743 0.846863 0.711456
12573 1444828380.022704 -10.558777 -29.88501 -141.281921 0.716858 0.846863 0.718994
12574 1444828380.032780 -10.558777 -29.970886 -141.336639 0.719513 0.848694 0.710876
12575 1444828380.042949 -10.70697 -29.88501 -141.391357 0.718628 0.847778 0.713776
12576 1444828380.053057 -10.558777 -29.970886 -141.500793 0.720398 0.848694 0.717834
12577 1444828380.063180 -10.521729 -29.970886 -141.610229 0.719513 0.847778 0.720154
12578 1444828380.073258 -10.558777 -29.927948 -141.555511 0.720398 0.848694 0.724792
12579 1444828380.083311 -10.669922 -30.013824 -141.719666 0.721283 0.848694 0.728851
12580 1444828380.093397 -10.632874 -29.88501 -141.774384 0.723053 0.845947 0.73233
12581 1444828380.103560 -10.669922 -29.970886 -141.774384 0.721283 0.846863 0.738129
12582 1444828380.113690 -10.669922 -30.056763 -141.719666 0.722168 0.845032 0.741028
12583 1444828380.123753 -10.632874 -30.013824 -141.774384 0.721283 0.845947 0.751465
12584 1444828380.133829 -10.669922 -29.970886 -141.88382 0.723053 0.845032 0.751465
12585 1444828380.143893 -10.632874 -30.013824 -141.774384 0.722168 0.845947 0.749725
12586 1444828380.154033 -10.669922 -30.056763 -141.719666 0.722168 0.845032 0.748566
12587 1444828380.164100 -10.70697 -30.056763 -141.719666 0.722168 0.845947 0.749725
12588 1444828380.174157 -10.595825 -30.056763 -141.719666 0.723053 0.844116 0.741608
12589 1444828380.184243 -10.595825 -30.013824 -141.664948 0.721283 0.843201 0.735229
12590 1444828380.194300 -10.669922 -29.927948 -141.610229 0.721283 0.845947 0.73291
12591 1444828380.204357 -10.632874 -29.970886 -141.719666 0.721283 0.849609 0.727112
12592 1444828380.214415 -10.595825 -29.842072 -141.610229 0.721283 0.846863 0.728271
12593 1444828380.224483 -10.558777 -29.970886 -141.555511 0.719513 0.844116 0.716675
12594 1444828380.234533 -10.632874 -29.970886 -141.336639 0.720398 0.845032 0.714935
12595 1444828380.244605 -10.595825 -29.970886 -141.391357 0.718628 0.844116 0.716095
12596 1444828380.254668 -10.70697 -29.970886 -141.391357 0.719513 0.844116 0.716095
12597 1444828380.264697 -10.632874 -29.927948 -141.610229 0.718628 0.844116 0.717255
12598 1444828380.274756 -10.744019 -30.013824 -141.391357 0.718628 0.844116 0.718994
12599 1444828380.284836 -10.632874 -30.013824 -141.336639 0.717743 0.842285 0.728271
12600 1444828380.294896 -10.595825 -29.927948 -141.227203 0.719513 0.842285 0.73291
12601 1444828380.304975 -10.595825 -30.013824 -141.446075 0.717743 0.84137 0.735809
12602 1444828380.315031 -10.558777 -30.056763 -141.500793 0.718628 0.840454 0.739288
12603 1444828380.325082 -10.48468 -30.099701 -141.446075 0.718628 0.842285 0.740448
12604 1444828380.335154 -10.632874 -30.056763 -141.391357 0.717743 0.842285 0.747406
12605 1444828380.345201 -10.595825 -30.099701 -141.281921 0.719513 0.838623 0.750885
12606 1444828380.355262 -10.70697 -30.056763 -141.610229 0.721283 0.840454 0.744507
12607 1444828380.365320 -10.669922 -29.927948 -141.555511 0.720398 0.840454 0.743347
12608 1444828380.375384 -10.669922 -29.842072 -141.719666 0.723938 0.843201 0.737549
12609 1444828380.385442 -10.595825 -29.88501 -141.610229 0.722168 0.844116 0.738129
12610 1444828380.395499 -10.595825 -30.013824 -141.664948 0.720398 0.845947 0.738129
12611 1444828380.405554 -10.632874 -29.88501 -141.555511 0.723053 0.845032 0.730591
12612 1444828380.415575 -10.669922 -29.970886 -141.610229 0.723938 0.845947 0.721893
12613 1444828380.425617 -10.595825 -30.013824 -141.610229 0.723053 0.847778 0.721893
12614 1444828380.435673 -10.669922 -29.970886 -141.719666 0.723053 0.846863 0.717834
12615 1444828380.445734 -10.632874 -30.013824 -141.719666 0.722168 0.847778 0.720734
12616 1444828380.455790 -10.70697 -29.970886 -141.829102 0.722168 0.849609 0.720154
12617 1444828380.465863 -10.669922 -29.970886 -141.719666 0.722168 0.848694 0.73233
12618 1444828380.475919 -10.521729 -30.013824 -141.829102 0.724823 0.846863 0.739288
12619 1444828380.485986 -10.818115 -29.970886 -141.88382 0.726593 0.849609 0.752045
12620 1444828380.496050 -10.70697 -29.799133 -141.993256 0.726593 0.845032 0.756683
12621 1444828380.506118 -10.48468 -30.142639 -141.993256 0.725708 0.836792 0.751465
12622 1444828380.516174 -10.595825 -30.142639 -141.664948 0.720398 0.834961 0.749146
12623 1444828380.526239 -10.669922 -30.142639 -141.500793 0.720398 0.839539 0.741028
12624 1444828380.536295 -10.669922 -30.013824 -141.610229 0.721283 0.838623 0.743347
12625 1444828380.546373 -10.48468 -29.970886 -141.774384 0.723053 0.835876 0.736969
12626 1444828380.556447 -10.521729 -29.927948 -141.500793 0.719513 0.831299 0.722473
12627 1444828380.566518 -10.48468 -29.88501 -140.789459 0.716858 0.834045 0.711456
12628 1444828380.576621 -10.669922 -30.013824 -140.898895 0.715088 0.840454 0.710876
12629 1444828380.586678 -10.632874 -29.970886 -141.172485 0.716858 0.843201 0.709137
12630 1444828380.596742 -10.70697 -30.013824 -141.227203 0.715973 0.846863 0.712036
12631 1444828380.606817 -10.781067 -30.056763 -141.172485 0.714203 0.849609 0.710297
12632 1444828380.616915 -10.70697 -29.927948 -140.953613 0.713318 0.844116 0.712036
12633 1444828380.627037 -10.70697 -30.013824 -141.063049 0.713318 0.842285 0.716095
12634 1444828380.637119 -10.558777 -30.099701 -141.446075 0.714203 0.83313 0.726532
12635 1444828380.647185 -10.447632 -29.970886 -141.227203 0.716858 0.829468 0.727692
12636 1444828380.657260 -10.558777 -29.970886 -141.336639 0.715973 0.834045 0.725372
12637 1444828380.667285 -10.558777 -29.970886 -141.391357 0.717743 0.835876 0.736969
12638 1444828380.677355 -10.595825 -30.013824 -141.719666 0.718628 0.842285 0.742767
12639 1444828380.687404 -10.521729 -30.228516 -141.610229 0.717743 0.845032 0.750885
12640 1444828380.697471 -10.48468 -30.056763 -141.555511 0.719513 0.847778 0.755524
12641 1444828380.707632 -10.744019 -30.056763 -141.500793 0.719513 0.850525 0.753784
12642 1444828380.717721 -10.632874 -29.970886 -141.719666 0.722168 0.856934 0.753784
12643 1444828380.727809 -10.744019 -30.056763 -141.774384 0.723053 0.857849 0.752045
12644 1444828380.737896 -10.781067 -30.013824 -141.774384 0.724823 0.856934 0.743927
12645 1444828380.748032 -10.669922 -29.842072 -141.938538 0.724823 0.854187 0.738129
12646 1444828380.758238 -10.744019 -29.88501 -141.993256 0.727478 0.852356 0.728851
12647 1444828380.768611 -10.669922 -29.88501 -141.993256 0.724823 0.849609 0.723633
12648 1444828380.778476 -10.521729 -29.842072 -141.829102 0.725708 0.847778 0.717255
12649 1444828380.788638 -10.632874 -29.842072 -141.664948 0.723938 0.850525 0.717255
12650 1444828380.798979 -10.632874 -29.927948 -141.774384 0.724823 0.856018 0.718414
12651 1444828380.809057 -10.818115 -29.88501 -141.993256 0.723938 0.864258 0.716095
12652 1444828380.819147 -10.781067 -29.970886 -141.774384 0.722168 0.865173 0.716095
12653 1444828380.829209 -10.521729 -29.88501 -141.446075 0.721283 0.861511 0.718414
12654 1444828380.839283 -10.669922 -29.842072 -141.336639 0.719513 0.857849 0.717834
12655 1444828380.849438 -10.669922 -30.056763 -141.555511 0.719513 0.853271 0.724213
12656 1444828380.859559 -10.632874 -29.927948 -141.391357 0.718628 0.85144 0.73465
12657 1444828380.869634 -10.558777 -30.099701 -141.391357 0.716858 0.847778 0.730591
12658 1444828380.879671 -10.595825 -30.013824 -141.281921 0.715973 0.842285 0.737549
12659 1444828380.889745 -10.595825 -30.013824 -141.336639 0.715973 0.843201 0.742188
12660 1444828380.899836 -10.558777 -30.013824 -141.391357 0.716858 0.839539 0.752045
12661 1444828380.910011 -10.558777 -30.142639 -141.117767 0.712433 0.839539 0.750305
12662 1444828380.920185 -10.521729 -30.099701 -141.172485 0.713318 0.840454 0.748566
12663 1444828380.930644 -10.595825 -30.099701 -141.172485 0.715088 0.845032 0.744507
12664 1444828380.940736 -10.558777 -30.056763 -141.063049 0.715973 0.845032 0.743927
12665 1444828380.950836 -10.632874 -30.185577 -141.281921 0.715088 0.850525 0.739288
12666 1444828380.960910 -10.595825 -30.013824 -141.281921 0.717743 0.850525 0.73175
12667 1444828380.970988 -10.744019 -30.056763 -141.391357 0.718628 0.848694 0.724213
12668 1444828380.981047 -10.558777 -30.013824 -141.555511 0.718628 0.845032 0.720154
12669 1444828380.991114 -10.632874 -29.927948 -141.391357 0.719513 0.843201 0.718994
12670 1444828381.001198 -10.558777 -29.927948 -141.610229 0.720398 0.844116 0.716675
12671 1444828381.011339 -10.669922 -29.842072 -141.719666 0.723053 0.845947 0.714355
12672 1444828381.021576 -10.669922 -29.927948 -141.719666 0.723053 0.845947 0.712616
12673 1444828381.031784 -10.669922 -29.970886 -141.774384 0.722168 0.843201 0.706818
12674 1444828381.041816 -10.70697 -29.927948 -141.500793 0.721283 0.845032 0.705078
12675 1444828381.051954 -10.781067 -29.927948 -141.336639 0.721283 0.850525 0.709717
12676 1444828381.062025 -10.70697 -30.013824 -141.664948 0.723938 0.853271 0.719574
12677 1444828381.072082 -10.70697 -29.842072 -141.829102 0.723938 0.854187 0.731171
12678 1444828381.082150 -10.595825 -30.013824 -141.829102 0.723938 0.852356 0.738708
12679 1444828381.092293 -10.70697 -30.099701 -141.774384 0.723053 0.85144 0.744507
12680 1444828381.102388 -10.669922 -29.88501 -141.664948 0.721283 0.849609 0.761902
12681 1444828381.112630 -10.669922 -30.228516 -141.938538 0.723938 0.845032 0.761322
12682 1444828381.122697 -10.744019 -30.056763 -142.102692 0.723053 0.84137 0.774658
12683 1444828381.132753 -10.558777 -30.013824 -142.102692 0.725708 0.834045 0.770599
12684 1444828381.142816 -10.669922 -30.099701 -141.88382 0.722168 0.831299 0.759583
12685 1444828381.152886 -10.521729 -29.927948 -141.664948 0.721283 0.829468 0.747986
12686 1444828381.163017 -10.521729 -30.056763 -141.719666 0.720398 0.832214 0.736389
12687 1444828381.173151 -10.373535 -29.88501 -141.555511 0.720398 0.836792 0.718994
12688 1444828381.183335 -10.632874 -29.88501 -141.281921 0.718628 0.842285 0.692322
12689 1444828381.193395 -10.669922 -30.099701 -140.953613 0.711548 0.849609 0.683624
12690 1444828381.203492 -10.669922 -29.970886 -140.953613 0.712433 0.853271 0.689423
12691 1444828381.213551 -10.818115 -30.013824 -141.172485 0.715088 0.857849 0.690582
12692 1444828381.223665 -10.70697 -29.927948 -141.336639 0.717743 0.856934 0.704498
12693 1444828381.233727 -10.558777 -29.842072 -141.391357 0.718628 0.846863 0.707977
12694 1444828381.243839 -10.595825 -30.142639 -141.281921 0.716858 0.840454 0.711456
12695 1444828381.253883 -10.632874 -30.013824 -141.063049 0.716858 0.834961 0.731171
12696 1444828381.263939 -10.632874 -30.099701 -141.446075 0.717743 0.830383 0.746246
12697 1444828381.273996 -10.48468 -30.099701 -141.88382 0.721283 0.82489 0.762482
12698 1444828381.284057 -10.373535 -30.099701 -142.047974 0.721283 0.823059 0.76712
12699 1444828381.294121 -10.558777 -30.142639 -141.829102 0.720398 0.825806 0.761902
12700 1444828381.304189 -10.595825 -30.056763 -141.719666 0.722168 0.831299 0.763641
12701 1444828381.314246 -10.632874 -30.099701 -141.774384 0.723053 0.834961 0.765961
12702 1444828381.324304 -10.595825 -30.013824 -142.047974 0.725708 0.842285 0.765381
12703 1444828381.334353 -10.595825 -29.88501 -142.047974 0.725708 0.850525 0.756104
12704 1444828381.344412 -10.818115 -30.056763 -141.774384 0.725708 0.855103 0.739288
12705 1444828381.354478 -10.818115 -30.056763 -141.829102 0.723053 0.852356 0.73465
12706 1444828381.364535 -10.669922 -30.013824 -141.993256 0.723938 0.847778 0.724213
12707 1444828381.374615 -10.632874 -29.970886 -141.938538 0.723938 0.84137 0.721893
12708 1444828381.384699 -10.48468 -29.799133 -141.993256 0.726593 0.836792 0.707977
12709 1444828381.394762 -10.632874 -30.013824 -141.664948 0.724823 0.836792 0.69754
12710 1444828381.404818 -10.70697 -29.842072 -141.774384 0.723053 0.835876 0.6987
12711 1444828381.414873 -10.558777 -29.842072 -141.664948 0.723938 0.835876 0.700439
12712 1444828381.424929 -10.558777 -29.799133 -141.719666 0.722168 0.837708 0.700439
12713 1444828381.434985 -10.521729 -29.799133 -141.446075 0.722168 0.839539 0.710297
12714 1444828381.445021 -10.70697 -30.013824 -141.446075 0.718628 0.845947 0.709717
12715 1444828381.455078 -10.632874 -30.099701 -141.391357 0.717743 0.848694 0.723053
12716 1444828381.465134 -10.595825 -30.013824 -141.281921 0.715088 0.848694 0.73349
12717 1444828381.475173 -10.70697 -29.970886 -141.336639 0.715973 0.845032 0.745087
12718 1444828381.485270 -10.70697 -30.099701 -141.446075 0.715088 0.842285 0.749146
12719 1444828381.495288 -10.595825 -30.185577 -141.500793 0.716858 0.837708 0.754944
12720 1444828381.505358 -10.48468 -30.142639 -141.391357 0.715973 0.831299 0.762482
12721 1444828381.515450 -10.410583 -30.142639 -141.336639 0.715088 0.823059 0.764221
12722 1444828381.525523 -10.521729 -30.056763 -141.500793 0.715973 0.82489 0.758423
12723 1444828381.535583 -10.521729 -30.142639 -141.555511 0.717743 0.834045 0.753204
12724 1444828381.545642 -10.595825 -30.271454 -141.391357 0.717743 0.84137 0.742767
12725 1444828381.555703 -10.669922 -30.056763 -141.336639 0.717743 0.845032 0.73349
12726 1444828381.565773 -10.70697 -29.927948 -141.446075 0.718628 0.853271 0.725372
12727 1444828381.575816 -10.70697 -29.927948 -141.664948 0.721283 0.857849 0.714355
12728 1444828381.585872 -10.70697 -29.927948 -141.610229 0.720398 0.858765 0.710876
12729 1444828381.595944 -10.70697 -29.799133 -141.555511 0.723053 0.856934 0.700439
12730 1444828381.606018 -10.632874 -29.842072 -141.774384 0.723053 0.854187 0.69696
12731 1444828381.616076 -10.70697 -29.756195 -141.88382 0.723938 0.853271 0.701599
12732 1444828381.626142 -10.632874 -29.88501 -141.774384 0.724823 0.849609 0.703918
12733 1444828381.636198 -10.595825 -29.927948 -141.664948 0.723938 0.844116 0.713196
12734 1444828381.646254 -10.669922 -29.927948 -141.719666 0.723938 0.845032 0.716095
12735 1444828381.656322 -10.632874 -29.927948 -141.938538 0.724823 0.845947 0.725952
12736 1444828381.666383 -10.781067 -29.970886 -141.938538 0.723938 0.853271 0.735809
12737 1444828381.676441 -10.781067 -30.056763 -141.88382 0.723938 0.856934 0.744507
12738 1444828381.686541 -10.632874 -30.013824 -141.88382 0.721283 0.856934 0.755524
12739 1444828381.696612 -10.744019 -29.970886 -141.829102 0.723053 0.856018 0.755524
12740 1444828381.706670 -10.558777 -30.056763 -141.719666 0.720398 0.852356 0.760162
12741 1444828381.716757 -10.669922 -29.970886 -141.719666 0.720398 0.849609 0.757843
12742 1444828381.726817 -10.70697 -29.970886 -141.664948 0.718628 0.846863 0.752625
12743 1444828381.736870 -10.558777 -29.970886 -141.555511 0.718628 0.843201 0.753204
12744 1444828381.746959 -10.48468 -30.142639 -141.664948 0.717743 0.840454 0.749146
12745 1444828381.757047 -10.595825 -29.970886 -141.446075 0.718628 0.839539 0.741028
12746 1444828381.767167 -10.48468 -29.927948 -141.336639 0.715973 0.839539 0.735809
12747 1444828381.777238 -10.521729 -29.970886 -141.446075 0.715973 0.842285 0.721313
12748 1444828381.787292 -10.595825 -29.970886 -141.391357 0.716858 0.843201 0.717255
12749 1444828381.797382 -10.669922 -30.013824 -141.336639 0.716858 0.850525 0.712036
12750 1444828381.807513 -10.632874 -29.970886 -141.336639 0.717743 0.85144 0.703339
12751 1444828381.817625 -10.669922 -29.88501 -141.391357 0.719513 0.854187 0.701019
12752 1444828381.827762 -10.744019 -29.927948 -141.391357 0.717743 0.854187 0.69928
12753 1444828381.837820 -10.70697 -29.88501 -141.336639 0.718628 0.85144 0.705658
12754 1444828381.847880 -10.70697 -30.013824 -141.500793 0.718628 0.845947 0.713196
12755 1444828381.857977 -10.632874 -29.88501 -141.500793 0.719513 0.845947 0.720154
12756 1444828381.868042 -10.595825 -30.056763 -141.446075 0.719513 0.84137 0.728271
12757 1444828381.878066 -10.521729 -29.970886 -141.774384 0.720398 0.837708 0.741608
12758 1444828381.888127 -10.521729 -30.013824 -141.88382 0.721283 0.837708 0.746826
12759 1444828381.898228 -10.669922 -30.142639 -141.829102 0.723938 0.836792 0.750885
12760 1444828381.908293 -10.669922 -29.970886 -141.829102 0.723053 0.84137 0.755524
12761 1444828381.918375 -10.744019 -30.056763 -141.829102 0.722168 0.84137 0.756683
12762 1444828381.928432 -10.70697 -29.970886 -141.938538 0.723053 0.844116 0.756104
12763 1444828381.938489 -10.669922 -30.013824 -141.88382 0.723938 0.845032 0.753784
12764 1444828381.948564 -10.70697 -30.099701 -141.829102 0.723053 0.847778 0.749725
12765 1444828381.959372 -10.632874 -30.013824 -141.774384 0.723053 0.844116 0.745087
12766 1444828381.969386 -10.632874 -29.88501 -141.88382 0.722168 0.843201 0.739868
12767 1444828381.979454 -10.669922 -29.927948 -141.88382 0.723938 0.840454 0.728851
12768 1444828381.989522 -10.595825 -29.970886 -141.664948 0.721283 0.837708 0.722473
12769 1444828381.999596 -10.595825 -29.970886 -141.610229 0.722168 0.838623 0.716675
12770 1444828382.009652 -10.595825 -29.88501 -141.610229 0.721283 0.838623 0.710876
12771 1444828382.019710 -10.595825 -29.88501 -141.774384 0.721283 0.840454 0.704498
12772 1444828382.029776 -10.632874 -29.927948 -141.719666 0.720398 0.842285 0.706818
12773 1444828382.039833 -10.669922 -29.970886 -141.500793 0.718628 0.84137 0.709137
12774 1444828382.049888 -10.558777 -30.013824 -141.610229 0.718628 0.844116 0.714355
12775 1444828382.059944 -10.595825 -29.970886 -141.446075 0.718628 0.844116 0.720154
12776 1444828382.070002 -10.744019 -30.056763 -141.446075 0.717743 0.844116 0.723053
12777 1444828382.080058 -10.669922 -30.099701 -141.500793 0.717743 0.84137 0.73233
12778 1444828382.090114 -10.521729 -30.013824 -141.500793 0.716858 0.836792 0.738708
12779 1444828382.100169 -10.521729 -30.056763 -141.610229 0.718628 0.835876 0.742767
12780 1444828382.110240 -10.595825 -29.970886 -141.555511 0.717743 0.832214 0.744507
12781 1444828382.120303 -10.595825 -30.099701 -141.555511 0.716858 0.832214 0.748566
12782 1444828382.130369 -10.521729 -30.056763 -141.500793 0.718628 0.831299 0.752625
12783 1444828382.140424 -10.558777 -30.013824 -141.664948 0.718628 0.834045 0.749146
12784 1444828382.150489 -10.632874 -30.228516 -141.774384 0.719513 0.838623 0.747986
12785 1444828382.160546 -10.558777 -29.88501 -141.610229 0.719513 0.842285 0.745667
12786 1444828382.170631 -10.855164 -30.056763 -141.664948 0.721283 0.845032 0.736969
12787 1444828382.180689 -10.744019 -29.927948 -141.774384 0.721283 0.847778 0.73349
12788 1444828382.190749 -10.595825 -29.88501 -141.719666 0.723053 0.845947 0.724792
12789 1444828382.200820 -10.744019 -29.927948 -141.719666 0.721283 0.847778 0.718994
12790 1444828382.210889 -10.744019 -29.970886 -141.664948 0.723053 0.844116 0.716095
12791 1444828382.220980 -10.632874 -29.970886 -141.88382 0.722168 0.846863 0.717255
12792 1444828382.231037 -10.669922 -29.842072 -141.774384 0.724823 0.846863 0.711456
12793 1444828382.241183 -10.669922 -29.842072 -141.88382 0.722168 0.845032 0.714935
12794 1444828382.251344 -10.632874 -29.88501 -141.88382 0.722168 0.848694 0.721893
12795 1444828382.261391 -10.595825 -29.842072 -141.829102 0.723053 0.850525 0.721313
12796 1444828382.271480 -10.744019 -29.970886 -141.664948 0.723053 0.848694 0.723053
12797 1444828382.281549 -10.632874 -29.970886 -141.774384 0.720398 0.849609 0.728851
12798 1444828382.291615 -10.669922 -29.970886 -141.774384 0.721283 0.849609 0.738708
12799 1444828382.301678 -10.595825 -30.013824 -141.829102 0.721283 0.852356 0.743927
12800 1444828382.311755 -10.669922 -29.927948 -141.719666 0.722168 0.850525 0.748566
12801 1444828382.321823 -10.595825 -30.013824 -141.719666 0.718628 0.845032 0.747986
12802 1444828382.331890 -10.558777 -30.056763 -141.774384 0.718628 0.843201 0.750305
12803 1444828382.341947 -10.632874 -30.056763 -141.610229 0.717743 0.843201 0.749725
12804 1444828382.352014 -10.70697 -30.056763 -141.664948 0.718628 0.845032 0.745667
12805 1444828382.362071 -10.669922 -30.142639 -141.500793 0.716858 0.84137 0.744507
12806 1444828382.372142 -10.558777 -30.013824 -141.555511 0.719513 0.845032 0.737549
12807 1444828382.382199 -10.632874 -30.099701 -141.610229 0.717743 0.845032 0.73175
12808 1444828382.392272 -10.632874 -29.970886 -141.500793 0.718628 0.846863 0.726532
12809 1444828382.402364 -10.669922 -29.88501 -141.391357 0.718628 0.85144 0.723633
12810 1444828382.412422 -10.595825 -29.970886 -141.555511 0.717743 0.848694 0.713776
12811 1444828382.422484 -10.744019 -29.88501 -141.664948 0.718628 0.853271 0.710876
12812 1444828382.432543 -10.70697 -29.970886 -141.391357 0.718628 0.852356 0.712616
12813 1444828382.442598 -10.632874 -30.013824 -141.500793 0.717743 0.849609 0.716095
12814 1444828382.452728 -10.595825 -29.927948 -141.610229 0.719513 0.849609 0.715515
12815 1444828382.462785 -10.558777 -29.970886 -141.774384 0.719513 0.847778 0.720734
12816 1444828382.472859 -10.70697 -30.013824 -141.610229 0.720398 0.847778 0.722473
12817 1444828382.482939 -10.595825 -29.88501 -141.610229 0.721283 0.845032 0.724792
12818 1444828382.492994 -10.632874 -29.970886 -141.664948 0.720398 0.845032 0.730591
12819 1444828382.503062 -10.669922 -29.88501 -141.829102 0.721283 0.847778 0.738129
12820 1444828382.513118 -10.744019 -30.056763 -141.719666 0.721283 0.847778 0.742188
12821 1444828382.523175 -10.595825 -29.927948 -141.829102 0.720398 0.848694 0.746826
12822 1444828382.533257 -10.744019 -30.099701 -141.664948 0.720398 0.848694 0.745667
12823 1444828382.543291 -10.558777 -30.056763 -141.88382 0.722168 0.847778 0.751465
12824 1444828382.553353 -10.48468 -29.927948 -141.774384 0.720398 0.847778 0.753204
12825 1444828382.563393 -10.558777 -29.970886 -141.664948 0.723053 0.845032 0.745087
12826 1444828382.573449 -10.595825 -30.013824 -141.774384 0.721283 0.844116 0.739288
12827 1444828382.583563 -10.521729 -29.927948 -141.610229 0.721283 0.843201 0.736969
12828 1444828382.593632 -10.595825 -29.970886 -141.774384 0.718628 0.843201 0.730591
12829 1444828382.603697 -10.595825 -29.970886 -141.610229 0.721283 0.842285 0.725952
12830 1444828382.613792 -10.595825 -29.927948 -141.664948 0.720398 0.842285 0.719574
12831 1444828382.623882 -10.669922 -30.013824 -141.664948 0.722168 0.844116 0.718994
12832 1444828382.633983 -10.595825 -29.927948 -141.610229 0.719513 0.845947 0.718414
12833 1444828382.644072 -10.558777 -29.970886 -141.555511 0.718628 0.844116 0.713776
12834 1444828382.654134 -10.632874 -29.970886 -141.555511 0.718628 0.844116 0.714935
12835 1444828382.664235 -10.70697 -29.88501 -141.610229 0.720398 0.845947 0.717255
12836 1444828382.674356 -10.595825 -30.056763 -141.555511 0.718628 0.842285 0.726532
12837 1444828382.684443 -10.595825 -30.013824 -141.446075 0.718628 0.840454 0.728851
12838 1444828382.694541 -10.48468 -30.056763 -141.500793 0.717743 0.838623 0.731171
12839 1444828382.704613 -10.744019 -30.013824 -141.719666 0.718628 0.840454 0.73175
12840 1444828382.714687 -10.669922 -30.013824 -141.719666 0.718628 0.838623 0.738129
12841 1444828382.724827 -10.632874 -30.013824 -141.610229 0.718628 0.836792 0.739288
12842 1444828382.734852 -10.669922 -29.970886 -141.610229 0.720398 0.835876 0.743347
12843 1444828382.745042 -10.70697 -30.013824 -141.719666 0.720398 0.840454 0.743347
12844 1444828382.755046 -10.595825 -30.056763 -141.555511 0.719513 0.839539 0.743347
12845 1444828382.765144 -10.70697 -30.013824 -141.664948 0.719513 0.842285 0.742188
12846 1444828382.775301 -10.521729 -30.013824 -141.664948 0.721283 0.84137 0.738708
12847 1444828382.785435 -10.595825 -30.013824 -141.88382 0.720398 0.845032 0.738129
12848 1444828382.795495 -10.595825 -29.927948 -141.774384 0.721283 0.843201 0.725952
12849 1444828382.805577 -10.632874 -30.013824 -141.719666 0.720398 0.843201 0.728271
12850 1444828382.815726 -10.595825 -30.013824 -141.664948 0.721283 0.84137 0.724213
12851 1444828382.825795 -10.632874 -29.970886 -141.664948 0.722168 0.84137 0.721893
12852 1444828382.835990 -10.632874 -29.842072 -141.88382 0.723053 0.842285 0.720154
12853 1444828382.846038 -10.70697 -30.013824 -141.664948 0.721283 0.844116 0.716675
12854 1444828382.856188 -10.595825 -29.88501 -141.610229 0.722168 0.845032 0.717255
12855 1444828382.866408 -10.744019 -29.970886 -141.774384 0.722168 0.847778 0.722473
12856 1444828382.876491 -10.595825 -29.927948 -141.774384 0.721283 0.845032 0.722473
12857 1444828382.886657 -10.632874 -29.927948 -141.664948 0.721283 0.846863 0.725952
12858 1444828382.896727 -10.669922 -30.142639 -141.664948 0.720398 0.847778 0.73407
12859 1444828382.906806 -10.744019 -30.056763 -141.555511 0.720398 0.844116 0.736389
12860 1444828382.917040 -10.70697 -30.013824 -141.610229 0.719513 0.844116 0.736969
12861 1444828382.927098 -10.669922 -29.927948 -141.664948 0.720398 0.84137 0.738708
12862 1444828382.937156 -10.632874 -30.056763 -141.610229 0.719513 0.84137 0.746826
12863 1444828382.947234 -10.70697 -30.185577 -141.664948 0.718628 0.842285 0.746246
12864 1444828382.957303 -10.558777 -30.013824 -141.555511 0.719513 0.838623 0.745087
12865 1444828382.967381 -10.558777 -30.013824 -141.500793 0.718628 0.842285 0.741028
12866 1444828382.977554 -10.595825 -30.099701 -141.555511 0.718628 0.846863 0.739288
12867 1444828382.987732 -10.632874 -29.88501 -141.664948 0.718628 0.844116 0.739288
12868 1444828382.997832 -10.70697 -30.056763 -141.500793 0.717743 0.844116 0.73175
12869 1444828383.007905 -10.632874 -30.013824 -141.500793 0.718628 0.847778 0.728271
12870 1444828383.018139 -10.669922 -29.927948 -141.555511 0.719513 0.847778 0.726532
12871 1444828383.028206 -10.781067 -29.927948 -141.500793 0.720398 0.850525 0.720154
12872 1444828383.038278 -10.669922 -30.013824 -141.555511 0.718628 0.849609 0.718994
12873 1444828383.048420 -10.70697 -30.056763 -141.446075 0.720398 0.847778 0.721313
12874 1444828383.058656 -10.744019 -29.970886 -141.500793 0.720398 0.846863 0.720154
12875 1444828383.068860 -10.70697 -29.970886 -141.719666 0.721283 0.846863 0.721893
12876 1444828383.079055 -10.70697 -29.927948 -141.719666 0.718628 0.848694 0.723053
12877 1444828383.089111 -10.818115 -29.970886 -141.719666 0.722168 0.846863 0.720734
12878 1444828383.099227 -10.669922 -29.970886 -141.88382 0.720398 0.847778 0.730011
12879 1444828383.109372 -10.632874 -29.970886 -141.88382 0.721283 0.850525 0.73233
12880 1444828383.119582 -10.669922 -30.013824 -141.610229 0.720398 0.848694 0.73465
12881 1444828383.129655 -10.744019 -30.013824 -141.719666 0.720398 0.850525 0.738708
12882 1444828383.139748 -10.632874 -30.056763 -141.719666 0.721283 0.847778 0.741028
12883 1444828383.149887 -10.632874 -30.013824 -141.938538 0.721283 0.848694 0.741028
12884 1444828383.160096 -10.669922 -29.970886 -141.664948 0.719513 0.848694 0.743347
12885 1444828383.170360 -10.558777 -29.970886 -141.774384 0.718628 0.847778 0.743347
12886 1444828383.180544 -10.744019 -30.013824 -141.719666 0.720398 0.847778 0.735809
12887 1444828383.190611 -10.558777 -29.927948 -141.664948 0.719513 0.846863 0.737549
12888 1444828383.200731 -10.558777 -29.927948 -141.664948 0.721283 0.846863 0.73407
12889 1444828383.210878 -10.558777 -29.927948 -141.610229 0.719513 0.846863 0.730011
12890 1444828383.221005 -10.669922 -29.970886 -141.555511 0.719513 0.847778 0.727112
12891 1444828383.231074 -10.595825 -30.013824 -141.500793 0.718628 0.846863 0.724792
12892 1444828383.241228 -10.744019 -29.927948 -141.555511 0.720398 0.848694 0.720154
12893 1444828383.251288 -10.70697 -29.970886 -141.336639 0.718628 0.847778 0.721893
12894 1444828383.261359 -10.669922 -29.927948 -141.664948 0.719513 0.846863 0.720734
12895 1444828383.271480 -10.669922 -29.927948 -141.555511 0.717743 0.846863 0.724792
12896 1444828383.281589 -10.521729 -29.88501 -141.446075 0.718628 0.845032 0.722473
12897 1444828383.291727 -10.669922 -29.970886 -141.446075 0.717743 0.845032 0.724792
12898 1444828383.301786 -10.521729 -29.970886 -141.555511 0.718628 0.844116 0.731171
12899 1444828383.311888 -10.744019 -30.013824 -141.719666 0.718628 0.845032 0.728271
12900 1444828383.322009 -10.558777 -29.970886 -141.555511 0.720398 0.842285 0.739288
12901 1444828383.332134 -10.632874 -29.970886 -141.555511 0.717743 0.843201 0.736389
12902 1444828383.342202 -10.521729 -30.013824 -141.610229 0.717743 0.84137 0.737549
12903 1444828383.352270 -10.632874 -30.013824 -141.719666 0.720398 0.844116 0.744507
12904 1444828383.362322 -10.521729 -30.056763 -141.664948 0.720398 0.843201 0.739868
12905 1444828383.372393 -10.521729 -29.927948 -141.664948 0.720398 0.843201 0.739868
12906 1444828383.382448 -10.70697 -30.013824 -141.610229 0.719513 0.845032 0.736969
12907 1444828383.392517 -10.632874 -29.970886 -141.719666 0.721283 0.842285 0.735809
12908 1444828383.402581 -10.632874 -30.013824 -141.719666 0.719513 0.843201 0.73407
12909 1444828383.412668 -10.632874 -30.056763 -141.719666 0.720398 0.842285 0.731171
12910 1444828383.422735 -10.595825 -29.927948 -141.774384 0.723053 0.842285 0.725372
12911 1444828383.432793 -10.70697 -30.013824 -141.664948 0.721283 0.842285 0.722473
12912 1444828383.442865 -10.669922 -29.927948 -141.500793 0.722168 0.844116 0.723633
12913 1444828383.452935 -10.70697 -29.927948 -141.555511 0.721283 0.845032 0.719574
12914 1444828383.462999 -10.595825 -29.927948 -141.664948 0.718628 0.843201 0.720154
12915 1444828383.473058 -10.632874 -30.099701 -141.719666 0.721283 0.843201 0.717255
12916 1444828383.483116 -10.558777 -29.927948 -141.610229 0.720398 0.845032 0.725372
12917 1444828383.493172 -10.632874 -30.099701 -141.500793 0.717743 0.84137 0.727112
12918 1444828383.503229 -10.632874 -30.099701 -141.610229 0.720398 0.842285 0.727692
12919 1444828383.513298 -10.558777 -29.970886 -141.664948 0.718628 0.840454 0.73407
12920 1444828383.523357 -10.521729 -29.970886 -141.664948 0.720398 0.839539 0.73233
12921 1444828383.533414 -10.558777 -29.842072 -141.500793 0.719513 0.84137 0.73407
12922 1444828383.543473 -10.632874 -30.099701 -141.555511 0.717743 0.84137 0.735809
12923 1444828383.553544 -10.632874 -30.056763 -141.555511 0.720398 0.839539 0.740448
12924 1444828383.563618 -10.595825 -30.013824 -141.719666 0.719513 0.84137 0.740448
12925 1444828383.573673 -10.632874 -30.013824 -141.555511 0.718628 0.839539 0.739288
12926 1444828383.583739 -10.669922 -30.013824 -141.610229 0.719513 0.842285 0.739288
12927 1444828383.593803 -10.70697 -30.013824 -141.610229 0.719513 0.842285 0.736389
12928 1444828383.603853 -10.744019 -30.056763 -141.500793 0.718628 0.845032 0.73291
12929 1444828383.613925 -10.669922 -30.056763 -141.555511 0.717743 0.843201 0.73291
12930 1444828383.623992 -10.595825 -29.970886 -141.610229 0.720398 0.845032 0.728851
12931 1444828383.634052 -10.558777 -29.970886 -141.719666 0.720398 0.845032 0.724792
12932 1444828383.644112 -10.744019 -29.970886 -141.610229 0.719513 0.845947 0.723633
12933 1444828383.654170 -10.632874 -30.099701 -141.500793 0.719513 0.844116 0.720734
12934 1444828383.664231 -10.558777 -29.88501 -141.610229 0.719513 0.845947 0.720734
12935 1444828383.674290 -10.669922 -29.970886 -141.719666 0.720398 0.849609 0.721313
12936 1444828383.684358 -10.595825 -30.056763 -141.610229 0.719513 0.848694 0.725952
12937 1444828383.694416 -10.558777 -30.013824 -141.555511 0.719513 0.848694 0.729431
12938 1444828383.704489 -10.669922 -29.927948 -141.664948 0.722168 0.850525 0.730591
12939 1444828383.714545 -10.558777 -30.056763 -141.610229 0.720398 0.847778 0.73349
12940 1444828383.724612 -10.669922 -30.013824 -141.664948 0.721283 0.848694 0.737549
12941 1444828383.734667 -10.632874 -30.013824 -141.719666 0.721283 0.848694 0.743927
12942 1444828383.744744 -10.632874 -30.013824 -141.88382 0.722168 0.850525 0.756104
12943 1444828383.754822 -10.70697 -29.927948 -141.829102 0.723053 0.849609 0.763062
12944 1444828383.764878 -10.669922 -29.927948 -142.102692 0.723053 0.845032 0.757263
12945 1444828383.774935 -10.521729 -30.185577 -141.88382 0.721283 0.838623 0.742188
12946 1444828383.784992 -10.48468 -30.228516 -141.664948 0.716858 0.839539 0.735229
12947 1444828383.795048 -10.558777 -29.88501 -141.610229 0.719513 0.84137 0.729431
12948 1444828383.805104 -10.744019 -29.799133 -141.774384 0.721283 0.846863 0.721893
12949 1444828383.815163 -10.558777 -30.013824 -141.829102 0.720398 0.844116 0.718414
12950 1444828383.825223 -10.447632 -29.927948 -141.281921 0.719513 0.843201 0.700439
12951 1444828383.835282 -10.744019 -29.970886 -140.898895 0.714203 0.85144 0.69928
12952 1444828383.845313 -10.781067 -30.013824 -141.172485 0.716858 0.855103 0.706818
12953 1444828383.855369 -10.781067 -29.970886 -141.336639 0.716858 0.855103 0.714935
12954 1444828383.865424 -10.669922 -29.970886 -141.281921 0.715088 0.854187 0.716095
12955 1444828383.875493 -10.818115 -30.056763 -141.063049 0.713318 0.85144 0.722473
12956 1444828383.885551 -10.595825 -30.013824 -141.172485 0.715088 0.844116 0.729431
12957 1444828383.895607 -10.48468 -29.970886 -141.336639 0.715973 0.837708 0.739868
12958 1444828383.905663 -10.521729 -30.013824 -141.555511 0.717743 0.832214 0.744507
12959 1444828383.915729 -10.447632 -30.056763 -141.446075 0.717743 0.834961 0.743347
12960 1444828383.925802 -10.48468 -29.970886 -141.446075 0.718628 0.839539 0.745087
12961 1444828383.935867 -10.521729 -30.056763 -141.555511 0.716858 0.845032 0.751465
12962 1444828383.945948 -10.595825 -30.056763 -141.555511 0.719513 0.847778 0.752045
12963 1444828383.956025 -10.521729 -30.099701 -141.555511 0.718628 0.850525 0.753784
12964 1444828383.966141 -10.558777 -30.013824 -141.610229 0.718628 0.855103 0.750885
12965 1444828383.976277 -10.70697 -30.056763 -141.610229 0.718628 0.858765 0.745667
12966 1444828383.986381 -10.632874 -30.013824 -141.829102 0.721283 0.858765 0.735809
12967 1444828383.996447 -10.632874 -29.88501 -141.664948 0.723053 0.854187 0.73465
12968 1444828384.006529 -10.70697 -29.842072 -141.610229 0.722168 0.850525 0.728271
12969 1444828384.016589 -10.669922 -29.927948 -141.88382 0.723938 0.847778 0.719574
12970 1444828384.026681 -10.632874 -29.88501 -141.774384 0.724823 0.848694 0.716675
12971 1444828384.036755 -10.595825 -29.842072 -141.88382 0.723938 0.846863 0.706818
12972 1444828384.046810 -10.595825 -29.927948 -141.500793 0.720398 0.845947 0.716095
12973 1444828384.056867 -10.521729 -29.799133 -141.719666 0.722168 0.846863 0.709717
12974 1444828384.066925 -10.744019 -30.056763 -141.774384 0.720398 0.857849 0.717834
12975 1444828384.076981 -10.669922 -29.88501 -141.829102 0.723053 0.860596 0.719574
12976 1444828384.087038 -10.669922 -29.927948 -141.555511 0.720398 0.860596 0.723633
12977 1444828384.097106 -10.70697 -29.970886 -141.391357 0.717743 0.855103 0.73233
12978 1444828384.107163 -10.669922 -30.142639 -141.336639 0.718628 0.848694 0.73407
12979 1444828384.117233 -10.669922 -30.013824 -141.664948 0.717743 0.845947 0.739288
12980 1444828384.127291 -10.558777 -30.099701 -141.446075 0.717743 0.842285 0.744507
12981 1444828384.137304 -10.558777 -29.970886 -141.336639 0.716858 0.835876 0.747986
12982 1444828384.147370 -10.595825 -29.970886 -141.610229 0.717743 0.837708 0.745087
12983 1444828384.157426 -10.48468 -30.099701 -141.610229 0.717743 0.838623 0.750305
12984 1444828384.167487 -10.558777 -30.099701 -141.446075 0.716858 0.840454 0.748566
12985 1444828384.177543 -10.595825 -30.013824 -141.391357 0.714203 0.838623 0.747986
12986 1444828384.187600 -10.521729 -30.099701 -141.391357 0.715973 0.84137 0.738708
12987 1444828384.197658 -10.595825 -29.927948 -141.391357 0.715088 0.846863 0.735809
12988 1444828384.207733 -10.632874 -29.970886 -141.500793 0.717743 0.849609 0.720154
12989 1444828384.217790 -10.744019 -29.88501 -141.500793 0.718628 0.853271 0.716095
12990 1444828384.227912 -10.632874 -30.056763 -141.391357 0.719513 0.847778 0.717255
12991 1444828384.237979 -10.558777 -30.056763 -141.500793 0.718628 0.845947 0.715515
12992 1444828384.248029 -10.632874 -29.927948 -141.446075 0.721283 0.842285 0.710297
12993 1444828384.258086 -10.521729 -29.970886 -141.664948 0.717743 0.840454 0.716675
12994 1444828384.268125 -10.632874 -29.88501 -141.774384 0.722168 0.839539 0.716095
12995 1444828384.278182 -10.632874 -29.970886 -141.610229 0.722168 0.84137 0.717255
12996 1444828384.288238 -10.70697 -30.013824 -141.610229 0.718628 0.845032 0.721313
12997 1444828384.298295 -10.595825 -29.970886 -141.664948 0.723053 0.844116 0.731171
12998 1444828384.308354 -10.744019 -29.970886 -141.829102 0.723053 0.847778 0.736389
12999 1444828384.318410 -10.632874 -30.056763 -141.88382 0.721283 0.846863 0.739288
13000 1444828384.328477 -10.595825 -29.927948 -141.719666 0.721283 0.845032 0.745087
13001 1444828384.338536 -10.669922 -30.013824 -141.774384 0.722168 0.846863 0.745087
13002 1444828384.348605 -10.595825 -30.013824 -141.774384 0.722168 0.844116 0.746826
13003 1444828384.358661 -10.595825 -30.013824 -141.938538 0.722168 0.843201 0.747406
13004 1444828384.368717 -10.632874 -30.056763 -141.719666 0.721283 0.842285 0.749725
13005 1444828384.378775 -10.595825 -29.970886 -141.664948 0.720398 0.839539 0.747986
13006 1444828384.388831 -10.521729 -29.970886 -141.719666 0.722168 0.838623 0.741028
13007 1444828384.398888 -10.595825 -30.056763 -141.664948 0.721283 0.837708 0.738708
13008 1444828384.408947 -10.521729 -29.970886 -141.391357 0.720398 0.840454 0.73291
13009 1444828384.419013 -10.595825 -29.970886 -141.555511 0.717743 0.840454 0.725372
13010 1444828384.429072 -10.632874 -29.927948 -141.500793 0.717743 0.844116 0.718994
13011 1444828384.439130 -10.70697 -30.013824 -141.446075 0.716858 0.848694 0.714935
13012 1444828384.449188 -10.632874 -29.970886 -141.172485 0.716858 0.848694 0.712036
13013 1444828384.459245 -10.558777 -29.927948 -141.281921 0.717743 0.845947 0.715515
13014 1444828384.469302 -10.632874 -29.927948 -141.281921 0.717743 0.845947 0.712616
13015 1444828384.479362 -10.632874 -30.099701 -141.446075 0.715973 0.843201 0.717834
13016 1444828384.489418 -10.669922 -30.013824 -141.391357 0.717743 0.843201 0.727112
13017 1444828384.499481 -10.669922 -30.056763 -141.336639 0.717743 0.843201 0.724792
13018 1444828384.509556 -10.558777 -29.970886 -141.500793 0.717743 0.842285 0.731171
13019 1444828384.519612 -10.595825 -30.013824 -141.446075 0.718628 0.838623 0.73175
13020 1444828384.529669 -10.632874 -30.056763 -141.500793 0.717743 0.840454 0.736389
13021 1444828384.539732 -10.595825 -30.013824 -141.391357 0.715973 0.842285 0.745667
13022 1444828384.549788 -10.70697 -29.970886 -141.774384 0.720398 0.847778 0.744507
13023 1444828384.559843 -10.632874 -30.056763 -141.719666 0.718628 0.848694 0.750305
13024 1444828384.569899 -10.669922 -29.970886 -141.610229 0.721283 0.849609 0.745087
13025 1444828384.579956 -10.669922 -30.099701 -141.719666 0.720398 0.849609 0.738708
13026 1444828384.589986 -10.632874 -30.013824 -141.719666 0.721283 0.849609 0.736969
13027 1444828384.600043 -10.558777 -29.927948 -141.664948 0.720398 0.846863 0.741608
13028 1444828384.610055 -10.669922 -29.927948 -141.774384 0.720398 0.848694 0.73291
13029 1444828384.620159 -10.669922 -29.970886 -141.719666 0.723053 0.847778 0.730011
13030 1444828384.630233 -10.595825 -29.927948 -141.774384 0.723053 0.846863 0.727112
13031 1444828384.640274 -10.669922 -29.927948 -141.719666 0.721283 0.850525 0.721313
13032 1444828384.650334 -10.744019 -30.056763 -141.664948 0.719513 0.850525 0.724213
13033 1444828384.660390 -10.744019 -30.099701 -141.500793 0.722168 0.853271 0.720734
13034 1444828384.670451 -10.558777 -29.970886 -141.719666 0.720398 0.848694 0.725372
13035 1444828384.680531 -10.70697 -30.013824 -141.719666 0.721283 0.854187 0.722473
13036 1444828384.690601 -10.669922 -30.013824 -141.446075 0.719513 0.850525 0.723053
13037 1444828384.700698 -10.632874 -29.970886 -141.610229 0.718628 0.849609 0.721313
13038 1444828384.710832 -10.558777 -30.013824 -141.391357 0.719513 0.848694 0.731171
13039 1444828384.720896 -10.669922 -30.056763 -141.500793 0.717743 0.846863 0.73291
13040 1444828384.731109 -10.595825 -30.013824 -141.391357 0.718628 0.845032 0.735809
13041 1444828384.741174 -10.595825 -30.013824 -141.555511 0.716858 0.845032 0.738129
13042 1444828384.751291 -10.595825 -30.013824 -141.446075 0.716858 0.842285 0.743347
13043 1444828384.761385 -10.632874 -30.099701 -141.500793 0.715088 0.843201 0.739868
13044 1444828384.771523 -10.632874 -30.056763 -141.391357 0.716858 0.845032 0.743927
13045 1444828384.781650 -10.521729 -29.970886 -141.227203 0.716858 0.843201 0.740448
13046 1444828384.791736 -10.632874 -30.099701 -141.336639 0.715973 0.842285 0.741028
13047 1444828384.801838 -10.521729 -30.099701 -141.391357 0.717743 0.845032 0.73407
13048 1444828384.811998 -10.595825 -29.927948 -141.446075 0.718628 0.846863 0.731171
13049 1444828384.822135 -10.669922 -29.927948 -141.391357 0.720398 0.845947 0.725372
13050 1444828384.832207 -10.632874 -29.970886 -141.446075 0.719513 0.847778 0.723633
13051 1444828384.842271 -10.595825 -29.927948 -141.391357 0.718628 0.847778 0.726532
13052 1444828384.852339 -10.595825 -30.013824 -141.610229 0.719513 0.846863 0.721893
13053 1444828384.862518 -10.521729 -29.799133 -141.610229 0.721283 0.847778 0.727692
13054 1444828384.872644 -10.558777 -29.927948 -141.719666 0.722168 0.846863 0.721313
13055 1444828384.882778 -10.48468 -29.927948 -141.555511 0.721283 0.846863 0.724792
13056 1444828384.892864 -10.558777 -29.970886 -141.500793 0.721283 0.846863 0.724213
13057 1444828384.902926 -10.595825 -29.88501 -141.774384 0.721283 0.847778 0.724792
13058 1444828384.912978 -10.70697 -29.970886 -141.774384 0.721283 0.847778 0.728851
13059 1444828384.923111 -10.632874 -29.927948 -141.938538 0.721283 0.849609 0.728851
13060 1444828384.933235 -10.70697 -29.970886 -141.719666 0.722168 0.848694 0.73233
13061 1444828384.943321 -10.669922 -29.927948 -141.610229 0.722168 0.848694 0.738708
13062 1444828384.953380 -10.70697 -30.142639 -141.664948 0.720398 0.845947 0.741028
13063 1444828384.963414 -10.521729 -29.970886 -141.555511 0.719513 0.844116 0.747406
13064 1444828384.973484 -10.70697 -29.970886 -141.610229 0.720398 0.843201 0.736969
13065 1444828384.983535 -10.558777 -30.013824 -141.500793 0.718628 0.84137 0.736969
13066 1444828384.993614 -10.48468 -30.099701 -141.555511 0.720398 0.840454 0.738129
13067 1444828385.003647 -10.558777 -29.88501 -141.555511 0.719513 0.84137 0.736969
13068 1444828385.013687 -10.595825 -29.970886 -141.227203 0.719513 0.84137 0.735229
13069 1444828385.023743 -10.669922 -30.056763 -141.281921 0.717743 0.84137 0.73407
13070 1444828385.033802 -10.595825 -30.056763 -141.391357 0.718628 0.843201 0.735229
13071 1444828385.043863 -10.521729 -29.927948 -141.391357 0.719513 0.840454 0.726532
13072 1444828385.053881 -10.632874 -29.927948 -141.336639 0.716858 0.843201 0.720154
13073 1444828385.063912 -10.632874 -29.88501 -141.172485 0.717743 0.839539 0.717834
13074 1444828385.073989 -10.632874 -29.927948 -141.172485 0.715973 0.839539 0.706818
13075 1444828385.084048 -10.558777 -30.013824 -141.117767 0.715088 0.838623 0.695221
13076 1444828385.094108 -10.781067 -30.013824 -140.898895 0.715088 0.846863 0.709717
13077 1444828385.104164 -10.669922 -29.799133 -141.117767 0.715088 0.849609 0.725952
13078 1444828385.114231 -10.669922 -30.142639 -141.610229 0.721283 0.847778 0.728851
13079 1444828385.124283 -10.48468 -30.099701 -141.500793 0.717743 0.844116 0.742188
13080 1444828385.134294 -10.595825 -30.056763 -141.172485 0.719513 0.845947 0.741028
13081 1444828385.144349 -10.855164 -29.970886 -141.117767 0.718628 0.853271 0.749146
13082 1444828385.154404 -10.744019 -30.099701 -141.88382 0.721283 0.852356 0.7677
13083 1444828385.164438 -10.669922 -30.056763 -142.321564 0.725708 0.847778 0.765961
13084 1444828385.174497 -10.521729 -30.056763 -141.829102 0.723938 0.838623 0.759583
13085 1444828385.184548 -10.595825 -30.013824 -141.500793 0.721283 0.837708 0.754364
13086 1444828385.194622 -10.595825 -29.88501 -141.829102 0.725708 0.839539 0.750885
13087 1444828385.204677 -10.558777 -29.88501 -142.321564 0.727478 0.839539 0.746826
13088 1444828385.214738 -10.70697 -29.927948 -142.102692 0.727478 0.844116 0.735229
13089 1444828385.224795 -10.818115 -29.927948 -141.610229 0.723053 0.85144 0.723633
13090 1444828385.234859 -10.669922 -29.970886 -141.610229 0.723938 0.861511 0.717255
13091 1444828385.244918 -10.781067 -29.927948 -141.719666 0.723053 0.856934 0.719574
13092 1444828385.254957 -10.669922 -29.970886 -141.664948 0.721283 0.854187 0.718414
13093 1444828385.265013 -10.669922 -29.927948 -141.227203 0.720398 0.849609 0.712036
13094 1444828385.275071 -10.70697 -29.842072 -141.446075 0.722168 0.85144 0.703918
13095 1444828385.285127 -10.669922 -29.970886 -141.664948 0.719513 0.845032 0.707397
13096 1444828385.295196 -10.558777 -29.927948 -141.555511 0.720398 0.836792 0.714355
13097 1444828385.305257 -10.595825 -29.970886 -141.391357 0.716858 0.83313 0.716675
13098 1444828385.315366 -10.558777 -30.013824 -141.227203 0.716858 0.830383 0.724213
13099 1444828385.325433 -10.521729 -30.013824 -141.336639 0.715973 0.835876 0.737549
13100 1444828385.335491 -10.558777 -30.013824 -141.336639 0.716858 0.840454 0.740448
13101 1444828385.345568 -10.70697 -30.142639 -141.227203 0.714203 0.84137 0.747986
13102 1444828385.355741 -10.632874 -30.185577 -141.063049 0.713318 0.844116 0.757263
13103 1444828385.365797 -10.595825 -30.099701 -141.336639 0.713318 0.846863 0.756104
13104 1444828385.375853 -10.70697 -30.142639 -141.391357 0.715973 0.845947 0.750305
13105 1444828385.385906 -10.595825 -30.142639 -141.172485 0.715088 0.839539 0.753204
13106 1444828385.395978 -10.447632 -30.013824 -141.172485 0.715973 0.832214 0.746826
13107 1444828385.406040 -10.521729 -30.099701 -141.281921 0.715973 0.830383 0.745087
13108 1444828385.416104 -10.558777 -29.927948 -141.664948 0.720398 0.837708 0.739868
13109 1444828385.426161 -10.521729 -29.842072 -141.555511 0.722168 0.837708 0.731171
13110 1444828385.436229 -10.632874 -29.842072 -141.500793 0.720398 0.840454 0.721313
13111 1444828385.446302 -10.744019 -30.013824 -141.391357 0.719513 0.845032 0.720734
13112 1444828385.456418 -10.558777 -30.013824 -141.610229 0.722168 0.846863 0.720154
13113 1444828385.466490 -10.632874 -30.013824 -141.664948 0.722168 0.850525 0.720154
13114 1444828385.476558 -10.669922 -29.970886 -141.829102 0.723053 0.854187 0.717834
13115 1444828385.486652 -10.70697 -29.970886 -141.610229 0.723053 0.852356 0.712616
13116 1444828385.496750 -10.632874 -29.756195 -141.664948 0.723938 0.85144 0.714355
13117 1444828385.506868 -10.744019 -29.842072 -141.719666 0.724823 0.852356 0.714935
13118 1444828385.516995 -10.70697 -29.927948 -141.938538 0.725708 0.85144 0.718994
13119 1444828385.527069 -10.70697 -29.927948 -141.88382 0.723938 0.846863 0.723053
13120 1444828385.537164 -10.669922 -30.099701 -141.555511 0.720398 0.843201 0.738129
13121 1444828385.547263 -10.521729 -30.013824 -141.664948 0.719513 0.840454 0.742188
13122 1444828385.557331 -10.595825 -30.056763 -141.829102 0.721283 0.842285 0.747406
13123 1444828385.567435 -10.669922 -30.056763 -141.88382 0.721283 0.844116 0.749725
13124 1444828385.577507 -10.632874 -30.099701 -141.664948 0.719513 0.846863 0.757843
13125 1444828385.587699 -10.632874 -30.056763 -141.500793 0.716858 0.845032 0.749725
13126 1444828385.597797 -10.558777 -30.056763 -141.336639 0.716858 0.845032 0.746246
13127 1444828385.607989 -10.48468 -30.013824 -141.336639 0.716858 0.844116 0.742188
13128 1444828385.618117 -10.595825 -30.056763 -141.172485 0.715088 0.843201 0.736969
13129 1444828385.628250 -10.595825 -30.056763 -141.391357 0.715973 0.844116 0.73465
13130 1444828385.638423 -10.632874 -30.013824 -141.227203 0.715973 0.842285 0.73175
13131 1444828385.648553 -10.558777 -30.056763 -141.281921 0.715973 0.843201 0.725952
13132 1444828385.658729 -10.595825 -30.142639 -141.446075 0.715973 0.845032 0.721893
13133 1444828385.668853 -10.48468 -29.927948 -141.227203 0.717743 0.84137 0.720154
13134 1444828385.678958 -10.558777 -30.056763 -141.336639 0.716858 0.842285 0.712036
13135 1444828385.689140 -10.558777 -29.927948 -141.281921 0.715973 0.845032 0.714355
13136 1444828385.699243 -10.632874 -29.927948 -141.281921 0.718628 0.846863 0.712616
13137 1444828385.709326 -10.632874 -30.013824 -141.391357 0.718628 0.848694 0.717255
13138 1444828385.719488 -10.70697 -29.927948 -141.500793 0.718628 0.850525 0.721893
13139 1444828385.729615 -10.70697 -30.013824 -141.500793 0.720398 0.854187 0.721313
13140 1444828385.739706 -10.669922 -29.927948 -141.336639 0.719513 0.850525 0.731171
13141 1444828385.749825 -10.632874 -30.013824 -141.719666 0.721283 0.848694 0.735229
13142 1444828385.760115 -10.632874 -29.970886 -141.664948 0.719513 0.845032 0.745667
13143 1444828385.770269 -10.669922 -29.970886 -141.719666 0.722168 0.842285 0.746246
13144 1444828385.780380 -10.744019 -30.056763 -141.88382 0.721283 0.845947 0.748566
13145 1444828385.790516 -10.595825 -30.013824 -141.829102 0.721283 0.844116 0.753204
13146 1444828385.800630 -10.632874 -30.056763 -142.047974 0.721283 0.845032 0.749146
13147 1444828385.810700 -10.48468 -30.056763 -141.610229 0.720398 0.844116 0.747986
13148 1444828385.820787 -10.669922 -29.927948 -141.555511 0.721283 0.847778 0.745087
13149 1444828385.830861 -10.744019 -29.970886 -141.500793 0.721283 0.849609 0.737549
13150 1444828385.841016 -10.595825 -30.013824 -141.719666 0.720398 0.85144 0.731171
13151 1444828385.851084 -10.669922 -29.970886 -141.664948 0.720398 0.850525 0.725372
13152 1444828385.861283 -10.632874 -29.970886 -141.500793 0.719513 0.850525 0.721313
13153 1444828385.871402 -10.632874 -29.88501 -141.446075 0.720398 0.849609 0.718414
13154 1444828385.881537 -10.632874 -29.88501 -141.500793 0.719513 0.846863 0.714935
13155 1444828385.891608 -10.632874 -29.970886 -141.500793 0.719513 0.843201 0.715515
13156 1444828385.901695 -10.70697 -30.013824 -141.227203 0.718628 0.844116 0.713776
13157 1444828385.911803 -10.595825 -30.013824 -141.281921 0.718628 0.840454 0.720734
13158 1444828385.921937 -10.70697 -30.013824 -141.281921 0.719513 0.844116 0.725372
13159 1444828385.932079 -10.595825 -30.013824 -141.336639 0.718628 0.844116 0.729431
13160 1444828385.942264 -10.595825 -29.970886 -141.446075 0.716858 0.845032 0.73233
13161 1444828385.952352 -10.669922 -30.142639 -141.227203 0.715973 0.844116 0.73233
13162 1444828385.962602 -10.632874 -30.099701 -141.172485 0.717743 0.84137 0.743347
13163 1444828385.972706 -10.521729 -29.970886 -141.391357 0.716858 0.845032 0.743927
13164 1444828385.982924 -10.558777 -29.970886 -141.391357 0.717743 0.84137 0.742767
13165 1444828385.992988 -10.632874 -30.056763 -141.446075 0.718628 0.842285 0.743927
13166 1444828386.003057 -10.521729 -30.056763 -141.446075 0.717743 0.842285 0.746826
13167 1444828386.013115 -10.744019 -30.013824 -141.500793 0.719513 0.838623 0.744507
13168 1444828386.023157 -10.558777 -29.970886 -141.446075 0.719513 0.839539 0.746246
13169 1444828386.033233 -10.669922 -30.056763 -141.500793 0.718628 0.842285 0.73465
13170 1444828386.043306 -10.669922 -30.056763 -141.500793 0.721283 0.842285 0.73175
13171 1444828386.053366 -10.669922 -29.970886 -141.555511 0.719513 0.847778 0.730591
13172 1444828386.063444 -10.744019 -29.88501 -141.500793 0.722168 0.848694 0.724792
13173 1444828386.073510 -10.632874 -29.88501 -141.555511 0.720398 0.849609 0.723053
13174 1444828386.083569 -10.558777 -29.970886 -141.610229 0.721283 0.849609 0.721313
13175 1444828386.093653 -10.632874 -29.927948 -141.500793 0.720398 0.849609 0.720154
13176 1444828386.103687 -10.70697 -29.970886 -141.555511 0.721283 0.849609 0.717834
13177 1444828386.113741 -10.70697 -29.88501 -141.664948 0.721283 0.850525 0.723633
13178 1444828386.123840 -10.744019 -30.013824 -141.610229 0.722168 0.846863 0.720154
13179 1444828386.133900 -10.70697 -29.927948 -141.610229 0.720398 0.845032 0.728271
13180 1444828386.144010 -10.632874 -29.970886 -141.555511 0.722168 0.843201 0.727112
13181 1444828386.154084 -10.48468 -30.013824 -141.500793 0.721283 0.84137 0.739868
13182 1444828386.164174 -10.70697 -30.013824 -141.610229 0.720398 0.843201 0.741028
13183 1444828386.174266 -10.70697 -30.056763 -141.664948 0.720398 0.843201 0.740448
13184 1444828386.184324 -10.669922 -30.056763 -141.391357 0.718628 0.844116 0.742188
13185 1444828386.194387 -10.669922 -30.013824 -141.500793 0.717743 0.84137 0.745667
13186 1444828386.204458 -10.781067 -30.099701 -141.391357 0.717743 0.843201 0.743347
13187 1444828386.214607 -10.70697 -30.013824 -141.446075 0.718628 0.84137 0.745667
13188 1444828386.224663 -10.632874 -30.099701 -141.336639 0.718628 0.840454 0.738129
13189 1444828386.234721 -10.632874 -30.013824 -141.336639 0.717743 0.839539 0.735229
13190 1444828386.244777 -10.521729 -29.970886 -141.391357 0.716858 0.839539 0.735809
13191 1444828386.254833 -10.521729 -30.056763 -141.336639 0.717743 0.84137 0.730011
13192 1444828386.264890 -10.595825 -30.056763 -141.391357 0.717743 0.840454 0.724213
13193 1444828386.274999 -10.632874 -29.970886 -141.227203 0.717743 0.840454 0.727692
13194 1444828386.285058 -10.521729 -29.970886 -141.336639 0.717743 0.842285 0.721313
13195 1444828386.295167 -10.521729 -29.842072 -141.336639 0.718628 0.844116 0.720154
13196 1444828386.305247 -10.521729 -30.013824 -141.446075 0.718628 0.844116 0.720154
13197 1444828386.315284 -10.595825 -29.88501 -141.500793 0.719513 0.846863 0.718994
13198 1444828386.325341 -10.781067 -30.013824 -141.555511 0.719513 0.848694 0.718414
13199 1444828386.335396 -10.669922 -30.013824 -141.555511 0.720398 0.846863 0.729431
13200 1444828386.345545 -10.595825 -29.970886 -141.500793 0.720398 0.846863 0.73407
13201 1444828386.355607 -10.669922 -30.056763 -141.500793 0.719513 0.845032 0.73465
13202 1444828386.365704 -10.669922 -30.013824 -141.500793 0.719513 0.844116 0.738129
13203 1444828386.375859 -10.595825 -30.013824 -141.719666 0.722168 0.842285 0.737549
13204 1444828386.385915 -10.669922 -30.056763 -141.610229 0.719513 0.847778 0.740448
13205 1444828386.395974 -10.669922 -30.013824 -141.774384 0.720398 0.844116 0.741608
13206 1444828386.406034 -10.632874 -29.970886 -141.610229 0.722168 0.846863 0.739868
13207 1444828386.416145 -10.70697 -29.927948 -141.829102 0.720398 0.848694 0.743927
13208 1444828386.426203 -10.669922 -29.970886 -141.719666 0.721283 0.848694 0.739868
13209 1444828386.436284 -10.521729 -29.927948 -141.610229 0.721283 0.847778 0.738129
13210 1444828386.446363 -10.632874 -29.88501 -141.610229 0.720398 0.847778 0.73349
13211 1444828386.456432 -10.632874 -29.88501 -141.664948 0.718628 0.846863 0.731171
13212 1444828386.466528 -10.632874 -29.927948 -141.500793 0.719513 0.846863 0.723053
13213 1444828386.476585 -10.669922 -29.970886 -141.446075 0.719513 0.846863 0.724792
13214 1444828386.486642 -10.632874 -30.056763 -141.500793 0.719513 0.845947 0.724792
13215 1444828386.496709 -10.70697 -30.013824 -141.500793 0.720398 0.845032 0.720154
13216 1444828386.506765 -10.70697 -30.013824 -141.281921 0.719513 0.846863 0.720734
13217 1444828386.516821 -10.669922 -30.013824 -141.336639 0.718628 0.845032 0.723053
13218 1444828386.526877 -10.781067 -30.013824 -141.391357 0.717743 0.846863 0.723633
13219 1444828386.536935 -10.558777 -29.970886 -141.391357 0.717743 0.844116 0.726532
13220 1444828386.546991 -10.669922 -30.013824 -141.336639 0.715973 0.845947 0.730011
13221 1444828386.557048 -10.595825 -30.056763 -141.336639 0.716858 0.846863 0.73175
13222 1444828386.567117 -10.595825 -29.970886 -141.446075 0.717743 0.846863 0.735229
13223 1444828386.577176 -10.632874 -30.013824 -141.555511 0.717743 0.847778 0.737549
13224 1444828386.587229 -10.595825 -30.056763 -141.555511 0.717743 0.846863 0.739868
13225 1444828386.597310 -10.595825 -30.013824 -141.446075 0.719513 0.844116 0.740448
13226 1444828386.607353 -10.48468 -30.013824 -141.555511 0.717743 0.843201 0.740448
13227 1444828386.617429 -10.558777 -29.970886 -141.555511 0.718628 0.844116 0.736969
13228 1444828386.627530 -10.558777 -29.970886 -141.664948 0.718628 0.844116 0.738708
13229 1444828386.637587 -10.595825 -30.013824 -141.610229 0.718628 0.845947 0.739288
13230 1444828386.647656 -10.632874 -29.927948 -141.610229 0.721283 0.848694 0.735229
13231 1444828386.657729 -10.632874 -29.970886 -141.555511 0.720398 0.846863 0.730591
13232 1444828386.667806 -10.632874 -29.970886 -141.500793 0.721283 0.847778 0.726532
13233 1444828386.677926 -10.595825 -29.927948 -141.555511 0.719513 0.847778 0.725952
13234 1444828386.687985 -10.632874 -29.970886 -141.664948 0.720398 0.849609 0.724213
13235 1444828386.698078 -10.70697 -30.013824 -141.664948 0.719513 0.848694 0.723053
13236 1444828386.708140 -10.744019 -30.013824 -141.555511 0.719513 0.850525 0.725372
13237 1444828386.718237 -10.595825 -29.927948 -141.610229 0.721283 0.848694 0.725952
13238 1444828386.728362 -10.595825 -29.88501 -141.664948 0.721283 0.847778 0.726532
13239 1444828386.738511 -10.595825 -30.013824 -141.446075 0.719513 0.844116 0.729431
13240 1444828386.748604 -10.558777 -29.970886 -141.610229 0.720398 0.844116 0.73233
13241 1444828386.758763 -10.521729 -30.013824 -141.500793 0.719513 0.843201 0.73175
13242 1444828386.768942 -10.632874 -30.013824 -141.664948 0.719513 0.844116 0.73291
13243 1444828386.778959 -10.70697 -30.056763 -141.500793 0.719513 0.845032 0.738708
13244 1444828386.789023 -10.744019 -30.013824 -141.391357 0.718628 0.847778 0.740448
13245 1444828386.799088 -10.595825 -30.142639 -141.336639 0.717743 0.84137 0.741608
13246 1444828386.809189 -10.558777 -30.056763 -141.336639 0.718628 0.844116 0.743927
13247 1444828386.819293 -10.632874 -30.056763 -141.391357 0.716858 0.84137 0.739868
13248 1444828386.829358 -10.595825 -30.056763 -141.391357 0.718628 0.843201 0.736969
13249 1444828386.839492 -10.669922 -30.099701 -141.336639 0.716858 0.839539 0.736389
13250 1444828386.849556 -10.558777 -29.970886 -141.391357 0.718628 0.844116 0.73175
13251 1444828386.859621 -10.70697 -30.056763 -141.500793 0.718628 0.844116 0.731171
13252 1444828386.869765 -10.669922 -30.056763 -141.391357 0.715973 0.842285 0.730591
13253 1444828386.879863 -10.595825 -29.927948 -141.336639 0.717743 0.84137 0.727692
13254 1444828386.889980 -10.595825 -29.927948 -141.446075 0.718628 0.844116 0.724213
13255 1444828386.900004 -10.632874 -29.970886 -141.336639 0.719513 0.845032 0.726532
13256 1444828386.910018 -10.632874 -30.013824 -141.555511 0.718628 0.846863 0.724792
13257 1444828386.920075 -10.595825 -29.970886 -141.446075 0.719513 0.845947 0.727692
13258 1444828386.930229 -10.632874 -29.970886 -141.446075 0.720398 0.845032 0.727692
13259 1444828386.940285 -10.558777 -29.970886 -141.555511 0.720398 0.845032 0.728851
13260 1444828386.950318 -10.781067 -30.013824 -141.500793 0.719513 0.846863 0.729431
13261 1444828386.960374 -10.632874 -30.056763 -141.500793 0.720398 0.84137 0.735809
13262 1444828386.970477 -10.521729 -29.927948 -141.719666 0.719513 0.843201 0.737549
13263 1444828386.980535 -10.595825 -30.056763 -141.610229 0.719513 0.842285 0.736969
13264 1444828386.990614 -10.70697 -29.970886 -141.774384 0.721283 0.844116 0.73407
13265 1444828387.000641 -10.632874 -30.013824 -141.664948 0.719513 0.84137 0.743347
13266 1444828387.010691 -10.521729 -30.056763 -141.664948 0.721283 0.844116 0.742188
13267 1444828387.020750 -10.558777 -29.970886 -141.719666 0.720398 0.844116 0.740448
13268 1444828387.030798 -10.558777 -30.013824 -141.610229 0.720398 0.844116 0.739288
13269 1444828387.040881 -10.595825 -30.013824 -141.446075 0.719513 0.844116 0.739868
13270 1444828387.050938 -10.632874 -30.013824 -141.610229 0.719513 0.845947 0.73349
13271 1444828387.060987 -10.669922 -29.970886 -141.610229 0.719513 0.845947 0.73349
13272 1444828387.071043 -10.669922 -30.056763 -141.555511 0.720398 0.845032 0.728851
13273 1444828387.081131 -10.669922 -30.013824 -141.500793 0.718628 0.845032 0.727692
13274 1444828387.091177 -10.669922 -29.970886 -141.446075 0.717743 0.842285 0.730011
13275 1444828387.101238 -10.558777 -29.927948 -141.500793 0.717743 0.845032 0.725372
13276 1444828387.111287 -10.744019 -30.056763 -141.391357 0.718628 0.845032 0.727112
13277 1444828387.121362 -10.521729 -29.927948 -141.391357 0.718628 0.845032 0.730591
13278 1444828387.131418 -10.632874 -30.056763 -141.500793 0.717743 0.847778 0.728271
13279 1444828387.141475 -10.669922 -29.970886 -141.500793 0.718628 0.846863 0.730011
13280 1444828387.151516 -10.632874 -30.056763 -141.336639 0.718628 0.845032 0.73233
13281 1444828387.161572 -10.558777 -29.88501 -141.336639 0.718628 0.844116 0.730011
13282 1444828387.171634 -10.70697 -30.013824 -141.336639 0.717743 0.845947 0.73291
13283 1444828387.181693 -10.632874 -30.013824 -141.500793 0.718628 0.845032 0.739868
13284 1444828387.191760 -10.669922 -30.013824 -141.446075 0.719513 0.845032 0.738708
13285 1444828387.201816 -10.632874 -29.927948 -141.391357 0.719513 0.845947 0.736969
13286 1444828387.211881 -10.521729 -30.013824 -141.610229 0.719513 0.844116 0.739868
13287 1444828387.221937 -10.48468 -30.099701 -141.500793 0.718628 0.844116 0.740448
13288 1444828387.231995 -10.595825 -29.970886 -141.500793 0.721283 0.843201 0.736389
