7357 1444991608.237640 6.853943 -35.166412 -128.806213 0.654907 -1.831055 -0.753204
7358 1444991608.247700 7.002136 -35.338165 -128.696777 0.653137 -1.833801 -0.745667
7359 1444991608.257786 6.779846 -35.295227 -129.079803 0.658447 -1.833801 -0.749725
7360 1444991608.267828 6.853943 -35.295227 -128.751495 0.654907 -1.83197 -0.749725
7361 1444991608.277894 6.70575 -35.338165 -128.915649 0.655792 -1.831055 -0.751465
7362 1444991608.287955 6.779846 -35.338165 -128.970367 0.654907 -1.836548 -0.742188
7363 1444991608.298019 7.039185 -35.209351 -128.915649 0.653137 -1.837463 -0.746246
7364 1444991608.308136 6.853943 -35.381104 -128.587341 0.648712 -1.834717 -0.736969
7365 1444991608.318242 6.816895 -35.46698 -128.259033 0.645172 -1.829224 -0.744507
7366 1444991608.328303 6.779846 -35.46698 -128.532623 0.642517 -1.833801 -0.742767
7367 1444991608.338363 6.853943 -35.509918 -128.149597 0.639862 -1.83197 -0.738708
7368 1444991608.348425 6.816895 -35.381104 -128.259033 0.644287 -1.827393 -0.750305
7369 1444991608.358498 6.92804 -35.381104 -128.313751 0.643402 -1.833801 -0.745667
7370 1444991608.368559 6.890991 -35.338165 -128.149597 0.643402 -1.829224 -0.754944
7371 1444991608.378619 6.742798 -35.381104 -128.204315 0.644287 -1.828308 -0.747986
7372 1444991608.388679 6.779846 -35.252289 -128.313751 0.645172 -1.831055 -0.745667
7373 1444991608.398745 6.890991 -35.166412 -128.259033 0.647827 -1.830139 -0.756104
7374 1444991608.408831 6.779846 -35.295227 -128.642059 0.648712 -1.83197 -0.747406
7375 1444991608.418877 6.779846 -35.338165 -128.368469 0.648712 -1.828308 -0.743927
7376 1444991608.428941 6.890991 -35.338165 -128.642059 0.650482 -1.831055 -0.752045
7377 1444991608.439002 6.92804 -35.424042 -129.025085 0.651367 -1.832886 -0.742188
7378 1444991608.449066 6.668701 -35.252289 -128.806213 0.655792 -1.824646 -0.747406
7379 1444991608.459128 6.742798 -35.338165 -128.915649 0.655792 -1.828308 -0.744507
7380 1444991608.469188 6.816895 -35.295227 -128.860931 0.655792 -1.832886 -0.741608
7381 1444991608.479233 6.853943 -35.295227 -128.642059 0.655792 -1.826477 -0.746246
7382 1444991608.489291 6.853943 -35.252289 -128.860931 0.654907 -1.830139 -0.741028
7383 1444991608.499352 6.816895 -35.381104 -128.642059 0.650482 -1.830139 -0.743927
7384 1444991608.509415 6.890991 -35.381104 -128.477905 0.648712 -1.829224 -0.744507
7385 1444991608.519478 6.816895 -35.552856 -128.423187 0.644287 -1.834717 -0.738708
7386 1444991608.529542 6.890991 -35.295227 -128.259033 0.642517 -1.83197 -0.745667
7387 1444991608.539606 6.890991 -35.381104 -128.040161 0.641632 -1.831055 -0.745087
7388 1444991608.549670 6.816895 -35.381104 -128.094879 0.640747 -1.831055 -0.742767
7389 1444991608.559732 6.816895 -35.381104 -128.094879 0.641632 -1.830139 -0.752625
7390 1444991608.569791 6.92804 -35.338165 -128.149597 0.641632 -1.828308 -0.741028
7391 1444991608.579861 6.779846 -35.381104 -128.259033 0.646057 -1.829224 -0.750885
7392 1444991608.589940 6.816895 -35.381104 -128.313751 0.646942 -1.831055 -0.749146
7393 1444991608.599966 6.779846 -35.424042 -128.423187 0.646057 -1.831055 -0.745087
7394 1444991608.610048 6.779846 -35.252289 -128.696777 0.651367 -1.829224 -0.751465
7395 1444991608.620110 6.890991 -35.381104 -128.642059 0.650482 -1.833801 -0.741028
7396 1444991608.630170 6.890991 -35.252289 -128.806213 0.655792 -1.834717 -0.747986
7397 1444991608.640230 6.92804 -35.252289 -128.860931 0.656677 -1.831055 -0.749725
7398 1444991608.650292 6.668701 -35.295227 -128.860931 0.655792 -1.83197 -0.741608
7399 1444991608.660355 6.816895 -35.295227 -128.806213 0.655792 -1.835632 -0.746246
7400 1444991608.670418 6.742798 -35.424042 -128.642059 0.651367 -1.83197 -0.743927
7401 1444991608.680480 6.853943 -35.209351 -128.806213 0.654907 -1.836548 -0.740448
7402 1444991608.690541 6.816895 -35.424042 -128.532623 0.651367 -1.832886 -0.745667
7403 1444991608.700601 6.890991 -35.381104 -128.313751 0.646942 -1.835632 -0.742767
7404 1444991608.710664 6.853943 -35.381104 -128.642059 0.646942 -1.836548 -0.747986
7405 1444991608.720725 6.890991 -35.381104 -128.204315 0.642517 -1.832886 -0.747406
7406 1444991608.730787 6.92804 -35.381104 -128.477905 0.643402 -1.84021 -0.742188
7407 1444991608.740849 6.816895 -35.295227 -128.094879 0.641632 -1.833801 -0.742767
7408 1444991608.750911 6.890991 -35.46698 -127.930725 0.638092 -1.835632 -0.745087
7409 1444991608.760973 6.965088 -35.424042 -128.532623 0.642517 -1.842041 -0.745667
7410 1444991608.771034 6.779846 -35.381104 -128.040161 0.644287 -1.83197 -0.748566
7411 1444991608.781096 6.816895 -35.295227 -128.094879 0.646057 -1.832886 -0.747406
7412 1444991608.791158 6.890991 -35.295227 -128.642059 0.652252 -1.84021 -0.747986
7413 1444991608.801221 6.742798 -35.424042 -128.313751 0.650482 -1.832886 -0.749725
7414 1444991608.811325 6.557556 -35.209351 -128.915649 0.654907 -1.83197 -0.742767
7415 1444991608.821424 6.70575 -35.252289 -128.806213 0.655792 -1.834717 -0.745087
7416 1444991608.831486 6.742798 -35.46698 -128.587341 0.651367 -1.831055 -0.750305
7417 1444991608.841548 6.816895 -35.381104 -129.025085 0.654022 -1.839294 -0.739288
7418 1444991608.851564 6.92804 -35.338165 -128.751495 0.654022 -1.834717 -0.745087
7419 1444991608.861627 6.742798 -35.252289 -128.860931 0.652252 -1.835632 -0.741608
7420 1444991608.871715 6.816895 -35.209351 -128.696777 0.651367 -1.834717 -0.738708
7421 1444991608.881777 6.70575 -35.552856 -128.313751 0.648712 -1.827393 -0.752625
7422 1444991608.891840 7.002136 -35.209351 -128.696777 0.649597 -1.836548 -0.739288
7423 1444991608.901903 6.816895 -35.295227 -128.259033 0.647827 -1.83197 -0.741028
7424 1444991608.911967 6.779846 -35.252289 -128.149597 0.644287 -1.827393 -0.742188
7425 1444991608.922029 6.890991 -35.252289 -128.204315 0.644287 -1.832886 -0.742188
7426 1444991608.932091 6.70575 -35.509918 -128.094879 0.641632 -1.825562 -0.752625
7427 1444991608.942153 7.076233 -35.552856 -128.040161 0.638977 -1.834717 -0.73291
7428 1444991608.952219 6.92804 -35.338165 -128.368469 0.645172 -1.828308 -0.752625
7429 1444991608.962282 6.816895 -35.46698 -128.149597 0.643402 -1.827393 -0.743347
7430 1444991608.972342 6.92804 -35.209351 -128.532623 0.647827 -1.830139 -0.742188
7431 1444991608.982402 6.853943 -35.252289 -128.477905 0.652252 -1.824646 -0.745087
7432 1444991608.992464 6.742798 -35.381104 -128.642059 0.650482 -1.829224 -0.742188
7433 1444991609.002526 6.779846 -35.295227 -128.642059 0.654907 -1.828308 -0.746246
7434 1444991609.012601 6.890991 -35.46698 -128.860931 0.653137 -1.826477 -0.747406
7435 1444991609.022687 6.742798 -35.209351 -128.751495 0.656677 -1.829224 -0.743347
7436 1444991609.032736 6.668701 -35.166412 -128.806213 0.656677 -1.82373 -0.744507
7437 1444991609.042799 6.779846 -35.338165 -128.915649 0.654022 -1.827393 -0.746826
7438 1444991609.052861 6.557556 -35.424042 -128.696777 0.653137 -1.826477 -0.745087
7439 1444991609.062927 6.742798 -35.209351 -128.696777 0.654022 -1.826477 -0.747406
7440 1444991609.072958 6.779846 -35.381104 -128.477905 0.648712 -1.828308 -0.749725
7441 1444991609.083021 6.779846 -35.338165 -128.642059 0.646942 -1.830139 -0.749725
7442 1444991609.093115 6.890991 -35.338165 -128.532623 0.646942 -1.830139 -0.747986
7443 1444991609.103182 6.816895 -35.295227 -128.094879 0.644287 -1.830139 -0.742767
7444 1444991609.113246 6.92804 -35.338165 -128.368469 0.644287 -1.832886 -0.747406
7445 1444991609.123308 7.002136 -35.252289 -128.313751 0.643402 -1.834717 -0.743347
7446 1444991609.133382 6.742798 -35.338165 -128.149597 0.643402 -1.829224 -0.746826
7447 1444991609.143425 6.816895 -35.295227 -128.313751 0.643402 -1.833801 -0.745087
7448 1444991609.153487 6.742798 -35.46698 -128.204315 0.642517 -1.833801 -0.750305
7449 1444991609.163549 6.853943 -35.424042 -128.313751 0.646942 -1.837463 -0.740448
7450 1444991609.173611 6.890991 -35.424042 -128.423187 0.646942 -1.835632 -0.746826
7451 1444991609.183673 6.890991 -35.338165 -128.642059 0.650482 -1.837463 -0.745667
7452 1444991609.193735 6.816895 -35.209351 -128.642059 0.651367 -1.837463 -0.744507
7453 1444991609.203796 6.668701 -35.381104 -128.642059 0.652252 -1.835632 -0.746826
7454 1444991609.213863 6.779846 -35.295227 -128.915649 0.655792 -1.837463 -0.747406
7455 1444991609.223925 6.816895 -35.381104 -128.860931 0.654907 -1.835632 -0.750305
7456 1444991609.233988 6.742798 -35.338165 -128.915649 0.656677 -1.836548 -0.749146
7457 1444991609.244049 6.742798 -35.424042 -128.915649 0.654907 -1.838379 -0.751465
7458 1444991609.254123 6.816895 -35.252289 -128.587341 0.652252 -1.833801 -0.754944
7459 1444991609.264186 7.002136 -35.338165 -128.806213 0.649597 -1.839294 -0.745087
7460 1444991609.274248 6.853943 -35.252289 -128.368469 0.646942 -1.833801 -0.747986
7461 1444991609.284310 6.70575 -35.166412 -128.477905 0.649597 -1.830139 -0.754944
7462 1444991609.294362 6.92804 -35.295227 -128.423187 0.646057 -1.837463 -0.748566
7463 1444991609.304470 6.779846 -35.381104 -128.313751 0.644287 -1.833801 -0.749725
7464 1444991609.314540 6.742798 -35.209351 -128.423187 0.646942 -1.834717 -0.748566
7465 1444991609.324602 6.890991 -35.381104 -128.259033 0.644287 -1.834717 -0.748566
7466 1444991609.334664 6.853943 -35.338165 -128.587341 0.647827 -1.834717 -0.754364
7467 1444991609.344728 6.92804 -35.338165 -128.423187 0.645172 -1.835632 -0.741028
7468 1444991609.354791 6.70575 -35.295227 -128.313751 0.648712 -1.827393 -0.750885
7469 1444991609.364874 6.742798 -35.381104 -128.696777 0.649597 -1.832886 -0.746246
7470 1444991609.374935 6.70575 -35.381104 -128.423187 0.649597 -1.831055 -0.747986
7471 1444991609.385061 6.631653 -35.381104 -128.806213 0.652252 -1.827393 -0.752045
7472 1444991609.395133 6.965088 -35.338165 -128.642059 0.651367 -1.834717 -0.743927
7473 1444991609.405163 6.816895 -35.381104 -128.642059 0.651367 -1.83197 -0.742767
7474 1444991609.415228 6.742798 -35.209351 -129.079803 0.655792 -1.83197 -0.750885
7475 1444991609.425284 6.779846 -35.381104 -128.806213 0.653137 -1.831055 -0.746246
7476 1444991609.435347 6.668701 -35.209351 -128.751495 0.656677 -1.825562 -0.757263
7477 1444991609.445411 6.92804 -35.381104 -128.587341 0.650482 -1.828308 -0.748566
7478 1444991609.455480 6.816895 -35.295227 -128.423187 0.650482 -1.827393 -0.751465
7479 1444991609.465568 6.742798 -35.509918 -128.642059 0.647827 -1.829224 -0.758423
7480 1444991609.475636 6.779846 -35.295227 -128.532623 0.647827 -1.826477 -0.749725
7481 1444991609.485701 6.779846 -35.338165 -128.532623 0.646057 -1.824646 -0.750305
7482 1444991609.495763 6.92804 -35.338165 -128.423187 0.645172 -1.827393 -0.752045
7483 1444991609.505850 6.816895 -35.46698 -128.423187 0.644287 -1.828308 -0.750305
7484 1444991609.515927 6.742798 -35.252289 -128.368469 0.646942 -1.829224 -0.750305
7485 1444991609.525990 6.779846 -35.381104 -128.532623 0.648712 -1.830139 -0.752625
7486 1444991609.536049 6.70575 -35.338165 -128.477905 0.647827 -1.827393 -0.745667
7487 1444991609.546112 6.70575 -35.295227 -128.587341 0.650482 -1.827393 -0.753204
7488 1444991609.556182 6.890991 -35.46698 -128.532623 0.648712 -1.830139 -0.745667
7489 1444991609.566226 6.816895 -35.295227 -128.642059 0.650482 -1.828308 -0.747406
7490 1444991609.576288 6.779846 -35.295227 -128.751495 0.652252 -1.829224 -0.747986
7491 1444991609.586401 6.742798 -35.338165 -128.751495 0.651367 -1.830139 -0.745087
7492 1444991609.596413 6.779846 -35.338165 -128.642059 0.651367 -1.829224 -0.742767
7493 1444991609.606482 6.890991 -35.123474 -128.860931 0.657562 -1.833801 -0.754364
7494 1444991609.616547 6.92804 -35.252289 -128.696777 0.652252 -1.83197 -0.744507
7495 1444991609.626609 6.668701 -35.252289 -128.532623 0.651367 -1.828308 -0.747986
7496 1444991609.636672 6.965088 -35.252289 -128.642059 0.651367 -1.834717 -0.752625
7497 1444991609.646734 6.779846 -35.338165 -128.696777 0.650482 -1.832886 -0.756683
7498 1444991609.656840 6.816895 -35.295227 -128.368469 0.647827 -1.829224 -0.749725
7499 1444991609.666911 6.779846 -35.381104 -128.751495 0.650482 -1.833801 -0.757843
7500 1444991609.676962 6.853943 -35.295227 -128.368469 0.646942 -1.832886 -0.754364
7501 1444991609.686978 6.853943 -35.295227 -128.532623 0.647827 -1.83197 -0.750305
7502 1444991609.697043 6.779846 -35.295227 -128.477905 0.646942 -1.833801 -0.747986
7503 1444991609.707105 6.779846 -35.338165 -128.423187 0.645172 -1.83197 -0.754944
7504 1444991609.717169 6.92804 -35.209351 -128.587341 0.647827 -1.836548 -0.745667
7505 1444991609.727232 6.816895 -35.424042 -128.313751 0.645172 -1.833801 -0.749146
7506 1444991609.737296 6.965088 -35.381104 -128.696777 0.647827 -1.836548 -0.749725
7507 1444991609.747358 6.742798 -35.295227 -128.587341 0.649597 -1.833801 -0.746826
7508 1444991609.757422 6.668701 -35.295227 -128.587341 0.650482 -1.83197 -0.747406
7509 1444991609.767437 6.742798 -35.46698 -128.860931 0.651367 -1.837463 -0.747986
7510 1444991609.777499 6.816895 -35.295227 -128.642059 0.651367 -1.834717 -0.743927
7511 1444991609.787560 6.853943 -35.295227 -128.751495 0.653137 -1.832886 -0.751465
7512 1444991609.797622 6.816895 -35.46698 -128.642059 0.650482 -1.834717 -0.754364
7513 1444991609.807684 6.816895 -35.252289 -128.532623 0.652252 -1.83197 -0.747986
7514 1444991609.817745 6.742798 -35.295227 -128.696777 0.651367 -1.830139 -0.749725
7515 1444991609.827808 6.742798 -35.46698 -128.477905 0.646942 -1.83197 -0.753204
7516 1444991609.837872 6.853943 -35.295227 -128.532623 0.649597 -1.830139 -0.758423
7517 1444991609.847936 6.779846 -35.424042 -128.587341 0.647827 -1.832886 -0.749146
7518 1444991609.858014 6.853943 -35.295227 -128.532623 0.649597 -1.832886 -0.753784
7519 1444991609.868149 6.70575 -35.424042 -128.423187 0.647827 -1.831055 -0.757843
7520 1444991609.878212 6.742798 -35.252289 -128.423187 0.648712 -1.832886 -0.749146
7521 1444991609.888276 6.779846 -35.295227 -128.423187 0.646942 -1.830139 -0.749146
7522 1444991609.898334 6.742798 -35.381104 -128.477905 0.648712 -1.829224 -0.745667
7523 1444991609.908398 6.70575 -35.338165 -128.423187 0.647827 -1.831055 -0.747986
7524 1444991609.918461 6.890991 -35.252289 -128.696777 0.650482 -1.833801 -0.747986
7525 1444991609.928525 6.92804 -35.295227 -128.477905 0.648712 -1.834717 -0.737549
7526 1444991609.938588 6.668701 -35.381104 -128.696777 0.649597 -1.829224 -0.749146
7527 1444991609.948651 6.816895 -35.295227 -128.642059 0.653137 -1.833801 -0.751465
7528 1444991609.958714 6.668701 -35.338165 -128.587341 0.651367 -1.831055 -0.744507
7529 1444991609.968785 6.890991 -35.209351 -128.642059 0.653137 -1.831055 -0.747406
7530 1444991609.978841 6.890991 -35.381104 -128.696777 0.650482 -1.832886 -0.748566
7531 1444991609.988902 6.92804 -35.252289 -128.751495 0.652252 -1.832886 -0.752045
7532 1444991609.998965 6.70575 -35.338165 -128.532623 0.650482 -1.828308 -0.753204
7533 1444991610.009027 6.890991 -35.209351 -128.696777 0.651367 -1.83197 -0.749725
7534 1444991610.019095 6.816895 -35.295227 -128.423187 0.650482 -1.827393 -0.757263
7535 1444991610.029158 6.816895 -35.295227 -128.149597 0.645172 -1.826477 -0.750305
7536 1444991610.039220 6.816895 -35.295227 -128.642059 0.650482 -1.830139 -0.758423
7537 1444991610.049299 6.779846 -35.381104 -128.204315 0.646942 -1.828308 -0.756683
7538 1444991610.059381 6.779846 -35.424042 -128.368469 0.646057 -1.828308 -0.750885
7539 1444991610.069467 6.890991 -35.295227 -128.368469 0.650482 -1.828308 -0.759003
7540 1444991610.079548 6.816895 -35.381104 -128.259033 0.649597 -1.825562 -0.760162
7541 1444991610.089620 6.742798 -35.381104 -128.532623 0.647827 -1.831055 -0.749146
7542 1444991610.099645 6.779846 -35.295227 -128.259033 0.650482 -1.828308 -0.749146
7543 1444991610.109710 6.853943 -35.381104 -128.423187 0.650482 -1.829224 -0.750885
7544 1444991610.119771 6.70575 -35.338165 -128.532623 0.651367 -1.831055 -0.745667
7545 1444991610.129844 6.779846 -35.338165 -128.477905 0.649597 -1.829224 -0.753204
7546 1444991610.139905 6.779846 -35.295227 -128.587341 0.649597 -1.83197 -0.741028
7547 1444991610.149967 6.742798 -35.295227 -128.532623 0.651367 -1.83197 -0.746826
7548 1444991610.160033 6.816895 -35.252289 -128.477905 0.651367 -1.828308 -0.752625
7549 1444991610.170093 6.742798 -35.295227 -128.477905 0.652252 -1.83197 -0.750305
7550 1444991610.180156 6.816895 -35.295227 -128.532623 0.650482 -1.83197 -0.750885
7551 1444991610.190219 6.816895 -35.295227 -128.423187 0.650482 -1.830139 -0.759003
7552 1444991610.200282 6.742798 -35.381104 -128.259033 0.648712 -1.831055 -0.749725
7553 1444991610.210355 6.853943 -35.381104 -128.587341 0.650482 -1.83197 -0.765961
7554 1444991610.220435 6.742798 -35.424042 -128.423187 0.646942 -1.831055 -0.757263
7555 1444991610.230496 6.816895 -35.381104 -128.368469 0.647827 -1.834717 -0.750885
7556 1444991610.240559 6.890991 -35.209351 -128.204315 0.647827 -1.833801 -0.757263
7557 1444991610.250622 6.631653 -35.295227 -128.423187 0.649597 -1.83197 -0.757843
7558 1444991610.260682 6.816895 -35.338165 -128.477905 0.648712 -1.833801 -0.754944
7559 1444991610.270744 7.002136 -35.252289 -128.587341 0.650482 -1.838379 -0.756104
7560 1444991610.280807 6.668701 -35.209351 -128.477905 0.653137 -1.833801 -0.757263
7561 1444991610.290869 6.92804 -35.338165 -128.751495 0.652252 -1.837463 -0.752045
7562 1444991610.300932 6.779846 -35.295227 -128.368469 0.651367 -1.83197 -0.753784
7563 1444991610.310995 6.779846 -35.424042 -128.532623 0.651367 -1.835632 -0.747406
7564 1444991610.321068 6.890991 -35.209351 -128.751495 0.653137 -1.839294 -0.754364
7565 1444991610.331123 6.779846 -35.252289 -128.477905 0.652252 -1.834717 -0.749146
7566 1444991610.341194 6.779846 -35.252289 -128.477905 0.653137 -1.834717 -0.748566
7567 1444991610.351294 6.70575 -35.295227 -128.368469 0.649597 -1.837463 -0.750305
7568 1444991610.361359 6.853943 -35.424042 -128.368469 0.646942 -1.838379 -0.748566
7569 1444991610.371421 6.70575 -35.252289 -128.751495 0.652252 -1.835632 -0.756104
7570 1444991610.381483 6.92804 -35.166412 -128.477905 0.650482 -1.832886 -0.752045
7571 1444991610.391547 6.742798 -35.252289 -128.477905 0.650482 -1.832886 -0.758423
7572 1444991610.401628 6.816895 -35.338165 -128.423187 0.650482 -1.837463 -0.759003
7573 1444991610.411699 6.816895 -35.252289 -128.423187 0.651367 -1.831055 -0.753784
7574 1444991610.421762 6.779846 -35.295227 -128.477905 0.651367 -1.832886 -0.759583
7575 1444991610.431826 6.853943 -35.295227 -128.532623 0.649597 -1.832886 -0.761902
7576 1444991610.441895 6.816895 -35.295227 -128.423187 0.649597 -1.830139 -0.761902
7577 1444991610.451981 6.742798 -35.381104 -128.423187 0.647827 -1.831055 -0.753784
7578 1444991610.462132 6.816895 -35.424042 -128.587341 0.648712 -1.832886 -0.759583
7579 1444991610.472196 6.92804 -35.252289 -128.477905 0.651367 -1.832886 -0.758423
7580 1444991610.482262 6.816895 -35.338165 -128.313751 0.650482 -1.83197 -0.754364
7581 1444991610.492385 6.779846 -35.338165 -128.587341 0.653137 -1.832886 -0.758423
7582 1444991610.502447 6.890991 -35.252289 -128.587341 0.652252 -1.831055 -0.751465
7583 1444991610.512510 6.70575 -35.338165 -128.642059 0.652252 -1.829224 -0.754944
7584 1444991610.522631 6.557556 -35.338165 -128.532623 0.654022 -1.827393 -0.757843
7585 1444991610.532693 6.890991 -35.338165 -128.532623 0.650482 -1.829224 -0.750305
7586 1444991610.542754 6.668701 -35.338165 -128.313751 0.651367 -1.82373 -0.760162
7587 1444991610.552829 6.779846 -35.381104 -128.368469 0.647827 -1.829224 -0.751465
7588 1444991610.562890 6.890991 -35.338165 -128.368469 0.648712 -1.829224 -0.760162
7589 1444991610.572951 6.816895 -35.381104 -128.368469 0.649597 -1.829224 -0.757843
7590 1444991610.583014 6.890991 -35.252289 -128.313751 0.649597 -1.827393 -0.753784
7591 1444991610.593118 6.853943 -35.424042 -128.259033 0.646942 -1.828308 -0.759003
7592 1444991610.603160 6.890991 -35.209351 -128.259033 0.650482 -1.830139 -0.761902
7593 1444991610.613211 6.70575 -35.252289 -128.313751 0.650482 -1.82373 -0.757843
7594 1444991610.623297 6.853943 -35.295227 -128.259033 0.650482 -1.825562 -0.757263
7595 1444991610.633384 6.853943 -35.252289 -128.532623 0.651367 -1.831055 -0.764801
7596 1444991610.643447 6.853943 -35.252289 -128.477905 0.652252 -1.827393 -0.758423
7597 1444991610.653517 6.742798 -35.381104 -128.313751 0.650482 -1.828308 -0.758423
7598 1444991610.663593 6.890991 -35.209351 -128.532623 0.652252 -1.83197 -0.753784
7599 1444991610.673656 6.70575 -35.166412 -128.587341 0.654907 -1.829224 -0.761902
7600 1444991610.683720 6.853943 -35.424042 -128.368469 0.648712 -1.831055 -0.750885
7601 1444991610.693807 6.779846 -35.295227 -128.751495 0.654907 -1.833801 -0.761322
7602 1444991610.703882 6.70575 -35.295227 -128.423187 0.653137 -1.831055 -0.754364
7603 1444991610.713973 6.70575 -35.166412 -128.642059 0.654907 -1.83197 -0.750885
7604 1444991610.724036 6.890991 -35.295227 -128.587341 0.652252 -1.836548 -0.754364
7605 1444991610.734100 6.742798 -35.295227 -128.477905 0.653137 -1.834717 -0.758423
7606 1444991610.744167 6.816895 -35.295227 -128.477905 0.651367 -1.834717 -0.756104
7607 1444991610.754250 6.853943 -35.295227 -128.477905 0.650482 -1.835632 -0.758423
7608 1444991610.764329 6.890991 -35.338165 -128.313751 0.645172 -1.836548 -0.757263
7609 1444991610.774493 6.816895 -35.252289 -128.368469 0.649597 -1.837463 -0.757843
7610 1444991610.784623 6.779846 -35.424042 -128.149597 0.646057 -1.834717 -0.760162
7611 1444991610.794774 6.853943 -35.295227 -128.259033 0.649597 -1.836548 -0.765961
7612 1444991610.804841 6.853943 -35.338165 -128.204315 0.647827 -1.836548 -0.759003
7613 1444991610.814903 6.816895 -35.295227 -128.313751 0.647827 -1.837463 -0.761322
7614 1444991610.824950 6.816895 -35.252289 -128.587341 0.652252 -1.835632 -0.761322
7615 1444991610.835028 6.853943 -35.295227 -128.477905 0.651367 -1.837463 -0.762482
7616 1444991610.845109 6.779846 -35.209351 -128.587341 0.654907 -1.837463 -0.761902
7617 1444991610.855172 6.92804 -35.338165 -128.751495 0.651367 -1.839294 -0.758423
7618 1444991610.865362 6.668701 -35.295227 -128.477905 0.654022 -1.83197 -0.759583
7619 1444991610.875460 6.70575 -35.209351 -128.532623 0.654907 -1.833801 -0.758423
7620 1444991610.885575 6.742798 -35.295227 -128.532623 0.653137 -1.834717 -0.761902
7621 1444991610.895637 6.816895 -35.295227 -128.587341 0.654022 -1.838379 -0.753204
7622 1444991610.905758 6.70575 -35.252289 -128.642059 0.655792 -1.833801 -0.759583
7623 1444991610.915820 6.779846 -35.209351 -128.477905 0.653137 -1.833801 -0.756104
7624 1444991610.925881 6.890991 -35.295227 -128.587341 0.652252 -1.835632 -0.760162
7625 1444991610.935942 6.631653 -35.424042 -128.368469 0.651367 -1.831055 -0.764801
7626 1444991610.946003 6.70575 -35.295227 -128.423187 0.650482 -1.830139 -0.761322
7627 1444991610.956124 6.890991 -35.209351 -128.149597 0.651367 -1.830139 -0.762482
7628 1444991610.966184 6.853943 -35.295227 -128.477905 0.649597 -1.832886 -0.757263
7629 1444991610.976250 6.816895 -35.295227 -128.477905 0.648712 -1.831055 -0.763641
7630 1444991610.986312 6.965088 -35.252289 -128.313751 0.646942 -1.828308 -0.758423
7631 1444991610.996377 6.631653 -35.209351 -128.313751 0.650482 -1.828308 -0.761902
7632 1444991611.006465 6.890991 -35.295227 -128.204315 0.648712 -1.829224 -0.76886
7633 1444991611.016529 6.890991 -35.295227 -128.477905 0.648712 -1.83197 -0.761902
7634 1444991611.026590 6.742798 -35.252289 -128.477905 0.651367 -1.828308 -0.760162
7635 1444991611.036653 6.816895 -35.338165 -128.477905 0.651367 -1.830139 -0.763062
7636 1444991611.046672 6.890991 -35.252289 -128.696777 0.654022 -1.831055 -0.761902
7637 1444991611.056755 6.779846 -35.252289 -128.477905 0.654907 -1.828308 -0.760162
7638 1444991611.066842 6.779846 -35.080536 -128.532623 0.654907 -1.826477 -0.759003
7639 1444991611.076903 6.742798 -35.209351 -128.751495 0.654022 -1.830139 -0.759003
7640 1444991611.086966 6.816895 -35.209351 -128.642059 0.653137 -1.831055 -0.760162
7641 1444991611.097028 6.70575 -35.295227 -128.532623 0.652252 -1.828308 -0.758423
7642 1444991611.107112 6.965088 -35.295227 -128.477905 0.650482 -1.831055 -0.761902
7643 1444991611.117154 6.742798 -35.295227 -128.423187 0.650482 -1.828308 -0.763062
7644 1444991611.127216 6.816895 -35.295227 -128.642059 0.653137 -1.835632 -0.760162
7645 1444991611.137392 6.779846 -35.338165 -128.259033 0.648712 -1.829224 -0.765961
7646 1444991611.147454 6.779846 -35.209351 -128.423187 0.650482 -1.832886 -0.763062
7647 1444991611.157581 6.779846 -35.295227 -128.204315 0.650482 -1.831055 -0.765381
7648 1444991611.167646 6.853943 -35.338165 -128.368469 0.646942 -1.834717 -0.758423
7649 1444991611.177709 6.70575 -35.424042 -128.368469 0.646942 -1.832886 -0.765381
7650 1444991611.187771 6.853943 -35.295227 -128.259033 0.647827 -1.834717 -0.763641
7651 1444991611.197834 6.779846 -35.424042 -128.204315 0.646942 -1.832886 -0.763062
7652 1444991611.207952 6.779846 -35.338165 -128.368469 0.648712 -1.835632 -0.761902
7653 1444991611.217989 6.853943 -35.381104 -128.532623 0.650482 -1.837463 -0.764801
7654 1444991611.228052 6.890991 -35.166412 -128.587341 0.654022 -1.836548 -0.763641
7655 1444991611.238135 6.594604 -35.209351 -128.532623 0.653137 -1.833801 -0.759003
7656 1444991611.248196 6.890991 -35.209351 -128.477905 0.654907 -1.838379 -0.757843
7657 1444991611.258260 6.92804 -35.252289 -128.477905 0.653137 -1.838379 -0.758423
7658 1444991611.268321 6.890991 -35.166412 -128.642059 0.654022 -1.841125 -0.757843
7659 1444991611.278385 6.816895 -35.295227 -128.751495 0.653137 -1.839294 -0.759583
7660 1444991611.288446 6.779846 -35.252289 -128.477905 0.651367 -1.837463 -0.757843
7661 1444991611.298515 6.668701 -35.252289 -128.532623 0.654022 -1.835632 -0.759003
7662 1444991611.308579 6.70575 -35.295227 -128.532623 0.651367 -1.836548 -0.759003
7663 1444991611.318642 6.779846 -35.46698 -128.259033 0.647827 -1.837463 -0.761902
7664 1444991611.328688 6.816895 -35.338165 -128.587341 0.649597 -1.841125 -0.761902
7665 1444991611.338776 6.853943 -35.295227 -128.204315 0.647827 -1.839294 -0.758423
7666 1444991611.348838 6.853943 -35.209351 -128.423187 0.650482 -1.836548 -0.757263
7667 1444991611.358919 6.816895 -35.338165 -128.423187 0.648712 -1.837463 -0.759003
7668 1444991611.368964 6.779846 -35.338165 -128.204315 0.646942 -1.837463 -0.761902
7669 1444991611.379026 6.742798 -35.252289 -128.477905 0.650482 -1.835632 -0.763062
7670 1444991611.389087 6.853943 -35.295227 -128.094879 0.648712 -1.834717 -0.757843
7671 1444991611.399149 6.92804 -35.252289 -128.423187 0.651367 -1.839294 -0.764801
7672 1444991611.409211 6.816895 -35.338165 -128.423187 0.651367 -1.834717 -0.765381
7673 1444991611.419246 6.70575 -35.166412 -128.477905 0.650482 -1.832886 -0.758423
7674 1444991611.429316 6.853943 -35.209351 -128.642059 0.653137 -1.834717 -0.756104
7675 1444991611.439378 6.816895 -35.295227 -128.587341 0.653137 -1.834717 -0.763062
7676 1444991611.449440 6.70575 -35.338165 -128.642059 0.653137 -1.834717 -0.755524
7677 1444991611.459506 6.742798 -35.123474 -128.423187 0.655792 -1.83197 -0.764221
7678 1444991611.469570 6.742798 -35.338165 -128.532623 0.653137 -1.833801 -0.760162
7679 1444991611.479633 6.816895 -35.209351 -128.587341 0.653137 -1.834717 -0.756683
7680 1444991611.489702 6.70575 -35.252289 -128.423187 0.652252 -1.832886 -0.757843
7681 1444991611.499761 6.742798 -35.209351 -128.532623 0.651367 -1.83197 -0.760742
7682 1444991611.509825 6.779846 -35.381104 -128.368469 0.648712 -1.83197 -0.758423
7683 1444991611.519873 6.890991 -35.252289 -128.368469 0.646942 -1.833801 -0.761322
7684 1444991611.529935 6.816895 -35.252289 -128.477905 0.647827 -1.836548 -0.755524
7685 1444991611.539998 6.742798 -35.295227 -128.204315 0.646942 -1.832886 -0.760162
7686 1444991611.550061 6.779846 -35.166412 -128.368469 0.648712 -1.831055 -0.759003
7687 1444991611.560123 6.742798 -35.509918 -128.423187 0.646942 -1.835632 -0.757843
7688 1444991611.570185 6.668701 -35.252289 -128.149597 0.646942 -1.83197 -0.761902
7689 1444991611.580247 6.853943 -35.080536 -128.259033 0.652252 -1.833801 -0.755524
7690 1444991611.590309 6.779846 -35.338165 -128.368469 0.650482 -1.832886 -0.757263
7691 1444991611.600370 6.70575 -35.338165 -128.477905 0.651367 -1.834717 -0.760742
7692 1444991611.610450 6.779846 -35.080536 -128.587341 0.654022 -1.833801 -0.755524
7693 1444991611.620509 6.70575 -35.381104 -128.204315 0.651367 -1.829224 -0.754944
7694 1444991611.630572 6.779846 -35.166412 -128.477905 0.654022 -1.833801 -0.757263
7695 1444991611.640634 6.890991 -35.166412 -128.642059 0.654907 -1.837463 -0.761902
7696 1444991611.650697 6.70575 -35.252289 -128.532623 0.652252 -1.834717 -0.756683
7697 1444991611.660761 6.816895 -35.338165 -128.368469 0.651367 -1.833801 -0.756104
7698 1444991611.670822 6.890991 -35.037598 -128.477905 0.652252 -1.832886 -0.759003
7699 1444991611.680884 6.70575 -35.166412 -128.368469 0.653137 -1.832886 -0.762482
7700 1444991611.690946 6.92804 -35.338165 -128.259033 0.649597 -1.837463 -0.756683
7701 1444991611.701009 6.816895 -35.252289 -128.532623 0.650482 -1.835632 -0.759583
7702 1444991611.711109 6.779846 -35.338165 -128.259033 0.650482 -1.831055 -0.761322
7703 1444991611.721197 6.742798 -35.381104 -128.259033 0.647827 -1.834717 -0.759583
7704 1444991611.731259 6.742798 -35.338165 -128.477905 0.648712 -1.838379 -0.765381
7705 1444991611.741322 6.779846 -35.209351 -128.204315 0.649597 -1.832886 -0.760742
7706 1444991611.751383 6.742798 -35.338165 -128.423187 0.646942 -1.833801 -0.756104
7707 1444991611.761443 6.742798 -35.252289 -128.368469 0.649597 -1.834717 -0.76886
7708 1444991611.771504 6.890991 -35.338165 -128.204315 0.647827 -1.835632 -0.759003
7709 1444991611.781567 6.631653 -35.338165 -128.368469 0.651367 -1.832886 -0.763641
7710 1444991611.791627 6.816895 -35.295227 -128.259033 0.652252 -1.839294 -0.759003
7711 1444991611.801688 6.742798 -35.295227 -128.532623 0.653137 -1.838379 -0.757263
7712 1444991611.811805 6.668701 -35.123474 -128.368469 0.654907 -1.832886 -0.763062
7713 1444991611.821867 6.70575 -35.295227 -128.751495 0.652252 -1.836548 -0.756683
7714 1444991611.831916 6.890991 -35.252289 -128.642059 0.654022 -1.839294 -0.759583
7715 1444991611.841976 6.631653 -35.166412 -128.532623 0.654907 -1.834717 -0.763062
7716 1444991611.852038 6.816895 -35.209351 -128.423187 0.651367 -1.835632 -0.757263
7717 1444991611.862105 6.742798 -35.209351 -128.642059 0.654022 -1.837463 -0.764801
7718 1444991611.872166 6.742798 -35.209351 -128.532623 0.652252 -1.832886 -0.760742
7719 1444991611.882227 6.742798 -35.295227 -128.368469 0.651367 -1.836548 -0.754364
7720 1444991611.892286 6.853943 -35.166412 -128.532623 0.652252 -1.836548 -0.763641
7721 1444991611.902351 6.668701 -35.381104 -128.313751 0.648712 -1.832886 -0.766541
7722 1444991611.912414 6.816895 -35.424042 -128.368469 0.646942 -1.835632 -0.757263
7723 1444991611.922477 6.816895 -35.338165 -128.313751 0.648712 -1.838379 -0.764801
7724 1444991611.932539 6.853943 -35.123474 -128.204315 0.650482 -1.835632 -0.763641
7725 1444991611.942600 6.70575 -35.46698 -128.149597 0.646057 -1.833801 -0.756104
7726 1444991611.952670 6.816895 -35.295227 -128.477905 0.650482 -1.837463 -0.76828
7727 1444991611.962731 6.853943 -35.252289 -128.477905 0.650482 -1.839294 -0.763062
7728 1444991611.972793 6.779846 -35.338165 -128.423187 0.648712 -1.832886 -0.757263
7729 1444991611.982853 6.853943 -35.295227 -128.696777 0.653137 -1.839294 -0.761902
7730 1444991611.992878 6.742798 -35.209351 -128.477905 0.653137 -1.832886 -0.771179
7731 1444991612.002945 6.965088 -35.295227 -128.751495 0.650482 -1.839294 -0.756104
7732 1444991612.013019 6.742798 -35.252289 -128.642059 0.653137 -1.833801 -0.752045
7733 1444991612.023094 6.631653 -35.166412 -128.642059 0.655792 -1.83197 -0.76828
7734 1444991612.033183 6.816895 -35.166412 -128.532623 0.653137 -1.835632 -0.752625
7735 1444991612.043249 6.631653 -35.252289 -128.313751 0.652252 -1.829224 -0.759583
7736 1444991612.053297 6.779846 -35.166412 -128.751495 0.654022 -1.836548 -0.765381
7737 1444991612.063359 6.853943 -35.338165 -128.477905 0.649597 -1.836548 -0.759583
7738 1444991612.073424 6.816895 -35.209351 -128.423187 0.651367 -1.830139 -0.762482
7739 1444991612.083484 6.742798 -35.080536 -128.423187 0.651367 -1.831055 -0.764221
7740 1444991612.093547 6.853943 -35.381104 -128.477905 0.646942 -1.835632 -0.760742
7741 1444991612.103625 6.853943 -35.166412 -128.532623 0.651367 -1.834717 -0.761902
7742 1444991612.113687 6.816895 -35.209351 -128.423187 0.649597 -1.831055 -0.763641
7743 1444991612.123751 6.890991 -35.338165 -128.423187 0.648712 -1.832886 -0.759003
7744 1444991612.133814 6.742798 -35.338165 -128.477905 0.649597 -1.832886 -0.763062
7745 1444991612.143876 6.668701 -35.209351 -128.259033 0.650482 -1.828308 -0.762482
7746 1444991612.153969 6.70575 -35.338165 -128.423187 0.648712 -1.83197 -0.759003
7747 1444991612.164031 6.816895 -35.295227 -128.423187 0.652252 -1.835632 -0.760162
7748 1444991612.174120 6.70575 -35.295227 -128.532623 0.650482 -1.833801 -0.759003
7749 1444991612.184181 6.668701 -35.338165 -128.477905 0.652252 -1.833801 -0.755524
7750 1444991612.194245 6.92804 -35.295227 -128.423187 0.651367 -1.832886 -0.762482
7751 1444991612.204337 6.742798 -35.381104 -128.368469 0.649597 -1.83197 -0.756683
7752 1444991612.214378 6.668701 -35.209351 -128.751495 0.654907 -1.83197 -0.761902
7753 1444991612.224448 6.70575 -35.209351 -128.368469 0.654907 -1.829224 -0.765961
7754 1444991612.234511 6.742798 -35.381104 -128.587341 0.650482 -1.834717 -0.756683
7755 1444991612.244574 6.779846 -35.252289 -128.423187 0.654907 -1.83197 -0.764801
7756 1444991612.254637 6.668701 -35.424042 -128.368469 0.648712 -1.829224 -0.765381
7757 1444991612.264739 6.816895 -35.424042 -128.532623 0.649597 -1.834717 -0.762482
7758 1444991612.274800 6.890991 -35.338165 -128.368469 0.650482 -1.835632 -0.77002
7759 1444991612.284861 6.890991 -35.295227 -128.259033 0.646942 -1.834717 -0.760162
7760 1444991612.294934 6.816895 -35.209351 -128.368469 0.646057 -1.838379 -0.753784
7761 1444991612.304997 6.779846 -35.166412 -128.313751 0.649597 -1.834717 -0.761902
7762 1444991612.315059 6.742798 -35.295227 -128.423187 0.648712 -1.836548 -0.758423
7763 1444991612.325122 6.853943 -35.209351 -128.313751 0.649597 -1.839294 -0.760742
7764 1444991612.335184 6.668701 -35.295227 -128.587341 0.652252 -1.838379 -0.764801
7765 1444991612.345245 6.816895 -35.338165 -128.423187 0.650482 -1.836548 -0.759003
7766 1444991612.355296 6.779846 -35.381104 -128.532623 0.652252 -1.834717 -0.766541
7767 1444991612.365363 6.853943 -35.295227 -128.532623 0.653137 -1.839294 -0.761902
7768 1444991612.375426 6.853943 -35.338165 -128.587341 0.653137 -1.837463 -0.761322
7769 1444991612.385487 6.816895 -35.295227 -128.587341 0.653137 -1.837463 -0.758423
7770 1444991612.395550 6.742798 -35.295227 -128.477905 0.653137 -1.838379 -0.756104
7771 1444991612.405632 6.965088 -35.037598 -128.642059 0.654907 -1.838379 -0.766541
7772 1444991612.415693 6.742798 -35.338165 -128.587341 0.650482 -1.837463 -0.755524
7773 1444991612.425754 6.779846 -35.295227 -128.532623 0.651367 -1.836548 -0.758423
7774 1444991612.435817 6.779846 -35.252289 -128.587341 0.652252 -1.836548 -0.764801
7775 1444991612.445876 6.779846 -35.381104 -128.642059 0.650482 -1.836548 -0.762482
7776 1444991612.455939 6.816895 -35.295227 -128.477905 0.650482 -1.834717 -0.763062
7777 1444991612.466002 6.742798 -35.295227 -128.423187 0.650482 -1.833801 -0.761902
7778 1444991612.476050 6.70575 -35.295227 -128.313751 0.648712 -1.833801 -0.763641
7779 1444991612.486109 6.853943 -35.295227 -128.423187 0.648712 -1.835632 -0.758423
7780 1444991612.496172 6.779846 -35.295227 -128.423187 0.649597 -1.835632 -0.764801
7781 1444991612.506236 6.92804 -35.338165 -128.368469 0.647827 -1.836548 -0.761322
7782 1444991612.516289 6.816895 -35.338165 -128.259033 0.648712 -1.832886 -0.761902
7783 1444991612.526353 6.779846 -35.381104 -128.423187 0.648712 -1.835632 -0.764801
7784 1444991612.536417 6.779846 -35.424042 -128.423187 0.647827 -1.832886 -0.764221
7785 1444991612.546481 6.853943 -35.295227 -128.642059 0.650482 -1.831055 -0.761322
7786 1444991612.556571 6.779846 -35.209351 -128.751495 0.652252 -1.835632 -0.761902
7787 1444991612.566658 6.742798 -35.252289 -128.477905 0.653137 -1.83197 -0.763062
7788 1444991612.576702 6.742798 -35.338165 -128.806213 0.651367 -1.835632 -0.756104
7789 1444991612.586790 6.742798 -35.252289 -128.477905 0.653137 -1.829224 -0.765961
7790 1444991612.596853 6.70575 -35.295227 -128.477905 0.651367 -1.830139 -0.759003
7791 1444991612.606944 6.779846 -35.209351 -128.751495 0.653137 -1.831055 -0.760742
7792 1444991612.617047 6.779846 -35.338165 -128.532623 0.651367 -1.83197 -0.760742
7793 1444991612.627263 6.70575 -35.295227 -128.587341 0.652252 -1.828308 -0.760742
7794 1444991612.637377 6.92804 -35.166412 -128.477905 0.654022 -1.836548 -0.760162
7795 1444991612.647483 6.779846 -35.295227 -128.259033 0.649597 -1.827393 -0.764221
7796 1444991612.657618 6.70575 -35.209351 -128.532623 0.652252 -1.831055 -0.77002
7797 1444991612.667678 6.779846 -35.209351 -128.587341 0.650482 -1.833801 -0.759583
7798 1444991612.677750 6.816895 -35.381104 -128.149597 0.647827 -1.826477 -0.761322
7799 1444991612.687814 6.742798 -35.166412 -128.696777 0.653137 -1.835632 -0.764221
7800 1444991612.697880 6.779846 -35.295227 -128.204315 0.648712 -1.831055 -0.761322
7801 1444991612.707973 6.890991 -35.295227 -128.313751 0.648712 -1.831055 -0.762482
7802 1444991612.718059 6.668701 -35.338165 -128.587341 0.650482 -1.837463 -0.754944
7803 1444991612.728251 6.742798 -35.295227 -128.368469 0.649597 -1.831055 -0.761322
7804 1444991612.738412 6.70575 -35.295227 -128.368469 0.649597 -1.830139 -0.762482
7805 1444991612.748480 6.853943 -35.252289 -128.642059 0.650482 -1.839294 -0.755524
7806 1444991612.758556 6.70575 -35.338165 -128.313751 0.650482 -1.830139 -0.76712
7807 1444991612.768664 6.742798 -35.123474 -128.532623 0.654022 -1.83197 -0.759583
7808 1444991612.778785 6.742798 -35.424042 -128.587341 0.649597 -1.835632 -0.755524
7809 1444991612.788850 6.779846 -35.166412 -128.423187 0.654022 -1.832886 -0.761902
7810 1444991612.798912 6.816895 -35.209351 -128.696777 0.654022 -1.833801 -0.759583
7811 1444991612.808959 6.742798 -35.252289 -128.313751 0.649597 -1.83197 -0.760162
7812 1444991612.819023 6.853943 -35.252289 -128.587341 0.652252 -1.837463 -0.761902
7813 1444991612.829118 6.816895 -35.381104 -128.696777 0.651367 -1.836548 -0.765381
7814 1444991612.839180 6.779846 -35.381104 -128.532623 0.647827 -1.837463 -0.750305
7815 1444991612.849244 6.70575 -35.424042 -128.423187 0.646942 -1.841125 -0.745087
7816 1444991612.859332 6.816895 -35.338165 -128.587341 0.651367 -1.836548 -0.764221
7817 1444991612.869376 6.890991 -35.338165 -128.751495 0.651367 -1.842041 -0.749725
7818 1444991612.879476 6.742798 -35.295227 -128.423187 0.654907 -1.83197 -0.759583
7819 1444991612.889539 6.853943 -35.252289 -128.423187 0.655792 -1.834717 -0.77002
7820 1444991612.899601 6.816895 -35.209351 -128.259033 0.652252 -1.836548 -0.764801
7821 1444991612.909673 6.70575 -35.209351 -128.368469 0.649597 -1.829224 -0.775238
7822 1444991612.919736 6.742798 -35.338165 -128.149597 0.646057 -1.835632 -0.772339
7823 1444991612.929806 6.890991 -35.166412 -128.040161 0.643402 -1.834717 -0.766541
7824 1444991612.939869 6.816895 -35.338165 -128.149597 0.644287 -1.833801 -0.772919
7825 1444991612.949931 6.668701 -35.338165 -128.094879 0.645172 -1.836548 -0.76828
7826 1444991612.960008 6.779846 -35.424042 -128.313751 0.646942 -1.834717 -0.77002
7827 1444991612.970072 6.70575 -35.209351 -128.313751 0.654907 -1.833801 -0.764221
7828 1444991612.980140 6.853943 -35.209351 -128.587341 0.655792 -1.839294 -0.757263
7829 1444991612.990166 6.70575 -35.252289 -128.915649 0.661102 -1.832886 -0.763062
7830 1444991613.000250 6.816895 -35.166412 -128.642059 0.661102 -1.834717 -0.753784
7831 1444991613.010300 6.631653 -35.209351 -128.860931 0.661987 -1.834717 -0.754944
7832 1444991613.020351 6.853943 -35.295227 -128.423187 0.655792 -1.836548 -0.749725
7833 1444991613.030436 6.779846 -35.381104 -128.642059 0.651367 -1.838379 -0.745087
7834 1444991613.040498 6.742798 -35.381104 -128.368469 0.647827 -1.836548 -0.747986
7835 1444991613.050528 6.816895 -35.424042 -128.423187 0.644287 -1.842041 -0.750885
7836 1444991613.060591 6.668701 -35.295227 -128.313751 0.643402 -1.838379 -0.747986
7837 1444991613.070670 6.779846 -35.381104 -127.985443 0.642517 -1.834717 -0.750305
7838 1444991613.080725 6.92804 -35.295227 -128.040161 0.645172 -1.832886 -0.764221
7839 1444991613.090788 6.779846 -35.46698 -128.368469 0.646942 -1.833801 -0.763062
7840 1444991613.100855 6.70575 -35.295227 -127.930725 0.646942 -1.829224 -0.771179
7841 1444991613.110925 6.816895 -35.209351 -128.313751 0.650482 -1.831055 -0.771759
7842 1444991613.121008 6.816895 -35.209351 -128.259033 0.649597 -1.832886 -0.7677
7843 1444991613.131072 6.668701 -35.424042 -128.040161 0.647827 -1.826477 -0.776398
7844 1444991613.141135 6.70575 -35.252289 -128.423187 0.650482 -1.832886 -0.76944
7845 1444991613.151275 6.816895 -35.424042 -128.259033 0.647827 -1.834717 -0.761902
7846 1444991613.161401 6.557556 -35.338165 -128.368469 0.650482 -1.828308 -0.76944
7847 1444991613.171465 6.890991 -35.295227 -128.860931 0.654022 -1.837463 -0.758423
7848 1444991613.181526 6.594604 -35.381104 -128.423187 0.655792 -1.832886 -0.759583
7849 1444991613.191588 6.631653 -35.295227 -128.970367 0.659332 -1.831055 -0.757263
7850 1444991613.201659 6.742798 -35.295227 -128.751495 0.661102 -1.835632 -0.753204
7851 1444991613.211709 6.594604 -35.252289 -128.696777 0.661102 -1.830139 -0.756104
7852 1444991613.221773 6.631653 -35.295227 -128.806213 0.657562 -1.834717 -0.751465
7853 1444991613.231836 6.779846 -35.123474 -128.368469 0.653137 -1.834717 -0.752625
7854 1444991613.241899 6.594604 -35.338165 -128.313751 0.648712 -1.834717 -0.749725
7855 1444991613.251964 6.890991 -35.381104 -128.040161 0.643402 -1.841125 -0.747986
7856 1444991613.262026 6.890991 -35.46698 -128.040161 0.638977 -1.839294 -0.755524
7857 1444991613.272113 6.668701 -35.295227 -127.711853 0.641632 -1.83197 -0.763062
7858 1444991613.282175 6.92804 -35.424042 -127.711853 0.637207 -1.837463 -0.753204
7859 1444991613.292239 6.816895 -35.338165 -128.149597 0.642517 -1.836548 -0.764801
7860 1444991613.302300 6.853943 -35.252289 -128.040161 0.644287 -1.834717 -0.761902
7861 1444991613.312363 6.816895 -35.252289 -128.149597 0.649597 -1.833801 -0.770599
7862 1444991613.322388 6.742798 -35.295227 -128.313751 0.652252 -1.832886 -0.772339
7863 1444991613.332449 6.742798 -35.338165 -128.368469 0.652252 -1.835632 -0.7677
7864 1444991613.342510 6.742798 -35.166412 -128.587341 0.657562 -1.833801 -0.76944
7865 1444991613.352559 6.631653 -35.295227 -128.696777 0.654907 -1.836548 -0.763641
7866 1444991613.362603 6.890991 -35.252289 -128.751495 0.654907 -1.842041 -0.754364
7867 1444991613.372666 6.631653 -35.080536 -128.751495 0.657562 -1.835632 -0.763062
7868 1444991613.382726 6.668701 -35.424042 -128.751495 0.654022 -1.839294 -0.753784
7869 1444991613.392788 6.816895 -35.338165 -128.806213 0.654907 -1.84021 -0.756683
7870 1444991613.402850 6.779846 -35.252289 -128.751495 0.657562 -1.841125 -0.754944
7871 1444991613.412920 6.631653 -35.295227 -128.477905 0.656677 -1.835632 -0.756104
7872 1444991613.422983 6.594604 -35.338165 -128.477905 0.654907 -1.839294 -0.756683
7873 1444991613.433047 6.779846 -35.295227 -128.423187 0.650482 -1.841125 -0.754944
7874 1444991613.443108 6.853943 -35.209351 -128.149597 0.647827 -1.837463 -0.760742
7875 1444991613.453171 6.816895 -35.424042 -127.985443 0.639862 -1.842041 -0.756104
7876 1444991613.463234 6.779846 -35.338165 -127.876007 0.639862 -1.841125 -0.757843
7877 1444991613.473297 6.890991 -35.252289 -127.930725 0.639862 -1.841125 -0.761902
7878 1444991613.483361 6.668701 -35.381104 -127.876007 0.638977 -1.839294 -0.756104
7879 1444991613.493420 6.742798 -35.295227 -127.930725 0.642517 -1.838379 -0.757843
7880 1444991613.503484 6.853943 -35.209351 -128.149597 0.648712 -1.84021 -0.770599
7881 1444991613.513551 6.965088 -35.252289 -128.532623 0.649597 -1.84021 -0.759003
7882 1444991613.523614 6.668701 -35.209351 -128.423187 0.657562 -1.834717 -0.76944
7883 1444991613.533674 6.668701 -35.123474 -128.696777 0.658447 -1.837463 -0.763062
7884 1444991613.543757 6.779846 -35.252289 -128.970367 0.660217 -1.838379 -0.761322
7885 1444991613.553835 6.70575 -35.338165 -128.970367 0.659332 -1.837463 -0.76828
7886 1444991613.563899 6.70575 -35.338165 -128.696777 0.657562 -1.834717 -0.756104
7887 1444991613.573962 6.742798 -35.209351 -128.642059 0.656677 -1.838379 -0.755524
7888 1444991613.584024 6.70575 -35.252289 -128.587341 0.653137 -1.837463 -0.751465
7889 1444991613.594110 6.742798 -35.295227 -128.642059 0.654022 -1.839294 -0.756104
7890 1444991613.604181 6.483459 -35.295227 -128.587341 0.653137 -1.834717 -0.752045
7891 1444991613.614243 6.742798 -35.338165 -128.368469 0.650482 -1.835632 -0.756104
7892 1444991613.624266 6.816895 -35.295227 -128.423187 0.648712 -1.838379 -0.755524
7893 1444991613.634335 6.779846 -35.381104 -128.094879 0.646942 -1.835632 -0.756683
7894 1444991613.644460 6.779846 -35.295227 -128.204315 0.648712 -1.834717 -0.760742
7895 1444991613.654505 6.816895 -35.295227 -127.985443 0.641632 -1.834717 -0.754364
7896 1444991613.664569 6.742798 -35.46698 -127.930725 0.639862 -1.836548 -0.760162
7897 1444991613.674629 6.816895 -35.338165 -128.149597 0.641632 -1.833801 -0.762482
7898 1444991613.684691 6.779846 -35.381104 -127.821289 0.640747 -1.835632 -0.759583
7899 1444991613.694755 6.742798 -35.295227 -128.259033 0.643402 -1.837463 -0.761322
7900 1444991613.704817 6.668701 -35.424042 -128.204315 0.645172 -1.833801 -0.760162
7901 1444991613.714879 6.816895 -35.252289 -128.368469 0.649597 -1.833801 -0.763062
7902 1444991613.724942 6.668701 -35.295227 -128.751495 0.657562 -1.833801 -0.766541
7903 1444991613.735003 6.631653 -35.295227 -128.642059 0.659332 -1.829224 -0.765381
7904 1444991613.745066 6.779846 -35.252289 -129.025085 0.661987 -1.834717 -0.759583
7905 1444991613.755138 6.668701 -35.209351 -128.806213 0.663757 -1.832886 -0.765961
7906 1444991613.765200 6.668701 -35.209351 -128.806213 0.661987 -1.832886 -0.759583
7907 1444991613.775289 6.557556 -35.209351 -128.806213 0.658447 -1.833801 -0.757843
7908 1444991613.785355 6.779846 -35.252289 -128.423187 0.653137 -1.833801 -0.762482
7909 1444991613.795425 6.816895 -35.295227 -128.477905 0.648712 -1.835632 -0.752045
7910 1444991613.805486 6.742798 -35.295227 -128.313751 0.649597 -1.835632 -0.756104
7911 1444991613.815546 6.816895 -35.252289 -128.204315 0.646057 -1.835632 -0.759003
7912 1444991613.825607 6.779846 -35.295227 -128.204315 0.645172 -1.836548 -0.753784
7913 1444991613.835669 6.816895 -35.295227 -127.876007 0.645172 -1.832886 -0.761322
7914 1444991613.845730 6.816895 -35.166412 -128.204315 0.648712 -1.836548 -0.761322
7915 1444991613.855791 6.816895 -35.338165 -128.094879 0.643402 -1.836548 -0.752625
7916 1444991613.865869 6.742798 -35.209351 -128.094879 0.645172 -1.833801 -0.763641
7917 1444991613.875914 6.779846 -35.295227 -128.204315 0.645172 -1.835632 -0.757263
7918 1444991613.885975 6.70575 -35.338165 -128.094879 0.643402 -1.832886 -0.759003
7919 1444991613.896037 6.890991 -35.252289 -128.368469 0.648712 -1.838379 -0.762482
7920 1444991613.906102 6.816895 -35.166412 -128.313751 0.651367 -1.84021 -0.752625
7921 1444991613.916166 6.816895 -35.295227 -128.587341 0.654022 -1.835632 -0.758423
7922 1444991613.926227 6.70575 -35.252289 -128.970367 0.658447 -1.837463 -0.764221
7923 1444991613.936291 6.853943 -35.252289 -128.696777 0.658447 -1.836548 -0.760742
7924 1444991613.946354 6.668701 -35.252289 -128.915649 0.660217 -1.837463 -0.760162
7925 1444991613.956427 6.631653 -35.166412 -128.915649 0.663757 -1.836548 -0.764221
7926 1444991613.966525 6.70575 -35.209351 -128.751495 0.659332 -1.834717 -0.757263
7927 1444991613.976589 6.742798 -35.209351 -128.806213 0.656677 -1.84021 -0.754944
7928 1444991613.986669 6.816895 -35.209351 -128.532623 0.654022 -1.836548 -0.763641
7929 1444991613.996731 6.742798 -35.295227 -128.477905 0.649597 -1.838379 -0.754364
7930 1444991614.006794 6.779846 -35.381104 -128.313751 0.646057 -1.838379 -0.763062
7931 1444991614.016875 6.890991 -35.209351 -128.204315 0.644287 -1.839294 -0.760162
7932 1444991614.026935 6.92804 -35.295227 -128.259033 0.643402 -1.842957 -0.757843
7933 1444991614.036999 6.70575 -35.295227 -127.985443 0.642517 -1.836548 -0.763062
7934 1444991614.047060 6.742798 -35.338165 -128.149597 0.644287 -1.839294 -0.756683
7935 1444991614.057127 6.816895 -35.338165 -128.313751 0.646942 -1.84021 -0.763641
7936 1444991614.067189 6.779846 -35.295227 -128.149597 0.646057 -1.83197 -0.759583
7937 1444991614.077256 6.742798 -35.295227 -128.477905 0.648712 -1.838379 -0.759003
7938 1444991614.087319 6.853943 -35.123474 -128.259033 0.650482 -1.838379 -0.756683
7939 1444991614.097382 6.779846 -35.252289 -128.477905 0.651367 -1.837463 -0.759003
7940 1444991614.107444 6.816895 -35.252289 -128.587341 0.653137 -1.837463 -0.760162
7941 1444991614.117507 6.779846 -35.252289 -128.642059 0.654022 -1.835632 -0.762482
7942 1444991614.127571 6.853943 -35.209351 -128.806213 0.654907 -1.838379 -0.756683
7943 1444991614.137663 6.668701 -35.209351 -128.860931 0.659332 -1.838379 -0.758423
7944 1444991614.147695 6.742798 -35.209351 -128.696777 0.658447 -1.835632 -0.760162
7945 1444991614.157766 6.816895 -35.209351 -128.696777 0.655792 -1.835632 -0.759003
7946 1444991614.167783 6.742798 -35.123474 -128.751495 0.658447 -1.833801 -0.761902
7947 1444991614.177843 6.779846 -35.209351 -128.751495 0.655792 -1.835632 -0.761322
7948 1444991614.187904 6.70575 -35.166412 -128.313751 0.653137 -1.832886 -0.761322
7949 1444991614.197967 6.816895 -35.166412 -128.532623 0.651367 -1.835632 -0.763641
7950 1444991614.208029 6.742798 -35.424042 -128.094879 0.643402 -1.835632 -0.763062
7951 1444991614.218092 6.853943 -35.338165 -128.204315 0.642517 -1.838379 -0.760742
7952 1444991614.228155 7.002136 -35.424042 -128.149597 0.642517 -1.839294 -0.758423
7953 1444991614.238218 6.779846 -35.338165 -128.094879 0.642517 -1.837463 -0.758423
7954 1444991614.248281 6.779846 -35.381104 -127.876007 0.641632 -1.832886 -0.753784
7955 1444991614.258344 6.816895 -35.338165 -128.149597 0.646057 -1.83197 -0.753204
7956 1444991614.268405 6.742798 -35.295227 -128.477905 0.649597 -1.836548 -0.759583
7957 1444991614.278465 6.742798 -35.381104 -128.368469 0.652252 -1.834717 -0.764801
7958 1444991614.288527 6.594604 -35.338165 -128.368469 0.651367 -1.831055 -0.755524
7959 1444991614.298587 6.779846 -35.209351 -128.532623 0.654907 -1.835632 -0.759003
7960 1444991614.308620 6.742798 -35.424042 -128.751495 0.654907 -1.835632 -0.759003
7961 1444991614.318681 6.594604 -35.166412 -128.806213 0.657562 -1.834717 -0.761322
7962 1444991614.328745 6.816895 -35.252289 -128.532623 0.655792 -1.833801 -0.757263
7963 1444991614.338806 6.890991 -35.509918 -128.751495 0.652252 -1.838379 -0.761902
7964 1444991614.348866 6.779846 -35.209351 -128.806213 0.655792 -1.837463 -0.763641
7965 1444991614.358927 6.742798 -35.166412 -128.423187 0.655792 -1.832886 -0.761902
7966 1444991614.368988 6.742798 -35.381104 -128.368469 0.652252 -1.833801 -0.759003
7967 1444991614.379049 6.853943 -35.295227 -128.587341 0.652252 -1.838379 -0.764221
7968 1444991614.389119 6.70575 -35.166412 -128.259033 0.652252 -1.832886 -0.761322
7969 1444991614.399185 6.779846 -35.338165 -128.368469 0.648712 -1.832886 -0.760742
7970 1444991614.409244 6.779846 -35.338165 -127.985443 0.645172 -1.835632 -0.760162
7971 1444991614.419274 6.853943 -35.338165 -127.930725 0.642517 -1.834717 -0.759003
7972 1444991614.429351 6.816895 -35.295227 -128.313751 0.644287 -1.838379 -0.754944
7973 1444991614.439415 6.816895 -35.338165 -128.149597 0.643402 -1.836548 -0.758423
7974 1444991614.449476 6.70575 -35.381104 -128.094879 0.645172 -1.834717 -0.756104
7975 1444991614.459556 6.742798 -35.509918 -128.204315 0.646057 -1.837463 -0.759003
7976 1444991614.469618 6.890991 -35.424042 -128.477905 0.647827 -1.839294 -0.756683
7977 1444991614.479694 6.631653 -35.209351 -128.642059 0.654907 -1.835632 -0.757263
7978 1444991614.489758 6.742798 -35.295227 -128.423187 0.653137 -1.834717 -0.758423
7979 1444991614.499820 6.890991 -35.166412 -128.860931 0.656677 -1.84021 -0.757263
7980 1444991614.509891 6.631653 -35.295227 -128.532623 0.656677 -1.836548 -0.761902
7981 1444991614.519962 6.631653 -35.338165 -128.642059 0.655792 -1.833801 -0.756104
7982 1444991614.530026 6.70575 -35.252289 -128.860931 0.657562 -1.838379 -0.761322
7983 1444991614.540087 6.853943 -35.295227 -128.532623 0.653137 -1.838379 -0.758423
7984 1444991614.550148 6.70575 -35.209351 -128.477905 0.653137 -1.837463 -0.765381
7985 1444991614.560210 6.816895 -35.295227 -128.477905 0.651367 -1.842041 -0.760162
7986 1444991614.570271 6.668701 -35.338165 -128.149597 0.650482 -1.833801 -0.763641
7987 1444991614.580304 6.70575 -35.381104 -128.423187 0.649597 -1.841125 -0.757263
7988 1444991614.590367 6.742798 -35.381104 -128.204315 0.648712 -1.839294 -0.765961
7989 1444991614.600429 6.742798 -35.209351 -128.259033 0.648712 -1.832886 -0.761322
7990 1444991614.610490 6.92804 -35.295227 -128.259033 0.646057 -1.841125 -0.757263
7991 1444991614.620552 6.631653 -35.381104 -128.040161 0.646942 -1.832886 -0.76828
7992 1444991614.630638 6.742798 -35.381104 -128.094879 0.645172 -1.836548 -0.754944
7993 1444991614.640701 6.816895 -35.209351 -128.204315 0.648712 -1.84021 -0.757263
7994 1444991614.650764 6.668701 -35.424042 -128.313751 0.647827 -1.835632 -0.757843
7995 1444991614.660874 6.631653 -35.424042 -128.094879 0.647827 -1.838379 -0.753204
7996 1444991614.670887 6.92804 -35.209351 -128.532623 0.651367 -1.839294 -0.759583
7997 1444991614.680951 6.779846 -35.424042 -128.587341 0.649597 -1.84021 -0.750885
7998 1444991614.691013 6.70575 -35.209351 -128.696777 0.654022 -1.834717 -0.757263
7999 1444991614.701107 6.70575 -35.252289 -128.642059 0.655792 -1.833801 -0.756683
8000 1444991614.711171 6.779846 -35.295227 -128.642059 0.654907 -1.835632 -0.759003
8001 1444991614.721235 6.742798 -35.338165 -128.587341 0.654022 -1.834717 -0.760742
8002 1444991614.731297 6.668701 -35.252289 -128.477905 0.655792 -1.83197 -0.760742
8003 1444991614.741374 6.890991 -35.252289 -128.423187 0.652252 -1.833801 -0.760742
8004 1444991614.751440 6.668701 -35.381104 -128.642059 0.650482 -1.836548 -0.763062
8005 1444991614.761503 6.742798 -35.209351 -128.477905 0.650482 -1.836548 -0.757263
8006 1444991614.771574 6.520508 -35.252289 -128.094879 0.648712 -1.826477 -0.765961
8007 1444991614.781637 6.779846 -35.252289 -128.313751 0.646942 -1.834717 -0.757843
8008 1444991614.791703 6.70575 -35.381104 -128.204315 0.646057 -1.835632 -0.759583
8009 1444991614.801768 6.853943 -35.252289 -128.149597 0.649597 -1.83197 -0.766541
8010 1444991614.811861 6.816895 -35.295227 -128.368469 0.647827 -1.835632 -0.755524
8011 1444991614.821922 6.70575 -35.381104 -128.149597 0.647827 -1.83197 -0.757263
8012 1444991614.831961 6.853943 -35.424042 -128.313751 0.646942 -1.836548 -0.750305
8013 1444991614.842024 6.631653 -35.381104 -128.094879 0.649597 -1.831055 -0.757263
8014 1444991614.852113 6.92804 -35.209351 -128.423187 0.650482 -1.835632 -0.752045
8015 1444991614.862180 6.742798 -35.252289 -128.587341 0.650482 -1.835632 -0.754364
8016 1444991614.872241 6.816895 -35.252289 -128.313751 0.651367 -1.836548 -0.751465
8017 1444991614.882304 6.779846 -35.295227 -128.423187 0.650482 -1.834717 -0.749725
8018 1444991614.892377 6.70575 -35.295227 -128.587341 0.652252 -1.835632 -0.756104
8019 1444991614.902446 6.779846 -35.123474 -128.642059 0.654022 -1.836548 -0.752625
8020 1444991614.912508 6.70575 -35.209351 -128.313751 0.654022 -1.832886 -0.759003
8021 1444991614.922568 6.594604 -35.295227 -128.368469 0.654022 -1.830139 -0.762482
8022 1444991614.932646 6.742798 -35.381104 -128.587341 0.652252 -1.832886 -0.761322
8023 1444991614.942722 6.779846 -35.338165 -128.368469 0.652252 -1.833801 -0.758423
8024 1444991614.952782 6.70575 -35.295227 -128.477905 0.651367 -1.832886 -0.760162
8025 1444991614.962844 6.965088 -35.338165 -128.259033 0.649597 -1.836548 -0.764801
8026 1444991614.972910 6.70575 -35.46698 -128.313751 0.646942 -1.836548 -0.759583
8027 1444991614.982983 6.779846 -35.166412 -128.094879 0.650482 -1.834717 -0.759583
8028 1444991614.993048 6.816895 -35.252289 -128.040161 0.648712 -1.835632 -0.759583
8029 1444991615.003180 6.853943 -35.252289 -128.313751 0.650482 -1.841125 -0.759003
8030 1444991615.013246 6.742798 -35.509918 -128.313751 0.646057 -1.836548 -0.759003
8031 1444991615.023307 6.742798 -35.252289 -128.094879 0.650482 -1.835632 -0.753204
8032 1444991615.033369 6.742798 -35.295227 -128.313751 0.652252 -1.838379 -0.755524
8033 1444991615.043429 6.70575 -35.338165 -128.368469 0.651367 -1.84021 -0.754944
8034 1444991615.053452 6.890991 -35.338165 -128.423187 0.649597 -1.841125 -0.750305
8035 1444991615.063516 6.70575 -35.252289 -128.532623 0.653137 -1.838379 -0.758423
8036 1444991615.073577 6.742798 -35.252289 -128.149597 0.651367 -1.837463 -0.750885
8037 1444991615.083591 6.70575 -35.252289 -128.532623 0.653137 -1.841125 -0.755524
8038 1444991615.093668 6.779846 -35.295227 -128.532623 0.652252 -1.839294 -0.756104
8039 1444991615.103723 6.668701 -35.338165 -128.368469 0.650482 -1.837463 -0.758423
8040 1444991615.113771 6.779846 -35.209351 -128.368469 0.651367 -1.838379 -0.761322
8041 1444991615.123833 6.742798 -35.295227 -128.313751 0.650482 -1.837463 -0.760162
8042 1444991615.133898 6.70575 -35.295227 -128.368469 0.652252 -1.835632 -0.764221
8043 1444991615.143960 6.816895 -35.338165 -128.149597 0.649597 -1.835632 -0.763641
8044 1444991615.154022 6.70575 -35.209351 -128.423187 0.651367 -1.835632 -0.764801
8045 1444991615.164110 6.890991 -35.123474 -128.149597 0.651367 -1.835632 -0.760742
8046 1444991615.174241 6.742798 -35.295227 -128.313751 0.648712 -1.835632 -0.766541
8047 1444991615.184305 6.742798 -35.252289 -128.259033 0.650482 -1.836548 -0.758423
8048 1444991615.194370 6.853943 -35.209351 -128.259033 0.647827 -1.835632 -0.753784
8049 1444991615.204431 6.70575 -35.123474 -128.423187 0.651367 -1.833801 -0.760162
8050 1444991615.214486 6.742798 -35.252289 -128.368469 0.649597 -1.837463 -0.752045
8051 1444991615.224547 6.779846 -35.295227 -128.259033 0.651367 -1.834717 -0.756683
8052 1444991615.234608 6.668701 -35.209351 -128.642059 0.654907 -1.838379 -0.754944
8053 1444991615.244671 6.742798 -35.295227 -128.368469 0.652252 -1.834717 -0.752625
8054 1444991615.254733 6.742798 -35.123474 -128.642059 0.654907 -1.833801 -0.758423
8055 1444991615.264796 6.668701 -35.381104 -128.532623 0.651367 -1.834717 -0.753784
8056 1444991615.274860 6.816895 -35.252289 -128.313751 0.651367 -1.83197 -0.760162
8057 1444991615.284922 6.779846 -35.209351 -128.532623 0.652252 -1.835632 -0.753204
8058 1444991615.295066 6.668701 -35.295227 -128.368469 0.649597 -1.833801 -0.757843
8059 1444991615.305139 6.853943 -35.209351 -128.259033 0.649597 -1.83197 -0.760742
8060 1444991615.315213 6.816895 -35.295227 -128.477905 0.646942 -1.836548 -0.753204
8061 1444991615.325375 6.70575 -35.209351 -128.094879 0.647827 -1.83197 -0.758423
8062 1444991615.335437 6.816895 -35.295227 -128.259033 0.650482 -1.832886 -0.765381
8063 1444991615.345579 6.816895 -35.338165 -128.423187 0.650482 -1.838379 -0.760162
8064 1444991615.355726 6.816895 -35.381104 -128.313751 0.649597 -1.834717 -0.760742
8065 1444991615.365831 6.631653 -35.123474 -128.423187 0.652252 -1.83197 -0.762482
8066 1444991615.375895 6.816895 -35.295227 -128.259033 0.650482 -1.834717 -0.757843
8067 1444991615.385954 6.631653 -35.381104 -128.313751 0.649597 -1.832886 -0.763641
8068 1444991615.396016 6.70575 -35.338165 -128.204315 0.649597 -1.83197 -0.755524
8069 1444991615.406084 6.70575 -35.338165 -128.368469 0.648712 -1.837463 -0.754944
8070 1444991615.416149 6.853943 -35.209351 -128.423187 0.651367 -1.837463 -0.757843
8071 1444991615.426209 6.779846 -35.381104 -128.204315 0.647827 -1.835632 -0.749146
8072 1444991615.436270 6.70575 -35.252289 -128.368469 0.653137 -1.837463 -0.761322
8073 1444991615.446333 6.853943 -35.209351 -128.642059 0.651367 -1.84021 -0.749146
8074 1444991615.456380 6.668701 -35.295227 -128.368469 0.651367 -1.836548 -0.759003
8075 1444991615.466434 6.853943 -35.209351 -128.477905 0.653137 -1.839294 -0.753784
8076 1444991615.476496 6.668701 -35.424042 -128.259033 0.648712 -1.836548 -0.759003
8077 1444991615.486560 6.779846 -35.252289 -128.477905 0.653137 -1.838379 -0.761902
8078 1444991615.496600 6.816895 -35.295227 -128.368469 0.650482 -1.839294 -0.757263
8079 1444991615.506662 6.779846 -35.252289 -128.368469 0.650482 -1.835632 -0.761902
8080 1444991615.516729 6.890991 -35.252289 -128.313751 0.649597 -1.841125 -0.754944
8081 1444991615.526791 6.70575 -35.424042 -128.259033 0.647827 -1.837463 -0.761322
8082 1444991615.536851 6.816895 -35.209351 -128.477905 0.650482 -1.837463 -0.759583
8083 1444991615.546912 6.779846 -35.166412 -128.149597 0.651367 -1.838379 -0.755524
8084 1444991615.556968 6.853943 -35.252289 -128.423187 0.651367 -1.836548 -0.760162
8085 1444991615.567029 6.631653 -35.209351 -128.368469 0.654907 -1.835632 -0.759003
8086 1444991615.577092 6.631653 -35.209351 -128.313751 0.653137 -1.838379 -0.757843
8087 1444991615.587154 6.816895 -35.209351 -128.587341 0.654022 -1.838379 -0.759583
8088 1444991615.597216 6.742798 -35.381104 -128.477905 0.650482 -1.838379 -0.755524
8089 1444991615.607279 6.668701 -35.295227 -128.313751 0.652252 -1.836548 -0.754364
8090 1444991615.617341 6.668701 -35.295227 -128.313751 0.651367 -1.837463 -0.758423
8091 1444991615.627406 6.816895 -35.338165 -128.259033 0.649597 -1.837463 -0.754944
8092 1444991615.637466 6.742798 -35.338165 -128.313751 0.649597 -1.837463 -0.754944
8093 1444991615.647537 6.668701 -35.252289 -128.259033 0.650482 -1.833801 -0.759003
8094 1444991615.657607 6.779846 -35.381104 -128.149597 0.646057 -1.836548 -0.754944
8095 1444991615.667671 6.853943 -35.295227 -128.149597 0.647827 -1.836548 -0.757843
8096 1444991615.677733 6.853943 -35.295227 -128.368469 0.649597 -1.836548 -0.762482
8097 1444991615.687783 6.779846 -35.295227 -128.313751 0.649597 -1.834717 -0.754944
