5588 1444996211.223906 -0.049439 0.010986 -10.008569
5589 1444996211.232848 0.038452 0.010986 -10.008569
5590 1444996211.247375 0.038452 -0.076904 -10.008569
5591 1444996211.257408 0.038452 0.010986 -10.008569
5592 1444996211.262355 0.038452 0.010986 -10.008569
5593 1444996211.272662 -0.049439 0.010986 -10.008569
5594 1444996211.288507 0.038452 0.010986 -10.008569
5595 1444996211.298172 0.038452 0.010986 -10.008569
5596 1444996211.308606 0.038452 0.010986 -10.008569
5597 1444996211.318687 0.038452 0.010986 -9.920679
5598 1444996211.323600 -0.049439 0.010986 -10.008569
5599 1444996211.333593 -0.049439 0.010986 -10.008569
5600 1444996211.343944 0.038452 -0.076904 -10.008569
5601 1444996211.353985 0.038452 0.010986 -10.008569
5602 1444996211.364397 -0.049439 0.010986 -10.008569
5603 1444996211.374428 0.038452 0.010986 -10.008569
5604 1444996211.384560 -0.049439 0.010986 -10.008569
5605 1444996211.394688 -0.049439 0.010986 -10.008569
5606 1444996211.404981 -0.049439 0.010986 -10.008569
5607 1444996211.415052 0.038452 0.010986 -10.008569
5608 1444996211.425183 -0.049439 0.010986 -10.008569
5609 1444996211.435361 -0.049439 0.010986 -10.008569
5610 1444996211.447053 0.038452 0.010986 -10.008569
5611 1444996211.457109 0.038452 0.010986 -10.008569
5612 1444996211.467388 0.038452 0.010986 -10.008569
5613 1444996211.477613 0.038452 0.010986 -10.008569
5614 1444996211.487880 0.038452 0.010986 -10.008569
5615 1444996211.499112 0.038452 0.010986 -10.008569
5616 1444996211.509189 0.038452 0.010986 -10.008569
5617 1444996211.519342 -0.049439 -0.076904 -10.008569
5618 1444996211.530105 0.038452 0.010986 -10.008569
5619 1444996211.540227 0.038452 -0.076904 -10.008569
5620 1444996211.550169 0.038452 -0.076904 -10.008569
5621 1444996211.560168 0.038452 0.010986 -10.008569
5622 1444996211.568695 -0.049439 0.010986 -10.008569
5623 1444996211.580427 0.038452 0.010986 -10.008569
5624 1444996211.590585 0.038452 0.010986 -10.008569
5625 1444996211.600636 0.038452 0.010986 -10.008569
5626 1444996211.601620 0.038452 0.010986 -10.008569
5627 1444996211.611896 0.038452 0.010986 -10.008569
5628 1444996211.627099 -0.049439 0.010986 -10.008569
5629 1444996211.636983 -0.049439 0.010986 -10.008569
5630 1444996211.647100 -0.049439 0.010986 -10.008569
5631 1444996211.657223 0.038452 0.010986 -10.008569
5632 1444996211.667368 -0.049439 0.010986 -10.008569
5633 1444996211.677699 -0.049439 0.010986 -10.008569
5634 1444996211.687670 0.038452 -0.076904 -10.008569
5635 1444996211.697706 0.038452 -0.076904 -10.008569
5636 1444996211.708118 0.038452 0.010986 -10.008569
5637 1444996211.718184 -0.049439 0.010986 -10.008569
5638 1444996211.729608 -0.049439 0.010986 -10.008569
5639 1444996211.738628 -0.049439 0.010986 -10.008569
5640 1444996211.748827 0.038452 -0.076904 -10.008569
5641 1444996211.758812 -0.049439 0.010986 -10.008569
5642 1444996211.769305 0.038452 0.010986 -10.008569
5643 1444996211.779787 -0.049439 0.010986 -10.008569
5644 1444996211.789604 -0.049439 0.010986 -10.008569
5645 1444996211.799479 0.038452 0.010986 -9.920679
5646 1444996211.809495 -0.049439 0.010986 -10.008569
5647 1444996211.819361 0.038452 -0.076904 -10.008569
5648 1444996211.827654 0.038452 0.010986 -10.008569
5649 1444996211.842224 0.038452 -0.076904 -9.920679
5650 1444996211.852023 -0.049439 0.010986 -10.008569
5651 1444996211.862019 -0.049439 0.010986 -10.008569
5652 1444996211.867188 0.038452 0.010986 -10.008569
5653 1444996211.878003 0.038452 0.010986 -10.008569
5654 1444996211.887944 -0.049439 0.010986 -10.008569
5655 1444996211.898063 -0.049439 0.010986 -10.008569
5656 1444996211.908045 0.038452 0.010986 -10.008569
5657 1444996211.918226 0.038452 0.010986 -10.008569
5658 1444996211.928440 0.038452 0.010986 -10.008569
5659 1444996211.938589 -0.049439 0.010986 -10.008569
5660 1444996211.948838 -0.049439 -0.076904 -10.008569
5661 1444996211.959069 0.038452 0.010986 -10.008569
5662 1444996211.969286 0.038452 -0.076904 -10.008569
5663 1444996211.979415 -0.049439 0.010986 -10.008569
5664 1444996211.992102 -0.049439 0.010986 -10.008569
5665 1444996211.999570 -0.049439 0.010986 -10.008569
5666 1444996212.009593 0.038452 0.010986 -10.008569
5667 1444996212.022037 0.038452 0.010986 -10.008569
5668 1444996212.031685 0.038452 0.010986 -9.920679
5669 1444996212.042506 -0.049439 0.010986 -10.008569
5670 1444996212.051884 0.038452 0.010986 -10.008569
5671 1444996212.061629 0.038452 -0.076904 -10.008569
5672 1444996212.072371 0.038452 0.010986 -10.008569
5673 1444996212.082711 -0.049439 0.010986 -10.008569
5674 1444996212.092947 0.038452 -0.076904 -10.008569
5675 1444996212.102198 0.038452 0.010986 -10.008569
5676 1444996212.112093 -0.049439 -0.076904 -9.920679
5677 1444996212.122514 -0.049439 0.010986 -10.008569
5678 1444996212.132250 0.038452 -0.076904 -10.008569
5679 1444996212.143023 -0.049439 0.010986 -10.008569
5680 1444996212.152395 -0.049439 0.010986 -10.008569
5681 1444996212.163339 0.038452 0.010986 -10.008569
5682 1444996212.173808 0.038452 0.010986 -10.008569
5683 1444996212.183517 -0.049439 0.010986 -10.008569
5684 1444996212.193573 -0.049439 0.010986 -9.920679
5685 1444996212.203687 0.038452 0.010986 -10.008569
5686 1444996212.213645 0.038452 -0.076904 -9.920679
5687 1444996212.223961 -0.049439 0.010986 -10.008569
5688 1444996212.233667 0.038452 0.010986 -10.008569
5689 1444996212.243787 0.038452 0.010986 -10.008569
5690 1444996212.254145 -0.049439 0.010986 -10.008569
5691 1444996212.264071 0.038452 0.010986 -10.008569
5692 1444996212.271837 0.038452 0.010986 -10.008569
5693 1444996212.284398 0.038452 0.010986 -10.008569
5694 1444996212.291659 -0.049439 0.010986 -9.920679
5695 1444996212.301589 0.038452 0.010986 -10.008569
5696 1444996212.311714 0.038452 -0.076904 -10.008569
5697 1444996212.322019 -0.049439 0.010986 -10.008569
5698 1444996212.335343 -0.049439 0.010986 -10.008569
5699 1444996212.342040 -0.049439 -0.076904 -10.008569
5700 1444996212.351702 -0.049439 0.010986 -10.008569
5701 1444996212.361998 0.038452 0.010986 -10.008569
5702 1444996212.372417 -0.049439 -0.076904 -10.008569
5703 1444996212.382312 0.038452 -0.076904 -10.008569
5704 1444996212.392810 0.038452 0.010986 -10.008569
5705 1444996212.402604 0.038452 0.010986 -10.008569
5706 1444996212.412530 0.038452 0.010986 -10.008569
5707 1444996212.423186 -0.049439 0.010986 -10.008569
5708 1444996212.432635 -0.049439 0.010986 -10.008569
5709 1444996212.442847 0.038452 0.010986 -9.920679
5710 1444996212.452892 0.038452 0.010986 -10.008569
5711 1444996212.463023 0.038452 0.010986 -10.008569
5712 1444996212.473500 0.038452 0.010986 -10.008569
5713 1444996212.483216 -0.049439 0.010986 -10.008569
5714 1444996212.493396 0.038452 0.010986 -9.920679
5715 1444996212.503500 -0.049439 0.010986 -10.008569
5716 1444996212.513768 0.038452 0.010986 -10.008569
5717 1444996212.523962 0.038452 0.010986 -10.008569
5718 1444996212.533923 0.038452 0.010986 -10.008569
5719 1444996212.543888 0.038452 0.010986 -10.008569
5720 1444996212.554148 0.038452 0.010986 -10.008569
5721 1444996212.564147 0.038452 0.010986 -10.008569
5722 1444996212.574399 -0.049439 0.010986 -10.008569
5723 1444996212.584350 -0.049439 -0.076904 -9.920679
5724 1444996212.594473 0.038452 0.010986 -10.008569
5725 1444996212.604590 0.038452 0.010986 -10.008569
5726 1444996212.614730 -0.049439 0.010986 -10.008569
5727 1444996212.627075 -0.049439 0.010986 -10.008569
5728 1444996212.636887 0.038452 0.010986 -10.008569
5729 1444996212.646922 0.038452 0.010986 -10.008569
5730 1444996212.657116 -0.049439 0.010986 -10.008569
5731 1444996212.662114 0.038452 0.010986 -9.920679
5732 1444996212.673003 0.038452 0.010986 -10.008569
5733 1444996212.682723 0.038452 0.010986 -10.008569
5734 1444996212.693076 -0.049439 -0.076904 -10.008569
5735 1444996212.703142 -0.049439 0.010986 -10.008569
5736 1444996212.713208 0.038452 0.010986 -10.008569
5737 1444996212.723479 0.038452 0.010986 -10.008569
5738 1444996212.734295 -0.049439 0.010986 -10.008569
5739 1444996212.744347 0.038452 0.010986 -10.008569
5740 1444996212.754464 -0.049439 0.010986 -10.008569
5741 1444996212.764533 0.038452 0.010986 -10.008569
5742 1444996212.774808 0.038452 0.010986 -10.008569
5743 1444996212.784783 -0.049439 0.010986 -10.008569
5744 1444996212.794814 0.038452 0.010986 -10.008569
5745 1444996212.805009 0.038452 0.010986 -10.008569
5746 1444996212.815081 -0.049439 -0.076904 -10.008569
5747 1444996212.825148 -0.049439 0.010986 -10.008569
5748 1444996212.835378 0.038452 0.010986 -10.008569
5749 1444996212.842684 -0.049439 -0.076904 -10.008569
5750 1444996212.855494 0.038452 -0.076904 -10.008569
5751 1444996212.865817 0.038452 0.010986 -10.008569
5752 1444996212.877481 0.038452 0.010986 -10.008569
5753 1444996212.887142 0.038452 0.010986 -10.008569
5754 1444996212.896892 -0.049439 0.010986 -10.008569
5755 1444996212.906828 -0.049439 0.010986 -10.008569
5756 1444996212.916990 0.038452 0.010986 -10.008569
5757 1444996212.928480 0.038452 0.010986 -10.008569
5758 1444996212.938073 0.038452 0.010986 -10.008569
5759 1444996212.948722 0.038452 -0.076904 -10.008569
5760 1444996212.958972 -0.049439 0.010986 -9.920679
5761 1444996212.969404 0.038452 0.010986 -10.008569
5762 1444996212.979645 0.038452 0.010986 -10.008569
5763 1444996212.989501 0.038452 0.010986 -10.008569
5764 1444996212.999139 -0.049439 0.010986 -9.920679
5765 1444996213.009059 -0.049439 0.010986 -10.008569
5766 1444996213.019316 0.038452 0.010986 -9.920679
5767 1444996213.029622 0.038452 0.010986 -10.008569
5768 1444996213.034509 -0.049439 0.010986 -10.008569
5769 1444996213.050050 0.038452 -0.076904 -10.008569
5770 1444996213.059833 0.038452 0.010986 -10.008569
5771 1444996213.070045 -0.049439 0.010986 -10.008569
5772 1444996213.079926 -0.049439 0.010986 -9.920679
5773 1444996213.090488 -0.049439 0.010986 -10.008569
5774 1444996213.100489 0.038452 0.010986 -10.008569
5775 1444996213.110458 0.038452 0.010986 -9.920679
5776 1444996213.120614 0.038452 0.010986 -10.008569
5777 1444996213.127160 0.038452 0.010986 -10.008569
5778 1444996213.136832 0.038452 0.010986 -10.008569
5779 1444996213.146877 0.038452 0.010986 -10.008569
5780 1444996213.157204 -0.049439 0.010986 -10.008569
5781 1444996213.167311 0.038452 0.010986 -10.008569
5782 1444996213.177984 0.038452 0.010986 -10.008569
5783 1444996213.187437 0.038452 0.010986 -10.008569
5784 1444996213.197652 0.038452 0.010986 -10.008569
5785 1444996213.207687 0.038452 0.010986 -10.008569
5786 1444996213.217792 -0.049439 0.010986 -10.008569
5787 1444996213.228430 0.038452 0.010986 -10.008569
5788 1444996213.238296 -0.049439 0.010986 -10.008569
5789 1444996213.248446 -0.049439 0.010986 -10.008569
5790 1444996213.258433 -0.049439 0.010986 -10.008569
5791 1444996213.268600 0.038452 0.010986 -10.008569
5792 1444996213.279055 0.038452 -0.076904 -10.008569
5793 1444996213.288840 -0.049439 -0.076904 -10.008569
5794 1444996213.298918 0.038452 0.010986 -10.008569
5795 1444996213.309052 0.038452 -0.076904 -10.008569
5796 1444996213.319073 0.038452 0.010986 -10.008569
5797 1444996213.329038 -0.049439 0.010986 -10.008569
5798 1444996213.339334 -0.049439 -0.076904 -10.008569
5799 1444996213.349115 -0.049439 0.010986 -10.008569
5800 1444996213.359370 0.038452 0.010986 -10.008569
5801 1444996213.369351 0.038452 0.010986 -10.008569
5802 1444996213.379457 -0.049439 0.010986 -10.008569
5803 1444996213.389473 0.038452 0.010986 -10.008569
5804 1444996213.399694 -0.049439 -0.076904 -10.008569
5805 1444996213.406634 0.038452 -0.076904 -10.008569
5806 1444996213.419837 -0.049439 -0.076904 -10.008569
5807 1444996213.427738 -0.049439 0.010986 -10.008569
5808 1444996213.436896 0.038452 0.010986 -10.008569
5809 1444996213.452325 -0.049439 0.010986 -10.008569
5810 1444996213.462108 -0.049439 0.010986 -10.008569
5811 1444996213.472847 0.038452 0.010986 -10.008569
5812 1444996213.483337 -0.049439 0.010986 -9.920679
5813 1444996213.493459 -0.049439 0.010986 -9.920679
5814 1444996213.503226 0.038452 -0.076904 -10.008569
5815 1444996213.513655 0.038452 -0.076904 -10.008569
5816 1444996213.518164 0.038452 0.010986 -10.008569
5817 1444996213.533429 0.038452 0.010986 -10.008569
5818 1444996213.543706 0.038452 0.010986 -10.008569
5819 1444996213.554092 0.038452 0.010986 -9.920679
5820 1444996213.564028 0.038452 0.010986 -10.008569
5821 1444996213.569901 0.038452 0.010986 -10.008569
5822 1444996213.579519 -0.049439 0.010986 -10.008569
5823 1444996213.589988 0.038452 0.010986 -10.008569
5824 1444996213.600022 0.038452 0.010986 -10.008569
5825 1444996213.610175 -0.049439 0.010986 -10.008569
5826 1444996213.620234 -0.049439 0.010986 -10.008569
5827 1444996213.630391 0.038452 0.010986 -10.008569
5828 1444996213.641634 -0.049439 0.010986 -10.008569
5829 1444996213.650598 0.038452 0.010986 -9.920679
5830 1444996213.660714 -0.049439 0.010986 -10.008569
5831 1444996213.671837 -0.049439 0.010986 -10.008569
5832 1444996213.681692 0.038452 0.010986 -10.008569
5833 1444996213.692136 -0.049439 -0.076904 -10.008569
5834 1444996213.701853 -0.049439 0.010986 -10.008569
5835 1444996213.712076 -0.049439 0.010986 -10.008569
5836 1444996213.722297 -0.049439 0.010986 -10.008569
5837 1444996213.731932 0.038452 -0.076904 -10.008569
5838 1444996213.742509 -0.049439 -0.076904 -10.008569
5839 1444996213.752286 0.038452 0.010986 -10.008569
5840 1444996213.762605 0.038452 0.010986 -10.008569
5841 1444996213.773460 0.038452 0.010986 -9.920679
5842 1444996213.783596 -0.049439 0.010986 -10.008569
5843 1444996213.793625 -0.049439 0.010986 -10.008569
5844 1444996213.803645 0.038452 -0.076904 -10.008569
5845 1444996213.813825 0.038452 -0.076904 -10.008569
5846 1444996213.824070 -0.049439 0.010986 -9.920679
5847 1444996213.834037 0.038452 0.010986 -10.008569
5848 1444996213.841677 -0.049439 0.010986 -10.008569
5849 1444996213.854306 0.038452 0.010986 -10.008569
5850 1444996213.864400 0.038452 0.010986 -10.008569
5851 1444996213.874444 -0.049439 0.010986 -9.920679
5852 1444996213.885074 0.038452 0.010986 -10.008569
5853 1444996213.891932 0.038452 0.010986 -10.008569
5854 1444996213.905160 0.038452 0.010986 -9.920679
5855 1444996213.915321 0.038452 0.010986 -10.008569
5856 1444996213.922084 -0.049439 0.010986 -10.008569
5857 1444996213.935738 0.038452 0.010986 -9.920679
5858 1444996213.942181 -0.049439 -0.076904 -10.008569
5859 1444996213.956614 0.038452 0.010986 -10.008569
5860 1444996213.962128 -0.049439 -0.076904 -9.920679
5861 1444996213.972085 0.038452 0.010986 -10.008569
5862 1444996213.982245 -0.049439 0.010986 -10.008569
5863 1444996213.997457 -0.049439 0.010986 -10.008569
5864 1444996214.007633 -0.049439 -0.076904 -10.008569
5865 1444996214.017580 -0.049439 0.010986 -10.008569
5866 1444996214.027707 0.038452 0.010986 -10.008569
5867 1444996214.037720 0.038452 0.010986 -10.008569
5868 1444996214.047907 -0.049439 -0.076904 -10.008569
5869 1444996214.058057 -0.049439 -0.076904 -10.008569
5870 1444996214.068185 0.038452 0.010986 -10.008569
5871 1444996214.073777 0.038452 0.010986 -10.008569
5872 1444996214.083224 -0.049439 0.010986 -10.008569
5873 1444996214.093300 -0.049439 0.010986 -10.008569
5874 1444996214.103923 0.038452 0.010986 -10.008569
5875 1444996214.113725 0.038452 -0.076904 -9.920679
5876 1444996214.123490 -0.049439 0.010986 -10.008569
5877 1444996214.133944 -0.049439 0.010986 -10.008569
5878 1444996214.144014 -0.049439 0.010986 -10.008569
5879 1444996214.154281 0.038452 0.010986 -10.008569
5880 1444996214.164379 -0.049439 0.010986 -9.920679
5881 1444996214.172330 -0.049439 -0.076904 -10.008569
5882 1444996214.184534 -0.049439 0.010986 -10.008569
5883 1444996214.192654 -0.049439 0.010986 -10.008569
5884 1444996214.204791 -0.049439 0.010986 -10.008569
5885 1444996214.211977 0.038452 0.010986 -9.920679
5886 1444996214.227032 0.038452 0.010986 -10.008569
5887 1444996214.237200 -0.049439 -0.076904 -10.008569
5888 1444996214.247229 0.038452 0.010986 -10.008569
5889 1444996214.257417 -0.049439 0.010986 -10.008569
5890 1444996214.267570 0.038452 0.010986 -10.008569
5891 1444996214.277797 0.038452 0.010986 -10.008569
5892 1444996214.287718 0.038452 0.010986 -10.008569
5893 1444996214.297855 -0.049439 0.010986 -10.008569
5894 1444996214.308033 -0.049439 0.010986 -10.008569
5895 1444996214.318176 0.038452 0.010986 -10.008569
5896 1444996214.328193 -0.049439 0.010986 -10.008569
5897 1444996214.338400 -0.049439 0.010986 -9.920679
5898 1444996214.348612 -0.049439 -0.076904 -10.008569
5899 1444996214.358966 0.038452 0.010986 -10.008569
5900 1444996214.369163 0.038452 0.010986 -10.008569
5901 1444996214.380033 -0.049439 0.010986 -10.008569
5902 1444996214.390071 -0.049439 0.010986 -10.008569
5903 1444996214.399377 0.038452 0.010986 -10.008569
5904 1444996214.409322 0.038452 0.010986 -9.920679
5905 1444996214.419465 -0.049439 0.010986 -10.008569
5906 1444996214.430256 0.038452 0.010986 -10.008569
5907 1444996214.440214 -0.049439 0.010986 -10.008569
5908 1444996214.450383 -0.049439 0.010986 -10.008569
5909 1444996214.460445 -0.049439 0.010986 -10.008569
5910 1444996214.470435 0.038452 -0.076904 -10.008569
5911 1444996214.480524 -0.049439 0.010986 -10.008569
5912 1444996214.486601 0.038452 0.010986 -10.008569
5913 1444996214.500777 -0.049439 0.010986 -10.008569
5914 1444996214.506714 0.038452 0.010986 -10.008569
5915 1444996214.516844 0.038452 0.010986 -10.008569
5916 1444996214.527119 -0.049439 0.010986 -10.008569
5917 1444996214.537109 -0.049439 -0.076904 -10.008569
5918 1444996214.548261 -0.049439 0.010986 -10.008569
5919 1444996214.558520 -0.049439 0.010986 -10.008569
5920 1444996214.568957 0.038452 0.010986 -10.008569
5921 1444996214.576998 -0.049439 0.010986 -9.920679
5922 1444996214.589290 0.038452 0.010986 -10.008569
5923 1444996214.599657 -0.049439 0.010986 -10.008569
5924 1444996214.609468 -0.049439 0.010986 -9.920679
5925 1444996214.619712 -0.049439 0.010986 -10.008569
5926 1444996214.629757 0.038452 0.010986 -10.008569
5927 1444996214.639928 0.038452 -0.076904 -10.008569
5928 1444996214.649855 0.038452 0.010986 -10.008569
5929 1444996214.659934 0.038452 0.010986 -10.008569
5930 1444996214.671964 0.038452 -0.076904 -10.008569
5931 1444996214.676891 -0.049439 0.010986 -10.008569
5932 1444996214.691720 0.038452 0.010986 -10.008569
5933 1444996214.696677 0.038452 0.010986 -10.008569
5934 1444996214.711637 0.038452 0.010986 -9.920679
5935 1444996214.721923 0.038452 0.010986 -10.008569
5936 1444996214.731890 -0.049439 0.010986 -10.008569
5937 1444996214.742940 -0.049439 0.010986 -10.008569
5938 1444996214.752641 0.038452 0.010986 -10.008569
5939 1444996214.762651 0.038452 0.010986 -10.008569
5940 1444996214.772938 0.038452 0.010986 -10.008569
5941 1444996214.781945 0.038452 0.010986 -10.008569
5942 1444996214.792599 -0.049439 0.010986 -10.008569
5943 1444996214.802440 0.038452 0.010986 -10.008569
5944 1444996214.812489 0.038452 0.010986 -10.008569
5945 1444996214.822836 0.038452 0.010986 -10.008569
5946 1444996214.832616 -0.049439 0.010986 -10.008569
5947 1444996214.843231 0.038452 0.010986 -9.920679
5948 1444996214.852971 0.038452 0.010986 -10.008569
5949 1444996214.863241 0.038452 0.010986 -10.008569
5950 1444996214.873500 0.038452 0.010986 -10.008569
5951 1444996214.883101 -0.049439 0.010986 -10.008569
5952 1444996214.893434 -0.049439 0.010986 -10.008569
5953 1444996214.903612 0.038452 0.010986 -10.008569
5954 1444996214.913875 -0.049439 0.010986 -10.008569
5955 1444996214.924213 -0.049439 -0.076904 -10.008569
5956 1444996214.933858 0.038452 0.010986 -10.008569
5957 1444996214.943913 -0.049439 0.010986 -9.920679
5958 1444996214.954151 -0.049439 0.010986 -10.008569
5959 1444996214.964186 -0.049439 0.010986 -9.920679
5960 1444996214.974146 -0.049439 0.010986 -10.008569
5961 1444996214.984282 -0.049439 0.010986 -9.920679
5962 1444996214.994666 0.038452 0.010986 -10.008569
5963 1444996215.004955 -0.049439 0.010986 -10.008569
5964 1444996215.014961 -0.049439 0.010986 -10.008569
5965 1444996215.025060 -0.049439 -0.076904 -10.008569
5966 1444996215.035960 0.038452 0.010986 -10.008569
5967 1444996215.041932 -0.049439 0.010986 -10.008569
5968 1444996215.051920 0.038452 0.010986 -10.008569
5969 1444996215.066808 -0.049439 0.010986 -9.920679
5970 1444996215.076949 0.038452 0.010986 -10.008569
5971 1444996215.082326 0.038452 0.010986 -10.008569
5972 1444996215.092617 -0.049439 0.010986 -10.008569
5973 1444996215.102654 0.038452 0.010986 -10.008569
5974 1444996215.112586 -0.049439 0.010986 -10.008569
5975 1444996215.122956 0.038452 0.010986 -10.008569
5976 1444996215.132744 -0.049439 -0.076904 -10.008569
5977 1444996215.143229 0.038452 -0.076904 -10.008569
5978 1444996215.153094 0.038452 0.010986 -9.920679
5979 1444996215.163359 0.038452 0.010986 -10.008569
5980 1444996215.173646 0.038452 0.010986 -10.008569
5981 1444996215.183627 0.038452 0.010986 -10.008569
5982 1444996215.193802 0.038452 0.010986 -9.920679
5983 1444996215.204092 -0.049439 0.010986 -10.008569
5984 1444996215.214138 -0.049439 0.010986 -9.920679
5985 1444996215.224263 -0.049439 0.010986 -10.008569
5986 1444996215.234640 0.038452 0.010986 -10.008569
5987 1444996215.244829 0.038452 0.010986 -10.008569
5988 1444996215.254881 0.038452 0.010986 -10.008569
5989 1444996215.264997 -0.049439 0.010986 -9.920679
5990 1444996215.275128 0.038452 0.010986 -10.008569
5991 1444996215.285274 0.038452 0.010986 -9.920679
5992 1444996215.295306 0.038452 0.010986 -10.008569
5993 1444996215.305453 0.038452 0.010986 -10.008569
5994 1444996215.316715 -0.049439 -0.076904 -10.008569
5995 1444996215.328633 0.038452 0.010986 -10.008569
5996 1444996215.337003 0.038452 0.010986 -10.008569
5997 1444996215.346805 0.038452 0.010986 -10.008569
5998 1444996215.357025 0.038452 -0.076904 -10.008569
5999 1444996215.367229 0.038452 0.010986 -10.008569
6000 1444996215.378818 0.038452 0.010986 -10.008569
6001 1444996215.387964 -0.049439 0.010986 -10.008569
6002 1444996215.397924 -0.049439 -0.076904 -10.008569
6003 1444996215.407907 0.038452 0.010986 -9.920679
6004 1444996215.417931 -0.049439 0.010986 -10.008569
6005 1444996215.428574 -0.049439 0.010986 -10.008569
6006 1444996215.439019 -0.049439 0.010986 -10.008569
6007 1444996215.448695 0.038452 0.010986 -10.008569
6008 1444996215.459109 -0.049439 0.010986 -10.008569
6009 1444996215.468945 0.038452 -0.076904 -10.008569
6010 1444996215.479380 -0.049439 0.010986 -10.008569
6011 1444996215.489392 -0.049439 0.010986 -10.008569
6012 1444996215.499345 -0.049439 0.010986 -10.008569
6013 1444996215.509310 -0.049439 0.010986 -10.008569
6014 1444996215.519852 0.038452 0.010986 -10.008569
6015 1444996215.530083 0.038452 0.010986 -10.008569
6016 1444996215.537392 0.038452 0.010986 -10.008569
6017 1444996215.542253 0.038452 0.010986 -9.920679
6018 1444996215.560266 0.038452 0.010986 -10.008569
6019 1444996215.566811 0.038452 -0.076904 -10.008569
6020 1444996215.576999 0.038452 0.010986 -10.008569
6021 1444996215.586739 -0.049439 0.010986 -10.008569
6022 1444996215.592817 0.038452 0.010986 -10.008569
6023 1444996215.607028 0.038452 0.010986 -10.008569
6024 1444996215.617299 0.038452 0.010986 -10.008569
6025 1444996215.628041 -0.049439 0.010986 -10.008569
6026 1444996215.637601 0.038452 0.010986 -10.008569
6027 1444996215.647607 0.038452 0.010986 -9.920679
6028 1444996215.657660 -0.049439 0.010986 -9.920679
6029 1444996215.667773 -0.049439 -0.076904 -9.920679
6030 1444996215.677990 -0.049439 0.010986 -10.008569
6031 1444996215.688153 -0.049439 -0.076904 -10.008569
6032 1444996215.698205 0.038452 0.010986 -10.008569
6033 1444996215.708477 -0.049439 0.010986 -10.008569
6034 1444996215.718417 -0.049439 0.010986 -10.008569
6035 1444996215.728816 0.038452 0.010986 -10.008569
6036 1444996215.738743 -0.049439 0.010986 -10.008569
6037 1444996215.749205 0.038452 0.010986 -10.008569
6038 1444996215.759291 -0.049439 0.010986 -9.920679
6039 1444996215.771719 0.038452 0.010986 -10.008569
6040 1444996215.779806 0.038452 0.010986 -10.008569
6041 1444996215.791666 -0.049439 0.010986 -10.008569
6042 1444996215.799825 0.038452 -0.076904 -10.008569
6043 1444996215.809949 0.038452 0.010986 -10.008569
6044 1444996215.819987 0.038452 0.010986 -10.008569
6045 1444996215.830296 -0.049439 0.010986 -10.008569
6046 1444996215.842258 0.038452 0.010986 -9.920679
6047 1444996215.851725 -0.049439 0.010986 -10.008569
6048 1444996215.862037 0.038452 0.010986 -9.920679
6049 1444996215.872300 0.038452 0.010986 -10.008569
6050 1444996215.881997 0.038452 0.010986 -10.008569
6051 1444996215.887017 0.038452 0.010986 -9.920679
6052 1444996215.902594 0.038452 0.010986 -10.008569
6053 1444996215.908118 -0.049439 0.010986 -10.008569
6054 1444996215.917969 0.038452 0.010986 -10.008569
6055 1444996215.932590 0.038452 0.010986 -10.008569
6056 1444996215.938365 -0.049439 0.010986 -10.008569
6057 1444996215.948347 -0.049439 0.010986 -9.920679
6058 1444996215.963056 0.038452 0.010986 -10.008569
6059 1444996215.968492 0.038452 0.010986 -10.008569
6060 1444996215.979310 0.038452 -0.076904 -10.008569
6061 1444996215.988647 0.038452 0.010986 -10.008569
6062 1444996215.998795 -0.049439 -0.076904 -10.008569
6063 1444996216.009008 -0.049439 0.010986 -10.008569
6064 1444996216.019654 -0.049439 -0.076904 -10.008569
6065 1444996216.029628 0.038452 -0.076904 -10.008569
6066 1444996216.039861 -0.049439 -0.076904 -9.920679
6067 1444996216.049576 -0.049439 0.010986 -9.920679
6068 1444996216.059917 -0.049439 0.010986 -10.008569
6069 1444996216.070056 -0.049439 0.010986 -9.920679
6070 1444996216.079982 0.038452 -0.076904 -10.008569
6071 1444996216.091794 -0.049439 0.010986 -10.008569
6072 1444996216.100282 0.038452 0.010986 -10.008569
6073 1444996216.110411 0.038452 -0.076904 -10.008569
6074 1444996216.121997 0.038452 0.010986 -10.008569
6075 1444996216.128400 0.038452 0.010986 -10.008569
6076 1444996216.141940 0.038452 0.010986 -10.008569
6077 1444996216.146774 0.038452 0.010986 -10.008569
6078 1444996216.161640 0.038452 0.010986 -9.920679
6079 1444996216.172095 -0.049439 0.010986 -10.008569
6080 1444996216.182380 0.038452 -0.076904 -10.008569
6081 1444996216.192546 0.038452 -0.076904 -10.008569
6082 1444996216.202205 0.038452 0.010986 -10.008569
6083 1444996216.212214 -0.049439 0.010986 -10.008569
6084 1444996216.222664 -0.049439 0.010986 -10.008569
6085 1444996216.232410 0.038452 0.010986 -10.008569
6086 1444996216.242972 0.038452 0.010986 -10.008569
6087 1444996216.253028 0.038452 0.010986 -10.008569
6088 1444996216.263034 0.038452 0.010986 -10.008569
6089 1444996216.273487 0.038452 0.010986 -10.008569
6090 1444996216.283055 -0.049439 0.010986 -10.008569
6091 1444996216.293286 0.038452 0.010986 -10.008569
6092 1444996216.303340 0.038452 0.010986 -10.008569
6093 1444996216.313414 0.038452 0.010986 -10.008569
6094 1444996216.324818 0.038452 0.010986 -10.008569
6095 1444996216.333607 -0.049439 0.010986 -10.008569
6096 1444996216.343551 0.038452 0.010986 -10.008569
6097 1444996216.354814 -0.049439 0.010986 -10.008569
6098 1444996216.364088 0.038452 0.010986 -10.008569
6099 1444996216.375010 -0.049439 0.010986 -10.008569
6100 1444996216.384556 0.038452 0.010986 -10.008569
6101 1444996216.395441 0.038452 0.010986 -10.008569
6102 1444996216.405316 -0.049439 0.010986 -10.008569
6103 1444996216.415440 -0.049439 0.010986 -10.008569
6104 1444996216.422469 0.038452 0.010986 -9.920679
6105 1444996216.431673 0.038452 0.010986 -10.008569
6106 1444996216.442614 0.038452 0.010986 -10.008569
6107 1444996216.452286 0.038452 0.010986 -9.920679
6108 1444996216.462164 -0.049439 0.010986 -10.008569
6109 1444996216.472898 0.038452 -0.076904 -10.008569
6110 1444996216.482529 0.038452 0.010986 -10.008569
6111 1444996216.492907 0.038452 0.010986 -10.008569
6112 1444996216.502982 -0.049439 0.010986 -10.008569
6113 1444996216.513042 -0.049439 0.010986 -10.008569
6114 1444996216.523397 0.038452 0.010986 -10.008569
6115 1444996216.533680 0.038452 -0.076904 -10.008569
6116 1444996216.543742 -0.049439 -0.076904 -10.008569
6117 1444996216.553949 -0.049439 0.010986 -10.008569
6118 1444996216.564085 0.038452 0.010986 -10.008569
6119 1444996216.574211 0.038452 0.010986 -10.008569
6120 1444996216.584164 -0.049439 0.010986 -10.008569
6121 1444996216.594268 0.038452 0.010986 -9.920679
6122 1444996216.604446 -0.049439 0.010986 -10.008569
6123 1444996216.614795 -0.049439 0.010986 -10.008569
6124 1444996216.627061 0.038452 0.010986 -10.008569
6125 1444996216.636733 0.038452 0.010986 -10.008569
6126 1444996216.645039 0.038452 0.010986 -10.008569
6127 1444996216.655156 0.038452 0.010986 -10.008569
6128 1444996216.665332 -0.049439 0.010986 -9.920679
6129 1444996216.676963 0.038452 0.010986 -10.008569
6130 1444996216.686865 -0.049439 -0.076904 -10.008569
6131 1444996216.692371 -0.049439 0.010986 -10.008569
6132 1444996216.707472 0.038452 -0.076904 -10.008569
6133 1444996216.717247 0.038452 -0.076904 -10.008569
6134 1444996216.728317 0.038452 0.010986 -10.008569
6135 1444996216.737527 0.038452 0.010986 -10.008569
6136 1444996216.747732 0.038452 0.010986 -10.008569
6137 1444996216.757603 0.038452 0.010986 -10.008569
6138 1444996216.767720 -0.049439 0.010986 -10.008569
6139 1444996216.777876 -0.049439 -0.076904 -10.008569
6140 1444996216.788141 0.038452 0.010986 -10.008569
6141 1444996216.798360 0.038452 0.010986 -9.920679
6142 1444996216.808416 0.038452 0.010986 -9.920679
6143 1444996216.818389 -0.049439 0.010986 -10.008569
6144 1444996216.828460 0.038452 0.010986 -10.008569
6145 1444996216.838749 -0.049439 -0.076904 -10.008569
6146 1444996216.848920 0.038452 -0.076904 -10.008569
6147 1444996216.859039 0.038452 0.010986 -10.008569
6148 1444996216.869384 -0.049439 0.010986 -10.008569
6149 1444996216.879323 0.038452 0.010986 -10.008569
6150 1444996216.889588 -0.049439 0.010986 -10.008569
6151 1444996216.899667 0.038452 0.010986 -10.008569
6152 1444996216.904649 -0.049439 0.010986 -10.008569
6153 1444996216.915024 -0.049439 0.010986 -10.008569
6154 1444996216.922183 0.038452 0.010986 -10.008569
6155 1444996216.931718 -0.049439 0.010986 -10.008569
6156 1444996216.942245 -0.049439 0.010986 -9.920679
6157 1444996216.951762 0.038452 0.010986 -10.008569
6158 1444996216.961675 0.038452 0.010986 -10.008569
6159 1444996216.972377 -0.049439 0.010986 -10.008569
6160 1444996216.986640 0.038452 0.010986 -10.008569
6161 1444996216.992496 0.038452 0.010986 -10.008569
6162 1444996217.006791 0.038452 0.010986 -10.008569
6163 1444996217.016725 0.038452 0.010986 -10.008569
6164 1444996217.026937 0.038452 0.010986 -9.920679
6165 1444996217.036937 -0.049439 0.010986 -10.008569
6166 1444996217.047062 0.038452 0.010986 -10.008569
6167 1444996217.057283 -0.049439 0.010986 -10.008569
6168 1444996217.067481 -0.049439 0.010986 -9.920679
6169 1444996217.078201 0.038452 0.010986 -10.008569
6170 1444996217.088002 -0.049439 0.010986 -10.008569
6171 1444996217.097593 0.038452 0.010986 -10.008569
6172 1444996217.107702 -0.049439 0.010986 -10.008569
6173 1444996217.117933 0.038452 0.010986 -10.008569
6174 1444996217.128841 0.038452 0.010986 -10.008569
6175 1444996217.138507 0.038452 0.010986 -10.008569
6176 1444996217.148545 0.038452 0.010986 -10.008569
6177 1444996217.158668 0.038452 0.010986 -9.920679
6178 1444996217.168559 0.038452 -0.076904 -10.008569
6179 1444996217.178942 0.038452 0.010986 -9.920679
6180 1444996217.188888 0.038452 0.010986 -10.008569
6181 1444996217.199013 -0.049439 0.010986 -10.008569
6182 1444996217.209163 -0.049439 0.010986 -10.008569
6183 1444996217.219539 0.038452 0.010986 -10.008569
6184 1444996217.229404 -0.049439 0.010986 -10.008569
6185 1444996217.240159 -0.049439 0.010986 -10.008569
6186 1444996217.250710 -0.049439 0.010986 -10.008569
6187 1444996217.260211 -0.049439 0.010986 -10.008569
6188 1444996217.271183 -0.049439 0.010986 -10.008569
6189 1444996217.281700 0.038452 0.010986 -10.008569
6190 1444996217.290989 0.038452 0.010986 -10.008569
6191 1444996217.301653 0.038452 0.010986 -10.008569
6192 1444996217.311888 -0.049439 -0.076904 -10.008569
6193 1444996217.321977 -0.049439 0.010986 -10.008569
6194 1444996217.331724 0.038452 0.010986 -10.008569
6195 1444996217.342301 0.038452 0.010986 -10.008569
6196 1444996217.352295 -0.049439 0.010986 -10.008569
6197 1444996217.362356 0.038452 0.010986 -10.008569
6198 1444996217.372740 0.038452 0.010986 -9.920679
6199 1444996217.382750 -0.049439 0.010986 -10.008569
6200 1444996217.387590 -0.049439 0.010986 -10.008569
6201 1444996217.402785 0.038452 0.010986 -9.920679
6202 1444996217.412834 0.038452 -0.076904 -10.008569
6203 1444996217.423030 0.038452 0.010986 -9.920679
6204 1444996217.432941 0.038452 -0.076904 -10.008569
6205 1444996217.443171 0.038452 0.010986 -10.008569
6206 1444996217.453203 0.038452 0.010986 -10.008569
6207 1444996217.463332 -0.049439 0.010986 -9.920679
6208 1444996217.468497 0.038452 0.010986 -10.008569
6209 1444996217.478461 0.038452 -0.076904 -10.008569
6210 1444996217.488672 0.038452 0.010986 -10.008569
6211 1444996217.498838 -0.049439 0.010986 -10.008569
6212 1444996217.508942 0.038452 -0.076904 -10.008569
6213 1444996217.520064 0.038452 0.010986 -9.920679
6214 1444996217.529062 -0.049439 0.010986 -10.008569
6215 1444996217.542695 -0.049439 0.010986 -10.008569
6216 1444996217.550257 0.038452 0.010986 -10.008569
6217 1444996217.560299 -0.049439 0.010986 -10.008569
6218 1444996217.571758 0.038452 0.010986 -10.008569
6219 1444996217.580540 -0.049439 0.010986 -10.008569
6220 1444996217.592535 0.038452 -0.076904 -10.008569
6221 1444996217.601688 0.038452 0.010986 -10.008569
6222 1444996217.606788 0.038452 -0.076904 -10.008569
6223 1444996217.623381 -0.049439 0.010986 -10.008569
6224 1444996217.632221 0.038452 -0.076904 -10.008569
6225 1444996217.642445 0.038452 0.010986 -10.008569
6226 1444996217.652314 -0.049439 0.010986 -9.920679
6227 1444996217.662365 -0.049439 0.010986 -10.008569
6228 1444996217.673138 -0.049439 0.010986 -10.008569
6229 1444996217.682493 -0.049439 0.010986 -10.008569
6230 1444996217.693671 -0.049439 0.010986 -10.008569
6231 1444996217.702671 -0.049439 0.010986 -10.008569
6232 1444996217.713735 -0.049439 0.010986 -10.008569
6233 1444996217.723439 0.038452 0.010986 -10.008569
6234 1444996217.732683 0.038452 0.010986 -10.008569
6235 1444996217.743993 0.038452 -0.076904 -10.008569
6236 1444996217.753413 -0.049439 0.010986 -10.008569
6237 1444996217.763459 0.038452 0.010986 -10.008569
6238 1444996217.773973 0.038452 0.010986 -10.008569
6239 1444996217.783498 0.038452 0.010986 -10.008569
6240 1444996217.794667 0.038452 0.010986 -10.008569
6241 1444996217.804210 0.038452 0.010986 -10.008569
6242 1444996217.814498 -0.049439 0.010986 -9.920679
6243 1444996217.824580 0.038452 0.010986 -10.008569
6244 1444996217.834916 -0.049439 0.010986 -10.008569
6245 1444996217.844964 -0.049439 -0.076904 -10.008569
6246 1444996217.855252 -0.049439 0.010986 -10.008569
6247 1444996217.865371 -0.049439 0.010986 -10.008569
6248 1444996217.875371 -0.049439 0.010986 -10.008569
6249 1444996217.885498 -0.049439 0.010986 -10.008569
6250 1444996217.891690 0.038452 0.010986 -10.008569
6251 1444996217.905715 -0.049439 0.010986 -10.008569
6252 1444996217.915850 -0.049439 -0.076904 -10.008569
6253 1444996217.921875 -0.049439 0.010986 -10.008569
6254 1444996217.936158 0.038452 0.010986 -10.008569
6255 1444996217.941920 0.038452 0.010986 -10.008569
6256 1444996217.951904 -0.049439 -0.076904 -10.008569
6257 1444996217.961920 -0.049439 0.010986 -10.008569
6258 1444996217.972581 0.038452 -0.076904 -10.008569
6259 1444996217.982264 0.038452 0.010986 -10.008569
6260 1444996217.992500 -0.049439 0.010986 -10.008569
6261 1444996218.002456 -0.049439 0.010986 -10.008569
6262 1444996218.012503 -0.049439 0.010986 -10.008569
6263 1444996218.023271 0.038452 0.010986 -9.920679
6264 1444996218.033115 0.038452 0.010986 -10.008569
6265 1444996218.043509 0.038452 0.010986 -10.008569
6266 1444996218.053491 0.038452 -0.076904 -10.008569
6267 1444996218.063543 0.038452 0.010986 -9.920679
6268 1444996218.073903 0.038452 0.010986 -10.008569
6269 1444996218.083549 0.038452 0.010986 -9.920679
6270 1444996218.093700 0.038452 0.010986 -10.008569
6271 1444996218.103985 0.038452 -0.076904 -10.008569
6272 1444996218.114074 0.038452 0.010986 -10.008569
6273 1444996218.126951 -0.049439 0.010986 -10.008569
6274 1444996218.134576 0.038452 0.010986 -10.008569
6275 1444996218.144500 -0.049439 0.010986 -10.008569
6276 1444996218.154648 -0.049439 0.010986 -10.008569
6277 1444996218.164872 0.038452 0.010986 -10.008569
6278 1444996218.177219 0.038452 -0.076904 -10.008569
6279 1444996218.186634 0.038452 0.010986 -10.008569
6280 1444996218.197048 -0.049439 0.010986 -10.008569
6281 1444996218.207535 -0.049439 0.010986 -10.008569
6282 1444996218.216930 0.038452 0.010986 -9.920679
6283 1444996218.227695 -0.049439 0.010986 -10.008569
6284 1444996218.237659 0.038452 0.010986 -9.920679
6285 1444996218.247138 -0.049439 0.010986 -10.008569
6286 1444996218.257366 -0.049439 -0.076904 -9.920679
6287 1444996218.267529 -0.049439 0.010986 -10.008569
6288 1444996218.278339 0.038452 -0.076904 -10.008569
6289 1444996218.288129 0.038452 0.010986 -10.008569
6290 1444996218.298322 0.038452 0.010986 -10.008569
6291 1444996218.308404 -0.049439 0.010986 -10.008569
6292 1444996218.318515 -0.049439 0.010986 -10.008569
6293 1444996218.323687 -0.049439 0.010986 -10.008569
6294 1444996218.338921 -0.049439 0.010986 -10.008569
6295 1444996218.348913 0.038452 -0.076904 -10.008569
6296 1444996218.359025 0.038452 0.010986 -10.008569
6297 1444996218.369214 0.038452 0.010986 -10.008569
6298 1444996218.373883 -0.049439 0.010986 -10.008569
6299 1444996218.384190 -0.049439 0.010986 -10.008569
6300 1444996218.394149 0.038452 -0.076904 -10.008569
6301 1444996218.409539 0.038452 0.010986 -10.008569
6302 1444996218.414544 0.038452 0.010986 -10.008569
6303 1444996218.421687 0.038452 0.010986 -10.008569
6304 1444996218.434642 -0.049439 0.010986 -10.008569
6305 1444996218.442699 -0.049439 0.010986 -10.008569
6306 1444996218.451847 0.038452 0.010986 -10.008569
6307 1444996218.466697 0.038452 0.010986 -10.008569
6308 1444996218.477073 0.038452 0.010986 -10.008569
6309 1444996218.487144 -0.049439 0.010986 -10.008569
6310 1444996218.496951 -0.049439 0.010986 -10.008569
6311 1444996218.506837 -0.049439 -0.076904 -10.008569
6312 1444996218.517223 0.038452 0.010986 -10.008569
6313 1444996218.529841 -0.049439 0.010986 -10.008569
6314 1444996218.537110 0.038452 0.010986 -10.008569
6315 1444996218.547258 0.038452 0.010986 -10.008569
6316 1444996218.557586 0.038452 -0.076904 -10.008569
6317 1444996218.567573 0.038452 -0.076904 -10.008569
6318 1444996218.577718 0.038452 0.010986 -10.008569
6319 1444996218.588122 0.038452 -0.076904 -10.008569
6320 1444996218.597990 -0.049439 0.010986 -10.008569
6321 1444996218.608425 -0.049439 0.010986 -10.008569
6322 1444996218.618333 0.038452 0.010986 -10.008569
6323 1444996218.628802 0.038452 0.010986 -10.008569
6324 1444996218.640260 0.038452 0.010986 -10.008569
6325 1444996218.648809 -0.049439 0.010986 -10.008569
6326 1444996218.658860 -0.049439 0.010986 -9.920679
6327 1444996218.668922 0.038452 -0.076904 -10.008569
6328 1444996218.680643 0.038452 -0.076904 -9.920679
6329 1444996218.689142 0.038452 0.010986 -9.920679
6330 1444996218.700385 0.038452 0.010986 -10.008569
6331 1444996218.709676 0.038452 0.010986 -10.008569
6332 1444996218.720924 -0.049439 0.010986 -10.008569
6333 1444996218.729654 -0.049439 0.010986 -10.008569
6334 1444996218.741859 -0.049439 0.010986 -10.008569
6335 1444996218.751798 -0.049439 0.010986 -10.008569
6336 1444996218.761886 0.038452 0.010986 -10.008569
6337 1444996218.772151 -0.049439 0.010986 -10.008569
6338 1444996218.781932 -0.049439 0.010986 -10.008569
6339 1444996218.786961 -0.049439 0.010986 -10.008569
6340 1444996218.802209 -0.049439 0.010986 -10.008569
6341 1444996218.812257 0.038452 0.010986 -10.008569
6342 1444996218.817311 0.038452 0.010986 -10.008569
6343 1444996218.832479 -0.049439 0.010986 -10.008569
6344 1444996218.837481 -0.049439 0.010986 -10.008569
6345 1444996218.847580 0.038452 0.010986 -10.008569
6346 1444996218.857634 0.038452 -0.076904 -10.008569
6347 1444996218.867730 0.038452 0.010986 -10.008569
6348 1444996218.878009 -0.049439 0.010986 -10.008569
6349 1444996218.888098 -0.049439 0.010986 -10.008569
6350 1444996218.898204 0.038452 0.010986 -9.920679
6351 1444996218.908128 0.038452 0.010986 -10.008569
6352 1444996218.918349 -0.049439 0.010986 -10.008569
6353 1444996218.928589 0.038452 0.010986 -10.008569
6354 1444996218.938841 0.038452 -0.076904 -10.008569
6355 1444996218.948758 0.038452 0.010986 -10.008569
6356 1444996218.959222 0.038452 0.010986 -10.008569
6357 1444996218.969536 0.038452 -0.076904 -10.008569
6358 1444996218.979504 0.038452 0.010986 -10.008569
6359 1444996218.992653 0.038452 0.010986 -10.008569
6360 1444996219.000151 -0.049439 0.010986 -10.008569
6361 1444996219.012716 0.038452 0.010986 -10.008569
6362 1444996219.023215 0.038452 0.010986 -10.008569
6363 1444996219.032980 -0.049439 0.010986 -10.008569
6364 1444996219.043090 -0.049439 0.010986 -10.008569
6365 1444996219.053409 0.038452 0.010986 -10.008569
6366 1444996219.063477 -0.049439 0.010986 -10.008569
6367 1444996219.073688 0.038452 0.010986 -10.008569
6368 1444996219.083447 -0.049439 -0.076904 -10.008569
6369 1444996219.093672 -0.049439 0.010986 -9.920679
6370 1444996219.103901 -0.049439 0.010986 -10.008569
6371 1444996219.113846 0.038452 0.010986 -10.008569
6372 1444996219.124159 0.038452 0.010986 -10.008569
6373 1444996219.134146 -0.049439 0.010986 -9.920679
6374 1444996219.144254 -0.049439 0.010986 -10.008569
6375 1444996219.154427 0.038452 0.010986 -10.008569
6376 1444996219.164344 -0.049439 0.010986 -9.920679
6377 1444996219.174519 0.038452 0.010986 -10.008569
6378 1444996219.184598 0.038452 0.010986 -10.008569
6379 1444996219.192146 0.038452 0.010986 -10.008569
6380 1444996219.204709 -0.049439 0.010986 -10.008569
6381 1444996219.215002 -0.049439 0.010986 -10.008569
6382 1444996219.224948 0.038452 0.010986 -10.008569
6383 1444996219.235187 0.038452 0.010986 -10.008569
6384 1444996219.241953 -0.049439 0.010986 -10.008569
6385 1444996219.251839 0.038452 -0.076904 -10.008569
6386 1444996219.265378 0.038452 -0.076904 -10.008569
6387 1444996219.272666 0.038452 0.010986 -10.008569
6388 1444996219.282320 -0.049439 0.010986 -9.920679
6389 1444996219.292494 0.038452 0.010986 -10.008569
6390 1444996219.302267 -0.049439 0.010986 -10.008569
6391 1444996219.312838 -0.049439 0.010986 -10.008569
6392 1444996219.324020 0.038452 0.010986 -10.008569
6393 1444996219.332638 0.038452 0.010986 -10.008569
6394 1444996219.343199 -0.049439 0.010986 -10.008569
6395 1444996219.352869 0.038452 0.010986 -10.008569
6396 1444996219.362759 0.038452 0.010986 -10.008569
6397 1444996219.373132 0.038452 0.010986 -10.008569
6398 1444996219.382934 0.038452 0.010986 -10.008569
6399 1444996219.393140 -0.049439 0.010986 -10.008569
6400 1444996219.403087 -0.049439 0.010986 -10.008569
6401 1444996219.413176 0.038452 0.010986 -10.008569
6402 1444996219.425159 0.038452 0.010986 -10.008569
6403 1444996219.433855 -0.049439 0.010986 -9.920679
6404 1444996219.444533 -0.049439 0.010986 -9.920679
6405 1444996219.454283 -0.049439 0.010986 -10.008569
6406 1444996219.465118 0.038452 0.010986 -10.008569
6407 1444996219.475067 -0.049439 0.010986 -10.008569
6408 1444996219.485119 -0.049439 0.010986 -10.008569
6409 1444996219.491723 -0.049439 0.010986 -10.008569
