24751 1444831732.601265 12.052031 4.718639 0.032959 -10.014063 -4.828503 -5.031751
24752 1444831732.612183 11.964141 4.718639 0.032959 -9.926172 -4.828503 -5.031751
24753 1444831732.620501 12.052031 4.718639 -0.054932 -10.014063 -4.828503 -5.031751
24754 1444831732.628866 12.052031 4.718639 0.032959 -10.014063 -4.828503 -5.031751
24755 1444831732.639859 11.964141 4.718639 0.032959 -10.014063 -4.828503 -5.031751
24756 1444831732.649200 11.964141 4.718639 -0.054932 -10.014063 -4.828503 -5.031751
24757 1444831732.660701 11.964141 4.718639 0.032959 -10.014063 -4.828503 -5.031751
24758 1444831732.670579 12.052031 4.718639 0.032959 -10.014063 -4.828503 -5.031751
24759 1444831732.684424 12.052031 4.718639 0.032959 -10.014063 -4.828503 -5.031751
24760 1444831732.694319 11.964141 4.718639 0.032959 -10.014063 -4.828503 -5.031751
24761 1444831732.703965 11.964141 4.718639 0.032959 -10.014063 -4.828503 -5.031751
24762 1444831732.714160 11.964141 4.718639 0.032959 -10.014063 -4.828503 -5.031751
24763 1444831732.724478 11.964141 4.718639 -0.054932 -10.014063 -4.828503 -5.031751
24764 1444831732.731935 11.964141 4.718639 0.032959 -10.014063 -4.828503 -5.031751
24765 1444831732.740046 11.964141 4.718639 0.032959 -10.014063 -4.828503 -5.031751
24766 1444831732.750117 12.052031 4.718639 0.032959 -10.014063 -4.828503 -5.031751
24767 1444831732.760717 11.964141 4.718639 0.032959 -10.014063 -4.828503 -5.031751
24768 1444831732.770424 12.052031 4.718639 0.032959 -10.014063 -4.828503 -5.031751
24769 1444831732.780555 12.052031 4.718639 0.032959 -10.014063 -4.828503 -5.031751
24770 1444831732.790974 11.964141 4.718639 -0.054932 -9.926172 -4.828503 -5.031751
24771 1444831732.801015 12.052031 4.718639 0.032959 -10.014063 -4.828503 -5.031751
24772 1444831732.813042 11.964141 4.718639 0.032959 -10.014063 -4.828503 -5.031751
24773 1444831732.820329 12.052031 4.718639 0.032959 -9.926172 -4.828503 -5.031751
24774 1444831732.830485 11.964141 4.718639 0.032959 -10.014063 -4.828503 -5.031751
24775 1444831732.841302 11.964141 4.718639 0.032959 -10.014063 -4.828503 -5.031751
24776 1444831732.853724 12.052031 4.718639 0.032959 -10.014063 -4.828503 -5.031751
24777 1444831732.864015 11.964141 4.718639 -0.054932 -9.926172 -4.828503 -5.031751
24778 1444831732.874000 11.964141 4.718639 0.032959 -10.014063 -4.828503 -5.031751
24779 1444831732.884092 12.052031 4.718639 0.032959 -10.014063 -4.828503 -5.031751
24780 1444831732.894043 11.964141 4.718639 0.032959 -10.014063 -4.828503 -5.031751
24781 1444831732.904652 12.052031 4.718639 -0.054932 -9.926172 -4.828503 -5.031751
24782 1444831732.914823 11.964141 4.718639 0.032959 -10.014063 -4.828503 -5.031751
24783 1444831732.925108 11.964141 4.718639 -0.054932 -10.014063 -4.828503 -5.031751
24784 1444831732.934996 12.052031 4.718639 0.032959 -10.014063 -4.828503 -5.031751
24785 1444831732.945124 11.964141 4.718639 0.032959 -10.014063 -4.828503 -5.031751
24786 1444831732.955202 12.052031 4.718639 0.032959 -10.014063 -4.828503 -5.031751
24787 1444831732.965495 11.964141 4.718639 -0.054932 -9.926172 -4.828503 -5.031751
24788 1444831732.975640 12.052031 4.718639 0.032959 -10.014063 -4.828503 -5.031751
24789 1444831732.985974 11.964141 4.718639 0.032959 -10.014063 -4.828503 -5.031751
24790 1444831732.995879 11.964141 4.718639 -0.054932 -10.014063 -4.828503 -5.031751
24791 1444831733.006238 12.052031 4.718639 0.032959 -10.014063 -4.828503 -5.031751
24792 1444831733.016385 11.964141 4.718639 0.032959 -9.926172 -4.828503 -5.031751
24793 1444831733.026572 11.964141 4.718639 0.032959 -10.014063 -4.828503 -5.031751
24794 1444831733.033396 11.964141 4.718639 0.032959 -10.014063 -4.828503 -5.031751
24795 1444831733.041647 11.964141 4.718639 0.032959 -10.014063 -4.828503 -5.031751
24796 1444831733.053486 11.964141 4.718639 -0.054932 -9.926172 -4.828503 -5.031751
24797 1444831733.060639 12.052031 4.718639 -0.054932 -10.014063 -4.828503 -5.031751
24798 1444831733.070847 12.052031 4.718639 0.032959 -10.014063 -4.828503 -5.031751
24799 1444831733.082421 12.052031 4.718639 0.032959 -10.014063 -4.828503 -5.031751
24800 1444831733.090731 12.052031 4.718639 0.032959 -10.014063 -4.828503 -5.031751
24801 1444831733.102846 11.964141 4.718639 0.032959 -9.926172 -4.828503 -5.031751
24802 1444831733.113008 11.964141 4.718639 0.032959 -10.014063 -4.828503 -5.031751
24803 1444831733.120432 12.052031 4.718639 0.032959 -10.014063 -4.828503 -5.031751
24804 1444831733.134197 11.964141 4.718639 -0.054932 -10.014063 -4.828503 -5.031751
24805 1444831733.144141 12.052031 4.718639 0.032959 -10.014063 -4.828503 -5.031751
24806 1444831733.154197 12.052031 4.718639 0.032959 -9.926172 -4.828503 -5.031751
24807 1444831733.164065 12.052031 4.718639 -0.054932 -10.014063 -4.828503 -5.031751
24808 1444831733.174330 12.052031 4.718639 0.032959 -10.014063 -4.828503 -5.031751
24809 1444831733.184871 11.964141 4.718639 -0.054932 -10.014063 -4.828503 -5.031751
24810 1444831733.194666 11.964141 4.718639 0.032959 -9.926172 -4.828503 -5.031751
24811 1444831733.205021 11.964141 4.718639 0.032959 -10.014063 -4.828503 -5.031751
24812 1444831733.215188 12.052031 4.718639 0.032959 -9.926172 -4.828503 -5.031751
24813 1444831733.225215 12.052031 4.718639 0.032959 -9.926172 -4.828503 -5.031751
24814 1444831733.235628 11.964141 4.718639 -0.054932 -9.926172 -4.828503 -5.031751
24815 1444831733.245422 12.052031 4.718639 -0.054932 -9.926172 -4.828503 -5.031751
24816 1444831733.255434 11.964141 4.718639 0.032959 -10.014063 -4.828503 -5.031751
24817 1444831733.264709 11.964141 4.718639 0.032959 -10.014063 -4.828503 -5.031751
24818 1444831733.274640 12.052031 4.718639 -0.054932 -10.014063 -4.828503 -5.031751
24819 1444831733.284778 12.052031 4.718639 0.032959 -10.014063 -4.828503 -5.031751
24820 1444831733.293760 12.052031 4.718639 0.032959 -10.014063 -4.828503 -5.031751
24821 1444831733.305389 11.964141 4.718639 0.032959 -10.014063 -4.828503 -5.031751
24822 1444831733.315284 11.964141 4.718639 -0.054932 -9.926172 -4.828503 -5.031751
24823 1444831733.325404 12.052031 4.718639 0.032959 -10.014063 -4.828503 -5.031751
24824 1444831733.335668 12.052031 4.718639 0.032959 -9.926172 -4.828503 -5.031751
24825 1444831733.345104 11.964141 4.718639 0.032959 -10.014063 -4.828503 -5.031751
24826 1444831733.355345 11.964141 4.718639 -0.054932 -9.926172 -4.828503 -5.031751
24827 1444831733.365421 11.964141 4.718639 0.032959 -10.014063 -4.828503 -5.031751
24828 1444831733.377944 12.052031 4.718639 0.032959 -10.014063 -4.828503 -5.031751
24829 1444831733.389270 11.964141 4.718639 0.032959 -9.926172 -4.828503 -5.031751
24830 1444831733.399175 12.052031 4.718639 -0.054932 -9.926172 -4.828503 -5.031751
24831 1444831733.409420 11.964141 4.718639 0.032959 -10.014063 -4.828503 -5.031751
24832 1444831733.416343 11.964141 4.718639 0.032959 -9.926172 -4.828503 -5.031751
24833 1444831733.426237 11.964141 4.718639 0.032959 -10.014063 -4.828503 -5.031751
24834 1444831733.436728 12.052031 4.718639 0.032959 -10.014063 -4.828503 -5.031751
24835 1444831733.444072 11.964141 4.718639 0.032959 -9.926172 -4.828503 -5.031751
24836 1444831733.455039 12.052031 4.718639 0.032959 -9.926172 -4.828503 -5.031751
24837 1444831733.465068 11.964141 4.718639 -0.054932 -10.014063 -4.828503 -5.031751
24838 1444831733.475145 11.964141 4.718639 -0.054932 -9.926172 -4.828503 -5.031751
24839 1444831733.485287 11.964141 4.718639 0.032959 -9.926172 -4.828503 -5.031751
24840 1444831733.495389 12.052031 4.718639 0.032959 -10.014063 -4.828503 -5.031751
24841 1444831733.505565 11.964141 4.718639 -0.054932 -10.014063 -4.828503 -5.031751
24842 1444831733.515852 11.964141 4.718639 0.032959 -10.014063 -4.828503 -5.031751
24843 1444831733.525890 12.052031 4.718639 0.032959 -10.014063 -4.828503 -5.031751
24844 1444831733.536055 12.052031 4.718639 0.032959 -10.014063 -4.828503 -5.031751
24845 1444831733.545517 12.052031 4.718639 -0.054932 -9.926172 -4.828503 -5.031751
24846 1444831733.555508 11.964141 4.718639 0.032959 -10.014063 -4.828503 -5.031751
24847 1444831733.564277 12.052031 4.718639 -0.054932 -10.014063 -4.828503 -5.031751
24848 1444831733.575678 12.052031 4.718639 0.032959 -10.014063 -4.828503 -5.031751
24849 1444831733.584871 11.964141 4.718639 0.032959 -10.014063 -4.828503 -5.031751
24850 1444831733.594970 12.052031 4.718639 0.032959 -10.014063 -4.828503 -5.031751
24851 1444831733.605273 11.964141 4.718639 0.032959 -10.014063 -4.828503 -5.031751
24852 1444831733.615928 12.052031 4.718639 -0.054932 -10.014063 -4.828503 -5.031751
24853 1444831733.626034 12.052031 4.718639 0.032959 -10.014063 -4.828503 -5.031751
24854 1444831733.638828 11.964141 4.718639 0.032959 -10.014063 -4.828503 -5.031751
24855 1444831733.649269 12.052031 4.718639 -0.054932 -10.014063 -4.828503 -5.031751
24856 1444831733.659732 11.964141 4.718639 0.032959 -9.926172 -4.828503 -5.031751
24857 1444831733.669852 12.052031 4.718639 0.032959 -9.926172 -4.828503 -5.031751
24858 1444831733.680209 12.052031 4.718639 0.032959 -9.926172 -4.828503 -5.031751
24859 1444831733.691066 12.052031 4.718639 0.032959 -10.014063 -4.828503 -5.031751
24860 1444831733.696718 12.052031 4.718639 0.032959 -9.926172 -4.828503 -5.031751
24861 1444831733.707986 11.964141 4.718639 -0.054932 -10.014063 -4.828503 -5.031751
24862 1444831733.718115 12.052031 4.718639 0.032959 -9.926172 -4.828503 -5.031751
24863 1444831733.726800 12.052031 4.718639 -0.054932 -9.926172 -4.828503 -5.031751
24864 1444831733.735539 12.052031 4.718639 0.032959 -10.014063 -4.828503 -5.031751
24865 1444831733.744554 12.052031 4.718639 0.032959 -10.014063 -4.828503 -5.031751
24866 1444831733.755685 12.052031 4.718639 0.032959 -10.014063 -4.828503 -5.031751
24867 1444831733.767403 11.964141 4.718639 -0.054932 -10.014063 -4.828503 -5.031751
24868 1444831733.777535 11.964141 4.718639 -0.054932 -9.926172 -4.828503 -5.031751
24869 1444831733.785921 12.052031 4.718639 -0.054932 -10.014063 -4.828503 -5.031751
24870 1444831733.795644 12.052031 4.718639 0.032959 -9.926172 -4.828503 -5.031751
24871 1444831733.805691 11.964141 4.718639 0.032959 -9.926172 -4.828503 -5.031751
24872 1444831733.815491 12.052031 4.718639 0.032959 -9.926172 -4.828503 -5.031751
24873 1444831733.825831 12.052031 4.718639 0.032959 -9.926172 -4.828503 -5.031751
24874 1444831733.839511 12.052031 4.718639 0.032959 -9.926172 -4.828503 -5.031751
24875 1444831733.848902 12.052031 4.718639 -0.054932 -10.014063 -4.828503 -5.031751
24876 1444831733.859372 11.964141 4.718639 0.032959 -10.014063 -4.828503 -5.031751
24877 1444831733.869406 11.964141 4.718639 0.032959 -10.014063 -4.828503 -5.031751
24878 1444831733.879401 11.964141 4.718639 0.032959 -10.014063 -4.828503 -5.031751
24879 1444831733.889523 11.964141 4.718639 0.032959 -10.014063 -4.828503 -5.031751
24880 1444831733.899372 11.964141 4.718639 0.032959 -10.014063 -4.828503 -5.031751
24881 1444831733.909765 11.964141 4.718639 0.032959 -10.014063 -4.828503 -5.031751
24882 1444831733.919930 11.964141 4.718639 0.032959 -10.014063 -4.828503 -5.031751
24883 1444831733.929687 11.964141 4.718639 0.032959 -10.014063 -4.828503 -5.031751
24884 1444831733.940151 12.052031 4.718639 0.032959 -9.926172 -4.828503 -5.031751
24885 1444831733.950048 12.052031 4.718639 -0.054932 -10.014063 -4.828503 -5.031751
24886 1444831733.960133 11.964141 4.718639 0.032959 -9.926172 -4.828503 -5.031751
24887 1444831733.970245 11.964141 4.718639 0.032959 -9.926172 -4.828503 -5.031751
24888 1444831733.980332 12.052031 4.718639 0.032959 -10.014063 -4.828503 -5.031751
24889 1444831733.988739 11.964141 4.718639 0.032959 -10.014063 -4.828503 -5.031751
24890 1444831733.999742 12.052031 4.718639 0.032959 -9.926172 -4.828503 -5.031751
24891 1444831734.010737 12.052031 4.718639 0.032959 -10.014063 -4.828503 -5.031751
24892 1444831734.019753 12.052031 4.718639 0.032959 -9.926172 -4.828503 -5.031751
24893 1444831734.029898 11.964141 4.718639 -0.054932 -10.014063 -4.828503 -5.031751
24894 1444831734.039562 12.052031 4.718639 -0.054932 -10.014063 -4.828503 -5.031751
24895 1444831734.050181 11.964141 4.718639 -0.054932 -10.014063 -4.828503 -5.031751
24896 1444831734.060221 12.052031 4.718639 0.032959 -10.014063 -4.828503 -5.031751
24897 1444831734.069247 11.964141 4.718639 0.032959 -10.014063 -4.828503 -5.031751
24898 1444831734.078663 12.052031 4.718639 -0.054932 -10.014063 -4.828503 -5.031751
24899 1444831734.090061 11.964141 4.718639 0.032959 -10.014063 -4.828503 -5.031751
24900 1444831734.100280 12.052031 4.718639 0.032959 -10.014063 -4.828503 -5.031751
24901 1444831734.110334 12.052031 4.718639 -0.054932 -10.014063 -4.828503 -5.031751
24902 1444831734.122697 12.052031 4.718639 -0.054932 -10.014063 -4.828503 -5.031751
24903 1444831734.130783 12.052031 4.718639 -0.054932 -10.014063 -4.828503 -5.031751
24904 1444831734.139809 11.964141 4.718639 -0.054932 -10.014063 -4.828503 -5.031751
24905 1444831734.149449 11.964141 4.718639 0.032959 -10.014063 -4.828503 -5.031751
24906 1444831734.159515 11.964141 4.718639 0.032959 -10.014063 -4.828503 -5.031751
24907 1444831734.171383 11.964141 4.718639 -0.054932 -10.014063 -4.828503 -5.031751
24908 1444831734.180116 11.964141 4.718639 0.032959 -9.926172 -4.828503 -5.031751
24909 1444831734.189954 11.964141 4.718639 0.032959 -10.014063 -4.828503 -5.031751
24910 1444831734.199987 11.964141 4.718639 0.032959 -10.014063 -4.828503 -5.031751
24911 1444831734.210304 11.964141 4.718639 0.032959 -9.926172 -4.828503 -5.031751
24912 1444831734.220313 11.964141 4.718639 0.032959 -9.926172 -4.828503 -5.031751
24913 1444831734.230335 12.052031 4.718639 0.032959 -10.014063 -4.828503 -5.031751
24914 1444831734.240441 12.052031 4.718639 0.032959 -10.014063 -4.828503 -5.031751
24915 1444831734.250584 12.052031 4.718639 -0.054932 -10.014063 -4.828503 -5.031751
24916 1444831734.260881 11.964141 4.718639 -0.054932 -9.926172 -4.828503 -5.031751
24917 1444831734.270927 11.964141 4.718639 0.032959 -9.926172 -4.828503 -5.031751
24918 1444831734.281036 12.052031 4.718639 0.032959 -10.014063 -4.828503 -5.031751
24919 1444831734.291974 12.052031 4.718639 0.032959 -9.926172 -4.828503 -5.031751
24920 1444831734.301662 11.964141 4.718639 -0.054932 -10.014063 -4.828503 -5.031751
24921 1444831734.311802 12.052031 4.718639 0.032959 -10.014063 -4.828503 -5.031751
24922 1444831734.321965 11.964141 4.718639 -0.054932 -10.014063 -4.828503 -5.031751
24923 1444831734.332347 12.052031 4.718639 -0.054932 -10.014063 -4.828503 -5.031751
24924 1444831734.343810 12.052031 4.718639 0.032959 -9.926172 -4.828503 -5.031751
24925 1444831734.352935 12.052031 4.718639 -0.054932 -10.014063 -4.828503 -5.031751
24926 1444831734.360882 12.052031 4.718639 0.032959 -10.014063 -4.828503 -5.031751
24927 1444831734.370416 11.964141 4.718639 -0.054932 -10.014063 -4.828503 -5.031751
24928 1444831734.384149 12.052031 4.718639 0.032959 -9.926172 -4.828503 -5.031751
24929 1444831734.391697 12.052031 4.718639 0.032959 -10.014063 -4.828503 -5.031751
24930 1444831734.401425 11.964141 4.718639 0.032959 -9.926172 -4.828503 -5.031751
24931 1444831734.413930 11.964141 4.718639 -0.054932 -9.926172 -4.828503 -5.031751
24932 1444831734.423983 12.052031 4.718639 0.032959 -10.014063 -4.828503 -5.031751
24933 1444831734.434110 11.964141 4.718639 -0.054932 -9.926172 -4.828503 -5.031751
24934 1444831734.444091 12.052031 4.718639 0.032959 -9.926172 -4.828503 -5.031751
24935 1444831734.454299 11.964141 4.718639 -0.054932 -10.014063 -4.828503 -5.031751
24936 1444831734.464549 12.052031 4.630749 0.032959 -10.014063 -4.828503 -5.031751
24937 1444831734.474722 12.052031 4.718639 0.032959 -10.014063 -4.828503 -5.031751
24938 1444831734.485004 11.964141 4.718639 0.032959 -10.014063 -4.828503 -5.031751
24939 1444831734.494179 12.052031 4.718639 0.032959 -9.926172 -4.828503 -5.031751
24940 1444831734.504956 11.964141 4.718639 -0.054932 -10.014063 -4.828503 -5.031751
24941 1444831734.515071 11.964141 4.718639 0.032959 -10.014063 -4.828503 -5.031751
24942 1444831734.525311 11.964141 4.718639 0.032959 -10.014063 -4.828503 -5.031751
24943 1444831734.535759 11.964141 4.718639 0.032959 -10.014063 -4.828503 -5.031751
24944 1444831734.544851 12.052031 4.718639 0.032959 -10.014063 -4.828503 -5.031751
24945 1444831734.556606 11.964141 4.718639 0.032959 -10.014063 -4.828503 -5.031751
24946 1444831734.566768 11.964141 4.718639 0.032959 -10.014063 -4.828503 -5.031751
24947 1444831734.576919 12.052031 4.718639 0.032959 -10.014063 -4.828503 -5.031751
24948 1444831734.583604 11.964141 4.718639 -0.054932 -9.926172 -4.828503 -5.031751
24949 1444831734.590411 12.052031 4.718639 0.032959 -10.014063 -4.828503 -5.031751
24950 1444831734.602568 11.964141 4.718639 0.032959 -10.014063 -4.828503 -5.031751
24951 1444831734.612735 11.964141 4.718639 -0.054932 -10.014063 -4.828503 -5.031751
24952 1444831734.622834 11.964141 4.718639 -0.054932 -10.014063 -4.828503 -5.031751
24953 1444831734.634570 11.964141 4.718639 -0.054932 -10.014063 -4.828503 -5.031751
24954 1444831734.644539 11.964141 4.718639 -0.054932 -9.926172 -4.828503 -5.031751
24955 1444831734.654184 11.964141 4.718639 0.032959 -10.014063 -4.828503 -5.031751
24956 1444831734.664165 12.052031 4.718639 0.032959 -10.014063 -4.828503 -5.031751
24957 1444831734.674382 11.964141 4.718639 -0.054932 -10.014063 -4.828503 -5.031751
24958 1444831734.684389 11.964141 4.718639 0.032959 -10.014063 -4.828503 -5.031751
24959 1444831734.693841 11.964141 4.718639 0.032959 -10.014063 -4.828503 -5.031751
24960 1444831734.705068 11.964141 4.718639 0.032959 -10.014063 -4.828503 -5.031751
24961 1444831734.715350 12.052031 4.718639 0.032959 -9.926172 -4.828503 -5.031751
24962 1444831734.725636 11.964141 4.718639 -0.054932 -10.014063 -4.828503 -5.031751
24963 1444831734.735954 11.964141 4.718639 0.032959 -10.014063 -4.828503 -5.031751
24964 1444831734.746087 12.052031 4.718639 -0.054932 -10.014063 -4.828503 -5.031751
24965 1444831734.755874 12.052031 4.718639 0.032959 -10.014063 -4.828503 -5.031751
24966 1444831734.765761 11.964141 4.718639 0.032959 -10.014063 -4.828503 -5.031751
24967 1444831734.775878 11.964141 4.718639 -0.054932 -10.014063 -4.828503 -5.031751
24968 1444831734.783664 12.052031 4.718639 0.032959 -10.014063 -4.828503 -5.031751
24969 1444831734.794346 12.052031 4.718639 0.032959 -10.014063 -4.828503 -5.031751
24970 1444831734.806157 11.964141 4.718639 0.032959 -10.014063 -4.828503 -5.031751
24971 1444831734.815187 12.052031 4.718639 0.032959 -10.014063 -4.828503 -5.031751
24972 1444831734.826381 11.964141 4.718639 0.032959 -10.014063 -4.828503 -5.031751
24973 1444831734.834187 12.052031 4.718639 0.032959 -9.926172 -4.828503 -5.031751
24974 1444831734.843958 11.964141 4.718639 0.032959 -10.014063 -4.828503 -5.031751
24975 1444831734.853943 11.964141 4.718639 0.032959 -10.014063 -4.828503 -5.031751
24976 1444831734.865621 11.964141 4.718639 0.032959 -10.014063 -4.828503 -5.031751
24977 1444831734.874095 12.052031 4.718639 0.032959 -9.926172 -4.828503 -5.031751
24978 1444831734.885600 12.052031 4.718639 0.032959 -10.014063 -4.828503 -5.031751
24979 1444831734.896159 12.052031 4.718639 -0.054932 -9.926172 -4.828503 -5.031751
24980 1444831734.905633 11.964141 4.718639 0.032959 -10.014063 -4.828503 -5.031751
24981 1444831734.915771 11.964141 4.718639 0.032959 -10.014063 -4.828503 -5.031751
24982 1444831734.925798 11.964141 4.718639 0.032959 -9.926172 -4.828503 -5.031751
24983 1444831734.936308 11.964141 4.718639 0.032959 -10.014063 -4.828503 -5.031751
24984 1444831734.948727 11.964141 4.718639 0.032959 -9.926172 -4.828503 -5.031751
24985 1444831734.959377 11.964141 4.718639 0.032959 -10.014063 -4.828503 -5.031751
24986 1444831734.966398 11.964141 4.718639 -0.054932 -9.926172 -4.828503 -5.031751
24987 1444831734.974875 12.052031 4.718639 0.032959 -10.014063 -4.828503 -5.031751
24988 1444831734.985520 11.964141 4.718639 0.032959 -10.014063 -4.828503 -5.031751
24989 1444831734.995532 12.052031 4.718639 -0.054932 -10.014063 -4.828503 -5.031751
24990 1444831735.005644 11.964141 4.718639 0.032959 -9.926172 -4.828503 -5.031751
24991 1444831735.015731 11.964141 4.718639 0.032959 -9.926172 -4.828503 -5.031751
24992 1444831735.025967 11.964141 4.718639 -0.054932 -9.926172 -4.828503 -5.031751
24993 1444831735.035997 12.052031 4.718639 0.032959 -10.014063 -4.828503 -5.031751
24994 1444831735.043942 11.964141 4.718639 0.032959 -10.014063 -4.828503 -5.031751
24995 1444831735.055981 11.964141 4.718639 -0.054932 -10.014063 -4.828503 -5.119641
24996 1444831735.066076 11.964141 4.718639 0.032959 -10.014063 -4.828503 -5.031751
24997 1444831735.076194 11.964141 4.718639 0.032959 -10.014063 -4.828503 -5.031751
24998 1444831735.086992 12.052031 4.718639 -0.054932 -9.926172 -4.828503 -5.031751
24999 1444831735.096610 11.964141 4.718639 0.032959 -10.014063 -4.828503 -5.031751
25000 1444831735.106652 11.964141 4.718639 0.032959 -9.926172 -4.828503 -5.031751
25001 1444831735.116719 11.964141 4.718639 -0.054932 -9.926172 -4.828503 -5.031751
25002 1444831735.127191 11.964141 4.718639 0.032959 -10.014063 -4.828503 -5.031751
25003 1444831735.135584 11.964141 4.718639 0.032959 -9.926172 -4.828503 -5.031751
25004 1444831735.145769 11.964141 4.718639 0.032959 -9.926172 -4.828503 -5.031751
25005 1444831735.155800 11.964141 4.718639 0.032959 -10.014063 -4.828503 -5.031751
25006 1444831735.163955 11.964141 4.718639 0.032959 -10.014063 -4.828503 -5.031751
25007 1444831735.175370 12.052031 4.718639 -0.054932 -9.926172 -4.828503 -5.031751
25008 1444831735.189581 11.964141 4.718639 -0.054932 -10.014063 -4.828503 -5.031751
25009 1444831735.195496 12.052031 4.718639 -0.054932 -10.014063 -4.828503 -5.031751
25010 1444831735.205575 12.052031 4.718639 -0.054932 -9.926172 -4.828503 -5.031751
25011 1444831735.218942 11.964141 4.718639 0.032959 -10.014063 -4.828503 -5.031751
25012 1444831735.228889 12.052031 4.718639 -0.054932 -10.014063 -4.828503 -5.031751
25013 1444831735.237055 11.964141 4.718639 -0.054932 -10.014063 -4.828503 -5.031751
25014 1444831735.246665 11.964141 4.718639 -0.054932 -10.014063 -4.828503 -5.031751
25015 1444831735.259110 11.964141 4.718639 0.032959 -10.014063 -4.828503 -5.031751
25016 1444831735.269056 11.964141 4.718639 0.032959 -10.014063 -4.828503 -5.031751
25017 1444831735.279103 11.964141 4.718639 -0.054932 -10.014063 -4.828503 -5.031751
25018 1444831735.289178 11.964141 4.718639 0.032959 -10.014063 -4.828503 -5.031751
25019 1444831735.299285 11.964141 4.718639 0.032959 -9.926172 -4.828503 -5.031751
25020 1444831735.309470 11.964141 4.718639 0.032959 -10.014063 -4.828503 -5.031751
25021 1444831735.319795 11.964141 4.718639 0.032959 -10.014063 -4.828503 -5.031751
25022 1444831735.329833 11.964141 4.718639 0.032959 -10.014063 -4.828503 -5.031751
25023 1444831735.339263 11.964141 4.718639 -0.054932 -10.014063 -4.828503 -5.031751
25024 1444831735.349276 11.964141 4.718639 -0.054932 -10.014063 -4.828503 -5.031751
25025 1444831735.360178 11.964141 4.718639 0.032959 -10.014063 -4.828503 -5.031751
25026 1444831735.370467 11.964141 4.718639 -0.054932 -10.014063 -4.828503 -5.031751
25027 1444831735.380512 11.964141 4.718639 0.032959 -10.014063 -4.828503 -5.031751
25028 1444831735.390259 11.964141 4.718639 -0.054932 -10.014063 -4.828503 -5.031751
25029 1444831735.398937 11.964141 4.718639 0.032959 -10.014063 -4.828503 -5.031751
25030 1444831735.410946 11.964141 4.718639 0.032959 -9.926172 -4.828503 -5.031751
25031 1444831735.420952 11.964141 4.718639 0.032959 -10.014063 -4.828503 -5.031751
25032 1444831735.431078 11.964141 4.718639 0.032959 -10.014063 -4.828503 -5.031751
25033 1444831735.438995 11.964141 4.718639 0.032959 -10.014063 -4.828503 -5.031751
25034 1444831735.448733 11.964141 4.718639 -0.054932 -10.014063 -4.828503 -5.031751
25035 1444831735.458855 11.964141 4.718639 0.032959 -10.014063 -4.828503 -5.031751
25036 1444831735.468754 11.964141 4.718639 0.032959 -10.014063 -4.828503 -5.031751
25037 1444831735.478812 11.964141 4.718639 0.032959 -9.926172 -4.828503 -5.031751
25038 1444831735.489079 12.052031 4.718639 0.032959 -10.014063 -4.828503 -5.031751
25039 1444831735.499129 11.964141 4.718639 0.032959 -9.926172 -4.828503 -5.031751
25040 1444831735.509124 11.964141 4.718639 -0.054932 -9.926172 -4.828503 -5.031751
25041 1444831735.519410 12.052031 4.718639 0.032959 -10.014063 -4.828503 -5.031751
25042 1444831735.529461 11.964141 4.718639 0.032959 -10.014063 -4.828503 -5.031751
25043 1444831735.539638 11.964141 4.718639 0.032959 -10.014063 -4.828503 -5.031751
25044 1444831735.549727 11.964141 4.718639 -0.054932 -10.014063 -4.828503 -5.031751
25045 1444831735.559736 12.052031 4.718639 0.032959 -10.014063 -4.828503 -5.031751
25046 1444831735.569783 11.964141 4.718639 -0.054932 -10.014063 -4.828503 -5.031751
25047 1444831735.579940 12.052031 4.718639 0.032959 -9.926172 -4.828503 -5.031751
25048 1444831735.590067 12.052031 4.718639 -0.054932 -10.014063 -4.828503 -5.031751
25049 1444831735.599060 12.052031 4.718639 0.032959 -10.014063 -4.828503 -5.031751
25050 1444831735.610168 11.964141 4.718639 -0.054932 -10.014063 -4.828503 -5.031751
25051 1444831735.620089 12.052031 4.718639 0.032959 -10.014063 -4.828503 -5.031751
25052 1444831735.629394 11.964141 4.718639 0.032959 -10.014063 -4.828503 -5.031751
25053 1444831735.639265 11.964141 4.718639 0.032959 -9.926172 -4.828503 -5.031751
25054 1444831735.649210 12.052031 4.718639 0.032959 -10.014063 -4.828503 -5.031751
25055 1444831735.659794 12.052031 4.718639 0.032959 -10.014063 -4.828503 -5.031751
25056 1444831735.671628 11.964141 4.718639 -0.054932 -10.014063 -4.828503 -5.031751
25057 1444831735.680465 11.964141 4.718639 0.032959 -9.926172 -4.828503 -5.031751
25058 1444831735.689322 11.964141 4.718639 0.032959 -10.014063 -4.828503 -5.031751
25059 1444831735.700641 11.964141 4.718639 0.032959 -10.014063 -4.828503 -5.031751
25060 1444831735.708693 11.964141 4.718639 0.032959 -10.014063 -4.828503 -5.031751
25061 1444831735.722512 11.964141 4.718639 0.032959 -10.014063 -4.828503 -5.031751
25062 1444831735.733833 12.052031 4.718639 0.032959 -10.014063 -4.828503 -5.031751
25063 1444831735.743961 11.964141 4.718639 -0.054932 -10.014063 -4.828503 -5.031751
25064 1444831735.753812 11.964141 4.718639 -0.054932 -10.014063 -4.828503 -5.031751
25065 1444831735.764441 12.052031 4.718639 -0.054932 -10.014063 -4.828503 -5.031751
25066 1444831735.774416 11.964141 4.718639 -0.054932 -10.014063 -4.828503 -5.031751
25067 1444831735.782423 11.964141 4.718639 0.032959 -10.014063 -4.828503 -5.031751
25068 1444831735.791687 11.964141 4.718639 -0.054932 -10.014063 -4.828503 -5.031751
25069 1444831735.804856 12.052031 4.718639 0.032959 -10.014063 -4.828503 -5.031751
25070 1444831735.811930 11.964141 4.718639 -0.054932 -10.014063 -4.828503 -5.031751
25071 1444831735.820192 11.964141 4.718639 -0.054932 -9.926172 -4.828503 -5.031751
25072 1444831735.830481 11.964141 4.718639 -0.054932 -10.014063 -4.828503 -5.031751
25073 1444831735.840847 11.964141 4.718639 0.032959 -10.014063 -4.828503 -5.031751
25074 1444831735.850986 11.964141 4.718639 0.032959 -9.926172 -4.828503 -5.031751
25075 1444831735.861104 11.964141 4.718639 0.032959 -9.926172 -4.828503 -5.031751
25076 1444831735.871357 12.052031 4.718639 -0.054932 -10.014063 -4.828503 -5.031751
25077 1444831735.881394 12.052031 4.718639 -0.054932 -10.014063 -4.828503 -5.031751
25078 1444831735.892226 11.964141 4.718639 -0.054932 -10.014063 -4.828503 -5.031751
25079 1444831735.901657 11.964141 4.718639 0.032959 -10.014063 -4.828503 -5.031751
25080 1444831735.911709 12.052031 4.630749 0.032959 -10.014063 -4.828503 -5.031751
25081 1444831735.922338 11.964141 4.718639 -0.054932 -9.926172 -4.828503 -5.031751
25082 1444831735.933892 11.964141 4.718639 0.032959 -9.926172 -4.828503 -5.031751
25083 1444831735.943891 11.964141 4.718639 0.032959 -9.926172 -4.828503 -5.031751
25084 1444831735.953788 11.964141 4.718639 -0.054932 -10.014063 -4.828503 -5.031751
25085 1444831735.963735 11.964141 4.718639 -0.054932 -10.014063 -4.828503 -5.031751
25086 1444831735.972951 12.052031 4.718639 0.032959 -10.014063 -4.828503 -5.031751
25087 1444831735.984056 12.052031 4.718639 0.032959 -10.014063 -4.828503 -5.031751
25088 1444831735.991491 12.052031 4.718639 0.032959 -10.014063 -4.828503 -5.031751
25089 1444831736.003723 12.052031 4.718639 -0.054932 -10.014063 -4.828503 -5.031751
25090 1444831736.013793 12.052031 4.718639 0.032959 -10.014063 -4.828503 -5.031751
25091 1444831736.024108 12.052031 4.718639 -0.054932 -10.014063 -4.828503 -5.031751
25092 1444831736.034019 11.964141 4.718639 0.032959 -10.014063 -4.828503 -5.031751
25093 1444831736.044072 11.964141 4.718639 -0.054932 -9.926172 -4.828503 -5.031751
25094 1444831736.054124 11.964141 4.718639 0.032959 -10.014063 -4.828503 -5.031751
25095 1444831736.064260 11.964141 4.718639 -0.054932 -10.014063 -4.828503 -5.031751
25096 1444831736.074380 11.964141 4.718639 -0.054932 -10.014063 -4.828503 -5.031751
25097 1444831736.085400 11.964141 4.718639 -0.054932 -10.014063 -4.828503 -5.031751
25098 1444831736.095377 12.052031 4.718639 -0.054932 -9.926172 -4.828503 -5.031751
25099 1444831736.105470 11.964141 4.718639 0.032959 -9.926172 -4.828503 -5.031751
25100 1444831736.115681 11.964141 4.718639 0.032959 -10.014063 -4.828503 -5.031751
25101 1444831736.125732 11.964141 4.718639 0.032959 -10.014063 -4.828503 -5.031751
25102 1444831736.136247 11.964141 4.718639 -0.054932 -10.014063 -4.828503 -5.031751
25103 1444831736.144099 11.964141 4.718639 0.032959 -9.926172 -4.828503 -5.031751
25104 1444831736.152437 11.964141 4.718639 0.032959 -9.926172 -4.828503 -5.031751
25105 1444831736.162663 12.052031 4.718639 0.032959 -10.014063 -4.828503 -5.031751
25106 1444831736.173713 11.964141 4.718639 -0.054932 -10.014063 -4.828503 -5.031751
25107 1444831736.184466 12.052031 4.718639 -0.054932 -10.014063 -4.828503 -5.031751
25108 1444831736.194752 11.964141 4.718639 0.032959 -9.926172 -4.828503 -5.031751
25109 1444831736.204115 11.964141 4.718639 0.032959 -9.926172 -4.828503 -5.031751
25110 1444831736.214149 11.964141 4.718639 -0.054932 -9.926172 -4.828503 -5.031751
25111 1444831736.224224 11.964141 4.718639 -0.054932 -9.926172 -4.828503 -5.031751
25112 1444831736.234616 12.052031 4.718639 -0.054932 -10.014063 -4.828503 -5.031751
25113 1444831736.244537 11.964141 4.718639 0.032959 -10.014063 -4.828503 -5.031751
25114 1444831736.254371 12.052031 4.718639 0.032959 -10.014063 -4.828503 -5.031751
25115 1444831736.264922 11.964141 4.718639 0.032959 -10.014063 -4.828503 -5.031751
25116 1444831736.275078 11.964141 4.718639 -0.054932 -10.014063 -4.828503 -5.031751
25117 1444831736.285250 12.052031 4.718639 -0.054932 -9.926172 -4.828503 -5.031751
25118 1444831736.295252 11.964141 4.718639 -0.054932 -10.014063 -4.828503 -5.031751
25119 1444831736.305621 11.964141 4.718639 0.032959 -10.014063 -4.828503 -5.031751
25120 1444831736.315696 12.052031 4.718639 -0.054932 -9.926172 -4.828503 -5.031751
25121 1444831736.326120 12.052031 4.718639 0.032959 -10.014063 -4.828503 -5.031751
25122 1444831736.334991 12.052031 4.718639 0.032959 -10.014063 -4.828503 -5.031751
25123 1444831736.344208 12.052031 4.718639 -0.054932 -10.014063 -4.828503 -5.031751
25124 1444831736.356024 12.052031 4.718639 0.032959 -10.014063 -4.828503 -5.031751
25125 1444831736.365068 12.052031 4.718639 -0.054932 -9.926172 -4.828503 -5.031751
25126 1444831736.375266 12.052031 4.718639 0.032959 -10.014063 -4.828503 -5.031751
25127 1444831736.383980 12.052031 4.718639 0.032959 -9.926172 -4.828503 -5.031751
25128 1444831736.394847 12.052031 4.718639 -0.054932 -10.014063 -4.828503 -5.031751
25129 1444831736.403939 12.052031 4.718639 -0.054932 -9.926172 -4.828503 -5.031751
25130 1444831736.415504 12.052031 4.718639 0.032959 -10.014063 -4.828503 -5.031751
25131 1444831736.424080 12.052031 4.718639 0.032959 -9.926172 -4.828503 -5.031751
25132 1444831736.435306 12.052031 4.718639 0.032959 -10.014063 -4.828503 -5.031751
25133 1444831736.445554 12.052031 4.718639 0.032959 -9.926172 -4.828503 -5.031751
25134 1444831736.455518 12.052031 4.718639 -0.054932 -9.926172 -4.828503 -5.031751
25135 1444831736.468676 12.052031 4.718639 0.032959 -9.926172 -4.828503 -5.031751
25136 1444831736.478964 12.052031 4.718639 0.032959 -9.926172 -4.828503 -5.031751
25137 1444831736.488869 12.052031 4.718639 -0.054932 -10.014063 -4.828503 -5.031751
25138 1444831736.499074 12.052031 4.718639 0.032959 -10.014063 -4.828503 -5.031751
25139 1444831736.509248 12.052031 4.718639 0.032959 -10.014063 -4.828503 -5.031751
25140 1444831736.519383 12.052031 4.718639 0.032959 -10.014063 -4.828503 -5.031751
25141 1444831736.529452 11.964141 4.718639 -0.054932 -9.926172 -4.828503 -5.031751
25142 1444831736.539505 12.052031 4.718639 0.032959 -9.926172 -4.828503 -5.031751
25143 1444831736.549511 12.052031 4.718639 0.032959 -9.926172 -4.828503 -5.031751
25144 1444831736.559681 12.052031 4.718639 -0.054932 -9.926172 -4.828503 -5.031751
25145 1444831736.569880 12.052031 4.718639 0.032959 -10.014063 -4.828503 -5.031751
25146 1444831736.576956 12.052031 4.718639 0.032959 -9.926172 -4.828503 -5.031751
25147 1444831736.588087 12.052031 4.718639 0.032959 -9.926172 -4.828503 -5.031751
25148 1444831736.595550 12.052031 4.718639 0.032959 -9.926172 -4.828503 -5.031751
25149 1444831736.605546 11.964141 4.718639 0.032959 -9.926172 -4.828503 -5.031751
25150 1444831736.615740 11.964141 4.718639 0.032959 -9.926172 -4.828503 -5.031751
25151 1444831736.625932 12.052031 4.718639 -0.054932 -10.014063 -4.828503 -5.031751
25152 1444831736.636066 12.052031 4.718639 0.032959 -9.926172 -4.828503 -5.031751
25153 1444831736.647020 12.052031 4.718639 -0.054932 -10.014063 -4.828503 -5.031751
25154 1444831736.656524 12.052031 4.718639 -0.054932 -10.014063 -4.828503 -5.031751
25155 1444831736.666739 12.052031 4.718639 -0.054932 -9.926172 -4.828503 -5.031751
25156 1444831736.677422 12.052031 4.718639 -0.054932 -9.926172 -4.828503 -5.031751
25157 1444831736.689187 12.052031 4.718639 0.032959 -10.014063 -4.828503 -5.031751
25158 1444831736.697720 12.052031 4.718639 -0.054932 -10.014063 -4.828503 -5.031751
25159 1444831736.708779 12.052031 4.718639 0.032959 -10.014063 -4.828503 -5.031751
25160 1444831736.717636 12.052031 4.718639 -0.054932 -9.926172 -4.828503 -5.031751
25161 1444831736.728655 12.052031 4.718639 0.032959 -9.926172 -4.828503 -5.031751
25162 1444831736.739037 12.052031 4.718639 0.032959 -9.926172 -4.828503 -5.031751
25163 1444831736.746375 12.052031 4.718639 -0.054932 -9.926172 -4.828503 -5.031751
25164 1444831736.759289 12.052031 4.718639 0.032959 -9.926172 -4.828503 -5.031751
25165 1444831736.769107 12.052031 4.718639 0.032959 -10.014063 -4.828503 -5.031751
25166 1444831736.779923 12.052031 4.718639 -0.054932 -9.926172 -4.828503 -5.031751
25167 1444831736.790160 12.052031 4.718639 0.032959 -10.014063 -4.828503 -5.031751
25168 1444831736.799993 12.052031 4.718639 0.032959 -10.014063 -4.828503 -5.031751
25169 1444831736.809982 12.052031 4.718639 0.032959 -9.926172 -4.828503 -5.031751
25170 1444831736.819868 12.052031 4.718639 -0.054932 -10.014063 -4.828503 -5.031751
25171 1444831736.830127 12.052031 4.718639 0.032959 -10.014063 -4.828503 -5.031751
25172 1444831736.838864 12.052031 4.718639 0.032959 -9.926172 -4.828503 -5.031751
25173 1444831736.849078 12.052031 4.718639 0.032959 -10.014063 -4.828503 -5.031751
25174 1444831736.860617 12.052031 4.718639 -0.054932 -10.014063 -4.828503 -5.031751
25175 1444831736.870837 12.052031 4.718639 0.032959 -10.014063 -4.828503 -5.031751
25176 1444831736.881108 12.052031 4.718639 -0.054932 -10.014063 -4.828503 -5.031751
25177 1444831736.891158 12.052031 4.718639 -0.054932 -10.014063 -4.828503 -5.031751
25178 1444831736.901145 12.052031 4.718639 -0.054932 -10.014063 -4.828503 -5.031751
25179 1444831736.911347 12.052031 4.718639 0.032959 -10.014063 -4.828503 -5.031751
25180 1444831736.921432 12.052031 4.718639 -0.054932 -10.014063 -4.828503 -5.031751
25181 1444831736.931639 12.052031 4.718639 0.032959 -9.926172 -4.828503 -5.031751
25182 1444831736.940621 12.052031 4.718639 -0.054932 -10.014063 -4.828503 -5.031751
25183 1444831736.950660 12.052031 4.718639 -0.054932 -10.014063 -4.828503 -5.031751
25184 1444831736.960635 12.052031 4.718639 -0.054932 -9.926172 -4.828503 -5.031751
25185 1444831736.970811 12.052031 4.718639 -0.054932 -10.014063 -4.828503 -5.031751
25186 1444831736.980891 12.052031 4.718639 0.032959 -9.926172 -4.828503 -5.031751
25187 1444831736.988774 12.052031 4.718639 0.032959 -9.926172 -4.828503 -5.031751
25188 1444831737.001278 12.052031 4.718639 0.032959 -10.014063 -4.828503 -5.031751
25189 1444831737.008691 12.052031 4.718639 -0.054932 -10.014063 -4.828503 -5.031751
25190 1444831737.015421 12.052031 4.718639 0.032959 -10.014063 -4.828503 -5.119641
25191 1444831737.028815 12.052031 4.718639 0.032959 -10.014063 -4.828503 -5.031751
25192 1444831737.039851 12.052031 4.718639 0.032959 -10.014063 -4.828503 -5.031751
25193 1444831737.049307 12.052031 4.718639 0.032959 -10.014063 -4.828503 -5.031751
25194 1444831737.059674 12.052031 4.718639 0.032959 -10.014063 -4.828503 -5.031751
25195 1444831737.069775 12.052031 4.718639 -0.054932 -10.014063 -4.828503 -5.031751
25196 1444831737.080070 12.052031 4.718639 0.032959 -10.014063 -4.828503 -5.031751
25197 1444831737.090147 12.052031 4.718639 -0.054932 -10.014063 -4.828503 -5.031751
25198 1444831737.099994 12.052031 4.718639 -0.054932 -10.014063 -4.828503 -5.031751
25199 1444831737.110010 12.052031 4.718639 0.032959 -10.014063 -4.828503 -5.031751
25200 1444831737.120137 12.052031 4.718639 0.032959 -10.014063 -4.828503 -5.031751
25201 1444831737.130073 12.052031 4.718639 0.032959 -10.014063 -4.828503 -5.031751
25202 1444831737.140481 12.052031 4.718639 -0.054932 -9.926172 -4.828503 -5.031751
25203 1444831737.150230 12.052031 4.718639 -0.054932 -10.014063 -4.828503 -5.031751
25204 1444831737.160420 12.052031 4.718639 0.032959 -10.014063 -4.828503 -5.031751
25205 1444831737.170548 12.052031 4.718639 -0.054932 -10.014063 -4.828503 -5.031751
25206 1444831737.181671 12.052031 4.718639 -0.054932 -10.014063 -4.828503 -5.031751
25207 1444831737.192201 12.052031 4.718639 0.032959 -10.014063 -4.828503 -5.031751
25208 1444831737.201952 12.052031 4.718639 0.032959 -10.014063 -4.828503 -5.031751
25209 1444831737.212150 11.964141 4.718639 0.032959 -9.926172 -4.828503 -5.031751
25210 1444831737.220338 12.052031 4.718639 -0.054932 -10.014063 -4.828503 -5.031751
25211 1444831737.230593 12.052031 4.718639 0.032959 -10.014063 -4.828503 -5.031751
25212 1444831737.240684 12.052031 4.718639 0.032959 -9.926172 -4.828503 -5.031751
25213 1444831737.252472 12.052031 4.718639 -0.054932 -10.014063 -4.828503 -5.031751
25214 1444831737.260571 12.052031 4.718639 0.032959 -10.014063 -4.828503 -5.031751
25215 1444831737.270542 12.052031 4.718639 -0.054932 -10.014063 -4.828503 -5.031751
25216 1444831737.280781 12.052031 4.718639 0.032959 -10.014063 -4.828503 -5.031751
25217 1444831737.294165 12.052031 4.718639 0.032959 -10.014063 -4.828503 -5.031751
25218 1444831737.304022 12.052031 4.718639 0.032959 -10.014063 -4.828503 -5.031751
25219 1444831737.314104 12.052031 4.718639 0.032959 -10.014063 -4.828503 -5.031751
25220 1444831737.324374 11.964141 4.718639 -0.054932 -10.014063 -4.828503 -5.031751
25221 1444831737.334461 11.964141 4.718639 0.032959 -10.014063 -4.828503 -5.031751
25222 1444831737.344688 11.964141 4.718639 0.032959 -10.014063 -4.828503 -5.031751
25223 1444831737.354773 11.964141 4.718639 0.032959 -10.014063 -4.828503 -5.031751
25224 1444831737.364913 11.964141 4.718639 -0.054932 -10.014063 -4.828503 -5.031751
25225 1444831737.375183 11.964141 4.718639 -0.054932 -10.014063 -4.828503 -5.031751
25226 1444831737.385356 11.964141 4.718639 -0.054932 -10.014063 -4.828503 -5.031751
25227 1444831737.395251 12.052031 4.718639 0.032959 -10.014063 -4.828503 -5.031751
25228 1444831737.403977 11.964141 4.718639 0.032959 -10.014063 -4.828503 -5.031751
25229 1444831737.412007 11.964141 4.718639 -0.054932 -10.014063 -4.828503 -5.031751
25230 1444831737.421680 11.964141 4.718639 0.032959 -10.014063 -4.828503 -5.031751
25231 1444831737.434881 11.964141 4.718639 0.032959 -10.014063 -4.828503 -5.031751
25232 1444831737.445432 11.964141 4.718639 -0.054932 -10.014063 -4.828503 -5.031751
25233 1444831737.454370 11.964141 4.718639 0.032959 -10.014063 -4.828503 -5.031751
25234 1444831737.464173 11.964141 4.718639 -0.054932 -10.014063 -4.828503 -5.031751
25235 1444831737.471263 11.964141 4.718639 -0.054932 -10.014063 -4.828503 -5.031751
25236 1444831737.484876 11.964141 4.718639 0.032959 -10.014063 -4.828503 -5.031751
25237 1444831737.494580 11.964141 4.718639 0.032959 -10.014063 -4.828503 -5.031751
25238 1444831737.505935 11.964141 4.718639 0.032959 -10.014063 -4.828503 -5.031751
25239 1444831737.515970 11.964141 4.718639 -0.054932 -10.014063 -4.828503 -5.031751
25240 1444831737.526441 11.964141 4.718639 -0.054932 -10.014063 -4.828503 -5.031751
25241 1444831737.535134 11.964141 4.718639 -0.054932 -10.014063 -4.828503 -5.031751
25242 1444831737.545686 11.964141 4.718639 -0.054932 -10.014063 -4.828503 -5.031751
25243 1444831737.555606 11.964141 4.718639 0.032959 -10.014063 -4.828503 -5.031751
25244 1444831737.565711 11.964141 4.718639 0.032959 -10.014063 -4.828503 -5.031751
25245 1444831737.572760 11.964141 4.718639 0.032959 -10.014063 -4.828503 -5.031751
25246 1444831737.585811 11.964141 4.718639 0.032959 -10.014063 -4.828503 -5.031751
25247 1444831737.595289 11.964141 4.718639 0.032959 -10.014063 -4.828503 -5.031751
25248 1444831737.604777 11.964141 4.718639 0.032959 -10.014063 -4.828503 -5.031751
25249 1444831737.614708 11.964141 4.718639 -0.054932 -10.014063 -4.828503 -5.031751
25250 1444831737.624797 11.964141 4.718639 -0.054932 -10.014063 -4.828503 -5.031751
25251 1444831737.635522 11.964141 4.718639 -0.054932 -10.014063 -4.828503 -5.031751
25252 1444831737.644245 11.964141 4.718639 -0.054932 -10.014063 -4.828503 -5.031751
25253 1444831737.655896 11.964141 4.718639 0.032959 -10.014063 -4.828503 -5.031751
25254 1444831737.666157 11.964141 4.718639 0.032959 -10.014063 -4.828503 -5.031751
25255 1444831737.676706 11.964141 4.718639 0.032959 -10.014063 -4.828503 -5.031751
25256 1444831737.687143 11.964141 4.718639 0.032959 -10.014063 -4.828503 -5.031751
25257 1444831737.697500 11.964141 4.718639 0.032959 -10.014063 -4.828503 -5.031751
25258 1444831737.707369 11.964141 4.718639 0.032959 -10.014063 -4.828503 -5.031751
25259 1444831737.717622 11.964141 4.718639 0.032959 -10.014063 -4.828503 -5.031751
25260 1444831737.725222 11.964141 4.718639 0.032959 -10.014063 -4.828503 -5.031751
25261 1444831737.736010 11.964141 4.718639 -0.054932 -10.014063 -4.828503 -5.031751
25262 1444831737.746482 11.964141 4.718639 -0.054932 -9.926172 -4.828503 -5.031751
25263 1444831737.756202 11.964141 4.718639 -0.054932 -10.014063 -4.828503 -5.031751
25264 1444831737.764135 11.964141 4.718639 0.032959 -10.014063 -4.828503 -5.031751
25265 1444831737.774012 11.964141 4.718639 0.032959 -10.014063 -4.828503 -5.031751
25266 1444831737.784371 11.964141 4.718639 0.032959 -10.014063 -4.828503 -5.031751
25267 1444831737.795182 11.964141 4.718639 0.032959 -10.014063 -4.828503 -5.031751
25268 1444831737.808823 11.964141 4.718639 -0.054932 -10.014063 -4.828503 -5.031751
25269 1444831737.818725 11.964141 4.718639 -0.054932 -10.014063 -4.828503 -5.031751
25270 1444831737.825538 11.964141 4.718639 -0.054932 -10.014063 -4.828503 -5.031751
25271 1444831737.836715 11.964141 4.718639 -0.054932 -10.014063 -4.828503 -5.031751
25272 1444831737.846701 11.964141 4.718639 0.032959 -10.014063 -4.828503 -5.031751
25273 1444831737.859144 11.964141 4.718639 0.032959 -10.014063 -4.828503 -5.031751
25274 1444831737.869160 11.964141 4.718639 0.032959 -10.014063 -4.828503 -5.031751
25275 1444831737.876244 11.964141 4.718639 0.032959 -10.014063 -4.828503 -5.031751
25276 1444831737.884263 11.964141 4.718639 -0.054932 -10.014063 -4.828503 -5.031751
25277 1444831737.894054 11.964141 4.718639 -0.054932 -10.014063 -4.828503 -5.031751
25278 1444831737.903970 11.964141 4.718639 0.032959 -10.014063 -4.828503 -5.031751
25279 1444831737.914058 11.964141 4.718639 -0.054932 -10.014063 -4.828503 -5.031751
25280 1444831737.929290 11.964141 4.718639 -0.054932 -10.014063 -4.828503 -5.031751
25281 1444831737.935917 11.964141 4.718639 0.032959 -10.014063 -4.828503 -5.031751
25282 1444831737.944540 11.964141 4.718639 0.032959 -10.014063 -4.828503 -5.031751
25283 1444831737.956581 11.964141 4.718639 0.032959 -10.014063 -4.828503 -5.031751
25284 1444831737.965044 11.964141 4.718639 0.032959 -10.014063 -4.828503 -5.031751
25285 1444831737.975546 11.964141 4.718639 0.032959 -10.014063 -4.828503 -5.031751
25286 1444831737.989621 11.964141 4.718639 0.032959 -10.014063 -4.828503 -5.031751
25287 1444831737.997293 11.964141 4.718639 0.032959 -10.014063 -4.828503 -5.031751
25288 1444831738.004490 11.964141 4.718639 0.032959 -10.014063 -4.828503 -5.031751
25289 1444831738.015592 11.964141 4.718639 0.032959 -10.014063 -4.828503 -5.031751
25290 1444831738.025494 11.964141 4.630749 -0.054932 -10.014063 -4.828503 -5.031751
25291 1444831738.038813 11.964141 4.718639 0.032959 -10.014063 -4.828503 -5.031751
25292 1444831738.050089 11.964141 4.718639 0.032959 -10.014063 -4.828503 -5.031751
25293 1444831738.060037 11.964141 4.718639 -0.054932 -10.014063 -4.828503 -5.031751
25294 1444831738.070097 11.964141 4.718639 0.032959 -10.014063 -4.828503 -5.031751
25295 1444831738.080579 11.964141 4.718639 0.032959 -10.014063 -4.828503 -5.031751
25296 1444831738.090616 11.964141 4.718639 -0.054932 -10.014063 -4.828503 -5.031751
25297 1444831738.100344 11.964141 4.718639 0.032959 -10.014063 -4.828503 -5.031751
25298 1444831738.110618 11.964141 4.718639 -0.054932 -10.014063 -4.828503 -5.031751
25299 1444831738.119900 11.964141 4.718639 -0.054932 -10.014063 -4.828503 -5.031751
25300 1444831738.131022 11.964141 4.718639 0.032959 -9.926172 -4.828503 -5.031751
25301 1444831738.136667 11.964141 4.718639 0.032959 -10.014063 -4.828503 -5.031751
25302 1444831738.146508 11.964141 4.718639 0.032959 -10.014063 -4.828503 -5.031751
25303 1444831738.157881 11.964141 4.718639 0.032959 -10.014063 -4.828503 -5.031751
25304 1444831738.167727 11.964141 4.718639 -0.054932 -10.014063 -4.828503 -5.031751
25305 1444831738.177569 11.964141 4.718639 0.032959 -10.014063 -4.828503 -5.031751
25306 1444831738.189203 11.964141 4.718639 -0.054932 -10.014063 -4.828503 -5.031751
25307 1444831738.195972 11.964141 4.718639 -0.054932 -10.014063 -4.828503 -5.031751
25308 1444831738.208754 11.964141 4.718639 -0.054932 -9.926172 -4.828503 -5.031751
25309 1444831738.218942 11.964141 4.718639 -0.054932 -10.014063 -4.828503 -5.031751
25310 1444831738.228683 11.964141 4.718639 0.032959 -10.014063 -4.828503 -5.031751
25311 1444831738.236848 11.964141 4.718639 0.032959 -10.014063 -4.828503 -5.031751
25312 1444831738.246812 11.964141 4.718639 0.032959 -10.014063 -4.828503 -5.031751
25313 1444831738.258975 11.964141 4.718639 0.032959 -10.014063 -4.828503 -5.031751
25314 1444831738.269278 11.964141 4.718639 0.032959 -10.014063 -4.828503 -5.031751
25315 1444831738.279731 11.964141 4.718639 0.032959 -10.014063 -4.828503 -5.031751
25316 1444831738.290870 11.964141 4.718639 0.032959 -9.926172 -4.828503 -5.031751
25317 1444831738.301260 11.964141 4.718639 -0.054932 -10.014063 -4.828503 -5.031751
25318 1444831738.311354 11.964141 4.718639 -0.054932 -10.014063 -4.828503 -5.031751
25319 1444831738.321563 11.964141 4.718639 -0.054932 -9.926172 -4.828503 -5.031751
25320 1444831738.331837 11.964141 4.718639 0.032959 -10.014063 -4.828503 -5.031751
25321 1444831738.342195 11.964141 4.718639 0.032959 -10.014063 -4.828503 -5.031751
25322 1444831738.352594 11.964141 4.718639 0.032959 -10.014063 -4.828503 -5.031751
25323 1444831738.362487 11.964141 4.718639 -0.054932 -10.014063 -4.828503 -5.031751
25324 1444831738.372478 11.964141 4.718639 -0.054932 -10.014063 -4.828503 -5.031751
25325 1444831738.382655 11.964141 4.718639 0.032959 -10.014063 -4.828503 -5.031751
25326 1444831738.389309 11.964141 4.718639 0.032959 -10.014063 -4.828503 -5.031751
25327 1444831738.399023 11.964141 4.718639 -0.054932 -10.014063 -4.828503 -5.031751
25328 1444831738.410419 11.964141 4.718639 0.032959 -10.014063 -4.828503 -5.031751
25329 1444831738.419166 11.964141 4.718639 -0.054932 -10.014063 -4.828503 -5.031751
25330 1444831738.429134 11.964141 4.718639 0.032959 -10.014063 -4.828503 -5.031751
25331 1444831738.441532 11.964141 4.718639 -0.054932 -10.014063 -4.828503 -5.031751
25332 1444831738.449684 11.964141 4.630749 0.032959 -10.014063 -4.828503 -5.031751
25333 1444831738.459407 11.964141 4.718639 -0.054932 -9.926172 -4.828503 -5.031751
25334 1444831738.469338 11.964141 4.718639 0.032959 -9.926172 -4.828503 -5.031751
25335 1444831738.478930 11.964141 4.718639 0.032959 -10.014063 -4.828503 -5.031751
25336 1444831738.489501 11.964141 4.718639 -0.054932 -10.014063 -4.828503 -5.031751
25337 1444831738.499907 11.964141 4.718639 0.032959 -10.014063 -4.828503 -5.031751
25338 1444831738.509648 11.964141 4.718639 0.032959 -10.014063 -4.828503 -5.031751
25339 1444831738.519835 11.964141 4.718639 0.032959 -10.014063 -4.828503 -5.031751
25340 1444831738.530313 11.964141 4.718639 0.032959 -10.014063 -4.828503 -5.031751
25341 1444831738.544077 11.964141 4.718639 0.032959 -10.014063 -4.828503 -5.031751
25342 1444831738.550647 11.964141 4.718639 -0.054932 -10.014063 -4.828503 -5.031751
25343 1444831738.560710 11.964141 4.718639 -0.054932 -10.014063 -4.828503 -5.031751
25344 1444831738.568895 11.964141 4.718639 0.032959 -10.014063 -4.828503 -5.031751
25345 1444831738.579963 11.964141 4.718639 0.032959 -10.014063 -4.828503 -5.031751
25346 1444831738.594237 11.964141 4.718639 -0.054932 -10.014063 -4.828503 -5.031751
25347 1444831738.600412 11.964141 4.718639 0.032959 -10.014063 -4.828503 -5.031751
25348 1444831738.610373 11.964141 4.718639 0.032959 -10.014063 -4.828503 -5.031751
25349 1444831738.622839 11.964141 4.718639 -0.054932 -9.926172 -4.828503 -5.031751
25350 1444831738.634252 11.964141 4.718639 0.032959 -10.014063 -4.828503 -5.031751
25351 1444831738.644328 11.964141 4.718639 -0.054932 -10.014063 -4.828503 -5.031751
25352 1444831738.654198 11.964141 4.718639 -0.054932 -10.014063 -4.828503 -5.031751
25353 1444831738.664701 11.964141 4.718639 0.032959 -10.014063 -4.828503 -5.031751
25354 1444831738.674779 11.964141 4.718639 0.032959 -10.014063 -4.828503 -5.031751
25355 1444831738.679440 11.964141 4.718639 -0.054932 -10.014063 -4.828503 -5.031751
25356 1444831738.689355 11.964141 4.718639 0.032959 -10.014063 -4.828503 -5.031751
25357 1444831738.705175 11.964141 4.718639 -0.054932 -10.014063 -4.828503 -5.031751
25358 1444831738.712065 11.964141 4.718639 0.032959 -10.014063 -4.828503 -5.031751
25359 1444831738.725510 11.964141 4.718639 0.032959 -10.014063 -4.828503 -5.031751
25360 1444831738.732251 11.964141 4.630749 -0.054932 -10.014063 -4.828503 -5.031751
25361 1444831738.742822 11.964141 4.718639 0.032959 -10.014063 -4.828503 -5.031751
25362 1444831738.752743 11.964141 4.718639 0.032959 -10.014063 -4.828503 -5.031751
25363 1444831738.762521 11.964141 4.718639 -0.054932 -10.014063 -4.828503 -5.031751
25364 1444831738.772864 11.964141 4.718639 0.032959 -10.014063 -4.828503 -5.119641
25365 1444831738.781345 11.964141 4.630749 0.032959 -10.014063 -4.828503 -5.031751
25366 1444831738.791652 11.964141 4.718639 0.032959 -10.014063 -4.828503 -5.031751
25367 1444831738.800656 11.964141 4.718639 0.032959 -9.926172 -4.828503 -5.031751
25368 1444831738.811957 11.964141 4.718639 -0.054932 -10.014063 -4.828503 -5.031751
25369 1444831738.822370 11.964141 4.718639 -0.054932 -10.014063 -4.828503 -5.031751
25370 1444831738.832566 11.964141 4.718639 0.032959 -10.014063 -4.828503 -5.031751
25371 1444831738.844781 11.964141 4.718639 -0.054932 -10.014063 -4.828503 -5.031751
25372 1444831738.853801 11.964141 4.718639 0.032959 -10.014063 -4.828503 -5.031751
25373 1444831738.860157 11.964141 4.718639 0.032959 -10.014063 -4.828503 -5.031751
25374 1444831738.870322 11.964141 4.718639 0.032959 -10.014063 -4.828503 -5.031751
25375 1444831738.880675 11.964141 4.718639 0.032959 -9.926172 -4.828503 -5.031751
25376 1444831738.890989 11.964141 4.718639 0.032959 -10.014063 -4.828503 -5.031751
25377 1444831738.903791 11.964141 4.718639 0.032959 -10.014063 -4.828503 -5.031751
25378 1444831738.913757 11.964141 4.718639 0.032959 -10.014063 -4.828503 -5.031751
25379 1444831738.921184 11.964141 4.718639 0.032959 -10.014063 -4.828503 -5.031751
25380 1444831738.935291 11.964141 4.630749 0.032959 -10.014063 -4.828503 -5.031751
25381 1444831738.945121 11.964141 4.718639 0.032959 -10.014063 -4.828503 -5.031751
25382 1444831738.955344 11.964141 4.718639 -0.054932 -10.014063 -4.828503 -5.031751
25383 1444831738.965397 11.964141 4.718639 -0.054932 -10.014063 -4.828503 -5.031751
25384 1444831738.975390 11.964141 4.718639 0.032959 -10.014063 -4.828503 -5.031751
25385 1444831738.985671 11.964141 4.718639 0.032959 -10.014063 -4.828503 -5.119641
25386 1444831738.995929 11.964141 4.718639 0.032959 -10.014063 -4.828503 -5.031751
25387 1444831739.005804 11.964141 4.718639 -0.054932 -10.014063 -4.828503 -5.031751
25388 1444831739.016001 11.964141 4.718639 -0.054932 -10.014063 -4.828503 -5.031751
25389 1444831739.026118 11.964141 4.718639 0.032959 -9.926172 -4.828503 -5.031751
25390 1444831739.036314 11.964141 4.718639 -0.054932 -10.014063 -4.828503 -5.031751
25391 1444831739.046811 11.964141 4.718639 -0.054932 -10.014063 -4.828503 -5.031751
25392 1444831739.056894 11.964141 4.718639 -0.054932 -10.014063 -4.828503 -5.031751
25393 1444831739.067274 11.964141 4.718639 0.032959 -10.014063 -4.828503 -5.031751
25394 1444831739.077343 11.964141 4.718639 0.032959 -10.014063 -4.828503 -5.031751
25395 1444831739.085780 11.964141 4.718639 0.032959 -10.014063 -4.828503 -5.031751
25396 1444831739.095285 11.964141 4.718639 -0.054932 -10.014063 -4.828503 -5.031751
25397 1444831739.105996 11.964141 4.718639 -0.054932 -10.014063 -4.828503 -5.031751
25398 1444831739.116187 11.964141 4.718639 0.032959 -10.014063 -4.828503 -5.031751
25399 1444831739.126316 11.964141 4.718639 0.032959 -10.014063 -4.828503 -5.031751
25400 1444831739.134093 11.964141 4.718639 -0.054932 -10.014063 -4.828503 -5.031751
25401 1444831739.143956 11.964141 4.718639 0.032959 -10.014063 -4.828503 -5.031751
25402 1444831739.153691 11.964141 4.718639 0.032959 -10.014063 -4.828503 -5.031751
25403 1444831739.164029 11.964141 4.718639 0.032959 -10.014063 -4.828503 -5.031751
25404 1444831739.174133 11.964141 4.718639 0.032959 -10.014063 -4.828503 -5.031751
25405 1444831739.184593 11.964141 4.718639 -0.054932 -10.014063 -4.828503 -5.031751
25406 1444831739.194816 11.964141 4.718639 -0.054932 -10.014063 -4.828503 -5.031751
25407 1444831739.204529 11.964141 4.630749 -0.054932 -10.014063 -4.828503 -5.031751
25408 1444831739.214629 11.964141 4.718639 -0.054932 -10.014063 -4.828503 -5.031751
25409 1444831739.224774 11.964141 4.718639 -0.054932 -10.014063 -4.828503 -5.031751
25410 1444831739.235228 11.964141 4.718639 -0.054932 -10.014063 -4.828503 -5.031751
25411 1444831739.244378 11.964141 4.718639 -0.054932 -10.014063 -4.828503 -5.031751
25412 1444831739.255154 11.964141 4.718639 0.032959 -10.014063 -4.828503 -5.031751
25413 1444831739.265124 11.964141 4.718639 0.032959 -10.014063 -4.828503 -5.031751
25414 1444831739.275265 11.964141 4.718639 0.032959 -10.014063 -4.828503 -5.031751
25415 1444831739.285476 11.964141 4.718639 0.032959 -10.014063 -4.828503 -5.031751
25416 1444831739.294765 11.964141 4.718639 -0.054932 -10.014063 -4.828503 -5.031751
25417 1444831739.305779 11.964141 4.718639 -0.054932 -10.014063 -4.828503 -5.119641
25418 1444831739.315813 11.964141 4.718639 -0.054932 -10.014063 -4.828503 -5.031751
25419 1444831739.326030 11.964141 4.718639 0.032959 -10.014063 -4.828503 -5.031751
25420 1444831739.338609 11.964141 4.718639 0.032959 -10.014063 -4.828503 -5.031751
25421 1444831739.347701 11.964141 4.718639 0.032959 -10.014063 -4.828503 -5.031751
25422 1444831739.357648 11.964141 4.718639 -0.054932 -10.014063 -4.828503 -5.031751
25423 1444831739.365355 11.964141 4.718639 -0.054932 -10.014063 -4.828503 -5.031751
25424 1444831739.375416 11.964141 4.718639 0.032959 -10.014063 -4.828503 -5.031751
25425 1444831739.389029 11.964141 4.718639 0.032959 -10.014063 -4.828503 -5.031751
25426 1444831739.399082 11.964141 4.718639 0.032959 -10.014063 -4.828503 -5.031751
25427 1444831739.409117 11.964141 4.718639 0.032959 -10.014063 -4.828503 -5.031751
25428 1444831739.419149 11.964141 4.718639 0.032959 -10.014063 -4.828503 -5.031751
25429 1444831739.429275 11.964141 4.718639 -0.054932 -10.014063 -4.828503 -5.031751
25430 1444831739.439684 11.964141 4.718639 0.032959 -9.926172 -4.828503 -5.031751
25431 1444831739.449376 11.964141 4.718639 0.032959 -10.014063 -4.828503 -5.031751
25432 1444831739.459463 11.964141 4.718639 -0.054932 -10.014063 -4.828503 -5.031751
25433 1444831739.469563 11.964141 4.718639 0.032959 -10.014063 -4.828503 -5.031751
25434 1444831739.479783 12.052031 4.718639 0.032959 -10.014063 -4.828503 -5.031751
25435 1444831739.489825 11.964141 4.718639 0.032959 -10.014063 -4.828503 -5.031751
25436 1444831739.499822 11.964141 4.718639 0.032959 -10.014063 -4.828503 -5.031751
25437 1444831739.510026 11.964141 4.718639 0.032959 -10.014063 -4.828503 -5.031751
25438 1444831739.519992 11.964141 4.718639 0.032959 -10.014063 -4.828503 -5.031751
25439 1444831739.530089 11.964141 4.718639 -0.054932 -10.014063 -4.828503 -5.031751
25440 1444831739.540271 11.964141 4.718639 0.032959 -10.014063 -4.828503 -5.031751
25441 1444831739.550617 11.964141 4.718639 0.032959 -10.014063 -4.828503 -5.031751
25442 1444831739.560925 12.052031 4.718639 0.032959 -10.014063 -4.828503 -5.031751
25443 1444831739.570962 11.964141 4.718639 -0.054932 -10.014063 -4.828503 -5.031751
25444 1444831739.581027 11.964141 4.718639 0.032959 -10.014063 -4.828503 -5.031751
25445 1444831739.590008 11.964141 4.718639 -0.054932 -10.014063 -4.828503 -5.031751
25446 1444831739.598017 11.964141 4.718639 0.032959 -10.014063 -4.828503 -5.031751
25447 1444831739.608108 12.052031 4.718639 0.032959 -10.014063 -4.828503 -5.031751
25448 1444831739.618395 11.964141 4.718639 -0.054932 -10.014063 -4.828503 -5.031751
25449 1444831739.627121 11.964141 4.718639 0.032959 -10.014063 -4.828503 -5.031751
25450 1444831739.637603 11.964141 4.718639 0.032959 -10.014063 -4.828503 -5.031751
25451 1444831739.647075 12.052031 4.718639 0.032959 -10.014063 -4.828503 -5.031751
25452 1444831739.653832 12.052031 4.718639 0.032959 -10.014063 -4.828503 -5.031751
25453 1444831739.665359 12.052031 4.718639 -0.054932 -10.014063 -4.828503 -5.031751
25454 1444831739.677547 11.964141 4.718639 0.032959 -10.014063 -4.828503 -5.031751
25455 1444831739.685714 11.964141 4.718639 -0.054932 -10.014063 -4.828503 -5.031751
25456 1444831739.695632 12.052031 4.718639 -0.054932 -10.014063 -4.828503 -5.031751
25457 1444831739.705565 12.052031 4.718639 -0.054932 -10.014063 -4.828503 -5.031751
25458 1444831739.715766 12.052031 4.718639 0.032959 -10.014063 -4.828503 -5.031751
25459 1444831739.726243 11.964141 4.718639 0.032959 -10.014063 -4.828503 -5.031751
25460 1444831739.738766 12.052031 4.718639 0.032959 -10.014063 -4.828503 -5.031751
25461 1444831739.748727 12.052031 4.718639 0.032959 -9.926172 -4.828503 -5.031751
25462 1444831739.758839 11.964141 4.718639 -0.054932 -10.014063 -4.828503 -5.031751
25463 1444831739.768967 12.052031 4.718639 -0.054932 -10.014063 -4.828503 -5.031751
25464 1444831739.779017 12.052031 4.718639 -0.054932 -10.014063 -4.828503 -5.031751
25465 1444831739.791106 11.964141 4.718639 0.032959 -10.014063 -4.828503 -5.031751
25466 1444831739.801008 12.052031 4.718639 -0.054932 -10.014063 -4.828503 -5.031751
25467 1444831739.810701 11.964141 4.718639 0.032959 -10.014063 -4.828503 -5.031751
25468 1444831739.821046 12.052031 4.718639 0.032959 -10.014063 -4.828503 -5.031751
25469 1444831739.831518 12.052031 4.718639 -0.054932 -10.014063 -4.828503 -5.031751
25470 1444831739.840238 11.964141 4.718639 0.032959 -10.014063 -4.828503 -5.031751
25471 1444831739.850342 11.964141 4.718639 0.032959 -10.014063 -4.828503 -5.031751
25472 1444831739.861730 11.964141 4.718639 -0.054932 -10.014063 -4.828503 -5.031751
25473 1444831739.872221 12.052031 4.718639 0.032959 -10.014063 -4.828503 -5.031751
25474 1444831739.882547 11.964141 4.718639 0.032959 -10.014063 -4.828503 -5.031751
25475 1444831739.890517 11.964141 4.718639 0.032959 -10.014063 -4.740612 -5.031751
25476 1444831739.902550 11.964141 4.718639 0.032959 -10.014063 -4.740612 -5.031751
25477 1444831739.912657 11.964141 4.718639 0.032959 -10.014063 -4.740612 -5.031751
25478 1444831739.922789 11.964141 4.718639 -0.054932 -10.014063 -4.652721 -5.031751
25479 1444831739.930810 11.964141 4.718639 0.032959 -10.014063 -4.652721 -5.031751
25480 1444831739.941179 11.964141 4.718639 -0.054932 -10.014063 -4.56483 -5.031751
25481 1444831739.950421 11.964141 4.718639 -0.054932 -10.014063 -4.47694 -5.031751
25482 1444831739.959158 11.964141 4.718639 -0.054932 -10.014063 -4.47694 -5.031751
25483 1444831739.970980 11.964141 4.718639 -0.054932 -10.014063 -4.47694 -5.031751
25484 1444831739.979325 11.964141 4.718639 -0.054932 -10.014063 -4.47694 -5.031751
25485 1444831739.991486 11.964141 4.718639 -0.054932 -10.014063 -4.389049 -5.031751
25486 1444831740.000120 11.964141 4.718639 -0.054932 -10.014063 -4.389049 -5.031751
25487 1444831740.010172 11.964141 4.718639 -0.054932 -10.101953 -4.301158 -5.031751
25488 1444831740.020229 11.964141 4.718639 -0.054932 -10.101953 -4.301158 -5.031751
25489 1444831740.029813 11.964141 4.718639 -0.054932 -10.101953 -4.301158 -5.031751
25490 1444831740.039901 11.964141 4.718639 -0.054932 -10.101953 -4.301158 -5.031751
25491 1444831740.049514 11.964141 4.718639 -0.054932 -10.101953 -4.301158 -5.031751
25492 1444831740.059918 11.964141 4.718639 -0.054932 -10.101953 -4.301158 -5.031751
25493 1444831740.070221 11.964141 4.718639 -0.054932 -10.189844 -4.301158 -5.031751
25494 1444831740.080070 11.964141 4.718639 -0.054932 -10.189844 -4.301158 -5.031751
25495 1444831740.090312 11.964141 4.718639 -0.054932 -10.189844 -4.301158 -5.031751
25496 1444831740.100402 11.964141 4.718639 -0.054932 -10.189844 -4.301158 -5.031751
25497 1444831740.110531 11.964141 4.718639 -0.054932 -10.189844 -4.301158 -5.031751
25498 1444831740.120607 11.964141 4.718639 -0.054932 -10.189844 -4.301158 -5.031751
25499 1444831740.130958 11.964141 4.718639 -0.054932 -10.189844 -4.301158 -5.031751
25500 1444831740.141258 11.964141 4.718639 -0.054932 -10.189844 -4.301158 -5.031751
25501 1444831740.151170 11.964141 4.718639 -0.054932 -10.189844 -4.301158 -5.031751
25502 1444831740.162534 11.964141 4.718639 -0.054932 -10.189844 -4.301158 -5.031751
25503 1444831740.172647 11.964141 4.718639 -0.054932 -10.189844 -4.301158 -5.031751
25504 1444831740.184329 11.964141 4.718639 -0.054932 -10.189844 -4.301158 -5.031751
25505 1444831740.194729 11.964141 4.718639 -0.054932 -10.189844 -4.301158 -5.031751
25506 1444831740.204498 11.964141 4.718639 -0.054932 -10.189844 -4.301158 -5.031751
25507 1444831740.214151 11.964141 4.718639 -0.054932 -10.189844 -4.301158 -5.031751
25508 1444831740.224274 11.964141 4.718639 -0.054932 -10.189844 -4.301158 -5.031751
25509 1444831740.234756 11.964141 4.718639 -0.054932 -10.189844 -4.301158 -5.031751
25510 1444831740.244879 11.964141 4.718639 -0.054932 -10.189844 -4.301158 -5.031751
25511 1444831740.254737 11.964141 4.718639 -0.054932 -10.189844 -4.301158 -5.031751
25512 1444831740.264229 11.964141 4.718639 -0.054932 -10.189844 -4.389049 -5.031751
25513 1444831740.274297 12.052031 4.718639 -0.054932 -10.101953 -4.389049 -5.031751
25514 1444831740.285145 12.052031 4.718639 -0.054932 -10.101953 -4.47694 -5.031751
25515 1444831740.295613 12.052031 4.718639 -0.054932 -10.101953 -4.47694 -5.031751
25516 1444831740.304934 12.139922 4.718639 -0.054932 -10.101953 -4.56483 -5.031751
25517 1444831740.314875 12.139922 4.718639 -0.054932 -10.101953 -4.652721 -5.031751
25518 1444831740.325666 12.139922 4.718639 -0.054932 -10.014063 -4.740612 -5.031751
25519 1444831740.335307 12.227813 4.718639 -0.054932 -10.014063 -4.740612 -5.031751
25520 1444831740.345549 12.227813 4.718639 -0.054932 -9.926172 -4.916394 -5.031751
25521 1444831740.355260 12.227813 4.718639 -0.054932 -9.926172 -5.004285 -5.031751
25522 1444831740.365291 12.227813 4.718639 -0.054932 -9.838281 -5.092176 -5.031751
25523 1444831740.375593 12.227813 4.718639 -0.054932 -9.75039 -5.180066 -5.031751
25524 1444831740.385720 12.315704 4.718639 0.032959 -9.75039 -5.355848 -5.031751
25525 1444831740.395911 12.315704 4.718639 0.032959 -9.662499 -5.443739 -5.031751
25526 1444831740.406089 12.315704 4.718639 0.032959 -9.574608 -5.53163 -5.031751
25527 1444831740.416065 12.315704 4.630749 -0.054932 -9.486717 -5.619521 -5.031751
25528 1444831740.426313 12.403595 4.718639 0.032959 -9.398827 -5.707411 -5.031751
25529 1444831740.436510 12.403595 4.630749 0.032959 -9.310936 -5.883193 -5.031751
25530 1444831740.445193 12.491486 4.718639 0.032959 -9.223045 -5.971084 -5.031751
25531 1444831740.456393 12.579376 4.630749 0.032959 -9.223045 -6.058975 -5.119641
25532 1444831740.466511 12.579376 4.630749 0.032959 -9.135154 -6.234756 -5.031751
25533 1444831740.475290 12.667267 4.630749 0.032959 -9.135154 -6.322647 -5.119641
25534 1444831740.485522 12.755158 4.630749 0.032959 -9.047263 -6.498429 -5.119641
25535 1444831740.493945 12.843049 4.630749 0.032959 -8.959372 -6.58632 -5.031751
25536 1444831740.505644 12.843049 4.630749 0.032959 -8.959372 -6.674211 -5.031751
25537 1444831740.515786 12.93094 4.630749 0.032959 -8.959372 -6.762101 -5.119641
25538 1444831740.524099 13.018831 4.630749 0.032959 -8.871482 -6.849992 -5.119641
25539 1444831740.534206 13.106721 4.630749 -0.054932 -8.871482 -6.937883 -5.031751
25540 1444831740.543979 13.194612 4.630749 0.032959 -8.871482 -6.937883 -5.031751
25541 1444831740.553841 13.194612 4.630749 0.032959 -8.871482 -7.025774 -5.031751
25542 1444831740.563953 13.282503 4.630749 0.032959 -8.871482 -7.025774 -5.031751
25543 1444831740.574061 13.282503 4.630749 0.032959 -8.871482 -7.025774 -5.119641
25544 1444831740.584411 13.282503 4.630749 0.032959 -8.871482 -7.113665 -5.119641
25545 1444831740.594353 13.282503 4.630749 -0.054932 -8.871482 -7.113665 -5.119641
25546 1444831740.604679 13.194612 4.630749 -0.054932 -8.871482 -7.201556 -5.119641
25547 1444831740.614988 13.194612 4.630749 -0.054932 -8.959372 -7.113665 -5.119641
25548 1444831740.625083 13.106721 4.630749 -0.054932 -8.871482 -7.113665 -5.119641
25549 1444831740.635520 13.106721 4.630749 -0.054932 -8.959372 -7.113665 -5.119641
25550 1444831740.645707 13.018831 4.630749 -0.054932 -8.959372 -7.113665 -5.119641
25551 1444831740.655748 12.93094 4.630749 -0.054932 -8.871482 -7.113665 -5.119641
25552 1444831740.665985 12.93094 4.630749 -0.054932 -8.959372 -7.113665 -5.119641
25553 1444831740.676062 12.843049 4.630749 -0.054932 -8.959372 -7.113665 -5.031751
25554 1444831740.687582 12.843049 4.630749 -0.054932 -8.959372 -7.113665 -5.119641
25555 1444831740.697178 12.843049 4.630749 -0.054932 -8.959372 -7.113665 -5.119641
25556 1444831740.707296 12.843049 4.630749 -0.054932 -8.959372 -7.113665 -5.031751
25557 1444831740.717390 12.755158 4.630749 -0.054932 -8.959372 -7.113665 -5.119641
25558 1444831740.727675 12.755158 4.630749 -0.054932 -8.959372 -7.113665 -5.031751
25559 1444831740.737951 12.755158 4.630749 -0.054932 -8.959372 -7.113665 -5.031751
25560 1444831740.748833 12.755158 4.630749 -0.054932 -8.959372 -7.113665 -5.119641
25561 1444831740.757415 12.755158 4.630749 -0.054932 -8.959372 -7.113665 -5.031751
25562 1444831740.768803 12.755158 4.630749 -0.054932 -8.959372 -7.113665 -5.031751
25563 1444831740.777718 12.755158 4.630749 -0.054932 -8.959372 -7.113665 -5.031751
25564 1444831740.785745 12.755158 4.630749 -0.054932 -8.959372 -7.113665 -5.031751
25565 1444831740.798784 12.755158 4.630749 -0.054932 -8.959372 -7.113665 -5.031751
25566 1444831740.808076 12.667267 4.630749 -0.054932 -8.959372 -7.113665 -5.031751
25567 1444831740.815360 12.667267 4.630749 -0.054932 -8.959372 -7.113665 -5.031751
25568 1444831740.828689 12.667267 4.630749 -0.054932 -8.959372 -7.113665 -5.031751
25569 1444831740.839087 12.667267 4.630749 -0.054932 -8.959372 -7.113665 -5.031751
25570 1444831740.849036 12.667267 4.630749 -0.054932 -8.959372 -7.113665 -5.031751
25571 1444831740.859039 12.579376 4.630749 -0.054932 -8.959372 -7.113665 -5.031751
25572 1444831740.869172 12.579376 4.630749 -0.054932 -8.959372 -7.113665 -5.031751
25573 1444831740.879257 12.579376 4.630749 -0.054932 -8.959372 -7.201556 -5.031751
25574 1444831740.886357 12.579376 4.630749 -0.054932 -8.959372 -7.113665 -5.031751
25575 1444831740.896047 12.579376 4.630749 -0.054932 -8.959372 -7.113665 -5.031751
25576 1444831740.909697 12.667267 4.630749 -0.054932 -8.959372 -7.201556 -5.119641
25577 1444831740.919967 12.667267 4.630749 -0.054932 -8.959372 -7.201556 -5.119641
25578 1444831740.929966 12.667267 4.630749 -0.054932 -8.871482 -7.201556 -5.031751
25579 1444831740.935262 12.667267 4.630749 -0.054932 -8.871482 -7.201556 -5.031751
25580 1444831740.946751 12.667267 4.630749 -0.054932 -8.871482 -7.201556 -5.119641
25581 1444831740.954849 12.667267 4.630749 -0.054932 -8.871482 -7.201556 -5.031751
25582 1444831740.965042 12.667267 4.630749 -0.054932 -8.871482 -7.113665 -5.031751
25583 1444831740.976932 12.667267 4.630749 -0.054932 -8.871482 -7.201556 -5.119641
25584 1444831740.987527 12.667267 4.630749 -0.054932 -8.871482 -7.201556 -5.119641
25585 1444831740.999848 12.667267 4.630749 -0.054932 -8.871482 -7.201556 -5.119641
25586 1444831741.007448 12.667267 4.630749 -0.054932 -8.871482 -7.201556 -5.031751
25587 1444831741.015880 12.667267 4.630749 -0.054932 -8.871482 -7.201556 -5.119641
25588 1444831741.026089 12.755158 4.630749 -0.054932 -8.871482 -7.201556 -5.031751
25589 1444831741.036636 12.667267 4.630749 -0.054932 -8.871482 -7.201556 -5.119641
25590 1444831741.044528 12.667267 4.630749 -0.054932 -8.871482 -7.113665 -5.031751
25591 1444831741.057818 12.755158 4.630749 -0.054932 -8.871482 -7.113665 -5.031751
25592 1444831741.067892 12.667267 4.630749 -0.054932 -8.871482 -7.113665 -5.119641
25593 1444831741.077904 12.667267 4.630749 -0.054932 -8.871482 -7.113665 -5.119641
25594 1444831741.089245 12.667267 4.630749 -0.054932 -8.871482 -7.113665 -5.119641
25595 1444831741.098740 12.667267 4.718639 -0.054932 -8.871482 -7.113665 -5.119641
25596 1444831741.108968 12.667267 4.630749 -0.054932 -8.959372 -7.113665 -5.119641
25597 1444831741.119066 12.667267 4.718639 -0.054932 -8.959372 -7.113665 -5.119641
25598 1444831741.129189 12.667267 4.718639 -0.054932 -8.959372 -7.113665 -5.119641
25599 1444831741.139674 12.667267 4.718639 -0.054932 -8.959372 -7.113665 -5.119641
25600 1444831741.149403 12.667267 4.718639 -0.054932 -8.959372 -7.113665 -5.119641
25601 1444831741.159464 12.667267 4.718639 -0.054932 -8.959372 -7.113665 -5.119641
25602 1444831741.169678 12.667267 4.718639 -0.054932 -8.871482 -7.113665 -5.119641
25603 1444831741.179782 12.667267 4.718639 -0.054932 -8.959372 -7.113665 -5.119641
25604 1444831741.189880 12.667267 4.718639 -0.054932 -8.871482 -7.113665 -5.119641
25605 1444831741.199812 12.667267 4.718639 -0.054932 -8.959372 -7.113665 -5.119641
25606 1444831741.209825 12.667267 4.718639 -0.054932 -8.871482 -7.113665 -5.119641
25607 1444831741.219956 12.667267 4.718639 -0.054932 -8.871482 -7.113665 -5.119641
25608 1444831741.230147 12.667267 4.718639 -0.054932 -8.871482 -7.113665 -5.119641
25609 1444831741.240394 12.667267 4.718639 -0.054932 -8.959372 -7.113665 -5.119641
25610 1444831741.250401 12.667267 4.718639 -0.054932 -8.959372 -7.113665 -5.119641
25611 1444831741.260547 12.667267 4.718639 -0.054932 -8.959372 -7.113665 -5.119641
25612 1444831741.270655 12.667267 4.718639 -0.054932 -8.959372 -7.113665 -5.119641
25613 1444831741.280853 12.667267 4.718639 -0.054932 -8.959372 -7.025774 -5.119641
25614 1444831741.290929 12.667267 4.718639 -0.054932 -8.871482 -7.113665 -5.119641
25615 1444831741.301071 12.667267 4.718639 0.032959 -8.959372 -7.025774 -5.119641
25616 1444831741.311255 12.667267 4.718639 0.032959 -8.959372 -7.025774 -5.119641
25617 1444831741.321448 12.667267 4.718639 -0.054932 -8.959372 -7.113665 -5.119641
25618 1444831741.331601 12.667267 4.718639 0.032959 -8.959372 -7.025774 -5.119641
25619 1444831741.342289 12.667267 4.718639 -0.054932 -8.959372 -7.113665 -5.119641
25620 1444831741.350519 12.667267 4.718639 -0.054932 -8.959372 -7.113665 -5.119641
25621 1444831741.360592 12.667267 4.718639 0.032959 -8.959372 -7.113665 -5.119641
25622 1444831741.372261 12.667267 4.80653 -0.054932 -8.959372 -7.113665 -5.119641
25623 1444831741.382392 12.667267 4.718639 -0.054932 -8.871482 -7.113665 -5.119641
25624 1444831741.390572 12.667267 4.80653 -0.054932 -8.871482 -7.113665 -5.119641
25625 1444831741.402636 12.667267 4.718639 -0.054932 -8.959372 -7.113665 -5.119641
25626 1444831741.412884 12.667267 4.718639 -0.054932 -8.959372 -7.113665 -5.119641
25627 1444831741.423746 12.667267 4.718639 0.032959 -8.959372 -7.113665 -5.031751
25628 1444831741.433033 12.667267 4.80653 -0.054932 -8.959372 -7.113665 -5.119641
25629 1444831741.443855 12.667267 4.718639 -0.054932 -8.959372 -7.113665 -5.031751
25630 1444831741.453690 12.667267 4.80653 -0.054932 -8.959372 -7.113665 -5.119641
25631 1444831741.463977 12.667267 4.80653 -0.054932 -8.959372 -7.113665 -5.031751
25632 1444831741.474086 12.667267 4.718639 -0.054932 -8.959372 -7.113665 -5.031751
25633 1444831741.481103 12.667267 4.718639 -0.054932 -8.959372 -7.113665 -5.031751
25634 1444831741.488903 12.667267 4.718639 -0.054932 -8.959372 -7.113665 -5.031751
25635 1444831741.501094 12.667267 4.80653 -0.054932 -8.959372 -7.113665 -5.031751
25636 1444831741.511281 12.667267 4.718639 -0.054932 -8.959372 -7.113665 -5.031751
25637 1444831741.519276 12.667267 4.718639 -0.054932 -8.871482 -7.113665 -5.031751
25638 1444831741.531461 12.667267 4.718639 -0.054932 -8.871482 -7.113665 -5.031751
25639 1444831741.545286 12.667267 4.80653 -0.054932 -8.871482 -7.113665 -5.031751
25640 1444831741.555890 12.667267 4.718639 -0.054932 -8.959372 -7.113665 -5.031751
25641 1444831741.565509 12.667267 4.718639 -0.054932 -8.959372 -7.113665 -5.031751
25642 1444831741.576169 12.667267 4.80653 -0.054932 -8.959372 -7.113665 -5.031751
25643 1444831741.580216 12.667267 4.718639 -0.054932 -8.959372 -7.113665 -5.031751
25644 1444831741.591479 12.667267 4.718639 -0.054932 -8.959372 -7.113665 -5.031751
25645 1444831741.603319 12.667267 4.718639 -0.054932 -8.959372 -7.025774 -5.031751
25646 1444831741.613443 12.667267 4.80653 -0.054932 -8.959372 -7.025774 -5.031751
25647 1444831741.622292 12.667267 4.718639 -0.054932 -8.959372 -7.025774 -5.031751
25648 1444831741.632243 12.667267 4.718639 -0.054932 -8.959372 -7.025774 -5.031751
25649 1444831741.640285 12.667267 4.718639 -0.054932 -8.959372 -7.025774 -5.031751
25650 1444831741.652389 12.667267 4.80653 -0.054932 -8.959372 -7.025774 -5.031751
25651 1444831741.662645 12.667267 4.718639 -0.054932 -8.959372 -6.937883 -5.031751
25652 1444831741.670238 12.667267 4.718639 -0.054932 -9.047263 -6.937883 -5.031751
25653 1444831741.684456 12.667267 4.80653 -0.054932 -9.047263 -6.937883 -5.119641
25654 1444831741.694395 12.579376 4.80653 -0.054932 -9.047263 -6.937883 -5.119641
25655 1444831741.704165 12.667267 4.80653 0.032959 -9.047263 -6.849992 -5.119641
25656 1444831741.713979 12.667267 4.718639 -0.054932 -9.135154 -6.849992 -5.119641
25657 1444831741.724293 12.579376 4.718639 0.032959 -9.135154 -6.849992 -5.119641
25658 1444831741.734843 12.579376 4.80653 0.032959 -9.135154 -6.762101 -5.119641
25659 1444831741.744763 12.579376 4.718639 0.032959 -9.135154 -6.762101 -5.119641
25660 1444831741.754563 12.579376 4.80653 0.032959 -9.135154 -6.674211 -5.119641
25661 1444831741.764608 12.579376 4.80653 0.032959 -9.135154 -6.674211 -5.119641
25662 1444831741.774864 12.579376 4.80653 0.032959 -9.135154 -6.58632 -5.119641
25663 1444831741.785346 12.579376 4.80653 0.032959 -9.135154 -6.58632 -5.119641
25664 1444831741.795162 12.579376 4.80653 0.032959 -9.223045 -6.58632 -5.119641
25665 1444831741.805709 12.579376 4.718639 0.032959 -9.223045 -6.58632 -5.119641
25666 1444831741.815775 12.579376 4.80653 0.032959 -9.223045 -6.498429 -5.119641
25667 1444831741.825741 12.579376 4.718639 0.032959 -9.223045 -6.498429 -5.119641
25668 1444831741.835790 12.579376 4.80653 0.032959 -9.223045 -6.498429 -5.119641
25669 1444831741.846431 12.579376 4.80653 0.032959 -9.223045 -6.498429 -5.119641
25670 1444831741.853929 12.579376 4.80653 0.032959 -9.223045 -6.498429 -5.119641
25671 1444831741.868747 12.579376 4.80653 0.032959 -9.223045 -6.498429 -5.119641
25672 1444831741.873837 12.579376 4.718639 0.032959 -9.223045 -6.498429 -5.119641
25673 1444831741.883957 12.579376 4.80653 0.032959 -9.223045 -6.498429 -5.119641
25674 1444831741.895728 12.579376 4.80653 0.032959 -9.223045 -6.498429 -5.119641
25675 1444831741.909153 12.579376 4.80653 0.032959 -9.223045 -6.498429 -5.119641
25676 1444831741.915903 12.579376 4.718639 0.032959 -9.223045 -6.58632 -5.119641
25677 1444831741.924325 12.579376 4.80653 0.032959 -9.223045 -6.58632 -5.119641
25678 1444831741.934407 12.579376 4.718639 0.032959 -9.223045 -6.58632 -5.119641
25679 1444831741.946256 12.579376 4.718639 0.032959 -9.223045 -6.58632 -5.119641
25680 1444831741.954643 12.579376 4.80653 0.032959 -9.223045 -6.58632 -5.119641
25681 1444831741.964794 12.579376 4.718639 0.032959 -9.223045 -6.58632 -5.031751
25682 1444831741.974831 12.579376 4.718639 0.032959 -9.135154 -6.58632 -5.031751
25683 1444831741.984981 12.579376 4.80653 0.032959 -9.135154 -6.58632 -5.031751
25684 1444831741.995103 12.667267 4.718639 0.032959 -9.135154 -6.58632 -5.031751
25685 1444831742.005158 12.667267 4.80653 0.032959 -9.135154 -6.674211 -5.031751
25686 1444831742.015394 12.667267 4.718639 0.032959 -9.135154 -6.674211 -5.031751
25687 1444831742.025544 12.667267 4.718639 0.032959 -9.135154 -6.674211 -5.031751
25688 1444831742.035646 12.667267 4.80653 0.032959 -9.135154 -6.674211 -5.119641
25689 1444831742.045719 12.667267 4.718639 0.032959 -9.135154 -6.674211 -5.119641
25690 1444831742.055910 12.667267 4.80653 0.032959 -9.135154 -6.674211 -5.031751
25691 1444831742.066144 12.667267 4.80653 0.032959 -9.135154 -6.674211 -5.031751
25692 1444831742.076357 12.667267 4.718639 0.032959 -9.135154 -6.674211 -5.119641
25693 1444831742.086652 12.667267 4.80653 0.032959 -9.135154 -6.674211 -5.031751
25694 1444831742.095399 12.667267 4.718639 0.032959 -9.135154 -6.762101 -5.119641
25695 1444831742.105402 12.667267 4.718639 0.032959 -9.135154 -6.762101 -5.119641
25696 1444831742.116944 12.667267 4.80653 0.032959 -9.135154 -6.762101 -5.031751
25697 1444831742.127354 12.667267 4.718639 0.032959 -9.135154 -6.762101 -5.119641
25698 1444831742.138758 12.667267 4.718639 0.032959 -9.135154 -6.762101 -5.031751
25699 1444831742.147569 12.667267 4.80653 0.032959 -9.135154 -6.762101 -5.031751
25700 1444831742.155290 12.667267 4.80653 0.032959 -9.135154 -6.762101 -5.031751
25701 1444831742.169308 12.667267 4.80653 0.032959 -9.135154 -6.762101 -5.031751
25702 1444831742.179716 12.667267 4.718639 0.032959 -9.135154 -6.762101 -5.031751
25703 1444831742.189912 12.667267 4.718639 0.032959 -9.135154 -6.762101 -5.031751
25704 1444831742.199478 12.667267 4.718639 0.032959 -9.135154 -6.762101 -5.031751
25705 1444831742.209857 12.667267 4.80653 0.032959 -9.135154 -6.762101 -5.031751
25706 1444831742.220375 12.667267 4.718639 0.032959 -9.135154 -6.762101 -5.031751
25707 1444831742.229346 12.667267 4.718639 0.032959 -9.135154 -6.762101 -5.119641
25708 1444831742.241073 12.667267 4.718639 0.032959 -9.135154 -6.762101 -5.119641
25709 1444831742.249984 12.667267 4.80653 0.032959 -9.135154 -6.762101 -5.031751
25710 1444831742.260521 12.667267 4.718639 0.032959 -9.135154 -6.762101 -5.031751
25711 1444831742.270190 12.667267 4.718639 0.032959 -9.135154 -6.762101 -5.031751
25712 1444831742.280740 12.667267 4.718639 0.032959 -9.047263 -6.762101 -5.119641
25713 1444831742.290533 12.667267 4.718639 0.032959 -9.047263 -6.762101 -5.031751
25714 1444831742.300680 12.667267 4.718639 0.032959 -9.135154 -6.762101 -5.119641
25715 1444831742.310981 12.667267 4.718639 0.032959 -9.135154 -6.762101 -5.031751
25716 1444831742.321197 12.667267 4.718639 0.032959 -9.135154 -6.762101 -5.031751
25717 1444831742.331412 12.667267 4.718639 0.032959 -9.135154 -6.762101 -5.031751
25718 1444831742.340263 12.667267 4.718639 0.032959 -9.135154 -6.762101 -5.031751
25719 1444831742.349150 12.667267 4.718639 0.032959 -9.135154 -6.762101 -5.031751
25720 1444831742.360716 12.667267 4.718639 0.032959 -9.135154 -6.762101 -5.031751
25721 1444831742.370817 12.667267 4.80653 0.032959 -9.135154 -6.762101 -5.031751
25722 1444831742.380866 12.667267 4.718639 0.032959 -9.135154 -6.762101 -5.031751
25723 1444831742.390981 12.667267 4.718639 0.032959 -9.135154 -6.762101 -5.031751
25724 1444831742.400244 12.667267 4.718639 0.032959 -9.135154 -6.762101 -5.031751
25725 1444831742.410174 12.667267 4.718639 0.032959 -9.135154 -6.762101 -5.031751
25726 1444831742.421194 12.667267 4.80653 0.032959 -9.135154 -6.762101 -5.031751
25727 1444831742.431476 12.667267 4.80653 0.032959 -9.135154 -6.762101 -5.031751
25728 1444831742.441231 12.667267 4.718639 0.032959 -9.135154 -6.762101 -5.031751
25729 1444831742.450481 12.667267 4.80653 0.032959 -9.135154 -6.762101 -5.031751
25730 1444831742.460306 12.667267 4.80653 0.032959 -9.135154 -6.762101 -5.119641
25731 1444831742.470427 12.667267 4.718639 0.032959 -9.135154 -6.762101 -5.031751
25732 1444831742.480618 12.667267 4.718639 0.032959 -9.135154 -6.762101 -5.119641
25733 1444831742.490880 12.667267 4.718639 0.032959 -9.135154 -6.762101 -5.031751
25734 1444831742.500082 12.579376 4.718639 0.032959 -9.135154 -6.762101 -5.031751
25735 1444831742.512836 12.667267 4.718639 0.032959 -9.135154 -6.762101 -5.031751
25736 1444831742.523026 12.667267 4.718639 0.032959 -9.135154 -6.762101 -5.031751
25737 1444831742.531516 12.667267 4.718639 0.032959 -9.135154 -6.762101 -5.031751
25738 1444831742.539072 12.579376 4.718639 0.032959 -9.135154 -6.762101 -5.031751
25739 1444831742.549028 12.667267 4.718639 0.032959 -9.135154 -6.762101 -5.031751
25740 1444831742.559048 12.667267 4.718639 0.032959 -9.135154 -6.762101 -5.031751
25741 1444831742.569148 12.667267 4.718639 0.032959 -9.135154 -6.762101 -5.031751
25742 1444831742.579354 12.579376 4.718639 0.032959 -9.135154 -6.762101 -5.031751
25743 1444831742.589054 12.667267 4.718639 0.032959 -9.135154 -6.762101 -5.031751
25744 1444831742.599250 12.579376 4.718639 0.032959 -9.135154 -6.674211 -5.031751
25745 1444831742.610875 12.579376 4.718639 0.032959 -9.135154 -6.762101 -5.031751
25746 1444831742.620867 12.579376 4.718639 0.032959 -9.135154 -6.674211 -5.031751
25747 1444831742.631077 12.667267 4.718639 0.032959 -9.135154 -6.674211 -5.031751
25748 1444831742.639147 12.667267 4.718639 0.032959 -9.135154 -6.674211 -5.031751
25749 1444831742.652514 12.667267 4.718639 0.032959 -9.135154 -6.674211 -5.119641
25750 1444831742.662196 12.579376 4.718639 0.032959 -9.135154 -6.674211 -5.031751
25751 1444831742.673974 12.667267 4.718639 0.032959 -9.135154 -6.674211 -5.031751
25752 1444831742.684312 12.579376 4.718639 0.032959 -9.135154 -6.674211 -5.119641
25753 1444831742.694090 12.579376 4.718639 0.032959 -9.135154 -6.674211 -5.119641
25754 1444831742.704140 12.579376 4.718639 0.032959 -9.135154 -6.674211 -5.031751
25755 1444831742.714079 12.579376 4.718639 0.032959 -9.135154 -6.674211 -5.031751
25756 1444831742.724258 12.579376 4.80653 0.032959 -9.135154 -6.674211 -5.031751
25757 1444831742.731388 12.579376 4.718639 0.032959 -9.135154 -6.674211 -5.119641
25758 1444831742.744806 12.579376 4.718639 0.032959 -9.135154 -6.674211 -5.031751
25759 1444831742.754842 12.579376 4.718639 0.032959 -9.135154 -6.674211 -5.031751
25760 1444831742.764634 12.667267 4.718639 0.032959 -9.135154 -6.674211 -5.031751
25761 1444831742.774811 12.579376 4.718639 0.032959 -9.135154 -6.674211 -5.031751
25762 1444831742.784887 12.579376 4.80653 0.032959 -9.135154 -6.674211 -5.031751
25763 1444831742.794259 12.579376 4.718639 0.032959 -9.135154 -6.762101 -5.031751
25764 1444831742.805210 12.667267 4.80653 0.032959 -9.135154 -6.762101 -5.031751
25765 1444831742.815201 12.667267 4.718639 0.032959 -9.135154 -6.762101 -5.031751
25766 1444831742.822394 12.579376 4.718639 0.032959 -9.135154 -6.762101 -5.031751
25767 1444831742.830457 12.667267 4.80653 0.032959 -9.135154 -6.762101 -5.031751
25768 1444831742.842522 12.667267 4.718639 0.032959 -9.135154 -6.762101 -5.031751
25769 1444831742.849713 12.667267 4.718639 0.032959 -9.135154 -6.762101 -5.031751
25770 1444831742.860931 12.667267 4.718639 0.032959 -9.135154 -6.762101 -5.031751
25771 1444831742.871051 12.667267 4.718639 0.032959 -9.135154 -6.762101 -5.031751
25772 1444831742.883985 12.667267 4.718639 0.032959 -9.135154 -6.762101 -5.031751
25773 1444831742.894738 12.667267 4.718639 0.032959 -9.135154 -6.762101 -5.031751
25774 1444831742.902335 12.667267 4.718639 0.032959 -9.135154 -6.762101 -5.031751
25775 1444831742.910546 12.667267 4.718639 0.032959 -9.135154 -6.762101 -5.031751
25776 1444831742.920667 12.667267 4.718639 0.032959 -9.135154 -6.762101 -5.031751
25777 1444831742.932539 12.667267 4.718639 0.032959 -9.135154 -6.762101 -5.031751
25778 1444831742.942580 12.667267 4.718639 0.032959 -9.135154 -6.762101 -5.031751
25779 1444831742.952550 12.667267 4.718639 0.032959 -9.135154 -6.762101 -5.031751
25780 1444831742.962811 12.667267 4.718639 0.032959 -9.135154 -6.762101 -5.031751
25781 1444831742.972974 12.667267 4.718639 0.032959 -9.135154 -6.762101 -5.031751
25782 1444831742.983012 12.667267 4.718639 0.032959 -9.135154 -6.762101 -5.031751
25783 1444831742.993169 12.667267 4.718639 0.032959 -9.135154 -6.762101 -5.031751
25784 1444831743.003225 12.667267 4.718639 0.032959 -9.135154 -6.762101 -5.031751
25785 1444831743.013392 12.667267 4.718639 0.032959 -9.135154 -6.762101 -5.031751
25786 1444831743.023771 12.667267 4.718639 0.032959 -9.135154 -6.762101 -5.031751
25787 1444831743.033942 12.667267 4.718639 0.032959 -9.135154 -6.762101 -5.031751
25788 1444831743.044093 12.667267 4.718639 0.032959 -9.135154 -6.762101 -5.031751
25789 1444831743.054175 12.667267 4.718639 0.032959 -9.135154 -6.762101 -5.031751
25790 1444831743.064247 12.667267 4.718639 0.032959 -9.135154 -6.762101 -5.031751
25791 1444831743.074361 12.667267 4.718639 0.032959 -9.135154 -6.762101 -5.031751
25792 1444831743.084608 12.667267 4.718639 0.032959 -9.135154 -6.762101 -5.031751
25793 1444831743.095198 12.667267 4.718639 0.032959 -9.135154 -6.762101 -5.031751
25794 1444831743.104729 12.667267 4.718639 0.032959 -9.135154 -6.762101 -5.031751
25795 1444831743.115088 12.667267 4.718639 0.032959 -9.135154 -6.762101 -5.031751
25796 1444831743.125692 12.667267 4.718639 0.032959 -9.135154 -6.762101 -5.031751
25797 1444831743.135382 12.667267 4.718639 0.032959 -9.135154 -6.762101 -5.031751
25798 1444831743.145646 12.667267 4.718639 0.032959 -9.135154 -6.762101 -5.031751
25799 1444831743.155780 12.667267 4.718639 0.032959 -9.135154 -6.762101 -5.031751
25800 1444831743.166009 12.667267 4.718639 0.032959 -9.135154 -6.762101 -5.031751
25801 1444831743.176052 12.667267 4.718639 0.032959 -9.135154 -6.762101 -5.031751
25802 1444831743.186151 12.667267 4.718639 0.032959 -9.135154 -6.762101 -5.031751
25803 1444831743.196705 12.667267 4.718639 0.032959 -9.135154 -6.762101 -5.031751
25804 1444831743.206446 12.667267 4.718639 0.032959 -9.135154 -6.762101 -5.031751
25805 1444831743.216590 12.667267 4.718639 0.032959 -9.135154 -6.762101 -5.031751
25806 1444831743.226934 12.667267 4.718639 0.032959 -9.135154 -6.762101 -5.031751
25807 1444831743.236876 12.667267 4.718639 0.032959 -9.135154 -6.762101 -5.031751
25808 1444831743.247035 12.667267 4.718639 0.032959 -9.135154 -6.762101 -5.031751
25809 1444831743.257191 12.667267 4.718639 0.032959 -9.135154 -6.762101 -5.031751
25810 1444831743.267555 12.667267 4.718639 0.032959 -9.135154 -6.762101 -5.031751
25811 1444831743.277508 12.667267 4.718639 0.032959 -9.135154 -6.762101 -5.031751
25812 1444831743.287627 12.667267 4.718639 0.032959 -9.135154 -6.762101 -5.031751
25813 1444831743.297775 12.667267 4.718639 0.032959 -9.135154 -6.762101 -5.031751
25814 1444831743.307914 12.667267 4.718639 0.032959 -9.135154 -6.762101 -5.031751
25815 1444831743.316395 12.667267 4.718639 0.032959 -9.135154 -6.762101 -5.031751
25816 1444831743.325634 12.667267 4.718639 0.032959 -9.135154 -6.762101 -5.031751
25817 1444831743.335997 12.579376 4.718639 0.032959 -9.135154 -6.762101 -5.031751
25818 1444831743.346251 12.667267 4.718639 0.032959 -9.135154 -6.762101 -5.031751
25819 1444831743.354205 12.667267 4.718639 0.032959 -9.135154 -6.674211 -5.031751
25820 1444831743.364238 12.579376 4.718639 0.032959 -9.135154 -6.762101 -5.031751
25821 1444831743.375977 12.667267 4.718639 0.032959 -9.135154 -6.762101 -5.031751
25822 1444831743.384918 12.667267 4.718639 0.032959 -9.135154 -6.762101 -5.031751
25823 1444831743.394836 12.667267 4.718639 0.032959 -9.135154 -6.762101 -5.031751
25824 1444831743.404913 12.579376 4.718639 0.032959 -9.135154 -6.762101 -5.031751
25825 1444831743.415014 12.667267 4.718639 0.032959 -9.135154 -6.674211 -5.031751
25826 1444831743.424968 12.667267 4.718639 0.032959 -9.135154 -6.674211 -5.031751
25827 1444831743.435369 12.579376 4.718639 0.032959 -9.135154 -6.762101 -5.031751
25828 1444831743.445540 12.579376 4.718639 0.032959 -9.135154 -6.762101 -5.031751
25829 1444831743.459457 12.667267 4.718639 0.032959 -9.135154 -6.762101 -5.031751
25830 1444831743.469267 12.579376 4.718639 0.032959 -9.135154 -6.762101 -5.031751
25831 1444831743.478240 12.667267 4.718639 0.032959 -9.135154 -6.762101 -5.031751
25832 1444831743.489005 12.667267 4.718639 0.032959 -9.135154 -6.762101 -5.031751
25833 1444831743.499119 12.667267 4.718639 0.032959 -9.135154 -6.674211 -5.031751
25834 1444831743.509212 12.667267 4.718639 0.032959 -9.135154 -6.674211 -5.031751
25835 1444831743.519380 12.667267 4.718639 0.032959 -9.135154 -6.762101 -5.031751
25836 1444831743.529401 12.667267 4.718639 0.032959 -9.135154 -6.762101 -5.031751
25837 1444831743.539562 12.667267 4.718639 0.032959 -9.135154 -6.762101 -5.031751
25838 1444831743.549555 12.667267 4.718639 0.032959 -9.135154 -6.762101 -5.031751
25839 1444831743.559720 12.667267 4.718639 0.032959 -9.135154 -6.762101 -5.031751
25840 1444831743.569778 12.667267 4.718639 0.032959 -9.135154 -6.762101 -5.031751
25841 1444831743.579926 12.667267 4.718639 0.032959 -9.135154 -6.762101 -5.031751
25842 1444831743.590202 12.667267 4.718639 0.032959 -9.135154 -6.762101 -5.031751
25843 1444831743.600251 12.667267 4.718639 0.032959 -9.135154 -6.762101 -5.031751
25844 1444831743.605375 12.667267 4.718639 0.032959 -9.135154 -6.762101 -5.031751
25845 1444831743.617311 12.667267 4.718639 0.032959 -9.135154 -6.762101 -5.031751
25846 1444831743.625892 12.667267 4.718639 0.032959 -9.135154 -6.762101 -5.031751
25847 1444831743.636220 12.667267 4.718639 0.032959 -9.135154 -6.762101 -5.031751
25848 1444831743.646358 12.667267 4.718639 0.032959 -9.135154 -6.762101 -5.031751
25849 1444831743.656334 12.667267 4.718639 0.032959 -9.135154 -6.762101 -5.031751
25850 1444831743.666509 12.667267 4.718639 0.032959 -9.135154 -6.762101 -5.031751
25851 1444831743.675279 12.667267 4.718639 0.032959 -9.135154 -6.762101 -5.031751
25852 1444831743.687323 12.667267 4.718639 0.032959 -9.135154 -6.762101 -5.031751
25853 1444831743.695514 12.667267 4.718639 0.032959 -9.135154 -6.762101 -5.031751
25854 1444831743.707285 12.667267 4.718639 0.032959 -9.135154 -6.762101 -5.031751
25855 1444831743.715593 12.667267 4.718639 0.032959 -9.135154 -6.762101 -5.031751
25856 1444831743.725810 12.667267 4.718639 0.032959 -9.135154 -6.762101 -5.031751
25857 1444831743.735707 12.667267 4.718639 0.032959 -9.135154 -6.762101 -5.031751
25858 1444831743.748759 12.667267 4.718639 0.032959 -9.135154 -6.762101 -5.031751
25859 1444831743.757846 12.667267 4.718639 0.032959 -9.135154 -6.762101 -5.031751
25860 1444831743.768780 12.667267 4.718639 0.032959 -9.135154 -6.762101 -5.031751
25861 1444831743.779196 12.667267 4.718639 0.032959 -9.135154 -6.762101 -5.031751
25862 1444831743.790437 12.667267 4.718639 0.032959 -9.135154 -6.762101 -5.031751
25863 1444831743.799609 12.667267 4.718639 0.032959 -9.135154 -6.762101 -5.031751
25864 1444831743.809314 12.667267 4.718639 0.032959 -9.135154 -6.762101 -5.031751
25865 1444831743.819737 12.667267 4.718639 0.032959 -9.135154 -6.762101 -5.031751
25866 1444831743.829977 12.667267 4.718639 0.032959 -9.135154 -6.762101 -5.031751
25867 1444831743.840794 12.667267 4.718639 0.032959 -9.135154 -6.762101 -5.031751
25868 1444831743.850554 12.667267 4.718639 0.032959 -9.135154 -6.762101 -5.031751
25869 1444831743.860675 12.667267 4.718639 0.032959 -9.135154 -6.762101 -5.031751
25870 1444831743.870807 12.667267 4.718639 0.032959 -9.135154 -6.762101 -5.031751
25871 1444831743.880215 12.667267 4.718639 0.032959 -9.135154 -6.762101 -5.031751
25872 1444831743.890885 12.667267 4.718639 0.032959 -9.135154 -6.762101 -5.031751
25873 1444831743.901051 12.667267 4.718639 0.032959 -9.135154 -6.762101 -5.031751
25874 1444831743.911546 12.667267 4.718639 0.032959 -9.135154 -6.762101 -5.031751
25875 1444831743.921499 12.579376 4.718639 0.032959 -9.135154 -6.762101 -5.031751
25876 1444831743.931702 12.667267 4.718639 0.032959 -9.135154 -6.762101 -5.031751
25877 1444831743.941723 12.579376 4.718639 0.032959 -9.135154 -6.762101 -5.031751
25878 1444831743.952187 12.667267 4.718639 0.032959 -9.135154 -6.762101 -5.031751
25879 1444831743.962324 12.667267 4.718639 0.032959 -9.135154 -6.762101 -5.031751
25880 1444831743.970521 12.579376 4.718639 0.032959 -9.135154 -6.762101 -5.031751
25881 1444831743.982298 12.667267 4.718639 -0.054932 -9.135154 -6.762101 -5.031751
25882 1444831743.990733 12.667267 4.718639 -0.054932 -9.135154 -6.762101 -5.031751
25883 1444831744.000710 12.667267 4.718639 -0.054932 -9.135154 -6.762101 -5.031751
25884 1444831744.012468 12.667267 4.718639 -0.054932 -9.135154 -6.762101 -5.031751
25885 1444831744.022655 12.667267 4.718639 -0.054932 -9.135154 -6.762101 -5.031751
25886 1444831744.032778 12.667267 4.718639 -0.054932 -9.135154 -6.674211 -5.031751
25887 1444831744.039336 12.667267 4.718639 -0.054932 -9.135154 -6.762101 -5.031751
25888 1444831744.051463 12.579376 4.718639 -0.054932 -9.135154 -6.762101 -5.031751
25889 1444831744.059437 12.667267 4.718639 -0.054932 -9.135154 -6.762101 -5.031751
25890 1444831744.069016 12.667267 4.718639 -0.054932 -9.135154 -6.762101 -5.031751
25891 1444831744.078975 12.667267 4.718639 -0.054932 -9.135154 -6.762101 -5.031751
25892 1444831744.089556 12.667267 4.718639 -0.054932 -9.135154 -6.762101 -5.031751
25893 1444831744.099141 12.667267 4.718639 -0.054932 -9.135154 -6.762101 -5.031751
25894 1444831744.109328 12.667267 4.718639 -0.054932 -9.135154 -6.762101 -5.031751
25895 1444831744.119551 12.667267 4.718639 -0.054932 -9.135154 -6.762101 -5.031751
25896 1444831744.129750 12.667267 4.718639 -0.054932 -9.135154 -6.762101 -5.031751
25897 1444831744.139957 12.667267 4.718639 -0.054932 -9.135154 -6.762101 -5.031751
25898 1444831744.149918 12.667267 4.718639 -0.054932 -9.135154 -6.762101 -5.031751
25899 1444831744.160242 12.667267 4.718639 -0.054932 -9.135154 -6.762101 -5.031751
25900 1444831744.170185 12.667267 4.718639 -0.054932 -9.135154 -6.762101 -5.031751
25901 1444831744.180392 12.667267 4.718639 -0.054932 -9.135154 -6.762101 -5.031751
25902 1444831744.193811 12.667267 4.718639 -0.054932 -9.135154 -6.762101 -5.031751
25903 1444831744.200747 12.667267 4.718639 -0.054932 -9.135154 -6.762101 -5.031751
25904 1444831744.209903 12.667267 4.718639 -0.054932 -9.135154 -6.762101 -5.031751
25905 1444831744.219981 12.667267 4.718639 -0.054932 -9.135154 -6.762101 -5.031751
25906 1444831744.234500 12.667267 4.718639 -0.054932 -9.135154 -6.762101 -5.031751
25907 1444831744.242734 12.667267 4.718639 -0.054932 -9.135154 -6.762101 -5.031751
25908 1444831744.254612 12.667267 4.718639 -0.054932 -9.135154 -6.762101 -5.031751
25909 1444831744.264222 12.667267 4.718639 -0.054932 -9.135154 -6.762101 -5.031751
25910 1444831744.273890 12.667267 4.718639 -0.054932 -9.135154 -6.762101 -5.031751
25911 1444831744.284073 12.667267 4.718639 -0.054932 -9.135154 -6.762101 -5.031751
25912 1444831744.294823 12.667267 4.718639 -0.054932 -9.135154 -6.762101 -5.031751
25913 1444831744.304194 12.667267 4.718639 -0.054932 -9.135154 -6.762101 -5.031751
25914 1444831744.314453 12.667267 4.718639 -0.054932 -9.135154 -6.762101 -5.031751
25915 1444831744.323154 12.667267 4.718639 -0.054932 -9.135154 -6.762101 -5.031751
25916 1444831744.333565 12.667267 4.718639 -0.054932 -9.135154 -6.762101 -5.031751
