10605 1444995271.064471 -0.049439 0.010986 -10.272242
10606 1444995271.074678 -0.049439 0.010986 -10.272242
10607 1444995271.083098 -0.049439 0.010986 -10.360133
10608 1444995271.091489 0.038452 0.010986 -10.272242
10609 1444995271.097916 -0.049439 0.010986 -10.272242
10610 1444995271.110155 -0.049439 0.010986 -10.272242
10611 1444995271.124631 -0.049439 0.010986 -10.272242
10612 1444995271.133414 -0.049439 0.010986 -10.360133
10613 1444995271.142973 0.038452 0.010986 -10.272242
10614 1444995271.152978 0.038452 0.010986 -10.272242
10615 1444995271.162960 -0.049439 0.010986 -10.272242
10616 1444995271.173965 -0.049439 0.010986 -10.272242
10617 1444995271.183725 -0.049439 0.010986 -10.272242
10618 1444995271.194805 -0.049439 0.010986 -10.272242
10619 1444995271.203710 -0.049439 0.010986 -10.272242
10620 1444995271.215022 0.038452 0.010986 -10.272242
10621 1444995271.225068 0.038452 0.010986 -10.272242
10622 1444995271.233791 0.038452 0.010986 -10.272242
10623 1444995271.243890 0.038452 0.010986 -10.272242
10624 1444995271.254133 0.038452 0.010986 -10.272242
10625 1444995271.263550 -0.049439 0.010986 -10.272242
10626 1444995271.274822 -0.049439 0.010986 -10.272242
10627 1444995271.284791 -0.049439 0.010986 -10.272242
10628 1444995271.294434 -0.049439 0.010986 -10.360133
10629 1444995271.304843 -0.049439 0.010986 -10.272242
10630 1444995271.313103 -0.049439 0.010986 -10.272242
10631 1444995271.325141 -0.049439 0.010986 -10.272242
10632 1444995271.335366 -0.049439 0.010986 -10.272242
10633 1444995271.346419 -0.049439 0.010986 -10.272242
10634 1444995271.356654 0.038452 0.010986 -10.272242
10635 1444995271.362908 -0.049439 0.010986 -10.272242
10636 1444995271.372916 -0.049439 0.010986 -10.272242
10637 1444995271.386988 -0.049439 0.010986 -10.272242
10638 1444995271.396978 -0.049439 0.010986 -10.272242
10639 1444995271.398161 -0.049439 0.010986 -10.360133
10640 1444995271.412886 0.038452 0.010986 -10.272242
10641 1444995271.423126 -0.049439 0.010986 -10.272242
10642 1444995271.433110 0.038452 0.010986 -10.272242
10643 1444995271.443355 -0.049439 0.010986 -10.360133
10644 1444995271.453721 0.038452 0.010986 -10.272242
10645 1444995271.464265 0.038452 0.010986 -10.360133
10646 1444995271.474679 0.038452 0.010986 -10.272242
10647 1444995271.484089 -0.049439 0.010986 -10.272242
10648 1444995271.493858 -0.049439 0.010986 -10.272242
10649 1444995271.504459 -0.049439 0.010986 -10.360133
10650 1444995271.514289 -0.049439 0.010986 -10.360133
10651 1444995271.524727 -0.049439 0.010986 -10.360133
10652 1444995271.534717 -0.049439 0.010986 -10.272242
10653 1444995271.545106 -0.049439 0.010986 -10.360133
10654 1444995271.555524 -0.049439 0.010986 -10.272242
10655 1444995271.565037 0.038452 0.010986 -10.272242
10656 1444995271.575212 -0.049439 0.010986 -10.360133
10657 1444995271.585626 0.038452 0.010986 -10.272242
10658 1444995271.595906 -0.049439 0.010986 -10.272242
10659 1444995271.605938 -0.049439 0.010986 -10.272242
10660 1444995271.615869 -0.049439 0.010986 -10.272242
10661 1444995271.625954 0.038452 0.010986 -10.272242
10662 1444995271.636226 0.038452 0.010986 -10.360133
10663 1444995271.646249 0.038452 0.010986 -10.272242
10664 1444995271.656408 -0.049439 0.010986 -10.272242
10665 1444995271.663060 -0.049439 0.010986 -10.272242
10666 1444995271.673211 -0.049439 0.010986 -10.272242
10667 1444995271.686627 -0.049439 0.010986 -10.272242
10668 1444995271.696815 -0.049439 0.010986 -10.272242
10669 1444995271.709067 -0.049439 0.010986 -10.272242
10670 1444995271.714121 -0.049439 0.010986 -10.272242
10671 1444995271.723841 -0.049439 0.010986 -10.272242
10672 1444995271.737944 -0.049439 0.010986 -10.272242
10673 1444995271.748438 -0.049439 0.010986 -10.360133
10674 1444995271.759396 -0.049439 0.010986 -10.360133
10675 1444995271.768359 -0.049439 0.010986 -10.272242
10676 1444995271.778101 0.038452 0.010986 -10.360133
10677 1444995271.789402 -0.049439 0.010986 -10.272242
10678 1444995271.798478 -0.049439 0.010986 -10.272242
10679 1444995271.804226 -0.049439 0.010986 -10.272242
10680 1444995271.819912 -0.049439 0.010986 -10.272242
10681 1444995271.828226 -0.049439 0.010986 -10.272242
10682 1444995271.834713 -0.049439 0.010986 -10.360133
10683 1444995271.850319 -0.049439 0.010986 -10.272242
10684 1444995271.860373 0.038452 0.010986 -10.272242
10685 1444995271.865719 -0.049439 0.010986 -10.272242
10686 1444995271.875599 -0.049439 0.010986 -10.272242
10687 1444995271.885836 -0.049439 0.010986 -10.272242
10688 1444995271.895839 0.038452 0.010986 -10.272242
10689 1444995271.906092 -0.049439 0.010986 -10.272242
10690 1444995271.912882 -0.049439 0.010986 -10.360133
10691 1444995271.928458 0.038452 0.010986 -10.272242
10692 1444995271.938056 0.038452 0.010986 -10.272242
10693 1444995271.948170 -0.049439 0.010986 -10.272242
10694 1444995271.958589 0.038452 0.010986 -10.360133
10695 1444995271.968086 -0.049439 0.010986 -10.272242
10696 1444995271.978327 -0.049439 0.010986 -10.272242
10697 1444995271.988286 -0.049439 0.010986 -10.360133
10698 1444995271.998426 0.038452 0.010986 -10.272242
10699 1444995272.009071 -0.049439 0.010986 -10.272242
10700 1444995272.018697 -0.049439 0.010986 -10.272242
10701 1444995272.028709 0.038452 0.010986 -10.360133
10702 1444995272.039013 -0.049439 0.010986 -10.360133
10703 1444995272.048953 -0.049439 0.010986 -10.272242
10704 1444995272.059330 0.038452 0.010986 -10.272242
10705 1444995272.069026 -0.049439 0.010986 -10.360133
10706 1444995272.079069 0.038452 0.010986 -10.360133
10707 1444995272.089363 0.038452 0.010986 -10.272242
10708 1444995272.099349 -0.049439 0.010986 -10.360133
10709 1444995272.109548 -0.049439 0.010986 -10.272242
10710 1444995272.119442 -0.049439 0.010986 -10.360133
10711 1444995272.129852 -0.049439 0.010986 -10.360133
10712 1444995272.139852 -0.049439 0.010986 -10.272242
10713 1444995272.150006 -0.049439 0.010986 -10.272242
10714 1444995272.158613 -0.049439 0.010986 -10.272242
10715 1444995272.170246 -0.049439 0.010986 -10.272242
10716 1444995272.180472 -0.049439 0.010986 -10.360133
10717 1444995272.190944 0.038452 0.010986 -10.360133
10718 1444995272.200458 -0.049439 0.010986 -10.272242
10719 1444995272.212807 0.038452 0.010986 -10.272242
10720 1444995272.222354 -0.049439 0.010986 -10.272242
10721 1444995272.232979 -0.049439 0.010986 -10.272242
10722 1444995272.242928 -0.049439 0.010986 -10.272242
10723 1444995272.253017 -0.049439 0.010986 -10.272242
10724 1444995272.263020 0.038452 0.010986 -10.360133
10725 1444995272.268368 0.038452 0.010986 -10.360133
10726 1444995272.278426 0.038452 0.010986 -10.360133
10727 1444995272.288665 -0.049439 0.010986 -10.272242
10728 1444995272.298708 0.038452 0.010986 -10.272242
10729 1444995272.309071 -0.049439 0.010986 -10.272242
10730 1444995272.318909 -0.049439 0.010986 -10.360133
10731 1444995272.329049 0.038452 0.010986 -10.272242
10732 1444995272.339226 -0.049439 0.010986 -10.272242
10733 1444995272.349351 -0.049439 0.010986 -10.272242
10734 1444995272.359707 -0.049439 0.010986 -10.272242
10735 1444995272.369635 -0.049439 0.010986 -10.272242
10736 1444995272.379863 -0.049439 0.010986 -10.360133
10737 1444995272.390163 -0.049439 0.010986 -10.272242
10738 1444995272.400347 0.038452 0.010986 -10.360133
10739 1444995272.413097 -0.049439 0.010986 -10.360133
10740 1444995272.420834 -0.049439 0.010986 -10.360133
10741 1444995272.430587 -0.049439 0.010986 -10.272242
10742 1444995272.440918 -0.049439 0.010986 -10.272242
10743 1444995272.450718 -0.049439 0.010986 -10.272242
10744 1444995272.460857 -0.049439 0.010986 -10.272242
10745 1444995272.471334 0.038452 0.010986 -10.360133
10746 1444995272.481308 -0.049439 0.010986 -10.360133
10747 1444995272.491401 -0.049439 0.010986 -10.360133
10748 1444995272.501423 0.038452 0.010986 -10.272242
10749 1444995272.513119 0.038452 0.010986 -10.360133
10750 1444995272.523207 0.038452 0.010986 -10.360133
10751 1444995272.531766 -0.049439 0.010986 -10.360133
10752 1444995272.541870 -0.049439 0.010986 -10.272242
10753 1444995272.548054 -0.049439 0.010986 -10.272242
10754 1444995272.558984 0.038452 0.010986 -10.272242
10755 1444995272.572840 -0.049439 0.010986 -10.272242
10756 1444995272.582860 0.038452 0.010986 -10.360133
10757 1444995272.592919 -0.049439 0.010986 -10.360133
10758 1444995272.602975 0.038452 0.010986 -10.272242
10759 1444995272.613051 -0.049439 0.010986 -10.360133
10760 1444995272.623863 -0.049439 0.010986 -10.360133
10761 1444995272.633346 -0.049439 0.010986 -10.360133
10762 1444995272.643729 -0.049439 0.010986 -10.272242
10763 1444995272.653990 -0.049439 0.010986 -10.360133
10764 1444995272.664117 -0.049439 0.010986 -10.360133
10765 1444995272.674204 -0.049439 0.010986 -10.272242
10766 1444995272.684156 0.038452 0.010986 -10.360133
10767 1444995272.695057 -0.049439 0.010986 -10.272242
10768 1444995272.705214 -0.049439 0.010986 -10.272242
10769 1444995272.715605 0.038452 0.010986 -10.272242
10770 1444995272.725341 0.038452 0.010986 -10.360133
10771 1444995272.735758 -0.049439 0.010986 -10.360133
10772 1444995272.745987 -0.049439 0.010986 -10.272242
10773 1444995272.756112 -0.049439 0.010986 -10.272242
10774 1444995272.766193 -0.049439 0.010986 -10.360133
10775 1444995272.772977 -0.049439 0.010986 -10.272242
10776 1444995272.786125 0.038452 0.010986 -10.272242
10777 1444995272.796278 -0.049439 0.010986 -10.360133
10778 1444995272.801716 -0.049439 0.010986 -10.272242
10779 1444995272.813102 -0.049439 0.010986 -10.360133
10780 1444995272.823247 -0.049439 0.010986 -10.272242
10781 1444995272.833014 -0.049439 0.010986 -10.272242
10782 1444995272.843057 0.038452 0.010986 -10.360133
10783 1444995272.853145 0.038452 0.010986 -10.272242
10784 1444995272.863635 -0.049439 0.010986 -10.272242
10785 1444995272.873611 -0.049439 0.010986 -10.360133
10786 1444995272.883593 -0.049439 0.010986 -10.272242
10787 1444995272.893431 0.038452 0.010986 -10.272242
10788 1444995272.903635 0.038452 0.010986 -10.360133
10789 1444995272.914304 0.038452 0.010986 -10.272242
10790 1444995272.924567 0.038452 0.010986 -10.360133
10791 1444995272.933922 0.038452 0.010986 -10.360133
10792 1444995272.944337 0.038452 0.010986 -10.272242
10793 1444995272.954997 -0.049439 0.010986 -10.272242
10794 1444995272.964989 0.038452 0.010986 -10.360133
10795 1444995272.974976 -0.049439 0.010986 -10.272242
10796 1444995272.985016 -0.049439 0.010986 -10.272242
10797 1444995272.995059 0.038452 0.010986 -10.360133
10798 1444995273.005244 0.038452 0.010986 -10.272242
10799 1444995273.015079 0.038452 0.010986 -10.272242
10800 1444995273.025106 -0.049439 0.010986 -10.360133
10801 1444995273.035114 -0.049439 0.010986 -10.272242
10802 1444995273.045393 0.038452 0.010986 -10.272242
10803 1444995273.055394 -0.049439 0.010986 -10.272242
10804 1444995273.063066 -0.049439 0.010986 -10.272242
10805 1444995273.075639 0.038452 0.010986 -10.272242
10806 1444995273.085935 -0.049439 0.010986 -10.360133
10807 1444995273.096058 0.038452 0.010986 -10.272242
10808 1444995273.108200 0.038452 0.010986 -10.360133
10809 1444995273.116192 0.038452 0.010986 -10.272242
10810 1444995273.128572 -0.049439 0.010986 -10.272242
10811 1444995273.136619 0.038452 0.010986 -10.272242
10812 1444995273.148191 0.038452 0.010986 -10.272242
10813 1444995273.153079 -0.049439 0.010986 -10.272242
10814 1444995273.168678 0.038452 0.010986 -10.360133
10815 1444995273.178701 0.038452 0.010986 -10.272242
10816 1444995273.188664 0.038452 0.010986 -10.272242
10817 1444995273.198933 0.038452 0.010986 -10.272242
10818 1444995273.203984 -0.049439 0.010986 -10.272242
10819 1444995273.214309 0.038452 0.010986 -10.272242
10820 1444995273.224270 0.038452 0.010986 -10.272242
10821 1444995273.234452 -0.049439 0.010986 -10.272242
10822 1444995273.249357 0.038452 0.010986 -10.272242
10823 1444995273.254902 0.038452 0.010986 -10.360133
10824 1444995273.269698 -0.049439 0.010986 -10.360133
10825 1444995273.279821 -0.049439 0.010986 -10.272242
10826 1444995273.284824 -0.049439 0.010986 -10.272242
10827 1444995273.294898 -0.049439 0.010986 -10.272242
10828 1444995273.305111 -0.049439 0.010986 -10.272242
10829 1444995273.315101 -0.049439 0.010986 -10.272242
10830 1444995273.325112 -0.049439 0.010986 -10.272242
10831 1444995273.335230 -0.049439 0.010986 -10.272242
10832 1444995273.345590 -0.049439 0.010986 -10.360133
10833 1444995273.355586 -0.049439 0.010986 -10.360133
10834 1444995273.365573 0.038452 0.010986 -10.360133
10835 1444995273.375713 -0.049439 0.010986 -10.272242
10836 1444995273.386247 -0.049439 0.010986 -10.360133
10837 1444995273.396231 0.038452 0.010986 -10.272242
10838 1444995273.408010 0.038452 0.010986 -10.272242
10839 1444995273.416612 0.038452 0.010986 -10.272242
10840 1444995273.422977 0.038452 0.010986 -10.272242
10841 1444995273.437941 0.038452 0.010986 -10.272242
10842 1444995273.448181 -0.049439 0.010986 -10.272242
10843 1444995273.458818 0.038452 0.010986 -10.360133
10844 1444995273.468219 -0.049439 0.010986 -10.272242
10845 1444995273.478235 0.038452 0.010986 -10.272242
10846 1444995273.488316 -0.049439 0.010986 -10.360133
10847 1444995273.498400 -0.049439 0.010986 -10.360133
10848 1444995273.509636 -0.049439 0.010986 -10.272242
10849 1444995273.519105 -0.049439 0.010986 -10.360133
10850 1444995273.528661 0.038452 0.010986 -10.272242
10851 1444995273.539034 0.038452 0.010986 -10.272242
10852 1444995273.548886 0.038452 0.010986 -10.272242
10853 1444995273.559931 -0.049439 0.010986 -10.360133
10854 1444995273.569105 0.038452 0.010986 -10.272242
10855 1444995273.579259 -0.049439 0.010986 -10.272242
10856 1444995273.589313 0.038452 0.010986 -10.272242
10857 1444995273.599669 -0.049439 0.010986 -10.272242
10858 1444995273.609887 0.038452 0.010986 -10.360133
10859 1444995273.619801 0.038452 0.010986 -10.360133
10860 1444995273.629877 0.038452 0.010986 -10.360133
10861 1444995273.640156 -0.049439 0.010986 -10.360133
10862 1444995273.650382 -0.049439 0.010986 -10.272242
10863 1444995273.660572 -0.049439 0.010986 -10.272242
10864 1444995273.670985 0.038452 0.010986 -10.272242
10865 1444995273.681043 0.038452 0.010986 -10.272242
10866 1444995273.691141 -0.049439 0.010986 -10.272242
10867 1444995273.701214 0.038452 0.010986 -10.360133
10868 1444995273.711040 0.038452 0.010986 -10.272242
10869 1444995273.721647 -0.049439 0.010986 -10.272242
10870 1444995273.728081 0.038452 0.010986 -10.272242
10871 1444995273.741542 -0.049439 0.010986 -10.272242
10872 1444995273.751819 -0.049439 0.010986 -10.272242
10873 1444995273.763012 -0.049439 0.010986 -10.272242
10874 1444995273.773020 -0.049439 0.010986 -10.272242
10875 1444995273.782938 0.038452 0.010986 -10.272242
10876 1444995273.793043 -0.049439 0.010986 -10.272242
10877 1444995273.803180 0.038452 -0.076904 -10.272242
10878 1444995273.813312 -0.049439 0.010986 -10.272242
10879 1444995273.818387 -0.049439 0.010986 -10.272242
10880 1444995273.833546 -0.049439 0.010986 -10.272242
10881 1444995273.843542 -0.049439 -0.076904 -10.272242
10882 1444995273.853624 -0.049439 -0.076904 -10.272242
10883 1444995273.859410 -0.049439 -0.076904 -10.272242
10884 1444995273.869098 -0.049439 0.010986 -10.272242
10885 1444995273.878960 -0.049439 0.010986 -10.272242
10886 1444995273.889317 -0.049439 -0.076904 -10.272242
10887 1444995273.899411 0.038452 0.010986 -10.272242
10888 1444995273.910131 -0.049439 0.010986 -10.272242
10889 1444995273.919955 -0.049439 0.010986 -10.272242
10890 1444995273.929705 -0.049439 -0.076904 -10.272242
10891 1444995273.939723 -0.049439 0.010986 -10.272242
10892 1444995273.949769 -0.049439 -0.076904 -10.272242
10893 1444995273.960113 -0.049439 -0.076904 -10.272242
10894 1444995273.970361 -0.049439 -0.076904 -10.272242
10895 1444995273.980508 -0.049439 0.010986 -10.272242
10896 1444995273.990721 -0.049439 -0.076904 -10.272242
10897 1444995274.000666 0.038452 0.010986 -10.272242
10898 1444995274.010548 -0.049439 0.010986 -10.272242
10899 1444995274.021230 -0.049439 0.010986 -10.272242
10900 1444995274.031205 -0.049439 0.010986 -10.272242
10901 1444995274.041230 -0.049439 0.010986 -10.272242
10902 1444995274.051036 -0.049439 -0.076904 -10.272242
10903 1444995274.058254 -0.049439 -0.076904 -10.272242
10904 1444995274.073048 0.038452 -0.076904 -10.272242
10905 1444995274.082025 0.038452 0.010986 -10.272242
10906 1444995274.088492 -0.049439 -0.076904 -10.272242
10907 1444995274.103081 -0.049439 0.010986 -10.272242
10908 1444995274.113268 0.038452 -0.076904 -10.272242
10909 1444995274.123681 0.038452 -0.076904 -10.272242
10910 1444995274.133475 0.038452 -0.076904 -10.272242
10911 1444995274.143621 0.038452 -0.076904 -10.272242
10912 1444995274.153953 0.038452 -0.076904 -10.272242
10913 1444995274.164137 0.038452 -0.076904 -10.272242
10914 1444995274.174963 -0.049439 0.010986 -10.272242
10915 1444995274.184992 0.038452 0.010986 -10.272242
10916 1444995274.195018 0.038452 0.010986 -10.272242
10917 1444995274.205132 0.038452 -0.076904 -10.272242
10918 1444995274.215257 0.038452 -0.076904 -10.272242
10919 1444995274.225241 -0.049439 -0.076904 -10.272242
10920 1444995274.235401 0.038452 -0.076904 -10.272242
10921 1444995274.245408 0.038452 0.010986 -10.272242
10922 1444995274.255873 0.038452 -0.076904 -10.272242
10923 1444995274.265756 0.038452 0.010986 -10.272242
10924 1444995274.273172 0.038452 -0.076904 -10.272242
10925 1444995274.285863 0.038452 -0.076904 -10.272242
10926 1444995274.296154 -0.049439 0.010986 -10.272242
10927 1444995274.306519 0.038452 0.010986 -10.272242
10928 1444995274.316144 0.038452 -0.076904 -10.272242
10929 1444995274.323670 0.038452 0.010986 -10.272242
10930 1444995274.336665 0.038452 -0.076904 -10.272242
10931 1444995274.341887 0.038452 -0.076904 -10.272242
10932 1444995274.353412 0.038452 -0.076904 -10.272242
10933 1444995274.363737 0.038452 0.010986 -10.272242
10934 1444995274.374111 0.038452 -0.076904 -10.272242
10935 1444995274.383943 0.038452 0.010986 -10.272242
10936 1444995274.394024 0.038452 -0.076904 -10.272242
10937 1444995274.404076 -0.049439 -0.076904 -10.272242
10938 1444995274.414742 0.038452 0.010986 -10.272242
10939 1444995274.425468 0.038452 -0.076904 -10.272242
10940 1444995274.434759 0.038452 -0.076904 -10.272242
10941 1444995274.444646 0.038452 0.010986 -10.272242
10942 1444995274.455035 0.038452 -0.076904 -10.272242
10943 1444995274.464991 0.038452 -0.076904 -10.272242
10944 1444995274.474827 0.038452 -0.076904 -10.272242
10945 1444995274.485096 0.038452 0.010986 -10.272242
10946 1444995274.495056 0.038452 -0.076904 -10.272242
10947 1444995274.507932 0.038452 0.010986 -10.272242
10948 1444995274.516558 -0.049439 -0.076904 -10.272242
10949 1444995274.523170 0.038452 -0.076904 -10.272242
10950 1444995274.538065 -0.049439 0.010986 -10.272242
10951 1444995274.548098 0.038452 0.010986 -10.272242
10952 1444995274.552964 0.038452 -0.076904 -10.272242
10953 1444995274.568218 -0.049439 0.010986 -10.272242
10954 1444995274.573843 0.038452 -0.076904 -10.272242
10955 1444995274.583394 0.038452 -0.076904 -10.272242
10956 1444995274.593623 0.038452 -0.076904 -10.272242
10957 1444995274.603768 0.038452 -0.076904 -10.272242
10958 1444995274.618695 0.038452 -0.076904 -10.272242
10959 1444995274.624243 0.038452 -0.076904 -10.272242
10960 1444995274.634042 0.038452 0.010986 -10.272242
10961 1444995274.644156 -0.049439 -0.076904 -10.272242
10962 1444995274.654322 0.038452 -0.076904 -10.272242
10963 1444995274.664353 0.038452 0.010986 -10.272242
10964 1444995274.674555 -0.049439 0.010986 -10.272242
10965 1444995274.684661 0.038452 0.010986 -10.272242
10966 1444995274.694874 0.038452 -0.076904 -10.272242
10967 1444995274.705072 0.038452 -0.076904 -10.272242
10968 1444995274.715059 0.038452 0.010986 -10.272242
10969 1444995274.727940 0.038452 0.010986 -10.272242
10970 1444995274.735746 -0.049439 -0.076904 -10.272242
10971 1444995274.745690 0.038452 0.010986 -10.272242
10972 1444995274.756104 -0.049439 -0.076904 -10.272242
10973 1444995274.765937 0.038452 -0.076904 -10.272242
10974 1444995274.773458 0.038452 -0.076904 -10.272242
10975 1444995274.786154 0.038452 0.010986 -10.272242
10976 1444995274.796353 0.038452 -0.076904 -10.272242
10977 1444995274.808347 0.038452 -0.076904 -10.272242
10978 1444995274.813659 0.038452 -0.076904 -10.272242
10979 1444995274.823709 0.038452 -0.076904 -10.272242
10980 1444995274.833205 0.038452 0.010986 -10.272242
10981 1444995274.847888 0.038452 -0.076904 -10.272242
10982 1444995274.858538 0.038452 -0.076904 -10.272242
10983 1444995274.868119 0.038452 0.010986 -10.272242
10984 1444995274.878043 0.038452 0.010986 -10.272242
10985 1444995274.888909 0.038452 -0.076904 -10.272242
10986 1444995274.899051 0.038452 -0.076904 -10.272242
10987 1444995274.909936 0.038452 0.010986 -10.272242
10988 1444995274.919477 0.038452 0.010986 -10.272242
10989 1444995274.929352 0.038452 -0.076904 -10.272242
10990 1444995274.939826 0.038452 -0.076904 -10.272242
10991 1444995274.949914 0.038452 -0.076904 -10.272242
10992 1444995274.954890 0.038452 -0.076904 -10.272242
10993 1444995274.970059 -0.049439 -0.076904 -10.272242
10994 1444995274.980364 0.038452 -0.076904 -10.272242
10995 1444995274.990541 0.038452 -0.076904 -10.184351
10996 1444995275.000507 0.038452 -0.076904 -10.184351
10997 1444995275.005334 0.038452 -0.076904 -10.184351
10998 1444995275.020894 -0.049439 -0.076904 -10.184351
10999 1444995275.031154 0.038452 -0.076904 -10.184351
11000 1444995275.041235 0.038452 -0.076904 -10.09646
11001 1444995275.051234 -0.049439 -0.076904 -10.008569
11002 1444995275.061479 0.038452 -0.076904 -10.008569
11003 1444995275.069805 0.038452 -0.076904 -9.920679
11004 1444995275.081554 -0.049439 -0.076904 -9.920679
11005 1444995275.091496 -0.049439 -0.076904 -9.920679
11006 1444995275.101388 -0.049439 -0.076904 -9.832788
11007 1444995275.108225 0.038452 -0.076904 -9.832788
11008 1444995275.121708 -0.049439 -0.076904 -9.744897
11009 1444995275.128103 -0.049439 -0.076904 -9.744897
11010 1444995275.138172 -0.049439 -0.076904 -9.657006
11011 1444995275.148111 -0.049439 -0.076904 -9.569115
11012 1444995275.159179 -0.049439 -0.076904 -9.569115
11013 1444995275.168734 -0.049439 -0.076904 -9.481224
11014 1444995275.178511 -0.049439 -0.076904 -9.393333
11015 1444995275.188461 -0.049439 -0.076904 -9.305443
11016 1444995275.198488 -0.049439 -0.076904 -9.305443
11017 1444995275.209756 -0.049439 -0.076904 -9.217552
11018 1444995275.218755 -0.049439 -0.076904 -9.129661
11019 1444995275.228760 0.038452 -0.076904 -9.129661
11020 1444995275.238958 -0.049439 -0.076904 -9.04177
11021 1444995275.249105 0.038452 0.010986 -8.953879
11022 1444995275.260162 0.038452 0.010986 -8.865988
11023 1444995275.270184 0.038452 0.010986 -8.778098
11024 1444995275.280222 0.038452 0.010986 -8.778098
11025 1444995275.290284 0.038452 0.010986 -8.690207
11026 1444995275.300201 0.038452 0.010986 -8.690207
11027 1444995275.310990 0.038452 0.010986 -8.690207
11028 1444995275.320605 0.038452 0.010986 -8.514425
11029 1444995275.330169 0.038452 0.010986 -8.514425
11030 1444995275.340575 0.038452 0.010986 -8.514425
11031 1444995275.351350 0.038452 0.010986 -8.426534
11032 1444995275.357972 0.038452 0.010986 -8.338643
11033 1444995275.371601 0.038452 0.010986 -8.338643
11034 1444995275.381719 0.038452 0.010986 -8.250753
11035 1444995275.391841 0.038452 0.010986 -8.250753
11036 1444995275.397811 0.038452 0.098877 -8.162862
11037 1444995275.413190 0.038452 0.010986 -8.074971
11038 1444995275.423101 0.038452 0.010986 -8.074971
11039 1444995275.433182 0.038452 0.010986 -8.074971
11040 1444995275.443280 0.038452 0.010986 -7.98708
11041 1444995275.453331 0.038452 0.010986 -7.98708
11042 1444995275.464260 0.038452 0.010986 -7.899189
11043 1444995275.474183 0.038452 0.010986 -7.899189
11044 1444995275.484069 0.038452 0.010986 -7.811298
11045 1444995275.493979 0.038452 0.010986 -7.811298
11046 1444995275.504379 0.038452 0.010986 -7.723408
11047 1444995275.514747 0.038452 0.010986 -7.723408
11048 1444995275.524625 0.038452 0.010986 -7.635517
11049 1444995275.534324 0.038452 0.010986 -7.547626
11050 1444995275.544770 0.038452 0.010986 -7.459735
11051 1444995275.554969 0.038452 0.098877 -7.459735
11052 1444995275.565025 0.038452 0.098877 -7.371844
11053 1444995275.575039 0.038452 0.010986 -7.283953
11054 1444995275.585064 0.038452 0.010986 -7.196062
11055 1444995275.594934 0.038452 0.010986 -7.108172
11056 1444995275.603602 0.038452 0.010986 -7.108172
11057 1444995275.608478 0.038452 0.010986 -7.020281
11058 1444995275.625408 0.038452 0.010986 -6.93239
11059 1444995275.635554 0.038452 0.010986 -6.844499
11060 1444995275.640833 0.038452 0.010986 -6.844499
11061 1444995275.650835 0.038452 0.010986 -6.756608
11062 1444995275.658332 0.038452 0.010986 -6.756608
11063 1444995275.673526 0.038452 0.010986 -6.580827
11064 1444995275.681316 0.038452 0.098877 -6.492936
11065 1444995275.691171 0.038452 0.010986 -6.405045
11066 1444995275.697871 0.038452 0.010986 -6.317154
11067 1444995275.709092 0.038452 0.098877 -6.229263
11068 1444995275.723365 0.038452 0.010986 -6.141372
11069 1444995275.731720 0.038452 0.010986 -6.141372
11070 1444995275.741760 0.038452 0.010986 -6.053482
11071 1444995275.748475 0.038452 0.010986 -5.965591
11072 1444995275.759860 0.038452 0.010986 -5.8777
11073 1444995275.773276 0.038452 0.010986 -5.701918
11074 1444995275.783477 0.038452 0.010986 -5.701918
11075 1444995275.793528 0.038452 0.010986 -5.614027
11076 1444995275.803631 0.038452 0.010986 -5.526137
11077 1444995275.814311 0.038452 0.010986 -5.438246
11078 1444995275.824580 0.038452 0.010986 -5.262464
11079 1444995275.834763 0.038452 0.010986 -5.174573
11080 1444995275.844849 0.038452 0.010986 -5.086682
11081 1444995275.855144 0.038452 0.010986 -4.998792
11082 1444995275.865243 0.038452 0.010986 -4.910901
11083 1444995275.875387 0.038452 0.010986 -4.82301
11084 1444995275.885518 0.038452 0.010986 -4.735119
11085 1444995275.895612 0.038452 0.010986 -4.641735
11086 1444995275.906293 0.038452 0.010986 -4.465953
11087 1444995275.915887 0.038452 0.010986 -4.378062
11088 1444995275.925909 0.038452 0.010986 -4.378062
11089 1444995275.936556 0.038452 0.010986 -4.290172
11090 1444995275.946441 0.038452 0.010986 -4.11439
11091 1444995275.956363 0.038452 0.010986 -4.026499
11092 1444995275.966448 0.038452 0.010986 -3.938608
11093 1444995275.976406 0.038452 0.010986 -3.850717
11094 1444995275.987842 0.038452 0.010986 -3.674936
11095 1444995275.996816 0.038452 0.010986 -3.587045
11096 1444995276.006990 -0.049439 0.010986 -3.499154
11097 1444995276.017819 -0.049439 0.010986 -3.323372
11098 1444995276.028029 0.038452 0.010986 -3.235482
11099 1444995276.038110 0.038452 0.010986 -3.147591
11100 1444995276.048185 -0.049439 0.010986 -3.0597
11101 1444995276.053105 0.038452 0.010986 -2.971809
11102 1444995276.068501 0.038452 0.010986 -2.796027
11103 1444995276.078496 0.038452 0.010986 -2.708136
11104 1444995276.088672 0.038452 0.010986 -2.620246
11105 1444995276.098694 0.038452 0.010986 -2.444464
11106 1444995276.103888 0.038452 0.010986 -2.444464
11107 1444995276.113443 0.038452 0.010986 -2.356573
11108 1444995276.124191 0.038452 0.010986 -2.268682
11109 1444995276.134201 0.038452 0.010986 -2.092901
11110 1444995276.144244 0.038452 0.010986 -2.00501
11111 1444995276.154549 0.038452 0.010986 -1.829228
11112 1444995276.164313 0.038452 0.010986 -1.741337
11113 1444995276.174769 0.038452 0.010986 -1.653446
11114 1444995276.184720 -0.049439 0.010986 -1.565556
11115 1444995276.194770 0.038452 0.010986 -1.389774
11116 1444995276.204728 0.038452 0.010986 -1.301883
11117 1444995276.215023 0.038452 0.010986 -1.213992
11118 1444995276.223107 -0.049439 0.010986 -1.038211
11119 1444995276.235370 -0.049439 0.010986 -0.95032
11120 1444995276.247956 0.038452 0.010986 -0.774538
11121 1444995276.258594 -0.049439 0.010986 -0.598756
11122 1444995276.268125 -0.049439 0.010986 -0.510866
11123 1444995276.278122 -0.049439 0.010986 -0.422975
11124 1444995276.288331 -0.049439 0.010986 -0.247193
11125 1444995276.298330 0.038452 0.010986 -0.159302
11126 1444995276.309119 0.038452 -0.076904 0.01648
11127 1444995276.318980 -0.049439 0.010986 0.10437
11128 1444995276.329056 0.038452 0.010986 0.280152
11129 1444995276.339124 0.038452 0.010986 0.368043
11130 1444995276.349208 -0.049439 0.010986 0.543825
11131 1444995276.359597 -0.049439 0.010986 0.631715
11132 1444995276.369538 0.038452 0.010986 0.719606
11133 1444995276.379744 0.038452 0.010986 0.895388
11134 1444995276.389833 0.038452 0.010986 1.07117
11135 1444995276.400188 -0.049439 0.010986 1.246951
11136 1444995276.410441 0.038452 0.010986 1.334842
11137 1444995276.420482 -0.049439 0.010986 1.422733
11138 1444995276.430608 -0.049439 0.010986 1.598515
11139 1444995276.440745 -0.049439 0.010986 1.686405
11140 1444995276.450759 0.038452 0.010986 1.862187
11141 1444995276.460951 0.038452 0.010986 2.037969
11142 1444995276.470991 -0.049439 0.010986 2.12586
11143 1444995276.481055 0.038452 0.010986 2.301641
11144 1444995276.490970 -0.049439 -0.076904 2.389532
11145 1444995276.501119 -0.049439 0.010986 2.565314
11146 1444995276.507995 -0.049439 0.010986 2.741096
11147 1444995276.521359 0.038452 0.010986 2.828986
11148 1444995276.528303 -0.049439 0.010986 3.004768
11149 1444995276.537899 -0.049439 -0.076904 3.092659
11150 1444995276.547822 -0.049439 -0.076904 3.268441
11151 1444995276.558533 -0.049439 -0.076904 3.444222
11152 1444995276.567948 -0.049439 -0.076904 3.532113
11153 1444995276.577932 -0.049439 0.010986 3.707895
11154 1444995276.587984 -0.049439 -0.076904 3.883676
11155 1444995276.598061 0.038452 -0.076904 3.971567
11156 1444995276.608449 -0.049439 0.010986 4.147349
11157 1444995276.618118 0.038452 0.010986 4.323131
11158 1444995276.628207 -0.049439 0.010986 4.411022
11159 1444995276.638583 0.038452 0.010986 4.674694
11160 1444995276.648320 0.038452 0.010986 4.762585
11161 1444995276.659541 -0.049439 0.010986 4.938367
11162 1444995276.668889 0.038452 0.010986 5.026257
11163 1444995276.678962 0.038452 0.010986 5.202039
11164 1444995276.689059 0.038452 0.010986 5.377821
11165 1444995276.699118 0.038452 0.010986 5.553602
11166 1444995276.709564 -0.049439 0.010986 5.641493
11167 1444995276.719474 0.038452 0.010986 5.817275
11168 1444995276.729946 -0.049439 -0.076904 5.993057
11169 1444995276.739951 -0.049439 0.010986 6.168838
11170 1444995276.749980 -0.049439 -0.076904 6.256729
11171 1444995276.760756 -0.049439 0.010986 6.432511
11172 1444995276.770341 -0.049439 0.010986 6.608293
11173 1444995276.780532 -0.049439 -0.076904 6.696183
11174 1444995276.790950 -0.049439 -0.076904 6.871965
11175 1444995276.800956 -0.049439 -0.076904 7.047747
11176 1444995276.811034 -0.049439 0.010986 7.223528
11177 1444995276.821233 -0.049439 0.010986 7.39931
11178 1444995276.831306 -0.049439 0.010986 7.487201
11179 1444995276.841390 -0.049439 0.010986 7.662983
11180 1444995276.851520 -0.049439 0.010986 7.838764
11181 1444995276.858195 -0.049439 0.010986 8.014546
11182 1444995276.871837 -0.049439 0.010986 8.102437
11183 1444995276.881882 -0.049439 0.010986 8.278218
11184 1444995276.887881 0.038452 0.010986 8.454
11185 1444995276.902843 -0.049439 0.010986 8.717673
11186 1444995276.913095 -0.049439 0.010986 8.805563
11187 1444995276.923532 -0.049439 0.010986 8.981345
11188 1444995276.933190 -0.049439 0.010986 9.157127
11189 1444995276.943284 -0.049439 0.010986 9.332909
11190 1444995276.953356 -0.049439 0.010986 9.420799
11191 1444995276.964611 -0.049439 0.010986 9.596581
11192 1444995276.974824 -0.049439 0.010986 9.772363
11193 1444995276.984288 -0.049439 -0.076904 9.860254
11194 1444995276.994431 -0.049439 -0.076904 10.036035
11195 1444995277.004610 -0.049439 0.010986 10.211817
11196 1444995277.014881 -0.049439 0.010986 10.387599
11197 1444995277.021140 -0.049439 0.010986 10.475489
11198 1444995277.034929 -0.049439 0.010986 10.651271
11199 1444995277.045015 -0.049439 0.010986 10.827053
11200 1444995277.055206 -0.049439 0.010986 11.002834
11201 1444995277.060253 -0.049439 0.010986 11.090725
11202 1444995277.070410 -0.049439 0.010986 11.266507
11203 1444995277.077927 -0.049439 0.010986 11.442289
11204 1444995277.088263 -0.049439 0.010986 11.61807
11205 1444995277.097934 -0.049439 0.010986 11.793852
11206 1444995277.109193 -0.049439 0.010986 11.881743
11207 1444995277.117865 -0.049439 0.010986 12.057525
11208 1444995277.128299 -0.049439 0.010986 12.233306
11209 1444995277.138035 -0.049439 0.010986 12.409088
11210 1444995277.148192 -0.049439 0.010986 12.496979
11211 1444995277.159047 -0.049439 0.010986 12.760651
11212 1444995277.173444 -0.049439 0.010986 12.936433
11213 1444995277.182988 -0.049439 0.010986 13.112215
11214 1444995277.193485 -0.049439 0.010986 13.287996
11215 1444995277.203307 -0.049439 0.010986 13.463778
11216 1444995277.213730 -0.049439 -0.076904 13.63956
11217 1444995277.223819 -0.049439 -0.076904 13.727451
11218 1444995277.233533 -0.049439 0.010986 13.991123
11219 1444995277.243760 -0.049439 -0.076904 14.079014
11220 1444995277.254272 -0.049439 0.010986 14.254796
11221 1444995277.264652 -0.049439 -0.076904 14.430577
11222 1444995277.274900 -0.049439 0.010986 14.606359
11223 1444995277.284835 -0.049439 0.010986 14.782141
11224 1444995277.295087 -0.049439 0.010986 14.957922
11225 1444995277.305277 -0.049439 0.010986 15.045813
11226 1444995277.315122 -0.049439 0.010986 15.309486
11227 1444995277.325286 -0.049439 -0.076904 15.485267
11228 1444995277.335530 -0.049439 0.010986 15.573158
11229 1444995277.345674 -0.049439 0.010986 15.74894
11230 1444995277.355870 -0.049439 0.010986 15.924721
11231 1444995277.365867 -0.049439 0.010986 16.100503
11232 1444995277.375953 -0.049439 0.010986 16.276285
11233 1444995277.385962 -0.049439 0.010986 16.452067
11234 1444995277.396048 -0.049439 0.010986 16.627848
11235 1444995277.406178 -0.049439 0.010986 16.80363
11236 1444995277.416396 -0.049439 0.010986 16.891521
11237 1444995277.426362 -0.049439 0.010986 17.155193
11238 1444995277.436530 -0.049439 0.010986 17.330975
11239 1444995277.446619 -0.049439 0.010986 17.418866
11240 1444995277.456760 -0.049439 0.010986 17.594647
11241 1444995277.466839 -0.049439 0.010986 17.770429
11242 1444995277.478130 -0.049439 0.010986 18.039595
11243 1444995277.487025 -0.049439 0.010986 18.127486
11244 1444995277.497194 -0.049439 0.010986 18.303267
11245 1444995277.503080 -0.049439 0.010986 18.479049
11246 1444995277.517398 -0.049439 0.010986 18.654831
11247 1444995277.523200 -0.049439 0.010986 18.830612
11248 1444995277.533506 -0.049439 0.010986 19.006394
11249 1444995277.543747 -0.049439 0.010986 19.182176
11250 1444995277.553940 -0.049439 0.010986 19.357957
11251 1444995277.563962 -0.049439 0.010986 19.445848
11252 1444995277.573891 -0.049439 0.010986 19.709521
11253 1444995277.584079 -0.049439 0.010986 19.797412
11254 1444995277.594067 -0.049439 0.010986 19.973193
11255 1444995277.604407 -0.049439 -0.076904 20.148975
11256 1444995277.614156 -0.049439 0.010986 20.324757
11257 1444995277.625063 -0.049439 0.010986 20.500538
11258 1444995277.634903 -0.049439 -0.076904 20.67632
11259 1444995277.645140 -0.049439 0.010986 20.852102
11260 1444995277.655927 -0.049439 0.010986 20.939993
11261 1444995277.665279 -0.049439 0.010986 21.115774
11262 1444995277.673190 -0.049439 -0.076904 21.291556
11263 1444995277.685938 -0.049439 0.010986 21.467338
11264 1444995277.695913 -0.049439 0.010986 21.643119
11265 1444995277.707967 -0.049439 0.010986 21.906792
11266 1444995277.713171 -0.049439 0.010986 21.994683
11267 1444995277.728065 -0.049439 0.010986 22.170464
11268 1444995277.738120 -0.049439 0.010986 22.346246
11269 1444995277.748092 -0.049439 0.010986 22.522028
11270 1444995277.758590 -0.049439 0.010986 22.697809
11271 1444995277.768398 0.038452 0.010986 22.873591
11272 1444995277.778442 -0.049439 0.010986 23.049373
11273 1444995277.788608 -0.049439 0.010986 23.137264
11274 1444995277.798750 -0.049439 0.010986 23.313045
11275 1444995277.809057 -0.049439 0.010986 23.488827
11276 1444995277.818838 -0.049439 0.010986 23.664609
11277 1444995277.829106 -0.049439 0.010986 23.84039
11278 1444995277.839334 0.038452 0.010986 23.928281
11279 1444995277.849398 -0.049439 0.010986 24.104063
11280 1444995277.859993 0.038452 0.010986 24.279844
11281 1444995277.869980 -0.049439 -0.076904 24.455626
11282 1444995277.880045 -0.049439 0.010986 24.631408
11283 1444995277.890128 0.038452 -0.076904 24.807189
11284 1444995277.900574 0.038452 0.010986 24.89508
11285 1444995277.907075 0.038452 0.010986 24.982971
11286 1444995277.920725 0.038452 0.010986 25.246644
11287 1444995277.930657 -0.049439 -0.076904 25.334535
11288 1444995277.940849 0.038452 0.010986 25.510316
11289 1444995277.950960 -0.049439 -0.076904 25.686098
11290 1444995277.960767 0.038452 0.010986 25.86188
11291 1444995277.971157 0.038452 0.010986 26.037661
11292 1444995277.974200 0.038452 0.010986 26.037661
11293 1444995277.983632 0.038452 0.010986 26.213443
11294 1444995278.001579 0.038452 0.010986 26.477115
11295 1444995278.003518 0.038452 0.010986 26.565006
11296 1444995278.014106 0.038452 0.010986 26.740788
11297 1444995278.023987 0.038452 0.010986 26.828679
11298 1444995278.037881 0.038452 0.010986 27.00446
11299 1444995278.048084 0.038452 0.010986 27.180242
11300 1444995278.058530 0.038452 0.010986 27.356024
11301 1444995278.068206 0.038452 0.010986 27.531805
11302 1444995278.078464 0.038452 0.010986 27.707587
11303 1444995278.088576 0.038452 0.010986 27.795478
11304 1444995278.098886 0.038452 0.010986 27.97126
11305 1444995278.109314 0.038452 0.010986 28.147041
11306 1444995278.120077 0.038452 0.010986 28.234932
11307 1444995278.130242 -0.049439 0.010986 28.410714
11308 1444995278.140348 0.038452 0.010986 28.586496
11309 1444995278.150460 0.038452 -0.076904 28.674386
11310 1444995278.160717 -0.049439 0.010986 28.850168
11311 1444995278.170708 -0.049439 -0.076904 28.938059
11312 1444995278.180927 0.038452 0.010986 29.113841
11313 1444995278.190964 0.038452 0.010986 29.201731
11314 1444995278.201026 0.038452 0.010986 29.377513
11315 1444995278.211117 0.038452 0.010986 29.465404
11316 1444995278.221359 0.038452 0.010986 29.641186
11317 1444995278.231442 0.038452 0.010986 29.816967
11318 1444995278.241524 0.038452 0.010986 29.904858
11319 1444995278.251586 0.038452 0.010986 30.08064
11320 1444995278.263122 0.038452 0.010986 30.256422
11321 1444995278.273231 0.038452 0.010986 30.432203
11322 1444995278.283036 0.038452 0.010986 30.520094
11323 1444995278.293067 0.038452 0.010986 30.695876
11324 1444995278.303314 0.038452 -0.076904 30.871657
11325 1444995278.313620 0.038452 0.010986 30.959548
11326 1444995278.323637 -0.049439 0.010986 31.13533
11327 1444995278.333311 -0.049439 0.010986 31.223221
11328 1444995278.343534 -0.049439 0.010986 31.399002
11329 1444995278.353709 0.038452 0.010986 31.486893
11330 1444995278.364063 -0.049439 -0.076904 31.662675
11331 1444995278.374103 0.038452 -0.076904 31.750566
11332 1444995278.384022 0.038452 0.010986 31.926347
11333 1444995278.394024 0.038452 0.010986 32.014238
11334 1444995278.404214 -0.049439 -0.076904 32.19002
11335 1444995278.414461 0.038452 0.010986 32.365802
11336 1444995278.419609 -0.049439 0.010986 32.365802
11337 1444995278.429704 0.038452 0.010986 32.453693
11338 1444995278.439518 0.038452 0.010986 32.629474
11339 1444995278.449881 0.038452 0.010986 32.717365
11340 1444995278.459857 0.038452 0.010986 32.893147
11341 1444995278.469851 -0.049439 0.010986 32.981038
11342 1444995278.479921 0.038452 0.010986 33.156819
11343 1444995278.490086 0.038452 0.010986 33.24471
11344 1444995278.498065 0.038452 0.010986 33.420492
11345 1444995278.508766 0.038452 0.010986 33.508383
11346 1444995278.517996 0.038452 0.010986 33.596273
11347 1444995278.528257 -0.049439 0.010986 33.772055
11348 1444995278.543049 0.038452 0.010986 33.947837
11349 1444995278.553097 0.038452 0.010986 34.035728
11350 1444995278.563429 0.038452 0.010986 34.123618
11351 1444995278.573503 0.038452 0.010986 34.2994
11352 1444995278.583530 0.038452 0.010986 34.387291
11353 1444995278.593592 0.038452 0.010986 34.475182
11354 1444995278.603756 0.038452 0.010986 34.650964
11355 1444995278.613854 -0.049439 0.010986 34.738854
11356 1444995278.623981 0.038452 -0.076904 34.826745
11357 1444995278.634056 0.038452 0.010986 35.002527
11358 1444995278.644090 0.038452 -0.076904 35.090418
11359 1444995278.654105 0.038452 -0.076904 35.266199
11360 1444995278.665179 0.038452 0.010986 35.35409
11361 1444995278.675493 0.038452 0.010986 35.441981
11362 1444995278.685232 0.038452 -0.076904 35.529872
11363 1444995278.695450 0.038452 -0.076904 35.617763
11364 1444995278.705674 0.038452 -0.076904 35.793544
11365 1444995278.715665 0.038452 0.010986 35.881435
11366 1444995278.725735 0.038452 0.010986 35.969326
11367 1444995278.735905 0.038452 0.010986 36.057217
11368 1444995278.745940 0.038452 0.010986 36.145108
11369 1444995278.756065 0.038452 -0.076904 36.232999
11370 1444995278.766263 0.038452 0.010986 36.40878
11371 1444995278.776193 0.038452 0.010986 36.496671
11372 1444995278.786361 0.038452 0.010986 36.584562
11373 1444995278.796598 0.038452 0.010986 36.672453
11374 1444995278.806743 0.038452 0.010986 36.760344
11375 1444995278.816791 0.038452 0.010986 36.848234
11376 1444995278.826865 0.038452 0.010986 36.936125
11377 1444995278.836967 0.038452 0.010986 37.111907
11378 1444995278.847148 0.038452 -0.076904 37.199798
11379 1444995278.857337 0.038452 0.010986 37.287689
11380 1444995278.867380 0.038452 0.010986 37.37558
11381 1444995278.872903 0.038452 0.010986 37.46347
11382 1444995278.882993 0.038452 0.010986 37.551361
11383 1444995278.893091 0.038452 0.010986 37.639252
11384 1444995278.903088 0.038452 0.010986 37.727143
11385 1444995278.913123 0.038452 0.010986 37.815034
11386 1444995278.923790 0.038452 0.010986 37.902925
11387 1444995278.933858 0.038452 -0.076904 37.990815
11388 1444995278.943872 0.038452 0.010986 38.078706
11389 1444995278.953924 0.038452 0.010986 38.166597
11390 1444995278.963906 0.038452 0.010986 38.254488
11391 1444995278.975335 0.038452 0.010986 38.342379
11392 1444995278.984294 0.038452 0.010986 38.43027
11393 1444995278.994415 0.038452 -0.076904 38.51816
11394 1444995279.005759 0.038452 0.010986 38.606051
11395 1444995279.015592 0.038452 0.010986 38.693942
11396 1444995279.025907 0.038452 0.010986 38.781833
11397 1444995279.036053 0.038452 0.010986 38.869724
11398 1444995279.046000 0.038452 -0.076904 38.957615
11399 1444995279.056156 0.038452 -0.076904 39.045505
11400 1444995279.066154 0.038452 0.010986 39.133396
11401 1444995279.073039 0.038452 0.010986 39.221287
11402 1444995279.086506 0.038452 0.010986 39.221287
11403 1444995279.096691 0.038452 -0.076904 39.309178
11404 1444995279.108246 0.038452 -0.076904 39.397069
11405 1444995279.117877 0.038452 0.010986 39.48496
11406 1444995279.128443 0.038452 0.010986 39.572851
11407 1444995279.138105 0.038452 0.010986 39.660741
11408 1444995279.148160 0.038452 0.010986 39.748632
11409 1444995279.159150 0.038452 0.010986 39.748632
11410 1444995279.168581 0.038452 0.010986 39.836523
11411 1444995279.178517 0.038452 0.010986 39.836523
11412 1444995279.188560 0.038452 0.010986 39.924414
11413 1444995279.198631 0.038452 0.010986 40.012305
11414 1444995279.209182 0.038452 0.010986 40.100196
11415 1444995279.218895 0.038452 0.010986 40.188086
11416 1444995279.228994 0.038452 0.010986 40.188086
11417 1444995279.239136 0.038452 0.010986 40.275977
11418 1444995279.249200 0.038452 0.010986 40.369361
11419 1444995279.259609 0.038452 0.010986 40.457252
11420 1444995279.269290 0.038452 0.010986 40.457252
11421 1444995279.279600 0.038452 0.010986 40.545143
11422 1444995279.289608 0.038452 0.010986 40.633034
11423 1444995279.299846 0.038452 -0.076904 40.633034
11424 1444995279.309917 0.038452 0.010986 40.720925
11425 1444995279.320033 0.038452 0.010986 40.808815
11426 1444995279.330054 0.038452 0.010986 40.896706
11427 1444995279.340091 0.038452 0.010986 40.896706
11428 1444995279.350169 0.038452 0.010986 40.984597
11429 1444995279.358091 0.038452 0.010986 40.984597
11430 1444995279.370521 0.038452 0.010986 41.072488
11431 1444995279.380656 0.038452 0.010986 41.072488
11432 1444995279.390697 0.038452 0.010986 41.072488
11433 1444995279.400874 0.038452 0.010986 41.160379
11434 1444995279.410977 0.038452 0.010986 41.24827
11435 1444995279.421155 0.038452 0.010986 41.24827
11436 1444995279.431087 0.038452 0.010986 41.33616
11437 1444995279.441179 0.038452 0.010986 41.33616
11438 1444995279.451349 0.038452 0.010986 41.424051
11439 1444995279.461486 0.038452 0.010986 41.511942
11440 1444995279.471659 0.038452 0.010986 41.511942
11441 1444995279.481747 0.038452 0.010986 41.599833
11442 1444995279.491819 0.038452 0.010986 41.599833
11443 1444995279.497923 0.038452 -0.076904 41.687724
11444 1444995279.509227 0.038452 0.010986 41.687724
11445 1444995279.518150 0.038452 -0.076904 41.687724
11446 1444995279.528582 0.038452 0.010986 41.775615
11447 1444995279.538261 0.038452 0.010986 41.775615
11448 1444995279.548133 0.038452 -0.076904 41.863506
11449 1444995279.558870 0.038452 -0.076904 41.863506
11450 1444995279.568626 0.038452 0.010986 41.951396
11451 1444995279.578460 0.038452 0.010986 41.951396
11452 1444995279.588622 0.038452 -0.076904 42.039287
11453 1444995279.598672 0.038452 0.010986 42.039287
11454 1444995279.609932 0.038452 0.010986 42.127178
11455 1444995279.619641 0.038452 0.010986 42.127178
11456 1444995279.629986 0.038452 -0.076904 42.215069
11457 1444995279.640015 0.038452 0.010986 42.215069
11458 1444995279.650104 0.038452 0.010986 42.215069
11459 1444995279.660357 0.038452 0.010986 42.30296
11460 1444995279.670268 0.038452 -0.076904 42.30296
11461 1444995279.680391 0.038452 0.010986 42.30296
11462 1444995279.690599 0.038452 0.010986 42.30296
11463 1444995279.700716 0.038452 0.010986 42.30296
11464 1444995279.707900 0.038452 0.010986 42.390851
11465 1444995279.720833 0.038452 0.010986 42.390851
11466 1444995279.728175 0.038452 0.010986 42.478741
11467 1444995279.741061 0.038452 0.010986 42.478741
11468 1444995279.751181 0.038452 -0.076904 42.478741
11469 1444995279.758378 0.038452 0.010986 42.566632
11470 1444995279.772872 0.038452 0.010986 42.566632
11471 1444995279.778069 0.038452 0.010986 42.566632
11472 1444995279.788293 0.038452 0.010986 42.566632
11473 1444995279.798469 0.038452 0.010986 42.566632
11474 1444995279.808867 0.038452 0.010986 42.654523
11475 1444995279.823043 0.038452 0.010986 42.654523
11476 1444995279.833064 0.038452 0.010986 42.654523
11477 1444995279.843152 0.038452 0.010986 42.742414
11478 1444995279.853191 0.038452 0.010986 42.742414
11479 1444995279.863568 0.038452 0.010986 42.742414
11480 1444995279.873616 0.038452 0.010986 42.830305
11481 1444995279.883579 0.038452 0.010986 42.830305
11482 1444995279.893836 0.038452 0.010986 42.830305
11483 1444995279.903920 0.038452 0.010986 42.830305
11484 1444995279.914070 0.038452 0.010986 42.830305
11485 1444995279.924245 0.038452 0.010986 42.830305
11486 1444995279.934178 0.038452 0.010986 42.918196
11487 1444995279.944291 0.038452 0.010986 42.918196
11488 1444995279.954367 0.038452 0.010986 42.918196
11489 1444995279.964521 0.038452 0.010986 42.918196
11490 1444995279.974879 0.038452 0.010986 42.918196
11491 1444995279.985037 0.038452 0.010986 42.918196
11492 1444995279.995136 0.038452 0.010986 42.918196
11493 1444995280.005188 0.038452 0.010986 42.918196
11494 1444995280.007953 0.038452 0.010986 42.918196
11495 1444995280.025339 0.038452 0.010986 43.006086
11496 1444995280.035506 0.038452 0.010986 43.006086
11497 1444995280.045648 0.038452 0.010986 43.006086
11498 1444995280.050450 0.038452 0.010986 43.006086
11499 1444995280.065702 0.038452 0.010986 43.006086
11500 1444995280.070631 0.038452 0.010986 43.006086
11501 1444995280.080806 0.038452 0.010986 43.093977
11502 1444995280.088035 0.038452 0.010986 43.093977
11503 1444995280.097826 0.038452 0.010986 43.093977
11504 1444995280.113678 0.038452 0.010986 43.093977
11505 1444995280.124208 0.038452 0.010986 43.093977
11506 1444995280.133764 0.038452 0.010986 43.093977
11507 1444995280.143855 0.038452 0.010986 43.093977
11508 1444995280.154136 0.038452 0.010986 43.093977
11509 1444995280.164494 0.038452 0.010986 43.181868
11510 1444995280.174661 0.038452 0.010986 43.181868
11511 1444995280.184465 0.038452 0.010986 43.181868
11512 1444995280.194529 0.038452 0.010986 43.181868
11513 1444995280.204889 0.038452 0.010986 43.181868
11514 1444995280.215108 0.038452 0.010986 43.181868
11515 1444995280.224986 0.038452 0.010986 43.181868
11516 1444995280.235012 0.038452 0.010986 43.181868
11517 1444995280.245111 0.038452 0.010986 43.181868
11518 1444995280.255356 0.038452 0.010986 43.181868
11519 1444995280.265703 0.038452 0.010986 43.181868
11520 1444995280.275592 0.038452 0.010986 43.269759
11521 1444995280.285818 0.038452 0.010986 43.269759
11522 1444995280.295924 0.038452 0.010986 43.269759
11523 1444995280.306058 0.038452 0.010986 43.269759
11524 1444995280.312886 0.038452 -0.076904 43.269759
11525 1444995280.322950 0.038452 0.010986 43.269759
11526 1444995280.332914 0.038452 0.010986 43.269759
11527 1444995280.342842 0.038452 0.010986 43.269759
11528 1444995280.352882 0.038452 0.010986 43.269759
11529 1444995280.363203 0.038452 -0.076904 43.269759
11530 1444995280.373369 0.038452 0.010986 43.269759
11531 1444995280.382954 0.038452 -0.076904 43.269759
11532 1444995280.393119 0.038452 -0.076904 43.269759
11533 1444995280.403385 0.038452 0.010986 43.269759
11534 1444995280.413595 0.038452 -0.076904 43.269759
11535 1444995280.423656 0.038452 0.010986 43.269759
11536 1444995280.433432 0.038452 -0.076904 43.269759
11537 1444995280.443655 0.038452 0.010986 43.269759
11538 1444995280.453772 0.038452 -0.076904 43.269759
11539 1444995280.463856 0.038452 -0.076904 43.269759
11540 1444995280.474064 0.038452 -0.076904 43.35765
11541 1444995280.484294 0.038452 -0.076904 43.269759
11542 1444995280.495399 0.038452 0.010986 43.269759
11543 1444995280.505832 0.038452 0.010986 43.269759
11544 1444995280.515775 0.038452 -0.076904 43.269759
11545 1444995280.525890 0.038452 -0.076904 43.269759
11546 1444995280.535850 0.038452 0.010986 43.35765
11547 1444995280.545738 0.038452 -0.076904 43.269759
11548 1444995280.555867 0.038452 -0.076904 43.269759
11549 1444995280.565781 0.038452 0.010986 43.269759
11550 1444995280.575955 0.038452 -0.076904 43.269759
11551 1444995280.586087 0.038452 0.010986 43.181868
11552 1444995280.596205 0.038452 0.010986 43.093977
11553 1444995280.607930 0.038452 0.010986 42.918196
11554 1444995280.616539 0.038452 0.010986 42.918196
11555 1444995280.622893 0.038452 0.010986 42.830305
11556 1444995280.636701 0.038452 0.010986 42.654523
11557 1444995280.648077 0.038452 0.010986 42.390851
11558 1444995280.658343 0.038452 0.010986 42.215069
11559 1444995280.667897 0.038452 0.010986 41.951396
11560 1444995280.677924 0.038452 0.010986 41.687724
11561 1444995280.688232 0.038452 0.010986 41.424051
11562 1444995280.698382 0.038452 0.010986 41.072488
11563 1444995280.709029 0.038452 0.010986 40.720925
11564 1444995280.718826 0.038452 0.010986 40.369361
11565 1444995280.728701 0.038452 0.010986 39.924414
11566 1444995280.738902 0.038452 0.010986 39.48496
11567 1444995280.749104 0.038452 0.010986 38.957615
11568 1444995280.759530 0.038452 0.010986 38.51816
11569 1444995280.769280 0.038452 0.010986 37.902925
11570 1444995280.779437 0.038452 0.010986 37.37558
11571 1444995280.789613 0.038452 0.010986 36.760344
11572 1444995280.799868 0.038452 0.010986 36.145108
11573 1444995280.809991 -0.049439 0.010986 35.529872
11574 1444995280.819992 -0.049439 -0.076904 34.826745
11575 1444995280.830095 0.038452 0.010986 34.123618
11576 1444995280.840140 0.038452 0.010986 33.420492
11577 1444995280.850240 0.038452 0.010986 32.717365
11578 1444995280.858174 0.038452 0.010986 31.926347
11579 1444995280.870670 0.038452 0.010986 31.13533
11580 1444995280.880941 0.038452 0.010986 30.344312
11581 1444995280.890876 0.038452 0.010986 29.465404
11582 1444995280.900976 0.038452 0.010986 28.674386
11583 1444995280.908405 0.038452 0.010986 27.795478
11584 1444995280.922292 0.038452 0.010986 26.91657
11585 1444995280.932366 0.038452 0.010986 26.037661
11586 1444995280.941923 -0.049439 0.010986 25.070862
11587 1444995280.948522 0.038452 0.010986 24.191954
11588 1444995280.959933 0.038452 0.010986 23.225154
11589 1444995280.968750 0.038452 -0.076904 22.346246
11590 1444995280.978651 0.038452 -0.076904 21.379447
11591 1444995280.988898 -0.049439 -0.076904 20.500538
11592 1444995280.998876 0.038452 0.010986 19.62163
11593 1444995281.009574 -0.049439 0.010986 18.654831
11594 1444995281.019231 -0.049439 0.010986 17.682538
11595 1444995281.029383 -0.049439 -0.076904 16.80363
11596 1444995281.039927 -0.049439 0.010986 15.836831
11597 1444995281.049998 0.038452 -0.076904 14.957922
11598 1444995281.060347 0.038452 0.010986 13.991123
11599 1444995281.070121 -0.049439 0.010986 13.024324
11600 1444995281.080306 -0.049439 0.010986 12.145415
11601 1444995281.090333 -0.049439 -0.076904 11.178616
11602 1444995281.100250 0.038452 0.010986 10.211817
11603 1444995281.108059 -0.049439 0.010986 9.332909
11604 1444995281.120575 -0.049439 0.010986 8.366109
11605 1444995281.128135 -0.049439 -0.076904 7.487201
11606 1444995281.141146 -0.049439 -0.076904 6.608293
11607 1444995281.151315 -0.049439 -0.076904 5.729384
11608 1444995281.161300 -0.049439 0.010986 4.938367
11609 1444995281.171589 -0.049439 0.010986 4.147349
11610 1444995281.181617 -0.049439 0.010986 3.268441
11611 1444995281.191669 -0.049439 0.010986 2.477423
11612 1444995281.197852 -0.049439 0.010986 1.774296
11613 1444995281.208614 0.038452 0.010986 1.07117
11614 1444995281.223016 0.038452 -0.076904 0.01648
11615 1444995281.232866 0.038452 0.010986 -0.598756
11616 1444995281.242953 0.038452 0.010986 -1.213992
11617 1444995281.253092 0.038452 0.010986 -1.829228
11618 1444995281.263390 0.038452 0.010986 -2.444464
11619 1444995281.274567 0.038452 0.010986 -2.971809
11620 1444995281.284199 0.038452 0.010986 -3.499154
11621 1444995281.293528 0.038452 0.010986 -4.026499
11622 1444995281.304455 0.038452 0.010986 -4.465953
11623 1444995281.315292 0.038452 0.010986 -4.910901
11624 1444995281.325488 0.038452 0.010986 -5.350355
11625 1444995281.335458 0.038452 0.010986 -5.701918
11626 1444995281.344623 0.038452 0.010986 -6.053482
11627 1444995281.354964 0.038452 0.010986 -6.405045
11628 1444995281.364989 0.038452 0.010986 -6.756608
11629 1444995281.375553 0.038452 0.010986 -7.020281
11630 1444995281.385327 0.038452 0.098877 -7.283953
11631 1444995281.395454 0.038452 0.098877 -7.547626
11632 1444995281.405879 0.038452 0.098877 -7.811298
11633 1444995281.413271 0.038452 0.098877 -7.98708
11634 1444995281.423368 0.038452 0.098877 -8.162862
11635 1444995281.432953 0.038452 0.098877 -8.426534
11636 1444995281.443261 0.038452 0.098877 -8.602316
11637 1444995281.453156 0.038452 0.098877 -8.690207
11638 1444995281.463849 0.038452 0.010986 -8.865988
11639 1444995281.473972 0.038452 0.098877 -9.04177
11640 1444995281.483658 0.038452 0.098877 -9.217552
11641 1444995281.493085 0.038452 0.098877 -9.393333
11642 1444995281.503242 0.038452 0.098877 -9.481224
11643 1444995281.514007 0.038452 0.010986 -9.657006
11644 1444995281.524008 0.038452 0.010986 -9.744897
11645 1444995281.534086 0.038452 0.010986 -9.920679
11646 1444995281.544107 0.038452 0.010986 -10.008569
11647 1444995281.554130 0.038452 0.010986 -10.09646
11648 1444995281.564331 0.038452 0.010986 -10.184351
11649 1444995281.574667 0.038452 0.010986 -10.360133
11650 1444995281.584603 0.038452 0.010986 -10.448024
11651 1444995281.594723 -0.049439 0.010986 -10.535914
11652 1444995281.604889 0.038452 -0.076904 -10.535914
11653 1444995281.614819 0.038452 0.010986 -10.623805
11654 1444995281.625032 -0.049439 -0.076904 -10.711696
11655 1444995281.635019 -0.049439 0.010986 -10.711696
11656 1444995281.645060 -0.049439 -0.076904 -10.799587
11657 1444995281.655221 -0.049439 -0.076904 -10.887478
11658 1444995281.665511 -0.049439 0.010986 -10.887478
11659 1444995281.675522 -0.049439 0.010986 -10.887478
11660 1444995281.685664 0.038452 0.010986 -10.975369
11661 1444995281.695749 -0.049439 0.010986 -10.975369
11662 1444995281.705947 0.038452 0.010986 -10.975369
11663 1444995281.716775 0.038452 0.010986 -11.063259
11664 1444995281.728074 0.038452 0.010986 -10.975369
11665 1444995281.736902 0.038452 0.010986 -11.063259
11666 1444995281.747968 0.038452 0.010986 -11.063259
11667 1444995281.758513 0.038452 0.010986 -10.975369
11668 1444995281.768287 0.038452 0.010986 -10.975369
11669 1444995281.778411 0.038452 0.010986 -10.975369
11670 1444995281.788538 0.038452 0.010986 -10.975369
11671 1444995281.798666 -0.049439 0.010986 -10.975369
11672 1444995281.808943 0.038452 0.010986 -10.975369
11673 1444995281.818796 0.038452 0.010986 -10.975369
11674 1444995281.828825 0.038452 0.010986 -10.975369
11675 1444995281.839079 0.038452 0.010986 -10.975369
11676 1444995281.849150 0.038452 0.010986 -10.887478
11677 1444995281.854339 -0.049439 0.010986 -10.887478
11678 1444995281.864235 0.038452 0.010986 -10.887478
11679 1444995281.879409 0.038452 0.010986 -10.887478
11680 1444995281.885109 -0.049439 0.010986 -10.799587
11681 1444995281.894929 -0.049439 0.010986 -10.711696
11682 1444995281.908452 -0.049439 0.010986 -10.360133
11683 1444995281.915764 -0.049439 0.010986 -10.272242
11684 1444995281.925495 -0.049439 0.010986 -9.920679
11685 1444995281.935729 -0.049439 0.010986 -9.481224
11686 1444995281.945620 -0.049439 -0.076904 -9.129661
11687 1444995281.956204 -0.049439 0.010986 -8.865988
11688 1444995281.965635 -0.049439 0.010986 -8.690207
11689 1444995281.975958 -0.049439 0.010986 -8.514425
11690 1444995281.985992 -0.049439 0.098877 -8.514425
11691 1444995281.996113 -0.049439 0.098877 -8.514425
11692 1444995282.009056 -0.049439 0.186768 -8.602316
11693 1444995282.016715 -0.049439 0.186768 -8.602316
11694 1444995282.027885 -0.049439 0.098877 -8.778098
11695 1444995282.037999 -0.049439 0.098877 -8.953879
11696 1444995282.048730 -0.049439 0.098877 -9.04177
11697 1444995282.059525 0.038452 0.010986 -9.217552
11698 1444995282.068340 -0.049439 0.010986 -9.305443
11699 1444995282.079357 -0.049439 0.010986 -9.569115
11700 1444995282.089646 -0.049439 -0.076904 -9.744897
11701 1444995282.099614 -0.049439 0.010986 -9.920679
11702 1444995282.109400 -0.049439 0.010986 -10.09646
11703 1444995282.118992 -0.049439 -0.076904 -10.272242
11704 1444995282.129842 -0.049439 -0.076904 -10.448024
11705 1444995282.140039 0.038452 -0.076904 -10.535914
11706 1444995282.149762 0.038452 -0.076904 -10.711696
11707 1444995282.160128 0.038452 -0.076904 -10.799587
11708 1444995282.170225 0.038452 0.010986 -10.975369
11709 1444995282.180573 0.038452 0.010986 -11.063259
11710 1444995282.190829 0.126343 0.010986 -11.063259
11711 1444995282.201068 0.126343 0.010986 -11.15115
11712 1444995282.211206 0.126343 0.010986 -11.15115
11713 1444995282.221528 0.038452 0.098877 -11.15115
11714 1444995282.231576 0.126343 0.098877 -11.15115
11715 1444995282.241653 0.038452 0.098877 -11.15115
11716 1444995282.251756 0.038452 0.010986 -11.15115
11717 1444995282.258244 0.038452 0.098877 -11.15115
11718 1444995282.263631 0.126343 0.098877 -11.063259
11719 1444995282.278035 0.038452 0.010986 -11.063259
11720 1444995282.288085 0.038452 0.010986 -11.063259
11721 1444995282.298125 0.038452 0.098877 -11.063259
11722 1444995282.308724 0.038452 0.010986 -11.063259
11723 1444995282.318463 0.038452 0.010986 -11.063259
11724 1444995282.329733 0.038452 0.010986 -11.063259
11725 1444995282.339936 0.038452 0.010986 -11.063259
11726 1444995282.350034 0.038452 0.010986 -11.063259
11727 1444995282.361291 0.038452 0.010986 -11.063259
11728 1444995282.370844 0.038452 0.010986 -11.063259
11729 1444995282.380460 0.038452 0.010986 -10.975369
11730 1444995282.390875 0.038452 -0.076904 -10.975369
11731 1444995282.401385 0.038452 -0.076904 -10.975369
11732 1444995282.410608 -0.049439 -0.076904 -10.887478
11733 1444995282.422310 -0.049439 -0.076904 -10.887478
11734 1444995282.432101 -0.049439 -0.076904 -10.799587
11735 1444995282.442891 -0.049439 -0.076904 -10.711696
11736 1444995282.453064 -0.049439 -0.076904 -10.623805
11737 1444995282.463392 -0.049439 -0.076904 -10.623805
11738 1444995282.468382 -0.049439 -0.076904 -10.535914
11739 1444995282.483363 -0.049439 -0.076904 -10.448024
11740 1444995282.493491 -0.049439 -0.076904 -10.360133
11741 1444995282.503633 -0.049439 -0.076904 -10.272242
11742 1444995282.512133 -0.049439 -0.076904 -10.09646
11743 1444995282.518760 -0.049439 -0.076904 -10.09646
11744 1444995282.528960 -0.049439 -0.076904 -10.008569
11745 1444995282.538958 -0.049439 0.010986 -9.832788
11746 1444995282.549092 -0.049439 0.010986 -9.744897
11747 1444995282.559705 -0.049439 0.010986 -9.569115
11748 1444995282.569176 -0.049439 0.010986 -9.481224
11749 1444995282.579340 -0.049439 0.010986 -9.393333
11750 1444995282.590007 -0.049439 0.010986 -9.305443
11751 1444995282.600027 -0.049439 0.010986 -9.305443
11752 1444995282.610222 -0.049439 0.010986 -9.217552
11753 1444995282.620207 -0.049439 0.010986 -9.217552
11754 1444995282.630089 -0.049439 0.010986 -9.217552
11755 1444995282.640490 -0.049439 0.010986 -9.217552
11756 1444995282.650517 -0.049439 0.010986 -9.217552
11757 1444995282.660453 -0.049439 0.010986 -9.305443
11758 1444995282.670640 -0.049439 0.010986 -9.305443
11759 1444995282.680951 -0.049439 0.010986 -9.305443
11760 1444995282.690906 -0.049439 0.010986 -9.305443
11761 1444995282.700897 -0.049439 0.010986 -9.305443
11762 1444995282.708593 -0.049439 0.010986 -9.393333
11763 1444995282.723758 -0.049439 0.098877 -9.393333
11764 1444995282.731332 -0.049439 0.098877 -9.481224
11765 1444995282.741379 0.038452 0.010986 -9.481224
11766 1444995282.751505 -0.049439 0.010986 -9.569115
11767 1444995282.764525 0.038452 0.098877 -9.744897
11768 1444995282.774125 0.038452 0.010986 -9.832788
11769 1444995282.783615 -0.049439 0.010986 -9.920679
11770 1444995282.793089 0.038452 0.098877 -9.920679
11771 1444995282.803201 0.038452 0.010986 -10.008569
11772 1444995282.813325 0.038452 0.098877 -10.09646
11773 1444995282.824905 0.038452 0.010986 -10.09646
11774 1444995282.834415 0.038452 0.098877 -10.184351
11775 1444995282.844316 0.038452 0.010986 -10.272242
11776 1444995282.854758 -0.049439 0.010986 -10.272242
11777 1444995282.864641 -0.049439 0.010986 -10.360133
11778 1444995282.874997 -0.049439 0.010986 -10.360133
11779 1444995282.884485 -0.049439 0.010986 -10.448024
11780 1444995282.894305 -0.049439 0.010986 -10.448024
11781 1444995282.904767 -0.049439 0.010986 -10.535914
11782 1444995282.915054 -0.049439 0.010986 -10.535914
11783 1444995282.925219 -0.049439 -0.076904 -10.535914
11784 1444995282.935375 -0.049439 -0.076904 -10.535914
11785 1444995282.945548 -0.049439 -0.076904 -10.623805
11786 1444995282.955851 -0.049439 -0.076904 -10.623805
11787 1444995282.965741 -0.049439 -0.076904 -10.623805
11788 1444995282.975930 -0.049439 -0.076904 -10.623805
11789 1444995282.986155 -0.049439 -0.076904 -10.623805
11790 1444995282.996085 -0.049439 -0.076904 -10.623805
11791 1444995283.006251 -0.049439 -0.076904 -10.623805
11792 1444995283.016349 -0.049439 -0.076904 -10.623805
11793 1444995283.026502 -0.049439 -0.076904 -10.623805
11794 1444995283.036641 -0.049439 -0.076904 -10.623805
11795 1444995283.042848 -0.049439 -0.076904 -10.623805
11796 1444995283.052931 -0.049439 -0.076904 -10.623805
11797 1444995283.063376 -0.049439 -0.076904 -10.623805
11798 1444995283.073043 -0.049439 -0.076904 -10.623805
11799 1444995283.083370 -0.049439 -0.076904 -10.623805
11800 1444995283.093320 -0.049439 -0.076904 -10.623805
11801 1444995283.103523 -0.049439 -0.076904 -10.623805
11802 1444995283.114288 -0.049439 -0.076904 -10.623805
11803 1444995283.124199 -0.049439 -0.076904 -10.623805
11804 1444995283.134280 -0.049439 -0.076904 -10.623805
11805 1444995283.144316 -0.049439 -0.076904 -10.623805
11806 1444995283.154501 -0.049439 -0.076904 -10.623805
11807 1444995283.164352 -0.049439 -0.076904 -10.623805
11808 1444995283.174988 -0.049439 -0.076904 -10.623805
11809 1444995283.185228 -0.049439 -0.076904 -10.623805
11810 1444995283.195158 -0.049439 -0.076904 -10.623805
11811 1444995283.205806 -0.049439 0.010986 -10.623805
11812 1444995283.215841 -0.049439 -0.076904 -10.623805
11813 1444995283.228016 -0.049439 0.010986 -10.623805
11814 1444995283.236922 -0.049439 -0.076904 -10.623805
11815 1444995283.246654 -0.049439 -0.076904 -10.623805
11816 1444995283.258342 -0.049439 -0.076904 -10.623805
11817 1444995283.266226 -0.049439 0.010986 -10.623805
11818 1444995283.277906 -0.049439 0.010986 -10.535914
11819 1444995283.288363 -0.049439 0.010986 -10.535914
11820 1444995283.297980 -0.049439 0.010986 -10.535914
11821 1444995283.308194 -0.049439 0.010986 -10.535914
11822 1444995283.316921 -0.049439 0.010986 -10.535914
11823 1444995283.328633 0.038452 0.010986 -10.535914
11824 1444995283.338670 0.038452 0.010986 -10.535914
11825 1444995283.348634 0.038452 0.098877 -10.535914
11826 1444995283.359368 -0.049439 0.098877 -10.535914
11827 1444995283.369236 0.038452 0.098877 -10.448024
11828 1444995283.379234 0.038452 0.098877 -10.448024
11829 1444995283.389382 0.038452 0.098877 -10.448024
11830 1444995283.399641 0.038452 0.098877 -10.448024
11831 1444995283.409747 0.038452 0.098877 -10.360133
11832 1444995283.419681 0.038452 0.098877 -10.360133
11833 1444995283.429844 0.038452 0.098877 -10.360133
11834 1444995283.434959 0.038452 0.186768 -10.360133
11835 1444995283.445142 0.038452 0.098877 -10.360133
11836 1444995283.455476 0.038452 0.098877 -10.360133
11837 1444995283.465586 0.038452 0.098877 -10.272242
11838 1444995283.475579 0.038452 0.098877 -10.360133
11839 1444995283.485630 0.038452 0.098877 -10.360133
11840 1444995283.495947 0.038452 0.098877 -10.272242
11841 1444995283.509290 0.038452 0.098877 -10.272242
11842 1444995283.516530 0.038452 0.098877 -10.272242
11843 1444995283.529306 0.038452 0.098877 -10.272242
11844 1444995283.538414 0.038452 0.098877 -10.272242
11845 1444995283.549303 0.038452 0.098877 -10.184351
11846 1444995283.560304 -0.049439 0.098877 -10.184351
11847 1444995283.568905 0.038452 0.010986 -10.184351
11848 1444995283.579224 0.038452 0.010986 -10.184351
11849 1444995283.589333 -0.049439 0.010986 -10.184351
11850 1444995283.599695 -0.049439 0.010986 -10.184351
11851 1444995283.609953 -0.049439 0.010986 -10.184351
11852 1444995283.619939 -0.049439 0.010986 -10.184351
11853 1444995283.629935 -0.049439 0.010986 -10.184351
11854 1444995283.640010 -0.049439 0.010986 -10.184351
11855 1444995283.649938 -0.049439 0.010986 -10.184351
11856 1444995283.660043 -0.049439 0.010986 -10.184351
11857 1444995283.670064 -0.049439 0.010986 -10.184351
11858 1444995283.680253 -0.049439 0.010986 -10.184351
11859 1444995283.690291 -0.049439 0.010986 -10.184351
11860 1444995283.700399 -0.049439 0.010986 -10.184351
11861 1444995283.710532 -0.049439 0.010986 -10.184351
11862 1444995283.720578 -0.049439 0.010986 -10.184351
11863 1444995283.728596 -0.049439 0.010986 -10.184351
11864 1444995283.741165 -0.049439 0.010986 -10.184351
11865 1444995283.751369 -0.049439 0.010986 -10.184351
11866 1444995283.761468 -0.049439 0.010986 -10.184351
11867 1444995283.771757 -0.049439 0.010986 -10.184351
11868 1444995283.781884 -0.049439 0.010986 -10.184351
11869 1444995283.791940 -0.049439 0.010986 -10.09646
11870 1444995283.802164 -0.049439 0.010986 -10.184351
11871 1444995283.808316 -0.049439 0.010986 -10.184351
11872 1444995283.817853 -0.049439 0.010986 -10.09646
11873 1444995283.828217 -0.049439 0.010986 -10.184351
11874 1444995283.838614 -0.049439 0.010986 -10.184351
11875 1444995283.848559 -0.049439 0.010986 -10.184351
11876 1444995283.859645 -0.049439 0.010986 -10.184351
11877 1444995283.869425 -0.049439 0.010986 -10.09646
11878 1444995283.879241 -0.049439 0.010986 -10.184351
11879 1444995283.889501 -0.049439 -0.076904 -10.184351
11880 1444995283.899770 -0.049439 0.010986 -10.184351
11881 1444995283.909556 -0.049439 0.010986 -10.184351
11882 1444995283.919703 -0.049439 0.010986 -10.184351
11883 1444995283.929765 -0.049439 0.010986 -10.184351
11884 1444995283.940036 -0.049439 0.010986 -10.184351
11885 1444995283.950364 -0.049439 0.010986 -10.184351
11886 1444995283.961002 -0.049439 0.010986 -10.09646
11887 1444995283.970516 -0.049439 0.010986 -10.184351
11888 1444995283.981944 -0.049439 0.010986 -10.184351
11889 1444995283.991941 -0.049439 0.010986 -10.184351
11890 1444995284.001758 -0.049439 0.010986 -10.184351
11891 1444995284.013363 -0.049439 0.010986 -10.184351
11892 1444995284.023041 -0.049439 0.010986 -10.184351
11893 1444995284.033048 -0.049439 0.010986 -10.184351
11894 1444995284.043505 -0.049439 0.010986 -10.184351
11895 1444995284.053675 -0.049439 0.010986 -10.184351
11896 1444995284.063927 -0.049439 -0.076904 -10.184351
11897 1444995284.068966 -0.049439 0.010986 -10.184351
11898 1444995284.084192 -0.049439 0.010986 -10.184351
11899 1444995284.094101 -0.049439 0.010986 -10.184351
11900 1444995284.104300 -0.049439 0.010986 -10.184351
11901 1444995284.109619 -0.049439 0.010986 -10.184351
11902 1444995284.119497 -0.049439 0.010986 -10.184351
11903 1444995284.129633 -0.049439 0.010986 -10.184351
11904 1444995284.139767 -0.049439 0.010986 -10.184351
11905 1444995284.149917 -0.049439 0.010986 -10.184351
11906 1444995284.159699 -0.049439 0.010986 -10.184351
11907 1444995284.169928 -0.049439 0.010986 -10.184351
11908 1444995284.180123 -0.049439 0.010986 -10.184351
11909 1444995284.190307 -0.049439 0.010986 -10.184351
11910 1444995284.200352 -0.049439 0.010986 -10.184351
11911 1444995284.210296 -0.049439 0.010986 -10.184351
11912 1444995284.220932 -0.049439 0.010986 -10.184351
11913 1444995284.230823 -0.049439 0.010986 -10.184351
11914 1444995284.241219 -0.049439 -0.076904 -10.184351
11915 1444995284.251107 -0.049439 -0.076904 -10.184351
11916 1444995284.258396 -0.049439 -0.076904 -10.184351
11917 1444995284.273790 -0.049439 0.010986 -10.184351
11918 1444995284.283351 -0.049439 0.010986 -10.184351
11919 1444995284.293594 -0.049439 -0.076904 -10.184351
11920 1444995284.303682 -0.049439 -0.076904 -10.184351
11921 1444995284.314526 -0.049439 0.010986 -10.184351
11922 1444995284.324467 -0.049439 -0.076904 -10.184351
11923 1444995284.334539 -0.049439 -0.076904 -10.184351
11924 1444995284.344314 -0.049439 -0.076904 -10.184351
11925 1444995284.353856 -0.049439 -0.076904 -10.184351
11926 1444995284.365026 -0.049439 -0.076904 -10.184351
11927 1444995284.375663 -0.049439 0.010986 -10.184351
11928 1444995284.385386 -0.049439 0.010986 -10.184351
11929 1444995284.395513 -0.049439 -0.076904 -10.184351
11930 1444995284.405746 -0.049439 -0.076904 -10.184351
11931 1444995284.415492 -0.049439 -0.076904 -10.184351
11932 1444995284.425509 -0.049439 -0.076904 -10.184351
11933 1444995284.435662 -0.049439 -0.076904 -10.184351
11934 1444995284.445750 -0.049439 -0.076904 -10.272242
11935 1444995284.455898 -0.049439 -0.076904 -10.272242
11936 1444995284.466148 -0.049439 0.010986 -10.272242
11937 1444995284.476124 -0.049439 0.010986 -10.272242
11938 1444995284.486204 -0.049439 0.010986 -10.272242
11939 1444995284.496372 -0.049439 0.010986 -10.272242
11940 1444995284.506492 -0.049439 -0.076904 -10.272242
11941 1444995284.516548 -0.049439 -0.076904 -10.272242
11942 1444995284.523464 -0.049439 -0.076904 -10.272242
11943 1444995284.536837 -0.049439 -0.076904 -10.272242
11944 1444995284.546876 -0.049439 -0.076904 -10.272242
11945 1444995284.557015 -0.049439 -0.076904 -10.272242
11946 1444995284.563330 -0.049439 -0.076904 -10.272242
11947 1444995284.573282 -0.049439 0.010986 -10.272242
11948 1444995284.583633 -0.049439 -0.076904 -10.272242
11949 1444995284.593450 -0.049439 0.010986 -10.272242
11950 1444995284.603294 -0.049439 0.010986 -10.272242
11951 1444995284.614231 -0.049439 -0.076904 -10.272242
11952 1444995284.624488 -0.049439 0.010986 -10.272242
11953 1444995284.634211 -0.049439 0.010986 -10.272242
11954 1444995284.644022 -0.049439 0.010986 -10.272242
11955 1444995284.654206 -0.049439 0.010986 -10.272242
11956 1444995284.664274 -0.049439 0.010986 -10.272242
11957 1444995284.674469 -0.049439 0.010986 -10.360133
11958 1444995284.684367 -0.049439 0.010986 -10.360133
11959 1444995284.694574 -0.049439 0.010986 -10.360133
11960 1444995284.704533 -0.049439 0.010986 -10.360133
11961 1444995284.714696 -0.049439 0.010986 -10.360133
11962 1444995284.724871 -0.049439 0.010986 -10.360133
11963 1444995284.734976 -0.049439 0.010986 -10.360133
11964 1444995284.744983 -0.049439 0.010986 -10.360133
11965 1444995284.758424 -0.049439 0.010986 -10.360133
11966 1444995284.765480 -0.049439 0.010986 -10.360133
11967 1444995284.775498 -0.049439 0.010986 -10.360133
11968 1444995284.786396 -0.049439 0.010986 -10.360133
11969 1444995284.798274 -0.049439 0.010986 -10.360133
11970 1444995284.808883 -0.049439 0.010986 -10.360133
11971 1444995284.818547 -0.049439 0.010986 -10.360133
11972 1444995284.826440 -0.049439 0.010986 -10.360133
11973 1444995284.838765 -0.049439 0.010986 -10.360133
11974 1444995284.848873 -0.049439 0.010986 -10.360133
11975 1444995284.859146 -0.049439 0.010986 -10.360133
11976 1444995284.868635 -0.049439 0.010986 -10.360133
11977 1444995284.879044 -0.049439 0.010986 -10.360133
11978 1444995284.888965 -0.049439 0.010986 -10.360133
11979 1444995284.899107 -0.049439 0.010986 -10.360133
11980 1444995284.909623 -0.049439 0.010986 -10.360133
11981 1444995284.919376 -0.049439 0.010986 -10.360133
11982 1444995284.929251 -0.049439 0.010986 -10.360133
11983 1444995284.939637 -0.049439 0.010986 -10.360133
11984 1444995284.949775 -0.049439 0.010986 -10.360133
11985 1444995284.960175 -0.049439 0.010986 -10.360133
11986 1444995284.969860 -0.049439 0.010986 -10.360133
11987 1444995284.979963 -0.049439 0.010986 -10.360133
11988 1444995284.990123 0.038452 0.010986 -10.360133
11989 1444995285.000195 -0.049439 0.010986 -10.360133
11990 1444995285.010293 -0.049439 0.010986 -10.360133
11991 1444995285.020391 0.038452 0.010986 -10.360133
11992 1444995285.025587 -0.049439 0.010986 -10.360133
11993 1444995285.035654 0.038452 0.010986 -10.360133
11994 1444995285.045732 0.038452 0.010986 -10.360133
11995 1444995285.055947 -0.049439 0.010986 -10.360133
11996 1444995285.065907 0.038452 0.010986 -10.360133
11997 1444995285.075937 0.038452 0.010986 -10.360133
11998 1444995285.086166 0.038452 -0.076904 -10.360133
11999 1444995285.096164 -0.049439 0.010986 -10.360133
12000 1444995285.106573 0.038452 0.010986 -10.360133
12001 1444995285.113647 0.038452 0.010986 -10.360133
12002 1444995285.123640 0.038452 0.010986 -10.360133
12003 1444995285.133295 0.038452 0.010986 -10.360133
12004 1444995285.143592 0.038452 0.010986 -10.360133
12005 1444995285.153421 0.038452 0.010986 -10.360133
12006 1444995285.164138 -0.049439 0.010986 -10.360133
12007 1444995285.178277 0.038452 0.010986 -10.360133
12008 1444995285.188346 -0.049439 0.010986 -10.360133
12009 1444995285.198468 0.038452 0.010986 -10.360133
12010 1444995285.209373 -0.049439 0.010986 -10.360133
12011 1444995285.219518 -0.049439 0.010986 -10.360133
12012 1444995285.229630 0.038452 0.010986 -10.360133
12013 1444995285.240086 -0.049439 0.010986 -10.360133
12014 1444995285.249655 -0.049439 0.010986 -10.360133
12015 1444995285.260665 -0.049439 0.010986 -10.360133
12016 1444995285.269979 -0.049439 0.010986 -10.360133
12017 1444995285.279887 -0.049439 0.010986 -10.360133
12018 1444995285.290394 0.038452 0.010986 -10.360133
12019 1444995285.300297 -0.049439 0.010986 -10.360133
12020 1444995285.312111 0.038452 0.010986 -10.360133
12021 1444995285.320698 0.038452 0.010986 -10.360133
12022 1444995285.328463 0.038452 0.010986 -10.360133
12023 1444995285.341984 0.038452 0.010986 -10.360133
12024 1444995285.351555 -0.049439 0.010986 -10.360133
12025 1444995285.358389 -0.049439 0.010986 -10.360133
12026 1444995285.372524 0.038452 0.010986 -10.360133
12027 1444995285.378331 0.038452 0.010986 -10.360133
12028 1444995285.388776 -0.049439 0.010986 -10.360133
12029 1444995285.398806 -0.049439 0.010986 -10.360133
12030 1444995285.409448 -0.049439 0.010986 -10.360133
12031 1444995285.418970 0.038452 0.010986 -10.360133
12032 1444995285.428808 0.038452 0.010986 -10.360133
12033 1444995285.439201 -0.049439 0.010986 -10.360133
12034 1444995285.449134 -0.049439 0.010986 -10.272242
12035 1444995285.459809 0.038452 0.010986 -10.360133
12036 1444995285.469497 -0.049439 0.010986 -10.360133
12037 1444995285.484159 0.038452 0.010986 -10.360133
12038 1444995285.494468 0.038452 0.010986 -10.360133
12039 1444995285.499663 0.038452 0.010986 -10.360133
12040 1444995285.509978 0.038452 0.010986 -10.360133
12041 1444995285.519783 0.038452 0.010986 -10.360133
12042 1444995285.529858 -0.049439 0.010986 -10.360133
12043 1444995285.539895 0.038452 0.010986 -10.360133
12044 1444995285.549999 0.038452 0.010986 -10.360133
12045 1444995285.558446 0.038452 0.010986 -10.272242
12046 1444995285.570315 0.038452 0.010986 -10.360133
12047 1444995285.580514 0.038452 0.010986 -10.360133
12048 1444995285.590631 -0.049439 0.010986 -10.360133
12049 1444995285.600747 0.038452 0.010986 -10.360133
12050 1444995285.608731 0.038452 0.010986 -10.360133
12051 1444995285.621049 0.038452 0.010986 -10.360133
12052 1444995285.631317 0.038452 0.010986 -10.360133
12053 1444995285.643369 -0.049439 0.010986 -10.360133
12054 1444995285.651972 -0.049439 0.010986 -10.360133
12055 1444995285.663984 0.038452 0.010986 -10.360133
12056 1444995285.673757 0.038452 0.010986 -10.360133
12057 1444995285.683661 0.038452 0.010986 -10.360133
12058 1444995285.693787 0.038452 0.010986 -10.360133
12059 1444995285.703547 0.038452 0.010986 -10.360133
12060 1444995285.713847 -0.049439 0.010986 -10.360133
12061 1444995285.724981 -0.049439 0.010986 -10.360133
12062 1444995285.734156 -0.049439 0.010986 -10.360133
12063 1444995285.744241 0.038452 0.010986 -10.360133
12064 1444995285.755182 -0.049439 0.010986 -10.360133
12065 1444995285.764429 -0.049439 0.010986 -10.360133
12066 1444995285.774805 0.038452 0.010986 -10.360133
12067 1444995285.784777 -0.049439 0.010986 -10.360133
12068 1444995285.794947 -0.049439 0.010986 -10.360133
12069 1444995285.805751 -0.049439 0.010986 -10.360133
12070 1444995285.816080 0.038452 0.010986 -10.360133
12071 1444995285.826083 -0.049439 0.010986 -10.360133
12072 1444995285.835907 -0.049439 0.010986 -10.360133
12073 1444995285.846100 0.038452 0.010986 -10.360133
12074 1444995285.856221 0.038452 0.010986 -10.360133
12075 1444995285.866317 -0.049439 0.010986 -10.360133
12076 1444995285.876214 -0.049439 0.010986 -10.360133
12077 1444995285.886312 -0.049439 0.010986 -10.360133
12078 1444995285.896294 -0.049439 0.010986 -10.360133
12079 1444995285.906459 0.038452 0.010986 -10.272242
12080 1444995285.916923 0.038452 0.010986 -10.360133
12081 1444995285.927227 0.038452 0.010986 -10.360133
12082 1444995285.937260 0.038452 0.010986 -10.360133
12083 1444995285.947400 0.038452 0.010986 -10.272242
12084 1444995285.957439 -0.049439 0.010986 -10.272242
12085 1444995285.967541 -0.049439 0.010986 -10.360133
12086 1444995285.973236 0.038452 0.010986 -10.272242
12087 1444995285.983419 -0.049439 0.010986 -10.360133
12088 1444995285.993482 0.038452 0.010986 -10.360133
12089 1444995286.003626 0.038452 0.010986 -10.360133
12090 1444995286.013655 0.038452 0.010986 -10.360133
12091 1444995286.023894 -0.049439 0.010986 -10.272242
12092 1444995286.033875 -0.049439 0.010986 -10.360133
12093 1444995286.043941 0.038452 0.010986 -10.360133
12094 1444995286.054636 0.038452 0.010986 -10.360133
12095 1444995286.065632 0.038452 0.010986 -10.360133
12096 1444995286.075549 -0.049439 0.010986 -10.360133
12097 1444995286.084934 0.038452 0.010986 -10.360133
12098 1444995286.095377 0.038452 0.010986 -10.360133
12099 1444995286.108320 -0.049439 0.010986 -10.272242
12100 1444995286.116283 0.038452 0.010986 -10.360133
12101 1444995286.123425 0.038452 0.010986 -10.360133
12102 1444995286.136413 0.038452 0.010986 -10.360133
12103 1444995286.146641 0.038452 0.010986 -10.360133
12104 1444995286.158426 0.038452 -0.076904 -10.360133
