11125 1444830275.032259 -0.049439 0.010986 -9.920679
11126 1444830275.039683 -0.049439 -0.076904 -9.920679
11127 1444830275.049422 -0.049439 0.010986 -9.920679
11128 1444830275.060010 -0.049439 -0.076904 -9.920679
11129 1444830275.069732 -0.049439 0.010986 -9.920679
11130 1444830275.079912 -0.049439 -0.076904 -10.008569
11131 1444830275.092882 -0.049439 -0.076904 -9.920679
11132 1444830275.100115 -0.049439 0.010986 -9.920679
11133 1444830275.112394 -0.049439 -0.076904 -9.920679
11134 1444830275.122897 -0.049439 0.010986 -10.008569
11135 1444830275.127523 0.038452 -0.076904 -9.920679
11136 1444830275.139206 -0.049439 -0.076904 -9.920679
11137 1444830275.147651 -0.049439 -0.076904 -10.008569
11138 1444830275.162529 -0.049439 -0.076904 -10.008569
11139 1444830275.172915 -0.049439 -0.076904 -10.008569
11140 1444830275.184182 -0.049439 -0.076904 -9.920679
11141 1444830275.193406 0.038452 -0.076904 -9.920679
11142 1444830275.203211 -0.049439 -0.076904 -9.920679
11143 1444830275.213976 -0.049439 0.010986 -9.920679
11144 1444830275.224318 0.038452 -0.076904 -9.920679
11145 1444830275.233794 -0.049439 0.010986 -10.008569
11146 1444830275.244197 -0.049439 -0.076904 -10.008569
11147 1444830275.253974 -0.049439 0.010986 -9.920679
11148 1444830275.264201 -0.049439 0.010986 -10.008569
11149 1444830275.274390 0.038452 0.010986 -10.008569
11150 1444830275.284775 0.038452 -0.076904 -9.920679
11151 1444830275.294624 -0.049439 -0.076904 -10.008569
11152 1444830275.304772 -0.049439 -0.076904 -9.920679
11153 1444830275.314890 -0.049439 0.010986 -10.008569
11154 1444830275.324848 -0.049439 -0.076904 -9.920679
11155 1444830275.335366 0.038452 -0.076904 -10.008569
11156 1444830275.345016 0.038452 -0.076904 -9.920679
11157 1444830275.355435 -0.049439 0.010986 -10.008569
11158 1444830275.365553 0.038452 0.010986 -10.008569
11159 1444830275.375608 0.038452 -0.076904 -9.920679
11160 1444830275.385726 0.038452 0.010986 -10.008569
11161 1444830275.395845 0.038452 -0.076904 -9.920679
11162 1444830275.405810 0.038452 -0.076904 -9.920679
11163 1444830275.415951 0.038452 -0.076904 -9.920679
11164 1444830275.422209 0.038452 0.010986 -10.008569
11165 1444830275.433672 0.038452 0.010986 -9.920679
11166 1444830275.444309 0.038452 -0.076904 -9.920679
11167 1444830275.452634 0.038452 -0.076904 -9.920679
11168 1444830275.462525 0.038452 0.010986 -9.920679
11169 1444830275.472544 0.038452 0.010986 -9.920679
11170 1444830275.484126 0.038452 0.010986 -10.008569
11171 1444830275.494126 0.038452 0.010986 -9.920679
11172 1444830275.502969 0.038452 -0.076904 -10.008569
11173 1444830275.512982 0.038452 -0.076904 -10.008569
11174 1444830275.523182 0.038452 -0.076904 -10.008569
11175 1444830275.534161 0.038452 -0.076904 -10.008569
11176 1444830275.544204 0.038452 -0.076904 -10.008569
11177 1444830275.553561 0.038452 -0.076904 -10.008569
11178 1444830275.563573 0.038452 -0.076904 -9.920679
11179 1444830275.574346 0.038452 -0.076904 -10.008569
11180 1444830275.584673 0.038452 -0.076904 -9.920679
11181 1444830275.594958 -0.049439 0.010986 -10.008569
11182 1444830275.604873 0.038452 -0.076904 -10.008569
11183 1444830275.614465 0.038452 -0.076904 -10.008569
11184 1444830275.624601 0.038452 -0.076904 -9.920679
11185 1444830275.634999 0.038452 -0.076904 -10.008569
11186 1444830275.646054 0.038452 -0.076904 -10.008569
11187 1444830275.655704 0.038452 0.010986 -10.008569
11188 1444830275.666122 0.038452 -0.076904 -10.008569
11189 1444830275.675875 0.038452 -0.076904 -10.008569
11190 1444830275.687662 0.038452 -0.076904 -10.008569
11191 1444830275.697508 0.038452 -0.076904 -10.008569
11192 1444830275.707506 0.038452 -0.076904 -10.008569
11193 1444830275.717343 0.038452 0.010986 -10.008569
11194 1444830275.727744 -0.049439 -0.076904 -10.008569
11195 1444830275.737684 0.038452 0.010986 -10.008569
11196 1444830275.747815 0.038452 0.010986 -9.920679
11197 1444830275.757968 0.038452 0.010986 -10.008569
11198 1444830275.768021 0.038452 0.010986 -10.008569
11199 1444830275.778206 0.038452 0.010986 -10.008569
11200 1444830275.788588 0.038452 -0.076904 -10.008569
11201 1444830275.798519 0.038452 0.010986 -10.008569
11202 1444830275.808546 0.038452 -0.076904 -9.920679
11203 1444830275.818678 0.038452 -0.076904 -10.008569
11204 1444830275.828753 0.038452 -0.076904 -9.920679
11205 1444830275.838864 0.038452 0.010986 -9.920679
11206 1444830275.848940 0.038452 0.010986 -10.008569
11207 1444830275.853976 0.038452 -0.076904 -10.008569
11208 1444830275.864133 0.038452 -0.076904 -10.008569
11209 1444830275.874461 0.038452 0.010986 -10.008569
11210 1444830275.887879 0.038452 0.010986 -10.008569
11211 1444830275.894736 0.038452 0.010986 -10.008569
11212 1444830275.904777 0.038452 -0.076904 -10.008569
11213 1444830275.914835 0.038452 -0.076904 -9.920679
11214 1444830275.924877 0.038452 -0.076904 -10.008569
11215 1444830275.937892 0.038452 -0.076904 -10.008569
11216 1444830275.947993 0.038452 -0.076904 -9.920679
11217 1444830275.955647 0.038452 -0.076904 -10.008569
11218 1444830275.967492 0.038452 -0.076904 -10.008569
11219 1444830275.977224 0.038452 0.010986 -10.008569
11220 1444830275.989210 0.038452 0.010986 -10.008569
11221 1444830275.997544 0.038452 0.010986 -9.920679
11222 1444830276.008420 0.038452 0.010986 -10.008569
11223 1444830276.017764 0.038452 -0.076904 -10.008569
11224 1444830276.028474 0.038452 -0.076904 -10.008569
11225 1444830276.037931 0.038452 0.010986 -9.920679
11226 1444830276.047967 0.038452 -0.076904 -10.008569
11227 1444830276.057989 0.038452 0.010986 -9.920679
11228 1444830276.068228 0.038452 0.010986 -9.920679
11229 1444830276.078451 0.038452 0.010986 -9.920679
11230 1444830276.088873 0.038452 0.010986 -10.008569
11231 1444830276.098846 0.038452 0.010986 -10.008569
11232 1444830276.109219 0.038452 -0.076904 -9.920679
11233 1444830276.119392 0.038452 -0.076904 -9.920679
11234 1444830276.129357 0.038452 0.010986 -10.008569
11235 1444830276.139455 0.038452 0.010986 -10.008569
11236 1444830276.149683 0.038452 0.010986 -10.008569
11237 1444830276.159795 0.038452 0.010986 -10.008569
11238 1444830276.169870 0.038452 -0.076904 -10.008569
11239 1444830276.179993 0.038452 -0.076904 -10.008569
11240 1444830276.190259 0.038452 0.010986 -10.008569
11241 1444830276.200208 0.038452 0.010986 -10.008569
11242 1444830276.210340 0.038452 0.010986 -10.008569
11243 1444830276.220383 0.038452 -0.076904 -10.008569
11244 1444830276.230462 0.038452 0.010986 -10.008569
11245 1444830276.240753 0.038452 -0.076904 -10.008569
11246 1444830276.250840 0.038452 0.010986 -10.008569
11247 1444830276.260994 0.038452 0.010986 -10.008569
11248 1444830276.271115 0.038452 0.010986 -9.920679
11249 1444830276.277394 0.038452 0.010986 -10.008569
11250 1444830276.291493 0.038452 0.010986 -10.008569
11251 1444830276.301671 0.038452 0.010986 -10.008569
11252 1444830276.307530 0.038452 -0.076904 -10.008569
11253 1444830276.322499 0.038452 -0.076904 -9.920679
11254 1444830276.327878 0.038452 -0.076904 -10.008569
11255 1444830276.342596 0.038452 -0.076904 -9.920679
11256 1444830276.347810 0.038452 -0.076904 -9.920679
11257 1444830276.361261 0.038452 -0.076904 -10.008569
11258 1444830276.372838 0.038452 0.010986 -10.008569
11259 1444830276.378421 0.038452 0.010986 -10.008569
11260 1444830276.392818 0.038452 0.010986 -10.008569
11261 1444830276.403079 0.038452 0.010986 -9.920679
11262 1444830276.408617 0.038452 -0.076904 -9.920679
11263 1444830276.419828 0.038452 0.010986 -10.008569
11264 1444830276.429201 0.038452 0.010986 -10.008569
11265 1444830276.440078 0.038452 0.010986 -10.008569
11266 1444830276.449480 0.038452 0.010986 -10.008569
11267 1444830276.459449 0.038452 0.010986 -10.008569
11268 1444830276.469500 0.038452 0.010986 -10.008569
11269 1444830276.479707 0.038452 0.010986 -10.008569
11270 1444830276.489111 0.038452 0.010986 -10.008569
11271 1444830276.500168 0.038452 0.010986 -10.008569
11272 1444830276.510421 0.038452 0.010986 -10.008569
11273 1444830276.520240 0.038452 0.010986 -9.920679
11274 1444830276.530605 0.038452 0.010986 -10.008569
11275 1444830276.542395 0.038452 -0.076904 -10.008569
11276 1444830276.550813 0.038452 0.010986 -10.008569
11277 1444830276.561002 0.038452 -0.076904 -10.008569
11278 1444830276.572522 0.038452 -0.076904 -10.008569
11279 1444830276.582687 0.038452 -0.076904 -9.920679
11280 1444830276.592306 0.038452 0.010986 -9.920679
11281 1444830276.602440 0.038452 0.010986 -10.008569
11282 1444830276.612741 0.038452 0.010986 -10.008569
11283 1444830276.622594 0.038452 0.010986 -10.008569
11284 1444830276.633293 0.038452 0.010986 -10.008569
11285 1444830276.643562 0.038452 0.010986 -10.008569
11286 1444830276.652846 0.038452 0.010986 -10.008569
11287 1444830276.663116 0.038452 -0.076904 -10.008569
11288 1444830276.673306 0.038452 0.010986 -10.008569
11289 1444830276.683871 0.038452 -0.076904 -9.920679
11290 1444830276.693722 0.038452 -0.076904 -10.008569
11291 1444830276.703629 0.038452 0.010986 -10.008569
11292 1444830276.713869 0.038452 0.010986 -10.008569
11293 1444830276.724052 0.038452 0.010986 -10.008569
11294 1444830276.734316 0.038452 0.010986 -10.008569
11295 1444830276.744253 0.038452 0.010986 -10.008569
11296 1444830276.754597 0.038452 0.010986 -10.008569
11297 1444830276.764612 0.038452 -0.076904 -10.008569
11298 1444830276.774667 0.038452 -0.076904 -10.008569
11299 1444830276.784821 0.038452 0.010986 -10.008569
11300 1444830276.794938 0.038452 0.010986 -10.008569
11301 1444830276.804988 0.038452 -0.076904 -10.008569
11302 1444830276.815180 0.038452 0.010986 -10.008569
11303 1444830276.825389 0.038452 0.010986 -9.920679
11304 1444830276.835459 0.038452 0.010986 -10.008569
11305 1444830276.845533 0.038452 0.010986 -10.008569
11306 1444830276.855470 0.038452 0.010986 -10.008569
11307 1444830276.865592 0.038452 0.010986 -10.008569
11308 1444830276.875698 -0.049439 0.010986 -10.008569
11309 1444830276.882862 0.038452 0.010986 -9.920679
11310 1444830276.893381 0.038452 0.010986 -10.008569
11311 1444830276.902401 0.038452 -0.076904 -10.008569
11312 1444830276.912928 0.038452 0.010986 -10.008569
11313 1444830276.922543 0.038452 0.010986 -10.008569
11314 1444830276.932892 0.038452 0.010986 -9.920679
11315 1444830276.942443 0.038452 0.010986 -10.008569
11316 1444830276.953131 0.038452 0.010986 -10.008569
11317 1444830276.963065 0.038452 0.010986 -10.008569
11318 1444830276.973108 0.038452 0.010986 -10.008569
11319 1444830276.983806 0.038452 -0.076904 -10.008569
11320 1444830276.994437 0.038452 0.010986 -10.008569
11321 1444830277.003771 0.038452 0.010986 -10.008569
11322 1444830277.013835 0.038452 0.010986 -10.008569
11323 1444830277.023233 0.038452 0.010986 -10.008569
11324 1444830277.034237 0.038452 0.010986 -10.008569
11325 1444830277.044036 0.038452 0.010986 -10.008569
11326 1444830277.054588 0.038452 0.010986 -9.920679
11327 1444830277.064672 0.038452 0.010986 -10.008569
11328 1444830277.074801 0.038452 0.010986 -10.008569
11329 1444830277.084980 0.038452 -0.076904 -10.008569
11330 1444830277.095016 0.038452 0.010986 -9.920679
11331 1444830277.105068 0.038452 0.010986 -10.008569
11332 1444830277.115194 0.038452 0.010986 -10.008569
11333 1444830277.125505 0.038452 0.010986 -10.008569
11334 1444830277.137572 0.038452 0.010986 -9.920679
11335 1444830277.147358 0.038452 0.010986 -10.008569
11336 1444830277.155891 0.038452 0.010986 -10.008569
11337 1444830277.167443 0.038452 0.010986 -10.008569
11338 1444830277.177461 0.038452 0.010986 -10.008569
11339 1444830277.187767 0.038452 0.010986 -10.008569
11340 1444830277.197413 0.038452 0.010986 -9.920679
11341 1444830277.207520 0.038452 0.010986 -10.008569
11342 1444830277.217733 0.038452 0.010986 -10.008569
11343 1444830277.227780 0.038452 0.010986 -10.008569
11344 1444830277.237962 0.038452 -0.076904 -10.008569
11345 1444830277.247979 0.038452 0.010986 -10.008569
11346 1444830277.258680 0.038452 0.010986 -10.008569
11347 1444830277.268289 0.038452 0.010986 -10.008569
11348 1444830277.278428 0.038452 0.010986 -9.920679
11349 1444830277.288640 0.038452 0.010986 -10.008569
11350 1444830277.298665 0.038452 0.010986 -10.008569
11351 1444830277.308754 0.038452 -0.076904 -10.008569
11352 1444830277.318878 0.038452 -0.076904 -9.920679
11353 1444830277.328740 0.038452 -0.076904 -10.008569
11354 1444830277.338768 0.038452 0.010986 -10.008569
11355 1444830277.348975 0.038452 0.010986 -10.008569
11356 1444830277.359230 0.038452 0.010986 -10.008569
11357 1444830277.369231 0.038452 0.010986 -10.008569
11358 1444830277.379293 0.038452 0.010986 -10.008569
11359 1444830277.389436 0.038452 0.010986 -10.008569
11360 1444830277.397252 0.038452 -0.076904 -10.008569
11361 1444830277.409659 0.038452 0.010986 -10.008569
11362 1444830277.419778 0.038452 0.010986 -9.920679
11363 1444830277.427464 0.038452 0.010986 -10.008569
11364 1444830277.438235 0.038452 0.010986 -10.008569
11365 1444830277.447526 0.038452 0.010986 -9.920679
11366 1444830277.457733 0.038452 0.010986 -10.008569
11367 1444830277.467811 0.038452 0.010986 -10.008569
11368 1444830277.477939 0.038452 0.010986 -10.008569
11369 1444830277.488192 0.038452 0.010986 -10.008569
11370 1444830277.497911 0.038452 0.010986 -10.008569
11371 1444830277.508341 0.038452 -0.076904 -10.008569
11372 1444830277.518383 0.038452 0.010986 -10.008569
11373 1444830277.528423 0.038452 0.010986 -10.008569
11374 1444830277.538598 -0.049439 0.010986 -10.008569
11375 1444830277.548642 0.038452 -0.076904 -9.920679
11376 1444830277.559245 0.038452 0.010986 -10.008569
11377 1444830277.569159 0.038452 0.010986 -10.008569
11378 1444830277.579302 0.038452 0.010986 -10.008569
11379 1444830277.589135 0.038452 -0.076904 -10.008569
11380 1444830277.597895 0.038452 0.010986 -10.008569
11381 1444830277.609742 0.038452 0.010986 -10.008569
11382 1444830277.619831 0.038452 0.010986 -10.008569
11383 1444830277.629960 0.038452 -0.076904 -10.008569
11384 1444830277.637774 0.038452 0.010986 -10.008569
11385 1444830277.647597 0.038452 0.010986 -10.008569
11386 1444830277.660468 0.038452 0.010986 -9.920679
11387 1444830277.670595 0.038452 0.010986 -10.008569
11388 1444830277.680727 0.038452 0.010986 -10.008569
11389 1444830277.688507 0.038452 0.010986 -10.008569
11390 1444830277.701012 0.038452 0.010986 -10.008569
11391 1444830277.711124 0.038452 0.010986 -10.008569
11392 1444830277.721247 0.038452 0.010986 -9.920679
11393 1444830277.727467 0.038452 0.010986 -10.008569
11394 1444830277.738310 0.038452 0.010986 -9.920679
11395 1444830277.752144 0.038452 -0.076904 -10.008569
11396 1444830277.762452 0.038452 0.010986 -10.008569
11397 1444830277.772411 0.038452 0.010986 -10.008569
11398 1444830277.777682 0.038452 0.010986 -10.008569
11399 1444830277.792527 0.038452 0.010986 -9.920679
11400 1444830277.802720 0.038452 0.010986 -10.008569
11401 1444830277.812724 0.038452 0.010986 -10.008569
11402 1444830277.822866 0.038452 0.010986 -10.008569
11403 1444830277.828559 0.038452 -0.076904 -10.008569
11404 1444830277.842185 0.038452 -0.076904 -10.008569
11405 1444830277.849308 0.038452 0.010986 -10.008569
11406 1444830277.859372 0.038452 0.010986 -10.008569
11407 1444830277.869384 0.038452 0.010986 -10.008569
11408 1444830277.879350 0.038452 -0.076904 -10.008569
11409 1444830277.890315 0.038452 0.010986 -10.008569
11410 1444830277.900213 0.038452 0.010986 -10.008569
11411 1444830277.910318 0.038452 0.010986 -9.920679
11412 1444830277.920325 0.038452 0.010986 -10.008569
11413 1444830277.927602 0.038452 0.010986 -10.008569
11414 1444830277.937836 0.038452 -0.076904 -9.920679
11415 1444830277.947730 0.038452 0.010986 -10.008569
11416 1444830277.962383 0.038452 0.010986 -10.008569
11417 1444830277.972425 0.038452 0.010986 -10.008569
11418 1444830277.982396 0.038452 0.010986 -10.008569
11419 1444830277.988499 0.038452 0.010986 -10.008569
11420 1444830277.997896 0.038452 0.010986 -10.008569
11421 1444830278.007887 0.038452 -0.076904 -10.008569
11422 1444830278.022451 0.038452 0.010986 -9.920679
11423 1444830278.033017 0.038452 0.010986 -10.008569
11424 1444830278.043020 0.038452 -0.076904 -10.008569
11425 1444830278.052852 0.038452 0.010986 -10.008569
11426 1444830278.062861 0.038452 0.010986 -9.920679
11427 1444830278.073220 0.038452 0.010986 -10.008569
11428 1444830278.083556 0.038452 0.010986 -10.008569
11429 1444830278.093660 0.038452 0.010986 -9.920679
11430 1444830278.103373 0.038452 0.010986 -10.008569
11431 1444830278.113226 0.038452 0.010986 -10.008569
11432 1444830278.123785 0.038452 0.010986 -10.008569
11433 1444830278.134022 0.038452 0.010986 -10.008569
11434 1444830278.143998 0.038452 0.010986 -10.008569
11435 1444830278.154039 0.038452 -0.076904 -10.008569
11436 1444830278.164092 0.038452 0.010986 -10.008569
11437 1444830278.174368 0.038452 0.010986 -9.920679
11438 1444830278.184578 0.038452 0.010986 -10.008569
11439 1444830278.194646 0.038452 0.010986 -9.920679
11440 1444830278.204665 0.038452 0.010986 -10.008569
11441 1444830278.214724 0.038452 0.010986 -10.008569
11442 1444830278.224806 0.038452 0.010986 -10.008569
11443 1444830278.234825 0.038452 0.010986 -10.008569
11444 1444830278.242972 0.038452 0.010986 -10.008569
11445 1444830278.255089 0.038452 0.010986 -10.008569
11446 1444830278.265176 0.038452 0.010986 -9.920679
11447 1444830278.272324 0.038452 0.010986 -10.008569
11448 1444830278.282736 0.038452 0.010986 -10.008569
11449 1444830278.292906 0.038452 0.010986 -9.920679
11450 1444830278.305656 0.038452 0.010986 -9.920679
11451 1444830278.312681 0.038452 0.010986 -9.920679
11452 1444830278.322741 0.038452 0.010986 -9.920679
11453 1444830278.333096 0.038452 0.010986 -9.920679
11454 1444830278.343842 0.038452 0.010986 -9.920679
11455 1444830278.352463 0.038452 0.010986 -9.920679
11456 1444830278.363039 0.038452 0.010986 -9.920679
11457 1444830278.373017 0.038452 0.010986 -9.920679
11458 1444830278.384025 0.038452 0.010986 -9.920679
11459 1444830278.393973 0.038452 0.010986 -9.920679
11460 1444830278.403893 0.038452 0.010986 -9.920679
11461 1444830278.413843 0.038452 0.010986 -9.920679
11462 1444830278.424085 0.038452 0.098877 -9.920679
11463 1444830278.434213 0.038452 0.098877 -9.920679
11464 1444830278.444066 0.038452 0.098877 -9.832788
11465 1444830278.454440 0.038452 0.098877 -9.832788
11466 1444830278.464420 0.126343 0.098877 -9.832788
11467 1444830278.474566 0.126343 0.098877 -9.832788
11468 1444830278.484727 0.126343 0.186768 -9.744897
11469 1444830278.494693 0.126343 0.186768 -9.744897
11470 1444830278.504858 0.126343 0.186768 -9.744897
11471 1444830278.514904 0.126343 0.274659 -9.657006
11472 1444830278.525204 0.126343 0.274659 -9.657006
11473 1444830278.535787 0.126343 0.274659 -9.569115
11474 1444830278.542084 0.126343 0.274659 -9.569115
11475 1444830278.555855 0.126343 0.274659 -9.481224
11476 1444830278.565962 0.126343 0.274659 -9.393333
11477 1444830278.577044 0.126343 0.274659 -9.393333
11478 1444830278.587180 0.126343 0.274659 -9.305443
11479 1444830278.597254 0.126343 0.36255 -9.305443
11480 1444830278.607242 0.126343 0.274659 -9.217552
11481 1444830278.617272 0.038452 0.274659 -9.217552
11482 1444830278.627447 0.038452 0.274659 -9.129661
11483 1444830278.637474 0.038452 0.274659 -9.129661
11484 1444830278.647423 0.038452 0.274659 -9.04177
11485 1444830278.657733 0.038452 0.186768 -8.953879
11486 1444830278.667779 0.038452 0.186768 -8.953879
11487 1444830278.677821 0.038452 0.186768 -8.865988
11488 1444830278.687707 0.038452 0.186768 -8.865988
11489 1444830278.697954 0.038452 0.186768 -8.778098
11490 1444830278.708089 -0.049439 0.186768 -8.690207
11491 1444830278.718357 -0.049439 0.098877 -8.690207
11492 1444830278.728305 -0.049439 0.098877 -8.602316
11493 1444830278.738367 -0.049439 0.098877 -8.514425
11494 1444830278.748415 -0.049439 0.098877 -8.514425
11495 1444830278.758702 -0.049439 0.098877 -8.426534
11496 1444830278.768821 -0.049439 0.098877 -8.426534
11497 1444830278.778955 -0.049439 0.010986 -8.338643
11498 1444830278.787531 -0.049439 0.010986 -8.250753
11499 1444830278.797442 -0.049439 0.010986 -8.250753
11500 1444830278.805254 -0.049439 0.010986 -8.250753
11501 1444830278.814803 -0.049439 0.010986 -8.162862
11502 1444830278.825253 -0.049439 0.010986 -8.162862
11503 1444830278.835423 -0.049439 0.010986 -8.074971
11504 1444830278.842660 -0.049439 0.010986 -8.074971
11505 1444830278.852050 -0.049439 0.010986 -7.98708
11506 1444830278.865676 -0.137329 -0.076904 -7.98708
11507 1444830278.875848 -0.137329 -0.076904 -7.899189
11508 1444830278.882641 -0.137329 -0.076904 -7.899189
11509 1444830278.893043 -0.137329 -0.076904 -7.811298
11510 1444830278.902132 -0.137329 -0.164795 -7.811298
11511 1444830278.912800 -0.137329 -0.076904 -7.723408
11512 1444830278.927734 -0.137329 -0.164795 -7.723408
11513 1444830278.937992 -0.137329 -0.164795 -7.635517
11514 1444830278.947895 -0.137329 -0.164795 -7.635517
11515 1444830278.957755 -0.137329 -0.076904 -7.547626
11516 1444830278.968010 -0.137329 -0.076904 -7.459735
11517 1444830278.978171 -0.137329 -0.076904 -7.371844
11518 1444830278.988087 -0.137329 -0.076904 -7.371844
11519 1444830278.998096 -0.137329 -0.076904 -7.283953
11520 1444830279.008553 -0.137329 -0.076904 -7.196062
11521 1444830279.018475 -0.137329 -0.076904 -7.108172
11522 1444830279.028576 -0.137329 -0.076904 -7.020281
11523 1444830279.038656 -0.137329 -0.076904 -7.020281
11524 1444830279.049121 -0.137329 -0.076904 -6.93239
11525 1444830279.059613 -0.049439 0.010986 -6.844499
11526 1444830279.069454 -0.049439 0.010986 -6.844499
11527 1444830279.079545 -0.049439 0.010986 -6.756608
11528 1444830279.087608 -0.049439 0.010986 -6.668717
11529 1444830279.097514 -0.049439 0.098877 -6.580827
11530 1444830279.110163 -0.049439 0.010986 -6.492936
11531 1444830279.117188 -0.049439 0.098877 -6.405045
11532 1444830279.127416 -0.049439 0.098877 -6.317154
11533 1444830279.137466 -0.049439 0.098877 -6.229263
11534 1444830279.147544 -0.049439 0.098877 -6.229263
11535 1444830279.157217 -0.049439 0.098877 -6.141372
11536 1444830279.167685 -0.049439 0.098877 -6.053482
11537 1444830279.177436 -0.049439 0.010986 -5.965591
11538 1444830279.188630 -0.049439 0.010986 -5.965591
11539 1444830279.197735 -0.049439 0.010986 -5.8777
11540 1444830279.208063 -0.049439 0.010986 -5.789809
11541 1444830279.222164 -0.049439 0.010986 -5.614027
11542 1444830279.232457 -0.049439 0.010986 -5.526137
11543 1444830279.238614 -0.049439 0.010986 -5.526137
11544 1444830279.248120 -0.049439 0.010986 -5.438246
11545 1444830279.258472 -0.049439 0.010986 -5.350355
11546 1444830279.268415 -0.049439 0.010986 -5.262464
11547 1444830279.278431 -0.049439 0.010986 -5.174573
11548 1444830279.288591 -0.137329 0.010986 -5.086682
11549 1444830279.299379 -0.049439 0.010986 -4.998792
11550 1444830279.309652 -0.049439 0.010986 -4.910901
11551 1444830279.319725 -0.049439 0.010986 -4.82301
11552 1444830279.329681 -0.049439 0.010986 -4.641735
11553 1444830279.338543 -0.049439 0.010986 -4.553844
11554 1444830279.348520 -0.049439 0.010986 -4.465953
11555 1444830279.360158 -0.049439 0.010986 -4.378062
11556 1444830279.370561 -0.049439 0.010986 -4.290172
11557 1444830279.380537 -0.137329 0.010986 -4.290172
11558 1444830279.388437 -0.049439 0.010986 -4.11439
11559 1444830279.397700 -0.049439 0.010986 -4.026499
11560 1444830279.412075 -0.049439 0.010986 -3.850717
11561 1444830279.422384 -0.049439 0.010986 -3.762827
11562 1444830279.432650 -0.049439 0.010986 -3.674936
11563 1444830279.442457 -0.049439 0.010986 -3.587045
11564 1444830279.452492 -0.049439 0.010986 -3.499154
11565 1444830279.462773 -0.137329 0.010986 -3.323372
11566 1444830279.472661 -0.049439 -0.076904 -3.235482
11567 1444830279.483068 -0.137329 0.010986 -3.147591
11568 1444830279.493035 -0.137329 0.010986 -3.0597
11569 1444830279.503162 -0.049439 0.010986 -2.971809
11570 1444830279.513222 -0.049439 0.010986 -2.796027
11571 1444830279.523585 -0.049439 0.010986 -2.708136
11572 1444830279.533581 -0.049439 0.010986 -2.620246
11573 1444830279.543602 -0.049439 0.010986 -2.444464
11574 1444830279.553648 -0.049439 0.010986 -2.444464
11575 1444830279.563723 -0.049439 0.010986 -2.268682
11576 1444830279.573879 -0.049439 0.010986 -2.180791
11577 1444830279.584144 -0.049439 0.010986 -2.00501
11578 1444830279.594136 -0.049439 0.010986 -1.917119
11579 1444830279.604272 -0.049439 0.010986 -1.829228
11580 1444830279.614445 -0.049439 0.010986 -1.741337
11581 1444830279.624523 -0.049439 0.010986 -1.565556
11582 1444830279.634786 -0.049439 0.010986 -1.477665
11583 1444830279.645312 -0.049439 -0.076904 -1.389774
11584 1444830279.655497 -0.049439 0.010986 -1.213992
11585 1444830279.657708 -0.137329 0.010986 -1.213992
11586 1444830279.667462 -0.137329 0.010986 -1.038211
11587 1444830279.677510 -0.137329 0.010986 -0.95032
11588 1444830279.688028 -0.049439 0.010986 -0.862429
11589 1444830279.697657 -0.049439 0.010986 -0.686647
11590 1444830279.707868 -0.137329 0.010986 -0.598756
11591 1444830279.722064 -0.137329 0.010986 -0.422975
11592 1444830279.732278 -0.137329 0.010986 -0.247193
11593 1444830279.742129 -0.137329 0.010986 -0.159302
11594 1444830279.752353 -0.049439 0.010986 0.01648
11595 1444830279.762672 -0.049439 0.010986 0.10437
11596 1444830279.772667 -0.049439 0.010986 0.280152
11597 1444830279.782851 -0.049439 -0.076904 0.368043
11598 1444830279.792733 -0.049439 0.010986 0.455934
11599 1444830279.803659 -0.049439 0.010986 0.631715
11600 1444830279.813200 -0.049439 0.010986 0.719606
11601 1444830279.823888 -0.049439 0.010986 0.895388
11602 1444830279.834310 -0.049439 0.010986 1.07117
11603 1444830279.844152 -0.049439 0.010986 1.15906
11604 1444830279.854125 -0.049439 0.010986 1.246951
11605 1444830279.864275 -0.049439 0.010986 1.422733
11606 1444830279.874659 -0.049439 0.010986 1.510624
11607 1444830279.885537 -0.049439 0.010986 1.686405
11608 1444830279.892673 -0.049439 0.010986 1.862187
11609 1444830279.904724 -0.049439 0.010986 1.950078
11610 1444830279.914991 -0.049439 0.010986 2.037969
11611 1444830279.925064 -0.049439 0.010986 2.213751
11612 1444830279.932731 -0.137329 0.010986 2.389532
11613 1444830279.943345 -0.049439 0.010986 2.477423
11614 1444830279.952956 -0.137329 0.010986 2.565314
11615 1444830279.962965 -0.137329 0.010986 2.741096
11616 1444830279.973168 -0.049439 0.010986 2.916877
11617 1444830279.983207 -0.137329 -0.076904 3.004768
11618 1444830279.993597 -0.137329 -0.076904 3.18055
11619 1444830280.003004 -0.137329 0.010986 3.268441
11620 1444830280.013202 -0.137329 -0.076904 3.444222
11621 1444830280.027128 -0.049439 0.010986 3.620004
11622 1444830280.037276 -0.137329 0.010986 3.795786
11623 1444830280.047437 -0.049439 0.010986 3.971567
11624 1444830280.057505 -0.049439 0.010986 4.059458
11625 1444830280.063663 -0.049439 -0.076904 4.147349
11626 1444830280.073866 -0.049439 0.010986 4.323131
11627 1444830280.084251 -0.137329 0.010986 4.411022
11628 1444830280.094071 -0.049439 0.010986 4.586803
11629 1444830280.104215 -0.049439 0.010986 4.762585
11630 1444830280.114219 -0.049439 0.010986 4.938367
11631 1444830280.124534 -0.049439 0.010986 5.026257
11632 1444830280.134703 -0.049439 0.010986 5.202039
11633 1444830280.144330 -0.049439 0.010986 5.377821
11634 1444830280.154668 -0.049439 0.010986 5.465712
11635 1444830280.164743 -0.137329 0.010986 5.641493
11636 1444830280.174839 -0.137329 0.010986 5.729384
11637 1444830280.185085 -0.049439 0.010986 5.905166
11638 1444830280.195042 -0.137329 0.010986 6.080947
11639 1444830280.205180 -0.049439 -0.076904 6.256729
11640 1444830280.215254 -0.137329 -0.076904 6.432511
11641 1444830280.225430 -0.137329 0.010986 6.520402
11642 1444830280.238015 -0.137329 0.010986 6.784074
11643 1444830280.247722 -0.049439 -0.076904 6.871965
11644 1444830280.257503 -0.137329 -0.076904 7.047747
11645 1444830280.267102 -0.049439 -0.076904 7.223528
11646 1444830280.277294 -0.137329 0.010986 7.39931
11647 1444830280.288370 -0.137329 -0.076904 7.487201
11648 1444830280.297835 -0.049439 0.010986 7.662983
11649 1444830280.307920 -0.049439 0.010986 7.838764
11650 1444830280.317866 -0.049439 0.010986 8.014546
11651 1444830280.327506 -0.049439 0.010986 8.102437
11652 1444830280.333647 -0.049439 0.010986 8.190328
11653 1444830280.347483 -0.049439 0.010986 8.454
11654 1444830280.358128 -0.049439 0.010986 8.629782
11655 1444830280.368378 -0.049439 0.010986 8.805563
11656 1444830280.378488 -0.049439 0.010986 8.893454
11657 1444830280.388047 -0.049439 0.010986 9.069236
11658 1444830280.398008 -0.049439 0.010986 9.245018
11659 1444830280.408628 -0.049439 0.010986 9.420799
11660 1444830280.418452 0.038452 0.010986 9.596581
11661 1444830280.428602 -0.049439 0.010986 9.772363
11662 1444830280.437786 -0.049439 0.010986 9.860254
11663 1444830280.448448 -0.049439 0.010986 10.036035
11664 1444830280.458726 -0.049439 0.010986 10.211817
11665 1444830280.469064 -0.049439 0.010986 10.387599
11666 1444830280.479073 -0.049439 -0.076904 10.475489
11667 1444830280.489204 -0.049439 0.010986 10.651271
11668 1444830280.497416 -0.049439 0.010986 10.827053
11669 1444830280.509481 -0.049439 0.010986 11.002834
11670 1444830280.517343 -0.049439 0.010986 11.178616
11671 1444830280.527986 -0.049439 0.010986 11.354398
11672 1444830280.538214 -0.049439 0.010986 11.442289
11673 1444830280.547684 -0.049439 0.010986 11.61807
11674 1444830280.557573 -0.049439 0.010986 11.793852
11675 1444830280.567798 -0.049439 0.010986 11.969634
11676 1444830280.577831 -0.049439 0.010986 12.145415
11677 1444830280.587768 -0.049439 0.010986 12.321197
11678 1444830280.598055 -0.049439 0.010986 12.496979
11679 1444830280.608362 0.038452 0.010986 12.67276
11680 1444830280.618491 -0.049439 0.010986 12.760651
11681 1444830280.628555 -0.049439 0.010986 13.024324
11682 1444830280.638412 -0.049439 0.010986 13.112215
11683 1444830280.648664 -0.049439 0.010986 13.287996
11684 1444830280.659183 -0.049439 0.010986 13.463778
11685 1444830280.669291 -0.049439 0.010986 13.63956
11686 1444830280.679447 -0.049439 -0.076904 13.727451
11687 1444830280.689206 -0.049439 -0.076904 13.903232
11688 1444830280.699548 0.038452 0.010986 14.166905
11689 1444830280.709741 0.038452 0.010986 14.342686
11690 1444830280.719924 0.038452 0.010986 14.430577
11691 1444830280.730014 0.038452 0.010986 14.606359
11692 1444830280.739880 0.038452 0.010986 14.782141
11693 1444830280.748254 0.038452 0.010986 14.957922
11694 1444830280.760113 0.038452 0.010986 15.045813
11695 1444830280.770334 0.038452 0.010986 15.309486
11696 1444830280.780383 0.038452 0.010986 15.397376
11697 1444830280.788931 0.038452 0.010986 15.573158
11698 1444830280.798297 0.038452 0.010986 15.74894
11699 1444830280.812106 0.038452 0.010986 16.012612
11700 1444830280.822047 0.038452 0.010986 16.188394
11701 1444830280.832189 0.038452 0.010986 16.364176
11702 1444830280.842240 0.038452 0.010986 16.539957
11703 1444830280.852372 0.038452 0.010986 16.715739
11704 1444830280.862473 0.038452 0.010986 16.80363
11705 1444830280.872570 0.038452 0.010986 16.979412
11706 1444830280.882670 0.038452 0.010986 17.155193
11707 1444830280.892836 0.038452 0.010986 17.330975
11708 1444830280.902782 0.038452 -0.076904 17.506757
11709 1444830280.912926 0.038452 0.010986 17.682538
11710 1444830280.923060 0.038452 -0.076904 17.863813
11711 1444830280.933284 0.038452 -0.076904 18.039595
11712 1444830280.943113 0.038452 -0.076904 18.127486
11713 1444830280.953632 0.038452 0.010986 18.303267
11714 1444830280.959763 0.038452 0.010986 18.391158
11715 1444830280.969670 0.038452 0.010986 18.654831
11716 1444830280.979946 0.038452 -0.076904 18.742722
11717 1444830280.989830 0.038452 0.010986 18.918503
11718 1444830280.999919 0.038452 0.010986 19.094285
11719 1444830281.010487 0.038452 0.010986 19.270067
11720 1444830281.020558 0.038452 0.010986 19.357957
11721 1444830281.032133 0.038452 0.010986 19.709521
11722 1444830281.042095 0.038452 0.010986 19.797412
11723 1444830281.047115 0.038452 0.010986 19.885302
11724 1444830281.062132 0.038452 0.010986 20.148975
11725 1444830281.072359 0.038452 0.010986 20.324757
11726 1444830281.082439 0.038452 0.010986 20.500538
11727 1444830281.092556 0.038452 -0.076904 20.67632
11728 1444830281.102702 0.038452 0.010986 20.764211
11729 1444830281.112775 0.038452 0.010986 20.939993
11730 1444830281.123004 0.038452 0.010986 21.115774
11731 1444830281.133476 0.038452 0.010986 21.291556
11732 1444830281.143463 0.038452 0.010986 21.467338
11733 1444830281.153525 0.038452 0.010986 21.643119
11734 1444830281.163690 0.038452 0.010986 21.73101
11735 1444830281.173995 0.038452 0.010986 21.906792
11736 1444830281.184474 0.038452 0.010986 22.082573
11737 1444830281.194423 0.038452 0.010986 22.258355
11738 1444830281.204389 0.038452 0.010986 22.434137
11739 1444830281.214149 0.038452 0.010986 22.609918
11740 1444830281.224406 0.038452 0.010986 22.697809
11741 1444830281.234191 0.038452 0.010986 22.961482
11742 1444830281.245125 0.038452 0.010986 23.049373
11743 1444830281.254243 0.038452 0.010986 23.225154
11744 1444830281.264481 0.038452 0.010986 23.400936
11745 1444830281.274428 0.038452 0.010986 23.576718
11746 1444830281.285255 0.038452 0.010986 23.664609
11747 1444830281.295234 0.038452 0.010986 23.84039
11748 1444830281.305245 0.038452 0.010986 24.016172
11749 1444830281.314961 0.038452 0.010986 24.191954
11750 1444830281.322543 0.038452 -0.076904 24.367735
11751 1444830281.333194 0.038452 0.010986 24.455626
11752 1444830281.342833 0.038452 -0.076904 24.631408
11753 1444830281.352715 0.038452 0.010986 24.807189
11754 1444830281.362735 0.038452 -0.076904 24.982971
11755 1444830281.372678 0.038452 -0.076904 25.158753
11756 1444830281.383481 0.038452 0.010986 25.246644
11757 1444830281.393508 0.038452 0.010986 25.422425
11758 1444830281.403390 0.038452 0.010986 25.510316
11759 1444830281.413529 0.038452 -0.076904 25.686098
11760 1444830281.423613 0.038452 0.010986 25.94977
11761 1444830281.433867 0.038452 0.010986 26.037661
11762 1444830281.443964 0.038452 0.010986 26.213443
11763 1444830281.454081 0.038452 0.010986 26.389225
11764 1444830281.464216 0.038452 0.010986 26.477115
11765 1444830281.474305 0.038452 0.010986 26.652897
11766 1444830281.484524 0.038452 0.010986 26.828679
11767 1444830281.494435 0.038452 0.010986 26.91657
11768 1444830281.504607 0.038452 -0.076904 27.092351
11769 1444830281.514627 0.038452 0.010986 27.268133
11770 1444830281.527173 0.038452 0.010986 27.531805
11771 1444830281.537284 0.038452 0.010986 27.619696
11772 1444830281.545297 0.038452 0.010986 27.707587
11773 1444830281.555194 0.038452 -0.076904 27.883369
11774 1444830281.565356 0.038452 -0.076904 27.97126
11775 1444830281.575388 0.038452 0.010986 28.147041
11776 1444830281.587464 0.038452 0.010986 28.410714
11777 1444830281.592179 0.038452 0.010986 28.410714
11778 1444830281.607064 0.038452 -0.076904 28.674386
11779 1444830281.617361 0.038452 0.010986 28.762277
11780 1444830281.627584 0.038452 0.010986 28.938059
11781 1444830281.637992 0.038452 0.010986 29.113841
11782 1444830281.647677 0.038452 0.010986 29.201731
11783 1444830281.657736 0.038452 0.010986 29.377513
11784 1444830281.667964 0.038452 0.010986 29.553295
11785 1444830281.677943 0.038452 0.010986 29.641186
11786 1444830281.688249 0.038452 0.010986 29.816967
11787 1444830281.697926 0.038452 0.010986 29.904858
11788 1444830281.708101 0.038452 0.010986 30.08064
11789 1444830281.718240 0.038452 0.010986 30.168531
11790 1444830281.728395 0.038452 0.010986 30.344312
11791 1444830281.738703 0.038452 0.010986 30.520094
11792 1444830281.747222 0.038452 -0.076904 30.607985
11793 1444830281.754770 0.038452 -0.076904 30.695876
11794 1444830281.764653 0.038452 0.010986 30.783767
11795 1444830281.775211 0.038452 0.010986 30.959548
11796 1444830281.785680 0.038452 0.010986 31.047439
11797 1444830281.795207 0.038452 0.010986 31.223221
11798 1444830281.805404 0.038452 0.010986 31.399002
11799 1444830281.815542 0.038452 -0.076904 31.486893
11800 1444830281.822017 0.038452 -0.076904 31.662675
11801 1444830281.837200 0.038452 -0.076904 31.838457
11802 1444830281.847216 -0.049439 0.010986 31.926347
11803 1444830281.857247 0.038452 0.010986 32.102129
11804 1444830281.867409 0.038452 -0.076904 32.277911
11805 1444830281.877547 0.038452 -0.076904 32.365802
11806 1444830281.888103 0.038452 0.010986 32.453693
11807 1444830281.898005 0.038452 0.010986 32.541583
11808 1444830281.908224 0.038452 -0.076904 32.717365
11809 1444830281.918116 0.038452 0.010986 32.805256
11810 1444830281.928481 0.038452 0.010986 32.981038
11811 1444830281.938503 0.038452 0.010986 33.068928
11812 1444830281.948265 0.038452 0.010986 33.24471
11813 1444830281.958626 0.038452 0.010986 33.332601
11814 1444830281.968636 0.038452 0.010986 33.508383
11815 1444830281.978740 0.038452 -0.076904 33.596273
11816 1444830281.988694 0.038452 -0.076904 33.684164
11817 1444830281.997007 0.038452 0.010986 33.859946
11818 1444830282.008834 0.038452 -0.076904 33.947837
11819 1444830282.019780 0.038452 0.010986 34.035728
11820 1444830282.029769 0.038452 0.010986 34.211509
11821 1444830282.039963 0.038452 0.010986 34.2994
11822 1444830282.047677 0.038452 0.010986 34.387291
11823 1444830282.060023 0.038452 0.010986 34.563073
11824 1444830282.067417 0.038452 0.010986 34.650964
11825 1444830282.077565 0.038452 0.010986 34.738854
11826 1444830282.089364 0.038452 0.010986 34.914636
11827 1444830282.098126 0.038452 0.010986 35.002527
11828 1444830282.107853 0.038452 0.010986 35.090418
11829 1444830282.117561 0.038452 -0.076904 35.266199
11830 1444830282.127984 0.038452 0.010986 35.35409
11831 1444830282.138120 0.038452 0.010986 35.441981
11832 1444830282.148214 0.038452 0.010986 35.529872
11833 1444830282.158398 0.038452 0.010986 35.705654
11834 1444830282.168518 0.038452 -0.076904 35.793544
11835 1444830282.178589 0.038452 0.010986 35.881435
11836 1444830282.188880 0.038452 0.010986 35.969326
11837 1444830282.198942 0.038452 0.010986 36.057217
11838 1444830282.209085 0.038452 0.010986 36.145108
11839 1444830282.219176 0.038452 0.010986 36.232999
11840 1444830282.229266 0.038452 0.010986 36.40878
11841 1444830282.239347 0.038452 0.010986 36.496671
11842 1444830282.249298 0.038452 0.010986 36.584562
11843 1444830282.259722 0.038452 0.010986 36.672453
11844 1444830282.269969 0.038452 0.010986 36.848234
11845 1444830282.280042 0.038452 0.010986 36.936125
11846 1444830282.290056 0.038452 0.010986 37.024016
11847 1444830282.300140 0.038452 0.010986 37.111907
11848 1444830282.310252 0.038452 0.010986 37.199798
11849 1444830282.322020 0.038452 0.010986 37.287689
11850 1444830282.330526 0.038452 0.010986 37.37558
11851 1444830282.338195 0.038452 0.010986 37.46347
11852 1444830282.348546 0.038452 0.010986 37.551361
11853 1444830282.358553 0.038452 0.010986 37.639252
11854 1444830282.367954 0.038452 0.010986 37.727143
11855 1444830282.382578 0.038452 0.010986 37.902925
11856 1444830282.389096 0.038452 0.010986 37.902925
11857 1444830282.402028 0.038452 0.010986 38.078706
11858 1444830282.412848 0.038452 0.010986 38.166597
11859 1444830282.422982 0.038452 0.010986 38.254488
11860 1444830282.433123 0.038452 0.010986 38.342379
11861 1444830282.443123 0.038452 -0.076904 38.43027
11862 1444830282.453267 0.038452 -0.076904 38.51816
11863 1444830282.463464 0.038452 -0.076904 38.606051
11864 1444830282.473739 0.038452 0.010986 38.606051
11865 1444830282.484021 0.038452 0.010986 38.781833
11866 1444830282.494204 0.038452 -0.076904 38.869724
11867 1444830282.499361 0.038452 0.010986 38.869724
11868 1444830282.509474 0.038452 0.010986 38.957615
11869 1444830282.519580 0.038452 0.010986 39.045505
11870 1444830282.529558 0.038452 0.010986 39.133396
11871 1444830282.537109 0.038452 0.010986 39.221287
11872 1444830282.550257 0.038452 0.010986 39.221287
11873 1444830282.560693 0.038452 0.010986 39.309178
11874 1444830282.570826 0.038452 0.010986 39.397069
11875 1444830282.577091 0.038452 0.010986 39.48496
11876 1444830282.592141 0.038452 0.010986 39.572851
11877 1444830282.597221 0.038452 0.010986 39.572851
11878 1444830282.607500 0.038452 0.010986 39.660741
11879 1444830282.622225 0.038452 0.010986 39.748632
11880 1444830282.632356 0.038452 0.010986 39.836523
11881 1444830282.642543 0.038452 0.010986 39.836523
11882 1444830282.652470 0.038452 0.010986 39.924414
11883 1444830282.662473 0.038452 0.010986 40.012305
11884 1444830282.672577 0.038452 0.010986 40.100196
11885 1444830282.683008 0.038452 0.010986 40.188086
11886 1444830282.693643 0.038452 0.010986 40.275977
11887 1444830282.703599 0.038452 0.010986 40.275977
11888 1444830282.713731 0.038452 0.010986 40.369361
11889 1444830282.724049 0.038452 0.010986 40.457252
11890 1444830282.734981 0.038452 -0.076904 40.457252
11891 1444830282.744738 0.038452 0.010986 40.545143
11892 1444830282.754119 0.038452 0.010986 40.545143
11893 1444830282.764064 0.038452 0.010986 40.633034
11894 1444830282.774318 0.038452 0.010986 40.720925
11895 1444830282.784904 0.038452 0.010986 40.808815
11896 1444830282.794456 0.038452 -0.076904 40.808815
11897 1444830282.805065 0.038452 0.010986 40.896706
11898 1444830282.815131 0.038452 0.010986 40.896706
11899 1444830282.825178 0.038452 0.010986 40.984597
11900 1444830282.834955 0.038452 0.010986 41.072488
11901 1444830282.842375 0.038452 0.010986 41.072488
11902 1444830282.855275 0.038452 0.010986 41.072488
11903 1444830282.865325 0.038452 0.010986 41.160379
11904 1444830282.875460 0.038452 0.010986 41.24827
11905 1444830282.883472 0.038452 0.010986 41.24827
11906 1444830282.893916 0.038452 0.010986 41.33616
11907 1444830282.902688 0.038452 0.010986 41.33616
11908 1444830282.913060 0.038452 0.010986 41.424051
11909 1444830282.923015 0.038452 0.010986 41.424051
11910 1444830282.933606 0.038452 0.010986 41.511942
11911 1444830282.943898 0.038452 0.010986 41.599833
11912 1444830282.953543 0.038452 0.010986 41.599833
11913 1444830282.963655 0.038452 -0.076904 41.687724
11914 1444830282.973852 0.038452 0.010986 41.687724
11915 1444830282.984077 0.038452 0.010986 41.687724
11916 1444830282.994478 0.038452 0.010986 41.775615
11917 1444830283.004348 0.038452 0.010986 41.775615
11918 1444830283.014553 0.038452 0.010986 41.863506
11919 1444830283.024836 0.038452 0.010986 41.863506
11920 1444830283.035067 0.038452 0.010986 41.863506
11921 1444830283.044967 0.038452 0.010986 41.951396
11922 1444830283.055009 0.038452 0.010986 42.039287
11923 1444830283.065171 0.038452 0.010986 42.039287
11924 1444830283.075397 0.038452 0.010986 42.039287
11925 1444830283.085550 0.038452 -0.076904 42.127178
11926 1444830283.095486 0.038452 -0.076904 42.215069
11927 1444830283.105607 0.038452 -0.076904 42.215069
11928 1444830283.115727 0.038452 -0.076904 42.215069
11929 1444830283.127004 0.038452 -0.076904 42.30296
11930 1444830283.137888 0.038452 0.010986 42.30296
11931 1444830283.147255 0.038452 0.010986 42.30296
11932 1444830283.157292 0.038452 -0.076904 42.30296
11933 1444830283.167205 0.038452 0.010986 42.30296
11934 1444830283.177485 0.038452 -0.076904 42.390851
11935 1444830283.187606 0.038452 -0.076904 42.390851
11936 1444830283.197746 0.038452 0.010986 42.390851
11937 1444830283.207932 0.038452 0.010986 42.478741
11938 1444830283.218079 0.038452 0.010986 42.478741
11939 1444830283.228279 0.038452 0.010986 42.478741
11940 1444830283.238237 0.038452 0.010986 42.478741
11941 1444830283.248183 0.038452 0.010986 42.566632
11942 1444830283.258409 0.038452 0.010986 42.566632
11943 1444830283.268397 0.038452 0.010986 42.566632
11944 1444830283.278568 0.038452 0.010986 42.566632
11945 1444830283.288414 0.038452 0.010986 42.654523
11946 1444830283.299411 0.038452 0.010986 42.654523
11947 1444830283.304761 0.038452 0.010986 42.654523
11948 1444830283.314654 0.038452 0.010986 42.654523
11949 1444830283.324856 0.038452 0.010986 42.742414
11950 1444830283.335202 0.038452 0.010986 42.742414
11951 1444830283.345044 0.038452 0.010986 42.742414
11952 1444830283.355479 0.038452 0.010986 42.742414
11953 1444830283.365992 0.038452 0.010986 42.742414
11954 1444830283.377078 0.038452 0.010986 42.830305
11955 1444830283.387977 0.038452 0.010986 42.830305
11956 1444830283.397345 0.038452 0.010986 42.830305
11957 1444830283.407676 0.038452 0.010986 42.830305
11958 1444830283.417510 0.038452 0.010986 42.830305
11959 1444830283.427690 0.038452 0.010986 42.830305
11960 1444830283.437881 0.038452 0.010986 42.830305
11961 1444830283.447693 0.038452 0.010986 42.918196
11962 1444830283.457863 0.038452 0.010986 42.918196
11963 1444830283.467943 0.038452 0.010986 42.918196
11964 1444830283.478126 0.038452 0.010986 42.918196
11965 1444830283.488215 0.038452 0.010986 42.918196
11966 1444830283.498086 0.038452 0.010986 43.006086
11967 1444830283.508505 0.038452 0.010986 43.006086
11968 1444830283.518535 0.038452 0.010986 43.006086
11969 1444830283.528583 0.038452 0.010986 43.006086
11970 1444830283.537304 0.038452 0.010986 43.006086
11971 1444830283.548713 0.038452 0.010986 43.006086
11972 1444830283.559207 0.038452 0.010986 43.006086
11973 1444830283.569566 0.038452 0.010986 43.006086
11974 1444830283.579731 0.038452 0.010986 43.006086
11975 1444830283.590100 0.038452 0.010986 43.006086
11976 1444830283.597894 0.038452 0.010986 43.006086
11977 1444830283.610107 0.038452 0.010986 43.006086
11978 1444830283.620260 0.038452 0.010986 43.093977
11979 1444830283.627386 0.038452 0.010986 43.093977
11980 1444830283.637981 0.038452 0.010986 43.093977
11981 1444830283.647702 0.038452 0.010986 43.093977
11982 1444830283.657480 0.038452 0.010986 43.093977
11983 1444830283.667407 0.038452 0.010986 43.093977
11984 1444830283.677356 0.038452 0.010986 43.093977
11985 1444830283.688055 0.038452 0.010986 43.093977
11986 1444830283.697703 0.038452 0.010986 43.093977
11987 1444830283.708117 0.038452 0.010986 43.181868
11988 1444830283.717991 0.038452 0.010986 43.181868
11989 1444830283.728365 0.038452 0.010986 43.181868
11990 1444830283.738286 0.038452 0.010986 43.181868
11991 1444830283.748293 0.038452 0.010986 43.093977
11992 1444830283.758739 0.038452 0.010986 43.181868
11993 1444830283.768577 0.038452 0.010986 43.181868
11994 1444830283.778738 0.038452 0.010986 43.181868
11995 1444830283.788980 0.038452 0.010986 43.181868
11996 1444830283.798904 0.038452 0.010986 43.181868
11997 1444830283.808967 0.038452 0.010986 43.181868
11998 1444830283.819253 0.038452 0.010986 43.181868
11999 1444830283.829320 0.038452 0.010986 43.181868
12000 1444830283.839167 0.038452 0.010986 43.181868
12001 1444830283.849499 0.038452 0.010986 43.181868
12002 1444830283.859703 0.038452 0.010986 43.181868
12003 1444830283.870004 0.038452 0.010986 43.181868
12004 1444830283.880109 0.038452 0.010986 43.181868
12005 1444830283.888013 0.038452 0.010986 43.181868
12006 1444830283.897517 0.038452 0.010986 43.181868
12007 1444830283.910315 0.038452 0.010986 43.181868
12008 1444830283.920741 0.038452 0.010986 43.181868
12009 1444830283.927221 0.038452 0.010986 43.181868
12010 1444830283.942226 0.038452 -0.076904 43.181868
12011 1444830283.948265 0.038452 0.010986 43.181868
12012 1444830283.958585 0.038452 -0.076904 43.181868
12013 1444830283.972202 0.038452 0.010986 43.181868
12014 1444830283.982501 0.038452 0.010986 43.181868
12015 1444830283.992434 0.038452 0.010986 43.181868
12016 1444830284.002510 0.038452 0.010986 43.181868
12017 1444830284.012638 0.038452 0.010986 43.181868
12018 1444830284.022759 0.038452 0.010986 43.181868
12019 1444830284.033921 0.038452 -0.076904 43.181868
12020 1444830284.043241 0.038452 -0.076904 43.093977
12021 1444830284.053356 0.038452 -0.076904 43.093977
12022 1444830284.063662 0.038452 -0.076904 43.006086
12023 1444830284.073754 0.038452 0.010986 42.918196
12024 1444830284.084194 0.038452 0.010986 42.830305
12025 1444830284.093978 0.038452 0.010986 42.742414
12026 1444830284.104045 0.038452 0.010986 42.566632
12027 1444830284.114044 0.038452 0.010986 42.390851
12028 1444830284.124247 0.038452 0.010986 42.215069
12029 1444830284.134542 0.038452 0.010986 41.951396
12030 1444830284.144794 0.038452 -0.076904 41.687724
12031 1444830284.154900 0.038452 -0.076904 41.424051
12032 1444830284.164954 0.038452 0.010986 41.072488
12033 1444830284.175094 -0.049439 0.010986 40.720925
12034 1444830284.180062 0.038452 0.010986 40.545143
12035 1444830284.187637 -0.049439 0.010986 40.188086
12036 1444830284.197034 -0.049439 0.010986 39.748632
12037 1444830284.210445 -0.049439 0.010986 39.309178
12038 1444830284.220567 -0.049439 0.010986 38.869724
12039 1444830284.230710 -0.049439 0.010986 38.342379
12040 1444830284.238117 -0.049439 0.010986 37.815034
12041 1444830284.247860 -0.049439 0.010986 37.199798
12042 1444830284.257673 -0.049439 0.010986 36.672453
12043 1444830284.272282 -0.049439 0.010986 35.705654
12044 1444830284.282450 -0.049439 0.010986 35.002527
12045 1444830284.292617 -0.049439 0.010986 34.2994
12046 1444830284.302547 -0.049439 0.010986 33.596273
12047 1444830284.312651 -0.049439 -0.076904 32.893147
12048 1444830284.322759 -0.049439 0.010986 32.19002
12049 1444830284.333107 -0.049439 0.010986 31.399002
12050 1444830284.343516 -0.049439 0.010986 30.520094
12051 1444830284.353216 -0.049439 0.010986 29.729076
12052 1444830284.363372 -0.049439 0.010986 28.938059
12053 1444830284.373529 -0.049439 0.010986 28.059151
12054 1444830284.383966 -0.049439 0.010986 27.180242
12055 1444830284.393817 -0.049439 -0.076904 26.301334
12056 1444830284.403905 -0.049439 -0.076904 25.422425
12057 1444830284.413827 -0.049439 0.010986 24.455626
12058 1444830284.424023 -0.049439 -0.076904 23.576718
12059 1444830284.434167 -0.049439 -0.076904 22.697809
12060 1444830284.444319 -0.049439 -0.076904 21.73101
12061 1444830284.454312 -0.049439 -0.076904 20.764211
12062 1444830284.464260 -0.049439 -0.076904 19.885302
12063 1444830284.474467 -0.049439 -0.076904 18.918503
12064 1444830284.484695 -0.049439 -0.076904 18.039595
12065 1444830284.492568 -0.049439 0.010986 17.067302
12066 1444830284.504753 -0.049439 -0.076904 16.188394
12067 1444830284.514894 -0.049439 -0.076904 15.221595
12068 1444830284.525686 -0.049439 -0.076904 14.254796
12069 1444830284.532476 -0.049439 0.010986 13.287996
12070 1444830284.542588 -0.049439 0.010986 12.409088
12071 1444830284.555705 -0.049439 0.010986 11.442289
12072 1444830284.565837 -0.049439 0.010986 10.56338
12073 1444830284.572459 -0.049439 -0.076904 9.596581
12074 1444830284.587169 -0.049439 0.010986 8.190328
12075 1444830284.597218 -0.049439 -0.076904 7.311419
12076 1444830284.607063 -0.049439 -0.076904 6.432511
12077 1444830284.617213 -0.049439 -0.076904 5.553602
12078 1444830284.627233 -0.049439 0.010986 4.762585
12079 1444830284.637964 -0.049439 0.010986 3.971567
12080 1444830284.647656 -0.049439 0.010986 3.18055
12081 1444830284.657835 -0.049439 0.010986 2.389532
12082 1444830284.667973 -0.049439 0.010986 1.686405
12083 1444830284.678094 -0.049439 -0.076904 0.983279
12084 1444830284.688081 -0.049439 0.010986 0.280152
12085 1444830284.694651 -0.049439 0.010986 -0.071411
12086 1444830284.704070 -0.049439 0.010986 -0.686647
12087 1444830284.714351 -0.049439 0.010986 -1.301883
12088 1444830284.724491 -0.049439 0.010986 -1.917119
12089 1444830284.734706 -0.049439 0.010986 -2.532355
12090 1444830284.744872 -0.049439 0.010986 -3.0597
12091 1444830284.755010 -0.049439 0.010986 -3.587045
12092 1444830284.765075 -0.049439 0.010986 -4.026499
12093 1444830284.775123 0.038452 0.010986 -4.553844
12094 1444830284.787481 0.038452 0.010986 -5.174573
12095 1444830284.797355 -0.049439 0.010986 -5.614027
12096 1444830284.805883 0.038452 0.010986 -5.789809
12097 1444830284.817315 0.038452 0.010986 -6.229263
12098 1444830284.827485 0.038452 0.010986 -6.580827
12099 1444830284.837994 0.038452 0.010986 -6.93239
12100 1444830284.847727 0.038452 0.010986 -7.196062
12101 1444830284.857677 0.038452 0.098877 -7.459735
12102 1444830284.867527 0.038452 0.098877 -7.635517
12103 1444830284.877532 0.038452 0.010986 -7.899189
12104 1444830284.888071 0.038452 0.098877 -8.074971
12105 1444830284.898577 0.038452 0.098877 -8.250753
12106 1444830284.908568 0.038452 0.010986 -8.514425
12107 1444830284.918802 -0.049439 0.010986 -8.602316
12108 1444830284.928595 0.038452 0.010986 -8.778098
12109 1444830284.938593 0.038452 0.098877 -8.865988
12110 1444830284.948710 0.038452 0.098877 -9.04177
12111 1444830284.959032 0.038452 0.098877 -9.129661
12112 1444830284.968999 0.038452 0.098877 -9.305443
12113 1444830284.979182 0.038452 0.098877 -9.393333
12114 1444830284.989204 0.038452 0.098877 -9.481224
12115 1444830284.997226 0.038452 0.010986 -9.657006
12116 1444830285.009566 0.038452 0.010986 -9.744897
12117 1444830285.019622 0.038452 0.010986 -9.832788
12118 1444830285.029688 0.038452 0.098877 -9.920679
12119 1444830285.037704 0.038452 0.098877 -10.008569
12120 1444830285.047246 0.038452 0.010986 -10.09646
12121 1444830285.055780 0.038452 0.010986 -10.184351
12122 1444830285.070960 -0.049439 0.010986 -10.360133
12123 1444830285.072169 -0.049439 0.010986 -10.360133
12124 1444830285.087844 -0.049439 0.010986 -10.535914
12125 1444830285.097673 -0.049439 0.010986 -10.535914
12126 1444830285.107646 -0.049439 -0.076904 -10.623805
12127 1444830285.117395 -0.049439 -0.076904 -10.711696
12128 1444830285.127963 -0.049439 -0.076904 -10.711696
12129 1444830285.137945 -0.049439 -0.076904 -10.799587
12130 1444830285.147826 -0.049439 -0.076904 -10.799587
12131 1444830285.158036 -0.049439 0.010986 -10.887478
12132 1444830285.168016 -0.049439 -0.076904 -10.887478
12133 1444830285.178104 -0.049439 -0.076904 -10.887478
12134 1444830285.188424 -0.049439 -0.076904 -10.887478
12135 1444830285.198410 -0.049439 -0.076904 -10.975369
12136 1444830285.208906 -0.049439 -0.076904 -10.975369
12137 1444830285.218930 -0.049439 -0.076904 -10.975369
12138 1444830285.229080 -0.049439 -0.076904 -10.975369
12139 1444830285.239623 -0.049439 -0.076904 -10.975369
12140 1444830285.249177 -0.049439 -0.076904 -10.975369
12141 1444830285.259300 -0.049439 -0.076904 -10.975369
12142 1444830285.269441 -0.049439 -0.076904 -10.975369
12143 1444830285.279577 -0.049439 -0.076904 -10.975369
12144 1444830285.290476 -0.049439 0.010986 -10.975369
12145 1444830285.297050 -0.049439 -0.076904 -10.975369
12146 1444830285.307381 0.038452 0.010986 -10.975369
12147 1444830285.317405 -0.049439 0.010986 -10.887478
12148 1444830285.327682 0.038452 0.010986 -10.887478
12149 1444830285.342073 -0.049439 0.010986 -10.887478
12150 1444830285.352029 -0.049439 0.010986 -10.887478
12151 1444830285.362407 -0.049439 0.010986 -10.799587
12152 1444830285.372558 -0.049439 0.010986 -10.711696
12153 1444830285.382850 -0.049439 0.010986 -10.535914
12154 1444830285.392900 -0.049439 0.010986 -10.360133
12155 1444830285.402753 -0.049439 0.010986 -10.09646
12156 1444830285.412841 -0.049439 0.010986 -9.920679
12157 1444830285.422966 -0.049439 0.010986 -9.657006
12158 1444830285.428655 -0.049439 0.010986 -9.481224
12159 1444830285.438969 -0.049439 0.010986 -9.305443
12160 1444830285.448947 -0.049439 0.010986 -9.217552
12161 1444830285.459099 -0.049439 0.010986 -9.04177
12162 1444830285.469253 -0.049439 0.010986 -8.953879
12163 1444830285.479362 -0.049439 0.010986 -8.953879
12164 1444830285.489502 -0.049439 0.010986 -8.865988
12165 1444830285.499586 -0.049439 0.010986 -8.865988
12166 1444830285.509776 -0.049439 0.010986 -8.953879
12167 1444830285.520068 -0.049439 0.010986 -9.04177
12168 1444830285.529898 -0.049439 0.010986 -9.129661
12169 1444830285.540014 -0.049439 0.010986 -9.217552
12170 1444830285.550213 -0.049439 0.010986 -9.305443
12171 1444830285.560387 -0.049439 0.010986 -9.393333
12172 1444830285.570435 -0.049439 0.010986 -9.481224
12173 1444830285.580604 -0.049439 0.010986 -9.569115
12174 1444830285.592716 -0.049439 0.010986 -9.744897
12175 1444830285.600981 -0.049439 0.010986 -9.832788
12176 1444830285.612034 -0.049439 0.010986 -10.008569
12177 1444830285.622197 -0.049439 0.010986 -10.09646
12178 1444830285.632306 -0.049439 0.010986 -10.272242
12179 1444830285.642258 0.038452 0.010986 -10.360133
12180 1444830285.652256 0.038452 0.010986 -10.448024
12181 1444830285.662563 0.038452 0.010986 -10.535914
12182 1444830285.672519 0.038452 0.010986 -10.711696
12183 1444830285.682646 0.038452 0.010986 -10.799587
12184 1444830285.692677 0.038452 0.010986 -10.887478
12185 1444830285.702705 -0.049439 0.010986 -10.975369
12186 1444830285.712827 0.038452 0.010986 -10.975369
12187 1444830285.722996 0.038452 0.010986 -11.063259
12188 1444830285.733573 0.038452 0.010986 -11.063259
12189 1444830285.743169 0.038452 0.010986 -11.063259
12190 1444830285.753632 -0.049439 0.010986 -11.15115
12191 1444830285.763700 0.038452 0.010986 -11.15115
12192 1444830285.773987 0.038452 0.010986 -11.063259
12193 1444830285.783979 -0.049439 0.010986 -11.063259
12194 1444830285.793989 -0.049439 0.010986 -11.063259
12195 1444830285.804166 -0.049439 0.010986 -11.063259
12196 1444830285.814283 -0.049439 0.010986 -11.063259
12197 1444830285.824413 -0.049439 0.010986 -11.063259
12198 1444830285.834561 -0.049439 0.010986 -11.063259
12199 1444830285.844726 -0.049439 0.010986 -11.063259
12200 1444830285.854765 -0.049439 0.010986 -11.063259
12201 1444830285.864862 -0.049439 0.010986 -11.063259
12202 1444830285.874964 0.038452 0.010986 -11.063259
12203 1444830285.885100 0.038452 0.010986 -11.063259
12204 1444830285.892078 0.038452 0.010986 -11.063259
12205 1444830285.905399 0.038452 0.010986 -11.063259
12206 1444830285.915480 0.038452 0.010986 -10.975369
12207 1444830285.925609 0.038452 0.010986 -10.975369
12208 1444830285.935929 0.038452 0.010986 -10.975369
12209 1444830285.945957 0.038452 0.010986 -10.887478
12210 1444830285.956225 0.038452 0.010986 -10.887478
12211 1444830285.966251 0.038452 0.010986 -10.799587
12212 1444830285.972085 0.038452 0.010986 -10.799587
12213 1444830285.982326 -0.049439 0.010986 -10.711696
12214 1444830285.992451 0.038452 0.010986 -10.623805
12215 1444830286.002622 0.038452 0.010986 -10.623805
12216 1444830286.012679 0.038452 0.010986 -10.535914
12217 1444830286.022799 0.038452 0.010986 -10.535914
12218 1444830286.033054 0.038452 0.010986 -10.448024
12219 1444830286.043189 0.038452 0.098877 -10.360133
12220 1444830286.053395 0.038452 0.010986 -10.360133
12221 1444830286.063552 -0.049439 0.010986 -10.272242
12222 1444830286.073614 0.038452 0.098877 -10.184351
12223 1444830286.084067 0.038452 0.010986 -10.184351
12224 1444830286.095024 -0.049439 0.010986 -10.09646
12225 1444830286.104073 -0.049439 0.010986 -10.008569
12226 1444830286.114126 -0.049439 0.010986 -9.920679
12227 1444830286.124435 -0.049439 0.010986 -9.920679
12228 1444830286.135253 -0.049439 0.010986 -9.832788
12229 1444830286.145587 -0.049439 0.010986 -9.744897
12230 1444830286.155056 -0.049439 0.010986 -9.569115
12231 1444830286.164993 -0.049439 0.010986 -9.481224
12232 1444830286.175232 -0.049439 0.010986 -9.393333
12233 1444830286.185514 -0.049439 -0.076904 -9.305443
12234 1444830286.192184 -0.049439 0.010986 -9.305443
12235 1444830286.205336 -0.049439 0.010986 -9.217552
12236 1444830286.215458 -0.049439 0.010986 -9.129661
12237 1444830286.225529 -0.049439 0.010986 -9.129661
12238 1444830286.237386 -0.049439 0.010986 -9.217552
12239 1444830286.247323 -0.049439 0.010986 -9.217552
12240 1444830286.255903 -0.049439 0.010986 -9.217552
12241 1444830286.267061 -0.049439 0.010986 -9.217552
12242 1444830286.277061 -0.049439 0.010986 -9.305443
12243 1444830286.287577 -0.049439 0.010986 -9.305443
12244 1444830286.297466 -0.049439 0.010986 -9.393333
12245 1444830286.307554 -0.049439 -0.076904 -9.481224
12246 1444830286.317598 -0.049439 0.010986 -9.481224
12247 1444830286.327703 -0.049439 -0.076904 -9.569115
12248 1444830286.337918 -0.049439 0.010986 -9.657006
12249 1444830286.347421 -0.049439 0.010986 -9.744897
12250 1444830286.358736 -0.049439 -0.076904 -9.832788
12251 1444830286.368849 -0.049439 -0.076904 -9.920679
12252 1444830286.379623 -0.049439 0.010986 -10.008569
12253 1444830286.389879 -0.049439 0.010986 -10.008569
12254 1444830286.396709 -0.049439 0.010986 -10.09646
12255 1444830286.405154 -0.049439 0.010986 -10.184351
12256 1444830286.415251 -0.049439 0.010986 -10.272242
12257 1444830286.425391 -0.049439 0.010986 -10.272242
12258 1444830286.437244 -0.049439 -0.076904 -10.448024
12259 1444830286.447301 -0.049439 -0.076904 -10.448024
12260 1444830286.457497 -0.049439 -0.076904 -10.535914
12261 1444830286.467394 -0.049439 -0.076904 -10.535914
12262 1444830286.477289 -0.049439 -0.076904 -10.623805
12263 1444830286.488494 -0.049439 -0.076904 -10.623805
12264 1444830286.498273 -0.049439 -0.076904 -10.711696
12265 1444830286.508352 -0.049439 -0.076904 -10.711696
12266 1444830286.517875 -0.049439 -0.076904 -10.711696
12267 1444830286.528495 -0.049439 -0.076904 -10.711696
12268 1444830286.538628 -0.049439 -0.076904 -10.711696
12269 1444830286.548248 -0.049439 0.010986 -10.711696
12270 1444830286.558311 -0.049439 0.010986 -10.711696
12271 1444830286.568214 -0.049439 0.010986 -10.711696
12272 1444830286.578487 -0.049439 0.010986 -10.711696
12273 1444830286.588588 -0.049439 0.010986 -10.711696
12274 1444830286.598602 -0.049439 0.010986 -10.711696
12275 1444830286.608848 -0.049439 0.010986 -10.711696
12276 1444830286.618879 -0.049439 0.010986 -10.711696
12277 1444830286.629057 -0.049439 0.010986 -10.711696
12278 1444830286.638906 -0.049439 0.010986 -10.711696
12279 1444830286.647255 -0.049439 0.010986 -10.711696
12280 1444830286.659620 -0.049439 0.010986 -10.711696
12281 1444830286.669580 -0.049439 0.010986 -10.711696
12282 1444830286.679820 -0.049439 0.010986 -10.711696
12283 1444830286.687435 -0.049439 0.010986 -10.711696
12284 1444830286.697470 -0.049439 0.010986 -10.711696
12285 1444830286.707093 -0.049439 0.010986 -10.623805
12286 1444830286.720730 -0.049439 0.010986 -10.711696
12287 1444830286.732035 -0.049439 0.010986 -10.711696
12288 1444830286.737976 -0.049439 0.010986 -10.711696
12289 1444830286.747512 -0.049439 0.010986 -10.711696
12290 1444830286.757884 -0.049439 0.010986 -10.711696
12291 1444830286.768006 -0.049439 0.010986 -10.711696
12292 1444830286.777961 -0.049439 0.010986 -10.711696
12293 1444830286.788037 -0.049439 0.010986 -10.711696
12294 1444830286.798021 -0.049439 0.010986 -10.711696
12295 1444830286.808218 -0.049439 0.010986 -10.711696
12296 1444830286.818334 -0.049439 0.010986 -10.623805
12297 1444830286.828556 -0.049439 0.010986 -10.623805
12298 1444830286.838902 -0.049439 0.010986 -10.623805
12299 1444830286.848810 -0.049439 0.010986 -10.623805
12300 1444830286.859087 -0.049439 0.010986 -10.535914
12301 1444830286.869101 -0.049439 0.010986 -10.535914
12302 1444830286.879329 -0.049439 0.010986 -10.535914
12303 1444830286.889525 -0.049439 0.010986 -10.535914
12304 1444830286.899217 -0.049439 0.010986 -10.535914
12305 1444830286.909590 -0.049439 0.010986 -10.448024
12306 1444830286.919760 -0.049439 0.010986 -10.448024
12307 1444830286.930190 -0.049439 0.010986 -10.448024
12308 1444830286.938047 -0.049439 0.010986 -10.360133
12309 1444830286.950341 -0.049439 0.010986 -10.360133
12310 1444830286.960464 -0.049439 0.010986 -10.272242
12311 1444830286.970581 -0.049439 0.010986 -10.272242
12312 1444830286.980736 -0.049439 0.010986 -10.272242
12313 1444830286.988792 -0.049439 0.010986 -10.184351
12314 1444830286.997953 -0.049439 0.010986 -10.184351
12315 1444830287.007442 -0.049439 0.010986 -10.184351
12316 1444830287.017418 -0.049439 0.010986 -10.184351
12317 1444830287.032068 -0.049439 0.010986 -10.09646
12318 1444830287.042077 -0.049439 0.098877 -10.09646
12319 1444830287.052187 -0.049439 0.010986 -10.09646
12320 1444830287.062237 -0.049439 0.010986 -10.09646
12321 1444830287.072527 -0.049439 0.010986 -10.008569
12322 1444830287.082803 -0.049439 0.010986 -10.008569
12323 1444830287.092736 -0.049439 0.010986 -10.008569
12324 1444830287.102925 -0.049439 0.010986 -10.008569
12325 1444830287.112865 -0.049439 0.010986 -10.008569
12326 1444830287.123036 -0.049439 0.010986 -10.008569
12327 1444830287.133256 0.038452 0.010986 -10.008569
12328 1444830287.143578 -0.049439 0.010986 -10.008569
12329 1444830287.153916 -0.049439 0.010986 -10.008569
12330 1444830287.164426 -0.049439 0.010986 -10.008569
12331 1444830287.174827 -0.049439 0.010986 -10.09646
12332 1444830287.184912 -0.049439 0.010986 -10.09646
12333 1444830287.194989 -0.049439 0.010986 -10.09646
12334 1444830287.205034 -0.049439 0.010986 -10.09646
12335 1444830287.215107 -0.049439 0.010986 -10.09646
12336 1444830287.225215 -0.049439 0.098877 -10.09646
12337 1444830287.235454 -0.049439 0.010986 -10.09646
12338 1444830287.245431 -0.049439 0.010986 -10.09646
12339 1444830287.255567 -0.049439 0.010986 -10.09646
12340 1444830287.265640 -0.049439 0.010986 -10.09646
12341 1444830287.275853 -0.049439 0.010986 -10.09646
12342 1444830287.285926 -0.049439 0.010986 -10.09646
12343 1444830287.295954 0.038452 0.010986 -10.09646
12344 1444830287.306079 -0.049439 0.010986 -10.09646
12345 1444830287.316243 -0.049439 0.010986 -10.008569
12346 1444830287.322123 -0.049439 0.010986 -10.09646
12347 1444830287.332659 -0.049439 0.010986 -10.008569
12348 1444830287.342937 -0.049439 0.010986 -10.09646
12349 1444830287.352787 -0.049439 0.010986 -10.008569
12350 1444830287.362850 -0.049439 0.010986 -10.008569
12351 1444830287.373020 -0.049439 0.010986 -10.008569
12352 1444830287.384343 -0.049439 0.010986 -10.008569
12353 1444830287.394195 -0.049439 0.010986 -10.008569
12354 1444830287.404195 -0.049439 0.010986 -10.09646
12355 1444830287.413952 -0.049439 0.010986 -10.008569
12356 1444830287.424226 -0.049439 0.010986 -10.09646
12357 1444830287.434618 -0.049439 0.010986 -10.008569
12358 1444830287.442347 -0.049439 0.010986 -10.09646
12359 1444830287.454567 -0.049439 0.010986 -10.09646
12360 1444830287.464555 -0.049439 0.010986 -10.09646
12361 1444830287.474758 -0.049439 0.010986 -10.09646
12362 1444830287.484805 -0.049439 0.010986 -10.09646
12363 1444830287.492571 -0.049439 0.010986 -10.09646
12364 1444830287.502132 -0.049439 0.010986 -10.09646
12365 1444830287.515225 -0.049439 0.010986 -10.09646
12366 1444830287.525255 -0.049439 0.010986 -10.09646
12367 1444830287.532420 -0.049439 0.010986 -10.09646
12368 1444830287.543500 -0.049439 0.010986 -10.09646
12369 1444830287.552691 -0.049439 0.010986 -10.09646
12370 1444830287.562792 -0.049439 0.010986 -10.184351
12371 1444830287.572871 -0.049439 0.010986 -10.184351
12372 1444830287.583679 -0.049439 0.010986 -10.184351
12373 1444830287.593256 -0.049439 0.010986 -10.184351
12374 1444830287.603174 -0.049439 0.010986 -10.184351
12375 1444830287.613425 -0.049439 0.010986 -10.184351
12376 1444830287.623596 -0.049439 -0.076904 -10.272242
12377 1444830287.633713 -0.049439 -0.076904 -10.272242
12378 1444830287.643776 -0.049439 -0.076904 -10.272242
12379 1444830287.653870 -0.049439 -0.076904 -10.272242
12380 1444830287.663911 -0.049439 -0.076904 -10.360133
12381 1444830287.674012 -0.049439 -0.076904 -10.360133
12382 1444830287.684438 -0.049439 -0.076904 -10.360133
12383 1444830287.694595 -0.049439 -0.076904 -10.360133
12384 1444830287.704543 -0.049439 -0.076904 -10.360133
12385 1444830287.714655 -0.049439 -0.076904 -10.360133
12386 1444830287.725060 -0.049439 -0.076904 -10.360133
12387 1444830287.735368 -0.049439 -0.076904 -10.360133
12388 1444830287.745424 -0.049439 -0.076904 -10.360133
12389 1444830287.755498 -0.049439 -0.076904 -10.360133
12390 1444830287.765542 -0.049439 -0.076904 -10.360133
12391 1444830287.775636 -0.049439 -0.076904 -10.360133
12392 1444830287.787681 -0.049439 -0.076904 -10.360133
12393 1444830287.797511 -0.049439 -0.076904 -10.360133
12394 1444830287.807336 -0.049439 -0.076904 -10.360133
12395 1444830287.817508 -0.049439 0.010986 -10.360133
12396 1444830287.827588 -0.049439 0.010986 -10.360133
12397 1444830287.838018 -0.049439 0.010986 -10.448024
12398 1444830287.847506 -0.049439 0.010986 -10.448024
12399 1444830287.857598 -0.049439 0.010986 -10.360133
12400 1444830287.867598 -0.049439 -0.076904 -10.360133
12401 1444830287.877810 -0.049439 0.010986 -10.360133
12402 1444830287.888154 -0.049439 -0.076904 -10.448024
12403 1444830287.897949 -0.049439 -0.076904 -10.360133
12404 1444830287.908096 -0.049439 0.010986 -10.360133
12405 1444830287.918260 -0.049439 0.010986 -10.360133
12406 1444830287.928293 0.038452 0.010986 -10.448024
12407 1444830287.938406 -0.049439 -0.076904 -10.448024
12408 1444830287.948474 0.038452 -0.076904 -10.448024
12409 1444830287.959781 0.038452 -0.076904 -10.448024
12410 1444830287.969822 0.038452 -0.076904 -10.448024
12411 1444830287.980212 0.038452 -0.076904 -10.448024
12412 1444830287.990261 0.038452 -0.076904 -10.448024
12413 1444830288.000306 0.038452 -0.076904 -10.448024
12414 1444830288.010512 0.038452 0.010986 -10.360133
12415 1444830288.020540 0.038452 -0.076904 -10.360133
12416 1444830288.030706 0.038452 -0.076904 -10.448024
12417 1444830288.040836 0.038452 -0.076904 -10.448024
12418 1444830288.047080 0.038452 0.010986 -10.360133
12419 1444830288.061052 -0.049439 -0.076904 -10.448024
12420 1444830288.071187 0.038452 -0.076904 -10.448024
12421 1444830288.077061 0.038452 0.010986 -10.360133
12422 1444830288.088114 0.038452 0.010986 -10.448024
12423 1444830288.097584 0.038452 -0.076904 -10.448024
12424 1444830288.107622 0.038452 -0.076904 -10.448024
12425 1444830288.117541 0.038452 0.010986 -10.448024
12426 1444830288.127906 0.038452 0.010986 -10.448024
12427 1444830288.138617 0.038452 -0.076904 -10.448024
12428 1444830288.148418 0.038452 0.010986 -10.448024
12429 1444830288.158086 0.038452 -0.076904 -10.448024
12430 1444830288.168270 0.038452 -0.076904 -10.448024
12431 1444830288.178942 0.038452 0.010986 -10.448024
12432 1444830288.189149 0.038452 0.010986 -10.448024
12433 1444830288.199120 0.038452 0.010986 -10.448024
12434 1444830288.209239 0.038452 0.010986 -10.448024
12435 1444830288.219211 0.038452 -0.076904 -10.448024
12436 1444830288.229180 0.038452 0.010986 -10.360133
12437 1444830288.237277 0.038452 -0.076904 -10.448024
12438 1444830288.247355 0.038452 0.010986 -10.448024
12439 1444830288.259512 0.038452 0.010986 -10.448024
12440 1444830288.267348 0.038452 0.010986 -10.448024
12441 1444830288.279823 0.038452 0.010986 -10.448024
12442 1444830288.287191 0.038452 0.010986 -10.360133
12443 1444830288.297907 0.038452 0.010986 -10.360133
12444 1444830288.310007 0.038452 -0.076904 -10.448024
12445 1444830288.317514 0.038452 0.010986 -10.448024
12446 1444830288.327496 0.038452 0.010986 -10.448024
12447 1444830288.338018 0.038452 0.010986 -10.360133
12448 1444830288.352742 0.038452 0.010986 -10.360133
12449 1444830288.362932 0.038452 0.010986 -10.360133
12450 1444830288.373029 0.038452 0.010986 -10.448024
12451 1444830288.378239 0.038452 0.010986 -10.360133
12452 1444830288.388818 0.038452 -0.076904 -10.448024
12453 1444830288.398421 0.038452 0.010986 -10.448024
12454 1444830288.413502 0.038452 0.010986 -10.360133
12455 1444830288.418796 0.038452 0.010986 -10.360133
12456 1444830288.428773 0.038452 0.010986 -10.360133
12457 1444830288.438827 0.038452 0.010986 -10.360133
12458 1444830288.448937 0.038452 0.010986 -10.448024
12459 1444830288.459171 0.038452 0.010986 -10.360133
12460 1444830288.469203 0.038452 0.010986 -10.360133
12461 1444830288.479398 0.038452 0.010986 -10.360133
12462 1444830288.489496 0.038452 0.010986 -10.360133
12463 1444830288.499509 0.038452 0.010986 -10.360133
12464 1444830288.509720 0.038452 -0.076904 -10.448024
12465 1444830288.519832 0.038452 0.010986 -10.448024
12466 1444830288.530215 0.038452 0.010986 -10.360133
12467 1444830288.542049 0.038452 0.010986 -10.360133
12468 1444830288.550506 0.038452 0.010986 -10.448024
12469 1444830288.560841 0.038452 0.010986 -10.360133
12470 1444830288.570986 0.038452 0.010986 -10.360133
12471 1444830288.582117 0.038452 0.010986 -10.360133
12472 1444830288.588547 0.038452 0.010986 -10.360133
12473 1444830288.602280 0.038452 0.010986 -10.360133
12474 1444830288.612384 0.038452 0.010986 -10.360133
12475 1444830288.622509 0.038452 0.010986 -10.360133
12476 1444830288.632604 0.038452 0.010986 -10.448024
12477 1444830288.642778 0.038452 0.010986 -10.360133
12478 1444830288.652844 0.038452 0.010986 -10.360133
12479 1444830288.662974 0.038452 0.010986 -10.360133
12480 1444830288.673165 0.038452 0.010986 -10.360133
12481 1444830288.683402 0.038452 0.010986 -10.360133
12482 1444830288.693258 0.038452 0.010986 -10.360133
12483 1444830288.703188 0.038452 0.010986 -10.360133
12484 1444830288.713242 0.038452 0.010986 -10.360133
12485 1444830288.723433 0.038452 0.010986 -10.360133
12486 1444830288.733489 0.038452 0.010986 -10.360133
12487 1444830288.743359 0.038452 0.010986 -10.360133
12488 1444830288.754304 0.038452 0.010986 -10.360133
12489 1444830288.764372 0.038452 0.010986 -10.360133
12490 1444830288.774500 0.038452 0.010986 -10.360133
12491 1444830288.784547 0.038452 0.010986 -10.360133
12492 1444830288.792096 0.038452 0.010986 -10.360133
12493 1444830288.804839 0.038452 0.010986 -10.360133
12494 1444830288.815133 0.038452 0.010986 -10.360133
12495 1444830288.825259 0.038452 0.010986 -10.360133
12496 1444830288.835444 0.038452 0.010986 -10.360133
12497 1444830288.842052 0.038452 0.010986 -10.360133
12498 1444830288.855712 0.038452 0.010986 -10.360133
12499 1444830288.862086 0.038452 0.010986 -10.360133
12500 1444830288.872140 0.038452 0.010986 -10.360133
12501 1444830288.882249 0.038452 0.010986 -10.360133
12502 1444830288.893269 0.038452 0.010986 -10.360133
12503 1444830288.902319 0.038452 0.010986 -10.360133
12504 1444830288.912437 0.038452 0.010986 -10.360133
12505 1444830288.922778 0.038452 0.010986 -10.360133
12506 1444830288.933119 0.038452 0.010986 -10.360133
12507 1444830288.943030 0.038452 0.010986 -10.360133
12508 1444830288.952967 0.038452 0.010986 -10.360133
12509 1444830288.962864 0.038452 0.010986 -10.360133
12510 1444830288.972940 0.038452 0.010986 -10.360133
12511 1444830288.983924 0.038452 0.010986 -10.360133
12512 1444830288.993619 0.038452 0.010986 -10.360133
12513 1444830289.003327 0.038452 0.010986 -10.360133
12514 1444830289.013476 0.038452 0.010986 -10.360133
12515 1444830289.023550 0.038452 0.010986 -10.360133
12516 1444830289.034128 0.038452 0.010986 -10.360133
12517 1444830289.044370 0.038452 0.010986 -10.360133
12518 1444830289.054278 0.038452 0.010986 -10.360133
12519 1444830289.064069 0.038452 0.010986 -10.360133
12520 1444830289.074188 0.038452 0.010986 -10.360133
12521 1444830289.084587 0.038452 0.010986 -10.360133
12522 1444830289.094697 0.038452 0.010986 -10.272242
12523 1444830289.104577 0.038452 0.010986 -10.360133
12524 1444830289.114738 0.038452 0.010986 -10.272242
12525 1444830289.124947 0.038452 0.010986 -10.272242
12526 1444830289.135155 0.038452 0.010986 -10.360133
12527 1444830289.145212 0.038452 0.010986 -10.272242
12528 1444830289.155238 0.038452 0.010986 -10.272242
12529 1444830289.165327 0.038452 0.010986 -10.272242
12530 1444830289.175452 0.038452 0.010986 -10.272242
12531 1444830289.187581 0.038452 0.010986 -10.272242
12532 1444830289.197341 0.038452 0.010986 -10.272242
12533 1444830289.205824 0.038452 0.010986 -10.272242
12534 1444830289.215886 0.038452 0.010986 -10.272242
12535 1444830289.222195 0.038452 0.010986 -10.272242
12536 1444830289.232775 0.038452 0.010986 -10.272242
12537 1444830289.244531 0.038452 0.010986 -10.272242
12538 1444830289.257417 0.038452 0.098877 -10.272242
12539 1444830289.267327 0.038452 0.098877 -10.272242
12540 1444830289.277991 0.038452 0.098877 -10.184351
12541 1444830289.288211 0.038452 0.098877 -10.184351
12542 1444830289.298178 0.038452 0.098877 -10.184351
12543 1444830289.308319 0.126343 0.098877 -10.184351
12544 1444830289.318466 0.126343 0.098877 -10.184351
12545 1444830289.328462 0.126343 0.098877 -10.184351
12546 1444830289.338530 0.126343 0.098877 -10.184351
12547 1444830289.348484 0.126343 0.098877 -10.184351
12548 1444830289.358887 0.126343 0.098877 -10.184351
12549 1444830289.369064 0.126343 0.098877 -10.184351
12550 1444830289.379079 0.126343 0.098877 -10.184351
12551 1444830289.389078 0.126343 0.098877 -10.184351
12552 1444830289.397062 0.038452 0.098877 -10.184351
12553 1444830289.409828 0.126343 0.098877 -10.184351
12554 1444830289.419900 0.038452 0.098877 -10.184351
12555 1444830289.430077 0.126343 0.098877 -10.184351
12556 1444830289.437313 0.126343 0.098877 -10.184351
12557 1444830289.447357 0.126343 0.098877 -10.184351
12558 1444830289.460173 0.126343 0.098877 -10.184351
12559 1444830289.470296 0.126343 0.098877 -10.184351
12560 1444830289.480419 0.126343 0.098877 -10.184351
12561 1444830289.487850 0.126343 0.098877 -10.184351
12562 1444830289.497804 0.126343 0.098877 -10.184351
12563 1444830289.507389 0.038452 0.098877 -10.184351
12564 1444830289.517312 0.038452 0.098877 -10.184351
12565 1444830289.527848 0.038452 0.098877 -10.184351
12566 1444830289.538197 0.126343 0.098877 -10.184351
12567 1444830289.548223 0.126343 0.098877 -10.184351
12568 1444830289.558020 0.038452 0.098877 -10.184351
12569 1444830289.568221 0.126343 0.098877 -10.184351
12570 1444830289.578201 0.126343 0.098877 -10.184351
12571 1444830289.588964 0.038452 0.098877 -10.184351
12572 1444830289.598491 0.038452 0.098877 -10.184351
12573 1444830289.608995 0.126343 0.098877 -10.184351
12574 1444830289.618726 0.038452 0.098877 -10.184351
12575 1444830289.628778 0.038452 0.098877 -10.184351
12576 1444830289.639082 0.038452 0.098877 -10.184351
12577 1444830289.649233 0.038452 0.098877 -10.184351
12578 1444830289.659390 0.126343 0.098877 -10.184351
12579 1444830289.669374 0.038452 0.098877 -10.09646
12580 1444830289.679487 0.038452 0.098877 -10.184351
12581 1444830289.689320 0.038452 0.098877 -10.184351
12582 1444830289.699525 0.126343 0.098877 -10.184351
12583 1444830289.709787 0.038452 0.098877 -10.184351
12584 1444830289.719785 0.038452 0.098877 -10.184351
12585 1444830289.730855 0.038452 0.098877 -10.184351
12586 1444830289.737192 0.038452 0.098877 -10.184351
12587 1444830289.747763 0.126343 0.098877 -10.184351
12588 1444830289.757169 0.038452 0.098877 -10.184351
12589 1444830289.772049 0.038452 0.098877 -10.184351
