26383 1444993449.367648 0.038452 0.010986 -10.008569
26384 1444993449.377605 0.038452 0.010986 -10.008569
26385 1444993449.386396 0.038452 -0.076904 -9.920679
26386 1444993449.397734 -0.049439 0.010986 -10.008569
26387 1444993449.408017 -0.049439 0.010986 -10.008569
26388 1444993449.417998 0.038452 0.010986 -10.008569
26389 1444993449.425695 0.038452 0.010986 -10.008569
26390 1444993449.436948 0.038452 0.010986 -10.008569
26391 1444993449.445720 -0.049439 0.010986 -10.008569
26392 1444993449.458846 -0.049439 0.010986 -10.008569
26393 1444993449.469049 0.038452 0.010986 -10.008569
26394 1444993449.479122 0.038452 0.010986 -10.008569
26395 1444993449.486218 0.038452 0.010986 -10.008569
26396 1444993449.496123 -0.049439 0.010986 -10.008569
26397 1444993449.510754 -0.049439 0.010986 -10.008569
26398 1444993449.516385 -0.049439 0.010986 -10.008569
26399 1444993449.526118 -0.049439 0.010986 -10.008569
26400 1444993449.535912 -0.049439 0.010986 -10.008569
26401 1444993449.546018 0.038452 0.010986 -10.008569
26402 1444993449.556471 -0.049439 0.010986 -10.008569
26403 1444993449.566437 0.038452 0.010986 -10.008569
26404 1444993449.576361 0.038452 0.010986 -10.008569
26405 1444993449.587371 -0.049439 0.010986 -10.008569
26406 1444993449.598905 -0.049439 0.010986 -10.008569
26407 1444993449.605880 0.038452 0.010986 -10.008569
26408 1444993449.616011 0.038452 0.010986 -10.008569
26409 1444993449.625965 0.038452 0.010986 -10.008569
26410 1444993449.636543 0.038452 0.010986 -10.008569
26411 1444993449.646287 -0.049439 0.010986 -10.008569
26412 1444993449.656812 0.038452 0.010986 -10.008569
26413 1444993449.670985 0.038452 0.010986 -10.008569
26414 1444993449.681659 -0.049439 0.010986 -10.008569
26415 1444993449.691874 -0.049439 0.010986 -10.008569
26416 1444993449.702106 0.038452 0.010986 -9.920679
26417 1444993449.707567 -0.049439 0.010986 -10.008569
26418 1444993449.720748 -0.049439 0.010986 -10.008569
26419 1444993449.732159 -0.049439 0.010986 -10.008569
26420 1444993449.737971 -0.049439 0.010986 -10.008569
26421 1444993449.747859 -0.049439 0.010986 -10.008569
26422 1444993449.758063 0.038452 0.010986 -10.008569
26423 1444993449.768272 0.038452 -0.076904 -10.008569
26424 1444993449.778260 0.038452 0.010986 -10.008569
26425 1444993449.788407 -0.049439 0.010986 -10.008569
26426 1444993449.798714 0.038452 0.010986 -10.008569
26427 1444993449.808795 0.038452 0.010986 -10.008569
26428 1444993449.818859 0.038452 0.010986 -10.008569
26429 1444993449.830990 -0.049439 0.010986 -10.008569
26430 1444993449.839113 -0.049439 0.010986 -10.008569
26431 1444993449.849433 -0.049439 0.010986 -10.008569
26432 1444993449.859358 -0.049439 0.010986 -10.008569
26433 1444993449.869453 -0.049439 0.010986 -10.008569
26434 1444993449.881471 -0.049439 0.010986 -9.920679
26435 1444993449.891773 0.038452 0.010986 -10.008569
26436 1444993449.901171 0.038452 0.010986 -10.008569
26437 1444993449.911197 0.038452 0.010986 -10.008569
26438 1444993449.921119 -0.049439 0.010986 -10.008569
26439 1444993449.932030 -0.049439 0.010986 -10.008569
26440 1444993449.941672 -0.049439 0.010986 -10.008569
26441 1444993449.951543 0.038452 0.010986 -10.008569
26442 1444993449.962110 0.038452 0.010986 -10.008569
26443 1444993449.971882 -0.049439 0.010986 -10.008569
26444 1444993449.982135 0.038452 0.010986 -10.008569
26445 1444993449.991128 -0.049439 0.010986 -10.008569
26446 1444993450.001976 0.038452 0.010986 -10.008569
26447 1444993450.012418 -0.049439 0.010986 -9.920679
26448 1444993450.022509 0.038452 0.010986 -10.008569
26449 1444993450.032816 -0.049439 0.010986 -10.008569
26450 1444993450.043317 0.038452 -0.076904 -10.008569
26451 1444993450.053489 0.038452 0.010986 -10.008569
26452 1444993450.063643 -0.049439 0.010986 -10.008569
26453 1444993450.073826 0.038452 0.010986 -9.920679
26454 1444993450.084002 0.038452 -0.076904 -10.008569
26455 1444993450.091852 0.038452 -0.076904 -10.008569
26456 1444993450.104181 -0.049439 0.010986 -10.008569
26457 1444993450.114302 0.038452 0.010986 -10.008569
26458 1444993450.124471 -0.049439 -0.076904 -10.008569
26459 1444993450.132925 0.038452 0.010986 -10.008569
26460 1444993450.142525 0.038452 0.010986 -10.008569
26461 1444993450.151220 -0.049439 0.010986 -10.008569
26462 1444993450.161386 -0.049439 0.010986 -10.008569
26463 1444993450.171214 0.038452 0.010986 -10.008569
26464 1444993450.181714 0.038452 0.010986 -10.008569
26465 1444993450.191814 0.038452 0.010986 -10.008569
26466 1444993450.201623 -0.049439 0.010986 -10.008569
26467 1444993450.211858 0.038452 0.010986 -10.008569
26468 1444993450.221863 0.038452 0.010986 -10.008569
26469 1444993450.232774 0.038452 0.010986 -10.008569
26470 1444993450.242385 0.038452 0.010986 -10.008569
26471 1444993450.252320 0.038452 0.010986 -10.008569
26472 1444993450.262502 -0.049439 0.010986 -9.920679
26473 1444993450.272453 0.038452 0.010986 -10.008569
26474 1444993450.283242 0.038452 0.010986 -10.008569
26475 1444993450.292784 0.038452 0.010986 -10.008569
26476 1444993450.302797 -0.049439 0.010986 -10.008569
26477 1444993450.312779 -0.049439 0.010986 -10.008569
26478 1444993450.322997 0.038452 0.010986 -10.008569
26479 1444993450.331029 0.038452 0.010986 -10.008569
26480 1444993450.341522 -0.049439 -0.076904 -10.008569
26481 1444993450.353419 0.038452 0.010986 -10.008569
26482 1444993450.360898 -0.049439 0.010986 -10.008569
26483 1444993450.373564 0.038452 0.010986 -10.008569
26484 1444993450.381233 0.038452 0.010986 -10.008569
26485 1444993450.393910 0.038452 0.010986 -10.008569
26486 1444993450.401075 -0.049439 0.010986 -10.008569
26487 1444993450.411054 0.038452 0.010986 -10.008569
26488 1444993450.424172 -0.049439 0.010986 -10.008569
26489 1444993450.432781 -0.049439 0.010986 -10.008569
26490 1444993450.442218 0.038452 0.010986 -10.008569
26491 1444993450.451778 -0.049439 0.010986 -10.008569
26492 1444993450.461842 -0.049439 0.010986 -10.008569
26493 1444993450.471790 0.038452 0.010986 -10.008569
26494 1444993450.482567 -0.049439 0.010986 -10.008569
26495 1444993450.496998 -0.049439 0.010986 -9.920679
26496 1444993450.502210 -0.049439 0.010986 -10.008569
26497 1444993450.517297 0.038452 0.010986 -10.008569
26498 1444993450.522485 -0.049439 0.010986 -10.008569
26499 1444993450.532684 0.038452 0.010986 -10.008569
26500 1444993450.542529 0.038452 0.010986 -10.008569
26501 1444993450.557760 -0.049439 0.010986 -10.008569
26502 1444993450.567924 -0.049439 0.010986 -10.008569
26503 1444993450.574600 0.038452 0.010986 -10.008569
26504 1444993450.583184 0.038452 0.010986 -10.008569
26505 1444993450.593063 0.038452 0.010986 -10.008569
26506 1444993450.603386 -0.049439 0.010986 -10.008569
26507 1444993450.613493 0.038452 0.010986 -9.920679
26508 1444993450.623595 -0.049439 0.010986 -10.008569
26509 1444993450.636594 -0.049439 0.010986 -10.008569
26510 1444993450.644221 -0.049439 0.010986 -10.008569
26511 1444993450.654222 -0.049439 -0.076904 -10.008569
26512 1444993450.664390 0.038452 0.010986 -10.008569
26513 1444993450.674496 0.038452 0.010986 -10.008569
26514 1444993450.686363 -0.049439 0.010986 -10.008569
26515 1444993450.690980 0.038452 0.010986 -10.008569
26516 1444993450.705894 -0.049439 0.010986 -10.008569
26517 1444993450.715947 0.038452 0.010986 -10.008569
26518 1444993450.726085 -0.049439 0.010986 -10.008569
26519 1444993450.736155 0.038452 0.010986 -10.008569
26520 1444993450.746347 0.038452 0.010986 -10.008569
26521 1444993450.756412 0.038452 0.010986 -10.008569
26522 1444993450.767060 0.038452 0.010986 -10.008569
26523 1444993450.777164 0.038452 0.010986 -10.008569
26524 1444993450.786533 0.038452 -0.076904 -10.008569
26525 1444993450.796846 0.038452 -0.076904 -10.008569
26526 1444993450.807443 -0.049439 -0.076904 -10.008569
26527 1444993450.817142 0.038452 0.010986 -10.008569
26528 1444993450.827453 -0.049439 0.010986 -10.008569
26529 1444993450.837688 0.038452 0.010986 -10.008569
26530 1444993450.847510 0.038452 0.010986 -10.008569
26531 1444993450.857729 0.038452 0.010986 -10.008569
26532 1444993450.867863 0.038452 0.010986 -9.920679
26533 1444993450.878411 0.038452 0.010986 -10.008569
26534 1444993450.888810 0.038452 0.010986 -10.008569
26535 1444993450.899312 -0.049439 -0.076904 -10.008569
26536 1444993450.909396 -0.049439 0.010986 -10.008569
26537 1444993450.919516 -0.049439 0.010986 -9.920679
26538 1444993450.929653 0.038452 0.010986 -10.008569
26539 1444993450.935723 -0.049439 0.010986 -10.008569
26540 1444993450.945679 -0.049439 0.010986 -10.008569
26541 1444993450.955711 0.038452 0.010986 -10.008569
26542 1444993450.965942 -0.049439 0.010986 -10.008569
26543 1444993450.975977 0.038452 -0.076904 -10.008569
26544 1444993450.986299 -0.049439 0.010986 -10.008569
26545 1444993450.996133 0.038452 0.010986 -10.008569
26546 1444993451.006497 0.038452 0.010986 -10.008569
26547 1444993451.016718 0.038452 0.010986 -9.920679
26548 1444993451.027621 -0.049439 0.010986 -10.008569
26549 1444993451.037271 0.038452 0.010986 -10.008569
26550 1444993451.047249 0.038452 0.010986 -10.008569
26551 1444993451.057666 0.038452 0.010986 -10.008569
26552 1444993451.067403 -0.049439 0.010986 -10.008569
26553 1444993451.077436 0.038452 0.010986 -10.008569
26554 1444993451.088163 0.038452 0.010986 -10.008569
26555 1444993451.097697 0.038452 0.010986 -10.008569
26556 1444993451.108005 0.038452 -0.076904 -10.008569
26557 1444993451.117920 0.038452 0.010986 -10.008569
26558 1444993451.128764 0.038452 0.010986 -10.008569
26559 1444993451.138491 0.038452 -0.076904 -10.008569
26560 1444993451.148921 -0.049439 0.010986 -10.008569
26561 1444993451.158837 -0.049439 0.010986 -10.008569
26562 1444993451.168757 0.038452 0.010986 -9.920679
26563 1444993451.178625 -0.049439 0.010986 -10.008569
26564 1444993451.188970 -0.049439 0.010986 -10.008569
26565 1444993451.199207 0.038452 0.010986 -10.008569
26566 1444993451.209214 -0.049439 0.010986 -10.008569
26567 1444993451.219247 0.038452 0.010986 -10.008569
26568 1444993451.225709 0.038452 0.010986 -10.008569
26569 1444993451.236543 0.038452 0.010986 -9.920679
26570 1444993451.246028 0.038452 0.010986 -10.008569
26571 1444993451.256166 -0.049439 0.010986 -10.008569
26572 1444993451.266253 -0.049439 0.010986 -10.008569
26573 1444993451.277306 0.038452 0.010986 -10.008569
26574 1444993451.287954 -0.049439 0.010986 -10.008569
26575 1444993451.300767 -0.049439 0.010986 -10.008569
26576 1444993451.310706 0.038452 -0.076904 -10.008569
26577 1444993451.321067 0.038452 0.010986 -10.008569
26578 1444993451.331215 -0.049439 0.010986 -10.008569
26579 1444993451.341186 0.038452 0.010986 -10.008569
26580 1444993451.352355 0.038452 0.010986 -10.008569
26581 1444993451.362461 0.038452 0.010986 -10.008569
26582 1444993451.372569 0.038452 -0.076904 -10.008569
26583 1444993451.382702 0.038452 0.010986 -10.008569
26584 1444993451.392668 0.038452 0.010986 -10.008569
26585 1444993451.402781 0.038452 0.010986 -10.008569
26586 1444993451.412943 0.038452 0.010986 -9.920679
26587 1444993451.418592 -0.049439 0.010986 -10.008569
26588 1444993451.428670 0.038452 0.010986 -10.008569
26589 1444993451.438764 0.038452 0.010986 -9.920679
26590 1444993451.448853 0.038452 0.010986 -10.008569
26591 1444993451.458975 -0.049439 0.010986 -9.920679
26592 1444993451.469166 0.038452 -0.076904 -10.008569
26593 1444993451.479223 0.038452 0.010986 -10.008569
26594 1444993451.489263 0.038452 0.010986 -10.008569
26595 1444993451.499435 0.038452 0.010986 -10.008569
26596 1444993451.509526 0.038452 0.010986 -10.008569
26597 1444993451.519624 -0.049439 0.010986 -9.920679
26598 1444993451.532008 -0.049439 0.010986 -10.008569
26599 1444993451.541851 -0.049439 0.010986 -9.920679
26600 1444993451.551455 0.038452 0.010986 -10.008569
26601 1444993451.561600 -0.049439 0.010986 -9.920679
26602 1444993451.571707 -0.049439 0.010986 -10.008569
26603 1444993451.581990 0.038452 0.010986 -10.008569
26604 1444993451.591952 -0.049439 0.010986 -10.008569
26605 1444993451.601442 -0.049439 0.010986 -10.008569
26606 1444993451.612244 -0.049439 0.010986 -10.008569
26607 1444993451.621682 -0.049439 0.010986 -10.008569
26608 1444993451.632620 0.038452 0.010986 -10.008569
26609 1444993451.641992 0.038452 0.010986 -10.008569
26610 1444993451.652481 -0.049439 -0.076904 -10.008569
26611 1444993451.662238 -0.049439 0.010986 -10.008569
26612 1444993451.672289 0.038452 0.010986 -10.008569
26613 1444993451.682811 -0.049439 0.010986 -10.008569
26614 1444993451.692334 0.038452 0.010986 -9.920679
26615 1444993451.702860 -0.049439 -0.076904 -9.920679
26616 1444993451.712861 -0.049439 0.010986 -10.008569
26617 1444993451.722950 0.038452 -0.076904 -10.008569
26618 1444993451.731130 -0.049439 0.010986 -9.920679
26619 1444993451.741867 -0.049439 0.010986 -9.920679
26620 1444993451.753220 0.038452 0.010986 -9.920679
26621 1444993451.763371 -0.049439 0.010986 -9.920679
26622 1444993451.773451 0.038452 0.010986 -10.008569
26623 1444993451.781937 -0.049439 0.010986 -9.920679
26624 1444993451.792180 0.038452 -0.076904 -9.920679
26625 1444993451.801151 0.038452 0.010986 -9.920679
26626 1444993451.813948 -0.049439 0.010986 -9.920679
26627 1444993451.824346 -0.049439 0.010986 -9.920679
26628 1444993451.831317 0.038452 0.010986 -9.920679
26629 1444993451.845679 0.038452 -0.076904 -9.832788
26630 1444993451.851079 -0.049439 -0.076904 -9.832788
26631 1444993451.861203 -0.049439 -0.076904 -9.832788
26632 1444993451.871258 -0.049439 -0.076904 -9.744897
26633 1444993451.882127 -0.049439 -0.076904 -9.744897
26634 1444993451.892650 -0.049439 -0.076904 -9.657006
26635 1444993451.902179 -0.049439 -0.076904 -9.657006
26636 1444993451.912548 -0.049439 -0.076904 -9.569115
26637 1444993451.922757 -0.049439 -0.076904 -9.569115
26638 1444993451.932996 -0.049439 -0.076904 -9.393333
26639 1444993451.942708 -0.049439 -0.076904 -9.393333
26640 1444993451.952669 -0.049439 0.010986 -9.305443
26641 1444993451.962986 -0.049439 0.010986 -9.217552
26642 1444993451.973267 -0.049439 -0.076904 -9.129661
26643 1444993451.984164 -0.049439 0.010986 -9.129661
26644 1444993451.993535 -0.049439 0.010986 -9.04177
26645 1444993452.003593 -0.049439 0.010986 -8.953879
26646 1444993452.013548 0.038452 0.010986 -8.865988
26647 1444993452.023667 -0.049439 0.010986 -8.778098
26648 1444993452.031536 0.038452 0.010986 -8.690207
26649 1444993452.041440 0.038452 0.010986 -8.690207
26650 1444993452.053896 0.038452 0.010986 -8.602316
26651 1444993452.064010 0.038452 0.010986 -8.514425
26652 1444993452.074135 0.038452 0.010986 -8.514425
26653 1444993452.086253 0.038452 0.010986 -8.426534
26654 1444993452.090992 0.038452 0.010986 -8.426534
26655 1444993452.105652 0.038452 0.010986 -8.338643
26656 1444993452.115893 0.038452 0.010986 -8.250753
26657 1444993452.125950 0.038452 0.098877 -8.162862
26658 1444993452.135890 0.038452 0.098877 -8.162862
26659 1444993452.145871 0.038452 0.010986 -8.162862
26660 1444993452.156295 0.038452 0.010986 -8.074971
26661 1444993452.166152 0.038452 0.010986 -8.074971
26662 1444993452.176202 0.038452 0.010986 -7.98708
26663 1444993452.186336 0.038452 0.010986 -7.98708
26664 1444993452.196240 0.038452 0.010986 -7.98708
26665 1444993452.206553 0.038452 0.010986 -7.899189
26666 1444993452.216669 0.038452 0.010986 -7.899189
26667 1444993452.226901 0.038452 0.010986 -7.811298
26668 1444993452.236687 0.038452 0.010986 -7.811298
26669 1444993452.248211 0.038452 0.010986 -7.811298
26670 1444993452.258468 0.038452 0.010986 -7.723408
26671 1444993452.268302 -0.049439 0.010986 -7.723408
26672 1444993452.278452 0.038452 0.010986 -7.635517
26673 1444993452.288498 -0.049439 0.010986 -7.547626
26674 1444993452.298613 -0.049439 0.010986 -7.547626
26675 1444993452.308799 0.038452 0.010986 -7.459735
26676 1444993452.318883 0.038452 0.010986 -7.371844
26677 1444993452.329004 0.038452 0.010986 -7.371844
26678 1444993452.336270 0.038452 0.010986 -7.283953
26679 1444993452.344237 0.038452 0.010986 -7.196062
26680 1444993452.355664 -0.049439 0.010986 -7.196062
26681 1444993452.366116 0.038452 0.010986 -7.108172
26682 1444993452.376272 0.038452 0.010986 -7.020281
26683 1444993452.387038 0.038452 0.010986 -6.93239
26684 1444993452.396812 0.038452 0.010986 -6.844499
26685 1444993452.406857 0.038452 0.010986 -6.844499
26686 1444993452.416635 0.038452 0.010986 -6.756608
26687 1444993452.426675 -0.049439 0.010986 -6.756608
26688 1444993452.436203 0.038452 0.010986 -6.668717
26689 1444993452.446609 0.038452 0.010986 -6.580827
26690 1444993452.457289 0.038452 0.010986 -6.492936
26691 1444993452.466983 0.038452 0.010986 -6.405045
26692 1444993452.477197 0.038452 0.098877 -6.317154
26693 1444993452.486929 0.038452 0.010986 -6.229263
26694 1444993452.497044 0.038452 0.010986 -6.141372
26695 1444993452.507404 0.038452 0.010986 -6.053482
26696 1444993452.517638 0.038452 0.010986 -5.965591
26697 1444993452.527747 0.038452 0.010986 -5.965591
26698 1444993452.537442 0.038452 0.010986 -5.8777
26699 1444993452.547820 0.038452 0.010986 -5.789809
26700 1444993452.558203 0.038452 0.010986 -5.614027
26701 1444993452.568230 0.038452 0.010986 -5.614027
26702 1444993452.578419 0.038452 0.010986 -5.526137
26703 1444993452.588358 0.038452 0.010986 -5.438246
26704 1444993452.598443 0.038452 0.010986 -5.350355
26705 1444993452.608768 0.038452 0.010986 -5.174573
26706 1444993452.615590 0.038452 0.010986 -5.086682
26707 1444993452.628983 0.038452 0.010986 -5.086682
26708 1444993452.636598 0.038452 0.010986 -4.910901
26709 1444993452.645761 0.038452 0.010986 -4.82301
26710 1444993452.656562 0.038452 0.010986 -4.735119
26711 1444993452.666583 0.038452 0.010986 -4.641735
26712 1444993452.676367 0.038452 0.010986 -4.553844
26713 1444993452.690925 -0.049439 0.010986 -4.465953
26714 1444993452.701341 0.038452 0.010986 -4.290172
26715 1444993452.711458 -0.049439 0.010986 -4.290172
26716 1444993452.721516 -0.049439 -0.076904 -4.202281
26717 1444993452.726354 0.038452 0.010986 -4.11439
26718 1444993452.742007 -0.049439 0.010986 -3.938608
26719 1444993452.751926 -0.049439 -0.076904 -3.850717
26720 1444993452.761824 -0.049439 0.010986 -3.762827
26721 1444993452.771904 -0.049439 0.010986 -3.674936
26722 1444993452.782354 0.038452 0.010986 -3.499154
26723 1444993452.792306 -0.049439 0.010986 -3.411263
26724 1444993452.802353 0.038452 0.010986 -3.323372
26725 1444993452.812428 -0.049439 0.010986 -3.235482
26726 1444993452.822445 -0.049439 0.010986 -3.147591
26727 1444993452.832569 -0.049439 0.010986 -3.0597
26728 1444993452.842555 0.038452 0.010986 -2.883918
26729 1444993452.852710 0.038452 0.010986 -2.796027
26730 1444993452.862856 0.038452 0.010986 -2.708136
26731 1444993452.872993 0.038452 0.010986 -2.620246
26732 1444993452.883085 0.038452 0.010986 -2.532355
26733 1444993452.893226 0.038452 0.010986 -2.356573
26734 1444993452.898558 0.038452 0.010986 -2.356573
26735 1444993452.908600 0.038452 0.010986 -2.268682
26736 1444993452.918842 0.038452 0.010986 -2.180791
26737 1444993452.930729 0.038452 0.010986 -2.00501
26738 1444993452.939171 -0.049439 0.010986 -1.917119
26739 1444993452.949589 0.038452 0.010986 -1.829228
26740 1444993452.955706 0.038452 0.010986 -1.653446
26741 1444993452.965807 0.038452 0.010986 -1.565556
26742 1444993452.981089 -0.049439 0.010986 -1.389774
26743 1444993452.991220 0.038452 0.010986 -1.301883
26744 1444993453.000900 -0.049439 0.010986 -1.213992
26745 1444993453.011176 0.038452 0.010986 -1.038211
26746 1444993453.021376 -0.049439 0.010986 -0.95032
26747 1444993453.031769 0.038452 0.010986 -0.774538
26748 1444993453.041600 0.038452 0.010986 -0.686647
26749 1444993453.052317 -0.049439 0.010986 -0.598756
26750 1444993453.062098 0.038452 0.010986 -0.422975
26751 1444993453.072426 -0.049439 0.010986 -0.335084
26752 1444993453.082450 0.038452 0.010986 -0.247193
26753 1444993453.092342 -0.049439 0.010986 -0.071411
26754 1444993453.102175 0.038452 -0.076904 0.01648
26755 1444993453.112277 0.038452 0.010986 0.10437
26756 1444993453.122379 0.038452 0.010986 0.280152
26757 1444993453.132392 0.038452 0.010986 0.368043
26758 1444993453.141354 -0.049439 -0.076904 0.543825
26759 1444993453.153176 -0.049439 0.010986 0.631715
26760 1444993453.163316 0.038452 0.010986 0.807497
26761 1444993453.173604 -0.049439 0.010986 0.895388
26762 1444993453.183711 -0.049439 0.010986 1.07117
26763 1444993453.193838 0.038452 0.010986 1.246951
26764 1444993453.203961 0.038452 0.010986 1.334842
26765 1444993453.214113 -0.049439 0.010986 1.422733
26766 1444993453.224207 -0.049439 0.010986 1.598515
26767 1444993453.230704 0.038452 0.010986 1.774296
26768 1444993453.240989 -0.049439 0.010986 1.862187
26769 1444993453.250599 -0.049439 0.010986 2.037969
26770 1444993453.260802 0.038452 0.010986 2.12586
26771 1444993453.270875 0.038452 0.010986 2.213751
26772 1444993453.281771 -0.049439 0.010986 2.389532
26773 1444993453.291899 0.038452 -0.076904 2.477423
26774 1444993453.301220 0.038452 0.010986 2.653205
26775 1444993453.311241 0.038452 0.010986 2.828986
26776 1444993453.321359 -0.049439 -0.076904 3.004768
26777 1444993453.336069 0.038452 0.010986 3.18055
26778 1444993453.346050 -0.049439 -0.076904 3.268441
26779 1444993453.352031 -0.049439 0.010986 3.356331
26780 1444993453.361853 -0.049439 0.010986 3.532113
26781 1444993453.372689 -0.049439 0.010986 3.707895
26782 1444993453.383381 -0.049439 0.010986 3.795786
26783 1444993453.392963 -0.049439 0.010986 3.971567
26784 1444993453.402711 -0.049439 0.010986 4.147349
26785 1444993453.412575 -0.049439 0.010986 4.23524
26786 1444993453.422830 0.038452 0.010986 4.411022
26787 1444993453.433120 0.038452 0.010986 4.586803
26788 1444993453.443082 -0.049439 0.010986 4.762585
26789 1444993453.453119 0.038452 0.010986 4.938367
26790 1444993453.463172 -0.049439 -0.076904 5.026257
26791 1444993453.473303 0.038452 -0.076904 5.202039
26792 1444993453.483369 -0.049439 -0.076904 5.377821
26793 1444993453.493394 0.038452 0.010986 5.465712
26794 1444993453.503620 0.038452 0.010986 5.641493
26795 1444993453.513674 0.038452 0.010986 5.729384
26796 1444993453.520755 -0.049439 0.010986 5.905166
26797 1444993453.531295 0.038452 0.010986 6.080947
26798 1444993453.541573 -0.049439 -0.076904 6.256729
26799 1444993453.551173 -0.049439 0.010986 6.34462
26800 1444993453.561314 -0.049439 0.010986 6.520402
26801 1444993453.571120 -0.049439 0.010986 6.696183
26802 1444993453.582277 -0.049439 0.010986 6.871965
26803 1444993453.592273 -0.049439 -0.076904 6.959856
26804 1444993453.605573 -0.049439 0.010986 7.223528
26805 1444993453.615934 -0.049439 0.010986 7.39931
26806 1444993453.625938 -0.049439 0.010986 7.487201
26807 1444993453.635984 0.038452 0.010986 7.662983
26808 1444993453.646120 -0.049439 -0.076904 7.838764
26809 1444993453.656208 0.038452 0.010986 8.014546
26810 1444993453.666301 0.038452 0.010986 8.102437
26811 1444993453.676277 0.038452 0.010986 8.278218
26812 1444993453.687518 0.038452 -0.076904 8.454
26813 1444993453.697684 0.038452 0.010986 8.629782
26814 1444993453.707860 -0.049439 0.010986 8.717673
26815 1444993453.717914 -0.049439 0.010986 8.893454
26816 1444993453.728268 -0.049439 0.010986 9.069236
26817 1444993453.738182 0.038452 0.010986 9.245018
26818 1444993453.748333 -0.049439 0.010986 9.420799
26819 1444993453.758547 -0.049439 -0.076904 9.50869
26820 1444993453.768594 -0.049439 0.010986 9.684472
26821 1444993453.773922 -0.049439 0.010986 9.772363
26822 1444993453.788995 -0.049439 0.010986 10.036035
26823 1444993453.794049 -0.049439 -0.076904 10.123926
26824 1444993453.804168 -0.049439 -0.076904 10.211817
26825 1444993453.814292 0.038452 0.010986 10.387599
26826 1444993453.824545 0.038452 0.010986 10.56338
26827 1444993453.836039 0.038452 0.010986 10.739162
26828 1444993453.845647 -0.049439 0.010986 10.914944
26829 1444993453.856391 -0.049439 0.010986 11.090725
26830 1444993453.866326 -0.049439 0.010986 11.266507
26831 1444993453.876353 -0.049439 0.010986 11.442289
26832 1444993453.886835 -0.049439 0.010986 11.61807
26833 1444993453.896575 0.038452 0.010986 11.705961
26834 1444993453.906694 -0.049439 0.010986 11.881743
26835 1444993453.916650 0.038452 0.010986 12.057525
26836 1444993453.926702 0.038452 0.010986 12.233306
26837 1444993453.937045 -0.049439 -0.076904 12.409088
26838 1444993453.946935 -0.049439 -0.076904 12.58487
26839 1444993453.957023 -0.049439 0.010986 12.760651
26840 1444993453.967022 -0.049439 0.010986 12.848542
26841 1444993453.977288 -0.049439 0.010986 13.024324
26842 1444993453.987366 -0.049439 0.010986 13.200105
26843 1444993453.997445 0.038452 0.010986 13.375887
26844 1444993454.007702 -0.049439 -0.076904 13.551669
26845 1444993454.017872 -0.049439 -0.076904 13.727451
26846 1444993454.027909 -0.049439 -0.076904 13.815341
26847 1444993454.038013 -0.049439 0.010986 13.991123
26848 1444993454.048168 -0.049439 -0.076904 14.166905
26849 1444993454.058318 -0.049439 0.010986 14.342686
26850 1444993454.068346 -0.049439 0.010986 14.518468
26851 1444993454.078458 0.038452 -0.076904 14.69425
26852 1444993454.090649 -0.049439 0.010986 14.957922
26853 1444993454.099117 -0.049439 0.010986 15.045813
26854 1444993454.106065 0.038452 0.010986 15.133704
26855 1444993454.120559 -0.049439 0.010986 15.485267
26856 1444993454.131052 0.038452 0.010986 15.661049
26857 1444993454.140775 -0.049439 0.010986 15.74894
26858 1444993454.150885 0.038452 0.010986 15.924721
26859 1444993454.161161 -0.049439 0.010986 16.100503
26860 1444993454.171090 -0.049439 0.010986 16.276285
26861 1444993454.181438 -0.049439 0.010986 16.452067
26862 1444993454.191289 -0.049439 0.010986 16.627848
26863 1444993454.201338 0.038452 0.010986 16.80363
26864 1444993454.211552 0.038452 0.010986 16.979412
26865 1444993454.221501 -0.049439 0.010986 17.155193
26866 1444993454.231759 -0.049439 0.010986 17.330975
26867 1444993454.241821 -0.049439 0.010986 17.418866
26868 1444993454.251803 -0.049439 0.010986 17.594647
26869 1444993454.262040 0.038452 -0.076904 17.770429
26870 1444993454.272159 -0.049439 -0.076904 17.951704
26871 1444993454.282373 -0.049439 0.010986 18.127486
26872 1444993454.287830 -0.049439 0.010986 18.215377
26873 1444993454.297830 -0.049439 0.010986 18.391158
26874 1444993454.307958 -0.049439 0.010986 18.56694
26875 1444993454.318172 -0.049439 0.010986 18.742722
26876 1444993454.328351 -0.049439 0.010986 18.918503
26877 1444993454.340628 -0.049439 -0.076904 19.182176
26878 1444993454.348806 -0.049439 0.010986 19.270067
26879 1444993454.358839 0.038452 0.010986 19.357957
26880 1444993454.368848 -0.049439 0.010986 19.533739
26881 1444993454.381556 -0.049439 0.010986 19.797412
26882 1444993454.391982 -0.049439 -0.076904 19.973193
26883 1444993454.400790 -0.049439 0.010986 20.148975
26884 1444993454.409307 -0.049439 -0.076904 20.236866
26885 1444993454.420671 0.038452 0.010986 20.412647
26886 1444993454.431183 0.038452 0.010986 20.588429
26887 1444993454.441128 -0.049439 -0.076904 20.764211
26888 1444993454.450927 -0.049439 0.010986 20.939993
26889 1444993454.460767 -0.049439 0.010986 21.115774
26890 1444993454.471090 -0.049439 0.010986 21.203665
26891 1444993454.481522 -0.049439 -0.076904 21.379447
26892 1444993454.490915 -0.049439 0.010986 21.555228
26893 1444993454.501174 0.038452 -0.076904 21.73101
26894 1444993454.511284 -0.049439 0.010986 21.906792
26895 1444993454.521440 0.038452 0.010986 21.994683
26896 1444993454.531681 0.038452 0.010986 22.258355
26897 1444993454.541942 0.038452 0.010986 22.434137
26898 1444993454.551737 0.038452 0.010986 22.522028
26899 1444993454.561871 0.038452 0.010986 22.697809
26900 1444993454.572048 -0.049439 0.010986 22.873591
26901 1444993454.582293 0.038452 0.010986 23.049373
26902 1444993454.592196 0.038452 0.010986 23.137264
26903 1444993454.603252 0.038452 0.010986 23.313045
26904 1444993454.613232 0.038452 0.010986 23.488827
26905 1444993454.623492 0.038452 0.010986 23.664609
26906 1444993454.633606 0.038452 0.010986 23.752499
26907 1444993454.643599 0.038452 0.010986 23.928281
26908 1444993454.653690 0.038452 0.010986 24.104063
26909 1444993454.663892 -0.049439 0.010986 24.279844
26910 1444993454.673986 0.038452 0.010986 24.455626
26911 1444993454.684026 -0.049439 0.010986 24.543517
26912 1444993454.690530 -0.049439 0.010986 24.719299
26913 1444993454.704294 -0.049439 -0.076904 24.89508
26914 1444993454.714427 -0.049439 0.010986 25.070862
26915 1444993454.720647 -0.049439 0.010986 25.246644
26916 1444993454.731120 0.038452 0.010986 25.334535
26917 1444993454.741310 0.038452 0.010986 25.510316
26918 1444993454.751160 0.038452 0.010986 25.598207
26919 1444993454.761174 0.038452 0.010986 25.773989
26920 1444993454.771031 0.038452 0.010986 26.037661
26921 1444993454.784267 0.038452 0.010986 26.213443
26922 1444993454.795587 0.038452 0.010986 26.389225
26923 1444993454.801610 0.038452 0.010986 26.389225
26924 1444993454.811378 0.038452 0.010986 26.565006
26925 1444993454.821355 0.038452 0.010986 26.740788
26926 1444993454.831666 0.038452 0.010986 26.91657
26927 1444993454.841839 0.038452 0.010986 27.092351
26928 1444993454.852027 0.038452 0.010986 27.180242
26929 1444993454.862793 0.038452 0.010986 27.356024
26930 1444993454.872638 0.038452 0.010986 27.531805
26931 1444993454.885525 0.038452 0.010986 27.707587
26932 1444993454.893182 0.038452 -0.076904 27.795478
26933 1444993454.903109 0.038452 0.010986 27.97126
26934 1444993454.912929 0.038452 0.010986 28.147041
26935 1444993454.923042 0.038452 0.010986 28.234932
26936 1444993454.933387 0.038452 0.010986 28.410714
26937 1444993454.943248 0.038452 0.010986 28.586496
26938 1444993454.953573 0.038452 0.010986 28.674386
26939 1444993454.963476 0.038452 -0.076904 28.850168
26940 1444993454.973669 0.038452 -0.076904 28.938059
26941 1444993454.980874 0.038452 0.010986 29.113841
26942 1444993454.991156 0.038452 0.010986 29.289622
26943 1444993455.000646 -0.049439 0.010986 29.377513
26944 1444993455.011126 0.038452 0.010986 29.553295
26945 1444993455.021107 0.038452 0.010986 29.641186
26946 1444993455.036195 -0.049439 0.010986 29.904858
26947 1444993455.041371 0.038452 0.010986 29.904858
26948 1444993455.055572 0.038452 0.010986 30.168531
26949 1444993455.066685 0.038452 0.010986 30.344312
26950 1444993455.076675 0.038452 0.010986 30.432203
26951 1444993455.086932 -0.049439 0.010986 30.607985
26952 1444993455.096924 0.038452 0.010986 30.695876
26953 1444993455.107161 0.038452 0.010986 30.871657
26954 1444993455.117305 0.038452 0.010986 30.959548
26955 1444993455.127826 0.038452 0.010986 31.13533
26956 1444993455.137577 0.038452 0.010986 31.223221
26957 1444993455.147521 0.038452 0.010986 31.399002
26958 1444993455.157769 0.038452 0.010986 31.574784
26959 1444993455.167802 0.038452 0.010986 31.662675
26960 1444993455.177930 0.038452 0.010986 31.750566
26961 1444993455.187926 0.038452 -0.076904 31.926347
26962 1444993455.198040 0.038452 -0.076904 32.014238
26963 1444993455.208218 -0.049439 0.010986 32.19002
26964 1444993455.218631 -0.049439 -0.076904 32.277911
26965 1444993455.223719 -0.049439 0.010986 32.365802
26966 1444993455.235962 -0.049439 0.010986 32.541583
26967 1444993455.245527 -0.049439 0.010986 32.629474
26968 1444993455.255607 -0.049439 0.010986 32.805256
26969 1444993455.265629 0.038452 0.010986 32.893147
26970 1444993455.275698 0.038452 0.010986 33.068928
26971 1444993455.285960 -0.049439 0.010986 33.156819
26972 1444993455.296028 0.038452 0.010986 33.24471
26973 1444993455.305868 0.038452 0.010986 33.420492
26974 1444993455.316252 -0.049439 0.010986 33.508383
26975 1444993455.326448 0.038452 0.010986 33.684164
26976 1444993455.336449 -0.049439 -0.076904 33.772055
26977 1444993455.346075 -0.049439 0.010986 33.947837
26978 1444993455.356365 -0.049439 0.010986 34.035728
26979 1444993455.366665 0.038452 0.010986 34.211509
26980 1444993455.376673 0.038452 0.010986 34.2994
26981 1444993455.387072 0.038452 -0.076904 34.387291
26982 1444993455.397316 0.038452 0.010986 34.475182
26983 1444993455.407366 0.038452 0.010986 34.650964
26984 1444993455.417467 -0.049439 0.010986 34.738854
26985 1444993455.427552 0.038452 0.010986 34.826745
26986 1444993455.437521 0.038452 0.010986 35.002527
26987 1444993455.447569 -0.049439 0.010986 35.090418
26988 1444993455.457968 -0.049439 -0.076904 35.178309
26989 1444993455.468900 -0.049439 -0.076904 35.35409
26990 1444993455.478952 0.038452 0.010986 35.441981
26991 1444993455.489095 -0.049439 -0.076904 35.529872
26992 1444993455.499204 0.038452 -0.076904 35.617763
26993 1444993455.509311 -0.049439 0.010986 35.705654
26994 1444993455.515768 -0.049439 0.010986 35.881435
26995 1444993455.530551 0.038452 0.010986 35.969326
26996 1444993455.536346 0.038452 0.010986 36.057217
26997 1444993455.550638 0.038452 0.010986 36.145108
26998 1444993455.560602 0.038452 0.010986 36.320889
26999 1444993455.570848 0.038452 0.010986 36.40878
27000 1444993455.580861 -0.049439 0.010986 36.496671
27001 1444993455.590725 0.038452 0.010986 36.584562
27002 1444993455.600951 0.038452 0.010986 36.672453
27003 1444993455.611095 0.038452 0.010986 36.848234
27004 1444993455.621244 0.038452 -0.076904 36.936125
27005 1444993455.626997 -0.049439 0.010986 36.936125
27006 1444993455.641150 -0.049439 0.010986 37.111907
27007 1444993455.651377 -0.049439 -0.076904 37.199798
27008 1444993455.661587 -0.049439 0.010986 37.287689
27009 1444993455.666911 0.038452 0.010986 37.287689
27010 1444993455.676942 0.038452 0.010986 37.46347
27011 1444993455.687575 0.038452 0.010986 37.551361
27012 1444993455.697357 0.038452 0.010986 37.639252
27013 1444993455.707654 0.038452 0.010986 37.727143
27014 1444993455.717736 0.038452 0.010986 37.815034
27015 1444993455.731411 0.038452 0.010986 37.902925
27016 1444993455.738316 -0.049439 0.010986 37.990815
27017 1444993455.748183 -0.049439 0.010986 38.078706
27018 1444993455.758672 -0.049439 0.010986 38.166597
27019 1444993455.768476 -0.049439 0.010986 38.254488
27020 1444993455.780986 0.038452 0.010986 38.43027
27021 1444993455.791311 0.038452 0.010986 38.51816
27022 1444993455.798993 -0.049439 0.010986 38.51816
27023 1444993455.808989 -0.049439 0.010986 38.606051
27024 1444993455.820556 0.038452 0.010986 38.693942
27025 1444993455.831642 -0.049439 0.010986 38.869724
27026 1444993455.841544 -0.049439 -0.076904 38.869724
27027 1444993455.850838 -0.049439 0.010986 38.957615
27028 1444993455.860938 -0.049439 0.010986 39.045505
27029 1444993455.871481 0.038452 0.010986 39.133396
27030 1444993455.881956 0.038452 0.010986 39.221287
27031 1444993455.892193 0.038452 0.010986 39.221287
27032 1444993455.901427 -0.049439 0.010986 39.309178
27033 1444993455.911472 -0.049439 0.010986 39.397069
27034 1444993455.921448 0.038452 0.010986 39.48496
27035 1444993455.932580 0.038452 0.010986 39.572851
27036 1444993455.942828 0.038452 0.010986 39.572851
27037 1444993455.952882 0.038452 -0.076904 39.660741
27038 1444993455.962776 -0.049439 0.010986 39.748632
27039 1444993455.972794 0.038452 0.010986 39.836523
27040 1444993455.982896 0.038452 0.010986 39.836523
27041 1444993455.992982 0.038452 0.010986 39.924414
27042 1444993456.002941 0.038452 0.010986 40.012305
27043 1444993456.013131 0.038452 0.010986 40.100196
27044 1444993456.023204 -0.049439 0.010986 40.188086
27045 1444993456.033455 0.038452 0.010986 40.275977
27046 1444993456.043341 -0.049439 0.010986 40.275977
27047 1444993456.053568 -0.049439 0.010986 40.369361
27048 1444993456.063565 0.038452 0.010986 40.457252
27049 1444993456.073809 -0.049439 0.010986 40.457252
27050 1444993456.083835 -0.049439 0.010986 40.545143
27051 1444993456.090776 0.038452 0.010986 40.633034
27052 1444993456.104115 0.038452 0.010986 40.633034
27053 1444993456.114254 -0.049439 0.010986 40.720925
27054 1444993456.124299 0.038452 0.010986 40.808815
27055 1444993456.130917 -0.049439 0.010986 40.808815
27056 1444993456.141291 0.038452 0.010986 40.896706
27057 1444993456.154719 0.038452 0.010986 40.984597
27058 1444993456.160613 0.038452 0.010986 40.984597
27059 1444993456.171128 -0.049439 0.010986 41.072488
27060 1444993456.181388 0.038452 0.010986 41.072488
27061 1444993456.193160 0.038452 0.010986 41.160379
27062 1444993456.202138 0.038452 0.010986 41.160379
27063 1444993456.211970 0.038452 0.010986 41.160379
27064 1444993456.221970 0.038452 0.010986 41.24827
27065 1444993456.233206 -0.049439 0.010986 41.33616
27066 1444993456.243325 0.038452 0.010986 41.33616
27067 1444993456.253028 -0.049439 0.010986 41.424051
27068 1444993456.262215 0.038452 0.010986 41.424051
27069 1444993456.272164 0.038452 0.010986 41.511942
27070 1444993456.283415 -0.049439 0.010986 41.599833
27071 1444993456.293869 0.038452 0.010986 41.599833
27072 1444993456.302906 0.038452 0.010986 41.687724
27073 1444993456.313267 0.038452 0.010986 41.687724
27074 1444993456.323379 0.038452 -0.076904 41.687724
27075 1444993456.335686 0.038452 0.010986 41.775615
27076 1444993456.340725 0.038452 0.010986 41.775615
27077 1444993456.355696 -0.049439 -0.076904 41.863506
27078 1444993456.365911 0.038452 0.010986 41.863506
27079 1444993456.376058 0.038452 0.010986 41.951396
27080 1444993456.386280 0.038452 0.010986 41.951396
27081 1444993456.396158 0.038452 -0.076904 42.039287
27082 1444993456.406314 0.038452 0.010986 42.039287
27083 1444993456.416426 0.038452 0.010986 42.127178
27084 1444993456.426493 0.038452 0.010986 42.127178
27085 1444993456.436718 0.038452 -0.076904 42.215069
27086 1444993456.446701 -0.049439 0.010986 42.215069
27087 1444993456.456891 0.038452 0.010986 42.30296
27088 1444993456.466955 0.038452 0.010986 42.30296
27089 1444993456.471873 -0.049439 -0.076904 42.30296
27090 1444993456.482230 0.038452 0.010986 42.390851
27091 1444993456.492186 -0.049439 -0.076904 42.390851
27092 1444993456.502373 0.038452 0.010986 42.390851
27093 1444993456.512431 0.038452 -0.076904 42.478741
27094 1444993456.522513 0.038452 -0.076904 42.478741
27095 1444993456.531205 -0.049439 -0.076904 42.566632
27096 1444993456.542953 0.038452 0.010986 42.566632
27097 1444993456.553463 0.038452 0.010986 42.566632
27098 1444993456.563548 0.038452 0.010986 42.654523
27099 1444993456.573595 -0.049439 0.010986 42.654523
27100 1444993456.586095 0.038452 -0.076904 42.742414
27101 1444993456.595564 0.038452 -0.076904 42.742414
27102 1444993456.603910 0.038452 0.010986 42.742414
27103 1444993456.614004 0.038452 0.010986 42.742414
27104 1444993456.624125 0.038452 0.010986 42.742414
27105 1444993456.631603 0.038452 0.010986 42.830305
27106 1444993456.641427 0.038452 0.010986 42.830305
27107 1444993456.655664 0.038452 -0.076904 42.830305
27108 1444993456.666167 -0.049439 0.010986 42.918196
27109 1444993456.676054 0.038452 0.010986 42.918196
27110 1444993456.686195 0.038452 0.010986 42.918196
27111 1444993456.695655 0.038452 0.010986 42.918196
27112 1444993456.706195 0.038452 0.010986 42.918196
27113 1444993456.716285 0.038452 0.010986 42.918196
27114 1444993456.726399 0.038452 0.010986 43.006086
27115 1444993456.736484 0.038452 0.010986 43.006086
27116 1444993456.747084 0.038452 0.010986 43.006086
27117 1444993456.757260 0.038452 0.010986 43.006086
27118 1444993456.767868 0.038452 0.010986 43.093977
27119 1444993456.777516 0.038452 0.010986 43.093977
27120 1444993456.787927 0.038452 0.010986 43.093977
27121 1444993456.798128 0.038452 0.010986 43.093977
27122 1444993456.808367 -0.049439 0.010986 43.093977
27123 1444993456.818310 0.038452 0.010986 43.093977
27124 1444993456.828439 0.038452 0.010986 43.181868
27125 1444993456.838621 0.038452 0.010986 43.181868
27126 1444993456.848549 0.038452 0.010986 43.181868
27127 1444993456.858674 0.038452 0.010986 43.181868
27128 1444993456.868817 0.038452 0.010986 43.181868
27129 1444993456.879074 0.038452 0.010986 43.269759
27130 1444993456.889088 0.038452 0.010986 43.269759
27131 1444993456.899152 0.038452 0.010986 43.269759
27132 1444993456.909276 0.038452 0.010986 43.269759
27133 1444993456.919381 0.038452 0.010986 43.269759
27134 1444993456.929544 0.038452 0.010986 43.269759
27135 1444993456.939603 0.038452 0.010986 43.269759
27136 1444993456.949708 0.038452 0.010986 43.269759
27137 1444993456.959827 0.038452 0.010986 43.35765
27138 1444993456.969897 0.038452 0.010986 43.269759
27139 1444993456.975643 0.038452 0.010986 43.35765
27140 1444993456.985638 0.038452 0.010986 43.269759
27141 1444993456.995716 0.038452 0.010986 43.35765
27142 1444993457.005847 0.038452 0.010986 43.35765
27143 1444993457.015946 0.038452 0.010986 43.35765
27144 1444993457.025959 0.038452 0.010986 43.35765
27145 1444993457.036957 0.038452 0.010986 43.35765
27146 1444993457.046632 -0.049439 0.010986 43.35765
27147 1444993457.057122 0.038452 0.010986 43.35765
27148 1444993457.067145 0.038452 0.010986 43.35765
27149 1444993457.077256 0.038452 0.010986 43.35765
27150 1444993457.087949 0.038452 -0.076904 43.35765
27151 1444993457.097580 0.038452 0.010986 43.35765
27152 1444993457.107629 0.038452 0.010986 43.35765
27153 1444993457.117675 -0.049439 -0.076904 43.35765
27154 1444993457.130708 0.038452 -0.076904 43.35765
27155 1444993457.138242 -0.049439 -0.076904 43.445541
27156 1444993457.148133 -0.049439 -0.076904 43.445541
27157 1444993457.158193 0.038452 -0.076904 43.35765
27158 1444993457.168485 -0.049439 0.010986 43.35765
27159 1444993457.178577 -0.049439 -0.076904 43.445541
27160 1444993457.188703 -0.049439 0.010986 43.445541
27161 1444993457.201095 0.038452 0.010986 43.445541
27162 1444993457.209829 0.038452 0.010986 43.445541
27163 1444993457.221559 -0.049439 0.010986 43.445541
27164 1444993457.226010 0.038452 0.010986 43.445541
27165 1444993457.241832 0.038452 0.010986 43.445541
27166 1444993457.246177 -0.049439 0.010986 43.445541
27167 1444993457.261945 0.038452 0.010986 43.445541
27168 1444993457.266684 0.038452 0.010986 43.445541
27169 1444993457.276929 -0.049439 0.010986 43.445541
27170 1444993457.287421 0.038452 0.010986 43.445541
27171 1444993457.297421 0.038452 0.010986 43.445541
27172 1444993457.307567 -0.049439 0.010986 43.445541
27173 1444993457.317612 -0.049439 0.010986 43.445541
27174 1444993457.327700 0.038452 0.010986 43.445541
27175 1444993457.337748 0.038452 0.010986 43.445541
27176 1444993457.347915 0.038452 0.010986 43.445541
27177 1444993457.358116 0.038452 0.010986 43.445541
27178 1444993457.368246 0.038452 0.010986 43.445541
27179 1444993457.378345 0.038452 0.010986 43.35765
27180 1444993457.388533 0.038452 0.010986 43.35765
27181 1444993457.399123 0.038452 0.010986 43.269759
27182 1444993457.408878 0.038452 0.010986 43.269759
27183 1444993457.419205 0.038452 0.010986 43.093977
27184 1444993457.430665 0.038452 0.010986 42.918196
27185 1444993457.440831 0.038452 0.010986 42.830305
27186 1444993457.449466 -0.049439 0.010986 42.742414
27187 1444993457.459510 -0.049439 0.010986 42.478741
27188 1444993457.469509 -0.049439 0.010986 42.30296
27189 1444993457.480580 -0.049439 0.010986 41.863506
27190 1444993457.486407 -0.049439 0.010986 41.775615
27191 1444993457.500556 0.038452 0.010986 41.24827
27192 1444993457.506359 0.038452 0.010986 41.072488
27193 1444993457.520658 0.038452 0.010986 40.545143
27194 1444993457.530894 -0.049439 0.010986 40.100196
27195 1444993457.540628 0.038452 0.010986 39.660741
27196 1444993457.551026 -0.049439 0.010986 39.133396
27197 1444993457.560998 -0.049439 0.010986 38.606051
27198 1444993457.571072 0.038452 0.010986 38.078706
27199 1444993457.581427 0.038452 0.010986 37.551361
27200 1444993457.591453 -0.049439 0.010986 36.936125
27201 1444993457.602733 -0.049439 0.010986 36.320889
27202 1444993457.612921 0.038452 0.010986 35.705654
27203 1444993457.623084 -0.049439 0.010986 35.002527
27204 1444993457.633256 0.038452 0.010986 34.2994
27205 1444993457.643398 0.038452 0.010986 33.596273
27206 1444993457.653443 0.038452 0.010986 32.893147
27207 1444993457.663568 0.038452 0.010986 32.014238
27208 1444993457.673754 -0.049439 0.010986 31.311112
27209 1444993457.683975 0.038452 0.010986 30.520094
27210 1444993457.694590 0.038452 0.010986 29.641186
27211 1444993457.704288 -0.049439 0.010986 28.762277
27212 1444993457.714617 -0.049439 0.010986 27.883369
27213 1444993457.724678 -0.049439 0.010986 27.00446
27214 1444993457.734990 -0.049439 0.010986 26.125552
27215 1444993457.744931 -0.049439 -0.076904 25.246644
27216 1444993457.750648 -0.049439 0.010986 24.367735
27217 1444993457.760810 -0.049439 0.010986 23.400936
27218 1444993457.770839 -0.049439 0.010986 22.522028
27219 1444993457.781179 -0.049439 -0.076904 21.643119
27220 1444993457.790918 -0.049439 -0.076904 20.67632
27221 1444993457.801199 -0.049439 0.010986 19.797412
27222 1444993457.811370 -0.049439 -0.076904 18.918503
27223 1444993457.821676 -0.049439 -0.076904 17.951704
27224 1444993457.832081 -0.049439 0.010986 16.979412
27225 1444993457.842090 -0.049439 0.010986 16.100503
27226 1444993457.852179 0.038452 -0.076904 15.133704
27227 1444993457.862306 -0.049439 -0.076904 14.254796
27228 1444993457.872842 -0.049439 -0.076904 13.287996
27229 1444993457.882844 0.038452 0.010986 12.321197
27230 1444993457.892708 -0.049439 -0.076904 11.442289
27231 1444993457.902824 -0.049439 -0.076904 10.475489
27232 1444993457.912865 0.038452 -0.076904 9.50869
27233 1444993457.923069 0.038452 0.010986 8.629782
27234 1444993457.931068 0.038452 0.010986 7.750873
27235 1444993457.941158 0.038452 0.010986 6.871965
27236 1444993457.953265 -0.049439 -0.076904 5.905166
27237 1444993457.963397 0.038452 0.010986 5.114148
27238 1444993457.973527 0.038452 0.010986 4.23524
27239 1444993457.985725 0.038452 0.010986 3.092659
27240 1444993457.995729 0.038452 0.010986 2.213751
27241 1444993458.006185 0.038452 0.010986 1.510624
27242 1444993458.016065 -0.049439 -0.076904 0.807497
27243 1444993458.025813 0.038452 0.010986 0.10437
27244 1444993458.035990 0.038452 0.010986 -0.510866
27245 1444993458.046054 0.038452 0.010986 -1.126101
27246 1444993458.056741 0.038452 0.010986 -1.741337
27247 1444993458.066317 0.038452 0.010986 -2.356573
27248 1444993458.076238 0.038452 0.010986 -2.883918
27249 1444993458.086636 0.038452 0.010986 -3.411263
27250 1444993458.097641 0.038452 0.010986 -3.938608
27251 1444993458.107181 0.038452 0.010986 -4.378062
27252 1444993458.117293 0.038452 0.010986 -4.82301
27253 1444993458.128241 0.038452 0.098877 -5.174573
27254 1444993458.138205 0.038452 0.010986 -5.614027
27255 1444993458.148202 0.038452 0.098877 -5.965591
27256 1444993458.158271 0.038452 0.098877 -6.317154
27257 1444993458.168228 0.038452 0.010986 -6.668717
27258 1444993458.178257 0.038452 0.098877 -6.93239
27259 1444993458.184924 0.038452 0.010986 -7.108172
27260 1444993458.198529 0.038452 0.098877 -7.459735
27261 1444993458.208551 0.038452 0.098877 -7.723408
27262 1444993458.218820 0.038452 0.098877 -7.899189
27263 1444993458.221015 0.038452 0.098877 -7.98708
27264 1444993458.231682 0.038452 0.098877 -8.162862
27265 1444993458.241492 0.038452 0.098877 -8.426534
27266 1444993458.251188 0.038452 0.098877 -8.602316
27267 1444993458.264132 0.038452 0.010986 -8.690207
27268 1444993458.274265 0.038452 0.010986 -8.865988
27269 1444993458.282027 0.038452 0.010986 -9.04177
27270 1444993458.292057 0.038452 0.010986 -9.129661
27271 1444993458.305589 0.038452 0.010986 -9.305443
27272 1444993458.315688 0.038452 0.010986 -9.481224
27273 1444993458.325542 0.038452 0.010986 -9.657006
27274 1444993458.335655 0.038452 0.010986 -9.832788
27275 1444993458.345871 0.038452 0.010986 -9.920679
27276 1444993458.355924 -0.049439 -0.076904 -10.09646
27277 1444993458.366111 -0.049439 -0.076904 -10.184351
27278 1444993458.376125 0.038452 -0.076904 -10.272242
27279 1444993458.386187 -0.049439 -0.076904 -10.448024
27280 1444993458.396170 -0.049439 -0.076904 -10.535914
27281 1444993458.408034 -0.049439 -0.076904 -10.535914
27282 1444993458.418208 -0.049439 -0.076904 -10.623805
27283 1444993458.428256 -0.049439 -0.076904 -10.711696
27284 1444993458.438219 -0.049439 -0.076904 -10.799587
27285 1444993458.448866 -0.049439 -0.076904 -10.887478
27286 1444993458.458995 -0.049439 -0.076904 -10.887478
27287 1444993458.469097 -0.049439 -0.076904 -10.975369
27288 1444993458.479163 -0.049439 -0.076904 -10.975369
27289 1444993458.489555 -0.049439 -0.076904 -10.975369
27290 1444993458.499663 -0.049439 0.010986 -11.063259
27291 1444993458.509484 0.038452 0.010986 -11.063259
27292 1444993458.519586 0.038452 0.010986 -11.063259
27293 1444993458.529782 0.038452 0.010986 -11.063259
27294 1444993458.540545 0.038452 0.010986 -11.063259
27295 1444993458.545683 0.038452 -0.076904 -11.063259
27296 1444993458.555974 0.038452 0.010986 -11.063259
27297 1444993458.566154 0.038452 0.010986 -11.063259
27298 1444993458.576203 0.038452 0.010986 -11.063259
27299 1444993458.586308 0.038452 0.010986 -11.063259
27300 1444993458.596191 0.038452 0.010986 -11.063259
27301 1444993458.606656 0.038452 0.010986 -11.063259
27302 1444993458.616720 0.038452 0.010986 -10.975369
27303 1444993458.627283 0.038452 0.010986 -10.975369
27304 1444993458.637980 0.038452 0.010986 -10.975369
27305 1444993458.648040 0.038452 0.010986 -10.975369
27306 1444993458.658538 0.038452 0.010986 -10.975369
27307 1444993458.668720 0.038452 0.010986 -10.975369
27308 1444993458.681268 0.038452 0.010986 -10.887478
27309 1444993458.691457 0.038452 0.010986 -10.887478
27310 1444993458.699389 0.038452 0.010986 -10.887478
27311 1444993458.709249 0.038452 0.010986 -10.799587
27312 1444993458.719413 0.038452 0.010986 -10.799587
27313 1444993458.731140 0.038452 0.010986 -10.711696
27314 1444993458.741086 0.038452 0.010986 -10.623805
27315 1444993458.750878 0.038452 0.010986 -10.623805
27316 1444993458.760941 0.038452 0.010986 -10.535914
27317 1444993458.771585 0.038452 0.098877 -10.535914
27318 1444993458.781840 0.038452 0.010986 -10.448024
27319 1444993458.791690 0.038452 0.010986 -10.360133
27320 1444993458.801678 0.038452 0.010986 -10.272242
27321 1444993458.812139 0.038452 0.098877 -10.09646
27322 1444993458.821802 0.038452 0.098877 -9.920679
27323 1444993458.827232 0.038452 0.098877 -9.744897
27324 1444993458.842600 -0.049439 0.098877 -9.393333
27325 1444993458.852661 -0.049439 0.010986 -9.129661
27326 1444993458.862773 -0.049439 0.098877 -8.778098
27327 1444993458.872861 -0.049439 0.098877 -8.602316
27328 1444993458.883182 -0.049439 0.098877 -8.426534
27329 1444993458.893085 -0.049439 0.098877 -8.338643
27330 1444993458.903166 -0.049439 0.098877 -8.250753
27331 1444993458.913318 -0.049439 0.098877 -8.250753
27332 1444993458.921782 -0.049439 0.098877 -8.250753
27333 1444993458.933486 -0.049439 0.098877 -8.338643
27334 1444993458.943634 -0.049439 0.098877 -8.426534
27335 1444993458.953694 -0.049439 0.098877 -8.514425
27336 1444993458.963776 -0.049439 0.098877 -8.690207
27337 1444993458.973819 -0.049439 0.098877 -8.778098
27338 1444993458.983987 -0.049439 0.098877 -8.865988
27339 1444993458.986601 -0.049439 0.098877 -8.953879
27340 1444993458.996390 -0.049439 0.098877 -9.129661
27341 1444993459.006089 -0.049439 0.010986 -9.305443
27342 1444993459.016625 -0.049439 0.098877 -9.393333
27343 1444993459.030951 -0.049439 0.010986 -9.569115
27344 1444993459.036974 -0.049439 0.010986 -9.657006
27345 1444993459.046193 -0.049439 0.010986 -9.832788
27346 1444993459.060555 -0.049439 0.010986 -9.920679
27347 1444993459.070890 -0.049439 0.010986 -10.09646
27348 1444993459.081801 -0.049439 -0.076904 -10.184351
27349 1444993459.091901 -0.049439 -0.076904 -10.272242
27350 1444993459.102035 -0.049439 -0.076904 -10.360133
27351 1444993459.112162 -0.049439 -0.076904 -10.448024
27352 1444993459.122298 -0.049439 -0.076904 -10.535914
27353 1444993459.132408 -0.049439 0.010986 -10.623805
27354 1444993459.142448 -0.049439 -0.076904 -10.711696
27355 1444993459.152468 -0.049439 -0.076904 -10.799587
27356 1444993459.162589 -0.049439 0.010986 -10.799587
27357 1444993459.172665 -0.049439 0.010986 -10.799587
27358 1444993459.182827 -0.049439 -0.076904 -10.887478
27359 1444993459.192834 -0.049439 0.010986 -10.887478
27360 1444993459.202908 -0.049439 -0.076904 -10.887478
27361 1444993459.213013 -0.049439 -0.076904 -10.887478
27362 1444993459.223137 -0.049439 -0.076904 -10.887478
27363 1444993459.233479 -0.049439 0.010986 -10.887478
27364 1444993459.243539 -0.049439 -0.076904 -10.887478
27365 1444993459.254093 -0.049439 0.010986 -10.799587
27366 1444993459.265604 -0.049439 0.010986 -10.799587
27367 1444993459.275602 -0.049439 0.010986 -10.799587
27368 1444993459.286092 -0.049439 -0.076904 -10.799587
27369 1444993459.294476 -0.049439 0.010986 -10.799587
27370 1444993459.304497 -0.049439 0.010986 -10.799587
27371 1444993459.316059 -0.049439 0.010986 -10.711696
27372 1444993459.325959 -0.049439 0.010986 -10.711696
27373 1444993459.331297 -0.049439 0.010986 -10.711696
27374 1444993459.341148 -0.049439 0.010986 -10.623805
27375 1444993459.351415 -0.049439 0.010986 -10.535914
27376 1444993459.361393 -0.049439 0.010986 -10.535914
27377 1444993459.376592 -0.049439 0.010986 -10.448024
27378 1444993459.386700 -0.049439 0.010986 -10.360133
27379 1444993459.396738 -0.049439 0.010986 -10.360133
27380 1444993459.401719 -0.049439 0.010986 -10.272242
27381 1444993459.411877 -0.049439 0.010986 -10.272242
27382 1444993459.421923 -0.049439 0.010986 -10.272242
27383 1444993459.432022 -0.049439 0.010986 -10.272242
27384 1444993459.442004 -0.049439 0.010986 -10.184351
27385 1444993459.452428 -0.049439 0.010986 -10.184351
27386 1444993459.462504 -0.049439 0.010986 -10.184351
27387 1444993459.472408 -0.049439 0.010986 -10.184351
27388 1444993459.482498 -0.049439 0.098877 -10.184351
27389 1444993459.492775 -0.049439 0.098877 -10.184351
27390 1444993459.502983 -0.049439 0.010986 -10.184351
27391 1444993459.513436 -0.049439 0.098877 -10.184351
27392 1444993459.523556 -0.049439 0.010986 -10.184351
27393 1444993459.533517 -0.049439 0.010986 -10.184351
27394 1444993459.541088 -0.049439 0.010986 -10.184351
27395 1444993459.555610 -0.049439 0.010986 -10.184351
27396 1444993459.565656 -0.049439 0.010986 -10.184351
27397 1444993459.575937 -0.049439 0.010986 -10.184351
27398 1444993459.587582 -0.049439 0.010986 -10.184351
27399 1444993459.596498 -0.049439 0.010986 -10.184351
27400 1444993459.607489 -0.049439 0.010986 -10.184351
27401 1444993459.617432 -0.049439 0.010986 -10.184351
27402 1444993459.626830 -0.049439 0.010986 -10.184351
27403 1444993459.637440 -0.049439 0.010986 -10.184351
27404 1444993459.647000 -0.049439 0.010986 -10.184351
27405 1444993459.656865 -0.049439 0.010986 -10.184351
27406 1444993459.667054 -0.049439 0.010986 -10.184351
27407 1444993459.677061 -0.049439 0.010986 -10.184351
27408 1444993459.687458 -0.049439 0.010986 -10.184351
27409 1444993459.697462 -0.049439 0.010986 -10.184351
27410 1444993459.707858 -0.049439 0.010986 -10.184351
27411 1444993459.717807 -0.049439 0.010986 -10.184351
27412 1444993459.728896 -0.049439 0.010986 -10.184351
27413 1444993459.738887 -0.049439 0.010986 -10.184351
27414 1444993459.748869 -0.049439 0.010986 -10.184351
27415 1444993459.758937 -0.049439 0.010986 -10.184351
27416 1444993459.769010 -0.049439 0.010986 -10.184351
27417 1444993459.779112 -0.049439 0.010986 -10.184351
27418 1444993459.789376 -0.049439 0.010986 -10.184351
27419 1444993459.799480 -0.049439 0.010986 -10.184351
27420 1444993459.809512 -0.049439 0.010986 -10.184351
27421 1444993459.819635 -0.049439 0.010986 -10.184351
27422 1444993459.829713 -0.049439 0.010986 -10.184351
27423 1444993459.836089 -0.049439 0.010986 -10.184351
27424 1444993459.850045 -0.049439 0.010986 -10.184351
27425 1444993459.855701 -0.049439 0.010986 -10.184351
27426 1444993459.865528 -0.049439 0.010986 -10.184351
27427 1444993459.876009 -0.049439 0.010986 -10.184351
27428 1444993459.886564 -0.049439 0.010986 -10.184351
27429 1444993459.896391 -0.049439 0.010986 -10.184351
27430 1444993459.906961 -0.049439 0.010986 -10.184351
27431 1444993459.917020 -0.049439 0.010986 -10.184351
27432 1444993459.927471 -0.049439 0.010986 -10.184351
27433 1444993459.938275 -0.049439 0.010986 -10.184351
27434 1444993459.948570 -0.049439 0.010986 -10.184351
27435 1444993459.958601 -0.049439 0.010986 -10.184351
27436 1444993459.968808 -0.049439 0.010986 -10.184351
27437 1444993459.980640 -0.049439 0.010986 -10.184351
27438 1444993459.990984 -0.049439 0.010986 -10.184351
27439 1444993460.000635 -0.049439 0.010986 -10.184351
27440 1444993460.009275 -0.049439 0.010986 -10.184351
27441 1444993460.020900 -0.049439 0.010986 -10.184351
27442 1444993460.030787 -0.049439 0.010986 -10.184351
27443 1444993460.041559 -0.049439 0.010986 -10.184351
27444 1444993460.051042 -0.049439 0.010986 -10.184351
27445 1444993460.061100 -0.049439 0.010986 -10.184351
27446 1444993460.071225 -0.049439 0.010986 -10.184351
27447 1444993460.081935 -0.049439 0.010986 -10.184351
27448 1444993460.091895 -0.049439 0.010986 -10.184351
27449 1444993460.101566 -0.049439 0.010986 -10.184351
27450 1444993460.111619 -0.049439 0.010986 -10.272242
27451 1444993460.121823 -0.049439 0.010986 -10.184351
27452 1444993460.132017 -0.049439 0.010986 -10.184351
27453 1444993460.142087 -0.049439 0.010986 -10.184351
27454 1444993460.152097 -0.049439 0.010986 -10.272242
27455 1444993460.162159 -0.049439 0.010986 -10.272242
27456 1444993460.172328 -0.049439 0.010986 -10.272242
27457 1444993460.182911 -0.049439 0.010986 -10.272242
27458 1444993460.193811 -0.049439 0.010986 -10.272242
27459 1444993460.203306 -0.049439 0.010986 -10.272242
27460 1444993460.212714 -0.049439 0.010986 -10.272242
27461 1444993460.222857 -0.049439 0.010986 -10.272242
27462 1444993460.232957 -0.137329 -0.076904 -10.272242
27463 1444993460.243836 -0.137329 0.010986 -10.272242
27464 1444993460.253900 -0.049439 0.010986 -10.272242
27465 1444993460.263478 -0.137329 -0.076904 -10.272242
27466 1444993460.274050 -0.137329 -0.076904 -10.272242
27467 1444993460.284595 -0.049439 -0.076904 -10.272242
27468 1444993460.294516 -0.137329 -0.076904 -10.272242
27469 1444993460.304641 -0.137329 -0.076904 -10.272242
27470 1444993460.314704 -0.137329 -0.076904 -10.272242
27471 1444993460.324828 -0.137329 -0.076904 -10.272242
27472 1444993460.330896 -0.137329 -0.076904 -10.272242
27473 1444993460.340839 -0.137329 -0.076904 -10.272242
27474 1444993460.350981 -0.137329 -0.076904 -10.272242
27475 1444993460.360966 -0.137329 -0.076904 -10.272242
27476 1444993460.370961 -0.137329 -0.076904 -10.272242
27477 1444993460.382309 -0.137329 -0.076904 -10.272242
27478 1444993460.392310 -0.137329 -0.076904 -10.272242
27479 1444993460.401838 -0.137329 -0.076904 -10.272242
27480 1444993460.412551 -0.137329 -0.076904 -10.272242
27481 1444993460.422401 -0.049439 -0.076904 -10.272242
27482 1444993460.432914 -0.049439 -0.076904 -10.360133
27483 1444993460.443025 -0.049439 -0.076904 -10.360133
27484 1444993460.452661 -0.049439 -0.076904 -10.360133
27485 1444993460.462479 -0.049439 -0.076904 -10.272242
27486 1444993460.472613 -0.049439 -0.076904 -10.360133
27487 1444993460.486017 -0.049439 -0.076904 -10.360133
27488 1444993460.493594 -0.049439 -0.076904 -10.360133
27489 1444993460.503544 -0.049439 -0.076904 -10.360133
27490 1444993460.513810 -0.049439 -0.076904 -10.360133
27491 1444993460.524112 -0.049439 -0.076904 -10.360133
27492 1444993460.534060 -0.049439 -0.076904 -10.272242
27493 1444993460.544418 -0.049439 -0.076904 -10.272242
27494 1444993460.555621 -0.049439 -0.076904 -10.272242
27495 1444993460.565603 -0.049439 -0.076904 -10.272242
27496 1444993460.576127 -0.049439 -0.076904 -10.272242
27497 1444993460.586179 -0.049439 -0.076904 -10.360133
27498 1444993460.595786 -0.049439 -0.076904 -10.272242
27499 1444993460.606287 -0.049439 -0.076904 -10.272242
27500 1444993460.615892 -0.049439 -0.076904 -10.360133
27501 1444993460.626478 -0.049439 -0.076904 -10.360133
27502 1444993460.636397 -0.049439 -0.076904 -10.272242
27503 1444993460.646558 -0.049439 -0.076904 -10.272242
27504 1444993460.656792 -0.049439 -0.076904 -10.360133
27505 1444993460.666719 -0.049439 -0.076904 -10.360133
27506 1444993460.676657 -0.049439 -0.076904 -10.360133
27507 1444993460.681726 -0.049439 -0.076904 -10.360133
27508 1444993460.697456 -0.049439 -0.076904 -10.360133
27509 1444993460.707581 -0.049439 -0.076904 -10.360133
27510 1444993460.717678 -0.049439 -0.076904 -10.360133
27511 1444993460.722588 -0.049439 -0.076904 -10.360133
27512 1444993460.733014 -0.049439 -0.076904 -10.360133
27513 1444993460.743002 -0.049439 -0.076904 -10.360133
27514 1444993460.753254 -0.049439 0.010986 -10.360133
27515 1444993460.763340 -0.049439 0.010986 -10.360133
27516 1444993460.773550 -0.049439 0.010986 -10.360133
27517 1444993460.783915 -0.049439 0.010986 -10.360133
27518 1444993460.790737 -0.049439 0.010986 -10.360133
27519 1444993460.803950 -0.049439 0.010986 -10.360133
27520 1444993460.816104 -0.049439 0.010986 -10.360133
27521 1444993460.824355 -0.049439 0.010986 -10.448024
27522 1444993460.838035 -0.049439 0.010986 -10.360133
27523 1444993460.846574 -0.049439 0.010986 -10.448024
27524 1444993460.856515 -0.049439 0.010986 -10.360133
27525 1444993460.865804 -0.049439 0.010986 -10.360133
27526 1444993460.876621 -0.049439 0.010986 -10.360133
27527 1444993460.888316 -0.049439 0.010986 -10.360133
27528 1444993460.896679 -0.049439 0.010986 -10.360133
27529 1444993460.906307 -0.049439 0.010986 -10.360133
27530 1444993460.916241 -0.049439 0.010986 -10.360133
27531 1444993460.926286 -0.049439 0.010986 -10.360133
27532 1444993460.938916 -0.049439 0.010986 -10.360133
27533 1444993460.947444 -0.049439 0.010986 -10.360133
27534 1444993460.958508 -0.049439 0.010986 -10.360133
27535 1444993460.967619 -0.049439 0.010986 -10.360133
27536 1444993460.978209 -0.049439 0.010986 -10.360133
27537 1444993460.989211 -0.049439 0.010986 -10.360133
27538 1444993460.997704 -0.049439 0.010986 -10.360133
27539 1444993461.008666 -0.049439 0.010986 -10.360133
27540 1444993461.018148 -0.049439 0.010986 -10.360133
27541 1444993461.028896 -0.049439 0.010986 -10.360133
27542 1444993461.038826 -0.049439 0.010986 -10.360133
27543 1444993461.049088 -0.049439 0.010986 -10.360133
27544 1444993461.059504 -0.049439 0.010986 -10.448024
27545 1444993461.069366 0.038452 0.010986 -10.360133
27546 1444993461.079679 -0.049439 0.010986 -10.360133
27547 1444993461.089654 -0.049439 0.010986 -10.360133
27548 1444993461.099531 0.038452 0.010986 -10.360133
27549 1444993461.109590 -0.049439 0.010986 -10.448024
27550 1444993461.119723 -0.049439 0.010986 -10.360133
27551 1444993461.129942 0.038452 0.010986 -10.360133
27552 1444993461.135806 0.038452 0.010986 -10.448024
27553 1444993461.145639 0.038452 0.010986 -10.360133
27554 1444993461.155884 0.038452 0.010986 -10.360133
27555 1444993461.165903 0.038452 0.010986 -10.360133
27556 1444993461.175982 0.038452 0.010986 -10.448024
27557 1444993461.186118 0.038452 0.010986 -10.448024
27558 1444993461.196225 0.038452 0.010986 -10.448024
27559 1444993461.206577 0.038452 0.010986 -10.448024
27560 1444993461.216884 0.038452 0.010986 -10.448024
27561 1444993461.226961 0.038452 0.010986 -10.448024
27562 1444993461.236743 0.038452 0.010986 -10.448024
27563 1444993461.246891 0.038452 0.010986 -10.448024
27564 1444993461.257182 0.038452 0.010986 -10.448024
27565 1444993461.267491 0.038452 0.010986 -10.448024
27566 1444993461.277533 0.038452 0.010986 -10.448024
27567 1444993461.287804 0.038452 0.010986 -10.448024
27568 1444993461.297640 0.038452 0.010986 -10.448024
27569 1444993461.307807 0.038452 0.010986 -10.448024
27570 1444993461.317987 0.038452 0.010986 -10.448024
27571 1444993461.328136 0.038452 0.010986 -10.360133
27572 1444993461.341919 0.038452 0.010986 -10.448024
27573 1444993461.348819 0.038452 0.010986 -10.448024
27574 1444993461.358706 0.038452 0.010986 -10.360133
27575 1444993461.368832 0.038452 0.010986 -10.360133
27576 1444993461.381454 0.038452 0.010986 -10.448024
27577 1444993461.392273 0.038452 0.010986 -10.360133
27578 1444993461.401712 0.038452 0.010986 -10.448024
27579 1444993461.411524 0.038452 0.010986 -10.360133
27580 1444993461.421400 0.038452 0.010986 -10.360133
27581 1444993461.430068 0.038452 0.010986 -10.360133
27582 1444993461.440452 0.038452 0.010986 -10.360133
27583 1444993461.451976 0.038452 0.010986 -10.360133
27584 1444993461.462615 0.038452 0.010986 -10.360133
27585 1444993461.472528 0.038452 0.010986 -10.360133
27586 1444993461.482937 0.038452 0.010986 -10.360133
27587 1444993461.485938 0.038452 0.010986 -10.360133
27588 1444993461.502295 0.038452 0.010986 -10.360133
27589 1444993461.512492 0.038452 0.010986 -10.360133
27590 1444993461.522573 0.038452 0.010986 -10.360133
27591 1444993461.533154 0.038452 0.010986 -10.360133
27592 1444993461.536867 0.038452 0.010986 -10.360133
27593 1444993461.552877 0.038452 0.010986 -10.448024
27594 1444993461.562239 0.038452 0.010986 -10.448024
27595 1444993461.572888 0.038452 0.010986 -10.448024
27596 1444993461.583046 0.038452 0.010986 -10.448024
27597 1444993461.593147 0.038452 0.010986 -10.448024
27598 1444993461.603205 0.038452 0.010986 -10.448024
27599 1444993461.613371 0.038452 0.010986 -10.360133
27600 1444993461.623552 0.038452 0.010986 -10.360133
27601 1444993461.633558 0.038452 0.010986 -10.360133
27602 1444993461.643560 0.038452 0.010986 -10.360133
27603 1444993461.653705 0.038452 0.010986 -10.360133
27604 1444993461.663841 0.038452 0.010986 -10.360133
27605 1444993461.673955 0.038452 0.010986 -10.360133
27606 1444993461.684030 0.038452 0.010986 -10.360133
27607 1444993461.694090 0.038452 0.010986 -10.272242
27608 1444993461.704278 0.038452 0.010986 -10.360133
27609 1444993461.714309 0.038452 0.098877 -10.360133
27610 1444993461.724423 0.038452 0.098877 -10.360133
27611 1444993461.730739 0.038452 0.098877 -10.360133
27612 1444993461.740724 0.038452 0.098877 -10.272242
27613 1444993461.754929 0.126343 0.098877 -10.360133
27614 1444993461.760609 0.038452 0.098877 -10.272242
27615 1444993461.770679 0.038452 0.098877 -10.272242
27616 1444993461.780993 0.038452 0.098877 -10.360133
27617 1444993461.791093 0.038452 0.098877 -10.272242
27618 1444993461.801090 0.038452 0.098877 -10.360133
27619 1444993461.811499 0.038452 0.098877 -10.272242
27620 1444993461.821639 0.126343 0.098877 -10.272242
27621 1444993461.831960 0.126343 0.098877 -10.272242
27622 1444993461.842069 0.038452 0.098877 -10.272242
27623 1444993461.852079 0.126343 0.098877 -10.272242
27624 1444993461.862398 0.038452 0.098877 -10.272242
27625 1444993461.872444 0.038452 0.098877 -10.272242
27626 1444993461.882594 0.038452 0.098877 -10.272242
27627 1444993461.892644 0.038452 0.098877 -10.272242
27628 1444993461.902700 0.038452 0.098877 -10.272242
27629 1444993461.913099 0.038452 0.098877 -10.272242
27630 1444993461.923339 0.038452 0.098877 -10.272242
27631 1444993461.935858 0.038452 0.098877 -10.272242
27632 1444993461.945874 0.038452 0.098877 -10.272242
27633 1444993461.953997 0.038452 0.098877 -10.272242
27634 1444993461.965810 0.038452 0.098877 -10.272242
27635 1444993461.975985 0.038452 0.098877 -10.272242
27636 1444993461.986432 0.038452 0.098877 -10.272242
27637 1444993461.996081 0.038452 0.098877 -10.272242
27638 1444993462.005915 0.038452 0.010986 -10.272242
27639 1444993462.016189 0.038452 0.098877 -10.272242
27640 1444993462.026552 0.038452 0.010986 -10.272242
27641 1444993462.036467 0.038452 0.010986 -10.272242
27642 1444993462.046522 0.038452 0.098877 -10.272242
27643 1444993462.056664 0.038452 0.010986 -10.272242
27644 1444993462.066665 0.038452 0.010986 -10.272242
27645 1444993462.076849 0.038452 0.010986 -10.272242
27646 1444993462.082086 0.038452 0.010986 -10.272242
27647 1444993462.091794 0.038452 0.010986 -10.272242
27648 1444993462.102070 0.038452 0.010986 -10.272242
27649 1444993462.112436 0.038452 0.010986 -10.272242
27650 1444993462.122504 0.038452 0.010986 -10.272242
27651 1444993462.134243 0.038452 0.010986 -10.272242
27652 1444993462.142513 0.038452 0.098877 -10.272242
27653 1444993462.152795 0.038452 0.010986 -10.272242
27654 1444993462.162906 0.038452 0.010986 -10.272242
27655 1444993462.172989 0.038452 0.010986 -10.272242
27656 1444993462.185549 0.038452 0.010986 -10.272242
27657 1444993462.193244 0.038452 0.010986 -10.272242
27658 1444993462.203363 0.038452 0.010986 -10.272242
27659 1444993462.213987 0.038452 0.010986 -10.272242
27660 1444993462.225670 0.038452 0.010986 -10.272242
27661 1444993462.236494 0.038452 0.010986 -10.272242
27662 1444993462.245700 0.038452 0.010986 -10.272242
27663 1444993462.255833 0.038452 0.010986 -10.184351
27664 1444993462.265852 0.038452 0.010986 -10.184351
27665 1444993462.276244 0.038452 0.010986 -10.184351
27666 1444993462.287521 0.038452 0.010986 -10.184351
27667 1444993462.296392 0.038452 0.010986 -10.272242
27668 1444993462.307639 0.038452 0.010986 -10.184351
27669 1444993462.316853 0.038452 0.010986 -10.184351
27670 1444993462.326530 0.038452 0.010986 -10.184351
27671 1444993462.338099 0.038452 0.010986 -10.184351
27672 1444993462.347867 0.038452 0.010986 -10.272242
27673 1444993462.357534 0.038452 0.010986 -10.272242
27674 1444993462.367552 0.038452 0.010986 -10.272242
27675 1444993462.378054 0.038452 0.010986 -10.184351
27676 1444993462.388531 0.038452 0.010986 -10.184351
27677 1444993462.398026 0.038452 0.010986 -10.184351
27678 1444993462.407865 0.038452 0.010986 -10.272242
27679 1444993462.417953 0.038452 0.010986 -10.272242
27680 1444993462.428186 0.038452 0.010986 -10.272242
27681 1444993462.438174 0.038452 0.010986 -10.184351
27682 1444993462.448431 0.038452 0.010986 -10.184351
27683 1444993462.458543 0.038452 0.010986 -10.184351
27684 1444993462.468658 0.038452 0.010986 -10.184351
27685 1444993462.478849 0.038452 0.010986 -10.184351
27686 1444993462.488937 0.038452 0.010986 -10.184351
27687 1444993462.499066 0.038452 0.010986 -10.272242
27688 1444993462.509197 0.038452 0.010986 -10.184351
27689 1444993462.519345 0.038452 0.010986 -10.184351
27690 1444993462.529426 0.038452 0.010986 -10.272242
27691 1444993462.539544 0.038452 0.010986 -10.272242
27692 1444993462.549608 0.038452 0.010986 -10.272242
27693 1444993462.559677 0.038452 0.010986 -10.272242
27694 1444993462.569792 0.038452 0.010986 -10.184351
27695 1444993462.579971 0.038452 0.010986 -10.272242
27696 1444993462.590101 0.038452 0.010986 -10.272242
27697 1444993462.600222 0.038452 0.010986 -10.184351
27698 1444993462.605806 0.038452 0.010986 -10.272242
27699 1444993462.616189 0.038452 0.010986 -10.184351
27700 1444993462.626627 0.038452 0.010986 -10.184351
27701 1444993462.637315 0.038452 0.010986 -10.184351
27702 1444993462.646800 0.038452 0.010986 -10.184351
27703 1444993462.656968 0.038452 0.010986 -10.184351
27704 1444993462.667413 0.038452 0.010986 -10.184351
27705 1444993462.677646 0.038452 0.010986 -10.184351
27706 1444993462.691045 0.038452 0.010986 -10.184351
27707 1444993462.697995 0.038452 0.010986 -10.184351
27708 1444993462.708096 0.038452 0.010986 -10.272242
27709 1444993462.718009 0.038452 0.010986 -10.272242
27710 1444993462.730819 0.038452 0.010986 -10.184351
27711 1444993462.740943 0.038452 0.010986 -10.184351
27712 1444993462.748922 0.038452 0.010986 -10.272242
27713 1444993462.758967 0.038452 0.010986 -10.272242
27714 1444993462.770714 0.038452 0.010986 -10.272242
27715 1444993462.781662 0.038452 0.010986 -10.272242
27716 1444993462.791549 0.038452 0.010986 -10.272242
27717 1444993462.800901 0.038452 0.010986 -10.272242
27718 1444993462.810822 0.038452 0.010986 -10.184351
27719 1444993462.820812 0.038452 0.010986 -10.184351
27720 1444993462.831535 0.038452 0.010986 -10.184351
27721 1444993462.841611 0.038452 0.010986 -10.184351
27722 1444993462.851578 0.038452 0.010986 -10.184351
27723 1444993462.861421 0.038452 0.010986 -10.272242
27724 1444993462.871882 0.038452 0.010986 -10.272242
27725 1444993462.881666 0.038452 0.010986 -10.272242
27726 1444993462.892055 0.038452 0.010986 -10.272242
27727 1444993462.901815 0.038452 0.010986 -10.272242
27728 1444993462.911879 0.038452 0.010986 -10.272242
27729 1444993462.921842 0.038452 0.010986 -10.272242
27730 1444993462.932151 0.038452 0.010986 -10.272242
27731 1444993462.942271 0.038452 0.010986 -10.272242
27732 1444993462.952489 0.038452 -0.076904 -10.272242
27733 1444993462.962606 0.038452 0.010986 -10.272242
