7312 1444991608.107324 11.9971 5.070203 -0.005493 -10.019556 -2.691657 -4.301158
7313 1444991608.116823 11.9971 5.070203 -0.005493 -10.019556 -2.691657 -4.301158
7314 1444991608.127073 11.9971 5.070203 -0.005493 -10.019556 -2.691657 -4.301158
7315 1444991608.137133 11.9971 5.070203 -0.005493 -9.931665 -2.691657 -4.301158
7316 1444991608.147277 11.9971 5.070203 0.082398 -10.019556 -2.691657 -4.301158
7317 1444991608.156637 11.9971 5.070203 -0.005493 -10.019556 -2.691657 -4.301158
7318 1444991608.167546 11.9971 5.070203 -0.005493 -10.019556 -2.691657 -4.301158
7319 1444991608.175838 11.9971 5.070203 -0.005493 -9.931665 -2.691657 -4.301158
7320 1444991608.185872 11.9971 5.070203 -0.005493 -10.019556 -2.691657 -4.301158
7321 1444991608.198112 11.9971 5.070203 -0.005493 -10.019556 -2.691657 -4.301158
7322 1444991608.207128 11.9971 5.070203 -0.005493 -10.019556 -2.691657 -4.301158
7323 1444991608.216962 11.9971 5.070203 -0.005493 -10.019556 -2.691657 -4.301158
7324 1444991608.229325 11.9971 5.070203 -0.005493 -10.019556 -2.691657 -4.301158
7325 1444991608.239350 11.9971 5.070203 0.082398 -9.931665 -2.691657 -4.301158
7326 1444991608.249709 11.9971 5.070203 -0.005493 -9.931665 -2.691657 -4.301158
7327 1444991608.256932 11.9971 5.070203 -0.005493 -10.019556 -2.691657 -4.301158
7328 1444991608.268788 11.9971 5.070203 -0.005493 -9.931665 -2.691657 -4.301158
7329 1444991608.279802 11.9971 5.070203 -0.005493 -9.931665 -2.691657 -4.301158
7330 1444991608.289849 11.9971 5.070203 -0.005493 -9.931665 -2.691657 -4.301158
7331 1444991608.298955 11.9971 5.070203 -0.005493 -10.019556 -2.691657 -4.301158
7332 1444991608.309230 11.9971 5.070203 -0.005493 -10.019556 -2.691657 -4.301158
7333 1444991608.319286 11.9971 5.070203 -0.005493 -9.931665 -2.691657 -4.301158
7334 1444991608.329175 11.9971 5.070203 -0.005493 -10.019556 -2.691657 -4.301158
7335 1444991608.339321 11.9971 5.070203 -0.005493 -9.931665 -2.691657 -4.301158
7336 1444991608.349285 11.9971 5.070203 -0.005493 -9.931665 -2.691657 -4.301158
7337 1444991608.359761 11.9971 5.070203 -0.005493 -10.019556 -2.691657 -4.301158
7338 1444991608.369696 12.08499 5.070203 -0.005493 -10.019556 -2.691657 -4.301158
7339 1444991608.381134 11.9971 5.070203 -0.005493 -9.931665 -2.691657 -4.301158
7340 1444991608.391509 11.9971 5.070203 -0.005493 -10.019556 -2.691657 -4.301158
7341 1444991608.401709 11.9971 5.070203 -0.005493 -9.931665 -2.691657 -4.301158
7342 1444991608.411624 11.9971 5.070203 -0.005493 -9.931665 -2.691657 -4.301158
7343 1444991608.421601 11.9971 5.070203 -0.005493 -10.019556 -2.691657 -4.301158
7344 1444991608.431945 11.9971 5.070203 -0.005493 -9.931665 -2.691657 -4.301158
7345 1444991608.441992 11.9971 5.070203 -0.005493 -10.019556 -2.691657 -4.301158
7346 1444991608.452251 11.9971 5.070203 -0.005493 -10.019556 -2.691657 -4.301158
7347 1444991608.462482 11.9971 5.070203 -0.005493 -10.019556 -2.691657 -4.301158
7348 1444991608.473092 11.9971 5.070203 -0.005493 -10.019556 -2.691657 -4.301158
7349 1444991608.481532 11.9971 5.070203 -0.005493 -10.019556 -2.691657 -4.301158
7350 1444991608.491646 11.9971 5.070203 -0.005493 -10.019556 -2.691657 -4.301158
7351 1444991608.498291 11.9971 5.070203 -0.005493 -9.931665 -2.691657 -4.301158
7352 1444991608.511142 11.9971 5.070203 -0.005493 -10.019556 -2.691657 -4.301158
7353 1444991608.523741 11.9971 5.070203 -0.005493 -10.019556 -2.691657 -4.301158
7354 1444991608.529821 11.9971 5.070203 -0.005493 -10.019556 -2.691657 -4.301158
7355 1444991608.539738 11.9971 5.070203 -0.005493 -9.931665 -2.691657 -4.301158
7356 1444991608.549876 11.9971 5.070203 -0.005493 -10.019556 -2.691657 -4.301158
7357 1444991608.558876 11.9971 5.070203 -0.005493 -9.931665 -2.691657 -4.301158
7358 1444991608.568858 11.9971 5.070203 -0.005493 -9.931665 -2.691657 -4.301158
7359 1444991608.579005 11.9971 5.070203 -0.005493 -10.019556 -2.691657 -4.301158
7360 1444991608.588880 11.9971 5.070203 -0.005493 -10.019556 -2.691657 -4.301158
7361 1444991608.598999 11.9971 5.070203 -0.005493 -10.019556 -2.691657 -4.301158
7362 1444991608.609751 11.9971 5.070203 -0.005493 -10.019556 -2.691657 -4.301158
7363 1444991608.620984 11.9971 5.070203 -0.005493 -9.931665 -2.691657 -4.301158
7364 1444991608.631278 11.9971 5.070203 -0.005493 -10.019556 -2.691657 -4.301158
7365 1444991608.641450 11.9971 5.070203 -0.005493 -10.019556 -2.691657 -4.301158
7366 1444991608.651670 11.9971 5.070203 -0.005493 -10.019556 -2.691657 -4.301158
7367 1444991608.661649 11.9971 5.070203 -0.005493 -9.931665 -2.691657 -4.301158
7368 1444991608.671870 11.9971 5.070203 -0.005493 -10.019556 -2.691657 -4.301158
7369 1444991608.682128 11.9971 5.070203 -0.005493 -10.019556 -2.691657 -4.301158
7370 1444991608.692201 11.9971 5.070203 -0.005493 -10.019556 -2.691657 -4.301158
7371 1444991608.702122 11.9971 5.070203 0.082398 -10.019556 -2.691657 -4.301158
7372 1444991608.711003 11.9971 5.070203 0.082398 -10.019556 -2.691657 -4.301158
7373 1444991608.720564 11.9971 5.070203 -0.005493 -9.931665 -2.691657 -4.301158
7374 1444991608.730859 11.9971 5.070203 -0.005493 -10.019556 -2.691657 -4.301158
7375 1444991608.742401 11.9971 5.070203 -0.005493 -10.019556 -2.691657 -4.301158
7376 1444991608.750594 11.9971 5.070203 -0.005493 -10.019556 -2.691657 -4.301158
7377 1444991608.761229 11.9971 5.070203 0.082398 -10.019556 -2.691657 -4.301158
7378 1444991608.770959 11.9971 5.070203 -0.005493 -9.931665 -2.691657 -4.301158
7379 1444991608.782981 11.9971 5.070203 0.082398 -9.931665 -2.691657 -4.301158
7380 1444991608.791133 11.9971 5.070203 0.082398 -10.019556 -2.691657 -4.301158
7381 1444991608.801151 11.9971 5.070203 -0.005493 -10.019556 -2.691657 -4.301158
7382 1444991608.811095 11.9971 5.070203 -0.005493 -10.019556 -2.691657 -4.301158
7383 1444991608.821357 11.9971 5.070203 -0.005493 -10.019556 -2.691657 -4.301158
7384 1444991608.834222 11.9971 5.070203 -0.005493 -10.019556 -2.691657 -4.301158
7385 1444991608.844280 11.9971 5.070203 -0.005493 -9.931665 -2.691657 -4.301158
7386 1444991608.854923 11.9971 5.070203 -0.005493 -9.931665 -2.691657 -4.301158
7387 1444991608.863909 12.08499 5.070203 -0.005493 -10.019556 -2.691657 -4.301158
7388 1444991608.874917 11.9971 5.070203 -0.005493 -10.019556 -2.691657 -4.301158
7389 1444991608.885067 11.9971 5.070203 -0.005493 -10.019556 -2.691657 -4.301158
7390 1444991608.893817 11.9971 5.070203 -0.005493 -9.931665 -2.691657 -4.301158
7391 1444991608.906463 12.08499 5.070203 -0.005493 -10.019556 -2.691657 -4.301158
7392 1444991608.916252 11.9971 5.070203 -0.005493 -9.931665 -2.691657 -4.301158
7393 1444991608.926095 11.9971 5.070203 -0.005493 -10.019556 -2.691657 -4.301158
7394 1444991608.936360 11.9971 5.070203 -0.005493 -10.019556 -2.691657 -4.301158
7395 1444991608.946539 11.9971 5.070203 -0.005493 -9.931665 -2.691657 -4.301158
7396 1444991608.956845 11.9971 5.070203 -0.005493 -10.019556 -2.691657 -4.301158
7397 1444991608.966857 11.9971 5.070203 -0.005493 -10.019556 -2.691657 -4.301158
7398 1444991608.976811 11.9971 5.070203 -0.005493 -10.019556 -2.691657 -4.301158
7399 1444991608.986908 11.9971 5.070203 -0.005493 -10.019556 -2.691657 -4.301158
7400 1444991608.996990 11.9971 5.070203 -0.005493 -10.019556 -2.691657 -4.301158
7401 1444991609.007110 11.9971 5.070203 -0.005493 -10.019556 -2.691657 -4.301158
7402 1444991609.017147 12.08499 5.070203 -0.005493 -10.019556 -2.691657 -4.301158
7403 1444991609.027303 11.9971 5.070203 -0.005493 -10.019556 -2.691657 -4.301158
7404 1444991609.037375 11.9971 5.070203 -0.005493 -10.019556 -2.691657 -4.301158
7405 1444991609.047497 11.9971 5.070203 0.082398 -10.019556 -2.691657 -4.301158
7406 1444991609.057589 11.9971 5.070203 -0.005493 -10.019556 -2.691657 -4.301158
7407 1444991609.067665 11.9971 5.070203 -0.005493 -9.931665 -2.691657 -4.301158
7408 1444991609.078018 11.9971 5.070203 -0.005493 -10.019556 -2.691657 -4.301158
7409 1444991609.087974 11.9971 5.070203 -0.005493 -10.019556 -2.691657 -4.301158
7410 1444991609.098243 11.9971 5.070203 -0.005493 -9.931665 -2.691657 -4.301158
7411 1444991609.108155 11.9971 5.070203 -0.005493 -10.019556 -2.691657 -4.301158
7412 1444991609.118629 11.9971 5.070203 -0.005493 -10.019556 -2.691657 -4.301158
7413 1444991609.128512 11.9971 5.070203 -0.005493 -10.019556 -2.691657 -4.301158
7414 1444991609.138586 11.9971 5.070203 -0.005493 -10.019556 -2.691657 -4.301158
7415 1444991609.148709 11.9971 5.070203 -0.005493 -10.019556 -2.691657 -4.301158
7416 1444991609.156221 11.9971 5.070203 -0.005493 -10.019556 -2.691657 -4.301158
7417 1444991609.166948 11.9971 5.070203 -0.005493 -9.931665 -2.691657 -4.301158
7418 1444991609.179169 11.9971 5.070203 -0.005493 -10.019556 -2.691657 -4.301158
7419 1444991609.186376 11.9971 5.070203 -0.005493 -10.019556 -2.691657 -4.301158
7420 1444991609.194815 11.9971 5.070203 0.082398 -10.019556 -2.691657 -4.301158
7421 1444991609.210225 11.9971 5.070203 -0.005493 -9.931665 -2.691657 -4.301158
7422 1444991609.220135 11.9971 5.070203 -0.005493 -10.019556 -2.691657 -4.301158
7423 1444991609.230255 11.9971 5.070203 -0.005493 -10.019556 -2.691657 -4.301158
7424 1444991609.240341 11.9971 5.070203 -0.005493 -10.019556 -2.691657 -4.301158
7425 1444991609.250441 11.9971 5.070203 -0.005493 -9.931665 -2.691657 -4.301158
7426 1444991609.259492 11.9971 5.070203 -0.005493 -9.931665 -2.691657 -4.301158
7427 1444991609.270744 11.9971 5.070203 -0.005493 -10.019556 -2.691657 -4.301158
7428 1444991609.280830 11.9971 5.070203 -0.005493 -10.019556 -2.691657 -4.301158
7429 1444991609.290920 11.9971 5.070203 0.082398 -10.019556 -2.691657 -4.301158
7430 1444991609.301009 11.9971 5.070203 -0.005493 -9.931665 -2.691657 -4.301158
7431 1444991609.305988 11.9971 5.070203 -0.005493 -10.019556 -2.691657 -4.301158
7432 1444991609.316981 11.9971 5.070203 -0.005493 -10.019556 -2.691657 -4.301158
7433 1444991609.326195 11.9971 5.070203 -0.005493 -10.019556 -2.691657 -4.301158
7434 1444991609.336352 11.9971 5.070203 -0.005493 -10.019556 -2.691657 -4.301158
7435 1444991609.346400 11.9971 5.070203 -0.005493 -10.019556 -2.691657 -4.301158
7436 1444991609.356028 11.9971 5.070203 -0.005493 -10.019556 -2.691657 -4.301158
7437 1444991609.365746 11.9971 5.070203 -0.005493 -9.931665 -2.691657 -4.301158
7438 1444991609.376792 11.9971 5.070203 -0.005493 -9.931665 -2.691657 -4.301158
7439 1444991609.387019 11.9971 5.070203 -0.005493 -10.019556 -2.691657 -4.301158
7440 1444991609.395479 11.9971 5.070203 -0.005493 -9.931665 -2.691657 -4.301158
7441 1444991609.406476 11.9971 5.070203 -0.005493 -10.019556 -2.691657 -4.301158
7442 1444991609.416518 11.9971 5.070203 -0.005493 -10.019556 -2.691657 -4.301158
7443 1444991609.425861 11.9971 5.070203 -0.005493 -10.019556 -2.691657 -4.301158
7444 1444991609.435758 11.9971 5.070203 -0.005493 -10.019556 -2.691657 -4.301158
7445 1444991609.447845 11.9971 5.070203 -0.005493 -10.019556 -2.691657 -4.301158
7446 1444991609.456676 11.9971 5.070203 -0.005493 -10.019556 -2.691657 -4.301158
7447 1444991609.466716 11.9971 5.070203 -0.005493 -10.019556 -2.691657 -4.301158
7448 1444991609.476101 11.9971 5.070203 -0.005493 -10.019556 -2.691657 -4.301158
7449 1444991609.486294 11.9971 5.070203 -0.005493 -10.019556 -2.691657 -4.301158
7450 1444991609.495777 11.9971 5.070203 -0.005493 -10.019556 -2.691657 -4.301158
7451 1444991609.506993 11.9971 5.070203 -0.005493 -9.931665 -2.691657 -4.301158
7452 1444991609.518970 11.9971 5.070203 -0.005493 -9.931665 -2.691657 -4.301158
7453 1444991609.530409 11.9971 5.070203 -0.005493 -10.019556 -2.691657 -4.301158
7454 1444991609.540574 11.9971 5.070203 -0.005493 -9.931665 -2.691657 -4.301158
7455 1444991609.550688 11.9971 5.070203 -0.005493 -10.019556 -2.691657 -4.301158
7456 1444991609.559622 11.9971 5.070203 -0.005493 -9.931665 -2.691657 -4.301158
7457 1444991609.569571 11.9971 5.070203 -0.005493 -10.019556 -2.691657 -4.301158
7458 1444991609.581059 11.9971 5.070203 -0.005493 -10.019556 -2.691657 -4.301158
7459 1444991609.591427 11.9971 5.070203 -0.005493 -10.019556 -2.691657 -4.301158
7460 1444991609.601600 11.9971 5.070203 -0.005493 -10.019556 -2.691657 -4.301158
7461 1444991609.611789 11.9971 5.070203 -0.005493 -10.019556 -2.691657 -4.301158
7462 1444991609.621673 11.9971 5.070203 -0.005493 -10.019556 -2.691657 -4.301158
7463 1444991609.631758 11.9971 5.070203 -0.005493 -10.019556 -2.691657 -4.301158
7464 1444991609.641844 11.9971 5.070203 -0.005493 -10.019556 -2.691657 -4.301158
7465 1444991609.652021 11.9971 5.070203 0.082398 -9.931665 -2.691657 -4.301158
7466 1444991609.662137 11.9971 5.070203 -0.005493 -9.931665 -2.691657 -4.301158
7467 1444991609.672480 11.9971 5.070203 -0.005493 -10.019556 -2.691657 -4.301158
7468 1444991609.682229 11.9971 5.070203 0.082398 -9.931665 -2.691657 -4.301158
7469 1444991609.692377 11.9971 5.070203 -0.005493 -9.931665 -2.691657 -4.301158
7470 1444991609.702540 11.9971 5.070203 -0.005493 -10.019556 -2.691657 -4.301158
7471 1444991609.712857 11.9971 5.070203 -0.005493 -10.019556 -2.691657 -4.301158
7472 1444991609.722775 11.9971 5.070203 -0.005493 -9.931665 -2.691657 -4.301158
7473 1444991609.732907 11.9971 5.070203 -0.005493 -10.019556 -2.691657 -4.301158
7474 1444991609.743113 11.9971 5.070203 -0.005493 -9.931665 -2.691657 -4.301158
7475 1444991609.753330 11.9971 5.070203 -0.005493 -9.931665 -2.691657 -4.301158
7476 1444991609.763346 11.9971 5.070203 -0.005493 -10.019556 -2.691657 -4.301158
7477 1444991609.773468 11.9971 5.070203 -0.005493 -10.019556 -2.691657 -4.301158
7478 1444991609.783557 11.9971 5.070203 -0.005493 -10.019556 -2.691657 -4.301158
7479 1444991609.791034 11.9971 5.070203 -0.005493 -10.019556 -2.691657 -4.301158
7480 1444991609.801171 12.08499 5.070203 -0.005493 -10.019556 -2.691657 -4.301158
7481 1444991609.811117 11.9971 5.070203 -0.005493 -10.019556 -2.691657 -4.301158
7482 1444991609.824059 11.9971 5.070203 -0.005493 -10.019556 -2.691657 -4.301158
7483 1444991609.831229 11.9971 5.070203 -0.005493 -9.931665 -2.691657 -4.301158
7484 1444991609.841789 11.9971 5.070203 -0.005493 -9.931665 -2.691657 -4.301158
7485 1444991609.849940 11.9971 5.070203 -0.005493 -9.931665 -2.691657 -4.301158
7486 1444991609.859143 11.9971 5.070203 -0.005493 -9.931665 -2.691657 -4.301158
7487 1444991609.869354 11.9971 5.070203 -0.005493 -9.931665 -2.691657 -4.301158
7488 1444991609.880506 11.9971 5.070203 -0.005493 -9.931665 -2.691657 -4.301158
7489 1444991609.890996 11.9971 5.070203 -0.005493 -10.019556 -2.691657 -4.301158
7490 1444991609.901094 11.9971 5.070203 0.082398 -10.019556 -2.691657 -4.301158
7491 1444991609.911077 11.9971 5.070203 -0.005493 -10.019556 -2.691657 -4.301158
7492 1444991609.921086 11.9971 5.070203 -0.005493 -10.019556 -2.691657 -4.301158
7493 1444991609.931380 11.9971 5.070203 -0.005493 -10.019556 -2.691657 -4.301158
7494 1444991609.941440 11.9971 5.070203 -0.005493 -10.019556 -2.691657 -4.301158
7495 1444991609.951488 11.9971 5.070203 0.082398 -9.931665 -2.691657 -4.301158
7496 1444991609.961596 11.9971 5.070203 -0.005493 -10.019556 -2.691657 -4.301158
7497 1444991609.971673 11.9971 5.070203 -0.005493 -9.931665 -2.691657 -4.301158
7498 1444991609.981749 11.9971 5.070203 -0.005493 -10.019556 -2.691657 -4.301158
7499 1444991609.991821 11.9971 5.070203 -0.005493 -9.931665 -2.691657 -4.301158
7500 1444991610.001943 11.9971 5.070203 -0.005493 -10.019556 -2.691657 -4.301158
7501 1444991610.012109 11.9971 5.070203 -0.005493 -9.931665 -2.691657 -4.301158
7502 1444991610.021974 11.9971 5.070203 -0.005493 -9.931665 -2.691657 -4.301158
7503 1444991610.032109 11.9971 5.070203 -0.005493 -9.931665 -2.691657 -4.301158
7504 1444991610.042437 11.9971 5.070203 -0.005493 -10.019556 -2.691657 -4.301158
7505 1444991610.052488 11.9971 5.070203 -0.005493 -10.019556 -2.691657 -4.301158
7506 1444991610.062925 11.9971 5.070203 -0.005493 -9.931665 -2.691657 -4.301158
7507 1444991610.072735 11.9971 5.070203 0.082398 -9.931665 -2.691657 -4.301158
7508 1444991610.082938 12.08499 5.070203 -0.005493 -10.019556 -2.691657 -4.301158
7509 1444991610.091129 11.9971 5.070203 -0.005493 -10.019556 -2.691657 -4.301158
7510 1444991610.104899 12.08499 5.070203 -0.005493 -10.019556 -2.691657 -4.301158
7511 1444991610.114945 11.9971 5.070203 -0.005493 -10.019556 -2.691657 -4.301158
7512 1444991610.124657 11.9971 5.070203 -0.005493 -10.019556 -2.691657 -4.301158
7513 1444991610.134858 11.9971 5.070203 -0.005493 -10.019556 -2.691657 -4.301158
7514 1444991610.145093 11.9971 5.070203 -0.005493 -10.019556 -2.691657 -4.301158
7515 1444991610.155959 11.9971 5.070203 -0.005493 -10.019556 -2.691657 -4.301158
7516 1444991610.165986 11.9971 5.070203 -0.005493 -10.019556 -2.691657 -4.301158
7517 1444991610.175537 11.9971 5.070203 -0.005493 -10.019556 -2.691657 -4.301158
7518 1444991610.185568 11.9971 5.070203 0.082398 -10.019556 -2.691657 -4.301158
7519 1444991610.196074 11.9971 5.070203 -0.005493 -9.931665 -2.691657 -4.301158
7520 1444991610.206469 11.9971 5.070203 -0.005493 -10.019556 -2.691657 -4.301158
7521 1444991610.216393 12.08499 5.070203 -0.005493 -10.019556 -2.691657 -4.301158
7522 1444991610.226391 11.9971 5.070203 -0.005493 -10.019556 -2.691657 -4.301158
7523 1444991610.236424 12.08499 5.070203 -0.005493 -10.019556 -2.691657 -4.301158
7524 1444991610.246424 11.9971 5.070203 -0.005493 -9.931665 -2.691657 -4.301158
7525 1444991610.256636 11.9971 5.070203 -0.005493 -9.931665 -2.691657 -4.301158
7526 1444991610.266802 11.9971 5.070203 -0.005493 -10.019556 -2.691657 -4.301158
7527 1444991610.276807 11.9971 5.070203 -0.005493 -9.931665 -2.691657 -4.301158
7528 1444991610.287001 11.9971 5.070203 -0.005493 -10.019556 -2.691657 -4.301158
7529 1444991610.296998 11.9971 5.070203 -0.005493 -10.019556 -2.691657 -4.301158
7530 1444991610.307112 11.9971 5.070203 -0.005493 -10.019556 -2.691657 -4.301158
7531 1444991610.317054 11.9971 5.070203 -0.005493 -9.931665 -2.691657 -4.301158
7532 1444991610.327348 12.08499 5.070203 -0.005493 -10.019556 -2.691657 -4.301158
7533 1444991610.337465 11.9971 5.070203 -0.005493 -10.019556 -2.691657 -4.301158
7534 1444991610.347584 12.08499 5.070203 -0.005493 -10.019556 -2.691657 -4.301158
7535 1444991610.357646 11.9971 5.070203 -0.005493 -10.019556 -2.691657 -4.301158
7536 1444991610.365749 11.9971 5.070203 -0.005493 -9.931665 -2.691657 -4.301158
7537 1444991610.377926 11.9971 5.070203 -0.005493 -10.019556 -2.691657 -4.301158
7538 1444991610.387995 11.9971 5.070203 -0.005493 -10.019556 -2.691657 -4.301158
7539 1444991610.396523 11.9971 5.070203 -0.005493 -10.019556 -2.691657 -4.301158
7540 1444991610.404670 11.9971 5.070203 -0.005493 -10.019556 -2.691657 -4.301158
7541 1444991610.416098 11.9971 5.070203 -0.005493 -10.019556 -2.691657 -4.301158
7542 1444991610.426072 11.9971 5.070203 -0.005493 -10.019556 -2.691657 -4.301158
7543 1444991610.436104 11.9971 5.070203 -0.005493 -10.019556 -2.691657 -4.301158
7544 1444991610.444649 11.9971 5.070203 -0.005493 -9.931665 -2.691657 -4.301158
7545 1444991610.456537 11.9971 5.070203 0.082398 -10.019556 -2.691657 -4.301158
7546 1444991610.464859 11.9971 5.070203 -0.005493 -10.019556 -2.691657 -4.301158
7547 1444991610.474853 11.9971 5.070203 -0.005493 -10.019556 -2.691657 -4.301158
7548 1444991610.484782 11.9971 5.070203 -0.005493 -9.931665 -2.691657 -4.301158
7549 1444991610.495041 11.9971 5.070203 -0.005493 -9.931665 -2.691657 -4.301158
7550 1444991610.505330 11.9971 5.070203 -0.005493 -10.019556 -2.691657 -4.301158
7551 1444991610.514167 11.9971 5.070203 -0.005493 -10.019556 -2.691657 -4.301158
7552 1444991610.525409 11.9971 5.070203 -0.005493 -10.019556 -2.691657 -4.301158
7553 1444991610.535476 11.9971 5.070203 -0.005493 -9.931665 -2.691657 -4.301158
7554 1444991610.544266 11.9971 5.070203 -0.005493 -9.931665 -2.691657 -4.301158
7555 1444991610.556114 11.9971 5.070203 -0.005493 -10.019556 -2.691657 -4.301158
7556 1444991610.566099 12.08499 5.070203 0.082398 -9.931665 -2.691657 -4.301158
7557 1444991610.576002 11.9971 5.070203 -0.005493 -9.931665 -2.691657 -4.301158
7558 1444991610.586066 11.9971 5.070203 -0.005493 -10.019556 -2.691657 -4.301158
7559 1444991610.596196 11.9971 5.070203 0.082398 -10.019556 -2.691657 -4.301158
7560 1444991610.606466 11.9971 5.070203 -0.005493 -10.019556 -2.691657 -4.301158
7561 1444991610.616387 11.9971 5.070203 -0.005493 -10.019556 -2.691657 -4.301158
7562 1444991610.627528 11.9971 5.070203 -0.005493 -9.931665 -2.691657 -4.301158
7563 1444991610.637501 11.9971 5.070203 -0.005493 -10.019556 -2.691657 -4.301158
7564 1444991610.647608 11.9971 5.070203 -0.005493 -10.019556 -2.691657 -4.301158
7565 1444991610.657681 11.9971 5.070203 -0.005493 -10.019556 -2.691657 -4.301158
7566 1444991610.665824 11.9971 5.070203 -0.005493 -10.019556 -2.691657 -4.301158
7567 1444991610.678013 11.9971 5.070203 -0.005493 -10.019556 -2.691657 -4.301158
7568 1444991610.688038 11.9971 5.070203 -0.005493 -9.931665 -2.691657 -4.301158
7569 1444991610.698253 11.9971 5.070203 -0.005493 -10.019556 -2.691657 -4.301158
7570 1444991610.706206 11.9971 5.070203 -0.005493 -10.019556 -2.691657 -4.301158
7571 1444991610.716046 11.9971 5.070203 -0.005493 -10.019556 -2.691657 -4.301158
7572 1444991610.729745 11.9971 5.070203 -0.005493 -9.931665 -2.691657 -4.301158
7573 1444991610.739459 11.9971 5.070203 -0.005493 -10.019556 -2.691657 -4.301158
7574 1444991610.749327 11.9971 5.070203 -0.005493 -10.019556 -2.691657 -4.301158
7575 1444991610.755726 11.9971 5.070203 -0.005493 -10.019556 -2.691657 -4.301158
7576 1444991610.765645 11.9971 5.070203 -0.005493 -10.019556 -2.691657 -4.301158
7577 1444991610.778520 11.9971 5.070203 0.082398 -10.019556 -2.691657 -4.301158
7578 1444991610.789784 11.9971 5.070203 -0.005493 -10.019556 -2.691657 -4.301158
7579 1444991610.799823 11.9971 5.070203 -0.005493 -10.019556 -2.691657 -4.301158
7580 1444991610.809147 11.9971 5.070203 -0.005493 -9.931665 -2.691657 -4.301158
7581 1444991610.819089 11.9971 5.070203 -0.005493 -10.019556 -2.691657 -4.301158
7582 1444991610.828970 11.9971 5.070203 0.082398 -10.019556 -2.691657 -4.301158
7583 1444991610.841016 11.9971 5.070203 -0.005493 -9.931665 -2.691657 -4.301158
7584 1444991610.851002 12.08499 5.070203 -0.005493 -10.019556 -2.691657 -4.301158
7585 1444991610.861201 11.9971 5.070203 -0.005493 -10.019556 -2.691657 -4.301158
7586 1444991610.871187 11.9971 5.070203 0.082398 -9.931665 -2.691657 -4.301158
7587 1444991610.881378 11.9971 5.070203 -0.005493 -10.019556 -2.691657 -4.301158
7588 1444991610.891509 11.9971 5.070203 -0.005493 -9.931665 -2.691657 -4.301158
7589 1444991610.901522 11.9971 5.070203 -0.005493 -10.019556 -2.691657 -4.301158
7590 1444991610.911655 11.9971 5.070203 -0.005493 -10.019556 -2.691657 -4.301158
7591 1444991610.921804 11.9971 5.070203 -0.005493 -10.019556 -2.691657 -4.301158
7592 1444991610.931742 11.9971 5.070203 0.082398 -9.931665 -2.691657 -4.301158
7593 1444991610.942099 12.08499 5.070203 -0.005493 -10.019556 -2.691657 -4.301158
7594 1444991610.952145 11.9971 5.070203 -0.005493 -10.019556 -2.691657 -4.301158
7595 1444991610.960719 11.9971 5.070203 -0.005493 -9.931665 -2.691657 -4.301158
7596 1444991610.970776 11.9971 5.070203 -0.005493 -10.019556 -2.691657 -4.301158
7597 1444991610.980825 11.9971 5.070203 -0.005493 -10.019556 -2.691657 -4.301158
7598 1444991610.991048 11.9971 5.070203 -0.005493 -10.019556 -2.691657 -4.301158
7599 1444991610.995716 11.9971 5.070203 -0.005493 -10.019556 -2.691657 -4.301158
7600 1444991611.006077 11.9971 5.070203 -0.005493 -10.019556 -2.691657 -4.301158
7601 1444991611.016274 11.9971 5.070203 -0.005493 -10.019556 -2.691657 -4.301158
7602 1444991611.026044 11.9971 5.070203 -0.005493 -10.019556 -2.691657 -4.301158
7603 1444991611.036141 11.9971 5.070203 -0.005493 -10.019556 -2.691657 -4.301158
7604 1444991611.046067 11.9971 5.070203 -0.005493 -10.019556 -2.691657 -4.301158
7605 1444991611.055920 11.9971 5.070203 -0.005493 -9.931665 -2.691657 -4.301158
7606 1444991611.066688 11.9971 5.070203 -0.005493 -9.931665 -2.691657 -4.301158
7607 1444991611.079398 11.9971 5.070203 -0.005493 -10.019556 -2.691657 -4.301158
7608 1444991611.089499 11.9971 5.070203 -0.005493 -9.931665 -2.691657 -4.301158
7609 1444991611.099648 12.08499 5.070203 -0.005493 -9.931665 -2.691657 -4.301158
7610 1444991611.108631 11.9971 5.070203 -0.005493 -9.931665 -2.691657 -4.301158
7611 1444991611.118747 11.9971 5.070203 -0.005493 -10.019556 -2.691657 -4.301158
7612 1444991611.130239 11.9971 5.070203 -0.005493 -10.019556 -2.691657 -4.301158
7613 1444991611.141013 11.9971 5.070203 -0.005493 -9.931665 -2.691657 -4.301158
7614 1444991611.151162 11.9971 5.070203 -0.005493 -10.019556 -2.691657 -4.301158
7615 1444991611.161699 11.9971 5.070203 -0.005493 -10.019556 -2.691657 -4.301158
7616 1444991611.171791 11.9971 5.070203 -0.005493 -10.019556 -2.691657 -4.301158
7617 1444991611.181823 11.9971 5.070203 -0.005493 -10.019556 -2.691657 -4.301158
7618 1444991611.192038 11.9971 5.070203 0.082398 -9.931665 -2.691657 -4.301158
7619 1444991611.201961 11.9971 5.070203 -0.005493 -10.019556 -2.691657 -4.301158
7620 1444991611.211826 11.9971 5.070203 -0.005493 -10.019556 -2.691657 -4.301158
7621 1444991611.222263 11.9971 5.070203 -0.005493 -10.019556 -2.691657 -4.301158
7622 1444991611.232428 11.9971 5.070203 -0.005493 -9.931665 -2.691657 -4.301158
7623 1444991611.242496 11.9971 5.070203 -0.005493 -10.019556 -2.691657 -4.301158
7624 1444991611.252758 11.9971 5.070203 -0.005493 -10.019556 -2.691657 -4.301158
7625 1444991611.261005 11.9971 5.070203 -0.005493 -10.019556 -2.691657 -4.301158
7626 1444991611.272874 12.08499 5.070203 -0.005493 -10.019556 -2.691657 -4.301158
7627 1444991611.280820 11.9971 5.070203 -0.005493 -10.019556 -2.691657 -4.301158
7628 1444991611.290793 11.9971 5.070203 -0.005493 -10.019556 -2.691657 -4.301158
7629 1444991611.300979 11.9971 5.070203 -0.005493 -10.019556 -2.691657 -4.301158
7630 1444991611.311448 11.9971 5.070203 -0.005493 -10.019556 -2.691657 -4.301158
7631 1444991611.320952 12.08499 5.070203 -0.005493 -10.019556 -2.691657 -4.301158
7632 1444991611.330997 11.9971 5.070203 -0.005493 -10.019556 -2.691657 -4.301158
7633 1444991611.344350 11.9971 5.070203 -0.005493 -10.019556 -2.691657 -4.301158
7634 1444991611.354735 12.08499 5.070203 -0.005493 -10.019556 -2.691657 -4.301158
7635 1444991611.363612 11.9971 5.070203 -0.005493 -10.019556 -2.691657 -4.301158
7636 1444991611.374737 11.9971 5.070203 -0.005493 -10.019556 -2.691657 -4.301158
7637 1444991611.384861 11.9971 5.070203 -0.005493 -10.019556 -2.691657 -4.301158
7638 1444991611.393426 11.9971 5.070203 -0.005493 -9.931665 -2.691657 -4.301158
7639 1444991611.401918 11.9971 5.070203 0.082398 -10.019556 -2.691657 -4.301158
7640 1444991611.414099 11.9971 5.070203 -0.005493 -10.019556 -2.691657 -4.301158
7641 1444991611.424059 11.9971 5.070203 -0.005493 -9.931665 -2.691657 -4.301158
7642 1444991611.431127 11.9971 5.070203 -0.005493 -10.019556 -2.691657 -4.301158
7643 1444991611.441211 11.9971 5.070203 -0.005493 -10.019556 -2.691657 -4.301158
7644 1444991611.451594 11.9971 5.070203 -0.005493 -9.931665 -2.691657 -4.301158
7645 1444991611.461549 11.9971 5.070203 -0.005493 -10.019556 -2.691657 -4.301158
7646 1444991611.471365 11.9971 5.070203 -0.005493 -10.019556 -2.691657 -4.301158
7647 1444991611.481616 12.08499 5.070203 -0.005493 -10.019556 -2.691657 -4.301158
7648 1444991611.491842 11.9971 5.070203 -0.005493 -10.019556 -2.691657 -4.301158
7649 1444991611.501859 11.9971 5.070203 -0.005493 -9.931665 -2.691657 -4.301158
7650 1444991611.512319 11.9971 5.070203 -0.005493 -10.019556 -2.691657 -4.301158
7651 1444991611.522147 11.9971 5.070203 -0.005493 -10.019556 -2.691657 -4.301158
7652 1444991611.532060 11.9971 5.070203 -0.005493 -9.931665 -2.691657 -4.301158
7653 1444991611.542275 11.9971 5.070203 -0.005493 -9.931665 -2.691657 -4.301158
7654 1444991611.552493 11.9971 5.070203 -0.005493 -10.019556 -2.691657 -4.301158
7655 1444991611.560800 11.9971 5.070203 -0.005493 -10.019556 -2.691657 -4.301158
7656 1444991611.572493 11.9971 5.070203 -0.005493 -10.019556 -2.691657 -4.301158
7657 1444991611.582920 11.9971 5.070203 -0.005493 -10.019556 -2.691657 -4.301158
7658 1444991611.593495 11.9971 5.070203 -0.005493 -10.019556 -2.691657 -4.301158
7659 1444991611.604519 11.9971 5.070203 -0.005493 -10.019556 -2.691657 -4.301158
7660 1444991611.614659 11.9971 5.070203 -0.005493 -9.931665 -2.691657 -4.301158
7661 1444991611.624629 11.9971 5.070203 -0.005493 -9.931665 -2.691657 -4.301158
7662 1444991611.634658 12.08499 5.070203 -0.005493 -9.931665 -2.691657 -4.301158
7663 1444991611.644855 11.9971 5.070203 -0.005493 -10.019556 -2.691657 -4.301158
7664 1444991611.655151 11.9971 5.070203 -0.005493 -10.019556 -2.691657 -4.301158
7665 1444991611.665937 11.9971 5.070203 -0.005493 -10.019556 -2.691657 -4.301158
7666 1444991611.675280 11.9971 5.070203 -0.005493 -9.931665 -2.691657 -4.301158
7667 1444991611.685376 11.9971 5.070203 -0.005493 -9.931665 -2.691657 -4.301158
7668 1444991611.695333 11.9971 5.070203 -0.005493 -10.019556 -2.691657 -4.301158
7669 1444991611.705930 11.9971 5.070203 -0.005493 -10.019556 -2.691657 -4.301158
7670 1444991611.716041 11.9971 5.070203 -0.005493 -10.019556 -2.691657 -4.301158
7671 1444991611.724183 11.9971 5.070203 -0.005493 -10.019556 -2.691657 -4.301158
7672 1444991611.734517 11.9971 5.070203 -0.005493 -9.931665 -2.691657 -4.301158
7673 1444991611.746057 11.9971 5.070203 -0.005493 -10.019556 -2.691657 -4.301158
7674 1444991611.756667 11.9971 5.070203 -0.005493 -9.931665 -2.691657 -4.301158
7675 1444991611.766398 11.9971 5.070203 -0.005493 -10.019556 -2.691657 -4.301158
7676 1444991611.776694 11.9971 5.070203 -0.005493 -9.931665 -2.691657 -4.301158
7677 1444991611.786803 11.9971 5.070203 -0.005493 -9.931665 -2.691657 -4.301158
7678 1444991611.796886 11.9971 5.070203 -0.005493 -10.019556 -2.691657 -4.301158
7679 1444991611.807298 11.9971 5.070203 -0.005493 -10.019556 -2.691657 -4.301158
7680 1444991611.816997 11.9971 5.070203 -0.005493 -10.019556 -2.691657 -4.301158
7681 1444991611.827257 11.9971 5.070203 -0.005493 -9.931665 -2.691657 -4.301158
7682 1444991611.837346 11.9971 5.070203 -0.005493 -10.019556 -2.691657 -4.301158
7683 1444991611.847347 11.9971 5.070203 -0.005493 -10.019556 -2.691657 -4.301158
7684 1444991611.855802 11.9971 5.070203 -0.005493 -10.019556 -2.691657 -4.301158
7685 1444991611.866076 11.9971 5.070203 -0.005493 -9.931665 -2.691657 -4.301158
7686 1444991611.877903 11.9971 5.070203 -0.005493 -10.019556 -2.691657 -4.301158
7687 1444991611.887991 11.9971 5.070203 -0.005493 -10.019556 -2.691657 -4.301158
7688 1444991611.898018 11.9971 5.070203 -0.005493 -10.019556 -2.691657 -4.301158
7689 1444991611.905809 11.9971 5.070203 -0.005493 -10.019556 -2.691657 -4.301158
7690 1444991611.918271 11.9971 5.070203 -0.005493 -10.019556 -2.691657 -4.301158
7691 1444991611.928420 11.9971 5.070203 -0.005493 -10.019556 -2.691657 -4.301158
7692 1444991611.938523 11.9971 5.070203 -0.005493 -9.931665 -2.691657 -4.301158
7693 1444991611.944472 11.9971 5.070203 -0.005493 -10.019556 -2.691657 -4.301158
7694 1444991611.954654 11.9971 5.070203 -0.005493 -10.019556 -2.691657 -4.301158
7695 1444991611.963552 11.9971 5.070203 -0.005493 -10.019556 -2.691657 -4.301158
7696 1444991611.974978 11.9971 5.070203 -0.005493 -10.019556 -2.691657 -4.301158
7697 1444991611.985282 11.9971 5.070203 0.082398 -10.019556 -2.691657 -4.301158
7698 1444991611.994063 12.08499 5.070203 -0.005493 -10.019556 -2.691657 -4.301158
7699 1444991612.006538 11.9971 5.070203 0.082398 -10.019556 -2.691657 -4.301158
7700 1444991612.015998 11.9971 5.070203 0.082398 -9.931665 -2.691657 -4.301158
7701 1444991612.026029 11.9971 5.070203 -0.005493 -10.019556 -2.691657 -4.301158
7702 1444991612.036003 11.9971 5.070203 -0.005493 -9.931665 -2.691657 -4.301158
7703 1444991612.046181 11.9971 5.070203 -0.005493 -10.019556 -2.691657 -4.301158
7704 1444991612.056195 11.9971 5.070203 -0.005493 -10.019556 -2.691657 -4.301158
7705 1444991612.067211 11.9971 5.070203 -0.005493 -10.019556 -2.691657 -4.301158
7706 1444991612.077056 11.9971 5.070203 -0.005493 -9.931665 -2.691657 -4.301158
7707 1444991612.087137 11.9971 5.070203 -0.005493 -10.019556 -2.691657 -4.301158
7708 1444991612.097386 11.9971 5.070203 -0.005493 -10.019556 -2.691657 -4.301158
7709 1444991612.107505 11.9971 5.070203 -0.005493 -10.019556 -2.691657 -4.301158
7710 1444991612.117603 11.9971 5.070203 -0.005493 -10.019556 -2.691657 -4.301158
7711 1444991612.128520 11.9971 5.070203 -0.005493 -10.019556 -2.691657 -4.301158
7712 1444991612.137811 11.9971 5.070203 -0.005493 -9.931665 -2.691657 -4.301158
7713 1444991612.147845 12.08499 5.070203 -0.005493 -9.931665 -2.691657 -4.301158
7714 1444991612.156067 11.9971 5.070203 -0.005493 -10.019556 -2.691657 -4.301158
7715 1444991612.166277 11.9971 5.070203 -0.005493 -10.019556 -2.691657 -4.301158
7716 1444991612.178386 11.9971 5.070203 -0.005493 -10.019556 -2.691657 -4.301158
7717 1444991612.188544 11.9971 5.070203 -0.005493 -10.019556 -2.691657 -4.301158
7718 1444991612.199549 11.9971 5.070203 -0.005493 -10.019556 -2.691657 -4.301158
7719 1444991612.206093 11.9971 5.070203 -0.005493 -10.019556 -2.691657 -4.301158
7720 1444991612.218590 12.08499 5.070203 -0.005493 -9.931665 -2.691657 -4.301158
7721 1444991612.229638 11.9971 5.070203 -0.005493 -9.931665 -2.691657 -4.301158
7722 1444991612.239784 11.9971 5.070203 -0.005493 -9.931665 -2.691657 -4.301158
7723 1444991612.249885 11.9971 5.070203 -0.005493 -9.931665 -2.691657 -4.301158
7724 1444991612.259084 11.9971 5.070203 -0.005493 -10.019556 -2.691657 -4.301158
7725 1444991612.268963 11.9971 5.070203 -0.005493 -10.019556 -2.691657 -4.301158
7726 1444991612.278873 11.9971 5.070203 -0.005493 -10.019556 -2.691657 -4.301158
7727 1444991612.290355 11.9971 5.070203 -0.005493 -10.019556 -2.691657 -4.301158
7728 1444991612.299274 11.9971 5.070203 -0.005493 -10.019556 -2.691657 -4.301158
7729 1444991612.309624 11.9971 5.070203 -0.005493 -10.019556 -2.691657 -4.301158
7730 1444991612.319622 11.9971 5.070203 -0.005493 -10.019556 -2.691657 -4.301158
7731 1444991612.331097 11.9971 5.070203 -0.005493 -10.019556 -2.691657 -4.301158
7732 1444991612.341199 11.9971 5.070203 -0.005493 -9.931665 -2.691657 -4.301158
7733 1444991612.351227 12.08499 5.070203 -0.005493 -9.931665 -2.691657 -4.301158
7734 1444991612.361272 11.9971 5.070203 -0.005493 -10.019556 -2.691657 -4.301158
7735 1444991612.371561 11.9971 5.070203 -0.005493 -9.931665 -2.691657 -4.301158
7736 1444991612.380135 11.9971 5.070203 -0.005493 -10.019556 -2.691657 -4.301158
7737 1444991612.390134 11.9971 5.070203 -0.005493 -10.019556 -2.691657 -4.301158
7738 1444991612.400295 12.08499 5.070203 -0.005493 -10.019556 -2.691657 -4.301158
7739 1444991612.410443 12.08499 5.070203 -0.005493 -9.931665 -2.691657 -4.301158
7740 1444991612.420591 11.9971 5.070203 -0.005493 -10.019556 -2.691657 -4.301158
7741 1444991612.427274 11.9971 5.070203 -0.005493 -10.019556 -2.691657 -4.301158
7742 1444991612.437421 11.9971 5.070203 -0.005493 -9.931665 -2.691657 -4.301158
7743 1444991612.447498 11.9971 5.070203 -0.005493 -10.019556 -2.691657 -4.301158
7744 1444991612.456071 11.9971 5.070203 -0.005493 -10.019556 -2.691657 -4.301158
7745 1444991612.468221 11.9971 5.070203 -0.005493 -10.019556 -2.691657 -4.301158
7746 1444991612.478362 11.9971 5.070203 -0.005493 -10.019556 -2.691657 -4.301158
7747 1444991612.488461 11.9971 5.070203 -0.005493 -10.019556 -2.691657 -4.301158
7748 1444991612.496280 11.9971 5.070203 -0.005493 -10.019556 -2.691657 -4.301158
7749 1444991612.509763 11.9971 5.070203 -0.005493 -10.019556 -2.691657 -4.301158
7750 1444991612.519072 11.9971 5.070203 -0.005493 -10.019556 -2.691657 -4.301158
7751 1444991612.530555 11.9971 5.070203 -0.005493 -9.931665 -2.691657 -4.301158
7752 1444991612.539295 11.9971 5.070203 -0.005493 -10.019556 -2.691657 -4.301158
7753 1444991612.550927 11.9971 5.070203 -0.005493 -10.019556 -2.691657 -4.301158
7754 1444991612.561352 11.9971 5.070203 -0.005493 -10.019556 -2.691657 -4.301158
7755 1444991612.571111 11.9971 5.070203 -0.005493 -9.931665 -2.691657 -4.301158
7756 1444991612.581553 11.9971 5.070203 -0.005493 -10.019556 -2.691657 -4.301158
7757 1444991612.591475 11.9971 5.070203 -0.005493 -10.019556 -2.691657 -4.301158
7758 1444991612.601697 11.9971 5.070203 -0.005493 -10.019556 -2.691657 -4.301158
7759 1444991612.611697 11.9971 5.070203 -0.005493 -9.931665 -2.691657 -4.301158
7760 1444991612.621679 11.9971 5.070203 -0.005493 -9.931665 -2.691657 -4.301158
7761 1444991612.631955 11.9971 5.070203 -0.005493 -10.019556 -2.691657 -4.301158
7762 1444991612.642001 11.9971 5.070203 -0.005493 -9.931665 -2.691657 -4.301158
7763 1444991612.652176 11.9971 5.070203 -0.005493 -9.931665 -2.691657 -4.301158
7764 1444991612.662089 12.08499 5.070203 -0.005493 -10.019556 -2.691657 -4.301158
7765 1444991612.672252 11.9971 5.070203 -0.005493 -10.019556 -2.691657 -4.301158
7766 1444991612.682459 11.9971 5.070203 -0.005493 -10.019556 -2.691657 -4.301158
7767 1444991612.692543 11.9971 5.070203 -0.005493 -10.019556 -2.691657 -4.301158
7768 1444991612.702774 12.08499 5.070203 -0.005493 -10.019556 -2.691657 -4.301158
7769 1444991612.710910 11.9971 5.070203 -0.005493 -9.931665 -2.691657 -4.301158
7770 1444991612.722875 11.9971 5.070203 -0.005493 -10.019556 -2.691657 -4.301158
7771 1444991612.731298 11.9971 5.070203 -0.005493 -9.931665 -2.691657 -4.301158
7772 1444991612.743153 12.08499 5.070203 -0.005493 -10.019556 -2.691657 -4.301158
7773 1444991612.753424 11.9971 5.070203 -0.005493 -10.019556 -2.691657 -4.301158
7774 1444991612.761443 11.9971 5.070203 -0.005493 -10.019556 -2.691657 -4.301158
7775 1444991612.771461 11.9971 5.070203 -0.005493 -9.931665 -2.691657 -4.301158
7776 1444991612.781977 11.9971 5.070203 -0.005493 -10.019556 -2.691657 -4.301158
7777 1444991612.791261 11.9971 5.070203 -0.005493 -10.019556 -2.691657 -4.301158
7778 1444991612.801740 11.9971 5.070203 -0.005493 -10.019556 -2.691657 -4.301158
7779 1444991612.811725 11.9971 5.070203 -0.005493 -10.019556 -2.691657 -4.301158
7780 1444991612.821960 11.9971 5.070203 -0.005493 -9.931665 -2.691657 -4.301158
7781 1444991612.831028 12.08499 5.070203 -0.005493 -10.019556 -2.691657 -4.301158
7782 1444991612.839213 11.9971 5.070203 -0.005493 -9.931665 -2.691657 -4.301158
7783 1444991612.851115 11.9971 5.070203 -0.005493 -10.019556 -2.691657 -4.301158
7784 1444991612.861716 11.9971 5.070203 -0.005493 -9.931665 -2.691657 -4.301158
7785 1444991612.871203 11.9971 5.070203 0.082398 -10.019556 -2.691657 -4.301158
7786 1444991612.882179 12.08499 5.070203 -0.005493 -10.019556 -2.691657 -4.301158
7787 1444991612.892197 12.08499 5.070203 -0.005493 -9.931665 -2.691657 -4.301158
7788 1444991612.902111 12.08499 5.070203 -0.005493 -10.019556 -2.691657 -4.301158
7789 1444991612.913090 11.9971 5.070203 -0.005493 -10.019556 -2.691657 -4.301158
7790 1444991612.922259 11.9971 5.070203 -0.005493 -10.019556 -2.691657 -4.301158
7791 1444991612.932385 12.08499 5.070203 -0.005493 -9.931665 -2.691657 -4.301158
7792 1444991612.943318 11.9971 5.070203 -0.005493 -10.019556 -2.691657 -4.301158
7793 1444991612.953323 11.9971 5.070203 -0.005493 -10.019556 -2.691657 -4.301158
7794 1444991612.963139 11.9971 5.070203 -0.005493 -9.931665 -2.691657 -4.301158
7795 1444991612.973257 11.9971 5.070203 -0.005493 -10.019556 -2.691657 -4.301158
7796 1444991612.983454 11.9971 5.070203 -0.005493 -10.019556 -2.691657 -4.301158
7797 1444991612.993466 11.9971 5.070203 -0.005493 -10.019556 -2.691657 -4.301158
7798 1444991613.004571 11.9971 5.070203 -0.005493 -9.931665 -2.691657 -4.301158
7799 1444991613.013590 11.9971 5.070203 -0.005493 -10.019556 -2.691657 -4.301158
7800 1444991613.023648 11.9971 5.070203 -0.005493 -10.019556 -2.691657 -4.301158
7801 1444991613.033741 11.9971 5.070203 -0.005493 -10.019556 -2.691657 -4.301158
7802 1444991613.043941 11.9971 5.070203 -0.005493 -10.019556 -2.691657 -4.301158
7803 1444991613.055088 11.9971 5.070203 0.082398 -10.019556 -2.691657 -4.301158
7804 1444991613.064739 11.9971 5.070203 -0.005493 -9.931665 -2.691657 -4.301158
7805 1444991613.074882 11.9971 5.070203 -0.005493 -10.019556 -2.691657 -4.301158
7806 1444991613.084976 11.9971 5.070203 -0.005493 -10.019556 -2.691657 -4.301158
7807 1444991613.095238 11.9971 5.070203 -0.005493 -10.019556 -2.691657 -4.301158
7808 1444991613.105192 11.9971 5.070203 -0.005493 -9.931665 -2.691657 -4.301158
7809 1444991613.114242 11.9971 5.070203 -0.005493 -10.019556 -2.691657 -4.301158
7810 1444991613.125302 11.9971 5.070203 -0.005493 -10.019556 -2.691657 -4.301158
7811 1444991613.134223 11.9971 5.070203 -0.005493 -10.019556 -2.691657 -4.301158
7812 1444991613.144137 11.9971 5.070203 -0.005493 -10.019556 -2.691657 -4.301158
7813 1444991613.154423 11.9971 5.070203 -0.005493 -9.931665 -2.779548 -4.301158
7814 1444991613.164624 11.9971 5.070203 -0.005493 -10.019556 -2.691657 -4.301158
7815 1444991613.174590 11.9971 5.070203 -0.005493 -9.931665 -2.691657 -4.301158
7816 1444991613.184603 11.9971 5.070203 -0.005493 -10.019556 -2.691657 -4.301158
7817 1444991613.196133 11.9971 5.070203 -0.005493 -10.019556 -2.691657 -4.301158
7818 1444991613.206397 11.9971 5.070203 -0.005493 -10.019556 -2.691657 -4.301158
7819 1444991613.215392 11.9971 5.070203 -0.005493 -10.019556 -2.691657 -4.301158
7820 1444991613.226571 11.9971 5.070203 -0.005493 -10.019556 -2.691657 -4.301158
7821 1444991613.236865 11.9971 5.070203 -0.005493 -10.019556 -2.691657 -4.301158
7822 1444991613.246923 11.9971 5.070203 -0.005493 -10.019556 -2.691657 -4.301158
7823 1444991613.257199 11.9971 5.070203 -0.005493 -10.019556 -2.691657 -4.301158
7824 1444991613.266196 11.9971 5.070203 -0.005493 -10.019556 -2.691657 -4.301158
7825 1444991613.277286 11.9971 5.070203 -0.005493 -9.931665 -2.691657 -4.301158
7826 1444991613.286047 11.9971 5.070203 -0.005493 -10.019556 -2.691657 -4.301158
7827 1444991613.296061 11.9971 5.070203 -0.005493 -10.019556 -2.691657 -4.301158
7828 1444991613.306217 11.9971 5.070203 -0.005493 -10.019556 -2.691657 -4.301158
7829 1444991613.315926 11.9971 5.070203 -0.005493 -10.019556 -2.691657 -4.301158
7830 1444991613.323325 11.9971 5.070203 -0.005493 -10.019556 -2.691657 -4.301158
7831 1444991613.333336 11.9971 5.070203 -0.005493 -10.019556 -2.691657 -4.301158
7832 1444991613.344694 11.9971 5.070203 -0.005493 -10.019556 -2.691657 -4.301158
7833 1444991613.356874 11.9971 5.070203 -0.005493 -10.019556 -2.691657 -4.301158
7834 1444991613.366735 11.9971 5.070203 -0.005493 -10.019556 -2.691657 -4.301158
7835 1444991613.376245 11.9971 5.070203 -0.005493 -10.019556 -2.691657 -4.301158
7836 1444991613.386805 11.9971 5.070203 -0.005493 -10.019556 -2.691657 -4.301158
7837 1444991613.396819 11.9971 5.070203 -0.005493 -10.019556 -2.691657 -4.301158
7838 1444991613.407153 11.9971 5.070203 0.082398 -10.019556 -2.691657 -4.301158
7839 1444991613.417178 11.9971 5.070203 -0.005493 -9.931665 -2.691657 -4.301158
7840 1444991613.427043 11.9971 5.070203 -0.005493 -10.019556 -2.691657 -4.301158
7841 1444991613.437089 11.9971 5.070203 -0.005493 -10.019556 -2.691657 -4.301158
7842 1444991613.447184 11.9971 5.070203 -0.005493 -10.019556 -2.691657 -4.301158
7843 1444991613.457319 11.9971 5.070203 -0.005493 -9.931665 -2.691657 -4.301158
7844 1444991613.467345 11.9971 5.070203 -0.005493 -10.019556 -2.691657 -4.301158
7845 1444991613.477346 11.9971 5.070203 -0.005493 -10.019556 -2.691657 -4.301158
7846 1444991613.487492 11.9971 5.070203 -0.005493 -10.019556 -2.691657 -4.301158
7847 1444991613.497321 11.9971 5.070203 -0.005493 -9.931665 -2.691657 -4.301158
7848 1444991613.507745 11.9971 5.070203 -0.005493 -10.019556 -2.691657 -4.301158
7849 1444991613.517633 11.9971 5.070203 -0.005493 -10.019556 -2.691657 -4.301158
7850 1444991613.527927 11.9971 5.070203 -0.005493 -10.019556 -2.691657 -4.301158
7851 1444991613.537946 11.9971 5.070203 -0.005493 -9.931665 -2.691657 -4.301158
7852 1444991613.548027 11.9971 5.070203 -0.005493 -10.019556 -2.691657 -4.301158
7853 1444991613.556153 11.9971 5.070203 -0.005493 -10.019556 -2.691657 -4.301158
7854 1444991613.565924 11.9971 5.070203 -0.005493 -10.019556 -2.691657 -4.301158
7855 1444991613.578697 11.9971 5.070203 -0.005493 -10.019556 -2.691657 -4.301158
7856 1444991613.588822 11.9971 5.070203 -0.005493 -10.019556 -2.691657 -4.301158
7857 1444991613.598938 11.9971 5.070203 -0.005493 -10.019556 -2.691657 -4.301158
7858 1444991613.606301 11.9971 5.070203 0.082398 -10.019556 -2.691657 -4.301158
7859 1444991613.616362 11.9971 5.070203 -0.005493 -10.019556 -2.691657 -4.301158
7860 1444991613.626463 11.9971 5.070203 -0.005493 -10.019556 -2.691657 -4.301158
7861 1444991613.636510 11.9971 5.070203 -0.005493 -10.019556 -2.691657 -4.301158
7862 1444991613.646620 12.08499 5.070203 -0.005493 -9.931665 -2.691657 -4.301158
7863 1444991613.656444 11.9971 5.070203 -0.005493 -10.019556 -2.691657 -4.301158
7864 1444991613.668973 11.9971 5.070203 -0.005493 -10.019556 -2.691657 -4.301158
7865 1444991613.676284 11.9971 5.070203 0.082398 -10.019556 -2.691657 -4.301158
7866 1444991613.687061 11.9971 5.070203 -0.005493 -10.019556 -2.691657 -4.301158
7867 1444991613.700391 11.9971 5.070203 -0.005493 -10.019556 -2.691657 -4.301158
7868 1444991613.709531 11.9971 5.070203 -0.005493 -9.931665 -2.691657 -4.301158
7869 1444991613.717485 11.9971 5.070203 -0.005493 -10.019556 -2.691657 -4.301158
7870 1444991613.727065 11.9971 5.070203 -0.005493 -10.019556 -2.691657 -4.301158
7871 1444991613.736996 11.9971 5.070203 -0.005493 -10.019556 -2.691657 -4.301158
7872 1444991613.746851 11.9971 5.070203 -0.005493 -10.019556 -2.691657 -4.301158
7873 1444991613.757463 11.9971 5.070203 -0.005493 -10.019556 -2.691657 -4.301158
7874 1444991613.767627 11.9971 5.070203 -0.005493 -10.019556 -2.691657 -4.301158
7875 1444991613.777044 11.9971 5.070203 -0.005493 -10.019556 -2.691657 -4.301158
7876 1444991613.787631 11.9971 5.070203 -0.005493 -10.019556 -2.691657 -4.301158
7877 1444991613.797582 11.9971 5.070203 -0.005493 -9.931665 -2.691657 -4.301158
7878 1444991613.807452 11.9971 5.070203 -0.005493 -10.019556 -2.691657 -4.301158
7879 1444991613.817817 11.9971 5.070203 -0.005493 -10.019556 -2.691657 -4.301158
7880 1444991613.827576 12.08499 5.070203 -0.005493 -10.019556 -2.691657 -4.301158
7881 1444991613.837743 11.9971 5.070203 -0.005493 -10.019556 -2.691657 -4.301158
7882 1444991613.847876 11.9971 5.070203 -0.005493 -10.019556 -2.691657 -4.301158
7883 1444991613.860468 11.9971 5.070203 0.082398 -10.019556 -2.691657 -4.301158
7884 1444991613.869985 11.9971 5.070203 -0.005493 -9.931665 -2.691657 -4.301158
7885 1444991613.880231 11.9971 5.070203 -0.005493 -9.931665 -2.691657 -4.301158
7886 1444991613.890321 11.9971 5.070203 -0.005493 -10.019556 -2.691657 -4.301158
7887 1444991613.900489 11.9971 5.070203 -0.005493 -10.019556 -2.691657 -4.301158
7888 1444991613.911190 11.9971 5.070203 0.082398 -9.931665 -2.691657 -4.301158
7889 1444991613.919341 12.08499 5.070203 -0.005493 -9.931665 -2.691657 -4.301158
7890 1444991613.929321 12.08499 5.070203 -0.005493 -9.931665 -2.691657 -4.301158
7891 1444991613.940683 11.9971 5.070203 -0.005493 -9.931665 -2.691657 -4.301158
7892 1444991613.951052 11.9971 5.070203 -0.005493 -10.019556 -2.691657 -4.301158
7893 1444991613.961156 11.9971 5.070203 -0.005493 -9.931665 -2.691657 -4.301158
7894 1444991613.971154 11.9971 5.070203 -0.005493 -10.019556 -2.691657 -4.301158
7895 1444991613.981450 11.9971 5.070203 -0.005493 -10.019556 -2.691657 -4.301158
7896 1444991613.991489 11.9971 5.070203 -0.005493 -10.019556 -2.691657 -4.301158
7897 1444991614.001601 11.9971 5.070203 -0.005493 -10.019556 -2.691657 -4.301158
7898 1444991614.011612 11.9971 5.070203 -0.005493 -10.019556 -2.691657 -4.301158
7899 1444991614.021964 11.9971 5.070203 -0.005493 -10.019556 -2.691657 -4.301158
7900 1444991614.032204 11.9971 5.070203 -0.005493 -10.019556 -2.691657 -4.301158
7901 1444991614.042240 12.08499 5.070203 -0.005493 -9.931665 -2.691657 -4.301158
7902 1444991614.052389 11.9971 5.070203 -0.005493 -10.019556 -2.691657 -4.301158
7903 1444991614.062418 11.9971 5.070203 -0.005493 -10.019556 -2.691657 -4.301158
7904 1444991614.072534 11.9971 5.070203 -0.005493 -9.931665 -2.691657 -4.301158
7905 1444991614.082691 11.9971 5.070203 -0.005493 -9.931665 -2.691657 -4.301158
7906 1444991614.092769 11.9971 5.070203 0.082398 -10.019556 -2.691657 -4.301158
7907 1444991614.101310 11.9971 5.070203 -0.005493 -10.019556 -2.691657 -4.301158
7908 1444991614.110929 11.9971 5.070203 -0.005493 -9.931665 -2.691657 -4.301158
7909 1444991614.123148 11.9971 5.070203 -0.005493 -10.019556 -2.691657 -4.301158
7910 1444991614.133280 11.9971 5.070203 -0.005493 -10.019556 -2.691657 -4.301158
7911 1444991614.141749 11.9971 5.070203 -0.005493 -9.931665 -2.691657 -4.301158
7912 1444991614.151837 11.9971 5.070203 -0.005493 -9.931665 -2.691657 -4.301158
7913 1444991614.161180 11.9971 5.070203 -0.005493 -10.019556 -2.691657 -4.301158
7914 1444991614.166162 11.9971 5.070203 -0.005493 -10.019556 -2.691657 -4.301158
7915 1444991614.176769 12.08499 5.070203 -0.005493 -9.931665 -2.691657 -4.301158
7916 1444991614.186261 11.9971 5.070203 -0.005493 -10.019556 -2.691657 -4.301158
7917 1444991614.196548 11.9971 5.070203 -0.005493 -9.931665 -2.691657 -4.301158
7918 1444991614.206572 11.9971 5.070203 -0.005493 -10.019556 -2.691657 -4.301158
7919 1444991614.218830 11.9971 5.070203 -0.005493 -9.931665 -2.691657 -4.301158
7920 1444991614.230080 11.9971 5.070203 -0.005493 -10.019556 -2.691657 -4.301158
7921 1444991614.239112 11.9971 5.070203 -0.005493 -10.019556 -2.691657 -4.301158
7922 1444991614.250408 11.9971 5.070203 -0.005493 -9.931665 -2.691657 -4.301158
7923 1444991614.259451 11.9971 5.070203 -0.005493 -9.931665 -2.691657 -4.301158
7924 1444991614.271381 11.9971 5.070203 0.082398 -10.019556 -2.691657 -4.301158
7925 1444991614.281441 11.9971 5.070203 -0.005493 -9.931665 -2.691657 -4.301158
7926 1444991614.291903 11.9971 5.070203 -0.005493 -9.931665 -2.691657 -4.301158
7927 1444991614.301928 11.9971 5.070203 -0.005493 -9.931665 -2.691657 -4.301158
7928 1444991614.312242 11.9971 5.070203 -0.005493 -10.019556 -2.691657 -4.301158
7929 1444991614.322218 11.9971 5.070203 0.082398 -9.931665 -2.691657 -4.301158
7930 1444991614.332161 11.9971 5.070203 -0.005493 -9.931665 -2.691657 -4.301158
7931 1444991614.342346 12.08499 5.070203 -0.005493 -10.019556 -2.691657 -4.301158
7932 1444991614.352728 11.9971 5.070203 -0.005493 -10.019556 -2.691657 -4.301158
7933 1444991614.362741 11.9971 5.070203 -0.005493 -10.019556 -2.691657 -4.301158
7934 1444991614.372757 11.9971 5.070203 -0.005493 -9.931665 -2.691657 -4.301158
7935 1444991614.383000 11.9971 5.070203 -0.005493 -10.019556 -2.691657 -4.301158
7936 1444991614.392977 12.08499 5.070203 -0.005493 -10.019556 -2.691657 -4.301158
7937 1444991614.403266 11.9971 5.070203 -0.005493 -9.931665 -2.691657 -4.301158
7938 1444991614.413415 11.9971 5.070203 -0.005493 -10.019556 -2.691657 -4.301158
7939 1444991614.423518 11.9971 5.070203 -0.005493 -10.019556 -2.691657 -4.301158
7940 1444991614.433572 11.9971 5.070203 -0.005493 -10.019556 -2.691657 -4.301158
7941 1444991614.443713 11.9971 5.070203 -0.005493 -9.931665 -2.691657 -4.301158
7942 1444991614.454738 11.9971 5.070203 -0.005493 -10.019556 -2.691657 -4.301158
7943 1444991614.464705 11.9971 5.070203 0.082398 -10.019556 -2.691657 -4.301158
7944 1444991614.474657 11.9971 5.070203 -0.005493 -10.019556 -2.691657 -4.301158
7945 1444991614.484716 11.9971 5.070203 -0.005493 -10.019556 -2.691657 -4.301158
7946 1444991614.495013 11.9971 5.070203 -0.005493 -9.931665 -2.691657 -4.301158
7947 1444991614.505236 11.9971 5.070203 -0.005493 -9.931665 -2.691657 -4.301158
7948 1444991614.515326 12.08499 5.070203 -0.005493 -9.931665 -2.691657 -4.301158
7949 1444991614.525251 11.9971 5.070203 -0.005493 -10.019556 -2.691657 -4.301158
7950 1444991614.535424 11.9971 5.070203 -0.005493 -10.019556 -2.691657 -4.301158
7951 1444991614.545476 11.9971 5.070203 -0.005493 -9.931665 -2.691657 -4.301158
7952 1444991614.555787 11.9971 5.070203 -0.005493 -10.019556 -2.691657 -4.301158
7953 1444991614.564389 11.9971 5.070203 -0.005493 -10.019556 -2.691657 -4.301158
7954 1444991614.575877 11.9971 5.070203 -0.005493 -10.019556 -2.691657 -4.301158
7955 1444991614.584501 11.9971 5.070203 -0.005493 -10.019556 -2.691657 -4.301158
7956 1444991614.594671 11.9971 5.070203 -0.005493 -9.931665 -2.691657 -4.301158
7957 1444991614.601482 11.9971 5.070203 -0.005493 -10.019556 -2.691657 -4.301158
7958 1444991614.615016 11.9971 5.070203 -0.005493 -9.931665 -2.691657 -4.301158
7959 1444991614.624960 11.9971 5.070203 -0.005493 -9.931665 -2.691657 -4.301158
7960 1444991614.631750 11.9971 5.070203 -0.005493 -10.019556 -2.691657 -4.301158
7961 1444991614.641970 11.9971 5.070203 -0.005493 -10.019556 -2.691657 -4.301158
7962 1444991614.652022 11.9971 5.070203 -0.005493 -10.019556 -2.691657 -4.301158
7963 1444991614.662046 11.9971 5.070203 -0.005493 -10.019556 -2.691657 -4.301158
7964 1444991614.672089 11.9971 5.070203 -0.005493 -10.019556 -2.691657 -4.301158
7965 1444991614.682400 11.9971 5.070203 -0.005493 -10.019556 -2.691657 -4.301158
7966 1444991614.692497 11.9971 5.070203 -0.005493 -10.019556 -2.691657 -4.301158
7967 1444991614.704893 11.9971 5.070203 -0.005493 -9.931665 -2.691657 -4.301158
7968 1444991614.714814 11.9971 5.070203 -0.005493 -10.019556 -2.691657 -4.301158
7969 1444991614.723181 12.08499 5.070203 -0.005493 -10.019556 -2.691657 -4.301158
7970 1444991614.731065 11.9971 5.070203 -0.005493 -10.019556 -2.691657 -4.301158
7971 1444991614.744426 11.9971 5.070203 -0.005493 -10.019556 -2.691657 -4.301158
7972 1444991614.756316 11.9971 5.070203 -0.005493 -10.019556 -2.691657 -4.301158
7973 1444991614.766560 11.9971 5.070203 -0.005493 -10.019556 -2.691657 -4.301158
7974 1444991614.774777 11.9971 5.070203 -0.005493 -9.931665 -2.691657 -4.301158
7975 1444991614.786120 11.9971 5.070203 -0.005493 -10.019556 -2.691657 -4.301158
7976 1444991614.796311 11.9971 5.070203 -0.005493 -9.931665 -2.691657 -4.301158
7977 1444991614.806923 11.9971 5.070203 0.082398 -10.019556 -2.691657 -4.301158
7978 1444991614.816789 11.9971 5.070203 -0.005493 -10.019556 -2.691657 -4.301158
7979 1444991614.826508 11.9971 5.070203 -0.005493 -10.019556 -2.691657 -4.301158
7980 1444991614.836668 11.9971 5.070203 -0.005493 -10.019556 -2.691657 -4.301158
7981 1444991614.846658 11.9971 5.070203 -0.005493 -10.019556 -2.691657 -4.301158
7982 1444991614.856894 11.9971 5.070203 -0.005493 -10.019556 -2.691657 -4.301158
7983 1444991614.867242 11.9971 5.070203 -0.005493 -9.931665 -2.691657 -4.301158
7984 1444991614.876774 11.9971 5.070203 -0.005493 -10.019556 -2.691657 -4.301158
7985 1444991614.886858 11.9971 5.070203 -0.005493 -9.931665 -2.691657 -4.301158
7986 1444991614.897027 11.9971 5.070203 -0.005493 -10.019556 -2.691657 -4.301158
7987 1444991614.907126 11.9971 5.070203 -0.005493 -9.931665 -2.691657 -4.301158
7988 1444991614.917265 11.9971 5.070203 -0.005493 -9.931665 -2.691657 -4.301158
7989 1444991614.927377 12.08499 5.070203 -0.005493 -10.019556 -2.691657 -4.301158
7990 1444991614.937484 11.9971 5.070203 -0.005493 -10.019556 -2.691657 -4.301158
7991 1444991614.947879 11.9971 5.070203 -0.005493 -9.931665 -2.691657 -4.301158
7992 1444991614.958086 11.9971 5.070203 -0.005493 -9.931665 -2.691657 -4.301158
7993 1444991614.968118 11.9971 5.070203 -0.005493 -9.931665 -2.691657 -4.301158
7994 1444991614.978222 11.9971 5.070203 -0.005493 -9.931665 -2.691657 -4.301158
7995 1444991614.988404 11.9971 5.070203 -0.005493 -10.019556 -2.691657 -4.301158
7996 1444991614.998541 11.9971 5.070203 -0.005493 -10.019556 -2.691657 -4.301158
7997 1444991615.006232 11.9971 5.070203 -0.005493 -10.019556 -2.691657 -4.301158
7998 1444991615.016413 11.9971 5.070203 -0.005493 -10.019556 -2.691657 -4.301158
7999 1444991615.026132 12.08499 5.070203 -0.005493 -10.019556 -2.691657 -4.301158
8000 1444991615.036185 11.9971 5.070203 -0.005493 -10.019556 -2.691657 -4.301158
8001 1444991615.044603 11.9971 5.070203 -0.005493 -9.931665 -2.691657 -4.301158
8002 1444991615.055815 11.9971 5.070203 -0.005493 -10.019556 -2.691657 -4.301158
8003 1444991615.065078 11.9971 5.070203 -0.005493 -10.019556 -2.691657 -4.301158
8004 1444991615.075007 11.9971 5.070203 -0.005493 -10.019556 -2.691657 -4.301158
8005 1444991615.085144 12.08499 5.070203 -0.005493 -10.019556 -2.691657 -4.301158
8006 1444991615.094922 11.9971 5.070203 -0.005493 -9.931665 -2.691657 -4.301158
8007 1444991615.104107 11.9971 5.070203 -0.005493 -10.019556 -2.691657 -4.301158
8008 1444991615.114362 11.9971 5.070203 -0.005493 -10.019556 -2.691657 -4.301158
8009 1444991615.125628 11.9971 5.070203 -0.005493 -10.019556 -2.691657 -4.301158
8010 1444991615.136261 11.9971 5.070203 -0.005493 -10.019556 -2.691657 -4.301158
8011 1444991615.144653 11.9971 5.070203 -0.005493 -9.931665 -2.691657 -4.301158
8012 1444991615.156596 11.9971 5.070203 -0.005493 -9.931665 -2.691657 -4.301158
8013 1444991615.166422 11.9971 5.070203 -0.005493 -10.019556 -2.691657 -4.301158
8014 1444991615.176483 11.9971 5.070203 -0.005493 -9.931665 -2.691657 -4.301158
8015 1444991615.186487 11.9971 5.070203 -0.005493 -10.019556 -2.691657 -4.301158
8016 1444991615.196550 11.9971 5.070203 -0.005493 -10.019556 -2.691657 -4.301158
8017 1444991615.206608 11.9971 5.070203 -0.005493 -10.019556 -2.691657 -4.301158
8018 1444991615.217251 11.9971 5.070203 -0.005493 -9.931665 -2.691657 -4.301158
8019 1444991615.227481 12.08499 5.070203 -0.005493 -10.019556 -2.691657 -4.301158
8020 1444991615.237631 11.9971 5.070203 -0.005493 -9.931665 -2.691657 -4.301158
8021 1444991615.249311 11.9971 5.070203 -0.005493 -10.019556 -2.691657 -4.301158
8022 1444991615.259702 11.9971 5.070203 -0.005493 -10.019556 -2.691657 -4.301158
8023 1444991615.269494 11.9971 5.070203 -0.005493 -10.019556 -2.691657 -4.301158
8024 1444991615.279538 11.9971 5.070203 -0.005493 -9.931665 -2.691657 -4.301158
8025 1444991615.289891 11.9971 5.070203 -0.005493 -9.931665 -2.691657 -4.301158
8026 1444991615.299961 11.9971 5.070203 -0.005493 -10.019556 -2.691657 -4.301158
8027 1444991615.309802 11.9971 5.070203 -0.005493 -10.019556 -2.691657 -4.301158
8028 1444991615.319915 11.9971 5.070203 0.082398 -10.019556 -2.691657 -4.301158
8029 1444991615.329871 11.9971 5.070203 -0.005493 -9.931665 -2.691657 -4.301158
8030 1444991615.339989 11.9971 5.070203 -0.005493 -10.019556 -2.691657 -4.301158
