7898 1444992933.169989 -0.049439 0.010986 -10.008569
7899 1444992933.180614 -0.049439 0.010986 -9.920679
7900 1444992933.190671 0.038452 0.010986 -10.008569
7901 1444992933.200361 0.038452 0.010986 -10.008569
7902 1444992933.209243 0.038452 0.010986 -10.008569
7903 1444992933.220857 0.038452 0.010986 -10.008569
7904 1444992933.230907 0.038452 0.010986 -10.008569
7905 1444992933.240971 -0.049439 0.010986 -10.008569
7906 1444992933.251127 0.038452 0.010986 -10.008569
7907 1444992933.261029 -0.049439 0.010986 -10.008569
7908 1444992933.268698 0.038452 0.010986 -10.008569
7909 1444992933.281580 0.038452 0.010986 -10.008569
7910 1444992933.289188 0.038452 0.010986 -10.008569
7911 1444992933.300622 -0.049439 0.010986 -10.008569
7912 1444992933.308870 0.038452 0.010986 -9.920679
7913 1444992933.318805 -0.049439 0.010986 -10.008569
7914 1444992933.331979 -0.049439 0.010986 -10.008569
7915 1444992933.342777 0.038452 0.010986 -10.008569
7916 1444992933.349318 -0.049439 0.010986 -10.008569
7917 1444992933.359489 0.038452 0.010986 -9.920679
7918 1444992933.369330 0.038452 0.010986 -10.008569
7919 1444992933.379045 -0.049439 0.010986 -10.008569
7920 1444992933.389144 0.038452 0.010986 -10.008569
7921 1444992933.400106 0.038452 -0.076904 -10.008569
7922 1444992933.409796 -0.049439 0.010986 -9.920679
7923 1444992933.419867 -0.049439 0.010986 -10.008569
7924 1444992933.429921 0.038452 0.010986 -10.008569
7925 1444992933.439957 0.038452 0.010986 -10.008569
7926 1444992933.450391 -0.049439 0.010986 -10.008569
7927 1444992933.460110 0.038452 -0.076904 -10.008569
7928 1444992933.470573 -0.049439 0.010986 -10.008569
7929 1444992933.480423 0.038452 0.010986 -10.008569
7930 1444992933.490334 -0.049439 0.010986 -10.008569
7931 1444992933.500462 0.038452 0.010986 -10.008569
7932 1444992933.510609 0.038452 0.010986 -10.008569
7933 1444992933.520884 -0.049439 0.010986 -9.920679
7934 1444992933.530764 0.038452 0.010986 -10.008569
7935 1444992933.540862 0.038452 0.010986 -10.008569
7936 1444992933.550941 0.038452 0.010986 -10.008569
7937 1444992933.560996 0.038452 0.010986 -10.008569
7938 1444992933.571590 0.038452 0.010986 -10.008569
7939 1444992933.581541 0.038452 0.010986 -9.920679
7940 1444992933.591484 0.038452 0.010986 -10.008569
7941 1444992933.598576 -0.049439 0.010986 -10.008569
7942 1444992933.611964 0.038452 0.010986 -10.008569
7943 1444992933.622167 0.038452 0.010986 -10.008569
7944 1444992933.628693 0.038452 0.010986 -10.008569
7945 1444992933.642355 0.038452 0.010986 -10.008569
7946 1444992933.648877 -0.049439 0.010986 -10.008569
7947 1444992933.658890 -0.049439 0.010986 -10.008569
7948 1444992933.668901 -0.049439 0.010986 -10.008569
7949 1444992933.683820 0.038452 0.010986 -10.008569
7950 1444992933.694082 0.038452 0.010986 -10.008569
7951 1444992933.704281 -0.049439 0.010986 -10.008569
7952 1444992933.714197 0.038452 0.010986 -10.008569
7953 1444992933.724394 0.038452 0.010986 -10.008569
7954 1444992933.734563 0.038452 0.010986 -10.008569
7955 1444992933.739230 0.038452 0.010986 -10.008569
7956 1444992933.754996 -0.049439 0.010986 -10.008569
7957 1444992933.764966 -0.049439 0.010986 -10.008569
7958 1444992933.774833 0.038452 0.010986 -10.008569
7959 1444992933.785025 0.038452 0.010986 -10.008569
7960 1444992933.795148 0.038452 0.010986 -10.008569
7961 1444992933.806231 -0.049439 0.010986 -10.008569
7962 1444992933.815832 0.038452 0.010986 -10.008569
7963 1444992933.825308 -0.049439 -0.076904 -10.008569
7964 1444992933.835712 0.038452 -0.076904 -10.008569
7965 1444992933.845843 -0.049439 0.010986 -10.008569
7966 1444992933.855560 0.038452 0.010986 -10.008569
7967 1444992933.865661 0.038452 0.010986 -10.008569
7968 1444992933.875927 -0.049439 0.010986 -10.008569
7969 1444992933.886036 0.038452 0.010986 -10.008569
7970 1444992933.891839 0.038452 0.010986 -10.008569
7971 1444992933.899991 0.038452 0.010986 -10.008569
7972 1444992933.908961 0.038452 0.010986 -10.008569
7973 1444992933.923577 -0.049439 0.010986 -10.008569
7974 1444992933.928791 -0.049439 0.010986 -10.008569
7975 1444992933.943846 0.038452 0.010986 -10.008569
7976 1444992933.954093 -0.049439 0.010986 -10.008569
7977 1444992933.963992 0.038452 0.010986 -9.920679
7978 1444992933.974052 0.038452 0.010986 -10.008569
7979 1444992933.984130 0.038452 0.010986 -10.008569
7980 1444992933.995010 0.038452 0.010986 -10.008569
7981 1444992934.004941 0.038452 0.010986 -10.008569
7982 1444992934.014404 -0.049439 0.010986 -10.008569
7983 1444992934.024595 -0.049439 0.010986 -10.008569
7984 1444992934.034866 0.038452 0.010986 -10.008569
7985 1444992934.045135 0.038452 0.010986 -10.008569
7986 1444992934.055463 0.038452 0.010986 -10.008569
7987 1444992934.065356 0.038452 0.010986 -10.008569
7988 1444992934.075434 0.038452 0.010986 -10.008569
7989 1444992934.085484 0.038452 -0.076904 -9.920679
7990 1444992934.095878 -0.049439 0.010986 -10.008569
7991 1444992934.106500 0.038452 0.010986 -10.008569
7992 1444992934.115772 0.038452 0.010986 -10.008569
7993 1444992934.126031 -0.049439 0.010986 -10.008569
7994 1444992934.135825 0.038452 -0.076904 -10.008569
7995 1444992934.146160 0.038452 0.010986 -10.008569
7996 1444992934.156208 -0.049439 0.010986 -9.920679
7997 1444992934.166411 0.038452 0.010986 -10.008569
7998 1444992934.176885 -0.049439 0.010986 -10.008569
7999 1444992934.187158 0.038452 0.010986 -9.920679
8000 1444992934.198898 0.038452 0.010986 -10.008569
8001 1444992934.208578 0.038452 -0.076904 -9.920679
8002 1444992934.217223 0.038452 0.010986 -9.920679
8003 1444992934.227428 0.038452 0.010986 -10.008569
8004 1444992934.237520 0.038452 -0.076904 -9.920679
8005 1444992934.244629 0.038452 0.010986 -10.008569
8006 1444992934.254814 -0.049439 0.010986 -10.008569
8007 1444992934.264579 0.038452 0.010986 -10.008569
8008 1444992934.274836 -0.049439 0.010986 -10.008569
8009 1444992934.289013 0.038452 0.010986 -9.920679
8010 1444992934.299073 0.038452 0.010986 -10.008569
8011 1444992934.308578 -0.049439 0.010986 -10.008569
8012 1444992934.318940 -0.049439 0.010986 -10.008569
8013 1444992934.329219 0.038452 0.010986 -10.008569
8014 1444992934.339084 0.038452 0.010986 -10.008569
8015 1444992934.349147 0.038452 0.010986 -10.008569
8016 1444992934.359081 0.038452 0.010986 -10.008569
8017 1444992934.369900 -0.049439 0.010986 -10.008569
8018 1444992934.380589 0.038452 0.010986 -10.008569
8019 1444992934.390815 0.038452 0.010986 -10.008569
8020 1444992934.396328 -0.049439 0.010986 -10.008569
8021 1444992934.403663 0.038452 0.010986 -9.920679
8022 1444992934.416845 0.038452 0.010986 -10.008569
8023 1444992934.427041 0.038452 0.010986 -10.008569
8024 1444992934.437301 -0.049439 0.010986 -10.008569
8025 1444992934.448945 0.038452 0.010986 -10.008569
8026 1444992934.458702 0.038452 0.010986 -10.008569
8027 1444992934.463593 0.038452 0.010986 -10.008569
8028 1444992934.478825 0.038452 0.010986 -10.008569
8029 1444992934.488902 0.038452 0.010986 -10.008569
8030 1444992934.499294 -0.049439 0.010986 -10.008569
8031 1444992934.509147 0.038452 0.010986 -10.008569
8032 1444992934.519435 0.038452 0.010986 -10.008569
8033 1444992934.529466 0.038452 0.010986 -10.008569
8034 1444992934.539511 0.038452 0.010986 -10.008569
8035 1444992934.549652 0.038452 -0.076904 -10.008569
8036 1444992934.559699 0.038452 0.010986 -10.008569
8037 1444992934.569799 -0.049439 0.010986 -10.008569
8038 1444992934.580016 0.038452 0.010986 -10.008569
8039 1444992934.590069 0.038452 -0.076904 -10.008569
8040 1444992934.599613 0.038452 0.010986 -10.008569
8041 1444992934.610230 0.038452 0.010986 -10.008569
8042 1444992934.620505 0.038452 0.010986 -10.008569
8043 1444992934.630615 0.038452 0.010986 -10.008569
8044 1444992934.640761 0.038452 0.010986 -10.008569
8045 1444992934.648939 -0.049439 0.010986 -10.008569
8046 1444992934.658848 0.038452 0.010986 -10.008569
8047 1444992934.670951 0.038452 0.010986 -9.920679
8048 1444992934.681094 0.038452 0.010986 -10.008569
8049 1444992934.691468 -0.049439 0.010986 -10.008569
8050 1444992934.699614 0.038452 0.010986 -10.008569
8051 1444992934.708941 0.038452 0.010986 -10.008569
8052 1444992934.718672 0.038452 0.010986 -10.008569
8053 1444992934.728811 -0.049439 0.010986 -10.008569
8054 1444992934.742457 0.038452 0.010986 -10.008569
8055 1444992934.750547 -0.049439 0.010986 -9.920679
8056 1444992934.763578 0.038452 0.010986 -10.008569
8057 1444992934.773707 0.038452 0.010986 -10.008569
8058 1444992934.779595 0.038452 0.010986 -10.008569
8059 1444992934.789843 0.038452 0.010986 -10.008569
8060 1444992934.800568 -0.049439 -0.076904 -10.008569
8061 1444992934.810237 -0.049439 0.010986 -10.008569
8062 1444992934.820180 0.038452 0.010986 -10.008569
8063 1444992934.830091 0.038452 0.010986 -10.008569
8064 1444992934.840018 0.038452 0.010986 -10.008569
8065 1444992934.849916 0.038452 0.010986 -10.008569
8066 1444992934.859707 0.038452 0.010986 -10.008569
8067 1444992934.870217 0.038452 0.010986 -10.008569
8068 1444992934.880628 -0.049439 0.010986 -10.008569
8069 1444992934.890432 -0.049439 0.010986 -10.008569
8070 1444992934.901162 0.038452 -0.076904 -10.008569
8071 1444992934.910703 -0.049439 -0.076904 -10.008569
8072 1444992934.920979 -0.049439 0.010986 -10.008569
8073 1444992934.931053 -0.049439 0.010986 -10.008569
8074 1444992934.941148 -0.049439 0.010986 -10.008569
8075 1444992934.948824 -0.049439 0.010986 -10.008569
8076 1444992934.961335 0.038452 -0.076904 -10.008569
8077 1444992934.971715 -0.049439 0.010986 -10.008569
8078 1444992934.981857 -0.049439 0.010986 -10.008569
8079 1444992934.991987 -0.049439 0.010986 -10.008569
8080 1444992934.999647 0.038452 0.010986 -10.008569
8081 1444992935.012327 -0.049439 0.010986 -10.008569
8082 1444992935.022470 -0.049439 0.010986 -10.008569
8083 1444992935.032585 -0.049439 0.010986 -10.008569
8084 1444992935.042669 -0.049439 0.010986 -9.920679
8085 1444992935.049812 0.038452 0.010986 -10.008569
8086 1444992935.059911 0.038452 0.010986 -10.008569
8087 1444992935.073601 -0.049439 0.010986 -10.008569
8088 1444992935.083665 0.038452 -0.076904 -10.008569
8089 1444992935.093843 0.038452 0.010986 -10.008569
8090 1444992935.103831 -0.049439 0.010986 -9.920679
8091 1444992935.113988 0.038452 0.010986 -10.008569
8092 1444992935.124068 -0.049439 0.010986 -10.008569
8093 1444992935.134381 0.038452 0.010986 -10.008569
8094 1444992935.144288 -0.049439 0.010986 -10.008569
8095 1444992935.154555 0.038452 0.010986 -10.008569
8096 1444992935.164978 0.038452 -0.076904 -10.008569
8097 1444992935.174784 0.038452 0.010986 -10.008569
8098 1444992935.185038 -0.049439 0.010986 -10.008569
8099 1444992935.195360 0.038452 0.010986 -10.008569
8100 1444992935.205255 0.038452 0.010986 -10.008569
8101 1444992935.215703 -0.049439 0.010986 -10.008569
8102 1444992935.225670 -0.049439 -0.076904 -10.008569
8103 1444992935.235858 0.038452 0.010986 -10.008569
8104 1444992935.246205 0.038452 0.010986 -10.008569
8105 1444992935.256220 0.038452 0.010986 -10.008569
8106 1444992935.266229 0.038452 0.010986 -10.008569
8107 1444992935.276377 0.038452 0.010986 -10.008569
8108 1444992935.286582 0.038452 0.010986 -10.008569
8109 1444992935.296786 0.038452 0.010986 -10.008569
8110 1444992935.306649 0.038452 0.010986 -9.920679
8111 1444992935.316898 -0.049439 0.010986 -10.008569
8112 1444992935.326902 -0.049439 0.010986 -9.920679
8113 1444992935.337002 -0.049439 0.010986 -10.008569
8114 1444992935.347316 -0.049439 0.010986 -9.920679
8115 1444992935.354211 0.038452 0.010986 -10.008569
8116 1444992935.367508 0.038452 0.010986 -10.008569
8117 1444992935.373545 -0.049439 0.010986 -10.008569
8118 1444992935.384457 -0.049439 0.010986 -10.008569
8119 1444992935.394670 0.038452 0.010986 -10.008569
8120 1444992935.405261 -0.049439 0.010986 -10.008569
8121 1444992935.413971 0.038452 0.010986 -10.008569
8122 1444992935.424166 -0.049439 0.010986 -10.008569
8123 1444992935.434047 -0.049439 0.010986 -10.008569
8124 1444992935.444829 0.038452 0.010986 -10.008569
8125 1444992935.454927 -0.049439 0.010986 -10.008569
8126 1444992935.464956 -0.049439 0.010986 -10.008569
8127 1444992935.474852 -0.049439 0.010986 -10.008569
8128 1444992935.484977 0.038452 0.010986 -10.008569
8129 1444992935.495521 0.038452 0.010986 -10.008569
8130 1444992935.505653 0.038452 0.010986 -10.008569
8131 1444992935.515205 -0.049439 0.010986 -10.008569
8132 1444992935.525504 -0.049439 0.010986 -10.008569
8133 1444992935.535332 0.038452 0.010986 -10.008569
8134 1444992935.545643 0.038452 0.010986 -10.008569
8135 1444992935.555670 -0.049439 0.010986 -9.920679
8136 1444992935.565688 -0.049439 0.010986 -10.008569
8137 1444992935.575902 0.038452 0.010986 -10.008569
8138 1444992935.585943 0.038452 0.010986 -10.008569
8139 1444992935.596687 0.038452 0.010986 -9.920679
8140 1444992935.606479 0.038452 0.010986 -10.008569
8141 1444992935.616627 0.038452 0.010986 -9.920679
8142 1444992935.626858 0.038452 0.010986 -10.008569
8143 1444992935.636913 0.038452 0.010986 -10.008569
8144 1444992935.643597 0.038452 0.010986 -10.008569
8145 1444992935.653554 0.038452 0.010986 -10.008569
8146 1444992935.663665 0.038452 0.010986 -10.008569
8147 1444992935.673523 0.038452 -0.076904 -10.008569
8148 1444992935.683932 0.038452 0.010986 -10.008569
8149 1444992935.698931 -0.049439 0.010986 -10.008569
8150 1444992935.709004 0.038452 0.010986 -10.008569
8151 1444992935.719124 0.038452 0.010986 -10.008569
8152 1444992935.729519 0.038452 0.010986 -10.008569
8153 1444992935.739541 0.038452 0.010986 -10.008569
8154 1444992935.749820 0.038452 0.010986 -10.008569
8155 1444992935.759800 -0.049439 0.010986 -9.920679
8156 1444992935.769888 0.038452 0.010986 -10.008569
8157 1444992935.779868 -0.049439 -0.076904 -10.008569
8158 1444992935.789958 0.038452 0.010986 -10.008569
8159 1444992935.799991 -0.049439 0.010986 -10.008569
8160 1444992935.809993 0.038452 0.010986 -10.008569
8161 1444992935.820222 0.038452 0.010986 -10.008569
8162 1444992935.830305 0.038452 0.010986 -10.008569
8163 1444992935.840384 0.038452 0.010986 -10.008569
8164 1444992935.850601 0.038452 0.010986 -10.008569
8165 1444992935.860468 0.038452 0.010986 -10.008569
8166 1444992935.870731 -0.049439 0.010986 -10.008569
8167 1444992935.880812 0.038452 -0.076904 -10.008569
8168 1444992935.889275 -0.049439 0.010986 -10.008569
8169 1444992935.898912 0.038452 0.010986 -10.008569
8170 1444992935.909421 0.038452 0.010986 -10.008569
8171 1444992935.916258 0.038452 0.010986 -10.008569
8172 1444992935.926251 0.038452 0.010986 -10.008569
8173 1444992935.936692 0.038452 0.010986 -10.008569
8174 1444992935.949230 0.038452 0.010986 -9.920679
8175 1444992935.958916 0.038452 0.010986 -9.920679
8176 1444992935.968564 0.038452 0.010986 -10.008569
8177 1444992935.977290 0.038452 0.010986 -10.008569
8178 1444992935.987603 -0.049439 0.010986 -10.008569
8179 1444992935.999058 0.038452 0.010986 -10.008569
8180 1444992936.008784 0.038452 0.010986 -10.008569
8181 1444992936.018901 -0.049439 0.010986 -10.008569
8182 1444992936.029009 -0.049439 0.010986 -10.008569
8183 1444992936.039524 -0.049439 0.010986 -10.008569
8184 1444992936.049845 0.038452 -0.076904 -10.008569
8185 1444992936.059620 -0.049439 0.010986 -10.008569
8186 1444992936.069642 -0.049439 0.010986 -9.920679
8187 1444992936.079682 0.038452 0.010986 -10.008569
8188 1444992936.089711 -0.049439 0.010986 -10.008569
8189 1444992936.099877 -0.049439 0.010986 -10.008569
8190 1444992936.110025 -0.049439 0.010986 -10.008569
8191 1444992936.120325 0.038452 -0.076904 -10.008569
8192 1444992936.130397 -0.049439 0.010986 -10.008569
8193 1444992936.140231 0.038452 0.010986 -10.008569
8194 1444992936.150494 -0.049439 0.010986 -10.008569
8195 1444992936.160501 -0.049439 0.010986 -10.008569
8196 1444992936.170618 -0.049439 0.010986 -10.008569
8197 1444992936.180689 0.038452 0.010986 -10.008569
8198 1444992936.190749 -0.049439 -0.076904 -10.008569
8199 1444992936.200796 0.038452 -0.076904 -10.008569
8200 1444992936.210889 -0.049439 0.010986 -10.008569
8201 1444992936.221003 0.038452 0.010986 -10.008569
8202 1444992936.231142 0.038452 0.010986 -10.008569
8203 1444992936.241242 0.038452 -0.076904 -10.008569
8204 1444992936.250348 -0.049439 0.010986 -10.008569
8205 1444992936.259099 0.038452 0.010986 -10.008569
8206 1444992936.271569 0.038452 0.010986 -10.008569
8207 1444992936.282661 -0.049439 -0.076904 -10.008569
8208 1444992936.292744 -0.049439 0.010986 -10.008569
8209 1444992936.298805 -0.049439 0.010986 -9.920679
8210 1444992936.308736 -0.049439 0.010986 -9.920679
8211 1444992936.318838 0.038452 0.010986 -10.008569
8212 1444992936.329787 0.038452 0.010986 -9.920679
8213 1444992936.339475 0.038452 0.010986 -9.920679
8214 1444992936.349255 0.038452 0.010986 -9.920679
8215 1444992936.359073 -0.049439 -0.076904 -9.920679
8216 1444992936.369172 -0.049439 0.010986 -9.920679
8217 1444992936.379574 0.038452 -0.076904 -9.920679
8218 1444992936.389507 -0.049439 0.010986 -9.920679
8219 1444992936.400824 -0.049439 -0.076904 -9.832788
8220 1444992936.409715 -0.049439 -0.076904 -9.832788
8221 1444992936.420336 -0.049439 -0.076904 -9.832788
8222 1444992936.430133 -0.049439 -0.076904 -9.832788
8223 1444992936.440399 -0.049439 -0.076904 -9.744897
8224 1444992936.450117 -0.049439 -0.076904 -9.657006
8225 1444992936.460255 -0.049439 -0.076904 -9.657006
8226 1444992936.470586 -0.049439 -0.076904 -9.657006
8227 1444992936.480618 -0.049439 -0.076904 -9.569115
8228 1444992936.491098 -0.049439 -0.076904 -9.569115
8229 1444992936.501228 -0.049439 -0.076904 -9.481224
8230 1444992936.510907 -0.049439 -0.076904 -9.393333
8231 1444992936.521165 -0.049439 -0.076904 -9.305443
8232 1444992936.531667 -0.049439 -0.076904 -9.305443
8233 1444992936.541691 -0.049439 -0.076904 -9.217552
8234 1444992936.551873 -0.049439 -0.076904 -9.129661
8235 1444992936.561926 -0.049439 -0.076904 -9.129661
8236 1444992936.572063 -0.049439 -0.076904 -9.04177
8237 1444992936.582248 -0.049439 -0.076904 -8.953879
8238 1444992936.593803 -0.049439 -0.076904 -8.865988
8239 1444992936.603618 0.038452 0.010986 -8.778098
8240 1444992936.613532 -0.049439 0.010986 -8.690207
8241 1444992936.623603 0.038452 0.010986 -8.690207
8242 1444992936.633818 -0.049439 0.010986 -8.602316
8243 1444992936.644895 0.038452 0.010986 -8.602316
8244 1444992936.655037 0.038452 0.010986 -8.514425
8245 1444992936.664304 0.038452 0.010986 -8.514425
8246 1444992936.674523 0.038452 0.010986 -8.426534
8247 1444992936.684389 0.038452 0.010986 -8.426534
8248 1444992936.695027 0.038452 0.010986 -8.338643
8249 1444992936.704714 0.038452 0.010986 -8.338643
8250 1444992936.714895 0.038452 0.010986 -8.250753
8251 1444992936.725367 0.038452 0.010986 -8.162862
8252 1444992936.735919 0.038452 0.010986 -8.162862
8253 1444992936.746059 0.038452 0.010986 -8.074971
8254 1444992936.755984 0.038452 0.010986 -8.074971
8255 1444992936.766052 0.038452 0.010986 -7.98708
8256 1444992936.776207 0.038452 0.010986 -7.98708
8257 1444992936.786413 0.038452 0.010986 -7.98708
8258 1444992936.796684 0.038452 0.010986 -7.98708
8259 1444992936.806694 0.038452 0.010986 -7.899189
8260 1444992936.816694 0.038452 0.010986 -7.899189
8261 1444992936.826852 0.038452 0.010986 -7.811298
8262 1444992936.836916 0.038452 0.010986 -7.811298
8263 1444992936.847122 0.038452 0.010986 -7.723408
8264 1444992936.857000 0.038452 0.010986 -7.635517
8265 1444992936.867340 0.038452 0.010986 -7.635517
8266 1444992936.877390 0.038452 0.010986 -7.547626
8267 1444992936.887442 0.038452 0.010986 -7.459735
8268 1444992936.897594 0.038452 0.098877 -7.459735
8269 1444992936.907717 0.038452 0.098877 -7.371844
8270 1444992936.909080 0.038452 0.098877 -7.371844
8271 1444992936.923680 0.038452 0.098877 -7.283953
8272 1444992936.933763 0.038452 0.010986 -7.196062
8273 1444992936.944103 0.038452 0.010986 -7.108172
8274 1444992936.954907 0.038452 0.010986 -7.020281
8275 1444992936.964378 0.038452 0.010986 -7.020281
8276 1444992936.974359 0.038452 0.010986 -6.93239
8277 1444992936.984568 0.038452 0.010986 -6.844499
8278 1444992936.995856 0.038452 0.010986 -6.844499
8279 1444992937.006691 0.038452 0.010986 -6.756608
8280 1444992937.015817 0.038452 0.010986 -6.668717
8281 1444992937.026076 0.038452 0.010986 -6.580827
8282 1444992937.036209 0.038452 0.010986 -6.492936
8283 1444992937.046103 0.038452 0.010986 -6.405045
8284 1444992937.058648 0.038452 0.010986 -6.317154
8285 1444992937.066583 0.038452 0.010986 -6.229263
8286 1444992937.076508 0.038452 0.010986 -6.229263
8287 1444992937.086625 0.038452 0.010986 -6.141372
8288 1444992937.098810 0.038452 0.010986 -6.053482
8289 1444992937.103861 0.038452 0.010986 -5.965591
8290 1444992937.118599 0.038452 0.010986 -5.8777
8291 1444992937.128762 0.038452 0.010986 -5.789809
8292 1444992937.138833 0.038452 0.010986 -5.701918
8293 1444992937.149156 0.038452 0.010986 -5.614027
8294 1444992937.159059 0.038452 0.010986 -5.526137
8295 1444992937.169120 0.038452 0.010986 -5.438246
8296 1444992937.179130 0.038452 0.010986 -5.350355
8297 1444992937.189347 0.038452 0.010986 -5.262464
8298 1444992937.194813 0.038452 0.010986 -5.262464
8299 1444992937.209584 -0.049439 0.010986 -5.086682
8300 1444992937.214581 0.038452 0.010986 -4.998792
8301 1444992937.229824 0.038452 0.010986 -4.910901
8302 1444992937.239929 -0.049439 0.010986 -4.82301
8303 1444992937.250025 -0.049439 0.010986 -4.735119
8304 1444992937.259988 0.038452 0.010986 -4.641735
8305 1444992937.270117 -0.049439 -0.076904 -4.553844
8306 1444992937.280283 0.038452 0.010986 -4.465953
8307 1444992937.290339 -0.049439 0.010986 -4.378062
8308 1444992937.300634 0.038452 0.010986 -4.290172
8309 1444992937.310547 -0.049439 -0.076904 -4.202281
8310 1444992937.320730 -0.049439 0.010986 -4.11439
8311 1444992937.330779 -0.049439 -0.076904 -4.026499
8312 1444992937.340919 -0.049439 -0.076904 -3.850717
8313 1444992937.350999 -0.049439 0.010986 -3.762827
8314 1444992937.361052 -0.049439 0.010986 -3.674936
8315 1444992937.371175 0.038452 0.010986 -3.587045
8316 1444992937.381202 -0.049439 -0.076904 -3.499154
8317 1444992937.386219 -0.049439 0.010986 -3.411263
8318 1444992937.401474 -0.049439 0.010986 -3.235482
8319 1444992937.404773 -0.049439 -0.076904 -3.147591
8320 1444992937.421674 0.038452 0.010986 -3.0597
8321 1444992937.426720 0.038452 0.010986 -3.0597
8322 1444992937.436923 -0.049439 0.010986 -2.883918
8323 1444992937.450073 -0.049439 0.010986 -2.708136
8324 1444992937.459032 0.038452 0.010986 -2.620246
8325 1444992937.463704 -0.049439 0.010986 -2.620246
8326 1444992937.473907 0.038452 0.010986 -2.444464
8327 1444992937.483817 0.038452 0.010986 -2.356573
8328 1444992937.499565 0.038452 0.010986 -2.180791
8329 1444992937.509087 0.038452 0.010986 -2.092901
8330 1444992937.519149 -0.049439 0.010986 -1.917119
8331 1444992937.529274 0.038452 0.010986 -1.829228
8332 1444992937.539463 -0.049439 0.010986 -1.741337
8333 1444992937.549947 -0.049439 0.010986 -1.565556
8334 1444992937.559632 -0.049439 0.010986 -1.477665
8335 1444992937.569618 0.038452 0.010986 -1.389774
8336 1444992937.579789 -0.049439 0.010986 -1.213992
8337 1444992937.589894 -0.049439 0.010986 -1.126101
8338 1444992937.600305 -0.049439 0.010986 -1.038211
8339 1444992937.610333 0.038452 0.010986 -0.862429
8340 1444992937.620557 -0.049439 0.010986 -0.774538
8341 1444992937.630797 -0.049439 0.010986 -0.686647
8342 1444992937.641179 -0.049439 -0.076904 -0.510866
8343 1444992937.651633 -0.049439 -0.076904 -0.422975
8344 1444992937.661594 -0.049439 0.010986 -0.247193
8345 1444992937.671843 -0.049439 0.010986 -0.159302
8346 1444992937.681951 -0.049439 0.010986 0.01648
8347 1444992937.691936 -0.049439 0.010986 0.10437
8348 1444992937.702140 -0.049439 0.010986 0.280152
8349 1444992937.712082 -0.049439 0.010986 0.368043
8350 1444992937.722419 -0.049439 0.010986 0.543825
8351 1444992937.728746 0.038452 0.010986 0.631715
8352 1444992937.742658 0.038452 0.010986 0.719606
8353 1444992937.748652 -0.049439 0.010986 0.895388
8354 1444992937.763659 0.038452 0.010986 1.15906
8355 1444992937.773779 0.038452 0.010986 1.246951
8356 1444992937.783822 0.038452 0.010986 1.334842
8357 1444992937.788943 -0.049439 0.010986 1.422733
8358 1444992937.799304 0.038452 0.010986 1.510624
8359 1444992937.814128 0.038452 0.010986 1.774296
8360 1444992937.824162 -0.049439 0.010986 1.862187
8361 1444992937.829433 -0.049439 0.010986 1.950078
8362 1444992937.839503 -0.049439 0.010986 2.12586
8363 1444992937.849620 0.038452 0.010986 2.213751
8364 1444992937.859177 -0.049439 0.010986 2.389532
8365 1444992937.869730 0.038452 0.010986 2.477423
8366 1444992937.879769 -0.049439 0.010986 2.653205
8367 1444992937.889893 0.038452 0.010986 2.741096
8368 1444992937.900119 -0.049439 0.010986 2.916877
8369 1444992937.910066 -0.049439 0.010986 3.092659
8370 1444992937.920053 -0.049439 0.010986 3.18055
8371 1444992937.930146 -0.049439 0.010986 3.356331
8372 1444992937.940380 -0.049439 0.010986 3.444222
8373 1444992937.948934 0.038452 -0.076904 3.620004
8374 1444992937.960746 -0.049439 -0.076904 3.707895
8375 1444992937.971355 -0.049439 0.010986 3.883676
8376 1444992937.981386 -0.049439 0.010986 4.059458
8377 1444992937.991546 -0.049439 0.010986 4.147349
8378 1444992937.999511 -0.049439 -0.076904 4.323131
8379 1444992938.009038 -0.049439 0.010986 4.498912
8380 1444992938.021681 -0.049439 -0.076904 4.586803
8381 1444992938.032084 -0.049439 0.010986 4.762585
8382 1444992938.039480 -0.049439 0.010986 4.938367
8383 1444992938.049558 0.038452 0.010986 5.026257
8384 1444992938.059500 -0.049439 0.010986 5.202039
8385 1444992938.068933 0.038452 0.010986 5.377821
8386 1444992938.083627 0.038452 -0.076904 5.553602
8387 1444992938.094174 -0.049439 0.010986 5.729384
8388 1444992938.103932 -0.049439 -0.076904 5.817275
8389 1444992938.114406 -0.049439 0.010986 5.993057
8390 1444992938.124503 -0.049439 0.010986 6.168838
8391 1444992938.134509 -0.049439 0.010986 6.256729
8392 1444992938.145663 0.038452 -0.076904 6.432511
8393 1444992938.155126 -0.049439 0.010986 6.608293
8394 1444992938.165519 -0.049439 -0.076904 6.696183
8395 1444992938.175620 -0.049439 0.010986 6.871965
8396 1444992938.185683 -0.049439 -0.076904 7.047747
8397 1444992938.196030 -0.049439 0.010986 7.135638
8398 1444992938.205951 -0.049439 -0.076904 7.311419
8399 1444992938.216011 -0.049439 0.010986 7.487201
8400 1444992938.226144 -0.049439 0.010986 7.662983
8401 1444992938.236237 -0.049439 0.010986 7.750873
8402 1444992938.246411 -0.049439 0.010986 7.926655
8403 1444992938.256601 -0.049439 0.010986 8.102437
8404 1444992938.266577 -0.049439 0.010986 8.278218
8405 1444992938.276695 -0.049439 0.010986 8.454
8406 1444992938.286713 0.038452 0.010986 8.541891
8407 1444992938.296884 0.038452 0.010986 8.717673
8408 1444992938.306969 0.038452 0.010986 8.893454
8409 1444992938.317091 -0.049439 0.010986 9.069236
8410 1444992938.327364 0.038452 0.010986 9.245018
8411 1444992938.337365 0.038452 0.010986 9.332909
8412 1444992938.347504 0.038452 0.010986 9.50869
8413 1444992938.357609 -0.049439 -0.076904 9.684472
8414 1444992938.367719 -0.049439 -0.076904 9.860254
8415 1444992938.377763 -0.049439 0.010986 9.948144
8416 1444992938.387846 -0.049439 -0.076904 10.211817
8417 1444992938.393719 0.038452 -0.076904 10.299708
8418 1444992938.400132 -0.049439 0.010986 10.387599
8419 1444992938.413649 -0.049439 0.010986 10.651271
8420 1444992938.423892 -0.049439 0.010986 10.827053
8421 1444992938.434243 -0.049439 0.010986 11.002834
8422 1444992938.445439 -0.049439 -0.076904 11.178616
8423 1444992938.455628 0.038452 0.010986 11.266507
8424 1444992938.464893 -0.049439 0.010986 11.442289
8425 1444992938.474757 -0.049439 0.010986 11.61807
8426 1444992938.485023 0.038452 0.010986 11.793852
8427 1444992938.495876 0.038452 0.010986 11.969634
8428 1444992938.505363 0.038452 0.010986 12.145415
8429 1444992938.515560 0.038452 0.010986 12.321197
8430 1444992938.525247 0.038452 0.010986 12.409088
8431 1444992938.535684 -0.049439 0.010986 12.67276
8432 1444992938.548634 0.038452 0.010986 12.936433
8433 1444992938.556363 -0.049439 0.010986 12.936433
8434 1444992938.565776 -0.049439 0.010986 13.112215
8435 1444992938.575851 -0.049439 0.010986 13.287996
8436 1444992938.586067 0.038452 0.010986 13.463778
8437 1444992938.596318 -0.049439 0.010986 13.63956
8438 1444992938.606623 -0.049439 0.010986 13.815341
8439 1444992938.616484 -0.049439 -0.076904 13.991123
8440 1444992938.626540 -0.049439 -0.076904 14.079014
8441 1444992938.637091 -0.049439 0.010986 14.254796
8442 1444992938.648869 0.038452 -0.076904 14.518468
8443 1444992938.653664 -0.049439 0.010986 14.606359
8444 1444992938.668878 0.038452 0.010986 14.870031
8445 1444992938.678801 -0.049439 0.010986 15.045813
8446 1444992938.688780 -0.049439 0.010986 15.221595
8447 1444992938.699572 0.038452 0.010986 15.397376
8448 1444992938.709423 0.038452 0.010986 15.573158
8449 1444992938.719641 0.038452 0.010986 15.661049
8450 1444992938.729391 -0.049439 0.010986 15.836831
8451 1444992938.739600 -0.049439 0.010986 16.012612
8452 1444992938.749982 -0.049439 0.010986 16.188394
8453 1444992938.759714 -0.049439 0.010986 16.364176
8454 1444992938.769823 -0.049439 0.010986 16.539957
8455 1444992938.779882 -0.049439 0.010986 16.715739
8456 1444992938.789973 -0.049439 0.010986 16.80363
8457 1444992938.800127 0.038452 0.010986 16.979412
8458 1444992938.810023 -0.049439 0.010986 17.155193
8459 1444992938.820265 0.038452 0.010986 17.330975
8460 1444992938.830348 0.038452 0.010986 17.506757
8461 1444992938.840401 -0.049439 -0.076904 17.682538
8462 1444992938.850463 -0.049439 -0.076904 17.863813
8463 1444992938.860562 -0.049439 0.010986 18.039595
8464 1444992938.870773 -0.049439 -0.076904 18.127486
8465 1444992938.880868 0.038452 0.010986 18.303267
8466 1444992938.890906 -0.049439 0.010986 18.479049
8467 1444992938.901111 -0.049439 0.010986 18.654831
8468 1444992938.911224 -0.049439 0.010986 18.830612
8469 1444992938.921291 0.038452 0.010986 19.006394
8470 1444992938.926503 0.038452 0.010986 19.094285
8471 1444992938.936412 0.038452 0.010986 19.270067
8472 1444992938.946539 -0.049439 0.010986 19.445848
8473 1444992938.953739 -0.049439 0.010986 19.533739
8474 1444992938.966681 0.038452 0.010986 19.709521
8475 1444992938.976848 -0.049439 0.010986 19.885302
8476 1444992938.986979 -0.049439 0.010986 20.061084
8477 1444992938.999014 -0.049439 0.010986 20.236866
8478 1444992939.008921 -0.049439 0.010986 20.412647
8479 1444992939.018624 -0.049439 0.010986 20.588429
8480 1444992939.028688 -0.049439 0.010986 20.764211
8481 1444992939.038642 0.038452 0.010986 20.939993
8482 1444992939.049036 -0.049439 0.010986 21.115774
8483 1444992939.058929 -0.049439 0.010986 21.203665
8484 1444992939.068983 -0.049439 -0.076904 21.379447
8485 1444992939.079655 0.038452 0.010986 21.555228
8486 1444992939.089625 -0.049439 0.010986 21.73101
8487 1444992939.099680 -0.049439 0.010986 21.906792
8488 1444992939.109396 -0.049439 0.010986 22.082573
8489 1444992939.119831 -0.049439 0.010986 22.170464
8490 1444992939.129939 -0.049439 0.010986 22.434137
8491 1444992939.140110 -0.049439 0.010986 22.522028
8492 1444992939.150405 -0.049439 0.010986 22.697809
8493 1444992939.160305 -0.049439 0.010986 22.873591
8494 1444992939.170567 -0.049439 0.010986 23.049373
8495 1444992939.181829 -0.049439 0.010986 23.225154
8496 1444992939.191708 -0.049439 -0.076904 23.313045
8497 1444992939.201850 -0.049439 -0.076904 23.488827
8498 1444992939.212222 -0.049439 0.010986 23.664609
8499 1444992939.222364 -0.049439 0.010986 23.84039
8500 1444992939.232438 -0.049439 -0.076904 24.016172
8501 1444992939.242487 -0.049439 0.010986 24.191954
8502 1444992939.248760 -0.049439 0.010986 24.279844
8503 1444992939.263304 -0.049439 0.010986 24.543517
8504 1444992939.268597 -0.049439 0.010986 24.631408
8505 1444992939.278647 -0.049439 -0.076904 24.807189
8506 1444992939.288749 -0.049439 -0.076904 24.89508
8507 1444992939.299169 -0.049439 -0.076904 25.070862
8508 1444992939.309028 -0.049439 0.010986 25.246644
8509 1444992939.319220 -0.049439 0.010986 25.422425
8510 1444992939.329112 -0.049439 0.010986 25.510316
8511 1444992939.339385 0.038452 0.010986 25.686098
8512 1444992939.349571 0.038452 0.010986 25.86188
8513 1444992939.359463 -0.049439 -0.076904 26.037661
8514 1444992939.369627 -0.049439 0.010986 26.125552
8515 1444992939.379657 -0.049439 0.010986 26.301334
8516 1444992939.389691 -0.049439 0.010986 26.477115
8517 1444992939.399618 -0.049439 0.010986 26.652897
8518 1444992939.409824 -0.049439 0.010986 26.740788
8519 1444992939.419788 -0.049439 0.010986 26.91657
8520 1444992939.430514 0.038452 0.010986 27.092351
8521 1444992939.440685 -0.049439 0.010986 27.268133
8522 1444992939.448938 -0.049439 0.010986 27.356024
8523 1444992939.458844 0.038452 0.010986 27.531805
8524 1444992939.471000 0.038452 0.010986 27.707587
8525 1444992939.481292 0.038452 0.010986 27.883369
8526 1444992939.491452 -0.049439 -0.076904 27.97126
8527 1444992939.498673 0.038452 0.010986 28.147041
8528 1444992939.509155 -0.049439 0.010986 28.322823
8529 1444992939.521924 -0.049439 0.010986 28.498605
8530 1444992939.529704 -0.049439 0.010986 28.586496
8531 1444992939.542102 -0.049439 0.010986 28.674386
8532 1444992939.550561 -0.049439 0.010986 28.850168
8533 1444992939.559473 -0.049439 0.010986 29.02595
8534 1444992939.569206 -0.049439 0.010986 29.201731
8535 1444992939.579427 -0.049439 0.010986 29.289622
8536 1444992939.593582 -0.049439 0.010986 29.553295
8537 1444992939.603561 -0.049439 0.010986 29.641186
8538 1444992939.613695 0.038452 0.010986 29.816967
8539 1444992939.623689 -0.049439 0.010986 29.904858
8540 1444992939.634414 -0.049439 0.010986 30.08064
8541 1444992939.645736 -0.049439 0.010986 30.256422
8542 1444992939.655686 -0.049439 0.010986 30.344312
8543 1444992939.665410 -0.049439 0.010986 30.520094
8544 1444992939.675658 -0.049439 0.010986 30.607985
8545 1444992939.685441 -0.049439 0.010986 30.695876
8546 1444992939.696094 -0.049439 0.010986 30.871657
8547 1444992939.705999 -0.049439 0.010986 31.047439
8548 1444992939.716040 -0.049439 0.010986 31.13533
8549 1444992939.726148 0.038452 0.010986 31.311112
8550 1444992939.736280 -0.049439 -0.076904 31.399002
8551 1444992939.746395 0.038452 -0.076904 31.574784
8552 1444992939.756572 -0.049439 0.010986 31.662675
8553 1444992939.766574 -0.049439 -0.076904 31.838457
8554 1444992939.776644 -0.049439 -0.076904 31.926347
8555 1444992939.786730 -0.049439 -0.076904 32.102129
8556 1444992939.796846 -0.049439 -0.076904 32.19002
8557 1444992939.806970 0.038452 -0.076904 32.365802
8558 1444992939.817005 -0.049439 0.010986 32.453693
8559 1444992939.821992 -0.049439 0.010986 32.453693
8560 1444992939.828643 -0.049439 0.010986 32.629474
8561 1444992939.838764 -0.049439 0.010986 32.717365
8562 1444992939.849076 0.038452 0.010986 32.893147
8563 1444992939.858891 -0.049439 0.010986 32.981038
8564 1444992939.868840 0.038452 0.010986 33.156819
8565 1444992939.878960 0.038452 0.010986 33.24471
8566 1444992939.894053 0.038452 0.010986 33.420492
8567 1444992939.903772 0.038452 -0.076904 33.596273
8568 1444992939.914054 0.038452 0.010986 33.684164
8569 1444992939.924351 0.038452 0.010986 33.772055
8570 1444992939.934585 0.038452 0.010986 33.947837
8571 1444992939.945008 -0.049439 0.010986 34.035728
8572 1444992939.955700 -0.049439 0.010986 34.211509
8573 1444992939.965142 0.038452 0.010986 34.2994
8574 1444992939.975590 0.038452 0.010986 34.387291
8575 1444992939.985318 -0.049439 0.010986 34.475182
8576 1444992939.995815 0.038452 0.010986 34.650964
8577 1444992940.005684 0.038452 0.010986 34.738854
8578 1444992940.015677 0.038452 0.010986 34.826745
8579 1444992940.025750 -0.049439 0.010986 35.002527
8580 1444992940.035860 -0.049439 -0.076904 35.090418
8581 1444992940.046217 0.038452 0.010986 35.178309
8582 1444992940.053850 0.038452 -0.076904 35.35409
8583 1444992940.066117 -0.049439 -0.076904 35.441981
8584 1444992940.076322 -0.049439 -0.076904 35.529872
8585 1444992940.088672 -0.049439 -0.076904 35.705654
8586 1444992940.097455 -0.049439 0.010986 35.793544
8587 1444992940.108948 0.038452 0.010986 35.881435
8588 1444992940.118798 0.038452 0.010986 35.969326
8589 1444992940.128953 -0.049439 0.010986 36.057217
8590 1444992940.139021 0.038452 0.010986 36.232999
8591 1444992940.144335 0.038452 0.010986 36.232999
8592 1444992940.154300 0.038452 0.010986 36.40878
8593 1444992940.169224 0.038452 0.010986 36.496671
8594 1444992940.179349 0.038452 0.010986 36.672453
8595 1444992940.189388 0.038452 0.010986 36.672453
8596 1444992940.194866 0.038452 0.010986 36.760344
8597 1444992940.204858 0.038452 0.010986 36.848234
8598 1444992940.214887 0.038452 0.010986 36.936125
8599 1444992940.224966 -0.049439 -0.076904 37.111907
8600 1444992940.239897 -0.049439 0.010986 37.199798
8601 1444992940.245538 0.038452 0.010986 37.287689
8602 1444992940.255242 0.038452 0.010986 37.37558
8603 1444992940.265276 0.038452 0.010986 37.46347
8604 1444992940.275352 0.038452 0.010986 37.551361
8605 1444992940.285586 0.038452 0.010986 37.639252
8606 1444992940.295606 0.038452 0.010986 37.727143
8607 1444992940.305706 0.038452 0.010986 37.815034
8608 1444992940.315811 0.038452 0.010986 37.902925
8609 1444992940.326071 0.038452 0.010986 37.990815
8610 1444992940.336235 0.038452 0.010986 38.078706
8611 1444992940.348995 0.038452 0.010986 38.254488
8612 1444992940.358850 -0.049439 0.010986 38.342379
8613 1444992940.363968 0.038452 -0.076904 38.342379
8614 1444992940.378624 0.038452 -0.076904 38.51816
8615 1444992940.388614 0.038452 0.010986 38.606051
8616 1444992940.398874 0.038452 -0.076904 38.606051
8617 1444992940.408769 0.038452 0.010986 38.781833
8618 1444992940.418866 -0.049439 -0.076904 38.869724
8619 1444992940.428917 0.038452 -0.076904 38.957615
8620 1444992940.438884 0.038452 0.010986 39.045505
8621 1444992940.449074 0.038452 -0.076904 39.133396
8622 1444992940.458818 0.038452 0.010986 39.133396
8623 1444992940.470051 -0.049439 0.010986 39.221287
8624 1444992940.480229 0.038452 -0.076904 39.309178
8625 1444992940.490328 -0.049439 0.010986 39.397069
8626 1444992940.500502 0.038452 0.010986 39.397069
8627 1444992940.510564 0.038452 0.010986 39.48496
8628 1444992940.520683 0.038452 0.010986 39.572851
8629 1444992940.530744 -0.049439 0.010986 39.572851
8630 1444992940.540739 0.038452 0.010986 39.748632
8631 1444992940.551023 0.038452 0.010986 39.748632
8632 1444992940.561041 0.038452 0.010986 39.836523
8633 1444992940.571162 0.038452 0.010986 39.836523
8634 1444992940.581492 -0.049439 0.010986 39.924414
8635 1444992940.591398 -0.049439 0.010986 40.012305
8636 1444992940.598785 0.038452 0.010986 40.100196
8637 1444992940.608653 0.038452 -0.076904 40.188086
8638 1444992940.621860 0.038452 0.010986 40.275977
8639 1444992940.631969 0.038452 0.010986 40.275977
8640 1444992940.642052 0.038452 0.010986 40.369361
8641 1444992940.649699 0.038452 0.010986 40.457252
8642 1444992940.658829 -0.049439 0.010986 40.457252
8643 1444992940.668726 0.038452 -0.076904 40.545143
8644 1444992940.682790 0.038452 0.010986 40.633034
8645 1444992940.693008 0.038452 0.010986 40.720925
8646 1444992940.699458 0.038452 0.010986 40.720925
8647 1444992940.708696 0.038452 0.010986 40.808815
8648 1444992940.719610 0.038452 0.010986 40.808815
8649 1444992940.729547 0.038452 -0.076904 40.896706
8650 1444992940.739819 0.038452 0.010986 40.984597
8651 1444992940.750069 0.038452 0.010986 40.984597
8652 1444992940.760057 0.038452 0.010986 41.072488
8653 1444992940.770072 0.038452 0.010986 41.072488
8654 1444992940.780369 0.038452 0.010986 41.160379
8655 1444992940.790506 0.038452 0.010986 41.160379
8656 1444992940.800603 0.038452 0.010986 41.24827
8657 1444992940.810507 0.038452 0.010986 41.24827
8658 1444992940.820735 0.038452 0.010986 41.33616
8659 1444992940.831240 0.038452 0.010986 41.33616
8660 1444992940.841084 0.038452 0.010986 41.424051
8661 1444992940.851774 0.038452 0.010986 41.424051
8662 1444992940.862411 0.038452 0.010986 41.511942
8663 1444992940.872472 0.038452 0.010986 41.511942
8664 1444992940.882509 0.038452 0.010986 41.599833
8665 1444992940.892612 0.038452 -0.076904 41.687724
8666 1444992940.903855 0.038452 -0.076904 41.687724
8667 1444992940.913548 0.038452 -0.076904 41.687724
8668 1444992940.923910 0.038452 0.010986 41.775615
8669 1444992940.934220 0.038452 0.010986 41.863506
8670 1444992940.944500 0.038452 0.010986 41.863506
8671 1444992940.954491 0.038452 0.010986 41.863506
8672 1444992940.964492 0.038452 0.010986 41.951396
8673 1444992940.974489 0.038452 0.010986 42.039287
8674 1444992940.984541 0.038452 0.010986 42.039287
8675 1444992940.995130 0.038452 -0.076904 42.127178
8676 1444992941.005132 0.038452 0.010986 42.127178
8677 1444992941.009818 0.038452 0.010986 42.127178
8678 1444992941.025130 0.038452 0.010986 42.215069
8679 1444992941.035075 0.038452 -0.076904 42.215069
8680 1444992941.040134 0.038452 0.010986 42.30296
8681 1444992941.048552 0.038452 -0.076904 42.30296
8682 1444992941.058889 0.038452 0.010986 42.30296
8683 1444992941.070902 0.038452 0.010986 42.30296
8684 1444992941.080975 0.038452 -0.076904 42.390851
8685 1444992941.091046 0.038452 0.010986 42.390851
8686 1444992941.099159 0.038452 -0.076904 42.478741
8687 1444992941.108765 0.038452 0.010986 42.478741
8688 1444992941.121669 -0.049439 0.010986 42.478741
8689 1444992941.129539 0.038452 -0.076904 42.566632
8690 1444992941.141901 0.038452 -0.076904 42.566632
8691 1444992941.154130 0.038452 0.010986 42.654523
8692 1444992941.163696 0.038452 0.010986 42.654523
8693 1444992941.173667 0.038452 0.010986 42.654523
8694 1444992941.183873 0.038452 0.010986 42.742414
8695 1444992941.193866 0.038452 0.010986 42.742414
8696 1444992941.203764 0.038452 0.010986 42.742414
8697 1444992941.214933 0.038452 -0.076904 42.830305
8698 1444992941.224953 0.038452 0.010986 42.830305
8699 1444992941.235046 0.038452 0.010986 42.830305
8700 1444992941.245289 0.038452 0.010986 42.830305
8701 1444992941.255516 0.038452 0.010986 42.918196
8702 1444992941.265548 0.038452 0.010986 42.918196
8703 1444992941.275511 0.038452 0.010986 42.918196
8704 1444992941.285760 0.038452 0.010986 42.918196
8705 1444992941.295870 0.038452 0.010986 42.918196
8706 1444992941.305984 0.038452 0.010986 42.918196
8707 1444992941.316049 0.038452 0.010986 43.006086
8708 1444992941.326181 0.038452 0.010986 43.006086
8709 1444992941.336348 0.038452 0.010986 43.006086
8710 1444992941.346273 0.038452 0.010986 43.006086
8711 1444992941.353612 0.038452 0.010986 43.093977
8712 1444992941.366592 0.038452 0.010986 43.093977
8713 1444992941.376703 0.038452 0.010986 43.093977
8714 1444992941.386822 0.038452 0.010986 43.093977
8715 1444992941.396991 0.038452 0.010986 43.093977
8716 1444992941.404399 0.038452 0.010986 43.181868
8717 1444992941.417684 0.038452 0.010986 43.181868
8718 1444992941.418784 0.038452 0.010986 43.181868
8719 1444992941.437651 0.038452 0.010986 43.181868
8720 1444992941.439033 0.038452 0.010986 43.181868
8721 1444992941.453623 0.038452 0.010986 43.269759
8722 1444992941.464025 0.038452 0.010986 43.269759
8723 1444992941.474229 0.038452 0.010986 43.269759
8724 1444992941.484461 0.038452 0.010986 43.269759
8725 1444992941.494518 0.038452 0.010986 43.269759
8726 1444992941.504538 0.038452 0.010986 43.269759
8727 1444992941.514703 0.038452 0.010986 43.269759
8728 1444992941.524736 0.038452 0.010986 43.269759
8729 1444992941.534735 0.038452 -0.076904 43.269759
8730 1444992941.544957 0.038452 0.010986 43.269759
8731 1444992941.555117 0.038452 0.010986 43.269759
8732 1444992941.565118 0.038452 -0.076904 43.269759
8733 1444992941.575227 0.038452 0.010986 43.35765
8734 1444992941.585466 0.038452 -0.076904 43.35765
8735 1444992941.595646 0.038452 -0.076904 43.35765
8736 1444992941.605650 -0.049439 0.010986 43.35765
8737 1444992941.615729 0.038452 0.010986 43.35765
8738 1444992941.625975 0.038452 0.010986 43.35765
8739 1444992941.636260 -0.049439 0.010986 43.35765
8740 1444992941.647521 0.038452 0.010986 43.35765
8741 1444992941.657526 0.038452 0.010986 43.35765
8742 1444992941.667563 0.038452 0.010986 43.35765
8743 1444992941.673614 -0.049439 0.010986 43.35765
8744 1444992941.683846 0.038452 0.010986 43.35765
8745 1444992941.698807 0.038452 0.010986 43.35765
8746 1444992941.708807 0.038452 0.010986 43.445541
8747 1444992941.718890 -0.049439 0.010986 43.445541
8748 1444992941.728852 0.038452 0.010986 43.445541
8749 1444992941.738936 0.038452 0.010986 43.445541
8750 1444992941.749162 0.038452 0.010986 43.445541
8751 1444992941.758984 0.038452 0.010986 43.445541
8752 1444992941.769344 0.038452 0.010986 43.445541
8753 1444992941.780376 0.038452 0.010986 43.445541
8754 1444992941.790154 0.038452 0.010986 43.445541
8755 1444992941.800312 0.038452 0.010986 43.445541
8756 1444992941.809712 0.038452 0.010986 43.445541
8757 1444992941.819813 0.038452 0.010986 43.445541
8758 1444992941.829935 0.038452 0.010986 43.445541
8759 1444992941.840369 -0.049439 -0.076904 43.445541
8760 1444992941.850478 0.038452 0.010986 43.445541
8761 1444992941.860355 0.038452 -0.076904 43.445541
8762 1444992941.870429 0.038452 0.010986 43.445541
8763 1444992941.880647 -0.049439 0.010986 43.445541
8764 1444992941.890797 0.038452 0.010986 43.445541
8765 1444992941.900925 0.038452 0.010986 43.445541
8766 1444992941.908742 0.038452 0.010986 43.445541
8767 1444992941.921332 0.038452 0.010986 43.445541
8768 1444992941.931502 0.038452 0.010986 43.445541
8769 1444992941.941558 0.038452 0.010986 43.445541
8770 1444992941.943648 0.038452 0.010986 43.445541
8771 1444992941.955456 -0.049439 0.010986 43.445541
8772 1444992941.964828 0.038452 0.010986 43.35765
8773 1444992941.974947 0.038452 0.010986 43.35765
8774 1444992941.985034 0.038452 0.010986 43.269759
8775 1444992941.995953 -0.049439 0.010986 43.181868
8776 1444992942.006190 0.038452 0.010986 43.093977
8777 1444992942.018690 -0.049439 0.010986 42.918196
8778 1444992942.029078 0.038452 0.010986 42.742414
8779 1444992942.039057 0.038452 0.010986 42.478741
8780 1444992942.049131 0.038452 0.010986 42.30296
8781 1444992942.060937 0.038452 0.010986 42.039287
8782 1444992942.071193 0.038452 0.010986 41.775615
8783 1444992942.081298 -0.049439 0.010986 41.424051
8784 1444992942.091354 0.038452 0.010986 41.072488
8785 1444992942.098627 -0.049439 0.010986 40.720925
8786 1444992942.108657 0.038452 0.010986 40.275977
8787 1444992942.121647 0.038452 0.010986 39.836523
8788 1444992942.128975 0.038452 0.010986 39.397069
8789 1444992942.142329 -0.049439 0.010986 38.869724
8790 1444992942.148904 0.038452 0.010986 38.342379
8791 1444992942.158687 0.038452 0.010986 37.815034
8792 1444992942.168618 0.038452 0.010986 37.199798
8793 1444992942.183705 -0.049439 0.010986 36.232999
8794 1444992942.193797 0.038452 0.010986 35.617763
8795 1444992942.200100 0.038452 0.010986 35.35409
8796 1444992942.213976 0.038452 0.010986 34.2994
8797 1444992942.224061 0.038452 0.010986 33.596273
8798 1444992942.229083 -0.049439 0.010986 33.156819
8799 1444992942.239232 0.038452 0.010986 32.365802
8800 1444992942.249709 0.038452 0.010986 31.662675
8801 1444992942.264418 -0.049439 0.010986 30.432203
8802 1444992942.269608 -0.049439 0.010986 29.992749
8803 1444992942.279775 0.038452 0.010986 29.201731
8804 1444992942.289873 -0.049439 0.010986 28.322823
8805 1444992942.299664 -0.049439 0.010986 27.443915
8806 1444992942.309889 -0.049439 0.010986 26.477115
8807 1444992942.320201 -0.049439 -0.076904 25.598207
8808 1444992942.330060 -0.049439 0.010986 24.719299
8809 1444992942.340401 -0.049439 0.010986 23.84039
8810 1444992942.348657 -0.049439 0.010986 22.961482
8811 1444992942.358800 -0.049439 -0.076904 22.082573
8812 1444992942.370955 0.038452 -0.076904 21.115774
8813 1444992942.380762 -0.049439 -0.076904 20.236866
8814 1444992942.391044 -0.049439 -0.076904 19.270067
8815 1444992942.399591 -0.049439 0.010986 18.391158
8816 1444992942.413705 -0.049439 -0.076904 16.979412
8817 1444992942.423898 -0.049439 0.010986 16.100503
8818 1444992942.433969 -0.049439 -0.076904 15.133704
8819 1444992942.444079 -0.049439 0.010986 14.254796
8820 1444992942.454229 -0.049439 0.010986 13.287996
8821 1444992942.464206 -0.049439 -0.076904 12.409088
8822 1444992942.474309 -0.049439 -0.076904 11.442289
8823 1444992942.484463 -0.049439 0.010986 10.56338
8824 1444992942.494702 -0.049439 0.010986 9.596581
8825 1444992942.504426 -0.049439 0.010986 8.717673
8826 1444992942.514857 -0.049439 -0.076904 7.750873
8827 1444992942.524960 -0.049439 -0.076904 6.871965
8828 1444992942.535379 -0.049439 -0.076904 5.905166
8829 1444992942.545743 -0.049439 -0.076904 5.114148
8830 1444992942.555725 -0.049439 -0.076904 4.23524
8831 1444992942.565724 0.038452 0.010986 3.444222
8832 1444992942.575701 0.038452 0.010986 2.653205
8833 1444992942.585840 0.038452 0.010986 1.862187
8834 1444992942.596181 0.038452 0.010986 1.15906
8835 1444992942.606339 -0.049439 -0.076904 0.455934
8836 1444992942.616470 0.038452 0.010986 -0.159302
8837 1444992942.626521 0.038452 0.010986 -0.862429
8838 1444992942.636541 0.038452 0.010986 -1.477665
8839 1444992942.641546 0.038452 0.010986 -1.829228
8840 1444992942.649665 0.038452 0.010986 -2.356573
8841 1444992942.666849 0.038452 0.010986 -3.147591
8842 1444992942.676926 0.038452 0.010986 -3.674936
8843 1444992942.686999 0.038452 0.010986 -4.202281
8844 1444992942.697204 0.038452 0.010986 -4.553844
8845 1444992942.700402 0.038452 0.010986 -4.82301
8846 1444992942.708984 0.038452 0.010986 -5.262464
8847 1444992942.723759 0.038452 0.010986 -5.789809
8848 1444992942.729795 0.038452 0.010986 -6.053482
8849 1444992942.743861 0.038452 0.010986 -6.492936
8850 1444992942.753744 0.038452 0.098877 -6.844499
8851 1444992942.763828 0.038452 0.010986 -7.108172
8852 1444992942.773915 0.038452 0.098877 -7.371844
8853 1444992942.784130 0.038452 0.098877 -7.635517
8854 1444992942.794670 0.038452 0.098877 -7.811298
8855 1444992942.804827 0.038452 0.098877 -8.074971
8856 1444992942.815168 0.038452 0.098877 -8.250753
8857 1444992942.825133 0.038452 0.098877 -8.514425
8858 1444992942.835438 0.038452 0.010986 -8.690207
8859 1444992942.845567 0.038452 0.010986 -8.865988
8860 1444992942.855535 0.038452 0.010986 -9.04177
8861 1444992942.865713 0.038452 0.010986 -9.305443
8862 1444992942.875840 0.038452 0.010986 -9.393333
8863 1444992942.886275 0.038452 0.010986 -9.569115
8864 1444992942.896358 0.038452 0.010986 -9.744897
8865 1444992942.904210 0.038452 0.010986 -9.920679
8866 1444992942.916589 0.038452 0.010986 -10.008569
8867 1444992942.926771 0.038452 0.010986 -10.184351
8868 1444992942.936877 0.038452 0.010986 -10.272242
8869 1444992942.947010 0.038452 0.010986 -10.360133
8870 1444992942.954124 0.038452 0.010986 -10.448024
8871 1444992942.963553 0.038452 -0.076904 -10.535914
8872 1444992942.973548 0.038452 -0.076904 -10.623805
8873 1444992942.988840 -0.049439 -0.076904 -10.711696
8874 1444992942.993767 0.038452 -0.076904 -10.799587
8875 1444992943.009147 -0.049439 -0.076904 -10.887478
8876 1444992943.019107 -0.049439 -0.076904 -10.975369
8877 1444992943.029270 -0.049439 0.010986 -10.975369
8878 1444992943.039441 0.038452 0.010986 -10.975369
8879 1444992943.044605 0.038452 0.010986 -11.063259
8880 1444992943.059617 0.038452 0.010986 -11.063259
8881 1444992943.065285 0.038452 0.010986 -11.063259
8882 1444992943.079772 0.038452 0.010986 -11.15115
8883 1444992943.085960 0.038452 0.010986 -11.063259
8884 1444992943.096246 0.038452 0.010986 -11.063259
8885 1444992943.105411 0.038452 0.010986 -11.063259
8886 1444992943.115697 0.038452 0.010986 -11.063259
8887 1444992943.125915 0.038452 0.010986 -11.063259
8888 1444992943.136268 0.038452 0.010986 -11.063259
8889 1444992943.146504 0.038452 0.010986 -11.063259
8890 1444992943.156471 0.038452 0.010986 -11.063259
8891 1444992943.166235 0.038452 0.010986 -10.975369
8892 1444992943.173602 0.038452 0.010986 -11.063259
8893 1444992943.186461 0.038452 0.010986 -10.975369
8894 1444992943.197516 0.038452 0.010986 -10.975369
8895 1444992943.207519 0.038452 0.010986 -10.975369
8896 1444992943.217611 0.038452 0.010986 -10.975369
8897 1444992943.228593 0.038452 0.010986 -10.887478
8898 1444992943.238498 0.038452 0.010986 -10.887478
8899 1444992943.248738 0.038452 0.010986 -10.887478
8900 1444992943.256061 0.038452 0.010986 -10.887478
8901 1444992943.268652 0.038452 0.010986 -10.799587
8902 1444992943.278923 0.038452 0.010986 -10.711696
8903 1444992943.289052 0.038452 0.010986 -10.711696
8904 1444992943.299082 0.038452 0.010986 -10.711696
8905 1444992943.309106 0.038452 0.010986 -10.623805
8906 1444992943.319473 0.038452 0.010986 -10.535914
8907 1444992943.329503 0.038452 0.010986 -10.535914
8908 1444992943.339669 0.038452 0.010986 -10.448024
8909 1444992943.348687 0.038452 0.010986 -10.448024
8910 1444992943.359644 0.038452 0.010986 -10.360133
8911 1444992943.370063 0.038452 0.010986 -10.272242
8912 1444992943.380216 0.038452 0.010986 -10.184351
8913 1444992943.390414 0.038452 0.010986 -10.184351
8914 1444992943.400237 0.038452 0.010986 -10.09646
8915 1444992943.409075 0.038452 0.010986 -10.008569
8916 1444992943.420657 0.038452 0.098877 -9.744897
8917 1444992943.430779 -0.049439 0.098877 -9.481224
8918 1444992943.441224 -0.049439 0.010986 -9.305443
8919 1444992943.448958 -0.049439 0.010986 -8.953879
8920 1444992943.458708 -0.049439 0.010986 -8.690207
8921 1444992943.471575 -0.049439 0.010986 -8.426534
8922 1444992943.481733 -0.049439 0.010986 -8.162862
8923 1444992943.491951 -0.049439 0.098877 -7.98708
8924 1444992943.502068 -0.049439 0.098877 -7.899189
8925 1444992943.512235 -0.049439 0.186768 -7.899189
8926 1444992943.522275 -0.049439 0.186768 -7.899189
8927 1444992943.529570 -0.049439 0.186768 -7.899189
8928 1444992943.538686 -0.049439 0.186768 -7.98708
8929 1444992943.549826 -0.049439 0.186768 -8.074971
8930 1444992943.558665 -0.049439 0.186768 -8.162862
8931 1444992943.569176 -0.049439 0.098877 -8.338643
8932 1444992943.579061 -0.049439 0.098877 -8.514425
8933 1444992943.589286 -0.049439 0.098877 -8.690207
8934 1444992943.600003 -0.049439 0.098877 -8.865988
8935 1444992943.609311 -0.049439 0.098877 -8.953879
8936 1444992943.619249 -0.049439 0.098877 -9.217552
8937 1444992943.629415 -0.049439 0.098877 -9.305443
8938 1444992943.639591 -0.049439 0.098877 -9.481224
8939 1444992943.649466 -0.049439 0.010986 -9.657006
8940 1444992943.658918 -0.049439 0.010986 -9.744897
8941 1444992943.670984 -0.049439 0.010986 -9.920679
8942 1444992943.681125 -0.049439 0.010986 -10.008569
8943 1444992943.691171 -0.049439 0.010986 -10.184351
8944 1444992943.701257 -0.049439 0.010986 -10.272242
8945 1444992943.711378 -0.049439 -0.076904 -10.448024
8946 1444992943.721591 -0.049439 -0.076904 -10.535914
8947 1444992943.731710 0.038452 -0.076904 -10.535914
8948 1444992943.741838 -0.049439 -0.076904 -10.623805
8949 1444992943.749644 0.038452 0.010986 -10.711696
8950 1444992943.759172 0.038452 -0.076904 -10.799587
8951 1444992943.772418 0.038452 0.010986 -10.799587
8952 1444992943.778911 0.038452 0.010986 -10.799587
8953 1444992943.788961 0.038452 -0.076904 -10.887478
8954 1444992943.799876 -0.049439 0.010986 -10.799587
8955 1444992943.813613 0.038452 0.010986 -10.799587
8956 1444992943.823676 -0.049439 0.010986 -10.799587
8957 1444992943.833873 -0.049439 0.010986 -10.799587
8958 1444992943.844015 0.038452 0.010986 -10.711696
8959 1444992943.853731 -0.049439 0.010986 -10.711696
8960 1444992943.864087 -0.049439 0.010986 -10.711696
8961 1444992943.874253 -0.049439 0.010986 -10.711696
8962 1444992943.884896 -0.049439 0.010986 -10.623805
8963 1444992943.895115 -0.049439 0.010986 -10.623805
8964 1444992943.905275 -0.049439 0.010986 -10.623805
8965 1444992943.915228 -0.049439 0.010986 -10.623805
8966 1444992943.925234 -0.049439 -0.076904 -10.623805
8967 1444992943.935359 -0.049439 0.010986 -10.535914
8968 1444992943.940062 -0.049439 0.010986 -10.535914
8969 1444992943.955471 -0.049439 -0.076904 -10.535914
8970 1444992943.960407 -0.049439 -0.076904 -10.535914
8971 1444992943.975597 -0.049439 -0.076904 -10.448024
8972 1444992943.985734 -0.049439 -0.076904 -10.360133
8973 1444992943.990792 -0.049439 -0.076904 -10.360133
8974 1444992944.001077 -0.137329 -0.076904 -10.272242
8975 1444992944.009207 -0.137329 -0.076904 -10.272242
8976 1444992944.021249 -0.137329 -0.076904 -10.272242
8977 1444992944.032061 -0.137329 -0.076904 -10.184351
8978 1444992944.041586 -0.137329 0.010986 -10.184351
8979 1444992944.049523 -0.137329 -0.076904 -10.184351
8980 1444992944.061878 -0.137329 0.010986 -10.184351
8981 1444992944.068603 -0.137329 -0.076904 -10.184351
8982 1444992944.078865 -0.137329 -0.076904 -10.184351
8983 1444992944.088560 -0.137329 0.010986 -10.09646
8984 1444992944.103894 -0.137329 0.010986 -10.09646
8985 1444992944.113707 -0.137329 0.010986 -10.184351
8986 1444992944.124013 -0.049439 0.010986 -10.09646
8987 1444992944.134029 -0.049439 0.010986 -10.09646
8988 1444992944.144407 -0.049439 0.010986 -10.184351
8989 1444992944.154328 -0.049439 0.010986 -10.184351
8990 1444992944.164410 -0.049439 0.010986 -10.184351
8991 1444992944.174612 -0.049439 0.010986 -10.184351
8992 1444992944.184677 -0.049439 0.010986 -10.184351
8993 1444992944.195104 -0.049439 0.010986 -10.184351
8994 1444992944.204930 -0.049439 0.010986 -10.184351
8995 1444992944.214873 -0.049439 0.010986 -10.184351
8996 1444992944.225032 -0.049439 0.010986 -10.184351
8997 1444992944.235203 -0.049439 0.010986 -10.184351
8998 1444992944.245617 -0.049439 0.010986 -10.184351
8999 1444992944.255372 -0.049439 0.010986 -10.184351
9000 1444992944.265688 -0.049439 0.010986 -10.184351
9001 1444992944.275835 -0.049439 0.010986 -10.184351
9002 1444992944.285784 -0.049439 0.010986 -10.184351
9003 1444992944.296008 -0.049439 0.010986 -10.184351
9004 1444992944.305937 -0.049439 0.010986 -10.09646
9005 1444992944.316308 -0.049439 0.010986 -10.09646
9006 1444992944.326440 -0.049439 0.010986 -10.09646
9007 1444992944.336536 -0.049439 0.010986 -10.184351
9008 1444992944.346772 -0.049439 0.010986 -10.09646
9009 1444992944.356693 -0.049439 0.010986 -10.184351
9010 1444992944.366833 -0.049439 0.010986 -10.184351
9011 1444992944.376996 -0.049439 0.010986 -10.184351
9012 1444992944.387080 -0.049439 0.010986 -10.184351
9013 1444992944.397441 -0.049439 0.010986 -10.184351
9014 1444992944.404363 -0.049439 0.010986 -10.184351
9015 1444992944.413589 -0.049439 0.010986 -10.184351
9016 1444992944.423725 -0.049439 0.010986 -10.184351
9017 1444992944.438667 -0.049439 0.010986 -10.184351
9018 1444992944.443987 -0.049439 0.010986 -10.184351
9019 1444992944.458792 -0.049439 0.010986 -10.184351
9020 1444992944.464297 -0.049439 0.010986 -10.184351
9021 1444992944.474554 -0.049439 0.010986 -10.184351
9022 1444992944.484553 -0.049439 0.010986 -10.184351
9023 1444992944.494849 -0.049439 0.010986 -10.184351
9024 1444992944.505214 -0.049439 0.010986 -10.184351
9025 1444992944.514902 -0.049439 0.010986 -10.184351
9026 1444992944.524915 -0.049439 0.010986 -10.184351
9027 1444992944.535077 -0.049439 0.010986 -10.184351
9028 1444992944.545777 -0.049439 0.010986 -10.184351
9029 1444992944.555901 -0.049439 0.010986 -10.184351
9030 1444992944.565645 -0.049439 0.010986 -10.184351
9031 1444992944.575721 -0.049439 0.010986 -10.184351
9032 1444992944.585917 -0.049439 0.010986 -10.09646
9033 1444992944.596208 -0.049439 0.010986 -10.184351
9034 1444992944.607131 -0.049439 0.010986 -10.184351
9035 1444992944.617146 -0.049439 0.010986 -10.184351
9036 1444992944.627439 -0.049439 0.010986 -10.184351
9037 1444992944.637479 -0.049439 0.010986 -10.184351
9038 1444992944.648555 -0.049439 0.010986 -10.184351
9039 1444992944.658676 -0.049439 0.010986 -10.184351
9040 1444992944.668560 -0.049439 0.010986 -10.184351
9041 1444992944.678622 -0.049439 0.010986 -10.184351
9042 1444992944.688737 -0.049439 0.010986 -10.184351
9043 1444992944.698936 -0.049439 0.010986 -10.184351
9044 1444992944.709045 -0.049439 0.010986 -10.184351
9045 1444992944.719365 -0.049439 0.010986 -10.184351
9046 1444992944.729317 -0.049439 0.010986 -10.184351
9047 1444992944.739443 0.038452 0.010986 -10.184351
9048 1444992944.749681 -0.049439 0.010986 -10.184351
9049 1444992944.759610 -0.049439 0.010986 -10.184351
9050 1444992944.769937 0.038452 0.010986 -10.184351
9051 1444992944.780047 -0.049439 0.010986 -10.184351
9052 1444992944.790228 -0.049439 0.010986 -10.184351
9053 1444992944.800220 -0.049439 0.010986 -10.184351
9054 1444992944.810553 -0.049439 0.010986 -10.184351
9055 1444992944.820739 -0.049439 0.010986 -10.184351
9056 1444992944.831021 -0.049439 0.010986 -10.184351
9057 1444992944.836104 -0.049439 0.010986 -10.184351
9058 1444992944.846285 -0.049439 0.010986 -10.184351
9059 1444992944.856593 -0.049439 0.010986 -10.184351
9060 1444992944.866563 -0.049439 0.010986 -10.184351
9061 1444992944.876653 -0.049439 0.010986 -10.184351
9062 1444992944.886712 -0.049439 0.010986 -10.184351
9063 1444992944.899398 -0.049439 0.010986 -10.184351
9064 1444992944.908909 -0.049439 0.010986 -10.184351
9065 1444992944.913578 -0.049439 0.010986 -10.184351
9066 1444992944.929135 -0.049439 0.010986 -10.184351
9067 1444992944.933672 -0.049439 0.010986 -10.184351
9068 1444992944.949208 -0.049439 0.010986 -10.184351
9069 1444992944.955528 -0.049439 0.010986 -10.184351
9070 1444992944.968590 -0.049439 0.010986 -10.184351
9071 1444992944.978828 -0.049439 0.010986 -10.184351
9072 1444992944.988817 -0.049439 0.010986 -10.184351
9073 1444992944.999757 -0.049439 0.010986 -10.184351
9074 1444992945.009852 -0.049439 0.010986 -10.184351
9075 1444992945.020123 -0.049439 0.010986 -10.184351
9076 1444992945.030227 -0.049439 0.010986 -10.184351
9077 1444992945.040332 -0.049439 0.010986 -10.184351
9078 1444992945.050452 -0.049439 0.010986 -10.184351
9079 1444992945.060834 -0.049439 0.010986 -10.184351
9080 1444992945.070885 -0.049439 0.010986 -10.184351
9081 1444992945.081114 -0.049439 0.010986 -10.184351
9082 1444992945.091292 -0.049439 0.010986 -10.184351
9083 1444992945.098915 -0.049439 0.010986 -10.272242
9084 1444992945.108785 -0.049439 -0.076904 -10.272242
9085 1444992945.121724 -0.049439 -0.076904 -10.272242
9086 1444992945.128816 -0.049439 -0.076904 -10.272242
9087 1444992945.141894 -0.049439 -0.076904 -10.272242
9088 1444992945.148620 -0.049439 -0.076904 -10.272242
9089 1444992945.159108 -0.049439 -0.076904 -10.272242
9090 1444992945.172280 -0.049439 -0.076904 -10.272242
9091 1444992945.182399 -0.049439 -0.076904 -10.272242
9092 1444992945.188590 -0.049439 -0.076904 -10.272242
9093 1444992945.199521 -0.049439 -0.076904 -10.272242
9094 1444992945.213599 -0.049439 -0.076904 -10.272242
9095 1444992945.218963 -0.049439 -0.076904 -10.272242
9096 1444992945.229000 -0.049439 -0.076904 -10.272242
9097 1444992945.239238 -0.049439 -0.076904 -10.272242
9098 1444992945.249891 -0.049439 -0.076904 -10.272242
9099 1444992945.259504 -0.049439 -0.076904 -10.272242
9100 1444992945.269502 -0.049439 -0.076904 -10.272242
9101 1444992945.279538 -0.049439 -0.076904 -10.272242
9102 1444992945.289663 -0.049439 -0.076904 -10.272242
9103 1444992945.299646 -0.049439 -0.076904 -10.272242
9104 1444992945.309563 -0.049439 -0.076904 -10.272242
9105 1444992945.319823 -0.049439 -0.076904 -10.272242
9106 1444992945.330087 -0.049439 -0.076904 -10.272242
9107 1444992945.340508 -0.049439 -0.076904 -10.272242
9108 1444992945.350908 -0.049439 -0.076904 -10.272242
9109 1444992945.360216 -0.049439 -0.076904 -10.272242
9110 1444992945.370736 -0.049439 -0.076904 -10.272242
9111 1444992945.380857 -0.049439 -0.076904 -10.360133
9112 1444992945.390948 -0.049439 0.010986 -10.360133
9113 1444992945.401075 -0.049439 0.010986 -10.360133
9114 1444992945.411051 0.038452 0.010986 -10.360133
9115 1444992945.421381 -0.049439 0.010986 -10.360133
9116 1444992945.431840 0.038452 0.010986 -10.360133
9117 1444992945.442095 0.038452 0.010986 -10.360133
9118 1444992945.453719 0.038452 0.010986 -10.360133
9119 1444992945.462568 0.038452 0.010986 -10.360133
9120 1444992945.473627 0.038452 0.010986 -10.360133
9121 1444992945.483820 0.038452 0.010986 -10.360133
9122 1444992945.493768 0.038452 0.010986 -10.360133
9123 1444992945.503694 -0.049439 0.010986 -10.360133
9124 1444992945.514205 0.038452 0.010986 -10.360133
9125 1444992945.524318 0.038452 0.010986 -10.360133
9126 1444992945.534475 0.038452 0.010986 -10.360133
9127 1444992945.544871 -0.049439 0.010986 -10.360133
9128 1444992945.555000 0.038452 0.010986 -10.360133
9129 1444992945.564861 0.038452 0.010986 -10.360133
9130 1444992945.574826 0.038452 0.010986 -10.360133
9131 1444992945.584861 0.038452 0.010986 -10.360133
9132 1444992945.595250 0.038452 0.010986 -10.360133
9133 1444992945.605150 0.038452 0.010986 -10.360133
9134 1444992945.615490 -0.049439 0.010986 -10.360133
9135 1444992945.625293 -0.049439 0.010986 -10.360133
9136 1444992945.635585 -0.049439 0.010986 -10.360133
9137 1444992945.645758 -0.049439 0.010986 -10.360133
9138 1444992945.655995 -0.049439 0.010986 -10.360133
9139 1444992945.665885 -0.049439 0.010986 -10.360133
9140 1444992945.675896 0.038452 0.010986 -10.360133
9141 1444992945.686086 0.038452 0.010986 -10.360133
9142 1444992945.696301 -0.049439 0.010986 -10.360133
9143 1444992945.706441 -0.049439 0.010986 -10.360133
9144 1444992945.716497 -0.049439 0.010986 -10.360133
9145 1444992945.726674 -0.049439 0.010986 -10.360133
9146 1444992945.736828 0.038452 0.010986 -10.360133
9147 1444992945.746998 0.038452 0.010986 -10.360133
9148 1444992945.757206 -0.049439 0.010986 -10.360133
9149 1444992945.767397 0.038452 0.010986 -10.360133
9150 1444992945.777499 0.038452 0.010986 -10.360133
9151 1444992945.787558 -0.049439 0.010986 -10.360133
9152 1444992945.797713 0.038452 0.010986 -10.360133
9153 1444992945.807984 0.038452 0.010986 -10.360133
9154 1444992945.817932 0.038452 0.010986 -10.360133
9155 1444992945.828055 0.038452 0.010986 -10.360133
9156 1444992945.833780 0.038452 0.010986 -10.360133
9157 1444992945.843938 0.038452 0.010986 -10.360133
9158 1444992945.853648 0.038452 0.010986 -10.360133
9159 1444992945.864089 0.038452 0.010986 -10.360133
9160 1444992945.874195 -0.049439 0.010986 -10.360133
9161 1444992945.884172 -0.049439 0.010986 -10.360133
9162 1444992945.895017 0.038452 0.010986 -10.360133
9163 1444992945.905308 -0.049439 0.010986 -10.360133
9164 1444992945.914937 0.038452 0.010986 -10.360133
9165 1444992945.925529 -0.049439 0.010986 -10.360133
9166 1444992945.935641 -0.049439 0.010986 -10.360133
9167 1444992945.945960 0.038452 0.010986 -10.360133
9168 1444992945.956076 0.038452 0.010986 -10.360133
9169 1444992945.966081 0.038452 0.010986 -10.360133
9170 1444992945.976140 -0.049439 0.010986 -10.360133
9171 1444992945.986245 0.038452 0.010986 -10.360133
9172 1444992945.996374 0.038452 0.010986 -10.360133
9173 1444992946.006582 -0.049439 0.010986 -10.360133
9174 1444992946.016637 -0.049439 0.010986 -10.360133
9175 1444992946.026648 -0.049439 0.010986 -10.360133
9176 1444992946.036775 -0.049439 0.010986 -10.360133
9177 1444992946.048957 -0.049439 0.010986 -10.360133
9178 1444992946.057017 -0.049439 0.010986 -10.360133
9179 1444992946.067014 0.038452 0.010986 -10.360133
9180 1444992946.077175 0.038452 0.010986 -10.360133
9181 1444992946.083553 0.038452 0.010986 -10.360133
9182 1444992946.098772 -0.049439 0.010986 -10.360133
9183 1444992946.108665 0.038452 0.010986 -10.360133
9184 1444992946.118834 0.038452 0.010986 -10.360133
9185 1444992946.128987 0.038452 0.010986 -10.360133
9186 1444992946.138909 0.038452 0.010986 -10.360133
9187 1444992946.149108 0.038452 0.010986 -10.360133
9188 1444992946.158977 0.038452 0.010986 -10.360133
9189 1444992946.169679 0.038452 0.010986 -10.360133
9190 1444992946.179762 -0.049439 0.010986 -10.360133
9191 1444992946.189826 0.038452 0.010986 -10.360133
9192 1444992946.200027 0.038452 0.010986 -10.360133
9193 1444992946.210001 0.038452 0.010986 -10.360133
9194 1444992946.220153 0.038452 0.010986 -10.360133
9195 1444992946.230282 0.038452 0.010986 -10.360133
9196 1444992946.240306 -0.049439 0.010986 -10.360133
9197 1444992946.250375 0.038452 0.010986 -10.360133
9198 1444992946.260366 0.038452 0.010986 -10.360133
9199 1444992946.270657 0.038452 0.010986 -10.360133
9200 1444992946.280731 0.038452 0.010986 -10.360133
9201 1444992946.290854 0.038452 0.010986 -10.360133
9202 1444992946.301100 -0.049439 0.010986 -10.360133
9203 1444992946.311174 -0.049439 0.010986 -10.360133
9204 1444992946.321223 -0.049439 0.010986 -10.360133
9205 1444992946.331338 -0.049439 0.010986 -10.360133
9206 1444992946.341427 -0.049439 0.010986 -10.360133
9207 1444992946.351562 0.038452 0.010986 -10.360133
9208 1444992946.354052 0.038452 0.010986 -10.360133
9209 1444992946.363792 0.038452 0.010986 -10.360133
9210 1444992946.373657 -0.049439 0.010986 -10.360133
9211 1444992946.383795 -0.049439 0.010986 -10.360133
9212 1444992946.399592 0.038452 0.010986 -10.360133
9213 1444992946.409665 0.038452 0.010986 -10.360133
9214 1444992946.419690 0.038452 0.010986 -10.360133
9215 1444992946.429635 0.038452 0.010986 -10.360133
9216 1444992946.439632 -0.049439 0.010986 -10.360133
9217 1444992946.449699 0.038452 0.010986 -10.360133
9218 1444992946.459661 -0.049439 0.010986 -10.360133
9219 1444992946.469856 0.038452 0.010986 -10.360133
9220 1444992946.479933 0.038452 0.010986 -10.360133
9221 1444992946.489978 0.038452 0.010986 -10.360133
9222 1444992946.500295 0.038452 0.010986 -10.360133
9223 1444992946.510190 0.038452 0.010986 -10.360133
9224 1444992946.520414 0.038452 0.010986 -10.360133
9225 1444992946.530507 0.038452 0.010986 -10.360133
9226 1444992946.540644 0.038452 0.010986 -10.360133
9227 1444992946.550658 0.038452 0.010986 -10.360133
9228 1444992946.560802 0.038452 0.010986 -10.360133
9229 1444992946.571133 -0.049439 0.010986 -10.360133
9230 1444992946.581467 -0.049439 0.010986 -10.360133
9231 1444992946.591563 -0.049439 0.010986 -10.360133
9232 1444992946.598734 0.038452 0.010986 -10.360133
9233 1444992946.608803 -0.049439 0.010986 -10.360133
9234 1444992946.621808 -0.049439 0.010986 -10.360133
9235 1444992946.631831 -0.049439 0.010986 -10.360133
9236 1444992946.641989 -0.049439 0.010986 -10.360133
9237 1444992946.648829 -0.049439 0.010986 -10.360133
9238 1444992946.658974 0.038452 0.010986 -10.360133
9239 1444992946.668937 -0.049439 0.010986 -10.360133
9240 1444992946.679009 0.038452 0.010986 -10.360133
9241 1444992946.693516 0.038452 0.010986 -10.360133
9242 1444992946.698689 -0.049439 0.010986 -10.360133
9243 1444992946.713952 0.038452 0.010986 -10.360133
9244 1444992946.723958 0.038452 0.010986 -10.360133
9245 1444992946.734000 -0.049439 0.010986 -10.360133
9246 1444992946.739094 0.038452 0.010986 -10.360133
9247 1444992946.754187 0.038452 0.010986 -10.360133
9248 1444992946.764219 0.038452 0.010986 -10.360133
9249 1444992946.774155 0.038452 0.010986 -10.360133
9250 1444992946.784348 0.038452 0.010986 -10.360133
9251 1444992946.790025 -0.049439 0.010986 -10.360133
9252 1444992946.800071 -0.049439 0.010986 -10.360133
9253 1444992946.809772 0.038452 0.010986 -10.360133
9254 1444992946.819835 0.038452 0.010986 -10.360133
9255 1444992946.829772 0.038452 0.010986 -10.360133
9256 1444992946.839883 0.038452 0.010986 -10.360133
9257 1444992946.849061 0.038452 0.010986 -10.360133
9258 1444992946.860102 -0.049439 0.010986 -10.360133
9259 1444992946.870621 0.038452 0.010986 -10.360133
9260 1444992946.880699 0.038452 0.010986 -10.360133
9261 1444992946.891685 0.038452 0.010986 -10.360133
9262 1444992946.901754 0.038452 0.010986 -10.360133
9263 1444992946.911815 0.038452 0.010986 -10.360133
9264 1444992946.922005 0.038452 0.010986 -10.360133
9265 1444992946.931999 -0.049439 0.010986 -10.360133
9266 1444992946.942350 -0.049439 0.010986 -10.360133
9267 1444992946.953982 0.038452 0.010986 -10.360133
9268 1444992946.963939 0.038452 0.010986 -10.360133
9269 1444992946.973805 0.038452 0.010986 -10.360133
9270 1444992946.984056 0.038452 0.010986 -10.360133
9271 1444992946.994083 0.038452 0.010986 -10.360133
9272 1444992947.004352 -0.049439 0.010986 -10.360133
9273 1444992947.014183 -0.049439 0.010986 -10.360133
9274 1444992947.024384 -0.049439 0.010986 -10.272242
9275 1444992947.034359 0.038452 0.010986 -10.360133
9276 1444992947.044641 -0.049439 0.010986 -10.272242
9277 1444992947.054661 0.038452 0.010986 -10.272242
9278 1444992947.064791 -0.049439 0.010986 -10.272242
9279 1444992947.075048 -0.049439 0.010986 -10.272242
9280 1444992947.085140 -0.049439 0.010986 -10.272242
9281 1444992947.095511 -0.049439 0.010986 -10.272242
9282 1444992947.105386 0.038452 0.010986 -10.272242
9283 1444992947.115245 -0.049439 0.010986 -10.272242
9284 1444992947.126092 -0.049439 0.010986 -10.272242
9285 1444992947.135600 -0.049439 0.010986 -10.272242
9286 1444992947.145760 -0.049439 -0.076904 -10.272242
9287 1444992947.155724 -0.049439 0.010986 -10.272242
9288 1444992947.165800 -0.049439 0.010986 -10.272242
9289 1444992947.175822 -0.049439 -0.076904 -10.272242
9290 1444992947.186063 0.038452 -0.076904 -10.272242
9291 1444992947.196251 -0.049439 0.010986 -10.272242
9292 1444992947.208690 -0.049439 0.010986 -10.272242
9293 1444992947.216401 -0.049439 0.010986 -10.272242
9294 1444992947.226487 -0.049439 0.010986 -10.272242
9295 1444992947.236558 -0.049439 -0.076904 -10.272242
9296 1444992947.246715 -0.049439 0.010986 -10.272242
9297 1444992947.256861 -0.049439 -0.076904 -10.272242
9298 1444992947.268844 -0.049439 -0.076904 -10.272242
9299 1444992947.278861 -0.049439 -0.076904 -10.272242
9300 1444992947.287655 -0.049439 -0.076904 -10.272242
9301 1444992947.297340 -0.049439 -0.076904 -10.272242
9302 1444992947.307458 0.038452 0.010986 -10.272242
9303 1444992947.319232 -0.049439 0.010986 -10.272242
9304 1444992947.328105 -0.049439 0.010986 -10.272242
9305 1444992947.339259 0.038452 0.010986 -10.272242
9306 1444992947.344184 -0.049439 -0.076904 -10.272242
9307 1444992947.355363 -0.049439 -0.076904 -10.272242
9308 1444992947.365208 -0.049439 -0.076904 -10.272242
9309 1444992947.375329 -0.049439 0.010986 -10.272242
9310 1444992947.385317 -0.049439 -0.076904 -10.272242
9311 1444992947.395690 -0.049439 0.010986 -10.272242
9312 1444992947.405957 -0.049439 0.010986 -10.272242
9313 1444992947.416016 -0.049439 0.010986 -10.272242
9314 1444992947.426201 0.038452 0.010986 -10.272242
9315 1444992947.436253 -0.049439 0.010986 -10.272242
9316 1444992947.446542 -0.049439 -0.076904 -10.272242
9317 1444992947.456489 0.038452 0.010986 -10.272242
9318 1444992947.466545 0.038452 0.010986 -10.272242
9319 1444992947.476548 0.038452 0.010986 -10.272242
9320 1444992947.486666 0.038452 0.010986 -10.272242
9321 1444992947.496807 0.038452 -0.076904 -10.272242
9322 1444992947.506935 0.038452 0.010986 -10.272242
9323 1444992947.517088 0.038452 0.010986 -10.272242
9324 1444992947.529283 0.038452 0.010986 -10.360133
9325 1444992947.537379 0.038452 0.010986 -10.272242
9326 1444992947.548804 0.038452 0.010986 -10.272242
9327 1444992947.558818 0.038452 -0.076904 -10.272242
9328 1444992947.568839 0.038452 0.010986 -10.272242
9329 1444992947.578992 0.038452 0.010986 -10.272242
9330 1444992947.589036 0.038452 0.010986 -10.272242
9331 1444992947.599459 0.038452 0.010986 -10.272242
9332 1444992947.609107 0.038452 0.010986 -10.272242
9333 1444992947.619397 0.038452 0.010986 -10.272242
9334 1444992947.629502 0.038452 0.010986 -10.272242
9335 1444992947.641142 0.038452 -0.076904 -10.360133
9336 1444992947.649964 0.038452 0.010986 -10.272242
9337 1444992947.659704 0.038452 0.010986 -10.272242
