7882 1444828663.262667 12.052031 4.982312 0.032959 -10.014063 -4.389049 -5.031751
7883 1444828663.273369 12.052031 4.982312 -0.054932 -10.014063 -4.389049 -5.031751
7884 1444828663.282344 12.052031 4.982312 0.032959 -10.014063 -4.389049 -5.031751
7885 1444828663.288605 12.052031 4.982312 0.032959 -10.014063 -4.389049 -5.031751
7886 1444828663.302285 11.964141 4.982312 -0.054932 -10.014063 -4.389049 -5.031751
7887 1444828663.312829 11.964141 4.982312 0.032959 -10.014063 -4.389049 -5.031751
7888 1444828663.317724 12.052031 4.982312 -0.054932 -10.014063 -4.389049 -5.031751
7889 1444828663.332833 11.964141 4.982312 -0.054932 -10.014063 -4.389049 -5.031751
7890 1444828663.344618 12.052031 4.982312 0.032959 -10.014063 -4.389049 -5.031751
7891 1444828663.353035 11.964141 4.982312 0.032959 -9.926172 -4.389049 -5.031751
7892 1444828663.363255 11.964141 4.982312 0.032959 -10.014063 -4.389049 -5.031751
7893 1444828663.373399 11.964141 4.982312 0.032959 -10.014063 -4.389049 -5.031751
7894 1444828663.383383 11.964141 4.982312 0.032959 -9.926172 -4.389049 -5.031751
7895 1444828663.393587 12.052031 4.982312 -0.054932 -10.014063 -4.389049 -5.031751
7896 1444828663.397950 12.052031 4.982312 0.032959 -10.014063 -4.389049 -5.031751
7897 1444828663.407801 11.964141 4.982312 0.032959 -9.926172 -4.389049 -5.031751
7898 1444828663.420165 12.052031 4.982312 0.032959 -10.014063 -4.389049 -5.031751
7899 1444828663.430315 11.964141 4.982312 0.032959 -10.014063 -4.389049 -5.031751
7900 1444828663.441356 11.964141 4.982312 0.032959 -10.014063 -4.389049 -5.031751
7901 1444828663.450243 12.052031 4.982312 0.032959 -10.014063 -4.389049 -5.031751
7902 1444828663.461614 11.964141 4.982312 0.032959 -10.014063 -4.389049 -5.031751
7903 1444828663.470867 11.964141 4.982312 -0.054932 -10.014063 -4.389049 -5.031751
7904 1444828663.480613 11.964141 4.982312 0.032959 -10.014063 -4.389049 -5.031751
7905 1444828663.490647 12.052031 4.982312 -0.054932 -10.014063 -4.389049 -5.031751
7906 1444828663.500781 12.052031 4.982312 -0.054932 -10.014063 -4.389049 -5.031751
7907 1444828663.510864 11.964141 4.982312 0.032959 -10.014063 -4.389049 -5.031751
7908 1444828663.521158 11.964141 4.982312 0.032959 -10.014063 -4.389049 -5.031751
7909 1444828663.531186 12.052031 4.982312 0.032959 -10.014063 -4.389049 -5.031751
7910 1444828663.541183 12.052031 4.982312 -0.054932 -10.014063 -4.389049 -5.031751
7911 1444828663.553018 11.964141 4.982312 0.032959 -10.014063 -4.389049 -5.031751
7912 1444828663.564507 11.964141 4.982312 -0.054932 -10.014063 -4.389049 -5.031751
7913 1444828663.572912 12.052031 4.982312 -0.054932 -10.014063 -4.389049 -5.031751
7914 1444828663.582967 11.964141 4.982312 -0.054932 -10.014063 -4.389049 -5.031751
7915 1444828663.593167 11.964141 4.982312 -0.054932 -9.926172 -4.389049 -5.031751
7916 1444828663.603401 12.052031 4.982312 -0.054932 -10.014063 -4.389049 -5.031751
7917 1444828663.614239 12.052031 4.982312 0.032959 -9.926172 -4.389049 -5.031751
7918 1444828663.622510 12.052031 4.982312 0.032959 -10.014063 -4.389049 -5.031751
7919 1444828663.632467 11.964141 4.982312 -0.054932 -10.014063 -4.389049 -5.031751
7920 1444828663.643076 12.052031 4.982312 0.032959 -9.926172 -4.389049 -5.031751
7921 1444828663.653039 12.052031 4.982312 -0.054932 -10.014063 -4.389049 -5.031751
7922 1444828663.662988 11.964141 4.982312 -0.054932 -9.926172 -4.389049 -5.031751
7923 1444828663.673054 12.052031 4.982312 0.032959 -9.926172 -4.389049 -5.031751
7924 1444828663.683067 11.964141 4.982312 0.032959 -10.014063 -4.389049 -5.031751
7925 1444828663.693309 12.052031 4.982312 -0.054932 -10.014063 -4.389049 -5.031751
7926 1444828663.703452 11.964141 4.982312 0.032959 -10.014063 -4.389049 -5.031751
7927 1444828663.713492 12.052031 4.982312 0.032959 -10.014063 -4.389049 -5.031751
7928 1444828663.723261 12.052031 4.982312 0.032959 -10.014063 -4.389049 -5.031751
7929 1444828663.733791 11.964141 4.982312 -0.054932 -9.926172 -4.389049 -5.031751
7930 1444828663.744068 11.964141 4.982312 0.032959 -9.926172 -4.389049 -5.031751
7931 1444828663.754156 12.052031 4.982312 0.032959 -9.926172 -4.389049 -5.031751
7932 1444828663.762794 12.052031 4.982312 0.032959 -9.926172 -4.389049 -5.031751
7933 1444828663.774112 11.964141 4.982312 0.032959 -9.926172 -4.389049 -5.031751
7934 1444828663.782998 11.964141 4.982312 -0.054932 -10.014063 -4.389049 -5.031751
7935 1444828663.793515 12.052031 4.982312 0.032959 -10.014063 -4.389049 -5.031751
7936 1444828663.803617 12.052031 4.982312 0.032959 -9.926172 -4.389049 -5.031751
7937 1444828663.814077 11.964141 4.982312 0.032959 -9.926172 -4.389049 -5.031751
7938 1444828663.822593 11.964141 4.982312 0.032959 -9.926172 -4.389049 -5.031751
7939 1444828663.834522 11.964141 4.982312 0.032959 -9.926172 -4.389049 -5.031751
7940 1444828663.844636 11.964141 4.982312 0.032959 -10.014063 -4.389049 -5.031751
7941 1444828663.854767 11.964141 4.982312 0.032959 -10.014063 -4.389049 -5.031751
7942 1444828663.866156 11.964141 4.982312 0.032959 -10.014063 -4.389049 -5.031751
7943 1444828663.876081 11.964141 4.982312 0.032959 -10.014063 -4.389049 -5.031751
7944 1444828663.883090 11.964141 4.982312 -0.054932 -10.014063 -4.389049 -5.031751
7945 1444828663.895949 11.964141 4.982312 0.032959 -9.926172 -4.389049 -5.031751
7946 1444828663.905968 11.964141 4.982312 -0.054932 -9.926172 -4.389049 -5.031751
7947 1444828663.916508 11.964141 4.982312 -0.054932 -9.926172 -4.389049 -5.031751
7948 1444828663.926918 11.964141 4.982312 0.032959 -9.926172 -4.389049 -5.031751
7949 1444828663.936548 11.964141 4.982312 0.032959 -10.014063 -4.389049 -5.031751
7950 1444828663.946634 12.052031 4.982312 -0.054932 -10.014063 -4.389049 -5.031751
7951 1444828663.956841 11.964141 4.982312 0.032959 -10.014063 -4.389049 -5.031751
7952 1444828663.967799 12.052031 4.982312 0.032959 -9.926172 -4.389049 -5.031751
7953 1444828663.975921 12.052031 4.982312 0.032959 -10.014063 -4.389049 -5.031751
7954 1444828663.985811 11.964141 4.982312 -0.054932 -10.014063 -4.389049 -5.031751
7955 1444828663.996053 11.964141 4.982312 0.032959 -9.926172 -4.389049 -5.031751
7956 1444828664.008017 11.964141 4.982312 0.032959 -10.014063 -4.389049 -5.031751
7957 1444828664.018552 11.964141 4.982312 0.032959 -9.926172 -4.389049 -5.031751
7958 1444828664.028611 11.964141 4.982312 -0.054932 -9.926172 -4.389049 -5.031751
7959 1444828664.038692 11.964141 4.982312 0.032959 -10.014063 -4.389049 -5.031751
7960 1444828664.048860 11.964141 4.982312 -0.054932 -10.014063 -4.389049 -5.031751
7961 1444828664.058911 11.964141 4.982312 0.032959 -9.926172 -4.389049 -5.031751
7962 1444828664.069162 11.964141 4.982312 0.032959 -10.014063 -4.389049 -5.031751
7963 1444828664.079246 12.052031 4.982312 0.032959 -9.926172 -4.389049 -5.031751
7964 1444828664.089661 11.964141 4.982312 0.032959 -9.926172 -4.389049 -5.031751
7965 1444828664.099637 11.964141 4.982312 0.032959 -10.014063 -4.389049 -5.031751
7966 1444828664.109831 11.964141 4.982312 -0.054932 -9.926172 -4.389049 -5.031751
7967 1444828664.118199 11.964141 4.982312 0.032959 -9.926172 -4.389049 -5.031751
7968 1444828664.128548 11.964141 4.982312 0.032959 -10.014063 -4.389049 -5.031751
7969 1444828664.140339 11.964141 4.982312 0.032959 -9.926172 -4.389049 -5.031751
7970 1444828664.148641 11.964141 4.982312 -0.054932 -10.014063 -4.389049 -5.031751
7971 1444828664.158853 11.964141 4.982312 0.032959 -10.014063 -4.389049 -5.031751
7972 1444828664.165887 11.964141 4.982312 0.032959 -10.014063 -4.389049 -5.031751
7973 1444828664.177827 12.052031 4.982312 0.032959 -10.014063 -4.389049 -5.031751
7974 1444828664.187900 11.964141 4.982312 0.032959 -10.014063 -4.389049 -5.031751
7975 1444828664.196345 11.964141 4.982312 -0.054932 -9.926172 -4.389049 -5.031751
7976 1444828664.206615 11.964141 4.982312 -0.054932 -9.926172 -4.389049 -5.031751
7977 1444828664.216845 11.964141 4.982312 0.032959 -10.014063 -4.389049 -5.031751
7978 1444828664.226004 12.052031 4.982312 -0.054932 -10.014063 -4.389049 -5.031751
7979 1444828664.235577 11.964141 4.982312 0.032959 -10.014063 -4.389049 -5.031751
7980 1444828664.245753 12.052031 4.982312 0.032959 -9.926172 -4.389049 -5.031751
7981 1444828664.255814 12.052031 4.982312 0.032959 -9.926172 -4.389049 -5.031751
7982 1444828664.266083 12.052031 4.982312 -0.054932 -10.014063 -4.389049 -5.031751
7983 1444828664.276525 12.052031 4.982312 0.032959 -10.014063 -4.389049 -5.031751
7984 1444828664.286304 11.964141 4.982312 0.032959 -9.926172 -4.389049 -5.031751
7985 1444828664.297916 12.052031 4.982312 -0.054932 -9.926172 -4.389049 -5.031751
7986 1444828664.308059 11.964141 4.982312 0.032959 -9.926172 -4.389049 -5.031751
7987 1444828664.318394 11.964141 4.982312 -0.054932 -10.014063 -4.389049 -5.031751
7988 1444828664.326814 11.964141 4.982312 -0.054932 -10.014063 -4.389049 -5.031751
7989 1444828664.338241 11.964141 4.982312 -0.054932 -10.014063 -4.389049 -5.031751
7990 1444828664.348529 11.964141 4.982312 0.032959 -10.014063 -4.389049 -5.031751
7991 1444828664.358622 11.964141 4.982312 0.032959 -9.926172 -4.389049 -5.031751
7992 1444828664.367437 12.052031 4.982312 -0.054932 -9.926172 -4.389049 -5.031751
7993 1444828664.377570 11.964141 4.982312 0.032959 -9.926172 -4.389049 -5.031751
7994 1444828664.387217 11.964141 4.982312 -0.054932 -9.926172 -4.389049 -5.031751
7995 1444828664.397408 12.052031 4.894421 0.032959 -10.014063 -4.389049 -5.031751
7996 1444828664.409484 11.964141 4.982312 -0.054932 -9.926172 -4.389049 -5.031751
7997 1444828664.418081 11.964141 4.982312 0.032959 -10.014063 -4.389049 -5.031751
7998 1444828664.427958 11.964141 4.982312 0.032959 -10.014063 -4.389049 -5.031751
7999 1444828664.441314 11.964141 4.982312 0.032959 -9.926172 -4.389049 -5.031751
8000 1444828664.451742 11.964141 4.982312 0.032959 -10.014063 -4.389049 -5.031751
8001 1444828664.461762 11.964141 4.982312 -0.054932 -9.926172 -4.389049 -5.031751
8002 1444828664.472049 11.964141 4.982312 0.032959 -9.926172 -4.389049 -5.031751
8003 1444828664.482147 11.964141 4.982312 -0.054932 -10.014063 -4.389049 -5.031751
8004 1444828664.492707 11.964141 4.982312 -0.054932 -10.014063 -4.389049 -5.031751
8005 1444828664.502675 12.052031 4.982312 0.032959 -10.014063 -4.389049 -5.031751
8006 1444828664.512611 11.964141 4.982312 -0.054932 -9.926172 -4.389049 -5.031751
8007 1444828664.517850 12.052031 4.982312 -0.054932 -10.014063 -4.389049 -5.031751
8008 1444828664.529341 11.964141 4.982312 -0.054932 -9.926172 -4.389049 -5.031751
8009 1444828664.538428 11.964141 4.982312 0.032959 -10.014063 -4.389049 -5.031751
8010 1444828664.548519 11.964141 4.982312 0.032959 -10.014063 -4.389049 -5.031751
8011 1444828664.558652 12.052031 4.982312 -0.054932 -10.014063 -4.389049 -5.031751
8012 1444828664.568850 11.964141 4.982312 0.032959 -9.926172 -4.389049 -5.031751
8013 1444828664.582336 11.964141 4.982312 -0.054932 -9.926172 -4.389049 -5.031751
8014 1444828664.589370 11.964141 4.982312 0.032959 -10.014063 -4.389049 -5.031751
8015 1444828664.599133 11.964141 4.982312 0.032959 -9.926172 -4.389049 -5.031751
8016 1444828664.609215 11.964141 4.982312 -0.054932 -10.014063 -4.389049 -5.031751
8017 1444828664.617560 11.964141 4.982312 0.032959 -10.014063 -4.389049 -5.031751
8018 1444828664.627616 11.964141 4.982312 -0.054932 -10.014063 -4.389049 -5.031751
8019 1444828664.639609 12.052031 4.982312 0.032959 -9.926172 -4.389049 -5.031751
8020 1444828664.649732 12.052031 4.982312 0.032959 -9.926172 -4.389049 -5.031751
8021 1444828664.659949 11.964141 4.982312 0.032959 -10.014063 -4.389049 -5.031751
8022 1444828664.668113 11.964141 4.982312 -0.054932 -10.014063 -4.389049 -5.031751
8023 1444828664.678313 11.964141 4.982312 0.032959 -10.014063 -4.389049 -5.031751
8024 1444828664.687469 11.964141 4.982312 -0.054932 -10.014063 -4.389049 -5.031751
8025 1444828664.698176 11.964141 4.982312 -0.054932 -10.014063 -4.389049 -5.031751
8026 1444828664.708441 11.964141 4.982312 -0.054932 -9.926172 -4.389049 -5.031751
8027 1444828664.718537 11.964141 4.982312 -0.054932 -10.014063 -4.389049 -5.031751
8028 1444828664.730399 11.964141 4.982312 0.032959 -9.926172 -4.389049 -5.031751
8029 1444828664.741444 11.964141 4.982312 0.032959 -10.014063 -4.389049 -5.031751
8030 1444828664.751729 11.964141 4.982312 -0.054932 -10.014063 -4.389049 -5.031751
8031 1444828664.760677 11.964141 4.982312 0.032959 -10.014063 -4.389049 -5.031751
8032 1444828664.770940 11.964141 4.982312 -0.054932 -9.926172 -4.389049 -5.031751
8033 1444828664.780898 11.964141 4.982312 0.032959 -10.014063 -4.389049 -5.031751
8034 1444828664.790826 12.052031 4.982312 0.032959 -10.014063 -4.389049 -5.031751
8035 1444828664.801149 12.052031 4.982312 -0.054932 -9.926172 -4.389049 -5.031751
8036 1444828664.811136 11.964141 4.982312 0.032959 -9.926172 -4.389049 -5.031751
8037 1444828664.821456 11.964141 4.982312 0.032959 -9.926172 -4.389049 -5.031751
8038 1444828664.831458 11.964141 4.982312 0.032959 -10.014063 -4.389049 -5.031751
8039 1444828664.841517 12.052031 4.982312 0.032959 -10.014063 -4.389049 -5.031751
8040 1444828664.853735 12.052031 4.982312 0.032959 -10.014063 -4.389049 -5.031751
8041 1444828664.864134 11.964141 4.982312 -0.054932 -10.014063 -4.389049 -5.031751
8042 1444828664.873995 11.964141 4.982312 -0.054932 -9.926172 -4.389049 -5.031751
8043 1444828664.884158 11.964141 4.982312 0.032959 -10.014063 -4.389049 -5.031751
8044 1444828664.894631 11.964141 4.982312 0.032959 -9.926172 -4.389049 -5.031751
8045 1444828664.904897 11.964141 4.982312 -0.054932 -10.014063 -4.389049 -5.031751
8046 1444828664.913469 11.964141 4.982312 0.032959 -9.926172 -4.389049 -5.031751
8047 1444828664.923783 11.964141 4.982312 0.032959 -10.014063 -4.389049 -5.031751
8048 1444828664.935706 11.964141 4.982312 -0.054932 -10.014063 -4.389049 -5.031751
8049 1444828664.942955 11.964141 4.982312 -0.054932 -10.014063 -4.389049 -5.031751
8050 1444828664.952980 12.052031 4.982312 -0.054932 -10.014063 -4.389049 -5.031751
8051 1444828664.963185 12.052031 4.982312 -0.054932 -10.014063 -4.389049 -5.031751
8052 1444828664.973229 11.964141 4.982312 -0.054932 -10.014063 -4.389049 -5.031751
8053 1444828664.983170 11.964141 4.982312 0.032959 -9.926172 -4.389049 -5.031751
8054 1444828664.993497 12.052031 4.982312 -0.054932 -10.014063 -4.389049 -5.031751
8055 1444828665.003439 11.964141 4.982312 -0.054932 -10.014063 -4.389049 -5.031751
8056 1444828665.013630 11.964141 4.982312 0.032959 -10.014063 -4.389049 -5.031751
8057 1444828665.023707 12.052031 4.982312 0.032959 -9.926172 -4.389049 -5.031751
8058 1444828665.037205 11.964141 4.982312 0.032959 -10.014063 -4.389049 -5.031751
8059 1444828665.047258 11.964141 4.982312 0.032959 -10.014063 -4.389049 -5.031751
8060 1444828665.057358 11.964141 4.982312 -0.054932 -9.926172 -4.389049 -5.031751
8061 1444828665.064134 11.964141 4.982312 0.032959 -10.014063 -4.389049 -5.031751
8062 1444828665.073753 11.964141 4.982312 0.032959 -10.014063 -4.389049 -5.031751
8063 1444828665.082873 11.964141 4.982312 -0.054932 -10.014063 -4.389049 -5.031751
8064 1444828665.092979 12.052031 4.982312 -0.054932 -10.014063 -4.389049 -5.031751
8065 1444828665.103094 11.964141 4.982312 0.032959 -10.014063 -4.389049 -5.031751
8066 1444828665.113286 11.964141 4.982312 0.032959 -9.926172 -4.389049 -5.031751
8067 1444828665.122451 11.964141 4.982312 0.032959 -10.014063 -4.389049 -5.031751
8068 1444828665.133703 11.964141 4.982312 0.032959 -10.014063 -4.389049 -5.031751
8069 1444828665.143849 11.964141 4.982312 0.032959 -9.926172 -4.389049 -5.031751
8070 1444828665.153950 12.052031 4.894421 0.032959 -10.014063 -4.389049 -5.031751
8071 1444828665.164517 11.964141 4.982312 0.032959 -9.926172 -4.389049 -5.031751
8072 1444828665.172783 11.964141 4.982312 0.032959 -9.926172 -4.389049 -5.031751
8073 1444828665.182646 11.964141 4.982312 -0.054932 -10.014063 -4.389049 -5.031751
8074 1444828665.195866 11.964141 4.982312 0.032959 -10.014063 -4.389049 -5.031751
8075 1444828665.205852 11.964141 4.982312 -0.054932 -10.014063 -4.389049 -5.031751
8076 1444828665.216569 11.964141 4.982312 0.032959 -10.014063 -4.389049 -5.031751
8077 1444828665.226568 11.964141 4.982312 0.032959 -9.926172 -4.389049 -5.031751
8078 1444828665.236618 11.964141 4.982312 -0.054932 -10.014063 -4.389049 -5.031751
8079 1444828665.246922 11.964141 4.982312 0.032959 -9.926172 -4.389049 -5.031751
8080 1444828665.257085 11.964141 4.982312 0.032959 -10.014063 -4.389049 -5.031751
8081 1444828665.268548 11.964141 4.982312 0.032959 -10.014063 -4.389049 -5.031751
8082 1444828665.278172 11.964141 4.982312 0.032959 -10.014063 -4.389049 -5.031751
8083 1444828665.288238 11.964141 4.982312 0.032959 -10.014063 -4.389049 -5.031751
8084 1444828665.298419 11.964141 4.982312 0.032959 -10.014063 -4.389049 -5.031751
8085 1444828665.308485 11.964141 4.982312 0.032959 -9.926172 -4.389049 -5.031751
8086 1444828665.318591 12.052031 4.982312 0.032959 -10.014063 -4.389049 -5.031751
8087 1444828665.327330 11.964141 4.982312 0.032959 -9.926172 -4.389049 -5.031751
8088 1444828665.338804 11.964141 4.982312 -0.054932 -10.014063 -4.389049 -5.031751
8089 1444828665.348933 11.964141 4.982312 -0.054932 -9.926172 -4.389049 -5.031751
8090 1444828665.359138 11.964141 4.982312 0.032959 -10.014063 -4.389049 -5.031751
8091 1444828665.367588 11.964141 4.982312 -0.054932 -9.926172 -4.389049 -5.031751
8092 1444828665.377647 11.964141 4.982312 0.032959 -10.014063 -4.389049 -5.031751
8093 1444828665.387758 11.964141 4.982312 0.032959 -10.014063 -4.389049 -5.031751
8094 1444828665.397839 11.964141 4.982312 0.032959 -10.014063 -4.389049 -5.031751
8095 1444828665.407950 11.964141 4.982312 0.032959 -10.014063 -4.389049 -5.031751
8096 1444828665.418137 11.964141 4.982312 0.032959 -10.014063 -4.389049 -5.031751
8097 1444828665.428063 11.964141 4.982312 0.032959 -10.014063 -4.389049 -5.031751
8098 1444828665.435967 11.964141 4.982312 -0.054932 -10.014063 -4.389049 -5.031751
8099 1444828665.445868 12.052031 4.982312 0.032959 -10.014063 -4.389049 -5.031751
8100 1444828665.455899 11.964141 4.982312 -0.054932 -10.014063 -4.389049 -5.031751
8101 1444828665.466123 11.964141 4.982312 0.032959 -10.014063 -4.389049 -5.031751
8102 1444828665.476207 11.964141 4.982312 0.032959 -10.014063 -4.389049 -5.031751
8103 1444828665.486203 11.964141 4.982312 -0.054932 -10.014063 -4.389049 -5.031751
8104 1444828665.496333 12.052031 4.982312 -0.054932 -10.014063 -4.389049 -5.031751
8105 1444828665.506642 11.964141 4.982312 0.032959 -10.014063 -4.389049 -5.031751
8106 1444828665.516981 11.964141 4.982312 0.032959 -10.014063 -4.389049 -5.031751
8107 1444828665.525608 11.964141 4.982312 0.032959 -10.014063 -4.389049 -5.031751
8108 1444828665.536865 11.964141 4.982312 0.032959 -10.014063 -4.389049 -5.031751
8109 1444828665.545856 11.964141 4.982312 -0.054932 -10.014063 -4.389049 -5.031751
8110 1444828665.555976 11.964141 4.982312 -0.054932 -10.014063 -4.389049 -5.031751
8111 1444828665.567824 11.964141 4.982312 0.032959 -10.014063 -4.389049 -5.031751
8112 1444828665.576164 12.052031 4.982312 0.032959 -10.014063 -4.389049 -5.031751
8113 1444828665.587694 12.052031 4.982312 0.032959 -9.926172 -4.389049 -5.031751
8114 1444828665.597876 11.964141 4.982312 0.032959 -9.926172 -4.389049 -5.031751
8115 1444828665.608672 12.052031 4.982312 0.032959 -10.014063 -4.389049 -5.031751
8116 1444828665.618897 11.964141 4.982312 0.032959 -10.014063 -4.389049 -5.031751
8117 1444828665.628973 11.964141 4.982312 0.032959 -10.014063 -4.389049 -5.031751
8118 1444828665.639197 12.052031 4.982312 0.032959 -10.014063 -4.389049 -5.031751
8119 1444828665.649298 11.964141 4.982312 0.032959 -9.926172 -4.389049 -5.031751
8120 1444828665.659478 11.964141 4.982312 0.032959 -10.014063 -4.389049 -5.031751
8121 1444828665.671032 11.964141 4.982312 -0.054932 -10.014063 -4.389049 -5.031751
8122 1444828665.680765 11.964141 4.982312 0.032959 -10.014063 -4.389049 -5.031751
8123 1444828665.690993 11.964141 4.982312 0.032959 -9.926172 -4.389049 -5.031751
8124 1444828665.700826 12.052031 4.982312 0.032959 -10.014063 -4.389049 -5.031751
8125 1444828665.710927 11.964141 4.982312 0.032959 -10.014063 -4.389049 -5.031751
8126 1444828665.721043 11.964141 4.982312 0.032959 -10.014063 -4.389049 -5.031751
8127 1444828665.731155 11.964141 4.982312 0.032959 -9.926172 -4.389049 -5.031751
8128 1444828665.741410 11.964141 4.982312 -0.054932 -10.014063 -4.389049 -5.031751
8129 1444828665.751397 11.964141 4.982312 -0.054932 -10.014063 -4.389049 -5.031751
8130 1444828665.761851 11.964141 4.982312 0.032959 -10.014063 -4.389049 -5.031751
8131 1444828665.770921 11.964141 4.982312 0.032959 -10.014063 -4.389049 -5.031751
8132 1444828665.780878 12.052031 4.982312 0.032959 -10.014063 -4.389049 -5.031751
8133 1444828665.787729 12.052031 4.982312 0.032959 -10.014063 -4.389049 -5.031751
8134 1444828665.797724 11.964141 4.982312 0.032959 -10.014063 -4.389049 -5.031751
8135 1444828665.807735 11.964141 4.982312 0.032959 -10.014063 -4.389049 -5.031751
8136 1444828665.817992 12.052031 4.982312 0.032959 -10.014063 -4.389049 -5.031751
8137 1444828665.828004 11.964141 4.982312 -0.054932 -10.014063 -4.389049 -5.031751
8138 1444828665.838044 11.964141 4.982312 -0.054932 -10.014063 -4.389049 -5.031751
8139 1444828665.848302 11.964141 4.982312 0.032959 -9.926172 -4.389049 -5.031751
8140 1444828665.858583 11.964141 4.982312 0.032959 -10.014063 -4.389049 -5.031751
8141 1444828665.868285 11.964141 4.982312 0.032959 -10.014063 -4.389049 -5.031751
8142 1444828665.878804 11.964141 4.982312 0.032959 -10.014063 -4.389049 -5.031751
8143 1444828665.888883 11.964141 4.982312 -0.054932 -10.014063 -4.389049 -5.031751
8144 1444828665.899014 11.964141 4.982312 0.032959 -10.014063 -4.389049 -5.031751
8145 1444828665.908906 12.052031 4.982312 0.032959 -9.926172 -4.389049 -5.031751
8146 1444828665.917450 11.964141 4.982312 0.032959 -10.014063 -4.389049 -5.031751
8147 1444828665.927966 11.964141 4.982312 0.032959 -10.014063 -4.389049 -5.031751
8148 1444828665.939273 11.964141 4.982312 -0.054932 -10.014063 -4.389049 -5.031751
8149 1444828665.949346 12.052031 4.982312 0.032959 -9.926172 -4.389049 -5.031751
8150 1444828665.959430 11.964141 4.982312 -0.054932 -10.014063 -4.389049 -5.031751
8151 1444828665.967976 12.052031 4.982312 0.032959 -10.014063 -4.389049 -5.031751
8152 1444828665.977577 11.964141 4.982312 0.032959 -10.014063 -4.389049 -5.031751
8153 1444828665.987422 11.964141 4.982312 0.032959 -10.014063 -4.389049 -5.031751
8154 1444828665.997408 12.052031 4.982312 0.032959 -10.014063 -4.389049 -5.031751
8155 1444828666.010807 11.964141 4.982312 -0.054932 -9.926172 -4.389049 -5.031751
8156 1444828666.017948 11.964141 4.982312 -0.054932 -10.014063 -4.389049 -5.031751
8157 1444828666.030995 12.052031 4.982312 0.032959 -10.014063 -4.389049 -5.031751
8158 1444828666.041043 11.964141 4.982312 -0.054932 -9.926172 -4.389049 -5.031751
8159 1444828666.051210 12.052031 4.982312 -0.054932 -10.014063 -4.389049 -5.031751
8160 1444828666.061340 12.052031 4.982312 0.032959 -10.014063 -4.389049 -5.031751
8161 1444828666.073067 11.964141 4.982312 0.032959 -10.014063 -4.389049 -5.031751
8162 1444828666.081797 11.964141 4.982312 -0.054932 -9.926172 -4.389049 -5.031751
8163 1444828666.092065 11.964141 4.982312 0.032959 -10.014063 -4.389049 -5.031751
8164 1444828666.101947 11.964141 4.982312 0.032959 -9.926172 -4.389049 -5.031751
8165 1444828666.112227 11.964141 4.982312 0.032959 -10.014063 -4.389049 -5.031751
8166 1444828666.120877 11.964141 4.982312 0.032959 -10.014063 -4.389049 -5.031751
8167 1444828666.131167 12.052031 4.982312 0.032959 -10.014063 -4.389049 -5.031751
8168 1444828666.143028 11.964141 4.982312 -0.054932 -10.014063 -4.389049 -5.031751
8169 1444828666.153309 12.052031 4.982312 0.032959 -9.926172 -4.389049 -5.031751
8170 1444828666.163233 12.052031 4.982312 0.032959 -10.014063 -4.389049 -5.031751
8171 1444828666.174069 12.052031 4.982312 0.032959 -10.014063 -4.389049 -5.031751
8172 1444828666.183508 12.052031 4.982312 0.032959 -10.014063 -4.389049 -5.031751
8173 1444828666.193595 12.052031 4.982312 0.032959 -9.926172 -4.389049 -5.031751
8174 1444828666.203726 11.964141 4.982312 -0.054932 -10.014063 -4.389049 -5.031751
8175 1444828666.213820 11.964141 4.982312 0.032959 -10.014063 -4.389049 -5.031751
8176 1444828666.223907 11.964141 4.982312 0.032959 -10.014063 -4.389049 -5.031751
8177 1444828666.233911 11.964141 4.982312 0.032959 -10.014063 -4.389049 -5.031751
8178 1444828666.244138 11.964141 4.982312 0.032959 -10.014063 -4.389049 -5.031751
8179 1444828666.254297 11.964141 4.982312 -0.054932 -10.014063 -4.389049 -5.031751
8180 1444828666.264413 11.964141 4.982312 -0.054932 -10.014063 -4.389049 -5.031751
8181 1444828666.272350 12.052031 4.982312 0.032959 -10.014063 -4.389049 -5.031751
8182 1444828666.284650 12.052031 4.982312 -0.054932 -10.014063 -4.389049 -5.031751
8183 1444828666.294772 12.052031 4.982312 0.032959 -10.014063 -4.389049 -5.031751
8184 1444828666.304899 11.964141 4.982312 -0.054932 -10.014063 -4.389049 -5.031751
8185 1444828666.315077 11.964141 4.982312 -0.054932 -10.014063 -4.389049 -5.031751
8186 1444828666.321244 12.052031 4.982312 0.032959 -10.014063 -4.389049 -5.031751
8187 1444828666.335362 11.964141 4.982312 -0.054932 -10.014063 -4.389049 -5.031751
8188 1444828666.342875 11.964141 4.982312 0.032959 -10.014063 -4.389049 -5.031751
8189 1444828666.353031 11.964141 4.982312 -0.054932 -10.014063 -4.389049 -5.031751
8190 1444828666.361411 11.964141 4.982312 -0.054932 -10.014063 -4.389049 -5.031751
8191 1444828666.373486 11.964141 4.982312 -0.054932 -10.014063 -4.389049 -5.031751
8192 1444828666.381778 11.964141 4.982312 0.032959 -10.014063 -4.389049 -5.031751
8193 1444828666.391813 11.964141 4.982312 -0.054932 -10.014063 -4.389049 -5.031751
8194 1444828666.401862 11.964141 4.982312 0.032959 -10.014063 -4.389049 -5.031751
8195 1444828666.412089 12.052031 4.982312 0.032959 -10.014063 -4.389049 -5.031751
8196 1444828666.422881 11.964141 4.982312 0.032959 -10.014063 -4.389049 -5.031751
8197 1444828666.431295 11.964141 4.982312 0.032959 -10.014063 -4.389049 -5.031751
8198 1444828666.442727 12.052031 4.982312 0.032959 -10.014063 -4.389049 -5.031751
8199 1444828666.452920 11.964141 4.982312 0.032959 -10.014063 -4.389049 -5.031751
8200 1444828666.463009 12.052031 4.982312 0.032959 -10.014063 -4.389049 -5.031751
8201 1444828666.472986 11.964141 4.982312 0.032959 -10.014063 -4.389049 -5.031751
8202 1444828666.483201 11.964141 4.982312 -0.054932 -10.014063 -4.389049 -5.031751
8203 1444828666.493262 12.052031 4.982312 0.032959 -10.014063 -4.389049 -5.031751
8204 1444828666.503441 11.964141 4.982312 -0.054932 -10.014063 -4.389049 -5.031751
8205 1444828666.513695 12.052031 4.982312 0.032959 -10.014063 -4.389049 -5.031751
8206 1444828666.523904 11.964141 4.982312 0.032959 -10.014063 -4.389049 -5.031751
8207 1444828666.534427 11.964141 4.982312 0.032959 -10.014063 -4.389049 -5.031751
8208 1444828666.545897 11.964141 4.982312 0.032959 -10.014063 -4.389049 -5.031751
8209 1444828666.554817 12.052031 4.982312 0.032959 -10.014063 -4.389049 -5.031751
8210 1444828666.566138 11.964141 4.982312 -0.054932 -9.926172 -4.389049 -5.031751
8211 1444828666.576310 11.964141 4.982312 0.032959 -10.014063 -4.389049 -5.031751
8212 1444828666.586019 12.052031 4.982312 0.032959 -10.014063 -4.389049 -5.031751
8213 1444828666.596113 12.052031 4.982312 0.032959 -9.926172 -4.389049 -5.031751
8214 1444828666.606233 12.052031 4.982312 0.032959 -10.014063 -4.389049 -5.031751
8215 1444828666.616851 12.052031 4.982312 0.032959 -10.014063 -4.389049 -5.031751
8216 1444828666.626800 11.964141 4.982312 -0.054932 -10.014063 -4.389049 -5.031751
8217 1444828666.636643 11.964141 4.982312 0.032959 -10.014063 -4.389049 -5.031751
8218 1444828666.645658 11.964141 4.982312 0.032959 -10.014063 -4.389049 -5.031751
8219 1444828666.655623 11.964141 4.982312 0.032959 -10.014063 -4.389049 -5.031751
8220 1444828666.667539 11.964141 4.982312 0.032959 -10.014063 -4.389049 -5.031751
8221 1444828666.677315 11.964141 4.982312 0.032959 -9.926172 -4.389049 -5.031751
8222 1444828666.685975 11.964141 4.982312 0.032959 -10.014063 -4.389049 -5.031751
8223 1444828666.696074 12.052031 4.982312 -0.054932 -10.014063 -4.389049 -5.031751
8224 1444828666.706271 11.964141 4.982312 -0.054932 -10.014063 -4.389049 -5.031751
8225 1444828666.717625 11.964141 4.982312 -0.054932 -10.014063 -4.389049 -5.031751
8226 1444828666.727676 11.964141 4.982312 0.032959 -10.014063 -4.389049 -5.031751
8227 1444828666.734105 12.052031 4.982312 -0.054932 -10.014063 -4.389049 -5.031751
8228 1444828666.744262 11.964141 4.982312 -0.054932 -10.014063 -4.389049 -5.031751
8229 1444828666.754304 11.964141 4.982312 0.032959 -10.014063 -4.389049 -5.031751
8230 1444828666.764821 11.964141 4.982312 0.032959 -10.014063 -4.389049 -5.031751
8231 1444828666.772432 11.964141 4.982312 0.032959 -9.926172 -4.389049 -5.031751
8232 1444828666.782467 12.052031 4.982312 0.032959 -10.014063 -4.389049 -5.031751
8233 1444828666.792548 11.964141 4.982312 0.032959 -10.014063 -4.389049 -5.031751
8234 1444828666.802674 12.052031 4.982312 -0.054932 -10.014063 -4.389049 -5.031751
8235 1444828666.815946 11.964141 4.982312 0.032959 -10.014063 -4.389049 -5.031751
8236 1444828666.823068 11.964141 4.982312 0.032959 -10.014063 -4.389049 -5.031751
8237 1444828666.832891 11.964141 4.982312 0.032959 -10.014063 -4.389049 -5.031751
8238 1444828666.843382 12.052031 4.982312 0.032959 -10.014063 -4.389049 -5.031751
8239 1444828666.855824 12.052031 4.982312 0.032959 -10.014063 -4.389049 -5.031751
8240 1444828666.866140 11.964141 4.982312 -0.054932 -10.014063 -4.389049 -5.031751
8241 1444828666.876110 11.964141 4.982312 0.032959 -9.926172 -4.389049 -5.031751
8242 1444828666.886215 11.964141 4.982312 -0.054932 -10.014063 -4.389049 -5.031751
8243 1444828666.896379 12.052031 4.982312 0.032959 -10.014063 -4.389049 -5.031751
8244 1444828666.907492 11.964141 4.982312 0.032959 -10.014063 -4.389049 -5.031751
8245 1444828666.918794 12.052031 4.982312 -0.054932 -10.014063 -4.389049 -5.031751
8246 1444828666.929065 11.964141 4.982312 0.032959 -10.014063 -4.389049 -5.031751
8247 1444828666.938756 11.964141 4.982312 -0.054932 -10.014063 -4.389049 -5.031751
8248 1444828666.948524 12.052031 4.982312 -0.054932 -10.014063 -4.389049 -5.031751
8249 1444828666.958567 12.052031 4.982312 0.032959 -10.014063 -4.389049 -5.031751
8250 1444828666.968462 12.052031 4.982312 0.032959 -10.014063 -4.389049 -5.031751
8251 1444828666.978965 12.052031 4.982312 0.032959 -10.014063 -4.389049 -5.031751
8252 1444828666.989323 12.052031 4.982312 0.032959 -10.014063 -4.389049 -5.031751
8253 1444828666.999175 11.964141 4.982312 -0.054932 -10.014063 -4.389049 -5.031751
8254 1444828667.009389 11.964141 4.982312 0.032959 -10.014063 -4.389049 -5.031751
8255 1444828667.017349 12.052031 4.982312 0.032959 -10.014063 -4.389049 -5.031751
8256 1444828667.027414 11.964141 4.982312 -0.054932 -10.014063 -4.389049 -5.031751
8257 1444828667.037315 12.052031 4.982312 0.032959 -10.014063 -4.389049 -5.031751
8258 1444828667.049758 12.052031 4.982312 0.032959 -10.014063 -4.389049 -5.031751
8259 1444828667.057653 12.052031 4.982312 0.032959 -10.014063 -4.389049 -5.031751
8260 1444828667.067880 12.052031 4.982312 -0.054932 -10.014063 -4.389049 -5.031751
8261 1444828667.080148 12.052031 4.982312 0.032959 -10.014063 -4.389049 -5.031751
8262 1444828667.087538 12.052031 4.982312 0.032959 -10.014063 -4.389049 -5.031751
8263 1444828667.097964 11.964141 4.982312 0.032959 -10.014063 -4.389049 -5.031751
8264 1444828667.107866 12.052031 4.982312 0.032959 -10.014063 -4.389049 -5.031751
8265 1444828667.118216 12.052031 4.982312 -0.054932 -10.014063 -4.389049 -5.031751
8266 1444828667.127517 12.052031 4.982312 0.032959 -10.014063 -4.389049 -5.031751
8267 1444828667.136695 11.964141 4.982312 -0.054932 -10.014063 -4.389049 -5.031751
8268 1444828667.145669 12.052031 4.982312 -0.054932 -10.014063 -4.389049 -5.031751
8269 1444828667.155739 12.052031 4.982312 -0.054932 -10.014063 -4.389049 -5.031751
8270 1444828667.165897 12.052031 4.982312 0.032959 -10.014063 -4.389049 -5.031751
8271 1444828667.175987 11.964141 4.982312 0.032959 -10.014063 -4.389049 -5.031751
8272 1444828667.187663 12.052031 4.982312 0.032959 -10.014063 -4.389049 -5.031751
8273 1444828667.197723 11.964141 4.982312 0.032959 -10.014063 -4.389049 -5.031751
8274 1444828667.208079 11.964141 4.982312 0.032959 -10.014063 -4.389049 -5.031751
8275 1444828667.217851 12.052031 4.982312 -0.054932 -10.014063 -4.389049 -5.031751
8276 1444828667.228585 12.052031 4.982312 0.032959 -10.014063 -4.389049 -5.031751
8277 1444828667.240740 11.964141 4.982312 0.032959 -10.014063 -4.389049 -5.031751
8278 1444828667.249806 12.052031 4.982312 0.032959 -10.014063 -4.389049 -5.031751
8279 1444828667.259867 11.964141 4.982312 -0.054932 -10.014063 -4.389049 -5.031751
8280 1444828667.271071 12.052031 4.982312 0.032959 -10.014063 -4.389049 -5.031751
8281 1444828667.280712 12.052031 4.982312 0.032959 -10.014063 -4.389049 -5.031751
8282 1444828667.290887 11.964141 4.982312 0.032959 -10.014063 -4.389049 -5.031751
8283 1444828667.301190 12.052031 4.982312 0.032959 -10.014063 -4.389049 -5.031751
8284 1444828667.311291 12.052031 4.982312 0.032959 -10.014063 -4.389049 -5.031751
8285 1444828667.321768 12.052031 4.982312 -0.054932 -10.014063 -4.389049 -5.031751
8286 1444828667.331851 11.964141 4.982312 0.032959 -9.926172 -4.389049 -5.031751
8287 1444828667.342138 11.964141 4.982312 0.032959 -10.014063 -4.389049 -5.031751
8288 1444828667.351837 11.964141 4.982312 -0.054932 -10.014063 -4.389049 -5.031751
8289 1444828667.360757 12.052031 4.982312 0.032959 -10.014063 -4.389049 -5.031751
8290 1444828667.371312 11.964141 4.982312 -0.054932 -10.014063 -4.389049 -5.031751
8291 1444828667.381073 11.964141 4.982312 -0.054932 -10.014063 -4.389049 -5.031751
8292 1444828667.391209 11.964141 4.982312 -0.054932 -10.014063 -4.389049 -5.031751
8293 1444828667.401281 12.052031 4.982312 0.032959 -9.926172 -4.389049 -5.031751
8294 1444828667.412935 12.052031 4.982312 0.032959 -10.014063 -4.389049 -5.031751
8295 1444828667.421646 12.052031 4.982312 -0.054932 -10.014063 -4.389049 -5.031751
8296 1444828667.431622 12.052031 4.982312 -0.054932 -10.014063 -4.389049 -5.031751
8297 1444828667.441690 11.964141 4.982312 -0.054932 -9.926172 -4.389049 -5.031751
8298 1444828667.451101 12.052031 4.982312 0.032959 -10.014063 -4.389049 -5.031751
8299 1444828667.460246 11.964141 4.982312 -0.054932 -10.014063 -4.389049 -5.031751
8300 1444828667.468751 11.964141 4.982312 -0.054932 -10.014063 -4.389049 -5.031751
8301 1444828667.478930 12.052031 4.982312 -0.054932 -10.014063 -4.389049 -5.031751
8302 1444828667.486991 11.964141 4.982312 0.032959 -10.014063 -4.389049 -5.031751
8303 1444828667.499361 12.052031 4.982312 0.032959 -10.014063 -4.389049 -5.031751
8304 1444828667.507032 11.964141 4.982312 -0.054932 -10.014063 -4.389049 -5.031751
8305 1444828667.517727 12.052031 4.982312 0.032959 -10.014063 -4.389049 -5.031751
8306 1444828667.528108 11.964141 4.982312 -0.054932 -10.014063 -4.389049 -5.031751
8307 1444828667.537509 11.964141 4.982312 0.032959 -10.014063 -4.389049 -5.031751
8308 1444828667.547440 11.964141 4.982312 -0.054932 -10.014063 -4.389049 -5.031751
8309 1444828667.557739 12.052031 4.982312 0.032959 -10.014063 -4.389049 -5.031751
8310 1444828667.570804 12.052031 4.982312 0.032959 -10.014063 -4.389049 -5.031751
8311 1444828667.580882 11.964141 4.982312 0.032959 -10.014063 -4.389049 -5.031751
8312 1444828667.590940 12.052031 4.982312 0.032959 -10.014063 -4.389049 -5.031751
8313 1444828667.601076 11.964141 4.982312 0.032959 -10.014063 -4.389049 -5.031751
8314 1444828667.611165 12.052031 4.982312 0.032959 -10.014063 -4.389049 -5.031751
8315 1444828667.621572 12.052031 4.982312 0.032959 -10.014063 -4.389049 -5.031751
8316 1444828667.631532 12.052031 4.982312 0.032959 -10.014063 -4.389049 -5.031751
8317 1444828667.642178 12.052031 4.982312 0.032959 -10.014063 -4.389049 -5.031751
8318 1444828667.652685 11.964141 4.982312 0.032959 -10.014063 -4.389049 -5.031751
8319 1444828667.662717 12.052031 4.982312 -0.054932 -10.014063 -4.389049 -5.031751
8320 1444828667.673597 12.052031 4.982312 0.032959 -10.014063 -4.389049 -5.031751
8321 1444828667.682973 11.964141 4.982312 0.032959 -10.014063 -4.389049 -5.031751
8322 1444828667.692890 11.964141 4.982312 0.032959 -10.014063 -4.389049 -5.031751
8323 1444828667.702986 11.964141 4.982312 0.032959 -10.014063 -4.389049 -5.031751
8324 1444828667.713117 11.964141 4.982312 -0.054932 -10.014063 -4.389049 -5.031751
8325 1444828667.723705 12.052031 4.982312 -0.054932 -10.014063 -4.389049 -5.031751
8326 1444828667.733561 12.052031 4.982312 -0.054932 -10.014063 -4.389049 -5.031751
8327 1444828667.743574 11.964141 4.982312 -0.054932 -10.014063 -4.389049 -5.031751
8328 1444828667.753669 12.052031 4.982312 0.032959 -10.014063 -4.389049 -5.031751
8329 1444828667.763603 12.052031 4.982312 0.032959 -10.014063 -4.389049 -5.031751
8330 1444828667.773844 12.052031 4.982312 0.032959 -10.014063 -4.389049 -5.031751
8331 1444828667.784068 12.052031 4.982312 0.032959 -10.014063 -4.389049 -5.031751
8332 1444828667.794159 11.964141 4.982312 -0.054932 -10.014063 -4.389049 -5.031751
8333 1444828667.804208 12.052031 4.982312 0.032959 -10.014063 -4.389049 -5.031751
8334 1444828667.814646 12.052031 4.982312 -0.054932 -10.014063 -4.389049 -5.031751
8335 1444828667.825669 12.052031 4.982312 0.032959 -10.014063 -4.389049 -5.031751
8336 1444828667.835570 12.052031 4.982312 -0.054932 -10.014063 -4.389049 -5.031751
8337 1444828667.845614 12.052031 4.982312 -0.054932 -10.014063 -4.389049 -5.031751
8338 1444828667.855869 12.052031 4.982312 0.032959 -10.014063 -4.389049 -5.031751
8339 1444828667.865176 11.964141 4.982312 0.032959 -10.014063 -4.389049 -5.031751
8340 1444828667.875396 11.964141 4.982312 0.032959 -10.014063 -4.389049 -5.031751
8341 1444828667.886174 12.052031 4.982312 0.032959 -10.014063 -4.389049 -5.031751
8342 1444828667.896218 11.964141 4.982312 0.032959 -10.014063 -4.389049 -5.031751
8343 1444828667.906265 12.052031 4.982312 0.032959 -10.014063 -4.389049 -5.031751
8344 1444828667.912835 12.052031 4.982312 -0.054932 -10.014063 -4.389049 -5.031751
8345 1444828667.922869 11.964141 4.982312 -0.054932 -10.014063 -4.389049 -5.031751
8346 1444828667.932908 12.052031 4.982312 0.032959 -10.014063 -4.389049 -5.031751
8347 1444828667.946816 12.052031 4.982312 0.032959 -10.014063 -4.389049 -5.031751
8348 1444828667.956877 11.964141 4.982312 0.032959 -10.014063 -4.389049 -5.031751
8349 1444828667.963374 12.052031 4.982312 -0.054932 -10.014063 -4.389049 -5.031751
8350 1444828667.973396 12.052031 4.982312 -0.054932 -10.014063 -4.389049 -5.031751
8351 1444828667.983546 11.964141 4.982312 0.032959 -10.014063 -4.389049 -5.031751
8352 1444828667.995927 11.964141 4.982312 0.032959 -10.014063 -4.389049 -5.031751
8353 1444828668.002595 12.052031 4.982312 -0.054932 -9.926172 -4.389049 -5.031751
8354 1444828668.013009 12.052031 4.982312 0.032959 -10.014063 -4.389049 -5.031751
8355 1444828668.024055 11.964141 4.982312 -0.054932 -10.014063 -4.389049 -5.031751
8356 1444828668.032843 11.964141 4.982312 0.032959 -10.014063 -4.389049 -5.031751
8357 1444828668.043387 12.052031 4.982312 -0.054932 -10.014063 -4.389049 -5.031751
8358 1444828668.053553 12.052031 4.982312 0.032959 -10.014063 -4.389049 -5.031751
8359 1444828668.063099 12.052031 4.982312 -0.054932 -10.014063 -4.389049 -5.031751
8360 1444828668.073207 12.052031 4.982312 0.032959 -10.014063 -4.389049 -5.031751
8361 1444828668.083508 11.964141 4.982312 0.032959 -10.014063 -4.389049 -5.031751
8362 1444828668.093880 12.052031 4.982312 0.032959 -10.014063 -4.389049 -5.031751
8363 1444828668.103914 11.964141 4.982312 0.032959 -9.926172 -4.389049 -5.031751
8364 1444828668.114023 11.964141 4.982312 0.032959 -10.014063 -4.389049 -5.031751
8365 1444828668.127371 11.964141 4.982312 0.032959 -10.014063 -4.389049 -5.031751
8366 1444828668.136484 11.964141 4.982312 0.032959 -10.014063 -4.389049 -5.031751
8367 1444828668.146545 12.052031 4.982312 0.032959 -10.014063 -4.389049 -5.031751
8368 1444828668.156632 12.052031 4.982312 0.032959 -10.014063 -4.389049 -5.031751
8369 1444828668.166866 12.052031 4.982312 -0.054932 -10.014063 -4.389049 -5.031751
8370 1444828668.177576 12.052031 4.982312 -0.054932 -10.014063 -4.389049 -5.031751
8371 1444828668.187269 11.964141 4.982312 -0.054932 -10.014063 -4.389049 -5.031751
8372 1444828668.195716 11.964141 4.982312 -0.054932 -10.014063 -4.389049 -5.031751
8373 1444828668.207677 11.964141 4.982312 -0.054932 -10.014063 -4.389049 -5.031751
8374 1444828668.217649 11.964141 4.982312 0.032959 -10.014063 -4.389049 -5.031751
8375 1444828668.228266 12.052031 4.982312 0.032959 -10.014063 -4.389049 -5.031751
8376 1444828668.236797 11.964141 4.982312 -0.054932 -10.014063 -4.389049 -5.031751
8377 1444828668.246868 11.964141 4.982312 0.032959 -10.014063 -4.389049 -5.031751
8378 1444828668.253348 11.964141 4.982312 -0.054932 -10.014063 -4.389049 -5.031751
8379 1444828668.263500 11.964141 4.982312 0.032959 -10.014063 -4.389049 -5.031751
8380 1444828668.272295 12.052031 4.982312 0.032959 -10.014063 -4.389049 -5.031751
8381 1444828668.282047 11.964141 4.982312 0.032959 -9.926172 -4.389049 -5.031751
8382 1444828668.297468 11.964141 4.982312 -0.054932 -10.014063 -4.389049 -5.031751
8383 1444828668.302222 12.052031 4.982312 -0.054932 -10.014063 -4.389049 -5.031751
8384 1444828668.312464 12.052031 4.982312 -0.054932 -10.014063 -4.389049 -5.031751
8385 1444828668.325789 11.964141 4.982312 -0.054932 -10.014063 -4.389049 -5.031751
8386 1444828668.334831 11.964141 4.982312 -0.054932 -10.014063 -4.389049 -5.031751
8387 1444828668.342506 12.052031 4.982312 0.032959 -10.014063 -4.389049 -5.031751
8388 1444828668.352998 11.964141 4.982312 -0.054932 -10.014063 -4.389049 -5.031751
8389 1444828668.367723 11.964141 4.982312 0.032959 -10.014063 -4.389049 -5.031751
8390 1444828668.377757 11.964141 4.982312 0.032959 -10.014063 -4.389049 -5.031751
8391 1444828668.387714 11.964141 4.982312 0.032959 -9.926172 -4.389049 -5.031751
8392 1444828668.397807 11.964141 4.982312 0.032959 -9.926172 -4.389049 -5.031751
8393 1444828668.407904 12.052031 4.982312 -0.054932 -10.014063 -4.389049 -5.031751
8394 1444828668.418477 12.052031 4.982312 0.032959 -10.014063 -4.389049 -5.031751
8395 1444828668.428584 12.052031 4.982312 0.032959 -10.014063 -4.389049 -5.031751
8396 1444828668.438484 11.964141 4.982312 0.032959 -10.014063 -4.389049 -5.031751
8397 1444828668.448612 12.052031 4.982312 -0.054932 -10.014063 -4.389049 -5.031751
8398 1444828668.458667 12.052031 4.982312 0.032959 -10.014063 -4.389049 -5.031751
8399 1444828668.468792 12.052031 4.982312 0.032959 -10.014063 -4.389049 -5.031751
8400 1444828668.478913 12.052031 4.982312 0.032959 -10.014063 -4.389049 -5.031751
8401 1444828668.489038 11.964141 4.982312 0.032959 -10.014063 -4.389049 -5.031751
8402 1444828668.499425 12.052031 4.982312 0.032959 -9.926172 -4.389049 -5.031751
8403 1444828668.509549 12.052031 4.982312 0.032959 -10.014063 -4.389049 -5.031751
8404 1444828668.519801 12.052031 4.982312 -0.054932 -10.014063 -4.389049 -5.031751
8405 1444828668.529759 12.052031 4.982312 0.032959 -10.014063 -4.389049 -5.031751
8406 1444828668.539784 11.964141 4.982312 0.032959 -10.014063 -4.389049 -5.031751
8407 1444828668.550278 11.964141 4.982312 0.032959 -10.014063 -4.389049 -5.031751
8408 1444828668.560182 12.052031 4.982312 -0.054932 -10.014063 -4.389049 -5.031751
8409 1444828668.568494 11.964141 4.982312 -0.054932 -10.014063 -4.389049 -5.031751
8410 1444828668.580379 11.964141 4.982312 0.032959 -10.014063 -4.389049 -5.031751
8411 1444828668.591225 12.052031 4.982312 0.032959 -10.014063 -4.389049 -5.031751
8412 1444828668.601096 12.052031 4.982312 0.032959 -10.014063 -4.389049 -5.031751
8413 1444828668.611167 11.964141 4.982312 0.032959 -10.014063 -4.389049 -5.031751
8414 1444828668.617944 12.052031 4.982312 0.032959 -10.014063 -4.389049 -5.031751
8415 1444828668.627762 12.052031 4.982312 0.032959 -10.014063 -4.389049 -5.031751
8416 1444828668.637931 12.052031 4.982312 -0.054932 -10.014063 -4.389049 -5.031751
8417 1444828668.651772 11.964141 4.982312 0.032959 -10.014063 -4.389049 -5.031751
8418 1444828668.661720 11.964141 4.982312 0.032959 -10.014063 -4.389049 -5.031751
8419 1444828668.671783 12.052031 4.982312 0.032959 -10.014063 -4.389049 -5.031751
8420 1444828668.680637 12.052031 4.982312 -0.054932 -10.014063 -4.389049 -5.031751
8421 1444828668.691945 11.964141 4.982312 -0.054932 -10.014063 -4.389049 -5.031751
8422 1444828668.701964 12.052031 4.982312 -0.054932 -9.926172 -4.389049 -5.031751
8423 1444828668.712216 12.052031 4.982312 -0.054932 -10.014063 -4.389049 -5.031751
8424 1444828668.717808 12.052031 4.982312 0.032959 -10.014063 -4.389049 -5.031751
8425 1444828668.728618 11.964141 4.982312 -0.054932 -10.014063 -4.389049 -5.031751
8426 1444828668.737738 11.964141 4.982312 0.032959 -10.014063 -4.389049 -5.031751
8427 1444828668.747799 12.052031 4.982312 0.032959 -10.014063 -4.389049 -5.031751
8428 1444828668.757896 11.964141 4.982312 -0.054932 -10.014063 -4.389049 -5.031751
8429 1444828668.766679 11.964141 4.982312 0.032959 -10.014063 -4.389049 -5.031751
8430 1444828668.776782 11.964141 4.982312 0.032959 -9.926172 -4.389049 -5.031751
8431 1444828668.792184 11.964141 4.982312 -0.054932 -10.014063 -4.389049 -5.031751
8432 1444828668.798612 11.964141 4.982312 0.032959 -10.014063 -4.389049 -5.031751
8433 1444828668.812428 11.964141 4.982312 0.032959 -9.926172 -4.389049 -5.031751
8434 1444828668.817357 12.052031 4.982312 0.032959 -10.014063 -4.389049 -5.031751
8435 1444828668.827759 11.964141 4.982312 -0.054932 -10.014063 -4.389049 -5.031751
8436 1444828668.837426 12.052031 4.982312 0.032959 -10.014063 -4.389049 -5.031751
8437 1444828668.850800 11.964141 4.982312 -0.054932 -10.014063 -4.389049 -5.031751
8438 1444828668.860946 11.964141 4.982312 -0.054932 -10.014063 -4.389049 -5.031751
8439 1444828668.871330 11.964141 4.982312 -0.054932 -10.014063 -4.389049 -5.031751
8440 1444828668.881256 12.052031 4.982312 -0.054932 -10.014063 -4.389049 -5.031751
8441 1444828668.891554 11.964141 4.982312 0.032959 -9.926172 -4.389049 -5.031751
8442 1444828668.901616 12.052031 4.982312 -0.054932 -10.014063 -4.389049 -5.031751
8443 1444828668.911780 12.052031 4.982312 0.032959 -10.014063 -4.389049 -5.031751
8444 1444828668.921949 12.052031 4.982312 -0.054932 -9.926172 -4.389049 -5.031751
8445 1444828668.930680 12.052031 4.982312 -0.054932 -10.014063 -4.389049 -5.031751
8446 1444828668.942762 11.964141 4.982312 0.032959 -9.926172 -4.389049 -5.031751
8447 1444828668.952889 12.052031 4.982312 -0.054932 -10.014063 -4.389049 -5.031751
8448 1444828668.963107 11.964141 4.982312 -0.054932 -10.014063 -4.389049 -5.031751
8449 1444828668.973527 11.964141 4.982312 -0.054932 -10.014063 -4.389049 -5.031751
8450 1444828668.983365 12.052031 4.982312 0.032959 -9.926172 -4.389049 -5.031751
8451 1444828668.993294 12.052031 4.982312 -0.054932 -10.014063 -4.389049 -5.031751
8452 1444828669.003537 12.052031 4.982312 0.032959 -10.014063 -4.389049 -5.031751
8453 1444828669.013594 11.964141 4.982312 0.032959 -10.014063 -4.389049 -5.031751
8454 1444828669.023781 11.964141 4.982312 0.032959 -9.926172 -4.389049 -5.031751
8455 1444828669.033591 11.964141 4.982312 -0.054932 -9.926172 -4.389049 -5.031751
8456 1444828669.043909 11.964141 4.982312 0.032959 -10.014063 -4.389049 -5.031751
8457 1444828669.053738 11.964141 4.982312 0.032959 -10.014063 -4.389049 -5.031751
8458 1444828669.064061 12.052031 4.982312 0.032959 -9.926172 -4.389049 -5.031751
8459 1444828669.075620 12.052031 4.982312 -0.054932 -10.014063 -4.389049 -5.031751
8460 1444828669.084250 12.052031 4.982312 -0.054932 -10.014063 -4.389049 -5.031751
8461 1444828669.094172 11.964141 4.982312 -0.054932 -10.014063 -4.389049 -5.031751
8462 1444828669.104329 11.964141 4.982312 0.032959 -10.014063 -4.389049 -5.031751
8463 1444828669.114573 12.052031 4.982312 0.032959 -10.014063 -4.389049 -5.031751
8464 1444828669.123163 12.052031 4.982312 -0.054932 -10.014063 -4.389049 -5.031751
8465 1444828669.136026 11.964141 4.982312 -0.054932 -10.014063 -4.389049 -5.031751
8466 1444828669.144704 11.964141 4.982312 -0.054932 -10.014063 -4.389049 -5.031751
8467 1444828669.155770 12.052031 4.982312 -0.054932 -10.014063 -4.389049 -5.031751
8468 1444828669.166600 11.964141 4.982312 0.032959 -10.014063 -4.389049 -5.031751
8469 1444828669.176450 11.964141 4.982312 -0.054932 -10.014063 -4.389049 -5.031751
8470 1444828669.186304 11.964141 4.982312 0.032959 -10.014063 -4.389049 -5.031751
8471 1444828669.196319 12.052031 4.982312 0.032959 -10.014063 -4.389049 -5.031751
8472 1444828669.206547 12.052031 4.982312 -0.054932 -10.014063 -4.389049 -5.031751
8473 1444828669.212996 12.052031 4.982312 0.032959 -9.926172 -4.389049 -5.031751
8474 1444828669.223119 11.964141 4.982312 0.032959 -10.014063 -4.389049 -5.031751
8475 1444828669.236950 11.964141 4.982312 0.032959 -10.014063 -4.389049 -5.031751
8476 1444828669.247415 12.052031 4.982312 -0.054932 -10.014063 -4.389049 -5.031751
8477 1444828669.256707 11.964141 4.982312 0.032959 -10.014063 -4.389049 -5.031751
8478 1444828669.263650 11.964141 4.982312 -0.054932 -10.014063 -4.389049 -5.031751
8479 1444828669.277691 11.964141 4.982312 0.032959 -10.014063 -4.389049 -5.031751
8480 1444828669.287750 12.052031 4.982312 0.032959 -9.926172 -4.389049 -5.031751
8481 1444828669.297784 11.964141 4.982312 0.032959 -10.014063 -4.389049 -5.031751
8482 1444828669.307889 11.964141 4.982312 0.032959 -10.014063 -4.389049 -5.031751
8483 1444828669.316530 11.964141 4.982312 0.032959 -10.014063 -4.389049 -5.031751
8484 1444828669.327974 11.964141 4.982312 -0.054932 -10.014063 -4.389049 -5.031751
8485 1444828669.336654 12.052031 4.982312 0.032959 -10.014063 -4.389049 -5.031751
8486 1444828669.346775 12.052031 4.982312 0.032959 -10.014063 -4.389049 -5.031751
8487 1444828669.353567 11.964141 4.982312 -0.054932 -10.014063 -4.389049 -5.031751
8488 1444828669.364016 12.052031 4.982312 -0.054932 -10.014063 -4.389049 -5.031751
8489 1444828669.375369 11.964141 4.982312 -0.054932 -10.014063 -4.389049 -5.031751
8490 1444828669.387194 11.964141 4.982312 -0.054932 -10.014063 -4.389049 -5.031751
8491 1444828669.394130 11.964141 4.982312 0.032959 -9.926172 -4.389049 -5.031751
8492 1444828669.404041 11.964141 4.982312 0.032959 -10.014063 -4.389049 -5.031751
8493 1444828669.414413 11.964141 4.982312 0.032959 -10.014063 -4.389049 -5.031751
8494 1444828669.422242 11.964141 4.982312 0.032959 -10.014063 -4.389049 -5.031751
8495 1444828669.434706 11.964141 4.982312 0.032959 -10.014063 -4.389049 -5.031751
8496 1444828669.442325 11.964141 4.982312 -0.054932 -10.014063 -4.389049 -5.031751
8497 1444828669.452278 12.052031 4.982312 0.032959 -10.014063 -4.389049 -5.031751
8498 1444828669.462512 12.052031 4.982312 0.032959 -10.014063 -4.389049 -5.031751
8499 1444828669.475700 11.964141 4.982312 0.032959 -10.014063 -4.389049 -5.031751
8500 1444828669.485732 11.964141 4.982312 0.032959 -9.926172 -4.389049 -5.031751
8501 1444828669.495845 11.964141 4.982312 -0.054932 -10.014063 -4.389049 -5.031751
8502 1444828669.506384 11.964141 4.982312 0.032959 -10.014063 -4.389049 -5.031751
8503 1444828669.516620 12.052031 4.982312 0.032959 -10.014063 -4.389049 -5.031751
8504 1444828669.527522 12.052031 4.982312 0.032959 -10.014063 -4.389049 -5.031751
8505 1444828669.536823 12.052031 4.982312 0.032959 -9.926172 -4.389049 -5.031751
8506 1444828669.548029 12.052031 4.982312 0.032959 -10.014063 -4.389049 -5.031751
8507 1444828669.557212 11.964141 4.982312 0.032959 -10.014063 -4.389049 -5.031751
8508 1444828669.568535 11.964141 4.982312 -0.054932 -10.014063 -4.389049 -5.031751
8509 1444828669.578331 12.052031 4.982312 -0.054932 -10.014063 -4.389049 -5.031751
8510 1444828669.588314 12.052031 4.982312 0.032959 -10.014063 -4.389049 -5.031751
8511 1444828669.598315 12.052031 4.982312 0.032959 -10.014063 -4.389049 -5.031751
8512 1444828669.608686 12.052031 4.982312 0.032959 -10.014063 -4.389049 -5.031751
8513 1444828669.619829 12.052031 4.982312 0.032959 -10.014063 -4.389049 -5.031751
8514 1444828669.629271 11.964141 4.982312 -0.054932 -10.014063 -4.389049 -5.031751
8515 1444828669.639632 12.052031 4.982312 -0.054932 -10.014063 -4.389049 -5.031751
8516 1444828669.650050 12.052031 4.982312 -0.054932 -9.926172 -4.389049 -5.031751
8517 1444828669.659683 11.964141 4.982312 -0.054932 -10.014063 -4.389049 -5.031751
8518 1444828669.667438 11.964141 4.982312 0.032959 -9.926172 -4.389049 -5.031751
8519 1444828669.677416 11.964141 4.982312 -0.054932 -10.014063 -4.389049 -5.031751
8520 1444828669.687694 11.964141 4.982312 0.032959 -10.014063 -4.389049 -5.031751
8521 1444828669.700753 12.052031 4.982312 0.032959 -9.926172 -4.389049 -5.031751
8522 1444828669.710860 11.964141 4.982312 -0.054932 -10.014063 -4.389049 -5.031751
8523 1444828669.718055 11.964141 4.982312 0.032959 -9.926172 -4.389049 -5.031751
8524 1444828669.728072 11.964141 4.982312 0.032959 -10.014063 -4.389049 -5.031751
8525 1444828669.738148 11.964141 4.982312 0.032959 -9.926172 -4.389049 -5.031751
8526 1444828669.748218 12.052031 4.982312 0.032959 -10.014063 -4.389049 -5.031751
8527 1444828669.758333 11.964141 4.982312 0.032959 -9.926172 -4.389049 -5.031751
8528 1444828669.767501 12.052031 4.982312 0.032959 -10.014063 -4.389049 -5.031751
8529 1444828669.776002 12.052031 4.982312 0.032959 -10.014063 -4.389049 -5.031751
8530 1444828669.785982 11.964141 4.982312 0.032959 -10.014063 -4.389049 -5.031751
8531 1444828669.795920 12.052031 4.982312 0.032959 -10.014063 -4.389049 -5.031751
8532 1444828669.806068 12.052031 4.982312 -0.054932 -10.014063 -4.389049 -5.031751
8533 1444828669.817995 11.964141 4.982312 0.032959 -10.014063 -4.389049 -5.031751
8534 1444828669.827863 12.052031 4.982312 0.032959 -10.014063 -4.389049 -5.031751
8535 1444828669.838124 12.052031 4.982312 -0.054932 -10.014063 -4.389049 -5.031751
8536 1444828669.848136 11.964141 4.982312 0.032959 -10.014063 -4.389049 -5.031751
8537 1444828669.858225 12.052031 4.982312 -0.054932 -10.014063 -4.389049 -5.031751
8538 1444828669.868677 11.964141 4.982312 -0.054932 -10.014063 -4.389049 -5.031751
8539 1444828669.878707 12.052031 4.982312 -0.054932 -10.014063 -4.389049 -5.031751
8540 1444828669.889009 11.964141 4.982312 0.032959 -10.014063 -4.389049 -5.031751
8541 1444828669.898947 12.052031 4.982312 0.032959 -10.014063 -4.389049 -5.031751
8542 1444828669.909008 11.964141 4.982312 0.032959 -10.014063 -4.389049 -5.031751
8543 1444828669.921048 12.052031 4.982312 -0.054932 -10.014063 -4.389049 -5.031751
8544 1444828669.929367 12.052031 4.982312 0.032959 -10.014063 -4.389049 -5.031751
8545 1444828669.939510 12.052031 4.982312 0.032959 -9.926172 -4.389049 -5.031751
8546 1444828669.949510 12.052031 4.982312 -0.054932 -10.014063 -4.389049 -5.031751
8547 1444828669.959769 12.052031 4.982312 -0.054932 -10.014063 -4.389049 -5.031751
8548 1444828669.971287 12.052031 4.982312 0.032959 -10.014063 -4.389049 -5.031751
8549 1444828669.977416 11.964141 4.982312 0.032959 -10.014063 -4.389049 -5.031751
8550 1444828669.991503 11.964141 4.982312 0.032959 -10.014063 -4.389049 -5.031751
8551 1444828670.001155 11.964141 4.982312 0.032959 -10.014063 -4.389049 -5.031751
8552 1444828670.011258 12.052031 4.982312 -0.054932 -10.014063 -4.389049 -5.031751
8553 1444828670.022592 12.052031 4.982312 0.032959 -9.926172 -4.389049 -5.031751
8554 1444828670.031375 12.052031 4.982312 0.032959 -10.014063 -4.389049 -5.031751
8555 1444828670.041294 11.964141 4.982312 0.032959 -10.014063 -4.389049 -5.031751
8556 1444828670.050957 12.052031 4.982312 -0.054932 -10.014063 -4.389049 -5.031751
8557 1444828670.061469 12.052031 4.982312 0.032959 -10.014063 -4.389049 -5.031751
8558 1444828670.073123 12.052031 4.982312 -0.054932 -10.014063 -4.389049 -5.031751
8559 1444828670.082761 11.964141 4.982312 0.032959 -10.014063 -4.389049 -5.031751
8560 1444828670.093120 12.052031 4.982312 0.032959 -10.014063 -4.389049 -5.031751
8561 1444828670.102567 11.964141 4.982312 0.032959 -10.014063 -4.389049 -5.031751
8562 1444828670.112776 11.964141 4.982312 -0.054932 -10.014063 -4.389049 -5.031751
8563 1444828670.122753 12.052031 4.982312 -0.054932 -10.014063 -4.389049 -5.031751
8564 1444828670.133083 11.964141 4.982312 0.032959 -10.014063 -4.389049 -5.031751
8565 1444828670.143444 11.964141 4.982312 -0.054932 -9.926172 -4.389049 -5.031751
8566 1444828670.153345 11.964141 4.982312 0.032959 -9.926172 -4.389049 -5.031751
8567 1444828670.163360 12.052031 4.982312 0.032959 -10.014063 -4.389049 -5.031751
8568 1444828670.173579 11.964141 4.982312 0.032959 -10.014063 -4.389049 -5.031751
8569 1444828670.183627 11.964141 4.982312 0.032959 -10.014063 -4.389049 -5.031751
8570 1444828670.194131 11.964141 4.982312 0.032959 -10.014063 -4.389049 -5.031751
8571 1444828670.203930 11.964141 4.982312 0.032959 -10.014063 -4.389049 -5.031751
8572 1444828670.214136 11.964141 4.982312 0.032959 -10.014063 -4.389049 -5.031751
8573 1444828670.224203 12.052031 4.982312 -0.054932 -9.926172 -4.389049 -5.031751
8574 1444828670.234323 11.964141 4.982312 0.032959 -10.014063 -4.389049 -5.031751
8575 1444828670.244463 11.964141 4.982312 0.032959 -10.014063 -4.389049 -5.031751
8576 1444828670.254615 11.964141 4.982312 0.032959 -10.014063 -4.389049 -5.031751
8577 1444828670.264785 12.052031 4.982312 0.032959 -10.014063 -4.389049 -5.031751
8578 1444828670.273114 11.964141 4.982312 -0.054932 -10.014063 -4.389049 -5.031751
8579 1444828670.284966 11.964141 4.982312 -0.054932 -10.014063 -4.389049 -5.031751
8580 1444828670.293377 12.052031 4.982312 0.032959 -10.014063 -4.389049 -5.031751
8581 1444828670.303462 11.964141 4.982312 -0.054932 -10.014063 -4.389049 -5.031751
8582 1444828670.313586 12.052031 4.982312 -0.054932 -10.014063 -4.389049 -5.031751
8583 1444828670.317429 12.052031 4.982312 -0.054932 -9.926172 -4.389049 -5.031751
8584 1444828670.328173 11.964141 4.982312 -0.054932 -10.014063 -4.389049 -5.031751
8585 1444828670.340933 11.964141 4.982312 -0.054932 -10.014063 -4.389049 -5.031751
8586 1444828670.351260 11.964141 4.982312 0.032959 -10.014063 -4.389049 -5.031751
8587 1444828670.361356 11.964141 4.982312 0.032959 -10.014063 -4.389049 -5.031751
8588 1444828670.371513 11.964141 4.982312 -0.054932 -10.014063 -4.389049 -5.031751
8589 1444828670.380572 12.052031 4.982312 0.032959 -10.014063 -4.389049 -5.031751
8590 1444828670.391888 11.964141 4.982312 -0.054932 -10.014063 -4.389049 -5.031751
8591 1444828670.402591 12.052031 4.982312 -0.054932 -10.014063 -4.389049 -5.031751
8592 1444828670.412060 12.052031 4.982312 -0.054932 -10.014063 -4.389049 -5.031751
8593 1444828670.423591 11.964141 4.982312 0.032959 -10.014063 -4.389049 -5.031751
8594 1444828670.433230 11.964141 4.982312 0.032959 -10.014063 -4.389049 -5.031751
8595 1444828670.443217 12.052031 4.982312 0.032959 -10.014063 -4.389049 -5.031751
8596 1444828670.453623 11.964141 4.982312 -0.054932 -10.014063 -4.389049 -5.031751
8597 1444828670.463634 12.052031 4.982312 -0.054932 -10.014063 -4.389049 -5.031751
8598 1444828670.473830 11.964141 4.982312 -0.054932 -10.014063 -4.389049 -5.031751
8599 1444828670.483907 11.964141 4.982312 -0.054932 -10.014063 -4.389049 -5.031751
8600 1444828670.493870 12.052031 4.982312 -0.054932 -9.926172 -4.389049 -5.031751
8601 1444828670.503827 12.052031 4.982312 0.032959 -10.014063 -4.389049 -5.031751
8602 1444828670.514068 11.964141 4.982312 -0.054932 -10.014063 -4.389049 -5.031751
8603 1444828670.524070 11.964141 4.982312 0.032959 -10.014063 -4.389049 -5.031751
8604 1444828670.534036 12.052031 4.982312 0.032959 -10.014063 -4.389049 -5.031751
8605 1444828670.544252 12.052031 4.982312 -0.054932 -10.014063 -4.389049 -5.031751
8606 1444828670.554296 12.052031 4.982312 0.032959 -9.926172 -4.389049 -5.031751
8607 1444828670.566334 11.964141 4.982312 0.032959 -10.014063 -4.389049 -5.031751
8608 1444828670.576543 12.052031 4.982312 0.032959 -10.014063 -4.389049 -5.031751
8609 1444828670.586263 12.052031 4.982312 -0.054932 -10.014063 -4.389049 -5.031751
8610 1444828670.596297 12.052031 4.982312 0.032959 -10.014063 -4.389049 -5.031751
8611 1444828670.606573 11.964141 4.982312 -0.054932 -10.014063 -4.389049 -5.031751
8612 1444828670.616682 12.052031 4.982312 0.032959 -9.926172 -4.389049 -5.031751
8613 1444828670.626630 12.052031 4.982312 -0.054932 -10.014063 -4.389049 -5.031751
8614 1444828670.636675 12.052031 4.982312 0.032959 -9.926172 -4.389049 -5.031751
8615 1444828670.646893 12.052031 4.982312 -0.054932 -9.926172 -4.389049 -5.031751
8616 1444828670.656987 12.052031 4.982312 0.032959 -10.014063 -4.389049 -5.031751
8617 1444828670.667172 12.052031 4.982312 0.032959 -9.926172 -4.389049 -5.031751
8618 1444828670.675962 11.964141 4.982312 0.032959 -10.014063 -4.389049 -5.031751
8619 1444828670.686095 12.052031 4.982312 -0.054932 -10.014063 -4.389049 -5.031751
8620 1444828670.696082 12.052031 4.982312 0.032959 -10.014063 -4.389049 -5.031751
8621 1444828670.706312 11.964141 4.982312 0.032959 -10.014063 -4.389049 -5.031751
8622 1444828670.716452 11.964141 4.982312 -0.054932 -10.014063 -4.389049 -5.031751
8623 1444828670.726568 11.964141 4.982312 0.032959 -9.926172 -4.389049 -5.031751
8624 1444828670.736555 11.964141 4.982312 0.032959 -10.014063 -4.389049 -5.031751
8625 1444828670.746719 12.052031 4.982312 0.032959 -10.014063 -4.389049 -5.031751
8626 1444828670.756948 12.052031 4.982312 0.032959 -10.014063 -4.389049 -5.031751
8627 1444828670.767023 11.964141 4.982312 -0.054932 -10.014063 -4.389049 -5.031751
8628 1444828670.774240 12.052031 4.982312 -0.054932 -9.926172 -4.389049 -5.031751
8629 1444828670.784135 12.052031 4.982312 0.032959 -9.926172 -4.389049 -5.031751
8630 1444828670.794475 11.964141 4.982312 0.032959 -10.014063 -4.389049 -5.031751
8631 1444828670.804480 11.964141 4.982312 -0.054932 -10.014063 -4.389049 -5.031751
8632 1444828670.816081 12.052031 4.982312 -0.054932 -10.014063 -4.389049 -5.031751
8633 1444828670.825888 11.964141 4.982312 0.032959 -10.014063 -4.389049 -5.031751
8634 1444828670.835764 12.052031 4.982312 -0.054932 -10.014063 -4.389049 -5.031751
8635 1444828670.846256 12.052031 4.982312 0.032959 -10.014063 -4.389049 -5.031751
8636 1444828670.856384 12.052031 4.982312 0.032959 -10.014063 -4.389049 -5.031751
8637 1444828670.866239 12.052031 4.982312 0.032959 -10.014063 -4.389049 -5.031751
8638 1444828670.877762 12.052031 4.982312 -0.054932 -10.014063 -4.389049 -5.031751
8639 1444828670.887948 12.052031 4.982312 -0.054932 -10.014063 -4.389049 -5.031751
8640 1444828670.898000 12.052031 4.982312 -0.054932 -10.014063 -4.389049 -5.031751
8641 1444828670.907755 12.052031 4.982312 0.032959 -10.014063 -4.389049 -5.031751
8642 1444828670.917771 11.964141 4.982312 0.032959 -9.926172 -4.389049 -5.031751
8643 1444828670.928765 11.964141 4.982312 -0.054932 -10.014063 -4.389049 -5.031751
8644 1444828670.938604 12.052031 4.982312 0.032959 -10.014063 -4.389049 -5.031751
8645 1444828670.948652 11.964141 4.982312 0.032959 -10.014063 -4.389049 -5.031751
8646 1444828670.958936 12.052031 4.982312 0.032959 -10.014063 -4.389049 -5.031751
8647 1444828670.968998 11.964141 4.982312 0.032959 -10.014063 -4.389049 -5.031751
8648 1444828670.979000 12.052031 4.982312 0.032959 -10.014063 -4.389049 -5.031751
8649 1444828670.989199 11.964141 4.982312 -0.054932 -10.014063 -4.389049 -5.031751
8650 1444828670.999254 11.964141 4.982312 0.032959 -10.014063 -4.389049 -5.031751
8651 1444828671.009399 11.964141 4.982312 0.032959 -10.014063 -4.389049 -5.031751
8652 1444828671.017281 12.052031 4.894421 -0.054932 -10.014063 -4.389049 -5.031751
8653 1444828671.029589 12.052031 4.982312 -0.054932 -10.014063 -4.389049 -5.031751
8654 1444828671.039724 11.964141 4.982312 0.032959 -9.926172 -4.389049 -5.031751
8655 1444828671.049805 11.964141 4.982312 0.032959 -10.014063 -4.389049 -5.031751
8656 1444828671.057416 12.052031 4.982312 -0.054932 -10.014063 -4.389049 -5.031751
8657 1444828671.067928 12.052031 4.982312 0.032959 -10.014063 -4.389049 -5.031751
8658 1444828671.077875 11.964141 4.982312 -0.054932 -10.014063 -4.389049 -5.031751
8659 1444828671.086305 12.052031 4.982312 -0.054932 -10.014063 -4.389049 -5.031751
8660 1444828671.096364 12.052031 4.982312 -0.054932 -10.014063 -4.389049 -5.031751
8661 1444828671.106433 12.052031 4.982312 0.032959 -10.014063 -4.389049 -5.031751
8662 1444828671.116597 12.052031 4.982312 0.032959 -10.014063 -4.389049 -5.031751
8663 1444828671.125616 11.964141 4.982312 0.032959 -10.014063 -4.389049 -5.031751
8664 1444828671.136653 11.964141 4.982312 -0.054932 -10.014063 -4.389049 -5.031751
8665 1444828671.146790 12.052031 4.982312 0.032959 -10.014063 -4.389049 -5.031751
8666 1444828671.156888 11.964141 4.982312 0.032959 -9.926172 -4.389049 -5.031751
8667 1444828671.168095 11.964141 4.982312 0.032959 -10.014063 -4.389049 -5.031751
8668 1444828671.178325 11.964141 4.982312 0.032959 -10.014063 -4.389049 -5.031751
8669 1444828671.187882 11.964141 4.982312 0.032959 -10.014063 -4.389049 -5.031751
8670 1444828671.197734 11.964141 4.982312 0.032959 -10.014063 -4.389049 -5.031751
8671 1444828671.207979 11.964141 4.982312 0.032959 -10.014063 -4.389049 -5.031751
8672 1444828671.218391 12.052031 4.982312 -0.054932 -10.014063 -4.389049 -5.031751
8673 1444828671.228370 12.052031 4.982312 0.032959 -9.926172 -4.389049 -5.031751
8674 1444828671.238675 11.964141 4.982312 0.032959 -10.014063 -4.389049 -5.031751
8675 1444828671.248504 12.052031 4.982312 0.032959 -10.014063 -4.389049 -5.031751
8676 1444828671.258580 12.052031 4.982312 0.032959 -10.014063 -4.389049 -5.031751
8677 1444828671.269991 12.052031 4.982312 -0.054932 -10.014063 -4.389049 -5.031751
8678 1444828671.279852 11.964141 4.982312 -0.054932 -10.014063 -4.389049 -5.031751
8679 1444828671.289039 11.964141 4.982312 0.032959 -10.014063 -4.389049 -5.031751
8680 1444828671.299881 12.052031 4.982312 0.032959 -10.014063 -4.389049 -5.031751
8681 1444828671.309794 11.964141 4.982312 -0.054932 -10.014063 -4.389049 -5.031751
8682 1444828671.320686 11.964141 4.982312 0.032959 -10.014063 -4.389049 -5.031751
8683 1444828671.330802 11.964141 4.982312 0.032959 -9.926172 -4.389049 -5.031751
8684 1444828671.340094 12.052031 4.982312 0.032959 -10.014063 -4.389049 -5.031751
8685 1444828671.347467 12.052031 4.982312 -0.054932 -10.014063 -4.389049 -5.031751
8686 1444828671.357564 11.964141 4.982312 0.032959 -10.014063 -4.389049 -5.031751
8687 1444828671.371477 12.052031 4.982312 0.032959 -10.014063 -4.389049 -5.031751
8688 1444828671.381588 11.964141 4.982312 0.032959 -10.014063 -4.389049 -5.031751
8689 1444828671.391798 11.964141 4.982312 -0.054932 -10.014063 -4.389049 -5.031751
8690 1444828671.401799 12.052031 4.982312 0.032959 -10.014063 -4.389049 -5.031751
8691 1444828671.411947 12.052031 4.982312 -0.054932 -10.014063 -4.389049 -5.031751
8692 1444828671.418800 12.052031 4.982312 -0.054932 -10.014063 -4.389049 -5.031751
8693 1444828671.428604 11.964141 4.982312 0.032959 -10.014063 -4.389049 -5.031751
8694 1444828671.438967 11.964141 4.982312 0.032959 -10.014063 -4.389049 -5.031751
8695 1444828671.448979 11.964141 4.982312 0.032959 -10.014063 -4.389049 -5.031751
8696 1444828671.459043 11.964141 4.982312 0.032959 -10.014063 -4.389049 -5.031751
8697 1444828671.467987 12.052031 4.982312 -0.054932 -10.014063 -4.389049 -5.031751
8698 1444828671.478504 11.964141 4.982312 0.032959 -10.014063 -4.389049 -5.031751
8699 1444828671.488873 11.964141 4.982312 -0.054932 -10.014063 -4.389049 -5.031751
8700 1444828671.498969 11.964141 4.982312 0.032959 -9.926172 -4.389049 -5.031751
8701 1444828671.509003 11.964141 4.982312 0.032959 -10.014063 -4.389049 -5.031751
8702 1444828671.521316 12.052031 4.982312 0.032959 -10.014063 -4.389049 -5.031751
8703 1444828671.529225 12.052031 4.982312 0.032959 -10.014063 -4.389049 -5.031751
8704 1444828671.539056 12.052031 4.982312 0.032959 -10.014063 -4.389049 -5.031751
8705 1444828671.549219 11.964141 4.982312 0.032959 -10.014063 -4.389049 -5.031751
8706 1444828671.559436 12.052031 4.982312 0.032959 -10.014063 -4.389049 -5.031751
8707 1444828671.567316 12.052031 4.982312 0.032959 -9.926172 -4.389049 -5.031751
8708 1444828671.577376 11.964141 4.982312 -0.054932 -10.014063 -4.389049 -5.031751
8709 1444828671.591250 12.052031 4.982312 -0.054932 -10.014063 -4.389049 -5.031751
8710 1444828671.601202 11.964141 4.982312 0.032959 -10.014063 -4.389049 -5.031751
8711 1444828671.611664 12.052031 4.982312 0.032959 -10.014063 -4.389049 -5.031751
8712 1444828671.622947 11.964141 4.982312 0.032959 -10.014063 -4.389049 -5.031751
8713 1444828671.632724 11.964141 4.982312 -0.054932 -9.926172 -4.389049 -5.031751
8714 1444828671.642051 12.052031 4.982312 0.032959 -10.014063 -4.389049 -5.031751
8715 1444828671.652758 11.964141 4.982312 0.032959 -10.014063 -4.389049 -5.031751
8716 1444828671.662226 11.964141 4.982312 0.032959 -10.014063 -4.389049 -5.031751
8717 1444828671.672929 11.964141 4.982312 0.032959 -10.014063 -4.389049 -5.031751
8718 1444828671.682116 11.964141 4.982312 0.032959 -10.014063 -4.389049 -5.031751
8719 1444828671.692941 12.052031 4.982312 -0.054932 -10.014063 -4.389049 -5.031751
8720 1444828671.702808 12.052031 4.982312 0.032959 -10.014063 -4.389049 -5.031751
8721 1444828671.713385 12.052031 4.982312 -0.054932 -10.014063 -4.389049 -5.031751
8722 1444828671.723856 11.964141 4.982312 0.032959 -10.014063 -4.389049 -5.031751
8723 1444828671.733521 11.964141 4.982312 0.032959 -10.014063 -4.389049 -5.031751
8724 1444828671.743713 11.964141 4.982312 -0.054932 -10.014063 -4.389049 -5.031751
8725 1444828671.753608 11.964141 4.982312 0.032959 -10.014063 -4.389049 -5.031751
8726 1444828671.763935 11.964141 4.982312 -0.054932 -10.014063 -4.389049 -5.031751
8727 1444828671.773910 12.052031 4.982312 0.032959 -10.014063 -4.389049 -5.031751
8728 1444828671.783848 11.964141 4.982312 -0.054932 -10.014063 -4.389049 -5.031751
8729 1444828671.793925 11.964141 4.982312 -0.054932 -10.014063 -4.389049 -5.031751
8730 1444828671.804080 11.964141 4.982312 -0.054932 -10.014063 -4.389049 -5.031751
8731 1444828671.814282 12.052031 4.982312 -0.054932 -10.014063 -4.389049 -5.031751
8732 1444828671.824458 11.964141 4.982312 0.032959 -10.014063 -4.389049 -5.031751
8733 1444828671.834613 11.964141 4.982312 -0.054932 -10.014063 -4.389049 -5.031751
8734 1444828671.844658 11.964141 4.982312 0.032959 -10.014063 -4.389049 -5.031751
8735 1444828671.854704 11.964141 4.982312 0.032959 -10.014063 -4.389049 -5.031751
8736 1444828671.865701 11.964141 4.982312 -0.054932 -10.014063 -4.389049 -5.031751
8737 1444828671.872472 12.052031 4.982312 -0.054932 -10.014063 -4.389049 -5.031751
8738 1444828671.885784 11.964141 4.982312 -0.054932 -10.014063 -4.389049 -5.031751
8739 1444828671.895901 12.052031 4.982312 -0.054932 -10.014063 -4.389049 -5.031751
8740 1444828671.905878 11.964141 4.982312 -0.054932 -9.926172 -4.389049 -5.031751
8741 1444828671.912636 11.964141 4.982312 0.032959 -10.014063 -4.389049 -5.031751
8742 1444828671.922691 12.052031 4.982312 0.032959 -10.014063 -4.389049 -5.031751
8743 1444828671.936345 11.964141 4.982312 -0.054932 -10.014063 -4.389049 -5.031751
8744 1444828671.946157 12.052031 4.982312 0.032959 -10.014063 -4.389049 -5.031751
8745 1444828671.956400 12.052031 4.982312 0.032959 -10.014063 -4.389049 -5.031751
8746 1444828671.966572 11.964141 4.982312 0.032959 -10.014063 -4.389049 -5.031751
8747 1444828671.973277 12.052031 4.982312 0.032959 -9.926172 -4.389049 -5.031751
8748 1444828671.986583 11.964141 4.982312 -0.054932 -10.014063 -4.389049 -5.031751
8749 1444828671.996760 11.964141 4.982312 0.032959 -10.014063 -4.389049 -5.031751
8750 1444828672.006806 12.052031 4.982312 0.032959 -9.926172 -4.389049 -5.031751
8751 1444828672.013685 11.964141 4.982312 0.032959 -10.014063 -4.389049 -5.031751
8752 1444828672.023919 11.964141 4.982312 0.032959 -9.926172 -4.389049 -5.031751
8753 1444828672.033952 12.052031 4.982312 -0.054932 -10.014063 -4.389049 -5.031751
8754 1444828672.042742 11.964141 4.982312 0.032959 -10.014063 -4.389049 -5.031751
8755 1444828672.051031 11.964141 4.982312 -0.054932 -10.014063 -4.389049 -5.031751
8756 1444828672.062970 12.052031 4.982312 0.032959 -9.926172 -4.389049 -5.031751
