5603 1444996211.321874 15.324829 -42.840729 -128.722137 -2.591858 1.92627 0.541992
5604 1444996211.331973 15.446777 -42.703857 -128.613922 -2.591858 1.913452 0.565796
5605 1444996211.342038 15.202881 -42.658234 -128.776245 -2.585449 1.925354 0.527344
5606 1444996211.352129 15.202881 -42.840729 -128.830353 -2.590942 1.916199 0.545654
5607 1444996211.362191 15.365479 -42.840729 -128.613922 -2.589111 1.91803 0.548096
5608 1444996211.372253 15.324829 -42.703857 -128.66803 -2.591858 1.919861 0.546265
5609 1444996211.382318 15.406128 -42.658234 -128.66803 -2.597351 1.914368 0.545044
5610 1444996211.392400 15.365479 -42.795105 -128.397491 -2.591858 1.920776 0.536499
5611 1444996211.402448 15.202881 -42.9776 -128.451599 -2.604675 1.920776 0.537109
5612 1444996211.412507 15.24353 -42.703857 -128.559814 -2.598267 1.919861 0.546265
5613 1444996211.422683 15.446777 -42.749481 -128.613922 -2.591858 1.914368 0.552368
5614 1444996211.432787 15.406128 -42.749481 -128.613922 -2.596436 1.921692 0.549927
5615 1444996211.442850 15.406128 -42.658234 -128.66803 -2.590942 1.914368 0.554199
5616 1444996211.452988 15.28418 -42.749481 -128.66803 -2.594604 1.919861 0.548096
5617 1444996211.463050 15.24353 -42.931976 -128.776245 -2.594604 1.922607 0.551147
5618 1444996211.473086 15.487427 -42.566986 -128.613922 -2.588196 1.912537 0.552368
5619 1444996211.483150 15.324829 -42.840729 -128.559814 -2.601013 1.920776 0.545654
5620 1444996211.493214 15.28418 -42.840729 -128.613922 -2.590942 1.924438 0.552979
5621 1444996211.503276 15.24353 -42.795105 -128.776245 -2.589111 1.91803 0.551758
5622 1444996211.513337 15.324829 -42.703857 -128.88446 -2.592773 1.921692 0.546265
5623 1444996211.523401 15.487427 -42.658234 -128.722137 -2.590027 1.91803 0.559082
5624 1444996211.533465 15.28418 -42.795105 -128.66803 -2.591858 1.929016 0.535278
5625 1444996211.543525 15.202881 -42.9776 -128.830353 -2.601013 1.923523 0.554199
5626 1444996211.553588 15.487427 -42.521362 -128.559814 -2.588196 1.91803 0.552979
5627 1444996211.563666 15.28418 -42.795105 -128.992676 -2.593689 1.922607 0.550537
5628 1444996211.573732 15.446777 -42.840729 -128.776245 -2.590942 1.922607 0.545044
5629 1444996211.583796 15.446777 -42.703857 -128.613922 -2.59552 1.918945 0.560303
5630 1444996211.593856 15.28418 -42.749481 -128.88446 -2.591858 1.923523 0.53833
5631 1444996211.603919 15.365479 -42.703857 -128.830353 -2.589111 1.917114 0.545654
5632 1444996211.613987 15.162231 -42.886353 -128.830353 -2.592773 1.924438 0.543213
5633 1444996211.624050 15.406128 -42.749481 -128.830353 -2.589111 1.916199 0.553589
5634 1444996211.634217 15.487427 -42.658234 -128.776245 -2.591858 1.924438 0.539551
5635 1444996211.644310 15.365479 -42.9776 -128.66803 -2.593689 1.913452 0.543213
5636 1444996211.654408 15.324829 -42.749481 -128.938568 -2.590942 1.922607 0.536499
5637 1444996211.664490 15.446777 -42.840729 -128.451599 -2.601929 1.922607 0.541992
5638 1444996211.674625 15.121582 -42.931976 -128.451599 -2.596436 1.92627 0.540161
5639 1444996211.684687 15.28418 -42.703857 -128.559814 -2.590942 1.918945 0.547485
5640 1444996211.694776 15.365479 -42.749481 -128.776245 -2.596436 1.917114 0.551147
5641 1444996211.704843 15.406128 -42.566986 -128.776245 -2.590027 1.928101 0.549316
5642 1444996211.714902 15.28418 -42.795105 -128.613922 -2.591858 1.920776 0.541992
5643 1444996211.724982 15.28418 -42.795105 -128.505707 -2.590942 1.931763 0.532227
5644 1444996211.735065 15.365479 -42.795105 -128.505707 -2.600098 1.91803 0.546875
5645 1444996211.745153 15.324829 -42.749481 -128.722137 -2.592773 1.931763 0.53833
5646 1444996211.755215 15.365479 -42.886353 -128.722137 -2.59552 1.922607 0.559082
5647 1444996211.765463 15.406128 -42.566986 -128.830353 -2.590027 1.922607 0.540771
5648 1444996211.775526 15.365479 -42.795105 -128.505707 -2.596436 1.920776 0.546265
5649 1444996211.785654 15.121582 -42.886353 -128.938568 -2.589111 1.934509 0.536499
5650 1444996211.795725 15.528076 -42.703857 -128.776245 -2.592773 1.921692 0.55542
5651 1444996211.805795 15.365479 -42.658234 -128.559814 -2.592773 1.92627 0.542603
5652 1444996211.815860 15.202881 -42.886353 -128.776245 -2.596436 1.932678 0.534668
5653 1444996211.825956 15.406128 -42.749481 -128.776245 -2.591858 1.929016 0.544434
5654 1444996211.836085 15.202881 -42.931976 -128.776245 -2.592773 1.933594 0.545654
5655 1444996211.846150 15.324829 -42.61261 -128.830353 -2.584534 1.924438 0.551758
5656 1444996211.856239 15.365479 -42.749481 -128.722137 -2.588196 1.929016 0.559082
5657 1444996211.866315 15.406128 -42.703857 -128.722137 -2.590942 1.933594 0.542603
5658 1444996211.876384 15.080933 -42.931976 -128.722137 -2.588196 1.932678 0.543213
5659 1444996211.886446 15.365479 -42.566986 -128.776245 -2.589111 1.933594 0.548096
5660 1444996211.896508 15.28418 -42.886353 -128.830353 -2.600098 1.93634 0.537109
5661 1444996211.906538 15.28418 -42.749481 -128.613922 -2.594604 1.934509 0.552368
5662 1444996211.916595 15.487427 -42.749481 -128.830353 -2.591858 1.932678 0.549927
5663 1444996211.926658 15.324829 -42.795105 -128.722137 -2.588196 1.923523 0.532837
5664 1444996211.936721 15.24353 -42.840729 -128.505707 -2.59552 1.932678 0.552368
5665 1444996211.946808 15.324829 -42.840729 -128.830353 -2.592773 1.928101 0.542603
5666 1444996211.956870 15.28418 -42.795105 -128.505707 -2.602844 1.928101 0.551758
5667 1444996211.966973 15.324829 -42.61261 -128.776245 -2.58728 1.930847 0.550537
5668 1444996211.977128 15.28418 -42.9776 -128.938568 -2.592773 1.928101 0.547485
5669 1444996211.987192 15.406128 -42.430115 -128.613922 -2.582703 1.927185 0.547485
5670 1444996211.997252 15.28418 -42.886353 -128.559814 -2.602844 1.932678 0.545044
5671 1444996212.007307 15.406128 -42.795105 -128.66803 -2.594604 1.933594 0.552368
5672 1444996212.017409 15.28418 -42.931976 -128.776245 -2.597351 1.931763 0.552979
5673 1444996212.027486 15.324829 -42.61261 -128.722137 -2.593689 1.922607 0.565186
5674 1444996212.037548 15.28418 -42.749481 -128.830353 -2.589111 1.93634 0.549927
5675 1444996212.047648 15.365479 -42.658234 -128.559814 -2.589111 1.932678 0.549927
5676 1444996212.057797 15.324829 -42.658234 -128.66803 -2.59552 1.932678 0.551758
5677 1444996212.067879 15.487427 -42.703857 -128.776245 -2.591858 1.932678 0.544434
5678 1444996212.077950 15.28418 -42.840729 -128.722137 -2.592773 1.932678 0.543213
5679 1444996212.088014 15.406128 -42.703857 -128.613922 -2.590942 1.93634 0.558472
5680 1444996212.098163 15.406128 -42.703857 -128.722137 -2.590942 1.929932 0.549927
5681 1444996212.108248 15.406128 -42.703857 -128.66803 -2.592773 1.929932 0.541992
5682 1444996212.118319 15.406128 -42.886353 -128.992676 -2.588196 1.939087 0.536499
5683 1444996212.128383 15.406128 -42.749481 -128.88446 -2.590942 1.92627 0.552368
5684 1444996212.138445 15.24353 -42.9776 -129.100891 -2.592773 1.933594 0.535889
5685 1444996212.148507 15.487427 -42.566986 -128.830353 -2.591858 1.937256 0.543823
5686 1444996212.158522 15.28418 -42.886353 -128.88446 -2.601013 1.933594 0.53833
5687 1444996212.168569 15.080933 -43.023224 -128.776245 -2.588196 1.940918 0.536499
5688 1444996212.178631 15.365479 -42.61261 -128.66803 -2.592773 1.934509 0.559082
5689 1444996212.188693 15.406128 -42.840729 -129.046783 -2.596436 1.938171 0.546265
5690 1444996212.198794 15.28418 -42.931976 -128.938568 -2.592773 1.934509 0.542603
5691 1444996212.208879 15.24353 -42.703857 -128.88446 -2.584534 1.922607 0.55542
5692 1444996212.218946 15.446777 -42.840729 -128.613922 -2.596436 1.92627 0.552979
5693 1444996212.229009 15.324829 -42.749481 -128.613922 -2.59552 1.932678 0.551147
5694 1444996212.239054 15.324829 -42.886353 -128.830353 -2.592773 1.939087 0.548706
5695 1444996212.249118 15.24353 -42.61261 -128.722137 -2.58728 1.934509 0.542603
5696 1444996212.259166 15.406128 -42.886353 -128.776245 -2.601929 1.93634 0.553589
5697 1444996212.269198 15.162231 -42.795105 -128.992676 -2.592773 1.93634 0.540771
5698 1444996212.279348 15.162231 -42.840729 -128.66803 -2.600098 1.941833 0.542603
5699 1444996212.289413 15.324829 -42.703857 -128.88446 -2.594604 1.929932 0.550537
5700 1444996212.299481 15.365479 -42.886353 -128.776245 -2.600098 1.940002 0.540771
5701 1444996212.309544 15.365479 -42.658234 -128.722137 -2.596436 1.929016 0.55481
5702 1444996212.319606 15.446777 -42.749481 -128.559814 -2.600098 1.931763 0.541382
5703 1444996212.329712 15.324829 -42.795105 -128.776245 -2.594604 1.937256 0.552979
5704 1444996212.339776 15.324829 -42.795105 -128.451599 -2.591858 1.922607 0.549316
5705 1444996212.349837 15.446777 -42.795105 -128.830353 -2.59552 1.937256 0.549316
5706 1444996212.359899 15.28418 -42.795105 -128.776245 -2.585449 1.934509 0.53772
5707 1444996212.369934 15.365479 -42.840729 -128.722137 -2.596436 1.933594 0.548096
5708 1444996212.379996 15.406128 -42.703857 -128.559814 -2.594604 1.933594 0.553589
5709 1444996212.390058 15.324829 -42.795105 -128.776245 -2.594604 1.937256 0.553589
5710 1444996212.400120 15.406128 -42.658234 -128.88446 -2.58728 1.93634 0.549316
5711 1444996212.410180 15.28418 -42.886353 -128.776245 -2.598267 1.935425 0.541992
5712 1444996212.420241 15.487427 -42.703857 -128.722137 -2.59552 1.935425 0.53894
5713 1444996212.430303 15.365479 -43.023224 -128.559814 -2.601929 1.940918 0.549927
5714 1444996212.440391 15.446777 -42.566986 -128.776245 -2.591858 1.930847 0.558472
5715 1444996212.450452 15.487427 -42.886353 -128.559814 -2.592773 1.940918 0.547485
5716 1444996212.460514 15.365479 -42.61261 -128.776245 -2.597351 1.932678 0.553589
5717 1444996212.470578 15.406128 -42.61261 -128.505707 -2.59552 1.942749 0.558472
5718 1444996212.480639 15.365479 -42.840729 -128.66803 -2.590027 1.938171 0.549316
5719 1444996212.490701 15.446777 -42.703857 -128.776245 -2.590942 1.932678 0.55603
5720 1444996212.500766 15.406128 -42.931976 -128.88446 -2.596436 1.937256 0.549316
5721 1444996212.510828 15.24353 -42.703857 -128.722137 -2.592773 1.937256 0.55542
5722 1444996212.520891 15.324829 -42.795105 -128.722137 -2.594604 1.943665 0.544434
5723 1444996212.530951 15.324829 -42.795105 -128.451599 -2.597351 1.933594 0.554199
5724 1444996212.541011 15.446777 -42.703857 -128.88446 -2.599182 1.937256 0.544434
5725 1444996212.551095 15.365479 -42.749481 -128.559814 -2.601929 1.940002 0.537109
5726 1444996212.561157 15.324829 -42.795105 -128.66803 -2.598267 1.940002 0.550537
5727 1444996212.571222 15.406128 -42.931976 -128.613922 -2.599182 1.939087 0.548706
5728 1444996212.581309 15.487427 -42.749481 -128.722137 -2.592773 1.935425 0.561523
5729 1444996212.591387 15.487427 -42.703857 -128.938568 -2.591858 1.935425 0.548096
5730 1444996212.601450 15.24353 -42.795105 -128.559814 -2.592773 1.942749 0.550537
5731 1444996212.611512 15.28418 -42.840729 -128.992676 -2.593689 1.946411 0.551758
5732 1444996212.621583 15.487427 -42.61261 -128.66803 -2.591858 1.931763 0.551758
5733 1444996212.631647 15.202881 -43.023224 -128.938568 -2.599182 1.946411 0.549927
5734 1444996212.641710 15.609375 -42.795105 -129.046783 -2.590942 1.937256 0.548706
5735 1444996212.651784 15.24353 -43.023224 -128.776245 -2.596436 1.946411 0.549927
5736 1444996212.661813 15.487427 -42.840729 -128.613922 -2.596436 1.939087 0.547485
5737 1444996212.671867 15.28418 -42.9776 -128.776245 -2.601013 1.94458 0.552979
5738 1444996212.681911 15.28418 -42.703857 -128.66803 -2.590942 1.947327 0.549927
5739 1444996212.692029 15.528076 -42.658234 -128.722137 -2.589111 1.940002 0.561523
5740 1444996212.702095 15.487427 -42.795105 -128.613922 -2.596436 1.943665 0.551758
5741 1444996212.712156 15.487427 -42.61261 -128.938568 -2.590942 1.940918 0.560303
5742 1444996212.722218 15.406128 -42.840729 -128.938568 -2.590942 1.942749 0.552979
5743 1444996212.732298 15.24353 -42.886353 -128.722137 -2.592773 1.948242 0.544434
5744 1444996212.742380 15.28418 -42.840729 -128.830353 -2.590027 1.941833 0.562744
5745 1444996212.752427 15.487427 -42.703857 -128.776245 -2.586365 1.945496 0.545654
5746 1444996212.762487 15.324829 -42.886353 -128.88446 -2.592773 1.938171 0.558472
5747 1444996212.772571 15.406128 -42.749481 -128.992676 -2.590027 1.947327 0.559082
5748 1444996212.782631 15.446777 -42.703857 -128.451599 -2.601929 1.947327 0.556641
5749 1444996212.792693 15.406128 -42.703857 -128.66803 -2.592773 1.94458 0.548706
5750 1444996212.802755 15.365479 -42.840729 -128.776245 -2.593689 1.951904 0.549927
5751 1444996212.812820 15.324829 -42.795105 -128.66803 -2.598267 1.949158 0.552368
5752 1444996212.822884 15.365479 -42.795105 -128.66803 -2.593689 1.946411 0.548706
5753 1444996212.832950 15.406128 -42.840729 -128.722137 -2.592773 1.959229 0.557251
5754 1444996212.843013 15.487427 -42.886353 -128.830353 -2.594604 1.957397 0.551147
5755 1444996212.853060 15.487427 -42.840729 -128.722137 -2.597351 1.95282 0.565186
5756 1444996212.863124 15.609375 -42.703857 -128.66803 -2.59552 1.951904 0.559692
5757 1444996212.873196 15.568726 -42.795105 -128.451599 -2.598267 1.967468 0.563965
5758 1444996212.883259 15.528076 -42.840729 -128.559814 -2.59552 1.960144 0.560913
5759 1444996212.893322 15.446777 -42.749481 -128.830353 -2.586365 1.963806 0.55481
5760 1444996212.903384 15.446777 -42.840729 -128.776245 -2.600098 1.964722 0.562744
5761 1444996212.913445 15.568726 -42.749481 -128.776245 -2.597351 1.964722 0.564575
5762 1444996212.923508 15.446777 -42.931976 -128.776245 -2.598267 1.97113 0.556641
5763 1444996212.933570 15.446777 -42.703857 -128.776245 -2.596436 1.967468 0.565796
5764 1444996212.943632 15.487427 -42.9776 -128.66803 -2.601013 1.969299 0.559082
5765 1444996212.953694 15.528076 -42.749481 -128.776245 -2.59552 1.970215 0.565186
5766 1444996212.963786 15.528076 -42.658234 -128.776245 -2.59552 1.972961 0.562134
5767 1444996212.973829 15.446777 -42.886353 -128.66803 -2.599182 1.968384 0.564575
5768 1444996212.983892 15.487427 -42.795105 -128.613922 -2.594604 1.974792 0.565796
5769 1444996212.993955 15.406128 -42.840729 -129.100891 -2.589111 1.967468 0.564575
5770 1444996213.004005 15.487427 -42.886353 -128.559814 -2.597351 1.969299 0.558472
5771 1444996213.014068 15.487427 -42.749481 -128.830353 -2.594604 1.969299 0.559692
5772 1444996213.024131 15.528076 -42.840729 -128.722137 -2.594604 1.968384 0.57373
5773 1444996213.034196 15.487427 -42.703857 -128.938568 -2.591858 1.975708 0.559692
5774 1444996213.044265 15.487427 -42.9776 -128.613922 -2.604675 1.973877 0.559082
5775 1444996213.054325 15.568726 -42.840729 -128.722137 -2.598267 1.974792 0.563354
5776 1444996213.064389 15.528076 -42.795105 -128.505707 -2.596436 1.972961 0.567017
5777 1444996213.074454 15.487427 -42.840729 -128.66803 -2.596436 1.981201 0.556641
5778 1444996213.084515 15.568726 -42.795105 -128.451599 -2.598267 1.981201 0.570068
5779 1444996213.094574 15.487427 -42.9776 -128.830353 -2.599182 1.978455 0.562744
5780 1444996213.104634 15.406128 -42.703857 -128.613922 -2.59552 1.977539 0.560913
5781 1444996213.114699 15.446777 -42.840729 -128.830353 -2.599182 1.975708 0.564575
5782 1444996213.124814 15.446777 -42.931976 -128.938568 -2.599182 1.980286 0.568848
5783 1444996213.134876 15.528076 -42.931976 -128.88446 -2.601013 1.981201 0.561523
5784 1444996213.144936 15.487427 -42.886353 -128.88446 -2.600098 1.977539 0.570068
5785 1444996213.154997 15.650024 -42.61261 -128.830353 -2.591858 1.973877 0.567627
5786 1444996213.165060 15.446777 -42.886353 -128.938568 -2.597351 1.983948 0.552979
5787 1444996213.175142 15.528076 -42.840729 -128.66803 -2.601013 1.97937 0.571289
5788 1444996213.185204 15.650024 -42.703857 -128.505707 -2.596436 1.982117 0.561523
5789 1444996213.195301 15.609375 -42.795105 -128.776245 -2.598267 1.982117 0.556641
5790 1444996213.205326 15.528076 -43.068848 -128.830353 -2.602844 1.982117 0.559082
5791 1444996213.215342 15.568726 -42.703857 -128.776245 -2.596436 1.989441 0.562134
5792 1444996213.225404 15.568726 -42.840729 -128.938568 -2.600098 1.983032 0.561523
5793 1444996213.235468 15.609375 -42.749481 -128.830353 -2.590027 1.97937 0.557251
5794 1444996213.245532 15.446777 -42.840729 -128.66803 -2.600098 1.984863 0.566406
5795 1444996213.255595 15.609375 -42.886353 -128.88446 -2.597351 1.981201 0.55603
5796 1444996213.265615 15.365479 -42.931976 -128.776245 -2.60376 1.983032 0.578003
5797 1444996213.275678 15.690674 -42.566986 -128.613922 -2.594604 1.982117 0.566406
5798 1444996213.285738 15.28418 -43.114471 -128.722137 -2.608337 1.988525 0.559082
5799 1444996213.295800 15.406128 -42.658234 -128.613922 -2.594604 1.992188 0.574341
5800 1444996213.305865 15.609375 -42.703857 -128.722137 -2.596436 1.982117 0.568237
5801 1444996213.315928 15.406128 -42.840729 -128.66803 -2.601929 1.981201 0.567627
5802 1444996213.325990 15.568726 -42.840729 -128.722137 -2.602844 1.99585 0.565186
5803 1444996213.336053 15.568726 -42.9776 -128.722137 -2.602844 1.97937 0.567627
5804 1444996213.346072 15.446777 -42.795105 -128.613922 -2.594604 1.981201 0.559692
5805 1444996213.356132 15.568726 -42.658234 -128.722137 -2.599182 1.983948 0.571289
5806 1444996213.366193 15.650024 -43.023224 -128.776245 -2.605591 1.982117 0.569458
5807 1444996213.376257 15.487427 -42.795105 -128.992676 -2.592773 1.980286 0.567017
5808 1444996213.386316 15.731323 -42.749481 -128.88446 -2.597351 1.983032 0.559082
5809 1444996213.396378 15.446777 -42.840729 -128.830353 -2.597351 1.977539 0.567017
5810 1444996213.406492 15.528076 -42.795105 -129.100891 -2.59552 1.992188 0.556641
5811 1444996213.416554 15.609375 -42.886353 -128.722137 -2.607422 1.988525 0.57373
5812 1444996213.426617 15.609375 -42.703857 -128.938568 -2.590027 1.982117 0.574341
5813 1444996213.436674 15.650024 -42.886353 -128.722137 -2.601013 2.003174 0.562134
5814 1444996213.446736 15.568726 -42.795105 -128.559814 -2.601013 1.988525 0.570068
5815 1444996213.456788 15.568726 -42.931976 -128.830353 -2.601929 1.993103 0.567017
5816 1444996213.466856 15.487427 -42.703857 -128.722137 -2.60376 1.999512 0.567627
5817 1444996213.476919 15.528076 -42.658234 -128.776245 -2.593689 1.994934 0.562744
5818 1444996213.486981 15.487427 -42.886353 -128.776245 -2.601013 1.998596 0.567017
5819 1444996213.497044 15.690674 -42.840729 -128.88446 -2.598267 1.998596 0.569458
5820 1444996213.507106 15.487427 -42.886353 -128.938568 -2.598267 1.988525 0.568848
5821 1444996213.517167 15.528076 -42.886353 -128.830353 -2.601013 2.002258 0.560913
5822 1444996213.527232 15.609375 -42.749481 -128.88446 -2.600098 1.998596 0.562134
5823 1444996213.537290 15.528076 -42.886353 -128.88446 -2.596436 2.001343 0.578003
5824 1444996213.547352 15.731323 -42.703857 -128.776245 -2.59552 1.993103 0.576782
5825 1444996213.557411 15.609375 -42.749481 -128.88446 -2.596436 1.999512 0.560303
5826 1444996213.567473 15.487427 -42.840729 -128.88446 -2.600098 2.008667 0.57251
5827 1444996213.577555 15.528076 -42.840729 -128.88446 -2.598267 1.997681 0.570068
5828 1444996213.587617 15.528076 -42.931976 -128.722137 -2.604675 2.004089 0.565796
5829 1444996213.597661 15.568726 -42.795105 -128.505707 -2.60376 2.002258 0.581055
5830 1444996213.607722 15.690674 -42.795105 -128.88446 -2.594604 2.003174 0.563354
5831 1444996213.617806 15.446777 -42.9776 -128.722137 -2.605591 2.00592 0.566406
5832 1444996213.627846 15.609375 -42.795105 -128.613922 -2.600098 1.998596 0.57312
5833 1444996213.637908 15.446777 -42.795105 -128.722137 -2.600098 2.01416 0.554199
5834 1444996213.647969 15.568726 -42.840729 -128.722137 -2.604675 2.001343 0.57373
5835 1444996213.658029 15.771973 -42.658234 -128.776245 -2.596436 2.008667 0.565796
5836 1444996213.668091 15.446777 -42.931976 -128.776245 -2.598267 2.010498 0.554199
5837 1444996213.678152 15.650024 -42.931976 -128.776245 -2.59552 2.004089 0.576782
5838 1444996213.688241 15.812622 -42.703857 -128.722137 -2.598267 2.00592 0.57373
5839 1444996213.698262 15.528076 -43.068848 -128.613922 -2.609253 2.01416 0.565796
5840 1444996213.708323 15.731323 -42.795105 -128.88446 -2.601013 2.011414 0.578613
5841 1444996213.718387 15.487427 -42.795105 -128.776245 -2.598267 2.017822 0.57312
5842 1444996213.728449 15.568726 -42.795105 -128.88446 -2.599182 2.015076 0.558472
5843 1444996213.738524 15.568726 -42.9776 -128.722137 -2.605591 2.025146 0.570068
5844 1444996213.748583 15.771973 -42.749481 -128.776245 -2.598267 2.036133 0.576172
5845 1444996213.758644 15.812622 -42.931976 -128.992676 -2.606506 2.052612 0.585938
5846 1444996213.768706 15.93457 -42.749481 -128.776245 -2.601013 2.063599 0.581055
5847 1444996213.778740 15.731323 -43.023224 -128.722137 -2.608337 2.062683 0.57373
5848 1444996213.788802 15.97522 -42.795105 -128.830353 -2.599182 2.060852 0.582275
5849 1444996213.798880 15.853271 -42.931976 -128.938568 -2.607422 2.055359 0.593262
5850 1444996213.808941 15.812622 -42.840729 -128.830353 -2.601013 2.054443 0.601807
5851 1444996213.819040 15.568726 -43.114471 -128.938568 -2.609253 2.064514 0.576172
5852 1444996213.829102 15.690674 -42.886353 -128.776245 -2.612 2.048035 0.59021
5853 1444996213.839368 15.853271 -42.886353 -128.722137 -2.604675 2.05719 0.580444
5854 1444996213.849431 15.893921 -42.703857 -128.559814 -2.611084 2.054443 0.584717
5855 1444996213.859492 15.731323 -42.840729 -128.66803 -2.611084 2.052612 0.581055
5856 1444996213.869555 15.893921 -42.840729 -128.830353 -2.60376 2.051697 0.593872
5857 1444996213.879621 15.771973 -42.749481 -128.776245 -2.60376 2.049866 0.588379
5858 1444996213.889699 15.893921 -42.795105 -128.66803 -2.606506 2.059021 0.582886
5859 1444996213.899763 15.650024 -43.068848 -128.776245 -2.605591 2.059937 0.582275
5860 1444996213.909827 15.893921 -42.840729 -128.722137 -2.605591 2.071838 0.581665
5861 1444996213.919909 15.812622 -42.931976 -128.66803 -2.607422 2.072754 0.584106
5862 1444996213.929972 15.771973 -42.61261 -128.66803 -2.596436 2.06543 0.598755
5863 1444996213.940035 15.853271 -42.703857 -128.451599 -2.600098 2.060852 0.584717
5864 1444996213.950096 15.93457 -42.795105 -128.776245 -2.602844 2.059021 0.595093
5865 1444996213.960131 15.690674 -42.9776 -128.776245 -2.611084 2.061768 0.574341
5866 1444996213.970257 15.853271 -42.9776 -128.88446 -2.609253 2.059021 0.585938
5867 1444996213.980269 15.650024 -42.886353 -129.046783 -2.609253 2.056274 0.587769
5868 1444996213.990359 15.812622 -42.931976 -128.938568 -2.612915 2.059021 0.585327
5869 1444996214.000412 15.771973 -42.9776 -128.722137 -2.605591 2.055359 0.59021
5870 1444996214.010473 15.812622 -42.9776 -129.154999 -2.60376 2.061768 0.584106
5871 1444996214.020547 15.893921 -42.886353 -128.992676 -2.601929 2.05719 0.581665
5872 1444996214.030611 15.731323 -43.023224 -128.938568 -2.607422 2.064514 0.581665
5873 1444996214.040672 15.93457 -43.068848 -128.776245 -2.612 2.070007 0.598145
5874 1444996214.050735 15.731323 -42.749481 -128.776245 -2.599182 2.06543 0.593872
5875 1444996214.060800 15.97522 -42.886353 -128.992676 -2.601013 2.058105 0.596924
5876 1444996214.070864 15.893921 -42.840729 -128.776245 -2.599182 2.064514 0.577393
5877 1444996214.080926 15.650024 -42.9776 -128.830353 -2.609253 2.055359 0.578003
5878 1444996214.090990 16.015869 -42.795105 -128.88446 -2.610168 2.060852 0.59021
5879 1444996214.101054 15.93457 -42.703857 -128.66803 -2.605591 2.051697 0.596313
5880 1444996214.111117 15.853271 -42.840729 -129.046783 -2.601013 2.05719 0.568848
5881 1444996214.121185 15.731323 -42.9776 -128.830353 -2.604675 2.059937 0.580444
5882 1444996214.131248 15.853271 -42.795105 -128.830353 -2.60376 2.067261 0.587769
5883 1444996214.141311 15.812622 -42.9776 -128.776245 -2.60376 2.066345 0.580444
5884 1444996214.151375 15.812622 -42.9776 -128.830353 -2.601929 2.061768 0.59082
5885 1444996214.161438 15.731323 -42.931976 -128.938568 -2.602844 2.068176 0.578613
5886 1444996214.171501 15.812622 -42.840729 -128.613922 -2.60376 2.070923 0.592041
5887 1444996214.181621 15.690674 -42.9776 -128.938568 -2.605591 2.06543 0.597534
5888 1444996214.191683 15.812622 -42.703857 -128.776245 -2.60376 2.061768 0.585327
5889 1444996214.201745 15.731323 -42.931976 -128.613922 -2.609253 2.058105 0.591431
5890 1444996214.211784 15.812622 -42.795105 -128.776245 -2.606506 2.05719 0.592651
5891 1444996214.221849 15.650024 -42.840729 -128.830353 -2.60376 2.052612 0.584717
5892 1444996214.231911 15.650024 -42.9776 -128.776245 -2.605591 2.062683 0.59082
5893 1444996214.242006 15.690674 -42.886353 -128.830353 -2.60376 2.059021 0.59082
5894 1444996214.252067 15.853271 -43.023224 -128.830353 -2.605591 2.059937 0.588379
5895 1444996214.262128 15.812622 -42.703857 -128.830353 -2.596436 2.058105 0.587769
5896 1444996214.272166 15.771973 -42.840729 -128.830353 -2.600098 2.070923 0.582886
5897 1444996214.282227 15.853271 -43.023224 -128.776245 -2.608337 2.055359 0.5896
5898 1444996214.292288 15.853271 -43.023224 -128.776245 -2.613831 2.070923 0.592041
5899 1444996214.302348 15.812622 -42.703857 -128.938568 -2.599182 2.055359 0.5896
5900 1444996214.312399 15.93457 -42.795105 -128.613922 -2.605591 2.064514 0.5896
5901 1444996214.322462 15.650024 -42.886353 -128.88446 -2.605591 2.060852 0.576782
5902 1444996214.332524 15.853271 -42.840729 -128.613922 -2.609253 2.06543 0.578003
5903 1444996214.342586 15.771973 -43.068848 -128.88446 -2.610168 2.064514 0.574341
5904 1444996214.352648 15.93457 -42.795105 -128.830353 -2.602844 2.054443 0.587769
5905 1444996214.362712 15.609375 -42.931976 -128.830353 -2.60376 2.064514 0.583496
5906 1444996214.372774 15.893921 -42.9776 -128.613922 -2.605591 2.059021 0.592041
5907 1444996214.382840 15.853271 -42.9776 -128.992676 -2.60376 2.054443 0.593262
5908 1444996214.392901 15.812622 -42.840729 -128.830353 -2.602844 2.063599 0.592041
5909 1444996214.402962 15.812622 -42.840729 -128.776245 -2.601929 2.05719 0.5896
5910 1444996214.413024 15.853271 -42.749481 -128.88446 -2.600098 2.058105 0.583496
5911 1444996214.423096 15.568726 -43.068848 -128.613922 -2.608337 2.059937 0.576172
5912 1444996214.433158 15.853271 -42.840729 -128.776245 -2.605591 2.059937 0.585327
5913 1444996214.443240 15.893921 -42.749481 -128.559814 -2.610168 2.059021 0.592041
5914 1444996214.453302 15.893921 -42.886353 -128.722137 -2.606506 2.049866 0.588379
5915 1444996214.463345 15.893921 -42.886353 -128.722137 -2.610168 2.054443 0.591431
5916 1444996214.473458 15.771973 -42.886353 -128.776245 -2.60376 2.05719 0.585938
5917 1444996214.483522 15.853271 -42.703857 -128.722137 -2.606506 2.052612 0.583496
5918 1444996214.493590 15.853271 -42.795105 -128.776245 -2.604675 2.055359 0.584717
5919 1444996214.503650 15.771973 -42.886353 -128.66803 -2.604675 2.059937 0.596924
5920 1444996214.513714 15.812622 -42.840729 -128.830353 -2.601929 2.052612 0.59021
5921 1444996214.523776 15.812622 -42.840729 -128.776245 -2.604675 2.066345 0.577393
5922 1444996214.533839 15.690674 -42.931976 -128.776245 -2.60376 2.063599 0.578613
5923 1444996214.543901 15.812622 -42.749481 -128.830353 -2.602844 2.05719 0.581055
5924 1444996214.553942 15.609375 -42.931976 -128.613922 -2.611084 2.062683 0.584717
5925 1444996214.564011 15.812622 -42.795105 -128.938568 -2.602844 2.059021 0.596313
5926 1444996214.574062 15.528076 -43.114471 -128.88446 -2.615662 2.060852 0.57251
5927 1444996214.584158 15.97522 -42.749481 -128.776245 -2.605591 2.049866 0.598755
5928 1444996214.594188 15.853271 -42.61261 -128.776245 -2.60376 2.051697 0.597534
5929 1444996214.604250 15.97522 -42.749481 -128.830353 -2.601929 2.061768 0.584717
5930 1444996214.614311 15.609375 -42.795105 -128.830353 -2.600098 2.053528 0.578003
5931 1444996214.624389 15.893921 -42.886353 -129.209106 -2.600098 2.062683 0.582886
5932 1444996214.634453 15.731323 -42.886353 -128.938568 -2.602844 2.05719 0.59021
5933 1444996214.644514 15.812622 -42.749481 -128.830353 -2.599182 2.053528 0.59082
5934 1444996214.654562 15.812622 -42.886353 -128.776245 -2.599182 2.059937 0.585327
5935 1444996214.664623 15.853271 -42.749481 -128.88446 -2.602844 2.059021 0.5896
5936 1444996214.674703 15.771973 -42.886353 -128.613922 -2.607422 2.063599 0.584106
5937 1444996214.684765 15.690674 -42.9776 -128.938568 -2.608337 2.060852 0.592651
5938 1444996214.694826 15.893921 -42.840729 -128.88446 -2.606506 2.059937 0.586548
5939 1444996214.704887 15.568726 -42.931976 -128.722137 -2.609253 2.056274 0.586548
5940 1444996214.714904 15.893921 -42.795105 -128.776245 -2.60376 2.05719 0.586548
5941 1444996214.724969 15.812622 -43.068848 -128.88446 -2.612 2.052612 0.587158
5942 1444996214.735030 15.731323 -42.931976 -128.613922 -2.610168 2.06543 0.594482
5943 1444996214.745095 15.771973 -42.840729 -128.722137 -2.60376 2.070007 0.585938
5944 1444996214.755157 15.93457 -42.795105 -128.559814 -2.605591 2.059021 0.586548
5945 1444996214.765219 15.771973 -42.9776 -128.505707 -2.605591 2.067261 0.579834
5946 1444996214.775312 15.853271 -42.886353 -128.88446 -2.609253 2.058105 0.59082
5947 1444996214.785326 15.731323 -42.931976 -128.776245 -2.601929 2.063599 0.577393
5948 1444996214.795393 15.690674 -42.840729 -128.992676 -2.60376 2.058105 0.582886
5949 1444996214.805457 15.771973 -42.931976 -128.66803 -2.610168 2.060852 0.588989
5950 1444996214.815545 15.731323 -42.840729 -128.938568 -2.605591 2.058105 0.588989
5951 1444996214.825612 15.97522 -42.886353 -128.66803 -2.612915 2.052612 0.595703
5952 1444996214.835653 15.812622 -42.749481 -128.88446 -2.602844 2.059937 0.575562
5953 1444996214.845715 15.893921 -42.931976 -128.776245 -2.609253 2.059021 0.586548
5954 1444996214.855844 15.731323 -42.886353 -128.992676 -2.600098 2.059021 0.587158
5955 1444996214.865998 15.853271 -42.886353 -128.830353 -2.606506 2.058105 0.584717
5956 1444996214.876122 15.771973 -42.931976 -128.938568 -2.601929 2.058105 0.582886
5957 1444996214.886186 15.812622 -42.886353 -128.722137 -2.602844 2.060852 0.586548
5958 1444996214.896249 15.893921 -42.840729 -128.88446 -2.60376 2.063599 0.585327
5959 1444996214.906309 15.650024 -42.886353 -128.992676 -2.607422 2.058105 0.588989
5960 1444996214.916404 15.97522 -42.840729 -128.776245 -2.606506 2.050781 0.600586
5961 1444996214.926481 15.690674 -42.886353 -129.100891 -2.602844 2.061768 0.563354
5962 1444996214.936551 15.93457 -42.840729 -128.66803 -2.60376 2.060852 0.585938
5963 1444996214.946612 15.812622 -42.931976 -128.88446 -2.604675 2.061768 0.578003
5964 1444996214.956675 15.731323 -42.931976 -129.046783 -2.604675 2.059021 0.584717
5965 1444996214.966738 15.893921 -42.840729 -128.776245 -2.605591 2.056274 0.595093
5966 1444996214.976825 15.771973 -42.9776 -128.938568 -2.601013 2.064514 0.57373
5967 1444996214.986888 15.771973 -42.931976 -128.88446 -2.608337 2.062683 0.5896
5968 1444996214.996952 15.812622 -42.886353 -128.776245 -2.602844 2.059937 0.585327
5969 1444996215.007015 15.812622 -42.931976 -128.830353 -2.602844 2.055359 0.592041
5970 1444996215.017077 15.93457 -42.840729 -128.938568 -2.605591 2.056274 0.587158
5971 1444996215.027148 15.893921 -42.886353 -128.938568 -2.608337 2.05719 0.583496
5972 1444996215.037211 15.812622 -42.931976 -128.992676 -2.605591 2.056274 0.582886
5973 1444996215.047275 15.690674 -42.9776 -128.830353 -2.612915 2.061768 0.578003
5974 1444996215.057378 15.853271 -42.840729 -128.776245 -2.609253 2.052612 0.587769
5975 1444996215.067502 15.853271 -42.795105 -128.613922 -2.608337 2.05719 0.588379
5976 1444996215.077645 15.812622 -42.931976 -128.722137 -2.605591 2.059937 0.584717
5977 1444996215.087732 15.853271 -42.931976 -128.776245 -2.609253 2.058105 0.594482
5978 1444996215.097797 15.650024 -43.023224 -128.722137 -2.60376 2.058105 0.580444
5979 1444996215.107884 15.93457 -42.703857 -128.88446 -2.604675 2.058105 0.594482
5980 1444996215.117948 15.771973 -42.886353 -128.722137 -2.605591 2.062683 0.5896
5981 1444996215.128013 15.812622 -42.840729 -128.722137 -2.60376 2.059937 0.587158
5982 1444996215.138138 15.893921 -42.703857 -128.776245 -2.600098 2.059021 0.581055
5983 1444996215.148219 15.853271 -43.068848 -128.776245 -2.612 2.059021 0.588379
5984 1444996215.158352 15.690674 -42.886353 -128.88446 -2.601929 2.059021 0.583496
5985 1444996215.168386 15.690674 -42.886353 -128.830353 -2.608337 2.052612 0.595703
5986 1444996215.178473 15.93457 -42.61261 -128.938568 -2.600098 2.055359 0.581665
5987 1444996215.188540 15.771973 -42.9776 -128.613922 -2.611084 2.051697 0.586548
5988 1444996215.198643 15.812622 -42.886353 -128.722137 -2.60376 2.064514 0.574341
5989 1444996215.208719 15.812622 -42.749481 -128.613922 -2.604675 2.047119 0.588989
5990 1444996215.218820 15.853271 -43.068848 -128.88446 -2.609253 2.058105 0.583496
5991 1444996215.228908 15.690674 -43.023224 -129.046783 -2.60376 2.060852 0.577393
5992 1444996215.238986 15.690674 -42.9776 -128.830353 -2.602844 2.055359 0.591431
5993 1444996215.249049 15.853271 -42.931976 -128.776245 -2.608337 2.055359 0.584106
5994 1444996215.259111 15.771973 -42.840729 -128.66803 -2.609253 2.052612 0.587769
5995 1444996215.269179 15.771973 -42.840729 -128.776245 -2.60376 2.049866 0.600586
5996 1444996215.279240 15.853271 -42.886353 -128.88446 -2.605591 2.05719 0.59082
5997 1444996215.289302 15.812622 -42.749481 -128.613922 -2.612 2.044373 0.59021
5998 1444996215.299363 15.812622 -42.795105 -128.613922 -2.610168 2.059937 0.583496
5999 1444996215.309429 15.771973 -42.840729 -128.776245 -2.609253 2.056274 0.579224
6000 1444996215.319508 15.812622 -42.886353 -128.776245 -2.607422 2.048035 0.587158
6001 1444996215.329575 15.771973 -42.886353 -128.938568 -2.607422 2.058105 0.583496
6002 1444996215.339638 15.690674 -42.749481 -128.776245 -2.604675 2.055359 0.579224
6003 1444996215.349708 15.812622 -43.068848 -128.776245 -2.604675 2.056274 0.586548
6004 1444996215.359777 15.731323 -42.749481 -128.88446 -2.597351 2.05719 0.584717
6005 1444996215.369837 15.812622 -42.795105 -128.88446 -2.601013 2.055359 0.582886
6006 1444996215.379910 15.771973 -42.886353 -128.722137 -2.604675 2.051697 0.591431
6007 1444996215.389972 15.609375 -42.931976 -128.992676 -2.601013 2.060852 0.568848
6008 1444996215.400031 15.893921 -42.749481 -128.451599 -2.605591 2.049866 0.588989
6009 1444996215.410096 15.731323 -42.9776 -128.776245 -2.609253 2.053528 0.574341
6010 1444996215.420209 15.853271 -42.931976 -128.830353 -2.606506 2.056274 0.585938
6011 1444996215.430263 15.893921 -42.749481 -128.66803 -2.604675 2.052612 0.593262
6012 1444996215.440302 15.650024 -42.931976 -129.100891 -2.602844 2.061768 0.574341
6013 1444996215.450363 15.812622 -42.61261 -128.722137 -2.597351 2.049866 0.598755
6014 1444996215.460425 15.771973 -43.023224 -128.613922 -2.612915 2.060852 0.588379
6015 1444996215.470487 15.893921 -42.840729 -128.88446 -2.602844 2.05719 0.593262
6016 1444996215.480547 15.93457 -42.795105 -128.66803 -2.596436 2.053528 0.588989
6017 1444996215.490618 15.771973 -42.886353 -128.938568 -2.607422 2.063599 0.576172
6018 1444996215.500671 15.528076 -43.023224 -129.046783 -2.60376 2.05719 0.579834
6019 1444996215.510694 15.771973 -42.931976 -128.559814 -2.607422 2.059937 0.596313
6020 1444996215.520808 15.609375 -42.9776 -128.88446 -2.602844 2.056274 0.574341
6021 1444996215.530880 15.97522 -42.931976 -128.66803 -2.607422 2.056274 0.600586
6022 1444996215.540980 15.771973 -42.703857 -128.776245 -2.605591 2.05719 0.584106
6023 1444996215.551042 15.812622 -42.886353 -128.613922 -2.606506 2.064514 0.575562
6024 1444996215.561105 15.568726 -42.840729 -128.88446 -2.601929 2.059021 0.571289
6025 1444996215.571130 15.853271 -42.9776 -128.66803 -2.611084 2.05719 0.584106
6026 1444996215.581196 15.97522 -42.886353 -128.830353 -2.605591 2.059937 0.579834
6027 1444996215.591301 15.771973 -42.840729 -128.66803 -2.607422 2.052612 0.579224
6028 1444996215.601329 15.812622 -42.931976 -128.938568 -2.60376 2.056274 0.583496
6029 1444996215.611394 15.731323 -42.9776 -128.613922 -2.607422 2.050781 0.581665
6030 1444996215.621477 15.650024 -42.840729 -128.559814 -2.608337 2.059937 0.576172
6031 1444996215.631489 15.650024 -42.795105 -128.776245 -2.604675 2.058105 0.579224
6032 1444996215.641655 15.731323 -42.886353 -128.722137 -2.609253 2.059937 0.585938
6033 1444996215.651719 15.568726 -42.886353 -128.938568 -2.604675 2.060852 0.583496
6034 1444996215.661784 15.812622 -42.931976 -128.992676 -2.612915 2.049866 0.584717
6035 1444996215.671846 15.731323 -42.9776 -128.88446 -2.608337 2.062683 0.587769
6036 1444996215.681907 15.893921 -42.795105 -128.938568 -2.604675 2.047119 0.604858
6037 1444996215.691984 15.812622 -42.749481 -128.992676 -2.598267 2.056274 0.584717
6038 1444996215.702006 15.731323 -42.795105 -128.992676 -2.600098 2.053528 0.582886
6039 1444996215.712068 15.731323 -43.023224 -128.451599 -2.607422 2.066345 0.575562
6040 1444996215.722152 15.812622 -42.566986 -128.776245 -2.604675 2.051697 0.585938
6041 1444996215.732217 15.812622 -42.9776 -128.613922 -2.611084 2.059021 0.587158
6042 1444996215.742301 15.650024 -42.840729 -128.830353 -2.602844 2.063599 0.580444
6043 1444996215.752364 15.690674 -42.886353 -128.88446 -2.605591 2.050781 0.583496
6044 1444996215.762381 15.853271 -42.931976 -128.66803 -2.605591 2.055359 0.5896
6045 1444996215.772460 15.731323 -42.749481 -128.88446 -2.602844 2.049866 0.576782
6046 1444996215.782525 15.650024 -43.023224 -128.613922 -2.615662 2.060852 0.583496
6047 1444996215.792597 15.812622 -42.931976 -129.046783 -2.601013 2.058105 0.5896
6048 1444996215.802644 15.771973 -42.840729 -128.613922 -2.60376 2.055359 0.580444
6049 1444996215.812697 15.731323 -43.023224 -128.613922 -2.609253 2.056274 0.582886
6050 1444996215.822767 15.893921 -42.703857 -128.88446 -2.604675 2.051697 0.591431
6051 1444996215.832832 15.690674 -42.886353 -128.776245 -2.607422 2.051697 0.581055
6052 1444996215.842901 15.853271 -42.931976 -129.046783 -2.604675 2.050781 0.588989
6053 1444996215.852965 15.690674 -42.931976 -128.559814 -2.612 2.051697 0.582886
6054 1444996215.863027 15.731323 -42.749481 -128.66803 -2.606506 2.053528 0.587158
6055 1444996215.873091 15.650024 -42.886353 -128.66803 -2.611084 2.052612 0.588379
6056 1444996215.883177 15.771973 -42.886353 -128.88446 -2.606506 2.050781 0.579834
6057 1444996215.893244 15.690674 -42.931976 -128.613922 -2.600098 2.054443 0.579834
6058 1444996215.903311 15.690674 -42.9776 -128.88446 -2.611084 2.053528 0.593872
6059 1444996215.913338 15.893921 -42.795105 -128.722137 -2.602844 2.052612 0.588989
6060 1444996215.923428 15.812622 -42.795105 -128.66803 -2.602844 2.048035 0.59021
6061 1444996215.933492 15.771973 -43.068848 -128.830353 -2.611084 2.050781 0.582275
6062 1444996215.943595 15.771973 -42.840729 -128.88446 -2.606506 2.060852 0.586548
6063 1444996215.953685 15.731323 -43.023224 -128.66803 -2.607422 2.055359 0.581665
6064 1444996215.963757 15.812622 -42.886353 -128.992676 -2.601013 2.051697 0.585327
6065 1444996215.973867 15.690674 -42.840729 -128.88446 -2.59552 2.056274 0.582886
6066 1444996215.983931 15.731323 -42.886353 -128.722137 -2.609253 2.050781 0.579834
6067 1444996215.993994 15.93457 -42.795105 -128.722137 -2.601013 2.053528 0.584106
6068 1444996216.004057 15.528076 -43.160095 -128.830353 -2.609253 2.058105 0.575562
6069 1444996216.014118 15.93457 -42.886353 -128.559814 -2.606506 2.050781 0.585938
6070 1444996216.024191 15.650024 -43.068848 -128.830353 -2.611084 2.051697 0.576782
6071 1444996216.034255 15.650024 -42.795105 -128.776245 -2.598267 2.055359 0.57312
6072 1444996216.044330 15.771973 -43.023224 -128.776245 -2.616577 2.051697 0.587158
6073 1444996216.054393 15.771973 -42.703857 -128.776245 -2.601013 2.054443 0.567627
6074 1444996216.064460 15.609375 -43.068848 -128.830353 -2.612 2.054443 0.588989
6075 1444996216.074530 15.93457 -42.931976 -128.505707 -2.612 2.056274 0.585327
6076 1444996216.084592 15.568726 -42.931976 -128.830353 -2.607422 2.053528 0.580444
6077 1444996216.094654 15.93457 -42.658234 -128.722137 -2.601013 2.049866 0.596313
6078 1444996216.104717 15.690674 -42.931976 -128.559814 -2.604675 2.043457 0.579834
6079 1444996216.114781 15.853271 -42.840729 -128.722137 -2.607422 2.056274 0.588989
6080 1444996216.124869 15.650024 -42.886353 -128.776245 -2.605591 2.054443 0.578613
6081 1444996216.134935 15.771973 -42.931976 -128.722137 -2.612 2.053528 0.588379
6082 1444996216.144996 15.771973 -42.840729 -128.938568 -2.606506 2.051697 0.582275
6083 1444996216.155059 15.812622 -42.840729 -128.88446 -2.605591 2.04895 0.582886
6084 1444996216.165129 15.812622 -42.749481 -128.776245 -2.600098 2.053528 0.591431
6085 1444996216.175184 15.731323 -42.840729 -128.88446 -2.60376 2.051697 0.570068
6086 1444996216.185217 15.853271 -42.886353 -128.722137 -2.607422 2.055359 0.584717
6087 1444996216.195287 15.690674 -42.795105 -128.938568 -2.606506 2.051697 0.585327
6088 1444996216.205370 15.812622 -42.840729 -129.046783 -2.599182 2.054443 0.57251
6089 1444996216.215454 15.893921 -42.931976 -128.776245 -2.602844 2.053528 0.595703
6090 1444996216.225498 15.771973 -42.840729 -128.830353 -2.605591 2.050781 0.574951
6091 1444996216.235558 15.853271 -42.886353 -128.830353 -2.610168 2.051697 0.595093
6092 1444996216.245620 15.812622 -42.840729 -128.776245 -2.601929 2.059021 0.578003
6093 1444996216.255684 15.568726 -42.9776 -128.776245 -2.607422 2.056274 0.576782
6094 1444996216.265735 15.771973 -42.795105 -129.046783 -2.604675 2.053528 0.59021
6095 1444996216.275838 15.609375 -43.023224 -128.776245 -2.610168 2.064514 0.587158
6096 1444996216.285890 15.893921 -42.61261 -128.830353 -2.594604 2.045288 0.594482
6097 1444996216.295961 15.690674 -42.749481 -128.722137 -2.601929 2.052612 0.580444
6098 1444996216.306025 15.690674 -42.931976 -128.776245 -2.610168 2.062683 0.582275
6099 1444996216.316085 15.650024 -42.840729 -128.776245 -2.602844 2.059021 0.581055
6100 1444996216.326184 15.568726 -43.023224 -128.722137 -2.608337 2.055359 0.581055
6101 1444996216.336229 15.771973 -42.795105 -128.559814 -2.605591 2.051697 0.593872
6102 1444996216.346310 15.650024 -42.840729 -128.776245 -2.608337 2.05719 0.578003
6103 1444996216.356374 15.853271 -42.840729 -128.776245 -2.610168 2.063599 0.588379
6104 1444996216.366436 15.731323 -42.840729 -128.776245 -2.604675 2.046204 0.588989
6105 1444996216.376522 15.771973 -42.795105 -128.722137 -2.602844 2.05719 0.585938
6106 1444996216.386619 15.609375 -42.795105 -128.88446 -2.598267 2.054443 0.578003
6107 1444996216.396684 15.812622 -42.840729 -128.830353 -2.610168 2.048035 0.59082
6108 1444996216.406704 15.771973 -42.886353 -128.505707 -2.609253 2.050781 0.587158
6109 1444996216.416785 15.650024 -42.886353 -128.397491 -2.612 2.055359 0.582275
6110 1444996216.426942 15.97522 -42.658234 -128.830353 -2.600098 2.049866 0.581055
6111 1444996216.437002 15.650024 -42.931976 -128.66803 -2.607422 2.060852 0.570068
6112 1444996216.447025 15.650024 -42.931976 -128.830353 -2.605591 2.053528 0.581665
6113 1444996216.457107 15.771973 -42.931976 -128.722137 -2.609253 2.052612 0.585938
6114 1444996216.467170 15.650024 -43.023224 -128.88446 -2.613831 2.060852 0.579834
6115 1444996216.477395 15.771973 -42.749481 -128.559814 -2.602844 2.045288 0.595703
6116 1444996216.487450 15.731323 -42.795105 -128.938568 -2.596436 2.055359 0.587769
6117 1444996216.497511 15.812622 -42.840729 -128.66803 -2.601929 2.050781 0.593872
6118 1444996216.507573 15.650024 -42.749481 -128.830353 -2.601929 2.04895 0.588379
6119 1444996216.517637 15.771973 -42.886353 -128.66803 -2.606506 2.05719 0.579224
6120 1444996216.527761 15.650024 -42.886353 -128.830353 -2.602844 2.046204 0.584106
6121 1444996216.537813 15.771973 -42.840729 -128.938568 -2.602844 2.050781 0.581665
6122 1444996216.547875 15.731323 -42.886353 -128.66803 -2.610168 2.05719 0.584106
6123 1444996216.557941 15.853271 -42.931976 -128.830353 -2.604675 2.046204 0.585327
6124 1444996216.567992 15.812622 -42.931976 -128.776245 -2.60376 2.053528 0.591431
6125 1444996216.578055 15.771973 -42.703857 -128.88446 -2.598267 2.041626 0.579834
6126 1444996216.588126 15.690674 -42.840729 -128.830353 -2.60376 2.059021 0.580444
6127 1444996216.598188 15.771973 -42.658234 -128.722137 -2.608337 2.048035 0.584106
6128 1444996216.608250 15.893921 -42.886353 -128.830353 -2.607422 2.046204 0.578613
6129 1444996216.618313 15.690674 -42.886353 -128.830353 -2.608337 2.04895 0.585938
6130 1444996216.628380 15.690674 -42.931976 -128.776245 -2.608337 2.053528 0.584717
6131 1444996216.638441 15.650024 -42.9776 -128.830353 -2.612 2.049866 0.574341
6132 1444996216.648501 15.568726 -42.840729 -128.776245 -2.609253 2.056274 0.583496
6133 1444996216.658561 15.97522 -42.840729 -128.613922 -2.612 2.042542 0.592041
6134 1444996216.668622 15.650024 -42.931976 -128.88446 -2.608337 2.051697 0.57312
6135 1444996216.678684 15.771973 -42.886353 -128.938568 -2.602844 2.046204 0.591431
6136 1444996216.688746 15.853271 -42.749481 -128.776245 -2.598267 2.048035 0.580444
6137 1444996216.698814 15.650024 -43.023224 -128.830353 -2.612 2.045288 0.586548
6138 1444996216.708878 15.731323 -42.9776 -129.046783 -2.607422 2.050781 0.583496
6139 1444996216.718941 15.853271 -42.795105 -128.830353 -2.604675 2.044373 0.57373
6140 1444996216.729002 15.731323 -42.795105 -129.046783 -2.592773 2.054443 0.582886
6141 1444996216.739192 15.771973 -42.795105 -128.830353 -2.605591 2.044373 0.581055
6142 1444996216.749253 15.731323 -42.795105 -128.992676 -2.60376 2.044373 0.585938
6143 1444996216.759308 15.731323 -42.749481 -128.992676 -2.602844 2.052612 0.568237
6144 1444996216.769436 15.568726 -43.023224 -129.046783 -2.604675 2.042542 0.586548
6145 1444996216.779498 16.015869 -42.749481 -128.66803 -2.598267 2.048035 0.577393
6146 1444996216.789581 15.609375 -42.931976 -128.830353 -2.609253 2.045288 0.576172
6147 1444996216.799642 15.731323 -42.795105 -128.776245 -2.602844 2.049866 0.581055
6148 1444996216.809723 15.812622 -42.886353 -128.88446 -2.611084 2.042542 0.585938
6149 1444996216.819785 15.731323 -42.795105 -128.830353 -2.605591 2.049866 0.575562
6150 1444996216.829844 15.731323 -42.9776 -128.88446 -2.62207 2.051697 0.576782
6151 1444996216.839873 15.609375 -42.886353 -128.66803 -2.609253 2.049866 0.576172
6152 1444996216.849911 15.731323 -42.703857 -128.992676 -2.613831 2.04895 0.582275
6153 1444996216.859972 15.609375 -42.886353 -128.776245 -2.622986 2.047119 0.577393
6154 1444996216.870042 15.731323 -42.658234 -128.559814 -2.624817 2.047119 0.586548
6155 1444996216.880279 15.812622 -42.795105 -128.776245 -2.618408 2.051697 0.578613
6156 1444996216.890382 15.771973 -42.749481 -128.938568 -2.617493 2.048035 0.570679
6157 1444996216.900449 15.650024 -42.658234 -128.88446 -2.612915 2.044373 0.574341
6158 1444996216.910509 15.690674 -42.840729 -128.722137 -2.624817 2.045288 0.580444
6159 1444996216.920571 15.609375 -42.61261 -128.88446 -2.612915 2.046204 0.579224
6160 1444996216.930658 15.568726 -42.749481 -128.559814 -2.620239 2.053528 0.574341
6161 1444996216.940887 15.731323 -42.795105 -128.88446 -2.616577 2.04895 0.565796
6162 1444996216.950950 15.690674 -42.886353 -128.992676 -2.624817 2.045288 0.576782
6163 1444996216.961013 15.731323 -42.703857 -128.830353 -2.621155 2.049866 0.585938
6164 1444996216.971092 15.771973 -42.658234 -128.830353 -2.611084 2.049866 0.571289
6165 1444996216.981200 15.690674 -42.749481 -128.88446 -2.621155 2.048035 0.571899
6166 1444996216.991286 15.771973 -42.795105 -128.830353 -2.623901 2.046204 0.580444
6167 1444996217.001331 15.771973 -42.61261 -128.830353 -2.618408 2.045288 0.577393
6168 1444996217.011395 15.771973 -42.795105 -129.046783 -2.621155 2.048035 0.571289
6169 1444996217.021456 15.771973 -42.840729 -128.722137 -2.62207 2.051697 0.585327
6170 1444996217.031526 15.690674 -42.886353 -128.88446 -2.623901 2.05719 0.579834
6171 1444996217.041596 15.731323 -42.795105 -128.938568 -2.620239 2.04895 0.579224
6172 1444996217.051656 15.812622 -42.703857 -128.938568 -2.620239 2.042542 0.579224
6173 1444996217.061718 15.690674 -42.749481 -128.66803 -2.62207 2.049866 0.582275
6174 1444996217.071782 15.690674 -42.749481 -128.776245 -2.621155 2.055359 0.581665
6175 1444996217.081843 15.853271 -42.658234 -128.613922 -2.621155 2.04071 0.581055
6176 1444996217.091906 15.893921 -42.658234 -128.776245 -2.628479 2.047119 0.588989
6177 1444996217.101942 15.731323 -42.566986 -128.776245 -2.622986 2.047119 0.571289
6178 1444996217.111968 15.771973 -42.749481 -128.776245 -2.622986 2.045288 0.579834
6179 1444996217.122037 15.568726 -42.795105 -128.559814 -2.624817 2.044373 0.57373
6180 1444996217.132093 15.650024 -42.658234 -128.66803 -2.624817 2.047119 0.580444
6181 1444996217.142156 15.731323 -42.840729 -128.559814 -2.631226 2.051697 0.583496
6182 1444996217.152222 15.812622 -42.749481 -128.776245 -2.62207 2.049866 0.576172
6183 1444996217.162288 15.609375 -42.703857 -128.830353 -2.622986 2.053528 0.578003
6184 1444996217.172360 15.812622 -42.658234 -128.613922 -2.626648 2.047119 0.592041
6185 1444996217.182422 15.609375 -42.795105 -128.559814 -2.627563 2.051697 0.567627
6186 1444996217.192500 15.650024 -42.61261 -128.776245 -2.621155 2.04895 0.579224
6187 1444996217.202563 15.771973 -42.840729 -128.830353 -2.629395 2.048035 0.582886
6188 1444996217.212628 15.771973 -42.566986 -128.722137 -2.623901 2.046204 0.576782
6189 1444996217.222665 15.853271 -42.61261 -128.613922 -2.628479 2.043457 0.580444
6190 1444996217.232730 15.812622 -42.658234 -128.722137 -2.628479 2.039795 0.577393
6191 1444996217.242816 16.015869 -42.703857 -128.830353 -2.627563 2.04895 0.582275
6192 1444996217.252854 15.690674 -42.703857 -128.722137 -2.625732 2.046204 0.574341
6193 1444996217.262918 15.812622 -42.703857 -128.722137 -2.626648 2.043457 0.576172
6194 1444996217.272980 15.893921 -42.703857 -128.66803 -2.628479 2.041626 0.582886
6195 1444996217.283042 15.650024 -42.795105 -129.046783 -2.620239 2.047119 0.582886
6196 1444996217.293105 15.853271 -42.61261 -128.830353 -2.622986 2.039795 0.59082
6197 1444996217.303168 15.609375 -42.886353 -128.776245 -2.634888 2.047119 0.566406
6198 1444996217.313230 15.812622 -42.749481 -128.613922 -2.631226 2.053528 0.568848
6199 1444996217.323302 15.609375 -42.795105 -129.046783 -2.620239 2.047119 0.569458
6200 1444996217.333363 15.690674 -42.61261 -128.88446 -2.622986 2.047119 0.568237
6201 1444996217.343426 15.731323 -42.749481 -128.66803 -2.629395 2.048035 0.580444
6202 1444996217.353460 15.650024 -42.795105 -128.88446 -2.624817 2.041626 0.578003
6203 1444996217.363521 15.812622 -42.61261 -128.776245 -2.627563 2.037048 0.585327
6204 1444996217.373602 15.690674 -42.521362 -128.938568 -2.621155 2.041626 0.569458
6205 1444996217.383663 15.690674 -42.658234 -128.559814 -2.629395 2.039795 0.57312
6206 1444996217.393730 15.853271 -42.749481 -128.722137 -2.629395 2.044373 0.570068
6207 1444996217.403804 15.650024 -42.795105 -128.88446 -2.627563 2.047119 0.567627
6208 1444996217.413867 15.568726 -42.749481 -128.830353 -2.629395 2.044373 0.576172
6209 1444996217.423904 15.690674 -42.703857 -128.559814 -2.631226 2.043457 0.583496
6210 1444996217.433966 15.93457 -42.61261 -128.722137 -2.626648 2.04071 0.574341
6211 1444996217.444028 15.609375 -42.749481 -128.776245 -2.627563 2.041626 0.574951
6212 1444996217.454173 15.893921 -42.658234 -128.722137 -2.627563 2.044373 0.576782
6213 1444996217.464233 15.650024 -42.61261 -128.722137 -2.627563 2.044373 0.570068
6214 1444996217.474295 15.93457 -42.475739 -128.66803 -2.627563 2.037048 0.57312
6215 1444996217.484359 15.731323 -42.703857 -128.776245 -2.621155 2.04895 0.567627
6216 1444996217.494388 15.771973 -42.61261 -128.776245 -2.633972 2.049866 0.581665
6217 1444996217.504449 15.690674 -42.61261 -128.776245 -2.631226 2.037048 0.570679
6218 1444996217.514507 15.771973 -42.886353 -128.66803 -2.636719 2.041626 0.57251
6219 1444996217.524566 15.690674 -42.795105 -128.613922 -2.629395 2.037964 0.580444
6220 1444996217.534628 15.690674 -42.795105 -129.100891 -2.627563 2.04071 0.57373
6221 1444996217.544691 15.731323 -42.475739 -128.66803 -2.622986 2.048035 0.563354
6222 1444996217.554781 15.731323 -42.886353 -128.830353 -2.636719 2.042542 0.568848
6223 1444996217.564843 15.893921 -42.749481 -128.830353 -2.628479 2.033386 0.577393
6224 1444996217.574905 15.771973 -42.703857 -128.88446 -2.622986 2.048035 0.567017
6225 1444996217.584973 15.650024 -42.566986 -128.722137 -2.627563 2.043457 0.569458
6226 1444996217.595061 15.771973 -42.61261 -128.66803 -2.629395 2.048035 0.574341
6227 1444996217.605132 15.690674 -42.703857 -128.613922 -2.636719 2.039795 0.587158
6228 1444996217.615195 15.812622 -42.658234 -128.938568 -2.62207 2.043457 0.57373
6229 1444996217.625256 15.771973 -42.658234 -128.722137 -2.63855 2.047119 0.578613
6230 1444996217.635318 15.771973 -42.61261 -128.559814 -2.628479 2.041626 0.571289
6231 1444996217.645380 15.771973 -42.658234 -128.830353 -2.62207 2.046204 0.578003
6232 1444996217.655443 15.731323 -42.521362 -128.776245 -2.628479 2.034302 0.578003
6233 1444996217.665506 15.731323 -42.840729 -128.722137 -2.632141 2.051697 0.567627
6234 1444996217.675670 15.690674 -42.749481 -128.722137 -2.631226 2.04071 0.579224
6235 1444996217.685733 15.771973 -42.703857 -128.613922 -2.628479 2.039795 0.571289
6236 1444996217.695802 15.609375 -42.795105 -128.505707 -2.632141 2.045288 0.574341
6237 1444996217.705864 15.731323 -42.61261 -128.830353 -2.626648 2.038879 0.576172
6238 1444996217.715924 15.650024 -42.703857 -128.505707 -2.633972 2.051697 0.563354
6239 1444996217.725985 15.771973 -42.703857 -128.66803 -2.633057 2.037048 0.588379
6240 1444996217.736052 15.690674 -42.749481 -128.613922 -2.633972 2.054443 0.563965
6241 1444996217.746121 15.609375 -42.795105 -128.830353 -2.634888 2.047119 0.571899
6242 1444996217.756183 15.609375 -42.703857 -128.776245 -2.633057 2.043457 0.582886
6243 1444996217.766245 15.731323 -42.749481 -128.776245 -2.627563 2.044373 0.571289
6244 1444996217.776306 15.650024 -42.703857 -128.559814 -2.625732 2.037048 0.582275
6245 1444996217.786325 15.690674 -42.795105 -128.830353 -2.631226 2.047119 0.578003
6246 1444996217.796387 15.731323 -42.658234 -128.66803 -2.629395 2.045288 0.566406
6247 1444996217.806448 15.609375 -42.703857 -128.88446 -2.629395 2.043457 0.578613
6248 1444996217.816509 15.93457 -42.521362 -128.722137 -2.626648 2.043457 0.576172
6249 1444996217.826572 15.568726 -42.886353 -128.722137 -2.634888 2.039795 0.568237
6250 1444996217.836634 15.771973 -42.658234 -128.830353 -2.633057 2.045288 0.582886
6251 1444996217.846696 15.731323 -42.61261 -128.776245 -2.631226 2.044373 0.583496
6252 1444996217.856726 15.690674 -42.658234 -128.88446 -2.625732 2.04071 0.571289
6253 1444996217.866790 15.690674 -42.886353 -128.722137 -2.631226 2.045288 0.570068
6254 1444996217.876859 15.690674 -42.703857 -128.776245 -2.631226 2.043457 0.579834
6255 1444996217.886942 15.771973 -42.749481 -128.722137 -2.632141 2.045288 0.57312
6256 1444996217.897006 15.487427 -42.749481 -129.046783 -2.629395 2.042542 0.568848
6257 1444996217.907146 15.893921 -42.658234 -128.559814 -2.631226 2.037048 0.579834
6258 1444996217.917209 15.568726 -42.703857 -128.992676 -2.628479 2.044373 0.576172
6259 1444996217.927289 15.690674 -42.658234 -128.451599 -2.63031 2.043457 0.582275
6260 1444996217.937351 15.528076 -42.703857 -128.613922 -2.633972 2.048035 0.566406
6261 1444996217.947420 15.812622 -42.749481 -128.776245 -2.635803 2.043457 0.568848
6262 1444996217.957481 15.650024 -42.703857 -128.776245 -2.635803 2.037964 0.574341
6263 1444996217.967544 15.650024 -42.658234 -128.88446 -2.631226 2.046204 0.570068
6264 1444996217.977608 15.690674 -42.703857 -128.830353 -2.637634 2.04071 0.568237
6265 1444996217.987669 15.731323 -42.61261 -128.722137 -2.634888 2.042542 0.571289
6266 1444996217.997732 15.771973 -42.658234 -128.88446 -2.634888 2.04071 0.578003
6267 1444996218.007793 15.690674 -42.61261 -128.776245 -2.624817 2.036133 0.571899
6268 1444996218.017854 15.650024 -42.703857 -128.776245 -2.63031 2.037964 0.568848
6269 1444996218.027955 15.812622 -42.703857 -128.613922 -2.636719 2.041626 0.581055
6270 1444996218.038031 15.812622 -42.61261 -128.613922 -2.633972 2.037964 0.575562
6271 1444996218.048126 15.731323 -42.658234 -129.046783 -2.625732 2.041626 0.563965
6272 1444996218.058186 15.731323 -42.61261 -128.776245 -2.624817 2.035217 0.587158
6273 1444996218.068246 15.731323 -42.566986 -128.830353 -2.628479 2.039795 0.567627
6274 1444996218.078321 15.812622 -42.658234 -128.830353 -2.629395 2.04071 0.574341
6275 1444996218.088383 15.731323 -42.749481 -128.938568 -2.635803 2.041626 0.574951
6276 1444996218.098445 15.893921 -42.658234 -128.66803 -2.627563 2.031555 0.57251
6277 1444996218.108507 15.609375 -42.658234 -129.100891 -2.633057 2.044373 0.567017
6278 1444996218.118590 15.731323 -42.61261 -128.776245 -2.633972 2.034302 0.574951
6279 1444996218.128653 15.650024 -42.658234 -128.992676 -2.628479 2.042542 0.576172
6280 1444996218.138715 15.771973 -42.521362 -128.66803 -2.626648 2.031555 0.575562
6281 1444996218.148777 15.771973 -42.703857 -128.830353 -2.636719 2.043457 0.565186
6282 1444996218.158838 15.690674 -42.749481 -128.559814 -2.637634 2.035217 0.57373
6283 1444996218.168900 15.650024 -42.703857 -129.209106 -2.622986 2.041626 0.567627
6284 1444996218.178963 15.771973 -42.749481 -128.613922 -2.642212 2.032471 0.578003
6285 1444996218.189012 15.812622 -42.566986 -129.154999 -2.626648 2.034302 0.567017
6286 1444996218.199076 15.609375 -42.61261 -128.722137 -2.62207 2.037048 0.564575
6287 1444996218.209136 15.812622 -42.658234 -128.613922 -2.637634 2.037964 0.577393
6288 1444996218.219227 15.771973 -42.840729 -128.722137 -2.639465 2.027893 0.574951
6289 1444996218.229266 15.650024 -42.703857 -128.66803 -2.636719 2.042542 0.565186
6290 1444996218.239319 15.568726 -42.749481 -128.776245 -2.633057 2.042542 0.574951
6291 1444996218.249374 15.528076 -42.61261 -128.88446 -2.63031 2.037048 0.565796
6292 1444996218.259412 15.446777 -42.658234 -128.830353 -2.631226 2.047119 0.565186
6293 1444996218.269480 15.731323 -42.658234 -128.722137 -2.625732 2.04071 0.57312
6294 1444996218.279544 15.650024 -42.749481 -128.613922 -2.637634 2.038879 0.565186
6295 1444996218.289606 15.690674 -42.566986 -128.830353 -2.631226 2.041626 0.565796
6296 1444996218.299671 15.731323 -42.61261 -128.66803 -2.637634 2.035217 0.571899
6297 1444996218.309808 15.771973 -42.61261 -128.830353 -2.637634 2.037964 0.575562
6298 1444996218.319853 15.609375 -42.749481 -128.88446 -2.631226 2.036133 0.575562
6299 1444996218.329953 15.690674 -42.703857 -128.722137 -2.632141 2.041626 0.560913
6300 1444996218.340018 15.812622 -42.566986 -128.88446 -2.631226 2.024231 0.579834
6301 1444996218.350080 15.731323 -42.61261 -128.559814 -2.633057 2.045288 0.562744
6302 1444996218.360142 15.690674 -42.61261 -128.830353 -2.636719 2.041626 0.574341
6303 1444996218.370214 15.812622 -42.61261 -128.88446 -2.627563 2.026978 0.578003
6304 1444996218.380278 15.568726 -42.703857 -128.722137 -2.63031 2.044373 0.552979
6305 1444996218.390340 15.650024 -42.658234 -128.938568 -2.631226 2.037964 0.575562
6306 1444996218.400401 15.771973 -42.749481 -128.613922 -2.637634 2.032471 0.569458
6307 1444996218.410464 15.609375 -42.749481 -128.88446 -2.63031 2.046204 0.562134
6308 1444996218.420475 15.609375 -42.795105 -128.722137 -2.635803 2.033386 0.587769
6309 1444996218.430536 15.690674 -42.430115 -128.830353 -2.62207 2.04071 0.571289
6310 1444996218.440688 15.609375 -42.658234 -128.776245 -2.634888 2.035217 0.579834
6311 1444996218.450653 15.528076 -42.795105 -128.938568 -2.633972 2.041626 0.559082
6312 1444996218.460716 15.690674 -42.795105 -128.776245 -2.636719 2.04071 0.565186
6313 1444996218.470803 15.853271 -42.521362 -128.722137 -2.627563 2.029724 0.568237
6314 1444996218.480867 15.528076 -42.795105 -128.613922 -2.635803 2.044373 0.571899
6315 1444996218.490946 15.812622 -42.61261 -128.66803 -2.629395 2.036133 0.579834
6316 1444996218.501007 15.731323 -42.658234 -128.830353 -2.627563 2.038879 0.565186
6317 1444996218.511075 15.650024 -42.658234 -128.88446 -2.631226 2.042542 0.565796
6318 1444996218.521137 15.609375 -42.886353 -128.992676 -2.637634 2.034302 0.571289
6319 1444996218.531200 15.893921 -42.521362 -128.938568 -2.626648 2.034302 0.557861
6320 1444996218.541258 15.609375 -42.886353 -128.776245 -2.639465 2.037964 0.570679
6321 1444996218.551321 15.771973 -42.566986 -128.830353 -2.626648 2.034302 0.577393
6322 1444996218.561382 15.487427 -42.61261 -129.100891 -2.626648 2.042542 0.567627
6323 1444996218.571464 15.690674 -42.795105 -128.613922 -2.637634 2.033386 0.567627
6324 1444996218.581508 15.609375 -42.658234 -128.776245 -2.632141 2.039795 0.565796
6325 1444996218.591591 15.609375 -42.703857 -128.722137 -2.628479 2.036133 0.568848
6326 1444996218.601646 15.771973 -42.566986 -128.722137 -2.637634 2.033386 0.574341
6327 1444996218.611697 15.812622 -42.566986 -128.66803 -2.632141 2.032471 0.567627
6328 1444996218.621758 15.568726 -42.61261 -128.830353 -2.633057 2.031555 0.565186
6329 1444996218.631819 15.812622 -42.566986 -128.559814 -2.632141 2.037048 0.57373
6330 1444996218.641882 15.731323 -42.566986 -128.776245 -2.632141 2.037048 0.571899
6331 1444996218.651922 15.650024 -42.749481 -128.613922 -2.640381 2.037048 0.577393
6332 1444996218.661984 15.650024 -42.475739 -128.722137 -2.627563 2.037048 0.567017
6333 1444996218.672079 15.609375 -42.61261 -128.559814 -2.634888 2.026978 0.571289
6334 1444996218.682143 15.609375 -42.566986 -128.722137 -2.63031 2.037048 0.570679
6335 1444996218.692218 15.650024 -42.566986 -128.505707 -2.633057 2.037048 0.578003
6336 1444996218.702281 15.568726 -42.521362 -128.613922 -2.636719 2.031555 0.57373
6337 1444996218.712341 15.731323 -42.658234 -128.397491 -2.634888 2.03064 0.574341
6338 1444996218.722406 15.731323 -42.521362 -128.830353 -2.629395 2.032471 0.579834
6339 1444996218.732474 15.609375 -42.61261 -128.613922 -2.634888 2.041626 0.560913
6340 1444996218.742526 15.609375 -42.749481 -128.776245 -2.637634 2.029724 0.568237
6341 1444996218.752589 15.690674 -42.61261 -128.776245 -2.631226 2.032471 0.565796
6342 1444996218.762651 15.690674 -42.703857 -128.66803 -2.633057 2.035217 0.563965
6343 1444996218.772714 15.690674 -42.703857 -128.88446 -2.633057 2.033386 0.559692
6344 1444996218.782777 15.731323 -42.521362 -128.776245 -2.63031 2.028809 0.566406
6345 1444996218.792840 15.690674 -42.658234 -128.992676 -2.633057 2.025146 0.570679
6346 1444996218.802903 15.609375 -42.658234 -128.722137 -2.63031 2.032471 0.559692
6347 1444996218.812965 15.609375 -42.749481 -128.992676 -2.63031 2.026978 0.582275
6348 1444996218.823038 15.650024 -42.703857 -128.559814 -2.639465 2.027893 0.565796
6349 1444996218.833101 15.690674 -42.61261 -128.830353 -2.629395 2.033386 0.559082
6350 1444996218.843189 15.690674 -42.521362 -128.451599 -2.635803 2.029724 0.580444
6351 1444996218.853330 15.690674 -42.566986 -128.830353 -2.632141 2.032471 0.559082
6352 1444996218.863391 15.528076 -42.886353 -128.722137 -2.637634 2.027893 0.579224
6353 1444996218.873453 15.690674 -42.658234 -128.613922 -2.623901 2.0224 0.568848
6354 1444996218.883515 15.650024 -42.61261 -128.830353 -2.632141 2.035217 0.577393
6355 1444996218.893576 15.568726 -42.749481 -128.88446 -2.635803 2.034302 0.568848
6356 1444996218.903638 15.650024 -42.566986 -128.776245 -2.63031 2.0224 0.567627
6357 1444996218.913699 15.609375 -42.795105 -128.88446 -2.63855 2.026062 0.560303
6358 1444996218.923777 15.609375 -42.521362 -128.830353 -2.628479 2.025146 0.565186
6359 1444996218.933840 15.853271 -42.703857 -128.505707 -2.641296 2.021484 0.568848
6360 1444996218.943902 15.650024 -42.658234 -128.559814 -2.634888 2.033386 0.556641
6361 1444996218.953962 15.568726 -42.703857 -128.66803 -2.633972 2.025146 0.571899
6362 1444996218.964023 15.568726 -42.61261 -128.66803 -2.632141 2.025146 0.566406
6363 1444996218.974087 15.731323 -42.658234 -128.559814 -2.632141 2.028809 0.577393
6364 1444996218.984149 15.609375 -42.61261 -128.776245 -2.629395 2.024231 0.57251
6365 1444996218.994212 15.771973 -42.61261 -128.776245 -2.634888 2.023315 0.571899
6366 1444996219.004274 15.528076 -42.658234 -128.66803 -2.631226 2.032471 0.558472
6367 1444996219.014336 15.690674 -42.566986 -128.776245 -2.629395 2.017822 0.565796
6368 1444996219.024394 15.568726 -42.795105 -128.66803 -2.635803 2.0224 0.571899
6369 1444996219.034450 15.690674 -42.566986 -128.938568 -2.626648 2.020569 0.571289
6370 1444996219.044574 15.812622 -42.658234 -128.830353 -2.633972 2.018738 0.571289
6371 1444996219.054660 15.568726 -42.566986 -128.722137 -2.633057 2.027893 0.567017
6372 1444996219.064693 15.609375 -42.61261 -128.88446 -2.633972 2.021484 0.571899
6373 1444996219.074781 15.568726 -42.703857 -128.992676 -2.624817 2.023315 0.567627
6374 1444996219.084848 15.690674 -42.521362 -128.505707 -2.628479 2.021484 0.57373
6375 1444996219.094910 15.446777 -42.61261 -128.938568 -2.631226 2.029724 0.549316
6376 1444996219.104972 15.650024 -42.703857 -128.613922 -2.640381 2.025146 0.563354
6377 1444996219.115035 15.731323 -42.703857 -128.613922 -2.632141 2.028809 0.560913
6378 1444996219.125146 15.487427 -42.749481 -129.046783 -2.631226 2.031555 0.552368
6379 1444996219.135209 15.487427 -42.61261 -128.776245 -2.632141 2.026062 0.566406
6380 1444996219.145271 15.528076 -42.703857 -128.88446 -2.633972 2.021484 0.57312
6381 1444996219.155334 15.568726 -42.658234 -128.830353 -2.629395 2.029724 0.553589
6382 1444996219.165395 15.690674 -42.703857 -128.88446 -2.635803 2.021484 0.571899
6383 1444996219.175460 15.690674 -42.658234 -128.722137 -2.631226 2.020569 0.578613
6384 1444996219.185522 15.568726 -42.703857 -128.66803 -2.635803 2.027893 0.556641
6385 1444996219.195584 15.690674 -42.521362 -128.88446 -2.63031 2.016907 0.57312
6386 1444996219.205650 15.690674 -42.521362 -128.66803 -2.63031 2.0224 0.567627
6387 1444996219.215720 15.487427 -42.566986 -128.830353 -2.632141 2.031555 0.55603
6388 1444996219.225810 15.609375 -42.749481 -128.776245 -2.635803 2.023315 0.561523
6389 1444996219.235946 15.690674 -42.703857 -128.776245 -2.634888 2.024231 0.564575
6390 1444996219.246014 15.609375 -42.931976 -128.88446 -2.637634 2.026978 0.562134
6391 1444996219.256114 15.731323 -42.475739 -129.100891 -2.622986 2.0224 0.57251
6392 1444996219.266176 15.609375 -42.61261 -128.722137 -2.633057 2.028809 0.561523
6393 1444996219.276258 15.609375 -42.658234 -128.776245 -2.633057 2.029724 0.569458
6394 1444996219.286355 15.690674 -42.521362 -128.938568 -2.629395 2.021484 0.55603
6395 1444996219.296418 15.528076 -42.703857 -128.830353 -2.637634 2.023315 0.558472
6396 1444996219.306515 15.650024 -42.658234 -128.88446 -2.633972 2.023315 0.567017
6397 1444996219.316609 15.609375 -42.795105 -128.776245 -2.637634 2.023315 0.55481
6398 1444996219.326938 15.609375 -42.658234 -128.88446 -2.632141 2.024231 0.565796
6399 1444996219.336863 15.690674 -42.475739 -128.776245 -2.629395 2.011414 0.579224
6400 1444996219.346931 15.771973 -42.521362 -128.776245 -2.626648 2.021484 0.554199
6401 1444996219.356991 15.568726 -42.703857 -128.776245 -2.637634 2.021484 0.561523
6402 1444996219.367057 15.812622 -42.566986 -128.613922 -2.633972 2.0224 0.570679
6403 1444996219.377120 15.528076 -42.61261 -128.776245 -2.632141 2.028809 0.565796
6404 1444996219.387182 15.528076 -42.566986 -128.66803 -2.632141 2.015076 0.559082
6405 1444996219.397248 15.528076 -42.703857 -128.776245 -2.63855 2.028809 0.57251
6406 1444996219.407280 15.771973 -42.521362 -128.938568 -2.631226 2.01416 0.57373
6407 1444996219.417341 15.528076 -42.658234 -128.776245 -2.636719 2.025146 0.552368
6408 1444996219.427405 15.690674 -42.566986 -128.88446 -2.632141 2.015076 0.563354
6409 1444996219.437440 15.609375 -42.61261 -128.505707 -2.63855 2.017822 0.562744
6410 1444996219.447461 15.609375 -42.61261 -128.88446 -2.631226 2.015991 0.55481
6411 1444996219.457476 15.609375 -42.61261 -128.505707 -2.635803 2.015991 0.577393
6412 1444996219.467539 15.568726 -42.658234 -128.776245 -2.63031 2.026978 0.55603
6413 1444996219.477602 15.609375 -42.61261 -128.722137 -2.628479 2.017822 0.569458
6414 1444996219.487646 15.893921 -42.61261 -128.776245 -2.641296 2.019653 0.566406
6415 1444996219.497684 15.568726 -42.521362 -128.776245 -2.624817 2.015991 0.569458
6416 1444996219.507793 15.731323 -42.475739 -128.88446 -2.622986 2.012329 0.577393
6417 1444996219.517854 15.690674 -42.566986 -128.776245 -2.633057 2.024231 0.560303
6418 1444996219.527922 15.528076 -42.521362 -128.776245 -2.632141 2.023315 0.559692
6419 1444996219.537984 15.690674 -42.658234 -128.776245 -2.637634 2.0224 0.564575
6420 1444996219.548047 15.650024 -42.61261 -128.66803 -2.633972 2.019653 0.559692
6421 1444996219.558110 15.690674 -42.749481 -128.830353 -2.633057 2.015076 0.568237
6422 1444996219.568172 15.528076 -42.795105 -129.154999 -2.628479 2.020569 0.558472
6423 1444996219.578241 15.568726 -42.566986 -128.992676 -2.627563 2.01416 0.563354
6424 1444996219.588384 15.446777 -42.61261 -128.613922 -2.632141 2.012329 0.570679
6425 1444996219.598448 15.731323 -42.430115 -128.830353 -2.626648 2.017822 0.569458
6426 1444996219.608510 15.650024 -42.795105 -128.559814 -2.642212 2.017822 0.552979
6427 1444996219.618572 15.528076 -42.658234 -128.938568 -2.633057 2.017822 0.566406
6428 1444996219.628635 15.690674 -42.566986 -128.776245 -2.633972 2.01416 0.567017
6429 1444996219.638697 15.528076 -42.61261 -128.88446 -2.634888 2.015076 0.557861
6430 1444996219.648781 15.568726 -42.703857 -128.830353 -2.636719 2.016907 0.575562
6431 1444996219.658821 15.690674 -42.430115 -128.66803 -2.628479 2.013245 0.560913
6432 1444996219.668883 15.650024 -42.658234 -128.559814 -2.637634 2.015076 0.565186
6433 1444996219.678950 15.650024 -42.521362 -128.776245 -2.631226 2.015076 0.569458
6434 1444996219.689013 15.487427 -42.658234 -128.830353 -2.633972 2.012329 0.560303
6435 1444996219.699075 15.650024 -42.61261 -128.559814 -2.634888 2.021484 0.567627
6436 1444996219.709167 15.690674 -42.475739 -128.830353 -2.629395 2.007751 0.559692
6437 1444996219.719233 15.568726 -42.749481 -128.505707 -2.636719 2.017822 0.563965
6438 1444996219.729324 15.650024 -42.430115 -128.722137 -2.625732 2.015991 0.57373
6439 1444996219.739407 15.690674 -42.566986 -128.66803 -2.634888 2.021484 0.557861
6440 1444996219.749495 15.446777 -42.749481 -128.776245 -2.635803 2.009583 0.567627
6441 1444996219.759558 15.690674 -42.475739 -128.505707 -2.631226 2.011414 0.576782
6442 1444996219.769619 15.487427 -42.566986 -128.88446 -2.631226 2.018738 0.556641
6443 1444996219.779703 15.609375 -42.749481 -128.722137 -2.633057 2.012329 0.552979
6444 1444996219.789787 15.609375 -42.795105 -129.046783 -2.634888 2.012329 0.579834
6445 1444996219.799850 15.609375 -42.384491 -128.88446 -2.620239 2.013245 0.55603
6446 1444996219.809912 15.650024 -42.658234 -128.776245 -2.636719 2.013245 0.567017
6447 1444996219.819980 15.609375 -42.430115 -128.830353 -2.633057 2.01416 0.562744
6448 1444996219.830079 15.731323 -42.61261 -128.722137 -2.634888 2.015076 0.554199
6449 1444996219.840139 15.568726 -42.703857 -128.776245 -2.635803 2.008667 0.558472
6450 1444996219.850201 15.568726 -42.703857 -128.992676 -2.633057 2.018738 0.551147
6451 1444996219.860264 15.446777 -42.658234 -128.776245 -2.631226 2.008667 0.560913
6452 1444996219.870347 15.609375 -42.703857 -128.830353 -2.63855 2.015991 0.550537
6453 1444996219.880437 15.731323 -42.61261 -128.722137 -2.632141 2.006836 0.570679
6454 1444996219.890480 15.609375 -42.703857 -128.66803 -2.632141 2.012329 0.563354
6455 1444996219.900543 15.528076 -42.566986 -128.830353 -2.633057 2.017822 0.57312
6456 1444996219.910604 15.609375 -42.521362 -128.938568 -2.631226 2.003174 0.558472
6457 1444996219.920665 15.690674 -42.749481 -128.505707 -2.641296 2.006836 0.574951
6458 1444996219.930683 15.690674 -42.566986 -128.613922 -2.637634 2.01416 0.557861
6459 1444996219.940802 15.650024 -42.658234 -128.992676 -2.635803 2.00592 0.560303
6460 1444996219.950864 15.609375 -42.566986 -128.722137 -2.631226 2.007751 0.567627
6461 1444996219.960926 15.487427 -42.61261 -129.046783 -2.63031 2.013245 0.551147
6462 1444996219.970959 15.690674 -42.658234 -128.66803 -2.633972 2.005005 0.565796
6463 1444996219.981020 15.690674 -42.566986 -128.992676 -2.63031 2.013245 0.559692
6464 1444996219.991082 15.812622 -42.430115 -128.66803 -2.629395 2.003174 0.566406
6465 1444996220.001144 15.446777 -42.749481 -128.830353 -2.629395 2.015076 0.541382
6466 1444996220.011207 15.690674 -42.566986 -128.830353 -2.637634 2.003174 0.574341
6467 1444996220.021273 15.812622 -42.384491 -128.88446 -2.626648 2.006836 0.545044
6468 1444996220.031337 15.609375 -42.703857 -128.776245 -2.63855 2.007751 0.565186
6469 1444996220.041398 15.446777 -42.566986 -128.776245 -2.631226 2.008667 0.557861
6470 1444996220.051462 15.568726 -42.61261 -128.88446 -2.633057 2.010498 0.562744
6471 1444996220.061525 15.690674 -42.61261 -129.046783 -2.632141 2.000427 0.579224
6472 1444996220.071598 15.771973 -42.338867 -128.830353 -2.624817 1.994934 0.549927
