21775 1444827812.815024 38.464325 111.09375 -126.304626 3.68042 -4.172974 0.491699
21776 1444827812.825092 38.542267 111.050354 -126.678467 3.679504 -4.176636 0.491119
21777 1444827812.835457 38.542267 111.09375 -126.304626 3.684082 -4.179382 0.48822
21778 1444827812.845542 38.464325 111.09375 -126.144409 3.68866 -4.177551 0.495178
21779 1444827812.855697 38.542267 111.050354 -126.091003 3.690491 -4.178467 0.484741
21780 1444827812.865759 38.425354 110.963562 -126.037598 3.703308 -4.177551 0.491119
21781 1444827812.875913 38.464325 111.006958 -126.197815 3.69873 -4.186707 0.48996
21782 1444827812.886001 38.464325 111.137146 -126.251221 3.699646 -4.180298 0.49054
21783 1444827812.896063 38.464325 111.006958 -126.411438 3.695984 -4.181213 0.476624
21784 1444827812.906166 38.542267 111.137146 -126.731873 3.685913 -4.176636 0.485901
21785 1444827812.916323 38.620209 111.267334 -126.89209 3.681335 -4.186707 0.473145
21786 1444827812.926387 38.542267 111.267334 -127.052307 3.678589 -4.183044 0.478943
21787 1444827812.936451 38.425354 111.137146 -127.479553 3.68042 -4.189453 0.480103
21788 1444827812.946515 38.65918 111.223938 -128.013611 3.685913 -4.217834 0.478363
21789 1444827812.956578 38.464325 111.223938 -128.013611 3.674927 -4.223328 0.480682
21790 1444827812.966677 38.503296 111.223938 -127.799988 3.663025 -4.193115 0.472565
21791 1444827812.976739 38.65918 111.267334 -127.639771 3.654785 -4.161072 0.477783
21792 1444827812.986801 38.737122 111.09375 -127.319336 3.658447 -4.151001 0.480682
21793 1444827812.996875 38.698151 111.137146 -126.731873 3.660278 -4.135437 0.486481
21794 1444827813.006959 38.581238 111.050354 -126.037598 3.676758 -4.139099 0.486481
21795 1444827813.017022 38.464325 110.789978 -125.450134 3.699646 -4.137268 0.507935
21796 1444827813.027083 38.386383 110.746582 -124.595642 3.717957 -4.15741 0.516052
21797 1444827813.037147 38.230499 110.789978 -124.061584 3.727112 -4.168396 0.518951
21798 1444827813.047211 38.152557 110.486206 -123.74115 3.724365 -4.179382 0.527649
21799 1444827813.057309 38.152557 110.616394 -124.275208 3.724365 -4.17572 0.526489
21800 1444827813.067390 37.957703 110.746582 -124.382019 3.726196 -4.180298 0.518372
21801 1444827813.077458 38.386383 110.833374 -125.076294 3.707886 -4.169312 0.513733
21802 1444827813.087521 38.386383 111.006958 -125.87738 3.695068 -4.148254 0.499817
21803 1444827813.097660 38.620209 111.180542 -126.464844 3.677673 -4.131775 0.484741
21804 1444827813.107724 38.698151 111.354126 -128.013611 3.652954 -4.119873 0.471405
21805 1444827813.117805 38.65918 111.267334 -128.334045 3.641968 -4.129028 0.467346
21806 1444827813.127875 38.620209 111.397522 -128.334045 3.644714 -4.138184 0.466766
21807 1444827813.137938 38.698151 111.397522 -128.65448 3.651123 -4.155579 0.473724
21808 1444827813.148001 38.503296 111.180542 -128.547668 3.667603 -4.174805 0.468506
21809 1444827813.158064 38.425354 111.09375 -127.906799 3.676758 -4.1922 0.478363
21810 1444827813.168146 38.386383 111.09375 -127.479553 3.684998 -4.191284 0.479523
21811 1444827813.178245 38.425354 110.963562 -126.945496 3.685913 -4.182129 0.480682
21812 1444827813.188335 38.464325 111.180542 -126.731873 3.689575 -4.172974 0.480682
21813 1444827813.198397 38.386383 111.09375 -126.144409 3.687744 -4.158325 0.481262
21814 1444827813.208500 38.386383 111.050354 -126.037598 3.684998 -4.156494 0.484161
21815 1444827813.218564 38.425354 111.050354 -125.343323 3.695984 -4.135437 0.495758
21816 1444827813.228595 38.425354 111.006958 -125.1297 3.703308 -4.125366 0.496918
21817 1444827813.238658 38.425354 110.87677 -124.649048 3.707886 -4.124451 0.510254
21818 1444827813.248718 38.308441 110.746582 -124.755859 3.711548 -4.128113 0.516052
21819 1444827813.258806 38.308441 110.703186 -124.542236 3.71521 -4.147339 0.517792
21820 1444827813.268874 38.26947 110.746582 -125.076294 3.712463 -4.178467 0.517212
21821 1444827813.278955 38.347412 110.833374 -125.183105 3.709717 -4.182129 0.516632
21822 1444827813.288999 38.26947 110.789978 -125.770569 3.696899 -4.190369 0.512573
21823 1444827813.299061 38.581238 111.09375 -126.51825 3.685913 -4.196777 0.505035
21824 1444827813.309124 38.542267 111.137146 -127.26593 3.671265 -4.191284 0.492279
21825 1444827813.319187 38.65918 111.137146 -127.586365 3.655701 -4.18396 0.481842
21826 1444827813.329249 38.776093 111.267334 -127.960205 3.652039 -4.176636 0.474884
21827 1444827813.339312 38.776093 111.440918 -128.494263 3.652954 -4.177551 0.469666
21828 1444827813.349377 38.776093 111.52771 -128.547668 3.652954 -4.176636 0.465027
21829 1444827813.359440 38.620209 111.354126 -127.799988 3.671265 -4.187622 0.464447
21830 1444827813.369501 38.65918 111.223938 -127.586365 3.684998 -4.185791 0.472565
21831 1444827813.379563 38.620209 111.223938 -127.052307 3.693237 -4.199524 0.478363
21832 1444827813.389685 38.386383 111.006958 -126.091003 3.703308 -4.205933 0.480103
21833 1444827813.399773 38.464325 111.050354 -125.930786 3.712463 -4.212341 0.48764
21834 1444827813.409845 38.347412 111.050354 -125.289917 3.712463 -4.206848 0.491699
21835 1444827813.419909 38.425354 111.006958 -125.289917 3.707886 -4.200439 0.493439
21836 1444827813.429971 38.503296 111.050354 -125.076294 3.703308 -4.18396 0.500397
21837 1444827813.440036 38.581238 110.963562 -124.969482 3.695984 -4.171143 0.501556
21838 1444827813.450097 38.542267 110.963562 -125.022888 3.695984 -4.158325 0.503876
21839 1444827813.460149 38.581238 110.920166 -125.450134 3.687744 -4.152832 0.514313
21840 1444827813.470213 38.65918 110.87677 -125.343323 3.69873 -4.15741 0.511993
21841 1444827813.480285 38.464325 110.920166 -125.823975 3.697815 -4.161987 0.517792
21842 1444827813.490349 38.581238 110.963562 -126.197815 3.691406 -4.165649 0.513153
21843 1444827813.500410 38.581238 110.963562 -126.678467 3.683167 -4.186707 0.506195
21844 1444827813.510475 38.503296 111.006958 -127.105713 3.674927 -4.189453 0.503296
21845 1444827813.520539 38.542267 111.137146 -127.693176 3.667603 -4.197693 0.48938
21846 1444827813.530668 38.464325 111.267334 -127.960205 3.661194 -4.194946 0.482422
21847 1444827813.540728 38.581238 111.267334 -128.067017 3.65387 -4.191284 0.473724
21848 1444827813.550788 38.620209 111.440918 -127.799988 3.66394 -4.184875 0.466187
21849 1444827813.560917 38.581238 111.31073 -127.532959 3.668518 -4.172058 0.464447
21850 1444827813.571033 38.542267 111.267334 -127.372742 3.677673 -4.159241 0.467926
21851 1444827813.581096 38.620209 111.180542 -126.89209 3.685913 -4.151917 0.464447
21852 1444827813.591159 38.503296 111.180542 -126.358032 3.69873 -4.154663 0.475464
21853 1444827813.601230 38.386383 111.006958 -126.037598 3.706055 -4.155579 0.478943
21854 1444827813.611313 38.308441 111.006958 -125.717163 3.709717 -4.161987 0.48822
21855 1444827813.621375 38.26947 110.920166 -125.396729 3.714294 -4.171143 0.496918
21856 1444827813.631440 38.308441 110.963562 -125.236511 3.704224 -4.16748 0.499237
21857 1444827813.641503 38.308441 110.963562 -125.396729 3.702393 -4.16748 0.507355
21858 1444827813.651554 38.308441 110.920166 -125.343323 3.689575 -4.14917 0.511993
21859 1444827813.661831 38.464325 111.09375 -125.823975 3.685913 -4.146423 0.510254
21860 1444827813.671903 38.464325 110.963562 -126.037598 3.675842 -4.136353 0.510254
21861 1444827813.682025 38.308441 111.006958 -125.930786 3.676758 -4.128113 0.513153
21862 1444827813.692095 38.386383 111.137146 -126.571655 3.678589 -4.129028 0.516052
21863 1444827813.702158 38.581238 111.006958 -126.678467 3.670349 -4.14093 0.511414
21864 1444827813.712263 38.581238 111.050354 -126.945496 3.675842 -4.154663 0.502716
21865 1444827813.722390 38.347412 111.267334 -126.998901 3.68042 -4.14917 0.502716
21866 1444827813.732449 38.503296 111.267334 -127.319336 3.681335 -4.17572 0.484741
21867 1444827813.742512 38.347412 111.267334 -127.26593 3.676758 -4.17572 0.481262
21868 1444827813.752699 38.542267 111.267334 -127.532959 3.674927 -4.188538 0.469086
21869 1444827813.762765 38.347412 111.267334 -127.372742 3.677673 -4.185791 0.470245
21870 1444827813.772827 38.581238 111.223938 -127.26593 3.677673 -4.188538 0.467346
21871 1444827813.782889 38.503296 111.006958 -126.89209 3.684998 -4.173889 0.474304
21872 1444827813.792951 38.503296 111.050354 -126.731873 3.684998 -4.15741 0.48822
21873 1444827813.803015 38.620209 111.050354 -126.678467 3.695984 -4.176636 0.471405
21874 1444827813.813066 38.503296 111.050354 -126.304626 3.692322 -4.172058 0.482422
21875 1444827813.823129 38.503296 111.050354 -125.930786 3.691406 -4.172974 0.482422
21876 1444827813.833190 38.464325 111.050354 -125.87738 3.69873 -4.179382 0.483582
21877 1444827813.843256 38.347412 111.006958 -125.556946 3.696899 -4.182129 0.48822
21878 1444827813.853326 38.503296 111.180542 -125.556946 3.703308 -4.186707 0.503876
21879 1444827813.863386 38.464325 111.006958 -125.289917 3.699646 -4.178467 0.505035
21880 1444827813.873448 38.425354 111.006958 -125.770569 3.69873 -4.180298 0.500397
21881 1444827813.883511 38.542267 110.920166 -125.450134 3.695984 -4.191284 0.503876
21882 1444827813.893573 38.464325 111.006958 -126.037598 3.689575 -4.181213 0.500397
21883 1444827813.903637 38.65918 110.920166 -126.358032 3.678589 -4.176636 0.502716
21884 1444827813.913699 38.854034 111.223938 -126.998901 3.674011 -4.183044 0.483582
21885 1444827813.923763 38.620209 111.223938 -127.26593 3.671265 -4.168396 0.496918
21886 1444827813.933826 38.581238 111.223938 -126.945496 3.675842 -4.187622 0.474304
21887 1444827813.943889 38.464325 111.397522 -127.372742 3.67218 -4.18396 0.482422
21888 1444827813.953951 38.620209 111.180542 -127.26593 3.663025 -4.194946 0.478943
21889 1444827813.964081 38.698151 111.354126 -126.785278 3.686829 -4.211426 0.467926
21890 1444827813.974156 38.503296 111.223938 -126.998901 3.673096 -4.199524 0.481262
21891 1444827813.984222 38.542267 111.09375 -126.464844 3.684998 -4.207764 0.480103
21892 1444827813.994284 38.542267 111.006958 -126.144409 3.700562 -4.201355 0.474884
21893 1444827814.004348 38.581238 111.137146 -126.358032 3.691406 -4.191284 0.483002
21894 1444827814.014412 38.425354 110.963562 -125.823975 3.705139 -4.183044 0.471985
21895 1444827814.024475 38.464325 110.963562 -125.823975 3.696899 -4.179382 0.48996
21896 1444827814.034538 38.386383 111.006958 -126.197815 3.68866 -4.164734 0.4888
21897 1444827814.044600 38.503296 111.09375 -125.610352 3.697815 -4.177551 0.481262
21898 1444827814.054702 38.464325 111.09375 -125.610352 3.687744 -4.161072 0.503296
21899 1444827814.064814 38.542267 111.180542 -125.823975 3.690491 -4.153748 0.495758
21900 1444827814.074870 38.503296 110.87677 -125.87738 3.685913 -4.178467 0.495758
21901 1444827814.084932 38.464325 111.137146 -126.091003 3.68866 -4.176636 0.507355
21902 1444827814.094997 38.542267 111.09375 -126.678467 3.685913 -4.177551 0.500977
21903 1444827814.105059 38.542267 111.09375 -126.251221 3.683167 -4.168396 0.503296
21904 1444827814.115123 38.503296 111.050354 -126.89209 3.681335 -4.171143 0.494019
21905 1444827814.125190 38.503296 111.09375 -126.838684 3.681335 -4.177551 0.4888
21906 1444827814.135254 38.542267 111.137146 -126.731873 3.671265 -4.160156 0.492279
21907 1444827814.145315 38.542267 111.180542 -127.105713 3.673096 -4.168396 0.479523
21908 1444827814.155360 38.425354 111.223938 -127.052307 3.679504 -4.160156 0.473724
21909 1444827814.165420 38.620209 111.137146 -126.945496 3.674927 -4.169312 0.477203
21910 1444827814.175555 38.464325 111.223938 -127.052307 3.682251 -4.164734 0.469086
21911 1444827814.185618 38.191528 111.180542 -126.464844 3.693237 -4.152832 0.473724
21912 1444827814.195681 38.425354 111.223938 -126.251221 3.695984 -4.174805 0.480103
21913 1444827814.205767 38.347412 110.920166 -126.197815 3.701477 -4.169312 0.476044
21914 1444827814.215831 38.620209 111.137146 -126.037598 3.700562 -4.176636 0.48822
21915 1444827814.225894 38.386383 111.09375 -125.663757 3.703308 -4.172974 0.48764
21916 1444827814.235957 38.503296 111.09375 -125.930786 3.70697 -4.164734 0.484161
21917 1444827814.246021 38.425354 111.006958 -125.984192 3.695068 -4.160156 0.491699
21918 1444827814.256155 38.425354 110.920166 -125.663757 3.68866 -4.144592 0.500397
21919 1444827814.266217 38.347412 111.050354 -126.144409 3.681335 -4.143677 0.500977
21920 1444827814.276309 38.503296 111.050354 -126.197815 3.684998 -4.161072 0.500397
21921 1444827814.286346 38.542267 110.963562 -126.304626 3.677673 -4.146423 0.507355
21922 1444827814.296429 38.581238 110.963562 -126.678467 3.678589 -4.155579 0.527069
21923 1444827814.306495 38.581238 110.833374 -126.411438 3.676758 -4.14917 0.536926
21924 1444827814.316559 38.620209 111.006958 -127.212524 3.674011 -4.162903 0.534607
21925 1444827814.326622 38.581238 111.180542 -126.89209 3.660278 -4.177551 0.505615
21926 1444827814.336691 38.581238 111.223938 -126.785278 3.66394 -4.182129 0.49054
21927 1444827814.346754 38.503296 111.397522 -127.319336 3.652954 -4.18396 0.477783
21928 1444827814.356833 38.542267 111.354126 -126.571655 3.679504 -4.193115 0.444153
21929 1444827814.366941 38.542267 111.223938 -126.411438 3.686829 -4.189453 0.444733
21930 1444827814.377001 38.347412 111.223938 -125.663757 3.711548 -4.191284 0.441254
21931 1444827814.387070 38.464325 111.137146 -125.50354 3.733521 -4.205017 0.438354
21932 1444827814.397133 38.464325 110.963562 -125.236511 3.742676 -4.195862 0.452271
21933 1444827814.407224 38.425354 111.006958 -125.343323 3.739929 -4.201355 0.460388
21934 1444827814.417258 38.26947 110.87677 -125.450134 3.734436 -4.201355 0.45285
21935 1444827814.427322 38.425354 111.006958 -125.984192 3.720703 -4.196777 0.469086
21936 1444827814.437388 38.542267 111.180542 -126.51825 3.674927 -4.184875 0.491699
21937 1444827814.447453 38.698151 111.267334 -126.998901 3.656616 -4.197693 0.491699
21938 1444827814.457542 38.776093 111.267334 -127.372742 3.642883 -4.193115 0.499237
21939 1444827814.467668 38.620209 111.180542 -127.586365 3.63739 -4.179382 0.516052
21940 1444827814.477730 38.65918 111.09375 -127.426147 3.64563 -4.17572 0.518372
21941 1444827814.487792 38.581238 110.87677 -127.159119 3.644714 -4.161987 0.540405
21942 1444827814.497856 38.503296 110.920166 -126.785278 3.671265 -4.171143 0.528229
21943 1444827814.507939 38.815063 110.920166 -126.731873 3.673096 -4.164734 0.530548
21944 1444827814.518085 38.581238 110.789978 -126.411438 3.691406 -4.170227 0.52417
21945 1444827814.528178 38.776093 110.963562 -126.144409 3.695984 -4.18396 0.505035
21946 1444827814.538311 38.425354 110.963562 -126.197815 3.694153 -4.187622 0.49054
21947 1444827814.548372 38.503296 111.006958 -125.717163 3.695068 -4.189453 0.474304
21948 1444827814.558572 38.620209 111.137146 -125.930786 3.694153 -4.204102 0.462708
21949 1444827814.568641 38.464325 111.180542 -125.984192 3.696899 -4.200439 0.440674
21950 1444827814.578705 38.542267 111.354126 -125.87738 3.707886 -4.202271 0.445312
21951 1444827814.588778 38.425354 111.223938 -125.770569 3.709717 -4.207764 0.441833
21952 1444827814.598983 38.347412 111.137146 -126.091003 3.718872 -4.190369 0.444153
21953 1444827814.609048 38.308441 111.006958 -126.037598 3.719788 -4.184875 0.457489
21954 1444827814.619118 38.425354 111.006958 -126.251221 3.71521 -4.172974 0.476044
21955 1444827814.629234 38.542267 111.050354 -126.89209 3.695984 -4.179382 0.473724
21956 1444827814.639340 38.464325 110.963562 -126.945496 3.684082 -4.165649 0.48996
21957 1444827814.649401 38.698151 111.267334 -127.586365 3.668518 -4.172974 0.496338
21958 1444827814.659508 38.386383 111.137146 -127.426147 3.644714 -4.163818 0.500977
21959 1444827814.669570 38.620209 111.180542 -127.639771 3.641968 -4.170227 0.507355
21960 1444827814.679632 38.503296 111.09375 -127.586365 3.638306 -4.159241 0.512573
21961 1444827814.689693 38.620209 111.09375 -127.319336 3.638306 -4.150085 0.521851
21962 1444827814.699754 38.464325 111.09375 -127.212524 3.649292 -4.152832 0.517212
21963 1444827814.709815 38.464325 110.87677 -126.304626 3.676758 -4.151001 0.516052
21964 1444827814.719878 38.503296 110.920166 -125.823975 3.702393 -4.151917 0.514893
21965 1444827814.729940 38.425354 110.920166 -125.663757 3.713379 -4.159241 0.510254
21966 1444827814.740027 38.542267 110.87677 -125.1297 3.722534 -4.160156 0.493439
21967 1444827814.750088 38.464325 110.87677 -125.1297 3.728027 -4.159241 0.476624
21968 1444827814.760151 38.425354 111.050354 -125.289917 3.724365 -4.171143 0.474884
21969 1444827814.770185 38.308441 111.050354 -125.556946 3.708801 -4.164734 0.459229
21970 1444827814.780250 38.347412 110.920166 -125.663757 3.699646 -4.18396 0.448212
21971 1444827814.790313 38.425354 111.31073 -126.411438 3.694153 -4.18396 0.446472
21972 1444827814.800374 38.386383 111.440918 -126.571655 3.696899 -4.182129 0.451111
21973 1444827814.810443 38.503296 111.137146 -127.105713 3.684082 -4.185791 0.452271
21974 1444827814.820525 38.542267 111.180542 -127.105713 3.682251 -4.17572 0.476624
21975 1444827814.830560 38.65918 111.354126 -127.26593 3.689575 -4.174805 0.474884
21976 1444827814.840623 38.542267 111.223938 -127.426147 3.676758 -4.165649 0.492859
21977 1444827814.850685 38.620209 111.137146 -127.639771 3.669434 -4.161987 0.500977
21978 1444827814.860748 38.425354 110.920166 -127.426147 3.661194 -4.163818 0.502136
21979 1444827814.870876 38.581238 111.137146 -127.319336 3.652954 -4.166565 0.510834
21980 1444827814.880937 38.542267 111.137146 -127.159119 3.651123 -4.166565 0.507935
21981 1444827814.890999 38.464325 111.180542 -126.998901 3.657532 -4.161987 0.515472
21982 1444827814.901060 38.503296 111.050354 -126.51825 3.664856 -4.171143 0.503296
21983 1444827814.911121 38.581238 111.137146 -126.091003 3.677673 -4.172974 0.508514
21984 1444827814.921290 38.425354 110.87677 -125.289917 3.696899 -4.173889 0.502136
21985 1444827814.931354 38.503296 110.920166 -125.343323 3.70697 -4.174805 0.499817
21986 1444827814.941420 38.386383 110.789978 -124.649048 3.727112 -4.178467 0.493439
21987 1444827814.951480 38.503296 110.87677 -124.755859 3.728943 -4.187622 0.487061
21988 1444827814.961553 38.386383 110.87677 -124.916077 3.735352 -4.182129 0.476624
21989 1444827814.971613 38.503296 111.006958 -125.450134 3.722534 -4.194946 0.473724
21990 1444827814.981676 38.542267 111.137146 -126.251221 3.700562 -4.199524 0.466187
21991 1444827814.991737 38.542267 111.050354 -126.464844 3.684082 -4.208679 0.45459
21992 1444827815.001778 38.65918 111.440918 -127.212524 3.678589 -4.203186 0.456909
21993 1444827815.011841 38.620209 111.31073 -127.693176 3.664856 -4.1922 0.462128
21994 1444827815.021904 38.698151 111.267334 -127.693176 3.662109 -4.195862 0.473724
21995 1444827815.031967 38.503296 111.354126 -128.173828 3.660278 -4.196777 0.483002
21996 1444827815.042079 38.581238 110.920166 -127.746582 3.663025 -4.180298 0.48764
21997 1444827815.052144 38.65918 111.223938 -127.479553 3.674927 -4.179382 0.503296
21998 1444827815.062233 38.542267 111.006958 -127.372742 3.67218 -4.179382 0.494598
21999 1444827815.072292 38.698151 111.006958 -127.159119 3.667603 -4.169312 0.509674
22000 1444827815.082352 38.581238 111.223938 -127.105713 3.679504 -4.17572 0.503296
22001 1444827815.092390 38.542267 111.137146 -126.411438 3.677673 -4.179382 0.507355
22002 1444827815.102453 38.620209 110.963562 -126.197815 3.674011 -4.165649 0.503296
22003 1444827815.112489 38.386383 111.050354 -125.663757 3.690491 -4.166565 0.502716
22004 1444827815.122557 38.26947 110.920166 -125.236511 3.687744 -4.171143 0.49054
22005 1444827815.132618 38.503296 110.963562 -125.236511 3.707886 -4.178467 0.491119
22006 1444827815.142681 38.425354 110.920166 -124.969482 3.710632 -4.170227 0.496338
22007 1444827815.152743 38.347412 110.920166 -124.916077 3.722534 -4.178467 0.48822
22008 1444827815.162814 38.347412 110.963562 -125.183105 3.725281 -4.166565 0.487061
22009 1444827815.172873 38.425354 111.006958 -125.343323 3.724365 -4.174805 0.481262
22010 1444827815.182918 38.386383 111.050354 -126.091003 3.706055 -4.164734 0.48764
22011 1444827815.192979 38.581238 111.09375 -126.411438 3.69873 -4.170227 0.474304
22012 1444827815.203045 38.581238 111.223938 -127.159119 3.679504 -4.165649 0.478943
22013 1444827815.213108 38.698151 111.354126 -127.853394 3.663025 -4.163818 0.479523
22014 1444827815.223175 38.464325 111.397522 -127.799988 3.652954 -4.168396 0.479523
22015 1444827815.233237 38.620209 111.31073 -128.227234 3.651123 -4.153748 0.48764
22016 1444827815.243300 38.698151 111.267334 -127.746582 3.652039 -4.162903 0.485901
22017 1444827815.253390 38.425354 111.223938 -127.159119 3.664856 -4.138184 0.502716
22018 1444827815.263421 38.425354 111.137146 -126.998901 3.671265 -4.138184 0.502136
22019 1444827815.273481 38.347412 111.006958 -126.251221 3.684082 -4.125366 0.509674
22020 1444827815.283541 38.386383 110.87677 -125.823975 3.704224 -4.138184 0.514893
22021 1444827815.293602 38.26947 110.789978 -125.289917 3.71521 -4.159241 0.513153
22022 1444827815.303670 38.308441 110.746582 -124.969482 3.721619 -4.161987 0.509094
22023 1444827815.313739 38.26947 110.87677 -125.396729 3.717957 -4.163818 0.506775
22024 1444827815.323919 38.347412 110.833374 -125.556946 3.705139 -4.170227 0.492279
22025 1444827815.333980 38.386383 111.006958 -125.984192 3.695984 -4.172974 0.482422
22026 1444827815.344043 38.65918 111.354126 -126.51825 3.685913 -4.165649 0.477783
22027 1444827815.354117 38.581238 111.180542 -126.731873 3.681335 -4.162903 0.467926
22028 1444827815.364130 38.542267 111.223938 -127.159119 3.674927 -4.15741 0.470825
22029 1444827815.374198 38.737122 111.180542 -127.159119 3.68042 -4.166565 0.463867
22030 1444827815.384260 38.698151 111.31073 -127.319336 3.676758 -4.16748 0.469666
22031 1444827815.394322 38.698151 111.137146 -127.212524 3.689575 -4.173889 0.473724
22032 1444827815.404380 38.620209 111.006958 -127.105713 3.683167 -4.18396 0.484741
22033 1444827815.414418 38.581238 111.09375 -127.26593 3.686829 -4.199524 0.49054
22034 1444827815.424476 38.464325 111.006958 -127.105713 3.684082 -4.207764 0.493439
22035 1444827815.434538 38.503296 110.920166 -126.785278 3.681335 -4.208679 0.494598
22036 1444827815.444599 38.581238 111.09375 -126.731873 3.681335 -4.205017 0.496338
22037 1444827815.454664 38.503296 111.09375 -126.678467 3.677673 -4.194946 0.497498
22038 1444827815.464681 38.581238 111.050354 -126.304626 3.674927 -4.183044 0.500977
22039 1444827815.474755 38.737122 111.180542 -126.091003 3.684082 -4.184875 0.498077
22040 1444827815.484920 38.65918 111.006958 -125.823975 3.68866 -4.174805 0.503876
22041 1444827815.494982 38.503296 110.920166 -125.236511 3.702393 -4.183044 0.498657
22042 1444827815.505146 38.65918 110.963562 -125.556946 3.705139 -4.187622 0.506195
22043 1444827815.515190 38.542267 110.963562 -125.396729 3.711548 -4.182129 0.507935
22044 1444827815.525254 38.542267 110.920166 -125.610352 3.716125 -4.205933 0.495178
22045 1444827815.535382 38.503296 110.963562 -125.717163 3.707886 -4.207764 0.494598
22046 1444827815.545444 38.581238 110.920166 -126.358032 3.694153 -4.215088 0.484161
22047 1444827815.555514 38.620209 111.180542 -126.358032 3.694153 -4.215088 0.481262
22048 1444827815.565576 38.581238 111.31073 -127.105713 3.682251 -4.21051 0.476624
22049 1444827815.575649 38.620209 111.223938 -127.212524 3.674011 -4.209595 0.468506
22050 1444827815.585710 38.698151 111.223938 -127.479553 3.667603 -4.1922 0.467346
22051 1444827815.595779 38.698151 111.223938 -127.586365 3.669434 -4.185791 0.474884
22052 1444827815.605861 38.698151 111.267334 -127.532959 3.674927 -4.178467 0.477783
22053 1444827815.615922 38.581238 111.137146 -127.319336 3.68042 -4.180298 0.481262
22054 1444827815.625980 38.581238 111.180542 -127.212524 3.685913 -4.183044 0.486481
22055 1444827815.636025 38.542267 111.137146 -126.785278 3.692322 -4.191284 0.48822
22056 1444827815.646102 38.464325 111.050354 -126.731873 3.695984 -4.179382 0.491119
22057 1444827815.656188 38.581238 111.050354 -126.304626 3.692322 -4.185791 0.493439
22058 1444827815.666224 38.425354 111.050354 -126.091003 3.694153 -4.184875 0.492279
22059 1444827815.676291 38.26947 111.006958 -125.823975 3.687744 -4.169312 0.501556
22060 1444827815.686349 38.542267 111.09375 -125.87738 3.700562 -4.163818 0.4888
22061 1444827815.696418 38.425354 111.006958 -125.236511 3.692322 -4.161072 0.492859
22062 1444827815.706495 38.230499 110.87677 -125.610352 3.696899 -4.147339 0.507355
22063 1444827815.716553 38.581238 110.963562 -125.663757 3.707886 -4.152832 0.4888
22064 1444827815.726609 38.386383 110.833374 -125.50354 3.700562 -4.140015 0.499817
22065 1444827815.736667 38.386383 111.006958 -125.984192 3.703308 -4.135437 0.495758
22066 1444827815.746725 38.464325 110.746582 -125.984192 3.702393 -4.150085 0.487061
22067 1444827815.756897 38.464325 111.09375 -126.571655 3.695068 -4.15741 0.485901
22068 1444827815.766971 38.386383 111.180542 -126.998901 3.690491 -4.163818 0.481262
22069 1444827815.777073 38.347412 111.09375 -127.052307 3.676758 -4.162903 0.476044
22070 1444827815.787227 38.425354 111.31073 -127.693176 3.670349 -4.172058 0.477783
22071 1444827815.797357 38.425354 111.267334 -127.532959 3.662109 -4.17572 0.470245
22072 1444827815.807434 38.581238 111.267334 -127.639771 3.669434 -4.161987 0.476624
22073 1444827815.817494 38.464325 111.180542 -127.479553 3.670349 -4.151001 0.476624
22074 1444827815.827573 38.425354 111.137146 -127.105713 3.679504 -4.154663 0.484161
22075 1444827815.837621 38.542267 111.050354 -126.625061 3.689575 -4.148254 0.484161
22076 1444827815.847689 38.464325 111.050354 -126.51825 3.691406 -4.147339 0.48822
22077 1444827815.857765 38.26947 110.963562 -126.251221 3.703308 -4.151001 0.486481
22078 1444827815.867843 38.464325 111.09375 -125.930786 3.697815 -4.161072 0.500397
22079 1444827815.877902 38.26947 111.006958 -125.610352 3.702393 -4.164734 0.497498
22080 1444827815.887994 38.464325 110.963562 -125.823975 3.694153 -4.172058 0.48938
22081 1444827815.898075 38.425354 111.006958 -125.87738 3.690491 -4.172974 0.494598
22082 1444827815.908258 38.308441 110.920166 -125.717163 3.696899 -4.170227 0.492279
22083 1444827815.918296 38.581238 111.223938 -125.823975 3.69873 -4.170227 0.499817
22084 1444827815.928358 38.503296 111.006958 -126.144409 3.693237 -4.168396 0.478943
22085 1444827815.938420 38.308441 110.963562 -126.037598 3.697815 -4.164734 0.495758
22086 1444827815.948483 38.737122 111.137146 -126.571655 3.693237 -4.179382 0.491699
22087 1444827815.958551 38.620209 111.09375 -126.731873 3.693237 -4.176636 0.481842
22088 1444827815.968669 38.542267 111.180542 -126.89209 3.690491 -4.187622 0.483002
22089 1444827815.978761 38.698151 111.137146 -127.372742 3.674927 -4.186707 0.485901
22090 1444827815.988825 38.620209 111.267334 -127.426147 3.673096 -4.203186 0.481262
22091 1444827815.998887 38.620209 111.31073 -127.159119 3.678589 -4.206848 0.475464
22092 1444827816.008958 38.620209 111.223938 -127.426147 3.666687 -4.208679 0.477783
22093 1444827816.019057 38.581238 111.223938 -127.212524 3.675842 -4.211426 0.475464
22094 1444827816.029119 38.620209 111.050354 -126.89209 3.683167 -4.205933 0.481262
22095 1444827816.039184 38.65918 111.137146 -126.838684 3.68866 -4.197693 0.485901
22096 1444827816.049246 38.65918 111.180542 -126.358032 3.69873 -4.196777 0.482422
22097 1444827816.059338 38.581238 110.87677 -126.144409 3.694153 -4.1922 0.48938
22098 1444827816.069430 38.65918 111.006958 -126.091003 3.703308 -4.187622 0.495758
22099 1444827816.079506 38.542267 110.963562 -125.663757 3.708801 -4.189453 0.494598
22100 1444827816.089567 38.542267 110.833374 -125.50354 3.704224 -4.193115 0.493439
22101 1444827816.099630 38.503296 110.963562 -125.823975 3.701477 -4.191284 0.502136
22102 1444827816.109694 38.464325 110.920166 -125.770569 3.700562 -4.197693 0.492859
22103 1444827816.119767 38.620209 111.050354 -125.984192 3.695984 -4.194031 0.495178
22104 1444827816.129824 38.503296 111.006958 -125.984192 3.685913 -4.191284 0.496918
22105 1444827816.139894 38.503296 111.006958 -126.411438 3.683167 -4.185791 0.494598
22106 1444827816.149956 38.503296 111.050354 -126.678467 3.681335 -4.185791 0.496338
22107 1444827816.160031 38.737122 111.137146 -127.212524 3.678589 -4.186707 0.491119
22108 1444827816.170097 38.542267 111.006958 -127.052307 3.677673 -4.179382 0.48764
22109 1444827816.180158 38.542267 111.180542 -127.052307 3.686829 -4.176636 0.484161
22110 1444827816.190220 38.620209 111.137146 -127.159119 3.681335 -4.178467 0.485321
22111 1444827816.200281 38.542267 111.006958 -127.159119 3.679504 -4.180298 0.482422
22112 1444827816.210360 38.347412 111.09375 -126.785278 3.681335 -4.176636 0.481262
22113 1444827816.220423 38.581238 111.223938 -127.052307 3.684082 -4.177551 0.480682
22114 1444827816.230485 38.425354 111.137146 -126.785278 3.682251 -4.177551 0.478943
22115 1444827816.240546 38.308441 111.050354 -126.464844 3.682251 -4.169312 0.480103
22116 1444827816.250606 38.347412 111.050354 -126.411438 3.690491 -4.166565 0.487061
22117 1444827816.260686 38.503296 111.137146 -126.251221 3.695984 -4.163818 0.486481
22118 1444827816.270749 38.26947 111.006958 -125.823975 3.700562 -4.155579 0.492859
22119 1444827816.280813 38.308441 110.920166 -126.144409 3.696899 -4.141846 0.495178
22120 1444827816.290874 38.308441 110.746582 -125.610352 3.69873 -4.152832 0.496918
22121 1444827816.300935 38.425354 110.833374 -125.556946 3.695984 -4.148254 0.504456
22122 1444827816.310998 38.425354 110.963562 -125.984192 3.692322 -4.158325 0.502716
22123 1444827816.321060 38.230499 110.833374 -125.87738 3.685913 -4.138184 0.502136
22124 1444827816.331123 38.308441 110.963562 -126.251221 3.687744 -4.151001 0.500397
22125 1444827816.341190 38.425354 111.050354 -126.731873 3.68042 -4.163818 0.498657
22126 1444827816.351256 38.620209 110.963562 -126.625061 3.68042 -4.162903 0.48996
22127 1444827816.361341 38.503296 111.31073 -126.625061 3.679504 -4.150085 0.502136
22128 1444827816.371437 38.425354 111.137146 -127.105713 3.684082 -4.169312 0.483002
22129 1444827816.381499 38.464325 111.006958 -126.945496 3.678589 -4.154663 0.492279
22130 1444827816.391611 38.65918 111.050354 -127.052307 3.684998 -4.165649 0.487061
22131 1444827816.401675 38.581238 111.137146 -126.785278 3.685913 -4.162903 0.479523
22132 1444827816.411725 38.542267 111.180542 -127.052307 3.692322 -4.163818 0.485901
22133 1444827816.421879 38.542267 111.137146 -126.731873 3.687744 -4.168396 0.481842
22134 1444827816.431967 38.347412 111.137146 -126.785278 3.683167 -4.172974 0.484741
22135 1444827816.442028 38.503296 111.137146 -126.358032 3.691406 -4.180298 0.469086
22136 1444827816.452095 38.308441 111.09375 -126.037598 3.693237 -4.170227 0.48822
22137 1444827816.462157 38.620209 110.963562 -126.144409 3.68866 -4.186707 0.48764
22138 1444827816.472236 38.503296 111.050354 -125.87738 3.695068 -4.188538 0.483582
22139 1444827816.482335 38.386383 111.006958 -125.770569 3.697815 -4.187622 0.493439
22140 1444827816.492397 38.503296 111.050354 -126.197815 3.694153 -4.178467 0.495758
22141 1444827816.502532 38.503296 110.920166 -125.87738 3.701477 -4.182129 0.498657
22142 1444827816.512611 38.620209 110.920166 -125.823975 3.695984 -4.185791 0.502716
22143 1444827816.522729 38.620209 111.137146 -126.197815 3.695984 -4.179382 0.496338
22144 1444827816.532850 38.464325 111.09375 -126.51825 3.684998 -4.183044 0.503296
22145 1444827816.542912 38.65918 110.65979 -126.51825 3.675842 -4.190369 0.493439
22146 1444827816.553015 38.65918 110.833374 -126.571655 3.678589 -4.183044 0.494019
22147 1444827816.563077 38.542267 111.267334 -126.838684 3.68042 -4.194946 0.496338
22148 1444827816.573285 38.581238 111.137146 -126.785278 3.68042 -4.200439 0.483002
22149 1444827816.583347 38.970947 111.050354 -126.678467 3.683167 -4.199524 0.48764
22150 1444827816.593409 38.65918 111.180542 -127.052307 3.684998 -4.208679 0.480682
22151 1444827816.603483 38.581238 111.137146 -126.785278 3.687744 -4.21051 0.481262
22152 1444827816.613545 38.65918 110.87677 -126.625061 3.68866 -4.206848 0.470825
22153 1444827816.623571 38.581238 111.180542 -126.571655 3.694153 -4.21051 0.481842
22154 1444827816.633661 38.620209 111.223938 -126.571655 3.69873 -4.201355 0.473724
22155 1444827816.643722 38.737122 111.006958 -126.358032 3.697815 -4.198608 0.471985
22156 1444827816.653784 38.542267 111.09375 -126.411438 3.693237 -4.1922 0.480682
22157 1444827816.663868 38.464325 111.09375 -126.304626 3.696899 -4.189453 0.48938
22158 1444827816.673908 38.464325 110.963562 -126.037598 3.695068 -4.189453 0.480103
22159 1444827816.683943 38.698151 111.223938 -126.144409 3.69873 -4.198608 0.487061
22160 1444827816.694007 38.425354 111.006958 -126.304626 3.68866 -4.188538 0.483582
22161 1444827816.704091 38.503296 111.006958 -125.984192 3.69873 -4.17572 0.495758
22162 1444827816.714156 38.503296 111.137146 -126.51825 3.695068 -4.177551 0.496338
22163 1444827816.724217 38.776093 111.137146 -126.464844 3.691406 -4.184875 0.499817
22164 1444827816.734281 38.503296 111.137146 -126.304626 3.684082 -4.180298 0.48996
22165 1444827816.744349 38.425354 111.137146 -126.838684 3.683167 -4.166565 0.499237
22166 1444827816.754486 38.698151 111.050354 -126.625061 3.682251 -4.16748 0.484161
22167 1444827816.764710 38.464325 111.006958 -126.625061 3.678589 -4.162903 0.49054
22168 1444827816.774820 38.503296 111.09375 -126.838684 3.677673 -4.173889 0.477783
22169 1444827816.784882 38.65918 111.09375 -126.411438 3.684082 -4.168396 0.48996
22170 1444827816.794952 38.542267 111.09375 -126.89209 3.684998 -4.172974 0.474884
22171 1444827816.805022 38.464325 111.223938 -126.51825 3.695984 -4.174805 0.480682
22172 1444827816.815089 38.425354 111.137146 -126.785278 3.694153 -4.176636 0.470245
22173 1444827816.825154 38.542267 111.09375 -126.625061 3.692322 -4.164734 0.484741
22174 1444827816.835220 38.425354 111.180542 -126.411438 3.704224 -4.152832 0.476044
22175 1444827816.845282 38.503296 110.963562 -126.358032 3.693237 -4.162903 0.482422
22176 1444827816.855354 38.542267 111.050354 -126.625061 3.686829 -4.155579 0.48938
22177 1444827816.865417 38.464325 111.137146 -126.358032 3.695984 -4.168396 0.481842
22178 1444827816.875480 38.386383 111.006958 -126.304626 3.685913 -4.151001 0.484741
22179 1444827816.885565 38.542267 110.920166 -126.251221 3.68042 -4.159241 0.496338
22180 1444827816.895629 38.308441 111.006958 -126.411438 3.684082 -4.165649 0.48764
22181 1444827816.905717 38.425354 110.920166 -126.144409 3.693237 -4.153748 0.497498
22182 1444827816.915846 38.620209 111.050354 -126.411438 3.685913 -4.154663 0.492859
22183 1444827816.925907 38.26947 111.09375 -126.411438 3.693237 -4.163818 0.493439
22184 1444827816.935968 38.464325 111.09375 -126.464844 3.684082 -4.160156 0.500977
22185 1444827816.946033 38.581238 110.833374 -126.51825 3.682251 -4.161072 0.48938
22186 1444827816.956095 38.425354 111.137146 -126.571655 3.686829 -4.164734 0.499237
22187 1444827816.966154 38.464325 111.09375 -126.571655 3.681335 -4.169312 0.48822
22188 1444827816.976215 38.581238 110.920166 -126.358032 3.682251 -4.162903 0.483582
22189 1444827816.986277 38.581238 111.09375 -126.571655 3.694153 -4.173889 0.481262
22190 1444827816.996339 38.464325 111.137146 -126.571655 3.679504 -4.173889 0.48822
22191 1444827817.006401 38.425354 111.137146 -126.625061 3.694153 -4.17572 0.470825
22192 1444827817.016463 38.581238 111.137146 -126.464844 3.695068 -4.188538 0.481262
22193 1444827817.026528 38.581238 111.137146 -126.625061 3.690491 -4.18396 0.48822
22194 1444827817.036589 38.503296 111.050354 -126.51825 3.699646 -4.188538 0.466187
22195 1444827817.046627 38.464325 111.137146 -126.304626 3.693237 -4.180298 0.484741
22196 1444827817.056690 38.542267 111.09375 -126.51825 3.694153 -4.188538 0.487061
22197 1444827817.066779 38.581238 111.050354 -126.411438 3.690491 -4.187622 0.48764
22198 1444827817.076841 38.620209 111.09375 -126.411438 3.68866 -4.18396 0.495178
22199 1444827817.086902 38.503296 111.006958 -126.358032 3.68866 -4.189453 0.484741
22200 1444827817.096987 38.581238 111.006958 -126.51825 3.682251 -4.189453 0.496338
22201 1444827817.107053 38.815063 111.09375 -126.51825 3.681335 -4.183044 0.502136
22202 1444827817.117113 38.581238 111.050354 -126.51825 3.690491 -4.189453 0.493439
22203 1444827817.127176 38.425354 110.963562 -126.144409 3.684998 -4.183044 0.507355
22204 1444827817.137239 38.815063 111.050354 -126.464844 3.68866 -4.197693 0.485901
22205 1444827817.147303 38.542267 111.050354 -126.304626 3.693237 -4.188538 0.498657
22206 1444827817.157425 38.581238 110.920166 -126.251221 3.691406 -4.184875 0.494598
22207 1444827817.167487 38.620209 111.050354 -126.411438 3.689575 -4.196777 0.491699
22208 1444827817.177552 38.620209 111.006958 -126.304626 3.68866 -4.187622 0.4888
22209 1444827817.187607 38.65918 111.137146 -126.411438 3.690491 -4.194031 0.482422
22210 1444827817.197671 38.542267 111.180542 -126.411438 3.692322 -4.189453 0.481262
22211 1444827817.207776 38.503296 111.180542 -126.51825 3.692322 -4.184875 0.487061
22212 1444827817.217837 38.698151 111.223938 -126.411438 3.691406 -4.193115 0.481262
22213 1444827817.227924 38.65918 111.137146 -126.358032 3.695984 -4.185791 0.470825
22214 1444827817.238069 38.620209 111.223938 -126.571655 3.687744 -4.184875 0.478363
22215 1444827817.248132 38.581238 111.137146 -126.251221 3.699646 -4.197693 0.447052
22216 1444827817.258193 38.503296 111.180542 -126.197815 3.68866 -4.187622 0.463287
22217 1444827817.268255 38.542267 111.09375 -125.984192 3.706055 -4.188538 0.45575
22218 1444827817.278319 38.386383 110.920166 -126.144409 3.707886 -4.174805 0.481842
22219 1444827817.288381 38.386383 110.789978 -126.197815 3.709717 -4.162903 0.503876
22220 1444827817.298442 38.542267 111.006958 -126.358032 3.714294 -4.169312 0.495758
22221 1444827817.308526 38.347412 111.050354 -126.571655 3.690491 -4.150085 0.521271
22222 1444827817.318567 38.503296 111.006958 -127.052307 3.674927 -4.142761 0.52301
22223 1444827817.328681 38.581238 111.09375 -127.212524 3.650208 -4.151001 0.518372
22224 1444827817.338741 38.620209 111.267334 -127.372742 3.644714 -4.14917 0.514313
22225 1444827817.348811 38.542267 111.180542 -127.212524 3.646545 -4.14917 0.508514
22226 1444827817.358886 38.620209 111.006958 -127.105713 3.635559 -4.151917 0.511414
22227 1444827817.368949 38.65918 111.180542 -126.838684 3.665771 -4.153748 0.502716
22228 1444827817.379011 38.425354 111.050354 -126.51825 3.676758 -4.153748 0.502716
22229 1444827817.389082 38.308441 110.87677 -126.251221 3.68866 -4.151001 0.506775
22230 1444827817.399144 38.503296 110.87677 -125.663757 3.717041 -4.156494 0.48764
22231 1444827817.409246 38.308441 110.963562 -125.556946 3.733521 -4.161072 0.485321
22232 1444827817.419356 38.347412 110.833374 -125.450134 3.732605 -4.162903 0.482422
22233 1444827817.429418 38.65918 111.006958 -125.770569 3.731689 -4.165649 0.459808
22234 1444827817.439481 38.386383 111.006958 -125.984192 3.712463 -4.179382 0.45343
22235 1444827817.449543 38.308441 111.137146 -126.251221 3.705139 -4.168396 0.45575
22236 1444827817.459616 38.308441 111.31073 -126.678467 3.684082 -4.176636 0.448792
22237 1444827817.469677 38.503296 111.397522 -127.105713 3.674011 -4.172974 0.460388
22238 1444827817.479738 38.425354 111.31073 -126.89209 3.675842 -4.171143 0.471405
22239 1444827817.489812 38.542267 111.137146 -127.159119 3.683167 -4.171143 0.477783
22240 1444827817.499875 38.503296 111.180542 -127.212524 3.682251 -4.15741 0.503296
22241 1444827817.509959 38.65918 111.09375 -126.89209 3.689575 -4.164734 0.508514
22242 1444827817.520005 38.425354 111.050354 -126.945496 3.684998 -4.153748 0.517212
22243 1444827817.530131 38.425354 110.833374 -126.89209 3.675842 -4.14917 0.52417
22244 1444827817.540193 38.65918 110.963562 -126.998901 3.673096 -4.16748 0.516632
22245 1444827817.550256 38.425354 111.137146 -126.731873 3.670349 -4.160156 0.513733
22246 1444827817.560323 38.542267 111.180542 -126.731873 3.668518 -4.172058 0.498077
22247 1444827817.570386 38.503296 111.09375 -126.411438 3.670349 -4.170227 0.499237
22248 1444827817.580405 38.581238 111.223938 -126.304626 3.683167 -4.186707 0.48938
22249 1444827817.590480 38.503296 111.137146 -125.823975 3.696899 -4.191284 0.479523
22250 1444827817.600541 38.542267 111.223938 -125.610352 3.717041 -4.188538 0.475464
22251 1444827817.610602 38.620209 111.137146 -125.556946 3.721619 -4.179382 0.477203
22252 1444827817.620667 38.503296 111.050354 -125.50354 3.736267 -4.200439 0.460968
22253 1444827817.630755 38.386383 111.050354 -125.984192 3.727112 -4.194031 0.481842
22254 1444827817.640818 38.620209 111.137146 -125.823975 3.724365 -4.207764 0.45459
22255 1444827817.650907 38.542267 111.050354 -126.358032 3.707886 -4.193115 0.458649
22256 1444827817.660990 38.542267 111.267334 -126.89209 3.694153 -4.201355 0.469666
22257 1444827817.671060 38.620209 111.440918 -127.426147 3.677673 -4.199524 0.458649
22258 1444827817.681123 38.503296 111.137146 -127.479553 3.658447 -4.194031 0.467926
22259 1444827817.691185 38.737122 111.354126 -127.532959 3.662109 -4.198608 0.478943
22260 1444827817.701249 38.737122 111.354126 -127.693176 3.663025 -4.191284 0.484741
22261 1444827817.711305 38.542267 111.09375 -127.532959 3.663025 -4.173889 0.504456
22262 1444827817.721549 38.65918 111.006958 -127.052307 3.68042 -4.183044 0.499237
22263 1444827817.731613 38.698151 111.050354 -126.678467 3.683167 -4.173889 0.516052
22264 1444827817.741676 38.503296 110.87677 -126.51825 3.689575 -4.174805 0.511414
22265 1444827817.751738 38.503296 110.833374 -126.144409 3.695068 -4.168396 0.512573
22266 1444827817.761808 38.581238 111.006958 -126.037598 3.693237 -4.171143 0.511993
22267 1444827817.771871 38.464325 111.006958 -126.037598 3.689575 -4.172058 0.495178
22268 1444827817.781934 38.542267 111.180542 -125.610352 3.697815 -4.177551 0.487061
22269 1444827817.791995 38.581238 111.09375 -125.823975 3.695068 -4.176636 0.475464
22270 1444827817.802055 38.425354 111.006958 -125.770569 3.694153 -4.172974 0.483582
22271 1444827817.812118 38.542267 111.09375 -125.770569 3.708801 -4.184875 0.466187
22272 1444827817.822152 38.581238 111.137146 -125.823975 3.716125 -4.18396 0.465027
22273 1444827817.832250 38.386383 111.09375 -125.930786 3.720703 -4.172974 0.477783
22274 1444827817.842312 38.620209 110.963562 -126.251221 3.711548 -4.181213 0.467926
22275 1444827817.852390 38.620209 111.050354 -126.731873 3.708801 -4.172058 0.469666
22276 1444827817.862452 38.503296 111.223938 -127.052307 3.695984 -4.171143 0.476044
22277 1444827817.872513 38.425354 111.223938 -127.426147 3.681335 -4.165649 0.474304
22278 1444827817.882576 38.65918 111.354126 -127.693176 3.667603 -4.168396 0.469666
22279 1444827817.892665 38.347412 111.180542 -127.960205 3.652954 -4.160156 0.4888
22280 1444827817.902695 38.542267 111.223938 -127.746582 3.651123 -4.164734 0.487061
22281 1444827817.912792 38.503296 111.267334 -127.479553 3.660278 -4.159241 0.483002
22282 1444827817.922854 38.386383 111.267334 -127.319336 3.664856 -4.150085 0.499817
22283 1444827817.932917 38.542267 111.050354 -126.89209 3.682251 -4.159241 0.496338
22284 1444827817.942960 38.425354 111.006958 -126.304626 3.689575 -4.156494 0.513733
22285 1444827817.953023 38.425354 110.963562 -126.197815 3.699646 -4.151917 0.503876
22286 1444827817.963085 38.425354 110.833374 -125.610352 3.710632 -4.158325 0.491119
22287 1444827817.973147 38.308441 110.963562 -125.663757 3.713379 -4.154663 0.496338
22288 1444827817.983217 38.464325 110.920166 -125.556946 3.707886 -4.159241 0.484741
22289 1444827817.993277 38.503296 111.09375 -125.663757 3.704224 -4.16748 0.477783
22290 1444827818.003356 38.347412 111.223938 -125.717163 3.697815 -4.166565 0.479523
22291 1444827818.013418 38.425354 111.050354 -126.091003 3.693237 -4.174805 0.476624
22292 1444827818.023480 38.347412 111.137146 -126.144409 3.69873 -4.173889 0.475464
22293 1444827818.033542 38.503296 111.137146 -126.625061 3.695068 -4.178467 0.470245
22294 1444827818.043604 38.581238 111.180542 -126.838684 3.701477 -4.176636 0.473724
22295 1444827818.053690 38.503296 111.267334 -127.052307 3.696899 -4.172058 0.478363
22296 1444827818.063835 38.65918 111.006958 -126.998901 3.689575 -4.180298 0.480682
22297 1444827818.073896 38.542267 111.09375 -127.426147 3.682251 -4.169312 0.480682
22298 1444827818.083958 38.425354 111.09375 -127.639771 3.670349 -4.174805 0.491119
22299 1444827818.094021 38.737122 111.137146 -127.532959 3.665771 -4.186707 0.480103
22300 1444827818.104102 38.65918 111.180542 -127.372742 3.660278 -4.17572 0.48938
22301 1444827818.114164 38.620209 111.137146 -127.212524 3.669434 -4.182129 0.487061
22302 1444827818.124522 38.65918 111.354126 -126.785278 3.679504 -4.177551 0.492279
22303 1444827818.134644 38.581238 111.09375 -126.571655 3.682251 -4.183044 0.492279
22304 1444827818.144713 38.503296 110.920166 -126.037598 3.694153 -4.176636 0.492859
22305 1444827818.154768 38.503296 110.963562 -125.717163 3.708801 -4.182129 0.492279
22306 1444827818.164832 38.503296 110.87677 -125.450134 3.710632 -4.184875 0.501556
22307 1444827818.174891 38.386383 110.87677 -125.022888 3.722534 -4.173889 0.495178
22308 1444827818.184956 38.503296 110.87677 -125.1297 3.718872 -4.184875 0.483002
22309 1444827818.195018 38.347412 110.963562 -125.610352 3.71521 -4.180298 0.498077
22310 1444827818.205055 38.581238 111.050354 -125.556946 3.708801 -4.196777 0.465607
22311 1444827818.215118 38.542267 111.137146 -126.144409 3.694153 -4.184875 0.483002
22312 1444827818.225181 38.503296 111.050354 -126.678467 3.684998 -4.193115 0.473724
22313 1444827818.235242 38.815063 111.267334 -126.89209 3.684998 -4.195862 0.470245
22314 1444827818.245304 38.542267 111.180542 -127.052307 3.681335 -4.190369 0.475464
22315 1444827818.255459 38.542267 111.180542 -127.212524 3.676758 -4.185791 0.478943
22316 1444827818.265490 38.542267 111.223938 -127.372742 3.678589 -4.183044 0.479523
22317 1444827818.275552 38.581238 111.09375 -127.479553 3.675842 -4.18396 0.48822
22318 1444827818.285595 38.581238 111.180542 -127.426147 3.681335 -4.181213 0.481842
22319 1444827818.295669 38.503296 111.267334 -127.159119 3.678589 -4.173889 0.494019
22320 1444827818.305757 38.581238 111.006958 -127.052307 3.675842 -4.172058 0.486481
22321 1444827818.315853 38.620209 110.963562 -126.838684 3.677673 -4.179382 0.484741
22322 1444827818.325913 38.425354 111.050354 -126.625061 3.68042 -4.164734 0.494598
22323 1444827818.335979 38.581238 111.137146 -126.358032 3.686829 -4.17572 0.485901
22324 1444827818.346041 38.65918 111.09375 -125.87738 3.694153 -4.171143 0.480103
22325 1444827818.356104 38.425354 110.963562 -125.770569 3.694153 -4.162903 0.498077
22326 1444827818.366192 38.503296 110.920166 -125.343323 3.713379 -4.164734 0.485901
22327 1444827818.376255 38.347412 110.920166 -125.183105 3.71521 -4.158325 0.486481
22328 1444827818.386317 38.464325 111.050354 -125.50354 3.717957 -4.15741 0.495178
22329 1444827818.396377 38.347412 110.833374 -125.289917 3.721619 -4.165649 0.48938
22330 1444827818.406441 38.581238 110.920166 -125.770569 3.710632 -4.171143 0.48764
22331 1444827818.416503 38.308441 111.180542 -126.144409 3.697815 -4.160156 0.485321
22332 1444827818.426565 38.464325 111.09375 -126.144409 3.678589 -4.196777 0.474304
22333 1444827818.436628 38.464325 111.09375 -126.304626 3.683167 -4.195862 0.491699
22334 1444827818.446689 38.620209 111.180542 -126.51825 3.671265 -4.182129 0.4888
22335 1444827818.456771 38.347412 111.006958 -125.87738 3.677673 -4.190369 0.487061
22336 1444827818.466843 38.620209 110.87677 -126.037598 3.69873 -4.181213 0.500977
22337 1444827818.476926 38.65918 110.963562 -126.144409 3.719788 -4.15741 0.505035
22338 1444827818.486993 38.737122 110.746582 -126.304626 3.716125 -4.151917 0.502136
22339 1444827818.497058 38.698151 111.050354 -126.625061 3.703308 -4.139099 0.502716
22340 1444827818.507079 38.815063 111.180542 -127.372742 3.701477 -4.160156 0.495178
22341 1444827818.517144 38.542267 111.180542 -127.586365 3.687744 -4.170227 0.484741
22342 1444827818.527294 38.65918 111.484314 -128.120422 3.657532 -4.199524 0.465607
22343 1444827818.537354 38.65918 111.31073 -128.173828 3.646545 -4.220581 0.456909
22344 1444827818.547391 38.620209 111.484314 -128.494263 3.660278 -4.221497 0.459229
22345 1444827818.557479 38.776093 111.440918 -128.120422 3.666687 -4.220581 0.443573
22346 1444827818.567543 38.464325 111.267334 -127.532959 3.679504 -4.198608 0.459808
22347 1444827818.577604 38.464325 111.267334 -127.426147 3.683167 -4.191284 0.459229
22348 1444827818.587670 38.581238 111.006958 -127.052307 3.69873 -4.178467 0.465607
22349 1444827818.597733 38.581238 110.963562 -126.304626 3.716125 -4.161072 0.481262
22350 1444827818.607845 38.542267 110.87677 -125.87738 3.71521 -4.14093 0.492279
22351 1444827818.617906 38.503296 110.833374 -125.610352 3.722534 -4.129944 0.494598
22352 1444827818.627946 38.425354 110.703186 -125.183105 3.716125 -4.128113 0.507355
22353 1444827818.638009 38.425354 110.920166 -125.450134 3.712463 -4.139099 0.498657
22354 1444827818.648071 38.347412 110.963562 -125.396729 3.695068 -4.139099 0.505035
22355 1444827818.658156 38.191528 110.920166 -125.396729 3.683167 -4.151001 0.499237
22356 1444827818.668220 38.230499 111.006958 -126.037598 3.674927 -4.150085 0.511414
22357 1444827818.678282 38.26947 111.050354 -125.87738 3.674011 -4.151001 0.509094
22358 1444827818.688294 38.308441 110.963562 -125.984192 3.682251 -4.138184 0.503296
22359 1444827818.698361 38.347412 110.963562 -126.144409 3.693237 -4.130859 0.505035
22360 1444827818.708425 38.386383 111.050354 -126.51825 3.706055 -4.126282 0.505035
22361 1444827818.718485 38.542267 111.050354 -126.998901 3.706055 -4.119873 0.501556
22362 1444827818.728547 38.464325 110.963562 -127.159119 3.693237 -4.121704 0.484161
22363 1444827818.738607 38.425354 111.050354 -127.532959 3.683167 -4.123535 0.474304
22364 1444827818.748669 38.503296 111.397522 -128.013611 3.674927 -4.12262 0.480103
22365 1444827818.758733 38.425354 111.31073 -127.960205 3.661194 -4.147339 0.451111
22366 1444827818.768799 38.425354 111.440918 -127.853394 3.669434 -4.160156 0.449371
22367 1444827818.778861 38.152557 111.137146 -127.212524 3.674011 -4.155579 0.465607
22368 1444827818.788923 38.503296 111.180542 -127.052307 3.695984 -4.176636 0.467346
22369 1444827818.798988 38.347412 111.137146 -126.838684 3.703308 -4.161072 0.468506
22370 1444827818.809112 38.347412 110.87677 -125.770569 3.711548 -4.156494 0.485321
22371 1444827818.819171 38.26947 110.963562 -125.87738 3.712463 -4.141846 0.495178
22372 1444827818.829248 38.308441 110.703186 -125.556946 3.71521 -4.140015 0.502136
22373 1444827818.839311 38.620209 110.963562 -125.450134 3.710632 -4.135437 0.498657
22374 1444827818.849376 38.542267 111.006958 -125.50354 3.700562 -4.14093 0.503876
22375 1444827818.859457 38.425354 111.09375 -125.717163 3.695068 -4.151917 0.510834
22376 1444827818.869499 38.65918 110.920166 -125.984192 3.682251 -4.150085 0.501556
22377 1444827818.879561 38.503296 111.223938 -126.304626 3.676758 -4.156494 0.503296
22378 1444827818.889656 38.347412 111.180542 -126.464844 3.67218 -4.179382 0.496338
22379 1444827818.899751 38.65918 111.137146 -126.731873 3.670349 -4.187622 0.500397
22380 1444827818.909823 38.503296 110.963562 -126.625061 3.686829 -4.191284 0.491119
22381 1444827818.919854 38.65918 111.180542 -126.998901 3.695068 -4.193115 0.494019
22382 1444827818.929918 38.698151 111.09375 -126.838684 3.699646 -4.205933 0.457489
22383 1444827818.939979 38.581238 111.09375 -126.625061 3.708801 -4.194031 0.466187
22384 1444827818.950041 38.698151 111.09375 -127.159119 3.701477 -4.182129 0.476624
22385 1444827818.960115 38.776093 111.09375 -126.998901 3.701477 -4.189453 0.45285
22386 1444827818.970177 38.581238 111.180542 -127.105713 3.693237 -4.191284 0.467346
22387 1444827818.980243 38.698151 111.267334 -127.26593 3.677673 -4.200439 0.462128
22388 1444827818.990302 38.815063 111.223938 -127.372742 3.682251 -4.211426 0.465027
22389 1444827819.000330 38.542267 111.223938 -127.159119 3.676758 -4.199524 0.49054
22390 1444827819.010392 38.698151 111.223938 -127.052307 3.677673 -4.21051 0.484161
22391 1444827819.020454 38.542267 110.963562 -126.571655 3.678589 -4.203186 0.493439
22392 1444827819.030517 38.503296 110.920166 -126.358032 3.687744 -4.194031 0.506195
22393 1444827819.040544 38.542267 110.920166 -126.091003 3.693237 -4.181213 0.510254
22394 1444827819.050607 38.542267 110.920166 -125.823975 3.697815 -4.177551 0.516052
22395 1444827819.060671 38.503296 110.789978 -125.610352 3.69873 -4.172058 0.516632
22396 1444827819.070732 38.581238 110.833374 -125.610352 3.704224 -4.168396 0.508514
22397 1444827819.080794 38.620209 110.920166 -125.717163 3.701477 -4.163818 0.513153
22398 1444827819.090857 38.65918 111.050354 -125.984192 3.696899 -4.164734 0.493439
22399 1444827819.100920 38.464325 111.006958 -126.197815 3.687744 -4.161987 0.497498
22400 1444827819.111005 38.698151 111.223938 -126.571655 3.687744 -4.184875 0.480682
22401 1444827819.121067 38.386383 111.137146 -126.785278 3.684998 -4.181213 0.472565
22402 1444827819.131129 38.542267 111.267334 -126.945496 3.686829 -4.189453 0.473724
22403 1444827819.141190 38.503296 111.223938 -126.678467 3.693237 -4.183044 0.465607
22404 1444827819.151253 38.620209 111.180542 -126.998901 3.697815 -4.18396 0.467926
22405 1444827819.161326 38.542267 111.31073 -127.26593 3.696899 -4.169312 0.471985
22406 1444827819.171388 38.464325 111.09375 -126.89209 3.69873 -4.161072 0.462708
22407 1444827819.181452 38.464325 111.267334 -127.426147 3.694153 -4.141846 0.475464
22408 1444827819.191516 38.386383 111.180542 -127.052307 3.696899 -4.148254 0.467346
22409 1444827819.201576 38.698151 111.31073 -127.212524 3.684082 -4.147339 0.479523
22410 1444827819.211639 38.386383 111.137146 -126.945496 3.676758 -4.14093 0.478363
22411 1444827819.221703 38.308441 111.09375 -126.678467 3.678589 -4.14093 0.48764
22412 1444827819.231799 38.308441 111.050354 -126.411438 3.681335 -4.133606 0.494598
22413 1444827819.241843 38.386383 110.963562 -126.358032 3.685913 -4.140015 0.503296
22414 1444827819.251903 38.347412 111.050354 -125.823975 3.692322 -4.14093 0.501556
22415 1444827819.261950 38.386383 110.920166 -125.984192 3.695984 -4.13269 0.503296
22416 1444827819.272041 38.230499 110.920166 -125.343323 3.703308 -4.138184 0.503876
22417 1444827819.282137 38.425354 111.09375 -125.556946 3.717957 -4.146423 0.461548
22418 1444827819.292200 38.386383 111.006958 -125.1297 3.709717 -4.140015 0.465027
22419 1444827819.302263 38.425354 111.09375 -125.450134 3.716125 -4.144592 0.460388
22420 1444827819.312326 38.308441 111.006958 -125.663757 3.729858 -4.141846 0.471405
22421 1444827819.322389 38.230499 110.789978 -126.197815 3.716125 -4.133606 0.494019
22422 1444827819.332451 38.503296 110.963562 -126.51825 3.719788 -4.143677 0.48764
22423 1444827819.342552 38.425354 110.833374 -127.26593 3.683167 -4.136353 0.507355
22424 1444827819.352567 38.620209 111.180542 -127.639771 3.67218 -4.151001 0.508514
22425 1444827819.362671 38.503296 111.223938 -128.120422 3.649292 -4.148254 0.500977
22426 1444827819.372770 38.503296 111.31073 -128.707886 3.626404 -4.155579 0.507935
22427 1444827819.382838 38.65918 111.09375 -128.65448 3.62915 -4.166565 0.48996
22428 1444827819.392900 38.581238 111.397522 -128.013611 3.633728 -4.153748 0.505035
22429 1444827819.402979 38.464325 111.137146 -127.906799 3.651123 -4.155579 0.506775
22430 1444827819.413041 38.620209 111.223938 -126.464844 3.690491 -4.161987 0.496918
22431 1444827819.423104 38.503296 110.87677 -125.770569 3.710632 -4.160156 0.494019
22432 1444827819.433166 38.464325 110.789978 -125.076294 3.738098 -4.166565 0.486481
22433 1444827819.443229 38.542267 110.963562 -124.969482 3.744507 -4.168396 0.482422
22434 1444827819.453324 38.386383 110.87677 -124.649048 3.746338 -4.172974 0.480682
22435 1444827819.463397 38.386383 110.920166 -124.649048 3.74176 -4.193115 0.457489
22436 1444827819.473460 38.464325 111.006958 -125.289917 3.726196 -4.198608 0.465607
22437 1444827819.483524 38.503296 111.006958 -125.343323 3.706055 -4.197693 0.452271
22438 1444827819.493584 38.542267 111.267334 -125.87738 3.699646 -4.202271 0.457489
22439 1444827819.503647 38.581238 111.180542 -126.678467 3.687744 -4.196777 0.473724
22440 1444827819.513741 38.620209 111.050354 -126.89209 3.681335 -4.194031 0.469086
22441 1444827819.523803 38.737122 111.223938 -127.26593 3.686829 -4.186707 0.485901
22442 1444827819.533865 38.737122 111.09375 -127.532959 3.67218 -4.180298 0.498077
22443 1444827819.543926 38.815063 111.050354 -127.960205 3.677673 -4.184875 0.497498
22444 1444827819.553988 38.776093 111.137146 -127.960205 3.66394 -4.171143 0.511993
22445 1444827819.564073 38.776093 111.137146 -128.227234 3.662109 -4.174805 0.503296
22446 1444827819.574134 38.776093 111.267334 -128.013611 3.657532 -4.174805 0.505035
22447 1444827819.584194 38.65918 111.09375 -128.013611 3.650208 -4.177551 0.496338
22448 1444827819.594257 38.65918 111.223938 -127.372742 3.658447 -4.183044 0.48938
22449 1444827819.604305 38.503296 111.180542 -127.212524 3.667603 -4.18396 0.48938
22450 1444827819.614367 38.542267 111.09375 -126.51825 3.681335 -4.194031 0.486481
22451 1444827819.624428 38.503296 110.963562 -125.556946 3.710632 -4.203186 0.482422
22452 1444827819.634489 38.386383 111.050354 -125.236511 3.711548 -4.194031 0.477203
22453 1444827819.644551 38.347412 110.920166 -124.702454 3.738098 -4.185791 0.477203
22454 1444827819.654629 38.386383 110.87677 -124.595642 3.740845 -4.174805 0.487061
22455 1444827819.664690 38.464325 110.87677 -124.595642 3.751831 -4.176636 0.473145
22456 1444827819.674752 38.308441 110.789978 -124.809265 3.739014 -4.162903 0.480682
22457 1444827819.684814 38.65918 111.050354 -125.183105 3.729858 -4.16748 0.467926
22458 1444827819.694876 38.65918 111.180542 -125.984192 3.706055 -4.17572 0.477783
22459 1444827819.704910 38.464325 111.09375 -126.51825 3.682251 -4.171143 0.478363
22460 1444827819.714972 38.542267 111.267334 -127.372742 3.662109 -4.169312 0.484741
22461 1444827819.725035 38.464325 111.354126 -127.639771 3.659363 -4.178467 0.4888
22462 1444827819.735096 38.464325 111.267334 -127.906799 3.652954 -4.170227 0.499237
22463 1444827819.745158 38.620209 111.180542 -127.799988 3.658447 -4.172058 0.495758
22464 1444827819.755246 38.503296 111.006958 -127.799988 3.665771 -4.168396 0.500977
22465 1444827819.765303 38.542267 111.180542 -127.693176 3.670349 -4.14917 0.506195
22466 1444827819.775351 38.542267 111.050354 -127.532959 3.674927 -4.155579 0.502716
22467 1444827819.785412 38.581238 111.09375 -126.998901 3.679504 -4.154663 0.496338
22468 1444827819.795473 38.425354 111.050354 -126.838684 3.684998 -4.147339 0.494019
22469 1444827819.805560 38.425354 111.006958 -126.411438 3.694153 -4.158325 0.476624
22470 1444827819.815678 38.542267 111.137146 -125.984192 3.69873 -4.165649 0.480103
22471 1444827819.825743 38.542267 111.137146 -125.610352 3.708801 -4.171143 0.470825
22472 1444827819.835805 38.308441 111.006958 -125.1297 3.717041 -4.166565 0.473724
22473 1444827819.845887 38.386383 110.87677 -125.1297 3.720703 -4.171143 0.467346
22474 1444827819.855982 38.26947 110.87677 -125.022888 3.726196 -4.16748 0.480682
22475 1444827819.866052 38.347412 110.963562 -125.022888 3.733521 -4.169312 0.480682
22476 1444827819.876138 38.542267 110.833374 -125.610352 3.72345 -4.168396 0.475464
22477 1444827819.886200 38.386383 110.833374 -126.251221 3.716125 -4.159241 0.484741
22478 1444827819.896263 38.65918 111.223938 -126.571655 3.695984 -4.163818 0.4888
22479 1444827819.906324 38.464325 111.006958 -127.105713 3.675842 -4.158325 0.485321
22480 1444827819.916394 38.581238 111.137146 -127.746582 3.663025 -4.152832 0.491699
22481 1444827819.926456 38.776093 111.31073 -128.227234 3.647461 -4.172058 0.491699
22482 1444827819.936519 38.503296 111.223938 -128.334045 3.641052 -4.162903 0.49054
22483 1444827819.946556 38.737122 111.267334 -128.067017 3.649292 -4.169312 0.496918
22484 1444827819.956661 38.503296 111.223938 -128.173828 3.660278 -4.173889 0.495178
22485 1444827819.966788 38.620209 111.223938 -127.26593 3.68042 -4.181213 0.495178
22486 1444827819.976852 38.620209 111.09375 -126.998901 3.685913 -4.180298 0.495758
22487 1444827819.987066 38.386383 111.006958 -126.411438 3.703308 -4.172058 0.492859
22488 1444827819.997199 38.503296 111.050354 -126.037598 3.712463 -4.170227 0.494019
22489 1444827820.007261 38.425354 111.006958 -125.663757 3.716125 -4.178467 0.484161
22490 1444827820.017369 38.581238 110.920166 -125.343323 3.711548 -4.176636 0.481842
22491 1444827820.027405 38.386383 110.963562 -125.1297 3.716125 -4.173889 0.468506
22492 1444827820.037467 38.503296 111.050354 -125.1297 3.714294 -4.182129 0.474884
22493 1444827820.047545 38.581238 111.050354 -125.717163 3.707886 -4.187622 0.477203
22494 1444827820.057628 38.386383 111.180542 -125.556946 3.714294 -4.182129 0.473145
22495 1444827820.067698 38.503296 110.920166 -125.610352 3.708801 -4.184875 0.481842
22496 1444827820.077780 38.581238 111.050354 -126.464844 3.705139 -4.186707 0.481842
22497 1444827820.087845 38.464325 111.006958 -126.678467 3.69873 -4.179382 0.48822
22498 1444827820.097908 38.542267 111.006958 -126.838684 3.686829 -4.17572 0.496338
22499 1444827820.107960 38.854034 111.180542 -127.532959 3.679504 -4.190369 0.493439
22500 1444827820.118030 38.737122 111.223938 -127.746582 3.668518 -4.182129 0.492859
22501 1444827820.128091 38.737122 111.180542 -127.960205 3.66394 -4.173889 0.48938
22502 1444827820.138154 38.737122 111.223938 -128.28064 3.652954 -4.169312 0.495178
22503 1444827820.148241 38.581238 111.354126 -127.960205 3.65387 -4.189453 0.485901
22504 1444827820.158303 38.65918 111.223938 -127.746582 3.659363 -4.17572 0.484741
22505 1444827820.168366 38.464325 111.137146 -127.212524 3.674927 -4.179382 0.483002
22506 1444827820.178430 38.65918 111.137146 -126.625061 3.693237 -4.196777 0.484741
22507 1444827820.188492 38.620209 111.050354 -126.251221 3.699646 -4.186707 0.480682
22508 1444827820.198553 38.464325 110.920166 -125.556946 3.721619 -4.17572 0.474884
22509 1444827820.208635 38.386383 111.006958 -125.396729 3.729858 -4.181213 0.487061
22510 1444827820.218678 38.386383 110.920166 -125.236511 3.732605 -4.181213 0.479523
22511 1444827820.228742 38.542267 110.87677 -125.076294 3.721619 -4.183044 0.468506
22512 1444827820.238803 38.230499 111.050354 -125.396729 3.720703 -4.159241 0.484161
22513 1444827820.248864 38.581238 111.09375 -125.823975 3.708801 -4.164734 0.471405
22514 1444827820.258940 38.542267 111.050354 -126.251221 3.687744 -4.161987 0.485321
22515 1444827820.269002 38.542267 111.137146 -126.838684 3.681335 -4.162903 0.480103
22516 1444827820.279114 38.542267 111.223938 -127.105713 3.683167 -4.161072 0.485901
22517 1444827820.289176 38.65918 111.180542 -127.26593 3.671265 -4.168396 0.496338
22518 1444827820.299248 38.503296 111.006958 -127.479553 3.675842 -4.159241 0.48996
22519 1444827820.309310 38.503296 111.137146 -127.746582 3.668518 -4.156494 0.503876
22520 1444827820.319372 38.542267 111.180542 -127.586365 3.67218 -4.155579 0.504456
22521 1444827820.329453 38.698151 111.137146 -127.586365 3.670349 -4.151917 0.498657
22522 1444827820.339515 38.542267 111.137146 -127.639771 3.676758 -4.15741 0.497498
22523 1444827820.349581 38.581238 111.223938 -127.319336 3.679504 -4.148254 0.485321
22524 1444827820.359658 38.425354 111.180542 -126.945496 3.684082 -4.135437 0.48764
22525 1444827820.369752 38.503296 111.09375 -126.785278 3.693237 -4.141846 0.471405
22526 1444827820.379859 38.386383 111.006958 -126.571655 3.695068 -4.135437 0.478943
22527 1444827820.389965 38.464325 111.180542 -126.571655 3.701477 -4.142761 0.475464
22528 1444827820.400123 38.425354 111.09375 -125.930786 3.704224 -4.179382 0.465027
22529 1444827820.410189 38.191528 111.006958 -125.663757 3.70697 -4.16748 0.485901
22530 1444827820.420287 38.347412 110.920166 -125.663757 3.720703 -4.164734 0.475464
22531 1444827820.430381 38.191528 110.920166 -125.610352 3.724365 -4.139099 0.481262
22532 1444827820.440462 38.308441 110.963562 -125.770569 3.714294 -4.143677 0.482422
22533 1444827820.450546 38.230499 110.87677 -125.556946 3.70697 -4.16748 0.48822
22534 1444827820.460652 38.347412 111.006958 -125.930786 3.703308 -4.154663 0.498657
22535 1444827820.470750 38.542267 111.09375 -126.251221 3.682251 -4.165649 0.498657
22536 1444827820.480854 38.347412 111.137146 -126.197815 3.67218 -4.158325 0.502136
22537 1444827820.490995 38.542267 111.006958 -126.51825 3.677673 -4.153748 0.504456
22538 1444827820.501111 38.65918 111.050354 -126.571655 3.682251 -4.159241 0.510254
22539 1444827820.511173 38.542267 111.006958 -126.945496 3.676758 -4.158325 0.511414
22540 1444827820.521293 38.581238 111.050354 -126.998901 3.675842 -4.169312 0.502716
22541 1444827820.531371 38.425354 111.09375 -127.159119 3.68042 -4.199524 0.505035
22542 1444827820.541435 38.698151 111.09375 -126.838684 3.684082 -4.193115 0.498657
22543 1444827820.551499 38.698151 111.137146 -126.998901 3.68042 -4.199524 0.48764
22544 1444827820.561578 38.503296 111.050354 -126.945496 3.682251 -4.196777 0.481842
22545 1444827820.571647 38.776093 111.137146 -127.052307 3.687744 -4.217834 0.473145
22546 1444827820.581711 38.815063 111.050354 -126.785278 3.693237 -4.220581 0.466187
22547 1444827820.591794 38.581238 111.137146 -126.678467 3.696899 -4.224243 0.460388
22548 1444827820.601858 38.542267 111.180542 -126.571655 3.692322 -4.226074 0.463867
22549 1444827820.611941 38.776093 110.963562 -126.411438 3.695068 -4.225159 0.464447
22550 1444827820.622036 38.737122 111.050354 -126.411438 3.702393 -4.21875 0.470825
22551 1444827820.632100 38.620209 111.050354 -126.197815 3.711548 -4.213257 0.474304
22552 1444827820.642164 38.65918 110.87677 -126.251221 3.713379 -4.216003 0.479523
22553 1444827820.652228 38.620209 110.963562 -126.091003 3.705139 -4.223328 0.49054
22554 1444827820.662318 38.620209 110.963562 -126.037598 3.702393 -4.213257 0.48822
22555 1444827820.672383 38.542267 111.09375 -126.51825 3.684082 -4.208679 0.500977
22556 1444827820.682448 38.503296 111.006958 -126.571655 3.677673 -4.208679 0.500977
22557 1444827820.692507 38.815063 111.09375 -126.785278 3.671265 -4.207764 0.495758
22558 1444827820.702589 38.65918 111.180542 -127.105713 3.66394 -4.196777 0.503876
22559 1444827820.712681 38.698151 111.09375 -126.731873 3.678589 -4.198608 0.492859
22560 1444827820.722764 38.65918 111.09375 -126.838684 3.677673 -4.186707 0.500977
22561 1444827820.732854 38.65918 111.006958 -126.785278 3.687744 -4.197693 0.499237
22562 1444827820.742917 38.581238 111.050354 -126.571655 3.695984 -4.193115 0.487061
22563 1444827820.752980 38.503296 110.920166 -126.785278 3.68042 -4.183044 0.493439
22564 1444827820.763095 38.65918 110.963562 -126.464844 3.69873 -4.187622 0.476044
22565 1444827820.773163 38.503296 111.050354 -126.678467 3.695068 -4.182129 0.472565
22566 1444827820.783232 38.425354 111.180542 -126.785278 3.695068 -4.183044 0.475464
22567 1444827820.793298 38.542267 111.006958 -126.358032 3.699646 -4.197693 0.457489
22568 1444827820.803363 38.464325 111.137146 -126.785278 3.695068 -4.16748 0.477783
22569 1444827820.813446 38.386383 111.180542 -126.731873 3.696899 -4.164734 0.463867
22570 1444827820.823492 38.503296 111.223938 -126.358032 3.69873 -4.166565 0.468506
22571 1444827820.833555 38.230499 111.09375 -126.411438 3.696899 -4.14917 0.481842
22572 1444827820.843645 38.503296 110.87677 -126.197815 3.696899 -4.151001 0.48938
22573 1444827820.853716 38.425354 110.920166 -126.731873 3.681335 -4.142761 0.493439
22574 1444827820.863794 38.503296 111.050354 -126.625061 3.684082 -4.143677 0.511993
22575 1444827820.873885 38.308441 110.833374 -126.197815 3.686829 -4.142761 0.496918
22576 1444827820.883950 38.308441 110.920166 -126.411438 3.685913 -4.127197 0.510834
22577 1444827820.894068 38.425354 111.09375 -126.678467 3.679504 -4.128113 0.510834
22578 1444827820.904138 38.347412 111.050354 -126.51825 3.678589 -4.137268 0.504456
22579 1444827820.914243 38.464325 111.050354 -126.678467 3.669434 -4.13269 0.513733
22580 1444827820.924322 38.347412 110.833374 -126.571655 3.673096 -4.134521 0.506775
22581 1444827820.934395 38.425354 110.963562 -126.304626 3.684082 -4.14093 0.499237
22582 1444827820.944472 38.386383 111.006958 -126.251221 3.696899 -4.140015 0.497498
22583 1444827820.954530 38.464325 110.963562 -126.091003 3.700562 -4.150085 0.48764
22584 1444827820.964588 38.191528 110.963562 -126.464844 3.69873 -4.147339 0.48996
22585 1444827820.974673 38.503296 110.920166 -126.304626 3.69873 -4.161072 0.481842
22586 1444827820.984806 38.386383 111.050354 -126.304626 3.700562 -4.155579 0.477203
22587 1444827820.994882 38.464325 111.223938 -126.51825 3.697815 -4.165649 0.478363
22588 1444827821.004974 38.542267 111.267334 -126.625061 3.696899 -4.176636 0.470825
22589 1444827821.015038 38.464325 111.006958 -126.571655 3.687744 -4.172974 0.480682
22590 1444827821.025088 38.581238 111.223938 -126.464844 3.690491 -4.172058 0.478363
22591 1444827821.035197 38.620209 111.180542 -126.785278 3.690491 -4.180298 0.481262
22592 1444827821.045259 38.542267 111.006958 -126.625061 3.681335 -4.174805 0.494598
22593 1444827821.055339 38.620209 110.920166 -126.785278 3.681335 -4.185791 0.491119
22594 1444827821.065410 38.65918 111.006958 -126.89209 3.686829 -4.180298 0.495758
22595 1444827821.075479 38.542267 110.87677 -126.51825 3.68042 -4.174805 0.507355
22596 1444827821.085550 38.698151 111.09375 -126.51825 3.68866 -4.183044 0.503296
22597 1444827821.095884 38.620209 111.050354 -126.678467 3.68042 -4.190369 0.509674
22598 1444827821.105949 38.542267 110.920166 -126.464844 3.68866 -4.1922 0.506775
22599 1444827821.116213 38.620209 111.006958 -126.464844 3.681335 -4.197693 0.500977
22600 1444827821.126277 38.737122 111.006958 -126.464844 3.684082 -4.205017 0.499237
22601 1444827821.136355 38.581238 110.963562 -126.411438 3.686829 -4.205017 0.491699
22602 1444827821.146419 38.581238 111.050354 -126.411438 3.691406 -4.205933 0.492279
22603 1444827821.156486 38.737122 111.006958 -126.251221 3.696899 -4.212341 0.482422
22604 1444827821.166579 38.698151 110.963562 -126.251221 3.700562 -4.213257 0.483582
22605 1444827821.176657 38.464325 111.09375 -126.251221 3.702393 -4.205933 0.485901
22606 1444827821.186755 38.698151 110.963562 -126.251221 3.705139 -4.223328 0.474304
22607 1444827821.196875 38.698151 111.006958 -126.358032 3.695984 -4.213257 0.481842
22608 1444827821.206964 38.503296 111.09375 -126.51825 3.693237 -4.214172 0.476044
22609 1444827821.217029 38.620209 111.050354 -126.571655 3.692322 -4.211426 0.483002
22610 1444827821.227090 38.776093 111.006958 -126.785278 3.684998 -4.212341 0.478943
22611 1444827821.237153 38.776093 111.223938 -126.785278 3.681335 -4.211426 0.482422
22612 1444827821.247250 38.620209 111.050354 -126.945496 3.679504 -4.206848 0.494598
22613 1444827821.257312 38.737122 111.006958 -126.838684 3.674927 -4.196777 0.497498
22614 1444827821.267372 38.581238 111.09375 -126.51825 3.682251 -4.194031 0.494019
22615 1444827821.277433 38.581238 111.006958 -126.785278 3.683167 -4.18396 0.502136
22616 1444827821.287494 38.464325 111.050354 -126.464844 3.68042 -4.172974 0.513733
22617 1444827821.297556 38.347412 111.006958 -126.304626 3.691406 -4.177551 0.500977
22618 1444827821.307680 38.464325 110.920166 -126.411438 3.686829 -4.178467 0.503876
22619 1444827821.317763 38.542267 111.050354 -126.251221 3.697815 -4.171143 0.49054
22620 1444827821.327831 38.464325 111.006958 -126.144409 3.694153 -4.166565 0.493439
22621 1444827821.337893 38.386383 111.006958 -126.091003 3.691406 -4.159241 0.496918
22622 1444827821.347952 38.26947 111.09375 -126.411438 3.694153 -4.160156 0.48938
22623 1444827821.358043 38.425354 111.006958 -126.251221 3.691406 -4.165649 0.48822
22624 1444827821.368107 38.26947 111.006958 -126.197815 3.69873 -4.154663 0.484741
22625 1444827821.378180 38.347412 111.050354 -126.464844 3.699646 -4.154663 0.481842
22626 1444827821.388240 38.386383 110.833374 -126.358032 3.690491 -4.162903 0.48822
22627 1444827821.398309 38.425354 111.09375 -126.464844 3.699646 -4.158325 0.480682
22628 1444827821.408385 38.26947 111.180542 -126.625061 3.695068 -4.152832 0.484161
22629 1444827821.418449 38.308441 111.137146 -126.89209 3.691406 -4.146423 0.487061
22630 1444827821.428512 38.347412 110.963562 -126.785278 3.679504 -4.147339 0.485321
22631 1444827821.438573 38.425354 110.87677 -127.052307 3.674927 -4.148254 0.49054
22632 1444827821.448634 38.425354 111.050354 -126.678467 3.677673 -4.14917 0.497498
22633 1444827821.458712 38.425354 111.006958 -126.89209 3.673096 -4.146423 0.497498
22634 1444827821.468775 38.464325 111.223938 -126.89209 3.674927 -4.145508 0.505035
22635 1444827821.478839 38.347412 111.050354 -126.731873 3.673096 -4.14917 0.494019
22636 1444827821.488894 38.26947 110.963562 -126.358032 3.684998 -4.148254 0.503876
22637 1444827821.498949 38.503296 111.137146 -126.144409 3.686829 -4.15741 0.496338
22638 1444827821.509007 38.386383 110.963562 -126.091003 3.695068 -4.146423 0.495758
22639 1444827821.519058 38.308441 110.963562 -125.87738 3.702393 -4.156494 0.48996
22640 1444827821.529112 38.542267 110.920166 -125.984192 3.70697 -4.166565 0.48938
22641 1444827821.539175 38.503296 111.137146 -126.091003 3.69873 -4.16748 0.495178
22642 1444827821.549201 38.26947 111.050354 -125.663757 3.706055 -4.169312 0.473724
22643 1444827821.559257 38.308441 111.006958 -126.251221 3.707886 -4.172974 0.480682
22644 1444827821.569312 38.698151 111.09375 -126.678467 3.695068 -4.189453 0.481842
22645 1444827821.579369 38.698151 111.180542 -126.411438 3.695984 -4.1922 0.468506
22646 1444827821.589425 38.581238 111.267334 -126.731873 3.683167 -4.186707 0.484741
22647 1444827821.599480 38.425354 111.137146 -126.998901 3.683167 -4.184875 0.474884
22648 1444827821.609553 38.581238 111.006958 -126.785278 3.683167 -4.1922 0.480103
22649 1444827821.619627 38.737122 111.267334 -127.26593 3.681335 -4.200439 0.48996
22650 1444827821.629747 38.620209 111.137146 -127.212524 3.682251 -4.197693 0.481262
22651 1444827821.639815 38.65918 111.09375 -126.89209 3.681335 -4.196777 0.494019
22652 1444827821.649879 38.815063 111.050354 -126.945496 3.683167 -4.186707 0.494019
22653 1444827821.659946 38.737122 111.137146 -126.785278 3.686829 -4.203186 0.498077
22654 1444827821.670009 38.815063 111.223938 -126.731873 3.683167 -4.205933 0.500397
22655 1444827821.680071 38.464325 111.180542 -126.731873 3.687744 -4.190369 0.505035
22656 1444827821.690135 38.737122 111.09375 -126.358032 3.690491 -4.212341 0.492279
22657 1444827821.700199 38.581238 110.963562 -126.251221 3.691406 -4.208679 0.491119
22658 1444827821.710288 38.698151 110.963562 -126.091003 3.697815 -4.208679 0.494019
22659 1444827821.720360 38.698151 111.137146 -125.930786 3.703308 -4.205933 0.498077
22660 1444827821.730422 38.65918 111.006958 -125.930786 3.705139 -4.204102 0.493439
22661 1444827821.740480 38.542267 110.920166 -125.87738 3.702393 -4.197693 0.510834
22662 1444827821.750541 38.65918 110.920166 -126.358032 3.699646 -4.204102 0.499237
22663 1444827821.760636 38.776093 111.050354 -126.411438 3.68866 -4.205933 0.492859
22664 1444827821.770702 38.737122 111.137146 -126.785278 3.684082 -4.21051 0.491119
22665 1444827821.780764 38.542267 111.180542 -126.838684 3.676758 -4.198608 0.485901
22666 1444827821.791632 38.737122 110.963562 -126.945496 3.674927 -4.195862 0.487061
22667 1444827821.802115 38.581238 110.920166 -127.212524 3.668518 -4.176636 0.521851
22668 1444827821.812486 38.893005 111.09375 -127.479553 3.683167 -4.186707 0.509094
22669 1444827821.822645 38.65918 111.137146 -127.26593 3.674011 -4.186707 0.501556
22670 1444827821.832707 38.425354 111.137146 -127.212524 3.659363 -4.182129 0.500397
22671 1444827821.842779 38.698151 111.267334 -126.945496 3.675842 -4.194946 0.461548
22672 1444827821.852910 38.65918 111.267334 -126.464844 3.679504 -4.195862 0.463287
22673 1444827821.863076 38.464325 111.223938 -126.144409 3.702393 -4.189453 0.45343
22674 1444827821.873164 38.503296 111.050354 -125.823975 3.710632 -4.197693 0.447052
22675 1444827821.883334 38.308441 110.963562 -125.556946 3.731689 -4.172974 0.470245
22676 1444827821.893396 38.347412 110.833374 -125.076294 3.747253 -4.182129 0.463867
22677 1444827821.903459 38.347412 110.87677 -125.236511 3.74176 -4.171143 0.476044
22678 1444827821.913519 38.230499 110.789978 -125.289917 3.731689 -4.156494 0.480682
22679 1444827821.923596 38.425354 110.963562 -125.50354 3.729858 -4.170227 0.474304
22680 1444827821.933660 38.308441 110.920166 -126.197815 3.689575 -4.145508 0.49054
22681 1444827821.943722 38.386383 111.09375 -126.838684 3.670349 -4.147339 0.48938
22682 1444827821.953783 38.542267 111.137146 -126.838684 3.661194 -4.14917 0.498077
22683 1444827821.963844 38.464325 111.180542 -127.426147 3.650208 -4.151001 0.499817
22684 1444827821.973907 38.464325 111.09375 -127.639771 3.647461 -4.141846 0.513733
22685 1444827821.983973 38.542267 111.09375 -127.586365 3.646545 -4.148254 0.516052
22686 1444827821.994029 38.542267 110.963562 -127.319336 3.66394 -4.138184 0.52301
22687 1444827822.004096 38.542267 111.050354 -127.052307 3.676758 -4.139099 0.525909
22688 1444827822.014152 38.464325 110.920166 -126.838684 3.691406 -4.140015 0.517212
22689 1444827822.024232 38.503296 110.87677 -126.464844 3.695068 -4.141846 0.501556
22690 1444827822.034294 38.542267 110.963562 -126.304626 3.694153 -4.155579 0.500977
22691 1444827822.044359 38.425354 111.050354 -126.251221 3.700562 -4.153748 0.491119
22692 1444827822.054447 38.386383 111.137146 -126.197815 3.69873 -4.16748 0.473724
22693 1444827822.064780 38.26947 111.09375 -125.87738 3.700562 -4.171143 0.465027
22694 1444827822.074859 38.503296 111.180542 -125.930786 3.69873 -4.179382 0.456329
22695 1444827822.084922 38.386383 111.223938 -125.87738 3.714294 -4.182129 0.445312
22696 1444827822.094985 38.425354 111.09375 -125.717163 3.712463 -4.179382 0.462708
22697 1444827822.105061 38.386383 111.006958 -125.823975 3.722534 -4.188538 0.460968
22698 1444827822.115129 38.503296 110.87677 -126.037598 3.716125 -4.184875 0.483002
22699 1444827822.125195 38.581238 111.050354 -126.411438 3.712463 -4.18396 0.482422
22700 1444827822.135303 38.503296 110.920166 -126.731873 3.697815 -4.179382 0.483582
22701 1444827822.145364 38.815063 111.09375 -127.212524 3.674927 -4.179382 0.497498
