12168 1444828376.089141 0.038452 0.010986 -9.920679
12169 1444828376.093454 0.038452 -0.076904 -9.920679
12170 1444828376.109415 0.038452 0.010986 -10.008569
12171 1444828376.119344 0.038452 0.010986 -10.008569
12172 1444828376.129511 0.038452 0.010986 -10.008569
12173 1444828376.140066 0.038452 0.010986 -10.008569
12174 1444828376.149330 0.038452 -0.076904 -10.008569
12175 1444828376.159249 0.038452 -0.076904 -10.008569
12176 1444828376.169379 0.038452 0.010986 -10.008569
12177 1444828376.179703 0.038452 0.010986 -10.008569
12178 1444828376.189704 0.038452 0.010986 -10.008569
12179 1444828376.199851 -0.049439 0.010986 -10.008569
12180 1444828376.210002 0.038452 0.010986 -10.008569
12181 1444828376.216561 -0.049439 0.010986 -10.008569
12182 1444828376.230261 -0.049439 0.010986 -10.008569
12183 1444828376.240505 0.038452 0.010986 -10.008569
12184 1444828376.246957 0.038452 0.010986 -10.008569
12185 1444828376.257148 0.038452 0.010986 -10.008569
12186 1444828376.267385 0.038452 0.010986 -10.008569
12187 1444828376.277173 0.038452 0.010986 -10.008569
12188 1444828376.287390 0.038452 0.010986 -10.008569
12189 1444828376.297640 0.038452 0.010986 -9.920679
12190 1444828376.307150 0.038452 -0.076904 -10.008569
12191 1444828376.317758 -0.049439 0.010986 -10.008569
12192 1444828376.327873 0.038452 0.010986 -9.920679
12193 1444828376.338123 -0.049439 0.010986 -10.008569
12194 1444828376.348190 0.038452 -0.076904 -10.008569
12195 1444828376.358227 0.038452 0.010986 -10.008569
12196 1444828376.368806 -0.049439 0.010986 -10.008569
12197 1444828376.378924 0.038452 0.010986 -10.008569
12198 1444828376.389090 0.038452 0.010986 -9.920679
12199 1444828376.399451 -0.049439 -0.076904 -10.008569
12200 1444828376.409402 0.038452 0.010986 -10.008569
12201 1444828376.419474 0.038452 0.010986 -10.008569
12202 1444828376.429651 0.038452 0.010986 -10.008569
12203 1444828376.439819 0.038452 0.010986 -10.008569
12204 1444828376.449902 -0.049439 0.010986 -10.008569
12205 1444828376.459983 0.038452 0.010986 -10.008569
12206 1444828376.470132 -0.049439 0.010986 -9.920679
12207 1444828376.480203 0.038452 -0.076904 -9.920679
12208 1444828376.490318 0.038452 0.010986 -10.008569
12209 1444828376.500512 -0.049439 0.010986 -10.008569
12210 1444828376.510514 0.038452 -0.076904 -10.008569
12211 1444828376.520601 0.038452 0.010986 -9.920679
12212 1444828376.530752 0.038452 0.010986 -10.008569
12213 1444828376.541768 -0.049439 -0.076904 -10.008569
12214 1444828376.551961 0.038452 -0.076904 -10.008569
12215 1444828376.562005 0.038452 0.010986 -10.008569
12216 1444828376.571970 0.038452 -0.076904 -10.008569
12217 1444828376.582132 0.038452 0.010986 -10.008569
12218 1444828376.592552 0.038452 0.010986 -10.008569
12219 1444828376.602574 0.038452 0.010986 -10.008569
12220 1444828376.612450 0.038452 0.010986 -10.008569
12221 1444828376.622643 0.038452 0.010986 -10.008569
12222 1444828376.632759 0.038452 0.010986 -10.008569
12223 1444828376.642864 0.038452 0.010986 -10.008569
12224 1444828376.652987 0.038452 0.010986 -10.008569
12225 1444828376.663014 0.038452 0.010986 -10.008569
12226 1444828376.673134 -0.049439 0.010986 -9.920679
12227 1444828376.683412 -0.049439 0.010986 -10.008569
12228 1444828376.693371 0.038452 0.010986 -10.008569
12229 1444828376.703527 0.038452 0.010986 -10.008569
12230 1444828376.713646 0.038452 0.010986 -10.008569
12231 1444828376.723834 0.038452 0.010986 -10.008569
12232 1444828376.733851 0.038452 0.010986 -10.008569
12233 1444828376.743921 -0.049439 0.010986 -10.008569
12234 1444828376.754075 0.038452 0.010986 -9.920679
12235 1444828376.764211 0.038452 -0.076904 -10.008569
12236 1444828376.774314 -0.049439 0.010986 -10.008569
12237 1444828376.784386 0.038452 0.010986 -10.008569
12238 1444828376.794647 0.038452 -0.076904 -10.008569
12239 1444828376.796408 -0.049439 0.010986 -10.008569
12240 1444828376.814777 0.038452 0.010986 -10.008569
12241 1444828376.824934 0.038452 0.010986 -10.008569
12242 1444828376.835048 0.038452 0.010986 -10.008569
12243 1444828376.841559 -0.049439 0.010986 -10.008569
12244 1444828376.851888 -0.049439 0.010986 -10.008569
12245 1444828376.865803 0.038452 -0.076904 -9.920679
12246 1444828376.871948 0.038452 0.010986 -10.008569
12247 1444828376.886013 0.038452 -0.076904 -10.008569
12248 1444828376.892313 0.038452 0.010986 -10.008569
12249 1444828376.902242 0.038452 0.010986 -10.008569
12250 1444828376.912173 0.038452 0.010986 -10.008569
12251 1444828376.926661 0.038452 0.010986 -10.008569
12252 1444828376.936677 0.038452 0.010986 -10.008569
12253 1444828376.946874 0.038452 0.010986 -10.008569
12254 1444828376.953048 0.038452 0.010986 -10.008569
12255 1444828376.967082 -0.049439 0.010986 -10.008569
12256 1444828376.973017 -0.049439 0.010986 -10.008569
12257 1444828376.983093 0.038452 0.010986 -10.008569
12258 1444828376.993260 0.038452 0.010986 -10.008569
12259 1444828377.003535 0.038452 0.010986 -10.008569
12260 1444828377.017683 -0.049439 0.010986 -10.008569
12261 1444828377.027768 -0.049439 0.010986 -10.008569
12262 1444828377.037901 0.038452 0.010986 -10.008569
12263 1444828377.043946 0.038452 0.010986 -10.008569
12264 1444828377.058136 0.038452 0.010986 -10.008569
12265 1444828377.068265 0.038452 0.010986 -10.008569
12266 1444828377.078292 0.038452 0.010986 -10.008569
12267 1444828377.088373 -0.049439 0.010986 -9.920679
12268 1444828377.094454 0.038452 0.010986 -10.008569
12269 1444828377.104324 0.038452 0.010986 -10.008569
12270 1444828377.114450 0.038452 0.010986 -10.008569
12271 1444828377.128926 0.038452 0.010986 -10.008569
12272 1444828377.139082 -0.049439 0.010986 -9.920679
12273 1444828377.149155 -0.049439 0.010986 -10.008569
12274 1444828377.159344 0.038452 0.010986 -10.008569
12275 1444828377.169358 0.038452 -0.076904 -10.008569
12276 1444828377.179523 -0.049439 0.010986 -9.920679
12277 1444828377.189667 0.038452 0.010986 -10.008569
12278 1444828377.199773 0.038452 -0.076904 -10.008569
12279 1444828377.206554 -0.049439 0.010986 -10.008569
12280 1444828377.219928 -0.049439 0.010986 -9.920679
12281 1444828377.230046 0.038452 0.010986 -9.920679
12282 1444828377.240185 -0.049439 0.010986 -10.008569
12283 1444828377.246663 0.038452 0.010986 -10.008569
12284 1444828377.257071 -0.049439 0.010986 -10.008569
12285 1444828377.266759 -0.049439 0.010986 -10.008569
12286 1444828377.276900 -0.049439 0.010986 -10.008569
12287 1444828377.287141 0.038452 0.010986 -10.008569
12288 1444828377.297326 -0.049439 0.010986 -10.008569
12289 1444828377.307413 0.038452 0.010986 -10.008569
12290 1444828377.316449 -0.049439 -0.076904 -10.008569
12291 1444828377.327069 -0.049439 0.010986 -10.008569
12292 1444828377.337660 0.038452 0.010986 -10.008569
12293 1444828377.348267 0.038452 0.010986 -10.008569
12294 1444828377.358250 0.038452 0.010986 -10.008569
12295 1444828377.367906 0.038452 -0.076904 -10.008569
12296 1444828377.377185 -0.049439 0.010986 -10.008569
12297 1444828377.388366 0.038452 0.010986 -9.920679
12298 1444828377.399500 0.038452 0.010986 -10.008569
12299 1444828377.408542 0.038452 0.010986 -10.008569
12300 1444828377.418621 -0.049439 -0.076904 -10.008569
12301 1444828377.428640 0.038452 0.010986 -10.008569
12302 1444828377.438758 -0.049439 0.010986 -10.008569
12303 1444828377.448902 -0.049439 -0.076904 -10.008569
12304 1444828377.459135 0.038452 0.010986 -10.008569
12305 1444828377.469231 0.038452 -0.076904 -10.008569
12306 1444828377.479293 -0.049439 0.010986 -9.920679
12307 1444828377.489401 0.038452 0.010986 -10.008569
12308 1444828377.499475 -0.049439 0.010986 -10.008569
12309 1444828377.509535 -0.049439 0.010986 -10.008569
12310 1444828377.519775 -0.049439 0.010986 -10.008569
12311 1444828377.529820 0.038452 0.010986 -10.008569
12312 1444828377.539913 0.038452 0.010986 -10.008569
12313 1444828377.550148 -0.049439 0.010986 -10.008569
12314 1444828377.560169 -0.049439 0.010986 -10.008569
12315 1444828377.570284 -0.049439 0.010986 -10.008569
12316 1444828377.581396 -0.049439 0.010986 -10.008569
12317 1444828377.591466 0.038452 0.010986 -10.008569
12318 1444828377.601648 0.038452 -0.076904 -10.008569
12319 1444828377.611516 -0.049439 0.010986 -10.008569
12320 1444828377.621819 -0.049439 0.010986 -10.008569
12321 1444828377.632005 -0.049439 0.010986 -10.008569
12322 1444828377.636682 -0.049439 0.010986 -10.008569
12323 1444828377.652152 -0.049439 0.010986 -9.920679
12324 1444828377.661541 -0.049439 0.010986 -10.008569
12325 1444828377.672291 0.038452 0.010986 -10.008569
12326 1444828377.682322 -0.049439 -0.076904 -10.008569
12327 1444828377.691951 -0.049439 0.010986 -10.008569
12328 1444828377.702021 -0.049439 0.010986 -10.008569
12329 1444828377.712081 -0.049439 0.010986 -9.920679
12330 1444828377.722200 -0.049439 -0.076904 -10.008569
12331 1444828377.732801 -0.049439 0.010986 -9.920679
12332 1444828377.742930 0.038452 0.010986 -9.920679
12333 1444828377.753026 -0.049439 0.010986 -10.008569
12334 1444828377.763125 0.038452 -0.076904 -10.008569
12335 1444828377.773180 0.038452 0.010986 -10.008569
12336 1444828377.782817 -0.049439 0.010986 -10.008569
12337 1444828377.792936 0.038452 0.010986 -10.008569
12338 1444828377.802943 0.038452 0.010986 -10.008569
12339 1444828377.813033 -0.049439 0.010986 -10.008569
12340 1444828377.823174 -0.049439 0.010986 -10.008569
12341 1444828377.833332 -0.049439 0.010986 -10.008569
12342 1444828377.844031 0.038452 0.010986 -10.008569
12343 1444828377.853455 -0.049439 -0.076904 -10.008569
12344 1444828377.863512 -0.049439 0.010986 -9.920679
12345 1444828377.873697 0.038452 0.010986 -10.008569
12346 1444828377.883801 -0.049439 0.010986 -10.008569
12347 1444828377.893896 -0.049439 0.010986 -10.008569
12348 1444828377.903960 -0.049439 -0.076904 -10.008569
12349 1444828377.914167 -0.049439 0.010986 -9.920679
12350 1444828377.924191 -0.049439 0.010986 -9.920679
12351 1444828377.934297 -0.049439 0.010986 -10.008569
12352 1444828377.944447 -0.049439 0.010986 -10.008569
12353 1444828377.954493 0.038452 0.010986 -10.008569
12354 1444828377.964685 0.038452 0.010986 -9.920679
12355 1444828377.974747 0.038452 0.010986 -10.008569
12356 1444828377.984834 -0.049439 0.010986 -10.008569
12357 1444828377.994959 0.038452 0.010986 -10.008569
12358 1444828378.005039 -0.049439 0.010986 -10.008569
12359 1444828378.011379 -0.049439 0.010986 -9.920679
12360 1444828378.025329 -0.049439 0.010986 -10.008569
12361 1444828378.035463 -0.049439 0.010986 -10.008569
12362 1444828378.042728 0.038452 0.010986 -10.008569
12363 1444828378.055452 -0.049439 0.010986 -10.008569
12364 1444828378.062479 -0.049439 0.010986 -10.008569
12365 1444828378.073772 0.038452 0.010986 -10.008569
12366 1444828378.082803 -0.049439 0.010986 -10.008569
12367 1444828378.093516 -0.049439 0.010986 -10.008569
12368 1444828378.102583 0.038452 0.010986 -10.008569
12369 1444828378.116833 0.038452 0.010986 -10.008569
12370 1444828378.123057 -0.049439 0.010986 -10.008569
12371 1444828378.133137 -0.049439 0.010986 -10.008569
12372 1444828378.147418 0.038452 0.010986 -10.008569
12373 1444828378.154182 0.038452 0.010986 -10.008569
12374 1444828378.163771 0.038452 0.010986 -10.008569
12375 1444828378.173863 -0.049439 0.010986 -9.920679
12376 1444828378.184150 -0.049439 0.010986 -9.920679
12377 1444828378.194368 -0.049439 0.010986 -9.920679
12378 1444828378.204479 -0.049439 0.010986 -10.008569
12379 1444828378.214415 0.038452 0.010986 -10.008569
12380 1444828378.224543 0.038452 0.010986 -10.008569
12381 1444828378.234613 0.038452 0.010986 -10.008569
12382 1444828378.244445 -0.049439 0.010986 -10.008569
12383 1444828378.254400 -0.049439 0.010986 -10.008569
12384 1444828378.264562 -0.049439 0.010986 -9.920679
12385 1444828378.274566 -0.049439 0.010986 -10.008569
12386 1444828378.285142 -0.049439 0.010986 -9.920679
12387 1444828378.295315 -0.049439 -0.076904 -10.008569
12388 1444828378.305479 -0.049439 0.010986 -10.008569
12389 1444828378.315197 -0.049439 0.010986 -10.008569
12390 1444828378.325299 -0.049439 0.010986 -10.008569
12391 1444828378.335372 0.038452 0.010986 -10.008569
12392 1444828378.345440 0.038452 0.010986 -10.008569
12393 1444828378.356455 -0.049439 0.010986 -10.008569
12394 1444828378.365664 0.038452 0.010986 -9.920679
12395 1444828378.375780 0.038452 0.010986 -10.008569
12396 1444828378.386544 0.038452 0.010986 -10.008569
12397 1444828378.396762 0.038452 0.010986 -10.008569
12398 1444828378.406823 0.038452 0.010986 -10.008569
12399 1444828378.416923 0.038452 -0.076904 -10.008569
12400 1444828378.426938 -0.049439 -0.076904 -10.008569
12401 1444828378.436819 0.038452 0.010986 -10.008569
12402 1444828378.447365 0.038452 0.010986 -10.008569
12403 1444828378.457321 -0.049439 0.010986 -10.008569
12404 1444828378.467496 0.038452 0.010986 -9.920679
12405 1444828378.477526 -0.049439 0.010986 -9.920679
12406 1444828378.487635 -0.049439 0.010986 -10.008569
12407 1444828378.497885 -0.049439 -0.076904 -10.008569
12408 1444828378.507917 0.038452 0.010986 -10.008569
12409 1444828378.517903 0.038452 0.010986 -10.008569
12410 1444828378.527999 0.038452 0.010986 -10.008569
12411 1444828378.538203 -0.049439 0.010986 -10.008569
12412 1444828378.548409 0.038452 0.010986 -10.008569
12413 1444828378.558427 -0.049439 0.010986 -9.920679
12414 1444828378.568538 0.038452 0.010986 -10.008569
12415 1444828378.578548 0.038452 0.010986 -10.008569
12416 1444828378.588735 -0.049439 0.010986 -10.008569
12417 1444828378.599046 0.038452 0.010986 -9.920679
12418 1444828378.608631 0.038452 0.010986 -10.008569
12419 1444828378.618757 -0.049439 0.010986 -10.008569
12420 1444828378.628827 0.038452 0.010986 -10.008569
12421 1444828378.638944 -0.049439 0.010986 -10.008569
12422 1444828378.649147 0.038452 0.010986 -10.008569
12423 1444828378.659121 -0.049439 0.010986 -10.008569
12424 1444828378.669308 -0.049439 0.010986 -10.008569
12425 1444828378.679368 -0.049439 0.010986 -9.920679
12426 1444828378.689490 -0.049439 0.010986 -10.008569
12427 1444828378.699607 0.038452 0.010986 -10.008569
12428 1444828378.709673 -0.049439 0.010986 -10.008569
12429 1444828378.719856 0.038452 0.010986 -10.008569
12430 1444828378.729912 -0.049439 0.010986 -10.008569
12431 1444828378.740060 0.038452 0.010986 -10.008569
12432 1444828378.747775 -0.049439 0.010986 -10.008569
12433 1444828378.760177 0.038452 0.010986 -10.008569
12434 1444828378.771524 0.038452 0.010986 -10.008569
12435 1444828378.780372 0.038452 0.010986 -10.008569
12436 1444828378.790473 0.038452 0.010986 -10.008569
12437 1444828378.800605 0.038452 0.010986 -9.920679
12438 1444828378.811883 -0.049439 0.010986 -10.008569
12439 1444828378.816517 0.038452 0.010986 -10.008569
12440 1444828378.831054 0.038452 0.010986 -10.008569
12441 1444828378.836517 -0.049439 0.010986 -10.008569
12442 1444828378.847054 -0.049439 0.010986 -10.008569
12443 1444828378.856824 -0.049439 0.010986 -10.008569
12444 1444828378.867053 -0.049439 0.010986 -10.008569
12445 1444828378.882791 0.038452 0.010986 -10.008569
12446 1444828378.892802 -0.049439 0.010986 -10.008569
12447 1444828378.902863 -0.049439 0.010986 -10.008569
12448 1444828378.912870 -0.049439 0.010986 -10.008569
12449 1444828378.922940 0.038452 0.010986 -10.008569
12450 1444828378.933079 -0.049439 0.010986 -10.008569
12451 1444828378.943092 -0.049439 0.010986 -10.008569
12452 1444828378.953197 0.038452 0.010986 -10.008569
12453 1444828378.963357 0.038452 0.010986 -10.008569
12454 1444828378.973518 0.038452 -0.076904 -10.008569
12455 1444828378.983613 0.038452 0.010986 -10.008569
12456 1444828378.988762 0.038452 0.010986 -10.008569
12457 1444828379.003789 0.038452 -0.076904 -10.008569
12458 1444828379.009863 0.038452 0.010986 -9.920679
12459 1444828379.022430 0.038452 0.010986 -10.008569
12460 1444828379.029142 0.038452 0.010986 -10.008569
12461 1444828379.044292 -0.049439 0.010986 -10.008569
12462 1444828379.054381 0.038452 0.010986 -10.008569
12463 1444828379.064549 -0.049439 0.010986 -10.008569
12464 1444828379.074720 -0.049439 0.010986 -9.920679
12465 1444828379.081396 0.038452 0.010986 -10.008569
12466 1444828379.091461 -0.049439 0.010986 -10.008569
12467 1444828379.101710 -0.049439 0.010986 -10.008569
12468 1444828379.111578 -0.049439 0.010986 -10.008569
12469 1444828379.121716 -0.049439 0.010986 -10.008569
12470 1444828379.131921 0.038452 0.010986 -10.008569
12471 1444828379.141928 -0.049439 0.010986 -10.008569
12472 1444828379.152265 0.038452 0.010986 -10.008569
12473 1444828379.162056 -0.049439 0.010986 -10.008569
12474 1444828379.172345 -0.049439 0.010986 -10.008569
12475 1444828379.182370 0.038452 0.010986 -10.008569
12476 1444828379.195997 0.038452 0.010986 -10.008569
12477 1444828379.202636 0.038452 0.010986 -9.920679
12478 1444828379.212928 0.038452 -0.076904 -10.008569
12479 1444828379.223071 0.038452 0.010986 -9.920679
12480 1444828379.233050 0.038452 0.010986 -10.008569
12481 1444828379.243438 0.038452 0.010986 -10.008569
12482 1444828379.253312 0.038452 0.010986 -10.008569
12483 1444828379.263313 0.038452 0.010986 -10.008569
12484 1444828379.273371 -0.049439 0.010986 -10.008569
12485 1444828379.283403 0.038452 0.010986 -10.008569
12486 1444828379.293446 0.038452 0.010986 -10.008569
12487 1444828379.303522 0.038452 0.010986 -10.008569
12488 1444828379.313605 -0.049439 0.010986 -10.008569
12489 1444828379.323804 0.038452 0.010986 -10.008569
12490 1444828379.333895 0.038452 0.010986 -10.008569
12491 1444828379.343964 -0.049439 0.010986 -10.008569
12492 1444828379.354163 -0.049439 0.010986 -10.008569
12493 1444828379.364162 0.038452 0.010986 -10.008569
12494 1444828379.374301 -0.049439 0.010986 -10.008569
12495 1444828379.384482 0.038452 0.010986 -9.920679
12496 1444828379.394542 0.038452 0.010986 -10.008569
12497 1444828379.404662 0.038452 0.010986 -10.008569
12498 1444828379.414786 0.038452 0.010986 -9.920679
12499 1444828379.424957 -0.049439 0.010986 -10.008569
12500 1444828379.435108 0.038452 0.010986 -10.008569
12501 1444828379.446551 0.038452 0.010986 -10.008569
12502 1444828379.456920 0.038452 0.010986 -10.008569
12503 1444828379.466617 -0.049439 0.010986 -10.008569
12504 1444828379.475606 0.038452 0.010986 -9.920679
12505 1444828379.481398 0.038452 0.010986 -10.008569
12506 1444828379.497415 0.038452 0.010986 -10.008569
12507 1444828379.507421 -0.049439 0.010986 -10.008569
12508 1444828379.517436 -0.049439 0.010986 -10.008569
12509 1444828379.526515 -0.049439 0.010986 -10.008569
12510 1444828379.537535 -0.049439 0.010986 -10.008569
12511 1444828379.547712 0.038452 0.010986 -10.008569
12512 1444828379.557743 0.038452 0.010986 -10.008569
12513 1444828379.567745 0.038452 0.010986 -10.008569
12514 1444828379.577829 -0.049439 0.010986 -10.008569
12515 1444828379.588074 0.038452 0.010986 -10.008569
12516 1444828379.598202 -0.049439 0.010986 -10.008569
12517 1444828379.607499 0.038452 0.010986 -10.008569
12518 1444828379.617495 0.038452 0.010986 -10.008569
12519 1444828379.627600 0.038452 0.010986 -10.008569
12520 1444828379.637724 0.038452 0.010986 -10.008569
12521 1444828379.642976 0.038452 0.010986 -10.008569
12522 1444828379.658027 0.038452 0.010986 -10.008569
12523 1444828379.668061 0.038452 -0.076904 -10.008569
12524 1444828379.678151 0.038452 0.010986 -10.008569
12525 1444828379.688253 -0.049439 0.010986 -10.008569
12526 1444828379.693429 -0.049439 0.010986 -10.008569
12527 1444828379.708501 -0.049439 0.010986 -10.008569
12528 1444828379.718605 -0.049439 0.010986 -10.008569
12529 1444828379.728728 -0.049439 0.010986 -10.008569
12530 1444828379.738938 0.038452 0.010986 -10.008569
12531 1444828379.749077 -0.049439 0.010986 -10.008569
12532 1444828379.759076 -0.049439 0.010986 -10.008569
12533 1444828379.769220 -0.049439 0.010986 -10.008569
12534 1444828379.779288 0.038452 0.010986 -10.008569
12535 1444828379.789392 0.038452 -0.076904 -10.008569
12536 1444828379.799604 -0.049439 0.010986 -9.920679
12537 1444828379.809685 -0.049439 -0.076904 -10.008569
12538 1444828379.819764 0.038452 0.010986 -10.008569
12539 1444828379.829834 0.038452 0.010986 -9.920679
12540 1444828379.839931 -0.049439 0.010986 -10.008569
12541 1444828379.849990 -0.049439 0.010986 -10.008569
12542 1444828379.860109 -0.049439 0.010986 -10.008569
12543 1444828379.870189 -0.049439 0.010986 -10.008569
12544 1444828379.880310 0.038452 0.010986 -10.008569
12545 1444828379.890430 -0.049439 0.010986 -10.008569
12546 1444828379.896539 -0.049439 0.010986 -10.008569
12547 1444828379.906569 0.038452 0.010986 -10.008569
12548 1444828379.917020 -0.049439 0.010986 -10.008569
12549 1444828379.926513 -0.049439 0.010986 -10.008569
12550 1444828379.940995 -0.049439 0.010986 -10.008569
12551 1444828379.951123 -0.049439 0.010986 -10.008569
12552 1444828379.961468 -0.049439 0.010986 -10.008569
12553 1444828379.967813 0.038452 0.010986 -10.008569
12554 1444828379.977452 -0.049439 0.010986 -10.008569
12555 1444828379.987514 0.038452 0.010986 -10.008569
12556 1444828379.998304 0.038452 0.010986 -10.008569
12557 1444828380.012043 0.038452 0.010986 -10.008569
12558 1444828380.022116 -0.049439 0.010986 -10.008569
12559 1444828380.027720 0.038452 0.010986 -9.920679
12560 1444828380.037184 -0.049439 0.010986 -10.008569
12561 1444828380.047352 0.038452 0.010986 -10.008569
12562 1444828380.057397 -0.049439 0.010986 -10.008569
12563 1444828380.067587 0.038452 0.010986 -10.008569
12564 1444828380.077688 -0.049439 0.010986 -10.008569
12565 1444828380.087781 -0.049439 0.010986 -10.008569
12566 1444828380.103046 -0.049439 0.010986 -10.008569
12567 1444828380.113164 0.038452 0.010986 -10.008569
12568 1444828380.118135 -0.049439 0.010986 -10.008569
12569 1444828380.128257 -0.049439 -0.076904 -10.008569
12570 1444828380.144212 -0.049439 0.010986 -10.008569
12571 1444828380.153832 0.038452 0.010986 -10.008569
12572 1444828380.158535 -0.049439 0.010986 -10.008569
12573 1444828380.170050 -0.049439 0.010986 -10.008569
12574 1444828380.176392 0.038452 0.010986 -10.008569
12575 1444828380.186449 0.038452 0.010986 -10.008569
12576 1444828380.201510 0.038452 0.010986 -10.008569
12577 1444828380.211605 -0.049439 0.010986 -10.008569
12578 1444828380.221767 -0.049439 0.010986 -10.008569
12579 1444828380.231916 0.038452 0.010986 -10.008569
12580 1444828380.241919 -0.049439 0.010986 -10.008569
12581 1444828380.252035 -0.049439 0.010986 -10.008569
12582 1444828380.262147 -0.049439 0.010986 -10.008569
12583 1444828380.272185 -0.049439 0.010986 -10.008569
12584 1444828380.282341 -0.049439 -0.076904 -10.008569
12585 1444828380.292488 0.038452 0.010986 -10.008569
12586 1444828380.302587 -0.049439 0.010986 -10.008569
12587 1444828380.312649 -0.049439 -0.076904 -10.008569
12588 1444828380.323038 0.038452 0.010986 -10.008569
12589 1444828380.332907 -0.049439 0.010986 -10.008569
12590 1444828380.342988 -0.049439 -0.076904 -10.008569
12591 1444828380.353086 -0.049439 0.010986 -10.008569
12592 1444828380.363148 -0.049439 0.010986 -10.008569
12593 1444828380.373396 -0.049439 0.010986 -10.008569
12594 1444828380.383408 -0.049439 0.010986 -10.008569
12595 1444828380.393515 -0.049439 0.010986 -10.008569
12596 1444828380.403567 -0.049439 0.010986 -9.920679
12597 1444828380.413687 0.038452 0.010986 -10.008569
12598 1444828380.423835 -0.049439 0.010986 -10.008569
12599 1444828380.434067 -0.049439 0.010986 -10.008569
12600 1444828380.444082 0.038452 0.010986 -10.008569
12601 1444828380.454221 0.038452 0.010986 -10.008569
12602 1444828380.464321 0.038452 0.010986 -10.008569
12603 1444828380.474386 0.038452 0.010986 -10.008569
12604 1444828380.484372 -0.049439 0.010986 -10.008569
12605 1444828380.494500 -0.049439 0.010986 -10.008569
12606 1444828380.504622 -0.049439 0.010986 -10.008569
12607 1444828380.514766 0.038452 0.010986 -9.920679
12608 1444828380.524843 0.038452 0.010986 -10.008569
12609 1444828380.534966 -0.049439 0.010986 -9.920679
12610 1444828380.545069 -0.049439 0.010986 -10.008569
12611 1444828380.555209 -0.049439 0.010986 -10.008569
12612 1444828380.565438 0.038452 0.010986 -10.008569
12613 1444828380.575533 0.038452 0.010986 -10.008569
12614 1444828380.585657 -0.049439 0.010986 -10.008569
12615 1444828380.595766 0.038452 0.010986 -10.008569
12616 1444828380.605890 -0.049439 0.010986 -10.008569
12617 1444828380.616398 -0.049439 0.010986 -10.008569
12618 1444828380.626411 -0.049439 0.010986 -9.920679
12619 1444828380.636521 0.038452 0.010986 -10.008569
12620 1444828380.647608 -0.049439 0.010986 -10.008569
12621 1444828380.657571 -0.049439 0.010986 -10.008569
12622 1444828380.667617 0.038452 0.010986 -10.008569
12623 1444828380.677689 -0.049439 0.010986 -10.008569
12624 1444828380.687811 -0.049439 0.010986 -10.008569
12625 1444828380.698030 -0.049439 0.010986 -10.008569
12626 1444828380.708016 0.038452 0.010986 -10.008569
12627 1444828380.717422 -0.049439 0.010986 -10.008569
12628 1444828380.727523 -0.049439 0.010986 -10.008569
12629 1444828380.737566 0.038452 0.010986 -10.008569
12630 1444828380.747631 -0.049439 0.010986 -10.008569
12631 1444828380.757787 0.038452 0.010986 -10.008569
12632 1444828380.767985 -0.049439 0.010986 -10.008569
12633 1444828380.777998 -0.049439 0.010986 -10.008569
12634 1444828380.788130 -0.049439 0.010986 -10.008569
12635 1444828380.798181 -0.049439 0.010986 -10.008569
12636 1444828380.808411 0.038452 0.010986 -10.008569
12637 1444828380.818405 -0.049439 -0.076904 -10.008569
12638 1444828380.828485 0.038452 0.010986 -10.008569
12639 1444828380.838679 -0.049439 0.010986 -10.008569
12640 1444828380.848744 -0.049439 0.010986 -10.008569
12641 1444828380.858947 -0.049439 0.010986 -10.008569
12642 1444828380.868983 -0.049439 0.010986 -10.008569
12643 1444828380.879075 0.038452 0.010986 -10.008569
12644 1444828380.889189 0.038452 0.010986 -10.008569
12645 1444828380.899316 -0.049439 0.010986 -10.008569
12646 1444828380.909458 -0.049439 0.010986 -10.008569
12647 1444828380.920859 -0.049439 0.010986 -10.008569
12648 1444828380.931035 -0.049439 0.010986 -10.008569
12649 1444828380.941118 -0.049439 0.010986 -10.008569
12650 1444828380.951211 -0.049439 -0.076904 -10.008569
12651 1444828380.956700 0.038452 0.010986 -10.008569
12652 1444828380.966810 -0.049439 0.010986 -10.008569
12653 1444828380.976836 -0.049439 0.010986 -10.008569
12654 1444828380.987010 -0.049439 0.010986 -10.008569
12655 1444828380.997077 0.038452 0.010986 -10.008569
12656 1444828381.007397 -0.049439 0.010986 -9.920679
12657 1444828381.017315 -0.049439 0.010986 -10.008569
12658 1444828381.027395 -0.049439 0.010986 -10.008569
12659 1444828381.037510 -0.049439 0.010986 -10.008569
12660 1444828381.047628 0.038452 0.010986 -10.008569
12661 1444828381.057730 0.038452 0.010986 -10.008569
12662 1444828381.067818 -0.049439 0.010986 -10.008569
12663 1444828381.077897 0.038452 0.010986 -10.008569
12664 1444828381.087986 -0.049439 0.010986 -10.008569
12665 1444828381.098133 0.038452 0.010986 -10.008569
12666 1444828381.108145 -0.049439 0.010986 -10.008569
12667 1444828381.118360 -0.049439 0.010986 -10.008569
12668 1444828381.128524 -0.049439 0.010986 -10.008569
12669 1444828381.138698 -0.049439 0.010986 -10.008569
12670 1444828381.148847 0.038452 0.010986 -10.008569
12671 1444828381.158924 0.038452 0.010986 -10.008569
12672 1444828381.169149 -0.049439 0.010986 -10.008569
12673 1444828381.179459 -0.049439 0.010986 -10.008569
12674 1444828381.189564 0.038452 0.010986 -10.008569
12675 1444828381.199754 0.038452 0.010986 -10.008569
12676 1444828381.209802 -0.049439 -0.076904 -9.920679
12677 1444828381.219942 0.038452 0.010986 -9.920679
12678 1444828381.230031 -0.049439 0.010986 -10.008569
12679 1444828381.240211 0.038452 0.010986 -10.008569
12680 1444828381.250357 -0.049439 0.010986 -10.008569
12681 1444828381.260391 -0.049439 0.010986 -10.008569
12682 1444828381.270526 -0.049439 0.010986 -10.008569
12683 1444828381.280628 0.038452 0.010986 -10.008569
12684 1444828381.290708 0.038452 0.010986 -10.008569
12685 1444828381.300816 -0.049439 0.010986 -10.008569
12686 1444828381.310889 -0.049439 0.010986 -10.008569
12687 1444828381.321020 -0.049439 0.010986 -10.008569
12688 1444828381.331110 -0.049439 0.010986 -10.008569
12689 1444828381.341638 -0.049439 0.010986 -10.008569
12690 1444828381.351796 -0.049439 0.010986 -10.008569
12691 1444828381.361793 0.038452 0.010986 -10.008569
12692 1444828381.371956 -0.049439 0.010986 -9.920679
12693 1444828381.382000 0.038452 0.010986 -9.920679
12694 1444828381.392119 -0.049439 0.010986 -9.920679
12695 1444828381.402241 0.038452 0.010986 -9.920679
12696 1444828381.412220 -0.049439 0.010986 -10.008569
12697 1444828381.422477 0.038452 0.010986 -10.008569
12698 1444828381.432529 0.038452 0.010986 -10.008569
12699 1444828381.442546 0.038452 0.010986 -10.008569
12700 1444828381.452607 0.038452 0.010986 -10.008569
12701 1444828381.462813 -0.049439 0.010986 -10.008569
12702 1444828381.472928 -0.049439 0.010986 -10.008569
12703 1444828381.483013 -0.049439 0.010986 -10.008569
12704 1444828381.493002 0.038452 0.010986 -10.008569
12705 1444828381.503101 -0.049439 0.010986 -10.008569
12706 1444828381.513218 -0.049439 0.010986 -10.008569
12707 1444828381.523985 -0.049439 0.010986 -10.008569
12708 1444828381.534168 0.038452 0.010986 -10.008569
12709 1444828381.544214 -0.049439 0.010986 -10.008569
12710 1444828381.553937 0.038452 0.010986 -9.920679
12711 1444828381.563999 0.038452 -0.076904 -10.008569
12712 1444828381.574377 0.038452 0.010986 -10.008569
12713 1444828381.584214 0.038452 0.010986 -10.008569
12714 1444828381.594130 -0.049439 0.010986 -10.008569
12715 1444828381.604774 0.038452 0.010986 -10.008569
12716 1444828381.614546 0.038452 -0.076904 -10.008569
12717 1444828381.624783 -0.049439 0.010986 -10.008569
12718 1444828381.634769 0.038452 0.010986 -10.008569
12719 1444828381.644907 -0.049439 0.010986 -10.008569
12720 1444828381.651741 -0.049439 0.010986 -10.008569
12721 1444828381.661664 0.038452 0.010986 -10.008569
12722 1444828381.671918 -0.049439 0.010986 -10.008569
12723 1444828381.685512 0.038452 0.010986 -10.008569
12724 1444828381.695621 0.038452 0.010986 -10.008569
12725 1444828381.707099 -0.049439 0.010986 -10.008569
12726 1444828381.715939 0.038452 0.010986 -10.008569
12727 1444828381.722832 0.038452 -0.076904 -10.008569
12728 1444828381.737083 -0.049439 0.010986 -10.008569
12729 1444828381.742469 -0.049439 -0.076904 -10.008569
12730 1444828381.757802 -0.049439 0.010986 -10.008569
12731 1444828381.766770 -0.049439 0.010986 -10.008569
12732 1444828381.776876 -0.049439 0.010986 -10.008569
12733 1444828381.786987 -0.049439 0.010986 -10.008569
12734 1444828381.793383 -0.049439 0.010986 -10.008569
12735 1444828381.807448 -0.049439 0.010986 -10.008569
12736 1444828381.813150 -0.049439 0.010986 -10.008569
12737 1444828381.823416 -0.049439 -0.076904 -10.008569
12738 1444828381.833490 0.038452 0.010986 -10.008569
12739 1444828381.843873 0.038452 0.010986 -9.920679
12740 1444828381.853859 0.038452 0.010986 -10.008569
12741 1444828381.863801 -0.049439 0.010986 -10.008569
12742 1444828381.873861 0.038452 -0.076904 -10.008569
12743 1444828381.883874 0.038452 0.010986 -10.008569
12744 1444828381.894006 -0.049439 0.010986 -10.008569
12745 1444828381.909245 -0.049439 0.010986 -10.008569
12746 1444828381.919401 0.038452 0.010986 -10.008569
12747 1444828381.929511 -0.049439 0.010986 -10.008569
12748 1444828381.939550 0.038452 0.010986 -10.008569
12749 1444828381.949760 -0.049439 -0.076904 -10.008569
12750 1444828381.959828 -0.049439 0.010986 -10.008569
12751 1444828381.969929 -0.049439 0.010986 -10.008569
12752 1444828381.980193 -0.049439 0.010986 -10.008569
12753 1444828381.990159 0.038452 0.010986 -10.008569
12754 1444828382.000299 0.038452 0.010986 -10.008569
12755 1444828382.010342 0.038452 0.010986 -10.008569
12756 1444828382.020432 -0.049439 0.010986 -10.008569
12757 1444828382.030533 -0.049439 0.010986 -10.008569
12758 1444828382.040692 0.038452 0.010986 -10.008569
12759 1444828382.050777 -0.049439 0.010986 -10.008569
12760 1444828382.060862 0.038452 0.010986 -10.008569
12761 1444828382.070957 0.038452 0.010986 -10.008569
12762 1444828382.081059 0.038452 0.010986 -10.008569
12763 1444828382.091137 -0.049439 0.010986 -10.008569
12764 1444828382.096711 -0.049439 0.010986 -10.008569
12765 1444828382.106885 -0.049439 0.010986 -10.008569
12766 1444828382.116827 0.038452 -0.076904 -10.008569
12767 1444828382.126984 -0.049439 0.010986 -10.008569
12768 1444828382.142060 -0.049439 0.010986 -10.008569
12769 1444828382.147355 -0.049439 0.010986 -9.920679
12770 1444828382.157318 -0.049439 0.010986 -10.008569
12771 1444828382.167403 -0.049439 0.010986 -10.008569
12772 1444828382.177456 -0.049439 0.010986 -9.920679
12773 1444828382.187593 -0.049439 0.010986 -10.008569
12774 1444828382.198022 -0.049439 0.010986 -10.008569
12775 1444828382.207850 -0.049439 0.010986 -10.008569
12776 1444828382.217941 -0.049439 0.010986 -10.008569
12777 1444828382.228023 0.038452 0.010986 -10.008569
12778 1444828382.238149 0.038452 0.010986 -9.920679
12779 1444828382.253365 0.038452 0.010986 -10.008569
12780 1444828382.263432 0.038452 0.010986 -10.008569
12781 1444828382.268960 0.038452 0.010986 -10.008569
12782 1444828382.283818 -0.049439 0.010986 -10.008569
12783 1444828382.289148 -0.049439 0.010986 -10.008569
12784 1444828382.299403 -0.049439 0.010986 -10.008569
12785 1444828382.309184 -0.049439 0.010986 -10.008569
12786 1444828382.324336 -0.049439 0.010986 -10.008569
12787 1444828382.334445 -0.049439 0.010986 -10.008569
12788 1444828382.344873 0.038452 0.010986 -10.008569
12789 1444828382.349760 -0.049439 0.010986 -10.008569
12790 1444828382.359734 -0.049439 0.010986 -10.008569
12791 1444828382.374993 -0.049439 0.010986 -10.008569
12792 1444828382.385033 -0.049439 0.010986 -10.008569
12793 1444828382.395155 0.038452 0.010986 -9.920679
12794 1444828382.405284 -0.049439 0.010986 -10.008569
12795 1444828382.415429 0.038452 0.010986 -10.008569
12796 1444828382.425472 -0.049439 -0.076904 -10.008569
12797 1444828382.435643 0.038452 0.010986 -10.008569
12798 1444828382.445673 -0.049439 0.010986 -9.920679
12799 1444828382.451977 -0.049439 0.010986 -10.008569
12800 1444828382.465922 0.038452 0.010986 -10.008569
12801 1444828382.476019 0.038452 0.010986 -9.920679
12802 1444828382.486128 -0.049439 0.010986 -10.008569
12803 1444828382.491767 -0.049439 0.010986 -10.008569
12804 1444828382.501779 0.038452 -0.076904 -10.008569
12805 1444828382.511826 -0.049439 0.010986 -10.008569
12806 1444828382.521929 0.038452 0.010986 -10.008569
12807 1444828382.537004 0.038452 0.010986 -10.008569
12808 1444828382.542169 0.038452 0.010986 -10.008569
12809 1444828382.552186 -0.049439 0.010986 -10.008569
12810 1444828382.567307 0.038452 0.010986 -10.008569
12811 1444828382.577387 0.038452 0.010986 -10.008569
12812 1444828382.582667 0.038452 0.010986 -10.008569
12813 1444828382.592653 -0.049439 0.010986 -10.008569
12814 1444828382.602746 -0.049439 0.010986 -10.008569
12815 1444828382.612757 -0.049439 0.010986 -10.008569
12816 1444828382.627876 0.038452 0.010986 -10.008569
12817 1444828382.638052 0.038452 0.010986 -10.008569
12818 1444828382.648193 -0.049439 0.010986 -10.008569
12819 1444828382.658180 0.038452 0.010986 -10.008569
12820 1444828382.668355 0.038452 0.010986 -10.008569
12821 1444828382.678452 0.038452 0.010986 -10.008569
12822 1444828382.688679 -0.049439 -0.076904 -10.008569
12823 1444828382.698780 -0.049439 0.010986 -10.008569
12824 1444828382.708891 0.038452 0.010986 -10.008569
12825 1444828382.718885 0.038452 0.010986 -10.008569
12826 1444828382.729092 0.038452 0.010986 -10.008569
12827 1444828382.739129 -0.049439 0.010986 -10.008569
12828 1444828382.749262 -0.049439 0.010986 -10.008569
12829 1444828382.759349 0.038452 0.010986 -10.008569
12830 1444828382.769410 0.038452 0.010986 -10.008569
12831 1444828382.779530 0.038452 0.010986 -10.008569
12832 1444828382.790060 0.038452 0.010986 -10.008569
12833 1444828382.800149 -0.049439 0.010986 -10.008569
12834 1444828382.810140 0.038452 0.010986 -10.008569
12835 1444828382.820226 -0.049439 0.010986 -10.008569
12836 1444828382.830282 0.038452 0.010986 -10.008569
12837 1444828382.836707 0.038452 0.010986 -10.008569
12838 1444828382.846625 0.038452 0.010986 -10.008569
12839 1444828382.856758 -0.049439 0.010986 -10.008569
12840 1444828382.866726 -0.049439 0.010986 -10.008569
12841 1444828382.876906 -0.049439 0.010986 -10.008569
12842 1444828382.886973 0.038452 0.010986 -10.008569
12843 1444828382.897190 -0.049439 0.010986 -10.008569
12844 1444828382.907435 -0.049439 0.010986 -10.008569
12845 1444828382.917422 0.038452 0.010986 -10.008569
12846 1444828382.926948 0.038452 0.010986 -10.008569
12847 1444828382.936947 -0.049439 0.010986 -10.008569
12848 1444828382.947815 -0.049439 0.010986 -10.008569
12849 1444828382.957840 -0.049439 0.010986 -10.008569
12850 1444828382.968013 -0.049439 0.010986 -10.008569
12851 1444828382.977990 -0.049439 0.010986 -10.008569
12852 1444828382.988136 -0.049439 0.010986 -10.008569
12853 1444828382.998332 -0.049439 0.010986 -10.008569
12854 1444828383.007826 0.038452 0.010986 -10.008569
12855 1444828383.018054 0.038452 0.010986 -10.008569
12856 1444828383.028712 0.038452 0.010986 -10.008569
12857 1444828383.038453 -0.049439 0.010986 -10.008569
12858 1444828383.048989 -0.049439 0.010986 -10.008569
12859 1444828383.058475 -0.049439 -0.076904 -10.008569
12860 1444828383.069138 0.038452 -0.076904 -10.008569
12861 1444828383.078868 -0.049439 0.010986 -10.008569
12862 1444828383.089573 0.038452 -0.076904 -10.008569
12863 1444828383.099092 -0.049439 0.010986 -10.008569
12864 1444828383.109196 -0.049439 0.010986 -10.008569
12865 1444828383.119334 0.038452 0.010986 -10.008569
12866 1444828383.129389 -0.049439 0.010986 -10.008569
12867 1444828383.139508 0.038452 0.010986 -10.008569
12868 1444828383.149689 -0.049439 0.010986 -10.008569
12869 1444828383.159739 0.038452 0.010986 -10.008569
12870 1444828383.169799 0.038452 -0.076904 -10.008569
12871 1444828383.179884 -0.049439 0.010986 -10.008569
12872 1444828383.190125 -0.049439 0.010986 -10.008569
12873 1444828383.200123 -0.049439 0.010986 -10.008569
12874 1444828383.206820 -0.049439 -0.076904 -10.008569
12875 1444828383.216948 -0.049439 0.010986 -10.008569
12876 1444828383.231630 0.038452 0.010986 -10.008569
12877 1444828383.241056 0.038452 0.010986 -10.008569
12878 1444828383.251887 0.038452 0.010986 -10.008569
12879 1444828383.257564 0.038452 0.010986 -10.008569
12880 1444828383.267201 -0.049439 0.010986 -10.008569
12881 1444828383.281948 0.038452 0.010986 -10.008569
12882 1444828383.292346 -0.049439 0.010986 -10.008569
12883 1444828383.302493 -0.049439 0.010986 -10.008569
12884 1444828383.312501 -0.049439 -0.076904 -10.008569
12885 1444828383.322571 0.038452 0.010986 -10.008569
12886 1444828383.332758 -0.049439 0.010986 -10.008569
12887 1444828383.342681 -0.049439 0.010986 -10.008569
12888 1444828383.352711 -0.049439 0.010986 -10.008569
12889 1444828383.362895 -0.049439 0.010986 -10.008569
12890 1444828383.373147 0.038452 0.010986 -10.008569
12891 1444828383.383441 -0.049439 0.010986 -10.008569
12892 1444828383.393654 -0.049439 0.010986 -10.008569
12893 1444828383.403503 0.038452 0.010986 -10.008569
12894 1444828383.413565 0.038452 0.010986 -10.008569
12895 1444828383.423683 -0.049439 0.010986 -10.008569
12896 1444828383.433830 -0.049439 0.010986 -10.008569
12897 1444828383.443919 -0.049439 0.010986 -10.008569
12898 1444828383.453978 -0.049439 0.010986 -10.008569
12899 1444828383.464130 0.038452 0.010986 -10.008569
12900 1444828383.474223 -0.049439 -0.076904 -10.008569
12901 1444828383.484292 -0.049439 0.010986 -10.008569
12902 1444828383.494437 -0.049439 0.010986 -10.008569
12903 1444828383.504602 -0.049439 0.010986 -10.008569
12904 1444828383.514702 -0.049439 0.010986 -10.008569
12905 1444828383.524786 -0.049439 0.010986 -10.008569
12906 1444828383.534792 0.038452 0.010986 -10.008569
12907 1444828383.544977 -0.049439 0.010986 -10.008569
12908 1444828383.555035 -0.049439 0.010986 -10.008569
12909 1444828383.565176 0.038452 0.010986 -10.008569
12910 1444828383.575390 -0.049439 0.010986 -10.008569
12911 1444828383.585368 -0.049439 0.010986 -10.008569
12912 1444828383.595590 -0.049439 0.010986 -10.008569
12913 1444828383.605642 0.038452 0.010986 -10.008569
12914 1444828383.616629 0.038452 -0.076904 -10.008569
12915 1444828383.625822 -0.049439 0.010986 -10.008569
12916 1444828383.635962 -0.049439 0.010986 -10.008569
12917 1444828383.646011 -0.049439 -0.076904 -10.008569
12918 1444828383.656149 -0.049439 0.010986 -9.920679
12919 1444828383.661778 -0.049439 0.010986 -10.008569
12920 1444828383.676619 -0.049439 0.010986 -10.008569
12921 1444828383.682142 0.038452 0.010986 -10.008569
12922 1444828383.692178 -0.049439 0.010986 -10.008569
12923 1444828383.702308 0.038452 0.010986 -10.008569
12924 1444828383.717448 -0.049439 0.010986 -10.008569
12925 1444828383.727097 -0.049439 0.010986 -10.008569
12926 1444828383.732633 0.038452 0.010986 -10.008569
12927 1444828383.742802 -0.049439 0.010986 -10.008569
12928 1444828383.752949 -0.049439 0.010986 -10.008569
12929 1444828383.762576 -0.049439 0.010986 -10.008569
12930 1444828383.772697 0.038452 0.010986 -10.008569
12931 1444828383.782831 0.038452 0.010986 -10.008569
12932 1444828383.793488 0.038452 0.010986 -10.008569
12933 1444828383.808315 0.038452 0.010986 -10.008569
12934 1444828383.813743 -0.049439 0.010986 -10.008569
12935 1444828383.823786 0.038452 0.010986 -10.008569
12936 1444828383.833667 0.038452 0.010986 -10.008569
12937 1444828383.843901 0.038452 0.010986 -9.920679
12938 1444828383.851804 -0.049439 0.010986 -10.008569
12939 1444828383.864749 0.038452 0.010986 -10.008569
12940 1444828383.874875 -0.049439 0.010986 -10.008569
12941 1444828383.884931 -0.049439 0.010986 -10.008569
12942 1444828383.895065 -0.049439 0.010986 -10.008569
12943 1444828383.902079 -0.049439 -0.076904 -10.008569
12944 1444828383.915335 0.038452 0.010986 -10.008569
12945 1444828383.925385 -0.049439 0.010986 -10.008569
12946 1444828383.931762 0.038452 0.010986 -10.008569
12947 1444828383.945579 -0.049439 -0.076904 -10.008569
12948 1444828383.952357 0.038452 0.010986 -10.008569
12949 1444828383.966878 -0.049439 0.010986 -10.008569
12950 1444828383.976897 0.038452 0.010986 -10.008569
12951 1444828383.986967 0.038452 -0.076904 -10.008569
12952 1444828383.997287 -0.049439 0.010986 -10.008569
12953 1444828384.007540 -0.049439 0.010986 -10.008569
12954 1444828384.017365 -0.049439 0.010986 -10.008569
12955 1444828384.027432 -0.049439 0.010986 -10.008569
12956 1444828384.037538 -0.049439 0.010986 -10.008569
12957 1444828384.047830 -0.049439 0.010986 -10.008569
12958 1444828384.057862 0.038452 -0.076904 -10.008569
12959 1444828384.067888 -0.049439 0.010986 -10.008569
12960 1444828384.077843 -0.049439 0.010986 -10.008569
12961 1444828384.087961 -0.049439 0.010986 -10.008569
12962 1444828384.098100 0.038452 0.010986 -10.008569
12963 1444828384.108170 0.038452 0.010986 -10.008569
12964 1444828384.118328 0.038452 0.010986 -10.008569
12965 1444828384.128400 -0.049439 0.010986 -10.008569
12966 1444828384.138441 -0.049439 0.010986 -10.008569
12967 1444828384.148705 -0.049439 0.010986 -10.008569
12968 1444828384.158676 -0.049439 0.010986 -10.008569
12969 1444828384.168793 -0.049439 0.010986 -10.008569
12970 1444828384.178862 -0.049439 0.010986 -10.008569
12971 1444828384.189260 -0.049439 0.010986 -10.008569
12972 1444828384.199152 0.038452 -0.076904 -10.008569
12973 1444828384.209298 0.038452 0.010986 -10.008569
12974 1444828384.219398 0.038452 0.010986 -10.008569
12975 1444828384.229495 -0.049439 0.010986 -10.008569
12976 1444828384.239621 0.038452 -0.076904 -10.008569
12977 1444828384.249663 -0.049439 0.010986 -10.008569
12978 1444828384.259732 -0.049439 0.010986 -9.920679
12979 1444828384.269814 0.038452 0.010986 -10.008569
12980 1444828384.279933 -0.049439 0.010986 -10.008569
12981 1444828384.290148 0.038452 0.010986 -10.008569
12982 1444828384.300308 -0.049439 0.010986 -10.008569
12983 1444828384.310431 -0.049439 0.010986 -10.008569
12984 1444828384.320627 0.038452 0.010986 -10.008569
12985 1444828384.331688 -0.049439 0.010986 -10.008569
12986 1444828384.341021 -0.049439 0.010986 -10.008569
12987 1444828384.352488 -0.049439 0.010986 -10.008569
12988 1444828384.362334 0.038452 0.010986 -10.008569
12989 1444828384.372452 -0.049439 0.010986 -10.008569
12990 1444828384.382656 -0.049439 0.010986 -10.008569
12991 1444828384.392833 -0.049439 0.010986 -10.008569
12992 1444828384.402791 0.038452 0.010986 -10.008569
12993 1444828384.412536 -0.049439 0.010986 -10.008569
12994 1444828384.422882 -0.049439 0.010986 -10.008569
12995 1444828384.432404 -0.049439 0.010986 -10.008569
12996 1444828384.442498 -0.049439 0.010986 -10.008569
12997 1444828384.447442 -0.049439 0.010986 -10.008569
12998 1444828384.457499 -0.049439 0.010986 -10.008569
12999 1444828384.467572 -0.049439 0.010986 -10.008569
13000 1444828384.477981 -0.049439 -0.076904 -10.008569
13001 1444828384.488159 -0.049439 -0.076904 -10.008569
13002 1444828384.497923 -0.049439 -0.076904 -10.008569
13003 1444828384.513633 -0.049439 0.010986 -10.008569
13004 1444828384.523581 0.038452 0.010986 -9.920679
13005 1444828384.528789 0.038452 0.010986 -9.920679
13006 1444828384.543956 -0.049439 0.010986 -10.008569
13007 1444828384.553910 -0.049439 0.010986 -10.008569
13008 1444828384.564167 -0.049439 0.010986 -10.008569
13009 1444828384.574288 0.038452 0.010986 -10.008569
13010 1444828384.584264 -0.049439 0.010986 -10.008569
13011 1444828384.594397 -0.049439 0.010986 -10.008569
13012 1444828384.604457 -0.049439 0.010986 -10.008569
13013 1444828384.614713 0.038452 0.010986 -10.008569
13014 1444828384.624800 -0.049439 0.010986 -10.008569
13015 1444828384.634876 -0.049439 0.010986 -10.008569
13016 1444828384.644995 -0.049439 0.010986 -10.008569
13017 1444828384.655150 -0.049439 0.010986 -10.008569
13018 1444828384.665247 0.038452 0.010986 -10.008569
13019 1444828384.675325 -0.049439 0.010986 -10.008569
13020 1444828384.685334 0.038452 0.010986 -10.008569
13021 1444828384.695441 0.038452 0.010986 -10.008569
13022 1444828384.705624 0.038452 0.010986 -10.008569
13023 1444828384.715705 -0.049439 0.010986 -10.008569
13024 1444828384.725758 -0.049439 0.010986 -10.008569
13025 1444828384.735861 -0.049439 0.010986 -10.008569
13026 1444828384.746022 -0.049439 0.010986 -10.008569
13027 1444828384.752011 -0.049439 0.010986 -10.008569
13028 1444828384.762011 0.038452 0.010986 -10.008569
13029 1444828384.772183 -0.049439 0.010986 -10.008569
13030 1444828384.786680 0.038452 0.010986 -10.008569
13031 1444828384.792583 0.038452 0.010986 -10.008569
13032 1444828384.802490 -0.049439 -0.076904 -10.008569
13033 1444828384.812575 -0.049439 0.010986 -10.008569
13034 1444828384.827201 -0.049439 0.010986 -10.008569
13035 1444828384.837271 -0.049439 0.010986 -10.008569
13036 1444828384.843142 -0.049439 0.010986 -10.008569
13037 1444828384.852922 0.038452 0.010986 -10.008569
13038 1444828384.863065 -0.049439 0.010986 -10.008569
13039 1444828384.873236 0.038452 0.010986 -10.008569
13040 1444828384.882659 -0.049439 0.010986 -10.008569
13041 1444828384.893448 0.038452 0.010986 -10.008569
13042 1444828384.908036 -0.049439 0.010986 -10.008569
13043 1444828384.913718 -0.049439 0.010986 -10.008569
13044 1444828384.928292 -0.049439 0.010986 -10.008569
13045 1444828384.933702 0.038452 0.010986 -10.008569
13046 1444828384.944141 0.038452 -0.076904 -10.008569
13047 1444828384.953727 -0.049439 0.010986 -10.008569
13048 1444828384.968776 -0.049439 0.010986 -10.008569
13049 1444828384.978837 0.038452 0.010986 -10.008569
13050 1444828384.988924 0.038452 0.010986 -10.008569
13051 1444828384.994213 0.038452 0.010986 -10.008569
13052 1444828385.001816 -0.049439 0.010986 -10.008569
13053 1444828385.014201 -0.049439 0.010986 -10.008569
13054 1444828385.029406 0.038452 0.010986 -10.008569
13055 1444828385.039570 0.038452 -0.076904 -10.008569
13056 1444828385.041814 -0.049439 0.010986 -10.008569
13057 1444828385.052292 0.038452 0.010986 -10.008569
13058 1444828385.062138 0.038452 0.010986 -10.008569
13059 1444828385.079990 0.038452 0.010986 -9.920679
13060 1444828385.090139 0.038452 0.010986 -10.008569
13061 1444828385.100173 0.038452 0.010986 -10.008569
13062 1444828385.110326 0.038452 0.010986 -9.920679
13063 1444828385.120399 0.038452 0.010986 -10.008569
13064 1444828385.130574 -0.049439 0.010986 -10.008569
13065 1444828385.140639 -0.049439 0.010986 -10.008569
13066 1444828385.146693 -0.049439 0.010986 -10.008569
13067 1444828385.160897 -0.049439 0.010986 -10.008569
13068 1444828385.171017 0.038452 0.010986 -10.008569
13069 1444828385.181190 -0.049439 0.010986 -10.008569
13070 1444828385.186885 -0.049439 0.010986 -10.008569
13071 1444828385.197028 -0.049439 0.010986 -10.008569
13072 1444828385.207163 0.038452 -0.076904 -10.008569
13073 1444828385.217880 -0.049439 0.010986 -10.008569
13074 1444828385.227354 -0.049439 0.010986 -10.008569
13075 1444828385.237027 -0.049439 0.010986 -10.008569
13076 1444828385.247396 -0.049439 0.010986 -9.920679
13077 1444828385.258023 0.038452 0.010986 -9.920679
13078 1444828385.267981 -0.049439 0.010986 -10.008569
13079 1444828385.277694 0.038452 0.010986 -10.008569
13080 1444828385.287775 0.038452 0.010986 -10.008569
13081 1444828385.298956 0.038452 0.010986 -10.008569
13082 1444828385.307930 -0.049439 0.010986 -10.008569
13083 1444828385.318107 -0.049439 0.010986 -10.008569
13084 1444828385.328605 -0.049439 -0.076904 -10.008569
13085 1444828385.339399 0.038452 0.010986 -10.008569
13086 1444828385.348574 -0.049439 0.010986 -10.008569
13087 1444828385.358712 0.038452 0.010986 -10.008569
13088 1444828385.369580 0.038452 0.010986 -10.008569
13089 1444828385.379003 -0.049439 0.010986 -10.008569
13090 1444828385.389944 -0.049439 -0.076904 -10.008569
13091 1444828385.400147 0.038452 0.010986 -10.008569
13092 1444828385.406652 -0.049439 0.010986 -10.008569
13093 1444828385.420263 -0.049439 0.010986 -9.920679
13094 1444828385.430468 -0.049439 0.010986 -10.008569
13095 1444828385.439927 0.038452 0.010986 -10.008569
13096 1444828385.447035 0.038452 0.010986 -10.008569
13097 1444828385.456948 -0.049439 0.010986 -10.008569
13098 1444828385.466955 0.038452 0.010986 -10.008569
13099 1444828385.477030 -0.049439 0.010986 -10.008569
13100 1444828385.487194 -0.049439 -0.076904 -10.008569
13101 1444828385.497416 0.038452 0.010986 -10.008569
13102 1444828385.507693 -0.049439 0.010986 -10.008569
13103 1444828385.517523 0.038452 0.010986 -10.008569
13104 1444828385.531761 -0.049439 0.010986 -10.008569
13105 1444828385.541788 -0.049439 0.010986 -10.008569
13106 1444828385.552017 -0.049439 0.010986 -10.008569
13107 1444828385.562187 0.038452 0.010986 -10.008569
13108 1444828385.572264 -0.049439 -0.076904 -10.008569
13109 1444828385.582409 -0.049439 0.010986 -10.008569
13110 1444828385.592641 0.038452 -0.076904 -10.008569
13111 1444828385.602809 0.038452 0.010986 -10.008569
13112 1444828385.612949 0.038452 0.010986 -10.008569
13113 1444828385.622970 -0.049439 0.010986 -10.008569
13114 1444828385.633084 0.038452 0.010986 -10.008569
13115 1444828385.643260 -0.049439 0.010986 -10.008569
13116 1444828385.653357 0.038452 0.010986 -10.008569
13117 1444828385.663467 0.038452 0.010986 -10.008569
13118 1444828385.673568 0.038452 0.010986 -10.008569
13119 1444828385.683699 0.038452 0.010986 -10.008569
13120 1444828385.693825 -0.049439 0.010986 -10.008569
13121 1444828385.703917 0.038452 0.010986 -10.008569
13122 1444828385.714087 0.038452 0.010986 -10.008569
13123 1444828385.724193 -0.049439 0.010986 -10.008569
13124 1444828385.734264 -0.049439 0.010986 -10.008569
13125 1444828385.744406 -0.049439 0.010986 -10.008569
13126 1444828385.754505 -0.049439 0.010986 -10.008569
13127 1444828385.764608 -0.049439 0.010986 -10.008569
13128 1444828385.774721 0.038452 0.010986 -10.008569
13129 1444828385.784804 -0.049439 0.010986 -10.008569
13130 1444828385.794869 0.038452 0.010986 -10.008569
13131 1444828385.805056 -0.049439 0.010986 -10.008569
13132 1444828385.815175 -0.049439 0.010986 -10.008569
13133 1444828385.825266 0.038452 0.010986 -10.008569
13134 1444828385.835386 -0.049439 0.010986 -10.008569
13135 1444828385.845543 0.038452 0.010986 -10.008569
13136 1444828385.851851 0.038452 0.010986 -10.008569
13137 1444828385.865791 0.038452 0.010986 -10.008569
13138 1444828385.875903 0.038452 0.010986 -10.008569
13139 1444828385.882326 -0.049439 -0.076904 -10.008569
13140 1444828385.892213 -0.049439 0.010986 -10.008569
13141 1444828385.903288 -0.049439 0.010986 -10.008569
13142 1444828385.912525 0.038452 0.010986 -10.008569
13143 1444828385.923652 0.038452 0.010986 -10.008569
13144 1444828385.932466 0.038452 0.010986 -10.008569
13145 1444828385.942798 -0.049439 0.010986 -9.920679
13146 1444828385.952961 0.038452 0.010986 -10.008569
13147 1444828385.962116 0.038452 0.010986 -10.008569
