3687 1445961457.675111 -0.049439 0.010986 -9.920679
3688 1445961457.685114 -0.049439 0.010986 -10.008569
3689 1445961457.695045 -0.049439 0.010986 -10.008569
3690 1445961457.705083 -0.049439 0.010986 -10.008569
3691 1445961457.715232 -0.049439 0.010986 -10.008569
3692 1445961457.725290 -0.049439 0.010986 -9.920679
3693 1445961457.740414 -0.049439 0.010986 -9.920679
3694 1445961457.750442 -0.049439 0.010986 -10.008569
3695 1445961457.760403 -0.049439 0.010986 -9.920679
3696 1445961457.770380 -0.049439 0.010986 -9.920679
3697 1445961457.780440 -0.049439 -0.076904 -9.920679
3698 1445961457.790524 -0.049439 0.010986 -10.008569
3699 1445961457.800458 -0.049439 0.010986 -9.920679
3700 1445961457.810531 -0.049439 0.010986 -10.008569
3701 1445961457.820547 -0.049439 0.010986 -10.008569
3702 1445961457.830559 -0.049439 0.010986 -10.008569
3703 1445961457.840569 -0.049439 0.010986 -10.008569
3704 1445961457.850504 -0.049439 0.010986 -10.008569
3705 1445961457.860642 -0.049439 -0.076904 -9.920679
3706 1445961457.870652 -0.049439 0.010986 -9.920679
3707 1445961457.880626 -0.049439 -0.076904 -9.920679
3708 1445961457.891869 -0.049439 0.010986 -9.920679
3709 1445961457.900672 -0.049439 -0.076904 -9.920679
3710 1445961457.910696 -0.049439 -0.076904 -10.008569
3711 1445961457.920688 -0.049439 0.010986 -10.008569
3712 1445961457.930715 -0.049439 0.010986 -9.920679
3713 1445961457.941888 -0.049439 0.010986 -10.008569
3714 1445961457.951805 -0.049439 0.010986 -10.008569
3715 1445961457.961779 -0.049439 0.010986 -10.008569
3716 1445961457.970832 -0.049439 0.010986 -9.920679
3717 1445961457.980850 -0.049439 0.010986 -10.008569
3718 1445961457.991994 -0.049439 0.010986 -10.008569
3719 1445961458.001829 -0.049439 0.010986 -9.920679
3720 1445961458.011742 -0.049439 0.010986 -9.920679
3721 1445961458.021785 -0.049439 0.010986 -9.920679
3722 1445961458.031852 -0.049439 0.010986 -10.008569
3723 1445961458.042069 -0.049439 0.010986 -10.008569
3724 1445961458.051932 -0.049439 0.010986 -9.920679
3725 1445961458.061834 -0.049439 0.010986 -9.920679
3726 1445961458.071854 -0.049439 0.010986 -9.920679
3727 1445961458.081906 -0.049439 0.010986 -9.920679
3728 1445961458.092182 -0.049439 0.010986 -10.008569
3729 1445961458.101892 -0.049439 0.010986 -10.008569
3730 1445961458.111909 -0.049439 0.010986 -10.008569
3731 1445961458.121884 -0.049439 0.010986 -10.008569
3732 1445961458.132029 -0.049439 0.010986 -10.008569
3733 1445961458.142405 -0.049439 0.010986 -10.008569
3734 1445961458.152086 -0.049439 0.010986 -9.920679
3735 1445961458.162072 -0.049439 0.010986 -9.920679
3736 1445961458.172112 -0.049439 0.010986 -10.008569
3737 1445961458.182132 -0.049439 0.010986 -9.920679
3738 1445961458.192432 -0.049439 0.010986 -9.920679
3739 1445961458.202146 -0.049439 0.010986 -10.008569
3740 1445961458.212389 -0.049439 0.010986 -10.008569
3741 1445961458.222342 -0.049439 0.010986 -10.008569
3742 1445961458.232376 -0.049439 0.010986 -9.920679
3743 1445961458.242670 -0.049439 0.010986 -10.008569
3744 1445961458.252350 -0.049439 0.010986 -9.920679
3745 1445961458.262371 -0.049439 0.010986 -9.920679
3746 1445961458.272470 -0.049439 0.010986 -9.920679
3747 1445961458.282445 -0.049439 0.010986 -9.920679
3748 1445961458.292782 -0.049439 0.010986 -9.920679
3749 1445961458.302416 -0.049439 0.010986 -9.920679
3750 1445961458.312547 -0.049439 0.010986 -10.008569
3751 1445961458.322552 -0.049439 0.010986 -10.008569
3752 1445961458.332569 -0.049439 0.010986 -9.920679
3753 1445961458.342872 -0.049439 0.010986 -10.008569
3754 1445961458.352610 -0.049439 0.010986 -9.920679
3755 1445961458.362749 -0.049439 0.010986 -10.008569
3756 1445961458.372829 -0.049439 0.010986 -9.920679
3757 1445961458.382783 -0.049439 0.010986 -9.920679
3758 1445961458.393017 -0.049439 0.010986 -9.920679
3759 1445961458.402724 -0.049439 0.010986 -9.920679
3760 1445961458.412746 -0.049439 -0.076904 -9.920679
3761 1445961458.422831 -0.049439 0.010986 -10.008569
3762 1445961458.432873 -0.049439 0.010986 -9.920679
3763 1445961458.443057 -0.049439 0.010986 -9.920679
3764 1445961458.452821 -0.049439 0.010986 -9.920679
3765 1445961458.462918 -0.049439 0.010986 -9.920679
3766 1445961458.472896 -0.049439 0.010986 -10.008569
3767 1445961458.482821 -0.049439 0.010986 -10.008569
3768 1445961458.493204 -0.049439 0.010986 -10.008569
3769 1445961458.502859 -0.049439 0.010986 -9.920679
3770 1445961458.513026 -0.049439 0.010986 -9.920679
3771 1445961458.523009 -0.049439 0.010986 -10.008569
3772 1445961458.532985 -0.049439 -0.076904 -9.920679
3773 1445961458.543333 -0.049439 0.010986 -10.008569
3774 1445961458.553061 -0.049439 -0.076904 -10.008569
3775 1445961458.563201 -0.049439 -0.076904 -9.920679
3776 1445961458.573188 -0.049439 0.010986 -10.008569
3777 1445961458.583296 -0.049439 0.010986 -9.920679
3778 1445961458.593395 -0.049439 -0.076904 -10.008569
3779 1445961458.603255 -0.049439 0.010986 -9.920679
3780 1445961458.613338 -0.049439 0.010986 -9.920679
3781 1445961458.623233 -0.049439 0.010986 -10.008569
3782 1445961458.633239 -0.049439 0.010986 -9.920679
3783 1445961458.643433 -0.049439 0.010986 -9.920679
3784 1445961458.653250 -0.049439 0.010986 -9.920679
3785 1445961458.663302 -0.049439 0.010986 -10.008569
3786 1445961458.673367 -0.049439 0.010986 -10.008569
3787 1445961458.683383 -0.049439 0.010986 -9.920679
3788 1445961458.693517 -0.049439 0.010986 -9.920679
3789 1445961458.703326 -0.049439 0.010986 -10.008569
3790 1445961458.713461 -0.049439 0.010986 -10.008569
3791 1445961458.723508 -0.049439 0.010986 -10.008569
3792 1445961458.733491 -0.049439 0.010986 -9.920679
3793 1445961458.743631 -0.049439 0.010986 -10.008569
3794 1445961458.753441 -0.049439 0.010986 -9.920679
3795 1445961458.763648 -0.049439 0.010986 -10.008569
3796 1445961458.773581 -0.049439 0.010986 -9.920679
3797 1445961458.783559 -0.049439 0.010986 -10.008569
3798 1445961458.793656 -0.049439 0.010986 -10.008569
3799 1445961458.803546 -0.049439 0.010986 -10.008569
3800 1445961458.813599 -0.049439 0.010986 -10.008569
3801 1445961458.823646 -0.049439 0.010986 -10.008569
3802 1445961458.833624 -0.049439 0.010986 -10.008569
3803 1445961458.843950 -0.049439 0.010986 -9.920679
3804 1445961458.853694 -0.049439 -0.076904 -9.920679
3805 1445961458.863748 -0.049439 0.010986 -10.008569
3806 1445961458.873807 -0.049439 0.010986 -10.008569
3807 1445961458.883778 -0.049439 0.010986 -10.008569
3808 1445961458.893889 -0.049439 0.010986 -10.008569
3809 1445961458.903721 -0.049439 0.010986 -10.008569
3810 1445961458.913909 -0.049439 0.010986 -10.008569
3811 1445961458.923913 -0.049439 0.010986 -10.008569
3812 1445961458.933913 -0.049439 0.010986 -10.008569
3813 1445961458.944089 -0.049439 0.010986 -9.920679
3814 1445961458.953923 -0.049439 0.010986 -10.008569
3815 1445961458.964021 -0.049439 0.010986 -10.008569
3816 1445961458.973984 -0.049439 0.010986 -9.920679
3817 1445961458.984069 -0.049439 0.010986 -10.008569
3818 1445961458.994118 -0.049439 0.010986 -9.920679
3819 1445961459.004096 -0.049439 0.010986 -10.008569
3820 1445961459.014122 -0.049439 -0.076904 -10.008569
3821 1445961459.024144 -0.049439 0.010986 -10.008569
3822 1445961459.034143 -0.049439 0.010986 -9.920679
3823 1445961459.044460 -0.049439 0.010986 -9.920679
3824 1445961459.054111 -0.049439 0.010986 -9.920679
3825 1445961459.064240 -0.049439 0.010986 -10.008569
3826 1445961459.074304 -0.049439 0.010986 -9.920679
3827 1445961459.084272 -0.049439 0.010986 -9.920679
3828 1445961459.094332 -0.049439 0.010986 -9.920679
3829 1445961459.104214 -0.049439 0.010986 -9.920679
3830 1445961459.114225 -0.049439 0.010986 -10.008569
3831 1445961459.124237 -0.049439 0.010986 -10.008569
3832 1445961459.134250 -0.049439 -0.076904 -9.920679
3833 1445961459.144315 -0.049439 0.010986 -10.008569
3834 1445961459.154315 -0.049439 0.010986 -10.008569
3835 1445961459.164321 -0.049439 0.010986 -10.008569
3836 1445961459.174385 -0.049439 0.010986 -10.008569
3837 1445961459.184381 -0.049439 0.010986 -10.008569
3838 1445961459.194481 -0.049439 0.010986 -9.920679
3839 1445961459.204374 -0.049439 0.010986 -9.920679
3840 1445961459.214473 -0.049439 0.010986 -9.920679
3841 1445961459.224494 -0.049439 0.010986 -9.920679
3842 1445961459.234507 -0.049439 0.010986 -10.008569
3843 1445961459.244534 -0.049439 0.010986 -10.008569
3844 1445961459.254500 -0.049439 0.010986 -9.920679
3845 1445961459.264532 -0.049439 0.010986 -9.920679
3846 1445961459.274627 -0.049439 0.010986 -9.920679
3847 1445961459.284590 -0.049439 0.010986 -10.008569
3848 1445961459.294714 -0.049439 0.010986 -9.920679
3849 1445961459.304692 -0.049439 0.010986 -10.008569
3850 1445961459.314699 -0.049439 0.010986 -10.008569
3851 1445961459.324735 -0.049439 0.010986 -10.008569
3852 1445961459.334754 -0.049439 0.010986 -9.920679
3853 1445961459.344759 -0.049439 0.010986 -10.008569
3854 1445961459.354758 -0.049439 0.010986 -10.008569
3855 1445961459.364846 -0.049439 0.010986 -10.008569
3856 1445961459.374840 -0.049439 0.010986 -10.008569
3857 1445961459.384849 -0.049439 0.010986 -9.920679
3858 1445961459.394866 -0.049439 0.010986 -10.008569
3859 1445961459.404820 -0.049439 0.010986 -10.008569
3860 1445961459.414940 -0.049439 0.010986 -10.008569
3861 1445961459.424960 -0.049439 0.010986 -10.008569
3862 1445961459.434971 -0.049439 -0.076904 -10.008569
3863 1445961459.444897 -0.049439 -0.076904 -10.008569
3864 1445961459.455007 -0.049439 0.010986 -10.008569
3865 1445961459.465066 -0.049439 0.010986 -10.008569
3866 1445961459.475059 -0.049439 0.010986 -10.008569
3867 1445961459.485110 -0.049439 0.010986 -10.008569
3868 1445961459.495077 -0.049439 0.010986 -10.008569
3869 1445961459.505181 -0.049439 0.010986 -10.008569
3870 1445961459.515216 -0.049439 0.010986 -10.008569
3871 1445961459.525269 -0.049439 0.010986 -10.008569
3872 1445961459.535261 -0.049439 -0.076904 -10.008569
3873 1445961459.545257 -0.049439 0.010986 -10.008569
3874 1445961459.555337 -0.049439 0.010986 -9.920679
3875 1445961459.565369 -0.049439 0.010986 -10.008569
3876 1445961459.575348 -0.049439 0.010986 -10.008569
3877 1445961459.587113 -0.049439 -0.076904 -9.920679
3878 1445961459.600487 -0.049439 0.010986 -9.920679
3879 1445961459.610435 -0.049439 0.010986 -10.008569
3880 1445961459.620470 -0.049439 0.010986 -10.008569
3881 1445961459.630522 -0.049439 0.010986 -10.008569
3882 1445961459.640601 -0.049439 0.010986 -10.008569
3883 1445961459.650625 -0.049439 0.010986 -10.008569
3884 1445961459.660529 -0.049439 -0.076904 -10.008569
3885 1445961459.670599 -0.049439 0.010986 -9.920679
3886 1445961459.680611 -0.049439 0.010986 -10.008569
3887 1445961459.690805 -0.049439 0.010986 -10.008569
3888 1445961459.700641 -0.049439 0.010986 -9.920679
3889 1445961459.710779 -0.049439 0.010986 -9.920679
3890 1445961459.720843 -0.049439 0.010986 -10.008569
3891 1445961459.730839 -0.049439 0.010986 -10.008569
3892 1445961459.741938 0.038452 0.010986 -10.008569
3893 1445961459.751800 -0.049439 0.010986 -10.008569
3894 1445961459.761664 0.038452 0.010986 -10.008569
3895 1445961459.770868 -0.049439 0.010986 -10.008569
3896 1445961459.780895 -0.049439 0.010986 -9.920679
3897 1445961459.792150 0.038452 0.010986 -9.920679
3898 1445961459.801824 0.038452 0.010986 -10.008569
3899 1445961459.811890 -0.049439 0.010986 -10.008569
3900 1445961459.821888 0.038452 0.010986 -9.920679
3901 1445961459.831869 -0.049439 0.010986 -10.008569
3902 1445961459.842173 0.038452 0.010986 -10.008569
3903 1445961459.851994 0.038452 0.010986 -9.920679
3904 1445961459.861877 -0.049439 0.010986 -10.008569
3905 1445961459.871962 0.038452 0.010986 -9.920679
3906 1445961459.881924 0.038452 0.010986 -10.008569
3907 1445961459.892265 -0.049439 0.010986 -10.008569
3908 1445961459.902057 -0.049439 -0.076904 -10.008569
3909 1445961459.911910 0.038452 0.010986 -10.008569
3910 1445961459.921990 -0.049439 0.010986 -10.008569
3911 1445961459.932009 -0.049439 0.010986 -10.008569
3912 1445961459.942307 -0.049439 0.010986 -10.008569
3913 1445961459.952132 0.038452 0.010986 -9.920679
3914 1445961459.962060 -0.049439 0.010986 -10.008569
3915 1445961459.972231 0.038452 0.010986 -10.008569
3916 1445961459.982140 0.038452 0.010986 -10.008569
3917 1445961459.992409 0.038452 0.010986 -10.008569
3918 1445961460.002134 0.038452 0.010986 -10.008569
3919 1445961460.012245 -0.049439 0.010986 -9.920679
3920 1445961460.022361 -0.049439 0.010986 -10.008569
3921 1445961460.032282 -0.049439 0.010986 -10.008569
3922 1445961460.042404 0.038452 0.010986 -10.008569
3923 1445961460.052281 -0.049439 0.010986 -10.008569
3924 1445961460.062387 -0.049439 0.010986 -10.008569
3925 1445961460.072328 0.038452 0.010986 -10.008569
3926 1445961460.082483 0.038452 0.010986 -9.920679
3927 1445961460.092573 0.038452 0.010986 -9.920679
3928 1445961460.102418 -0.049439 0.010986 -10.008569
3929 1445961460.112432 -0.049439 0.010986 -10.008569
3930 1445961460.122495 0.038452 0.010986 -10.008569
3931 1445961460.132586 -0.049439 0.010986 -10.008569
3932 1445961460.142673 0.038452 0.010986 -10.008569
3933 1445961460.152479 -0.049439 0.010986 -10.008569
3934 1445961460.162640 -0.049439 0.010986 -10.008569
3935 1445961460.172715 0.038452 0.010986 -9.920679
3936 1445961460.182656 -0.049439 -0.076904 -9.920679
3937 1445961460.192894 -0.049439 0.010986 -10.008569
3938 1445961460.202621 0.038452 0.010986 -10.008569
3939 1445961460.212749 0.038452 0.010986 -10.008569
3940 1445961460.222707 -0.049439 0.010986 -9.920679
3941 1445961460.232721 0.038452 0.010986 -10.008569
3942 1445961460.242923 0.038452 0.010986 -10.008569
3943 1445961460.252800 -0.049439 0.010986 -9.920679
3944 1445961460.262835 -0.049439 0.010986 -9.920679
3945 1445961460.272820 0.038452 0.010986 -9.920679
3946 1445961460.282808 -0.049439 0.010986 -10.008569
3947 1445961460.293022 -0.049439 0.010986 -10.008569
3948 1445961460.302939 0.038452 0.010986 -10.008569
3949 1445961460.312889 0.038452 0.010986 -10.008569
3950 1445961460.322919 -0.049439 -0.076904 -10.008569
3951 1445961460.333023 0.038452 0.010986 -10.008569
3952 1445961460.343301 -0.049439 0.010986 -10.008569
3953 1445961460.352974 0.038452 0.010986 -10.008569
3954 1445961460.363108 -0.049439 0.010986 -9.920679
3955 1445961460.373082 -0.049439 -0.076904 -10.008569
3956 1445961460.383229 0.038452 0.010986 -10.008569
3957 1445961460.393309 -0.049439 0.010986 -10.008569
3958 1445961460.403279 0.038452 -0.076904 -10.008569
3959 1445961460.413240 -0.049439 0.010986 -9.920679
3960 1445961460.423331 -0.049439 0.010986 -10.008569
3961 1445961460.433331 0.038452 0.010986 -10.008569
3962 1445961460.443500 -0.049439 0.010986 -9.920679
3963 1445961460.453249 -0.049439 0.010986 -10.008569
3964 1445961460.463378 -0.049439 0.010986 -10.008569
3965 1445961460.473404 0.038452 0.010986 -10.008569
3966 1445961460.483461 -0.049439 0.010986 -9.920679
3967 1445961460.493604 -0.049439 0.010986 -10.008569
3968 1445961460.503398 0.038452 0.010986 -10.008569
3969 1445961460.513435 0.038452 0.010986 -10.008569
3970 1445961460.523485 -0.049439 0.010986 -10.008569
3971 1445961460.533497 -0.049439 0.010986 -10.008569
3972 1445961460.543772 -0.049439 0.010986 -9.920679
3973 1445961460.553582 0.038452 0.010986 -10.008569
3974 1445961460.563679 -0.049439 -0.076904 -9.920679
3975 1445961460.573656 0.038452 0.010986 -10.008569
3976 1445961460.583621 0.038452 0.010986 -9.920679
3977 1445961460.593695 0.038452 0.010986 -9.920679
3978 1445961460.603633 0.038452 0.010986 -10.008569
3979 1445961460.613698 0.038452 0.010986 -10.008569
3980 1445961460.623685 0.038452 0.010986 -10.008569
3981 1445961460.633785 0.038452 0.010986 -10.008569
3982 1445961460.643858 -0.049439 0.010986 -10.008569
3983 1445961460.653683 0.038452 0.010986 -10.008569
3984 1445961460.663758 0.038452 0.010986 -10.008569
3985 1445961460.673767 0.038452 0.010986 -9.920679
3986 1445961460.683842 0.038452 -0.076904 -10.008569
3987 1445961460.693987 0.038452 0.010986 -10.008569
3988 1445961460.703740 0.038452 -0.076904 -10.008569
3989 1445961460.713890 0.038452 0.010986 -10.008569
3990 1445961460.723893 0.038452 0.010986 -10.008569
3991 1445961460.733911 0.038452 0.010986 -10.008569
3992 1445961460.743929 0.038452 0.010986 -10.008569
3993 1445961460.753833 0.038452 0.010986 -10.008569
3994 1445961460.764011 0.038452 0.010986 -10.008569
3995 1445961460.774010 0.038452 0.010986 -10.008569
3996 1445961460.784040 0.038452 0.010986 -10.008569
3997 1445961460.794101 0.038452 0.010986 -9.920679
3998 1445961460.803994 0.038452 0.010986 -9.920679
3999 1445961460.814115 0.038452 0.010986 -10.008569
4000 1445961460.824155 0.038452 0.010986 -10.008569
4001 1445961460.834134 0.038452 0.010986 -10.008569
4002 1445961460.844175 0.038452 0.010986 -10.008569
4003 1445961460.854120 0.038452 0.010986 -10.008569
4004 1445961460.864144 0.038452 0.010986 -10.008569
4005 1445961460.874155 0.038452 0.010986 -10.008569
4006 1445961460.884163 0.038452 0.010986 -10.008569
4007 1445961460.894283 0.038452 0.010986 -10.008569
4008 1445961460.904239 0.038452 0.010986 -10.008569
4009 1445961460.914255 0.038452 0.010986 -10.008569
4010 1445961460.924269 0.038452 0.010986 -10.008569
4011 1445961460.934313 0.038452 0.010986 -9.920679
4012 1445961460.944355 0.038452 0.010986 -10.008569
4013 1445961460.954283 0.038452 0.010986 -10.008569
4014 1445961460.964393 0.038452 0.010986 -10.008569
4015 1445961460.974416 0.038452 0.010986 -10.008569
4016 1445961460.984413 0.038452 0.010986 -10.008569
4017 1445961460.994457 0.038452 0.010986 -10.008569
4018 1445961461.004396 0.038452 0.010986 -9.920679
4019 1445961461.014467 0.038452 -0.076904 -10.008569
4020 1445961461.024502 0.038452 -0.076904 -9.920679
4021 1445961461.034534 0.038452 -0.076904 -10.008569
4022 1445961461.044620 0.038452 0.010986 -10.008569
4023 1445961461.054460 0.038452 0.010986 -10.008569
4024 1445961461.064601 -0.049439 0.010986 -10.008569
4025 1445961461.074647 0.038452 -0.076904 -10.008569
4026 1445961461.089839 0.038452 -0.076904 -10.008569
4027 1445961461.099833 0.038452 -0.076904 -10.008569
4028 1445961461.109807 0.038452 0.010986 -10.008569
4029 1445961461.119720 0.038452 0.010986 -10.008569
4030 1445961461.129792 -0.049439 0.010986 -10.008569
4031 1445961461.140048 0.038452 -0.076904 -10.008569
4032 1445961461.150024 0.038452 0.010986 -10.008569
4033 1445961461.159975 0.038452 0.010986 -10.008569
4034 1445961461.169888 0.038452 -0.076904 -10.008569
4035 1445961461.179955 -0.049439 -0.076904 -10.008569
4036 1445961461.190129 0.038452 0.010986 -10.008569
4037 1445961461.200140 0.038452 0.010986 -10.008569
4038 1445961461.209999 0.038452 0.010986 -10.008569
4039 1445961461.220042 0.038452 0.010986 -10.008569
4040 1445961461.230016 0.038452 0.010986 -10.008569
4041 1445961461.240166 0.038452 0.010986 -10.008569
4042 1445961461.250096 0.038452 0.010986 -10.008569
4043 1445961461.260106 0.038452 0.010986 -10.008569
4044 1445961461.270150 0.038452 0.010986 -10.008569
4045 1445961461.280230 0.038452 0.010986 -10.008569
4046 1445961461.290298 0.038452 0.010986 -10.008569
4047 1445961461.300264 0.038452 0.010986 -10.008569
4048 1445961461.310255 0.038452 0.010986 -10.008569
4049 1445961461.320271 0.038452 0.010986 -10.008569
4050 1445961461.330297 0.038452 0.010986 -10.008569
4051 1445961461.340335 -0.049439 0.010986 -10.008569
4052 1445961461.350344 0.038452 0.010986 -10.008569
4053 1445961461.360325 0.038452 0.010986 -10.008569
4054 1445961461.370337 0.038452 0.010986 -10.008569
4055 1445961461.380381 0.038452 0.010986 -10.008569
4056 1445961461.390451 0.038452 0.010986 -10.008569
4057 1445961461.400473 0.038452 0.010986 -10.008569
4058 1445961461.410430 0.038452 -0.076904 -10.008569
4059 1445961461.420451 0.038452 0.010986 -10.008569
4060 1445961461.430491 0.038452 0.010986 -10.008569
4061 1445961461.441750 0.038452 -0.076904 -10.008569
4062 1445961461.451824 0.038452 -0.076904 -10.008569
4063 1445961461.460561 0.038452 0.010986 -10.008569
4064 1445961461.470691 0.038452 0.010986 -10.008569
4065 1445961461.480720 0.038452 0.010986 -10.008569
4066 1445961461.491924 0.038452 0.010986 -10.008569
4067 1445961461.501813 0.038452 -0.076904 -10.008569
4068 1445961461.510677 0.038452 0.010986 -10.008569
4069 1445961461.520734 0.038452 -0.076904 -10.008569
4070 1445961461.531698 0.038452 0.010986 -10.008569
4071 1445961461.541978 0.038452 0.010986 -10.008569
4072 1445961461.551800 0.038452 0.010986 -10.008569
4073 1445961461.561652 0.038452 0.010986 -10.008569
4074 1445961461.571801 0.038452 -0.076904 -10.008569
4075 1445961461.581594 0.038452 0.010986 -10.008569
4076 1445961461.591990 0.038452 0.010986 -10.008569
4077 1445961461.601749 0.038452 -0.076904 -10.008569
4078 1445961461.611678 0.038452 -0.076904 -10.008569
4079 1445961461.621610 0.038452 0.010986 -10.008569
4080 1445961461.631778 0.038452 0.010986 -10.008569
4081 1445961461.642045 0.038452 0.010986 -10.008569
4082 1445961461.651848 0.038452 0.010986 -10.008569
4083 1445961461.661821 0.038452 0.010986 -10.008569
4084 1445961461.671685 0.038452 0.010986 -10.008569
4085 1445961461.681803 0.038452 0.010986 -10.008569
4086 1445961461.692135 0.038452 0.010986 -10.008569
4087 1445961461.701928 0.038452 0.010986 -10.008569
4088 1445961461.711886 0.038452 0.010986 -10.008569
4089 1445961461.721823 0.038452 0.010986 -10.008569
4090 1445961461.731797 0.038452 -0.076904 -10.008569
4091 1445961461.742198 0.038452 0.010986 -10.008569
4092 1445961461.752081 0.038452 0.010986 -10.008569
4093 1445961461.761871 0.038452 0.010986 -10.008569
4094 1445961461.771869 0.038452 -0.076904 -10.008569
4095 1445961461.781851 0.038452 -0.076904 -10.008569
4096 1445961461.792215 0.038452 0.010986 -10.008569
4097 1445961461.802180 -0.049439 0.010986 -10.008569
4098 1445961461.812131 0.038452 -0.076904 -10.008569
4099 1445961461.822124 0.038452 -0.076904 -10.008569
4100 1445961461.832190 0.038452 0.010986 -10.008569
4101 1445961461.842339 0.038452 0.010986 -10.008569
4102 1445961461.852245 0.038452 0.010986 -10.008569
4103 1445961461.862289 0.038452 0.010986 -10.008569
4104 1445961461.872370 0.038452 0.010986 -10.008569
4105 1445961461.882368 0.038452 0.010986 -10.008569
4106 1445961461.892375 0.038452 0.010986 -10.008569
4107 1445961461.902224 0.038452 0.010986 -10.008569
4108 1445961461.912315 0.038452 -0.076904 -10.008569
4109 1445961461.922381 0.038452 0.010986 -10.008569
4110 1445961461.932325 0.038452 0.010986 -10.008569
4111 1445961461.942684 0.038452 0.010986 -10.008569
4112 1445961461.952315 0.038452 0.010986 -10.008569
4113 1445961461.962498 0.038452 0.010986 -10.008569
4114 1445961461.972609 0.038452 0.010986 -10.008569
4115 1445961461.982565 0.038452 -0.076904 -10.008569
4116 1445961461.992767 0.038452 0.010986 -10.008569
4117 1445961462.002435 0.038452 -0.076904 -10.008569
4118 1445961462.012563 0.038452 -0.076904 -10.008569
4119 1445961462.022616 0.038452 0.010986 -10.008569
4120 1445961462.032594 0.038452 0.010986 -10.008569
4121 1445961462.042822 0.038452 0.010986 -10.008569
4122 1445961462.052582 0.038452 0.010986 -10.008569
4123 1445961462.062580 0.038452 0.010986 -10.008569
4124 1445961462.072636 0.038452 0.010986 -10.008569
4125 1445961462.082690 0.038452 -0.076904 -10.008569
4126 1445961462.092888 0.038452 -0.076904 -10.008569
4127 1445961462.102642 0.038452 0.010986 -10.008569
4128 1445961462.112811 0.038452 0.010986 -10.008569
4129 1445961462.122681 0.038452 0.010986 -10.008569
4130 1445961462.132697 0.038452 0.010986 -10.008569
4131 1445961462.142912 0.038452 0.010986 -10.008569
4132 1445961462.152787 0.038452 0.010986 -10.008569
4133 1445961462.162853 0.038452 0.010986 -10.008569
4134 1445961462.172852 0.038452 0.010986 -10.008569
4135 1445961462.182903 0.038452 0.010986 -10.008569
4136 1445961462.192945 0.038452 0.010986 -10.008569
4137 1445961462.202796 0.038452 0.010986 -10.008569
4138 1445961462.212946 0.038452 0.010986 -10.008569
4139 1445961462.222936 0.038452 0.010986 -10.008569
4140 1445961462.232943 -0.049439 -0.076904 -10.008569
4141 1445961462.243073 0.038452 -0.076904 -10.008569
4142 1445961462.252920 0.038452 -0.076904 -10.008569
4143 1445961462.263012 0.038452 -0.076904 -10.008569
4144 1445961462.273062 0.038452 0.010986 -10.008569
4145 1445961462.283062 -0.049439 -0.076904 -10.008569
4146 1445961462.293240 0.038452 0.010986 -10.008569
4147 1445961462.303029 0.038452 0.010986 -10.008569
4148 1445961462.313154 -0.049439 0.010986 -10.008569
4149 1445961462.323106 0.038452 0.010986 -10.008569
4150 1445961462.333214 0.038452 0.010986 -10.008569
4151 1445961462.343340 0.038452 0.010986 -10.008569
4152 1445961462.353110 0.038452 0.010986 -10.008569
4153 1445961462.363231 0.038452 0.010986 -10.008569
4154 1445961462.373249 0.038452 -0.076904 -10.008569
4155 1445961462.383290 -0.049439 0.010986 -10.008569
4156 1445961462.393438 0.038452 0.010986 -10.008569
4157 1445961462.403272 0.038452 0.010986 -10.008569
4158 1445961462.413354 0.038452 -0.076904 -10.008569
4159 1445961462.423375 0.038452 -0.076904 -10.008569
4160 1445961462.433373 0.038452 0.010986 -10.008569
4161 1445961462.443602 0.038452 0.010986 -10.008569
4162 1445961462.453434 0.038452 0.010986 -10.008569
4163 1445961462.463554 0.038452 0.010986 -10.008569
4164 1445961462.473574 -0.049439 0.010986 -10.008569
4165 1445961462.483584 0.038452 0.010986 -10.008569
4166 1445961462.493659 0.038452 0.010986 -10.008569
4167 1445961462.503618 0.038452 0.010986 -10.008569
4168 1445961462.513594 0.038452 -0.076904 -10.008569
4169 1445961462.523666 0.038452 0.010986 -10.008569
4170 1445961462.533655 0.038452 0.010986 -10.008569
4171 1445961462.543687 0.038452 0.010986 -10.008569
4172 1445961462.553609 0.038452 0.010986 -10.008569
4173 1445961462.563733 0.038452 0.010986 -10.008569
4174 1445961462.573747 -0.049439 0.010986 -10.008569
4175 1445961462.583729 0.038452 0.010986 -10.008569
4176 1445961462.593788 0.038452 0.010986 -10.008569
4177 1445961462.603724 0.038452 0.010986 -10.008569
4178 1445961462.613847 0.038452 0.010986 -10.008569
4179 1445961462.623882 -0.049439 0.010986 -10.008569
4180 1445961462.633921 0.038452 0.010986 -10.008569
4181 1445961462.649220 0.038452 0.010986 -10.008569
4182 1445961462.659111 -0.049439 0.010986 -10.008569
4183 1445961462.669040 -0.049439 -0.076904 -10.008569
4184 1445961462.679034 -0.049439 0.010986 -10.008569
4185 1445961462.689335 -0.049439 0.010986 -10.008569
4186 1445961462.699335 0.038452 -0.076904 -10.008569
4187 1445961462.709111 -0.049439 0.010986 -10.008569
4188 1445961462.719268 0.038452 -0.076904 -10.008569
4189 1445961462.729262 0.038452 0.010986 -10.09646
4190 1445961462.739347 -0.049439 0.010986 -10.008569
4191 1445961462.749224 0.038452 0.010986 -10.008569
4192 1445961462.759278 0.038452 0.010986 -10.008569
4193 1445961462.769230 -0.049439 0.010986 -10.008569
4194 1445961462.779250 -0.049439 0.010986 -10.008569
4195 1445961462.789351 -0.049439 0.010986 -10.008569
4196 1445961462.799382 -0.049439 0.010986 -10.008569
4197 1445961462.809290 0.038452 0.010986 -10.008569
4198 1445961462.819368 0.038452 -0.076904 -10.008569
4199 1445961462.829358 0.038452 0.010986 -10.008569
4200 1445961462.839568 0.038452 0.010986 -10.008569
4201 1445961462.849586 0.038452 0.010986 -10.008569
4202 1445961462.859433 0.038452 0.010986 -10.008569
4203 1445961462.869445 -0.049439 0.010986 -10.008569
4204 1445961462.879524 0.038452 0.010986 -10.008569
4205 1445961462.889668 0.038452 0.010986 -10.008569
4206 1445961462.899663 -0.049439 0.010986 -10.008569
4207 1445961462.909516 0.038452 0.010986 -10.008569
4208 1445961462.919555 -0.049439 0.010986 -10.008569
4209 1445961462.929600 0.038452 0.010986 -10.008569
4210 1445961462.939837 -0.049439 0.010986 -10.09646
4211 1445961462.949868 -0.049439 0.010986 -10.09646
4212 1445961462.959675 0.038452 0.010986 -10.09646
4213 1445961462.969827 -0.049439 0.010986 -10.09646
4214 1445961462.979680 0.038452 0.010986 -10.09646
4215 1445961462.989946 -0.049439 0.010986 -10.008569
4216 1445961462.999957 -0.049439 0.010986 -10.008569
4217 1445961463.009813 -0.049439 0.010986 -10.008569
4218 1445961463.019872 -0.049439 0.010986 -10.09646
4219 1445961463.029804 0.038452 0.010986 -10.008569
4220 1445961463.039996 -0.049439 0.010986 -10.008569
4221 1445961463.049966 0.038452 0.010986 -10.008569
4222 1445961463.059971 0.038452 0.010986 -10.09646
4223 1445961463.069897 0.038452 0.010986 -10.09646
4224 1445961463.079928 0.038452 0.010986 -10.09646
4225 1445961463.090074 0.038452 0.010986 -10.09646
4226 1445961463.100094 -0.049439 0.010986 -10.008569
4227 1445961463.109992 -0.049439 0.010986 -10.008569
4228 1445961463.120029 0.038452 0.010986 -10.008569
4229 1445961463.129994 0.038452 0.010986 -10.008569
4230 1445961463.140082 0.038452 0.010986 -10.008569
4231 1445961463.150162 -0.049439 0.010986 -10.008569
4232 1445961463.160055 -0.049439 0.010986 -10.008569
4233 1445961463.170103 0.038452 0.010986 -10.09646
4234 1445961463.180149 0.038452 0.010986 -10.008569
4235 1445961463.190248 0.038452 0.010986 -10.09646
4236 1445961463.200259 0.038452 0.010986 -10.008569
4237 1445961463.210300 0.038452 0.010986 -10.008569
4238 1445961463.220261 0.038452 0.010986 -10.008569
4239 1445961463.230316 -0.049439 0.010986 -10.008569
4240 1445961463.240268 -0.049439 0.010986 -10.008569
4241 1445961463.250237 0.038452 0.010986 -10.008569
4242 1445961463.260320 -0.049439 0.010986 -10.008569
4243 1445961463.270366 -0.049439 0.010986 -10.008569
4244 1445961463.280402 -0.049439 0.010986 -10.008569
4245 1445961463.291613 -0.049439 0.010986 -10.09646
4246 1445961463.300557 0.038452 0.010986 -10.09646
4247 1445961463.310547 0.038452 0.010986 -10.09646
4248 1445961463.320589 0.038452 0.010986 -10.09646
4249 1445961463.330602 0.038452 0.010986 -10.09646
4250 1445961463.341802 -0.049439 0.010986 -10.09646
4251 1445961463.351622 -0.049439 0.010986 -10.09646
4252 1445961463.360677 0.038452 0.010986 -10.09646
4253 1445961463.371587 -0.049439 0.010986 -10.09646
4254 1445961463.380717 -0.049439 0.010986 -10.008569
4255 1445961463.391881 -0.049439 0.010986 -10.09646
4256 1445961463.401670 -0.049439 0.010986 -10.008569
4257 1445961463.410785 -0.049439 0.010986 -10.09646
4258 1445961463.421562 -0.049439 0.010986 -10.09646
4259 1445961463.430792 0.038452 0.010986 -10.09646
4260 1445961463.441991 -0.049439 0.010986 -10.09646
4261 1445961463.451849 0.038452 0.010986 -10.008569
4262 1445961463.461717 -0.049439 0.010986 -10.09646
4263 1445961463.471638 -0.049439 0.010986 -10.008569
4264 1445961463.481875 -0.049439 0.010986 -10.008569
4265 1445961463.491947 -0.049439 0.010986 -10.008569
4266 1445961463.501875 0.038452 0.010986 -10.008569
4267 1445961463.511758 -0.049439 0.010986 -10.008569
4268 1445961463.521793 -0.049439 0.010986 -10.008569
4269 1445961463.531841 -0.049439 0.010986 -10.09646
4270 1445961463.542014 0.038452 0.010986 -10.09646
4271 1445961463.552013 0.038452 0.010986 -10.09646
4272 1445961463.561838 0.038452 0.010986 -10.09646
4273 1445961463.571923 0.038452 0.010986 -10.09646
4274 1445961463.581884 -0.049439 0.010986 -10.09646
4275 1445961463.592240 0.038452 0.010986 -10.09646
4276 1445961463.601972 0.038452 0.010986 -10.09646
4277 1445961463.611897 -0.049439 0.010986 -10.09646
4278 1445961463.621919 -0.049439 0.010986 -10.09646
4279 1445961463.631975 -0.049439 0.010986 -10.008569
4280 1445961463.642089 -0.049439 0.010986 -10.008569
4281 1445961463.652039 -0.049439 0.010986 -10.09646
4282 1445961463.662022 -0.049439 0.010986 -10.008569
4283 1445961463.672058 -0.049439 0.010986 -10.09646
4284 1445961463.682130 -0.049439 0.010986 -10.09646
4285 1445961463.692242 -0.049439 0.010986 -10.09646
4286 1445961463.702148 0.038452 0.010986 -10.09646
4287 1445961463.712210 -0.049439 0.010986 -10.008569
4288 1445961463.722143 -0.049439 0.010986 -10.008569
4289 1445961463.732131 0.038452 0.010986 -10.008569
4290 1445961463.742250 -0.049439 0.010986 -10.008569
4291 1445961463.752124 -0.049439 0.010986 -10.008569
4292 1445961463.762275 -0.049439 0.010986 -10.008569
4293 1445961463.772163 -0.049439 0.010986 -10.008569
4294 1445961463.782194 -0.049439 0.010986 -10.09646
4295 1445961463.792459 -0.049439 0.010986 -10.008569
4296 1445961463.802257 -0.049439 0.010986 -10.09646
4297 1445961463.812305 -0.049439 0.010986 -10.09646
4298 1445961463.822315 -0.049439 0.010986 -10.09646
4299 1445961463.832344 -0.049439 -0.076904 -10.09646
4300 1445961463.842490 -0.049439 0.010986 -10.09646
4301 1445961463.852392 -0.049439 0.010986 -10.09646
4302 1445961463.862434 -0.049439 0.010986 -10.09646
4303 1445961463.872461 -0.049439 0.010986 -10.008569
4304 1445961463.882470 -0.049439 0.010986 -10.008569
4305 1445961463.892593 -0.049439 0.010986 -10.09646
4306 1445961463.902513 -0.049439 0.010986 -10.09646
4307 1445961463.912536 -0.049439 0.010986 -10.008569
4308 1445961463.922572 -0.049439 0.010986 -10.008569
4309 1445961463.932578 -0.049439 0.010986 -10.008569
4310 1445961463.942796 -0.049439 0.010986 -10.008569
4311 1445961463.952643 -0.049439 0.010986 -10.008569
4312 1445961463.962732 -0.049439 0.010986 -10.008569
4313 1445961463.972741 -0.049439 -0.076904 -10.008569
4314 1445961463.982736 -0.049439 -0.076904 -10.008569
4315 1445961463.992944 -0.049439 -0.076904 -10.008569
4316 1445961464.002697 -0.049439 -0.076904 -10.008569
4317 1445961464.012841 -0.049439 -0.076904 -9.920679
4318 1445961464.022890 -0.049439 0.010986 -9.920679
4319 1445961464.032904 -0.049439 -0.076904 -9.920679
4320 1445961464.042933 -0.049439 -0.076904 -9.920679
4321 1445961464.052847 -0.049439 -0.076904 -10.008569
4322 1445961464.062969 -0.049439 -0.076904 -10.008569
4323 1445961464.072948 -0.049439 -0.076904 -10.008569
4324 1445961464.082924 -0.049439 -0.076904 -9.920679
4325 1445961464.092988 -0.049439 -0.076904 -10.008569
4326 1445961464.102943 -0.049439 -0.076904 -10.008569
4327 1445961464.113058 -0.049439 -0.076904 -9.920679
4328 1445961464.123072 -0.049439 -0.076904 -10.008569
4329 1445961464.133111 -0.049439 -0.076904 -9.920679
4330 1445961464.148507 -0.049439 -0.076904 -9.920679
4331 1445961464.158245 -0.049439 -0.076904 -10.008569
4332 1445961464.168251 -0.049439 -0.076904 -10.008569
4333 1445961464.178263 -0.049439 -0.076904 -10.008569
4334 1445961464.188499 -0.049439 -0.076904 -10.008569
4335 1445961464.198547 -0.049439 -0.076904 -9.920679
4336 1445961464.208373 -0.049439 -0.076904 -9.920679
4337 1445961464.218451 -0.049439 -0.076904 -10.008569
4338 1445961464.228535 -0.049439 -0.076904 -10.008569
4339 1445961464.238649 -0.049439 -0.076904 -9.920679
4340 1445961464.248681 -0.049439 -0.076904 -9.920679
4341 1445961464.258553 -0.049439 -0.076904 -9.920679
4342 1445961464.268666 -0.049439 -0.076904 -9.920679
4343 1445961464.278588 -0.049439 -0.076904 -9.920679
4344 1445961464.288884 -0.049439 -0.076904 -9.920679
4345 1445961464.298854 -0.049439 -0.076904 -9.920679
4346 1445961464.308687 0.038452 -0.076904 -9.920679
4347 1445961464.318759 -0.049439 -0.076904 -9.920679
4348 1445961464.328736 0.038452 -0.076904 -9.920679
4349 1445961464.338936 0.038452 -0.076904 -9.920679
4350 1445961464.348963 -0.049439 -0.076904 -9.920679
4351 1445961464.358775 -0.049439 -0.076904 -9.920679
4352 1445961464.368776 -0.049439 -0.076904 -9.920679
4353 1445961464.378778 -0.049439 -0.076904 -9.920679
4354 1445961464.389095 0.038452 -0.076904 -9.920679
4355 1445961464.399139 0.038452 -0.076904 -10.008569
4356 1445961464.408924 -0.049439 -0.076904 -9.920679
4357 1445961464.419031 -0.049439 -0.076904 -10.008569
4358 1445961464.429103 -0.049439 -0.076904 -9.920679
4359 1445961464.439241 -0.049439 -0.076904 -10.008569
4360 1445961464.449052 -0.049439 -0.076904 -9.920679
4361 1445961464.459020 -0.049439 -0.076904 -9.920679
4362 1445961464.469055 -0.049439 -0.076904 -9.920679
4363 1445961464.479101 -0.049439 -0.076904 -9.920679
4364 1445961464.489277 -0.049439 -0.076904 -9.920679
4365 1445961464.499163 -0.049439 -0.076904 -9.920679
4366 1445961464.509166 -0.049439 -0.076904 -9.920679
4367 1445961464.519218 -0.049439 -0.076904 -9.920679
4368 1445961464.529209 -0.049439 -0.076904 -9.920679
4369 1445961464.539534 -0.049439 -0.076904 -9.920679
4370 1445961464.549297 -0.049439 -0.076904 -9.920679
4371 1445961464.559128 -0.049439 -0.076904 -9.920679
4372 1445961464.569276 -0.049439 -0.076904 -9.920679
4373 1445961464.579249 -0.049439 -0.076904 -9.920679
4374 1445961464.589486 -0.049439 -0.076904 -9.920679
4375 1445961464.599464 -0.049439 -0.076904 -9.920679
4376 1445961464.609276 -0.049439 -0.076904 -9.920679
4377 1445961464.619318 -0.049439 -0.076904 -9.920679
4378 1445961464.629325 -0.049439 -0.076904 -9.920679
4379 1445961464.639508 -0.049439 -0.076904 -10.008569
4380 1445961464.649602 -0.049439 -0.076904 -9.920679
4381 1445961464.659372 -0.049439 -0.076904 -9.920679
4382 1445961464.669422 -0.049439 -0.076904 -10.008569
4383 1445961464.679462 -0.049439 -0.076904 -9.920679
4384 1445961464.689635 -0.049439 -0.076904 -9.920679
4385 1445961464.699722 -0.049439 -0.076904 -9.920679
4386 1445961464.709593 -0.049439 -0.076904 -9.920679
4387 1445961464.719643 -0.049439 -0.076904 -9.920679
4388 1445961464.729582 -0.049439 -0.076904 -9.920679
4389 1445961464.739749 -0.049439 -0.076904 -10.008569
4390 1445961464.749499 -0.049439 -0.076904 -9.920679
4391 1445961464.759717 -0.049439 -0.076904 -9.920679
4392 1445961464.769794 -0.049439 -0.076904 -10.008569
4393 1445961464.779797 -0.049439 -0.076904 -10.008569
4394 1445961464.789962 -0.049439 -0.076904 -9.920679
4395 1445961464.799891 -0.049439 -0.076904 -10.008569
4396 1445961464.809895 -0.049439 -0.076904 -10.008569
4397 1445961464.819902 -0.049439 -0.076904 -10.008569
4398 1445961464.829879 -0.049439 -0.076904 -9.920679
4399 1445961464.840052 -0.049439 -0.076904 -10.008569
4400 1445961464.850000 -0.049439 -0.076904 -10.008569
4401 1445961464.859944 -0.049439 -0.076904 -10.008569
4402 1445961464.869907 -0.049439 -0.076904 -10.008569
4403 1445961464.879969 -0.049439 -0.076904 -10.008569
4404 1445961464.890070 -0.049439 -0.076904 -10.008569
4405 1445961464.900079 -0.049439 -0.076904 -10.008569
4406 1445961464.910060 -0.049439 -0.076904 -10.008569
4407 1445961464.920090 -0.049439 -0.076904 -10.008569
4408 1445961464.930094 -0.049439 -0.076904 -10.008569
4409 1445961464.940245 -0.049439 -0.076904 -10.008569
4410 1445961464.950163 -0.049439 -0.076904 -10.008569
4411 1445961464.960194 -0.049439 -0.076904 -10.008569
4412 1445961464.970235 -0.049439 0.010986 -10.008569
4413 1445961464.980222 -0.049439 -0.076904 -10.008569
4414 1445961464.990290 -0.049439 0.010986 -10.09646
4415 1445961465.000339 -0.049439 -0.076904 -10.09646
4416 1445961465.010292 -0.049439 0.010986 -10.008569
4417 1445961465.020350 -0.049439 0.010986 -10.09646
4418 1445961465.030396 -0.049439 0.010986 -10.09646
4419 1445961465.040446 -0.049439 0.010986 -10.09646
4420 1445961465.050497 -0.049439 0.010986 -10.09646
4421 1445961465.060441 -0.049439 0.010986 -10.09646
4422 1445961465.070472 -0.049439 -0.076904 -10.09646
4423 1445961465.080518 -0.049439 -0.076904 -10.09646
4424 1445961465.091558 -0.049439 0.010986 -10.09646
4425 1445961465.100527 -0.049439 0.010986 -10.09646
4426 1445961465.110554 -0.049439 0.010986 -10.09646
4427 1445961465.120550 -0.049439 0.010986 -10.09646
4428 1445961465.130564 -0.049439 0.010986 -10.09646
4429 1445961465.141941 -0.049439 -0.076904 -10.09646
4430 1445961465.151862 -0.049439 -0.076904 -10.09646
4431 1445961465.160698 -0.049439 0.010986 -10.09646
4432 1445961465.170665 -0.049439 0.010986 -10.09646
4433 1445961465.180591 0.038452 0.010986 -10.09646
4434 1445961465.191583 0.038452 0.010986 -10.09646
4435 1445961465.196743 0.038452 0.010986 -10.09646
4436 1445961465.210666 0.038452 0.010986 -10.09646
4437 1445961465.216631 0.038452 0.010986 -10.09646
4438 1445961465.226564 0.038452 0.010986 -10.09646
4439 1445961465.241729 0.038452 0.010986 -10.09646
4440 1445961465.251666 0.126343 0.010986 -10.09646
4441 1445961465.256566 0.038452 0.010986 -10.184351
4442 1445961465.271550 0.126343 0.010986 -10.184351
4443 1445961465.281656 0.126343 0.010986 -10.184351
4444 1445961465.291890 0.214234 0.010986 -10.184351
4445 1445961465.301792 0.214234 0.010986 -10.184351
4446 1445961465.311645 0.214234 0.010986 -10.184351
4447 1445961465.321718 0.214234 0.010986 -10.184351
4448 1445961465.331656 0.214234 0.010986 -10.184351
4449 1445961465.341960 0.214234 0.010986 -10.184351
4450 1445961465.351933 0.214234 0.010986 -10.184351
4451 1445961465.361757 0.214234 0.010986 -10.184351
4452 1445961465.371799 0.214234 0.010986 -10.184351
4453 1445961465.381775 0.214234 0.098877 -10.184351
4454 1445961465.392108 0.214234 0.098877 -10.184351
4455 1445961465.402073 0.214234 0.098877 -10.184351
4456 1445961465.411946 0.214234 0.098877 -10.09646
4457 1445961465.421971 0.214234 0.098877 -10.09646
4458 1445961465.431993 0.214234 0.098877 -10.09646
4459 1445961465.442237 0.302125 0.186768 -10.09646
4460 1445961465.452141 0.214234 0.186768 -10.09646
4461 1445961465.462044 0.302125 0.186768 -10.184351
4462 1445961465.472104 0.302125 0.186768 -10.09646
4463 1445961465.482166 0.302125 0.186768 -10.09646
4464 1445961465.492341 0.302125 0.186768 -10.09646
4465 1445961465.502121 0.302125 0.186768 -10.184351
4466 1445961465.512245 0.302125 0.274659 -10.184351
4467 1445961465.522229 0.302125 0.274659 -10.184351
4468 1445961465.532244 0.302125 0.274659 -10.09646
4469 1445961465.542348 0.302125 0.274659 -10.09646
4470 1445961465.552247 0.302125 0.274659 -10.09646
4471 1445961465.562275 0.302125 0.274659 -10.184351
4472 1445961465.572205 0.302125 0.274659 -10.09646
4473 1445961465.582243 0.302125 0.274659 -10.09646
4474 1445961465.592461 0.302125 0.274659 -10.09646
4475 1445961465.602302 0.302125 0.274659 -10.09646
4476 1445961465.612289 0.302125 0.274659 -10.09646
4477 1445961465.622375 0.302125 0.274659 -10.09646
4478 1445961465.632365 0.302125 0.274659 -10.09646
4479 1445961465.642586 0.302125 0.274659 -10.09646
4480 1445961465.652409 0.214234 0.274659 -10.184351
4481 1445961465.662467 0.214234 0.274659 -10.184351
4482 1445961465.672475 0.214234 0.274659 -10.09646
4483 1445961465.682552 0.214234 0.274659 -10.09646
4484 1445961465.692752 0.214234 0.274659 -10.09646
4485 1445961465.702543 0.214234 0.274659 -10.09646
4486 1445961465.712590 0.214234 0.274659 -10.09646
4487 1445961465.722630 0.214234 0.274659 -10.09646
4488 1445961465.732656 0.214234 0.274659 -10.09646
4489 1445961465.742837 0.214234 0.274659 -10.09646
4490 1445961465.752558 0.214234 0.186768 -10.09646
4491 1445961465.762745 0.214234 0.274659 -10.09646
4492 1445961465.772767 0.214234 0.274659 -10.09646
4493 1445961465.782782 0.214234 0.274659 -10.09646
4494 1445961465.796250 0.214234 0.274659 -10.09646
4495 1445961465.807809 0.214234 0.274659 -10.09646
4496 1445961465.817858 0.214234 0.274659 -10.09646
4497 1445961465.827854 0.214234 0.274659 -10.184351
4498 1445961465.838036 0.214234 0.274659 -10.184351
4499 1445961465.848176 0.214234 0.274659 -10.184351
4500 1445961465.858025 0.126343 0.274659 -10.184351
4501 1445961465.868035 0.214234 0.274659 -10.184351
4502 1445961465.878039 0.214234 0.274659 -10.184351
4503 1445961465.888393 0.214234 0.274659 -10.184351
4504 1445961465.898415 0.126343 0.274659 -10.184351
4505 1445961465.908172 0.126343 0.274659 -10.184351
4506 1445961465.918108 0.126343 0.274659 -10.184351
4507 1445961465.928243 0.126343 0.274659 -10.184351
4508 1445961465.938456 0.126343 0.274659 -10.184351
4509 1445961465.948449 0.126343 0.274659 -10.184351
4510 1445961465.958291 0.126343 0.274659 -10.184351
4511 1445961465.968377 0.126343 0.274659 -10.184351
4512 1445961465.978306 0.126343 0.186768 -10.184351
4513 1445961465.988544 0.126343 0.186768 -10.184351
4514 1445961465.998165 0.126343 0.274659 -10.184351
4515 1445961466.008036 0.126343 0.186768 -10.184351
4516 1445961466.018408 0.038452 0.186768 -10.184351
4517 1445961466.028417 0.038452 0.186768 -10.09646
4518 1445961466.038530 0.038452 0.186768 -10.184351
4519 1445961466.048672 0.038452 0.186768 -10.184351
4520 1445961466.058463 0.038452 0.186768 -10.09646
4521 1445961466.068546 -0.049439 0.098877 -10.09646
4522 1445961466.078661 -0.049439 0.098877 -10.09646
4523 1445961466.088674 -0.049439 0.098877 -10.09646
4524 1445961466.098799 -0.049439 0.098877 -10.09646
4525 1445961466.108605 -0.049439 0.098877 -10.09646
4526 1445961466.118646 -0.049439 0.098877 -10.09646
4527 1445961466.128746 -0.049439 0.010986 -10.008569
4528 1445961466.138887 -0.049439 0.010986 -10.09646
4529 1445961466.148969 -0.049439 0.010986 -10.09646
4530 1445961466.158725 -0.049439 0.010986 -10.008569
4531 1445961466.168736 -0.049439 0.010986 -10.008569
4532 1445961466.178773 -0.049439 0.010986 -10.008569
4533 1445961466.189027 -0.049439 0.010986 -10.008569
4534 1445961466.199013 -0.049439 0.010986 -10.008569
4535 1445961466.208947 -0.049439 -0.076904 -10.008569
4536 1445961466.219004 -0.049439 -0.076904 -10.008569
4537 1445961466.228982 -0.049439 -0.076904 -10.008569
4538 1445961466.239251 -0.049439 -0.076904 -10.008569
4539 1445961466.249055 -0.049439 -0.076904 -10.008569
4540 1445961466.259062 -0.049439 -0.076904 -10.008569
4541 1445961466.269098 -0.049439 -0.076904 -10.008569
4542 1445961466.279098 -0.049439 -0.076904 -10.008569
4543 1445961466.289367 -0.049439 -0.076904 -10.008569
4544 1445961466.299166 -0.137329 -0.076904 -10.008569
4545 1445961466.309110 -0.049439 -0.076904 -10.008569
4546 1445961466.319168 -0.049439 -0.076904 -10.008569
4547 1445961466.329159 -0.137329 -0.076904 -10.008569
4548 1445961466.339413 -0.049439 -0.076904 -10.008569
4549 1445961466.349418 -0.049439 -0.076904 -10.008569
4550 1445961466.359273 -0.049439 -0.076904 -10.008569
4551 1445961466.369375 -0.049439 -0.076904 -10.008569
4552 1445961466.379378 -0.049439 -0.076904 -10.008569
4553 1445961466.389661 -0.049439 -0.076904 -10.008569
4554 1445961466.399604 -0.049439 -0.076904 -10.008569
4555 1445961466.409448 -0.049439 -0.076904 -10.008569
4556 1445961466.419541 -0.137329 -0.076904 -10.008569
4557 1445961466.429550 -0.137329 -0.076904 -10.008569
4558 1445961466.439735 -0.049439 -0.076904 -10.008569
4559 1445961466.449872 -0.049439 -0.076904 -10.008569
4560 1445961466.459622 -0.137329 -0.076904 -10.008569
4561 1445961466.469706 -0.049439 -0.076904 -10.008569
4562 1445961466.479652 -0.049439 -0.076904 -10.008569
4563 1445961466.489870 -0.049439 -0.076904 -10.008569
4564 1445961466.499841 -0.049439 -0.076904 -10.008569
4565 1445961466.509793 -0.137329 -0.076904 -10.008569
4566 1445961466.519710 -0.049439 -0.076904 -10.008569
4567 1445961466.529699 -0.049439 -0.076904 -10.008569
4568 1445961466.539865 -0.049439 -0.076904 -10.008569
4569 1445961466.549856 -0.049439 -0.076904 -10.008569
4570 1445961466.559711 -0.049439 -0.076904 -10.008569
4571 1445961466.569785 -0.049439 -0.076904 -10.008569
4572 1445961466.579815 -0.049439 -0.076904 -10.008569
4573 1445961466.589882 -0.049439 -0.076904 -10.008569
4574 1445961466.599889 -0.049439 -0.076904 -10.008569
4575 1445961466.609886 -0.049439 -0.076904 -10.008569
4576 1445961466.619925 -0.137329 -0.076904 -10.008569
4577 1445961466.629922 -0.049439 -0.076904 -10.008569
4578 1445961466.640001 -0.049439 -0.076904 -10.008569
4579 1445961466.649972 -0.137329 -0.076904 -10.008569
4580 1445961466.659986 -0.049439 -0.076904 -10.008569
4581 1445961466.670044 -0.049439 -0.076904 -10.008569
4582 1445961466.680038 -0.137329 -0.076904 -10.008569
4583 1445961466.690128 -0.049439 -0.076904 -10.008569
4584 1445961466.700105 -0.049439 -0.076904 -10.008569
4585 1445961466.710095 -0.049439 -0.076904 -10.008569
4586 1445961466.720188 -0.049439 -0.076904 -10.008569
4587 1445961466.730130 -0.049439 -0.076904 -10.008569
4588 1445961466.740235 -0.049439 -0.076904 -10.008569
4589 1445961466.750291 -0.049439 -0.076904 -9.920679
4590 1445961466.760262 -0.049439 -0.076904 -10.008569
4591 1445961466.770288 -0.049439 -0.076904 -10.008569
4592 1445961466.780299 -0.049439 -0.076904 -10.008569
4593 1445961466.790413 -0.049439 -0.076904 -10.008569
4594 1445961466.800359 -0.049439 -0.076904 -10.008569
4595 1445961466.810414 -0.049439 -0.076904 -10.008569
4596 1445961466.820414 -0.049439 -0.076904 -10.008569
4597 1445961466.830417 -0.137329 -0.076904 -10.008569
4598 1445961466.840484 -0.049439 -0.076904 -10.008569
4599 1445961466.846643 -0.049439 -0.076904 -10.008569
4600 1445961466.860456 -0.049439 -0.076904 -10.008569
4601 1445961466.870482 -0.137329 -0.076904 -10.008569
4602 1445961466.880529 -0.049439 -0.076904 -10.008569
4603 1445961466.890600 -0.049439 -0.076904 -9.920679
4604 1445961466.896604 -0.049439 -0.076904 -10.008569
4605 1445961466.910481 -0.049439 -0.076904 -10.008569
4606 1445961466.920507 -0.049439 -0.076904 -9.920679
4607 1445961466.930527 -0.049439 -0.076904 -9.920679
4608 1445961466.940570 -0.049439 -0.076904 -9.920679
4609 1445961466.946630 -0.049439 -0.076904 -10.008569
4610 1445961466.960629 -0.049439 -0.076904 -10.008569
4611 1445961466.966589 -0.049439 -0.076904 -10.008569
4612 1445961466.976588 -0.049439 -0.076904 -10.008569
4613 1445961466.991772 -0.049439 -0.076904 -9.920679
4614 1445961467.001664 -0.049439 -0.076904 -9.920679
4615 1445961467.011627 -0.049439 -0.076904 -9.920679
4616 1445961467.016565 -0.049439 -0.076904 -10.008569
4617 1445961467.026561 -0.049439 -0.076904 -9.920679
4618 1445961467.041852 -0.049439 -0.076904 -9.920679
4619 1445961467.051802 -0.049439 -0.076904 -10.008569
4620 1445961467.061675 -0.049439 -0.076904 -10.008569
4621 1445961467.071645 -0.049439 -0.076904 -10.008569
4622 1445961467.081588 -0.049439 -0.076904 -9.920679
4623 1445961467.091983 -0.049439 -0.076904 -9.920679
4624 1445961467.101932 -0.049439 -0.076904 -9.920679
4625 1445961467.111760 -0.049439 -0.076904 -9.920679
4626 1445961467.121770 -0.049439 -0.076904 -9.920679
4627 1445961467.131805 -0.049439 -0.076904 -9.920679
4628 1445961467.142085 -0.049439 -0.076904 -9.920679
4629 1445961467.156858 -0.137329 -0.076904 -9.920679
4630 1445961467.161919 -0.049439 -0.076904 -9.920679
4631 1445961467.176995 -0.137329 -0.076904 -9.920679
4632 1445961467.187083 -0.049439 -0.076904 -10.008569
4633 1445961467.192192 -0.049439 -0.076904 -10.008569
4634 1445961467.206984 -0.049439 -0.076904 -9.920679
4635 1445961467.217131 -0.049439 -0.076904 -10.008569
4636 1445961467.227102 -0.049439 -0.076904 -9.920679
4637 1445961467.237249 -0.049439 -0.076904 -9.920679
4638 1445961467.247253 -0.049439 -0.076904 -9.920679
4639 1445961467.257188 -0.049439 -0.076904 -9.920679
4640 1445961467.267248 -0.049439 -0.076904 -9.920679
4641 1445961467.277341 -0.049439 -0.076904 -9.920679
4642 1445961467.287503 -0.049439 0.010986 -9.920679
4643 1445961467.297482 -0.049439 -0.076904 -10.008569
4644 1445961467.307241 -0.049439 -0.076904 -9.920679
4645 1445961467.317488 -0.049439 -0.076904 -9.920679
4646 1445961467.327274 -0.049439 -0.076904 -9.920679
4647 1445961467.337529 -0.137329 -0.076904 -9.920679
4648 1445961467.347602 -0.049439 -0.076904 -9.920679
4649 1445961467.357343 -0.049439 -0.076904 -9.920679
4650 1445961467.367388 -0.049439 -0.076904 -9.920679
4651 1445961467.377465 -0.049439 -0.076904 -9.920679
4652 1445961467.387726 -0.049439 -0.076904 -9.920679
4653 1445961467.397744 -0.049439 -0.076904 -9.920679
4654 1445961467.407528 -0.049439 -0.076904 -9.920679
4655 1445961467.417533 -0.049439 -0.076904 -9.920679
4656 1445961467.427570 -0.049439 -0.076904 -9.920679
4657 1445961467.437858 -0.049439 -0.076904 -10.008569
4658 1445961467.447857 -0.049439 -0.076904 -9.920679
4659 1445961467.457648 -0.049439 -0.076904 -10.008569
4660 1445961467.467730 -0.049439 -0.076904 -9.920679
4661 1445961467.477652 -0.049439 0.010986 -9.920679
4662 1445961467.488059 -0.049439 -0.076904 -10.008569
4663 1445961467.498055 -0.049439 -0.076904 -10.008569
4664 1445961467.507885 -0.049439 -0.076904 -10.008569
4665 1445961467.517894 -0.049439 -0.076904 -9.920679
4666 1445961467.527924 -0.049439 -0.076904 -9.920679
4667 1445961467.538063 -0.049439 -0.076904 -9.920679
4668 1445961467.548208 -0.049439 -0.076904 -9.920679
4669 1445961467.557986 -0.049439 -0.076904 -9.920679
4670 1445961467.568015 -0.049439 -0.076904 -10.008569
4671 1445961467.577962 -0.049439 -0.076904 -9.920679
4672 1445961467.588177 -0.137329 -0.076904 -9.920679
4673 1445961467.598304 -0.049439 -0.076904 -9.920679
4674 1445961467.608015 -0.049439 -0.076904 -10.008569
4675 1445961467.618128 -0.049439 -0.076904 -10.008569
4676 1445961467.628074 -0.049439 -0.076904 -10.008569
4677 1445961467.638424 -0.049439 -0.076904 -10.008569
4678 1445961467.648314 -0.049439 -0.076904 -9.920679
4679 1445961467.658298 -0.049439 -0.076904 -9.920679
4680 1445961467.668319 -0.049439 -0.076904 -10.008569
4681 1445961467.678122 -0.049439 -0.076904 -10.008569
4682 1445961467.688395 -0.049439 -0.076904 -10.008569
4683 1445961467.698487 -0.049439 -0.076904 -10.008569
4684 1445961467.708287 -0.049439 -0.076904 -10.008569
4685 1445961467.718294 -0.049439 -0.076904 -10.008569
4686 1445961467.728289 -0.049439 -0.076904 -10.008569
4687 1445961467.738564 -0.049439 -0.076904 -10.008569
4688 1445961467.748565 -0.049439 -0.076904 -10.008569
4689 1445961467.758417 -0.049439 -0.076904 -9.920679
4690 1445961467.768445 -0.049439 -0.076904 -10.008569
4691 1445961467.778468 -0.049439 -0.076904 -10.008569
4692 1445961467.788606 -0.049439 -0.076904 -9.920679
4693 1445961467.798796 -0.049439 -0.076904 -9.920679
4694 1445961467.808556 -0.049439 -0.076904 -10.008569
4695 1445961467.818636 -0.049439 -0.076904 -10.008569
4696 1445961467.828644 -0.049439 -0.076904 -10.008569
4697 1445961467.838938 -0.049439 -0.076904 -10.008569
4698 1445961467.849010 -0.049439 -0.076904 -9.920679
4699 1445961467.858780 -0.049439 -0.076904 -10.008569
4700 1445961467.868720 -0.049439 -0.076904 -10.008569
4701 1445961467.878794 -0.049439 -0.076904 -10.008569
4702 1445961467.889151 -0.049439 -0.076904 -10.008569
4703 1445961467.899087 -0.049439 -0.076904 -10.008569
4704 1445961467.908931 -0.049439 -0.076904 -10.008569
4705 1445961467.918966 -0.049439 -0.076904 -10.008569
4706 1445961467.928910 -0.049439 0.010986 -10.008569
4707 1445961467.939142 -0.049439 -0.076904 -10.008569
4708 1445961467.948914 -0.049439 -0.076904 -10.008569
4709 1445961467.958940 -0.049439 -0.076904 -10.008569
4710 1445961467.969017 -0.049439 0.010986 -10.008569
4711 1445961467.979022 -0.049439 -0.076904 -10.008569
4712 1445961467.989177 -0.049439 0.010986 -10.008569
4713 1445961467.999051 -0.049439 0.010986 -10.008569
4714 1445961468.008976 -0.049439 -0.076904 -9.920679
4715 1445961468.018974 -0.049439 -0.076904 -9.920679
4716 1445961468.029016 -0.049439 -0.076904 -10.008569
4717 1445961468.039120 -0.049439 -0.076904 -10.008569
4718 1445961468.049096 -0.049439 0.010986 -10.008569
4719 1445961468.059075 -0.049439 0.010986 -10.008569
4720 1445961468.069134 -0.049439 0.010986 -10.008569
4721 1445961468.079179 -0.049439 0.010986 -10.008569
4722 1445961468.089294 -0.049439 -0.076904 -10.008569
4723 1445961468.099366 -0.049439 -0.076904 -10.008569
4724 1445961468.109232 -0.049439 0.010986 -10.008569
4725 1445961468.119314 -0.049439 0.010986 -10.008569
4726 1445961468.129327 -0.049439 0.010986 -10.008569
4727 1445961468.139526 -0.049439 0.010986 -10.008569
4728 1445961468.149488 -0.049439 0.010986 -10.008569
4729 1445961468.159444 -0.049439 0.010986 -10.008569
4730 1445961468.169484 -0.049439 0.010986 -10.008569
4731 1445961468.179470 -0.049439 0.010986 -10.008569
4732 1445961468.189610 -0.049439 0.010986 -10.008569
4733 1445961468.199505 -0.049439 0.010986 -10.008569
4734 1445961468.209515 -0.049439 0.010986 -10.008569
4735 1445961468.219580 -0.049439 0.010986 -10.008569
4736 1445961468.229606 -0.049439 0.010986 -10.008569
4737 1445961468.239736 -0.049439 0.010986 -9.920679
4738 1445961468.249693 -0.049439 0.010986 -9.920679
4739 1445961468.259640 -0.049439 0.098877 -9.920679
4740 1445961468.269687 -0.049439 0.010986 -10.008569
4741 1445961468.279693 -0.049439 0.098877 -10.008569
4742 1445961468.289793 -0.049439 0.010986 -9.920679
4743 1445961468.299700 -0.049439 0.010986 -9.920679
4744 1445961468.309774 -0.049439 0.010986 -9.920679
4745 1445961468.319868 -0.049439 0.010986 -9.920679
4746 1445961468.329754 -0.049439 0.010986 -10.008569
4747 1445961468.339848 -0.049439 0.010986 -9.920679
4748 1445961468.349869 -0.049439 0.010986 -9.920679
4749 1445961468.359863 -0.049439 0.010986 -9.920679
4750 1445961468.369856 -0.049439 0.010986 -9.920679
4751 1445961468.379890 -0.049439 0.098877 -9.920679
4752 1445961468.389951 -0.049439 0.098877 -9.920679
4753 1445961468.399970 -0.049439 0.098877 -9.920679
4754 1445961468.409940 -0.049439 0.010986 -9.920679
4755 1445961468.419982 -0.049439 0.010986 -9.920679
4756 1445961468.429999 -0.049439 0.098877 -9.920679
4757 1445961468.440113 -0.049439 0.010986 -10.008569
4758 1445961468.450090 -0.049439 0.010986 -9.920679
4759 1445961468.460145 -0.049439 0.010986 -9.920679
4760 1445961468.470134 -0.049439 0.098877 -10.008569
4761 1445961468.480270 -0.049439 0.098877 -9.920679
4762 1445961468.495357 -0.049439 0.098877 -10.008569
4763 1445961468.505388 -0.049439 0.010986 -9.920679
4764 1445961468.515358 -0.049439 0.010986 -9.920679
4765 1445961468.525407 -0.049439 0.010986 -9.920679
4766 1445961468.535352 -0.049439 0.098877 -9.920679
4767 1445961468.545455 -0.049439 0.010986 -9.920679
4768 1445961468.555371 -0.049439 0.010986 -9.920679
4769 1445961468.565420 -0.049439 0.010986 -9.920679
4770 1445961468.575446 -0.049439 0.010986 -9.920679
4771 1445961468.585452 -0.049439 0.010986 -9.920679
4772 1445961468.591560 -0.049439 0.098877 -10.008569
4773 1445961468.605378 -0.049439 0.098877 -9.920679
4774 1445961468.615547 -0.049439 0.098877 -9.920679
4775 1445961468.625629 -0.049439 0.010986 -9.920679
4776 1445961468.635606 0.038452 0.098877 -9.920679
4777 1445961468.645673 -0.049439 0.010986 -9.920679
4778 1445961468.655646 0.038452 0.098877 -10.008569
4779 1445961468.665670 -0.049439 0.010986 -9.920679
4780 1445961468.675692 -0.049439 0.010986 -9.920679
4781 1445961468.685719 -0.049439 0.010986 -10.008569
4782 1445961468.696701 -0.049439 0.098877 -9.920679
4783 1445961468.701599 -0.049439 0.098877 -9.920679
4784 1445961468.715635 -0.049439 0.098877 -10.008569
4785 1445961468.726599 -0.049439 0.010986 -10.008569
4786 1445961468.736604 -0.049439 0.098877 -10.008569
4787 1445961468.746753 -0.049439 0.098877 -9.920679
4788 1445961468.756570 0.038452 0.098877 -10.008569
4789 1445961468.765765 -0.049439 0.098877 -10.008569
4790 1445961468.776596 0.038452 0.098877 -10.008569
4791 1445961468.786584 0.038452 0.098877 -10.008569
4792 1445961468.796815 0.038452 0.098877 -9.920679
4793 1445961468.806613 0.038452 0.098877 -10.008569
4794 1445961468.816754 0.038452 0.098877 -10.008569
4795 1445961468.826686 0.038452 0.098877 -10.008569
4796 1445961468.836770 0.038452 0.098877 -10.008569
4797 1445961468.847006 0.038452 0.098877 -10.008569
4798 1445961468.856819 0.038452 0.098877 -10.008569
4799 1445961468.866912 -0.049439 0.098877 -10.008569
4800 1445961468.876860 0.038452 0.098877 -10.008569
4801 1445961468.886826 0.038452 0.098877 -10.008569
4802 1445961468.897079 -0.049439 0.098877 -10.008569
4803 1445961468.906792 0.038452 0.098877 -10.008569
4804 1445961468.916798 0.038452 0.098877 -10.008569
4805 1445961468.926911 -0.049439 0.098877 -10.008569
4806 1445961468.936863 0.038452 0.098877 -9.920679
4807 1445961468.947372 -0.049439 0.098877 -10.008569
4808 1445961468.956913 -0.049439 0.098877 -10.008569
4809 1445961468.966924 0.038452 0.098877 -10.008569
4810 1445961468.976976 0.038452 0.098877 -10.008569
4811 1445961468.987136 0.038452 0.098877 -10.008569
4812 1445961468.997222 0.038452 0.098877 -10.008569
4813 1445961469.007190 0.038452 0.098877 -10.008569
4814 1445961469.017186 -0.049439 0.098877 -10.008569
4815 1445961469.027239 0.038452 0.098877 -9.920679
4816 1445961469.037413 -0.049439 0.098877 -10.008569
4817 1445961469.047447 0.038452 0.098877 -10.008569
4818 1445961469.057210 -0.049439 0.098877 -10.008569
4819 1445961469.067404 0.038452 0.098877 -10.008569
4820 1445961469.077239 0.038452 0.098877 -10.008569
4821 1445961469.087321 0.038452 0.098877 -10.008569
4822 1445961469.097601 0.038452 0.098877 -10.008569
4823 1445961469.107277 0.038452 0.098877 -10.008569
4824 1445961469.117383 -0.049439 0.098877 -10.008569
4825 1445961469.127430 -0.049439 0.098877 -10.008569
4826 1445961469.137525 0.038452 0.098877 -10.008569
4827 1445961469.147711 0.038452 0.098877 -10.008569
4828 1445961469.157510 0.038452 0.098877 -10.008569
4829 1445961469.167593 0.038452 0.098877 -10.008569
4830 1445961469.177593 0.038452 0.098877 -10.008569
4831 1445961469.187882 0.038452 0.098877 -10.008569
4832 1445961469.197937 -0.049439 0.098877 -10.008569
4833 1445961469.207625 0.038452 0.098877 -10.008569
4834 1445961469.217688 0.038452 0.010986 -10.008569
4835 1445961469.227722 0.038452 0.098877 -10.008569
4836 1445961469.237993 0.038452 0.098877 -10.008569
4837 1445961469.247846 0.038452 0.098877 -10.008569
4838 1445961469.257728 -0.049439 0.098877 -10.008569
4839 1445961469.267732 0.038452 0.098877 -10.008569
4840 1445961469.277694 0.038452 0.098877 -10.008569
4841 1445961469.288057 0.038452 0.098877 -10.008569
4842 1445961469.297935 0.038452 0.098877 -10.008569
4843 1445961469.307823 -0.049439 0.098877 -10.008569
4844 1445961469.317858 -0.049439 0.098877 -10.008569
4845 1445961469.327892 0.038452 0.098877 -10.008569
4846 1445961469.338116 -0.049439 0.098877 -10.008569
4847 1445961469.347979 -0.049439 0.098877 -10.008569
4848 1445961469.357980 -0.049439 0.098877 -10.008569
4849 1445961469.367952 -0.049439 0.098877 -10.008569
4850 1445961469.377935 -0.049439 0.098877 -10.008569
4851 1445961469.388076 0.038452 0.098877 -10.008569
4852 1445961469.398474 0.038452 0.098877 -10.008569
4853 1445961469.408053 0.038452 0.098877 -10.008569
4854 1445961469.418039 -0.049439 0.098877 -10.008569
4855 1445961469.428098 -0.049439 0.010986 -10.008569
4856 1445961469.438300 -0.049439 0.098877 -10.008569
4857 1445961469.448365 -0.049439 0.098877 -10.008569
4858 1445961469.458171 -0.049439 0.098877 -10.008569
4859 1445961469.468246 -0.049439 0.098877 -10.008569
4860 1445961469.478298 -0.049439 0.098877 -10.008569
4861 1445961469.488425 -0.049439 0.098877 -10.008569
4862 1445961469.498484 -0.049439 0.010986 -10.008569
4863 1445961469.508336 -0.049439 0.010986 -10.008569
4864 1445961469.518406 -0.049439 0.098877 -10.008569
4865 1445961469.528402 -0.049439 0.010986 -10.008569
4866 1445961469.538541 0.038452 0.010986 -10.008569
4867 1445961469.548564 -0.049439 0.098877 -10.008569
4868 1445961469.558483 -0.049439 0.098877 -10.008569
4869 1445961469.568486 -0.049439 0.010986 -10.008569
4870 1445961469.578533 -0.049439 0.010986 -10.008569
4871 1445961469.588701 -0.049439 0.010986 -10.008569
4872 1445961469.598763 0.038452 0.010986 -10.008569
4873 1445961469.608712 -0.049439 0.010986 -10.008569
4874 1445961469.618742 -0.049439 0.098877 -10.008569
4875 1445961469.628740 -0.049439 0.010986 -10.008569
4876 1445961469.638809 0.038452 0.010986 -10.008569
4877 1445961469.648740 -0.049439 0.010986 -10.008569
4878 1445961469.658817 -0.049439 0.010986 -10.008569
4879 1445961469.668760 0.038452 0.098877 -10.008569
4880 1445961469.678777 -0.049439 0.010986 -10.008569
4881 1445961469.688942 -0.049439 0.098877 -10.008569
4882 1445961469.698896 -0.049439 0.098877 -10.008569
4883 1445961469.708885 -0.049439 0.010986 -10.008569
4884 1445961469.718893 0.038452 0.010986 -10.008569
4885 1445961469.728901 -0.049439 0.010986 -10.008569
4886 1445961469.739013 -0.049439 0.010986 -10.008569
4887 1445961469.749051 -0.049439 0.010986 -10.008569
4888 1445961469.758976 -0.049439 0.010986 -10.008569
4889 1445961469.769025 -0.049439 0.010986 -10.008569
4890 1445961469.779031 -0.049439 0.010986 -10.008569
4891 1445961469.789160 -0.049439 0.010986 -10.008569
4892 1445961469.799145 -0.049439 0.010986 -10.008569
4893 1445961469.809109 -0.049439 0.010986 -10.008569
4894 1445961469.819145 -0.049439 0.098877 -10.008569
4895 1445961469.829159 -0.049439 0.010986 -10.008569
4896 1445961469.839406 -0.049439 0.010986 -10.008569
4897 1445961469.849388 -0.049439 0.010986 -10.008569
4898 1445961469.859331 -0.049439 0.010986 -10.008569
4899 1445961469.869342 -0.049439 0.010986 -10.008569
4900 1445961469.879342 -0.049439 0.010986 -10.008569
4901 1445961469.889477 -0.049439 0.010986 -10.008569
4902 1445961469.899581 -0.049439 0.010986 -10.008569
4903 1445961469.909447 -0.049439 0.010986 -10.008569
4904 1445961469.919505 -0.049439 0.010986 -10.008569
4905 1445961469.929488 0.038452 0.010986 -10.008569
4906 1445961469.944435 0.038452 0.010986 -10.008569
4907 1445961469.954453 0.038452 0.010986 -10.008569
4908 1445961469.964580 0.038452 0.010986 -10.008569
4909 1445961469.974637 0.038452 0.010986 -10.008569
4910 1445961469.984637 0.038452 0.010986 -10.008569
4911 1445961469.994720 0.038452 0.010986 -10.008569
4912 1445961470.004711 0.038452 0.010986 -10.008569
4913 1445961470.014747 0.038452 0.010986 -10.008569
4914 1445961470.024782 0.038452 0.010986 -10.008569
4915 1445961470.034810 0.038452 0.010986 -10.008569
4916 1445961470.044773 0.038452 0.010986 -10.008569
4917 1445961470.054679 0.038452 0.010986 -10.008569
4918 1445961470.064742 0.038452 0.010986 -10.008569
4919 1445961470.074940 0.038452 0.010986 -10.008569
4920 1445961470.084805 0.038452 0.010986 -10.008569
4921 1445961470.094890 0.038452 0.010986 -10.008569
4922 1445961470.104821 0.038452 0.010986 -10.008569
4923 1445961470.114855 0.038452 0.010986 -10.008569
4924 1445961470.124881 0.038452 0.010986 -10.008569
4925 1445961470.134902 0.038452 0.010986 -10.008569
4926 1445961470.145005 0.038452 0.010986 -10.008569
4927 1445961470.154961 0.038452 0.010986 -10.008569
4928 1445961470.165035 0.038452 0.010986 -10.008569
4929 1445961470.175014 0.038452 0.010986 -10.008569
4930 1445961470.185062 0.038452 0.010986 -10.008569
4931 1445961470.195090 0.038452 0.010986 -10.008569
4932 1445961470.205102 0.038452 0.010986 -10.008569
4933 1445961470.215157 0.038452 0.010986 -10.008569
4934 1445961470.225247 0.038452 0.010986 -10.09646
4935 1445961470.235253 0.038452 0.010986 -10.008569
4936 1445961470.245222 0.038452 0.010986 -10.09646
4937 1445961470.255172 0.038452 0.010986 -10.008569
4938 1445961470.265256 0.038452 0.010986 -10.09646
4939 1445961470.275275 0.038452 0.010986 -10.008569
4940 1445961470.285397 0.038452 0.010986 -10.008569
4941 1445961470.295375 0.038452 0.010986 -10.008569
4942 1445961470.305365 0.038452 0.010986 -10.008569
4943 1445961470.315387 0.038452 0.010986 -10.008569
4944 1445961470.325415 0.038452 0.010986 -10.008569
4945 1445961470.335393 0.038452 0.010986 -10.008569
4946 1445961470.345278 0.038452 0.010986 -10.008569
4947 1445961470.355453 0.038452 0.010986 -10.008569
4948 1445961470.365522 0.038452 0.010986 -10.008569
4949 1445961470.375577 0.038452 0.010986 -10.008569
4950 1445961470.385536 0.038452 0.010986 -10.008569
4951 1445961470.391590 0.038452 0.010986 -10.008569
4952 1445961470.401749 0.038452 0.010986 -10.008569
4953 1445961470.415494 0.038452 0.010986 -10.09646
4954 1445961470.425528 0.038452 0.010986 -10.008569
4955 1445961470.435576 0.038452 0.010986 -10.008569
4956 1445961470.446578 0.038452 0.010986 -10.008569
4957 1445961470.451788 0.038452 0.010986 -10.09646
4958 1445961470.465637 0.038452 0.010986 -10.008569
4959 1445961470.471593 0.038452 0.010986 -10.008569
4960 1445961470.485701 0.038452 0.010986 -10.008569
4961 1445961470.491925 0.038452 0.010986 -10.09646
4962 1445961470.505766 0.038452 0.010986 -10.09646
4963 1445961470.511744 0.038452 0.010986 -10.008569
4964 1445961470.526630 0.038452 0.010986 -10.008569
4965 1445961470.536694 0.038452 0.010986 -10.008569
4966 1445961470.546949 0.038452 0.010986 -10.008569
4967 1445961470.556592 0.038452 0.010986 -10.008569
4968 1445961470.566596 0.038452 0.010986 -10.008569
4969 1445961470.576690 0.038452 0.010986 -10.008569
4970 1445961470.586731 0.038452 0.010986 -10.008569
4971 1445961470.596900 0.038452 0.010986 -10.008569
4972 1445961470.606612 0.038452 0.010986 -10.008569
4973 1445961470.616789 0.038452 0.010986 -10.008569
4974 1445961470.626758 0.038452 0.010986 -10.008569
4975 1445961470.636774 0.038452 0.010986 -10.008569
4976 1445961470.646938 0.038452 0.010986 -10.008569
4977 1445961470.656736 0.038452 0.010986 -10.008569
4978 1445961470.666879 0.038452 0.010986 -10.008569
4979 1445961470.676892 0.038452 0.010986 -10.008569
4980 1445961470.686937 0.038452 0.010986 -10.008569
4981 1445961470.696968 0.038452 0.010986 -10.008569
4982 1445961470.706864 0.038452 0.010986 -10.008569
4983 1445961470.716995 0.038452 0.010986 -10.008569
4984 1445961470.727041 0.038452 0.010986 -10.008569
4985 1445961470.737071 0.038452 0.010986 -10.008569
4986 1445961470.747100 0.038452 0.010986 -10.008569
4987 1445961470.756969 0.038452 0.010986 -10.008569
4988 1445961470.767100 0.038452 0.010986 -10.008569
4989 1445961470.777087 0.038452 0.010986 -10.008569
4990 1445961470.787102 0.038452 0.010986 -10.008569
4991 1445961470.797371 0.038452 0.010986 -10.008569
4992 1445961470.807161 0.038452 0.010986 -10.008569
4993 1445961470.817278 0.038452 0.010986 -10.008569
4994 1445961470.827304 0.038452 0.010986 -10.008569
4995 1445961470.837355 0.038452 0.010986 -10.09646
4996 1445961470.847482 0.038452 0.010986 -10.09646
4997 1445961470.857301 0.038452 0.010986 -10.008569
4998 1445961470.867407 0.038452 0.010986 -10.008569
4999 1445961470.877397 0.038452 0.010986 -10.008569
5000 1445961470.887530 0.038452 0.010986 -10.008569
5001 1445961470.897671 0.038452 0.010986 -10.008569
5002 1445961470.907460 0.038452 0.010986 -10.008569
5003 1445961470.917505 0.038452 0.010986 -10.008569
5004 1445961470.927539 0.038452 0.010986 -10.008569
5005 1445961470.937684 0.038452 0.010986 -10.008569
5006 1445961470.947733 0.038452 0.010986 -10.09646
5007 1445961470.957593 0.038452 0.010986 -10.008569
5008 1445961470.967626 0.038452 0.010986 -10.008569
5009 1445961470.977623 0.038452 0.010986 -10.008569
5010 1445961470.987886 0.038452 0.010986 -10.008569
5011 1445961470.997844 0.038452 0.010986 -10.008569
5012 1445961471.007729 0.038452 0.010986 -10.008569
5013 1445961471.017761 0.038452 0.010986 -10.008569
5014 1445961471.027800 0.038452 0.010986 -10.008569
5015 1445961471.037989 0.038452 0.010986 -10.008569
5016 1445961471.047657 0.038452 0.010986 -10.008569
5017 1445961471.057706 0.038452 0.010986 -10.008569
5018 1445961471.067910 0.038452 0.010986 -10.008569
5019 1445961471.077885 0.038452 0.010986 -10.008569
5020 1445961471.093084 0.038452 0.010986 -10.008569
5021 1445961471.102913 0.038452 0.010986 -10.008569
5022 1445961471.113016 0.038452 0.010986 -10.008569
5023 1445961471.123065 0.038452 0.010986 -10.008569
5024 1445961471.133033 0.038452 0.010986 -10.008569
5025 1445961471.143161 0.038452 0.010986 -10.008569
5026 1445961471.153015 0.038452 0.010986 -10.008569
5027 1445961471.163141 0.038452 0.010986 -10.008569
5028 1445961471.173101 0.038452 0.010986 -10.008569
5029 1445961471.183152 0.038452 0.010986 -10.008569
5030 1445961471.193305 0.038452 0.010986 -10.008569
5031 1445961471.203115 0.038452 0.010986 -10.008569
5032 1445961471.213136 0.038452 0.010986 -10.008569
5033 1445961471.223148 0.038452 0.010986 -10.008569
5034 1445961471.233160 0.038452 0.010986 -10.008569
5035 1445961471.243414 0.038452 0.010986 -10.008569
5036 1445961471.253420 0.038452 0.010986 -10.008569
5037 1445961471.263349 0.038452 0.010986 -10.008569
5038 1445961471.273438 0.038452 0.010986 -10.008569
5039 1445961471.283359 0.038452 0.010986 -10.008569
5040 1445961471.293546 0.038452 0.010986 -10.008569
5041 1445961471.303507 0.038452 0.010986 -10.008569
5042 1445961471.313545 0.038452 0.010986 -10.008569
5043 1445961471.323526 0.038452 0.010986 -10.008569
5044 1445961471.333551 0.038452 0.010986 -10.008569
5045 1445961471.343885 0.038452 0.010986 -10.008569
5046 1445961471.353769 0.038452 0.010986 -10.008569
5047 1445961471.363750 0.038452 0.010986 -10.008569
5048 1445961471.373731 0.038452 0.010986 -10.008569
5049 1445961471.383775 0.038452 0.010986 -10.09646
5050 1445961471.394019 0.038452 0.010986 -10.008569
5051 1445961471.403857 0.038452 0.010986 -10.008569
5052 1445961471.413919 0.038452 0.010986 -10.008569
5053 1445961471.423913 0.038452 0.010986 -10.008569
5054 1445961471.433860 0.038452 0.010986 -10.008569
5055 1445961471.443810 0.038452 0.010986 -10.008569
5056 1445961471.453845 0.038452 0.010986 -10.008569
5057 1445961471.464134 0.038452 0.010986 -10.008569
5058 1445961471.474069 0.038452 0.010986 -10.008569
5059 1445961471.484006 0.038452 0.010986 -10.008569
5060 1445961471.493986 0.038452 0.010986 -10.008569
5061 1445961471.503958 0.038452 0.010986 -10.008569
5062 1445961471.513958 0.038452 0.010986 -10.008569
5063 1445961471.524017 0.038452 0.010986 -10.008569
5064 1445961471.534039 0.038452 0.010986 -10.008569
5065 1445961471.544134 0.038452 0.010986 -10.008569
5066 1445961471.554010 0.038452 0.010986 -10.008569
5067 1445961471.564053 0.038452 0.010986 -10.008569
5068 1445961471.574044 0.038452 0.010986 -10.008569
5069 1445961471.584108 0.038452 0.010986 -10.008569
5070 1445961471.594209 0.038452 0.010986 -10.008569
5071 1445961471.604124 0.038452 0.010986 -10.008569
5072 1445961471.614223 0.038452 0.010986 -10.008569
5073 1445961471.624180 0.038452 0.010986 -10.008569
5074 1445961471.634175 0.038452 0.010986 -10.008569
5075 1445961471.644367 0.038452 0.010986 -10.008569
5076 1445961471.654255 0.038452 0.010986 -10.008569
5077 1445961471.664330 0.038452 0.010986 -10.008569
5078 1445961471.674277 0.038452 0.010986 -10.008569
5079 1445961471.684402 0.038452 0.010986 -10.008569
5080 1445961471.694413 0.038452 0.010986 -10.008569
5081 1445961471.704437 0.038452 0.010986 -10.008569
5082 1445961471.714477 0.038452 0.010986 -10.008569
5083 1445961471.724496 0.038452 0.010986 -10.008569
5084 1445961471.734518 0.038452 0.010986 -10.008569
5085 1445961471.744586 0.038452 0.010986 -10.008569
5086 1445961471.754559 0.038452 0.010986 -10.008569
5087 1445961471.764627 0.038452 -0.076904 -10.008569
5088 1445961471.774678 0.038452 0.010986 -10.008569
5089 1445961471.784662 0.038452 0.010986 -10.008569
5090 1445961471.794733 0.038452 0.010986 -10.008569
5091 1445961471.804609 0.038452 0.010986 -10.008569
5092 1445961471.814788 0.038452 0.010986 -10.008569
5093 1445961471.824756 0.038452 -0.076904 -10.008569
5094 1445961471.834776 0.038452 0.010986 -10.008569
5095 1445961471.844826 0.038452 0.010986 -10.008569
5096 1445961471.854746 0.038452 0.010986 -10.008569
5097 1445961471.864799 0.038452 0.010986 -10.008569
5098 1445961471.874799 0.038452 0.010986 -10.008569
5099 1445961471.884832 0.038452 -0.076904 -10.008569
5100 1445961471.894869 0.038452 0.010986 -10.008569
5101 1445961471.904799 0.038452 0.010986 -10.008569
5102 1445961471.914867 0.038452 0.010986 -10.008569
5103 1445961471.924896 0.038452 0.010986 -10.008569
5104 1445961471.934931 0.038452 0.010986 -10.008569
5105 1445961471.945002 0.038452 0.010986 -10.008569
5106 1445961471.954964 0.038452 -0.076904 -10.008569
5107 1445961471.964997 0.038452 0.010986 -10.008569
5108 1445961471.975049 0.038452 -0.076904 -10.008569
5109 1445961471.985059 0.038452 0.010986 -10.008569
5110 1445961471.995091 0.038452 0.010986 -10.008569
5111 1445961472.005061 0.038452 -0.076904 -10.008569
5112 1445961472.015102 0.038452 0.010986 -10.008569
5113 1445961472.025129 0.038452 0.010986 -10.008569
5114 1445961472.035144 0.038452 -0.076904 -10.008569
5115 1445961472.045013 0.038452 0.010986 -10.008569
5116 1445961472.055042 0.038452 0.010986 -10.008569
5117 1445961472.065269 0.038452 0.010986 -10.008569
5118 1445961472.075292 0.038452 -0.076904 -10.008569
5119 1445961472.085329 0.038452 -0.076904 -10.008569
5120 1445961472.095156 0.038452 -0.076904 -10.008569
5121 1445961472.105179 0.038452 0.010986 -10.008569
5122 1445961472.115402 0.038452 0.010986 -10.008569
5123 1445961472.125443 0.038452 0.010986 -10.008569
5124 1445961472.135454 0.038452 0.010986 -10.008569
5125 1445961472.141771 0.038452 0.010986 -10.008569
5126 1445961472.151773 0.038452 -0.076904 -10.008569
5127 1445961472.165391 0.038452 0.010986 -10.008569
5128 1445961472.175412 0.038452 0.010986 -10.008569
5129 1445961472.185462 0.038452 0.010986 -10.008569
5130 1445961472.191890 0.038452 -0.076904 -10.008569
5131 1445961472.201745 0.038452 -0.076904 -10.008569
5132 1445961472.215532 0.038452 0.010986 -10.008569
5133 1445961472.225573 0.038452 0.010986 -10.008569
5134 1445961472.235596 0.038452 0.010986 -10.008569
5135 1445961472.241919 0.038452 0.010986 -10.008569
5136 1445961472.251747 0.038452 0.010986 -10.008569
5137 1445961472.261577 0.038452 -0.076904 -10.008569
5138 1445961472.271599 0.038452 0.010986 -10.008569
5139 1445961472.281671 0.038452 0.010986 -10.008569
5140 1445961472.296663 0.038452 0.010986 -10.008569
5141 1445961472.301768 0.038452 0.010986 -10.008569
5142 1445961472.315784 0.038452 0.010986 -10.008569
5143 1445961472.321678 0.038452 0.010986 -10.008569
5144 1445961472.340881 0.038452 0.010986 -10.008569
5145 1445961472.346858 0.038452 0.010986 -10.008569
5146 1445961472.356610 0.038452 -0.076904 -10.008569
5147 1445961472.361742 0.038452 0.010986 -10.008569
5148 1445961472.371835 0.038452 -0.076904 -10.008569
5149 1445961472.386656 0.038452 0.010986 -10.008569
5150 1445961472.396908 0.038452 0.010986 -10.008569
5151 1445961472.406626 0.038452 0.010986 -10.008569
5152 1445961472.416728 0.038452 0.010986 -10.008569
5153 1445961472.426758 0.038452 -0.076904 -10.008569
5154 1445961472.436768 0.038452 0.010986 -10.008569
5155 1445961472.446886 0.038452 0.010986 -10.008569
5156 1445961472.461942 0.038452 0.010986 -10.008569
5157 1445961472.471992 0.038452 0.010986 -10.008569
5158 1445961472.481966 0.038452 0.010986 -10.008569
5159 1445961472.492397 0.038452 0.010986 -10.008569
5160 1445961472.502237 0.038452 0.010986 -10.008569
5161 1445961472.512146 0.038452 0.010986 -10.008569
5162 1445961472.522181 0.038452 0.010986 -10.008569
5163 1445961472.532201 0.038452 0.010986 -10.008569
5164 1445961472.542500 0.038452 0.010986 -10.008569
5165 1445961472.552336 0.038452 0.010986 -10.008569
5166 1445961472.562315 0.038452 0.010986 -10.008569
5167 1445961472.572428 0.038452 -0.076904 -10.008569
5168 1445961472.582371 0.038452 0.010986 -10.008569
5169 1445961472.592607 0.038452 0.010986 -10.008569
5170 1445961472.602457 0.038452 0.010986 -10.008569
5171 1445961472.612366 0.038452 -0.076904 -10.008569
5172 1445961472.622249 0.038452 0.010986 -10.008569
5173 1445961472.632396 0.038452 0.010986 -10.008569
5174 1445961472.642592 0.038452 0.010986 -10.008569
5175 1445961472.652607 0.038452 0.010986 -10.008569
5176 1445961472.662415 0.038452 0.010986 -10.008569
5177 1445961472.672389 0.038452 0.010986 -10.008569
5178 1445961472.682535 0.038452 -0.076904 -10.008569
5179 1445961472.692842 0.038452 0.010986 -10.008569
5180 1445961472.702692 0.038452 -0.076904 -10.008569
5181 1445961472.712708 0.038452 -0.076904 -10.008569
5182 1445961472.722699 -0.049439 0.010986 -10.008569
5183 1445961472.732589 0.038452 -0.076904 -10.008569
5184 1445961472.742753 0.038452 -0.076904 -10.008569
5185 1445961472.752769 0.038452 0.010986 -10.008569
5186 1445961472.762684 0.038452 0.010986 -10.008569
5187 1445961472.772588 0.038452 -0.076904 -10.008569
5188 1445961472.782696 0.038452 -0.076904 -10.008569
5189 1445961472.792884 0.038452 -0.076904 -10.008569
5190 1445961472.802847 0.038452 -0.076904 -10.008569
5191 1445961472.812845 0.038452 -0.076904 -10.008569
5192 1445961472.822820 0.038452 -0.076904 -10.008569
5193 1445961472.832857 0.038452 0.010986 -10.008569
5194 1445961472.842949 0.038452 0.010986 -10.008569
5195 1445961472.852825 -0.049439 -0.076904 -10.008569
5196 1445961472.862907 0.038452 0.010986 -10.008569
5197 1445961472.872956 0.038452 0.010986 -10.008569
5198 1445961472.883043 -0.049439 -0.076904 -10.008569
5199 1445961472.893070 0.038452 0.010986 -10.008569
5200 1445961472.902986 0.038452 0.010986 -10.008569
5201 1445961472.913158 -0.049439 -0.076904 -10.008569
5202 1445961472.923030 0.038452 -0.076904 -10.008569
5203 1445961472.933026 0.038452 0.010986 -10.008569
5204 1445961472.943226 0.038452 0.010986 -10.008569
5205 1445961472.953160 0.038452 0.010986 -10.008569
5206 1445961472.963254 0.038452 0.010986 -10.008569
5207 1445961472.973211 0.038452 -0.076904 -10.008569
5208 1445961472.983247 0.038452 -0.076904 -10.008569
5209 1445961472.993415 0.038452 0.010986 -10.008569
5210 1445961473.003340 0.038452 0.010986 -10.008569
5211 1445961473.013460 0.038452 0.010986 -10.008569
5212 1445961473.023442 0.038452 0.010986 -10.008569
5213 1445961473.033482 0.038452 -0.076904 -10.008569
5214 1445961473.043677 0.038452 0.010986 -10.008569
5215 1445961473.053529 0.038452 0.010986 -10.008569
5216 1445961473.063523 -0.049439 0.010986 -10.008569
5217 1445961473.073679 0.038452 -0.076904 -10.008569
5218 1445961473.083585 0.038452 0.010986 -10.008569
5219 1445961473.093750 -0.049439 0.010986 -10.008569
5220 1445961473.103470 -0.049439 0.010986 -10.008569
5221 1445961473.113745 -0.049439 -0.076904 -10.008569
5222 1445961473.123758 0.038452 0.010986 -10.008569
5223 1445961473.133741 -0.049439 0.010986 -10.008569
5224 1445961473.143705 0.038452 0.010986 -10.008569
5225 1445961473.153699 -0.049439 -0.076904 -10.008569
5226 1445961473.163826 -0.049439 0.010986 -10.008569
5227 1445961473.173770 0.038452 -0.076904 -10.008569
5228 1445961473.183850 0.038452 0.010986 -10.008569
5229 1445961473.193829 0.038452 -0.076904 -10.008569
5230 1445961473.203800 0.038452 -0.076904 -10.008569
5231 1445961473.213844 0.038452 0.010986 -10.008569
5232 1445961473.223838 0.038452 0.010986 -10.008569
5233 1445961473.233884 -0.049439 -0.076904 -10.008569
5234 1445961473.244009 0.038452 0.010986 -10.008569
5235 1445961473.253870 0.038452 0.010986 -10.008569
5236 1445961473.263954 -0.049439 -0.076904 -10.008569
5237 1445961473.273968 -0.049439 0.010986 -10.008569
5238 1445961473.283970 0.038452 -0.076904 -10.008569
5239 1445961473.294067 -0.049439 0.010986 -10.008569
5240 1445961473.303992 0.038452 0.010986 -10.008569
5241 1445961473.314029 0.038452 0.010986 -10.008569
5242 1445961473.324059 -0.049439 0.010986 -10.008569
5243 1445961473.334056 -0.049439 0.010986 -10.008569
5244 1445961473.344299 -0.049439 0.010986 -10.008569
5245 1445961473.354163 0.038452 0.010986 -10.008569
5246 1445961473.364239 -0.049439 0.010986 -10.008569
5247 1445961473.374186 -0.049439 0.010986 -10.008569
5248 1445961473.384293 -0.049439 0.010986 -10.008569
5249 1445961473.394397 0.038452 0.010986 -10.008569
5250 1445961473.404306 -0.049439 0.010986 -10.008569
5251 1445961473.414334 -0.049439 0.010986 -10.008569
5252 1445961473.424334 0.038452 -0.076904 -10.008569
5253 1445961473.434337 0.038452 0.010986 -10.008569
5254 1445961473.444380 -0.049439 0.010986 -10.008569
5255 1445961473.454274 -0.049439 -0.076904 -10.008569
5256 1445961473.464379 -0.049439 -0.076904 -10.008569
5257 1445961473.474383 -0.049439 -0.076904 -10.008569
5258 1445961473.484432 0.038452 0.010986 -10.008569
5259 1445961473.494442 -0.049439 0.010986 -10.008569
5260 1445961473.504441 0.038452 0.010986 -10.008569
5261 1445961473.514553 -0.049439 0.010986 -10.008569
5262 1445961473.524467 0.038452 -0.076904 -10.008569
5263 1445961473.534545 -0.049439 0.010986 -10.008569
5264 1445961473.544551 -0.049439 0.010986 -10.008569
5265 1445961473.554574 -0.049439 0.010986 -10.008569
5266 1445961473.564623 0.038452 0.010986 -10.008569
5267 1445961473.574611 0.038452 0.010986 -10.008569
5268 1445961473.584617 -0.049439 0.010986 -10.008569
5269 1445961473.594678 -0.049439 0.010986 -10.008569
5270 1445961473.604677 -0.049439 -0.076904 -10.008569
5271 1445961473.614713 -0.049439 0.010986 -10.008569
5272 1445961473.624753 0.038452 0.010986 -10.008569
5273 1445961473.634753 -0.049439 0.010986 -10.008569
5274 1445961473.644793 -0.049439 0.010986 -10.008569
5275 1445961473.654776 0.038452 -0.076904 -10.008569
5276 1445961473.664825 0.038452 0.010986 -10.008569
5277 1445961473.674829 -0.049439 0.010986 -10.008569
5278 1445961473.684847 0.038452 -0.076904 -10.008569
5279 1445961473.694895 -0.049439 0.010986 -10.008569
5280 1445961473.704918 0.038452 0.010986 -10.008569
5281 1445961473.714976 0.038452 0.010986 -10.008569
5282 1445961473.724988 -0.049439 -0.076904 -10.008569
5283 1445961473.734994 -0.049439 -0.076904 -10.008569
5284 1445961473.745068 -0.049439 0.010986 -10.008569
5285 1445961473.755048 0.038452 0.010986 -10.008569
5286 1445961473.765124 -0.049439 0.010986 -10.008569
5287 1445961473.775135 -0.049439 -0.076904 -10.008569
5288 1445961473.785167 -0.049439 0.010986 -10.008569
5289 1445961473.794998 0.038452 0.010986 -10.008569
5290 1445961473.805271 0.038452 0.010986 -10.008569
5291 1445961473.815304 -0.049439 -0.076904 -10.008569
5292 1445961473.825388 0.038452 0.010986 -10.008569
5293 1445961473.835325 0.038452 0.010986 -10.008569
5294 1445961473.841656 -0.049439 -0.076904 -10.008569
5295 1445961473.851645 -0.049439 -0.076904 -10.008569
5296 1445961473.865429 -0.049439 0.010986 -10.008569
5297 1445961473.875443 -0.049439 -0.076904 -10.008569
5298 1445961473.885497 -0.049439 0.010986 -10.008569
5299 1445961473.891806 -0.049439 -0.076904 -10.008569
5300 1445961473.901841 -0.049439 0.010986 -10.008569
5301 1445961473.915401 -0.049439 0.010986 -10.008569
5302 1445961473.925435 0.038452 0.010986 -10.008569
5303 1445961473.940627 -0.049439 0.010986 -10.008569
5304 1445961473.950517 0.038452 0.010986 -10.008569
5305 1445961473.960673 0.038452 -0.076904 -10.008569
5306 1445961473.970741 0.038452 0.010986 -10.008569
5307 1445961473.980656 -0.049439 -0.076904 -10.008569
5308 1445961473.990726 -0.049439 -0.076904 -10.008569
5309 1445961474.001716 -0.049439 0.010986 -10.008569
5310 1445961474.010836 0.038452 0.010986 -10.008569
5311 1445961474.021650 -0.049439 0.010986 -10.008569
5312 1445961474.031635 -0.049439 -0.076904 -10.008569
5313 1445961474.041802 -0.049439 0.010986 -10.008569
5314 1445961474.051732 -0.049439 0.010986 -10.008569
5315 1445961474.061633 -0.049439 0.010986 -10.008569
5316 1445961474.070803 -0.049439 0.010986 -10.008569
5317 1445961474.081639 -0.049439 0.010986 -10.008569
5318 1445961474.092047 0.038452 0.010986 -10.008569
5319 1445961474.102044 -0.049439 0.010986 -10.008569
5320 1445961474.111811 -0.049439 0.010986 -10.008569
5321 1445961474.121820 -0.049439 0.010986 -10.008569
5322 1445961474.131825 -0.049439 0.010986 -10.008569
5323 1445961474.142029 -0.049439 -0.076904 -10.008569
5324 1445961474.152163 0.038452 -0.076904 -10.008569
5325 1445961474.161761 0.038452 0.010986 -10.008569
5326 1445961474.171786 0.038452 -0.076904 -10.008569
5327 1445961474.181844 -0.049439 0.010986 -10.008569
5328 1445961474.192246 -0.049439 -0.076904 -10.008569
5329 1445961474.202239 -0.049439 0.010986 -10.008569
5330 1445961474.211987 -0.049439 -0.076904 -9.920679
5331 1445961474.222044 -0.049439 -0.076904 -10.008569
5332 1445961474.231960 -0.049439 -0.076904 -9.920679
5333 1445961474.242355 -0.049439 -0.076904 -9.920679
5334 1445961474.252392 -0.049439 -0.076904 -9.920679
5335 1445961474.262115 -0.049439 0.010986 -10.008569
5336 1445961474.272110 0.038452 -0.076904 -10.008569
5337 1445961474.282207 -0.049439 -0.076904 -9.920679
5338 1445961474.292454 -0.049439 -0.076904 -9.920679
5339 1445961474.302249 -0.049439 -0.076904 -9.920679
5340 1445961474.312240 -0.049439 -0.076904 -9.920679
5341 1445961474.322244 -0.049439 -0.076904 -9.920679
5342 1445961474.332237 -0.049439 -0.076904 -10.008569
5343 1445961474.342712 -0.049439 -0.076904 -9.920679
5344 1445961474.352438 -0.049439 -0.076904 -9.920679
5345 1445961474.362381 -0.049439 -0.076904 -10.008569
5346 1445961474.372363 -0.049439 -0.076904 -10.008569
5347 1445961474.382355 -0.049439 -0.076904 -9.920679
5348 1445961474.392659 -0.049439 -0.076904 -10.008569
5349 1445961474.402586 -0.049439 -0.076904 -10.008569
5350 1445961474.412331 -0.049439 -0.076904 -9.920679
5351 1445961474.422358 -0.049439 -0.076904 -9.920679
5352 1445961474.432387 -0.049439 -0.076904 -9.920679
5353 1445961474.442595 -0.049439 -0.076904 -9.920679
5354 1445961474.452585 -0.049439 -0.076904 -9.920679
5355 1445961474.462435 -0.049439 -0.076904 -9.920679
5356 1445961474.472464 -0.049439 -0.076904 -9.920679
5357 1445961474.482412 -0.049439 -0.076904 -9.920679
5358 1445961474.492831 -0.049439 -0.076904 -9.920679
5359 1445961474.502588 -0.049439 -0.076904 -9.920679
5360 1445961474.512590 -0.049439 -0.076904 -9.920679
5361 1445961474.522563 -0.049439 -0.076904 -9.920679
5362 1445961474.532626 -0.049439 -0.076904 -10.008569
5363 1445961474.542838 -0.049439 -0.076904 -9.920679
5364 1445961474.552827 -0.049439 -0.076904 -9.920679
5365 1445961474.562734 -0.049439 -0.076904 -10.008569
5366 1445961474.572735 -0.049439 -0.076904 -9.920679
5367 1445961474.582714 -0.049439 -0.076904 -9.920679
5368 1445961474.592941 -0.049439 -0.076904 -9.920679
5369 1445961474.602916 -0.049439 -0.076904 -9.920679
5370 1445961474.612878 -0.049439 -0.076904 -9.920679
5371 1445961474.622929 -0.049439 -0.076904 -9.920679
5372 1445961474.632932 -0.049439 -0.076904 -9.920679
5373 1445961474.643003 -0.049439 -0.076904 -9.920679
5374 1445961474.652864 -0.049439 -0.076904 -10.008569
5375 1445961474.662971 -0.049439 -0.076904 -9.920679
5376 1445961474.673044 -0.049439 -0.076904 -9.920679
5377 1445961474.683150 -0.049439 -0.076904 -9.920679
5378 1445961474.693203 -0.049439 -0.076904 -9.920679
5379 1445961474.703009 -0.049439 -0.076904 -9.920679
5380 1445961474.713082 0.038452 -0.076904 -9.920679
5381 1445961474.723057 -0.049439 -0.076904 -9.920679
5382 1445961474.733097 -0.049439 -0.076904 -9.920679
