13967 1445961561.037456 0.038452 0.010986 -9.920679
13968 1445961561.047930 -0.049439 0.010986 -9.920679
13969 1445961561.057689 0.038452 0.010986 -9.920679
13970 1445961561.067525 -0.049439 0.010986 -10.008569
13971 1445961561.077620 -0.049439 0.010986 -10.008569
13972 1445961561.087653 -0.049439 0.010986 -10.008569
13973 1445961561.097892 0.038452 -0.076904 -10.008569
13974 1445961561.107880 -0.049439 0.010986 -10.008569
13975 1445961561.117818 0.038452 0.010986 -10.008569
13976 1445961561.127822 0.038452 0.010986 -10.008569
13977 1445961561.137775 -0.049439 0.010986 -10.008569
13978 1445961561.148121 0.038452 0.010986 -10.008569
13979 1445961561.158045 0.038452 0.010986 -10.008569
13980 1445961561.167979 -0.049439 -0.076904 -10.008569
13981 1445961561.177874 0.038452 0.010986 -10.008569
13982 1445961561.187883 -0.049439 0.010986 -10.008569
13983 1445961561.198072 0.038452 0.010986 -9.920679
13984 1445961561.208168 0.038452 0.010986 -10.008569
13985 1445961561.217995 0.038452 0.010986 -10.008569
13986 1445961561.228096 0.038452 0.010986 -9.920679
13987 1445961561.238104 0.038452 0.010986 -10.008569
13988 1445961561.248409 -0.049439 -0.076904 -10.008569
13989 1445961561.258186 0.038452 0.010986 -10.008569
13990 1445961561.268204 -0.049439 0.010986 -9.920679
13991 1445961561.278171 -0.049439 0.010986 -10.008569
13992 1445961561.288137 -0.049439 -0.076904 -10.008569
13993 1445961561.298439 0.038452 0.010986 -10.008569
13994 1445961561.308498 -0.049439 -0.076904 -10.008569
13995 1445961561.318299 0.038452 0.010986 -10.008569
13996 1445961561.328379 0.038452 -0.076904 -10.008569
13997 1445961561.338361 0.038452 0.010986 -9.920679
13998 1445961561.348606 -0.049439 0.010986 -10.008569
13999 1445961561.358538 -0.049439 0.010986 -10.008569
14000 1445961561.368491 -0.049439 0.010986 -10.008569
14001 1445961561.378554 -0.049439 0.010986 -10.008569
14002 1445961561.388503 -0.049439 0.010986 -10.008569
14003 1445961561.398751 0.038452 -0.076904 -10.008569
14004 1445961561.408706 -0.049439 0.010986 -10.008569
14005 1445961561.418617 -0.049439 -0.076904 -10.008569
14006 1445961561.428617 0.038452 0.010986 -10.008569
14007 1445961561.438640 -0.049439 0.010986 -10.008569
14008 1445961561.448787 0.038452 0.010986 -9.920679
14009 1445961561.458704 0.038452 0.010986 -10.008569
14010 1445961561.468715 -0.049439 0.010986 -10.008569
14011 1445961561.478736 0.038452 0.010986 -10.008569
14012 1445961561.488774 -0.049439 0.010986 -10.008569
14013 1445961561.498816 0.038452 0.010986 -10.008569
14014 1445961561.508765 -0.049439 0.010986 -10.008569
14015 1445961561.518764 0.038452 0.010986 -10.008569
14016 1445961561.528773 0.038452 -0.076904 -10.008569
14017 1445961561.538798 0.038452 0.010986 -10.008569
14018 1445961561.548906 0.038452 0.010986 -10.008569
14019 1445961561.558772 -0.049439 0.010986 -10.008569
14020 1445961561.568846 0.038452 0.010986 -10.008569
14021 1445961561.578853 0.038452 0.010986 -10.008569
14022 1445961561.588893 -0.049439 0.010986 -10.008569
14023 1445961561.598966 -0.049439 -0.076904 -10.008569
14024 1445961561.608866 -0.049439 0.010986 -10.008569
14025 1445961561.618931 0.038452 0.010986 -10.008569
14026 1445961561.628895 0.038452 0.010986 -10.008569
14027 1445961561.638909 0.038452 0.010986 -10.008569
14028 1445961561.649068 0.038452 0.010986 -10.008569
14029 1445961561.658994 0.038452 -0.076904 -10.008569
14030 1445961561.669042 0.038452 -0.076904 -10.008569
14031 1445961561.679034 -0.049439 0.010986 -10.008569
14032 1445961561.689051 0.038452 0.010986 -10.008569
14033 1445961561.699183 0.038452 0.010986 -10.008569
14034 1445961561.709091 0.038452 -0.076904 -10.008569
14035 1445961561.719118 0.038452 0.010986 -10.008569
14036 1445961561.729188 -0.049439 0.010986 -10.008569
14037 1445961561.739156 0.038452 0.010986 -10.008569
14038 1445961561.749295 0.038452 0.010986 -10.008569
14039 1445961561.759208 0.038452 0.010986 -10.008569
14040 1445961561.769327 0.038452 0.010986 -10.008569
14041 1445961561.779336 -0.049439 0.010986 -10.008569
14042 1445961561.789344 -0.049439 0.010986 -10.008569
14043 1445961561.799372 0.038452 0.010986 -10.008569
14044 1445961561.809318 -0.049439 0.010986 -10.008569
14045 1445961561.819448 0.038452 0.010986 -10.008569
14046 1445961561.829470 -0.049439 0.010986 -10.008569
14047 1445961561.839469 -0.049439 0.010986 -10.008569
14048 1445961561.849430 -0.049439 0.010986 -10.008569
14049 1445961561.859467 0.038452 0.010986 -10.008569
14050 1445961561.869530 -0.049439 0.010986 -10.008569
14051 1445961561.879550 -0.049439 0.010986 -9.920679
14052 1445961561.889539 -0.049439 0.010986 -10.008569
14053 1445961561.899549 -0.049439 0.010986 -10.008569
14054 1445961561.909506 -0.049439 -0.076904 -9.920679
14055 1445961561.919599 -0.049439 0.010986 -10.008569
14056 1445961561.929631 -0.049439 0.010986 -10.008569
14057 1445961561.939678 0.038452 -0.076904 -10.008569
14058 1445961561.949641 -0.049439 -0.076904 -10.008569
14059 1445961561.959642 -0.049439 0.010986 -9.920679
14060 1445961561.969742 -0.049439 0.010986 -10.008569
14061 1445961561.979701 -0.049439 0.010986 -10.008569
14062 1445961561.989741 -0.049439 0.010986 -10.008569
14063 1445961562.004913 0.038452 0.010986 -10.008569
14064 1445961562.014894 0.038452 -0.076904 -10.008569
14065 1445961562.025019 0.038452 0.010986 -10.008569
14066 1445961562.034879 -0.049439 0.010986 -10.008569
14067 1445961562.045038 0.038452 0.010986 -10.008569
14068 1445961562.055028 -0.049439 0.010986 -10.008569
14069 1445961562.065013 -0.049439 0.010986 -10.008569
14070 1445961562.074984 0.038452 0.010986 -10.008569
14071 1445961562.085057 0.038452 0.010986 -10.008569
14072 1445961562.095218 -0.049439 0.010986 -10.008569
14073 1445961562.105230 0.038452 0.010986 -10.008569
14074 1445961562.115068 -0.049439 0.010986 -9.920679
14075 1445961562.125149 -0.049439 0.010986 -10.008569
14076 1445961562.135113 0.038452 -0.076904 -10.008569
14077 1445961562.145372 0.038452 0.010986 -9.920679
14078 1445961562.155406 -0.049439 0.010986 -10.008569
14079 1445961562.165217 0.038452 0.010986 -10.008569
14080 1445961562.175282 -0.049439 0.010986 -10.008569
14081 1445961562.185319 0.038452 0.010986 -10.008569
14082 1445961562.195405 -0.049439 0.010986 -10.008569
14083 1445961562.205483 -0.049439 0.010986 -10.008569
14084 1445961562.215384 -0.049439 0.010986 -10.008569
14085 1445961562.225409 0.038452 0.010986 -10.008569
14086 1445961562.235428 -0.049439 0.010986 -9.920679
14087 1445961562.245578 0.038452 0.010986 -10.008569
14088 1445961562.255638 0.038452 0.010986 -10.008569
14089 1445961562.265448 -0.049439 0.010986 -10.008569
14090 1445961562.275540 0.038452 0.010986 -10.008569
14091 1445961562.285556 -0.049439 -0.076904 -10.008569
14092 1445961562.295682 0.038452 0.010986 -10.008569
14093 1445961562.305680 0.038452 0.010986 -9.920679
14094 1445961562.315625 -0.049439 0.010986 -10.008569
14095 1445961562.325623 -0.049439 0.010986 -10.008569
14096 1445961562.335635 0.038452 0.010986 -9.920679
14097 1445961562.345703 0.038452 0.010986 -10.008569
14098 1445961562.355749 -0.049439 -0.076904 -10.008569
14099 1445961562.365720 0.038452 0.010986 -10.008569
14100 1445961562.375650 -0.049439 -0.076904 -10.008569
14101 1445961562.385712 0.038452 -0.076904 -10.008569
14102 1445961562.395731 0.038452 0.010986 -10.008569
14103 1445961562.405758 -0.049439 0.010986 -10.008569
14104 1445961562.415850 0.038452 0.010986 -10.008569
14105 1445961562.425777 0.038452 0.010986 -10.008569
14106 1445961562.435836 0.038452 0.010986 -10.008569
14107 1445961562.445853 -0.049439 0.010986 -9.920679
14108 1445961562.455866 -0.049439 0.010986 -10.008569
14109 1445961562.465881 -0.049439 0.010986 -10.008569
14110 1445961562.475964 0.038452 0.010986 -10.008569
14111 1445961562.485889 0.038452 0.010986 -10.008569
14112 1445961562.495987 -0.049439 0.010986 -10.008569
14113 1445961562.505967 -0.049439 -0.076904 -10.008569
14114 1445961562.515979 0.038452 0.010986 -10.008569
14115 1445961562.525982 -0.049439 0.010986 -10.008569
14116 1445961562.536016 0.038452 -0.076904 -10.008569
14117 1445961562.547276 -0.049439 0.010986 -10.008569
14118 1445961562.557017 0.038452 0.010986 -10.008569
14119 1445961562.566123 -0.049439 0.010986 -10.008569
14120 1445961562.576178 0.038452 0.010986 -10.008569
14121 1445961562.586185 -0.049439 0.010986 -10.008569
14122 1445961562.597364 -0.049439 0.010986 -10.008569
14123 1445961562.607144 0.038452 0.010986 -10.008569
14124 1445961562.617067 -0.049439 0.010986 -10.008569
14125 1445961562.627125 0.038452 0.010986 -10.008569
14126 1445961562.637026 -0.049439 0.010986 -10.008569
14127 1445961562.647503 -0.049439 -0.076904 -10.008569
14128 1445961562.657204 0.038452 -0.076904 -10.008569
14129 1445961562.667060 -0.049439 0.010986 -10.008569
14130 1445961562.677077 0.038452 0.010986 -10.008569
14131 1445961562.687045 -0.049439 -0.076904 -10.008569
14132 1445961562.697388 -0.049439 0.010986 -10.008569
14133 1445961562.707329 0.038452 0.010986 -10.008569
14134 1445961562.717271 0.038452 0.010986 -10.008569
14135 1445961562.727322 0.038452 0.010986 -10.008569
14136 1445961562.737248 0.038452 0.010986 -10.008569
14137 1445961562.747532 0.038452 0.010986 -10.008569
14138 1445961562.757363 0.038452 0.010986 -10.008569
14139 1445961562.767375 0.038452 0.010986 -10.008569
14140 1445961562.777282 0.038452 0.010986 -10.008569
14141 1445961562.787352 0.038452 0.010986 -10.008569
14142 1445961562.797668 0.038452 0.010986 -10.008569
14143 1445961562.807673 0.038452 0.010986 -10.008569
14144 1445961562.817459 -0.049439 0.010986 -10.008569
14145 1445961562.827548 -0.049439 0.010986 -9.920679
14146 1445961562.837610 0.038452 0.010986 -10.008569
14147 1445961562.847975 0.038452 0.010986 -9.920679
14148 1445961562.857861 0.038452 0.010986 -10.008569
14149 1445961562.867672 -0.049439 0.010986 -10.008569
14150 1445961562.877575 -0.049439 0.010986 -9.920679
14151 1445961562.887947 -0.049439 0.010986 -10.008569
14152 1445961562.898003 0.038452 0.010986 -9.920679
14153 1445961562.907858 0.038452 -0.076904 -10.008569
14154 1445961562.917715 -0.049439 0.010986 -9.920679
14155 1445961562.927663 -0.049439 0.010986 -9.920679
14156 1445961562.937712 -0.049439 0.010986 -10.008569
14157 1445961562.948068 -0.049439 -0.076904 -10.008569
14158 1445961562.957910 0.038452 0.010986 -10.008569
14159 1445961562.967747 -0.049439 0.010986 -10.008569
14160 1445961562.977776 -0.049439 0.010986 -10.008569
14161 1445961562.988071 -0.049439 0.010986 -10.008569
14162 1445961562.998100 -0.049439 0.010986 -10.008569
14163 1445961563.008039 -0.049439 0.010986 -10.008569
14164 1445961563.017830 0.038452 0.010986 -9.920679
14165 1445961563.027874 -0.049439 0.010986 -10.008569
14166 1445961563.037848 0.038452 0.010986 -10.008569
14167 1445961563.048196 -0.049439 -0.076904 -10.008569
14168 1445961563.057935 -0.049439 0.010986 -10.008569
14169 1445961563.067997 0.038452 0.010986 -10.008569
14170 1445961563.077969 0.038452 0.010986 -10.008569
14171 1445961563.087993 0.038452 0.010986 -9.920679
14172 1445961563.098211 0.038452 0.010986 -10.008569
14173 1445961563.108231 -0.049439 0.010986 -10.008569
14174 1445961563.118100 0.038452 -0.076904 -9.920679
14175 1445961563.128160 -0.049439 -0.076904 -10.008569
14176 1445961563.138111 0.038452 0.010986 -10.008569
14177 1445961563.148333 0.038452 0.010986 -10.008569
14178 1445961563.158308 -0.049439 0.010986 -9.920679
14179 1445961563.168219 -0.049439 -0.076904 -10.008569
14180 1445961563.178243 -0.049439 0.010986 -10.008569
14181 1445961563.188240 -0.049439 0.010986 -10.008569
14182 1445961563.198458 -0.049439 0.010986 -10.008569
14183 1445961563.208326 0.038452 0.010986 -10.008569
14184 1445961563.218367 0.038452 0.010986 -10.008569
14185 1445961563.228362 -0.049439 0.010986 -10.008569
14186 1445961563.238403 0.038452 0.010986 -9.920679
14187 1445961563.248583 -0.049439 0.010986 -10.008569
14188 1445961563.258564 -0.049439 0.010986 -10.008569
14189 1445961563.268579 -0.049439 0.010986 -10.008569
14190 1445961563.278542 0.038452 0.010986 -10.008569
14191 1445961563.288565 0.038452 0.010986 -9.920679
14192 1445961563.298677 -0.049439 0.010986 -9.920679
14193 1445961563.308645 0.038452 0.010986 -10.008569
14194 1445961563.318661 0.038452 0.010986 -10.008569
14195 1445961563.328669 0.038452 0.010986 -10.008569
14196 1445961563.338718 -0.049439 0.010986 -10.008569
14197 1445961563.348813 -0.049439 0.010986 -9.920679
14198 1445961563.358776 0.038452 0.010986 -9.920679
14199 1445961563.368832 -0.049439 0.010986 -10.008569
14200 1445961563.378831 0.038452 0.010986 -9.920679
14201 1445961563.388800 -0.049439 0.010986 -10.008569
14202 1445961563.398959 0.038452 0.010986 -9.920679
14203 1445961563.408921 0.038452 0.010986 -10.008569
14204 1445961563.418897 0.038452 0.010986 -10.008569
14205 1445961563.428910 0.038452 0.010986 -10.008569
14206 1445961563.438968 0.038452 -0.076904 -10.008569
14207 1445961563.454303 -0.049439 -0.076904 -10.008569
14208 1445961563.464085 0.038452 0.010986 -10.008569
14209 1445961563.474095 -0.049439 0.010986 -9.920679
14210 1445961563.484184 0.038452 0.010986 -10.008569
14211 1445961563.494357 -0.049439 0.010986 -9.920679
14212 1445961563.504328 0.038452 0.010986 -10.008569
14213 1445961563.514219 -0.049439 0.010986 -10.008569
14214 1445961563.524307 -0.049439 0.010986 -10.008569
14215 1445961563.534316 -0.049439 0.010986 -10.008569
14216 1445961563.544482 0.038452 0.010986 -10.008569
14217 1445961563.554645 -0.049439 0.010986 -10.008569
14218 1445961563.564386 0.038452 0.010986 -10.008569
14219 1445961563.574464 -0.049439 0.010986 -10.008569
14220 1445961563.584495 0.038452 -0.076904 -10.008569
14221 1445961563.594662 0.038452 0.010986 -10.008569
14222 1445961563.604686 -0.049439 -0.076904 -10.008569
14223 1445961563.614516 0.038452 0.010986 -10.008569
14224 1445961563.624503 0.038452 0.010986 -10.008569
14225 1445961563.634471 0.038452 0.010986 -10.008569
14226 1445961563.644693 0.038452 -0.076904 -10.008569
14227 1445961563.654661 -0.049439 0.010986 -10.008569
14228 1445961563.664733 0.038452 -0.076904 -10.008569
14229 1445961563.674678 -0.049439 0.010986 -10.008569
14230 1445961563.684722 0.038452 -0.076904 -10.008569
14231 1445961563.694715 0.038452 -0.076904 -10.008569
14232 1445961563.704694 -0.049439 0.010986 -10.008569
14233 1445961563.714671 0.038452 0.010986 -10.008569
14234 1445961563.724709 0.038452 0.010986 -10.008569
14235 1445961563.734751 -0.049439 0.010986 -9.920679
14236 1445961563.744869 0.038452 0.010986 -10.008569
14237 1445961563.754892 -0.049439 0.010986 -10.008569
14238 1445961563.764800 0.038452 0.010986 -9.920679
14239 1445961563.774826 0.038452 0.010986 -10.008569
14240 1445961563.784813 0.038452 0.010986 -10.008569
14241 1445961563.795039 -0.049439 0.010986 -10.008569
14242 1445961563.805028 -0.049439 -0.076904 -10.008569
14243 1445961563.814947 0.038452 0.010986 -9.920679
14244 1445961563.824940 -0.049439 0.010986 -10.008569
14245 1445961563.835065 -0.049439 0.010986 -10.008569
14246 1445961563.845032 -0.049439 0.010986 -10.008569
14247 1445961563.855202 -0.049439 0.010986 -10.008569
14248 1445961563.864989 0.038452 0.010986 -10.008569
14249 1445961563.875069 0.038452 -0.076904 -10.008569
14250 1445961563.885081 0.038452 -0.076904 -10.008569
14251 1445961563.895244 0.038452 -0.076904 -10.008569
14252 1445961563.905279 0.038452 0.010986 -10.008569
14253 1445961563.915224 0.038452 0.010986 -10.008569
14254 1445961563.925230 0.038452 0.010986 -10.008569
14255 1445961563.935331 -0.049439 0.010986 -10.008569
14256 1445961563.945363 0.038452 0.010986 -9.920679
14257 1445961563.955389 0.038452 0.010986 -10.008569
14258 1445961563.965364 0.038452 -0.076904 -10.008569
14259 1445961563.975434 0.038452 0.010986 -10.008569
14260 1445961563.985345 0.038452 0.010986 -10.008569
14261 1445961563.995481 -0.049439 0.010986 -10.008569
14262 1445961564.005540 -0.049439 0.010986 -10.008569
14263 1445961564.015427 -0.049439 0.010986 -10.008569
14264 1445961564.025552 -0.049439 0.010986 -10.008569
14265 1445961564.035547 0.038452 0.010986 -10.008569
14266 1445961564.045567 0.038452 0.010986 -10.008569
14267 1445961564.055577 -0.049439 0.010986 -10.008569
14268 1445961564.065585 -0.049439 0.010986 -10.008569
14269 1445961564.075575 0.038452 0.010986 -10.008569
14270 1445961564.085488 0.038452 0.010986 -10.008569
14271 1445961564.095643 0.038452 0.010986 -10.008569
14272 1445961564.105684 0.038452 0.010986 -10.008569
14273 1445961564.115677 0.038452 0.010986 -10.008569
14274 1445961564.125602 0.038452 0.010986 -10.008569
14275 1445961564.135741 -0.049439 0.010986 -10.008569
14276 1445961564.145839 -0.049439 -0.076904 -10.008569
14277 1445961564.155702 0.038452 0.010986 -9.920679
14278 1445961564.165780 0.038452 0.010986 -10.008569
14279 1445961564.175714 0.038452 0.010986 -10.008569
14280 1445961564.185756 0.038452 0.010986 -10.008569
14281 1445961564.195839 0.038452 0.010986 -10.008569
14282 1445961564.205782 0.038452 0.010986 -10.008569
14283 1445961564.215832 -0.049439 0.010986 -10.008569
14284 1445961564.225851 -0.049439 0.010986 -10.008569
14285 1445961564.235964 0.038452 0.010986 -10.008569
14286 1445961564.247116 0.038452 0.010986 -10.008569
14287 1445961564.256082 0.038452 0.010986 -10.008569
14288 1445961564.266008 -0.049439 0.010986 -10.008569
14289 1445961564.276024 0.038452 0.010986 -9.920679
14290 1445961564.285993 -0.049439 0.010986 -9.920679
14291 1445961564.297149 0.038452 0.010986 -10.008569
14292 1445961564.307146 0.038452 -0.076904 -10.008569
14293 1445961564.317135 0.038452 0.010986 -10.008569
14294 1445961564.326126 -0.049439 0.010986 -10.008569
14295 1445961564.336999 -0.049439 0.010986 -10.008569
14296 1445961564.347170 -0.049439 -0.076904 -10.008569
14297 1445961564.357131 -0.049439 0.010986 -10.008569
14298 1445961564.366250 0.038452 0.010986 -10.008569
14299 1445961564.372025 -0.049439 0.010986 -10.008569
14300 1445961564.382001 -0.049439 -0.076904 -10.008569
14301 1445961564.397315 -0.049439 -0.076904 -10.008569
14302 1445961564.407144 0.038452 0.010986 -10.008569
14303 1445961564.412073 -0.049439 0.010986 -10.008569
14304 1445961564.427073 -0.049439 0.010986 -10.008569
14305 1445961564.432063 -0.049439 0.010986 -10.008569
14306 1445961564.447527 -0.049439 0.010986 -10.008569
14307 1445961564.457188 -0.049439 0.010986 -10.008569
14308 1445961564.467112 -0.049439 0.010986 -10.008569
14309 1445961564.477092 -0.049439 0.010986 -10.008569
14310 1445961564.487123 -0.049439 -0.076904 -10.008569
14311 1445961564.497379 -0.049439 0.010986 -10.008569
14312 1445961564.507399 -0.049439 0.010986 -10.008569
14313 1445961564.517200 -0.049439 -0.076904 -10.008569
14314 1445961564.527158 -0.049439 -0.076904 -10.008569
14315 1445961564.537196 -0.049439 0.010986 -10.008569
14316 1445961564.547473 -0.049439 0.010986 -10.008569
14317 1445961564.557496 -0.049439 0.010986 -10.008569
14318 1445961564.567282 -0.049439 0.010986 -10.008569
14319 1445961564.577308 -0.049439 0.010986 -10.008569
14320 1445961564.587362 -0.049439 0.010986 -10.008569
14321 1445961564.597647 -0.049439 0.010986 -10.008569
14322 1445961564.607551 -0.049439 0.010986 -10.008569
14323 1445961564.617520 -0.049439 0.010986 -10.008569
14324 1445961564.627501 -0.049439 0.010986 -10.008569
14325 1445961564.637491 -0.049439 0.010986 -10.008569
14326 1445961564.647821 -0.049439 0.010986 -10.008569
14327 1445961564.657573 -0.049439 0.010986 -10.008569
14328 1445961564.667597 -0.049439 -0.076904 -10.008569
14329 1445961564.677563 -0.049439 0.010986 -10.008569
14330 1445961564.687538 -0.049439 0.010986 -10.008569
14331 1445961564.697978 -0.049439 -0.076904 -10.008569
14332 1445961564.707734 0.038452 -0.076904 -10.008569
14333 1445961564.717725 -0.049439 0.010986 -10.008569
14334 1445961564.727685 -0.049439 -0.076904 -10.008569
14335 1445961564.737700 -0.049439 0.010986 -10.008569
14336 1445961564.747938 -0.049439 0.010986 -10.008569
14337 1445961564.757772 -0.049439 -0.076904 -10.008569
14338 1445961564.767784 -0.049439 0.010986 -10.008569
14339 1445961564.777782 -0.049439 -0.076904 -10.008569
14340 1445961564.787803 -0.049439 -0.076904 -10.008569
14341 1445961564.797971 -0.049439 0.010986 -10.008569
14342 1445961564.807943 0.038452 0.010986 -10.008569
14343 1445961564.817893 -0.049439 0.010986 -10.008569
14344 1445961564.827905 0.038452 0.010986 -10.008569
14345 1445961564.837890 -0.049439 0.010986 -10.008569
14346 1445961564.848138 -0.049439 -0.076904 -10.008569
14347 1445961564.858127 0.038452 0.010986 -10.008569
14348 1445961564.868048 -0.049439 0.010986 -10.008569
14349 1445961564.878022 -0.049439 0.010986 -10.008569
14350 1445961564.888028 -0.049439 0.010986 -10.008569
14351 1445961564.898224 -0.049439 -0.076904 -10.008569
14352 1445961564.908463 -0.049439 0.010986 -10.008569
14353 1445961564.918130 -0.049439 0.010986 -10.008569
14354 1445961564.928135 0.038452 0.010986 -10.008569
14355 1445961564.938150 -0.049439 -0.076904 -10.008569
14356 1445961564.953479 -0.049439 0.010986 -10.008569
14357 1445961564.963296 -0.049439 0.010986 -10.008569
14358 1445961564.973387 -0.049439 0.010986 -10.008569
14359 1445961564.983380 0.038452 0.010986 -10.008569
14360 1445961564.993409 -0.049439 0.010986 -10.008569
14361 1445961565.003605 -0.049439 0.010986 -10.008569
14362 1445961565.013450 -0.049439 0.010986 -10.008569
14363 1445961565.023471 -0.049439 0.010986 -10.008569
14364 1445961565.033503 -0.049439 0.010986 -10.008569
14365 1445961565.043534 -0.049439 0.010986 -10.008569
14366 1445961565.053710 -0.049439 0.010986 -10.008569
14367 1445961565.063541 -0.049439 0.010986 -10.008569
14368 1445961565.073627 -0.049439 0.010986 -10.008569
14369 1445961565.083667 -0.049439 0.010986 -10.008569
14370 1445961565.093610 0.038452 0.010986 -10.008569
14371 1445961565.103614 0.038452 0.010986 -10.008569
14372 1445961565.113596 0.038452 0.010986 -10.008569
14373 1445961565.123681 0.038452 0.010986 -10.008569
14374 1445961565.133621 -0.049439 0.010986 -10.008569
14375 1445961565.143850 -0.049439 0.010986 -10.008569
14376 1445961565.153956 0.038452 0.010986 -10.008569
14377 1445961565.163694 -0.049439 -0.076904 -10.008569
14378 1445961565.173732 0.038452 0.010986 -10.008569
14379 1445961565.183892 0.038452 0.010986 -10.008569
14380 1445961565.193960 -0.049439 -0.076904 -10.008569
14381 1445961565.204091 -0.049439 -0.076904 -10.008569
14382 1445961565.213864 0.038452 0.010986 -10.008569
14383 1445961565.224009 0.038452 0.010986 -10.008569
14384 1445961565.233932 -0.049439 -0.076904 -10.008569
14385 1445961565.244105 -0.049439 -0.076904 -10.008569
14386 1445961565.254106 0.038452 0.010986 -10.008569
14387 1445961565.264073 -0.049439 0.010986 -10.008569
14388 1445961565.274039 0.038452 0.010986 -10.008569
14389 1445961565.284120 -0.049439 -0.076904 -10.008569
14390 1445961565.294213 -0.049439 0.010986 -10.008569
14391 1445961565.304143 0.038452 -0.076904 -10.008569
14392 1445961565.314056 -0.049439 0.010986 -10.008569
14393 1445961565.324128 -0.049439 0.010986 -10.008569
14394 1445961565.334133 -0.049439 0.010986 -10.008569
14395 1445961565.344322 -0.049439 -0.076904 -10.008569
14396 1445961565.354381 -0.049439 0.010986 -10.008569
14397 1445961565.364192 -0.049439 0.010986 -10.008569
14398 1445961565.374232 0.038452 0.010986 -10.09646
14399 1445961565.384270 0.038452 0.010986 -10.09646
14400 1445961565.394466 0.038452 0.010986 -10.09646
14401 1445961565.404372 -0.049439 0.010986 -10.09646
14402 1445961565.414335 -0.049439 -0.076904 -10.008569
14403 1445961565.424403 -0.049439 -0.076904 -10.008569
14404 1445961565.434425 -0.049439 -0.076904 -10.008569
14405 1445961565.444568 -0.049439 0.010986 -10.008569
14406 1445961565.454459 -0.049439 -0.076904 -10.008569
14407 1445961565.464419 -0.049439 0.010986 -10.008569
14408 1445961565.474480 -0.049439 0.010986 -10.008569
14409 1445961565.484470 -0.049439 0.010986 -10.008569
14410 1445961565.494494 0.038452 0.010986 -10.008569
14411 1445961565.504543 0.038452 -0.076904 -10.008569
14412 1445961565.514627 0.038452 0.010986 -10.008569
14413 1445961565.524562 0.038452 -0.076904 -10.008569
14414 1445961565.534566 0.038452 -0.076904 -10.008569
14415 1445961565.544655 -0.049439 -0.076904 -10.008569
14416 1445961565.554572 -0.049439 0.010986 -10.008569
14417 1445961565.564632 -0.049439 -0.076904 -10.008569
14418 1445961565.574681 -0.049439 0.010986 -10.008569
14419 1445961565.584689 -0.049439 0.010986 -10.008569
14420 1445961565.594742 0.038452 0.010986 -10.09646
14421 1445961565.604762 -0.049439 0.010986 -10.09646
14422 1445961565.614737 -0.049439 0.010986 -10.008569
14423 1445961565.624771 -0.049439 0.010986 -10.09646
14424 1445961565.634788 0.038452 0.010986 -10.09646
14425 1445961565.644907 0.038452 0.010986 -10.008569
14426 1445961565.654901 0.038452 0.010986 -10.008569
14427 1445961565.664837 -0.049439 0.010986 -10.008569
14428 1445961565.675009 -0.049439 0.010986 -10.008569
14429 1445961565.684959 -0.049439 0.010986 -10.008569
14430 1445961565.695111 -0.049439 0.010986 -10.008569
14431 1445961565.705165 -0.049439 0.010986 -10.008569
14432 1445961565.715006 -0.049439 0.010986 -10.008569
14433 1445961565.725046 -0.049439 0.010986 -10.008569
14434 1445961565.735027 -0.049439 -0.076904 -10.008569
14435 1445961565.745204 -0.049439 0.010986 -10.008569
14436 1445961565.755171 -0.049439 0.010986 -10.008569
14437 1445961565.765090 -0.049439 0.010986 -10.008569
14438 1445961565.775136 -0.049439 0.010986 -10.008569
14439 1445961565.785130 -0.049439 0.010986 -10.008569
14440 1445961565.795228 -0.049439 0.010986 -10.008569
14441 1445961565.805264 -0.049439 0.010986 -10.008569
14442 1445961565.815202 -0.049439 0.010986 -10.008569
14443 1445961565.825203 -0.049439 0.010986 -10.008569
14444 1445961565.835283 -0.049439 0.010986 -10.008569
14445 1445961565.845287 -0.049439 -0.076904 -10.008569
14446 1445961565.855315 -0.049439 0.010986 -10.008569
14447 1445961565.865356 -0.049439 0.010986 -10.09646
14448 1445961565.875309 -0.049439 0.010986 -10.09646
14449 1445961565.885338 -0.049439 0.010986 -10.008569
14450 1445961565.895394 -0.049439 -0.076904 -10.008569
14451 1445961565.905353 0.038452 0.010986 -10.008569
14452 1445961565.915394 -0.049439 0.010986 -10.09646
14453 1445961565.925406 -0.049439 0.010986 -10.09646
14454 1445961565.935410 0.038452 -0.076904 -10.008569
14455 1445961565.945491 -0.049439 0.010986 -10.008569
14456 1445961565.955431 0.038452 0.010986 -10.008569
14457 1445961565.965475 -0.049439 0.010986 -10.008569
14458 1445961565.975516 0.038452 0.010986 -10.09646
14459 1445961565.985532 -0.049439 0.010986 -10.008569
14460 1445961565.995603 -0.049439 0.010986 -10.09646
14461 1445961566.005553 -0.049439 0.010986 -10.008569
14462 1445961566.015623 -0.049439 0.010986 -10.008569
14463 1445961566.025579 -0.049439 0.010986 -10.008569
14464 1445961566.035600 -0.049439 0.010986 -10.008569
14465 1445961566.045641 -0.049439 0.010986 -10.008569
14466 1445961566.055585 -0.049439 0.010986 -10.008569
14467 1445961566.065723 0.038452 0.010986 -10.008569
14468 1445961566.075689 0.038452 0.010986 -10.008569
14469 1445961566.085708 0.038452 0.010986 -10.008569
14470 1445961566.095828 0.038452 0.010986 -10.008569
14471 1445961566.105688 0.038452 0.010986 -10.008569
14472 1445961566.115796 0.038452 0.010986 -10.008569
14473 1445961566.125817 -0.049439 0.010986 -10.008569
14474 1445961566.135849 0.038452 0.010986 -10.008569
14475 1445961566.145898 -0.049439 0.010986 -10.008569
14476 1445961566.152172 -0.049439 0.010986 -10.008569
14477 1445961566.165884 0.038452 0.010986 -10.008569
14478 1445961566.175843 -0.049439 0.010986 -10.008569
14479 1445961566.185943 -0.049439 -0.076904 -10.008569
14480 1445961566.201046 0.038452 0.010986 -10.008569
14481 1445961566.211012 0.038452 0.010986 -10.008569
14482 1445961566.221041 -0.049439 0.010986 -10.008569
14483 1445961566.231060 0.038452 0.010986 -10.008569
14484 1445961566.241084 0.038452 0.010986 -10.008569
14485 1445961566.251093 0.038452 0.010986 -10.008569
14486 1445961566.261066 0.038452 0.010986 -10.008569
14487 1445961566.271152 -0.049439 0.010986 -10.008569
14488 1445961566.281194 0.038452 0.010986 -10.008569
14489 1445961566.292022 -0.049439 0.010986 -10.008569
14490 1445961566.297024 -0.049439 0.010986 -10.008569
14491 1445961566.312017 -0.049439 0.010986 -10.008569
14492 1445961566.322173 -0.049439 0.010986 -10.008569
14493 1445961566.332105 0.038452 0.010986 -10.008569
14494 1445961566.342100 -0.049439 0.010986 -10.008569
14495 1445961566.352379 -0.049439 0.010986 -10.008569
14496 1445961566.362116 0.038452 0.010986 -10.008569
14497 1445961566.372180 -0.049439 0.010986 -10.008569
14498 1445961566.382135 0.038452 0.010986 -10.008569
14499 1445961566.392162 -0.049439 0.010986 -10.008569
14500 1445961566.402408 0.038452 0.010986 -10.008569
14501 1445961566.412174 0.038452 0.010986 -10.008569
14502 1445961566.422311 0.038452 0.010986 -10.09646
14503 1445961566.432330 0.038452 0.010986 -10.008569
14504 1445961566.442384 0.038452 0.010986 -10.008569
14505 1445961566.452559 0.038452 0.010986 -10.008569
14506 1445961566.462392 0.038452 0.010986 -10.008569
14507 1445961566.472462 0.038452 0.010986 -10.008569
14508 1445961566.482483 0.038452 0.010986 -10.008569
14509 1445961566.492409 0.038452 0.010986 -10.008569
14510 1445961566.502666 0.038452 0.010986 -10.008569
14511 1445961566.512418 -0.049439 0.010986 -10.008569
14512 1445961566.522481 0.038452 0.010986 -10.008569
14513 1445961566.532448 0.038452 0.010986 -10.008569
14514 1445961566.542560 0.038452 0.010986 -10.008569
14515 1445961566.552649 0.038452 0.010986 -10.008569
14516 1445961566.562548 0.038452 0.010986 -10.008569
14517 1445961566.572618 0.038452 0.010986 -10.008569
14518 1445961566.582663 0.038452 0.010986 -10.008569
14519 1445961566.592710 0.038452 0.010986 -10.008569
14520 1445961566.603178 0.038452 0.010986 -10.008569
14521 1445961566.612612 0.038452 0.010986 -10.008569
14522 1445961566.622845 0.038452 0.010986 -10.008569
14523 1445961566.632868 0.038452 0.098877 -10.008569
14524 1445961566.642802 0.038452 0.098877 -9.920679
14525 1445961566.653042 0.038452 0.098877 -9.920679
14526 1445961566.662761 0.038452 0.098877 -9.920679
14527 1445961566.672790 0.038452 0.098877 -9.920679
14528 1445961566.683010 0.038452 0.098877 -9.920679
14529 1445961566.692851 0.038452 0.098877 -9.920679
14530 1445961566.703090 0.038452 0.098877 -9.920679
14531 1445961566.712933 0.038452 0.098877 -9.920679
14532 1445961566.722914 0.038452 0.098877 -9.920679
14533 1445961566.733028 0.038452 0.098877 -9.920679
14534 1445961566.743053 0.038452 0.098877 -9.920679
14535 1445961566.753180 0.038452 0.098877 -9.920679
14536 1445961566.763073 0.038452 0.098877 -9.920679
14537 1445961566.773078 0.038452 0.098877 -9.920679
14538 1445961566.783308 0.038452 0.098877 -9.920679
14539 1445961566.793140 0.038452 0.098877 -9.920679
14540 1445961566.803452 0.038452 0.098877 -9.920679
14541 1445961566.813133 0.038452 0.098877 -9.920679
14542 1445961566.823190 0.038452 0.098877 -9.920679
14543 1445961566.833201 0.038452 0.098877 -9.920679
14544 1445961566.843227 0.038452 0.098877 -9.920679
14545 1445961566.853403 0.038452 0.098877 -9.920679
14546 1445961566.863313 0.038452 0.098877 -9.920679
14547 1445961566.873373 0.038452 0.098877 -9.920679
14548 1445961566.883283 0.038452 0.098877 -9.920679
14549 1445961566.893291 0.038452 0.098877 -9.920679
14550 1445961566.903553 0.038452 0.098877 -9.920679
14551 1445961566.913403 0.038452 0.098877 -9.920679
14552 1445961566.923439 0.038452 0.098877 -9.920679
14553 1445961566.933550 0.038452 0.098877 -9.920679
14554 1445961566.943551 0.038452 0.098877 -9.920679
14555 1445961566.953710 0.038452 0.098877 -9.920679
14556 1445961566.963568 0.038452 0.098877 -9.920679
14557 1445961566.973783 0.038452 0.098877 -9.920679
14558 1445961566.983673 0.038452 0.098877 -9.920679
14559 1445961566.993711 0.038452 0.010986 -9.920679
14560 1445961567.003917 0.038452 0.098877 -9.920679
14561 1445961567.013571 0.038452 0.010986 -9.920679
14562 1445961567.023700 0.038452 0.098877 -9.920679
14563 1445961567.033711 0.038452 0.098877 -9.920679
14564 1445961567.043746 0.038452 0.098877 -9.920679
14565 1445961567.053893 0.038452 0.098877 -9.920679
14566 1445961567.063850 0.038452 0.098877 -9.920679
14567 1445961567.073835 0.038452 0.098877 -9.920679
14568 1445961567.083904 0.038452 0.098877 -9.920679
14569 1445961567.094209 0.038452 0.098877 -9.920679
14570 1445961567.104161 0.038452 0.098877 -9.920679
14571 1445961567.113991 0.038452 0.098877 -9.920679
14572 1445961567.124014 0.038452 0.098877 -9.920679
14573 1445961567.134015 0.038452 0.098877 -10.008569
14574 1445961567.144157 0.038452 0.098877 -9.920679
14575 1445961567.154249 0.038452 0.098877 -9.920679
14576 1445961567.164057 0.038452 0.098877 -9.920679
14577 1445961567.174068 0.038452 0.098877 -9.920679
14578 1445961567.184059 0.038452 0.098877 -9.920679
14579 1445961567.194194 0.038452 0.098877 -9.920679
14580 1445961567.204093 0.038452 0.098877 -9.920679
14581 1445961567.214154 0.038452 0.098877 -9.920679
14582 1445961567.224155 0.038452 0.098877 -9.920679
14583 1445961567.234236 0.038452 0.098877 -9.920679
14584 1445961567.244398 0.038452 0.098877 -9.920679
14585 1445961567.254272 0.038452 0.098877 -9.920679
14586 1445961567.264277 -0.049439 0.098877 -9.920679
14587 1445961567.274420 0.038452 0.098877 -9.920679
14588 1445961567.284371 0.038452 0.098877 -9.920679
14589 1445961567.294453 0.038452 0.010986 -9.920679
14590 1445961567.304495 0.038452 0.098877 -9.920679
14591 1445961567.314463 0.038452 0.098877 -9.920679
14592 1445961567.324487 0.038452 0.098877 -10.008569
14593 1445961567.334443 0.038452 0.098877 -10.008569
14594 1445961567.344494 0.038452 0.098877 -10.008569
14595 1445961567.354490 0.038452 0.098877 -10.008569
14596 1445961567.364553 0.038452 0.010986 -10.008569
14597 1445961567.374576 0.038452 0.010986 -10.008569
14598 1445961567.384594 0.038452 0.010986 -10.09646
14599 1445961567.394677 0.038452 0.010986 -10.09646
14600 1445961567.404640 0.038452 0.010986 -10.09646
14601 1445961567.414625 0.038452 0.010986 -10.09646
14602 1445961567.424651 0.038452 0.010986 -10.09646
14603 1445961567.434662 0.038452 -0.076904 -10.09646
14604 1445961567.444791 0.038452 -0.076904 -10.09646
14605 1445961567.454786 0.038452 -0.076904 -10.09646
14606 1445961567.464705 0.038452 -0.076904 -10.09646
14607 1445961567.474742 0.038452 -0.076904 -10.09646
14608 1445961567.484801 0.038452 -0.076904 -10.184351
14609 1445961567.494826 0.038452 -0.076904 -10.184351
14610 1445961567.504939 0.038452 0.010986 -10.184351
14611 1445961567.514816 0.038452 -0.076904 -10.184351
14612 1445961567.524887 0.038452 -0.076904 -10.184351
14613 1445961567.534894 0.038452 -0.076904 -10.184351
14614 1445961567.545008 0.038452 -0.076904 -10.184351
14615 1445961567.554968 0.038452 -0.076904 -10.184351
14616 1445961567.564962 0.038452 -0.076904 -10.184351
14617 1445961567.575025 0.038452 -0.076904 -10.184351
14618 1445961567.585067 0.038452 -0.076904 -10.184351
14619 1445961567.595168 0.038452 -0.076904 -10.184351
14620 1445961567.605151 0.038452 -0.076904 -10.184351
14621 1445961567.615067 0.038452 -0.076904 -10.184351
14622 1445961567.625043 0.038452 -0.076904 -10.184351
14623 1445961567.635134 0.038452 -0.076904 -10.184351
14624 1445961567.645222 0.038452 -0.076904 -10.184351
14625 1445961567.655221 0.038452 -0.076904 -10.184351
14626 1445961567.665233 0.038452 -0.076904 -10.184351
14627 1445961567.675206 0.038452 -0.076904 -10.184351
14628 1445961567.685223 0.038452 -0.076904 -10.184351
14629 1445961567.695292 0.038452 -0.076904 -10.184351
14630 1445961567.705324 0.038452 -0.076904 -10.272242
14631 1445961567.715300 0.038452 -0.076904 -10.184351
14632 1445961567.725318 0.038452 -0.076904 -10.184351
14633 1445961567.735350 0.038452 -0.076904 -10.184351
14634 1445961567.750443 0.038452 -0.076904 -10.184351
14635 1445961567.760441 0.038452 -0.076904 -10.184351
14636 1445961567.770481 0.038452 -0.076904 -10.184351
14637 1445961567.780479 0.038452 -0.076904 -10.184351
14638 1445961567.790469 0.038452 -0.076904 -10.184351
14639 1445961567.800564 0.038452 -0.076904 -10.184351
14640 1445961567.810535 0.038452 -0.076904 -10.184351
14641 1445961567.820539 0.038452 -0.076904 -10.184351
14642 1445961567.830571 0.038452 -0.076904 -10.272242
14643 1445961567.840596 0.038452 -0.076904 -10.272242
14644 1445961567.850562 0.038452 -0.076904 -10.184351
14645 1445961567.860559 0.038452 -0.076904 -10.272242
14646 1445961567.870651 0.038452 -0.076904 -10.272242
14647 1445961567.880772 0.126343 -0.076904 -10.272242
14648 1445961567.890699 0.038452 -0.164795 -10.272242
14649 1445961567.900733 0.038452 -0.164795 -10.272242
14650 1445961567.910689 0.038452 -0.164795 -10.272242
14651 1445961567.920826 0.038452 -0.164795 -10.272242
14652 1445961567.930898 0.038452 -0.164795 -10.360133
14653 1445961567.940814 0.038452 -0.164795 -10.360133
14654 1445961567.952085 0.038452 -0.164795 -10.360133
14655 1445961567.960867 0.038452 -0.164795 -10.360133
14656 1445961567.970906 0.038452 -0.164795 -10.448024
14657 1445961567.980966 0.038452 -0.164795 -10.448024
14658 1445961567.990953 0.038452 -0.164795 -10.448024
14659 1445961568.002150 0.038452 -0.164795 -10.448024
14660 1445961568.011020 0.038452 -0.164795 -10.448024
14661 1445961568.021011 0.038452 -0.164795 -10.448024
14662 1445961568.031053 0.038452 -0.164795 -10.448024
14663 1445961568.041073 0.038452 -0.164795 -10.360133
14664 1445961568.052162 0.038452 -0.076904 -10.360133
14665 1445961568.061047 0.038452 -0.076904 -10.360133
14666 1445961568.072119 0.126343 -0.076904 -10.360133
14667 1445961568.082069 0.126343 -0.076904 -10.360133
14668 1445961568.092102 0.126343 0.010986 -10.272242
14669 1445961568.102083 0.214234 0.010986 -10.272242
14670 1445961568.112063 0.214234 0.010986 -10.272242
14671 1445961568.122055 0.214234 0.098877 -10.272242
14672 1445961568.131976 0.214234 0.098877 -10.272242
14673 1445961568.142048 0.302125 0.186768 -10.184351
14674 1445961568.152344 0.302125 0.186768 -10.184351
14675 1445961568.161996 0.302125 0.186768 -10.184351
14676 1445961568.172126 0.302125 0.186768 -10.09646
14677 1445961568.182281 0.302125 0.186768 -10.09646
14678 1445961568.192220 0.302125 0.186768 -10.09646
14679 1445961568.202419 0.302125 0.186768 -10.09646
14680 1445961568.212107 0.302125 0.098877 -10.008569
14681 1445961568.222282 0.214234 0.098877 -10.008569
14682 1445961568.232188 0.214234 0.098877 -10.008569
14683 1445961568.242310 0.214234 0.098877 -9.920679
14684 1445961568.252451 0.126343 0.010986 -9.920679
14685 1445961568.262189 0.126343 0.010986 -9.920679
14686 1445961568.272384 0.126343 0.010986 -9.920679
14687 1445961568.282434 0.038452 0.010986 -9.920679
14688 1445961568.292398 0.038452 -0.076904 -9.832788
14689 1445961568.302550 0.038452 -0.076904 -9.832788
14690 1445961568.312371 0.038452 -0.076904 -9.832788
14691 1445961568.322481 -0.049439 -0.076904 -9.832788
14692 1445961568.332531 -0.049439 -0.076904 -9.832788
14693 1445961568.342467 -0.049439 -0.076904 -9.744897
14694 1445961568.352901 -0.049439 -0.076904 -9.744897
14695 1445961568.362498 -0.049439 -0.076904 -9.744897
14696 1445961568.372577 -0.049439 -0.076904 -9.744897
14697 1445961568.382529 0.038452 -0.076904 -9.744897
14698 1445961568.392530 0.038452 -0.076904 -9.832788
14699 1445961568.402805 0.038452 -0.076904 -9.832788
14700 1445961568.412403 0.038452 -0.076904 -9.832788
14701 1445961568.422655 0.038452 -0.076904 -9.832788
14702 1445961568.432710 0.038452 -0.076904 -9.832788
14703 1445961568.442747 0.038452 -0.076904 -9.832788
14704 1445961568.452914 0.038452 -0.076904 -9.832788
14705 1445961568.462748 0.038452 -0.076904 -9.832788
14706 1445961568.472924 0.038452 -0.076904 -9.832788
14707 1445961568.482792 0.038452 -0.076904 -9.744897
14708 1445961568.492891 0.038452 -0.076904 -9.744897
14709 1445961568.503116 0.038452 -0.076904 -9.744897
14710 1445961568.512924 -0.049439 -0.076904 -9.744897
14711 1445961568.523030 -0.049439 -0.076904 -9.832788
14712 1445961568.533047 -0.049439 -0.076904 -9.832788
14713 1445961568.543056 -0.049439 -0.076904 -9.832788
14714 1445961568.553314 -0.049439 -0.076904 -9.832788
14715 1445961568.563092 -0.049439 -0.076904 -9.832788
14716 1445961568.573132 -0.049439 -0.076904 -9.832788
14717 1445961568.583210 -0.049439 -0.076904 -9.744897
14718 1445961568.593192 -0.049439 -0.076904 -9.744897
14719 1445961568.603485 -0.049439 -0.076904 -9.832788
14720 1445961568.613223 0.038452 -0.076904 -9.832788
14721 1445961568.623302 -0.049439 -0.076904 -9.744897
14722 1445961568.633549 0.038452 -0.076904 -9.832788
14723 1445961568.643328 0.038452 -0.076904 -9.832788
14724 1445961568.653437 0.038452 -0.076904 -9.832788
14725 1445961568.663245 0.038452 -0.076904 -9.832788
14726 1445961568.673357 0.038452 -0.076904 -9.832788
14727 1445961568.683340 0.038452 -0.076904 -9.832788
14728 1445961568.693451 0.038452 -0.076904 -9.832788
14729 1445961568.703451 0.038452 -0.076904 -9.832788
14730 1445961568.713367 0.038452 -0.076904 -9.832788
14731 1445961568.723360 0.038452 -0.076904 -9.832788
14732 1445961568.733383 0.038452 -0.076904 -9.832788
14733 1445961568.743423 0.038452 -0.076904 -9.832788
14734 1445961568.753360 0.038452 -0.076904 -9.832788
14735 1445961568.763455 0.038452 -0.076904 -9.832788
14736 1445961568.773538 0.038452 -0.076904 -9.832788
14737 1445961568.783540 -0.049439 -0.076904 -9.832788
14738 1445961568.793574 -0.049439 0.010986 -9.832788
14739 1445961568.803747 -0.049439 0.010986 -9.832788
14740 1445961568.813622 -0.049439 -0.076904 -9.920679
14741 1445961568.823630 -0.049439 -0.076904 -9.920679
14742 1445961568.833656 0.038452 0.010986 -9.832788
14743 1445961568.843712 0.038452 0.010986 -9.920679
14744 1445961568.853817 0.038452 0.010986 -9.920679
14745 1445961568.863727 0.038452 0.010986 -9.920679
14746 1445961568.873777 0.038452 0.010986 -9.920679
14747 1445961568.883871 0.038452 0.010986 -9.920679
14748 1445961568.893886 0.038452 0.010986 -9.920679
14749 1445961568.903987 0.038452 0.010986 -9.920679
14750 1445961568.913834 0.038452 0.098877 -9.920679
14751 1445961568.923946 0.126343 0.010986 -9.920679
14752 1445961568.933886 0.126343 0.010986 -9.920679
14753 1445961568.943948 0.038452 0.010986 -9.920679
14754 1445961568.954063 0.126343 0.010986 -9.920679
14755 1445961568.963965 0.038452 0.098877 -9.920679
14756 1445961568.973958 0.038452 0.098877 -9.920679
14757 1445961568.984056 0.038452 0.010986 -9.920679
14758 1445961568.994001 0.038452 0.010986 -9.920679
14759 1445961569.004107 0.038452 0.098877 -9.920679
14760 1445961569.014056 0.038452 0.098877 -10.008569
14761 1445961569.024242 0.038452 0.010986 -10.008569
14762 1445961569.034156 0.038452 0.098877 -10.008569
14763 1445961569.044356 0.038452 0.098877 -10.008569
14764 1445961569.054238 0.038452 0.010986 -10.008569
14765 1445961569.064350 0.038452 0.098877 -10.008569
14766 1445961569.074275 0.038452 0.098877 -10.008569
14767 1445961569.084289 0.038452 0.098877 -10.008569
14768 1445961569.094378 0.038452 0.098877 -10.008569
14769 1445961569.104479 0.038452 0.098877 -10.008569
14770 1445961569.114394 0.038452 0.098877 -10.008569
14771 1445961569.124450 0.038452 0.098877 -10.008569
14772 1445961569.134441 0.038452 0.098877 -10.008569
14773 1445961569.144509 0.038452 0.098877 -10.008569
14774 1445961569.159532 0.038452 0.098877 -10.008569
14775 1445961569.169588 0.126343 0.098877 -10.008569
14776 1445961569.179574 0.038452 0.098877 -10.008569
14777 1445961569.189567 0.038452 0.010986 -10.008569
14778 1445961569.199688 0.038452 0.098877 -10.008569
14779 1445961569.209591 0.038452 0.098877 -10.008569
14780 1445961569.219648 0.038452 0.098877 -10.008569
14781 1445961569.229646 0.038452 0.098877 -10.008569
14782 1445961569.239747 0.038452 0.098877 -10.008569
14783 1445961569.249737 0.038452 0.098877 -10.008569
14784 1445961569.259640 0.038452 0.010986 -9.920679
14785 1445961569.269747 0.038452 0.098877 -10.008569
14786 1445961569.279815 0.038452 0.098877 -10.008569
14787 1445961569.289819 0.038452 0.098877 -10.008569
14788 1445961569.299871 0.038452 0.098877 -10.008569
14789 1445961569.309854 0.038452 0.098877 -10.008569
14790 1445961569.319917 0.038452 0.098877 -10.008569
14791 1445961569.329912 0.038452 0.010986 -10.008569
14792 1445961569.339987 0.038452 0.098877 -10.008569
14793 1445961569.350045 0.038452 0.010986 -10.008569
14794 1445961569.360023 0.038452 0.098877 -10.008569
14795 1445961569.370049 0.038452 0.098877 -10.008569
14796 1445961569.380127 0.038452 0.010986 -10.008569
14797 1445961569.390037 0.038452 0.010986 -10.008569
14798 1445961569.400197 0.038452 0.010986 -10.008569
14799 1445961569.410112 0.038452 0.098877 -10.008569
14800 1445961569.420099 0.038452 0.010986 -10.008569
14801 1445961569.430148 0.038452 0.010986 -10.008569
14802 1445961569.440188 0.038452 0.010986 -10.008569
14803 1445961569.450206 0.038452 0.010986 -10.008569
14804 1445961569.460160 0.038452 0.010986 -10.008569
14805 1445961569.470282 0.038452 0.010986 -10.008569
14806 1445961569.480326 0.038452 0.010986 -10.008569
14807 1445961569.490331 0.038452 0.010986 -10.008569
14808 1445961569.500313 0.038452 0.010986 -10.008569
14809 1445961569.510276 0.038452 0.010986 -10.008569
14810 1445961569.520351 0.038452 0.010986 -10.008569
14811 1445961569.530386 0.038452 0.010986 -10.008569
14812 1445961569.540436 0.038452 0.010986 -10.008569
14813 1445961569.550441 0.038452 0.010986 -10.008569
14814 1445961569.560420 0.038452 0.010986 -10.008569
14815 1445961569.570442 -0.049439 0.010986 -10.008569
14816 1445961569.580457 -0.049439 0.010986 -10.008569
14817 1445961569.590493 -0.049439 0.010986 -10.008569
14818 1445961569.600516 -0.049439 0.010986 -10.008569
14819 1445961569.610510 -0.049439 0.010986 -10.008569
14820 1445961569.620560 -0.049439 0.010986 -10.008569
14821 1445961569.630540 -0.049439 0.010986 -10.008569
14822 1445961569.640569 -0.049439 0.010986 -10.008569
14823 1445961569.650631 -0.049439 0.010986 -10.008569
14824 1445961569.660606 -0.049439 0.010986 -10.008569
14825 1445961569.670759 -0.049439 0.010986 -10.09646
14826 1445961569.680871 -0.049439 0.010986 -10.008569
14827 1445961569.690740 0.038452 0.010986 -10.008569
14828 1445961569.700763 -0.049439 0.010986 -10.008569
14829 1445961569.710754 -0.049439 0.010986 -10.008569
14830 1445961569.720771 -0.049439 0.010986 -10.09646
14831 1445961569.730784 -0.049439 0.010986 -10.008569
14832 1445961569.740815 -0.049439 0.010986 -10.008569
14833 1445961569.752105 -0.049439 0.010986 -10.008569
14834 1445961569.760808 -0.049439 0.010986 -10.008569
14835 1445961569.770830 -0.049439 0.010986 -10.008569
14836 1445961569.780881 -0.049439 0.010986 -10.008569
14837 1445961569.790899 -0.049439 0.010986 -10.008569
14838 1445961569.801956 -0.049439 0.010986 -10.008569
14839 1445961569.810935 -0.049439 0.010986 -10.008569
14840 1445961569.820972 -0.049439 0.010986 -10.008569
14841 1445961569.831039 -0.049439 0.010986 -10.008569
14842 1445961569.841051 -0.049439 0.010986 -10.008569
14843 1445961569.852134 -0.049439 0.010986 -10.008569
14844 1445961569.860992 -0.049439 0.010986 -10.008569
14845 1445961569.871035 0.038452 0.010986 -10.09646
14846 1445961569.882109 -0.049439 0.010986 -10.008569
14847 1445961569.891999 -0.049439 0.010986 -10.008569
14848 1445961569.902223 -0.049439 0.010986 -10.008569
14849 1445961569.907005 -0.049439 0.010986 -10.008569
14850 1445961569.922124 -0.049439 0.010986 -10.008569
14851 1445961569.932152 0.038452 0.010986 -10.008569
14852 1445961569.942110 -0.049439 0.010986 -10.008569
14853 1445961569.952394 -0.049439 0.010986 -10.008569
14854 1445961569.962113 -0.049439 0.010986 -10.008569
14855 1445961569.972221 -0.049439 0.010986 -10.008569
14856 1445961569.981968 -0.049439 0.010986 -10.008569
14857 1445961569.992363 -0.049439 0.010986 -10.008569
14858 1445961570.002400 -0.049439 0.010986 -10.008569
14859 1445961570.012136 -0.049439 0.010986 -10.008569
14860 1445961570.022228 0.038452 0.010986 -10.008569
14861 1445961570.032302 0.038452 0.010986 -10.008569
14862 1445961570.042209 -0.049439 0.010986 -10.008569
14863 1445961570.052417 -0.049439 0.010986 -10.008569
14864 1445961570.062252 -0.049439 0.010986 -10.008569
14865 1445961570.072328 -0.049439 0.010986 -10.09646
14866 1445961570.082384 -0.049439 0.010986 -10.008569
14867 1445961570.092494 -0.049439 0.010986 -10.008569
14868 1445961570.102538 -0.049439 0.010986 -10.008569
14869 1445961570.112298 -0.049439 0.010986 -10.09646
14870 1445961570.122429 -0.049439 0.010986 -10.008569
14871 1445961570.132426 -0.049439 0.010986 -10.09646
14872 1445961570.142394 0.038452 0.010986 -10.008569
14873 1445961570.152569 -0.049439 0.010986 -10.09646
14874 1445961570.162395 -0.049439 0.010986 -10.09646
14875 1445961570.172465 -0.049439 0.010986 -10.008569
14876 1445961570.182466 -0.049439 0.010986 -10.09646
14877 1445961570.192493 -0.049439 0.010986 -10.008569
14878 1445961570.202575 -0.049439 0.010986 -10.008569
14879 1445961570.212486 0.038452 0.010986 -10.008569
14880 1445961570.222546 -0.049439 0.010986 -10.008569
14881 1445961570.232596 -0.049439 0.010986 -10.008569
14882 1445961570.242593 -0.049439 0.010986 -10.008569
14883 1445961570.252748 -0.049439 0.010986 -10.008569
14884 1445961570.262538 -0.049439 0.010986 -10.008569
14885 1445961570.272602 -0.049439 0.010986 -10.008569
14886 1445961570.282640 -0.049439 0.010986 -10.09646
14887 1445961570.292655 0.038452 0.010986 -10.008569
14888 1445961570.302840 0.038452 0.010986 -10.008569
14889 1445961570.312572 -0.049439 0.010986 -10.008569
14890 1445961570.322597 0.038452 0.010986 -10.008569
14891 1445961570.332781 -0.049439 0.010986 -10.008569
14892 1445961570.342826 0.038452 0.010986 -10.008569
14893 1445961570.352882 -0.049439 0.010986 -10.008569
14894 1445961570.362799 -0.049439 0.010986 -10.008569
14895 1445961570.372928 0.038452 0.010986 -10.008569
14896 1445961570.382915 -0.049439 0.010986 -10.008569
14897 1445961570.392949 -0.049439 0.010986 -10.008569
14898 1445961570.403099 -0.049439 0.010986 -10.008569
14899 1445961570.412974 -0.049439 0.010986 -10.008569
14900 1445961570.422986 -0.049439 0.010986 -10.008569
14901 1445961570.433023 -0.049439 0.010986 -10.008569
14902 1445961570.443037 -0.049439 0.010986 -10.008569
14903 1445961570.453136 -0.049439 0.010986 -10.09646
14904 1445961570.463049 -0.049439 0.010986 -10.008569
14905 1445961570.473121 -0.049439 0.010986 -10.008569
14906 1445961570.483109 -0.049439 0.010986 -10.008569
14907 1445961570.493154 0.038452 0.010986 -10.008569
14908 1445961570.503220 0.038452 0.010986 -10.09646
14909 1445961570.513143 -0.049439 0.010986 -10.008569
14910 1445961570.523231 -0.049439 0.010986 -10.008569
14911 1445961570.533279 -0.049439 0.010986 -10.008569
14912 1445961570.543369 -0.049439 0.010986 -10.008569
14913 1445961570.553392 -0.049439 0.010986 -10.008569
14914 1445961570.563276 0.038452 0.010986 -10.008569
14915 1445961570.573390 -0.049439 0.010986 -10.008569
14916 1445961570.583456 -0.049439 0.010986 -10.008569
14917 1445961570.593422 -0.049439 0.010986 -10.008569
14918 1445961570.608641 -0.049439 0.010986 -10.008569
14919 1445961570.618524 0.038452 0.010986 -10.09646
14920 1445961570.628579 -0.049439 0.010986 -10.008569
14921 1445961570.638534 0.038452 0.010986 -10.09646
14922 1445961570.648730 -0.049439 0.010986 -10.008569
14923 1445961570.658769 -0.049439 0.010986 -10.008569
14924 1445961570.668610 -0.049439 0.010986 -10.008569
14925 1445961570.678616 0.038452 0.010986 -10.008569
14926 1445961570.688638 -0.049439 0.010986 -10.008569
14927 1445961570.698909 -0.049439 0.010986 -10.008569
14928 1445961570.708893 -0.049439 0.010986 -10.008569
14929 1445961570.718782 -0.049439 0.010986 -10.008569
14930 1445961570.728815 -0.049439 0.010986 -10.008569
14931 1445961570.738782 -0.049439 0.010986 -10.008569
14932 1445961570.748971 -0.049439 0.010986 -10.09646
14933 1445961570.758933 -0.049439 0.010986 -10.008569
14934 1445961570.768918 -0.049439 0.010986 -10.008569
14935 1445961570.778950 -0.049439 0.010986 -10.008569
14936 1445961570.788989 -0.049439 0.010986 -10.008569
14937 1445961570.799185 -0.049439 0.010986 -10.008569
14938 1445961570.809061 -0.049439 0.010986 -10.008569
14939 1445961570.819082 -0.049439 0.010986 -10.008569
14940 1445961570.828936 -0.049439 0.010986 -10.008569
14941 1445961570.839117 0.038452 0.010986 -10.09646
14942 1445961570.849132 0.038452 0.010986 -10.008569
14943 1445961570.859184 -0.049439 0.010986 -10.008569
14944 1445961570.869122 -0.049439 0.010986 -10.09646
14945 1445961570.879177 -0.049439 0.010986 -10.008569
14946 1445961570.889142 -0.049439 0.010986 -10.008569
14947 1445961570.899142 -0.049439 0.010986 -10.008569
14948 1445961570.909203 -0.049439 0.010986 -10.008569
14949 1445961570.919280 -0.049439 0.010986 -10.008569
14950 1445961570.929307 -0.049439 0.010986 -10.008569
14951 1445961570.939293 -0.049439 0.010986 -10.008569
14952 1445961570.949427 -0.049439 0.010986 -10.008569
14953 1445961570.959342 -0.049439 0.010986 -10.008569
14954 1445961570.969454 -0.049439 0.010986 -10.008569
14955 1445961570.979433 -0.049439 0.010986 -10.008569
14956 1445961570.989413 -0.049439 0.010986 -10.008569
14957 1445961570.999543 -0.049439 0.010986 -10.008569
14958 1445961571.009447 -0.049439 0.010986 -10.008569
14959 1445961571.019434 0.038452 0.010986 -10.008569
14960 1445961571.029453 -0.049439 0.010986 -10.008569
14961 1445961571.039465 -0.049439 0.010986 -10.008569
14962 1445961571.049729 -0.049439 0.010986 -10.008569
14963 1445961571.059622 -0.049439 0.010986 -10.008569
14964 1445961571.069688 -0.049439 0.010986 -10.008569
14965 1445961571.079574 -0.049439 0.010986 -10.008569
14966 1445961571.089646 -0.049439 0.010986 -10.008569
14967 1445961571.099814 -0.049439 0.010986 -10.008569
14968 1445961571.109591 -0.049439 0.010986 -10.008569
14969 1445961571.119732 -0.049439 0.010986 -10.008569
14970 1445961571.129684 -0.049439 0.010986 -10.09646
14971 1445961571.139730 -0.049439 0.010986 -10.008569
14972 1445961571.149788 0.038452 0.010986 -10.008569
14973 1445961571.159713 -0.049439 0.010986 -10.008569
14974 1445961571.169747 -0.049439 0.010986 -10.008569
14975 1445961571.179811 -0.049439 0.010986 -10.008569
14976 1445961571.189808 -0.049439 0.010986 -10.008569
14977 1445961571.199858 -0.049439 0.010986 -10.008569
14978 1445961571.209957 -0.049439 0.010986 -10.008569
14979 1445961571.219914 -0.049439 0.010986 -10.008569
14980 1445961571.229954 0.038452 0.010986 -10.008569
14981 1445961571.239965 0.038452 0.010986 -10.008569
14982 1445961571.249974 -0.049439 0.010986 -10.008569
14983 1445961571.259974 -0.049439 0.010986 -10.008569
14984 1445961571.270027 0.038452 0.010986 -10.008569
14985 1445961571.280113 -0.049439 0.010986 -10.008569
14986 1445961571.290103 0.038452 0.010986 -10.008569
14987 1445961571.300152 -0.049439 0.010986 -10.008569
14988 1445961571.310171 -0.049439 0.010986 -10.008569
14989 1445961571.320238 -0.049439 0.010986 -10.008569
14990 1445961571.330204 -0.049439 0.010986 -10.008569
14991 1445961571.340258 -0.049439 0.010986 -10.09646
14992 1445961571.350302 -0.049439 0.010986 -10.008569
14993 1445961571.360264 -0.049439 0.010986 -10.008569
14994 1445961571.370308 0.038452 0.010986 -10.09646
14995 1445961571.380355 -0.049439 0.010986 -10.008569
14996 1445961571.390354 0.038452 0.010986 -10.008569
14997 1445961571.400487 -0.049439 0.010986 -10.008569
14998 1445961571.410423 -0.049439 0.010986 -10.008569
14999 1445961571.420429 -0.049439 0.010986 -10.008569
15000 1445961571.430459 -0.049439 0.010986 -10.008569
15001 1445961571.440443 -0.049439 0.010986 -10.008569
15002 1445961571.450415 0.038452 0.010986 -10.008569
15003 1445961571.460425 0.038452 0.010986 -10.008569
15004 1445961571.470537 -0.049439 0.010986 -10.008569
15005 1445961571.480537 -0.049439 0.010986 -10.008569
15006 1445961571.490607 -0.049439 0.010986 -10.008569
15007 1445961571.500456 -0.049439 0.010986 -10.008569
15008 1445961571.510477 -0.049439 0.010986 -10.09646
15009 1445961571.520583 0.038452 0.010986 -10.09646
15010 1445961571.530624 -0.049439 0.010986 -10.09646
15011 1445961571.540624 -0.049439 0.010986 -10.008569
15012 1445961571.550560 -0.049439 0.010986 -10.008569
15013 1445961571.560605 -0.049439 0.010986 -10.008569
15014 1445961571.570789 -0.049439 0.010986 -10.008569
15015 1445961571.580736 -0.049439 0.010986 -10.008569
15016 1445961571.590757 -0.049439 0.010986 -10.008569
15017 1445961571.600697 -0.049439 0.010986 -10.008569
15018 1445961571.610771 0.038452 0.010986 -10.008569
15019 1445961571.620865 -0.049439 0.010986 -10.008569
15020 1445961571.630830 -0.049439 0.010986 -10.008569
15021 1445961571.640846 -0.049439 0.010986 -10.008569
15022 1445961571.652114 -0.049439 0.010986 -10.008569
15023 1445961571.660926 -0.049439 0.010986 -10.008569
15024 1445961571.670956 -0.049439 0.010986 -10.008569
15025 1445961571.681014 -0.049439 0.010986 -10.008569
15026 1445961571.691021 -0.049439 0.010986 -10.008569
15027 1445961571.697155 0.038452 0.010986 -10.008569
15028 1445961571.707142 -0.049439 0.010986 -10.008569
15029 1445961571.721097 0.038452 0.010986 -10.008569
15030 1445961571.731114 -0.049439 0.010986 -10.008569
15031 1445961571.737025 -0.049439 0.010986 -10.008569
15032 1445961571.752097 -0.049439 0.010986 -10.008569
15033 1445961571.757191 -0.049439 0.010986 -10.008569
15034 1445961571.771992 -0.049439 0.010986 -10.008569
15035 1445961571.777060 -0.049439 0.010986 -10.008569
15036 1445961571.787097 -0.049439 0.010986 -10.008569
15037 1445961571.802166 0.038452 0.010986 -10.008569
15038 1445961571.807405 0.038452 0.010986 -10.008569
15039 1445961571.822109 -0.049439 0.010986 -10.008569
15040 1445961571.832044 -0.049439 0.010986 -10.008569
15041 1445961571.842025 -0.049439 0.010986 -10.008569
15042 1445961571.852219 -0.049439 0.010986 -10.008569
15043 1445961571.861993 -0.049439 0.010986 -10.008569
15044 1445961571.872105 -0.049439 0.010986 -10.008569
15045 1445961571.882259 -0.049439 0.010986 -10.008569
15046 1445961571.892139 0.038452 0.010986 -10.008569
15047 1445961571.902323 -0.049439 0.010986 -10.008569
15048 1445961571.912196 -0.049439 0.010986 -10.09646
15049 1445961571.922192 -0.049439 0.010986 -10.008569
15050 1445961571.932310 0.038452 0.010986 -10.008569
15051 1445961571.942321 -0.049439 0.010986 -10.008569
15052 1445961571.952451 -0.049439 0.010986 -10.008569
15053 1445961571.962293 -0.049439 0.010986 -10.008569
15054 1445961571.972393 -0.049439 0.010986 -10.008569
15055 1445961571.982374 -0.049439 0.010986 -10.008569
15056 1445961571.992417 -0.049439 0.010986 -10.008569
15057 1445961572.002643 -0.049439 0.010986 -10.008569
15058 1445961572.012403 -0.049439 0.010986 -10.008569
15059 1445961572.022468 -0.049439 0.010986 -10.09646
15060 1445961572.032482 -0.049439 0.010986 -10.09646
15061 1445961572.042518 0.038452 0.010986 -10.008569
15062 1445961572.052737 -0.049439 0.010986 -10.008569
15063 1445961572.067655 -0.049439 0.010986 -10.008569
15064 1445961572.077717 0.038452 0.010986 -10.008569
15065 1445961572.087674 -0.049439 0.010986 -10.008569
15066 1445961572.097842 -0.049439 0.010986 -10.008569
15067 1445961572.108033 -0.049439 0.010986 -10.008569
15068 1445961572.117808 -0.049439 0.010986 -10.008569
15069 1445961572.127779 0.038452 0.010986 -10.008569
15070 1445961572.137777 0.038452 0.010986 -10.008569
15071 1445961572.148158 -0.049439 0.010986 -10.008569
15072 1445961572.158034 -0.049439 0.010986 -10.008569
15073 1445961572.167926 0.038452 0.010986 -10.008569
15074 1445961572.177908 -0.049439 0.010986 -10.008569
15075 1445961572.187975 -0.049439 0.010986 -10.008569
15076 1445961572.198153 -0.049439 0.010986 -10.008569
15077 1445961572.208157 -0.049439 0.010986 -10.008569
15078 1445961572.217989 -0.049439 0.010986 -10.008569
15079 1445961572.228059 0.038452 0.010986 -10.008569
15080 1445961572.238074 -0.049439 0.010986 -10.008569
15081 1445961572.248291 0.038452 0.010986 -10.008569
15082 1445961572.258258 0.038452 0.010986 -10.008569
15083 1445961572.268141 -0.049439 0.010986 -10.008569
15084 1445961572.278121 -0.049439 0.010986 -10.008569
15085 1445961572.288171 -0.049439 0.010986 -10.008569
15086 1445961572.298404 0.038452 0.010986 -10.008569
15087 1445961572.308530 -0.049439 0.010986 -10.008569
15088 1445961572.318301 0.038452 0.010986 -10.008569
15089 1445961572.328295 -0.049439 0.010986 -10.008569
15090 1445961572.338289 0.038452 0.010986 -10.008569
15091 1445961572.348616 -0.049439 0.010986 -10.008569
15092 1445961572.358362 -0.049439 0.010986 -10.09646
15093 1445961572.368446 -0.049439 0.010986 -10.008569
15094 1445961572.378396 -0.049439 0.010986 -10.008569
15095 1445961572.388345 -0.049439 0.010986 -10.008569
15096 1445961572.398521 -0.049439 0.010986 -10.008569
15097 1445961572.408576 0.038452 0.010986 -10.008569
15098 1445961572.418392 -0.049439 0.010986 -10.008569
15099 1445961572.428455 -0.049439 0.010986 -10.008569
15100 1445961572.438469 -0.049439 0.010986 -10.008569
15101 1445961572.448741 0.038452 0.010986 -10.008569
15102 1445961572.458655 0.038452 0.010986 -10.008569
15103 1445961572.468532 -0.049439 0.010986 -10.008569
15104 1445961572.478616 -0.049439 0.010986 -10.008569
15105 1445961572.488620 -0.049439 0.010986 -10.008569
15106 1445961572.498762 -0.049439 0.010986 -10.008569
15107 1445961572.508881 -0.049439 0.010986 -10.008569
15108 1445961572.518784 -0.049439 0.010986 -10.008569
15109 1445961572.528709 -0.049439 0.010986 -10.008569
15110 1445961572.538729 -0.049439 0.010986 -10.008569
15111 1445961572.548879 -0.049439 0.010986 -10.008569
15112 1445961572.558912 -0.049439 0.010986 -10.008569
15113 1445961572.568859 -0.049439 0.010986 -10.008569
15114 1445961572.578944 0.038452 0.010986 -10.008569
15115 1445961572.588934 0.038452 0.010986 -10.008569
15116 1445961572.599104 -0.049439 0.010986 -10.008569
15117 1445961572.608994 -0.049439 0.010986 -10.008569
15118 1445961572.618910 -0.049439 0.010986 -10.008569
15119 1445961572.628973 -0.049439 0.010986 -10.008569
15120 1445961572.638948 -0.049439 0.010986 -10.008569
15121 1445961572.649136 -0.049439 0.010986 -10.008569
15122 1445961572.659031 -0.049439 0.010986 -10.008569
15123 1445961572.669069 0.038452 0.010986 -10.008569
15124 1445961572.679064 -0.049439 0.010986 -10.008569
15125 1445961572.689105 -0.049439 0.010986 -10.008569
15126 1445961572.699179 -0.049439 0.010986 -10.008569
15127 1445961572.709167 -0.049439 0.010986 -10.008569
15128 1445961572.719193 -0.049439 0.010986 -10.008569
15129 1445961572.729175 -0.049439 0.010986 -10.008569
15130 1445961572.739202 0.038452 0.010986 -10.008569
15131 1445961572.749311 -0.049439 0.010986 -10.008569
15132 1445961572.759310 0.038452 0.010986 -10.008569
15133 1445961572.769342 -0.049439 0.010986 -10.008569
15134 1445961572.779413 0.038452 0.010986 -10.008569
15135 1445961572.789323 0.038452 0.010986 -10.008569
15136 1445961572.799528 -0.049439 0.010986 -10.008569
15137 1445961572.809407 -0.049439 0.010986 -10.008569
15138 1445961572.819416 0.038452 0.010986 -10.008569
15139 1445961572.829441 0.038452 0.010986 -10.008569
15140 1445961572.839476 -0.049439 0.010986 -10.008569
15141 1445961572.849623 -0.049439 0.010986 -10.008569
15142 1445961572.859425 -0.049439 0.010986 -10.008569
15143 1445961572.869513 -0.049439 0.010986 -10.008569
15144 1445961572.879541 0.038452 0.010986 -10.008569
15145 1445961572.889516 0.038452 0.010986 -10.008569
15146 1445961572.899600 -0.049439 0.010986 -10.008569
15147 1445961572.909624 0.038452 0.010986 -10.008569
15148 1445961572.919670 0.038452 0.010986 -10.008569
15149 1445961572.929708 0.038452 0.010986 -10.008569
15150 1445961572.939636 0.038452 -0.076904 -10.008569
15151 1445961572.949741 -0.049439 0.010986 -10.008569
15152 1445961572.959655 0.038452 0.010986 -10.008569
15153 1445961572.969743 -0.049439 -0.076904 -10.008569
15154 1445961572.979751 -0.049439 -0.076904 -10.008569
15155 1445961572.989763 -0.049439 -0.076904 -10.008569
15156 1445961572.999835 -0.049439 -0.076904 -10.008569
15157 1445961573.009789 -0.049439 -0.076904 -10.008569
15158 1445961573.019867 -0.049439 -0.076904 -10.008569
15159 1445961573.029811 -0.049439 -0.076904 -10.008569
15160 1445961573.039936 -0.049439 -0.076904 -10.008569
15161 1445961573.049886 -0.049439 -0.076904 -10.008569
15162 1445961573.059941 -0.049439 -0.076904 -10.008569
15163 1445961573.070047 -0.049439 -0.076904 -10.008569
15164 1445961573.080158 -0.049439 -0.076904 -10.008569
15165 1445961573.090058 -0.049439 -0.076904 -10.008569
15166 1445961573.100158 -0.049439 -0.076904 -10.008569
15167 1445961573.110139 -0.049439 -0.076904 -10.008569
15168 1445961573.120180 -0.049439 -0.076904 -10.008569
15169 1445961573.130180 -0.049439 -0.076904 -10.008569
15170 1445961573.140197 -0.049439 -0.076904 -10.008569
15171 1445961573.150281 -0.049439 -0.076904 -10.008569
15172 1445961573.160175 -0.049439 -0.076904 -10.008569
15173 1445961573.170291 0.038452 -0.076904 -10.008569
15174 1445961573.180304 0.038452 -0.076904 -10.008569
15175 1445961573.190343 -0.049439 -0.076904 -10.008569
15176 1445961573.200300 -0.049439 -0.076904 -10.008569
15177 1445961573.210311 0.038452 -0.076904 -10.008569
15178 1445961573.220413 -0.049439 -0.076904 -10.008569
15179 1445961573.230426 -0.049439 -0.076904 -10.008569
15180 1445961573.240477 -0.049439 -0.076904 -9.920679
15181 1445961573.250437 -0.049439 -0.076904 -10.008569
15182 1445961573.260351 -0.049439 -0.076904 -10.008569
15183 1445961573.270507 -0.049439 -0.076904 -10.008569
15184 1445961573.280560 -0.049439 -0.076904 -10.008569
15185 1445961573.290592 -0.049439 -0.076904 -10.008569
15186 1445961573.300446 -0.049439 -0.076904 -10.008569
15187 1445961573.310475 -0.049439 -0.076904 -10.008569
15188 1445961573.320663 0.038452 -0.076904 -10.008569
15189 1445961573.330609 -0.049439 -0.076904 -10.008569
15190 1445961573.340631 -0.049439 -0.076904 -10.008569
15191 1445961573.350569 0.038452 -0.076904 -10.008569
15192 1445961573.360605 0.038452 -0.076904 -10.008569
15193 1445961573.370723 -0.049439 -0.076904 -10.008569
15194 1445961573.380743 -0.049439 -0.076904 -10.008569
15195 1445961573.390763 -0.049439 -0.076904 -10.008569
15196 1445961573.397011 -0.049439 -0.076904 -10.008569
15197 1445961573.410732 0.038452 0.010986 -10.008569
15198 1445961573.420771 0.038452 -0.076904 -10.008569
15199 1445961573.430799 0.038452 -0.076904 -10.008569
15200 1445961573.440858 -0.049439 -0.076904 -10.008569
15201 1445961573.447192 0.038452 -0.076904 -10.008569
15202 1445961573.457028 0.038452 0.010986 -10.008569
15203 1445961573.470934 -0.049439 -0.076904 -10.008569
15204 1445961573.480959 -0.049439 -0.076904 -10.008569
15205 1445961573.490986 -0.049439 -0.076904 -10.008569
15206 1445961573.506041 0.038452 -0.076904 -10.008569
15207 1445961573.516077 -0.049439 -0.076904 -10.008569
15208 1445961573.526088 0.038452 -0.076904 -10.008569
15209 1445961573.536122 0.038452 -0.076904 -10.008569
15210 1445961573.546140 0.038452 -0.076904 -10.008569
15211 1445961573.552069 0.038452 -0.076904 -10.008569
15212 1445961573.566213 -0.049439 -0.076904 -10.008569
15213 1445961573.571990 -0.049439 -0.076904 -10.008569
15214 1445961573.581982 0.038452 -0.076904 -10.008569
15215 1445961573.592030 -0.049439 -0.076904 -10.008569
15216 1445961573.602205 0.038452 -0.076904 -10.008569
15217 1445961573.617195 -0.049439 -0.076904 -10.008569
15218 1445961573.627149 0.038452 -0.076904 -10.008569
15219 1445961573.637173 0.038452 -0.076904 -10.008569
15220 1445961573.642066 0.038452 -0.076904 -10.008569
15221 1445961573.657453 0.038452 0.010986 -10.008569
15222 1445961573.667318 -0.049439 -0.076904 -10.008569
15223 1445961573.677363 -0.049439 -0.076904 -10.008569
15224 1445961573.687377 -0.049439 -0.076904 -10.008569
15225 1445961573.697663 0.038452 -0.076904 -10.008569
15226 1445961573.707645 0.038452 -0.076904 -10.008569
15227 1445961573.717443 -0.049439 -0.076904 -10.008569
15228 1445961573.727409 -0.049439 0.010986 -10.008569
15229 1445961573.737447 -0.049439 -0.076904 -10.008569
15230 1445961573.747725 -0.049439 -0.076904 -10.008569
15231 1445961573.757600 0.038452 -0.076904 -10.008569
15232 1445961573.767424 -0.049439 0.010986 -10.008569
15233 1445961573.777481 0.038452 -0.076904 -9.920679
15234 1445961573.787454 -0.049439 -0.076904 -10.008569
15235 1445961573.797925 0.038452 -0.076904 -10.008569
15236 1445961573.807861 -0.049439 -0.076904 -10.008569
15237 1445961573.817737 -0.049439 0.010986 -10.008569
15238 1445961573.827700 -0.049439 0.010986 -10.008569
15239 1445961573.837703 0.038452 -0.076904 -10.008569
15240 1445961573.847954 -0.049439 0.010986 -10.008569
15241 1445961573.857863 0.038452 -0.076904 -10.008569
15242 1445961573.867790 0.038452 -0.076904 -10.008569
15243 1445961573.877757 -0.049439 -0.076904 -10.008569
15244 1445961573.887808 -0.049439 0.010986 -10.008569
15245 1445961573.898000 0.038452 0.010986 -10.008569
15246 1445961573.908034 0.038452 0.010986 -10.008569
15247 1445961573.917839 -0.049439 -0.076904 -10.008569
15248 1445961573.927908 -0.049439 -0.076904 -9.920679
15249 1445961573.937895 -0.049439 0.010986 -10.008569
15250 1445961573.948056 0.038452 -0.076904 -10.008569
15251 1445961573.958230 0.038452 0.010986 -10.008569
15252 1445961573.968053 -0.049439 -0.076904 -10.008569
15253 1445961573.978064 -0.049439 -0.076904 -9.920679
15254 1445961573.988097 0.038452 -0.076904 -9.920679
15255 1445961573.998138 0.038452 -0.076904 -10.008569
15256 1445961574.008123 0.038452 -0.076904 -9.920679
15257 1445961574.017990 0.038452 -0.076904 -9.920679
15258 1445961574.028121 0.038452 -0.076904 -10.008569
15259 1445961574.038009 0.038452 -0.076904 -10.008569
15260 1445961574.048289 0.038452 0.010986 -10.008569
15261 1445961574.058250 -0.049439 0.010986 -10.008569
15262 1445961574.068144 -0.049439 0.010986 -10.008569
15263 1445961574.078176 -0.049439 0.010986 -10.008569
15264 1445961574.088145 0.038452 -0.076904 -10.008569
15265 1445961574.098416 0.038452 0.010986 -10.008569
15266 1445961574.108362 0.038452 0.010986 -9.920679
15267 1445961574.118257 -0.049439 -0.076904 -10.008569
15268 1445961574.128230 0.038452 -0.076904 -10.008569
15269 1445961574.138308 0.038452 -0.076904 -10.008569
15270 1445961574.148618 0.038452 0.010986 -10.008569
15271 1445961574.158454 0.038452 0.010986 -9.920679
15272 1445961574.168427 0.038452 0.010986 -10.008569
15273 1445961574.178401 0.038452 -0.076904 -9.920679
15274 1445961574.188399 0.038452 -0.076904 -9.920679
15275 1445961574.198722 -0.049439 0.010986 -10.008569
15276 1445961574.208646 0.038452 -0.076904 -10.008569
15277 1445961574.218611 0.038452 -0.076904 -10.008569
15278 1445961574.228620 0.038452 -0.076904 -10.008569
15279 1445961574.238586 0.038452 0.010986 -9.920679
15280 1445961574.248746 0.038452 0.010986 -9.920679
15281 1445961574.258878 0.038452 0.010986 -9.920679
15282 1445961574.268689 0.038452 0.010986 -9.920679
15283 1445961574.278737 -0.049439 -0.076904 -10.008569
15284 1445961574.288672 0.038452 -0.076904 -9.920679
15285 1445961574.298973 0.038452 0.010986 -10.008569
15286 1445961574.308900 0.038452 -0.076904 -9.920679
15287 1445961574.318851 0.038452 -0.076904 -10.008569
15288 1445961574.328878 -0.049439 -0.076904 -9.920679
15289 1445961574.338766 0.038452 0.010986 -9.920679
15290 1445961574.349128 0.038452 0.010986 -9.920679
15291 1445961574.358915 0.038452 0.010986 -9.920679
15292 1445961574.368931 0.038452 -0.076904 -10.008569
15293 1445961574.378894 0.038452 0.010986 -9.920679
15294 1445961574.388899 -0.049439 -0.076904 -10.008569
15295 1445961574.399054 -0.049439 -0.076904 -9.920679
15296 1445961574.408937 0.038452 0.010986 -10.008569
15297 1445961574.418988 -0.049439 -0.076904 -9.920679
15298 1445961574.428968 0.038452 0.010986 -9.920679
15299 1445961574.438973 0.038452 0.010986 -10.008569
15300 1445961574.449065 0.038452 -0.076904 -9.920679
15301 1445961574.459074 0.038452 -0.076904 -10.008569
15302 1445961574.469055 0.038452 0.010986 -10.008569
15303 1445961574.479087 0.038452 0.010986 -10.008569
15304 1445961574.489079 0.038452 0.010986 -9.920679
15305 1445961574.499206 0.038452 0.010986 -10.008569
15306 1445961574.509292 0.038452 0.010986 -9.920679
15307 1445961574.519205 0.038452 -0.076904 -9.920679
15308 1445961574.529218 0.038452 0.010986 -9.920679
15309 1445961574.539207 0.038452 -0.076904 -10.008569
15310 1445961574.549339 0.038452 0.010986 -9.920679
15311 1445961574.559243 0.038452 -0.076904 -10.008569
15312 1445961574.569358 -0.049439 0.010986 -10.008569
15313 1445961574.579393 0.038452 0.010986 -10.008569
15314 1445961574.589420 0.038452 0.010986 -10.008569
15315 1445961574.599520 0.038452 0.010986 -10.008569
15316 1445961574.609513 0.038452 -0.076904 -9.920679
15317 1445961574.619539 0.038452 0.010986 -9.920679
15318 1445961574.629507 0.038452 0.010986 -10.008569
15319 1445961574.639547 0.038452 0.010986 -10.008569
15320 1445961574.649528 -0.049439 0.010986 -10.008569
15321 1445961574.659455 0.038452 0.010986 -9.920679
15322 1445961574.669603 0.038452 0.010986 -10.008569
15323 1445961574.679645 0.038452 -0.076904 -10.008569
15324 1445961574.689646 0.038452 -0.076904 -10.008569
15325 1445961574.699615 0.038452 -0.076904 -9.920679
15326 1445961574.709614 0.038452 0.010986 -9.920679
15327 1445961574.719648 0.038452 0.010986 -10.008569
15328 1445961574.729716 0.038452 -0.076904 -9.920679
15329 1445961574.739717 0.038452 -0.076904 -9.920679
15330 1445961574.749800 0.038452 -0.076904 -9.920679
15331 1445961574.759723 0.038452 0.010986 -9.920679
15332 1445961574.769832 0.038452 0.010986 -10.008569
15333 1445961574.779894 0.038452 -0.076904 -9.920679
15334 1445961574.789888 0.038452 0.010986 -9.920679
15335 1445961574.799948 0.038452 0.010986 -9.920679
15336 1445961574.809888 0.038452 0.010986 -9.920679
15337 1445961574.819997 0.038452 0.010986 -10.008569
15338 1445961574.829963 0.038452 0.010986 -10.008569
15339 1445961574.840024 0.038452 0.010986 -9.920679
15340 1445961574.850038 0.038452 0.010986 -9.920679
15341 1445961574.859989 0.038452 0.010986 -9.920679
15342 1445961574.870046 0.038452 0.010986 -9.920679
15343 1445961574.880047 0.038452 -0.076904 -10.008569
15344 1445961574.890085 0.038452 0.010986 -10.008569
15345 1445961574.905226 0.038452 0.010986 -10.008569
15346 1445961574.915143 0.038452 0.010986 -9.920679
15347 1445961574.925255 0.038452 0.010986 -9.920679
15348 1445961574.935237 0.038452 0.010986 -10.008569
15349 1445961574.941954 0.038452 0.010986 -9.920679
15350 1445961574.955340 0.038452 0.010986 -9.920679
15351 1445961574.965316 0.038452 0.010986 -10.008569
15352 1445961574.975351 0.038452 0.010986 -10.008569
15353 1445961574.985349 0.038452 0.010986 -9.920679
15354 1445961574.995498 0.038452 0.010986 -9.920679
15355 1445961575.005567 0.038452 -0.076904 -10.008569
15356 1445961575.015430 0.038452 0.010986 -9.920679
15357 1445961575.025508 -0.049439 -0.076904 -10.008569
15358 1445961575.035489 0.038452 0.010986 -9.920679
15359 1445961575.045618 0.038452 0.010986 -10.008569
15360 1445961575.055617 0.038452 0.010986 -10.008569
15361 1445961575.065590 0.038452 0.010986 -9.920679
15362 1445961575.075627 0.038452 0.010986 -10.008569
15363 1445961575.085628 0.038452 0.010986 -9.920679
15364 1445961575.095861 0.038452 0.010986 -10.008569
15365 1445961575.105712 0.038452 -0.076904 -10.008569
15366 1445961575.115688 0.038452 0.010986 -10.008569
15367 1445961575.125755 0.038452 0.010986 -9.920679
15368 1445961575.135743 0.038452 0.010986 -10.008569
15369 1445961575.145867 0.038452 0.010986 -10.008569
15370 1445961575.155746 0.038452 -0.076904 -10.008569
15371 1445961575.165803 0.038452 0.010986 -9.920679
15372 1445961575.175797 0.038452 0.010986 -9.920679
15373 1445961575.185816 0.038452 0.010986 -10.008569
15374 1445961575.195909 0.038452 0.010986 -10.008569
15375 1445961575.205820 0.038452 -0.076904 -9.920679
15376 1445961575.215868 0.038452 0.010986 -9.920679
