20816 1444995704.578280 -3.260254 -25.462372 -139.421509 0.556671 -3.635559 0.343842
20817 1444995704.588436 -3.075012 -25.50531 -139.476227 0.555786 -3.636475 0.340363
20818 1444995704.598497 -3.112061 -25.462372 -139.366791 0.554901 -3.635559 0.345001
20819 1444995704.608557 -3.186157 -25.548248 -139.312073 0.555786 -3.638306 0.341522
20820 1444995704.618617 -3.334351 -25.50531 -139.421509 0.557556 -3.639221 0.340363
20821 1444995704.628679 -3.297302 -25.548248 -139.421509 0.554016 -3.636475 0.341522
20822 1444995704.638742 -3.075012 -25.50531 -139.312073 0.556671 -3.636475 0.342682
20823 1444995704.648800 -3.075012 -25.462372 -139.366791 0.556671 -3.638306 0.342682
20824 1444995704.658859 -3.037964 -25.548248 -139.257355 0.555786 -3.639221 0.345001
20825 1444995704.668926 -3.149109 -25.462372 -139.312073 0.556671 -3.635559 0.345001
20826 1444995704.678968 -3.186157 -25.677063 -139.366791 0.554901 -3.634644 0.345001
20827 1444995704.689085 -3.112061 -25.548248 -139.476227 0.556671 -3.635559 0.340942
20828 1444995704.699148 -3.149109 -25.462372 -139.476227 0.556671 -3.636475 0.345001
20829 1444995704.709215 -3.037964 -25.419434 -139.366791 0.556671 -3.63739 0.343842
20830 1444995704.719287 -3.223206 -25.50531 -139.312073 0.554901 -3.636475 0.342102
20831 1444995704.729350 -3.223206 -25.50531 -139.421509 0.555786 -3.63739 0.343262
20832 1444995704.739429 -3.186157 -25.548248 -139.585663 0.556671 -3.636475 0.344421
20833 1444995704.749491 -3.297302 -25.376495 -139.476227 0.557556 -3.636475 0.345001
20834 1444995704.759557 -3.371399 -25.591187 -139.421509 0.554901 -3.632812 0.343842
20835 1444995704.769619 -3.260254 -25.591187 -139.421509 0.554901 -3.632812 0.344421
20836 1444995704.779655 -3.186157 -25.591187 -139.476227 0.555786 -3.633728 0.346161
20837 1444995704.789739 -3.149109 -25.50531 -139.421509 0.555786 -3.633728 0.346741
20838 1444995704.799782 -3.186157 -25.548248 -139.421509 0.555786 -3.632812 0.347321
20839 1444995704.809846 -3.223206 -25.50531 -139.421509 0.555786 -3.630066 0.345581
20840 1444995704.820035 -3.186157 -25.677063 -139.476227 0.555786 -3.632812 0.343262
20841 1444995704.830056 -3.112061 -25.50531 -139.476227 0.555786 -3.633728 0.343842
20842 1444995704.840124 -3.186157 -25.462372 -139.421509 0.556671 -3.63739 0.343842
20843 1444995704.850186 -3.112061 -25.462372 -139.421509 0.554901 -3.638306 0.345001
20844 1444995704.860249 -3.223206 -25.548248 -139.530945 0.556671 -3.636475 0.342102
20845 1444995704.870314 -3.112061 -25.462372 -139.421509 0.554901 -3.635559 0.344421
20846 1444995704.880377 -3.149109 -25.548248 -139.421509 0.554901 -3.63739 0.343842
20847 1444995704.890445 -3.260254 -25.50531 -139.421509 0.556671 -3.634644 0.343262
20848 1444995704.900508 -3.223206 -25.50531 -139.530945 0.556671 -3.63739 0.344421
20849 1444995704.910568 -3.260254 -25.50531 -139.366791 0.555786 -3.633728 0.345001
20850 1444995704.920630 -3.223206 -25.591187 -139.476227 0.554901 -3.633728 0.343842
20851 1444995704.930690 -3.075012 -25.50531 -139.585663 0.555786 -3.635559 0.345001
20852 1444995704.940754 -3.112061 -25.50531 -139.421509 0.556671 -3.635559 0.346161
20853 1444995704.950815 -3.075012 -25.50531 -139.530945 0.554901 -3.639221 0.343842
20854 1444995704.960878 -3.075012 -25.50531 -139.421509 0.555786 -3.635559 0.343262
20855 1444995704.970928 -3.075012 -25.50531 -139.476227 0.554901 -3.635559 0.346161
20856 1444995704.980994 -3.186157 -25.548248 -139.530945 0.554901 -3.634644 0.345001
20857 1444995704.991065 -3.186157 -25.462372 -139.530945 0.556671 -3.638306 0.345001
20858 1444995705.001127 -3.223206 -25.462372 -139.366791 0.554901 -3.635559 0.343842
20859 1444995705.011192 -3.186157 -25.50531 -139.421509 0.556671 -3.640137 0.345581
20860 1444995705.021253 -3.037964 -25.548248 -139.476227 0.554901 -3.640137 0.345581
20861 1444995705.031317 -3.037964 -25.548248 -139.421509 0.554901 -3.641052 0.345001
20862 1444995705.041390 -3.000916 -25.50531 -139.421509 0.555786 -3.636475 0.343262
20863 1444995705.051454 -3.075012 -25.376495 -139.421509 0.556671 -3.636475 0.345001
20864 1444995705.061515 -3.075012 -25.462372 -139.421509 0.556671 -3.636475 0.342682
20865 1444995705.071577 -3.260254 -25.548248 -139.476227 0.555786 -3.638306 0.343842
20866 1444995705.081641 -3.223206 -25.462372 -139.421509 0.556671 -3.639221 0.342682
20867 1444995705.091704 -3.112061 -25.50531 -139.585663 0.554901 -3.640137 0.342682
20868 1444995705.101766 -3.112061 -25.50531 -139.530945 0.555786 -3.640137 0.343842
20869 1444995705.111829 -3.186157 -25.548248 -139.640381 0.555786 -3.639221 0.345581
20870 1444995705.121891 -3.260254 -25.462372 -139.421509 0.555786 -3.635559 0.344421
20871 1444995705.131948 -3.112061 -25.591187 -139.476227 0.555786 -3.639221 0.343842
20872 1444995705.142034 -3.112061 -25.50531 -139.421509 0.556671 -3.640137 0.343842
20873 1444995705.152104 -3.149109 -25.548248 -139.585663 0.555786 -3.638306 0.344421
20874 1444995705.162167 -3.223206 -25.462372 -139.530945 0.556671 -3.638306 0.340363
20875 1444995705.172205 -3.186157 -25.50531 -139.530945 0.555786 -3.639221 0.342102
20876 1444995705.182269 -3.149109 -25.50531 -139.476227 0.556671 -3.63739 0.345001
20877 1444995705.192350 -3.112061 -25.419434 -139.366791 0.555786 -3.639221 0.345001
20878 1444995705.202412 -3.149109 -25.462372 -139.530945 0.554901 -3.635559 0.344421
20879 1444995705.212475 -3.112061 -25.462372 -139.530945 0.556671 -3.63739 0.344421
20880 1444995705.222537 -3.149109 -25.462372 -139.695099 0.556671 -3.639221 0.345581
20881 1444995705.232597 -3.112061 -25.462372 -139.530945 0.555786 -3.638306 0.342102
20882 1444995705.242659 -3.112061 -25.548248 -139.640381 0.555786 -3.636475 0.343262
20883 1444995705.252741 -3.260254 -25.419434 -139.476227 0.556671 -3.636475 0.341522
20884 1444995705.262804 -3.260254 -25.548248 -139.585663 0.553131 -3.634644 0.343262
20885 1444995705.272867 -3.112061 -25.50531 -139.476227 0.554901 -3.636475 0.342102
20886 1444995705.282931 -3.223206 -25.50531 -139.421509 0.554901 -3.638306 0.347321
20887 1444995705.292993 -3.149109 -25.50531 -139.476227 0.556671 -3.640137 0.343842
20888 1444995705.303196 -3.186157 -25.548248 -139.476227 0.554901 -3.638306 0.342682
20889 1444995705.313259 -3.149109 -25.462372 -139.530945 0.556671 -3.63739 0.342682
20890 1444995705.323323 -3.223206 -25.548248 -139.476227 0.554901 -3.638306 0.343262
20891 1444995705.333386 -3.075012 -25.462372 -139.530945 0.555786 -3.639221 0.339783
20892 1444995705.343452 -3.112061 -25.50531 -139.421509 0.555786 -3.636475 0.340363
20893 1444995705.353502 -3.223206 -25.50531 -139.421509 0.556671 -3.636475 0.344421
20894 1444995705.363565 -3.037964 -25.462372 -139.476227 0.556671 -3.63739 0.344421
20895 1444995705.373631 -3.260254 -25.419434 -139.421509 0.557556 -3.639221 0.339203
20896 1444995705.383694 -3.186157 -25.462372 -139.585663 0.556671 -3.638306 0.342102
20897 1444995705.393757 -3.223206 -25.548248 -139.421509 0.555786 -3.640137 0.343842
20898 1444995705.403820 -3.186157 -25.548248 -139.421509 0.554901 -3.639221 0.343262
20899 1444995705.413881 -3.223206 -25.548248 -139.366791 0.554901 -3.640137 0.343842
20900 1444995705.423941 -3.186157 -25.462372 -139.421509 0.554901 -3.638306 0.344421
20901 1444995705.434003 -3.149109 -25.50531 -139.530945 0.555786 -3.638306 0.343262
20902 1444995705.444066 -3.186157 -25.548248 -139.640381 0.555786 -3.638306 0.342102
20903 1444995705.454128 -3.223206 -25.50531 -139.476227 0.554901 -3.63739 0.341522
20904 1444995705.464165 -3.112061 -25.462372 -139.476227 0.556671 -3.63739 0.340942
20905 1444995705.474227 -3.112061 -25.419434 -139.312073 0.554901 -3.640137 0.340363
20906 1444995705.484290 -3.112061 -25.50531 -139.476227 0.554901 -3.640137 0.342102
20907 1444995705.494373 -3.037964 -25.591187 -139.476227 0.554016 -3.638306 0.340363
20908 1444995705.504476 -3.297302 -25.462372 -139.366791 0.555786 -3.635559 0.342682
20909 1444995705.514581 -3.112061 -25.462372 -139.421509 0.555786 -3.635559 0.342682
20910 1444995705.524623 -3.223206 -25.462372 -139.366791 0.555786 -3.636475 0.341522
20911 1444995705.534687 -3.149109 -25.462372 -139.476227 0.557556 -3.638306 0.340942
20912 1444995705.544729 -3.075012 -25.634125 -139.476227 0.556671 -3.640137 0.340363
20913 1444995705.554796 -3.112061 -25.50531 -139.476227 0.554016 -3.638306 0.342682
20914 1444995705.564859 -3.112061 -25.548248 -139.312073 0.554901 -3.640137 0.343262
20915 1444995705.574920 -3.112061 -25.50531 -139.366791 0.554901 -3.639221 0.345001
20916 1444995705.584983 -3.149109 -25.548248 -139.421509 0.554016 -3.640137 0.344421
20917 1444995705.595042 -3.260254 -25.591187 -139.530945 0.555786 -3.638306 0.341522
20918 1444995705.605102 -3.223206 -25.462372 -139.366791 0.555786 -3.640137 0.344421
20919 1444995705.615166 -3.223206 -25.50531 -139.530945 0.555786 -3.640137 0.344421
20920 1444995705.625235 -3.112061 -25.50531 -139.366791 0.556671 -3.638306 0.343262
20921 1444995705.635299 -3.223206 -25.376495 -139.585663 0.555786 -3.63739 0.343842
20922 1444995705.645360 -3.186157 -25.462372 -139.530945 0.554901 -3.636475 0.342102
20923 1444995705.655389 -3.186157 -25.548248 -139.530945 0.555786 -3.636475 0.340942
20924 1444995705.665451 -3.112061 -25.376495 -139.585663 0.556671 -3.641052 0.342682
20925 1444995705.675536 -3.149109 -25.548248 -139.476227 0.554901 -3.635559 0.342682
20926 1444995705.685584 -3.149109 -25.591187 -139.530945 0.555786 -3.635559 0.342682
20927 1444995705.695611 -3.149109 -25.50531 -139.366791 0.554016 -3.636475 0.342102
20928 1444995705.705698 -3.112061 -25.50531 -139.530945 0.556671 -3.639221 0.343842
20929 1444995705.715747 -3.149109 -25.548248 -139.476227 0.554901 -3.636475 0.341522
20930 1444995705.725808 -3.186157 -25.462372 -139.366791 0.556671 -3.635559 0.342102
20931 1444995705.735870 -3.037964 -25.376495 -139.530945 0.557556 -3.639221 0.342102
20932 1444995705.745931 -3.149109 -25.462372 -139.530945 0.556671 -3.63739 0.340363
20933 1444995705.755994 -3.186157 -25.419434 -139.530945 0.555786 -3.636475 0.338623
20934 1444995705.766059 -3.112061 -25.548248 -139.585663 0.555786 -3.640137 0.343842
20935 1444995705.776122 -3.149109 -25.50531 -139.476227 0.554901 -3.636475 0.341522
20936 1444995705.786266 -3.186157 -25.462372 -139.530945 0.555786 -3.640137 0.342682
20937 1444995705.796328 -3.075012 -25.50531 -139.421509 0.555786 -3.638306 0.343842
20938 1444995705.806391 -3.149109 -25.548248 -139.585663 0.554901 -3.638306 0.343262
20939 1444995705.816475 -3.112061 -25.591187 -139.530945 0.555786 -3.636475 0.343262
20940 1444995705.826529 -3.149109 -25.548248 -139.585663 0.554901 -3.638306 0.343262
20941 1444995705.836674 -3.149109 -25.50531 -139.476227 0.554901 -3.640137 0.342682
20942 1444995705.846746 -3.223206 -25.548248 -139.312073 0.554016 -3.640137 0.343262
20943 1444995705.856807 -3.260254 -25.462372 -139.366791 0.555786 -3.639221 0.343842
20944 1444995705.866882 -3.223206 -25.50531 -139.530945 0.556671 -3.63739 0.342682
20945 1444995705.876951 -3.186157 -25.50531 -139.640381 0.554901 -3.640137 0.345001
20946 1444995705.887443 -3.075012 -25.419434 -139.640381 0.556671 -3.638306 0.343842
20947 1444995705.897758 -3.186157 -25.548248 -139.366791 0.556671 -3.640137 0.342102
20948 1444995705.907831 -3.186157 -25.50531 -139.366791 0.554901 -3.639221 0.343262
20949 1444995705.917893 -3.149109 -25.462372 -139.476227 0.555786 -3.641052 0.339783
20950 1444995705.927955 -3.186157 -25.376495 -139.530945 0.556671 -3.643799 0.340942
20951 1444995705.938020 -3.037964 -25.462372 -139.585663 0.554901 -3.639221 0.345001
20952 1444995705.948081 -3.112061 -25.462372 -139.476227 0.554901 -3.639221 0.339203
20953 1444995705.958118 -3.186157 -25.548248 -139.476227 0.555786 -3.639221 0.342682
20954 1444995705.968222 -3.075012 -25.50531 -139.421509 0.554901 -3.635559 0.343262
20955 1444995705.978316 -3.223206 -25.50531 -139.585663 0.556671 -3.641052 0.340942
20956 1444995705.988326 -3.186157 -25.50531 -139.530945 0.555786 -3.640137 0.339203
20957 1444995705.998401 -3.149109 -25.419434 -139.530945 0.555786 -3.639221 0.339783
20958 1444995706.008467 -3.112061 -25.333557 -139.366791 0.555786 -3.642883 0.340942
20959 1444995706.018531 -3.149109 -25.50531 -139.476227 0.554901 -3.638306 0.345001
20960 1444995706.028592 -3.186157 -25.591187 -139.476227 0.555786 -3.63739 0.342682
20961 1444995706.038674 -3.260254 -25.50531 -139.585663 0.555786 -3.639221 0.342102
20962 1444995706.048740 -3.223206 -25.462372 -139.530945 0.555786 -3.639221 0.341522
20963 1444995706.058755 -3.037964 -25.634125 -139.476227 0.554016 -3.641968 0.343842
20964 1444995706.068816 -3.149109 -25.548248 -139.421509 0.555786 -3.638306 0.345581
20965 1444995706.078913 -3.037964 -25.591187 -139.530945 0.554016 -3.63739 0.343842
20966 1444995706.088976 -3.149109 -25.50531 -139.530945 0.554901 -3.63739 0.340942
20967 1444995706.099038 -3.149109 -25.50531 -139.530945 0.556671 -3.639221 0.343262
20968 1444995706.109101 -3.223206 -25.462372 -139.530945 0.555786 -3.639221 0.341522
20969 1444995706.119166 -3.112061 -25.548248 -139.476227 0.555786 -3.638306 0.341522
20970 1444995706.129229 -3.186157 -25.548248 -139.421509 0.555786 -3.639221 0.340942
20971 1444995706.139303 -3.112061 -25.50531 -139.585663 0.554901 -3.638306 0.342682
20972 1444995706.149372 -3.112061 -25.50531 -139.530945 0.557556 -3.638306 0.340363
20973 1444995706.159413 -3.112061 -25.462372 -139.476227 0.554901 -3.638306 0.341522
20974 1444995706.169477 -3.112061 -25.462372 -139.476227 0.555786 -3.636475 0.343262
20975 1444995706.179540 -3.186157 -25.634125 -139.312073 0.556671 -3.636475 0.343262
20976 1444995706.189625 -3.149109 -25.462372 -139.476227 0.556671 -3.638306 0.339783
20977 1444995706.199688 -3.149109 -25.548248 -139.476227 0.555786 -3.63739 0.342102
20978 1444995706.209752 -3.186157 -25.548248 -139.366791 0.555786 -3.639221 0.343842
20979 1444995706.219813 -3.112061 -25.50531 -139.421509 0.556671 -3.638306 0.340942
20980 1444995706.229877 -3.186157 -25.591187 -139.421509 0.554901 -3.636475 0.340363
20981 1444995706.239940 -3.037964 -25.419434 -139.366791 0.555786 -3.640137 0.345581
20982 1444995706.250002 -3.186157 -25.591187 -139.530945 0.555786 -3.636475 0.339203
20983 1444995706.260063 -3.112061 -25.591187 -139.640381 0.555786 -3.63739 0.339203
20984 1444995706.270134 -3.075012 -25.548248 -139.530945 0.554901 -3.633728 0.343262
20985 1444995706.280198 -3.223206 -25.462372 -139.421509 0.555786 -3.641052 0.341522
20986 1444995706.290290 -3.149109 -25.548248 -139.530945 0.554016 -3.63739 0.339783
20987 1444995706.300385 -3.186157 -25.419434 -139.640381 0.555786 -3.639221 0.340363
20988 1444995706.310466 -3.186157 -25.591187 -139.530945 0.554016 -3.641968 0.338623
20989 1444995706.320564 -3.223206 -25.419434 -139.476227 0.554901 -3.640137 0.339203
20990 1444995706.330626 -3.260254 -25.50531 -139.366791 0.555786 -3.640137 0.343842
20991 1444995706.340704 -3.075012 -25.419434 -139.257355 0.555786 -3.63739 0.342682
20992 1444995706.350765 -3.223206 -25.419434 -139.530945 0.556671 -3.640137 0.340942
20993 1444995706.360836 -3.149109 -25.462372 -139.421509 0.554016 -3.63739 0.341522
20994 1444995706.370899 -3.000916 -25.462372 -139.530945 0.554016 -3.638306 0.341522
20995 1444995706.380961 -3.037964 -25.376495 -139.530945 0.555786 -3.635559 0.342682
20996 1444995706.391024 -3.112061 -25.462372 -139.476227 0.555786 -3.641052 0.343842
20997 1444995706.401086 -3.112061 -25.462372 -139.421509 0.555786 -3.641052 0.339783
20998 1444995706.411161 -3.037964 -25.548248 -139.366791 0.556671 -3.640137 0.342682
20999 1444995706.421223 -3.075012 -25.462372 -139.476227 0.554901 -3.638306 0.342682
21000 1444995706.431285 -3.075012 -25.50531 -139.421509 0.555786 -3.641968 0.344421
21001 1444995706.441354 -3.037964 -25.50531 -139.421509 0.555786 -3.641052 0.342682
21002 1444995706.451415 -3.149109 -25.50531 -139.530945 0.555786 -3.641052 0.343842
21003 1444995706.461478 -3.075012 -25.548248 -139.530945 0.554901 -3.641968 0.341522
21004 1444995706.471539 -3.186157 -25.462372 -139.366791 0.557556 -3.641052 0.345001
21005 1444995706.481602 -3.149109 -25.50531 -139.530945 0.555786 -3.63739 0.343262
21006 1444995706.491664 -3.186157 -25.462372 -139.530945 0.555786 -3.641052 0.342682
21007 1444995706.501725 -3.037964 -25.50531 -139.530945 0.554901 -3.640137 0.342102
21008 1444995706.511791 -3.149109 -25.548248 -139.530945 0.554016 -3.640137 0.340363
21009 1444995706.521854 -3.149109 -25.376495 -139.476227 0.556671 -3.639221 0.340363
21010 1444995706.531922 -3.223206 -25.50531 -139.421509 0.556671 -3.639221 0.341522
21011 1444995706.542014 -3.186157 -25.50531 -139.421509 0.554901 -3.640137 0.343842
21012 1444995706.552077 -3.149109 -25.50531 -139.476227 0.554901 -3.635559 0.339783
21013 1444995706.562140 -3.149109 -25.462372 -139.530945 0.554901 -3.641052 0.340363
21014 1444995706.572204 -3.075012 -25.50531 -139.476227 0.554901 -3.638306 0.341522
21015 1444995706.582266 -3.149109 -25.419434 -139.476227 0.556671 -3.640137 0.340942
21016 1444995706.592347 -3.075012 -25.462372 -139.421509 0.554901 -3.640137 0.338043
21017 1444995706.602409 -3.186157 -25.50531 -139.476227 0.554901 -3.642883 0.340942
21018 1444995706.612472 -3.000916 -25.462372 -139.476227 0.554901 -3.639221 0.339203
21019 1444995706.622535 -3.075012 -25.419434 -139.476227 0.554901 -3.643799 0.338043
21020 1444995706.632598 -3.186157 -25.50531 -139.530945 0.554016 -3.641968 0.335724
21021 1444995706.642661 -3.112061 -25.419434 -139.476227 0.554901 -3.643799 0.339783
21022 1444995706.652724 -3.075012 -25.462372 -139.421509 0.554016 -3.641052 0.338623
21023 1444995706.662788 -3.149109 -25.462372 -139.585663 0.556671 -3.640137 0.342102
21024 1444995706.672851 -3.112061 -25.462372 -139.530945 0.556671 -3.640137 0.341522
21025 1444995706.682912 -3.112061 -25.462372 -139.421509 0.554901 -3.641052 0.342102
21026 1444995706.692975 -3.149109 -25.591187 -139.421509 0.555786 -3.641968 0.343262
21027 1444995706.703041 -3.075012 -25.50531 -139.530945 0.554901 -3.640137 0.340942
21028 1444995706.713109 -3.149109 -25.462372 -139.476227 0.555786 -3.642883 0.342682
21029 1444995706.723172 -3.075012 -25.591187 -139.476227 0.554016 -3.642883 0.342102
21030 1444995706.733238 -3.149109 -25.462372 -139.421509 0.554016 -3.643799 0.340363
21031 1444995706.743301 -3.037964 -25.50531 -139.530945 0.555786 -3.641968 0.339203
21032 1444995706.753366 -3.149109 -25.548248 -139.585663 0.555786 -3.642883 0.335724
21033 1444995706.763429 -3.186157 -25.419434 -139.366791 0.556671 -3.642883 0.343842
21034 1444995706.773491 -3.112061 -25.50531 -139.421509 0.555786 -3.642883 0.342682
21035 1444995706.783555 -3.112061 -25.50531 -139.421509 0.555786 -3.642883 0.339783
21036 1444995706.793618 -3.186157 -25.50531 -139.530945 0.555786 -3.642883 0.340363
21037 1444995706.803684 -3.186157 -25.419434 -139.476227 0.556671 -3.641968 0.341522
21038 1444995706.813748 -3.075012 -25.419434 -139.530945 0.557556 -3.641052 0.340363
21039 1444995706.823817 -3.223206 -25.591187 -139.585663 0.554901 -3.641968 0.340363
21040 1444995706.833880 -3.186157 -25.50531 -139.695099 0.555786 -3.643799 0.342682
21041 1444995706.843942 -3.000916 -25.548248 -139.530945 0.554901 -3.644714 0.341522
21042 1444995706.854006 -3.149109 -25.462372 -139.476227 0.556671 -3.641968 0.338623
21043 1444995706.864069 -3.075012 -25.462372 -139.476227 0.554016 -3.639221 0.341522
21044 1444995706.874095 -3.149109 -25.50531 -139.695099 0.554016 -3.643799 0.340942
21045 1444995706.884157 -3.075012 -25.462372 -139.585663 0.555786 -3.639221 0.342682
21046 1444995706.894220 -3.112061 -25.419434 -139.530945 0.555786 -3.642883 0.341522
21047 1444995706.904284 -3.112061 -25.462372 -139.421509 0.555786 -3.641968 0.338623
21048 1444995706.914369 -3.075012 -25.50531 -139.421509 0.555786 -3.641968 0.338043
21049 1444995706.924446 -3.037964 -25.548248 -139.530945 0.554016 -3.640137 0.342682
21050 1444995706.934509 -3.037964 -25.462372 -139.530945 0.555786 -3.641052 0.340942
21051 1444995706.944571 -3.149109 -25.462372 -139.585663 0.555786 -3.643799 0.339783
21052 1444995706.954633 -3.223206 -25.462372 -139.585663 0.556671 -3.643799 0.338043
21053 1444995706.964749 -3.223206 -25.50531 -139.476227 0.554016 -3.643799 0.337463
21054 1444995706.974813 -3.075012 -25.462372 -139.312073 0.554901 -3.643799 0.337463
21055 1444995706.984895 -3.260254 -25.462372 -139.530945 0.554901 -3.641968 0.342682
21056 1444995706.994977 -3.037964 -25.419434 -139.530945 0.557556 -3.641968 0.338043
21057 1444995707.005020 -3.112061 -25.548248 -139.530945 0.554901 -3.643799 0.339783
21058 1444995707.015086 -3.112061 -25.462372 -139.530945 0.555786 -3.640137 0.339203
21059 1444995707.025149 -3.112061 -25.376495 -139.476227 0.555786 -3.642883 0.341522
21060 1444995707.035215 -3.075012 -25.462372 -139.530945 0.554901 -3.642883 0.340363
21061 1444995707.045278 -3.186157 -25.50531 -139.530945 0.555786 -3.644714 0.341522
21062 1444995707.055303 -3.112061 -25.376495 -139.530945 0.555786 -3.644714 0.338043
21063 1444995707.065363 -3.075012 -25.548248 -139.476227 0.555786 -3.647461 0.338043
21064 1444995707.075433 -3.075012 -25.462372 -139.476227 0.554016 -3.647461 0.338043
21065 1444995707.085495 -3.149109 -25.548248 -139.476227 0.554901 -3.644714 0.341522
21066 1444995707.095558 -3.223206 -25.376495 -139.530945 0.556671 -3.643799 0.336304
21067 1444995707.105624 -3.075012 -25.462372 -139.476227 0.556671 -3.642883 0.341522
21068 1444995707.115687 -3.112061 -25.419434 -139.585663 0.555786 -3.644714 0.341522
21069 1444995707.125750 -3.075012 -25.548248 -139.476227 0.555786 -3.643799 0.342102
21070 1444995707.135815 -3.037964 -25.376495 -139.476227 0.554901 -3.641968 0.339203
21071 1444995707.145843 -3.112061 -25.462372 -139.421509 0.555786 -3.639221 0.337463
21072 1444995707.155905 -3.112061 -25.548248 -139.476227 0.554901 -3.642883 0.342102
21073 1444995707.165971 -2.963867 -25.462372 -139.585663 0.555786 -3.640137 0.338043
21074 1444995707.176053 -3.149109 -25.50531 -139.312073 0.554901 -3.641052 0.338623
21075 1444995707.186177 -3.075012 -25.548248 -139.476227 0.554901 -3.643799 0.337463
21076 1444995707.196239 -3.186157 -25.50531 -139.312073 0.554016 -3.641968 0.339203
21077 1444995707.206304 -2.963867 -25.462372 -139.530945 0.555786 -3.642883 0.340942
21078 1444995707.216390 -3.149109 -25.462372 -139.585663 0.555786 -3.641052 0.340942
21079 1444995707.226452 -3.037964 -25.548248 -139.640381 0.554901 -3.641052 0.340363
21080 1444995707.236541 -3.112061 -25.548248 -139.530945 0.554901 -3.642883 0.340363
21081 1444995707.246605 -3.112061 -25.50531 -139.421509 0.555786 -3.643799 0.343262
21082 1444995707.256667 -3.149109 -25.419434 -139.530945 0.554901 -3.642883 0.339203
21083 1444995707.266731 -3.075012 -25.462372 -139.421509 0.555786 -3.643799 0.342682
21084 1444995707.276827 -3.075012 -25.462372 -139.366791 0.555786 -3.641052 0.340363
21085 1444995707.286889 -3.149109 -25.50531 -139.366791 0.554901 -3.641052 0.342102
21086 1444995707.296946 -3.037964 -25.50531 -139.366791 0.555786 -3.642883 0.342102
21087 1444995707.307008 -3.112061 -25.591187 -139.476227 0.554016 -3.640137 0.340363
21088 1444995707.317096 -3.149109 -25.462372 -139.476227 0.555786 -3.643799 0.338623
21089 1444995707.327206 -3.075012 -25.548248 -139.476227 0.555786 -3.641052 0.337463
21090 1444995707.337295 -3.112061 -25.419434 -139.530945 0.554901 -3.639221 0.341522
21091 1444995707.347387 -3.037964 -25.50531 -139.421509 0.554901 -3.639221 0.339203
21092 1444995707.357510 -3.112061 -25.548248 -139.476227 0.554901 -3.641052 0.338043
21093 1444995707.367553 -3.186157 -25.591187 -139.421509 0.554016 -3.641052 0.339783
21094 1444995707.377614 -3.149109 -25.591187 -139.421509 0.553131 -3.641052 0.340363
21095 1444995707.387683 -3.112061 -25.50531 -139.530945 0.555786 -3.639221 0.340363
21096 1444995707.397745 -3.149109 -25.462372 -139.530945 0.555786 -3.63739 0.339203
21097 1444995707.407807 -3.075012 -25.591187 -139.421509 0.554901 -3.639221 0.341522
21098 1444995707.417868 -3.149109 -25.419434 -139.421509 0.554901 -3.63739 0.342102
21099 1444995707.427930 -3.037964 -25.591187 -139.476227 0.555786 -3.642883 0.341522
21100 1444995707.437992 -3.000916 -25.50531 -139.366791 0.555786 -3.641052 0.343842
21101 1444995707.448054 -3.112061 -25.419434 -139.695099 0.554016 -3.639221 0.339783
21102 1444995707.458118 -3.149109 -25.462372 -139.421509 0.554016 -3.640137 0.337463
21103 1444995707.468190 -3.149109 -25.548248 -139.366791 0.557556 -3.63739 0.342102
21104 1444995707.478252 -3.112061 -25.462372 -139.421509 0.556671 -3.640137 0.341522
21105 1444995707.488314 -3.075012 -25.50531 -139.530945 0.555786 -3.641968 0.340363
21106 1444995707.498375 -3.112061 -25.462372 -139.421509 0.554901 -3.643799 0.340363
21107 1444995707.508462 -3.075012 -25.50531 -139.476227 0.554901 -3.639221 0.342682
21108 1444995707.518524 -3.075012 -25.462372 -139.476227 0.554901 -3.640137 0.340942
21109 1444995707.528561 -3.112061 -25.548248 -139.476227 0.554901 -3.640137 0.339783
21110 1444995707.538624 -3.112061 -25.591187 -139.366791 0.554901 -3.641968 0.338623
21111 1444995707.548692 -3.112061 -25.548248 -139.476227 0.554016 -3.641968 0.337463
21112 1444995707.558756 -3.149109 -25.548248 -139.476227 0.554016 -3.642883 0.339783
21113 1444995707.568820 -3.000916 -25.50531 -139.366791 0.554901 -3.641052 0.341522
21114 1444995707.578882 -3.112061 -25.50531 -139.476227 0.553131 -3.641052 0.340942
21115 1444995707.588945 -3.075012 -25.548248 -139.530945 0.554901 -3.640137 0.340942
21116 1444995707.599029 -3.149109 -25.419434 -139.476227 0.555786 -3.640137 0.337463
21117 1444995707.609091 -3.149109 -25.50531 -139.476227 0.555786 -3.642883 0.338623
21118 1444995707.619152 -3.149109 -25.462372 -139.421509 0.554901 -3.642883 0.337463
21119 1444995707.629236 -3.149109 -25.419434 -139.421509 0.554901 -3.641052 0.339783
21120 1444995707.639301 -3.149109 -25.376495 -139.530945 0.554016 -3.643799 0.339203
21121 1444995707.649385 -3.260254 -25.376495 -139.476227 0.556671 -3.639221 0.338623
21122 1444995707.659448 -3.112061 -25.50531 -139.585663 0.554901 -3.640137 0.337463
21123 1444995707.669481 -3.075012 -25.462372 -139.421509 0.554901 -3.641968 0.340942
21124 1444995707.679541 -3.223206 -25.548248 -139.640381 0.554016 -3.641052 0.338623
21125 1444995707.689622 -3.112061 -25.462372 -139.585663 0.556671 -3.641052 0.340942
21126 1444995707.699684 -3.075012 -25.591187 -139.530945 0.554901 -3.639221 0.338623
21127 1444995707.709760 -3.112061 -25.50531 -139.476227 0.554901 -3.641052 0.339783
21128 1444995707.719822 -3.149109 -25.419434 -139.530945 0.556671 -3.641968 0.343262
21129 1444995707.729885 -3.000916 -25.591187 -139.476227 0.554016 -3.641968 0.337463
21130 1444995707.739948 -3.149109 -25.419434 -139.530945 0.554016 -3.642883 0.336304
21131 1444995707.750018 -3.112061 -25.419434 -139.476227 0.556671 -3.643799 0.337463
21132 1444995707.760108 -3.186157 -25.462372 -139.640381 0.555786 -3.642883 0.336304
21133 1444995707.770170 -3.075012 -25.548248 -139.530945 0.554901 -3.641968 0.337463
21134 1444995707.780232 -3.037964 -25.50531 -139.585663 0.554901 -3.641968 0.338623
21135 1444995707.790295 -3.112061 -25.462372 -139.476227 0.554016 -3.641052 0.338043
21136 1444995707.800358 -3.112061 -25.50531 -139.585663 0.554901 -3.641052 0.336304
21137 1444995707.810397 -3.149109 -25.50531 -139.585663 0.554901 -3.642883 0.338623
21138 1444995707.820460 -3.112061 -25.376495 -139.421509 0.555786 -3.643799 0.336884
21139 1444995707.830521 -3.075012 -25.50531 -139.530945 0.553131 -3.641052 0.339783
21140 1444995707.840589 -3.000916 -25.462372 -139.476227 0.555786 -3.640137 0.341522
21141 1444995707.850654 -3.186157 -25.548248 -139.530945 0.555786 -3.641968 0.338043
21142 1444995707.860708 -3.037964 -25.462372 -139.530945 0.554901 -3.641052 0.338623
21143 1444995707.870770 -3.112061 -25.462372 -139.421509 0.554016 -3.64563 0.340363
21144 1444995707.880832 -3.075012 -25.462372 -139.530945 0.554016 -3.643799 0.336884
21145 1444995707.890880 -3.149109 -25.548248 -139.530945 0.555786 -3.644714 0.338623
21146 1444995707.900942 -3.149109 -25.419434 -139.476227 0.555786 -3.642883 0.338623
21147 1444995707.911004 -3.260254 -25.333557 -139.476227 0.555786 -3.644714 0.337463
21148 1444995707.921067 -3.037964 -25.419434 -139.640381 0.556671 -3.641052 0.339203
21149 1444995707.931133 -3.037964 -25.50531 -139.476227 0.553131 -3.641052 0.340942
21150 1444995707.941196 -3.075012 -25.50531 -139.421509 0.554901 -3.642883 0.339203
21151 1444995707.951259 -3.075012 -25.462372 -139.476227 0.554016 -3.641968 0.338043
21152 1444995707.961322 -3.037964 -25.50531 -139.530945 0.554901 -3.643799 0.336304
21153 1444995707.971402 -3.260254 -25.548248 -139.530945 0.554901 -3.640137 0.336884
21154 1444995707.981464 -3.000916 -25.462372 -139.530945 0.555786 -3.641052 0.338043
21155 1444995707.991526 -3.112061 -25.462372 -139.421509 0.555786 -3.643799 0.338043
21156 1444995708.001591 -3.037964 -25.419434 -139.585663 0.555786 -3.641968 0.336304
21157 1444995708.011653 -3.223206 -25.591187 -139.585663 0.554901 -3.641968 0.338623
21158 1444995708.021716 -3.112061 -25.419434 -139.585663 0.556671 -3.64563 0.334564
21159 1444995708.031779 -3.223206 -25.50531 -139.695099 0.555786 -3.643799 0.337463
21160 1444995708.041813 -3.112061 -25.419434 -139.366791 0.555786 -3.642883 0.337463
21161 1444995708.051897 -3.112061 -25.548248 -139.476227 0.554901 -3.639221 0.338043
21162 1444995708.061962 -3.075012 -25.50531 -139.585663 0.554901 -3.641052 0.337463
21163 1444995708.072046 -3.149109 -25.462372 -139.421509 0.554901 -3.641968 0.339783
21164 1444995708.082130 -3.149109 -25.462372 -139.585663 0.556671 -3.642883 0.336884
21165 1444995708.092196 -3.186157 -25.50531 -139.421509 0.554901 -3.643799 0.336884
21166 1444995708.102261 -3.000916 -25.548248 -139.421509 0.555786 -3.641968 0.341522
21167 1444995708.112323 -3.075012 -25.419434 -139.421509 0.557556 -3.641052 0.339783
21168 1444995708.122385 -3.112061 -25.548248 -139.640381 0.555786 -3.640137 0.336884
21169 1444995708.132448 -3.075012 -25.419434 -139.640381 0.555786 -3.641052 0.336884
21170 1444995708.142534 -3.075012 -25.591187 -139.585663 0.554901 -3.642883 0.337463
21171 1444995708.152600 -3.075012 -25.419434 -139.366791 0.556671 -3.643799 0.336884
21172 1444995708.162664 -3.112061 -25.376495 -139.476227 0.554901 -3.641052 0.336884
21173 1444995708.172706 -3.000916 -25.591187 -139.640381 0.555786 -3.641968 0.340363
21174 1444995708.182758 -3.037964 -25.548248 -139.530945 0.553131 -3.642883 0.336884
21175 1444995708.192838 -3.075012 -25.50531 -139.585663 0.554901 -3.640137 0.336304
21176 1444995708.202901 -3.112061 -25.376495 -139.640381 0.556671 -3.641968 0.339203
21177 1444995708.212947 -3.037964 -25.50531 -139.585663 0.554016 -3.642883 0.338043
21178 1444995708.223008 -3.112061 -25.419434 -139.476227 0.555786 -3.642883 0.336884
21179 1444995708.233071 -3.037964 -25.419434 -139.476227 0.557556 -3.644714 0.338623
21180 1444995708.243109 -3.075012 -25.548248 -139.476227 0.555786 -3.644714 0.338623
21181 1444995708.253172 -3.037964 -25.50531 -139.530945 0.555786 -3.643799 0.338623
21182 1444995708.263207 -3.112061 -25.50531 -139.640381 0.555786 -3.644714 0.336884
21183 1444995708.273269 -2.963867 -25.419434 -139.695099 0.555786 -3.643799 0.340942
21184 1444995708.283333 -3.037964 -25.548248 -139.476227 0.554901 -3.643799 0.340942
21185 1444995708.293421 -3.112061 -25.462372 -139.530945 0.555786 -3.647461 0.337463
21186 1444995708.303527 -3.000916 -25.50531 -139.476227 0.554901 -3.64563 0.339203
21187 1444995708.313591 -3.112061 -25.591187 -139.476227 0.554016 -3.644714 0.340942
21188 1444995708.323656 -3.112061 -25.548248 -139.585663 0.554901 -3.643799 0.339203
21189 1444995708.333701 -3.000916 -25.50531 -139.421509 0.554901 -3.644714 0.340942
21190 1444995708.343763 -3.149109 -25.50531 -139.530945 0.554901 -3.641052 0.339203
21191 1444995708.353826 -2.926819 -25.419434 -139.476227 0.554016 -3.644714 0.338623
21192 1444995708.363890 -3.186157 -25.462372 -139.530945 0.554901 -3.642883 0.336304
21193 1444995708.373950 -3.000916 -25.50531 -139.530945 0.554901 -3.644714 0.338623
21194 1444995708.384011 -3.075012 -25.419434 -139.476227 0.554016 -3.643799 0.338623
21195 1444995708.394107 -3.186157 -25.50531 -139.640381 0.556671 -3.64563 0.335724
21196 1444995708.404172 -3.149109 -25.462372 -139.585663 0.554016 -3.644714 0.336304
21197 1444995708.414236 -3.037964 -25.376495 -139.366791 0.555786 -3.648376 0.338043
21198 1444995708.424322 -3.037964 -25.50531 -139.640381 0.554016 -3.64563 0.337463
21199 1444995708.434383 -3.037964 -25.50531 -139.476227 0.554901 -3.641968 0.337463
21200 1444995708.444489 -3.186157 -25.419434 -139.585663 0.555786 -3.64563 0.336304
21201 1444995708.454551 -3.112061 -25.419434 -139.585663 0.555786 -3.641968 0.335724
21202 1444995708.464583 -3.149109 -25.50531 -139.585663 0.555786 -3.641052 0.333405
21203 1444995708.474667 -3.186157 -25.419434 -139.530945 0.555786 -3.643799 0.336884
21204 1444995708.484768 -2.963867 -25.419434 -139.585663 0.554901 -3.642883 0.336884
21205 1444995708.494840 -3.075012 -25.419434 -139.421509 0.554901 -3.643799 0.337463
21206 1444995708.504903 -3.075012 -25.548248 -139.421509 0.554901 -3.641968 0.338623
21207 1444995708.514964 -3.112061 -25.548248 -139.640381 0.555786 -3.643799 0.336304
21208 1444995708.525004 -3.037964 -25.462372 -139.476227 0.554901 -3.642883 0.338623
21209 1444995708.535109 -3.112061 -25.462372 -139.476227 0.555786 -3.64563 0.337463
21210 1444995708.545165 -3.112061 -25.548248 -139.530945 0.555786 -3.644714 0.337463
21211 1444995708.555232 -3.149109 -25.591187 -139.366791 0.554016 -3.643799 0.335144
21212 1444995708.565291 -3.186157 -25.591187 -139.530945 0.554016 -3.641968 0.338043
21213 1444995708.575378 -3.112061 -25.50531 -139.476227 0.554901 -3.643799 0.338623
21214 1444995708.585461 -3.000916 -25.462372 -139.366791 0.554901 -3.642883 0.339783
21215 1444995708.595553 -3.000916 -25.50531 -139.476227 0.555786 -3.646545 0.336884
21216 1444995708.605629 -3.112061 -25.50531 -139.421509 0.555786 -3.644714 0.339783
21217 1444995708.615693 -3.075012 -25.419434 -139.366791 0.556671 -3.641052 0.337463
21218 1444995708.625755 -3.186157 -25.50531 -139.366791 0.554016 -3.642883 0.335724
21219 1444995708.635819 -3.075012 -25.419434 -139.476227 0.554016 -3.643799 0.339203
21220 1444995708.645882 -3.037964 -25.50531 -139.530945 0.555786 -3.641968 0.338623
21221 1444995708.655943 -3.037964 -25.462372 -139.421509 0.554901 -3.641968 0.339203
21222 1444995708.666007 -3.037964 -25.50531 -139.530945 0.554901 -3.646545 0.338623
21223 1444995708.676101 -3.149109 -25.50531 -139.530945 0.555786 -3.64563 0.338043
21224 1444995708.686203 -3.186157 -25.634125 -139.476227 0.554016 -3.642883 0.338623
21225 1444995708.696266 -2.963867 -25.376495 -139.476227 0.554901 -3.643799 0.339203
21226 1444995708.706337 -3.112061 -25.50531 -139.476227 0.554901 -3.641968 0.337463
21227 1444995708.716402 -3.112061 -25.462372 -139.476227 0.554901 -3.644714 0.337463
21228 1444995708.726721 -3.149109 -25.548248 -139.421509 0.554901 -3.643799 0.336884
21229 1444995708.736810 -3.112061 -25.50531 -139.476227 0.556671 -3.646545 0.336884
21230 1444995708.746871 -3.037964 -25.50531 -139.421509 0.554901 -3.64563 0.339203
21231 1444995708.756931 -3.112061 -25.376495 -139.421509 0.554901 -3.646545 0.338043
21232 1444995708.766993 -3.075012 -25.548248 -139.530945 0.554901 -3.644714 0.338043
21233 1444995708.777036 -3.075012 -25.419434 -139.585663 0.554901 -3.644714 0.338623
21234 1444995708.787090 -3.037964 -25.419434 -139.476227 0.555786 -3.642883 0.335144
21235 1444995708.797154 -3.112061 -25.634125 -139.476227 0.552246 -3.644714 0.339783
21236 1444995708.807201 -3.112061 -25.376495 -139.421509 0.554901 -3.643799 0.338043
21237 1444995708.817264 -3.037964 -25.50531 -139.366791 0.554016 -3.64563 0.336304
21238 1444995708.827371 -3.112061 -25.50531 -139.476227 0.554016 -3.647461 0.336884
21239 1444995708.837448 -3.075012 -25.376495 -139.421509 0.556671 -3.644714 0.340363
21240 1444995708.847509 -3.112061 -25.548248 -139.421509 0.554901 -3.642883 0.335724
21241 1444995708.857577 -3.075012 -25.50531 -139.312073 0.554016 -3.643799 0.337463
21242 1444995708.867656 -3.037964 -25.376495 -139.530945 0.554901 -3.646545 0.340363
21243 1444995708.877717 -3.112061 -25.462372 -139.585663 0.555786 -3.646545 0.337463
21244 1444995708.887790 -3.149109 -25.419434 -139.476227 0.555786 -3.64563 0.336884
21245 1444995708.897874 -3.149109 -25.462372 -139.530945 0.554901 -3.64563 0.336884
21246 1444995708.907932 -3.186157 -25.462372 -139.421509 0.554901 -3.64563 0.335144
21247 1444995708.917993 -3.075012 -25.333557 -139.530945 0.555786 -3.643799 0.338623
21248 1444995708.928058 -3.075012 -25.50531 -139.530945 0.554901 -3.643799 0.338043
21249 1444995708.938131 -3.037964 -25.50531 -139.476227 0.554901 -3.642883 0.339203
21250 1444995708.948224 -3.000916 -25.50531 -139.476227 0.554016 -3.642883 0.338043
21251 1444995708.958285 -2.963867 -25.462372 -139.421509 0.554901 -3.64563 0.340942
21252 1444995708.968354 -3.037964 -25.462372 -139.312073 0.555786 -3.643799 0.338623
21253 1444995708.978430 -3.037964 -25.591187 -139.366791 0.554901 -3.643799 0.340942
21254 1444995708.988493 -3.149109 -25.462372 -139.476227 0.554901 -3.643799 0.336884
21255 1444995708.998556 -3.112061 -25.419434 -139.476227 0.554901 -3.642883 0.337463
21256 1444995709.008619 -3.037964 -25.462372 -139.476227 0.554901 -3.644714 0.336304
21257 1444995709.018699 -3.149109 -25.548248 -139.421509 0.554016 -3.643799 0.335144
21258 1444995709.028764 -3.149109 -25.419434 -139.421509 0.555786 -3.647461 0.335144
21259 1444995709.038934 -3.112061 -25.50531 -139.530945 0.554901 -3.644714 0.338043
21260 1444995709.048996 -3.000916 -25.419434 -139.530945 0.555786 -3.643799 0.338043
21261 1444995709.059062 -3.037964 -25.50531 -139.476227 0.554901 -3.644714 0.336304
21262 1444995709.069125 -3.112061 -25.462372 -139.312073 0.554016 -3.646545 0.338623
21263 1444995709.079190 -3.112061 -25.50531 -139.312073 0.554016 -3.648376 0.338623
21264 1444995709.089259 -3.186157 -25.462372 -139.421509 0.555786 -3.648376 0.337463
21265 1444995709.099310 -3.186157 -25.462372 -139.366791 0.556671 -3.64563 0.337463
21266 1444995709.109399 -3.112061 -25.462372 -139.476227 0.554901 -3.646545 0.336884
21267 1444995709.119462 -3.112061 -25.50531 -139.421509 0.554901 -3.64563 0.338043
21268 1444995709.129535 -3.075012 -25.462372 -139.421509 0.554901 -3.64563 0.339783
21269 1444995709.139694 -3.149109 -25.462372 -139.530945 0.553131 -3.643799 0.336884
21270 1444995709.149762 -3.075012 -25.419434 -139.585663 0.555786 -3.64563 0.337463
21271 1444995709.159825 -3.112061 -25.419434 -139.530945 0.555786 -3.64563 0.336884
21272 1444995709.169885 -3.000916 -25.50531 -139.476227 0.554901 -3.64563 0.339203
21273 1444995709.179952 -3.037964 -25.548248 -139.421509 0.553131 -3.646545 0.339203
21274 1444995709.190004 -3.037964 -25.50531 -139.257355 0.554901 -3.644714 0.336304
21275 1444995709.200067 -3.075012 -25.548248 -139.421509 0.554901 -3.648376 0.337463
21276 1444995709.210157 -3.037964 -25.50531 -139.476227 0.553131 -3.647461 0.338623
21277 1444995709.220225 -3.075012 -25.462372 -139.421509 0.555786 -3.646545 0.338623
21278 1444995709.230361 -3.037964 -25.50531 -139.476227 0.553131 -3.64563 0.339203
21279 1444995709.240436 -3.075012 -25.591187 -139.366791 0.554016 -3.64563 0.338623
21280 1444995709.250535 -3.075012 -25.419434 -139.530945 0.554901 -3.643799 0.338623
21281 1444995709.260604 -3.000916 -25.462372 -139.476227 0.554901 -3.64563 0.336884
21282 1444995709.270668 -3.037964 -25.50531 -139.476227 0.555786 -3.641968 0.335724
21283 1444995709.280728 -3.075012 -25.548248 -139.530945 0.555786 -3.644714 0.336884
21284 1444995709.290830 -3.112061 -25.419434 -139.366791 0.555786 -3.642883 0.337463
21285 1444995709.300892 -3.037964 -25.419434 -139.421509 0.554901 -3.64563 0.335724
21286 1444995709.310954 -3.037964 -25.548248 -139.366791 0.553131 -3.647461 0.337463
21287 1444995709.321039 -3.000916 -25.462372 -139.421509 0.554016 -3.647461 0.336884
21288 1444995709.331120 -3.149109 -25.419434 -139.476227 0.555786 -3.646545 0.337463
21289 1444995709.341184 -3.075012 -25.462372 -139.476227 0.554901 -3.647461 0.339203
21290 1444995709.351247 -3.037964 -25.50531 -139.366791 0.554901 -3.64563 0.338623
21291 1444995709.361328 -3.149109 -25.591187 -139.366791 0.555786 -3.644714 0.338043
21292 1444995709.371404 -3.037964 -25.419434 -139.421509 0.554901 -3.643799 0.337463
21293 1444995709.381455 -3.149109 -25.333557 -139.585663 0.556671 -3.64563 0.336304
21294 1444995709.391521 -3.149109 -25.419434 -139.421509 0.554901 -3.644714 0.336304
21295 1444995709.401583 -3.000916 -25.50531 -139.476227 0.554901 -3.646545 0.335144
21296 1444995709.411644 -3.223206 -25.462372 -139.476227 0.554016 -3.646545 0.336884
21297 1444995709.421710 -3.000916 -25.50531 -139.421509 0.554016 -3.646545 0.339203
21298 1444995709.431773 -3.149109 -25.50531 -139.366791 0.555786 -3.64563 0.338623
21299 1444995709.441840 -3.149109 -25.419434 -139.530945 0.556671 -3.644714 0.335144
21300 1444995709.451903 -3.037964 -25.548248 -139.421509 0.554016 -3.644714 0.339783
21301 1444995709.461966 -3.149109 -25.50531 -139.421509 0.554016 -3.646545 0.336304
21302 1444995709.472053 -3.149109 -25.462372 -139.421509 0.555786 -3.646545 0.334564
21303 1444995709.482094 -3.149109 -25.50531 -139.366791 0.555786 -3.646545 0.339203
21304 1444995709.492177 -3.112061 -25.376495 -139.476227 0.555786 -3.649292 0.338623
21305 1444995709.502239 -3.000916 -25.50531 -139.421509 0.555786 -3.648376 0.336884
21306 1444995709.512302 -3.000916 -25.548248 -139.312073 0.554016 -3.643799 0.339783
21307 1444995709.522365 -3.112061 -25.50531 -139.476227 0.554016 -3.646545 0.340363
21308 1444995709.532431 -3.037964 -25.548248 -139.530945 0.555786 -3.644714 0.339203
21309 1444995709.542468 -3.000916 -25.50531 -139.585663 0.554901 -3.647461 0.338623
21310 1444995709.552544 -3.037964 -25.462372 -139.476227 0.554901 -3.64563 0.339783
21311 1444995709.562606 -3.112061 -25.50531 -139.421509 0.554901 -3.643799 0.338043
21312 1444995709.572669 -3.112061 -25.462372 -139.476227 0.554901 -3.64563 0.337463
21313 1444995709.582731 -3.112061 -25.50531 -139.530945 0.554016 -3.647461 0.338043
21314 1444995709.592793 -3.075012 -25.50531 -139.530945 0.554901 -3.647461 0.340942
21315 1444995709.602858 -3.075012 -25.462372 -139.366791 0.554901 -3.642883 0.335724
21316 1444995709.612921 -3.112061 -25.462372 -139.421509 0.554016 -3.646545 0.336884
21317 1444995709.622984 -3.000916 -25.634125 -139.530945 0.554016 -3.64563 0.337463
21318 1444995709.633043 -3.037964 -25.462372 -139.476227 0.555786 -3.64563 0.338043
21319 1444995709.643105 -3.037964 -25.376495 -139.585663 0.554901 -3.646545 0.333984
21320 1444995709.653181 -3.149109 -25.376495 -139.476227 0.554016 -3.648376 0.336884
21321 1444995709.663243 -3.075012 -25.333557 -139.421509 0.554901 -3.647461 0.338043
21322 1444995709.673303 -3.112061 -25.548248 -139.312073 0.554016 -3.648376 0.336304
21323 1444995709.683371 -3.112061 -25.591187 -139.530945 0.554016 -3.648376 0.335724
21324 1444995709.693433 -3.037964 -25.50531 -139.695099 0.556671 -3.648376 0.337463
21325 1444995709.703496 -3.149109 -25.548248 -139.530945 0.554016 -3.647461 0.335724
21326 1444995709.713518 -3.075012 -25.591187 -139.366791 0.554901 -3.644714 0.339783
21327 1444995709.723580 -3.075012 -25.50531 -139.312073 0.554901 -3.647461 0.339783
21328 1444995709.733644 -3.000916 -25.50531 -139.421509 0.554016 -3.648376 0.340363
21329 1444995709.743738 -2.889771 -25.419434 -139.476227 0.554901 -3.648376 0.340942
21330 1444995709.753865 -3.037964 -25.591187 -139.421509 0.555786 -3.643799 0.337463
21331 1444995709.763927 -3.075012 -25.419434 -139.366791 0.554901 -3.64563 0.338043
21332 1444995709.774015 -3.186157 -25.50531 -139.421509 0.554901 -3.647461 0.340942
21333 1444995709.784051 -3.112061 -25.462372 -139.421509 0.555786 -3.649292 0.342102
21334 1444995709.794118 -3.112061 -25.50531 -139.476227 0.554901 -3.646545 0.336884
21335 1444995709.804203 -3.037964 -25.50531 -139.530945 0.553131 -3.647461 0.336884
21336 1444995709.814265 -3.037964 -25.462372 -139.640381 0.554016 -3.644714 0.339783
21337 1444995709.824335 -3.075012 -25.376495 -139.421509 0.554901 -3.64563 0.339203
21338 1444995709.834402 -2.963867 -25.462372 -139.640381 0.554016 -3.64563 0.337463
21339 1444995709.844465 -3.037964 -25.419434 -139.421509 0.556671 -3.650208 0.338043
21340 1444995709.854588 -3.075012 -25.419434 -139.476227 0.555786 -3.650208 0.338623
21341 1444995709.864658 -3.149109 -25.462372 -139.312073 0.554016 -3.651123 0.338043
21342 1444995709.874719 -3.149109 -25.462372 -139.421509 0.554016 -3.650208 0.339203
21343 1444995709.884806 -3.037964 -25.50531 -139.312073 0.554016 -3.648376 0.341522
21344 1444995709.894871 -3.075012 -25.591187 -139.585663 0.554901 -3.648376 0.339203
21345 1444995709.904939 -3.075012 -25.548248 -139.421509 0.555786 -3.650208 0.336884
21346 1444995709.915021 -3.149109 -25.591187 -139.421509 0.555786 -3.650208 0.339203
21347 1444995709.925082 -3.075012 -25.462372 -139.476227 0.554901 -3.649292 0.340942
21348 1444995709.935158 -3.037964 -25.462372 -139.366791 0.554901 -3.649292 0.338043
21349 1444995709.945240 -3.112061 -25.419434 -139.366791 0.555786 -3.647461 0.338623
21350 1444995709.955295 -2.926819 -25.50531 -139.530945 0.554016 -3.646545 0.339203
21351 1444995709.965359 -3.037964 -25.548248 -139.585663 0.554016 -3.647461 0.336884
21352 1444995709.975439 -3.075012 -25.50531 -139.476227 0.554016 -3.647461 0.337463
21353 1444995709.985499 -2.963867 -25.419434 -139.530945 0.554901 -3.649292 0.339203
21354 1444995709.995592 -3.075012 -25.50531 -139.476227 0.554901 -3.651123 0.339203
21355 1444995710.005656 -3.000916 -25.419434 -139.421509 0.556671 -3.650208 0.340363
21356 1444995710.015720 -3.000916 -25.548248 -139.476227 0.553131 -3.648376 0.337463
21357 1444995710.025780 -3.075012 -25.591187 -139.585663 0.554016 -3.647461 0.338043
21358 1444995710.035842 -3.000916 -25.50531 -139.640381 0.554016 -3.647461 0.338623
21359 1444995710.045922 -3.037964 -25.50531 -139.530945 0.554016 -3.647461 0.338623
21360 1444995710.056002 -3.149109 -25.50531 -139.585663 0.554016 -3.647461 0.336884
21361 1444995710.066064 -3.037964 -25.462372 -139.421509 0.554901 -3.649292 0.339203
21362 1444995710.076129 -3.112061 -25.50531 -139.421509 0.554901 -3.651123 0.342682
21363 1444995710.086202 -2.963867 -25.50531 -139.421509 0.554016 -3.649292 0.340363
21364 1444995710.096262 -2.963867 -25.50531 -139.421509 0.554016 -3.649292 0.340942
21365 1444995710.106331 -3.037964 -25.50531 -139.476227 0.554016 -3.646545 0.340363
21366 1444995710.116395 -3.186157 -25.548248 -139.421509 0.553131 -3.648376 0.340363
21367 1444995710.126461 -3.112061 -25.50531 -139.476227 0.555786 -3.650208 0.339783
21368 1444995710.136524 -3.149109 -25.419434 -139.530945 0.554901 -3.648376 0.335144
21369 1444995710.146587 -3.075012 -25.462372 -139.585663 0.554016 -3.649292 0.334564
21370 1444995710.156650 -3.000916 -25.462372 -139.530945 0.554016 -3.647461 0.338623
21371 1444995710.166712 -3.112061 -25.50531 -139.476227 0.554901 -3.648376 0.336304
21372 1444995710.176775 -3.149109 -25.419434 -139.476227 0.554016 -3.647461 0.333405
21373 1444995710.186838 -3.149109 -25.419434 -139.530945 0.555786 -3.647461 0.334564
21374 1444995710.196901 -3.000916 -25.50531 -139.530945 0.553131 -3.647461 0.336884
21375 1444995710.206964 -3.000916 -25.548248 -139.695099 0.554901 -3.648376 0.335724
21376 1444995710.217035 -3.037964 -25.290619 -139.530945 0.557556 -3.649292 0.335724
21377 1444995710.227096 -3.149109 -25.462372 -139.421509 0.554016 -3.646545 0.337463
21378 1444995710.237159 -3.037964 -25.462372 -139.421509 0.554901 -3.649292 0.339203
21379 1444995710.247223 -3.223206 -25.548248 -139.476227 0.554016 -3.646545 0.340363
21380 1444995710.257288 -3.037964 -25.591187 -139.366791 0.553131 -3.649292 0.340942
21381 1444995710.267350 -3.075012 -25.548248 -139.421509 0.554016 -3.651123 0.338623
21382 1444995710.277412 -3.075012 -25.419434 -139.476227 0.555786 -3.648376 0.337463
21383 1444995710.287499 -3.000916 -25.50531 -139.640381 0.555786 -3.647461 0.336884
21384 1444995710.297536 -3.112061 -25.419434 -139.585663 0.555786 -3.64563 0.339203
21385 1444995710.307598 -3.037964 -25.419434 -139.640381 0.554016 -3.64563 0.337463
21386 1444995710.317661 -3.149109 -25.50531 -139.476227 0.554901 -3.650208 0.338623
21387 1444995710.327725 -3.037964 -25.50531 -139.585663 0.552246 -3.648376 0.336304
21388 1444995710.337788 -3.000916 -25.419434 -139.476227 0.554016 -3.651123 0.338623
21389 1444995710.347850 -3.075012 -25.462372 -139.530945 0.554901 -3.64563 0.336884
21390 1444995710.357912 -3.000916 -25.462372 -139.530945 0.553131 -3.649292 0.337463
21391 1444995710.368000 -3.037964 -25.462372 -139.366791 0.554016 -3.649292 0.340363
21392 1444995710.378062 -2.963867 -25.548248 -139.312073 0.554901 -3.650208 0.337463
21393 1444995710.388124 -3.037964 -25.548248 -139.530945 0.554901 -3.652039 0.338043
21394 1444995710.398187 -3.075012 -25.548248 -139.530945 0.554016 -3.651123 0.336884
21395 1444995710.408246 -3.000916 -25.50531 -139.585663 0.554016 -3.650208 0.338623
21396 1444995710.418308 -3.112061 -25.548248 -139.640381 0.554016 -3.648376 0.335724
21397 1444995710.428371 -3.149109 -25.462372 -139.640381 0.554901 -3.649292 0.335724
21398 1444995710.438449 -3.149109 -25.548248 -139.530945 0.553131 -3.646545 0.336304
21399 1444995710.448513 -3.037964 -25.419434 -139.476227 0.554016 -3.648376 0.338623
21400 1444995710.458576 -3.000916 -25.462372 -139.366791 0.554016 -3.651123 0.338623
21401 1444995710.468639 -3.112061 -25.548248 -139.530945 0.554016 -3.651123 0.335724
21402 1444995710.478721 -3.000916 -25.419434 -139.530945 0.554016 -3.650208 0.340363
21403 1444995710.488955 -3.112061 -25.50531 -139.476227 0.555786 -3.651123 0.338623
21404 1444995710.499050 -3.075012 -25.376495 -139.585663 0.554901 -3.647461 0.335724
21405 1444995710.509111 -3.075012 -25.462372 -139.421509 0.554901 -3.648376 0.340363
21406 1444995710.519176 -3.000916 -25.462372 -139.530945 0.553131 -3.648376 0.337463
21407 1444995710.529243 -3.075012 -25.462372 -139.476227 0.554901 -3.646545 0.338623
21408 1444995710.539293 -2.815674 -25.462372 -139.695099 0.554901 -3.647461 0.340942
21409 1444995710.549828 -3.037964 -25.333557 -139.421509 0.554901 -3.651123 0.338623
21410 1444995710.559902 -3.037964 -25.419434 -139.530945 0.554901 -3.649292 0.336884
21411 1444995710.569992 -3.186157 -25.419434 -139.421509 0.554016 -3.651123 0.336304
21412 1444995710.580053 -3.037964 -25.419434 -139.640381 0.554901 -3.651123 0.336304
21413 1444995710.590123 -3.075012 -25.548248 -139.530945 0.554901 -3.65387 0.340942
21414 1444995710.600185 -3.075012 -25.462372 -139.585663 0.555786 -3.651123 0.337463
21415 1444995710.610280 -2.963867 -25.419434 -139.530945 0.554901 -3.650208 0.335724
21416 1444995710.620323 -3.075012 -25.462372 -139.530945 0.554016 -3.647461 0.338043
21417 1444995710.630386 -2.963867 -25.50531 -139.530945 0.553131 -3.648376 0.339203
21418 1444995710.640470 -3.000916 -25.419434 -139.585663 0.554016 -3.647461 0.339203
21419 1444995710.650532 -3.075012 -25.419434 -139.366791 0.554016 -3.65387 0.336304
21420 1444995710.660599 -2.852722 -25.50531 -139.476227 0.554901 -3.649292 0.338623
21421 1444995710.670667 -3.149109 -25.50531 -139.476227 0.554016 -3.650208 0.338623
21422 1444995710.680728 -3.000916 -25.50531 -139.476227 0.554016 -3.649292 0.340363
21423 1444995710.690813 -3.037964 -25.462372 -139.476227 0.555786 -3.649292 0.339203
21424 1444995710.700899 -2.963867 -25.462372 -139.366791 0.554901 -3.650208 0.340363
21425 1444995710.710995 -3.075012 -25.462372 -139.476227 0.554016 -3.649292 0.336304
21426 1444995710.721014 -2.963867 -25.462372 -139.476227 0.555786 -3.652039 0.338043
21427 1444995710.731091 -3.037964 -25.462372 -139.530945 0.553131 -3.652039 0.336884
21428 1444995710.741142 -3.112061 -25.462372 -139.530945 0.554901 -3.651123 0.338043
21429 1444995710.751208 -2.926819 -25.419434 -139.366791 0.553131 -3.652039 0.338043
21430 1444995710.761270 -3.075012 -25.419434 -139.312073 0.554901 -3.650208 0.338623
21431 1444995710.771331 -2.963867 -25.462372 -139.530945 0.554016 -3.648376 0.338623
21432 1444995710.781394 -3.075012 -25.419434 -139.421509 0.554901 -3.652954 0.335144
21433 1444995710.791499 -3.075012 -25.462372 -139.421509 0.554016 -3.648376 0.340363
21434 1444995710.801563 -3.075012 -25.50531 -139.530945 0.554016 -3.652039 0.339203
21435 1444995710.811625 -3.075012 -25.462372 -139.640381 0.554901 -3.650208 0.333984
21436 1444995710.821687 -3.149109 -25.591187 -139.530945 0.554901 -3.648376 0.336304
21437 1444995710.831748 -3.000916 -25.50531 -139.585663 0.553131 -3.648376 0.338623
21438 1444995710.841825 -2.963867 -25.50531 -139.530945 0.554901 -3.648376 0.335724
21439 1444995710.851887 -3.186157 -25.50531 -139.585663 0.553131 -3.648376 0.333405
21440 1444995710.862008 -2.963867 -25.50531 -139.530945 0.554016 -3.648376 0.338623
21441 1444995710.872070 -3.037964 -25.376495 -139.476227 0.554901 -3.651123 0.336884
21442 1444995710.882131 -3.149109 -25.462372 -139.530945 0.554901 -3.649292 0.335724
21443 1444995710.892193 -3.149109 -25.462372 -139.476227 0.554016 -3.652039 0.338043
21444 1444995710.902274 -3.037964 -25.462372 -139.640381 0.554016 -3.654785 0.338043
21445 1444995710.912335 -3.112061 -25.419434 -139.640381 0.554016 -3.650208 0.335144
21446 1444995710.922395 -3.075012 -25.50531 -139.585663 0.554016 -3.649292 0.335724
21447 1444995710.932456 -3.112061 -25.419434 -139.421509 0.554901 -3.650208 0.335724
21448 1444995710.942510 -2.963867 -25.462372 -139.530945 0.554901 -3.649292 0.335144
21449 1444995710.952571 -3.037964 -25.419434 -139.530945 0.554016 -3.649292 0.338043
21450 1444995710.962636 -3.075012 -25.548248 -139.476227 0.554016 -3.649292 0.337463
21451 1444995710.972701 -2.963867 -25.376495 -139.421509 0.554016 -3.648376 0.338043
21452 1444995710.982768 -3.075012 -25.50531 -139.585663 0.554016 -3.651123 0.333984
21453 1444995710.992793 -2.963867 -25.548248 -139.585663 0.554016 -3.650208 0.338043
21454 1444995711.002856 -3.112061 -25.548248 -139.476227 0.553131 -3.649292 0.336884
21455 1444995711.012924 -3.075012 -25.548248 -139.585663 0.552246 -3.643799 0.335144
21456 1444995711.022993 -2.926819 -25.462372 -139.640381 0.554901 -3.64563 0.334564
21457 1444995711.033056 -3.000916 -25.50531 -139.640381 0.553131 -3.646545 0.334564
21458 1444995711.043124 -3.075012 -25.50531 -139.530945 0.554016 -3.652039 0.336884
21459 1444995711.053183 -3.112061 -25.548248 -139.530945 0.554016 -3.652039 0.335144
21460 1444995711.063423 -2.889771 -25.591187 -139.476227 0.554016 -3.646545 0.338043
21461 1444995711.073485 -2.963867 -25.548248 -139.530945 0.554016 -3.647461 0.337463
21462 1444995711.083549 -2.926819 -25.462372 -139.585663 0.554901 -3.649292 0.339203
21463 1444995711.093665 -3.000916 -25.50531 -139.476227 0.553131 -3.649292 0.337463
21464 1444995711.103745 -3.000916 -25.591187 -139.421509 0.552246 -3.651123 0.334564
21465 1444995711.113875 -3.037964 -25.462372 -139.530945 0.554901 -3.650208 0.337463
21466 1444995711.124268 -2.926819 -25.548248 -139.640381 0.551361 -3.650208 0.338623
21467 1444995711.134557 -3.149109 -25.50531 -139.421509 0.554016 -3.648376 0.336304
21468 1444995711.144841 -3.000916 -25.50531 -139.640381 0.554016 -3.649292 0.337463
21469 1444995711.154933 -2.963867 -25.376495 -139.585663 0.553131 -3.652954 0.338043
21470 1444995711.164996 -2.926819 -25.634125 -139.476227 0.554901 -3.652954 0.337463
21471 1444995711.175057 -2.963867 -25.50531 -139.530945 0.555786 -3.651123 0.335144
21472 1444995711.185148 -3.037964 -25.419434 -139.476227 0.554901 -3.651123 0.338043
21473 1444995711.195211 -2.963867 -25.50531 -139.476227 0.554016 -3.649292 0.338623
21474 1444995711.205240 -3.075012 -25.591187 -139.530945 0.553131 -3.650208 0.339203
21475 1444995711.215324 -3.223206 -25.376495 -139.530945 0.554901 -3.652039 0.332825
21476 1444995711.225385 -3.149109 -25.50531 -139.530945 0.554016 -3.651123 0.338623
21477 1444995711.235483 -2.963867 -25.548248 -139.640381 0.553131 -3.652039 0.336884
21478 1444995711.245547 -3.037964 -25.50531 -139.476227 0.554016 -3.646545 0.335144
21479 1444995711.255672 -2.889771 -25.419434 -139.421509 0.554016 -3.646545 0.336884
21480 1444995711.265712 -3.000916 -25.419434 -139.476227 0.554901 -3.650208 0.337463
21481 1444995711.275774 -3.075012 -25.50531 -139.476227 0.553131 -3.650208 0.334564
21482 1444995711.285875 -3.037964 -25.376495 -139.530945 0.555786 -3.654785 0.336884
21483 1444995711.295939 -2.963867 -25.50531 -139.530945 0.555786 -3.652954 0.335724
21484 1444995711.305990 -3.037964 -25.462372 -139.530945 0.554901 -3.649292 0.341522
21485 1444995711.316052 -2.926819 -25.548248 -139.585663 0.554016 -3.650208 0.338623
21486 1444995711.326113 -3.075012 -25.548248 -139.476227 0.554016 -3.651123 0.342102
21487 1444995711.336175 -2.926819 -25.50531 -139.476227 0.554901 -3.651123 0.339783
21488 1444995711.346236 -3.186157 -25.462372 -139.530945 0.554901 -3.650208 0.333405
21489 1444995711.356299 -3.149109 -25.591187 -139.695099 0.554016 -3.651123 0.335724
21490 1444995711.366360 -3.149109 -25.419434 -139.585663 0.554016 -3.650208 0.339203
21491 1444995711.376424 -3.223206 -25.548248 -139.530945 0.554901 -3.651123 0.338043
21492 1444995711.386538 -3.037964 -25.376495 -139.476227 0.554016 -3.652039 0.337463
21493 1444995711.396600 -3.149109 -25.50531 -139.530945 0.554901 -3.649292 0.333984
21494 1444995711.406660 -3.149109 -25.376495 -139.476227 0.553131 -3.651123 0.333405
21495 1444995711.416721 -3.037964 -25.462372 -139.585663 0.554901 -3.654785 0.335144
21496 1444995711.426780 -3.112061 -25.548248 -139.585663 0.553131 -3.652954 0.334564
21497 1444995711.436846 -3.075012 -25.462372 -139.585663 0.554016 -3.651123 0.335724
21498 1444995711.446910 -3.037964 -25.50531 -139.366791 0.552246 -3.652954 0.337463
21499 1444995711.456976 -3.037964 -25.591187 -139.421509 0.553131 -3.655701 0.335724
21500 1444995711.467036 -3.075012 -25.462372 -139.366791 0.554016 -3.650208 0.337463
21501 1444995711.477096 -3.037964 -25.376495 -139.476227 0.555786 -3.652954 0.339783
21502 1444995711.487157 -2.963867 -25.50531 -139.421509 0.552246 -3.652039 0.340363
21503 1444995711.497220 -3.075012 -25.50531 -139.530945 0.554016 -3.65387 0.335724
21504 1444995711.507303 -3.000916 -25.462372 -139.421509 0.554901 -3.652039 0.337463
21505 1444995711.517404 -3.075012 -25.50531 -139.585663 0.553131 -3.654785 0.333984
21506 1444995711.527467 -3.000916 -25.419434 -139.585663 0.553131 -3.656616 0.333405
21507 1444995711.537513 -3.075012 -25.50531 -139.476227 0.554016 -3.650208 0.336884
21508 1444995711.547588 -3.037964 -25.591187 -139.421509 0.554016 -3.650208 0.339783
21509 1444995711.557669 -3.112061 -25.548248 -139.530945 0.554016 -3.651123 0.335724
21510 1444995711.567730 -3.075012 -25.50531 -139.476227 0.553131 -3.652954 0.336884
21511 1444995711.577792 -3.000916 -25.419434 -139.640381 0.554901 -3.652954 0.337463
21512 1444995711.587901 -2.963867 -25.50531 -139.585663 0.553131 -3.655701 0.336884
21513 1444995711.597982 -3.186157 -25.591187 -139.530945 0.553131 -3.651123 0.333405
21514 1444995711.608045 -2.963867 -25.50531 -139.476227 0.552246 -3.652039 0.338623
21515 1444995711.618106 -3.037964 -25.50531 -139.585663 0.554016 -3.652954 0.336884
21516 1444995711.628169 -3.112061 -25.419434 -139.804535 0.554016 -3.655701 0.333984
21517 1444995711.638231 -3.075012 -25.419434 -139.530945 0.554901 -3.654785 0.335144
21518 1444995711.648284 -3.112061 -25.50531 -139.530945 0.554901 -3.654785 0.335724
21519 1444995711.658367 -3.075012 -25.419434 -139.421509 0.554901 -3.65387 0.336884
21520 1444995711.668424 -3.075012 -25.50531 -139.421509 0.554016 -3.652039 0.335144
21521 1444995711.678503 -3.000916 -25.548248 -139.585663 0.553131 -3.652039 0.336304
21522 1444995711.688564 -3.075012 -25.419434 -139.585663 0.554901 -3.652039 0.336884
21523 1444995711.698665 -3.075012 -25.548248 -139.312073 0.553131 -3.652039 0.336304
21524 1444995711.708793 -2.963867 -25.462372 -139.530945 0.553131 -3.652039 0.339783
21525 1444995711.718856 -2.963867 -25.462372 -139.585663 0.554901 -3.652039 0.335724
21526 1444995711.728925 -3.075012 -25.548248 -139.530945 0.553131 -3.652954 0.340942
21527 1444995711.738991 -2.926819 -25.462372 -139.530945 0.554016 -3.652954 0.338623
21528 1444995711.749053 -3.000916 -25.50531 -139.530945 0.554016 -3.652954 0.333984
21529 1444995711.759118 -3.000916 -25.50531 -139.476227 0.554016 -3.654785 0.340942
21530 1444995711.769179 -2.926819 -25.419434 -139.476227 0.552246 -3.65387 0.335724
21531 1444995711.779223 -3.037964 -25.50531 -139.585663 0.552246 -3.654785 0.333405
21532 1444995711.789284 -3.149109 -25.462372 -139.585663 0.554016 -3.654785 0.333405
21533 1444995711.799346 -3.149109 -25.548248 -139.421509 0.554901 -3.655701 0.336304
21534 1444995711.809428 -2.963867 -25.462372 -139.421509 0.553131 -3.652954 0.336884
21535 1444995711.819491 -3.075012 -25.462372 -139.476227 0.554016 -3.652954 0.335724
21536 1444995711.829556 -3.037964 -25.419434 -139.585663 0.553131 -3.652954 0.335144
21537 1444995711.839619 -3.000916 -25.50531 -139.585663 0.554016 -3.654785 0.336884
21538 1444995711.849694 -3.112061 -25.333557 -139.530945 0.554016 -3.652039 0.338623
21539 1444995711.859774 -3.112061 -25.591187 -139.476227 0.554016 -3.649292 0.336304
21540 1444995711.869838 -2.963867 -25.548248 -139.585663 0.552246 -3.650208 0.336884
21541 1444995711.879899 -3.037964 -25.50531 -139.366791 0.553131 -3.65387 0.342102
21542 1444995711.889971 -2.926819 -25.419434 -139.476227 0.554901 -3.652954 0.339203
21543 1444995711.900033 -3.037964 -25.462372 -139.476227 0.554016 -3.652039 0.336304
21544 1444995711.910095 -3.000916 -25.462372 -139.530945 0.552246 -3.649292 0.338043
21545 1444995711.920154 -3.149109 -25.548248 -139.476227 0.553131 -3.652039 0.338043
21546 1444995711.930216 -3.000916 -25.419434 -139.530945 0.553131 -3.651123 0.336884
21547 1444995711.940292 -2.963867 -25.419434 -139.530945 0.553131 -3.652954 0.336304
21548 1444995711.950379 -3.000916 -25.50531 -139.476227 0.554901 -3.652954 0.339783
21549 1444995711.960442 -3.075012 -25.462372 -139.585663 0.553131 -3.652039 0.337463
21550 1444995711.970504 -3.037964 -25.591187 -139.530945 0.553131 -3.65387 0.336884
21551 1444995711.980565 -3.037964 -25.462372 -139.476227 0.554901 -3.652954 0.338623
21552 1444995711.990630 -3.000916 -25.50531 -139.530945 0.554016 -3.651123 0.342102
21553 1444995712.000692 -3.037964 -25.419434 -139.530945 0.554016 -3.65387 0.339203
21554 1444995712.010716 -3.075012 -25.419434 -139.476227 0.554016 -3.650208 0.338623
21555 1444995712.020784 -2.963867 -25.50531 -139.476227 0.553131 -3.650208 0.339203
21556 1444995712.030861 -3.037964 -25.548248 -139.476227 0.553131 -3.647461 0.336304
21557 1444995712.040946 -3.112061 -25.376495 -139.530945 0.554016 -3.655701 0.336884
21558 1444995712.051008 -3.000916 -25.462372 -139.585663 0.554016 -3.651123 0.337463
21559 1444995712.061070 -3.037964 -25.376495 -139.366791 0.554901 -3.65387 0.335724
21560 1444995712.071132 -3.112061 -25.548248 -139.366791 0.554901 -3.652954 0.335724
21561 1444995712.081192 -3.037964 -25.462372 -139.421509 0.554016 -3.652954 0.336304
21562 1444995712.091254 -3.186157 -25.50531 -139.476227 0.553131 -3.652954 0.335144
21563 1444995712.101316 -3.112061 -25.462372 -139.366791 0.554901 -3.652039 0.337463
21564 1444995712.111372 -3.037964 -25.50531 -139.421509 0.554901 -3.654785 0.338043
21565 1444995712.121433 -3.075012 -25.548248 -139.585663 0.553131 -3.650208 0.336304
21566 1444995712.131496 -3.037964 -25.419434 -139.476227 0.554901 -3.652954 0.341522
21567 1444995712.141562 -3.112061 -25.419434 -139.366791 0.554901 -3.655701 0.338623
21568 1444995712.151624 -3.037964 -25.591187 -139.585663 0.553131 -3.652954 0.338623
21569 1444995712.161680 -2.963867 -25.548248 -139.476227 0.553131 -3.654785 0.343262
21570 1444995712.171742 -2.926819 -25.634125 -139.366791 0.553131 -3.647461 0.342102
21571 1444995712.181802 -2.852722 -25.591187 -139.366791 0.553131 -3.651123 0.340942
21572 1444995712.191864 -3.112061 -25.376495 -139.421509 0.553131 -3.652039 0.336304
21573 1444995712.201927 -3.112061 -25.462372 -139.585663 0.554901 -3.654785 0.336884
21574 1444995712.211989 -2.963867 -25.50531 -139.476227 0.553131 -3.65387 0.338623
21575 1444995712.222051 -3.037964 -25.462372 -139.476227 0.553131 -3.655701 0.338043
21576 1444995712.232113 -3.149109 -25.462372 -139.421509 0.554016 -3.652954 0.338043
21577 1444995712.242176 -2.963867 -25.50531 -139.366791 0.552246 -3.651123 0.338623
21578 1444995712.252237 -3.000916 -25.548248 -139.421509 0.552246 -3.65387 0.340942
21579 1444995712.262298 -3.149109 -25.548248 -139.476227 0.553131 -3.65387 0.339783
21580 1444995712.272378 -3.037964 -25.50531 -139.476227 0.553131 -3.652039 0.338623
21581 1444995712.282442 -3.075012 -25.462372 -139.476227 0.554901 -3.652039 0.336884
21582 1444995712.292506 -3.149109 -25.50531 -139.530945 0.554016 -3.651123 0.336884
21583 1444995712.302568 -3.000916 -25.333557 -139.530945 0.553131 -3.654785 0.338623
21584 1444995712.312629 -3.075012 -25.419434 -139.585663 0.554016 -3.65387 0.336304
21585 1444995712.322692 -3.112061 -25.462372 -139.476227 0.554016 -3.656616 0.338043
21586 1444995712.332755 -3.000916 -25.419434 -139.476227 0.553131 -3.655701 0.339783
21587 1444995712.342817 -3.000916 -25.50531 -139.640381 0.553131 -3.657532 0.337463
21588 1444995712.352880 -2.963867 -25.462372 -139.421509 0.554016 -3.654785 0.338623
21589 1444995712.362942 -3.149109 -25.548248 -139.530945 0.554016 -3.654785 0.342682
21590 1444995712.373004 -3.000916 -25.50531 -139.585663 0.554016 -3.65387 0.341522
21591 1444995712.383065 -3.037964 -25.462372 -139.476227 0.554016 -3.656616 0.342102
21592 1444995712.393128 -2.926819 -25.419434 -139.476227 0.554016 -3.655701 0.344421
21593 1444995712.403192 -3.000916 -25.548248 -139.530945 0.552246 -3.655701 0.338043
21594 1444995712.413254 -3.149109 -25.50531 -139.476227 0.553131 -3.656616 0.337463
21595 1444995712.423315 -2.889771 -25.419434 -139.585663 0.554016 -3.654785 0.337463
21596 1444995712.433379 -3.149109 -25.462372 -139.585663 0.554901 -3.655701 0.338043
21597 1444995712.443449 -3.000916 -25.419434 -139.476227 0.554016 -3.655701 0.338623
21598 1444995712.453510 -3.075012 -25.50531 -139.421509 0.553131 -3.658447 0.335724
21599 1444995712.463572 -3.075012 -25.419434 -139.585663 0.554901 -3.656616 0.337463
21600 1444995712.473634 -3.000916 -25.419434 -139.585663 0.553131 -3.657532 0.338043
21601 1444995712.483697 -3.037964 -25.462372 -139.585663 0.555786 -3.657532 0.336304
21602 1444995712.493774 -3.186157 -25.462372 -139.366791 0.554016 -3.655701 0.337463
21603 1444995712.503881 -3.000916 -25.419434 -139.366791 0.554901 -3.657532 0.338043
21604 1444995712.513952 -3.037964 -25.50531 -139.476227 0.553131 -3.656616 0.340363
21605 1444995712.524024 -3.075012 -25.50531 -139.476227 0.554016 -3.655701 0.336884
21606 1444995712.534096 -3.037964 -25.462372 -139.476227 0.554901 -3.657532 0.339783
21607 1444995712.544222 -3.000916 -25.376495 -139.421509 0.554901 -3.658447 0.337463
21608 1444995712.554342 -2.926819 -25.376495 -139.421509 0.553131 -3.657532 0.338043
21609 1444995712.564441 -3.149109 -25.591187 -139.530945 0.553131 -3.656616 0.335144
21610 1444995712.574506 -2.926819 -25.50531 -139.530945 0.554901 -3.65387 0.339783
21611 1444995712.584590 -2.963867 -25.50531 -139.421509 0.554901 -3.652954 0.342682
21612 1444995712.594652 -3.112061 -25.50531 -139.421509 0.554901 -3.654785 0.339783
21613 1444995712.604715 -2.963867 -25.548248 -139.476227 0.553131 -3.655701 0.342102
21614 1444995712.614777 -3.000916 -25.50531 -139.366791 0.553131 -3.654785 0.339783
21615 1444995712.624840 -3.075012 -25.462372 -139.421509 0.553131 -3.657532 0.338043
21616 1444995712.634922 -3.037964 -25.376495 -139.530945 0.553131 -3.655701 0.338623
21617 1444995712.644985 -2.963867 -25.419434 -139.421509 0.554901 -3.657532 0.336884
21618 1444995712.655046 -3.000916 -25.462372 -139.476227 0.553131 -3.657532 0.338043
21619 1444995712.665110 -3.075012 -25.50531 -139.530945 0.553131 -3.65387 0.336884
21620 1444995712.675126 -2.926819 -25.50531 -139.476227 0.552246 -3.65387 0.337463
21621 1444995712.685189 -2.963867 -25.462372 -139.530945 0.554901 -3.652954 0.339783
21622 1444995712.695321 -3.075012 -25.462372 -139.476227 0.553131 -3.655701 0.336884
21623 1444995712.705416 -2.926819 -25.50531 -139.421509 0.554016 -3.655701 0.336304
21624 1444995712.715440 -3.037964 -25.462372 -139.476227 0.552246 -3.65387 0.338043
21625 1444995712.725503 -3.075012 -25.462372 -139.421509 0.553131 -3.655701 0.337463
21626 1444995712.735555 -2.963867 -25.50531 -139.585663 0.554016 -3.655701 0.336304
21627 1444995712.745618 -3.037964 -25.462372 -139.530945 0.553131 -3.655701 0.335724
21628 1444995712.755681 -2.926819 -25.462372 -139.585663 0.553131 -3.65387 0.339783
21629 1444995712.765741 -3.149109 -25.419434 -139.476227 0.554016 -3.65387 0.337463
21630 1444995712.775802 -3.075012 -25.419434 -139.476227 0.554016 -3.65387 0.335144
21631 1444995712.785864 -3.037964 -25.50531 -139.530945 0.552246 -3.655701 0.338623
21632 1444995712.795927 -3.112061 -25.50531 -139.585663 0.553131 -3.652954 0.338043
21633 1444995712.805989 -3.075012 -25.548248 -139.585663 0.553131 -3.65387 0.338043
21634 1444995712.816051 -2.926819 -25.50531 -139.476227 0.553131 -3.654785 0.337463
21635 1444995712.826112 -3.075012 -25.50531 -139.366791 0.553131 -3.65387 0.340942
21636 1444995712.836610 -3.112061 -25.50531 -139.421509 0.554016 -3.652039 0.337463
21637 1444995712.846720 -3.075012 -25.376495 -139.476227 0.553131 -3.655701 0.338623
21638 1444995712.856780 -3.037964 -25.419434 -139.476227 0.553131 -3.652039 0.336884
21639 1444995712.866839 -3.000916 -25.50531 -139.366791 0.554016 -3.651123 0.339203
21640 1444995712.876909 -3.000916 -25.50531 -139.421509 0.554016 -3.652039 0.336304
21641 1444995712.887040 -3.149109 -25.50531 -139.530945 0.555786 -3.656616 0.336884
21642 1444995712.897100 -3.075012 -25.548248 -139.476227 0.554016 -3.655701 0.337463
21643 1444995712.907159 -3.000916 -25.462372 -139.421509 0.554901 -3.65387 0.338043
21644 1444995712.917221 -2.963867 -25.376495 -139.421509 0.554016 -3.652954 0.333405
21645 1444995712.927313 -3.075012 -25.419434 -139.366791 0.554016 -3.65387 0.335724
21646 1444995712.937375 -3.260254 -25.376495 -139.312073 0.553131 -3.652954 0.336884
21647 1444995712.947436 -3.000916 -25.376495 -139.421509 0.554901 -3.652954 0.338043
21648 1444995712.957497 -3.075012 -25.462372 -139.530945 0.554016 -3.652039 0.335724
21649 1444995712.967559 -3.112061 -25.333557 -139.476227 0.553131 -3.652039 0.335144
21650 1444995712.977620 -3.149109 -25.462372 -139.312073 0.553131 -3.655701 0.336884
21651 1444995712.987682 -2.963867 -25.50531 -139.530945 0.552246 -3.656616 0.337463
21652 1444995712.997698 -3.037964 -25.419434 -139.530945 0.554016 -3.652954 0.337463
21653 1444995713.007759 -2.926819 -25.462372 -139.585663 0.554016 -3.652954 0.336884
21654 1444995713.017820 -3.075012 -25.376495 -139.421509 0.554016 -3.652954 0.338043
21655 1444995713.027883 -3.037964 -25.462372 -139.366791 0.553131 -3.654785 0.333984
21656 1444995713.037945 -3.075012 -25.462372 -139.476227 0.553131 -3.652954 0.338623
21657 1444995713.048002 -2.963867 -25.462372 -139.421509 0.553131 -3.652954 0.338043
21658 1444995713.058063 -3.037964 -25.50531 -139.585663 0.551361 -3.651123 0.337463
21659 1444995713.068126 -3.037964 -25.50531 -139.585663 0.553131 -3.652039 0.338623
21660 1444995713.078186 -3.149109 -25.462372 -139.476227 0.554016 -3.655701 0.336304
21661 1444995713.088259 -3.075012 -25.419434 -139.585663 0.551361 -3.656616 0.335724
21662 1444995713.098318 -3.037964 -25.548248 -139.640381 0.552246 -3.654785 0.333984
21663 1444995713.108382 -3.112061 -25.462372 -139.585663 0.554016 -3.65387 0.335724
21664 1444995713.118444 -3.112061 -25.548248 -139.421509 0.554016 -3.65387 0.336304
21665 1444995713.128504 -3.112061 -25.419434 -139.421509 0.554901 -3.65387 0.336884
21666 1444995713.138538 -3.075012 -25.591187 -139.421509 0.553131 -3.654785 0.336884
21667 1444995713.148607 -3.186157 -25.548248 -139.530945 0.554016 -3.654785 0.334564
21668 1444995713.158747 -3.075012 -25.50531 -139.530945 0.553131 -3.652954 0.337463
