7403 1444991608.203147 -17.965668 -14.410217 -132.219299 -0.376526 4.223145 -1.953461
7404 1444991608.213166 -17.764709 -14.669861 -132.219299 -0.38031 4.218414 -1.944183
7405 1444991608.223227 -17.724518 -14.540039 -131.993958 -0.376526 4.216522 -1.945343
7406 1444991608.233288 -18.005859 -14.496765 -131.937622 -0.372742 4.225983 -1.949982
7407 1444991608.243354 -17.885284 -14.496765 -131.993958 -0.369904 4.223145 -1.949402
7408 1444991608.253448 -17.724518 -14.453491 -131.71228 -0.368958 4.221252 -1.939545
7409 1444991608.263510 -17.764709 -14.453491 -131.937622 -0.368011 4.223145 -1.941284
7410 1444991608.273571 -17.925476 -14.496765 -131.486938 -0.365173 4.224091 -1.943604
7411 1444991608.283619 -17.804901 -14.496765 -131.824951 -0.368958 4.223145 -1.940704
7412 1444991608.293685 -17.845093 -14.583313 -131.937622 -0.371796 4.221252 -1.937805
7413 1444991608.303746 -17.925476 -14.626587 -131.71228 -0.372742 4.225983 -1.937225
7414 1444991608.313808 -17.885284 -14.540039 -132.106628 -0.374634 4.227875 -1.933167
7415 1444991608.323870 -17.764709 -14.453491 -132.162964 -0.373688 4.221252 -1.945923
7416 1444991608.333931 -17.845093 -14.583313 -132.219299 -0.378418 4.227875 -1.937225
7417 1444991608.343994 -17.764709 -14.583313 -132.162964 -0.378418 4.224091 -1.941284
7418 1444991608.354136 -17.764709 -14.626587 -132.33197 -0.381256 4.21936 -1.944183
7419 1444991608.364145 -17.885284 -14.626587 -132.388306 -0.38031 4.225983 -1.936646
7420 1444991608.374207 -17.885284 -14.496765 -132.162964 -0.376526 4.225037 -1.945343
7421 1444991608.384296 -18.005859 -14.540039 -132.444641 -0.378418 4.225037 -1.943604
7422 1444991608.394347 -17.845093 -14.453491 -132.162964 -0.373688 4.222198 -1.9552
7423 1444991608.404408 -17.845093 -14.540039 -132.162964 -0.37558 4.222198 -1.949402
7424 1444991608.414486 -17.925476 -14.540039 -132.106628 -0.373688 4.226929 -1.948822
7425 1444991608.424548 -17.764709 -14.453491 -131.881287 -0.371796 4.224091 -1.943024
7426 1444991608.434612 -17.724518 -14.540039 -131.881287 -0.373688 4.223145 -1.937805
7427 1444991608.444674 -17.724518 -14.540039 -131.768616 -0.368958 4.227875 -1.943604
7428 1444991608.454737 -17.804901 -14.453491 -131.430603 -0.366119 4.227875 -1.942444
7429 1444991608.464806 -17.644135 -14.410217 -131.71228 -0.368958 4.221252 -1.930847
7430 1444991608.474848 -17.925476 -14.540039 -131.543274 -0.368011 4.227875 -1.936066
7431 1444991608.484909 -17.845093 -14.496765 -131.486938 -0.367065 4.227875 -1.949982
7432 1444991608.494973 -17.845093 -14.496765 -132.050293 -0.372742 4.226929 -1.928528
7433 1444991608.505037 -17.885284 -14.496765 -131.71228 -0.373688 4.225983 -1.938965
7434 1444991608.515124 -17.804901 -14.496765 -132.162964 -0.37558 4.226929 -1.938965
7435 1444991608.525185 -17.925476 -14.453491 -132.33197 -0.379364 4.224091 -1.934906
7436 1444991608.535262 -17.804901 -14.496765 -132.162964 -0.378418 4.224091 -1.943604
7437 1444991608.545324 -17.925476 -14.669861 -132.275635 -0.382202 4.226929 -1.939545
7438 1444991608.555425 -17.804901 -14.626587 -132.444641 -0.382202 4.223145 -1.936646
7439 1444991608.565494 -18.005859 -14.583313 -132.275635 -0.379364 4.228821 -1.949982
7440 1444991608.575557 -17.684326 -14.626587 -132.388306 -0.38031 4.221252 -1.936066
7441 1444991608.585636 -17.644135 -14.410217 -132.162964 -0.37558 4.220306 -1.945343
7442 1444991608.595746 -17.885284 -14.583313 -132.050293 -0.37558 4.223145 -1.938385
7443 1444991608.605815 -17.885284 -14.540039 -131.937622 -0.373688 4.223145 -1.946503
7444 1444991608.615892 -17.724518 -14.540039 -131.881287 -0.373688 4.21936 -1.941864
7445 1444991608.625955 -17.804901 -14.496765 -131.768616 -0.37085 4.223145 -1.937225
7446 1444991608.636019 -17.845093 -14.453491 -131.881287 -0.371796 4.223145 -1.938385
7447 1444991608.646049 -17.885284 -14.540039 -131.543274 -0.368958 4.225983 -1.938965
7448 1444991608.656114 -17.804901 -14.496765 -131.768616 -0.369904 4.226929 -1.935486
7449 1444991608.666178 -17.644135 -14.366943 -131.599609 -0.368958 4.218414 -1.938385
7450 1444991608.676239 -18.046051 -14.496765 -131.768616 -0.369904 4.225983 -1.940704
7451 1444991608.686305 -17.644135 -14.453491 -131.937622 -0.37085 4.220306 -1.945923
7452 1444991608.696368 -17.644135 -14.496765 -131.881287 -0.372742 4.218414 -1.941284
7453 1444991608.706438 -17.724518 -14.583313 -132.219299 -0.377472 4.21936 -1.934326
7454 1444991608.716509 -17.965668 -14.540039 -132.162964 -0.376526 4.225037 -1.944763
7455 1444991608.726572 -17.764709 -14.540039 -132.162964 -0.38031 4.21936 -1.937225
7456 1444991608.736633 -17.845093 -14.626587 -132.613647 -0.383148 4.220306 -1.940704
7457 1444991608.746694 -17.845093 -14.540039 -131.937622 -0.378418 4.221252 -1.948242
7458 1444991608.756767 -17.965668 -14.713135 -132.500977 -0.38504 4.221252 -1.934906
7459 1444991608.766817 -17.804901 -14.540039 -132.388306 -0.38031 4.21936 -1.935486
7460 1444991608.776881 -17.925476 -14.540039 -132.106628 -0.376526 4.223145 -1.940704
7461 1444991608.786943 -17.764709 -14.540039 -132.388306 -0.377472 4.218414 -1.941284
7462 1444991608.797005 -17.764709 -14.583313 -132.050293 -0.374634 4.21936 -1.941864
7463 1444991608.807074 -17.764709 -14.410217 -131.71228 -0.369904 4.220306 -1.945923
7464 1444991608.817135 -17.845093 -14.453491 -132.050293 -0.371796 4.224091 -1.943024
7465 1444991608.827198 -17.804901 -14.410217 -131.599609 -0.368958 4.221252 -1.939545
7466 1444991608.837261 -18.005859 -14.583313 -131.881287 -0.37085 4.225037 -1.939545
7467 1444991608.847284 -17.885284 -14.540039 -131.881287 -0.37085 4.225037 -1.939545
7468 1444991608.857362 -18.005859 -14.540039 -131.768616 -0.369904 4.225037 -1.945923
7469 1444991608.867425 -17.724518 -14.410217 -132.162964 -0.371796 4.220306 -1.941864
7470 1444991608.877488 -17.925476 -14.540039 -131.937622 -0.372742 4.224091 -1.942444
7471 1444991608.887550 -17.724518 -14.540039 -132.050293 -0.37558 4.220306 -1.943024
7472 1444991608.897612 -17.885284 -14.540039 -132.33197 -0.379364 4.229767 -1.928528
7473 1444991608.907711 -17.804901 -14.583313 -132.162964 -0.377472 4.221252 -1.948242
7474 1444991608.917780 -17.885284 -14.583313 -132.557312 -0.38031 4.226929 -1.935486
7475 1444991608.927841 -17.804901 -14.669861 -132.500977 -0.38031 4.224091 -1.940125
7476 1444991608.937903 -17.885284 -14.713135 -132.500977 -0.382202 4.225983 -1.932587
7477 1444991608.947966 -17.885284 -14.583313 -132.444641 -0.379364 4.225983 -1.940125
7478 1444991608.958040 -17.925476 -14.583313 -132.33197 -0.378418 4.224091 -1.946503
7479 1444991608.968120 -17.845093 -14.626587 -132.388306 -0.378418 4.227875 -1.935486
7480 1444991608.978183 -17.724518 -14.583313 -132.162964 -0.373688 4.226929 -1.949402
7481 1444991608.988246 -17.925476 -14.540039 -131.937622 -0.373688 4.227875 -1.938385
7482 1444991608.998309 -17.724518 -14.496765 -131.993958 -0.371796 4.225983 -1.936646
7483 1444991609.008399 -17.764709 -14.496765 -131.881287 -0.368958 4.230713 -1.941284
7484 1444991609.018497 -17.845093 -14.540039 -131.599609 -0.367065 4.229767 -1.937805
7485 1444991609.028561 -17.804901 -14.540039 -131.881287 -0.37085 4.225983 -1.940704
7486 1444991609.038625 -17.764709 -14.453491 -131.881287 -0.368958 4.228821 -1.945923
7487 1444991609.048687 -17.845093 -14.540039 -131.599609 -0.369904 4.229767 -1.941284
7488 1444991609.058787 -17.764709 -14.453491 -132.219299 -0.373688 4.225037 -1.940704
7489 1444991609.068894 -17.804901 -14.540039 -132.050293 -0.373688 4.225037 -1.940704
7490 1444991609.078988 -17.925476 -14.540039 -132.219299 -0.374634 4.226929 -1.941284
7491 1444991609.089156 -17.764709 -14.410217 -132.388306 -0.376526 4.223145 -1.944763
7492 1444991609.099319 -17.885284 -14.626587 -132.219299 -0.378418 4.225983 -1.939545
7493 1444991609.109418 -17.764709 -14.496765 -132.388306 -0.377472 4.222198 -1.951141
7494 1444991609.119480 -17.764709 -14.540039 -132.557312 -0.378418 4.222198 -1.945923
7495 1444991609.129634 -17.804901 -14.496765 -132.388306 -0.377472 4.222198 -1.948242
7496 1444991609.139703 -17.845093 -14.366943 -132.500977 -0.378418 4.223145 -1.940125
7497 1444991609.149760 -17.885284 -14.496765 -132.275635 -0.378418 4.221252 -1.938965
7498 1444991609.159834 -18.005859 -14.540039 -132.444641 -0.378418 4.225037 -1.933167
7499 1444991609.169896 -17.845093 -14.626587 -132.275635 -0.378418 4.221252 -1.936646
7500 1444991609.179988 -17.804901 -14.583313 -132.162964 -0.376526 4.21936 -1.938385
7501 1444991609.190051 -17.804901 -14.496765 -131.993958 -0.373688 4.221252 -1.933167
7502 1444991609.200242 -17.804901 -14.540039 -131.768616 -0.372742 4.21936 -1.939545
7503 1444991609.210366 -17.845093 -14.453491 -131.937622 -0.371796 4.221252 -1.935486
7504 1444991609.220448 -17.724518 -14.496765 -131.71228 -0.368011 4.217468 -1.944183
7505 1444991609.230478 -17.885284 -14.496765 -131.824951 -0.369904 4.21936 -1.941864
7506 1444991609.240541 -17.804901 -14.496765 -131.993958 -0.37085 4.220306 -1.937225
7507 1444991609.250603 -17.845093 -14.496765 -131.768616 -0.371796 4.220306 -1.940704
7508 1444991609.260664 -17.845093 -14.540039 -131.937622 -0.37558 4.218414 -1.937225
7509 1444991609.270727 -17.764709 -14.626587 -132.050293 -0.376526 4.21463 -1.934906
7510 1444991609.280791 -17.845093 -14.540039 -132.162964 -0.376526 4.218414 -1.941864
7511 1444991609.290852 -17.965668 -14.496765 -132.275635 -0.378418 4.223145 -1.941864
7512 1444991609.300915 -17.845093 -14.626587 -132.106628 -0.379364 4.218414 -1.936066
7513 1444991609.310999 -17.845093 -14.583313 -132.275635 -0.38031 4.218414 -1.940125
7514 1444991609.321094 -17.885284 -14.669861 -132.162964 -0.38031 4.221252 -1.936646
7515 1444991609.331122 -17.845093 -14.713135 -132.106628 -0.378418 4.220306 -1.937225
7516 1444991609.341157 -17.764709 -14.496765 -132.219299 -0.378418 4.222198 -1.930267
7517 1444991609.351263 -17.925476 -14.583313 -132.162964 -0.377472 4.225037 -1.933746
7518 1444991609.361325 -17.804901 -14.540039 -132.219299 -0.376526 4.223145 -1.936066
7519 1444991609.371388 -17.684326 -14.626587 -131.993958 -0.377472 4.223145 -1.927948
7520 1444991609.381451 -18.005859 -14.583313 -131.824951 -0.373688 4.228821 -1.936066
7521 1444991609.391513 -17.764709 -14.583313 -131.993958 -0.374634 4.225037 -1.933167
7522 1444991609.401575 -17.804901 -14.540039 -131.937622 -0.373688 4.223145 -1.933746
7523 1444991609.411614 -17.724518 -14.540039 -131.993958 -0.372742 4.223145 -1.936066
7524 1444991609.421677 -17.845093 -14.583313 -131.768616 -0.372742 4.226929 -1.932007
7525 1444991609.431760 -17.764709 -14.540039 -131.824951 -0.371796 4.223145 -1.937225
7526 1444991609.441822 -17.845093 -14.540039 -132.162964 -0.372742 4.225983 -1.940704
7527 1444991609.451885 -17.724518 -14.583313 -131.993958 -0.374634 4.224091 -1.935486
7528 1444991609.461961 -17.925476 -14.496765 -131.881287 -0.374634 4.225983 -1.934326
7529 1444991609.472022 -17.684326 -14.496765 -132.050293 -0.376526 4.225037 -1.938385
7530 1444991609.482085 -17.965668 -14.626587 -132.106628 -0.377472 4.229767 -1.936066
7531 1444991609.492147 -17.644135 -14.583313 -132.275635 -0.38031 4.221252 -1.941284
7532 1444991609.502171 -18.046051 -14.669861 -132.162964 -0.379364 4.229767 -1.934326
7533 1444991609.512277 -17.845093 -14.540039 -132.162964 -0.378418 4.224091 -1.935486
7534 1444991609.522339 -17.845093 -14.626587 -132.33197 -0.379364 4.224091 -1.934326
7535 1444991609.532402 -17.764709 -14.626587 -132.162964 -0.377472 4.226929 -1.934906
7536 1444991609.542464 -17.885284 -14.453491 -132.162964 -0.37558 4.226929 -1.935486
7537 1444991609.552508 -17.804901 -14.626587 -132.050293 -0.376526 4.223145 -1.933167
7538 1444991609.562569 -17.804901 -14.583313 -132.050293 -0.376526 4.225983 -1.928528
7539 1444991609.572645 -17.845093 -14.540039 -131.937622 -0.373688 4.227875 -1.934326
7540 1444991609.582707 -17.764709 -14.540039 -132.162964 -0.373688 4.223145 -1.935486
7541 1444991609.592769 -17.845093 -14.453491 -131.881287 -0.372742 4.225983 -1.933746
7542 1444991609.602831 -17.804901 -14.540039 -131.993958 -0.373688 4.224091 -1.937805
7543 1444991609.612894 -17.845093 -14.496765 -131.937622 -0.372742 4.227875 -1.937805
7544 1444991609.622956 -17.764709 -14.496765 -131.937622 -0.371796 4.21936 -1.940125
7545 1444991609.633018 -17.885284 -14.540039 -132.33197 -0.376526 4.220306 -1.933746
7546 1444991609.643081 -17.684326 -14.540039 -132.050293 -0.37558 4.222198 -1.934326
7547 1444991609.653142 -17.644135 -14.540039 -132.219299 -0.376526 4.215576 -1.937805
7548 1444991609.663204 -17.885284 -14.540039 -132.162964 -0.37558 4.222198 -1.938965
7549 1444991609.673265 -17.885284 -14.583313 -132.219299 -0.377472 4.221252 -1.936646
7550 1444991609.683329 -17.644135 -14.669861 -132.557312 -0.38031 4.217468 -1.940125
7551 1444991609.693372 -17.965668 -14.583313 -132.219299 -0.379364 4.224091 -1.933746
7552 1444991609.703453 -17.885284 -14.496765 -132.050293 -0.37558 4.221252 -1.940125
7553 1444991609.713516 -17.845093 -14.583313 -132.500977 -0.38031 4.21936 -1.927368
7554 1444991609.723579 -17.885284 -14.540039 -131.993958 -0.377472 4.222198 -1.933167
7555 1444991609.733640 -17.925476 -14.540039 -132.219299 -0.37558 4.222198 -1.940125
7556 1444991609.743703 -17.885284 -14.583313 -132.106628 -0.376526 4.221252 -1.930847
7557 1444991609.753764 -17.724518 -14.453491 -131.937622 -0.37558 4.21936 -1.930267
7558 1444991609.763849 -17.845093 -14.540039 -131.993958 -0.373688 4.223145 -1.935486
7559 1444991609.773911 -17.804901 -14.626587 -131.881287 -0.37558 4.221252 -1.929108
7560 1444991609.783978 -17.764709 -14.496765 -131.937622 -0.371796 4.220306 -1.935486
7561 1444991609.794038 -17.885284 -14.496765 -131.824951 -0.372742 4.222198 -1.940125
7562 1444991609.804101 -17.925476 -14.583313 -131.937622 -0.37558 4.223145 -1.929688
7563 1444991609.814164 -17.885284 -14.540039 -131.881287 -0.371796 4.225037 -1.940704
7564 1444991609.824226 -17.845093 -14.496765 -132.219299 -0.37558 4.222198 -1.934326
7565 1444991609.834309 -17.684326 -14.540039 -131.937622 -0.376526 4.21936 -1.940125
7566 1444991609.844377 -17.804901 -14.496765 -132.162964 -0.37558 4.223145 -1.943604
7567 1444991609.854437 -17.804901 -14.540039 -132.162964 -0.37558 4.220306 -1.944183
7568 1444991609.864500 -17.965668 -14.540039 -132.219299 -0.377472 4.225983 -1.935486
7569 1444991609.874563 -17.724518 -14.496765 -132.050293 -0.374634 4.222198 -1.9552
7570 1444991609.884625 -17.925476 -14.583313 -132.162964 -0.378418 4.223145 -1.938965
7571 1444991609.894687 -17.724518 -14.583313 -132.219299 -0.376526 4.221252 -1.948822
7572 1444991609.904751 -17.804901 -14.626587 -132.050293 -0.377472 4.225037 -1.932007
7573 1444991609.914846 -17.764709 -14.496765 -132.219299 -0.376526 4.223145 -1.941864
7574 1444991609.924909 -17.804901 -14.540039 -132.275635 -0.37558 4.224091 -1.935486
7575 1444991609.934976 -17.724518 -14.540039 -131.993958 -0.374634 4.224091 -1.929108
7576 1444991609.945016 -17.925476 -14.540039 -131.993958 -0.373688 4.225037 -1.936646
7577 1444991609.955104 -17.724518 -14.496765 -132.106628 -0.37558 4.221252 -1.930267
7578 1444991609.965146 -17.804901 -14.583313 -132.106628 -0.37558 4.224091 -1.933167
7579 1444991609.975209 -17.804901 -14.496765 -131.993958 -0.373688 4.224091 -1.937805
7580 1444991609.985271 -17.724518 -14.540039 -132.106628 -0.373688 4.222198 -1.933746
7581 1444991609.995333 -17.965668 -14.540039 -132.050293 -0.374634 4.225037 -1.935486
7582 1444991610.005375 -17.845093 -14.496765 -131.993958 -0.373688 4.225983 -1.938965
7583 1444991610.015442 -17.845093 -14.626587 -132.388306 -0.379364 4.224091 -1.935486
7584 1444991610.025504 -17.563751 -14.540039 -132.162964 -0.374634 4.218414 -1.947662
7585 1444991610.035565 -17.885284 -14.540039 -132.33197 -0.376526 4.225037 -1.941864
7586 1444991610.045626 -17.925476 -14.669861 -132.388306 -0.378418 4.224091 -1.944183
7587 1444991610.055700 -17.804901 -14.626587 -132.106628 -0.378418 4.225037 -1.929688
7588 1444991610.065763 -17.724518 -14.540039 -132.33197 -0.377472 4.222198 -1.938385
7589 1444991610.075812 -17.845093 -14.496765 -132.219299 -0.37558 4.226929 -1.937225
7590 1444991610.085873 -17.804901 -14.626587 -132.162964 -0.377472 4.223145 -1.932007
7591 1444991610.095900 -18.005859 -14.626587 -132.219299 -0.377472 4.229767 -1.927948
7592 1444991610.105953 -17.804901 -14.496765 -132.050293 -0.37558 4.225037 -1.930267
7593 1444991610.116000 -17.845093 -14.496765 -132.162964 -0.374634 4.227875 -1.929688
7594 1444991610.126067 -17.845093 -14.496765 -131.993958 -0.374634 4.225983 -1.931427
7595 1444991610.136130 -17.845093 -14.669861 -131.937622 -0.376526 4.225983 -1.927948
7596 1444991610.146193 -17.845093 -14.626587 -131.993958 -0.377472 4.227875 -1.916931
7597 1444991610.156255 -17.563751 -14.496765 -132.050293 -0.374634 4.220306 -1.930847
7598 1444991610.166317 -17.925476 -14.669861 -132.219299 -0.37558 4.224091 -1.936066
7599 1444991610.176383 -17.885284 -14.496765 -132.106628 -0.374634 4.225983 -1.933746
7600 1444991610.186448 -17.764709 -14.540039 -132.106628 -0.37558 4.21936 -1.936066
7601 1444991610.196510 -17.764709 -14.626587 -132.219299 -0.378418 4.222198 -1.929108
7602 1444991610.206575 -17.885284 -14.583313 -132.219299 -0.378418 4.224091 -1.933167
7603 1444991610.216679 -17.764709 -14.583313 -132.275635 -0.377472 4.221252 -1.936066
7604 1444991610.226746 -17.764709 -14.496765 -132.275635 -0.378418 4.21936 -1.937805
7605 1444991610.236863 -17.925476 -14.713135 -132.106628 -0.378418 4.221252 -1.936066
7606 1444991610.246910 -17.845093 -14.583313 -132.219299 -0.378418 4.222198 -1.929108
7607 1444991610.256974 -17.804901 -14.453491 -132.275635 -0.378418 4.220306 -1.937225
7608 1444991610.266997 -17.804901 -14.540039 -132.219299 -0.378418 4.220306 -1.933167
7609 1444991610.277093 -17.845093 -14.496765 -131.768616 -0.37558 4.220306 -1.930267
7610 1444991610.287104 -17.845093 -14.669861 -131.993958 -0.376526 4.220306 -1.925629
7611 1444991610.297167 -17.764709 -14.583313 -132.162964 -0.377472 4.21936 -1.931427
7612 1444991610.307232 -18.046051 -14.626587 -131.881287 -0.374634 4.226929 -1.927948
7613 1444991610.317296 -17.764709 -14.496765 -132.050293 -0.376526 4.218414 -1.923309
7614 1444991610.327344 -17.764709 -14.496765 -132.106628 -0.376526 4.21936 -1.925629
7615 1444991610.337391 -17.804901 -14.540039 -131.993958 -0.37558 4.222198 -1.923889
7616 1444991610.347455 -17.845093 -14.669861 -132.275635 -0.378418 4.221252 -1.929108
7617 1444991610.357518 -17.845093 -14.669861 -131.881287 -0.378418 4.21936 -1.925049
7618 1444991610.367581 -17.845093 -14.669861 -132.275635 -0.378418 4.221252 -1.926788
7619 1444991610.377643 -17.845093 -14.540039 -132.219299 -0.377472 4.223145 -1.923309
7620 1444991610.387711 -17.804901 -14.583313 -132.106628 -0.377472 4.221252 -1.929688
7621 1444991610.397734 -17.684326 -14.626587 -132.275635 -0.38031 4.218414 -1.927368
7622 1444991610.407809 -17.804901 -14.713135 -132.162964 -0.378418 4.221252 -1.933746
7623 1444991610.417865 -17.804901 -14.583313 -132.106628 -0.377472 4.224091 -1.932587
7624 1444991610.427937 -17.764709 -14.583313 -132.162964 -0.378418 4.221252 -1.926788
7625 1444991610.437999 -17.925476 -14.583313 -132.106628 -0.377472 4.222198 -1.936066
7626 1444991610.448040 -18.005859 -14.756409 -132.162964 -0.379364 4.225037 -1.927368
7627 1444991610.458158 -17.925476 -14.626587 -132.106628 -0.378418 4.225983 -1.927948
7628 1444991610.468196 -17.724518 -14.583313 -132.162964 -0.379364 4.222198 -1.928528
7629 1444991610.478235 -17.885284 -14.583313 -132.050293 -0.376526 4.225983 -1.926208
7630 1444991610.488295 -17.804901 -14.540039 -131.881287 -0.37558 4.225983 -1.926208
7631 1444991610.498358 -17.764709 -14.626587 -132.050293 -0.37558 4.225983 -1.927368
7632 1444991610.508386 -17.845093 -14.583313 -131.993958 -0.37558 4.226929 -1.91925
7633 1444991610.518447 -17.764709 -14.540039 -131.993958 -0.37558 4.225037 -1.925049
7634 1444991610.528520 -17.804901 -14.626587 -132.106628 -0.376526 4.226929 -1.91983
7635 1444991610.538583 -17.724518 -14.669861 -132.050293 -0.376526 4.228821 -1.92041
7636 1444991610.548645 -17.845093 -14.496765 -131.993958 -0.374634 4.228821 -1.927948
7637 1444991610.558707 -17.764709 -14.540039 -131.937622 -0.376526 4.229767 -1.923309
7638 1444991610.568772 -17.885284 -14.496765 -132.219299 -0.378418 4.225983 -1.923889
7639 1444991610.578838 -17.885284 -14.669861 -131.993958 -0.38031 4.229767 -1.924469
7640 1444991610.588874 -17.724518 -14.626587 -132.162964 -0.38031 4.226929 -1.925049
7641 1444991610.598936 -17.804901 -14.540039 -132.106628 -0.379364 4.224091 -1.926788
7642 1444991610.608955 -17.925476 -14.540039 -132.219299 -0.377472 4.229767 -1.929108
7643 1444991610.619016 -17.885284 -14.713135 -132.050293 -0.376526 4.229767 -1.929108
7644 1444991610.629083 -17.724518 -14.496765 -132.050293 -0.376526 4.225983 -1.929108
7645 1444991610.639145 -17.804901 -14.540039 -132.162964 -0.376526 4.226929 -1.930847
7646 1444991610.649209 -17.925476 -14.713135 -131.993958 -0.378418 4.227875 -1.925049
7647 1444991610.659308 -17.644135 -14.496765 -131.881287 -0.376526 4.225037 -1.92099
7648 1444991610.669353 -17.804901 -14.583313 -132.106628 -0.376526 4.225037 -1.925049
7649 1444991610.679409 -17.804901 -14.626587 -131.937622 -0.376526 4.225983 -1.91925
7650 1444991610.689482 -17.925476 -14.626587 -131.881287 -0.37558 4.225983 -1.922729
7651 1444991610.699543 -17.644135 -14.583313 -132.106628 -0.376526 4.223145 -1.917511
7652 1444991610.709606 -17.804901 -14.583313 -131.937622 -0.374634 4.225037 -1.929108
7653 1444991610.719668 -17.925476 -14.713135 -132.050293 -0.377472 4.226929 -1.92099
7654 1444991610.729719 -17.684326 -14.626587 -131.937622 -0.377472 4.220306 -1.925049
7655 1444991610.739790 -17.845093 -14.669861 -132.162964 -0.38031 4.223145 -1.92041
7656 1444991610.749816 -17.764709 -14.626587 -132.050293 -0.379364 4.222198 -1.916931
7657 1444991610.759879 -17.804901 -14.626587 -132.050293 -0.378418 4.220306 -1.926788
7658 1444991610.769943 -17.684326 -14.583313 -132.388306 -0.381256 4.218414 -1.925049
7659 1444991610.780005 -18.005859 -14.669861 -132.275635 -0.381256 4.223145 -1.922729
7660 1444991610.790069 -17.684326 -14.713135 -132.33197 -0.383148 4.218414 -1.923889
7661 1444991610.800131 -17.925476 -14.626587 -132.275635 -0.382202 4.220306 -1.92157
7662 1444991610.810193 -17.764709 -14.583313 -132.106628 -0.378418 4.220306 -1.925049
7663 1444991610.820256 -17.764709 -14.540039 -132.33197 -0.379364 4.217468 -1.922729
7664 1444991610.830296 -17.603943 -14.583313 -131.993958 -0.378418 4.217468 -1.92041
7665 1444991610.840375 -17.925476 -14.583313 -132.050293 -0.376526 4.222198 -1.926208
7666 1444991610.850437 -17.684326 -14.669861 -132.106628 -0.377472 4.216522 -1.926208
7667 1444991610.860515 -17.885284 -14.583313 -131.937622 -0.374634 4.223145 -1.92215
7668 1444991610.870577 -17.724518 -14.583313 -131.993958 -0.377472 4.21936 -1.917511
7669 1444991610.880638 -17.804901 -14.540039 -131.993958 -0.37558 4.221252 -1.932007
7670 1444991610.890701 -17.724518 -14.583313 -131.993958 -0.376526 4.223145 -1.914032
7671 1444991610.900764 -17.764709 -14.626587 -132.050293 -0.378418 4.223145 -1.916351
7672 1444991610.910831 -17.804901 -14.540039 -132.050293 -0.37558 4.223145 -1.92099
7673 1444991610.920892 -17.845093 -14.583313 -132.106628 -0.377472 4.223145 -1.915771
7674 1444991610.930955 -17.764709 -14.713135 -132.106628 -0.378418 4.221252 -1.92157
7675 1444991610.941018 -17.804901 -14.583313 -132.106628 -0.378418 4.225037 -1.917511
7676 1444991610.951086 -17.885284 -14.583313 -132.162964 -0.379364 4.226929 -1.915771
7677 1444991610.961148 -17.804901 -14.626587 -131.937622 -0.379364 4.224091 -1.92157
7678 1444991610.971195 -18.005859 -14.713135 -132.219299 -0.381256 4.228821 -1.922729
7679 1444991610.981231 -17.644135 -14.756409 -132.162964 -0.383148 4.224091 -1.917511
7680 1444991610.991297 -17.804901 -14.626587 -132.050293 -0.381256 4.225037 -1.916931
7681 1444991611.001366 -17.724518 -14.626587 -132.106628 -0.381256 4.225983 -1.924469
7682 1444991611.011471 -17.845093 -14.496765 -132.050293 -0.377472 4.228821 -1.923889
7683 1444991611.021529 -17.845093 -14.583313 -132.162964 -0.38031 4.227875 -1.918671
7684 1444991611.031592 -17.885284 -14.626587 -131.881287 -0.377472 4.230713 -1.92099
7685 1444991611.041672 -17.684326 -14.626587 -131.881287 -0.376526 4.225037 -1.91925
7686 1444991611.051735 -17.845093 -14.540039 -131.993958 -0.376526 4.229767 -1.91983
7687 1444991611.061852 -17.764709 -14.496765 -131.71228 -0.372742 4.229767 -1.925049
7688 1444991611.071913 -17.724518 -14.626587 -131.881287 -0.37558 4.226929 -1.916931
7689 1444991611.081975 -17.965668 -14.713135 -131.937622 -0.377472 4.231659 -1.916351
7690 1444991611.092037 -17.804901 -14.626587 -131.768616 -0.376526 4.227875 -1.918091
7691 1444991611.102119 -17.804901 -14.626587 -132.106628 -0.379364 4.229767 -1.916931
7692 1444991611.112193 -17.764709 -14.626587 -131.824951 -0.377472 4.226929 -1.918671
7693 1444991611.122255 -17.845093 -14.713135 -131.937622 -0.377472 4.227875 -1.915192
7694 1444991611.132319 -17.684326 -14.540039 -132.050293 -0.38031 4.225037 -1.914032
7695 1444991611.142379 -17.845093 -14.626587 -131.993958 -0.377472 4.229767 -1.92099
7696 1444991611.152443 -17.804901 -14.626587 -132.106628 -0.38031 4.224091 -1.925049
7697 1444991611.162575 -17.764709 -14.669861 -132.106628 -0.379364 4.224091 -1.922729
7698 1444991611.172637 -18.086243 -14.626587 -132.219299 -0.381256 4.226929 -1.918671
7699 1444991611.182700 -17.764709 -14.626587 -131.993958 -0.382202 4.225037 -1.91925
7700 1444991611.192762 -17.804901 -14.626587 -132.106628 -0.381256 4.223145 -1.92041
7701 1444991611.202826 -17.764709 -14.713135 -131.993958 -0.381256 4.222198 -1.91983
7702 1444991611.212893 -17.804901 -14.669861 -131.937622 -0.38031 4.224091 -1.917511
7703 1444991611.222954 -17.684326 -14.496765 -131.881287 -0.376526 4.222198 -1.92041
7704 1444991611.233020 -17.885284 -14.626587 -131.937622 -0.37558 4.223145 -1.930847
7705 1444991611.243126 -17.724518 -14.713135 -131.937622 -0.378418 4.223145 -1.916351
7706 1444991611.253189 -17.603943 -14.540039 -131.881287 -0.376526 4.220306 -1.918671
7707 1444991611.263259 -17.644135 -14.540039 -131.71228 -0.374634 4.224091 -1.916931
7708 1444991611.273300 -17.845093 -14.496765 -131.937622 -0.376526 4.225037 -1.92041
7709 1444991611.283377 -17.764709 -14.626587 -131.881287 -0.377472 4.223145 -1.918091
7710 1444991611.293441 -17.845093 -14.713135 -132.050293 -0.38031 4.226929 -1.915771
7711 1444991611.303503 -17.925476 -14.583313 -132.162964 -0.377472 4.224091 -1.915771
7712 1444991611.313590 -17.724518 -14.583313 -132.050293 -0.378418 4.221252 -1.923309
7713 1444991611.323653 -17.684326 -14.583313 -132.050293 -0.38031 4.221252 -1.918091
7714 1444991611.333716 -17.845093 -14.669861 -132.275635 -0.381256 4.222198 -1.92041
7715 1444991611.343781 -17.804901 -14.626587 -131.937622 -0.38031 4.225037 -1.92099
7716 1444991611.353843 -17.804901 -14.583313 -132.275635 -0.38031 4.224091 -1.923309
7717 1444991611.363935 -17.684326 -14.496765 -131.881287 -0.378418 4.226929 -1.91925
7718 1444991611.374008 -17.804901 -14.583313 -132.219299 -0.379364 4.225037 -1.926208
7719 1444991611.384069 -17.804901 -14.713135 -131.993958 -0.381256 4.225983 -1.92099
7720 1444991611.394132 -17.845093 -14.583313 -131.881287 -0.378418 4.227875 -1.91983
7721 1444991611.404195 -17.764709 -14.583313 -131.937622 -0.38031 4.225037 -1.915771
7722 1444991611.414328 -17.845093 -14.626587 -131.937622 -0.376526 4.225983 -1.92157
7723 1444991611.424359 -17.804901 -14.583313 -131.993958 -0.376526 4.232605 -1.911713
7724 1444991611.434402 -17.724518 -14.410217 -131.824951 -0.373688 4.225983 -1.925049
7725 1444991611.444490 -17.804901 -14.583313 -131.824951 -0.37558 4.226929 -1.91925
7726 1444991611.454554 -17.603943 -14.626587 -131.824951 -0.378418 4.225983 -1.916931
7727 1444991611.464623 -17.885284 -14.583313 -131.993958 -0.376526 4.229767 -1.917511
7728 1444991611.474693 -17.965668 -14.626587 -131.937622 -0.376526 4.231659 -1.918091
7729 1444991611.484755 -17.925476 -14.669861 -131.768616 -0.37558 4.230713 -1.915771
7730 1444991611.494818 -17.804901 -14.583313 -132.050293 -0.379364 4.227875 -1.918091
7731 1444991611.504870 -17.925476 -14.626587 -132.275635 -0.379364 4.230713 -1.91925
7732 1444991611.514932 -17.644135 -14.669861 -131.937622 -0.38031 4.226929 -1.92215
7733 1444991611.524997 -17.925476 -14.713135 -132.050293 -0.382202 4.230713 -1.92041
7734 1444991611.535057 -17.804901 -14.713135 -132.162964 -0.383148 4.227875 -1.914612
7735 1444991611.545118 -17.764709 -14.540039 -132.106628 -0.377472 4.230713 -1.926788
7736 1444991611.555179 -17.925476 -14.756409 -132.050293 -0.382202 4.231659 -1.916931
7737 1444991611.565242 -17.885284 -14.496765 -132.050293 -0.378418 4.228821 -1.926788
7738 1444991611.575307 -17.764709 -14.540039 -132.162964 -0.38031 4.225983 -1.92215
7739 1444991611.585379 -17.965668 -14.626587 -132.106628 -0.379364 4.230713 -1.917511
7740 1444991611.595439 -17.804901 -14.583313 -131.71228 -0.376526 4.228821 -1.92157
7741 1444991611.605506 -17.764709 -14.626587 -132.050293 -0.378418 4.226929 -1.925049
7742 1444991611.615589 -17.885284 -14.626587 -131.881287 -0.377472 4.229767 -1.91925
7743 1444991611.625656 -17.764709 -14.583313 -131.824951 -0.37558 4.228821 -1.92215
7744 1444991611.635724 -17.804901 -14.540039 -131.881287 -0.376526 4.228821 -1.915771
7745 1444991611.645783 -17.764709 -14.583313 -131.768616 -0.376526 4.226929 -1.91983
7746 1444991611.655846 -17.804901 -14.626587 -131.937622 -0.378418 4.227875 -1.914032
7747 1444991611.665915 -17.483368 -14.540039 -131.993958 -0.378418 4.224091 -1.91983
7748 1444991611.675973 -17.845093 -14.713135 -132.050293 -0.376526 4.230713 -1.926788
7749 1444991611.686035 -17.804901 -14.583313 -131.881287 -0.376526 4.227875 -1.92099
7750 1444991611.696099 -17.764709 -14.583313 -131.881287 -0.379364 4.223145 -1.911133
7751 1444991611.706173 -17.724518 -14.583313 -132.219299 -0.38031 4.225983 -1.915192
7752 1444991611.716235 -17.965668 -14.626587 -131.824951 -0.377472 4.230713 -1.92215
7753 1444991611.726298 -17.684326 -14.756409 -132.106628 -0.383148 4.222198 -1.911713
7754 1444991611.736363 -17.724518 -14.540039 -132.050293 -0.381256 4.224091 -1.92041
7755 1444991611.746425 -17.845093 -14.626587 -132.162964 -0.382202 4.224091 -1.914032
7756 1444991611.756489 -17.804901 -14.713135 -131.993958 -0.381256 4.225983 -1.92215
7757 1444991611.766534 -17.684326 -14.669861 -131.937622 -0.38031 4.222198 -1.91983
7758 1444991611.776594 -17.684326 -14.669861 -132.162964 -0.381256 4.223145 -1.91983
7759 1444991611.786651 -17.764709 -14.496765 -131.993958 -0.377472 4.223145 -1.91925
7760 1444991611.796743 -17.764709 -14.669861 -131.993958 -0.379364 4.225037 -1.909393
7761 1444991611.806806 -17.925476 -14.626587 -131.824951 -0.377472 4.225983 -1.918671
7762 1444991611.816869 -17.925476 -14.626587 -131.881287 -0.377472 4.227875 -1.916931
7763 1444991611.826938 -17.684326 -14.626587 -131.881287 -0.377472 4.223145 -1.916351
7764 1444991611.836995 -17.724518 -14.496765 -131.937622 -0.37558 4.225983 -1.91983
7765 1444991611.847094 -17.885284 -14.713135 -131.768616 -0.377472 4.225037 -1.92099
7766 1444991611.857123 -17.804901 -14.626587 -131.937622 -0.38031 4.225037 -1.914612
7767 1444991611.867203 -17.965668 -14.583313 -131.881287 -0.377472 4.228821 -1.92099
7768 1444991611.877265 -17.885284 -14.669861 -131.768616 -0.377472 4.229767 -1.916351
7769 1444991611.887298 -17.644135 -14.583313 -131.937622 -0.378418 4.222198 -1.915771
7770 1444991611.897364 -17.644135 -14.669861 -132.106628 -0.381256 4.222198 -1.915192
7771 1444991611.907445 -17.804901 -14.713135 -131.993958 -0.382202 4.225983 -1.918671
7772 1444991611.917506 -17.845093 -14.669861 -131.937622 -0.38031 4.225983 -1.918091
7773 1444991611.927565 -17.845093 -14.583313 -132.162964 -0.379364 4.223145 -1.925629
7774 1444991611.937605 -17.764709 -14.626587 -131.993958 -0.382202 4.224091 -1.912872
7775 1444991611.947669 -17.724518 -14.713135 -131.993958 -0.381256 4.224091 -1.91983
7776 1444991611.957731 -17.764709 -14.626587 -132.106628 -0.381256 4.223145 -1.917511
7777 1444991611.967793 -17.925476 -14.626587 -131.993958 -0.38031 4.228821 -1.911713
7778 1444991611.977855 -17.724518 -14.540039 -131.881287 -0.378418 4.223145 -1.922729
7779 1444991611.987916 -17.885284 -14.583313 -131.993958 -0.38031 4.227875 -1.910553
7780 1444991611.997979 -17.764709 -14.669861 -131.881287 -0.37558 4.227875 -1.927948
7781 1444991612.008040 -17.724518 -14.713135 -131.937622 -0.378418 4.228821 -1.910553
7782 1444991612.018123 -17.724518 -14.540039 -131.655945 -0.374634 4.226929 -1.927948
7783 1444991612.028146 -17.764709 -14.626587 -132.106628 -0.378418 4.226929 -1.912872
7784 1444991612.038208 -17.804901 -14.669861 -131.937622 -0.378418 4.228821 -1.909393
7785 1444991612.048271 -17.684326 -14.669861 -131.824951 -0.377472 4.225037 -1.92041
7786 1444991612.058332 -17.925476 -14.626587 -131.881287 -0.379364 4.227875 -1.911133
7787 1444991612.068374 -17.764709 -14.626587 -131.993958 -0.379364 4.227875 -1.912292
7788 1444991612.078435 -17.845093 -14.626587 -132.106628 -0.378418 4.228821 -1.923889
7789 1444991612.088502 -18.005859 -14.669861 -131.881287 -0.379364 4.229767 -1.92041
7790 1444991612.098564 -17.845093 -14.669861 -132.162964 -0.382202 4.227875 -1.913452
7791 1444991612.108625 -17.845093 -14.540039 -131.937622 -0.379364 4.229767 -1.912292
7792 1444991612.118687 -17.845093 -14.626587 -131.824951 -0.378418 4.227875 -1.916351
7793 1444991612.128750 -17.724518 -14.626587 -132.050293 -0.38031 4.226929 -1.917511
7794 1444991612.138806 -17.764709 -14.540039 -131.937622 -0.378418 4.228821 -1.91925
7795 1444991612.148868 -17.885284 -14.626587 -131.881287 -0.378418 4.229767 -1.92099
7796 1444991612.158931 -17.845093 -14.626587 -132.106628 -0.38031 4.228821 -1.914032
7797 1444991612.168993 -17.764709 -14.583313 -131.768616 -0.37558 4.227875 -1.918091
7798 1444991612.179043 -17.965668 -14.626587 -132.106628 -0.379364 4.230713 -1.906494
7799 1444991612.189107 -17.724518 -14.626587 -132.050293 -0.378418 4.225983 -1.911713
7800 1444991612.199170 -17.724518 -14.713135 -131.768616 -0.377472 4.229767 -1.917511
7801 1444991612.209223 -17.885284 -14.626587 -132.050293 -0.378418 4.229767 -1.912872
7802 1444991612.219286 -17.764709 -14.626587 -131.824951 -0.376526 4.226929 -1.915771
7803 1444991612.229347 -17.724518 -14.669861 -131.881287 -0.378418 4.226929 -1.912292
7804 1444991612.239410 -17.845093 -14.496765 -132.106628 -0.376526 4.227875 -1.912872
7805 1444991612.249460 -17.764709 -14.540039 -131.768616 -0.374634 4.225983 -1.923309
7806 1444991612.259537 -17.885284 -14.756409 -131.993958 -0.382202 4.225983 -1.912872
7807 1444991612.269598 -17.724518 -14.799683 -131.881287 -0.382202 4.225037 -1.911713
7808 1444991612.279660 -17.804901 -14.583313 -131.993958 -0.381256 4.227875 -1.911713
7809 1444991612.289727 -17.845093 -14.799683 -132.106628 -0.384094 4.225983 -1.911133
7810 1444991612.299797 -17.885284 -14.626587 -131.993958 -0.379364 4.225983 -1.922729
7811 1444991612.309859 -17.764709 -14.669861 -132.219299 -0.381256 4.224091 -1.923309
7812 1444991612.319901 -17.764709 -14.540039 -131.993958 -0.38031 4.223145 -1.917511
7813 1444991612.329964 -17.724518 -14.626587 -132.162964 -0.38031 4.222198 -1.916351
7814 1444991612.340029 -17.563751 -14.540039 -132.219299 -0.379364 4.221252 -1.918091
7815 1444991612.350090 -17.965668 -14.540039 -131.937622 -0.378418 4.226929 -1.914612
7816 1444991612.360154 -17.724518 -14.626587 -131.993958 -0.38031 4.221252 -1.911713
7817 1444991612.370215 -17.804901 -14.626587 -131.881287 -0.378418 4.225037 -1.909973
7818 1444991612.380276 -17.724518 -14.669861 -131.993958 -0.378418 4.223145 -1.912292
7819 1444991612.390339 -17.925476 -14.626587 -132.050293 -0.378418 4.227875 -1.913452
7820 1444991612.400400 -17.724518 -14.583313 -131.768616 -0.374634 4.224091 -1.927368
7821 1444991612.410462 -17.885284 -14.626587 -131.881287 -0.38031 4.226929 -1.911713
7822 1444991612.420523 -17.885284 -14.713135 -131.993958 -0.381256 4.226929 -1.906494
7823 1444991612.430584 -17.724518 -14.496765 -131.768616 -0.37558 4.222198 -1.917511
7824 1444991612.440646 -17.885284 -14.626587 -132.106628 -0.379364 4.225983 -1.915192
7825 1444991612.450709 -17.724518 -14.496765 -131.824951 -0.378418 4.223145 -1.918091
7826 1444991612.460771 -17.644135 -14.626587 -131.993958 -0.378418 4.224091 -1.92157
7827 1444991612.470837 -17.845093 -14.713135 -132.106628 -0.38031 4.226929 -1.917511
7828 1444991612.480898 -17.804901 -14.540039 -132.050293 -0.38031 4.225037 -1.92099
7829 1444991612.490965 -17.684326 -14.496765 -131.993958 -0.38031 4.225037 -1.916351
7830 1444991612.501032 -17.804901 -14.583313 -132.162964 -0.381256 4.225983 -1.916351
7831 1444991612.511108 -17.764709 -14.626587 -132.050293 -0.381256 4.226929 -1.914612
7832 1444991612.521169 -17.845093 -14.626587 -131.937622 -0.378418 4.227875 -1.923889
7833 1444991612.531230 -17.845093 -14.583313 -132.219299 -0.381256 4.226929 -1.909393
7834 1444991612.541293 -17.724518 -14.583313 -131.993958 -0.38031 4.226929 -1.914612
7835 1444991612.551355 -17.724518 -14.496765 -131.881287 -0.377472 4.229767 -1.914612
7836 1444991612.561419 -17.845093 -14.540039 -132.106628 -0.377472 4.228821 -1.915771
7837 1444991612.571481 -17.845093 -14.669861 -131.993958 -0.379364 4.228821 -1.907074
7838 1444991612.581543 -17.845093 -14.583313 -131.937622 -0.377472 4.225983 -1.909973
7839 1444991612.591606 -17.644135 -14.496765 -131.937622 -0.37558 4.224091 -1.918671
7840 1444991612.601667 -17.885284 -14.583313 -131.768616 -0.376526 4.232605 -1.915192
7841 1444991612.611743 -17.764709 -14.496765 -132.050293 -0.376526 4.227875 -1.92099
7842 1444991612.621805 -17.724518 -14.453491 -131.937622 -0.37558 4.227875 -1.915771
7843 1444991612.631868 -17.885284 -14.583313 -132.050293 -0.377472 4.229767 -1.918671
7844 1444991612.641929 -17.885284 -14.669861 -132.050293 -0.379364 4.230713 -1.912292
7845 1444991612.651999 -17.764709 -14.496765 -131.881287 -0.376526 4.226929 -1.92099
7846 1444991612.662060 -17.764709 -14.540039 -132.219299 -0.381256 4.225037 -1.916931
7847 1444991612.672121 -17.925476 -14.626587 -131.881287 -0.378418 4.231659 -1.915771
7848 1444991612.682189 -17.52356 -14.713135 -132.050293 -0.38031 4.223145 -1.91925
7849 1444991612.692225 -17.885284 -14.669861 -132.33197 -0.382202 4.227875 -1.909393
7850 1444991612.702250 -17.804901 -14.583313 -131.599609 -0.377472 4.225983 -1.922729
7851 1444991612.712303 -17.804901 -14.756409 -132.106628 -0.38031 4.228821 -1.918091
7852 1444991612.722413 -17.724518 -14.669861 -132.050293 -0.379364 4.225037 -1.911713
7853 1444991612.732474 -17.804901 -14.713135 -131.824951 -0.379364 4.227875 -1.92157
7854 1444991612.742535 -17.684326 -14.669861 -131.993958 -0.38031 4.225983 -1.915192
7855 1444991612.752555 -17.845093 -14.669861 -131.881287 -0.381256 4.223145 -1.911713
7856 1444991612.762636 -17.603943 -14.669861 -132.219299 -0.381256 4.222198 -1.909393
7857 1444991612.772678 -17.563751 -14.540039 -131.824951 -0.374634 4.222198 -1.915771
7858 1444991612.782741 -17.724518 -14.626587 -131.881287 -0.376526 4.225037 -1.914032
7859 1444991612.792804 -17.724518 -14.626587 -131.937622 -0.378418 4.222198 -1.915771
7860 1444991612.802868 -17.603943 -14.669861 -131.824951 -0.379364 4.224091 -1.908813
7861 1444991612.812887 -17.885284 -14.496765 -131.824951 -0.377472 4.232605 -1.912872
7862 1444991612.822952 -17.804901 -14.626587 -131.993958 -0.378418 4.226929 -1.911713
7863 1444991612.833012 -17.764709 -14.669861 -131.993958 -0.38031 4.225037 -1.915771
7864 1444991612.843075 -17.724518 -14.756409 -131.937622 -0.384094 4.226929 -1.897797
7865 1444991612.853124 -17.644135 -14.626587 -132.106628 -0.381256 4.221252 -1.907074
7866 1444991612.863186 -17.764709 -14.669861 -131.993958 -0.38031 4.225983 -1.911713
7867 1444991612.873237 -17.845093 -14.583313 -131.824951 -0.376526 4.232605 -1.905914
7868 1444991612.883285 -17.764709 -14.583313 -132.106628 -0.37558 4.223145 -1.922729
7869 1444991612.893349 -17.764709 -14.540039 -132.050293 -0.378418 4.224091 -1.918091
7870 1444991612.903412 -17.603943 -14.626587 -132.219299 -0.379364 4.221252 -1.928528
7871 1444991612.913476 -17.684326 -14.540039 -132.33197 -0.381256 4.218414 -1.934906
7872 1444991612.923538 -17.603943 -14.713135 -132.275635 -0.38504 4.217468 -1.923309
7873 1444991612.933601 -17.885284 -14.583313 -132.33197 -0.384094 4.223145 -1.929688
7874 1444991612.943697 -17.724518 -14.626587 -132.444641 -0.38504 4.21936 -1.935486
7875 1444991612.953759 -17.764709 -14.669861 -132.219299 -0.384094 4.222198 -1.92099
7876 1444991612.963822 -17.724518 -14.756409 -132.050293 -0.381256 4.21936 -1.930847
7877 1444991612.973888 -17.804901 -14.496765 -131.881287 -0.37558 4.225037 -1.910553
7878 1444991612.983933 -17.885284 -14.626587 -131.768616 -0.373688 4.225983 -1.912872
7879 1444991612.993996 -17.563751 -14.583313 -131.599609 -0.37085 4.222198 -1.917511
7880 1444991613.004059 -17.925476 -14.496765 -131.71228 -0.371796 4.231659 -1.907654
7881 1444991613.014126 -17.885284 -14.540039 -131.486938 -0.372742 4.230713 -1.904755
7882 1444991613.024188 -17.724518 -14.669861 -131.768616 -0.377472 4.225983 -1.896637
7883 1444991613.034258 -17.724518 -14.626587 -132.162964 -0.381256 4.230713 -1.897797
7884 1444991613.044357 -17.804901 -14.713135 -132.050293 -0.383148 4.228821 -1.900696
7885 1444991613.054420 -17.724518 -14.799683 -131.993958 -0.384094 4.224091 -1.909973
7886 1444991613.064490 -17.764709 -14.626587 -132.33197 -0.38504 4.229767 -1.908813
7887 1444991613.074553 -17.804901 -14.583313 -132.33197 -0.384094 4.228821 -1.912872
7888 1444991613.084616 -17.804901 -14.583313 -132.33197 -0.383148 4.226929 -1.915771
7889 1444991613.094678 -17.925476 -14.626587 -132.500977 -0.383148 4.229767 -1.91983
7890 1444991613.104743 -17.764709 -14.540039 -132.050293 -0.379364 4.227875 -1.923309
7891 1444991613.114812 -17.925476 -14.583313 -132.33197 -0.381256 4.227875 -1.927368
7892 1444991613.124852 -17.644135 -14.626587 -132.162964 -0.381256 4.225037 -1.922729
7893 1444991613.134915 -17.804901 -14.626587 -132.219299 -0.379364 4.223145 -1.934906
7894 1444991613.144977 -17.684326 -14.713135 -132.275635 -0.381256 4.223145 -1.926208
7895 1444991613.155038 -17.644135 -14.453491 -131.768616 -0.377472 4.225037 -1.918091
7896 1444991613.165101 -17.845093 -14.713135 -131.993958 -0.379364 4.225983 -1.91925
7897 1444991613.175164 -17.804901 -14.626587 -131.71228 -0.37558 4.230713 -1.908813
7898 1444991613.185234 -17.644135 -14.496765 -131.317932 -0.369904 4.228821 -1.916931
7899 1444991613.195286 -17.724518 -14.540039 -131.768616 -0.372742 4.231659 -1.902435
7900 1444991613.205343 -17.804901 -14.540039 -131.374268 -0.367065 4.232605 -1.911133
7901 1444991613.215461 -17.885284 -14.583313 -131.71228 -0.373688 4.231659 -1.905914
7902 1444991613.225523 -17.644135 -14.496765 -131.937622 -0.37558 4.227875 -1.909393
7903 1444991613.235585 -17.925476 -14.626587 -131.881287 -0.378418 4.231659 -1.913452
7904 1444991613.245657 -17.764709 -14.583313 -132.106628 -0.384094 4.230713 -1.900116
7905 1444991613.255702 -17.644135 -14.583313 -132.33197 -0.387878 4.224091 -1.903015
7906 1444991613.265766 -17.925476 -14.669861 -132.444641 -0.389771 4.228821 -1.914612
7907 1444991613.275822 -17.804901 -14.583313 -132.500977 -0.387878 4.229767 -1.915192
7908 1444991613.285888 -17.845093 -14.669861 -132.388306 -0.386932 4.226929 -1.92157
7909 1444991613.295949 -17.845093 -14.496765 -132.500977 -0.384094 4.230713 -1.92099
7910 1444991613.306013 -17.804901 -14.626587 -132.050293 -0.379364 4.228821 -1.923889
7911 1444991613.316076 -17.764709 -14.626587 -132.162964 -0.38031 4.225983 -1.92157
7912 1444991613.326137 -17.603943 -14.540039 -131.937622 -0.37558 4.224091 -1.928528
7913 1444991613.336199 -17.603943 -14.496765 -131.768616 -0.373688 4.224091 -1.931427
7914 1444991613.346262 -18.005859 -14.583313 -131.824951 -0.374634 4.228821 -1.924469
7915 1444991613.356289 -17.644135 -14.626587 -131.655945 -0.376526 4.225037 -1.908234
7916 1444991613.366365 -17.603943 -14.626587 -131.599609 -0.37558 4.225037 -1.915192
7917 1444991613.376429 -17.925476 -14.669861 -131.599609 -0.37558 4.227875 -1.914612
7918 1444991613.386489 -17.845093 -14.626587 -131.655945 -0.376526 4.227875 -1.904755
7919 1444991613.396551 -17.603943 -14.540039 -131.768616 -0.373688 4.225983 -1.909973
7920 1444991613.406617 -17.764709 -14.540039 -131.543274 -0.372742 4.229767 -1.905914
7921 1444991613.416690 -17.885284 -14.540039 -131.71228 -0.373688 4.230713 -1.909393
7922 1444991613.426752 -17.603943 -14.410217 -131.993958 -0.37558 4.224091 -1.915771
7923 1444991613.436817 -17.885284 -14.713135 -132.162964 -0.379364 4.226929 -1.909973
7924 1444991613.446884 -17.764709 -14.583313 -132.162964 -0.383148 4.226929 -1.911713
7925 1444991613.456975 -17.845093 -14.626587 -132.444641 -0.387878 4.223145 -1.913452
7926 1444991613.467202 -17.724518 -14.669861 -132.388306 -0.389771 4.223145 -1.910553
7927 1444991613.477310 -17.804901 -14.713135 -132.500977 -0.388824 4.226929 -1.916931
7928 1444991613.487435 -17.644135 -14.756409 -132.557312 -0.389771 4.221252 -1.923309
7929 1444991613.497554 -17.724518 -14.626587 -132.219299 -0.384094 4.223145 -1.923309
7930 1444991613.507681 -17.764709 -14.583313 -131.881287 -0.381256 4.225037 -1.915192
7931 1444991613.517743 -17.804901 -14.583313 -132.219299 -0.379364 4.226929 -1.918671
7932 1444991613.527806 -17.804901 -14.583313 -131.768616 -0.373688 4.224091 -1.925629
7933 1444991613.537870 -17.845093 -14.540039 -131.543274 -0.372742 4.226929 -1.918091
7934 1444991613.547960 -17.644135 -14.410217 -131.543274 -0.37085 4.225983 -1.917511
7935 1444991613.557994 -17.724518 -14.669861 -131.374268 -0.368958 4.229767 -1.917511
7936 1444991613.568055 -17.965668 -14.626587 -131.486938 -0.372742 4.228821 -1.912292
7937 1444991613.578146 -17.724518 -14.626587 -131.599609 -0.374634 4.226929 -1.915771
7938 1444991613.588179 -17.804901 -14.626587 -131.430603 -0.373688 4.226929 -1.916351
7939 1444991613.598241 -17.845093 -14.583313 -131.768616 -0.377472 4.232605 -1.907654
7940 1444991613.608303 -17.885284 -14.626587 -131.881287 -0.378418 4.230713 -1.912872
7941 1444991613.618364 -17.804901 -14.583313 -131.937622 -0.378418 4.229767 -1.912872
7942 1444991613.628428 -17.764709 -14.583313 -131.993958 -0.379364 4.228821 -1.914032
7943 1444991613.638489 -17.764709 -14.626587 -132.162964 -0.383148 4.227875 -1.916351
7944 1444991613.648549 -17.804901 -14.583313 -132.219299 -0.382202 4.229767 -1.92041
7945 1444991613.658612 -17.684326 -14.626587 -132.33197 -0.385986 4.227875 -1.917511
7946 1444991613.668681 -17.764709 -14.669861 -132.500977 -0.389771 4.228821 -1.912292
7947 1444991613.678744 -17.684326 -14.756409 -132.162964 -0.385986 4.226929 -1.911133
7948 1444991613.688806 -17.684326 -14.713135 -132.219299 -0.384094 4.227875 -1.915192
7949 1444991613.698868 -17.885284 -14.669861 -132.275635 -0.38504 4.228821 -1.908813
7950 1444991613.708902 -17.724518 -14.626587 -131.768616 -0.378418 4.227875 -1.911713
7951 1444991613.718965 -17.965668 -14.540039 -131.881287 -0.376526 4.234497 -1.910553
7952 1444991613.729028 -17.603943 -14.626587 -131.486938 -0.372742 4.227875 -1.922729
7953 1444991613.739090 -17.804901 -14.626587 -131.599609 -0.37085 4.232605 -1.911713
7954 1444991613.749152 -17.443176 -14.540039 -131.543274 -0.37085 4.225983 -1.915192
7955 1444991613.759216 -17.764709 -14.496765 -131.430603 -0.369904 4.228821 -1.914032
7956 1444991613.769278 -17.804901 -14.626587 -131.655945 -0.373688 4.229767 -1.910553
7957 1444991613.779298 -17.684326 -14.626587 -131.655945 -0.374634 4.225983 -1.915771
7958 1444991613.789361 -17.764709 -14.713135 -131.824951 -0.38031 4.227875 -1.907074
7959 1444991613.799410 -17.845093 -14.669861 -132.162964 -0.382202 4.230713 -1.910553
7960 1444991613.809477 -17.724518 -14.713135 -131.768616 -0.381256 4.225037 -1.914612
7961 1444991613.819538 -17.845093 -14.669861 -132.162964 -0.383148 4.227875 -1.911133
7962 1444991613.829575 -17.804901 -14.713135 -132.33197 -0.385986 4.226929 -1.909973
7963 1444991613.839645 -17.764709 -14.626587 -132.162964 -0.382202 4.227875 -1.927368
7964 1444991613.849707 -17.804901 -14.799683 -132.388306 -0.386932 4.227875 -1.911713
7965 1444991613.859819 -17.885284 -14.626587 -132.219299 -0.384094 4.226929 -1.917511
7966 1444991613.869882 -17.764709 -14.669861 -132.557312 -0.386932 4.227875 -1.916931
7967 1444991613.879943 -17.845093 -14.756409 -132.162964 -0.38504 4.229767 -1.910553
7968 1444991613.890007 -17.684326 -14.713135 -131.993958 -0.382202 4.225037 -1.916931
7969 1444991613.900105 -18.005859 -14.669861 -132.162964 -0.383148 4.228821 -1.914032
7970 1444991613.910173 -17.764709 -14.713135 -131.824951 -0.379364 4.225037 -1.910553
7971 1444991613.920202 -17.764709 -14.669861 -131.824951 -0.376526 4.228821 -1.910553
7972 1444991613.930267 -17.603943 -14.583313 -131.599609 -0.372742 4.224091 -1.917511
7973 1444991613.940336 -17.684326 -14.540039 -131.543274 -0.37085 4.225983 -1.916351
7974 1444991613.950393 -17.925476 -14.496765 -131.71228 -0.371796 4.229767 -1.914032
7975 1444991613.960461 -17.724518 -14.540039 -131.374268 -0.369904 4.225037 -1.92157
7976 1444991613.970523 -17.764709 -14.669861 -131.768616 -0.373688 4.226929 -1.912292
7977 1444991613.980586 -17.724518 -14.496765 -131.655945 -0.372742 4.225037 -1.92157
7978 1444991613.990679 -17.724518 -14.626587 -131.71228 -0.379364 4.226929 -1.910553
7979 1444991614.000764 -17.684326 -14.713135 -132.050293 -0.384094 4.224091 -1.907074
7980 1444991614.010844 -17.764709 -14.583313 -132.050293 -0.384094 4.225037 -1.914032
7981 1444991614.020951 -17.845093 -14.669861 -132.162964 -0.386932 4.225037 -1.909973
7982 1444991614.031014 -17.804901 -14.583313 -132.388306 -0.386932 4.224091 -1.914032
7983 1444991614.041104 -17.684326 -14.583313 -132.33197 -0.385986 4.224091 -1.914612
7984 1444991614.051188 -17.764709 -14.669861 -132.444641 -0.385986 4.225983 -1.912292
7985 1444991614.061252 -17.644135 -14.626587 -132.219299 -0.384094 4.225037 -1.909393
7986 1444991614.071312 -17.845093 -14.713135 -132.162964 -0.38504 4.225983 -1.914032
7987 1444991614.081384 -17.804901 -14.713135 -132.219299 -0.382202 4.226929 -1.909973
7988 1444991614.091450 -17.804901 -14.626587 -131.881287 -0.379364 4.226929 -1.914612
7989 1444991614.101513 -17.845093 -14.626587 -131.768616 -0.379364 4.225983 -1.907654
7990 1444991614.111601 -17.684326 -14.583313 -131.881287 -0.378418 4.224091 -1.916931
7991 1444991614.121662 -17.804901 -14.669861 -131.71228 -0.37558 4.228821 -1.915192
7992 1444991614.131725 -17.804901 -14.583313 -131.71228 -0.374634 4.227875 -1.916351
7993 1444991614.141788 -17.804901 -14.626587 -131.543274 -0.37558 4.226929 -1.909393
7994 1444991614.151852 -17.563751 -14.540039 -131.655945 -0.374634 4.225983 -1.916351
7995 1444991614.161917 -17.845093 -14.583313 -131.486938 -0.372742 4.228821 -1.916351
7996 1444991614.172138 -17.684326 -14.669861 -131.768616 -0.376526 4.225983 -1.918091
7997 1444991614.182200 -17.845093 -14.669861 -131.768616 -0.377472 4.228821 -1.912872
7998 1444991614.192212 -17.724518 -14.713135 -131.993958 -0.378418 4.223145 -1.918091
7999 1444991614.202337 -17.724518 -14.669861 -132.219299 -0.384094 4.225983 -1.912292
8000 1444991614.212400 -17.885284 -14.713135 -132.050293 -0.383148 4.228821 -1.918671
8001 1444991614.222463 -17.885284 -14.713135 -132.33197 -0.386932 4.229767 -1.906494
8002 1444991614.232525 -17.724518 -14.626587 -132.444641 -0.386932 4.223145 -1.917511
8003 1444991614.242591 -17.965668 -14.713135 -132.275635 -0.38504 4.232605 -1.909393
8004 1444991614.252653 -17.684326 -14.583313 -132.162964 -0.384094 4.228821 -1.91925
8005 1444991614.262747 -17.644135 -14.713135 -132.33197 -0.38504 4.225037 -1.911713
8006 1444991614.272808 -17.724518 -14.669861 -131.993958 -0.381256 4.226929 -1.912292
8007 1444991614.282875 -17.764709 -14.713135 -131.881287 -0.379364 4.226929 -1.906494
8008 1444991614.292972 -17.885284 -14.626587 -131.768616 -0.376526 4.230713 -1.915192
8009 1444991614.303035 -17.724518 -14.496765 -131.655945 -0.37558 4.229767 -1.909973
8010 1444991614.313123 -17.644135 -14.626587 -131.655945 -0.374634 4.225983 -1.912872
8011 1444991614.323187 -17.845093 -14.453491 -131.824951 -0.373688 4.230713 -1.914612
8012 1444991614.333249 -17.804901 -14.626587 -131.71228 -0.374634 4.229767 -1.909393
8013 1444991614.343311 -17.644135 -14.496765 -131.824951 -0.37558 4.224091 -1.914032
8014 1444991614.353359 -17.804901 -14.583313 -131.768616 -0.37558 4.228821 -1.917511
8015 1444991614.363438 -17.644135 -14.669861 -131.71228 -0.376526 4.227875 -1.918091
8016 1444991614.373499 -17.845093 -14.626587 -131.937622 -0.378418 4.228821 -1.916351
8017 1444991614.383560 -17.804901 -14.540039 -131.993958 -0.376526 4.228821 -1.924469
8018 1444991614.393659 -17.965668 -14.713135 -132.050293 -0.381256 4.228821 -1.914032
8019 1444991614.403771 -17.724518 -14.669861 -132.219299 -0.383148 4.225983 -1.922729
8020 1444991614.413870 -17.845093 -14.669861 -132.162964 -0.384094 4.228821 -1.912292
8021 1444991614.423933 -17.885284 -14.713135 -132.219299 -0.385986 4.227875 -1.917511
8022 1444991614.433995 -17.845093 -14.626587 -132.162964 -0.38504 4.228821 -1.908813
8023 1444991614.444057 -17.764709 -14.540039 -132.388306 -0.383148 4.228821 -1.915192
8024 1444991614.454135 -17.644135 -14.669861 -132.275635 -0.38504 4.225037 -1.911133
8025 1444991614.464198 -17.684326 -14.669861 -132.106628 -0.383148 4.227875 -1.909973
8026 1444991614.474262 -17.764709 -14.626587 -131.993958 -0.38031 4.227875 -1.912872
8027 1444991614.484321 -17.845093 -14.583313 -131.768616 -0.376526 4.228821 -1.910553
8028 1444991614.494405 -17.603943 -14.626587 -131.655945 -0.376526 4.226929 -1.914032
8029 1444991614.504479 -17.764709 -14.626587 -131.881287 -0.376526 4.226929 -1.909393
8030 1444991614.514557 -17.724518 -14.496765 -131.881287 -0.372742 4.225983 -1.913452
8031 1444991614.524619 -17.764709 -14.669861 -131.655945 -0.37558 4.225983 -1.907074
8032 1444991614.534681 -17.724518 -14.583313 -131.768616 -0.376526 4.225983 -1.909973
8033 1444991614.544726 -17.563751 -14.583313 -131.543274 -0.37558 4.222198 -1.918091
8034 1444991614.554788 -17.684326 -14.410217 -131.824951 -0.374634 4.223145 -1.91983
8035 1444991614.564851 -17.724518 -14.626587 -131.881287 -0.378418 4.222198 -1.918091
8036 1444991614.574912 -17.684326 -14.669861 -131.824951 -0.379364 4.223145 -1.91925
8037 1444991614.584975 -17.845093 -14.583313 -132.275635 -0.383148 4.225037 -1.910553
8038 1444991614.595036 -17.603943 -14.626587 -132.050293 -0.38031 4.222198 -1.923309
8039 1444991614.605099 -17.764709 -14.669861 -132.219299 -0.38504 4.228821 -1.911133
8040 1444991614.615204 -17.885284 -14.496765 -132.275635 -0.381256 4.227875 -1.915771
8041 1444991614.625267 -17.724518 -14.626587 -131.993958 -0.383148 4.224091 -1.917511
8042 1444991614.635330 -17.804901 -14.540039 -132.219299 -0.382202 4.227875 -1.908234
8043 1444991614.645355 -17.724518 -14.669861 -132.219299 -0.383148 4.224091 -1.914032
8044 1444991614.655442 -17.845093 -14.756409 -132.106628 -0.383148 4.227875 -1.901855
8045 1444991614.665508 -17.764709 -14.626587 -131.937622 -0.378418 4.226929 -1.916931
8046 1444991614.675572 -17.804901 -14.669861 -131.937622 -0.379364 4.228821 -1.907654
8047 1444991614.685634 -17.684326 -14.583313 -131.993958 -0.377472 4.226929 -1.906494
8048 1444991614.695695 -17.603943 -14.540039 -131.71228 -0.376526 4.226929 -1.906494
8049 1444991614.705758 -17.845093 -14.540039 -131.824951 -0.374634 4.229767 -1.915192
8050 1444991614.715820 -17.804901 -14.540039 -131.768616 -0.374634 4.225983 -1.912872
8051 1444991614.725891 -17.764709 -14.540039 -132.050293 -0.376526 4.225983 -1.912292
8052 1444991614.735954 -17.684326 -14.583313 -131.824951 -0.376526 4.227875 -1.913452
8053 1444991614.746017 -17.724518 -14.713135 -131.768616 -0.378418 4.225983 -1.917511
8054 1444991614.756106 -17.804901 -14.669861 -132.106628 -0.381256 4.228821 -1.910553
8055 1444991614.766129 -17.804901 -14.583313 -132.050293 -0.378418 4.230713 -1.924469
8056 1444991614.776184 -17.724518 -14.713135 -132.162964 -0.38031 4.225983 -1.925629
8057 1444991614.786249 -17.764709 -14.713135 -132.219299 -0.384094 4.226929 -1.913452
8058 1444991614.796310 -17.684326 -14.583313 -131.993958 -0.379364 4.225983 -1.923309
8059 1444991614.806377 -17.845093 -14.583313 -132.33197 -0.382202 4.228821 -1.918671
8060 1444991614.816427 -17.724518 -14.669861 -132.219299 -0.382202 4.228821 -1.913452
8061 1444991614.826489 -17.644135 -14.626587 -131.993958 -0.38031 4.228821 -1.91925
8062 1444991614.836553 -17.845093 -14.669861 -132.219299 -0.383148 4.229767 -1.911133
8063 1444991614.846624 -17.684326 -14.583313 -131.937622 -0.379364 4.228821 -1.915192
8064 1444991614.856646 -17.764709 -14.713135 -132.162964 -0.383148 4.230713 -1.903595
8065 1444991614.866716 -17.603943 -14.669861 -132.106628 -0.381256 4.225037 -1.907654
8066 1444991614.876781 -17.925476 -14.669861 -131.993958 -0.379364 4.233551 -1.909973
8067 1444991614.886847 -17.764709 -14.669861 -132.050293 -0.379364 4.229767 -1.909973
8068 1444991614.896911 -17.684326 -14.583313 -131.937622 -0.377472 4.229767 -1.905914
8069 1444991614.907102 -17.885284 -14.626587 -131.881287 -0.377472 4.230713 -1.911713
8070 1444991614.917170 -17.644135 -14.669861 -131.881287 -0.378418 4.224091 -1.916351
8071 1444991614.927421 -17.764709 -14.626587 -131.937622 -0.379364 4.225983 -1.92041
8072 1444991614.937482 -17.804901 -14.626587 -131.937622 -0.378418 4.229767 -1.912872
8073 1444991614.947544 -17.644135 -14.540039 -131.993958 -0.377472 4.225037 -1.917511
8074 1444991614.957607 -17.925476 -14.626587 -132.219299 -0.379364 4.227875 -1.916351
8075 1444991614.967670 -17.804901 -14.713135 -131.993958 -0.381256 4.225983 -1.92099
8076 1444991614.977731 -17.724518 -14.669861 -132.219299 -0.383148 4.226929 -1.918091
8077 1444991614.987794 -17.845093 -14.496765 -132.162964 -0.379364 4.226929 -1.92215
8078 1444991614.997856 -17.644135 -14.583313 -132.162964 -0.381256 4.220306 -1.92157
8079 1444991615.007918 -17.965668 -14.669861 -132.162964 -0.383148 4.226929 -1.908234
8080 1444991615.017979 -17.724518 -14.626587 -131.993958 -0.379364 4.225037 -1.918091
8081 1444991615.028042 -17.845093 -14.713135 -132.050293 -0.382202 4.226929 -1.907074
8082 1444991615.038103 -17.724518 -14.669861 -132.050293 -0.38031 4.221252 -1.917511
8083 1444991615.048167 -17.845093 -14.583313 -131.824951 -0.377472 4.228821 -1.908234
8084 1444991615.058243 -17.764709 -14.583313 -132.050293 -0.38031 4.225037 -1.905334
8085 1444991615.068309 -17.724518 -14.669861 -131.937622 -0.378418 4.225983 -1.911133
8086 1444991615.078369 -17.885284 -14.713135 -131.768616 -0.376526 4.228821 -1.905334
8087 1444991615.088431 -17.724518 -14.540039 -131.993958 -0.378418 4.223145 -1.914032
8088 1444991615.098491 -17.804901 -14.669861 -131.768616 -0.378418 4.225037 -1.917511
8089 1444991615.108552 -17.804901 -14.583313 -131.993958 -0.379364 4.225983 -1.910553
8090 1444991615.118640 -17.845093 -14.669861 -132.050293 -0.38031 4.224091 -1.915192
8091 1444991615.128702 -17.885284 -14.669861 -131.937622 -0.38031 4.225983 -1.916351
8092 1444991615.138764 -17.724518 -14.496765 -132.050293 -0.378418 4.225037 -1.923889
8093 1444991615.148826 -17.724518 -14.713135 -132.219299 -0.381256 4.223145 -1.918091
8094 1444991615.158889 -17.563751 -14.669861 -132.275635 -0.383148 4.223145 -1.91983
8095 1444991615.168949 -17.764709 -14.540039 -132.050293 -0.378418 4.225983 -1.91925
8096 1444991615.179010 -17.724518 -14.756409 -132.219299 -0.38504 4.225983 -1.915771
8097 1444991615.189087 -17.684326 -14.626587 -131.937622 -0.381256 4.226929 -1.912872
8098 1444991615.199148 -17.764709 -14.626587 -132.162964 -0.382202 4.227875 -1.916351
8099 1444991615.209210 -17.885284 -14.713135 -132.275635 -0.382202 4.230713 -1.914032
8100 1444991615.219251 -17.724518 -14.626587 -131.768616 -0.378418 4.229767 -1.915192
8101 1444991615.229315 -17.764709 -14.626587 -131.937622 -0.378418 4.228821 -1.912872
8102 1444991615.239379 -17.845093 -14.713135 -131.993958 -0.379364 4.229767 -1.910553
8103 1444991615.249448 -17.804901 -14.540039 -131.824951 -0.377472 4.231659 -1.909393
8104 1444991615.259531 -17.885284 -14.669861 -132.050293 -0.379364 4.231659 -1.907074
8105 1444991615.269631 -17.804901 -14.583313 -131.768616 -0.377472 4.230713 -1.908234
8106 1444991615.279671 -17.764709 -14.496765 -132.106628 -0.377472 4.228821 -1.92157
8107 1444991615.289770 -18.005859 -14.626587 -132.106628 -0.379364 4.235443 -1.913452
8108 1444991615.299972 -17.764709 -14.626587 -131.937622 -0.379364 4.229767 -1.916351
8109 1444991615.310059 -17.684326 -14.669861 -132.162964 -0.382202 4.226929 -1.917511
8110 1444991615.320182 -17.644135 -14.669861 -132.275635 -0.379364 4.227875 -1.923309
8111 1444991615.330258 -17.925476 -14.626587 -131.993958 -0.379364 4.231659 -1.918671
8112 1444991615.340305 -17.684326 -14.626587 -132.106628 -0.379364 4.226929 -1.91925
8113 1444991615.350366 -17.885284 -14.583313 -131.937622 -0.377472 4.227875 -1.91925
8114 1444991615.360427 -17.684326 -14.583313 -132.050293 -0.379364 4.225983 -1.918091
8115 1444991615.370516 -17.724518 -14.583313 -132.219299 -0.378418 4.226929 -1.92215
8116 1444991615.380559 -17.764709 -14.713135 -132.106628 -0.38031 4.228821 -1.917511
8117 1444991615.390620 -17.724518 -14.540039 -131.993958 -0.379364 4.227875 -1.918091
8118 1444991615.400686 -17.804901 -14.669861 -131.937622 -0.381256 4.227875 -1.911133
8119 1444991615.410827 -17.764709 -14.583313 -132.050293 -0.379364 4.228821 -1.912292
8120 1444991615.420890 -17.804901 -14.669861 -131.937622 -0.379364 4.228821 -1.908234
8121 1444991615.430959 -17.764709 -14.626587 -131.937622 -0.378418 4.227875 -1.918091
8122 1444991615.441003 -17.644135 -14.669861 -132.106628 -0.381256 4.225037 -1.912872
8123 1444991615.451047 -17.965668 -14.669861 -131.937622 -0.38031 4.229767 -1.907074
8124 1444991615.461130 -17.603943 -14.540039 -132.106628 -0.377472 4.225983 -1.915192
8125 1444991615.471193 -17.845093 -14.713135 -131.993958 -0.381256 4.226929 -1.905914
8126 1444991615.481264 -17.684326 -14.626587 -132.050293 -0.379364 4.224091 -1.92099
8127 1444991615.491339 -17.845093 -14.713135 -132.275635 -0.38031 4.225037 -1.910553
8128 1444991615.501401 -17.764709 -14.669861 -131.993958 -0.381256 4.224091 -1.91925
8129 1444991615.511536 -17.764709 -14.669861 -132.219299 -0.383148 4.224091 -1.917511
8130 1444991615.521599 -17.845093 -14.669861 -132.050293 -0.381256 4.227875 -1.915771
8131 1444991615.531671 -17.764709 -14.626587 -132.162964 -0.38031 4.225037 -1.92215
8132 1444991615.541734 -17.965668 -14.669861 -132.050293 -0.38031 4.228821 -1.91983
8133 1444991615.551795 -17.724518 -14.626587 -131.937622 -0.378418 4.225983 -1.923309
8134 1444991615.561871 -17.845093 -14.540039 -132.219299 -0.378418 4.226929 -1.916931
8135 1444991615.571946 -17.684326 -14.583313 -132.106628 -0.377472 4.223145 -1.91983
8136 1444991615.582005 -17.764709 -14.669861 -131.937622 -0.377472 4.226929 -1.918671
8137 1444991615.592067 -17.724518 -14.626587 -131.993958 -0.378418 4.223145 -1.914032
8138 1444991615.602092 -17.764709 -14.626587 -131.937622 -0.378418 4.225983 -1.917511
8139 1444991615.612155 -17.845093 -14.626587 -132.050293 -0.379364 4.228821 -1.911133
8140 1444991615.622218 -17.764709 -14.583313 -132.050293 -0.379364 4.225037 -1.914612
8141 1444991615.632284 -17.845093 -14.540039 -132.050293 -0.38031 4.228821 -1.905334
8142 1444991615.642437 -17.764709 -14.496765 -132.106628 -0.379364 4.227875 -1.914032
8143 1444991615.652482 -17.684326 -14.540039 -132.162964 -0.38031 4.225037 -1.917511
8144 1444991615.662681 -17.804901 -14.713135 -132.106628 -0.382202 4.226929 -1.91983
8145 1444991615.672742 -17.603943 -14.713135 -132.106628 -0.382202 4.225037 -1.92099
