7351 1444991608.172953 60.560852 100.244751 -100.616455 6.181641 3.407593 -0.718414
7352 1444991608.183122 60.521881 100.157959 -100.669861 6.182556 3.410339 -0.725952
7353 1444991608.193184 60.521881 100.114563 -100.723267 6.183472 3.413086 -0.719574
7354 1444991608.203343 60.48291 100.071167 -100.563049 6.187134 3.409424 -0.716675
7355 1444991608.213400 60.638794 100.114563 -100.93689 6.181641 3.41217 -0.723053
7356 1444991608.223464 60.521881 100.114563 -100.669861 6.181641 3.414917 -0.716095
7357 1444991608.233540 60.443939 100.201355 -101.097107 6.177979 3.413086 -0.720734
7358 1444991608.243601 60.560852 100.244751 -100.990295 6.170654 3.407593 -0.716675
7359 1444991608.253702 60.560852 100.071167 -101.097107 6.166992 3.414001 -0.716675
7360 1444991608.263747 60.599823 100.331543 -101.470947 6.168823 3.413086 -0.716095
7361 1444991608.273807 60.48291 100.244751 -101.31073 6.170654 3.404846 -0.715515
7362 1444991608.283867 60.677765 100.244751 -101.31073 6.17157 3.417664 -0.714935
7363 1444991608.293933 60.638794 100.201355 -101.097107 6.169739 3.416748 -0.710876
7364 1444991608.303993 60.560852 100.157959 -101.203918 6.174316 3.414917 -0.714355
7365 1444991608.314057 60.521881 100.201355 -101.097107 6.174316 3.413086 -0.709717
7366 1444991608.324118 60.599823 100.027771 -100.830078 6.17981 3.406677 -0.714355
7367 1444991608.334181 60.48291 99.984375 -100.883484 6.17157 3.416748 -0.712616
7368 1444991608.344246 60.560852 100.157959 -100.563049 6.187134 3.411255 -0.709137
7369 1444991608.354309 60.560852 100.071167 -100.563049 6.177979 3.411255 -0.717834
7370 1444991608.364382 60.560852 100.071167 -100.616455 6.177979 3.41217 -0.713776
7371 1444991608.374433 60.560852 100.114563 -100.563049 6.184387 3.403931 -0.722473
7372 1444991608.384496 60.48291 100.157959 -100.723267 6.177063 3.41217 -0.714935
7373 1444991608.394558 60.521881 100.114563 -100.669861 6.178894 3.415833 -0.716675
7374 1444991608.404637 60.521881 100.114563 -100.723267 6.181641 3.407593 -0.723053
7375 1444991608.414734 60.404968 100.157959 -100.990295 6.175232 3.414917 -0.714355
7376 1444991608.424768 60.560852 100.157959 -100.93689 6.178894 3.408508 -0.715515
7377 1444991608.434846 60.599823 100.071167 -101.257324 6.174316 3.409424 -0.718414
7378 1444991608.444908 60.521881 100.201355 -101.31073 6.17157 3.411255 -0.710876
7379 1444991608.455007 60.599823 100.157959 -101.257324 6.168823 3.405762 -0.720734
7380 1444991608.465045 60.638794 100.157959 -101.31073 6.166077 3.413086 -0.712036
7381 1444991608.475107 60.560852 100.288147 -101.043701 6.166992 3.413086 -0.714355
7382 1444991608.485172 60.638794 100.201355 -101.203918 6.172485 3.407593 -0.717834
7383 1444991608.495241 60.638794 100.157959 -101.31073 6.162415 3.414001 -0.710876
7384 1444991608.505303 60.443939 100.201355 -101.150513 6.177979 3.408508 -0.715515
7385 1444991608.515381 60.521881 100.244751 -100.93689 6.177979 3.413086 -0.718414
7386 1444991608.525443 60.521881 99.984375 -100.563049 6.17981 3.409424 -0.715515
7387 1444991608.535510 60.560852 100.071167 -100.563049 6.181641 3.410339 -0.708557
7388 1444991608.545573 60.560852 100.157959 -100.402832 6.183472 3.409424 -0.713196
7389 1444991608.555647 60.599823 100.114563 -100.509644 6.184387 3.414001 -0.709137
7390 1444991608.565687 60.599823 100.157959 -100.509644 6.186218 3.403931 -0.717834
7391 1444991608.575751 60.599823 100.114563 -100.776672 6.177063 3.411255 -0.710297
7392 1444991608.585814 60.48291 100.027771 -100.563049 6.177979 3.407593 -0.722473
7393 1444991608.595898 60.521881 100.244751 -101.043701 6.177979 3.408508 -0.716095
7394 1444991608.605994 60.638794 100.114563 -101.043701 6.177979 3.406677 -0.718414
7395 1444991608.616095 60.599823 100.157959 -101.150513 6.17157 3.408508 -0.722473
7396 1444991608.626174 60.599823 100.114563 -100.990295 6.172485 3.408508 -0.713196
7397 1444991608.636236 60.521881 100.201355 -101.31073 6.172485 3.409424 -0.716095
7398 1444991608.646298 60.599823 100.244751 -101.203918 6.177063 3.404846 -0.718414
7399 1444991608.656361 60.638794 100.157959 -101.364136 6.170654 3.408508 -0.713196
7400 1444991608.666423 60.677765 100.114563 -101.150513 6.169739 3.4021 -0.719574
7401 1444991608.676486 60.521881 100.114563 -101.364136 6.167908 3.410339 -0.710297
7402 1444991608.686547 60.638794 100.201355 -101.150513 6.169739 3.409424 -0.712036
7403 1444991608.696610 60.443939 100.027771 -100.990295 6.172485 3.4021 -0.717255
7404 1444991608.706674 60.560852 100.157959 -100.990295 6.17157 3.408508 -0.707397
7405 1444991608.716752 60.404968 100.114563 -100.723267 6.177979 3.406677 -0.717255
7406 1444991608.726815 60.638794 100.114563 -100.509644 6.182556 3.404846 -0.715515
7407 1444991608.736878 60.599823 100.027771 -100.93689 6.177063 3.409424 -0.713196
7408 1444991608.746943 60.599823 100.071167 -100.402832 6.17981 3.400269 -0.712036
7409 1444991608.757021 60.521881 100.027771 -100.669861 6.183472 3.411255 -0.714355
7410 1444991608.767115 60.404968 100.114563 -100.776672 6.17981 3.413086 -0.713196
7411 1444991608.777180 60.560852 100.201355 -100.509644 6.186218 3.401184 -0.716675
7412 1444991608.787242 60.599823 100.201355 -100.990295 6.176147 3.406677 -0.719574
7413 1444991608.797305 60.560852 100.071167 -100.93689 6.173401 3.41217 -0.712036
7414 1444991608.807367 60.521881 100.201355 -100.723267 6.175232 3.403015 -0.719574
7415 1444991608.817431 60.560852 100.201355 -101.524353 6.167908 3.408508 -0.710876
7416 1444991608.827493 60.521881 100.244751 -101.097107 6.169739 3.405762 -0.715515
7417 1444991608.837554 60.560852 100.244751 -101.524353 6.170654 3.410339 -0.713776
7418 1444991608.847620 60.560852 100.374939 -101.257324 6.173401 3.405762 -0.714355
7419 1444991608.857711 60.638794 100.157959 -100.883484 6.177979 3.405762 -0.717255
7420 1444991608.867773 60.599823 100.201355 -101.257324 6.170654 3.415833 -0.714355
7421 1444991608.877844 60.48291 100.157959 -101.043701 6.177979 3.408508 -0.717834
7422 1444991608.887876 60.521881 100.157959 -100.669861 6.17981 3.404846 -0.716095
7423 1444991608.897938 60.560852 100.244751 -100.93689 6.175232 3.413086 -0.712616
7424 1444991608.908002 60.560852 100.071167 -100.563049 6.180725 3.4021 -0.718414
7425 1444991608.918109 60.560852 99.984375 -100.776672 6.174316 3.410339 -0.709717
7426 1444991608.928134 60.521881 100.071167 -100.509644 6.17981 3.409424 -0.713776
7427 1444991608.938221 60.48291 100.114563 -100.669861 6.183472 3.407593 -0.718994
7428 1444991608.948283 60.443939 100.157959 -100.669861 6.17981 3.418579 -0.703339
7429 1444991608.958347 60.560852 100.157959 -100.349426 6.187134 3.406677 -0.718994
7430 1444991608.968410 60.443939 100.114563 -100.669861 6.17981 3.411255 -0.707397
7431 1444991608.978471 60.560852 100.201355 -100.93689 6.17981 3.414001 -0.714935
7432 1444991608.988533 60.716736 100.157959 -100.830078 6.17157 3.405762 -0.714355
7433 1444991608.998570 60.560852 100.201355 -101.203918 6.17157 3.413086 -0.710297
7434 1444991609.008639 60.638794 100.244751 -101.203918 6.17157 3.408508 -0.714355
7435 1444991609.018702 60.521881 100.244751 -101.203918 6.17157 3.409424 -0.713776
7436 1444991609.028765 60.638794 100.288147 -101.150513 6.170654 3.411255 -0.716095
7437 1444991609.038853 60.521881 100.201355 -101.31073 6.168823 3.406677 -0.713776
7438 1444991609.048915 60.560852 100.114563 -101.203918 6.169739 3.407593 -0.715515
7439 1444991609.058979 60.599823 100.071167 -101.257324 6.172485 3.411255 -0.720734
7440 1444991609.069088 60.521881 100.157959 -101.043701 6.173401 3.411255 -0.713776
7441 1444991609.079133 60.521881 100.157959 -100.830078 6.177979 3.406677 -0.716095
7442 1444991609.089195 60.560852 100.201355 -100.830078 6.178894 3.405762 -0.716675
7443 1444991609.099259 60.443939 100.157959 -100.563049 6.17981 3.407593 -0.716675
7444 1444991609.109346 60.560852 100.201355 -100.723267 6.17981 3.405762 -0.712616
7445 1444991609.119458 60.48291 100.027771 -100.669861 6.178894 3.408508 -0.720734
7446 1444991609.129547 60.560852 99.940979 -100.509644 6.177063 3.403015 -0.712616
7447 1444991609.139642 60.521881 100.071167 -100.830078 6.177063 3.403931 -0.715515
7448 1444991609.149714 60.48291 100.114563 -100.723267 6.176147 3.410339 -0.710297
7449 1444991609.159777 60.560852 100.244751 -100.669861 6.184387 3.403015 -0.716095
7450 1444991609.169841 60.443939 100.114563 -100.883484 6.177063 3.409424 -0.710297
7451 1444991609.179904 60.560852 100.071167 -100.776672 6.175232 3.405762 -0.714935
7452 1444991609.189968 60.599823 100.201355 -101.043701 6.170654 3.410339 -0.713776
7453 1444991609.200031 60.677765 100.244751 -101.043701 6.175232 3.403015 -0.713196
7454 1444991609.210094 60.638794 100.114563 -101.257324 6.167908 3.4021 -0.719574
7455 1444991609.220154 60.48291 100.201355 -101.203918 6.169739 3.411255 -0.712616
7456 1444991609.230216 60.560852 100.244751 -101.097107 6.167908 3.404846 -0.719574
7457 1444991609.240278 60.560852 100.331543 -101.31073 6.170654 3.406677 -0.717255
7458 1444991609.250339 60.677765 100.201355 -101.150513 6.17157 3.403015 -0.713196
7459 1444991609.260370 60.716736 100.157959 -100.93689 6.177979 3.4021 -0.722473
7460 1444991609.270427 60.638794 100.201355 -100.990295 6.175232 3.41217 -0.715515
7461 1444991609.280487 60.521881 100.244751 -100.723267 6.183472 3.399353 -0.714355
7462 1444991609.290549 60.677765 100.071167 -100.616455 6.177979 3.400269 -0.723053
7463 1444991609.300611 60.560852 99.984375 -100.616455 6.177063 3.406677 -0.719574
7464 1444991609.310671 60.48291 100.157959 -100.723267 6.182556 3.406677 -0.717834
7465 1444991609.320757 60.599823 100.201355 -100.830078 6.176147 3.408508 -0.716675
7466 1444991609.330818 60.560852 100.071167 -100.616455 6.175232 3.405762 -0.715515
7467 1444991609.340879 60.521881 100.114563 -100.830078 6.177063 3.4021 -0.717834
7468 1444991609.350930 60.48291 100.244751 -100.830078 6.178894 3.404846 -0.712616
7469 1444991609.361000 60.599823 100.201355 -100.723267 6.176147 3.403931 -0.718414
7470 1444991609.371068 60.560852 100.157959 -100.830078 6.172485 3.410339 -0.710876
7471 1444991609.381121 60.599823 100.201355 -101.097107 6.172485 3.404846 -0.715515
7472 1444991609.391183 60.521881 100.157959 -100.990295 6.174316 3.405762 -0.720154
7473 1444991609.401206 60.48291 100.201355 -101.043701 6.172485 3.406677 -0.711456
7474 1444991609.411369 60.560852 100.201355 -101.150513 6.172485 3.407593 -0.719574
7475 1444991609.421408 60.599823 100.114563 -101.043701 6.168823 3.403015 -0.718994
7476 1444991609.431471 60.638794 100.201355 -101.043701 6.173401 3.407593 -0.713196
7477 1444991609.441532 60.560852 100.201355 -101.097107 6.170654 3.405762 -0.724792
7478 1444991609.451595 60.443939 100.071167 -101.043701 6.174316 3.411255 -0.717255
7479 1444991609.461655 60.560852 100.201355 -100.830078 6.176147 3.404846 -0.717834
7480 1444991609.471717 60.560852 100.157959 -100.776672 6.183472 3.404846 -0.721313
7481 1444991609.481778 60.560852 100.157959 -100.776672 6.178894 3.405762 -0.718994
7482 1444991609.491839 60.521881 100.071167 -100.883484 6.178894 3.404846 -0.716095
7483 1444991609.501900 60.48291 100.157959 -100.509644 6.177979 3.407593 -0.719574
7484 1444991609.511962 60.599823 100.201355 -100.509644 6.184387 3.403931 -0.716675
7485 1444991609.522026 60.48291 100.244751 -100.776672 6.177979 3.406677 -0.714355
7486 1444991609.532088 60.48291 100.201355 -100.93689 6.175232 3.406677 -0.717834
7487 1444991609.542149 60.560852 100.114563 -100.669861 6.177063 3.406677 -0.717834
7488 1444991609.552211 60.599823 100.244751 -100.883484 6.175232 3.410339 -0.715515
7489 1444991609.562273 60.48291 100.201355 -100.776672 6.174316 3.408508 -0.712036
7490 1444991609.572335 60.521881 100.244751 -101.150513 6.173401 3.404846 -0.715515
7491 1444991609.582398 60.638794 100.201355 -100.830078 6.170654 3.406677 -0.713776
7492 1444991609.592459 60.599823 100.114563 -100.990295 6.170654 3.410339 -0.714355
7493 1444991609.602521 60.365997 100.071167 -100.883484 6.170654 3.411255 -0.717834
7494 1444991609.612581 60.599823 100.157959 -100.93689 6.17157 3.4021 -0.714935
7495 1444991609.622645 60.521881 100.114563 -100.830078 6.174316 3.406677 -0.717834
7496 1444991609.632710 60.599823 100.027771 -100.990295 6.174316 3.404846 -0.723633
7497 1444991609.642772 60.560852 100.201355 -101.043701 6.176147 3.407593 -0.716095
7498 1444991609.652835 60.404968 100.157959 -100.776672 6.177979 3.405762 -0.719574
7499 1444991609.662898 60.48291 100.244751 -101.043701 6.178894 3.403015 -0.725952
7500 1444991609.672933 60.48291 100.201355 -100.776672 6.180725 3.403931 -0.718414
7501 1444991609.682996 60.599823 100.114563 -100.830078 6.177979 3.4021 -0.721313
7502 1444991609.693059 60.560852 100.114563 -100.93689 6.175232 3.4021 -0.718414
7503 1444991609.703120 60.599823 100.201355 -100.616455 6.184387 3.398438 -0.720154
7504 1444991609.713191 60.599823 100.201355 -100.990295 6.180725 3.403931 -0.720154
7505 1444991609.723253 60.443939 100.201355 -101.097107 6.177979 3.407593 -0.712616
7506 1444991609.733314 60.48291 100.201355 -100.93689 6.176147 3.405762 -0.718994
7507 1444991609.743376 60.560852 99.940979 -100.93689 6.167908 3.408508 -0.718994
7508 1444991609.753462 60.521881 100.071167 -101.043701 6.173401 3.405762 -0.712616
7509 1444991609.763531 60.677765 100.288147 -101.31073 6.17157 3.398438 -0.717255
7510 1444991609.773573 60.560852 100.244751 -101.150513 6.17157 3.406677 -0.718414
7511 1444991609.783627 60.48291 100.201355 -101.150513 6.17157 3.406677 -0.716675
7512 1444991609.793694 60.599823 100.331543 -101.203918 6.175232 3.400269 -0.720734
7513 1444991609.803755 60.521881 100.114563 -101.043701 6.174316 3.403931 -0.720154
7514 1444991609.813817 60.599823 100.201355 -100.990295 6.175232 3.4021 -0.720734
7515 1444991609.823880 60.677765 100.244751 -101.097107 6.172485 3.405762 -0.718994
7516 1444991609.833940 60.560852 100.157959 -100.669861 6.183472 3.401184 -0.725372
7517 1444991609.844002 60.521881 100.244751 -100.990295 6.177979 3.408508 -0.718414
7518 1444991609.854063 60.560852 100.201355 -100.990295 6.17981 3.401184 -0.719574
7519 1444991609.864127 60.521881 100.157959 -100.669861 6.177063 3.403015 -0.717834
7520 1444991609.874186 60.48291 100.027771 -100.776672 6.177063 3.405762 -0.720154
7521 1444991609.884250 60.677765 100.114563 -100.830078 6.177979 3.401184 -0.713776
7522 1444991609.894312 60.599823 99.984375 -100.830078 6.176147 3.401184 -0.721313
7523 1444991609.904389 60.48291 100.071167 -100.93689 6.174316 3.413086 -0.710876
7524 1444991609.914463 60.48291 100.071167 -100.830078 6.178894 3.404846 -0.718414
7525 1444991609.924523 60.560852 100.157959 -101.150513 6.176147 3.410339 -0.717255
7526 1444991609.934585 60.599823 100.114563 -101.150513 6.170654 3.403931 -0.708557
7527 1444991609.944648 60.560852 100.201355 -101.097107 6.177063 3.41217 -0.716095
7528 1444991609.954715 60.48291 100.157959 -101.097107 6.170654 3.406677 -0.716095
7529 1444991609.964744 60.638794 100.201355 -101.097107 6.17157 3.407593 -0.716675
7530 1444991609.974760 60.521881 100.201355 -100.990295 6.170654 3.404846 -0.717834
7531 1444991609.984825 60.599823 100.157959 -100.93689 6.174316 3.405762 -0.718994
7532 1444991609.994886 60.48291 100.288147 -100.990295 6.176147 3.407593 -0.720154
7533 1444991610.004912 60.638794 100.244751 -100.990295 6.17981 3.4021 -0.724213
7534 1444991610.014974 60.716736 100.244751 -101.097107 6.172485 3.404846 -0.720734
7535 1444991610.025037 60.677765 100.288147 -100.776672 6.180725 3.401184 -0.725372
7536 1444991610.035101 60.443939 100.157959 -100.776672 6.176147 3.405762 -0.717834
7537 1444991610.045164 60.560852 100.071167 -100.93689 6.175232 3.406677 -0.725952
7538 1444991610.055238 60.560852 100.114563 -100.616455 6.181641 3.400269 -0.727692
7539 1444991610.065301 60.48291 100.157959 -100.830078 6.17981 3.408508 -0.714935
7540 1444991610.075363 60.48291 100.201355 -100.723267 6.17981 3.403931 -0.728851
7541 1444991610.085427 60.521881 100.157959 -100.830078 6.178894 3.404846 -0.725372
7542 1444991610.095490 60.560852 100.157959 -100.990295 6.173401 3.408508 -0.716095
7543 1444991610.105575 60.638794 100.244751 -101.043701 6.176147 3.403015 -0.724792
7544 1444991610.115638 60.560852 100.157959 -101.043701 6.17157 3.408508 -0.718414
7545 1444991610.125701 60.560852 100.201355 -100.990295 6.177979 3.407593 -0.718994
7546 1444991610.135763 60.638794 100.201355 -100.883484 6.170654 3.403931 -0.718414
7547 1444991610.145824 60.599823 100.157959 -101.097107 6.168823 3.41217 -0.717255
7548 1444991610.155887 60.521881 100.071167 -100.830078 6.173401 3.404846 -0.720154
7549 1444991610.165963 60.365997 100.157959 -101.043701 6.173401 3.408508 -0.720154
7550 1444991610.176050 60.638794 100.157959 -100.990295 6.174316 3.403931 -0.720154
7551 1444991610.186108 60.599823 100.114563 -101.043701 6.175232 3.403015 -0.725952
7552 1444991610.196262 60.560852 100.201355 -100.830078 6.174316 3.4021 -0.724213
7553 1444991610.206303 60.443939 100.288147 -101.150513 6.180725 3.4021 -0.728271
7554 1444991610.216369 60.48291 100.201355 -100.776672 6.177979 3.39386 -0.725952
7555 1444991610.226431 60.521881 100.244751 -100.93689 6.177063 3.408508 -0.724213
7556 1444991610.236493 60.599823 100.201355 -100.990295 6.180725 3.396606 -0.728851
7557 1444991610.246562 60.560852 100.201355 -100.883484 6.180725 3.401184 -0.723053
7558 1444991610.256640 60.521881 100.244751 -101.043701 6.176147 3.397522 -0.724792
7559 1444991610.266685 60.443939 100.201355 -100.990295 6.178894 3.398438 -0.724213
7560 1444991610.276748 60.521881 100.201355 -101.097107 6.176147 3.400269 -0.725952
7561 1444991610.286811 60.521881 100.331543 -101.097107 6.175232 3.403015 -0.724792
7562 1444991610.296872 60.638794 100.157959 -100.990295 6.17157 3.395691 -0.725372
7563 1444991610.306938 60.638794 100.201355 -101.203918 6.172485 3.403015 -0.718414
7564 1444991610.317000 60.48291 100.201355 -101.257324 6.173401 3.403015 -0.721313
7565 1444991610.327061 60.521881 100.244751 -101.043701 6.175232 3.403015 -0.721893
7566 1444991610.337124 60.404968 100.331543 -100.990295 6.175232 3.400269 -0.714935
7567 1444991610.347184 60.560852 100.244751 -101.203918 6.173401 3.403015 -0.720734
7568 1444991610.357246 60.560852 100.071167 -101.043701 6.174316 3.403015 -0.721313
7569 1444991610.367308 60.599823 100.114563 -100.990295 6.174316 3.401184 -0.720154
7570 1444991610.377371 60.560852 100.201355 -101.097107 6.176147 3.399353 -0.724213
7571 1444991610.387436 60.48291 100.244751 -100.616455 6.17981 3.398438 -0.723053
7572 1444991610.397496 60.560852 100.244751 -100.883484 6.176147 3.397522 -0.720734
7573 1444991610.407574 60.521881 100.288147 -100.93689 6.178894 3.397522 -0.727692
7574 1444991610.417638 60.443939 100.114563 -100.93689 6.177063 3.399353 -0.726532
7575 1444991610.427698 60.48291 100.157959 -100.776672 6.178894 3.396606 -0.731171
7576 1444991610.437722 60.560852 100.288147 -100.93689 6.17981 3.400269 -0.727112
7577 1444991610.447783 60.677765 100.114563 -101.150513 6.175232 3.394775 -0.725372
7578 1444991610.457846 60.48291 100.201355 -101.043701 6.178894 3.396606 -0.724792
7579 1444991610.467860 60.560852 100.244751 -100.830078 6.17981 3.399353 -0.73175
7580 1444991610.477928 60.48291 100.288147 -100.990295 6.176147 3.403931 -0.724792
7581 1444991610.487992 60.638794 100.244751 -101.043701 6.175232 3.398438 -0.725952
7582 1444991610.498054 60.638794 100.201355 -101.097107 6.175232 3.4021 -0.726532
7583 1444991610.508131 60.638794 100.244751 -101.043701 6.169739 3.401184 -0.724792
7584 1444991610.518184 60.521881 100.201355 -101.097107 6.175232 3.401184 -0.727692
7585 1444991610.528246 60.638794 100.331543 -101.043701 6.172485 3.403015 -0.718994
7586 1444991610.538314 60.521881 100.244751 -101.043701 6.173401 3.404846 -0.724213
7587 1444991610.548375 60.48291 100.201355 -100.93689 6.175232 3.398438 -0.724792
7588 1444991610.558437 60.521881 100.201355 -100.883484 6.174316 3.407593 -0.721313
7589 1444991610.568498 60.599823 100.114563 -100.883484 6.182556 3.401184 -0.731171
7590 1444991610.578558 60.521881 100.288147 -100.93689 6.178894 3.399353 -0.724792
7591 1444991610.588621 60.521881 100.201355 -100.776672 6.177979 3.399353 -0.729431
7592 1444991610.598680 60.48291 100.157959 -100.723267 6.180725 3.4021 -0.726532
7593 1444991610.608749 60.48291 100.201355 -100.776672 6.177063 3.401184 -0.728271
7594 1444991610.618811 60.443939 100.331543 -100.93689 6.180725 3.400269 -0.730011
7595 1444991610.628871 60.521881 100.114563 -100.723267 6.173401 3.399353 -0.722473
7596 1444991610.638931 60.560852 100.201355 -101.043701 6.176147 3.403931 -0.73349
7597 1444991610.648992 60.48291 100.288147 -100.883484 6.174316 3.397522 -0.727112
7598 1444991610.659054 60.521881 100.201355 -100.830078 6.177979 3.396606 -0.728271
7599 1444991610.669091 60.599823 100.244751 -101.043701 6.174316 3.399353 -0.723633
7600 1444991610.679154 60.48291 100.157959 -101.097107 6.172485 3.397522 -0.731171
7601 1444991610.689202 60.638794 100.201355 -100.616455 6.176147 3.403015 -0.720154
7602 1444991610.699262 60.521881 100.201355 -101.203918 6.173401 3.398438 -0.727692
7603 1444991610.709325 60.560852 100.244751 -100.990295 6.175232 3.403015 -0.725372
7604 1444991610.719389 60.560852 100.244751 -101.043701 6.168823 3.400269 -0.721893
7605 1444991610.729475 60.521881 100.157959 -100.883484 6.173401 3.398438 -0.723053
7606 1444991610.739522 60.560852 100.331543 -100.776672 6.176147 3.398438 -0.728271
7607 1444991610.749587 60.521881 100.244751 -100.830078 6.177063 3.395691 -0.725952
7608 1444991610.759632 60.521881 100.157959 -100.883484 6.177979 3.395691 -0.723053
7609 1444991610.769693 60.560852 100.288147 -100.93689 6.177063 3.394775 -0.727112
7610 1444991610.779807 60.48291 100.201355 -100.776672 6.180725 3.392944 -0.728271
7611 1444991610.789869 60.48291 100.114563 -100.830078 6.182556 3.392029 -0.73291
7612 1444991610.799930 60.48291 100.201355 -100.883484 6.177979 3.399353 -0.725372
7613 1444991610.810017 60.560852 100.244751 -100.990295 6.178894 3.392944 -0.73175
7614 1444991610.820082 60.560852 100.114563 -100.93689 6.173401 3.400269 -0.731171
7615 1444991610.830144 60.48291 100.331543 -100.93689 6.176147 3.391113 -0.727692
7616 1444991610.840206 60.560852 100.244751 -100.93689 6.177979 3.392029 -0.73175
7617 1444991610.850267 60.560852 100.244751 -100.990295 6.173401 3.399353 -0.73175
7618 1444991610.860328 60.521881 100.244751 -100.883484 6.175232 3.392029 -0.726532
7619 1444991610.870391 60.560852 100.201355 -100.883484 6.175232 3.394775 -0.729431
7620 1444991610.880452 60.521881 100.201355 -100.883484 6.173401 3.4021 -0.725952
7621 1444991610.890499 60.48291 100.114563 -100.616455 6.17157 3.395691 -0.728851
7622 1444991610.900560 60.638794 100.157959 -101.097107 6.175232 3.400269 -0.724792
7623 1444991610.910622 60.48291 100.331543 -101.150513 6.175232 3.392944 -0.728851
7624 1444991610.920683 60.560852 100.157959 -100.830078 6.17157 3.398438 -0.725952
7625 1444991610.930771 60.560852 100.244751 -100.990295 6.174316 3.399353 -0.728851
7626 1444991610.940807 60.48291 100.201355 -100.93689 6.176147 3.397522 -0.728851
7627 1444991610.950871 60.48291 100.244751 -100.93689 6.17981 3.396606 -0.73175
7628 1444991610.960934 60.560852 100.331543 -100.883484 6.182556 3.399353 -0.73407
7629 1444991610.970970 60.560852 100.201355 -100.883484 6.177063 3.396606 -0.724792
7630 1444991610.981031 60.599823 100.201355 -100.883484 6.183472 3.389282 -0.737549
7631 1444991610.991142 60.48291 100.244751 -100.616455 6.17981 3.396606 -0.726532
7632 1444991611.001204 60.48291 100.201355 -100.990295 6.176147 3.397522 -0.728271
7633 1444991611.011300 60.48291 100.114563 -100.563049 6.181641 3.399353 -0.736389
7634 1444991611.021362 60.48291 100.244751 -101.043701 6.177979 3.399353 -0.726532
7635 1444991611.031424 60.443939 100.157959 -100.93689 6.176147 3.394775 -0.73407
7636 1444991611.041485 60.443939 100.331543 -100.883484 6.177979 3.398438 -0.73291
7637 1444991611.051547 60.443939 100.114563 -101.043701 6.172485 3.399353 -0.731171
7638 1444991611.061602 60.560852 100.331543 -101.097107 6.174316 3.392944 -0.729431
7639 1444991611.071664 60.599823 100.331543 -101.257324 6.172485 3.396606 -0.73407
7640 1444991611.081727 60.404968 100.201355 -100.883484 6.175232 3.400269 -0.728271
7641 1444991611.091788 60.599823 100.244751 -100.990295 6.177979 3.395691 -0.727692
7642 1444991611.101849 60.443939 100.157959 -100.990295 6.175232 3.398438 -0.728851
7643 1444991611.111913 60.560852 100.157959 -100.93689 6.177063 3.392029 -0.730011
7644 1444991611.121973 60.599823 100.331543 -101.043701 6.175232 3.397522 -0.727692
7645 1444991611.132036 60.560852 100.201355 -100.990295 6.178894 3.395691 -0.73349
7646 1444991611.142098 60.599823 100.201355 -100.776672 6.177979 3.392944 -0.73407
7647 1444991611.152160 60.560852 100.331543 -100.830078 6.174316 3.391113 -0.727692
7648 1444991611.162230 60.560852 100.201355 -100.616455 6.177063 3.395691 -0.73407
7649 1444991611.172296 60.443939 100.114563 -100.93689 6.177063 3.396606 -0.728851
7650 1444991611.182357 60.443939 100.201355 -100.93689 6.17981 3.39386 -0.727692
7651 1444991611.192419 60.560852 100.244751 -100.776672 6.178894 3.390198 -0.73233
7652 1444991611.202535 60.48291 100.244751 -100.776672 6.183472 3.399353 -0.73291
7653 1444991611.212656 60.521881 100.201355 -100.990295 6.175232 3.394775 -0.726532
7654 1444991611.222720 60.48291 100.288147 -101.043701 6.17981 3.392944 -0.730591
7655 1444991611.232783 60.48291 100.244751 -101.043701 6.176147 3.398438 -0.73407
7656 1444991611.242846 60.560852 100.244751 -101.043701 6.175232 3.392944 -0.726532
7657 1444991611.252907 60.638794 100.244751 -101.043701 6.168823 3.396606 -0.730011
7658 1444991611.262980 60.521881 100.201355 -100.883484 6.174316 3.395691 -0.728851
7659 1444991611.273040 60.560852 100.331543 -101.203918 6.170654 3.394775 -0.728271
7660 1444991611.283135 60.521881 100.071167 -100.990295 6.170654 3.390198 -0.728851
7661 1444991611.293166 60.521881 100.201355 -101.097107 6.172485 3.395691 -0.729431
7662 1444991611.303228 60.48291 100.201355 -100.776672 6.175232 3.398438 -0.726532
7663 1444991611.313291 60.48291 100.244751 -100.776672 6.177063 3.392029 -0.726532
7664 1444991611.323356 60.599823 100.244751 -101.043701 6.180725 3.39386 -0.731171
7665 1444991611.333418 60.521881 100.157959 -100.723267 6.178894 3.396606 -0.726532
7666 1444991611.343483 60.560852 100.157959 -100.669861 6.17981 3.386536 -0.73233
7667 1444991611.353558 60.521881 100.244751 -100.883484 6.177063 3.39386 -0.728271
7668 1444991611.363619 60.48291 100.244751 -100.669861 6.17981 3.392944 -0.725372
7669 1444991611.373681 60.638794 100.244751 -100.93689 6.17981 3.391113 -0.730591
7670 1444991611.383742 60.521881 100.244751 -100.723267 6.177979 3.392944 -0.731171
7671 1444991611.393803 60.560852 100.114563 -100.883484 6.175232 3.397522 -0.73233
7672 1444991611.403866 60.521881 100.244751 -101.043701 6.175232 3.397522 -0.725372
7673 1444991611.413928 60.443939 100.244751 -100.830078 6.17981 3.392029 -0.73233
7674 1444991611.423989 60.521881 100.244751 -101.043701 6.172485 3.394775 -0.728271
7675 1444991611.434052 60.404968 100.288147 -101.097107 6.175232 3.39386 -0.728851
7676 1444991611.444112 60.560852 100.374939 -101.31073 6.176147 3.394775 -0.73175
7677 1444991611.454174 60.48291 100.288147 -101.203918 6.173401 3.395691 -0.724792
7678 1444991611.464236 60.599823 100.331543 -100.93689 6.175232 3.392029 -0.731171
7679 1444991611.474296 60.48291 100.244751 -101.203918 6.174316 3.398438 -0.730011
7680 1444991611.484359 60.716736 100.244751 -101.203918 6.174316 3.392944 -0.729431
7681 1444991611.494438 60.443939 100.244751 -100.990295 6.177063 3.397522 -0.727112
7682 1444991611.504482 60.560852 100.244751 -100.93689 6.177979 3.39386 -0.73175
7683 1444991611.514560 60.599823 100.244751 -100.883484 6.178894 3.391113 -0.727692
7684 1444991611.524621 60.560852 100.288147 -100.883484 6.17981 3.392944 -0.728851
7685 1444991611.534681 60.560852 100.244751 -101.043701 6.180725 3.394775 -0.725372
7686 1444991611.544744 60.404968 100.201355 -100.723267 6.180725 3.396606 -0.729431
7687 1444991611.554807 60.560852 100.114563 -100.830078 6.177979 3.392029 -0.730011
7688 1444991611.564871 60.404968 100.201355 -100.830078 6.177063 3.4021 -0.724213
7689 1444991611.574933 60.48291 100.244751 -100.830078 6.183472 3.392029 -0.73233
7690 1444991611.584995 60.560852 100.244751 -100.93689 6.172485 3.394775 -0.725952
7691 1444991611.595056 60.404968 100.071167 -100.883484 6.175232 3.395691 -0.727692
7692 1444991611.605121 60.560852 100.157959 -100.883484 6.173401 3.397522 -0.727692
7693 1444991611.615176 60.560852 100.244751 -100.990295 6.17157 3.392944 -0.722473
7694 1444991611.625240 60.521881 100.288147 -101.097107 6.175232 3.390198 -0.73407
7695 1444991611.635303 60.443939 100.201355 -100.990295 6.172485 3.399353 -0.724213
7696 1444991611.645424 60.677765 100.244751 -101.097107 6.177063 3.395691 -0.729431
7697 1444991611.655488 60.677765 100.244751 -101.043701 6.175232 3.395691 -0.728851
7698 1444991611.665565 60.48291 100.157959 -100.93689 6.174316 3.391113 -0.727112
7699 1444991611.675657 60.48291 100.201355 -100.93689 6.175232 3.397522 -0.723053
7700 1444991611.685726 60.599823 100.201355 -100.93689 6.175232 3.392944 -0.730591
7701 1444991611.695788 60.599823 100.157959 -100.990295 6.173401 3.392944 -0.730011
7702 1444991611.705851 60.560852 100.157959 -100.883484 6.175232 3.391113 -0.728851
7703 1444991611.715920 60.48291 100.288147 -100.616455 6.180725 3.39386 -0.730591
7704 1444991611.725982 60.599823 100.244751 -101.043701 6.174316 3.39386 -0.730591
7705 1444991611.736042 60.599823 100.071167 -100.723267 6.178894 3.387451 -0.731171
7706 1444991611.746105 60.638794 100.157959 -100.669861 6.176147 3.395691 -0.725952
7707 1444991611.756169 60.443939 100.157959 -100.830078 6.177979 3.392944 -0.728851
7708 1444991611.766232 60.443939 100.157959 -100.830078 6.174316 3.39386 -0.727692
7709 1444991611.776293 60.48291 100.244751 -100.883484 6.176147 3.392029 -0.726532
7710 1444991611.786355 60.560852 100.288147 -100.883484 6.180725 3.390198 -0.731171
7711 1444991611.796416 60.560852 100.244751 -100.883484 6.175232 3.391113 -0.731171
7712 1444991611.806480 60.48291 100.201355 -100.93689 6.177063 3.392029 -0.727112
7713 1444991611.816538 60.638794 100.244751 -101.043701 6.174316 3.387451 -0.736389
7714 1444991611.826600 60.560852 100.331543 -101.203918 6.174316 3.391113 -0.725372
7715 1444991611.836661 60.48291 100.201355 -100.93689 6.17157 3.394775 -0.729431
7716 1444991611.846722 60.521881 100.288147 -101.097107 6.177979 3.391113 -0.73349
7717 1444991611.856787 60.521881 100.288147 -101.043701 6.172485 3.39386 -0.731171
7718 1444991611.866850 60.560852 100.201355 -100.883484 6.176147 3.387451 -0.728851
7719 1444991611.876911 60.599823 100.331543 -100.776672 6.177979 3.390198 -0.73233
7720 1444991611.886971 60.560852 100.201355 -100.990295 6.174316 3.392029 -0.727112
7721 1444991611.896996 60.443939 100.288147 -100.883484 6.172485 3.389282 -0.729431
7722 1444991611.907057 60.48291 100.201355 -100.883484 6.17981 3.389282 -0.728271
7723 1444991611.917121 60.48291 100.244751 -100.776672 6.177063 3.389282 -0.727112
7724 1444991611.927183 60.443939 100.418335 -100.93689 6.177979 3.39386 -0.728271
7725 1444991611.937243 60.48291 100.157959 -100.723267 6.176147 3.389282 -0.736969
7726 1444991611.947287 60.48291 100.244751 -101.097107 6.17981 3.388367 -0.735229
7727 1444991611.957308 60.521881 100.157959 -100.883484 6.173401 3.391113 -0.728271
7728 1444991611.967370 60.560852 100.157959 -100.830078 6.175232 3.392029 -0.728851
7729 1444991611.977431 60.521881 100.157959 -101.31073 6.175232 3.392944 -0.73291
7730 1444991611.987491 60.48291 100.201355 -100.990295 6.174316 3.389282 -0.723633
7731 1444991611.997552 60.599823 100.114563 -100.883484 6.177063 3.38562 -0.736969
7732 1444991612.007613 60.48291 100.201355 -101.097107 6.173401 3.396606 -0.730011
7733 1444991612.017676 60.48291 100.157959 -101.097107 6.17157 3.388367 -0.727692
7734 1444991612.027739 60.638794 100.114563 -101.150513 6.17157 3.388367 -0.73407
7735 1444991612.037782 60.443939 100.201355 -101.097107 6.166992 3.392944 -0.729431
7736 1444991612.047843 60.599823 100.244751 -100.93689 6.177979 3.388367 -0.731171
7737 1444991612.057933 60.48291 100.244751 -100.93689 6.173401 3.39386 -0.73175
7738 1444991612.067994 60.365997 100.244751 -101.097107 6.178894 3.388367 -0.73233
7739 1444991612.078059 60.560852 100.331543 -101.150513 6.180725 3.387451 -0.727112
7740 1444991612.088134 60.48291 100.201355 -100.830078 6.177979 3.394775 -0.73175
7741 1444991612.098195 60.443939 100.201355 -100.93689 6.17981 3.395691 -0.73233
7742 1444991612.108277 60.560852 100.331543 -100.883484 6.178894 3.387451 -0.730011
7743 1444991612.118340 60.521881 100.288147 -100.669861 6.17981 3.39386 -0.73233
7744 1444991612.128403 60.599823 100.201355 -100.883484 6.177063 3.39386 -0.728271
7745 1444991612.138466 60.48291 100.288147 -100.990295 6.175232 3.39386 -0.73291
7746 1444991612.148495 60.599823 100.288147 -100.93689 6.176147 3.38562 -0.73291
7747 1444991612.158559 60.677765 100.331543 -101.043701 6.175232 3.396606 -0.730011
7748 1444991612.168620 60.48291 100.288147 -100.990295 6.176147 3.396606 -0.728851
7749 1444991612.178649 60.327026 100.201355 -101.097107 6.172485 3.39386 -0.727692
7750 1444991612.188710 60.599823 100.114563 -101.257324 6.17157 3.392029 -0.729431
7751 1444991612.198773 60.560852 100.244751 -100.883484 6.177979 3.386536 -0.728271
7752 1444991612.208834 60.443939 100.201355 -101.364136 6.17157 3.391113 -0.73349
7753 1444991612.218897 60.521881 100.114563 -100.830078 6.177063 3.391113 -0.73175
7754 1444991612.228933 60.599823 100.331543 -101.150513 6.176147 3.39386 -0.728271
7755 1444991612.238994 60.365997 100.071167 -101.097107 6.170654 3.391113 -0.73349
7756 1444991612.249056 60.560852 100.288147 -100.830078 6.177979 3.390198 -0.729431
7757 1444991612.259119 60.521881 100.374939 -101.203918 6.173401 3.392944 -0.73407
7758 1444991612.269180 60.443939 100.114563 -101.150513 6.178894 3.389282 -0.73291
7759 1444991612.279240 60.638794 100.331543 -101.203918 6.181641 3.38562 -0.731171
7760 1444991612.289330 60.521881 100.288147 -101.097107 6.17981 3.392029 -0.73465
7761 1444991612.299392 60.599823 100.331543 -100.883484 6.178894 3.389282 -0.73349
7762 1444991612.309456 60.521881 100.114563 -100.776672 6.176147 3.389282 -0.729431
7763 1444991612.319517 60.521881 100.244751 -101.097107 6.176147 3.389282 -0.73175
7764 1444991612.329579 60.638794 100.157959 -100.830078 6.177979 3.383789 -0.729431
7765 1444991612.339639 60.560852 100.244751 -101.150513 6.172485 3.388367 -0.731171
7766 1444991612.349701 60.48291 100.244751 -100.990295 6.173401 3.38562 -0.730011
7767 1444991612.359798 60.48291 100.288147 -101.150513 6.176147 3.391113 -0.731171
7768 1444991612.369825 60.521881 100.288147 -101.097107 6.173401 3.387451 -0.731171
7769 1444991612.379891 60.521881 100.288147 -101.257324 6.176147 3.384705 -0.73349
7770 1444991612.389935 60.521881 100.201355 -101.203918 6.173401 3.38562 -0.727692
7771 1444991612.399988 60.404968 100.157959 -101.203918 6.174316 3.387451 -0.730011
7772 1444991612.410036 60.716736 100.157959 -101.097107 6.174316 3.389282 -0.731171
7773 1444991612.420096 60.327026 100.201355 -101.364136 6.173401 3.394775 -0.73291
7774 1444991612.430158 60.677765 100.288147 -101.203918 6.17981 3.381042 -0.73233
7775 1444991612.440223 60.443939 100.114563 -101.257324 6.172485 3.386536 -0.731171
7776 1444991612.450284 60.404968 100.201355 -101.150513 6.177063 3.392029 -0.73465
7777 1444991612.460347 60.560852 100.157959 -101.097107 6.175232 3.386536 -0.73233
7778 1444991612.470409 60.560852 100.114563 -100.830078 6.173401 3.383789 -0.73175
7779 1444991612.480470 60.599823 100.114563 -100.830078 6.177979 3.387451 -0.735809
7780 1444991612.490530 60.48291 100.114563 -100.990295 6.176147 3.389282 -0.727112
7781 1444991612.500594 60.521881 100.201355 -100.830078 6.176147 3.386536 -0.73175
7782 1444991612.510656 60.443939 100.244751 -100.93689 6.177063 3.388367 -0.730591
7783 1444991612.520720 60.365997 100.157959 -101.043701 6.177979 3.394775 -0.73175
7784 1444991612.530783 60.560852 100.244751 -101.150513 6.176147 3.392944 -0.727692
7785 1444991612.540842 60.560852 100.201355 -100.883484 6.177063 3.384705 -0.731171
7786 1444991612.550905 60.327026 100.157959 -101.097107 6.175232 3.391113 -0.731171
7787 1444991612.560966 60.599823 100.157959 -100.883484 6.17157 3.389282 -0.731171
7788 1444991612.571027 60.599823 100.244751 -101.203918 6.17157 3.388367 -0.73349
7789 1444991612.581096 60.48291 100.201355 -100.990295 6.17157 3.39386 -0.727692
7790 1444991612.591160 60.560852 100.114563 -101.043701 6.173401 3.391113 -0.735809
7791 1444991612.601222 60.560852 100.244751 -101.203918 6.172485 3.386536 -0.727692
7792 1444991612.611292 60.48291 100.244751 -101.417542 6.173401 3.392029 -0.73233
7793 1444991612.621363 60.48291 100.201355 -100.830078 6.176147 3.390198 -0.730591
7794 1444991612.631393 60.521881 100.288147 -101.150513 6.177063 3.389282 -0.728851
7795 1444991612.641453 60.521881 100.244751 -101.097107 6.173401 3.389282 -0.73291
7796 1444991612.651514 60.521881 100.244751 -100.776672 6.180725 3.389282 -0.728271
7797 1444991612.661574 60.48291 100.201355 -101.150513 6.175232 3.392944 -0.73175
7798 1444991612.671636 60.48291 100.288147 -100.883484 6.177063 3.391113 -0.73407
7799 1444991612.681723 60.638794 100.201355 -100.776672 6.178894 3.381042 -0.730591
7800 1444991612.691784 60.48291 100.114563 -101.150513 6.17157 3.390198 -0.731171
7801 1444991612.701846 60.560852 100.244751 -100.830078 6.182556 3.38562 -0.73175
7802 1444991612.711928 60.560852 100.114563 -101.043701 6.170654 3.391113 -0.730011
7803 1444991612.721973 60.443939 100.201355 -101.257324 6.17157 3.39386 -0.724213
7804 1444991612.732034 60.521881 100.157959 -100.990295 6.177979 3.384705 -0.73175
7805 1444991612.742096 60.48291 100.114563 -101.097107 6.173401 3.388367 -0.730011
7806 1444991612.752135 60.560852 100.244751 -101.150513 6.174316 3.392944 -0.724792
7807 1444991612.762200 60.716736 100.157959 -100.93689 6.177063 3.383789 -0.735809
7808 1444991612.772264 60.521881 100.288147 -101.364136 6.17157 3.389282 -0.723053
7809 1444991612.782329 60.560852 100.157959 -100.990295 6.173401 3.384705 -0.73349
7810 1444991612.792379 60.599823 100.157959 -100.93689 6.170654 3.390198 -0.73233
7811 1444991612.802416 60.521881 100.244751 -101.257324 6.175232 3.384705 -0.728271
7812 1444991612.812446 60.48291 100.157959 -100.830078 6.178894 3.38562 -0.728851
7813 1444991612.822507 60.560852 100.288147 -101.203918 6.176147 3.387451 -0.730591
7814 1444991612.832570 60.48291 100.244751 -101.043701 6.182556 3.386536 -0.728271
7815 1444991612.842632 60.404968 100.201355 -101.203918 6.175232 3.397522 -0.716095
7816 1444991612.852695 60.521881 100.201355 -101.043701 6.177979 3.389282 -0.720734
7817 1444991612.862767 60.48291 100.157959 -101.043701 6.173401 3.388367 -0.728851
7818 1444991612.872834 60.404968 100.244751 -101.150513 6.165161 3.390198 -0.721893
7819 1444991612.882896 60.599823 100.331543 -101.097107 6.172485 3.378296 -0.738708
7820 1444991612.892957 60.521881 100.331543 -100.93689 6.17157 3.38562 -0.737549
7821 1444991612.903020 60.560852 100.374939 -100.883484 6.17981 3.380127 -0.741608
7822 1444991612.913143 60.560852 100.201355 -101.043701 6.180725 3.382874 -0.742188
7823 1444991612.923206 60.48291 100.288147 -100.669861 6.185303 3.382874 -0.738129
7824 1444991612.933268 60.365997 100.244751 -100.776672 6.188965 3.381042 -0.735229
7825 1444991612.943335 60.443939 100.027771 -100.830078 6.190796 3.381958 -0.737549
7826 1444991612.953397 60.521881 100.201355 -101.150513 6.187134 3.381958 -0.735809
7827 1444991612.963464 60.48291 100.244751 -101.043701 6.185303 3.381042 -0.736969
7828 1444991612.973524 60.521881 100.331543 -101.203918 6.172485 3.389282 -0.73465
7829 1444991612.983548 60.521881 100.374939 -101.364136 6.166992 3.388367 -0.73233
7830 1444991612.993610 60.560852 100.288147 -101.364136 6.165161 3.380127 -0.73291
7831 1444991613.003715 60.560852 100.288147 -101.524353 6.158752 3.387451 -0.724213
7832 1444991613.013729 60.560852 100.244751 -101.31073 6.161499 3.384705 -0.729431
7833 1444991613.023790 60.638794 100.331543 -101.097107 6.169739 3.391113 -0.719574
7834 1444991613.033851 60.560852 100.201355 -101.470947 6.17157 3.389282 -0.714355
7835 1444991613.043877 60.560852 100.201355 -100.669861 6.177979 3.384705 -0.718414
7836 1444991613.053941 60.48291 100.157959 -100.830078 6.184387 3.386536 -0.718994
7837 1444991613.064003 60.638794 100.071167 -100.93689 6.178894 3.388367 -0.718414
7838 1444991613.074076 60.404968 100.071167 -100.776672 6.180725 3.389282 -0.723053
7839 1444991613.084137 60.599823 100.071167 -100.616455 6.177979 3.379211 -0.735809
7840 1444991613.094203 60.48291 100.244751 -100.990295 6.177979 3.388367 -0.731171
7841 1444991613.104267 60.521881 100.331543 -100.723267 6.181641 3.373718 -0.746246
7842 1444991613.114342 60.521881 100.374939 -101.097107 6.178894 3.384705 -0.738708
7843 1444991613.124404 60.521881 100.331543 -100.883484 6.177979 3.381042 -0.736389
7844 1444991613.134467 60.48291 100.331543 -100.723267 6.188049 3.37738 -0.745667
7845 1444991613.144529 60.443939 100.244751 -101.203918 6.17981 3.386536 -0.73291
7846 1444991613.154592 60.521881 100.157959 -100.93689 6.185303 3.382874 -0.73291
7847 1444991613.164654 60.599823 100.288147 -101.31073 6.182556 3.384705 -0.731171
7848 1444991613.174715 60.521881 100.201355 -101.417542 6.172485 3.391113 -0.727112
7849 1444991613.184777 60.638794 100.331543 -101.150513 6.17157 3.381958 -0.730591
7850 1444991613.194838 60.48291 100.288147 -101.631165 6.165161 3.389282 -0.726532
7851 1444991613.204864 60.48291 100.244751 -101.257324 6.160583 3.384705 -0.729431
7852 1444991613.214966 60.560852 100.244751 -101.631165 6.157837 3.392029 -0.721893
7853 1444991613.225027 60.404968 100.157959 -101.364136 6.160583 3.391113 -0.720154
7854 1444991613.235109 60.716736 100.244751 -101.097107 6.174316 3.381042 -0.725952
7855 1444991613.245171 60.443939 100.071167 -100.93689 6.174316 3.391113 -0.720734
7856 1444991613.255257 60.599823 100.071167 -100.776672 6.182556 3.384705 -0.722473
7857 1444991613.265325 60.404968 100.157959 -100.563049 6.188049 3.390198 -0.718414
7858 1444991613.275389 60.443939 100.071167 -100.563049 6.188049 3.382874 -0.73175
7859 1444991613.285458 60.443939 100.157959 -100.509644 6.188965 3.388367 -0.725372
7860 1444991613.295525 60.638794 100.157959 -100.830078 6.183472 3.381042 -0.73175
7861 1444991613.305650 60.365997 100.244751 -100.723267 6.178894 3.379211 -0.73465
7862 1444991613.315745 60.599823 100.288147 -101.043701 6.173401 3.376465 -0.739868
7863 1444991613.325807 60.365997 100.201355 -101.097107 6.172485 3.379211 -0.738129
7864 1444991613.335868 60.365997 100.244751 -101.203918 6.172485 3.381042 -0.73349
7865 1444991613.345932 60.599823 100.331543 -101.31073 6.175232 3.37738 -0.73407
7866 1444991613.355995 60.521881 100.201355 -101.257324 6.174316 3.380127 -0.73291
7867 1444991613.366060 60.521881 100.201355 -101.31073 6.174316 3.379211 -0.724213
7868 1444991613.376123 60.521881 100.114563 -101.417542 6.17157 3.381042 -0.731171
7869 1444991613.386184 60.560852 100.114563 -101.470947 6.169739 3.383789 -0.724792
7870 1444991613.396248 60.560852 100.244751 -101.150513 6.17157 3.380127 -0.727692
7871 1444991613.406316 60.599823 100.288147 -101.470947 6.165161 3.378296 -0.727112
7872 1444991613.416385 60.521881 100.201355 -101.150513 6.164246 3.386536 -0.725372
7873 1444991613.426500 60.521881 100.331543 -101.203918 6.170654 3.382874 -0.725372
7874 1444991613.436632 60.560852 100.244751 -101.043701 6.165161 3.386536 -0.725372
7875 1444991613.446703 60.404968 100.157959 -100.616455 6.177979 3.379211 -0.728851
7876 1444991613.456923 60.443939 100.157959 -100.616455 6.182556 3.386536 -0.719574
7877 1444991613.467022 60.443939 100.114563 -100.723267 6.187134 3.38562 -0.730011
7878 1444991613.477086 60.48291 100.201355 -100.509644 6.18988 3.381958 -0.73233
7879 1444991613.487153 60.521881 100.157959 -100.669861 6.188965 3.382874 -0.725372
7880 1444991613.497216 60.560852 100.244751 -100.723267 6.182556 3.380127 -0.725372
7881 1444991613.507331 60.48291 100.157959 -100.883484 6.183472 3.380127 -0.730591
7882 1444991613.517369 60.599823 100.244751 -101.097107 6.174316 3.37738 -0.73349
7883 1444991613.527398 60.48291 100.244751 -101.203918 6.17157 3.37738 -0.742188
7884 1444991613.537456 60.599823 100.157959 -101.043701 6.167908 3.375549 -0.730591
7885 1444991613.547512 60.677765 100.331543 -101.577759 6.166077 3.380127 -0.730591
7886 1444991613.557578 60.638794 100.418335 -101.470947 6.172485 3.373718 -0.728851
7887 1444991613.567648 60.638794 100.114563 -101.470947 6.167908 3.381958 -0.73291
7888 1444991613.577709 60.638794 100.201355 -101.31073 6.170654 3.380127 -0.728851
7889 1444991613.587771 60.560852 100.201355 -101.417542 6.173401 3.383789 -0.724792
7890 1444991613.597834 60.521881 100.244751 -101.257324 6.173401 3.381958 -0.726532
7891 1444991613.607865 60.48291 100.244751 -101.150513 6.176147 3.380127 -0.730011
7892 1444991613.617924 60.599823 100.157959 -100.830078 6.168823 3.381958 -0.724213
7893 1444991613.627987 60.404968 100.157959 -100.723267 6.173401 3.384705 -0.725952
7894 1444991613.638050 60.48291 100.157959 -100.776672 6.175232 3.38562 -0.730591
7895 1444991613.648166 60.560852 100.244751 -100.509644 6.17981 3.381042 -0.723633
7896 1444991613.658230 60.521881 100.201355 -100.723267 6.181641 3.381958 -0.725952
7897 1444991613.668293 60.521881 100.157959 -100.669861 6.185303 3.379211 -0.728851
7898 1444991613.678354 60.443939 100.244751 -100.563049 6.186218 3.383789 -0.727112
7899 1444991613.688415 60.404968 100.157959 -100.723267 6.187134 3.382874 -0.727112
7900 1444991613.698476 60.560852 100.201355 -100.883484 6.180725 3.381958 -0.730011
7901 1444991613.708538 60.560852 100.201355 -100.776672 6.182556 3.378296 -0.736389
7902 1444991613.718613 60.560852 100.244751 -101.31073 6.172485 3.382874 -0.723053
7903 1444991613.728677 60.638794 100.288147 -101.364136 6.170654 3.37738 -0.735809
7904 1444991613.738744 60.48291 100.331543 -101.68457 6.166077 3.379211 -0.736389
7905 1444991613.748806 60.521881 100.244751 -101.31073 6.165161 3.381042 -0.728851
7906 1444991613.758935 60.560852 100.331543 -101.470947 6.168823 3.378296 -0.73407
7907 1444991613.768988 60.638794 100.331543 -101.524353 6.167908 3.381042 -0.73175
7908 1444991613.779049 60.48291 100.288147 -101.31073 6.173401 3.382874 -0.725952
7909 1444991613.789110 60.599823 100.288147 -101.043701 6.177979 3.37738 -0.731171
7910 1444991613.799174 60.560852 100.201355 -100.93689 6.177063 3.38562 -0.723053
7911 1444991613.809235 60.443939 100.244751 -100.776672 6.178894 3.380127 -0.724792
7912 1444991613.819300 60.560852 100.071167 -100.669861 6.178894 3.381042 -0.729431
7913 1444991613.829363 60.443939 100.157959 -100.93689 6.175232 3.390198 -0.724792
7914 1444991613.839425 60.638794 100.244751 -100.563049 6.182556 3.380127 -0.730591
7915 1444991613.849488 60.521881 100.114563 -100.883484 6.173401 3.382874 -0.73291
7916 1444991613.859574 60.404968 100.201355 -100.616455 6.181641 3.384705 -0.723633
7917 1444991613.869639 60.521881 100.114563 -100.883484 6.177063 3.37738 -0.73175
7918 1444991613.879702 60.48291 100.244751 -100.669861 6.178894 3.381958 -0.725372
7919 1444991613.889789 60.521881 100.244751 -100.776672 6.181641 3.380127 -0.724792
7920 1444991613.899837 60.560852 100.201355 -100.830078 6.177979 3.381958 -0.73175
7921 1444991613.909924 60.599823 100.244751 -101.043701 6.176147 3.37738 -0.725952
7922 1444991613.920050 60.48291 100.244751 -101.203918 6.174316 3.37738 -0.73175
7923 1444991613.930114 60.599823 100.374939 -101.364136 6.17157 3.381042 -0.730591
7924 1444991613.940181 60.443939 100.244751 -101.417542 6.166077 3.378296 -0.728851
7925 1444991613.950218 60.48291 100.374939 -101.68457 6.166992 3.384705 -0.729431
7926 1444991613.960282 60.638794 100.244751 -101.417542 6.168823 3.375549 -0.739288
7927 1444991613.970344 60.560852 100.201355 -101.577759 6.165161 3.379211 -0.730011
7928 1444991613.980447 60.404968 100.157959 -101.203918 6.165161 3.383789 -0.725952
7929 1444991613.990506 60.599823 100.288147 -100.990295 6.177979 3.375549 -0.73349
7930 1444991614.000587 60.521881 100.071167 -101.097107 6.172485 3.379211 -0.723053
7931 1444991614.010755 60.48291 100.157959 -100.93689 6.181641 3.37738 -0.730011
7932 1444991614.020794 60.48291 100.244751 -100.616455 6.183472 3.384705 -0.727112
7933 1444991614.030855 60.327026 100.201355 -100.723267 6.186218 3.387451 -0.724213
7934 1444991614.040935 60.560852 100.201355 -100.563049 6.184387 3.373718 -0.730591
7935 1444991614.050973 60.521881 100.157959 -100.830078 6.180725 3.382874 -0.724213
7936 1444991614.061086 60.48291 100.201355 -100.616455 6.17981 3.381042 -0.731171
7937 1444991614.071147 60.560852 100.157959 -100.776672 6.177063 3.376465 -0.727112
7938 1444991614.081213 60.443939 100.244751 -100.883484 6.177063 3.381042 -0.727692
7939 1444991614.091278 60.443939 100.331543 -100.776672 6.177063 3.381958 -0.727692
7940 1444991614.101347 60.48291 100.201355 -101.097107 6.173401 3.383789 -0.729431
7941 1444991614.111409 60.48291 100.331543 -101.043701 6.177979 3.387451 -0.728271
7942 1444991614.121490 60.638794 100.244751 -101.203918 6.172485 3.381042 -0.727112
7943 1444991614.131551 60.48291 100.201355 -101.043701 6.167908 3.384705 -0.727692
7944 1444991614.141614 60.443939 100.418335 -101.203918 6.173401 3.382874 -0.727692
7945 1444991614.151676 60.521881 100.418335 -101.097107 6.175232 3.382874 -0.729431
7946 1444991614.161740 60.560852 100.288147 -101.150513 6.166992 3.382874 -0.73175
7947 1444991614.171805 60.521881 100.244751 -100.990295 6.167908 3.376465 -0.728851
7948 1444991614.181866 60.521881 100.244751 -101.31073 6.169739 3.379211 -0.73175
7949 1444991614.191928 60.48291 100.288147 -100.830078 6.177063 3.381042 -0.727692
7950 1444991614.201991 60.560852 100.157959 -100.990295 6.173401 3.381958 -0.73233
7951 1444991614.212146 60.560852 100.244751 -100.723267 6.181641 3.378296 -0.727692
7952 1444991614.222208 60.521881 100.201355 -100.456238 6.182556 3.383789 -0.728271
7953 1444991614.232302 60.48291 100.114563 -100.456238 6.186218 3.383789 -0.729431
7954 1444991614.242363 60.48291 100.201355 -100.669861 6.177979 3.383789 -0.721893
7955 1444991614.252375 60.48291 100.244751 -100.883484 6.184387 3.381042 -0.73407
7956 1444991614.262507 60.521881 100.201355 -100.669861 6.175232 3.382874 -0.722473
7957 1444991614.272567 60.638794 100.157959 -100.93689 6.172485 3.37738 -0.723053
7958 1444991614.282642 60.404968 100.201355 -100.93689 6.170654 3.382874 -0.73175
7959 1444991614.292705 60.48291 100.288147 -101.150513 6.174316 3.380127 -0.723633
7960 1444991614.302767 60.560852 100.114563 -100.93689 6.170654 3.378296 -0.727112
7961 1444991614.312849 60.404968 100.331543 -101.31073 6.172485 3.381958 -0.724213
7962 1444991614.322883 60.521881 100.244751 -101.417542 6.172485 3.381042 -0.731171
7963 1444991614.332974 60.560852 100.244751 -101.150513 6.170654 3.380127 -0.729431
7964 1444991614.343036 60.560852 100.201355 -101.203918 6.176147 3.383789 -0.725952
7965 1444991614.353124 60.443939 100.331543 -101.364136 6.176147 3.381042 -0.731171
7966 1444991614.363193 60.599823 100.244751 -101.097107 6.174316 3.37738 -0.735809
7967 1444991614.373263 60.521881 100.288147 -101.097107 6.174316 3.384705 -0.727112
7968 1444991614.383325 60.48291 100.157959 -100.883484 6.173401 3.376465 -0.73407
7969 1444991614.393388 60.521881 100.244751 -100.723267 6.177979 3.379211 -0.73175
7970 1444991614.403450 60.404968 100.288147 -100.830078 6.178894 3.383789 -0.727692
7971 1444991614.413546 60.521881 100.157959 -100.402832 6.182556 3.379211 -0.728851
7972 1444991614.423615 60.560852 100.114563 -100.616455 6.185303 3.384705 -0.727692
7973 1444991614.433678 60.599823 100.288147 -100.669861 6.178894 3.388367 -0.721893
7974 1444991614.443741 60.48291 100.201355 -100.456238 6.180725 3.37738 -0.728271
7975 1444991614.453803 60.48291 100.201355 -100.669861 6.178894 3.382874 -0.720734
7976 1444991614.463881 60.443939 100.114563 -100.669861 6.175232 3.381958 -0.724213
7977 1444991614.473927 60.599823 100.331543 -100.883484 6.177063 3.381042 -0.723633
7978 1444991614.483990 60.638794 100.288147 -101.203918 6.169739 3.378296 -0.726532
7979 1444991614.494055 60.560852 100.288147 -101.043701 6.174316 3.376465 -0.727692
7980 1444991614.504131 60.560852 100.288147 -101.150513 6.167908 3.387451 -0.727112
7981 1444991614.514194 60.404968 100.244751 -101.150513 6.169739 3.378296 -0.73175
7982 1444991614.524254 60.599823 100.201355 -101.150513 6.170654 3.381958 -0.723633
7983 1444991614.534316 60.560852 100.244751 -101.31073 6.170654 3.379211 -0.73233
7984 1444991614.544379 60.48291 100.201355 -101.043701 6.177979 3.379211 -0.727692
7985 1444991614.554495 60.521881 100.288147 -101.470947 6.174316 3.382874 -0.728271
7986 1444991614.564512 60.48291 100.244751 -100.93689 6.17981 3.378296 -0.730011
7987 1444991614.574574 60.48291 100.157959 -100.776672 6.177979 3.373718 -0.730591
7988 1444991614.584662 60.521881 100.201355 -100.93689 6.176147 3.38562 -0.728851
7989 1444991614.594724 60.521881 100.288147 -100.830078 6.182556 3.371887 -0.736389
7990 1444991614.604786 60.365997 100.201355 -100.723267 6.177063 3.381958 -0.727112
7991 1444991614.614847 60.443939 100.201355 -100.723267 6.178894 3.384705 -0.725372
7992 1444991614.624912 60.560852 100.157959 -100.669861 6.181641 3.37738 -0.731171
7993 1444991614.634971 60.443939 100.201355 -100.669861 6.177063 3.387451 -0.720734
7994 1444991614.645034 60.560852 100.288147 -100.830078 6.178894 3.379211 -0.728851
7995 1444991614.655111 60.521881 100.157959 -100.883484 6.174316 3.380127 -0.721893
7996 1444991614.665217 60.48291 100.244751 -100.883484 6.176147 3.38562 -0.721893
7997 1444991614.675295 60.716736 100.244751 -101.043701 6.172485 3.379211 -0.728851
7998 1444991614.685358 60.365997 100.114563 -100.990295 6.168823 3.381042 -0.727112
7999 1444991614.695420 60.521881 100.374939 -101.257324 6.172485 3.376465 -0.726532
8000 1444991614.705483 60.560852 100.331543 -101.203918 6.169739 3.380127 -0.728271
8001 1444991614.715558 60.48291 100.374939 -101.257324 6.172485 3.382874 -0.725952
8002 1444991614.725617 60.521881 100.288147 -101.203918 6.174316 3.378296 -0.729431
8003 1444991614.735679 60.521881 100.288147 -101.203918 6.175232 3.378296 -0.730011
8004 1444991614.745742 60.443939 100.374939 -100.990295 6.17981 3.380127 -0.73233
8005 1444991614.755805 60.521881 100.244751 -101.150513 6.17981 3.382874 -0.729431
8006 1444991614.765868 60.443939 100.201355 -100.990295 6.177063 3.381042 -0.727692
8007 1444991614.775929 60.638794 100.244751 -100.93689 6.180725 3.376465 -0.729431
8008 1444991614.785990 60.521881 100.201355 -100.93689 6.177979 3.383789 -0.726532
8009 1444991614.796073 60.404968 100.157959 -100.616455 6.180725 3.379211 -0.724792
8010 1444991614.806122 60.638794 100.288147 -100.830078 6.177979 3.381042 -0.727692
8011 1444991614.816185 60.365997 100.114563 -100.883484 6.174316 3.383789 -0.728271
8012 1444991614.826249 60.521881 100.244751 -100.776672 6.178894 3.37738 -0.725952
8013 1444991614.836312 60.443939 100.244751 -100.990295 6.173401 3.382874 -0.725372
8014 1444991614.846377 60.521881 100.201355 -100.723267 6.177979 3.382874 -0.724792
8015 1444991614.856439 60.48291 100.201355 -101.097107 6.175232 3.382874 -0.726532
8016 1444991614.866501 60.404968 100.244751 -101.150513 6.17157 3.382874 -0.718414
8017 1444991614.876564 60.443939 100.201355 -101.043701 6.177063 3.384705 -0.727112
8018 1444991614.886624 60.560852 100.114563 -100.990295 6.17157 3.384705 -0.723053
8019 1444991614.896687 60.560852 100.331543 -101.203918 6.176147 3.380127 -0.724792
8020 1444991614.906743 60.404968 100.201355 -100.883484 6.174316 3.381958 -0.728851
8021 1444991614.916811 60.48291 100.114563 -101.203918 6.173401 3.384705 -0.730011
8022 1444991614.926870 60.521881 100.288147 -101.257324 6.172485 3.380127 -0.73175
8023 1444991614.936934 60.48291 100.201355 -101.043701 6.177979 3.378296 -0.73233
8024 1444991614.946967 60.560852 100.461731 -100.990295 6.180725 3.378296 -0.730011
8025 1444991614.957046 60.443939 100.288147 -100.990295 6.177063 3.381958 -0.729431
8026 1444991614.967182 60.48291 100.157959 -100.776672 6.181641 3.379211 -0.735809
8027 1444991614.977207 60.443939 100.244751 -101.043701 6.17981 3.37738 -0.727112
8028 1444991614.987288 60.443939 100.288147 -100.723267 6.180725 3.381958 -0.73175
8029 1444991614.997348 60.521881 100.114563 -100.669861 6.177063 3.381958 -0.727692
8030 1444991615.007431 60.48291 100.331543 -101.150513 6.177979 3.379211 -0.723053
8031 1444991615.017448 60.48291 100.114563 -100.93689 6.17157 3.381042 -0.73233
8032 1444991615.027496 60.599823 100.244751 -100.93689 6.175232 3.382874 -0.723633
8033 1444991615.037559 60.560852 100.244751 -101.203918 6.172485 3.383789 -0.726532
8034 1444991615.047622 60.443939 100.157959 -101.150513 6.169739 3.381042 -0.722473
8035 1444991615.057671 60.560852 100.244751 -101.150513 6.174316 3.378296 -0.727112
8036 1444991615.067698 60.48291 100.244751 -100.990295 6.172485 3.378296 -0.724792
8037 1444991615.077754 60.521881 100.157959 -101.043701 6.173401 3.380127 -0.724792
8038 1444991615.087977 60.638794 100.288147 -101.150513 6.174316 3.37738 -0.729431
8039 1444991615.098040 60.48291 100.157959 -101.043701 6.173401 3.380127 -0.723633
8040 1444991615.108162 60.48291 100.201355 -101.097107 6.176147 3.379211 -0.729431
8041 1444991615.118197 60.521881 100.201355 -101.043701 6.175232 3.379211 -0.731171
8042 1444991615.128262 60.521881 100.288147 -100.990295 6.180725 3.378296 -0.730011
8043 1444991615.138323 60.521881 100.288147 -101.203918 6.176147 3.380127 -0.73233
8044 1444991615.148383 60.521881 100.244751 -100.723267 6.180725 3.373718 -0.73407
8045 1444991615.158446 60.521881 100.201355 -100.990295 6.17981 3.381958 -0.730591
8046 1444991615.168511 60.521881 100.331543 -100.93689 6.177979 3.379211 -0.728271
8047 1444991615.178573 60.560852 100.244751 -100.883484 6.180725 3.379211 -0.73465
8048 1444991615.188638 60.48291 100.331543 -100.883484 6.177979 3.383789 -0.730591
8049 1444991615.198700 60.560852 100.418335 -100.93689 6.178894 3.378296 -0.726532
8050 1444991615.208835 60.48291 100.244751 -101.203918 6.173401 3.381042 -0.729431
8051 1444991615.218898 60.521881 100.244751 -100.990295 6.175232 3.381958 -0.723633
8052 1444991615.228960 60.599823 100.201355 -101.043701 6.172485 3.379211 -0.727112
8053 1444991615.239024 60.48291 100.201355 -101.203918 6.168823 3.388367 -0.723633
8054 1444991615.249116 60.521881 100.244751 -100.93689 6.174316 3.379211 -0.728851
8055 1444991615.259184 60.638794 100.201355 -101.257324 6.169739 3.379211 -0.727112
8056 1444991615.269245 60.48291 100.244751 -101.150513 6.169739 3.383789 -0.720734
8057 1444991615.279313 60.521881 100.418335 -100.93689 6.180725 3.378296 -0.730011
8058 1444991615.289377 60.443939 100.288147 -101.203918 6.172485 3.391113 -0.723053
8059 1444991615.299476 60.638794 100.201355 -100.776672 6.180725 3.374634 -0.729431
8060 1444991615.309539 60.599823 100.331543 -100.990295 6.172485 3.381958 -0.727692
8061 1444991615.319610 60.404968 100.027771 -101.043701 6.172485 3.387451 -0.724792
8062 1444991615.329688 60.521881 100.201355 -101.043701 6.177063 3.375549 -0.73175
8063 1444991615.339768 60.560852 100.244751 -100.883484 6.177979 3.379211 -0.735809
8064 1444991615.350111 60.521881 100.157959 -100.883484 6.175232 3.381042 -0.730591
8065 1444991615.360200 60.560852 100.157959 -100.990295 6.177979 3.381042 -0.735229
8066 1444991615.370326 60.48291 100.244751 -101.150513 6.174316 3.379211 -0.73291
8067 1444991615.380387 60.521881 100.114563 -100.883484 6.172485 3.376465 -0.725952
8068 1444991615.390448 60.443939 100.157959 -100.990295 6.176147 3.379211 -0.73233
8069 1444991615.400508 60.48291 100.244751 -100.93689 6.175232 3.386536 -0.725372
8070 1444991615.410636 60.521881 100.157959 -100.990295 6.175232 3.380127 -0.724792
8071 1444991615.420697 60.560852 100.244751 -101.097107 6.174316 3.38562 -0.727692
8072 1444991615.430759 60.48291 100.201355 -100.990295 6.17157 3.383789 -0.718414
8073 1444991615.440825 60.560852 100.201355 -100.990295 6.175232 3.376465 -0.731171
8074 1444991615.450888 60.443939 100.244751 -101.097107 6.168823 3.388367 -0.721893
8075 1444991615.460949 60.48291 100.244751 -101.097107 6.175232 3.376465 -0.728851
8076 1444991615.471011 60.521881 100.244751 -101.150513 6.167908 3.383789 -0.726532
8077 1444991615.481080 60.443939 100.201355 -100.883484 6.176147 3.379211 -0.727692
8078 1444991615.491143 60.599823 100.201355 -101.097107 6.172485 3.380127 -0.73233
8079 1444991615.501214 60.560852 100.244751 -101.043701 6.177979 3.382874 -0.726532
8080 1444991615.511317 60.443939 100.157959 -100.883484 6.177979 3.378296 -0.73465
8081 1444991615.521379 60.560852 100.201355 -100.990295 6.177063 3.380127 -0.726532
8082 1444991615.531440 60.443939 100.244751 -100.93689 6.181641 3.378296 -0.73175
8083 1444991615.541502 60.521881 100.157959 -100.990295 6.177063 3.381958 -0.731171
8084 1444991615.551564 60.443939 100.157959 -100.830078 6.174316 3.378296 -0.727692
8085 1444991615.561648 60.599823 100.331543 -101.097107 6.176147 3.373718 -0.730591
8086 1444991615.571711 60.599823 100.288147 -101.257324 6.172485 3.383789 -0.730591
8087 1444991615.581771 60.638794 100.244751 -100.93689 6.172485 3.381042 -0.728271
8088 1444991615.591831 60.560852 100.157959 -101.043701 6.169739 3.383789 -0.728271
8089 1444991615.601891 60.521881 100.201355 -101.097107 6.174316 3.378296 -0.727692
8090 1444991615.611980 60.521881 100.157959 -101.150513 6.174316 3.386536 -0.724792
8091 1444991615.622041 60.560852 100.244751 -100.883484 6.177063 3.381042 -0.727112
8092 1444991615.632067 60.404968 100.157959 -100.93689 6.17157 3.383789 -0.722473
8093 1444991615.642149 60.521881 100.157959 -100.93689 6.177063 3.383789 -0.725372
