11555 1444829949.481040 -0.049439 0.010986 -10.008569
11556 1444829949.492846 -0.049439 0.010986 -10.008569
11557 1444829949.503294 -0.049439 0.010986 -10.008569
11558 1444829949.513480 -0.049439 0.010986 -10.008569
11559 1444829949.523617 -0.049439 0.010986 -10.008569
11560 1444829949.533807 -0.049439 0.010986 -10.008569
11561 1444829949.541068 0.038452 0.010986 -10.008569
11562 1444829949.551191 -0.049439 0.010986 -10.008569
11563 1444829949.562033 -0.049439 0.010986 -10.008569
11564 1444829949.571739 -0.049439 0.010986 -9.920679
11565 1444829949.581432 -0.049439 0.010986 -10.008569
11566 1444829949.591042 -0.049439 0.010986 -10.008569
11567 1444829949.601432 -0.049439 0.010986 -10.008569
11568 1444829949.611756 -0.049439 0.010986 -10.008569
11569 1444829949.621921 -0.049439 0.010986 -10.008569
11570 1444829949.631257 -0.049439 0.010986 -9.920679
11571 1444829949.646463 -0.049439 0.010986 -10.008569
11572 1444829949.651873 -0.049439 0.010986 -10.008569
11573 1444829949.662746 -0.049439 0.010986 -10.008569
11574 1444829949.672625 -0.049439 0.010986 -10.008569
11575 1444829949.682374 -0.049439 0.010986 -10.008569
11576 1444829949.692502 -0.049439 0.010986 -10.008569
11577 1444829949.702815 -0.049439 -0.076904 -10.008569
11578 1444829949.713030 -0.049439 0.010986 -10.008569
11579 1444829949.721451 -0.049439 0.010986 -10.008569
11580 1444829949.732996 -0.049439 0.010986 -10.008569
11581 1444829949.742997 -0.049439 0.010986 -10.008569
11582 1444829949.753087 -0.049439 0.010986 -10.008569
11583 1444829949.761048 -0.049439 0.010986 -10.008569
11584 1444829949.771186 -0.049439 0.010986 -9.920679
11585 1444829949.783531 -0.049439 0.010986 -10.008569
11586 1444829949.793714 -0.049439 0.010986 -10.008569
11587 1444829949.803793 -0.049439 0.010986 -10.008569
11588 1444829949.814023 -0.049439 0.010986 -9.920679
11589 1444829949.824130 -0.049439 0.010986 -10.008569
11590 1444829949.834249 -0.049439 0.010986 -9.920679
11591 1444829949.844346 -0.049439 0.010986 -10.008569
11592 1444829949.854448 -0.049439 0.010986 -9.920679
11593 1444829949.863314 -0.049439 -0.076904 -10.008569
11594 1444829949.873423 -0.049439 0.010986 -10.008569
11595 1444829949.882455 -0.049439 0.010986 -10.008569
11596 1444829949.892141 -0.049439 0.010986 -10.008569
11597 1444829949.905879 -0.049439 0.010986 -10.008569
11598 1444829949.915934 -0.049439 0.010986 -10.008569
11599 1444829949.925869 -0.049439 0.010986 -10.008569
11600 1444829949.936224 -0.049439 0.010986 -10.008569
11601 1444829949.946478 -0.049439 0.010986 -10.008569
11602 1444829949.956741 -0.049439 0.010986 -10.008569
11603 1444829949.968111 -0.049439 0.010986 -9.920679
11604 1444829949.978145 -0.049439 0.010986 -10.008569
11605 1444829949.988268 -0.049439 0.010986 -10.008569
11606 1444829949.998405 -0.049439 0.010986 -9.920679
11607 1444829950.008743 -0.049439 0.010986 -10.008569
11608 1444829950.013777 -0.049439 0.010986 -10.008569
11609 1444829950.024153 -0.049439 0.010986 -10.008569
11610 1444829950.034487 -0.049439 0.010986 -10.008569
11611 1444829950.044648 -0.049439 0.010986 -9.920679
11612 1444829950.054703 -0.049439 0.010986 -10.008569
11613 1444829950.066127 -0.049439 0.010986 -10.008569
11614 1444829950.071134 -0.049439 0.010986 -10.008569
11615 1444829950.085915 -0.049439 0.010986 -10.008569
11616 1444829950.096245 -0.049439 0.010986 -10.008569
11617 1444829950.106704 -0.049439 0.010986 -9.920679
11618 1444829950.116814 -0.049439 0.010986 -10.008569
11619 1444829950.126880 0.038452 0.010986 -10.008569
11620 1444829950.137052 -0.049439 0.010986 -10.008569
11621 1444829950.147074 -0.049439 0.010986 -10.008569
11622 1444829950.157283 -0.049439 0.010986 -10.008569
11623 1444829950.166832 -0.049439 0.010986 -10.008569
11624 1444829950.177159 -0.049439 0.010986 -10.008569
11625 1444829950.187208 -0.049439 0.010986 -10.008569
11626 1444829950.197418 -0.049439 0.010986 -10.008569
11627 1444829950.207673 -0.049439 0.010986 -10.008569
11628 1444829950.217721 -0.049439 0.010986 -10.008569
11629 1444829950.227766 -0.049439 0.010986 -10.008569
11630 1444829950.238068 -0.049439 0.010986 -10.008569
11631 1444829950.248016 -0.049439 0.010986 -10.008569
11632 1444829950.258186 0.038452 0.010986 -10.008569
11633 1444829950.266259 -0.049439 0.010986 -10.008569
11634 1444829950.275751 -0.049439 0.010986 -10.008569
11635 1444829950.288601 -0.049439 0.010986 -10.008569
11636 1444829950.298749 0.038452 0.010986 -10.008569
11637 1444829950.308848 0.038452 0.010986 -10.008569
11638 1444829950.316199 -0.049439 0.010986 -10.008569
11639 1444829950.326809 0.038452 0.010986 -10.008569
11640 1444829950.336187 -0.049439 0.010986 -10.008569
11641 1444829950.350939 0.038452 0.010986 -10.008569
11642 1444829950.356126 0.038452 0.010986 -10.008569
11643 1444829950.366149 -0.049439 0.010986 -10.008569
11644 1444829950.376235 0.038452 0.010986 -10.008569
11645 1444829950.386419 0.038452 0.010986 -10.008569
11646 1444829950.396520 0.038452 0.010986 -10.008569
11647 1444829950.406630 0.038452 0.010986 -10.008569
11648 1444829950.417228 -0.049439 0.010986 -10.008569
11649 1444829950.426838 0.038452 0.010986 -10.008569
11650 1444829950.437085 0.038452 0.010986 -10.008569
11651 1444829950.447055 0.038452 0.010986 -10.008569
11652 1444829950.457271 -0.049439 0.010986 -10.008569
11653 1444829950.467471 0.038452 0.010986 -10.008569
11654 1444829950.477417 0.038452 0.010986 -10.008569
11655 1444829950.487573 0.038452 0.010986 -10.008569
11656 1444829950.497569 0.038452 0.010986 -10.008569
11657 1444829950.507888 0.038452 0.010986 -10.008569
11658 1444829950.517858 -0.049439 0.010986 -10.008569
11659 1444829950.528060 -0.049439 0.010986 -10.008569
11660 1444829950.538121 -0.049439 0.010986 -10.008569
11661 1444829950.548114 0.038452 -0.076904 -10.008569
11662 1444829950.558242 0.038452 0.010986 -10.008569
11663 1444829950.568572 -0.049439 0.010986 -10.008569
11664 1444829950.578956 0.038452 0.010986 -10.008569
11665 1444829950.589036 -0.049439 0.010986 -10.008569
11666 1444829950.599131 -0.049439 0.010986 -10.008569
11667 1444829950.609164 0.038452 0.010986 -10.008569
11668 1444829950.620907 0.038452 0.010986 -10.008569
11669 1444829950.629381 0.038452 0.010986 -10.008569
11670 1444829950.639499 -0.049439 0.010986 -10.008569
11671 1444829950.650898 -0.049439 0.010986 -10.008569
11672 1444829950.661278 0.038452 0.010986 -10.008569
11673 1444829950.667197 0.038452 0.010986 -10.008569
11674 1444829950.681329 0.038452 0.010986 -10.008569
11675 1444829950.691138 -0.049439 0.010986 -9.920679
11676 1444829950.701217 -0.049439 0.010986 -10.008569
11677 1444829950.711610 0.038452 0.010986 -10.008569
11678 1444829950.721474 0.038452 0.010986 -10.008569
11679 1444829950.731475 0.038452 0.010986 -10.008569
11680 1444829950.741824 -0.049439 0.010986 -10.008569
11681 1444829950.751932 0.038452 0.010986 -10.008569
11682 1444829950.762068 0.038452 0.010986 -10.008569
11683 1444829950.773108 0.038452 0.010986 -10.008569
11684 1444829950.783277 0.038452 0.010986 -10.008569
11685 1444829950.793261 0.038452 0.010986 -10.008569
11686 1444829950.803453 0.038452 0.010986 -10.008569
11687 1444829950.813565 -0.049439 0.010986 -10.008569
11688 1444829950.823580 0.038452 0.010986 -10.008569
11689 1444829950.833872 0.038452 0.010986 -10.008569
11690 1444829950.843946 -0.049439 0.010986 -10.008569
11691 1444829950.854080 0.038452 0.010986 -10.008569
11692 1444829950.861087 -0.049439 0.010986 -10.008569
11693 1444829950.871182 0.038452 0.010986 -10.008569
11694 1444829950.880821 0.038452 0.010986 -10.008569
11695 1444829950.891010 -0.049439 0.010986 -10.008569
11696 1444829950.901132 0.038452 0.010986 -10.008569
11697 1444829950.911310 0.038452 0.010986 -10.008569
11698 1444829950.920829 0.038452 0.010986 -10.008569
11699 1444829950.931190 0.038452 0.010986 -10.008569
11700 1444829950.941443 0.038452 0.010986 -10.008569
11701 1444829950.951807 -0.049439 0.010986 -10.008569
11702 1444829950.962133 0.038452 0.010986 -10.008569
11703 1444829950.971750 0.038452 0.010986 -10.008569
11704 1444829950.981593 0.038452 0.010986 -9.920679
11705 1444829950.991700 -0.049439 0.010986 -10.008569
11706 1444829951.001812 0.038452 0.010986 -10.008569
11707 1444829951.012823 0.038452 0.010986 -10.008569
11708 1444829951.022752 0.038452 0.010986 -10.008569
11709 1444829951.032136 0.038452 0.010986 -10.008569
11710 1444829951.042311 0.038452 0.010986 -10.008569
11711 1444829951.052188 0.038452 0.010986 -10.008569
11712 1444829951.062933 0.038452 0.010986 -10.008569
11713 1444829951.072659 0.038452 0.010986 -10.008569
11714 1444829951.082618 0.038452 0.010986 -10.008569
11715 1444829951.092740 0.038452 0.010986 -10.008569
11716 1444829951.102922 -0.049439 0.010986 -10.008569
11717 1444829951.110797 0.038452 0.010986 -10.008569
11718 1444829951.121808 0.038452 0.010986 -10.008569
11719 1444829951.133488 0.038452 0.010986 -10.008569
11720 1444829951.143649 0.038452 0.010986 -10.008569
11721 1444829951.153818 -0.049439 0.010986 -10.008569
11722 1444829951.162140 -0.049439 0.010986 -10.008569
11723 1444829951.171269 0.038452 0.010986 -9.920679
11724 1444829951.181162 0.038452 0.010986 -10.008569
11725 1444829951.190833 0.038452 0.010986 -10.008569
11726 1444829951.200755 0.038452 -0.076904 -10.008569
11727 1444829951.216337 -0.049439 -0.076904 -10.008569
11728 1444829951.226290 0.038452 0.010986 -10.008569
11729 1444829951.236391 -0.049439 0.010986 -10.008569
11730 1444829951.244924 0.038452 0.010986 -10.008569
11731 1444829951.256602 0.038452 0.010986 -10.008569
11732 1444829951.266740 -0.049439 0.010986 -9.920679
11733 1444829951.276697 0.038452 0.010986 -10.008569
11734 1444829951.286884 -0.049439 0.010986 -10.008569
11735 1444829951.296986 0.038452 -0.076904 -10.008569
11736 1444829951.302126 0.038452 0.010986 -10.008569
11737 1444829951.312958 -0.049439 0.010986 -10.008569
11738 1444829951.327008 0.038452 0.010986 -10.008569
11739 1444829951.332358 0.038452 0.010986 -10.008569
11740 1444829951.342425 -0.049439 0.010986 -10.008569
11741 1444829951.352521 0.038452 0.010986 -10.008569
11742 1444829951.362765 0.038452 0.010986 -10.008569
11743 1444829951.373643 0.038452 0.010986 -10.008569
11744 1444829951.382940 -0.049439 0.010986 -10.008569
11745 1444829951.392885 0.038452 0.010986 -10.008569
11746 1444829951.403091 0.038452 0.010986 -10.008569
11747 1444829951.413896 0.038452 0.010986 -10.008569
11748 1444829951.424119 -0.049439 0.010986 -10.008569
11749 1444829951.434091 -0.049439 0.010986 -10.008569
11750 1444829951.444158 -0.049439 -0.076904 -10.008569
11751 1444829951.454236 -0.049439 0.010986 -10.008569
11752 1444829951.460952 0.038452 0.010986 -10.008569
11753 1444829951.471064 0.038452 -0.076904 -10.008569
11754 1444829951.481094 0.038452 0.010986 -10.008569
11755 1444829951.495950 0.038452 0.010986 -10.008569
11756 1444829951.506079 0.038452 0.010986 -10.008569
11757 1444829951.516131 -0.049439 0.010986 -10.008569
11758 1444829951.525910 -0.049439 0.010986 -10.008569
11759 1444829951.536354 -0.049439 0.010986 -10.008569
11760 1444829951.546751 0.038452 0.010986 -10.008569
11761 1444829951.556416 0.038452 0.010986 -10.008569
11762 1444829951.566770 0.038452 0.010986 -10.008569
11763 1444829951.576723 0.038452 0.010986 -10.008569
11764 1444829951.587025 -0.049439 0.010986 -10.008569
11765 1444829951.597098 0.038452 0.010986 -9.920679
11766 1444829951.607167 0.038452 0.010986 -10.008569
11767 1444829951.617305 -0.049439 0.010986 -10.008569
11768 1444829951.628534 -0.049439 0.010986 -10.008569
11769 1444829951.638632 0.038452 0.010986 -10.008569
11770 1444829951.648781 -0.049439 0.010986 -10.008569
11771 1444829951.658849 0.038452 0.010986 -10.008569
11772 1444829951.669052 0.038452 0.010986 -9.920679
11773 1444829951.679049 0.038452 0.010986 -10.008569
11774 1444829951.689094 0.038452 0.010986 -10.008569
11775 1444829951.699217 0.038452 0.010986 -10.008569
11776 1444829951.709352 0.038452 0.010986 -10.008569
11777 1444829951.716193 0.038452 0.010986 -10.008569
11778 1444829951.726039 0.038452 0.010986 -10.008569
11779 1444829951.736110 0.038452 0.010986 -10.008569
11780 1444829951.746021 -0.049439 0.010986 -10.008569
11781 1444829951.756257 0.038452 -0.076904 -10.008569
11782 1444829951.766799 0.038452 0.010986 -10.008569
11783 1444829951.776645 -0.049439 0.010986 -10.008569
11784 1444829951.786680 0.038452 0.010986 -9.920679
11785 1444829951.796694 0.038452 0.010986 -10.008569
11786 1444829951.807149 0.038452 0.010986 -10.008569
11787 1444829951.817259 -0.049439 0.010986 -10.008569
11788 1444829951.827279 0.038452 0.010986 -10.008569
11789 1444829951.837449 0.038452 0.010986 -10.008569
11790 1444829951.847573 0.038452 0.010986 -10.008569
11791 1444829951.857545 0.038452 0.010986 -9.920679
11792 1444829951.867627 0.038452 0.010986 -10.008569
11793 1444829951.877603 -0.049439 0.010986 -10.008569
11794 1444829951.888175 0.038452 0.010986 -10.008569
11795 1444829951.898217 0.038452 0.010986 -9.920679
11796 1444829951.908372 -0.049439 0.010986 -10.008569
11797 1444829951.916062 0.038452 0.010986 -10.008569
11798 1444829951.926214 0.038452 0.010986 -10.008569
11799 1444829951.938694 -0.049439 0.010986 -10.008569
11800 1444829951.948767 0.038452 0.010986 -10.008569
11801 1444829951.955853 0.038452 0.010986 -10.008569
11802 1444829951.966063 0.038452 0.010986 -10.008569
11803 1444829951.976118 0.038452 0.010986 -10.008569
11804 1444829951.985763 0.038452 0.010986 -10.008569
11805 1444829951.996241 0.038452 0.010986 -10.008569
11806 1444829952.011191 0.038452 0.010986 -10.008569
11807 1444829952.016957 -0.049439 0.010986 -10.008569
11808 1444829952.031326 -0.049439 0.010986 -10.008569
11809 1444829952.041492 -0.049439 0.010986 -10.008569
11810 1444829952.051723 -0.049439 0.010986 -10.008569
11811 1444829952.056417 0.038452 0.010986 -10.008569
11812 1444829952.066763 0.038452 0.010986 -10.008569
11813 1444829952.081906 0.038452 0.010986 -10.008569
11814 1444829952.092057 0.038452 0.010986 -10.008569
11815 1444829952.097099 0.038452 0.010986 -10.008569
11816 1444829952.107241 0.038452 0.010986 -10.008569
11817 1444829952.122326 -0.049439 0.010986 -10.008569
11818 1444829952.127591 -0.049439 0.010986 -10.008569
11819 1444829952.137550 0.038452 0.010986 -10.008569
11820 1444829952.147756 0.038452 0.010986 -10.008569
11821 1444829952.157878 0.038452 0.010986 -10.008569
11822 1444829952.167934 -0.049439 0.010986 -9.920679
11823 1444829952.177963 0.038452 0.010986 -10.008569
11824 1444829952.188080 0.038452 0.010986 -10.008569
11825 1444829952.198221 0.038452 0.010986 -10.008569
11826 1444829952.208336 0.038452 0.010986 -10.008569
11827 1444829952.220932 0.038452 0.010986 -10.008569
11828 1444829952.228956 -0.049439 0.010986 -10.008569
11829 1444829952.239145 0.038452 0.010986 -9.920679
11830 1444829952.249174 0.038452 0.010986 -10.008569
11831 1444829952.261356 0.038452 0.010986 -10.008569
11832 1444829952.271422 -0.049439 0.010986 -10.008569
11833 1444829952.281108 -0.049439 0.010986 -10.008569
11834 1444829952.290910 0.038452 0.010986 -10.008569
11835 1444829952.301565 0.038452 0.010986 -10.008569
11836 1444829952.311768 -0.049439 0.010986 -10.008569
11837 1444829952.321727 0.038452 0.010986 -9.920679
11838 1444829952.331351 -0.049439 0.010986 -10.008569
11839 1444829952.341588 -0.049439 0.010986 -10.008569
11840 1444829952.351452 0.038452 0.010986 -10.008569
11841 1444829952.362074 0.038452 0.010986 -10.008569
11842 1444829952.371609 0.038452 0.010986 -10.008569
11843 1444829952.381826 0.038452 0.010986 -10.008569
11844 1444829952.392084 0.038452 0.010986 -9.920679
11845 1444829952.402067 0.038452 -0.076904 -10.008569
11846 1444829952.412364 -0.049439 0.010986 -10.008569
11847 1444829952.422213 -0.049439 0.010986 -9.920679
11848 1444829952.432497 -0.049439 0.010986 -10.008569
11849 1444829952.442647 -0.049439 0.010986 -10.008569
11850 1444829952.453759 -0.049439 0.010986 -10.008569
11851 1444829952.463896 0.038452 0.010986 -10.008569
11852 1444829952.473922 -0.049439 -0.076904 -10.008569
11853 1444829952.484092 0.038452 0.010986 -10.008569
11854 1444829952.494210 -0.049439 0.010986 -10.008569
11855 1444829952.504321 -0.049439 0.010986 -9.920679
11856 1444829952.511150 0.038452 0.010986 -10.008569
11857 1444829952.520861 0.038452 0.010986 -10.008569
11858 1444829952.534866 0.038452 0.010986 -9.920679
11859 1444829952.544933 -0.049439 0.010986 -10.008569
11860 1444829952.550925 0.038452 0.010986 -10.008569
11861 1444829952.561399 -0.049439 0.010986 -9.920679
11862 1444829952.572879 -0.049439 0.010986 -10.008569
11863 1444829952.582201 -0.049439 0.010986 -10.008569
11864 1444829952.591982 0.038452 0.010986 -10.008569
11865 1444829952.601838 -0.049439 0.010986 -10.008569
11866 1444829952.612036 -0.049439 0.010986 -10.008569
11867 1444829952.623493 -0.049439 0.010986 -10.008569
11868 1444829952.632519 0.038452 0.010986 -10.008569
11869 1444829952.642652 -0.049439 0.010986 -10.008569
11870 1444829952.652669 0.038452 0.010986 -10.008569
11871 1444829952.663130 0.038452 0.010986 -10.008569
11872 1444829952.672396 -0.049439 0.010986 -10.008569
11873 1444829952.682945 0.038452 0.010986 -9.920679
11874 1444829952.692876 0.038452 0.010986 -10.008569
11875 1444829952.703033 0.038452 0.010986 -10.008569
11876 1444829952.713248 0.038452 0.010986 -10.008569
11877 1444829952.723120 0.038452 0.010986 -9.920679
11878 1444829952.733234 0.038452 0.010986 -10.008569
11879 1444829952.740947 -0.049439 0.010986 -10.008569
11880 1444829952.750855 -0.049439 0.010986 -10.008569
11881 1444829952.761385 -0.049439 0.010986 -9.920679
11882 1444829952.771518 0.038452 0.010986 -10.008569
11883 1444829952.780934 -0.049439 0.010986 -10.008569
11884 1444829952.790928 0.038452 0.010986 -10.008569
11885 1444829952.804218 0.038452 0.010986 -9.920679
11886 1444829952.812043 -0.049439 0.010986 -10.008569
11887 1444829952.822381 0.038452 0.010986 -10.008569
11888 1444829952.830911 0.038452 0.010986 -10.008569
11889 1444829952.841675 0.038452 0.010986 -10.008569
11890 1444829952.852057 -0.049439 0.010986 -10.008569
11891 1444829952.862684 0.038452 0.010986 -10.008569
11892 1444829952.872641 -0.049439 0.010986 -10.008569
11893 1444829952.885882 0.038452 0.010986 -10.008569
11894 1444829952.896317 0.038452 0.010986 -10.008569
11895 1444829952.906942 0.038452 0.010986 -10.008569
11896 1444829952.917016 -0.049439 0.010986 -10.008569
11897 1444829952.927159 -0.049439 0.010986 -9.920679
11898 1444829952.937282 0.038452 0.010986 -9.920679
11899 1444829952.947363 -0.049439 -0.076904 -9.920679
11900 1444829952.952574 0.038452 0.010986 -10.008569
11901 1444829952.967752 0.038452 0.010986 -10.008569
11902 1444829952.972853 -0.049439 0.010986 -10.008569
11903 1444829952.982965 0.038452 0.010986 -10.008569
11904 1444829952.992968 0.038452 0.010986 -10.008569
11905 1444829953.003418 0.038452 0.010986 -10.008569
11906 1444829953.013544 0.038452 0.010986 -10.008569
11907 1444829953.023759 -0.049439 0.010986 -10.008569
11908 1444829953.033998 0.038452 0.010986 -10.008569
11909 1444829953.044028 -0.049439 0.010986 -10.008569
11910 1444829953.054135 0.038452 0.010986 -10.008569
11911 1444829953.064308 0.038452 0.010986 -10.008569
11912 1444829953.074226 -0.049439 0.010986 -10.008569
11913 1444829953.084375 0.038452 0.010986 -10.008569
11914 1444829953.094589 -0.049439 0.010986 -10.008569
11915 1444829953.104661 0.038452 0.010986 -10.008569
11916 1444829953.111255 0.038452 0.010986 -10.008569
11917 1444829953.127162 -0.049439 0.010986 -10.008569
11918 1444829953.136158 0.038452 0.010986 -9.920679
11919 1444829953.140981 -0.049439 -0.076904 -10.008569
11920 1444829953.156193 -0.049439 0.010986 -10.008569
11921 1444829953.163158 0.038452 0.010986 -10.008569
11922 1444829953.175824 -0.049439 0.010986 -10.008569
11923 1444829953.186059 0.038452 0.010986 -10.008569
11924 1444829953.196215 -0.049439 0.010986 -10.008569
11925 1444829953.206305 0.038452 0.010986 -10.008569
11926 1444829953.216268 -0.049439 0.010986 -10.008569
11927 1444829953.226235 0.038452 0.010986 -9.920679
11928 1444829953.236828 -0.049439 0.010986 -10.008569
11929 1444829953.247040 -0.049439 0.010986 -10.008569
11930 1444829953.258074 0.038452 0.010986 -10.008569
11931 1444829953.267303 0.038452 0.010986 -10.008569
11932 1444829953.277336 -0.049439 0.010986 -10.008569
11933 1444829953.287585 -0.049439 0.010986 -10.008569
11934 1444829953.297817 0.038452 0.010986 -10.008569
11935 1444829953.307692 0.038452 0.010986 -10.008569
11936 1444829953.318534 -0.049439 0.010986 -10.008569
11937 1444829953.327760 -0.049439 -0.076904 -9.920679
11938 1444829953.338251 0.038452 0.010986 -10.008569
11939 1444829953.348290 0.038452 0.010986 -10.008569
11940 1444829953.358543 -0.049439 0.010986 -9.920679
11941 1444829953.366011 0.038452 0.010986 -9.920679
11942 1444829953.379852 -0.049439 0.010986 -10.008569
11943 1444829953.389885 0.038452 0.010986 -10.008569
11944 1444829953.395995 0.038452 0.010986 -10.008569
11945 1444829953.406060 0.038452 0.010986 -10.008569
11946 1444829953.416161 -0.049439 0.010986 -10.008569
11947 1444829953.425878 0.038452 0.010986 -10.008569
11948 1444829953.441060 0.038452 0.010986 -10.008569
11949 1444829953.451123 0.038452 0.010986 -10.008569
11950 1444829953.456554 0.038452 0.010986 -10.008569
11951 1444829953.466870 0.038452 0.010986 -10.008569
11952 1444829953.476587 0.038452 0.010986 -10.008569
11953 1444829953.486588 0.038452 0.010986 -10.008569
11954 1444829953.497080 -0.049439 0.010986 -10.008569
11955 1444829953.507028 0.038452 0.010986 -10.008569
11956 1444829953.521543 0.038452 0.010986 -10.008569
11957 1444829953.527560 0.038452 0.010986 -10.008569
11958 1444829953.537944 0.038452 0.010986 -10.008569
11959 1444829953.547850 0.038452 0.010986 -10.008569
11960 1444829953.558052 -0.049439 0.010986 -9.920679
11961 1444829953.568538 -0.049439 0.010986 -9.920679
11962 1444829953.578197 -0.049439 0.010986 -10.008569
11963 1444829953.588249 -0.049439 0.010986 -9.920679
11964 1444829953.598386 -0.049439 0.010986 -10.008569
11965 1444829953.608400 0.038452 0.010986 -9.920679
11966 1444829953.618623 0.038452 0.010986 -9.920679
11967 1444829953.628922 0.038452 0.010986 -9.920679
11968 1444829953.638941 0.038452 0.010986 -9.920679
11969 1444829953.649158 0.038452 0.010986 -9.920679
11970 1444829953.659183 0.038452 0.010986 -9.920679
11971 1444829953.669283 0.038452 0.010986 -9.920679
11972 1444829953.679389 0.038452 0.010986 -9.832788
11973 1444829953.689504 0.038452 0.010986 -9.832788
11974 1444829953.701033 0.038452 0.010986 -9.832788
11975 1444829953.712461 0.038452 0.010986 -9.744897
11976 1444829953.722166 0.038452 0.010986 -9.744897
11977 1444829953.730815 0.038452 0.010986 -9.657006
11978 1444829953.740874 0.038452 0.010986 -9.657006
11979 1444829953.751346 0.038452 0.010986 -9.569115
11980 1444829953.761820 0.038452 0.098877 -9.481224
11981 1444829953.771523 0.038452 0.010986 -9.393333
11982 1444829953.782044 0.038452 0.098877 -9.393333
11983 1444829953.792460 0.038452 0.010986 -9.305443
11984 1444829953.802477 0.038452 0.098877 -9.305443
11985 1444829953.812634 0.038452 0.098877 -9.217552
11986 1444829953.822745 0.038452 0.010986 -9.129661
11987 1444829953.833071 0.038452 0.098877 -9.129661
11988 1444829953.843183 0.038452 0.010986 -9.04177
11989 1444829953.853236 0.038452 0.098877 -8.953879
11990 1444829953.863528 0.038452 0.010986 -8.865988
11991 1444829953.873561 0.038452 0.010986 -8.865988
11992 1444829953.883680 0.038452 0.098877 -8.778098
11993 1444829953.893814 0.038452 0.010986 -8.690207
11994 1444829953.903851 0.038452 0.010986 -8.690207
11995 1444829953.913918 0.038452 0.098877 -8.602316
11996 1444829953.924012 0.038452 0.010986 -8.602316
11997 1444829953.934103 0.038452 0.010986 -8.602316
11998 1444829953.944221 0.038452 0.010986 -8.514425
11999 1444829953.949284 0.038452 0.010986 -8.426534
12000 1444829953.961115 0.038452 0.010986 -8.426534
12001 1444829953.970968 0.038452 0.010986 -8.338643
12002 1444829953.980914 0.038452 0.010986 -8.338643
12003 1444829953.990943 0.038452 0.010986 -8.250753
12004 1444829954.001046 0.038452 0.010986 -8.250753
12005 1444829954.011983 0.038452 0.010986 -8.162862
12006 1444829954.022163 0.038452 0.010986 -8.162862
12007 1444829954.031734 0.038452 0.010986 -8.074971
12008 1444829954.041509 0.038452 0.010986 -8.074971
12009 1444829954.051366 0.038452 0.010986 -8.074971
12010 1444829954.062244 0.038452 0.010986 -7.98708
12011 1444829954.072470 0.038452 0.010986 -7.98708
12012 1444829954.082330 0.038452 0.010986 -7.98708
12013 1444829954.092138 0.038452 0.010986 -7.899189
12014 1444829954.102177 0.038452 0.010986 -7.899189
12015 1444829954.112201 0.038452 0.010986 -7.899189
12016 1444829954.122831 0.038452 0.010986 -7.811298
12017 1444829954.132193 0.038452 0.010986 -7.723408
12018 1444829954.142190 0.038452 0.010986 -7.635517
12019 1444829954.152301 0.038452 0.010986 -7.635517
12020 1444829954.162766 0.038452 0.010986 -7.547626
12021 1444829954.173069 0.038452 0.010986 -7.459735
12022 1444829954.182737 0.038452 0.010986 -7.371844
12023 1444829954.192981 0.038452 0.010986 -7.283953
12024 1444829954.203496 0.038452 0.010986 -7.283953
12025 1444829954.216022 0.038452 0.010986 -7.108172
12026 1444829954.223847 0.038452 0.010986 -7.108172
12027 1444829954.233803 0.038452 0.010986 -7.020281
12028 1444829954.243809 0.038452 0.010986 -6.93239
12029 1444829954.251125 0.038452 0.010986 -6.93239
12030 1444829954.261396 0.038452 0.010986 -6.844499
12031 1444829954.274086 0.038452 0.010986 -6.844499
12032 1444829954.284185 0.038452 0.010986 -6.756608
12033 1444829954.294363 0.038452 0.010986 -6.668717
12034 1444829954.305789 0.038452 0.010986 -6.580827
12035 1444829954.316391 0.038452 0.010986 -6.405045
12036 1444829954.326224 0.038452 0.010986 -6.317154
12037 1444829954.336377 0.038452 0.010986 -6.229263
12038 1444829954.346564 0.038452 0.010986 -6.229263
12039 1444829954.356490 0.038452 0.010986 -6.141372
12040 1444829954.366590 0.038452 0.010986 -6.141372
12041 1444829954.376596 0.038452 0.010986 -6.053482
12042 1444829954.387044 0.038452 0.010986 -5.965591
12043 1444829954.392289 0.038452 0.010986 -5.965591
12044 1444829954.402288 0.038452 0.010986 -5.8777
12045 1444829954.417341 -0.049439 0.010986 -5.789809
12046 1444829954.427357 0.038452 0.010986 -5.701918
12047 1444829954.437642 0.038452 0.010986 -5.614027
12048 1444829954.442801 0.038452 0.010986 -5.526137
12049 1444829954.452822 0.038452 0.010986 -5.526137
12050 1444829954.463176 -0.049439 0.010986 -5.350355
12051 1444829954.473362 -0.049439 0.010986 -5.262464
12052 1444829954.483343 0.038452 -0.076904 -5.174573
12053 1444829954.493493 0.038452 -0.076904 -5.174573
12054 1444829954.503832 -0.049439 -0.076904 -4.998792
12055 1444829954.514054 -0.049439 -0.076904 -4.998792
12056 1444829954.523958 0.038452 -0.076904 -4.910901
12057 1444829954.534086 -0.049439 -0.076904 -4.82301
12058 1444829954.544183 -0.049439 -0.076904 -4.735119
12059 1444829954.554254 -0.049439 0.010986 -4.553844
12060 1444829954.566078 0.038452 0.010986 -4.465953
12061 1444829954.574459 -0.049439 0.010986 -4.378062
12062 1444829954.584677 -0.049439 0.010986 -4.290172
12063 1444829954.596058 0.038452 -0.076904 -4.202281
12064 1444829954.606069 -0.049439 0.010986 -4.11439
12065 1444829954.616557 0.038452 0.010986 -3.938608
12066 1444829954.626461 0.038452 0.010986 -3.850717
12067 1444829954.636603 0.038452 0.010986 -3.762827
12068 1444829954.646629 0.038452 0.010986 -3.674936
12069 1444829954.656437 0.038452 0.010986 -3.587045
12070 1444829954.667388 -0.049439 0.010986 -3.411263
12071 1444829954.676932 0.038452 0.010986 -3.323372
12072 1444829954.686807 0.038452 0.010986 -3.147591
12073 1444829954.696867 0.038452 0.010986 -3.0597
12074 1444829954.707010 -0.049439 0.010986 -2.971809
12075 1444829954.717180 0.038452 0.010986 -2.883918
12076 1444829954.727164 0.038452 0.010986 -2.708136
12077 1444829954.737242 0.038452 0.010986 -2.620246
12078 1444829954.747344 0.038452 0.010986 -2.532355
12079 1444829954.757251 0.038452 0.010986 -2.444464
12080 1444829954.767845 0.038452 0.010986 -2.268682
12081 1444829954.777729 0.038452 0.010986 -2.180791
12082 1444829954.788444 0.038452 0.010986 -2.00501
12083 1444829954.798558 0.038452 0.010986 -1.917119
12084 1444829954.808911 0.038452 0.010986 -1.829228
12085 1444829954.819634 -0.049439 0.010986 -1.741337
12086 1444829954.825768 -0.049439 0.010986 -1.565556
12087 1444829954.835938 0.038452 0.010986 -1.477665
12088 1444829954.845925 0.038452 0.010986 -1.389774
12089 1444829954.855956 0.038452 0.010986 -1.213992
12090 1444829954.866502 0.038452 0.010986 -1.126101
12091 1444829954.876176 0.038452 0.010986 -0.95032
12092 1444829954.886770 0.038452 0.010986 -0.862429
12093 1444829954.896642 0.038452 0.010986 -0.686647
12094 1444829954.907455 0.038452 0.010986 -0.598756
12095 1444829954.918418 -0.049439 0.010986 -0.510866
12096 1444829954.927580 -0.049439 0.010986 -0.335084
12097 1444829954.937165 0.038452 0.010986 -0.247193
12098 1444829954.946957 -0.049439 0.010986 -0.159302
12099 1444829954.957216 -0.049439 0.010986 0.01648
12100 1444829954.967429 0.038452 0.010986 0.10437
12101 1444829954.977282 0.038452 0.010986 0.280152
12102 1444829954.987902 0.038452 0.010986 0.368043
12103 1444829954.997451 0.038452 0.010986 0.455934
12104 1444829955.007882 0.038452 0.010986 0.631715
12105 1444829955.017953 0.038452 0.010986 0.719606
12106 1444829955.027739 0.038452 0.010986 0.895388
12107 1444829955.037867 0.038452 0.010986 1.07117
12108 1444829955.048234 0.038452 0.010986 1.15906
12109 1444829955.058310 0.038452 0.010986 1.246951
12110 1444829955.068578 0.038452 0.010986 1.422733
12111 1444829955.078548 0.038452 0.010986 1.510624
12112 1444829955.088638 0.038452 0.010986 1.598515
12113 1444829955.098798 0.038452 0.010986 1.774296
12114 1444829955.108921 0.038452 0.010986 1.862187
12115 1444829955.116164 -0.049439 0.010986 2.037969
12116 1444829955.126371 0.038452 0.010986 2.12586
12117 1444829955.139212 0.038452 0.010986 2.301641
12118 1444829955.150774 0.038452 0.010986 2.477423
12119 1444829955.162141 0.038452 0.010986 2.565314
12120 1444829955.171633 -0.049439 0.010986 2.741096
12121 1444829955.180930 -0.049439 0.010986 2.916877
12122 1444829955.190918 -0.049439 0.010986 3.004768
12123 1444829955.201069 -0.049439 0.010986 3.092659
12124 1444829955.212048 -0.049439 0.010986 3.268441
12125 1444829955.217361 -0.049439 -0.076904 3.356331
12126 1444829955.232227 0.038452 0.010986 3.532113
12127 1444829955.242138 -0.049439 0.010986 3.707895
12128 1444829955.252688 -0.049439 0.010986 3.795786
12129 1444829955.263077 0.038452 0.010986 3.971567
12130 1444829955.272932 0.038452 0.010986 4.147349
12131 1444829955.282925 0.038452 0.010986 4.23524
12132 1444829955.292919 0.038452 0.010986 4.411022
12133 1444829955.302883 0.038452 0.010986 4.586803
12134 1444829955.313176 0.038452 0.010986 4.762585
12135 1444829955.323255 -0.049439 0.010986 4.850476
12136 1444829955.333253 0.038452 0.010986 5.026257
12137 1444829955.343239 0.038452 0.010986 5.202039
12138 1444829955.353430 0.038452 0.010986 5.28993
12139 1444829955.363600 0.038452 0.010986 5.553602
12140 1444829955.373607 0.038452 0.010986 5.641493
12141 1444829955.383766 -0.049439 0.010986 5.729384
12142 1444829955.393877 -0.049439 0.010986 5.905166
12143 1444829955.404026 -0.049439 0.010986 6.080947
12144 1444829955.411015 -0.049439 0.010986 6.256729
12145 1444829955.421556 -0.049439 0.010986 6.432511
12146 1444829955.431161 0.038452 0.010986 6.608293
12147 1444829955.441137 -0.049439 0.010986 6.784074
12148 1444829955.451245 -0.049439 -0.076904 6.871965
12149 1444829955.461579 -0.049439 0.010986 7.047747
12150 1444829955.471711 -0.049439 0.010986 7.223528
12151 1444829955.481779 -0.049439 0.010986 7.39931
12152 1444829955.491776 -0.049439 -0.076904 7.487201
12153 1444829955.501717 -0.049439 0.010986 7.662983
12154 1444829955.512561 -0.049439 0.010986 7.838764
12155 1444829955.522120 -0.049439 0.010986 8.014546
12156 1444829955.532010 -0.049439 0.010986 8.102437
12157 1444829955.541947 -0.049439 0.010986 8.278218
12158 1444829955.551988 -0.049439 0.010986 8.454
12159 1444829955.562215 -0.049439 0.010986 8.629782
12160 1444829955.572481 -0.049439 0.010986 8.805563
12161 1444829955.582510 -0.049439 0.010986 8.981345
12162 1444829955.592375 -0.049439 0.010986 9.069236
12163 1444829955.602587 -0.049439 0.010986 9.245018
12164 1444829955.612645 -0.049439 -0.076904 9.420799
12165 1444829955.622585 -0.049439 0.010986 9.596581
12166 1444829955.632763 -0.049439 -0.076904 9.772363
12167 1444829955.642810 -0.049439 -0.076904 9.860254
12168 1444829955.652988 -0.049439 0.010986 10.036035
12169 1444829955.663020 -0.049439 -0.076904 10.211817
12170 1444829955.673827 -0.049439 0.010986 10.299708
12171 1444829955.683850 -0.049439 0.010986 10.475489
12172 1444829955.693843 -0.049439 -0.076904 10.651271
12173 1444829955.705894 -0.049439 0.010986 10.914944
12174 1444829955.716264 -0.049439 0.010986 11.090725
12175 1444829955.726055 -0.049439 0.010986 11.178616
12176 1444829955.736127 -0.049439 0.010986 11.354398
12177 1444829955.746152 -0.049439 0.010986 11.53018
12178 1444829955.756242 -0.049439 -0.076904 11.705961
12179 1444829955.766309 -0.049439 0.010986 11.881743
12180 1444829955.776300 -0.049439 0.010986 11.969634
12181 1444829955.786522 0.038452 0.010986 12.233306
12182 1444829955.796606 -0.049439 0.010986 12.321197
12183 1444829955.806796 -0.049439 0.010986 12.496979
12184 1444829955.816939 -0.049439 0.010986 12.67276
12185 1444829955.826843 -0.049439 0.010986 12.848542
12186 1444829955.836951 -0.049439 -0.076904 13.024324
12187 1444829955.847155 -0.049439 0.010986 13.112215
12188 1444829955.857336 -0.049439 -0.076904 13.287996
12189 1444829955.865917 -0.049439 -0.076904 13.463778
12190 1444829955.877502 -0.049439 0.010986 13.63956
12191 1444829955.882744 -0.049439 -0.076904 13.727451
12192 1444829955.892856 -0.049439 0.010986 13.903232
12193 1444829955.903027 -0.049439 -0.076904 14.079014
12194 1444829955.913477 -0.049439 -0.076904 14.166905
12195 1444829955.923812 -0.049439 -0.076904 14.342686
12196 1444829955.934192 -0.049439 -0.076904 14.518468
12197 1444829955.944181 -0.049439 0.010986 14.69425
12198 1444829955.954098 -0.049439 0.010986 14.870031
12199 1444829955.964225 -0.049439 0.010986 14.957922
12200 1444829955.974266 -0.049439 0.010986 15.221595
12201 1444829955.984535 0.038452 0.010986 15.309486
12202 1444829955.994649 -0.049439 0.010986 15.485267
12203 1444829956.005890 -0.049439 0.010986 15.74894
12204 1444829956.011754 0.038452 0.010986 15.836831
12205 1444829956.022171 -0.049439 0.010986 16.100503
12206 1444829956.035955 -0.049439 0.010986 16.276285
12207 1444829956.046097 -0.049439 0.010986 16.452067
12208 1444829956.056026 -0.049439 0.010986 16.627848
12209 1444829956.066209 -0.049439 0.010986 16.80363
12210 1444829956.075771 -0.049439 0.010986 16.979412
12211 1444829956.086486 -0.049439 0.010986 17.155193
12212 1444829956.096514 -0.049439 0.010986 17.330975
12213 1444829956.108268 -0.049439 -0.076904 17.418866
12214 1444829956.118599 -0.049439 0.010986 17.594647
12215 1444829956.128415 -0.049439 0.010986 17.863813
12216 1444829956.138554 -0.049439 -0.076904 17.951704
12217 1444829956.148639 -0.049439 0.010986 18.127486
12218 1444829956.158803 0.038452 0.010986 18.303267
12219 1444829956.168909 -0.049439 0.010986 18.479049
12220 1444829956.179031 -0.049439 0.010986 18.654831
12221 1444829956.189107 -0.049439 0.010986 18.830612
12222 1444829956.199208 0.038452 0.010986 19.006394
12223 1444829956.209347 0.038452 0.010986 19.182176
12224 1444829956.216122 0.038452 0.010986 19.357957
12225 1444829956.226146 -0.049439 0.010986 19.533739
12226 1444829956.236025 -0.049439 0.010986 19.709521
12227 1444829956.245929 -0.049439 0.010986 19.797412
12228 1444829956.256014 -0.049439 0.010986 19.973193
12229 1444829956.266469 -0.049439 0.010986 20.148975
12230 1444829956.276582 -0.049439 0.010986 20.324757
12231 1444829956.286702 -0.049439 0.010986 20.500538
12232 1444829956.296790 -0.049439 0.010986 20.588429
12233 1444829956.306844 -0.049439 0.010986 20.764211
12234 1444829956.317236 0.038452 0.010986 20.939993
12235 1444829956.327105 -0.049439 0.010986 21.115774
12236 1444829956.337287 -0.049439 0.010986 21.291556
12237 1444829956.347420 -0.049439 0.010986 21.379447
12238 1444829956.357482 -0.049439 0.010986 21.555228
12239 1444829956.367320 -0.049439 0.010986 21.73101
12240 1444829956.377563 -0.049439 0.010986 21.906792
12241 1444829956.387763 -0.049439 0.010986 22.082573
12242 1444829956.397866 -0.049439 0.010986 22.170464
12243 1444829956.407877 -0.049439 0.010986 22.346246
12244 1444829956.418258 0.038452 0.010986 22.522028
12245 1444829956.428140 -0.049439 0.010986 22.697809
12246 1444829956.438248 -0.049439 0.010986 22.873591
12247 1444829956.448277 -0.049439 0.010986 23.049373
12248 1444829956.458519 -0.049439 0.010986 23.137264
12249 1444829956.467347 -0.049439 0.010986 23.313045
12250 1444829956.479417 -0.049439 0.010986 23.488827
12251 1444829956.489538 0.038452 0.010986 23.664609
12252 1444829956.501119 -0.049439 0.010986 23.84039
12253 1444829956.511589 -0.049439 0.010986 24.016172
12254 1444829956.521706 -0.049439 0.010986 24.191954
12255 1444829956.531148 0.038452 0.010986 24.367735
12256 1444829956.541530 -0.049439 -0.076904 24.455626
12257 1444829956.551568 0.038452 0.010986 24.719299
12258 1444829956.561785 -0.049439 -0.076904 24.807189
12259 1444829956.572191 0.038452 -0.076904 24.982971
12260 1444829956.581860 -0.049439 0.010986 25.158753
12261 1444829956.592019 -0.049439 -0.076904 25.334535
12262 1444829956.602058 0.038452 -0.076904 25.510316
12263 1444829956.612410 -0.049439 0.010986 25.598207
12264 1444829956.622177 0.038452 0.010986 25.773989
12265 1444829956.632272 -0.049439 0.010986 25.94977
12266 1444829956.642285 0.038452 0.010986 26.125552
12267 1444829956.652375 0.038452 0.010986 26.213443
12268 1444829956.662712 0.038452 0.010986 26.389225
12269 1444829956.672723 0.038452 0.010986 26.565006
12270 1444829956.682823 0.038452 0.010986 26.740788
12271 1444829956.692952 0.038452 0.010986 26.828679
12272 1444829956.698270 -0.049439 0.010986 26.91657
12273 1444829956.708332 0.038452 0.010986 27.092351
12274 1444829956.718467 0.038452 0.010986 27.268133
12275 1444829956.729167 0.038452 0.010986 27.356024
12276 1444829956.739260 -0.049439 0.010986 27.531805
12277 1444829956.749287 0.038452 0.010986 27.707587
12278 1444829956.760880 0.038452 0.010986 27.883369
12279 1444829956.771141 -0.049439 -0.076904 28.059151
12280 1444829956.779670 -0.049439 -0.076904 28.147041
12281 1444829956.789758 0.038452 0.010986 28.322823
12282 1444829956.800921 -0.049439 -0.076904 28.498605
12283 1444829956.811491 -0.049439 -0.076904 28.674386
12284 1444829956.821578 -0.049439 -0.076904 28.762277
12285 1444829956.831182 -0.049439 0.010986 28.938059
12286 1444829956.841705 -0.049439 0.010986 29.02595
12287 1444829956.851762 0.038452 0.010986 29.201731
12288 1444829956.861786 -0.049439 0.010986 29.377513
12289 1444829956.871740 0.038452 -0.076904 29.465404
12290 1444829956.881760 0.038452 -0.076904 29.641186
12291 1444829956.891778 0.038452 0.010986 29.816967
12292 1444829956.901992 0.038452 0.010986 29.904858
12293 1444829956.912267 0.038452 0.010986 30.08064
12294 1444829956.922942 0.038452 0.010986 30.168531
12295 1444829956.933082 0.038452 0.010986 30.344312
12296 1444829956.943192 0.038452 0.010986 30.520094
12297 1444829956.953212 -0.049439 0.010986 30.607985
12298 1444829956.963456 -0.049439 0.010986 30.695876
12299 1444829956.973499 0.038452 0.010986 30.871657
12300 1444829956.983514 -0.049439 0.010986 31.047439
12301 1444829956.993694 0.038452 0.010986 31.13533
12302 1444829957.003907 0.038452 -0.076904 31.223221
12303 1444829957.013837 0.038452 -0.076904 31.399002
12304 1444829957.020804 0.038452 -0.076904 31.574784
12305 1444829957.034408 0.038452 -0.076904 31.662675
12306 1444829957.044530 0.038452 -0.076904 31.838457
12307 1444829957.054613 -0.049439 0.010986 31.926347
12308 1444829957.062294 0.038452 0.010986 32.102129
12309 1444829957.072704 0.038452 -0.076904 32.19002
12310 1444829957.081640 0.038452 0.010986 32.365802
12311 1444829957.091612 0.038452 -0.076904 32.453693
12312 1444829957.102099 0.038452 0.010986 32.541583
12313 1444829957.112635 0.038452 0.010986 32.629474
12314 1444829957.122373 0.038452 -0.076904 32.805256
12315 1444829957.132228 0.038452 0.010986 32.893147
12316 1444829957.142279 0.038452 0.010986 33.068928
12317 1444829957.152254 0.038452 0.010986 33.156819
12318 1444829957.162650 0.038452 0.010986 33.332601
12319 1444829957.172689 0.038452 0.010986 33.420492
12320 1444829957.182934 0.038452 0.010986 33.596273
12321 1444829957.192874 -0.049439 0.010986 33.684164
12322 1444829957.202865 0.038452 0.010986 33.772055
12323 1444829957.212915 -0.049439 0.010986 33.947837
12324 1444829957.222914 0.038452 0.010986 34.035728
12325 1444829957.233031 0.038452 0.010986 34.123618
12326 1444829957.243058 0.038452 0.010986 34.211509
12327 1444829957.253032 -0.049439 0.010986 34.387291
12328 1444829957.263222 0.038452 0.010986 34.475182
12329 1444829957.273184 -0.049439 0.010986 34.563073
12330 1444829957.283351 0.038452 0.010986 34.738854
12331 1444829957.293506 -0.049439 0.010986 34.826745
12332 1444829957.303697 -0.049439 0.010986 35.002527
12333 1444829957.315837 -0.049439 0.010986 35.178309
12334 1444829957.323817 -0.049439 0.010986 35.266199
12335 1444829957.333843 0.038452 0.010986 35.35409
12336 1444829957.343955 -0.049439 -0.076904 35.441981
12337 1444829957.355807 -0.049439 0.010986 35.617763
12338 1444829957.366824 -0.049439 0.010986 35.705654
12339 1444829957.376002 -0.049439 0.010986 35.793544
12340 1444829957.386074 -0.049439 0.010986 35.969326
12341 1444829957.397057 -0.049439 0.010986 36.057217
12342 1444829957.406897 -0.049439 0.010986 36.145108
12343 1444829957.411822 -0.049439 0.010986 36.145108
12344 1444829957.427237 0.038452 0.010986 36.320889
12345 1444829957.437464 0.038452 0.010986 36.40878
12346 1444829957.441981 -0.049439 -0.076904 36.496671
12347 1444829957.451941 0.038452 0.010986 36.584562
12348 1444829957.467799 0.038452 0.010986 36.760344
12349 1444829957.477770 0.038452 0.010986 36.848234
12350 1444829957.488000 -0.049439 0.010986 36.936125
12351 1444829957.493211 0.038452 0.010986 37.024016
12352 1444829957.503373 -0.049439 0.010986 37.111907
12353 1444829957.513609 -0.049439 0.010986 37.199798
12354 1444829957.524186 -0.049439 0.010986 37.287689
12355 1444829957.534232 0.038452 0.010986 37.37558
12356 1444829957.544307 -0.049439 0.010986 37.46347
12357 1444829957.554454 -0.049439 0.010986 37.551361
12358 1444829957.564547 0.038452 0.010986 37.639252
12359 1444829957.571961 -0.049439 0.010986 37.727143
12360 1444829957.584781 -0.049439 0.010986 37.815034
12361 1444829957.594905 0.038452 0.010986 37.902925
12362 1444829957.605747 0.038452 0.010986 37.990815
12363 1444829957.615975 0.038452 -0.076904 38.078706
12364 1444829957.625793 0.038452 0.010986 38.166597
12365 1444829957.635986 -0.049439 0.010986 38.254488
12366 1444829957.646405 -0.049439 0.010986 38.43027
12367 1444829957.656161 -0.049439 0.010986 38.51816
12368 1444829957.666181 -0.049439 0.010986 38.51816
12369 1444829957.676202 -0.049439 -0.076904 38.606051
12370 1444829957.686821 -0.049439 -0.076904 38.693942
12371 1444829957.696835 -0.049439 -0.076904 38.869724
12372 1444829957.706920 -0.049439 0.010986 38.957615
12373 1444829957.717014 -0.049439 -0.076904 38.957615
12374 1444829957.727286 -0.049439 -0.076904 39.045505
12375 1444829957.738348 -0.049439 -0.076904 39.133396
12376 1444829957.748352 0.038452 0.010986 39.221287
12377 1444829957.758381 0.038452 0.010986 39.309178
12378 1444829957.768707 0.038452 0.010986 39.309178
12379 1444829957.778475 0.038452 0.010986 39.397069
12380 1444829957.788541 0.038452 0.010986 39.48496
12381 1444829957.798847 0.038452 0.010986 39.48496
12382 1444829957.808905 0.038452 0.010986 39.572851
12383 1444829957.818958 0.038452 0.010986 39.748632
12384 1444829957.829091 0.038452 0.010986 39.748632
12385 1444829957.839164 0.038452 0.010986 39.836523
12386 1444829957.849360 -0.049439 0.010986 39.836523
12387 1444829957.859521 0.038452 0.010986 39.924414
12388 1444829957.869594 -0.049439 0.010986 40.012305
12389 1444829957.879689 -0.049439 0.010986 40.100196
12390 1444829957.889800 0.038452 0.010986 40.188086
12391 1444829957.899864 0.038452 0.010986 40.188086
12392 1444829957.910013 0.038452 0.010986 40.275977
12393 1444829957.920366 0.038452 0.010986 40.369361
12394 1444829957.930241 0.038452 0.010986 40.457252
12395 1444829957.940444 0.038452 0.010986 40.457252
12396 1444829957.945796 -0.049439 0.010986 40.545143
12397 1444829957.956036 0.038452 0.010986 40.633034
12398 1444829957.966306 0.038452 0.010986 40.633034
12399 1444829957.976258 0.038452 -0.076904 40.720925
12400 1444829957.986600 0.038452 0.010986 40.720925
12401 1444829957.996743 0.038452 0.010986 40.808815
12402 1444829958.007172 -0.049439 0.010986 40.896706
12403 1444829958.017802 0.038452 0.010986 40.984597
12404 1444829958.027684 -0.049439 0.010986 40.984597
12405 1444829958.037786 0.038452 0.010986 41.072488
12406 1444829958.047934 0.038452 0.010986 41.072488
12407 1444829958.057997 -0.049439 0.010986 41.072488
12408 1444829958.068203 0.038452 0.010986 41.160379
12409 1444829958.078176 0.038452 0.010986 41.24827
12410 1444829958.088269 0.038452 0.010986 41.24827
12411 1444829958.098406 0.038452 0.010986 41.33616
12412 1444829958.108375 0.038452 0.010986 41.424051
12413 1444829958.115909 0.038452 0.010986 41.424051
12414 1444829958.128548 0.038452 0.010986 41.511942
12415 1444829958.138788 0.038452 0.010986 41.511942
12416 1444829958.148839 0.038452 0.010986 41.599833
12417 1444829958.158945 0.038452 0.010986 41.599833
12418 1444829958.169024 0.038452 0.010986 41.687724
12419 1444829958.179223 0.038452 0.010986 41.687724
12420 1444829958.189458 0.038452 -0.076904 41.687724
12421 1444829958.199459 -0.049439 -0.076904 41.775615
12422 1444829958.211763 -0.049439 -0.076904 41.775615
12423 1444829958.222875 0.038452 -0.076904 41.863506
12424 1444829958.231894 0.038452 -0.076904 41.863506
12425 1444829958.241756 0.038452 0.010986 41.951396
12426 1444829958.251979 0.038452 -0.076904 41.951396
12427 1444829958.262345 -0.049439 -0.076904 42.039287
12428 1444829958.272231 0.038452 -0.076904 42.039287
12429 1444829958.282186 0.038452 0.010986 42.127178
12430 1444829958.292455 0.038452 -0.076904 42.127178
12431 1444829958.302600 0.038452 -0.076904 42.215069
12432 1444829958.312864 0.038452 -0.076904 42.215069
12433 1444829958.322617 0.038452 -0.076904 42.30296
12434 1444829958.333208 -0.049439 0.010986 42.30296
12435 1444829958.343114 0.038452 0.010986 42.30296
12436 1444829958.353311 -0.049439 -0.076904 42.30296
12437 1444829958.363666 -0.049439 0.010986 42.390851
12438 1444829958.373779 0.038452 0.010986 42.390851
12439 1444829958.383696 0.038452 0.010986 42.390851
12440 1444829958.393782 -0.049439 0.010986 42.478741
12441 1444829958.403773 0.038452 0.010986 42.478741
12442 1444829958.413895 0.038452 0.010986 42.478741
12443 1444829958.423928 0.038452 0.010986 42.566632
12444 1444829958.434107 0.038452 0.010986 42.566632
12445 1444829958.444204 0.038452 0.010986 42.566632
12446 1444829958.454389 0.038452 0.010986 42.654523
12447 1444829958.461389 0.038452 0.010986 42.654523
12448 1444829958.472407 -0.049439 0.010986 42.654523
12449 1444829958.481199 0.038452 0.010986 42.654523
12450 1444829958.491096 0.038452 0.010986 42.742414
12451 1444829958.501183 0.038452 0.010986 42.742414
12452 1444829958.511978 0.038452 0.010986 42.742414
12453 1444829958.521701 -0.049439 0.010986 42.742414
12454 1444829958.531493 0.038452 0.010986 42.830305
12455 1444829958.541406 0.038452 0.010986 42.830305
12456 1444829958.551752 0.038452 0.010986 42.830305
12457 1444829958.562131 0.038452 0.010986 42.918196
12458 1444829958.571851 0.038452 0.010986 42.918196
12459 1444829958.582017 0.038452 0.010986 42.918196
12460 1444829958.592090 0.038452 0.010986 42.918196
12461 1444829958.602161 0.038452 0.010986 42.918196
12462 1444829958.612701 -0.049439 0.010986 42.918196
12463 1444829958.622757 0.038452 0.010986 42.918196
12464 1444829958.632849 0.038452 0.010986 42.918196
12465 1444829958.643809 0.038452 0.010986 42.918196
12466 1444829958.653886 0.038452 0.010986 43.006086
12467 1444829958.664012 0.038452 0.010986 43.006086
12468 1444829958.674136 0.038452 0.010986 43.006086
12469 1444829958.684153 -0.049439 0.010986 43.006086
12470 1444829958.695854 0.038452 0.010986 43.093977
12471 1444829958.704399 -0.049439 -0.076904 43.093977
12472 1444829958.716272 0.038452 0.010986 43.093977
12473 1444829958.726100 -0.049439 0.010986 43.093977
12474 1444829958.735878 0.038452 0.010986 43.093977
12475 1444829958.744883 0.038452 0.010986 43.093977
12476 1444829958.756013 0.038452 0.010986 43.093977
12477 1444829958.766863 0.038452 0.010986 43.093977
12478 1444829958.776330 0.038452 0.010986 43.093977
12479 1444829958.786536 0.038452 0.010986 43.181868
12480 1444829958.796756 0.038452 0.010986 43.181868
12481 1444829958.806735 0.038452 0.010986 43.181868
12482 1444829958.816493 0.038452 0.010986 43.181868
12483 1444829958.826639 0.038452 0.010986 43.181868
12484 1444829958.836784 0.038452 0.010986 43.181868
12485 1444829958.846817 0.038452 0.010986 43.181868
12486 1444829958.857024 0.038452 0.010986 43.181868
12487 1444829958.867443 0.038452 0.010986 43.181868
12488 1444829958.877167 0.038452 0.010986 43.181868
12489 1444829958.887392 0.038452 0.010986 43.181868
12490 1444829958.897564 -0.049439 0.010986 43.181868
12491 1444829958.907647 0.038452 0.010986 43.181868
12492 1444829958.917703 0.038452 0.010986 43.269759
12493 1444829958.927539 0.038452 0.010986 43.269759
12494 1444829958.937812 0.038452 0.010986 43.181868
12495 1444829958.947857 -0.049439 0.010986 43.269759
12496 1444829958.957989 0.038452 0.010986 43.269759
12497 1444829958.968124 0.038452 0.010986 43.269759
12498 1444829958.978153 0.038452 0.010986 43.269759
12499 1444829958.988301 -0.049439 -0.076904 43.269759
12500 1444829958.998468 0.038452 0.010986 43.269759
12501 1444829959.008709 -0.049439 -0.076904 43.269759
12502 1444829959.019101 0.038452 0.010986 43.269759
12503 1444829959.029100 -0.049439 0.010986 43.269759
12504 1444829959.039178 -0.049439 -0.076904 43.269759
12505 1444829959.049397 -0.049439 0.010986 43.269759
12506 1444829959.059524 -0.049439 -0.076904 43.269759
12507 1444829959.061892 0.038452 0.010986 43.269759
12508 1444829959.079834 -0.049439 0.010986 43.269759
12509 1444829959.091151 -0.049439 -0.076904 43.269759
12510 1444829959.101611 -0.049439 0.010986 43.269759
12511 1444829959.105853 0.038452 0.010986 43.269759
12512 1444829959.121756 0.038452 -0.076904 43.269759
12513 1444829959.131581 0.038452 0.010986 43.269759
12514 1444829959.141904 0.038452 -0.076904 43.269759
12515 1444829959.151857 -0.049439 0.010986 43.269759
12516 1444829959.162539 0.038452 -0.076904 43.269759
12517 1444829959.172602 -0.049439 0.010986 43.269759
12518 1444829959.182650 -0.049439 0.010986 43.269759
12519 1444829959.192719 -0.049439 0.010986 43.269759
12520 1444829959.202910 0.038452 -0.076904 43.269759
12521 1444829959.207836 -0.049439 0.010986 43.269759
12522 1444829959.222897 0.038452 -0.076904 43.269759
12523 1444829959.233063 0.038452 0.010986 43.269759
12524 1444829959.243197 -0.049439 -0.076904 43.269759
12525 1444829959.248224 -0.049439 -0.076904 43.269759
12526 1444829959.258723 0.038452 -0.076904 43.181868
12527 1444829959.268918 0.038452 -0.076904 43.181868
12528 1444829959.279029 0.038452 0.010986 43.093977
12529 1444829959.289172 0.038452 0.010986 43.006086
12530 1444829959.299409 0.038452 0.010986 42.918196
12531 1444829959.311200 0.038452 0.010986 42.742414
12532 1444829959.320933 0.038452 0.010986 42.566632
12533 1444829959.329716 0.038452 0.010986 42.478741
12534 1444829959.340899 0.038452 0.010986 42.127178
12535 1444829959.351070 -0.049439 0.010986 41.863506
12536 1444829959.361419 0.038452 0.010986 41.599833
12537 1444829959.371556 0.038452 0.010986 41.24827
12538 1444829959.381179 0.038452 0.010986 40.984597
12539 1444829959.391186 0.038452 0.010986 40.545143
12540 1444829959.401261 0.038452 0.010986 40.188086
12541 1444829959.412078 -0.049439 0.010986 39.748632
12542 1444829959.421930 0.038452 0.010986 39.221287
12543 1444829959.431929 -0.049439 0.010986 38.781833
12544 1444829959.441952 -0.049439 0.010986 38.254488
12545 1444829959.451978 0.038452 0.010986 37.727143
12546 1444829959.462123 0.038452 0.010986 37.111907
12547 1444829959.472367 -0.049439 0.010986 36.584562
12548 1444829959.482480 0.038452 0.010986 35.881435
12549 1444829959.492596 0.038452 0.010986 35.266199
12550 1444829959.502624 -0.049439 0.010986 34.563073
12551 1444829959.512743 0.038452 0.010986 33.859946
12552 1444829959.522788 -0.049439 0.010986 33.156819
12553 1444829959.533497 0.038452 0.010986 32.365802
12554 1444829959.543922 0.038452 0.010986 31.662675
12555 1444829959.554073 0.038452 0.010986 30.783767
12556 1444829959.564194 -0.049439 0.010986 29.992749
12557 1444829959.574384 -0.049439 0.010986 29.201731
12558 1444829959.584827 0.038452 0.010986 28.322823
12559 1444829959.594956 -0.049439 0.010986 27.443915
12560 1444829959.600959 0.038452 0.010986 26.565006
12561 1444829959.611190 0.038452 0.010986 25.686098
12562 1444829959.621108 0.038452 0.010986 24.807189
12563 1444829959.631178 -0.049439 0.010986 23.84039
12564 1444829959.641410 -0.049439 0.010986 22.961482
12565 1444829959.651482 -0.049439 0.010986 22.082573
12566 1444829959.661867 -0.049439 0.010986 21.115774
12567 1444829959.671908 -0.049439 -0.076904 20.236866
12568 1444829959.681897 -0.049439 0.010986 19.270067
12569 1444829959.691748 -0.049439 0.010986 18.391158
12570 1444829959.701964 -0.049439 0.010986 17.418866
12571 1444829959.712301 -0.049439 0.010986 16.539957
12572 1444829959.722368 0.038452 0.010986 15.573158
12573 1444829959.732464 -0.049439 0.010986 14.69425
12574 1444829959.742528 -0.049439 -0.076904 13.727451
12575 1444829959.752551 0.038452 0.010986 12.760651
12576 1444829959.762918 -0.049439 -0.076904 11.881743
12577 1444829959.772911 0.038452 0.010986 10.914944
12578 1444829959.783066 0.038452 -0.076904 9.948144
12579 1444829959.792995 0.038452 0.010986 9.069236
12580 1444829959.803596 -0.049439 0.010986 8.190328
12581 1444829959.813787 0.038452 -0.076904 7.223528
12582 1444829959.823673 0.038452 -0.076904 6.432511
12583 1444829959.833521 0.038452 0.010986 5.465712
12584 1444829959.843597 0.038452 -0.076904 4.674694
12585 1444829959.853922 -0.049439 0.010986 3.795786
12586 1444829959.866045 0.038452 -0.076904 2.653205
12587 1444829959.871120 -0.049439 -0.076904 2.213751
12588 1444829959.885900 -0.049439 -0.076904 1.15906
12589 1444829959.896368 0.038452 -0.076904 0.455934
12590 1444829959.906091 -0.049439 0.010986 -0.247193
12591 1444829959.916143 -0.049439 -0.076904 -0.862429
12592 1444829959.926032 -0.049439 0.010986 -1.477665
12593 1444829959.936840 -0.049439 0.010986 -2.092901
12594 1444829959.947344 0.038452 -0.076904 -2.708136
12595 1444829959.956998 -0.049439 -0.076904 -3.235482
12596 1444829959.967790 0.038452 -0.076904 -3.850717
12597 1444829959.977636 0.038452 -0.076904 -4.378062
12598 1444829959.987913 0.038452 -0.076904 -4.910901
12599 1444829959.992920 0.038452 0.010986 -5.086682
12600 1444829960.003056 0.038452 0.010986 -5.614027
12601 1444829960.013516 0.038452 0.010986 -6.053482
12602 1444829960.023457 0.038452 0.010986 -6.492936
12603 1444829960.033566 0.038452 0.010986 -6.844499
12604 1444829960.043713 0.038452 0.010986 -7.283953
12605 1444829960.054082 0.038452 0.010986 -7.635517
12606 1444829960.064327 0.038452 0.010986 -7.899189
12607 1444829960.074347 0.038452 0.010986 -8.162862
12608 1444829960.084438 0.038452 0.010986 -8.426534
12609 1444829960.094564 0.038452 0.010986 -8.690207
12610 1444829960.104706 0.038452 0.010986 -8.865988
12611 1444829960.116033 0.038452 0.098877 -9.217552
12612 1444829960.126678 0.038452 0.098877 -9.393333
12613 1444829960.136178 0.038452 0.098877 -9.569115
12614 1444829960.146403 0.126343 0.098877 -9.744897
12615 1444829960.156344 0.038452 0.098877 -9.920679
12616 1444829960.166721 0.038452 0.098877 -10.09646
12617 1444829960.176594 0.126343 0.010986 -10.272242
12618 1444829960.186490 0.038452 0.098877 -10.360133
12619 1444829960.196617 0.126343 0.098877 -10.535914
12620 1444829960.206727 0.126343 0.010986 -10.623805
12621 1444829960.218323 0.126343 0.010986 -10.711696
12622 1444829960.226893 0.126343 0.010986 -10.799587
12623 1444829960.237266 0.126343 0.098877 -10.975369
12624 1444829960.248391 0.038452 0.010986 -11.063259
12625 1444829960.257413 0.126343 0.010986 -11.063259
12626 1444829960.269364 0.038452 0.010986 -11.15115
12627 1444829960.278580 0.126343 0.098877 -11.15115
12628 1444829960.287725 0.038452 0.098877 -11.15115
12629 1444829960.298592 0.126343 0.098877 -11.15115
12630 1444829960.307848 0.038452 0.010986 -11.15115
12631 1444829960.319066 0.038452 0.098877 -11.15115
12632 1444829960.328999 0.038452 0.098877 -11.15115
12633 1444829960.339290 0.038452 0.098877 -11.15115
12634 1444829960.349484 0.038452 0.010986 -11.15115
12635 1444829960.358839 0.038452 0.098877 -11.15115
12636 1444829960.369065 0.038452 0.098877 -11.15115
12637 1444829960.379132 0.038452 0.010986 -11.15115
12638 1444829960.389392 0.038452 0.010986 -11.15115
12639 1444829960.395721 0.038452 0.010986 -11.063259
12640 1444829960.410856 0.038452 0.010986 -11.063259
12641 1444829960.416374 0.038452 0.010986 -11.063259
12642 1444829960.430794 0.038452 0.010986 -11.063259
12643 1444829960.441015 0.038452 0.010986 -10.975369
12644 1444829960.446083 0.038452 0.010986 -10.975369
12645 1444829960.456102 0.038452 0.010986 -10.975369
12646 1444829960.466715 0.038452 0.010986 -10.975369
12647 1444829960.476271 0.038452 0.010986 -10.975369
12648 1444829960.486706 0.038452 0.010986 -10.887478
12649 1444829960.496610 0.038452 0.010986 -10.887478
12650 1444829960.506609 0.038452 -0.076904 -10.799587
12651 1444829960.517242 0.038452 -0.076904 -10.711696
12652 1444829960.526821 0.038452 0.010986 -10.711696
12653 1444829960.536938 0.038452 -0.076904 -10.623805
12654 1444829960.547382 0.038452 -0.076904 -10.535914
12655 1444829960.557514 0.038452 -0.076904 -10.535914
12656 1444829960.567704 0.038452 -0.076904 -10.535914
12657 1444829960.577812 0.038452 -0.076904 -10.448024
12658 1444829960.587855 0.038452 0.010986 -10.360133
12659 1444829960.597944 0.038452 -0.076904 -10.272242
12660 1444829960.608023 0.038452 0.010986 -10.184351
12661 1444829960.618163 -0.049439 0.010986 -10.184351
12662 1444829960.628212 -0.049439 0.010986 -10.09646
12663 1444829960.638474 0.038452 -0.076904 -10.09646
12664 1444829960.648524 0.038452 -0.076904 -10.008569
12665 1444829960.658553 -0.049439 -0.076904 -10.008569
12666 1444829960.671722 -0.049439 -0.076904 -10.008569
12667 1444829960.678932 -0.049439 -0.076904 -10.008569
12668 1444829960.688945 -0.049439 -0.076904 -9.920679
12669 1444829960.699007 -0.049439 -0.076904 -9.920679
12670 1444829960.711957 -0.049439 -0.076904 -9.920679
12671 1444829960.722076 -0.049439 -0.076904 -9.920679
12672 1444829960.731674 0.038452 -0.076904 -9.920679
12673 1444829960.741364 -0.049439 -0.076904 -9.920679
12674 1444829960.751741 -0.049439 -0.076904 -9.832788
12675 1444829960.761934 -0.049439 -0.076904 -9.744897
12676 1444829960.772649 -0.049439 -0.076904 -9.657006
12677 1444829960.781596 -0.049439 -0.076904 -9.481224
12678 1444829960.791771 -0.049439 -0.076904 -9.305443
12679 1444829960.801647 -0.049439 -0.076904 -9.129661
12680 1444829960.812918 -0.049439 -0.076904 -9.04177
12681 1444829960.822888 -0.049439 -0.076904 -8.865988
12682 1444829960.832015 -0.049439 -0.076904 -8.865988
12683 1444829960.842216 -0.049439 -0.076904 -8.778098
12684 1444829960.852797 -0.049439 -0.076904 -8.778098
12685 1444829960.862802 -0.049439 -0.076904 -8.778098
12686 1444829960.873091 -0.049439 -0.076904 -8.778098
12687 1444829960.883228 -0.049439 -0.076904 -8.865988
12688 1444829960.893272 -0.049439 -0.076904 -8.865988
12689 1444829960.903452 -0.049439 -0.076904 -8.953879
12690 1444829960.913540 -0.049439 -0.076904 -8.953879
12691 1444829960.923824 -0.049439 -0.076904 -9.04177
12692 1444829960.933987 -0.049439 0.010986 -9.129661
12693 1444829960.944109 -0.049439 0.010986 -9.217552
12694 1444829960.954196 -0.049439 0.010986 -9.305443
12695 1444829960.964346 0.038452 0.010986 -9.393333
12696 1444829960.974456 0.038452 0.010986 -9.569115
12697 1444829960.984583 0.038452 0.010986 -9.657006
12698 1444829960.994702 0.038452 0.010986 -9.744897
12699 1444829961.004734 0.038452 0.010986 -9.920679
12700 1444829961.011018 0.038452 0.098877 -10.008569
12701 1444829961.017015 0.038452 0.098877 -10.008569
12702 1444829961.031076 0.038452 0.098877 -10.184351
12703 1444829961.041220 0.038452 0.098877 -10.272242
12704 1444829961.051386 0.038452 0.098877 -10.360133
12705 1444829961.061901 0.038452 0.098877 -10.448024
12706 1444829961.072603 0.038452 0.098877 -10.535914
12707 1444829961.082521 0.038452 0.098877 -10.623805
12708 1444829961.092147 0.038452 0.098877 -10.711696
12709 1444829961.102089 0.038452 0.098877 -10.799587
12710 1444829961.112697 0.038452 0.010986 -10.799587
12711 1444829961.122781 0.038452 0.010986 -10.887478
12712 1444829961.132247 0.038452 0.010986 -10.975369
12713 1444829961.142390 0.038452 0.098877 -10.975369
12714 1444829961.152532 0.038452 0.098877 -10.975369
12715 1444829961.162942 0.038452 0.098877 -10.975369
12716 1444829961.172890 0.038452 0.098877 -10.975369
12717 1444829961.183084 0.038452 0.098877 -10.975369
12718 1444829961.193104 0.038452 0.098877 -10.975369
12719 1444829961.203365 0.038452 0.098877 -10.975369
12720 1444829961.214978 0.038452 0.098877 -10.975369
12721 1444829961.224173 0.126343 0.098877 -10.887478
12722 1444829961.233946 0.038452 0.098877 -10.887478
12723 1444829961.243753 0.038452 0.098877 -10.887478
12724 1444829961.254073 0.126343 0.098877 -10.799587
12725 1444829961.266482 0.038452 0.098877 -10.711696
12726 1444829961.271587 0.038452 0.098877 -10.711696
12727 1444829961.285967 0.038452 0.098877 -10.623805
12728 1444829961.295932 0.038452 0.010986 -10.535914
12729 1444829961.306078 0.038452 0.010986 -10.535914
12730 1444829961.316521 0.038452 0.010986 -10.535914
12731 1444829961.326792 0.038452 0.010986 -10.448024
12732 1444829961.332142 0.038452 0.010986 -10.448024
12733 1444829961.342073 0.038452 0.010986 -10.360133
12734 1444829961.352337 0.038452 0.010986 -10.360133
12735 1444829961.362343 0.038452 0.010986 -10.272242
12736 1444829961.372438 0.038452 0.010986 -10.272242
12737 1444829961.382474 0.038452 0.010986 -10.272242
12738 1444829961.392591 -0.049439 0.010986 -10.184351
12739 1444829961.402785 -0.049439 0.010986 -10.184351
12740 1444829961.416491 -0.049439 0.010986 -10.184351
12741 1444829961.423130 -0.049439 0.010986 -10.184351
12742 1444829961.433073 -0.049439 0.010986 -10.184351
12743 1444829961.443134 -0.049439 0.010986 -10.184351
12744 1444829961.453557 -0.049439 -0.076904 -10.184351
12745 1444829961.463605 -0.049439 -0.076904 -10.09646
12746 1444829961.473796 -0.049439 -0.076904 -10.184351
12747 1444829961.484041 -0.049439 -0.076904 -10.184351
12748 1444829961.494203 -0.049439 -0.076904 -10.184351
12749 1444829961.504112 -0.049439 -0.076904 -10.184351
12750 1444829961.517434 -0.049439 -0.076904 -10.184351
12751 1444829961.526662 -0.049439 -0.076904 -10.184351
12752 1444829961.536864 -0.049439 -0.076904 -10.184351
12753 1444829961.546580 -0.049439 -0.076904 -10.184351
12754 1444829961.557187 -0.049439 -0.076904 -10.184351
12755 1444829961.566941 -0.049439 -0.076904 -10.184351
12756 1444829961.577291 -0.049439 -0.076904 -10.184351
12757 1444829961.587390 -0.049439 -0.076904 -10.184351
12758 1444829961.597424 -0.049439 0.010986 -10.184351
12759 1444829961.607409 0.038452 -0.076904 -10.184351
12760 1444829961.617628 0.038452 0.010986 -10.184351
12761 1444829961.627380 -0.049439 0.010986 -10.184351
12762 1444829961.637511 -0.049439 0.010986 -10.184351
12763 1444829961.647800 0.038452 -0.076904 -10.184351
12764 1444829961.658228 -0.049439 0.010986 -10.09646
12765 1444829961.668583 -0.049439 -0.076904 -10.184351
12766 1444829961.678623 -0.049439 -0.076904 -10.184351
12767 1444829961.688707 -0.049439 0.010986 -10.09646
12768 1444829961.699058 -0.049439 -0.076904 -10.09646
12769 1444829961.709387 -0.049439 -0.076904 -10.184351
12770 1444829961.719514 -0.049439 -0.076904 -10.09646
12771 1444829961.729641 -0.049439 -0.076904 -10.09646
12772 1444829961.739761 -0.049439 -0.076904 -10.09646
12773 1444829961.749884 -0.049439 -0.076904 -10.184351
12774 1444829961.755850 -0.049439 -0.076904 -10.184351
12775 1444829961.766015 -0.049439 -0.076904 -10.09646
12776 1444829961.775974 -0.049439 -0.076904 -10.184351
12777 1444829961.786119 -0.049439 -0.076904 -10.09646
12778 1444829961.796104 -0.049439 -0.076904 -10.184351
12779 1444829961.806589 -0.049439 -0.076904 -10.184351
12780 1444829961.816733 -0.049439 -0.076904 -10.184351
12781 1444829961.826793 -0.049439 -0.076904 -10.184351
12782 1444829961.837816 -0.049439 -0.076904 -10.184351
12783 1444829961.847996 -0.049439 -0.076904 -10.184351
12784 1444829961.858507 -0.049439 -0.076904 -10.184351
12785 1444829961.869414 -0.049439 0.010986 -10.184351
12786 1444829961.878497 -0.049439 0.010986 -10.184351
12787 1444829961.888484 -0.049439 -0.076904 -10.184351
12788 1444829961.899046 -0.049439 0.010986 -10.184351
12789 1444829961.908995 -0.049439 0.010986 -10.184351
12790 1444829961.915944 -0.049439 0.010986 -10.184351
12791 1444829961.929521 -0.049439 0.010986 -10.184351
12792 1444829961.935856 -0.049439 0.010986 -10.184351
12793 1444829961.945969 -0.049439 -0.076904 -10.184351
12794 1444829961.960842 -0.049439 -0.076904 -10.184351
12795 1444829961.970794 -0.049439 0.010986 -10.184351
12796 1444829961.980796 -0.049439 -0.076904 -10.184351
12797 1444829961.990963 -0.049439 -0.076904 -10.184351
12798 1444829962.001041 -0.049439 -0.076904 -10.184351
12799 1444829962.011587 -0.049439 0.010986 -10.184351
12800 1444829962.021590 -0.049439 -0.076904 -10.184351
12801 1444829962.031304 -0.049439 0.010986 -10.184351
12802 1444829962.041449 -0.049439 -0.076904 -10.184351
12803 1444829962.051536 -0.049439 0.010986 -10.184351
12804 1444829962.061820 -0.049439 0.010986 -10.184351
12805 1444829962.072185 -0.049439 0.010986 -10.184351
12806 1444829962.082196 -0.049439 0.010986 -10.184351
12807 1444829962.092319 -0.049439 0.010986 -10.184351
12808 1444829962.102345 -0.049439 0.010986 -10.184351
12809 1444829962.112611 -0.049439 0.010986 -10.184351
12810 1444829962.121063 -0.049439 0.010986 -10.184351
12811 1444829962.132718 -0.049439 0.010986 -10.184351
12812 1444829962.142774 -0.049439 0.010986 -10.184351
12813 1444829962.147812 -0.049439 0.010986 -10.184351
12814 1444829962.157897 0.038452 0.010986 -10.272242
12815 1444829962.173033 -0.049439 0.010986 -10.184351
12816 1444829962.178061 -0.049439 0.010986 -10.272242
12817 1444829962.188190 -0.049439 0.010986 -10.272242
12818 1444829962.200893 0.038452 0.010986 -10.272242
12819 1444829962.208472 0.038452 0.010986 -10.272242
12820 1444829962.221413 0.038452 0.098877 -10.272242
12821 1444829962.231457 0.038452 0.010986 -10.272242
12822 1444829962.241274 0.038452 0.010986 -10.272242
12823 1444829962.251351 0.038452 0.010986 -10.272242
12824 1444829962.262918 0.038452 0.098877 -10.272242
12825 1444829962.272581 0.038452 0.098877 -10.272242
12826 1444829962.281640 0.038452 0.010986 -10.360133
12827 1444829962.292313 0.038452 0.010986 -10.272242
12828 1444829962.302037 0.038452 0.010986 -10.272242
12829 1444829962.312822 0.038452 0.098877 -10.272242
12830 1444829962.322561 0.038452 0.098877 -10.272242
12831 1444829962.332690 0.038452 0.098877 -10.272242
12832 1444829962.342972 0.038452 0.098877 -10.272242
12833 1444829962.353063 0.038452 0.098877 -10.272242
12834 1444829962.363516 0.038452 0.098877 -10.272242
12835 1444829962.373388 0.038452 0.098877 -10.272242
12836 1444829962.383484 0.038452 0.098877 -10.272242
12837 1444829962.393737 0.038452 0.098877 -10.360133
12838 1444829962.403910 -0.049439 0.010986 -10.360133
12839 1444829962.414029 0.038452 0.098877 -10.360133
12840 1444829962.424187 0.038452 0.010986 -10.360133
12841 1444829962.434310 0.038452 0.098877 -10.360133
12842 1444829962.444384 0.038452 0.098877 -10.360133
12843 1444829962.454488 0.038452 0.098877 -10.360133
12844 1444829962.464578 0.038452 0.098877 -10.360133
12845 1444829962.474762 0.038452 0.010986 -10.360133
12846 1444829962.484823 0.038452 0.010986 -10.360133
12847 1444829962.494949 0.038452 0.098877 -10.360133
12848 1444829962.500854 0.038452 0.098877 -10.360133
12849 1444829962.511386 0.038452 0.010986 -10.360133
12850 1444829962.520883 0.038452 0.010986 -10.360133
12851 1444829962.531269 0.038452 0.010986 -10.360133
12852 1444829962.541210 0.038452 0.010986 -10.360133
12853 1444829962.551406 0.038452 0.010986 -10.360133
12854 1444829962.561742 0.038452 0.010986 -10.360133
12855 1444829962.571617 0.038452 0.010986 -10.360133
12856 1444829962.581578 0.038452 0.010986 -10.360133
12857 1444829962.592318 0.038452 0.010986 -10.360133
12858 1444829962.602407 0.038452 0.010986 -10.360133
12859 1444829962.612555 0.038452 0.098877 -10.360133
12860 1444829962.622472 0.038452 0.010986 -10.360133
12861 1444829962.632943 0.038452 0.010986 -10.360133
12862 1444829962.642485 0.038452 0.010986 -10.360133
12863 1444829962.652697 0.038452 0.010986 -10.360133
12864 1444829962.662837 0.038452 0.010986 -10.360133
12865 1444829962.674050 0.038452 0.010986 -10.360133
12866 1444829962.683837 0.038452 0.010986 -10.360133
12867 1444829962.693952 0.038452 0.010986 -10.360133
12868 1444829962.704317 0.038452 0.010986 -10.360133
12869 1444829962.714359 0.038452 0.010986 -10.360133
12870 1444829962.724617 0.038452 0.010986 -10.360133
12871 1444829962.734604 0.038452 0.010986 -10.360133
12872 1444829962.740724 0.038452 0.010986 -10.360133
12873 1444829962.755823 0.038452 0.010986 -10.360133
12874 1444829962.765888 0.038452 0.010986 -10.360133
12875 1444829962.775980 0.038452 0.010986 -10.360133
12876 1444829962.786043 0.038452 0.010986 -10.360133
12877 1444829962.796288 0.038452 0.010986 -10.360133
12878 1444829962.806448 0.038452 0.010986 -10.360133
12879 1444829962.816548 0.038452 0.098877 -10.360133
12880 1444829962.826670 0.038452 0.010986 -10.360133
12881 1444829962.836704 0.038452 0.010986 -10.360133
12882 1444829962.846946 0.038452 0.010986 -10.360133
12883 1444829962.856919 0.038452 0.010986 -10.360133
12884 1444829962.867176 0.038452 0.010986 -10.360133
12885 1444829962.877118 0.038452 0.010986 -10.360133
12886 1444829962.887228 0.038452 0.098877 -10.360133
12887 1444829962.897318 0.038452 0.010986 -10.360133
12888 1444829962.907547 0.038452 0.010986 -10.360133
12889 1444829962.917771 0.038452 0.010986 -10.360133
12890 1444829962.927783 0.038452 0.010986 -10.360133
12891 1444829962.937909 0.038452 0.010986 -10.360133
12892 1444829962.947946 0.038452 0.010986 -10.360133
12893 1444829962.958012 0.038452 0.010986 -10.360133
12894 1444829962.968091 0.038452 0.010986 -10.360133
12895 1444829962.973284 0.038452 0.010986 -10.360133
12896 1444829962.983358 0.038452 0.010986 -10.360133
12897 1444829962.993429 0.038452 0.010986 -10.360133
12898 1444829963.003560 0.038452 0.010986 -10.360133
12899 1444829963.013748 0.038452 0.098877 -10.360133
12900 1444829963.020871 0.038452 0.010986 -10.360133
12901 1444829963.033997 0.038452 0.010986 -10.360133
12902 1444829963.044167 0.038452 0.010986 -10.360133
12903 1444829963.055875 0.038452 0.010986 -10.360133
12904 1444829963.067026 0.038452 0.010986 -10.360133
12905 1444829963.076627 0.038452 0.010986 -10.360133
12906 1444829963.084758 0.038452 0.010986 -10.360133
12907 1444829963.096154 0.038452 0.098877 -10.360133
12908 1444829963.107079 0.038452 0.010986 -10.360133
12909 1444829963.117477 0.038452 0.010986 -10.360133
12910 1444829963.127435 0.038452 0.010986 -10.360133
12911 1444829963.137006 0.038452 0.010986 -10.360133
12912 1444829963.147445 0.038452 0.010986 -10.360133
12913 1444829963.157185 0.038452 0.010986 -10.360133
12914 1444829963.167521 0.038452 0.010986 -10.360133
12915 1444829963.177179 0.038452 0.010986 -10.360133
12916 1444829963.187867 0.038452 0.010986 -10.360133
12917 1444829963.197890 0.038452 0.010986 -10.360133
12918 1444829963.207808 0.038452 0.010986 -10.360133
12919 1444829963.217929 0.038452 0.010986 -10.360133
12920 1444829963.227866 0.038452 0.010986 -10.360133
12921 1444829963.238038 0.038452 0.010986 -10.360133
12922 1444829963.248190 0.038452 0.010986 -10.360133
12923 1444829963.258249 0.038452 0.010986 -10.360133
12924 1444829963.268863 0.038452 0.010986 -10.360133
12925 1444829963.278872 0.038452 0.010986 -10.360133
12926 1444829963.288965 0.038452 0.010986 -10.360133
12927 1444829963.299189 0.038452 0.098877 -10.360133
12928 1444829963.309308 0.038452 0.010986 -10.360133
12929 1444829963.319470 0.038452 0.010986 -10.360133
12930 1444829963.326017 0.038452 0.010986 -10.360133
12931 1444829963.335811 0.038452 0.010986 -10.360133
12932 1444829963.349876 0.038452 0.010986 -10.360133
12933 1444829963.360853 0.038452 0.010986 -10.360133
12934 1444829963.370947 0.038452 0.010986 -10.360133
12935 1444829963.380943 -0.049439 0.010986 -10.360133
12936 1444829963.391030 0.038452 0.010986 -10.360133
12937 1444829963.401078 0.038452 0.010986 -10.360133
12938 1444829963.406276 0.038452 0.010986 -10.360133
12939 1444829963.416579 0.038452 0.010986 -10.360133
12940 1444829963.426404 0.038452 0.010986 -10.360133
12941 1444829963.436450 0.038452 0.010986 -10.360133
12942 1444829963.446494 0.038452 0.010986 -10.360133
12943 1444829963.456632 0.038452 0.010986 -10.360133
12944 1444829963.466846 0.038452 0.010986 -10.360133
12945 1444829963.476732 0.038452 0.010986 -10.360133
12946 1444829963.486853 0.038452 0.010986 -10.360133
12947 1444829963.497434 0.038452 0.010986 -10.360133
12948 1444829963.507385 0.038452 0.010986 -10.360133
12949 1444829963.519173 0.038452 0.010986 -10.360133
12950 1444829963.527735 0.038452 0.010986 -10.360133
12951 1444829963.537775 0.038452 0.010986 -10.360133
12952 1444829963.547640 0.038452 0.010986 -10.360133
12953 1444829963.557999 0.038452 0.010986 -10.360133
12954 1444829963.568636 0.038452 0.010986 -10.360133
12955 1444829963.578237 0.038452 0.010986 -10.360133
12956 1444829963.590850 0.038452 0.010986 -10.360133
12957 1444829963.598555 0.038452 0.010986 -10.360133
12958 1444829963.610775 0.038452 0.010986 -10.360133
12959 1444829963.621008 0.038452 0.010986 -10.360133
12960 1444829963.630997 0.038452 0.098877 -10.360133
12961 1444829963.639207 -0.049439 0.098877 -10.360133
12962 1444829963.649212 -0.049439 0.010986 -10.360133
12963 1444829963.661439 -0.049439 0.010986 -10.360133
12964 1444829963.671598 0.038452 0.010986 -10.360133
12965 1444829963.679519 -0.049439 0.010986 -10.360133
12966 1444829963.685741 -0.049439 0.010986 -10.360133
12967 1444829963.700954 0.038452 0.010986 -10.360133
12968 1444829963.712376 -0.049439 0.010986 -10.360133
12969 1444829963.721979 0.038452 0.010986 -10.360133
12970 1444829963.731891 0.038452 0.010986 -10.360133
12971 1444829963.741879 -0.049439 0.010986 -10.360133
12972 1444829963.752048 -0.049439 0.010986 -10.360133
12973 1444829963.762145 0.038452 0.010986 -10.360133
12974 1444829963.772167 -0.049439 0.010986 -10.360133
12975 1444829963.782392 0.038452 0.010986 -10.360133
12976 1444829963.792638 -0.049439 0.098877 -10.360133
12977 1444829963.802662 -0.049439 0.010986 -10.360133
12978 1444829963.812883 -0.049439 0.010986 -10.360133
12979 1444829963.822851 0.038452 0.010986 -10.360133
12980 1444829963.832942 -0.049439 0.010986 -10.360133
12981 1444829963.842969 0.038452 0.010986 -10.360133
12982 1444829963.853121 0.038452 0.010986 -10.360133
12983 1444829963.863237 -0.049439 0.010986 -10.360133
12984 1444829963.873361 -0.049439 0.010986 -10.360133
12985 1444829963.883465 -0.049439 0.010986 -10.360133
12986 1444829963.893524 -0.049439 0.010986 -10.360133
12987 1444829963.903786 -0.049439 0.010986 -10.360133
12988 1444829963.913977 -0.049439 0.010986 -10.360133
12989 1444829963.924053 -0.049439 0.010986 -10.272242
12990 1444829963.934125 -0.049439 0.010986 -10.360133
12991 1444829963.944249 -0.049439 0.010986 -10.272242
12992 1444829963.954387 -0.049439 0.010986 -10.272242
12993 1444829963.964424 -0.049439 0.010986 -10.272242
12994 1444829963.974552 -0.049439 0.010986 -10.272242
12995 1444829963.984685 -0.049439 0.010986 -10.272242
12996 1444829963.994810 -0.049439 0.010986 -10.272242
12997 1444829964.000803 -0.049439 0.010986 -10.272242
12998 1444829964.010798 -0.049439 0.010986 -10.272242
12999 1444829964.020822 -0.049439 0.010986 -10.272242
13000 1444829964.030993 -0.049439 0.010986 -10.272242
13001 1444829964.041172 -0.049439 0.010986 -10.272242
13002 1444829964.051502 -0.049439 -0.076904 -10.272242
13003 1444829964.062900 -0.049439 -0.076904 -10.272242
13004 1444829964.073043 -0.049439 0.010986 -10.272242
13005 1444829964.081874 -0.049439 -0.076904 -10.272242
13006 1444829964.092108 -0.049439 -0.076904 -10.272242
13007 1444829964.103116 -0.049439 -0.076904 -10.272242
13008 1444829964.113787 -0.049439 -0.076904 -10.272242
13009 1444829964.124014 -0.049439 0.010986 -10.272242
13010 1444829964.133625 -0.049439 -0.076904 -10.272242
13011 1444829964.143565 -0.049439 -0.076904 -10.272242
13012 1444829964.152471 -0.049439 -0.076904 -10.272242
13013 1444829964.163392 -0.049439 -0.076904 -10.272242
13014 1444829964.174047 -0.049439 0.010986 -10.272242
13015 1444829964.183489 -0.049439 -0.076904 -10.272242
13016 1444829964.193885 -0.049439 -0.076904 -10.272242
13017 1444829964.202935 -0.049439 -0.076904 -10.272242
13018 1444829964.214402 -0.049439 0.010986 -10.272242
13019 1444829964.224015 -0.049439 -0.076904 -10.272242
13020 1444829964.234138 -0.049439 -0.076904 -10.272242
13021 1444829964.243817 -0.049439 0.010986 -10.272242
13022 1444829964.254157 -0.049439 0.010986 -10.272242
13023 1444829964.261842 -0.049439 0.010986 -10.272242
13024 1444829964.271734 -0.049439 -0.076904 -10.272242
13025 1444829964.280812 -0.049439 -0.076904 -10.272242
13026 1444829964.294718 -0.049439 -0.076904 -10.272242
13027 1444829964.301142 -0.049439 -0.076904 -10.272242
13028 1444829964.316325 -0.049439 -0.076904 -10.272242
13029 1444829964.326007 -0.049439 -0.076904 -10.272242
13030 1444829964.336353 -0.049439 0.010986 -10.272242
13031 1444829964.346269 -0.049439 -0.076904 -10.272242
13032 1444829964.356596 -0.049439 -0.076904 -10.272242
13033 1444829964.366587 -0.049439 -0.076904 -10.272242
13034 1444829964.376914 -0.049439 -0.076904 -10.272242
13035 1444829964.387307 -0.049439 0.010986 -10.272242
13036 1444829964.397339 -0.049439 -0.076904 -10.272242
13037 1444829964.407478 -0.049439 -0.076904 -10.272242
13038 1444829964.416070 -0.049439 -0.076904 -10.272242
13039 1444829964.427719 -0.049439 0.010986 -10.272242
13040 1444829964.437837 -0.049439 -0.076904 -10.272242
13041 1444829964.447915 -0.049439 0.010986 -10.272242
13042 1444829964.457962 -0.049439 -0.076904 -10.272242
13043 1444829964.468114 -0.049439 0.010986 -10.272242
13044 1444829964.473068 -0.049439 0.010986 -10.272242
13045 1444829964.483130 -0.049439 0.010986 -10.272242
13046 1444829964.493246 -0.049439 0.010986 -10.272242
13047 1444829964.503391 -0.049439 -0.076904 -10.272242
13048 1444829964.513543 -0.049439 0.010986 -10.272242
13049 1444829964.523609 -0.049439 0.010986 -10.272242
13050 1444829964.533808 -0.049439 0.010986 -10.272242
13051 1444829964.543865 -0.049439 -0.076904 -10.272242
13052 1444829964.554197 -0.049439 0.010986 -10.272242
13053 1444829964.564339 -0.049439 -0.076904 -10.272242
13054 1444829964.576258 -0.049439 -0.076904 -10.272242
13055 1444829964.585997 -0.049439 0.010986 -10.272242
13056 1444829964.596430 -0.049439 0.010986 -10.272242
13057 1444829964.606472 -0.049439 -0.076904 -10.272242
13058 1444829964.615883 -0.049439 0.010986 -10.272242
13059 1444829964.626250 -0.049439 0.010986 -10.272242
13060 1444829964.636745 -0.049439 -0.076904 -10.272242
13061 1444829964.646787 -0.049439 -0.076904 -10.272242
13062 1444829964.656861 -0.049439 0.010986 -10.272242
13063 1444829964.666677 -0.049439 -0.076904 -10.272242
13064 1444829964.676777 -0.049439 -0.076904 -10.272242
13065 1444829964.687358 -0.049439 0.010986 -10.272242
13066 1444829964.697541 -0.049439 0.010986 -10.272242
13067 1444829964.707508 -0.049439 -0.076904 -10.272242
13068 1444829964.717594 -0.049439 -0.076904 -10.272242
13069 1444829964.727751 -0.049439 -0.076904 -10.272242
13070 1444829964.738405 -0.049439 -0.076904 -10.272242
13071 1444829964.749337 -0.049439 0.010986 -10.272242
13072 1444829964.758504 -0.049439 0.010986 -10.272242
13073 1444829964.768556 -0.049439 0.010986 -10.272242
13074 1444829964.778659 -0.049439 -0.076904 -10.272242
13075 1444829964.788991 -0.049439 -0.076904 -10.272242
13076 1444829964.798938 -0.049439 0.010986 -10.272242
13077 1444829964.809750 -0.049439 0.010986 -10.272242
13078 1444829964.815959 -0.049439 -0.076904 -10.272242
13079 1444829964.829918 -0.049439 -0.076904 -10.272242
13080 1444829964.835851 -0.049439 0.010986 -10.272242
13081 1444829964.845901 -0.049439 0.010986 -10.272242
13082 1444829964.855953 -0.049439 -0.076904 -10.272242
13083 1444829964.865967 -0.049439 -0.076904 -10.272242
13084 1444829964.875989 -0.049439 0.010986 -10.272242
13085 1444829964.886261 -0.049439 0.010986 -10.272242
13086 1444829964.896411 -0.049439 -0.076904 -10.272242
13087 1444829964.906422 -0.049439 -0.076904 -10.272242
13088 1444829964.916925 -0.049439 -0.076904 -10.272242
13089 1444829964.926493 -0.049439 -0.076904 -10.272242
13090 1444829964.936831 -0.049439 0.010986 -10.272242
13091 1444829964.946963 -0.049439 -0.076904 -10.272242
13092 1444829964.957282 -0.049439 0.010986 -10.272242
13093 1444829964.967561 -0.049439 -0.076904 -10.272242
13094 1444829964.977563 -0.049439 -0.076904 -10.272242
13095 1444829964.987774 -0.049439 -0.076904 -10.272242
13096 1444829964.997619 -0.049439 0.010986 -10.272242
13097 1444829965.007848 -0.049439 0.010986 -10.272242
13098 1444829965.017911 -0.049439 -0.076904 -10.272242
13099 1444829965.027915 -0.049439 -0.076904 -10.272242
13100 1444829965.037980 -0.049439 0.010986 -10.272242
13101 1444829965.048159 -0.049439 -0.076904 -10.272242
13102 1444829965.058291 -0.049439 0.010986 -10.272242
13103 1444829965.071618 -0.049439 0.010986 -10.272242
13104 1444829965.079126 -0.049439 -0.076904 -10.272242
13105 1444829965.088560 -0.049439 -0.076904 -10.272242
13106 1444829965.099018 -0.049439 -0.076904 -10.272242
13107 1444829965.111612 -0.049439 -0.076904 -10.272242
13108 1444829965.121150 -0.049439 0.010986 -10.272242
13109 1444829965.126865 -0.049439 0.010986 -10.272242
13110 1444829965.141180 -0.049439 0.010986 -10.272242
13111 1444829965.151080 -0.049439 0.010986 -10.272242
13112 1444829965.162188 -0.049439 0.010986 -10.272242
13113 1444829965.172388 -0.049439 -0.076904 -10.272242
13114 1444829965.182092 -0.049439 0.010986 -10.272242
13115 1444829965.191580 -0.049439 -0.076904 -10.272242
13116 1444829965.201950 -0.049439 -0.076904 -10.272242
13117 1444829965.212550 -0.049439 0.010986 -10.272242
13118 1444829965.222126 -0.049439 0.010986 -10.272242
13119 1444829965.232047 -0.049439 0.010986 -10.272242
13120 1444829965.242322 -0.049439 0.010986 -10.272242
13121 1444829965.252302 -0.049439 0.010986 -10.272242
13122 1444829965.262738 -0.049439 0.010986 -10.272242
13123 1444829965.272500 -0.049439 -0.076904 -10.272242
13124 1444829965.282908 -0.049439 0.010986 -10.272242
13125 1444829965.293022 -0.049439 -0.076904 -10.272242
13126 1444829965.303056 -0.049439 0.010986 -10.272242
13127 1444829965.313386 -0.049439 0.010986 -10.272242
13128 1444829965.323429 -0.049439 0.010986 -10.272242
13129 1444829965.333560 -0.049439 0.010986 -10.272242
13130 1444829965.343629 -0.049439 0.010986 -10.272242
13131 1444829965.353832 -0.049439 -0.076904 -10.272242
13132 1444829965.363853 -0.049439 0.010986 -10.272242
13133 1444829965.373905 -0.049439 -0.076904 -10.272242
13134 1444829965.384103 -0.049439 0.010986 -10.272242
13135 1444829965.394181 -0.049439 0.010986 -10.272242
13136 1444829965.404272 -0.049439 -0.076904 -10.272242
13137 1444829965.414356 -0.049439 0.010986 -10.272242
13138 1444829965.424515 -0.049439 -0.076904 -10.272242
13139 1444829965.434587 -0.049439 0.010986 -10.272242
13140 1444829965.444717 -0.049439 -0.076904 -10.272242
13141 1444829965.454834 -0.049439 -0.076904 -10.272242
13142 1444829965.462294 -0.049439 0.010986 -10.272242
13143 1444829965.472459 -0.049439 0.010986 -10.272242
13144 1444829965.481874 -0.049439 -0.076904 -10.272242
13145 1444829965.491022 -0.049439 0.010986 -10.272242
13146 1444829965.501951 -0.049439 0.010986 -10.272242
13147 1444829965.512464 -0.049439 0.010986 -10.272242
13148 1444829965.522726 -0.049439 -0.076904 -10.272242
13149 1444829965.532751 -0.049439 0.010986 -10.272242
13150 1444829965.542625 -0.049439 0.010986 -10.272242
13151 1444829965.553168 -0.049439 0.010986 -10.272242
13152 1444829965.563505 -0.049439 0.010986 -10.272242
13153 1444829965.573276 -0.049439 0.010986 -10.272242
13154 1444829965.583248 -0.049439 0.010986 -10.272242
13155 1444829965.593298 -0.049439 0.010986 -10.272242
13156 1444829965.603461 -0.049439 0.010986 -10.272242
13157 1444829965.613577 -0.049439 -0.076904 -10.272242
13158 1444829965.621064 -0.049439 -0.076904 -10.272242
13159 1444829965.634021 -0.049439 -0.076904 -10.272242
13160 1444829965.644112 -0.049439 -0.076904 -10.272242
13161 1444829965.654196 -0.049439 -0.076904 -10.272242
13162 1444829965.665842 -0.049439 0.010986 -10.272242
13163 1444829965.671311 -0.049439 0.010986 -10.272242
13164 1444829965.685847 -0.049439 -0.076904 -10.272242
13165 1444829965.696177 -0.049439 0.010986 -10.272242
13166 1444829965.706291 -0.049439 0.010986 -10.272242
13167 1444829965.711522 -0.049439 0.010986 -10.272242
