7401 1444991608.149981 -7.723389 -23.359375 -125.746216 -3.556824 -1.629639 -1.919556
7402 1444991608.160044 -7.723389 -23.313751 -125.800323 -3.551331 -1.633301 -1.915283
7403 1444991608.170111 -7.845337 -23.496246 -126.016754 -3.555908 -1.632385 -1.915894
7404 1444991608.180174 -7.845337 -23.54187 -125.746216 -3.553162 -1.628723 -1.923828
7405 1444991608.190262 -7.64209 -23.450623 -125.962646 -3.5495 -1.629639 -1.915894
7406 1444991608.200346 -7.804688 -23.587494 -125.854431 -3.547668 -1.632385 -1.921387
7407 1444991608.210445 -7.764038 -23.313751 -125.962646 -3.540344 -1.626892 -1.920776
7408 1444991608.220436 -7.885986 -23.496246 -125.746216 -3.550415 -1.628723 -1.920166
7409 1444991608.230499 -7.885986 -23.587494 -125.692108 -3.553162 -1.633301 -1.920166
7410 1444991608.240576 -7.804688 -23.404999 -125.692108 -3.556824 -1.632385 -1.923218
7411 1444991608.250638 -8.007935 -23.313751 -125.259247 -3.561401 -1.625977 -1.920166
7412 1444991608.260651 -7.682739 -23.313751 -125.475677 -3.562317 -1.632385 -1.925049
7413 1444991608.270715 -7.926636 -23.313751 -125.205139 -3.565979 -1.628723 -1.912842
7414 1444991608.280777 -7.764038 -23.54187 -125.583893 -3.565979 -1.627808 -1.917114
7415 1444991608.290838 -7.926636 -23.54187 -125.205139 -3.565979 -1.625977 -1.911011
7416 1444991608.300899 -7.885986 -23.496246 -125.638 -3.557739 -1.633301 -1.90979
7417 1444991608.310959 -7.845337 -23.404999 -125.692108 -3.554077 -1.629639 -1.912231
7418 1444991608.321022 -7.926636 -23.450623 -125.908539 -3.550415 -1.630554 -1.915283
7419 1444991608.331082 -7.723389 -23.450623 -126.070862 -3.553162 -1.629639 -1.911621
7420 1444991608.341145 -7.764038 -23.450623 -125.854431 -3.543091 -1.625977 -1.920166
7421 1444991608.351208 -7.804688 -23.450623 -126.124969 -3.5495 -1.629639 -1.920166
7422 1444991608.361290 -7.845337 -23.54187 -126.070862 -3.552246 -1.630554 -1.9104
7423 1444991608.371345 -7.804688 -23.496246 -125.908539 -3.551331 -1.626892 -1.920776
7424 1444991608.381408 -7.64209 -23.496246 -125.800323 -3.551331 -1.627808 -1.916504
7425 1444991608.391471 -7.845337 -23.587494 -125.854431 -3.555908 -1.62323 -1.923218
7426 1444991608.401535 -7.885986 -23.496246 -125.746216 -3.552246 -1.619568 -1.931152
7427 1444991608.411626 -7.804688 -23.450623 -126.016754 -3.553162 -1.62323 -1.915283
7428 1444991608.421708 -7.926636 -23.359375 -125.529785 -3.553162 -1.622314 -1.918945
7429 1444991608.431770 -7.804688 -23.359375 -125.638 -3.554077 -1.622314 -1.924438
7430 1444991608.441813 -7.926636 -23.496246 -125.638 -3.560486 -1.625977 -1.915894
7431 1444991608.451869 -7.967285 -23.496246 -125.583893 -3.562317 -1.632385 -1.920776
7432 1444991608.461933 -7.723389 -23.359375 -125.313354 -3.561401 -1.626892 -1.917725
7433 1444991608.471994 -7.60144 -23.222504 -125.367462 -3.562317 -1.628723 -1.911621
7434 1444991608.482060 -8.048584 -23.404999 -125.42157 -3.565979 -1.626892 -1.913452
7435 1444991608.492102 -7.845337 -23.450623 -125.583893 -3.555908 -1.632385 -1.917114
7436 1444991608.502165 -7.926636 -23.404999 -125.42157 -3.563232 -1.619568 -1.90918
7437 1444991608.512226 -8.048584 -23.587494 -125.692108 -3.560486 -1.627808 -1.917114
7438 1444991608.522285 -7.723389 -23.450623 -125.800323 -3.555908 -1.62323 -1.911011
7439 1444991608.532348 -7.845337 -23.404999 -125.800323 -3.542175 -1.625977 -1.912842
7440 1444991608.542368 -7.723389 -23.496246 -126.070862 -3.545837 -1.625977 -1.915894
7441 1444991608.552437 -7.845337 -23.633118 -126.233185 -3.548584 -1.624146 -1.912231
7442 1444991608.562501 -7.845337 -23.724365 -126.124969 -3.550415 -1.621399 -1.920776
7443 1444991608.572563 -7.804688 -23.496246 -126.287292 -3.548584 -1.63147 -1.917114
7444 1444991608.582628 -7.845337 -23.450623 -126.016754 -3.550415 -1.626892 -1.918945
7445 1444991608.592687 -7.885986 -23.404999 -125.583893 -3.555908 -1.621399 -1.919556
7446 1444991608.602749 -7.926636 -23.54187 -125.908539 -3.556824 -1.62323 -1.919556
7447 1444991608.612844 -7.804688 -23.450623 -125.583893 -3.554993 -1.624146 -1.917114
7448 1444991608.622875 -7.845337 -23.404999 -125.529785 -3.55957 -1.628723 -1.914673
7449 1444991608.632951 -7.764038 -23.450623 -125.529785 -3.561401 -1.625977 -1.915894
7450 1444991608.643013 -7.764038 -23.450623 -125.475677 -3.55957 -1.629639 -1.916504
7451 1444991608.653151 -7.845337 -23.496246 -125.42157 -3.565063 -1.628723 -1.908569
7452 1444991608.663182 -7.885986 -23.359375 -125.367462 -3.560486 -1.624146 -1.919556
7453 1444991608.673241 -7.885986 -23.587494 -125.313354 -3.565063 -1.625977 -1.912842
7454 1444991608.683307 -7.845337 -23.404999 -125.692108 -3.561401 -1.620483 -1.914673
7455 1444991608.693374 -8.007935 -23.313751 -125.583893 -3.557739 -1.630554 -1.918945
7456 1444991608.703435 -7.723389 -23.313751 -125.800323 -3.551331 -1.625977 -1.913452
7457 1444991608.713513 -7.804688 -23.54187 -125.692108 -3.553162 -1.621399 -1.917725
7458 1444991608.723575 -7.845337 -23.587494 -125.962646 -3.552246 -1.626892 -1.916504
7459 1444991608.733638 -7.764038 -23.496246 -126.124969 -3.550415 -1.626892 -1.920166
7460 1444991608.743699 -7.804688 -23.450623 -125.908539 -3.544922 -1.622314 -1.917114
7461 1444991608.753761 -7.723389 -23.587494 -126.179077 -3.545837 -1.625977 -1.912842
7462 1444991608.763833 -7.764038 -23.633118 -125.962646 -3.555908 -1.62323 -1.913452
7463 1444991608.773894 -7.764038 -23.54187 -125.475677 -3.550415 -1.632385 -1.915283
7464 1444991608.783956 -7.764038 -23.404999 -125.908539 -3.557739 -1.625061 -1.916504
7465 1444991608.794020 -7.845337 -23.359375 -125.854431 -3.556824 -1.625061 -1.912842
7466 1444991608.804121 -7.885986 -23.359375 -125.475677 -3.562317 -1.625061 -1.921387
7467 1444991608.814191 -7.723389 -23.222504 -125.583893 -3.557739 -1.627808 -1.913452
7468 1444991608.824253 -7.804688 -23.313751 -125.259247 -3.564148 -1.630554 -1.912231
7469 1444991608.834314 -7.64209 -23.268127 -125.259247 -3.556824 -1.628723 -1.916504
7470 1444991608.844378 -7.764038 -23.450623 -125.367462 -3.566895 -1.622314 -1.912231
7471 1444991608.854450 -7.926636 -23.587494 -125.259247 -3.565063 -1.63147 -1.915283
7472 1444991608.864511 -7.764038 -23.450623 -125.583893 -3.560486 -1.625977 -1.918335
7473 1444991608.874574 -7.64209 -23.131256 -125.638 -3.555908 -1.629639 -1.906128
7474 1444991608.884637 -7.967285 -23.496246 -125.638 -3.557739 -1.620483 -1.918945
7475 1444991608.894698 -7.885986 -23.633118 -125.962646 -3.55957 -1.625977 -1.911621
7476 1444991608.904759 -7.845337 -23.587494 -125.800323 -3.555908 -1.620483 -1.920776
7477 1444991608.914821 -7.926636 -23.587494 -126.016754 -3.551331 -1.62323 -1.915283
7478 1444991608.924882 -7.764038 -23.404999 -126.179077 -3.548584 -1.620483 -1.912231
7479 1444991608.934943 -7.926636 -23.54187 -125.962646 -3.548584 -1.619568 -1.925049
7480 1444991608.945003 -7.723389 -23.359375 -126.124969 -3.548584 -1.625061 -1.904297
7481 1444991608.955072 -7.804688 -23.450623 -125.854431 -3.545837 -1.619568 -1.916504
7482 1444991608.965162 -7.764038 -23.450623 -125.854431 -3.550415 -1.620483 -1.912231
7483 1444991608.975246 -7.804688 -23.496246 -125.638 -3.554077 -1.625061 -1.911011
7484 1444991608.985306 -7.804688 -23.54187 -125.529785 -3.558655 -1.62323 -1.919556
7485 1444991608.995367 -7.764038 -23.404999 -125.313354 -3.562317 -1.624146 -1.912842
7486 1444991609.005429 -7.926636 -23.404999 -125.692108 -3.563232 -1.618652 -1.915283
7487 1444991609.015515 -7.926636 -23.496246 -125.151031 -3.566895 -1.626892 -1.911011
7488 1444991609.025578 -7.804688 -23.450623 -125.096924 -3.565063 -1.624146 -1.914673
7489 1444991609.035640 -7.885986 -23.359375 -125.259247 -3.561401 -1.617737 -1.918335
7490 1444991609.045704 -7.885986 -23.359375 -125.583893 -3.55957 -1.626892 -1.914673
7491 1444991609.055765 -7.967285 -23.450623 -125.313354 -3.55957 -1.622314 -1.917725
7492 1444991609.065835 -7.723389 -23.359375 -125.746216 -3.552246 -1.624146 -1.920776
7493 1444991609.075861 -7.926636 -23.54187 -125.475677 -3.557739 -1.620483 -1.915283
7494 1444991609.085924 -7.764038 -23.450623 -125.962646 -3.5495 -1.620483 -1.914673
7495 1444991609.095986 -7.845337 -23.54187 -125.746216 -3.552246 -1.62323 -1.921387
7496 1444991609.106048 -7.723389 -23.450623 -125.908539 -3.551331 -1.624146 -1.90918
7497 1444991609.116104 -7.885986 -23.450623 -125.800323 -3.5495 -1.621399 -1.925659
7498 1444991609.126165 -7.682739 -23.404999 -126.016754 -3.545837 -1.625977 -1.912231
7499 1444991609.136225 -7.885986 -23.359375 -125.962646 -3.544922 -1.629639 -1.920776
7500 1444991609.146285 -7.723389 -23.359375 -126.070862 -3.553162 -1.625977 -1.908569
7501 1444991609.156349 -7.845337 -23.587494 -125.854431 -3.553162 -1.625977 -1.915894
7502 1444991609.166412 -7.885986 -23.450623 -125.800323 -3.555908 -1.625977 -1.90918
7503 1444991609.176449 -7.845337 -23.359375 -125.529785 -3.554077 -1.625977 -1.913452
7504 1444991609.186476 -7.804688 -23.587494 -125.529785 -3.558655 -1.629639 -1.911011
7505 1444991609.196539 -7.885986 -23.313751 -125.096924 -3.558655 -1.624146 -1.911011
7506 1444991609.206579 -7.845337 -23.404999 -125.475677 -3.563232 -1.628723 -1.918945
7507 1444991609.216654 -7.926636 -23.359375 -125.42157 -3.562317 -1.626892 -1.917114
7508 1444991609.226717 -7.845337 -23.404999 -125.42157 -3.565063 -1.625061 -1.918335
7509 1444991609.236781 -7.682739 -23.313751 -125.583893 -3.556824 -1.63147 -1.914673
7510 1444991609.246844 -7.723389 -23.359375 -125.367462 -3.560486 -1.626892 -1.912231
7511 1444991609.256912 -7.885986 -23.496246 -125.475677 -3.556824 -1.62323 -1.914673
7512 1444991609.266975 -7.804688 -23.404999 -125.692108 -3.554993 -1.627808 -1.911011
7513 1444991609.277007 -7.682739 -23.54187 -125.475677 -3.554993 -1.633301 -1.913452
7514 1444991609.287074 -7.845337 -23.496246 -125.800323 -3.553162 -1.621399 -1.9104
7515 1444991609.297134 -7.804688 -23.450623 -125.746216 -3.554993 -1.627808 -1.90979
7516 1444991609.307196 -7.764038 -23.633118 -126.070862 -3.553162 -1.620483 -1.919556
7517 1444991609.317322 -7.723389 -23.450623 -125.800323 -3.553162 -1.624146 -1.911621
7518 1444991609.327386 -7.764038 -23.404999 -126.070862 -3.550415 -1.626892 -1.906738
7519 1444991609.337447 -7.804688 -23.450623 -125.800323 -3.555908 -1.625061 -1.917725
7520 1444991609.347507 -7.682739 -23.404999 -125.746216 -3.553162 -1.625061 -1.908569
7521 1444991609.357568 -7.845337 -23.404999 -125.800323 -3.556824 -1.620483 -1.9104
7522 1444991609.367631 -7.723389 -23.313751 -125.692108 -3.557739 -1.630554 -1.903687
7523 1444991609.377694 -7.885986 -23.313751 -125.367462 -3.558655 -1.620483 -1.907349
7524 1444991609.387757 -7.885986 -23.450623 -125.746216 -3.556824 -1.625061 -1.912842
7525 1444991609.397890 -7.885986 -23.54187 -125.259247 -3.564148 -1.624146 -1.906738
7526 1444991609.408007 -7.723389 -23.359375 -125.746216 -3.556824 -1.625977 -1.912231
7527 1444991609.418066 -7.845337 -23.404999 -125.42157 -3.561401 -1.621399 -1.915283
7528 1444991609.428128 -7.804688 -23.359375 -125.313354 -3.556824 -1.62323 -1.90918
7529 1444991609.438159 -7.885986 -23.313751 -125.583893 -3.555908 -1.61499 -1.922607
7530 1444991609.448222 -7.845337 -23.404999 -125.746216 -3.554993 -1.620483 -1.9104
7531 1444991609.458252 -7.764038 -23.404999 -125.800323 -3.552246 -1.62323 -1.906128
7532 1444991609.468310 -7.845337 -23.450623 -125.800323 -3.553162 -1.610413 -1.915894
7533 1444991609.478329 -7.764038 -23.496246 -125.692108 -3.556824 -1.62323 -1.914673
7534 1444991609.488390 -7.764038 -23.359375 -125.962646 -3.546753 -1.625061 -1.906738
7535 1444991609.498453 -7.723389 -23.54187 -125.854431 -3.553162 -1.619568 -1.9104
7536 1444991609.508518 -7.764038 -23.450623 -125.908539 -3.551331 -1.622314 -1.911621
7537 1444991609.518580 -7.723389 -23.450623 -125.908539 -3.550415 -1.622314 -1.907959
7538 1444991609.528645 -7.845337 -23.359375 -125.746216 -3.550415 -1.618652 -1.913452
7539 1444991609.538707 -7.885986 -23.404999 -125.908539 -3.560486 -1.624146 -1.90918
7540 1444991609.548768 -7.723389 -23.404999 -125.746216 -3.556824 -1.625061 -1.907349
7541 1444991609.558831 -7.764038 -23.54187 -125.638 -3.564148 -1.625977 -1.905518
7542 1444991609.568892 -7.764038 -23.496246 -125.583893 -3.55957 -1.625977 -1.90918
7543 1444991609.578955 -7.885986 -23.54187 -125.908539 -3.563232 -1.624146 -1.911011
7544 1444991609.589020 -7.804688 -23.404999 -125.638 -3.55957 -1.624146 -1.913452
7545 1444991609.599083 -7.885986 -23.496246 -125.638 -3.556824 -1.622314 -1.912842
7546 1444991609.609145 -7.967285 -23.496246 -125.962646 -3.562317 -1.618652 -1.915894
7547 1444991609.619206 -7.682739 -23.404999 -125.854431 -3.557739 -1.621399 -1.907959
7548 1444991609.629282 -7.804688 -23.450623 -125.638 -3.556824 -1.614075 -1.920166
7549 1444991609.639334 -7.885986 -23.450623 -125.854431 -3.555908 -1.616821 -1.914062
7550 1444991609.649416 -7.682739 -23.496246 -125.746216 -3.553162 -1.626892 -1.90918
7551 1444991609.659516 -7.764038 -23.450623 -125.854431 -3.554077 -1.620483 -1.913452
7552 1444991609.669578 -7.723389 -23.496246 -125.746216 -3.557739 -1.624146 -1.911621
7553 1444991609.679641 -7.764038 -23.496246 -125.746216 -3.554993 -1.620483 -1.917725
7554 1444991609.689705 -7.764038 -23.404999 -125.908539 -3.5495 -1.625061 -1.916504
7555 1444991609.699765 -7.804688 -23.496246 -125.908539 -3.553162 -1.625977 -1.907349
7556 1444991609.709861 -7.967285 -23.496246 -125.746216 -3.553162 -1.619568 -1.915283
7557 1444991609.719917 -7.64209 -23.404999 -125.746216 -3.554993 -1.625061 -1.903076
7558 1444991609.729978 -7.885986 -23.496246 -125.475677 -3.554993 -1.624146 -1.906128
7559 1444991609.740040 -7.885986 -23.678741 -125.962646 -3.563232 -1.62323 -1.911621
7560 1444991609.750117 -7.682739 -23.496246 -125.529785 -3.55957 -1.621399 -1.903687
7561 1444991609.760178 -7.845337 -23.404999 -125.583893 -3.55957 -1.62323 -1.903687
7562 1444991609.770239 -7.764038 -23.359375 -125.583893 -3.55957 -1.625061 -1.912231
7563 1444991609.780302 -7.764038 -23.359375 -125.42157 -3.55957 -1.625061 -1.906738
7564 1444991609.790366 -7.845337 -23.404999 -125.475677 -3.558655 -1.625061 -1.907959
7565 1444991609.800429 -7.845337 -23.54187 -125.583893 -3.562317 -1.629639 -1.907959
7566 1444991609.810491 -7.764038 -23.450623 -125.638 -3.558655 -1.62323 -1.912231
7567 1444991609.820551 -7.845337 -23.268127 -125.692108 -3.552246 -1.625061 -1.90918
7568 1444991609.830607 -7.845337 -23.450623 -125.529785 -3.555908 -1.625977 -1.90918
7569 1444991609.840668 -7.723389 -23.450623 -125.962646 -3.555908 -1.620483 -1.914062
7570 1444991609.850705 -7.764038 -23.404999 -125.692108 -3.554993 -1.621399 -1.921387
7571 1444991609.860772 -7.764038 -23.450623 -126.016754 -3.552246 -1.62323 -1.920166
7572 1444991609.870836 -7.845337 -23.450623 -125.908539 -3.5495 -1.622314 -1.920166
7573 1444991609.880900 -7.682739 -23.450623 -125.854431 -3.555908 -1.621399 -1.912842
7574 1444991609.890961 -7.804688 -23.359375 -125.800323 -3.551331 -1.62323 -1.925049
7575 1444991609.901035 -7.64209 -23.404999 -125.854431 -3.551331 -1.630554 -1.908569
7576 1444991609.911107 -7.926636 -23.587494 -125.638 -3.557739 -1.622314 -1.912842
7577 1444991609.921166 -7.885986 -23.54187 -125.962646 -3.558655 -1.62323 -1.912231
7578 1444991609.931246 -7.723389 -23.404999 -125.800323 -3.560486 -1.624146 -1.911011
7579 1444991609.941309 -7.845337 -23.313751 -125.583893 -3.552246 -1.630554 -1.907959
7580 1444991609.951364 -7.804688 -23.54187 -125.583893 -3.55957 -1.625977 -1.90979
7581 1444991609.961458 -7.804688 -23.587494 -125.746216 -3.565063 -1.626892 -1.907349
7582 1444991609.971519 -7.764038 -23.313751 -125.692108 -3.555908 -1.624146 -1.908569
7583 1444991609.981581 -7.764038 -23.450623 -125.529785 -3.55957 -1.628723 -1.908569
7584 1444991609.991642 -7.804688 -23.496246 -125.638 -3.556824 -1.624146 -1.906128
7585 1444991610.001686 -7.804688 -23.587494 -125.529785 -3.564148 -1.621399 -1.915894
7586 1444991610.011749 -7.804688 -23.54187 -125.583893 -3.556824 -1.624146 -1.911011
7587 1444991610.021821 -7.885986 -23.54187 -125.908539 -3.552246 -1.617737 -1.915894
7588 1444991610.031896 -7.804688 -23.359375 -125.475677 -3.544922 -1.62323 -1.915894
7589 1444991610.041959 -7.723389 -23.496246 -126.124969 -3.554077 -1.620483 -1.9104
7590 1444991610.052055 -7.845337 -23.633118 -125.692108 -3.554077 -1.616821 -1.920166
7591 1444991610.062133 -7.682739 -23.359375 -125.908539 -3.550415 -1.62323 -1.903687
7592 1444991610.072194 -7.926636 -23.496246 -125.746216 -3.557739 -1.617737 -1.90918
7593 1444991610.082259 -7.885986 -23.587494 -126.016754 -3.561401 -1.62323 -1.912231
7594 1444991610.092321 -7.764038 -23.404999 -125.638 -3.558655 -1.625061 -1.907349
7595 1444991610.102383 -7.845337 -23.496246 -125.746216 -3.555908 -1.622314 -1.907959
7596 1444991610.112445 -7.764038 -23.54187 -125.746216 -3.563232 -1.622314 -1.907349
7597 1444991610.122507 -7.723389 -23.54187 -125.692108 -3.560486 -1.62323 -1.898193
7598 1444991610.132568 -7.885986 -23.633118 -125.692108 -3.555908 -1.622314 -1.907959
7599 1444991610.142630 -7.885986 -23.450623 -125.638 -3.562317 -1.620483 -1.900635
7600 1444991610.152694 -7.845337 -23.496246 -125.638 -3.558655 -1.624146 -1.90918
7601 1444991610.162756 -7.804688 -23.496246 -125.692108 -3.554993 -1.624146 -1.906738
7602 1444991610.172787 -7.764038 -23.496246 -125.908539 -3.55957 -1.622314 -1.904907
7603 1444991610.182802 -7.804688 -23.404999 -125.692108 -3.552246 -1.620483 -1.904907
7604 1444991610.192840 -7.64209 -23.496246 -125.800323 -3.555908 -1.625977 -1.911621
7605 1444991610.202906 -7.804688 -23.450623 -125.800323 -3.554077 -1.62323 -1.904907
7606 1444991610.212955 -7.804688 -23.404999 -125.962646 -3.554993 -1.621399 -1.907349
7607 1444991610.223017 -7.682739 -23.496246 -125.800323 -3.554993 -1.620483 -1.906738
7608 1444991610.233121 -7.804688 -23.587494 -125.908539 -3.555908 -1.618652 -1.914673
7609 1444991610.243184 -7.804688 -23.450623 -125.692108 -3.5495 -1.622314 -1.908569
7610 1444991610.253337 -7.682739 -23.450623 -125.800323 -3.552246 -1.622314 -1.905518
7611 1444991610.263400 -7.764038 -23.496246 -125.854431 -3.554993 -1.625977 -1.90918
7612 1444991610.273462 -7.926636 -23.54187 -125.583893 -3.555908 -1.613159 -1.904907
7613 1444991610.283523 -7.967285 -23.496246 -125.529785 -3.55957 -1.620483 -1.908569
7614 1444991610.293583 -7.845337 -23.496246 -125.746216 -3.563232 -1.621399 -1.903687
7615 1444991610.303645 -7.64209 -23.404999 -125.367462 -3.560486 -1.625977 -1.906738
7616 1444991610.313716 -7.764038 -23.450623 -125.746216 -3.558655 -1.620483 -1.897583
7617 1444991610.323803 -7.845337 -23.54187 -125.692108 -3.562317 -1.621399 -1.907959
7618 1444991610.333865 -7.723389 -23.587494 -125.638 -3.564148 -1.629639 -1.900024
7619 1444991610.343991 -7.764038 -23.450623 -125.638 -3.558655 -1.625977 -1.901245
7620 1444991610.354053 -7.804688 -23.450623 -125.638 -3.557739 -1.624146 -1.903076
7621 1444991610.364124 -7.682739 -23.54187 -125.854431 -3.558655 -1.622314 -1.901855
7622 1444991610.374187 -7.764038 -23.496246 -125.854431 -3.555908 -1.620483 -1.901855
7623 1444991610.384251 -7.723389 -23.450623 -125.800323 -3.556824 -1.624146 -1.902466
7624 1444991610.394314 -7.764038 -23.404999 -125.746216 -3.557739 -1.621399 -1.896973
7625 1444991610.404366 -7.764038 -23.450623 -125.800323 -3.555908 -1.61499 -1.9104
7626 1444991610.414441 -7.764038 -23.496246 -125.854431 -3.555908 -1.620483 -1.901245
7627 1444991610.424503 -7.967285 -23.587494 -125.854431 -3.560486 -1.619568 -1.904297
7628 1444991610.434565 -7.764038 -23.496246 -125.583893 -3.555908 -1.619568 -1.906128
7629 1444991610.444626 -7.804688 -23.450623 -125.908539 -3.551331 -1.61499 -1.906738
7630 1444991610.454690 -7.804688 -23.496246 -125.962646 -3.552246 -1.622314 -1.903687
7631 1444991610.464749 -7.926636 -23.633118 -125.962646 -3.555908 -1.617737 -1.903076
7632 1444991610.474826 -7.804688 -23.678741 -125.638 -3.560486 -1.614075 -1.903687
7633 1444991610.484889 -7.64209 -23.496246 -125.800323 -3.560486 -1.617737 -1.895752
7634 1444991610.494952 -7.926636 -23.587494 -125.583893 -3.563232 -1.616821 -1.898193
7635 1444991610.505042 -7.764038 -23.54187 -125.746216 -3.558655 -1.622314 -1.896973
7636 1444991610.515118 -7.845337 -23.450623 -125.692108 -3.562317 -1.620483 -1.900024
7637 1444991610.525199 -7.804688 -23.359375 -125.583893 -3.558655 -1.616821 -1.901245
7638 1444991610.535289 -7.682739 -23.450623 -125.800323 -3.554077 -1.625061 -1.896362
7639 1444991610.545347 -7.885986 -23.587494 -125.583893 -3.561401 -1.614075 -1.903076
7640 1444991610.555505 -7.845337 -23.404999 -125.854431 -3.556824 -1.619568 -1.896973
7641 1444991610.565525 -7.764038 -23.450623 -125.746216 -3.553162 -1.619568 -1.900024
7642 1444991610.575541 -7.682739 -23.450623 -125.962646 -3.550415 -1.619568 -1.901855
7643 1444991610.585581 -7.926636 -23.587494 -126.016754 -3.560486 -1.613159 -1.903687
7644 1444991610.595645 -7.804688 -23.496246 -126.124969 -3.5495 -1.613159 -1.903076
7645 1444991610.605708 -7.804688 -23.496246 -125.854431 -3.552246 -1.613159 -1.906738
7646 1444991610.615797 -7.804688 -23.404999 -126.070862 -3.554077 -1.616821 -1.907959
7647 1444991610.625859 -7.764038 -23.404999 -125.638 -3.554993 -1.610413 -1.904297
7648 1444991610.635919 -7.804688 -23.587494 -125.638 -3.554993 -1.620483 -1.903076
7649 1444991610.645981 -7.804688 -23.359375 -125.908539 -3.554077 -1.619568 -1.898193
7650 1444991610.656044 -7.885986 -23.587494 -125.692108 -3.560486 -1.615906 -1.902466
7651 1444991610.666105 -7.764038 -23.587494 -125.908539 -3.561401 -1.620483 -1.896973
7652 1444991610.676184 -7.926636 -23.496246 -125.854431 -3.55957 -1.611328 -1.904907
7653 1444991610.686246 -7.885986 -23.587494 -125.638 -3.556824 -1.616821 -1.89209
7654 1444991610.696258 -7.804688 -23.678741 -125.746216 -3.564148 -1.61499 -1.897583
7655 1444991610.706344 -7.845337 -23.496246 -125.692108 -3.561401 -1.617737 -1.903687
7656 1444991610.716406 -7.885986 -23.359375 -125.692108 -3.558655 -1.614075 -1.893311
7657 1444991610.726466 -7.723389 -23.404999 -125.638 -3.557739 -1.616821 -1.896362
7658 1444991610.736526 -7.845337 -23.450623 -125.638 -3.556824 -1.618652 -1.896362
7659 1444991610.746586 -7.764038 -23.496246 -125.962646 -3.560486 -1.62323 -1.899414
7660 1444991610.756659 -7.804688 -23.54187 -125.800323 -3.558655 -1.619568 -1.902466
7661 1444991610.766737 -7.723389 -23.496246 -126.016754 -3.554077 -1.617737 -1.898804
7662 1444991610.776799 -7.764038 -23.54187 -125.746216 -3.554077 -1.617737 -1.893921
7663 1444991610.786861 -7.845337 -23.496246 -125.908539 -3.550415 -1.616821 -1.901245
7664 1444991610.796923 -7.682739 -23.54187 -126.016754 -3.554077 -1.624146 -1.901855
7665 1444991610.807004 -7.764038 -23.450623 -126.070862 -3.552246 -1.620483 -1.895752
7666 1444991610.817072 -7.804688 -23.404999 -125.908539 -3.554993 -1.614075 -1.900635
7667 1444991610.827133 -7.723389 -23.404999 -125.692108 -3.556824 -1.618652 -1.899414
7668 1444991610.837177 -7.764038 -23.404999 -125.583893 -3.556824 -1.618652 -1.902466
7669 1444991610.847239 -7.845337 -23.450623 -125.746216 -3.557739 -1.611328 -1.900024
7670 1444991610.857314 -7.723389 -23.587494 -125.529785 -3.562317 -1.624146 -1.895752
7671 1444991610.867418 -7.845337 -23.54187 -125.800323 -3.562317 -1.619568 -1.901245
7672 1444991610.877480 -7.845337 -23.496246 -125.583893 -3.555908 -1.625061 -1.895752
7673 1444991610.887542 -7.885986 -23.450623 -125.908539 -3.558655 -1.616821 -1.894531
7674 1444991610.897648 -7.764038 -23.54187 -125.854431 -3.557739 -1.617737 -1.896973
7675 1444991610.907735 -7.967285 -23.54187 -125.638 -3.562317 -1.614075 -1.903076
7676 1444991610.917789 -7.764038 -23.404999 -125.800323 -3.55957 -1.619568 -1.8927
7677 1444991610.927858 -7.804688 -23.496246 -125.692108 -3.55957 -1.611328 -1.896973
7678 1444991610.937910 -7.804688 -23.633118 -125.692108 -3.558655 -1.622314 -1.890259
7679 1444991610.947974 -7.682739 -23.633118 -125.692108 -3.563232 -1.62323 -1.895752
7680 1444991610.958066 -7.804688 -23.633118 -125.962646 -3.557739 -1.613159 -1.899414
7681 1444991610.968118 -7.804688 -23.54187 -125.583893 -3.555908 -1.616821 -1.885986
7682 1444991610.978180 -7.764038 -23.496246 -125.908539 -3.554993 -1.617737 -1.905518
7683 1444991610.988243 -7.804688 -23.450623 -125.854431 -3.553162 -1.615906 -1.900635
7684 1444991610.998310 -7.804688 -23.450623 -125.800323 -3.551331 -1.60675 -1.889648
7685 1444991611.008373 -7.764038 -23.678741 -125.692108 -3.555908 -1.616821 -1.901855
7686 1444991611.018435 -7.804688 -23.450623 -125.746216 -3.552246 -1.611328 -1.887817
7687 1444991611.028498 -7.926636 -23.496246 -125.746216 -3.558655 -1.614075 -1.897583
7688 1444991611.038560 -7.804688 -23.54187 -125.583893 -3.560486 -1.616821 -1.895142
7689 1444991611.048623 -7.723389 -23.496246 -125.800323 -3.562317 -1.613159 -1.898193
7690 1444991611.058686 -7.845337 -23.450623 -125.42157 -3.563232 -1.621399 -1.897583
7691 1444991611.068748 -7.764038 -23.496246 -125.800323 -3.55957 -1.616821 -1.901855
7692 1444991611.078813 -7.885986 -23.450623 -125.692108 -3.563232 -1.613159 -1.891479
7693 1444991611.088875 -7.804688 -23.54187 -125.692108 -3.558655 -1.617737 -1.895142
7694 1444991611.098943 -7.926636 -23.587494 -125.854431 -3.558655 -1.61499 -1.8927
7695 1444991611.109006 -7.723389 -23.496246 -125.692108 -3.554993 -1.618652 -1.893921
7696 1444991611.119069 -7.764038 -23.633118 -125.692108 -3.55957 -1.614075 -1.891479
7697 1444991611.129131 -7.764038 -23.496246 -125.854431 -3.558655 -1.615906 -1.89209
7698 1444991611.139196 -7.804688 -23.54187 -125.692108 -3.565063 -1.613159 -1.899414
7699 1444991611.149226 -7.682739 -23.359375 -126.016754 -3.553162 -1.615906 -1.894531
7700 1444991611.159308 -7.885986 -23.633118 -125.854431 -3.55957 -1.608582 -1.903076
7701 1444991611.169370 -7.885986 -23.633118 -125.800323 -3.554077 -1.611328 -1.899414
7702 1444991611.179436 -7.804688 -23.587494 -125.962646 -3.555908 -1.616821 -1.8927
7703 1444991611.189500 -7.723389 -23.54187 -125.854431 -3.557739 -1.608582 -1.898193
7704 1444991611.199561 -7.764038 -23.587494 -125.854431 -3.556824 -1.621399 -1.896362
7705 1444991611.209623 -7.804688 -23.450623 -125.962646 -3.552246 -1.614075 -1.896362
7706 1444991611.219684 -7.885986 -23.496246 -125.746216 -3.556824 -1.619568 -1.891479
7707 1444991611.229772 -7.682739 -23.450623 -125.638 -3.561401 -1.615906 -1.898804
7708 1444991611.239833 -7.764038 -23.587494 -125.692108 -3.56781 -1.61499 -1.898804
7709 1444991611.249899 -7.723389 -23.450623 -125.692108 -3.558655 -1.61499 -1.899414
7710 1444991611.259974 -7.764038 -23.450623 -125.800323 -3.558655 -1.616821 -1.900024
7711 1444991611.270036 -7.764038 -23.450623 -125.583893 -3.560486 -1.621399 -1.898193
7712 1444991611.280098 -7.845337 -23.496246 -125.692108 -3.561401 -1.611328 -1.903687
7713 1444991611.290161 -7.845337 -23.633118 -125.583893 -3.562317 -1.616821 -1.898193
7714 1444991611.300228 -7.723389 -23.359375 -125.746216 -3.554993 -1.620483 -1.896362
7715 1444991611.310310 -7.682739 -23.496246 -125.692108 -3.556824 -1.616821 -1.893311
7716 1444991611.320371 -7.845337 -23.496246 -125.962646 -3.555908 -1.613159 -1.901855
7717 1444991611.330434 -7.723389 -23.54187 -125.638 -3.556824 -1.616821 -1.890259
7718 1444991611.340498 -7.804688 -23.633118 -125.746216 -3.556824 -1.617737 -1.898193
7719 1444991611.350560 -7.560791 -23.404999 -125.962646 -3.554077 -1.615906 -1.896973
7720 1444991611.360648 -7.64209 -23.404999 -125.800323 -3.555908 -1.624146 -1.89209
7721 1444991611.370709 -7.804688 -23.587494 -126.016754 -3.556824 -1.609497 -1.898804
7722 1444991611.380772 -7.723389 -23.450623 -125.800323 -3.555908 -1.612244 -1.894531
7723 1444991611.390834 -7.804688 -23.54187 -125.692108 -3.555908 -1.612244 -1.903687
7724 1444991611.400896 -7.845337 -23.54187 -125.854431 -3.561401 -1.615906 -1.895142
7725 1444991611.410973 -7.64209 -23.450623 -125.583893 -3.557739 -1.615906 -1.900635
7726 1444991611.421036 -7.60144 -23.313751 -125.800323 -3.555908 -1.619568 -1.895142
7727 1444991611.431125 -7.885986 -23.587494 -125.638 -3.562317 -1.620483 -1.895752
7728 1444991611.441188 -7.926636 -23.587494 -125.475677 -3.562317 -1.604919 -1.900635
7729 1444991611.451251 -7.845337 -23.54187 -125.692108 -3.562317 -1.612244 -1.8927
7730 1444991611.461367 -7.845337 -23.54187 -125.583893 -3.562317 -1.611328 -1.898804
7731 1444991611.471414 -7.764038 -23.450623 -125.583893 -3.563232 -1.614075 -1.898193
7732 1444991611.481475 -7.764038 -23.404999 -125.746216 -3.561401 -1.611328 -1.898804
7733 1444991611.491506 -7.845337 -23.54187 -125.475677 -3.557739 -1.612244 -1.890869
7734 1444991611.501568 -7.764038 -23.633118 -125.800323 -3.564148 -1.614075 -1.896973
7735 1444991611.511632 -7.764038 -23.496246 -125.746216 -3.556824 -1.620483 -1.893311
7736 1444991611.521693 -7.804688 -23.496246 -125.746216 -3.556824 -1.616821 -1.901245
7737 1444991611.531754 -7.682739 -23.404999 -125.962646 -3.553162 -1.613159 -1.895142
7738 1444991611.541817 -7.804688 -23.54187 -125.800323 -3.552246 -1.614075 -1.891479
7739 1444991611.551875 -7.845337 -23.587494 -125.908539 -3.557739 -1.614075 -1.904297
7740 1444991611.561946 -7.764038 -23.587494 -125.962646 -3.558655 -1.613159 -1.894531
7741 1444991611.571961 -7.845337 -23.633118 -125.962646 -3.558655 -1.613159 -1.897583
7742 1444991611.582023 -7.845337 -23.450623 -125.854431 -3.554993 -1.60675 -1.901855
7743 1444991611.592086 -7.967285 -23.587494 -125.962646 -3.55957 -1.61499 -1.893921
7744 1444991611.602159 -7.845337 -23.54187 -125.638 -3.55957 -1.611328 -1.901245
7745 1444991611.612262 -7.682739 -23.450623 -125.854431 -3.55957 -1.61499 -1.901245
7746 1444991611.622367 -7.845337 -23.496246 -125.529785 -3.561401 -1.608582 -1.893921
7747 1444991611.632427 -7.885986 -23.496246 -125.692108 -3.560486 -1.614075 -1.898804
7748 1444991611.642504 -7.885986 -23.678741 -125.583893 -3.563232 -1.617737 -1.898804
7749 1444991611.652599 -7.764038 -23.678741 -125.638 -3.562317 -1.617737 -1.890259
7750 1444991611.662665 -7.804688 -23.54187 -125.583893 -3.561401 -1.614075 -1.903687
7751 1444991611.672761 -7.845337 -23.450623 -125.583893 -3.558655 -1.608582 -1.893311
7752 1444991611.682824 -7.804688 -23.54187 -126.016754 -3.558655 -1.613159 -1.898804
7753 1444991611.692886 -7.804688 -23.633118 -125.746216 -3.562317 -1.609497 -1.896973
7754 1444991611.702973 -7.804688 -23.450623 -125.962646 -3.556824 -1.609497 -1.894531
7755 1444991611.713057 -7.723389 -23.450623 -125.529785 -3.555908 -1.610413 -1.896973
7756 1444991611.723140 -7.764038 -23.496246 -126.016754 -3.554077 -1.614075 -1.895752
7757 1444991611.733203 -7.845337 -23.678741 -125.854431 -3.554993 -1.607666 -1.897583
7758 1444991611.743322 -7.682739 -23.587494 -125.962646 -3.557739 -1.61499 -1.893921
7759 1444991611.753381 -7.764038 -23.54187 -125.962646 -3.554993 -1.614075 -1.893311
7760 1444991611.763439 -7.804688 -23.587494 -125.962646 -3.552246 -1.613159 -1.895752
7761 1444991611.773502 -7.885986 -23.587494 -125.692108 -3.561401 -1.60675 -1.895142
7762 1444991611.783541 -7.804688 -23.633118 -125.638 -3.55957 -1.610413 -1.894531
7763 1444991611.793606 -7.804688 -23.496246 -125.746216 -3.55957 -1.617737 -1.893311
7764 1444991611.803671 -7.885986 -23.587494 -125.583893 -3.560486 -1.610413 -1.890869
7765 1444991611.813753 -7.682739 -23.496246 -125.962646 -3.561401 -1.61499 -1.900024
7766 1444991611.823816 -7.885986 -23.496246 -125.746216 -3.561401 -1.613159 -1.891479
7767 1444991611.833878 -7.764038 -23.633118 -125.583893 -3.565979 -1.616821 -1.891479
7768 1444991611.843940 -7.804688 -23.54187 -125.529785 -3.558655 -1.611328 -1.89209
7769 1444991611.854006 -7.682739 -23.633118 -125.692108 -3.568726 -1.611328 -1.891479
7770 1444991611.864134 -7.64209 -23.587494 -125.529785 -3.561401 -1.617737 -1.889648
7771 1444991611.874193 -7.682739 -23.587494 -125.529785 -3.562317 -1.61499 -1.8927
7772 1444991611.884260 -7.64209 -23.404999 -125.529785 -3.557739 -1.617737 -1.890259
7773 1444991611.894326 -7.764038 -23.496246 -125.854431 -3.55957 -1.617737 -1.893311
7774 1444991611.904395 -7.764038 -23.404999 -125.692108 -3.551331 -1.610413 -1.895142
7775 1444991611.914496 -7.682739 -23.450623 -125.962646 -3.556824 -1.613159 -1.894531
7776 1444991611.924581 -7.885986 -23.769989 -125.800323 -3.562317 -1.608582 -1.893311
7777 1444991611.934675 -7.64209 -23.496246 -125.854431 -3.554993 -1.609497 -1.894531
7778 1444991611.944747 -7.845337 -23.496246 -125.692108 -3.557739 -1.612244 -1.894531
7779 1444991611.954807 -7.926636 -23.587494 -125.962646 -3.556824 -1.608582 -1.8927
7780 1444991611.964950 -7.682739 -23.633118 -125.746216 -3.561401 -1.609497 -1.895752
7781 1444991611.975014 -7.967285 -23.496246 -125.692108 -3.555908 -1.604004 -1.896362
7782 1444991611.985100 -7.682739 -23.450623 -125.692108 -3.555908 -1.620483 -1.884766
7783 1444991611.995161 -7.845337 -23.587494 -125.962646 -3.560486 -1.611328 -1.898193
7784 1444991612.005256 -7.845337 -23.587494 -125.692108 -3.563232 -1.599426 -1.896362
7785 1444991612.015286 -7.845337 -23.54187 -125.800323 -3.562317 -1.614075 -1.886597
7786 1444991612.025349 -7.804688 -23.450623 -125.746216 -3.554993 -1.604004 -1.906128
7787 1444991612.035411 -7.845337 -23.496246 -125.583893 -3.564148 -1.60675 -1.898804
7788 1444991612.045475 -7.926636 -23.54187 -125.692108 -3.557739 -1.610413 -1.890259
7789 1444991612.055541 -7.926636 -23.450623 -125.529785 -3.556824 -1.601257 -1.894531
7790 1444991612.065618 -7.804688 -23.587494 -125.854431 -3.55957 -1.608582 -1.89209
7791 1444991612.075678 -7.764038 -23.450623 -125.854431 -3.554993 -1.605835 -1.893311
7792 1444991612.085738 -7.804688 -23.633118 -125.692108 -3.55957 -1.612244 -1.89209
7793 1444991612.095802 -7.845337 -23.633118 -125.638 -3.557739 -1.605835 -1.893311
7794 1444991612.105945 -7.845337 -23.54187 -125.908539 -3.554993 -1.609497 -1.889038
7795 1444991612.116001 -7.764038 -23.587494 -125.854431 -3.561401 -1.612244 -1.89209
7796 1444991612.126063 -7.723389 -23.496246 -125.854431 -3.555908 -1.612244 -1.895142
7797 1444991612.136110 -7.845337 -23.633118 -125.692108 -3.55957 -1.609497 -1.889648
7798 1444991612.146166 -7.804688 -23.633118 -125.746216 -3.558655 -1.608582 -1.895752
7799 1444991612.156229 -7.845337 -23.678741 -125.908539 -3.561401 -1.604004 -1.890869
7800 1444991612.166288 -7.926636 -23.587494 -125.800323 -3.560486 -1.605835 -1.895142
7801 1444991612.176360 -7.885986 -23.587494 -125.692108 -3.557739 -1.61499 -1.896973
7802 1444991612.186420 -7.845337 -23.678741 -125.746216 -3.563232 -1.599426 -1.887817
7803 1444991612.196480 -7.845337 -23.54187 -125.42157 -3.554993 -1.608582 -1.89209
7804 1444991612.206556 -7.764038 -23.54187 -125.583893 -3.560486 -1.609497 -1.889648
7805 1444991612.216617 -7.885986 -23.769989 -125.475677 -3.566895 -1.60675 -1.898804
7806 1444991612.226649 -7.764038 -23.404999 -125.313354 -3.556824 -1.609497 -1.888428
7807 1444991612.236710 -7.764038 -23.450623 -125.800323 -3.55957 -1.603088 -1.893921
7808 1444991612.246771 -7.723389 -23.450623 -125.475677 -3.558655 -1.613159 -1.898804
7809 1444991612.256835 -7.682739 -23.404999 -125.908539 -3.554993 -1.609497 -1.887817
7810 1444991612.266906 -7.682739 -23.587494 -125.692108 -3.555908 -1.60675 -1.893921
7811 1444991612.277038 -7.804688 -23.587494 -125.908539 -3.563232 -1.611328 -1.898804
7812 1444991612.287103 -7.764038 -23.587494 -125.746216 -3.555908 -1.608582 -1.887207
7813 1444991612.297165 -7.804688 -23.54187 -125.800323 -3.555908 -1.607666 -1.895752
7814 1444991612.307248 -7.764038 -23.587494 -125.908539 -3.556824 -1.60675 -1.89209
7815 1444991612.317298 -7.723389 -23.633118 -126.179077 -3.556824 -1.609497 -1.893921
7816 1444991612.327381 -7.764038 -23.450623 -125.638 -3.554077 -1.611328 -1.895142
7817 1444991612.337440 -7.926636 -23.54187 -125.800323 -3.560486 -1.603088 -1.896973
7818 1444991612.347504 -7.764038 -23.404999 -125.692108 -3.554993 -1.614075 -1.889038
7819 1444991612.357567 -7.804688 -23.587494 -125.854431 -3.55957 -1.609497 -1.895752
7820 1444991612.367630 -7.64209 -23.496246 -125.638 -3.562317 -1.609497 -1.890869
7821 1444991612.377728 -7.764038 -23.54187 -125.638 -3.562317 -1.614075 -1.893921
7822 1444991612.387790 -7.723389 -23.54187 -125.800323 -3.563232 -1.608582 -1.89209
7823 1444991612.397857 -7.926636 -23.587494 -125.746216 -3.561401 -1.607666 -1.896362
7824 1444991612.407911 -7.764038 -23.496246 -125.908539 -3.557739 -1.617737 -1.888428
7825 1444991612.417972 -7.723389 -23.587494 -125.692108 -3.561401 -1.610413 -1.887817
7826 1444991612.428035 -7.764038 -23.450623 -125.583893 -3.557739 -1.612244 -1.901245
7827 1444991612.438069 -7.804688 -23.54187 -125.529785 -3.561401 -1.613159 -1.887817
7828 1444991612.448136 -7.764038 -23.54187 -125.854431 -3.557739 -1.604004 -1.895752
7829 1444991612.458198 -7.926636 -23.678741 -125.854431 -3.562317 -1.603088 -1.901245
7830 1444991612.468261 -7.804688 -23.54187 -125.962646 -3.557739 -1.607666 -1.889038
7831 1444991612.478323 -7.885986 -23.633118 -125.908539 -3.554993 -1.602173 -1.903687
7832 1444991612.488358 -7.64209 -23.496246 -126.070862 -3.551331 -1.613159 -1.895142
7833 1444991612.498397 -7.764038 -23.54187 -125.800323 -3.555908 -1.607666 -1.8927
7834 1444991612.508459 -7.764038 -23.359375 -125.638 -3.555908 -1.597595 -1.893311
7835 1444991612.518517 -8.007935 -23.587494 -125.962646 -3.555908 -1.609497 -1.896362
7836 1444991612.528584 -7.845337 -23.54187 -125.854431 -3.560486 -1.610413 -1.885376
7837 1444991612.538650 -7.723389 -23.54187 -125.692108 -3.556824 -1.60675 -1.895142
7838 1444991612.548710 -7.845337 -23.633118 -125.583893 -3.563232 -1.60675 -1.893921
7839 1444991612.558734 -7.804688 -23.633118 -125.854431 -3.563232 -1.610413 -1.889648
7840 1444991612.568796 -7.845337 -23.54187 -125.529785 -3.562317 -1.601257 -1.897583
7841 1444991612.578844 -7.845337 -23.450623 -125.583893 -3.55957 -1.609497 -1.885376
7842 1444991612.588916 -8.048584 -23.633118 -125.475677 -3.562317 -1.598511 -1.895752
7843 1444991612.598979 -7.845337 -23.54187 -125.529785 -3.560486 -1.607666 -1.889648
7844 1444991612.609040 -7.845337 -23.496246 -125.746216 -3.557739 -1.600342 -1.896973
7845 1444991612.619101 -7.885986 -23.54187 -125.746216 -3.558655 -1.609497 -1.8927
7846 1444991612.629164 -7.764038 -23.587494 -125.800323 -3.55957 -1.611328 -1.89209
7847 1444991612.639227 -7.723389 -23.54187 -126.016754 -3.558655 -1.604004 -1.895142
7848 1444991612.649288 -7.967285 -23.587494 -125.638 -3.55957 -1.610413 -1.894531
7849 1444991612.659353 -7.723389 -23.587494 -125.962646 -3.557739 -1.60675 -1.890259
7850 1444991612.669401 -7.682739 -23.54187 -125.962646 -3.558655 -1.611328 -1.8927
7851 1444991612.679463 -7.845337 -23.359375 -125.800323 -3.553162 -1.608582 -1.896362
7852 1444991612.689525 -7.723389 -23.587494 -125.962646 -3.560486 -1.610413 -1.884155
7853 1444991612.699587 -7.804688 -23.633118 -125.529785 -3.557739 -1.607666 -1.893921
7854 1444991612.709663 -7.723389 -23.404999 -125.854431 -3.558655 -1.604919 -1.897583
7855 1444991612.719724 -7.885986 -23.587494 -126.179077 -3.562317 -1.607666 -1.890869
7856 1444991612.729793 -7.804688 -23.587494 -125.854431 -3.553162 -1.608582 -1.894531
7857 1444991612.739859 -7.764038 -23.54187 -125.800323 -3.558655 -1.600342 -1.894531
7858 1444991612.749902 -7.682739 -23.450623 -125.800323 -3.555908 -1.614075 -1.887207
7859 1444991612.760007 -7.845337 -23.633118 -125.529785 -3.563232 -1.611328 -1.895142
7860 1444991612.770140 -7.682739 -23.496246 -125.854431 -3.55957 -1.607666 -1.883545
7861 1444991612.780253 -7.804688 -23.496246 -125.638 -3.565063 -1.609497 -1.89209
7862 1444991612.790349 -7.682739 -23.496246 -125.800323 -3.562317 -1.613159 -1.894531
7863 1444991612.800487 -7.804688 -23.54187 -125.475677 -3.55957 -1.610413 -1.889648
7864 1444991612.810548 -7.885986 -23.587494 -125.583893 -3.561401 -1.608582 -1.89209
7865 1444991612.820778 -7.845337 -23.450623 -125.692108 -3.558655 -1.605835 -1.889648
7866 1444991612.830841 -7.845337 -23.587494 -125.692108 -3.553162 -1.609497 -1.889038
7867 1444991612.840932 -7.682739 -23.633118 -125.692108 -3.561401 -1.612244 -1.871338
7868 1444991612.851104 -7.804688 -23.587494 -125.475677 -3.557739 -1.615906 -1.876831
7869 1444991612.861212 -7.723389 -23.633118 -125.475677 -3.555908 -1.605835 -1.890869
7870 1444991612.871308 -7.682739 -23.54187 -125.638 -3.575134 -1.610413 -1.885376
7871 1444991612.881374 -7.723389 -23.450623 -125.692108 -3.570557 -1.613159 -1.890869
7872 1444991612.891437 -7.804688 -23.450623 -125.529785 -3.563232 -1.601257 -1.898193
7873 1444991612.901499 -7.723389 -23.633118 -125.692108 -3.570557 -1.604004 -1.901855
7874 1444991612.911574 -7.804688 -23.450623 -125.908539 -3.548584 -1.602173 -1.905518
7875 1444991612.921636 -7.764038 -23.450623 -125.962646 -3.547668 -1.602173 -1.906128
7876 1444991612.931749 -7.723389 -23.54187 -125.908539 -3.544006 -1.604919 -1.897583
7877 1444991612.941814 -7.804688 -23.54187 -126.016754 -3.539429 -1.601257 -1.902466
7878 1444991612.951876 -7.723389 -23.633118 -125.908539 -3.540344 -1.603088 -1.906738
7879 1444991612.961909 -7.682739 -23.587494 -125.638 -3.545837 -1.610413 -1.896362
7880 1444991612.971971 -7.804688 -23.587494 -125.638 -3.557739 -1.601257 -1.900635
7881 1444991612.982037 -7.64209 -23.450623 -125.367462 -3.565979 -1.609497 -1.891479
7882 1444991612.992104 -7.723389 -23.450623 -125.259247 -3.571472 -1.60675 -1.889038
7883 1444991613.002165 -7.885986 -23.404999 -125.259247 -3.576965 -1.605835 -1.890869
7884 1444991613.012227 -7.885986 -23.633118 -125.475677 -3.582458 -1.609497 -1.884766
7885 1444991613.022289 -7.845337 -23.633118 -125.313354 -3.575134 -1.608582 -1.889648
7886 1444991613.032354 -7.723389 -23.496246 -125.529785 -3.565979 -1.610413 -1.872559
7887 1444991613.042376 -7.764038 -23.633118 -125.800323 -3.565063 -1.612244 -1.87561
7888 1444991613.052456 -7.804688 -23.633118 -125.529785 -3.555908 -1.610413 -1.881714
7889 1444991613.062546 -7.64209 -23.678741 -126.070862 -3.552246 -1.608582 -1.879883
7890 1444991613.072607 -7.804688 -23.633118 -126.016754 -3.550415 -1.611328 -1.885986
7891 1444991613.082669 -7.845337 -23.404999 -125.962646 -3.550415 -1.595764 -1.897583
7892 1444991613.092732 -7.764038 -23.587494 -125.908539 -3.556824 -1.604004 -1.891479
7893 1444991613.102795 -7.764038 -23.587494 -125.800323 -3.556824 -1.595764 -1.904297
7894 1444991613.112902 -7.723389 -23.54187 -125.962646 -3.553162 -1.597595 -1.901245
7895 1444991613.122904 -7.560791 -23.450623 -125.746216 -3.557739 -1.604919 -1.895752
7896 1444991613.132969 -7.804688 -23.633118 -125.908539 -3.551331 -1.595764 -1.907959
7897 1444991613.143032 -7.723389 -23.450623 -125.908539 -3.5495 -1.600342 -1.891479
7898 1444991613.153201 -7.764038 -23.587494 -125.529785 -3.550415 -1.607666 -1.896362
7899 1444991613.163352 -7.885986 -23.54187 -125.638 -3.553162 -1.600342 -1.895752
7900 1444991613.173326 -7.764038 -23.587494 -125.42157 -3.558655 -1.604919 -1.882935
7901 1444991613.183353 -7.885986 -23.496246 -124.826385 -3.566895 -1.60675 -1.894531
7902 1444991613.193414 -7.560791 -23.496246 -125.313354 -3.572388 -1.61499 -1.884766
7903 1444991613.203514 -7.845337 -23.54187 -124.988708 -3.58429 -1.601257 -1.889648
7904 1444991613.213540 -7.764038 -23.268127 -125.259247 -3.568726 -1.608582 -1.884766
7905 1444991613.223604 -7.926636 -23.724365 -125.475677 -3.581543 -1.604919 -1.883545
7906 1444991613.233675 -7.723389 -23.496246 -125.692108 -3.560486 -1.60675 -1.884155
7907 1444991613.243737 -7.60144 -23.496246 -125.692108 -3.558655 -1.609497 -1.879272
7908 1444991613.253805 -7.804688 -23.496246 -126.124969 -3.544922 -1.600342 -1.887207
7909 1444991613.263869 -7.885986 -23.633118 -126.070862 -3.544922 -1.604004 -1.880493
7910 1444991613.273932 -7.682739 -23.678741 -126.233185 -3.545837 -1.604919 -1.887207
7911 1444991613.283993 -7.682739 -23.54187 -126.070862 -3.544922 -1.604004 -1.8927
7912 1444991613.294053 -7.682739 -23.54187 -126.179077 -3.546753 -1.601257 -1.896973
7913 1444991613.304121 -7.723389 -23.496246 -125.854431 -3.554077 -1.604004 -1.897583
7914 1444991613.314211 -7.723389 -23.54187 -125.908539 -3.555908 -1.600342 -1.901245
7915 1444991613.324273 -7.723389 -23.359375 -125.638 -3.557739 -1.599426 -1.906738
7916 1444991613.334336 -7.764038 -23.54187 -125.638 -3.565979 -1.602173 -1.898193
7917 1444991613.344399 -7.723389 -23.54187 -125.583893 -3.563232 -1.600342 -1.896362
7918 1444991613.354477 -7.845337 -23.587494 -125.638 -3.563232 -1.601257 -1.895142
7919 1444991613.364561 -7.804688 -23.54187 -125.313354 -3.55957 -1.607666 -1.890869
7920 1444991613.374645 -7.764038 -23.404999 -125.367462 -3.557739 -1.601257 -1.887207
7921 1444991613.384690 -7.804688 -23.496246 -125.367462 -3.562317 -1.607666 -1.882324
7922 1444991613.394752 -7.804688 -23.496246 -125.42157 -3.564148 -1.60675 -1.889038
7923 1444991613.404876 -7.764038 -23.54187 -125.583893 -3.568726 -1.607666 -1.887817
7924 1444991613.414939 -7.885986 -23.450623 -125.475677 -3.575134 -1.602173 -1.889648
7925 1444991613.425002 -7.804688 -23.633118 -125.583893 -3.569641 -1.602173 -1.8927
7926 1444991613.435063 -7.723389 -23.496246 -125.800323 -3.564148 -1.604919 -1.883545
7927 1444991613.445125 -7.764038 -23.496246 -126.070862 -3.557739 -1.607666 -1.893311
7928 1444991613.455187 -7.723389 -23.633118 -126.124969 -3.555908 -1.604004 -1.880493
7929 1444991613.465281 -7.60144 -23.587494 -126.287292 -3.544006 -1.601257 -1.886597
7930 1444991613.475344 -7.804688 -23.678741 -126.287292 -3.546753 -1.597595 -1.888428
7931 1444991613.485437 -7.885986 -23.769989 -126.449615 -3.5495 -1.602173 -1.8927
7932 1444991613.495499 -7.560791 -23.496246 -126.233185 -3.543091 -1.608582 -1.888428
7933 1444991613.505578 -7.682739 -23.633118 -125.908539 -3.554077 -1.599426 -1.897583
7934 1444991613.515641 -7.845337 -23.587494 -125.962646 -3.55957 -1.602173 -1.900024
7935 1444991613.525699 -7.764038 -23.633118 -125.692108 -3.558655 -1.603088 -1.902466
7936 1444991613.535762 -7.723389 -23.404999 -125.42157 -3.564148 -1.601257 -1.895142
7937 1444991613.545822 -7.885986 -23.54187 -125.475677 -3.572388 -1.600342 -1.895142
7938 1444991613.555888 -7.804688 -23.496246 -125.205139 -3.571472 -1.608582 -1.893311
7939 1444991613.565952 -7.723389 -23.678741 -125.42157 -3.571472 -1.603088 -1.887207
7940 1444991613.576013 -7.804688 -23.54187 -125.583893 -3.564148 -1.600342 -1.889038
7941 1444991613.586082 -7.804688 -23.54187 -125.096924 -3.561401 -1.603088 -1.884155
7942 1444991613.596145 -7.764038 -23.633118 -125.529785 -3.564148 -1.608582 -1.887207
7943 1444991613.606205 -7.804688 -23.587494 -125.746216 -3.560486 -1.605835 -1.890259
7944 1444991613.616327 -7.682739 -23.54187 -125.854431 -3.564148 -1.604004 -1.888428
7945 1444991613.626407 -7.723389 -23.496246 -125.746216 -3.560486 -1.60675 -1.891479
7946 1444991613.636468 -7.764038 -23.496246 -126.179077 -3.558655 -1.598511 -1.890869
7947 1444991613.646530 -7.723389 -23.54187 -126.016754 -3.558655 -1.60675 -1.895142
7948 1444991613.656598 -7.64209 -23.496246 -126.233185 -3.550415 -1.597595 -1.890869
7949 1444991613.666672 -7.723389 -23.587494 -126.233185 -3.547668 -1.597595 -1.890869
7950 1444991613.676735 -7.682739 -23.496246 -125.962646 -3.546753 -1.602173 -1.890259
7951 1444991613.686797 -7.845337 -23.633118 -126.070862 -3.5495 -1.599426 -1.894531
7952 1444991613.696858 -7.64209 -23.54187 -125.800323 -3.555908 -1.601257 -1.885376
7953 1444991613.706921 -7.845337 -23.678741 -125.746216 -3.557739 -1.598511 -1.89209
7954 1444991613.716949 -7.804688 -23.450623 -125.638 -3.554077 -1.595764 -1.89209
7955 1444991613.727009 -7.804688 -23.404999 -125.529785 -3.563232 -1.599426 -1.894531
7956 1444991613.737070 -7.764038 -23.404999 -125.205139 -3.570557 -1.604004 -1.898193
7957 1444991613.747133 -7.804688 -23.450623 -125.259247 -3.573303 -1.602173 -1.890259
7958 1444991613.757196 -7.723389 -23.450623 -125.259247 -3.570557 -1.602173 -1.891479
7959 1444991613.767260 -7.845337 -23.496246 -125.259247 -3.571472 -1.602173 -1.894531
7960 1444991613.777322 -7.764038 -23.587494 -125.42157 -3.568726 -1.59668 -1.890869
7961 1444991613.787382 -7.885986 -23.587494 -125.638 -3.561401 -1.594849 -1.895142
7962 1444991613.797445 -7.885986 -23.54187 -125.692108 -3.557739 -1.597595 -1.886597
7963 1444991613.807504 -7.804688 -23.678741 -126.124969 -3.554077 -1.603088 -1.887207
7964 1444991613.817575 -7.804688 -23.633118 -125.692108 -3.551331 -1.601257 -1.894531
7965 1444991613.827643 -7.682739 -23.54187 -126.3414 -3.554993 -1.602173 -1.884155
7966 1444991613.837705 -7.764038 -23.587494 -125.908539 -3.555908 -1.600342 -1.893311
7967 1444991613.847766 -7.845337 -23.678741 -126.124969 -3.556824 -1.600342 -1.897583
7968 1444991613.857829 -7.764038 -23.54187 -125.962646 -3.555908 -1.601257 -1.885986
7969 1444991613.867889 -7.723389 -23.633118 -125.962646 -3.553162 -1.604004 -1.8927
7970 1444991613.877952 -7.804688 -23.633118 -126.233185 -3.552246 -1.593933 -1.896362
7971 1444991613.888013 -7.723389 -23.587494 -126.070862 -3.548584 -1.605835 -1.887817
7972 1444991613.898075 -7.723389 -23.633118 -125.962646 -3.55957 -1.604919 -1.893921
7973 1444991613.908149 -7.764038 -23.359375 -125.692108 -3.555908 -1.599426 -1.885376
7974 1444991613.918211 -7.764038 -23.496246 -125.638 -3.563232 -1.604919 -1.891479
7975 1444991613.928272 -7.764038 -23.496246 -125.475677 -3.566895 -1.602173 -1.895142
7976 1444991613.938334 -7.682739 -23.404999 -125.259247 -3.569641 -1.608582 -1.889648
7977 1444991613.948396 -7.804688 -23.496246 -125.259247 -3.574219 -1.602173 -1.89209
7978 1444991613.958459 -7.804688 -23.678741 -125.367462 -3.575134 -1.598511 -1.899414
7979 1444991613.968520 -7.804688 -23.450623 -125.42157 -3.568726 -1.604919 -1.8927
7980 1444991613.978581 -7.885986 -23.54187 -125.638 -3.565063 -1.601257 -1.893921
7981 1444991613.988642 -7.804688 -23.54187 -125.638 -3.556824 -1.603088 -1.900635
7982 1444991613.998704 -7.682739 -23.450623 -125.908539 -3.554077 -1.605835 -1.884155
7983 1444991614.008765 -7.723389 -23.54187 -125.908539 -3.550415 -1.601257 -1.893921
7984 1444991614.018815 -7.723389 -23.587494 -126.070862 -3.546753 -1.598511 -1.889038
7985 1444991614.028875 -7.804688 -23.724365 -126.124969 -3.553162 -1.601257 -1.889648
7986 1444991614.038936 -7.64209 -23.496246 -126.124969 -3.5495 -1.608582 -1.889038
7987 1444991614.048998 -7.723389 -23.496246 -126.124969 -3.555908 -1.603088 -1.884766
7988 1444991614.059061 -7.723389 -23.587494 -126.070862 -3.558655 -1.601257 -1.89209
7989 1444991614.069123 -7.845337 -23.54187 -125.908539 -3.558655 -1.604004 -1.889648
7990 1444991614.079190 -7.64209 -23.587494 -125.854431 -3.562317 -1.605835 -1.888428
7991 1444991614.089247 -7.723389 -23.496246 -125.638 -3.561401 -1.605835 -1.887817
7992 1444991614.099337 -7.723389 -23.54187 -125.638 -3.560486 -1.601257 -1.885986
7993 1444991614.109379 -7.845337 -23.54187 -125.800323 -3.560486 -1.604004 -1.89209
7994 1444991614.119471 -7.764038 -23.54187 -125.529785 -3.564148 -1.603088 -1.891479
7995 1444991614.129501 -7.885986 -23.587494 -125.475677 -3.568726 -1.600342 -1.887817
7996 1444991614.139551 -7.682739 -23.404999 -125.42157 -3.565979 -1.604919 -1.889648
7997 1444991614.149620 -7.764038 -23.587494 -125.205139 -3.569641 -1.599426 -1.893921
7998 1444991614.159699 -7.764038 -23.450623 -125.475677 -3.569641 -1.600342 -1.889038
7999 1444991614.169763 -7.845337 -23.404999 -125.529785 -3.566895 -1.604919 -1.8927
8000 1444991614.179839 -7.682739 -23.404999 -125.367462 -3.561401 -1.597595 -1.895142
8001 1444991614.189900 -7.885986 -23.54187 -125.854431 -3.560486 -1.599426 -1.895142
8002 1444991614.199961 -7.804688 -23.54187 -125.908539 -3.55957 -1.601257 -1.894531
8003 1444991614.210044 -7.682739 -23.496246 -125.908539 -3.546753 -1.594849 -1.889648
8004 1444991614.220118 -7.682739 -23.587494 -125.854431 -3.552246 -1.600342 -1.891479
8005 1444991614.230169 -7.682739 -23.678741 -126.124969 -3.550415 -1.603088 -1.890259
8006 1444991614.240254 -7.64209 -23.496246 -125.962646 -3.5495 -1.602173 -1.888428
8007 1444991614.250329 -7.764038 -23.587494 -125.962646 -3.554993 -1.603088 -1.887207
8008 1444991614.260413 -7.723389 -23.496246 -125.908539 -3.554077 -1.603088 -1.887817
8009 1444991614.270477 -7.682739 -23.496246 -125.854431 -3.556824 -1.603088 -1.888428
8010 1444991614.280587 -7.764038 -23.587494 -125.692108 -3.561401 -1.600342 -1.894531
8011 1444991614.290669 -7.764038 -23.54187 -125.638 -3.566895 -1.604004 -1.884766
8012 1444991614.300723 -7.804688 -23.54187 -125.638 -3.561401 -1.600342 -1.890259
8013 1444991614.310769 -7.60144 -23.54187 -125.367462 -3.568726 -1.599426 -1.884766
8014 1444991614.320827 -7.926636 -23.587494 -125.583893 -3.565063 -1.603088 -1.89209
8015 1444991614.330921 -7.804688 -23.450623 -125.529785 -3.564148 -1.602173 -1.896362
8016 1444991614.340963 -7.723389 -23.496246 -125.475677 -3.55957 -1.600342 -1.884155
8017 1444991614.351061 -7.804688 -23.450623 -125.583893 -3.562317 -1.597595 -1.888428
8018 1444991614.361124 -7.804688 -23.633118 -125.475677 -3.564148 -1.600342 -1.896973
8019 1444991614.371230 -7.764038 -23.587494 -125.475677 -3.563232 -1.601257 -1.890869
8020 1444991614.381260 -7.764038 -23.450623 -125.692108 -3.560486 -1.597595 -1.890869
8021 1444991614.391318 -7.764038 -23.587494 -125.800323 -3.55957 -1.602173 -1.901245
8022 1444991614.401510 -7.64209 -23.496246 -126.016754 -3.554993 -1.600342 -1.889648
8023 1444991614.411700 -7.764038 -23.678741 -126.016754 -3.555908 -1.601257 -1.898193
8024 1444991614.421721 -7.764038 -23.678741 -126.179077 -3.555908 -1.602173 -1.891479
8025 1444991614.431785 -7.845337 -23.587494 -125.962646 -3.552246 -1.597595 -1.893311
8026 1444991614.441872 -7.723389 -23.587494 -125.908539 -3.553162 -1.604919 -1.888428
8027 1444991614.451910 -7.682739 -23.450623 -126.070862 -3.5495 -1.600342 -1.891479
8028 1444991614.462000 -7.845337 -23.633118 -125.800323 -3.560486 -1.602173 -1.884766
8029 1444991614.472061 -7.682739 -23.633118 -125.692108 -3.563232 -1.604004 -1.889038
8030 1444991614.482121 -7.764038 -23.587494 -125.583893 -3.565979 -1.598511 -1.887817
8031 1444991614.492185 -7.845337 -23.587494 -125.367462 -3.565979 -1.60675 -1.889648
8032 1444991614.502290 -7.682739 -23.404999 -125.746216 -3.564148 -1.603088 -1.884766
8033 1444991614.512351 -7.64209 -23.450623 -125.313354 -3.565979 -1.607666 -1.89209
8034 1444991614.522394 -7.885986 -23.633118 -125.475677 -3.568726 -1.598511 -1.889648
8035 1444991614.532500 -7.64209 -23.450623 -125.475677 -3.560486 -1.604004 -1.887207
8036 1444991614.542683 -7.885986 -23.404999 -125.42157 -3.55957 -1.603088 -1.889648
8037 1444991614.552754 -7.804688 -23.54187 -125.692108 -3.55957 -1.599426 -1.889648
8038 1444991614.562819 -7.723389 -23.496246 -125.367462 -3.557739 -1.599426 -1.894531
8039 1444991614.572875 -7.804688 -23.496246 -125.746216 -3.554077 -1.599426 -1.893311
8040 1444991614.582916 -7.723389 -23.678741 -125.854431 -3.564148 -1.603088 -1.893921
8041 1444991614.592982 -7.764038 -23.496246 -125.962646 -3.550415 -1.594849 -1.899414
8042 1444991614.603045 -7.764038 -23.633118 -125.962646 -3.556824 -1.601257 -1.893921
8043 1444991614.613126 -7.764038 -23.496246 -125.908539 -3.553162 -1.604004 -1.89209
8044 1444991614.623166 -7.64209 -23.496246 -125.962646 -3.551331 -1.601257 -1.893921
8045 1444991614.633229 -7.682739 -23.633118 -126.070862 -3.558655 -1.603088 -1.886597
8046 1444991614.643294 -7.723389 -23.54187 -126.124969 -3.554993 -1.602173 -1.893311
8047 1444991614.653356 -7.60144 -23.450623 -125.800323 -3.554993 -1.609497 -1.881104
8048 1444991614.663520 -7.885986 -23.724365 -125.854431 -3.562317 -1.59668 -1.893921
8049 1444991614.673495 -7.804688 -23.404999 -125.692108 -3.558655 -1.600342 -1.889648
8050 1444991614.683569 -7.804688 -23.633118 -125.692108 -3.565063 -1.604004 -1.885986
8051 1444991614.693681 -7.682739 -23.450623 -125.42157 -3.562317 -1.604919 -1.888428
8052 1444991614.703766 -7.682739 -23.450623 -125.638 -3.565979 -1.601257 -1.889648
8053 1444991614.713799 -7.845337 -23.54187 -125.475677 -3.566895 -1.603088 -1.886597
8054 1444991614.723880 -7.723389 -23.496246 -125.529785 -3.565979 -1.603088 -1.890259
8055 1444991614.733961 -7.804688 -23.404999 -125.42157 -3.561401 -1.593018 -1.891479
8056 1444991614.744017 -7.682739 -23.54187 -125.746216 -3.562317 -1.60675 -1.894531
8057 1444991614.754194 -7.764038 -23.587494 -125.854431 -3.558655 -1.593933 -1.895142
8058 1444991614.764265 -7.64209 -23.633118 -126.016754 -3.55957 -1.603088 -1.893311
8059 1444991614.774388 -7.885986 -23.496246 -125.692108 -3.552246 -1.597595 -1.897583
8060 1444991614.784795 -7.64209 -23.496246 -125.908539 -3.552246 -1.597595 -1.888428
8061 1444991614.794857 -7.764038 -23.633118 -125.854431 -3.554993 -1.598511 -1.896973
8062 1444991614.804891 -7.682739 -23.404999 -125.962646 -3.553162 -1.604919 -1.893921
8063 1444991614.814975 -7.60144 -23.450623 -125.908539 -3.554993 -1.603088 -1.887817
8064 1444991614.825023 -7.845337 -23.587494 -125.746216 -3.558655 -1.595764 -1.898804
8065 1444991614.835104 -7.845337 -23.587494 -125.854431 -3.556824 -1.600342 -1.882935
8066 1444991614.845157 -7.723389 -23.54187 -125.692108 -3.563232 -1.599426 -1.884155
8067 1444991614.855320 -7.682739 -23.450623 -125.746216 -3.556824 -1.604004 -1.885986
8068 1444991614.865312 -7.804688 -23.587494 -125.746216 -3.563232 -1.604004 -1.877441
8069 1444991614.875516 -7.845337 -23.678741 -125.313354 -3.562317 -1.601257 -1.888428
8070 1444991614.885581 -7.64209 -23.54187 -125.692108 -3.563232 -1.602173 -1.883545
8071 1444991614.895669 -7.845337 -23.633118 -125.475677 -3.565063 -1.602173 -1.887817
8072 1444991614.905732 -7.723389 -23.633118 -125.42157 -3.566895 -1.599426 -1.890869
8073 1444991614.915806 -7.723389 -23.587494 -125.638 -3.55957 -1.594849 -1.889038
8074 1444991614.925869 -7.764038 -23.450623 -125.529785 -3.560486 -1.59668 -1.89209
8075 1444991614.935931 -7.723389 -23.450623 -125.583893 -3.556824 -1.604919 -1.889038
8076 1444991614.945993 -7.804688 -23.496246 -125.529785 -3.558655 -1.599426 -1.898193
8077 1444991614.956100 -7.682739 -23.678741 -125.638 -3.558655 -1.602173 -1.886597
8078 1444991614.966134 -7.723389 -23.633118 -125.800323 -3.555908 -1.598511 -1.898804
8079 1444991614.976197 -7.64209 -23.54187 -125.746216 -3.556824 -1.604919 -1.89209
8080 1444991614.986259 -7.845337 -23.54187 -125.854431 -3.554077 -1.600342 -1.900024
8081 1444991614.996319 -7.845337 -23.678741 -125.692108 -3.557739 -1.594849 -1.89209
8082 1444991615.006384 -7.804688 -23.54187 -125.908539 -3.555908 -1.601257 -1.889648
8083 1444991615.016445 -7.682739 -23.54187 -125.800323 -3.563232 -1.604004 -1.89209
8084 1444991615.026477 -7.804688 -23.633118 -125.529785 -3.566895 -1.605835 -1.885986
8085 1444991615.036540 -7.764038 -23.496246 -125.800323 -3.555908 -1.602173 -1.889038
8086 1444991615.046620 -7.804688 -23.496246 -125.367462 -3.566895 -1.608582 -1.884766
8087 1444991615.056664 -7.885986 -23.587494 -125.583893 -3.564148 -1.602173 -1.887207
8088 1444991615.066744 -7.764038 -23.54187 -125.800323 -3.565063 -1.605835 -1.885986
8089 1444991615.076811 -7.764038 -23.724365 -125.475677 -3.566895 -1.608582 -1.882935
8090 1444991615.086873 -7.723389 -23.496246 -125.854431 -3.558655 -1.600342 -1.890869
8091 1444991615.096958 -7.764038 -23.496246 -125.583893 -3.561401 -1.607666 -1.888428
8092 1444991615.107031 -7.723389 -23.496246 -125.692108 -3.555908 -1.601257 -1.895752
8093 1444991615.117124 -7.64209 -23.587494 -125.746216 -3.561401 -1.602173 -1.89209
8094 1444991615.127329 -7.804688 -23.633118 -125.800323 -3.556824 -1.599426 -1.89209
8095 1444991615.137390 -7.804688 -23.54187 -125.746216 -3.558655 -1.59668 -1.896973
8096 1444991615.147460 -7.723389 -23.54187 -125.800323 -3.557739 -1.602173 -1.89209
8097 1444991615.157523 -7.804688 -23.496246 -125.800323 -3.557739 -1.597595 -1.895752
8098 1444991615.167610 -7.560791 -23.404999 -125.746216 -3.55957 -1.608582 -1.889648
8099 1444991615.177672 -7.845337 -23.496246 -125.854431 -3.554077 -1.597595 -1.894531
8100 1444991615.187734 -7.885986 -23.678741 -125.908539 -3.560486 -1.600342 -1.8927
8101 1444991615.197802 -7.723389 -23.54187 -125.583893 -3.558655 -1.605835 -1.887207
8102 1444991615.207865 -7.764038 -23.633118 -126.016754 -3.563232 -1.600342 -1.889648
8103 1444991615.217928 -7.764038 -23.54187 -125.475677 -3.562317 -1.605835 -1.885986
8104 1444991615.227992 -7.723389 -23.54187 -125.746216 -3.561401 -1.600342 -1.887207
8105 1444991615.238056 -7.764038 -23.678741 -125.529785 -3.568726 -1.604919 -1.882324
8106 1444991615.248130 -7.926636 -23.54187 -125.638 -3.566895 -1.603088 -1.886597
8107 1444991615.258194 -7.682739 -23.496246 -125.638 -3.563232 -1.603088 -1.891479
8108 1444991615.268254 -7.723389 -23.496246 -125.800323 -3.561401 -1.603088 -1.882324
8109 1444991615.278324 -7.845337 -23.54187 -125.367462 -3.563232 -1.598511 -1.886597
8110 1444991615.288367 -7.682739 -23.633118 -125.908539 -3.562317 -1.605835 -1.891479
8111 1444991615.298430 -7.885986 -23.633118 -125.692108 -3.561401 -1.600342 -1.889648
8112 1444991615.308495 -7.804688 -23.450623 -125.746216 -3.555908 -1.595764 -1.896362
8113 1444991615.318601 -7.845337 -23.587494 -126.070862 -3.555908 -1.59668 -1.895142
8114 1444991615.328663 -7.723389 -23.496246 -125.908539 -3.551331 -1.59668 -1.893921
8115 1444991615.338726 -7.682739 -23.496246 -125.962646 -3.556824 -1.597595 -1.896362
8116 1444991615.348790 -7.64209 -23.496246 -125.692108 -3.55957 -1.601257 -1.894531
8117 1444991615.358860 -7.804688 -23.587494 -125.800323 -3.558655 -1.59668 -1.895142
8118 1444991615.368921 -7.804688 -23.496246 -125.800323 -3.557739 -1.599426 -1.898193
